Run started: Sat Sep 27 09:39:42 CEST 2025
Using VDAGGER_ARCH = gnu7_fkfamd_cluster
Running 1x128 MPI processes.

                               xx
                              +##
                               #X
                               Xx
                          X##XxXxxX##x
                           +   Xx  ++
                               ##
                              +##
                              +##
     ++++         ++          +##
   xX+++##+      ####         +##
  Xx    ###      +X##          ##
 xX    X##+        ##          #X
 +    x##X         #x          #X
      ###         +#           x+
     X##+         #+
     ###         Xx                    _______
     ##X       +X+   __________________VDAGGER
     +##x    +xX     2nd quantized variational
       +xxxxx+       ______quantum Monte Carlo

* Running 128 MPI processes.
* Input file: "input.casl"

############# Start of input file dump #############
General:
  Random seed: timer

Plan:
  VMC-optimization:
    Minimum cycles: 7
    Convergence cycles: 3

System:
  Read Hamiltonian: FCIDUMP_loc_benzene
  Read orbitals: LTSC_benzene
  Complex orbitals: F
  Geometry:
    r_5: [ 0.00000000000000, 2.63994739601739 ]
    r_4: [ 2.28626150960564, 1.31997369800870 ]
    r_6: [ 2.28626150960564, -1.31997369800870 ]
    r_2: [ 0.00000000000000, -2.63994739601739 ]
    r_3: [ -2.28626150960564, -1.31997369800870 ]
    r_1: [ -2.28626150960564, 1.31997369800870 ]

VMC:
  nstep: 500000
  nconfig: 50000

Optimization:
  max_niter: 1

Jastrow: wfn.casl

Backflow: wfn.casl

Multideterminants: wfn.casl
############## End of input file dump ##############

General setup:
* Random seed: 1939594026 (from timer)

* Loaded integrals for system with nelec=6, ms2=0, norb=6
* INFO: setting number of electrons from integrals file.
* Analysis of Hamiltonian connecitivity performed:
  - T_ii (local, 1-site): 6 (i) values
  - U_iiii [opp] (local, 1-site): 6 (i) values
  - U_kkii [opp] (local, 2-site): 30 contribs. from 6 (i) values
  - U_kkii [par] (local, 2-site): 15 contribs. from 5 (i) values
  - T_ji (single, 2-site): 30 contribs. from 6 (i) values
  - U_kkji [opp] (single, 2/3-site): 180 contribs. from 30 (i,j) pairs
  - U_kkji [par] (single, 3-site): 150 contribs. from 30 (i,j) pairs
  - U_lkji [opp] (double, 2/3/4-site): 900 contribs. from 30 (i,j) pairs
  - U_lkji [par] (double, 4-site): 170 contribs. from 20 (i,j) pairs
  - Max. no. wfn. ratios in Eloc: 255
* Reading override orbitals from file "LTSC_benzene".
* Site labels:
  +-----+
  |  5  |
  |1   4|
  |3   6|
  |  2  |
  +-----+
* Automatically set Site kinds:
  [ 1, 1, 1, 1, 1, 1 ]
  +-----+
  |  1  |
  |1   1|
  |1   1|
  |  1  |
  +-----+
* Maximum Site kind: 1
* Number of site-pair kinds with Tij=0: 0
* Automatically set Site pair kinds:
  Site 1: [ 0, 4, 1, -5, -1, -2 ]
  Site 2: [ 4, 0, 1, -4, -3, -1 ]
  Site 3: [ 1, 1, 0, -2, -4, -5 ]
  Site 4: [ -5, -4, -2, 0, 1, 1 ]
  Site 5: [ -1, -3, -4, 1, 0, 4 ]
  Site 6: [ -2, -1, -5, 1, 4, 0 ]
  For site 1 of kind 1:
  +--------+
  |   -1   |
  | 0    -5|
  | 1    -2|
  |    4   |
  +--------+
* Maximum (unsigned) Site pair kind: 5
General system setup:
* Number of sites       : 6
* Number of electrons   : 6
* Spin imbalance MS2    : 0
* Filling               : 0.500000
* Number of orbitals in pool: 6
* Using real-valued orbitals
* Using double-precision arithmetic for orbitals

Trial wave function setup:
* Jastrow parameter file: "wfn.casl"
* Multideterminant parameter file: "wfn.casl"
* Backflow parameter file: "wfn.casl"
* Not using wave function manipulation

VMC #1:
* Size of Hilbert space =   4.0000E+02
* Deterministic energy evaluation:
  > Deterministic Etot/t = -230.67594788984107
    - Ttot/t = -10.284632884412080
    - Utot/t = 3.8511768487188656
* Number of equil. steps   = 1000
* Running VMC equilibration.
  Done. [total walltime: 0.11s]
* Equil. acc.ratio (%)     =  22.1798
* Sample config after equilibration:
  +-----+
  |  d  |
  |0   u|
  |2   d|
  |  u  |
  +-----+
* Number of accum. steps   = 500480 x 10
* Running VMC accumulation.
  Done. [total walltime: 7.59s]
* Acceptance ratio (%)     =  22.2277
* Etot/t                   =  -2.306757675016E+02 +/-   1.635578388632E-04
  > Ttot/t                 =  -1.028430975925E+01 +/-   3.739195862126E-04
  > Utot/t                 =   3.851034111917E+00 +/-   2.808569207526E-04
* var[Eloc/t]              =   1.329410416806E-02 +/-   3.495086164494E-04
* Correlation length       =   1.007094853293E+00
* log10 Psi^2 range: -8.1643408588661757 -- -3.0695794353543402
* log10 Pgen range : -8.1643408588661757 -- -3.0695794353543402
* Site occupation (ave. no. electrons per config.):
  > Site_  ___eu____  ___ed____
      1        0.497      0.500
      2        0.497      0.501
      3        0.503      0.501
      4        0.498      0.502
      5        0.502      0.498
      6        0.502      0.499
* Pair-correlation analysis (ave. no. pairs per config.):
  > Shell  nsite  ___dh____  __eueu___  __eued___
      0      1        0          0          0.837
      1      4        0.880      1.418      3.748
      2      4        0.083      0.822      1.181
      3      4        0.040      0.405      0.596
      4      4        0.157      2.236      1.761
      5      4        0.083      1.119      0.877

Optimization #1:
* Method          : lls
* Target function : energy
* No. of configs. : 50048
* No. of params.  : 39
* Before optimization:
  -7.7814E-01   3.7993E-01  -4.0004E-02  -3.7072E-02   7.3250E-02   7.3064E-02
  -2.3909E-01  -2.4749E-01   6.5376E-03   4.1963E-02   4.7370E-03   3.9250E-02
   6.8472E-05   1.0732E-04  -1.6347E-01  -1.6347E-01   1.0802E-01   8.5008E-02
   6.3839E-01  -1.5413E-02  -3.6816E-02  -3.7436E-02  -4.7667E-02  -4.7778E-02
  -4.3350E-03  -1.6268E-02  -1.5322E-02  -2.4658E-02  -2.5230E-02   1.6536E-01
   1.5966E-01   1.5903E-01   8.8721E-02   8.9744E-02   7.2507E-02   1.6322E-01
   1.6366E-01   1.1279E-01   1.1265E-01
  > E    =  -2.306763991236E+02 +/-   4.907879140508E-04
  > varE =   1.205520072219E-02
* Computing derivatives.
  Done. [total walltime: 17.9s]
* Optimizing manipulation constant:
  #igrid a___________ E____________________________________ varE____________
     1     Infinity    -2.30676399E+02 +/-   4.90787914E-04   1.20552007E-02
     2     1.0000E+06  -2.30676399E+02 +/-   4.90787644E-04   1.20551875E-02
     3     2.1544E+05  -2.30676399E+02 +/-   4.90786662E-04   1.20551392E-02
     4     4.6416E+04  -2.30676400E+02 +/-   4.90782104E-04   1.20549153E-02
     5     1.0000E+04  -2.30676402E+02 +/-   4.90760945E-04   1.20538759E-02
     6     2.1544E+03  -2.30676410E+02 +/-   4.90662744E-04   1.20490524E-02
     7     4.6416E+02  -2.30676452E+02 +/-   4.90207137E-04   1.20266864E-02
     8     1.0000E+02  -2.30676643E+02 +/-   4.88096671E-04   1.19233535E-02
     9     2.1544E+01  -2.30677517E+02 +/-   4.78386024E-04   1.14536444E-02
    10     4.6416E+00  -2.30681304E+02 +/-   4.34794360E-04   9.46138099E-03
    11     1.0000E+00  -2.30693284E+02 +/-   2.63656845E-04   3.47908331E-03
    12     2.1544E-01  -2.30696656E+02 +/-   2.51444843E-04   3.16426024E-03
    13     4.6416E-02  -2.30677772E+02 +/-   5.28322938E-04   1.39696543E-02
    14     1.0000E-02  -2.30668285E+02 +/-   6.14501627E-04   1.88987379E-02
    15     2.1544E-03  -2.30665808E+02 +/-   6.34474922E-04   2.01472442E-02
    16     4.6416E-04  -2.30665251E+02 +/-   6.38845296E-04   2.04257555E-02
    17     1.0000E-04  -2.30665130E+02 +/-   6.39790008E-04   2.04862106E-02
    18     2.1544E-05  -2.30665104E+02 +/-   6.39993687E-04   2.04992564E-02
    19     4.6416E-06  -2.30665099E+02 +/-   6.40037574E-04   2.05020679E-02
    20     1.0000E-06  -2.30665097E+02 +/-   6.40047030E-04   2.05026737E-02
    21     0.0000E+00  -2.30665097E+02 +/-   6.40049627E-04   2.05028401E-02
  ParMin   3.7016E-01  -2.30699429E+02 +/-   1.46301381E-04   1.07123209E-03
  # Using parabolic minimum
* Iteration # 1: E =  -2.306994293795E+02 +/-   1.463013805433E-04
* Reached maximum number of iterations: exiting.
* After optimization:
  -6.2407E-01   3.9296E-01  -5.3967E-02  -4.0650E-02   7.3338E-02   6.7981E-02
  -2.6800E-01  -2.1620E-01   3.1685E-02   7.0919E-03   3.5001E-02  -9.7062E-03
  -1.8592E-03  -8.0079E-03  -1.6296E-02  -2.9458E-02   1.8227E-02  -5.4403E-02
   6.9440E-01   9.6313E-02   1.5595E-02   2.4161E-02  -9.2235E-02  -9.2465E-02
   1.9364E-02  -5.6934E-02  -5.6794E-02  -8.3210E-03  -1.0909E-02   2.8854E-01
   1.4846E-01   1.5144E-01  -2.3008E-02  -1.8584E-02   1.0493E-01   6.6818E-02
   6.4155E-02   1.0088E-01   9.8023E-02
  > Energy =  -2.306994293795E+02 +/-   1.463013805433E-04
  > varE =   1.071232093953E-03

VMC #2:
* Size of Hilbert space =   4.0000E+02
* Deterministic energy evaluation:
  > Deterministic Etot/t = -230.69875331538941
    - Ttot/t = -10.358884228394242
    - Utot/t = 3.9026227671527214
* Number of equil. steps   = 1000
* Running VMC equilibration.
  Done. [total walltime: 0.06s]
* Equil. acc.ratio (%)     =  28.6953
* Sample config after equilibration:
  +-----+
  |  2  |
  |0   u|
  |d   d|
  |  u  |
  +-----+
* Number of accum. steps   = 500480 x 10
* Running VMC accumulation.
  Done. [total walltime: 7.01s]
* Acceptance ratio (%)     =  28.7098
* Etot/t                   =  -2.306988188098E+02 +/-   4.895717219102E-05
  > Ttot/t                 =  -1.035898071612E+01 +/-   3.021617758724E-04
  > Utot/t                 =   3.902653760475E+00 +/-   2.942279005773E-04
* var[Eloc/t]              =   1.201399629782E-03 +/-   6.549386271382E-06
* Correlation length       =   9.984627853997E-01
* log10 Psi^2 range: -7.3558289309026854 -- -3.7006363367181612
* log10 Pgen range : -7.3558289309026854 -- -3.7006363367181612
* Site occupation (ave. no. electrons per config.):
  > Site_  ___eu____  ___ed____
      1        0.499      0.500
      2        0.501      0.497
      3        0.501      0.503
      4        0.502      0.496
      5        0.497      0.503
      6        0.500      0.501
* Pair-correlation analysis (ave. no. pairs per config.):
  > Shell  nsite  ___dh____  __eueu___  __eued___
      0      1        0          0          1.008
      1      4        1.008      1.547      3.513
      2      4        0.139      0.858      1.102
      3      4        0.066      0.426      0.553
      4      4        0.233      2.111      1.878
      5      4        0.115      1.058      0.945

Optimization #2:
* Method          : lls
* Target function : energy
* No. of configs. : 50048
* No. of params.  : 39
* Before optimization:
  -6.2407E-01   3.9296E-01  -5.3967E-02  -4.0650E-02   7.3338E-02   6.7981E-02
  -2.6800E-01  -2.1620E-01   3.1685E-02   7.0919E-03   3.5001E-02  -9.7062E-03
  -1.8592E-03  -8.0079E-03  -1.6296E-02  -2.9458E-02   1.8227E-02  -5.4403E-02
   6.9440E-01   9.6313E-02   1.5595E-02   2.4161E-02  -9.2235E-02  -9.2465E-02
   1.9364E-02  -5.6934E-02  -5.6794E-02  -8.3210E-03  -1.0909E-02   2.8854E-01
   1.4846E-01   1.5144E-01  -2.3008E-02  -1.8584E-02   1.0493E-01   6.6818E-02
   6.4155E-02   1.0088E-01   9.8023E-02
  > E    =  -2.306988410876E+02 +/-   1.535558277140E-04
  > varE =   1.180101422074E-03
* Computing derivatives.
  Done. [total walltime: 18.1s]
* Optimizing manipulation constant:
  #igrid a___________ E____________________________________ varE____________
     1     Infinity    -2.30698841E+02 +/-   1.53555828E-04   1.18010142E-03
     2     1.0000E+06  -2.30698841E+02 +/-   1.53555666E-04   1.18009894E-03
     3     2.1544E+05  -2.30698841E+02 +/-   1.53555134E-04   1.18009075E-03
     4     4.6416E+04  -2.30698841E+02 +/-   1.53553803E-04   1.18007030E-03
     5     1.0000E+04  -2.30698841E+02 +/-   1.53572134E-04   1.18035207E-03
     6     2.1544E+03  -2.30698827E+02 +/-   1.54191667E-04   1.18989471E-03
     7     4.6416E+02  -2.30698396E+02 +/-   1.73916359E-04   1.51379686E-03
     8     1.0000E+02  -2.30655802E+02 +/-   8.17860959E-04   3.34769344E-02
     9     2.1544E+01  -2.30051894E+02 +/-   2.54125336E-03   3.23208415E-01
    10     4.6416E+00  -2.30006014E+02 +/-   2.57699016E-03   3.32362676E-01
    11     1.0000E+00  -2.30005984E+02 +/-   2.57830090E-03   3.32700863E-01
    12     2.1544E-01  -2.30006188E+02 +/-   9.43021283E-06   4.45071429E-06
    13     4.6416E-02  -2.30010397E+02 +/-   8.37312349E-04   3.50882509E-02
    14     1.0000E-02  -2.30015016E+02 +/-   2.24312843E-03   2.51822775E-01
    15     2.1544E-03  -2.30016190E+02 +/-   2.19431554E-03   2.40982156E-01
    16     4.6416E-04  -2.30016447E+02 +/-   2.18349081E-03   2.38610452E-01
    17     1.0000E-04  -2.30016502E+02 +/-   2.18114631E-03   2.38098317E-01
    18     2.1544E-05  -2.30016514E+02 +/-   2.18064065E-03   2.37987932E-01
    19     4.6416E-06  -2.30016517E+02 +/-   2.18053169E-03   2.37964148E-01
    20     1.0000E-06  -2.30016518E+02 +/-   2.18050821E-03   2.37959024E-01
    21     0.0000E+00  -2.30016518E+02 +/-   2.18050176E-03   2.37957617E-01
* Iteration # 1: E =  -2.306988411061E+02 +/-   1.535538030780E-04
* Reached maximum number of iterations: exiting.
* After optimization:
  -6.2714E-01   3.9296E-01  -5.3966E-02  -4.0649E-02   7.3337E-02   6.7981E-02
  -2.6799E-01  -2.1620E-01   3.1684E-02   7.0914E-03   3.5000E-02  -9.7068E-03
  -1.8588E-03  -8.0081E-03  -1.6296E-02  -2.9458E-02   1.8228E-02  -5.4401E-02
   6.9547E-01   9.6461E-02   1.5619E-02   2.4198E-02  -9.2376E-02  -9.2606E-02
   1.9394E-02  -5.7020E-02  -5.6880E-02  -8.3333E-03  -1.0925E-02   2.8854E-01
   1.4845E-01   1.5144E-01  -2.3007E-02  -1.8583E-02   1.0493E-01   6.6817E-02
   6.4155E-02   1.0088E-01   9.8022E-02
  > Energy =  -2.306988411061E+02 +/-   1.535538030780E-04
  > varE =   1.180070302967E-03

VMC #3:
* Size of Hilbert space =   4.0000E+02
* Deterministic energy evaluation:
  > Deterministic Etot/t = -230.69875333313524
    - Ttot/t = -10.358883589294241
    - Utot/t = 3.9026221103069041
* Number of equil. steps   = 1000
* Running VMC equilibration.
  Done. [total walltime: 0.06s]
* Equil. acc.ratio (%)     =  28.8048
* Sample config after equilibration:
  +-----+
  |  u  |
  |d   d|
  |u   u|
  |  d  |
  +-----+
* Number of accum. steps   = 500480 x 10
* Running VMC accumulation.
  Done. [total walltime: 7.00s]
* Acceptance ratio (%)     =  28.7696
* Etot/t                   =  -2.306988666620E+02 +/-   4.896242753974E-05
  > Ttot/t                 =  -1.035860534154E+01 +/-   3.069847919465E-04
  > Utot/t                 =   3.902230533665E+00 +/-   2.982132565604E-04
* var[Eloc/t]              =   1.206666633915E-03 +/-   7.007485710863E-06
* Correlation length       =   9.943180119838E-01
* log10 Psi^2 range: -7.3558474730264551 -- -3.7006348993505354
* log10 Pgen range : -7.3558474730264551 -- -3.7006348993505354
* Site occupation (ave. no. electrons per config.):
  > Site_  ___eu____  ___ed____
      1        0.501      0.498
      2        0.500      0.503
      3        0.496      0.501
      4        0.500      0.500
      5        0.501      0.500
      6        0.502      0.497
* Pair-correlation analysis (ave. no. pairs per config.):
  > Shell  nsite  ___dh____  __eueu___  __eued___
      0      1        0          0          1.005
      1      4        1.003      1.548      3.518
      2      4        0.138      0.856      1.096
      3      4        0.069      0.430      0.555
      4      4        0.235      2.113      1.883
      5      4        0.115      1.053      0.943

Optimization #3:
* Method          : lls
* Target function : energy
* No. of configs. : 50048
* No. of params.  : 39
* Before optimization:
  -6.2714E-01   3.9296E-01  -5.3966E-02  -4.0649E-02   7.3337E-02   6.7981E-02
  -2.6799E-01  -2.1620E-01   3.1684E-02   7.0914E-03   3.5000E-02  -9.7068E-03
  -1.8588E-03  -8.0081E-03  -1.6296E-02  -2.9458E-02   1.8228E-02  -5.4401E-02
   6.9547E-01   9.6461E-02   1.5619E-02   2.4198E-02  -9.2376E-02  -9.2606E-02
   1.9394E-02  -5.7020E-02  -5.6880E-02  -8.3333E-03  -1.0925E-02   2.8854E-01
   1.4845E-01   1.5144E-01  -2.3007E-02  -1.8583E-02   1.0493E-01   6.6817E-02
   6.4155E-02   1.0088E-01   9.8022E-02
  > E    =  -2.306988134556E+02 +/-   1.572449847229E-04
  > varE =   1.237486108316E-03
* Computing derivatives.
  Done. [total walltime: 18.1s]
* Optimizing manipulation constant:
  #igrid a___________ E____________________________________ varE____________
     1     Infinity    -2.30698813E+02 +/-   1.57244985E-04   1.23748611E-03
     2     1.0000E+06  -2.30698813E+02 +/-   1.57244813E-04   1.23748340E-03
     3     2.1544E+05  -2.30698813E+02 +/-   1.57244187E-04   1.23747354E-03
     4     4.6416E+04  -2.30698814E+02 +/-   1.57241292E-04   1.23742799E-03
     5     1.0000E+04  -2.30698814E+02 +/-   1.57228109E-04   1.23722050E-03
     6     2.1544E+03  -2.30698814E+02 +/-   1.57172357E-04   1.23634324E-03
     7     4.6416E+02  -2.30698815E+02 +/-   1.57033569E-04   1.23416075E-03
     8     1.0000E+02  -2.30698735E+02 +/-   1.59697485E-04   1.27638850E-03
     9     2.1544E+01  -2.30686469E+02 +/-   4.51367457E-04   1.01964082E-02
    10     4.6416E+00  -2.29339505E+02 +/-   2.71042281E-03   3.67672216E-01
    11     1.0000E+00  -2.30031575E+02 +/-   3.81018682E-05   7.26573021E-05
    12     2.1544E-01  -2.30006045E+02 +/-   2.55110617E-03   3.25719524E-01
    13     4.6416E-02  -2.30013250E+02 +/-   2.54538628E-03   3.24260556E-01
    14     1.0000E-02  -2.30073419E+02 +/-   2.49323279E-03   3.11108866E-01
    15     2.1544E-03  -2.30140966E+02 +/-   2.41868017E-03   2.92781489E-01
    16     4.6416E-04  -2.30164718E+02 +/-   2.38805074E-03   2.85413050E-01
    17     1.0000E-04  -2.30170445E+02 +/-   2.38030285E-03   2.83564044E-01
    18     2.1544E-05  -2.30171709E+02 +/-   2.37857291E-03   2.83152020E-01
    19     4.6416E-06  -2.30171983E+02 +/-   2.37819731E-03   2.83062601E-01
    20     1.0000E-06  -2.30172042E+02 +/-   2.37811625E-03   2.83043306E-01
    21     0.0000E+00  -2.30172058E+02 +/-   2.37809398E-03   2.83038006E-01
  ParMin   9.8936E+02  -2.30698815E+02 +/-   1.57105632E-04   1.23529373E-03
  # Using parabolic minimum
* Iteration # 1: E =  -2.306988149867E+02 +/-   1.571056324720E-04
* Reached maximum number of iterations: exiting.
* After optimization:
  -6.1201E-01   3.9282E-01  -5.3899E-02  -4.0597E-02   7.3300E-02   6.7947E-02
  -2.6787E-01  -2.1618E-01   3.1614E-02   7.0759E-03   3.4951E-02  -9.7251E-03
  -1.8399E-03  -8.0166E-03  -1.6316E-02  -2.9459E-02   1.8239E-02  -5.4322E-02
   6.9024E-01   9.5738E-02   1.5499E-02   2.4003E-02  -9.1610E-02  -9.1837E-02
   1.9272E-02  -5.6522E-02  -5.6381E-02  -8.2530E-03  -1.0826E-02   2.8850E-01
   1.4833E-01   1.5132E-01  -2.2962E-02  -1.8540E-02   1.0498E-01   6.6787E-02
   6.4134E-02   1.0082E-01   9.7966E-02
  > Energy =  -2.306988149867E+02 +/-   1.571056324720E-04
  > varE =   1.235293732350E-03

VMC #4:
* Size of Hilbert space =   4.0000E+02
* Deterministic energy evaluation:
  > Deterministic Etot/t = -230.69875494609357
    - Ttot/t = -10.358870095825839
    - Utot/t = 3.9026070038801253
* Number of equil. steps   = 1000
* Running VMC equilibration.
  Done. [total walltime: 0.06s]
* Equil. acc.ratio (%)     =  28.4704
* Sample config after equilibration:
  +-----+
  |  d  |
  |u   d|
  |2   0|
  |  u  |
  +-----+
* Number of accum. steps   = 500480 x 10
* Running VMC accumulation.
  Done. [total walltime: 6.85s]
* Acceptance ratio (%)     =  28.4137
* Etot/t                   =  -2.306987903773E+02 +/-   4.881354391764E-05
  > Ttot/t                 =  -1.035948339527E+01 +/-   2.977582466565E-04
  > Utot/t                 =   3.903184872200E+00 +/-   2.883872675805E-04
* var[Eloc/t]              =   1.195485407266E-03 +/-   6.188148725450E-06
* Correlation length       =   9.975234774474E-01
* log10 Psi^2 range: -7.3567910455471388 -- -3.7008349309475319
* log10 Pgen range : -7.3567910455471388 -- -3.7008349309475319
* Site occupation (ave. no. electrons per config.):
  > Site_  ___eu____  ___ed____
      1        0.505      0.500
      2        0.498      0.499
      3        0.499      0.500
      4        0.500      0.501
      5        0.501      0.498
      6        0.498      0.502
* Pair-correlation analysis (ave. no. pairs per config.):
  > Shell  nsite  ___dh____  __eueu___  __eued___
      0      1        0          0          1.006
      1      4        1.004      1.552      3.512
      2      4        0.140      0.860      1.099
      3      4        0.070      0.424      0.549
      4      4        0.232      2.109      1.885
      5      4        0.116      1.055      0.949

Optimization #4:
* Method          : lls
* Target function : energy
* No. of configs. : 50048
* No. of params.  : 39
* Before optimization:
  -6.1201E-01   3.9282E-01  -5.3899E-02  -4.0597E-02   7.3300E-02   6.7947E-02
  -2.6787E-01  -2.1618E-01   3.1614E-02   7.0759E-03   3.4951E-02  -9.7251E-03
  -1.8399E-03  -8.0166E-03  -1.6316E-02  -2.9459E-02   1.8239E-02  -5.4322E-02
   6.9024E-01   9.5738E-02   1.5499E-02   2.4003E-02  -9.1610E-02  -9.1837E-02
   1.9272E-02  -5.6522E-02  -5.6381E-02  -8.2530E-03  -1.0826E-02   2.8850E-01
   1.4833E-01   1.5132E-01  -2.2962E-02  -1.8540E-02   1.0498E-01   6.6787E-02
   6.4134E-02   1.0082E-01   9.7966E-02
  > E    =  -2.306988758788E+02 +/-   1.551629637314E-04
  > varE =   1.204932891870E-03
* Computing derivatives.
  Done. [total walltime: 17.7s]
* Optimizing manipulation constant:
  #igrid a___________ E____________________________________ varE____________
     1     Infinity    -2.30698876E+02 +/-   1.55162964E-04   1.20493289E-03
     2     1.0000E+06  -2.30698876E+02 +/-   1.55162798E-04   1.20493031E-03
     3     2.1544E+05  -2.30698876E+02 +/-   1.55162196E-04   1.20492097E-03
     4     4.6416E+04  -2.30698876E+02 +/-   1.55159460E-04   1.20487847E-03
     5     1.0000E+04  -2.30698876E+02 +/-   1.55147966E-04   1.20469996E-03
     6     2.1544E+03  -2.30698876E+02 +/-   1.55120571E-04   1.20427458E-03
     7     4.6416E+02  -2.30698862E+02 +/-   1.55563187E-04   1.21115685E-03
     8     1.0000E+02  -2.30698355E+02 +/-   1.76005744E-04   1.55038805E-03
     9     2.1544E+01  -2.30642013E+02 +/-   9.20293364E-04   4.23876469E-02
    10     4.6416E+00  -2.30012054E+02 +/-   2.54455123E-03   3.24047837E-01
    11     1.0000E+00  -2.30006086E+02 +/-   2.54457103E-03   3.24052878E-01
    12     2.1544E-01  -2.30698247E+02 +/-   1.75946920E-04   1.54935188E-03
    13     4.6416E-02  -2.29323344E+02 +/-   2.56537518E-03   3.29373386E-01
    14     1.0000E-02  -2.29814282E+02 +/-   2.72247581E-03   3.70949498E-01
    15     2.1544E-03  -2.30680376E+02 +/-   4.68092335E-04   1.09660390E-02
    16     4.6416E-04  -2.30650232E+02 +/-   7.60143737E-04   2.89186603E-02
    17     1.0000E-04  -2.30626886E+02 +/-   9.41335019E-04   4.43481143E-02
    18     2.1544E-05  -2.30620566E+02 +/-   9.84981565E-04   4.85560032E-02
    19     4.6416E-06  -2.30619142E+02 +/-   9.94554612E-04   4.95044225E-02
    20     1.0000E-06  -2.30618832E+02 +/-   9.96624471E-04   4.97106933E-02
    21     0.0000E+00  -2.30618747E+02 +/-   9.97193319E-04   4.97674567E-02
  ParMin   4.6040E+03  -2.30698876E+02 +/-   1.55134489E-04   1.20449069E-03
  # Using parabolic minimum
* Iteration # 1: E =  -2.306988761695E+02 +/-   1.551344894312E-04
* Reached maximum number of iterations: exiting.
* After optimization:
  -6.1861E-01   3.9280E-01  -5.3897E-02  -4.0596E-02   7.3284E-02   6.7931E-02
  -2.6785E-01  -2.1617E-01   3.1611E-02   7.0859E-03   3.4952E-02  -9.7176E-03
  -1.8365E-03  -8.0184E-03  -1.6322E-02  -2.9465E-02   1.8244E-02  -5.4315E-02
   6.9253E-01   9.6045E-02   1.5558E-02   2.4090E-02  -9.1901E-02  -9.2129E-02
   1.9340E-02  -5.6690E-02  -5.6548E-02  -8.2768E-03  -1.0859E-02   2.8846E-01
   1.4833E-01   1.5132E-01  -2.2948E-02  -1.8525E-02   1.0498E-01   6.6802E-02
   6.4150E-02   1.0081E-01   9.7960E-02
  > Energy =  -2.306988761695E+02 +/-   1.551344894312E-04
  > varE =   1.204490692626E-03

VMC #5:
* Size of Hilbert space =   4.0000E+02
* Deterministic energy evaluation:
  > Deterministic Etot/t = -230.69875530407626
    - Ttot/t = -10.358867509469317
    - Utot/t = 3.9026040595409595
* Number of equil. steps   = 1000
* Running VMC equilibration.
  Done. [total walltime: 0.06s]
* Equil. acc.ratio (%)     =  28.5824
* Sample config after equilibration:
  +-----+
  |  u  |
  |d   2|
  |u   0|
  |  d  |
  +-----+
* Number of accum. steps   = 500480 x 10
* Running VMC accumulation.
  Done. [total walltime: 6.99s]
* Acceptance ratio (%)     =  28.5977
* Etot/t                   =  -2.306987042367E+02 +/-   4.894913533019E-05
  > Ttot/t                 =  -1.035870239785E+01 +/-   2.971173896667E-04
  > Utot/t                 =   3.902490015608E+00 +/-   2.890577380210E-04
* var[Eloc/t]              =   1.200455431592E-03 +/-   8.990378549442E-06
* Correlation length       =   9.989200613338E-01
* log10 Psi^2 range: -7.3568175627561940 -- -3.7006878349228201
* log10 Pgen range : -7.3568175627561940 -- -3.7006878349228201
* Site occupation (ave. no. electrons per config.):
  > Site_  ___eu____  ___ed____
      1        0.498      0.501
      2        0.500      0.500
      3        0.500      0.499
      4        0.504      0.498
      5        0.498      0.504
      6        0.500      0.499
* Pair-correlation analysis (ave. no. pairs per config.):
  > Shell  nsite  ___dh____  __eueu___  __eued___
      0      1        0          0          1.006
      1      4        1.007      1.545      3.515
      2      4        0.140      0.853      1.098
      3      4        0.070      0.427      0.552
      4      4        0.230      2.118      1.885
      5      4        0.113      1.057      0.944

Optimization #5:
* Method          : lls
* Target function : energy
* No. of configs. : 50048
* No. of params.  : 39
* Before optimization:
  -6.1861E-01   3.9280E-01  -5.3897E-02  -4.0596E-02   7.3284E-02   6.7931E-02
  -2.6785E-01  -2.1617E-01   3.1611E-02   7.0859E-03   3.4952E-02  -9.7176E-03
  -1.8365E-03  -8.0184E-03  -1.6322E-02  -2.9465E-02   1.8244E-02  -5.4315E-02
   6.9253E-01   9.6045E-02   1.5558E-02   2.4090E-02  -9.1901E-02  -9.2129E-02
   1.9340E-02  -5.6690E-02  -5.6548E-02  -8.2768E-03  -1.0859E-02   2.8846E-01
   1.4833E-01   1.5132E-01  -2.2948E-02  -1.8525E-02   1.0498E-01   6.6802E-02
   6.4150E-02   1.0081E-01   9.7960E-02
  > E    =  -2.306988933182E+02 +/-   1.531359039875E-04
  > varE =   1.173655883547E-03
* Computing derivatives.
  Done. [total walltime: 18.1s]
* Optimizing manipulation constant:
  #igrid a___________ E____________________________________ varE____________
     1     Infinity    -2.30698893E+02 +/-   1.53135904E-04   1.17365588E-03
     2     1.0000E+06  -2.30698893E+02 +/-   1.53135740E-04   1.17365336E-03
     3     2.1544E+05  -2.30698893E+02 +/-   1.53135141E-04   1.17364419E-03
     4     4.6416E+04  -2.30698893E+02 +/-   1.53132367E-04   1.17360167E-03
     5     1.0000E+04  -2.30698894E+02 +/-   1.53119563E-04   1.17340541E-03
     6     2.1544E+03  -2.30698894E+02 +/-   1.53061709E-04   1.17251888E-03
     7     4.6416E+02  -2.30698897E+02 +/-   1.52826867E-04   1.16892366E-03
     8     1.0000E+02  -2.30698894E+02 +/-   1.52455661E-04   1.16325208E-03
     9     2.1544E+01  -2.30698430E+02 +/-   1.70938093E-04   1.46239414E-03
    10     4.6416E+00  -2.30672275E+02 +/-   6.45705970E-04   2.08668229E-02
    11     1.0000E+00  -2.30393915E+02 +/-   1.98066155E-03   1.96339314E-01
    12     2.1544E-01  -2.30087826E+02 +/-   2.50094925E-03   3.13037585E-01
    13     4.6416E-02  -2.30015030E+02 +/-   2.56104093E-03   3.28261360E-01
    14     1.0000E-02  -2.30008574E+02 +/-   2.56425880E-03   3.29086779E-01
    15     2.1544E-03  -2.30007789E+02 +/-   2.56431736E-03   3.29101810E-01
    16     4.6416E-04  -2.30007646E+02 +/-   2.56429792E-03   3.29096821E-01
    17     1.0000E-04  -2.30007616E+02 +/-   2.56429221E-03   3.29095356E-01
    18     2.1544E-05  -2.30007609E+02 +/-   2.56429091E-03   3.29095023E-01
    19     4.6416E-06  -2.30007608E+02 +/-   2.56429063E-03   3.29094950E-01
    20     1.0000E-06  -2.30007608E+02 +/-   2.56429057E-03   3.29094934E-01
    21     0.0000E+00  -2.30007608E+02 +/-   2.56429055E-03   3.29094930E-01
* Iteration # 1: E =  -2.306988969868E+02 +/-   1.528268671832E-04
* Reached maximum number of iterations: exiting.
* After optimization:
  -6.3402E-01   3.9249E-01  -5.3723E-02  -4.0457E-02   7.3186E-02   6.7843E-02
  -2.6759E-01  -2.1612E-01   3.1451E-02   7.0479E-03   3.4845E-02  -9.7668E-03
  -1.7893E-03  -8.0384E-03  -1.6383E-02  -2.9495E-02   1.8292E-02  -5.4161E-02
   6.9798E-01   9.6798E-02   1.5747E-02   2.4326E-02  -9.2475E-02  -9.2703E-02
   1.9530E-02  -5.6947E-02  -5.6799E-02  -8.2814E-03  -1.0882E-02   2.8833E-01
   1.4815E-01   1.5114E-01  -2.2861E-02  -1.8445E-02   1.0505E-01   6.6778E-02
   6.4150E-02   1.0069E-01   9.7844E-02
  > Energy =  -2.306988969868E+02 +/-   1.528268671832E-04
  > varE =   1.168923657115E-03

VMC #6:
* Size of Hilbert space =   4.0000E+02
* Deterministic energy evaluation:
  > Deterministic Etot/t = -230.69875956559912
    - Ttot/t = -10.358856296179264
    - Utot/t = 3.9025885847280617
* Number of equil. steps   = 1000
* Running VMC equilibration.
  Done. [total walltime: 0.06s]
* Equil. acc.ratio (%)     =  29.1194
* Sample config after equilibration:
  +-----+
  |  2  |
  |0   0|
  |2   2|
  |  0  |
  +-----+
* Number of accum. steps   = 500480 x 10
* Running VMC accumulation.
  Done. [total walltime: 6.84s]
* Acceptance ratio (%)     =  28.9899
* Etot/t                   =  -2.306987335688E+02 +/-   4.907181797164E-05
  > Ttot/t                 =  -1.035903559144E+01 +/-   2.977669745813E-04
  > Utot/t                 =   3.902793876656E+00 +/-   2.901403314222E-04
* var[Eloc/t]              =   1.190065988952E-03 +/-   8.959673191626E-06
* Correlation length       =   1.012698061706E+00
* log10 Psi^2 range: -7.3583804410085971 -- -3.7005924300133795
* log10 Pgen range : -7.3583804410085971 -- -3.7005924300133795
* Site occupation (ave. no. electrons per config.):
  > Site_  ___eu____  ___ed____
      1        0.500      0.502
      2        0.497      0.503
      3        0.503      0.497
      4        0.495      0.503
      5        0.504      0.499
      6        0.500      0.496
* Pair-correlation analysis (ave. no. pairs per config.):
  > Shell  nsite  ___dh____  __eueu___  __eued___
      0      1        0          0          1.008
      1      4        1.009      1.542      3.518
      2      4        0.139      0.856      1.097
      3      4        0.068      0.430      0.554
      4      4        0.233      2.117      1.879
      5      4        0.113      1.055      0.944

Optimization #6:
* Method          : lls
* Target function : energy
* No. of configs. : 50048
* No. of params.  : 39
* Before optimization:
  -6.3402E-01   3.9249E-01  -5.3723E-02  -4.0457E-02   7.3186E-02   6.7843E-02
  -2.6759E-01  -2.1612E-01   3.1451E-02   7.0479E-03   3.4845E-02  -9.7668E-03
  -1.7893E-03  -8.0384E-03  -1.6383E-02  -2.9495E-02   1.8292E-02  -5.4161E-02
   6.9798E-01   9.6798E-02   1.5747E-02   2.4326E-02  -9.2475E-02  -9.2703E-02
   1.9530E-02  -5.6947E-02  -5.6799E-02  -8.2814E-03  -1.0882E-02   2.8833E-01
   1.4815E-01   1.5114E-01  -2.2861E-02  -1.8445E-02   1.0505E-01   6.6778E-02
   6.4150E-02   1.0069E-01   9.7844E-02
  > E    =  -2.306988322117E+02 +/-   1.552789294694E-04
  > varE =   1.206734651063E-03
* Computing derivatives.
  Done. [total walltime: 17.6s]
* Optimizing manipulation constant:
  #igrid a___________ E____________________________________ varE____________
     1     Infinity    -2.30698832E+02 +/-   1.55278929E-04   1.20673465E-03
     2     1.0000E+06  -2.30698832E+02 +/-   1.55278760E-04   1.20673201E-03
     3     2.1544E+05  -2.30698832E+02 +/-   1.55278142E-04   1.20672241E-03
     4     4.6416E+04  -2.30698832E+02 +/-   1.55275274E-04   1.20667784E-03
     5     1.0000E+04  -2.30698832E+02 +/-   1.55261967E-04   1.20647102E-03
     6     2.1544E+03  -2.30698833E+02 +/-   1.55200289E-04   1.20551267E-03
     7     4.6416E+02  -2.30698837E+02 +/-   1.54915889E-04   1.20109858E-03
     8     1.0000E+02  -2.30698856E+02 +/-   1.53635988E-04   1.18133384E-03
     9     2.1544E+01  -2.30698928E+02 +/-   1.48531547E-04   1.10413998E-03
    10     4.6416E+00  -2.30698974E+02 +/-   1.43161246E-04   1.02574089E-03
    11     1.0000E+00  -2.30692917E+02 +/-   3.41403246E-04   5.83340352E-03
    12     2.1544E-01  -2.30667974E+02 +/-   7.08701016E-04   2.51369648E-02
    13     4.6416E-02  -2.30683551E+02 +/-   5.17373061E-04   1.33965926E-02
    14     1.0000E-02  -2.29285385E+02 +/-   2.59460759E-03   3.36922564E-01
    15     2.1544E-03  -2.30005988E+02 +/-   2.58317613E-03   3.33960241E-01
    16     4.6416E-04  -2.30006010E+02 +/-   2.58286467E-03   3.33879713E-01
    17     1.0000E-04  -2.30006021E+02 +/-   2.58263546E-03   3.33820455E-01
    18     2.1544E-05  -2.30006024E+02 +/-   2.58257831E-03   3.33805682E-01
    19     4.6416E-06  -2.30006025E+02 +/-   2.58256563E-03   3.33802405E-01
    20     1.0000E-06  -2.30006025E+02 +/-   2.58256288E-03   3.33801695E-01
    21     0.0000E+00  -2.30006025E+02 +/-   2.58256213E-03   3.33801499E-01
  ParMin   9.8603E+00  -2.30698997E+02 +/-   1.43374064E-04   1.02879281E-03
  # Using parabolic minimum
* Iteration # 1: E =  -2.306989968990E+02 +/-   1.433740640627E-04
* Reached maximum number of iterations: exiting.
* After optimization:
  -7.4666E-01   3.8152E-01  -4.8792E-02  -3.6570E-02   6.9748E-02   6.4557E-02
  -2.5792E-01  -2.1438E-01   2.6288E-02   6.1800E-03   3.1287E-02  -1.1009E-02
  -2.7009E-04  -8.7823E-03  -1.8157E-02  -2.9842E-02   1.9313E-02  -4.7893E-02
   7.4083E-01   1.0253E-01   1.6839E-02   2.5253E-02  -9.2254E-02  -9.2434E-02
   2.2423E-02  -5.4405E-02  -5.4039E-02  -7.1462E-03  -9.9839E-03   2.8396E-01
   1.3857E-01   1.4166E-01  -1.9302E-02  -1.4907E-02   1.0861E-01   6.4567E-02
   6.2673E-02   9.5661E-02   9.3186E-02
  > Energy =  -2.306989968990E+02 +/-   1.433740640627E-04
  > varE =   1.028792806160E-03

VMC #7:
* Size of Hilbert space =   4.0000E+02
* Deterministic energy evaluation:
  > Deterministic Etot/t = -230.69891124870864
    - Ttot/t = -10.358019388181864
    - Utot/t = 3.9015999936210939
* Number of equil. steps   = 1000
* Running VMC equilibration.
  Done. [total walltime: 0.06s]
* Equil. acc.ratio (%)     =  32.6766
* Sample config after equilibration:
  +-----+
  |  u  |
  |u   2|
  |d   d|
  |  0  |
  +-----+
* Number of accum. steps   = 500480 x 10
* Running VMC accumulation.
  Done. [total walltime: 6.86s]
* Acceptance ratio (%)     =  32.6822
* Etot/t                   =  -2.306989459049E+02 +/-   4.456219317707E-05
  > Ttot/t                 =  -1.035819069652E+01 +/-   3.036400332519E-04
  > Utot/t                 =   3.901736645764E+00 +/-   2.928885665650E-04
* var[Eloc/t]              =   1.019327143693E-03 +/-   5.416933118124E-06
* Correlation length       =   9.750036730346E-01
* log10 Psi^2 range: -7.4275814072686401 -- -3.7065283393954460
* log10 Pgen range : -7.4275814072686401 -- -3.7065283393954460
* Site occupation (ave. no. electrons per config.):
  > Site_  ___eu____  ___ed____
      1        0.504      0.499
      2        0.503      0.500
      3        0.498      0.501
      4        0.500      0.501
      5        0.497      0.500
      6        0.497      0.500
* Pair-correlation analysis (ave. no. pairs per config.):
  > Shell  nsite  ___dh____  __eueu___  __eued___
      0      1        0          0          1.004
      1      4        1.006      1.544      3.519
      2      4        0.139      0.859      1.097
      3      4        0.069      0.425      0.552
      4      4        0.231      2.116      1.880
      5      4        0.113      1.055      0.948

Optimization #7:
* Method          : lls
* Target function : energy
* No. of configs. : 50048
* No. of params.  : 39
* Before optimization:
  -7.4666E-01   3.8152E-01  -4.8792E-02  -3.6570E-02   6.9748E-02   6.4557E-02
  -2.5792E-01  -2.1438E-01   2.6288E-02   6.1800E-03   3.1287E-02  -1.1009E-02
  -2.7009E-04  -8.7823E-03  -1.8157E-02  -2.9842E-02   1.9313E-02  -4.7893E-02
   7.4083E-01   1.0253E-01   1.6839E-02   2.5253E-02  -9.2254E-02  -9.2434E-02
   2.2423E-02  -5.4405E-02  -5.4039E-02  -7.1462E-03  -9.9839E-03   2.8396E-01
   1.3857E-01   1.4166E-01  -1.9302E-02  -1.4907E-02   1.0861E-01   6.4567E-02
   6.2673E-02   9.5661E-02   9.3186E-02
  > E    =  -2.306989414136E+02 +/-   1.437198597455E-04
  > varE =   1.033761363371E-03
* Computing derivatives.
  Done. [total walltime: 17.6s]
* Optimizing manipulation constant:
  #igrid a___________ E____________________________________ varE____________
     1     Infinity    -2.30698941E+02 +/-   1.43719860E-04   1.03376136E-03
     2     1.0000E+06  -2.30698941E+02 +/-   1.43719717E-04   1.03375930E-03
     3     2.1544E+05  -2.30698941E+02 +/-   1.43719290E-04   1.03375317E-03
     4     4.6416E+04  -2.30698941E+02 +/-   1.43719262E-04   1.03375277E-03
     5     1.0000E+04  -2.30698941E+02 +/-   1.43760960E-04   1.03435271E-03
     6     2.1544E+03  -2.30698921E+02 +/-   1.44864350E-04   1.05029131E-03
     7     4.6416E+02  -2.30698254E+02 +/-   1.77869332E-04   1.58339356E-03
     8     1.0000E+02  -2.30635000E+02 +/-   9.85940623E-04   4.86506054E-02
     9     2.1544E+01  -2.30040568E+02 +/-   2.54352925E-03   3.23787591E-01
    10     4.6416E+00  -2.30006022E+02 +/-   2.56995672E-03   3.30550901E-01
    11     1.0000E+00  -2.30006010E+02 +/-   2.57070234E-03   3.30742735E-01
    12     2.1544E-01  -2.30006030E+02 +/-   4.43983333E-06   9.86552184E-07
    13     4.6416E-02  -2.30006582E+02 +/-   1.62905120E-05   1.32817774E-05
    14     1.0000E-02  -2.30008322E+02 +/-   3.09749887E-05   4.80185497E-05
    15     2.1544E-03  -2.30009058E+02 +/-   3.48352500E-05   6.07329799E-05
    16     4.6416E-04  -2.30009234E+02 +/-   3.56535160E-05   6.36196766E-05
    17     1.0000E-04  -2.30009273E+02 +/-   3.58285772E-05   6.42459642E-05
    18     2.1544E-05  -2.30009282E+02 +/-   3.58662299E-05   6.43810689E-05
    19     4.6416E-06  -2.30009283E+02 +/-   3.58743389E-05   6.44101842E-05
    20     1.0000E-06  -2.30009284E+02 +/-   3.58760859E-05   6.44164573E-05
    21     0.0000E+00  -2.30009284E+02 +/-   3.58765656E-05   6.44181801E-05
* Iteration # 1: E =  -2.306989414210E+02 +/-   1.437192904907E-04
* Reached maximum number of iterations: exiting.
* After optimization:
  -7.4743E-01   3.8152E-01  -4.8792E-02  -3.6570E-02   6.9748E-02   6.4557E-02
  -2.5792E-01  -2.1438E-01   2.6287E-02   6.1799E-03   3.1287E-02  -1.1009E-02
  -2.7002E-04  -8.7824E-03  -1.8157E-02  -2.9842E-02   1.9313E-02  -4.7892E-02
   7.4111E-01   1.0257E-01   1.6845E-02   2.5263E-02  -9.2289E-02  -9.2470E-02
   2.2431E-02  -5.4425E-02  -5.4059E-02  -7.1489E-03  -9.9877E-03   2.8396E-01
   1.3857E-01   1.4166E-01  -1.9302E-02  -1.4906E-02   1.0861E-01   6.4567E-02
   6.2673E-02   9.5660E-02   9.3186E-02
  > Energy =  -2.306989414210E+02 +/-   1.437192904907E-04
  > varE =   1.033753174211E-03

VMC #8:
* Size of Hilbert space =   4.0000E+02
* Deterministic energy evaluation:
  > Deterministic Etot/t = -230.69891125574088
    - Ttot/t = -10.358019361431747
    - Utot/t = 3.9015999598387205
* Number of equil. steps   = 1000
* Running VMC equilibration.
  Done. [total walltime: 0.06s]
* Equil. acc.ratio (%)     =  32.8074
* Sample config after equilibration:
  +-----+
  |  u  |
  |2   0|
  |0   2|
  |  d  |
  +-----+
* Number of accum. steps   = 500480 x 10
* Running VMC accumulation.
  Done. [total walltime: 6.96s]
* Acceptance ratio (%)     =  32.7400
* Etot/t                   =  -2.306988796092E+02 +/-   4.523309077075E-05
  > Ttot/t                 =  -1.035798111095E+01 +/-   3.027631228666E-04
  > Utot/t                 =   3.901593355965E+00 +/-   2.916399378448E-04
* var[Eloc/t]              =   1.025101054120E-03 +/-   2.898153649465E-06
* Correlation length       =   9.989242931929E-01
* log10 Psi^2 range: -7.4275857919063943 -- -3.7065298388196362
* log10 Pgen range : -7.4275857919063943 -- -3.7065298388196362
* Site occupation (ave. no. electrons per config.):
  > Site_  ___eu____  ___ed____
      1        0.506      0.496
      2        0.499      0.502
      3        0.498      0.503
      4        0.500      0.499
      5        0.497      0.503
      6        0.499      0.498
* Pair-correlation analysis (ave. no. pairs per config.):
  > Shell  nsite  ___dh____  __eueu___  __eued___
      0      1        0          0          1.001
      1      4        1.002      1.546      3.517
      2      4        0.140      0.853      1.099
      3      4        0.069      0.425      0.553
      4      4        0.225      2.119      1.886
      5      4        0.112      1.057      0.945

Optimization #8:
* Method          : lls
* Target function : energy
* No. of configs. : 50048
* No. of params.  : 39
* Before optimization:
  -7.4743E-01   3.8152E-01  -4.8792E-02  -3.6570E-02   6.9748E-02   6.4557E-02
  -2.5792E-01  -2.1438E-01   2.6287E-02   6.1799E-03   3.1287E-02  -1.1009E-02
  -2.7002E-04  -8.7824E-03  -1.8157E-02  -2.9842E-02   1.9313E-02  -4.7892E-02
   7.4111E-01   1.0257E-01   1.6845E-02   2.5263E-02  -9.2289E-02  -9.2470E-02
   2.2431E-02  -5.4425E-02  -5.4059E-02  -7.1489E-03  -9.9877E-03   2.8396E-01
   1.3857E-01   1.4166E-01  -1.9302E-02  -1.4906E-02   1.0861E-01   6.4567E-02
   6.2673E-02   9.5660E-02   9.3186E-02
  > E    =  -2.306987316194E+02 +/-   1.434402564712E-04
  > varE =   1.029742963970E-03
* Computing derivatives.
  Done. [total walltime: 18.0s]
* Optimizing manipulation constant:
  #igrid a___________ E____________________________________ varE____________
     1     Infinity    -2.30698732E+02 +/-   1.43440256E-04   1.02974296E-03
     2     1.0000E+06  -2.30698732E+02 +/-   1.43440110E-04   1.02974086E-03
     3     2.1544E+05  -2.30698732E+02 +/-   1.43439576E-04   1.02973319E-03
     4     4.6416E+04  -2.30698732E+02 +/-   1.43437101E-04   1.02969765E-03
     5     1.0000E+04  -2.30698732E+02 +/-   1.43425663E-04   1.02953345E-03
     6     2.1544E+03  -2.30698733E+02 +/-   1.43373708E-04   1.02878769E-03
     7     4.6416E+02  -2.30698736E+02 +/-   1.43157266E-04   1.02568385E-03
     8     1.0000E+02  -2.30698736E+02 +/-   1.42736099E-04   1.01965764E-03
     9     2.1544E+01  -2.30697933E+02 +/-   1.74843911E-04   1.52998704E-03
    10     4.6416E+00  -2.30692231E+02 +/-   3.35670382E-04   5.63913864E-03
    11     1.0000E+00  -2.30691997E+02 +/-   3.42641347E-04   5.87578999E-03
    12     2.1544E-01  -2.30549961E+02 +/-   1.44307241E-03   1.04222857E-01
    13     4.6416E-02  -2.30240864E+02 +/-   2.29274224E-03   2.63085668E-01
    14     1.0000E-02  -2.30104412E+02 +/-   2.47859176E-03   3.07465741E-01
    15     2.1544E-03  -2.30074652E+02 +/-   2.50611186E-03   3.14331302E-01
    16     4.6416E-04  -2.30068486E+02 +/-   2.51094362E-03   3.15544525E-01
    17     1.0000E-04  -2.30067173E+02 +/-   2.51192274E-03   3.15790661E-01
    18     2.1544E-05  -2.30066891E+02 +/-   2.51213067E-03   3.15842943E-01
    19     4.6416E-06  -2.30066831E+02 +/-   2.51217532E-03   3.15854172E-01
    20     1.0000E-06  -2.30066818E+02 +/-   2.51218494E-03   3.15856590E-01
    21     0.0000E+00  -2.30066814E+02 +/-   2.51218758E-03   3.15857254E-01
  ParMin   2.1486E+02  -2.30698738E+02 +/-   1.42914393E-04   1.02220656E-03
  # Using parabolic minimum
* Iteration # 1: E =  -2.306987383056E+02 +/-   1.429143929133E-04
* Reached maximum number of iterations: exiting.
* After optimization:
  -7.1966E-01   3.8084E-01  -4.8506E-02  -3.6363E-02   6.9593E-02   6.4422E-02
  -2.5732E-01  -2.1424E-01   2.5970E-02   6.1343E-03   3.1046E-02  -1.1042E-02
  -1.9189E-04  -8.8105E-03  -1.8208E-02  -2.9792E-02   1.9339E-02  -4.7532E-02
   7.3113E-01   1.0133E-01   1.6530E-02   2.4775E-02  -9.0703E-02  -9.0878E-02
   2.2316E-02  -5.3400E-02  -5.3029E-02  -7.0096E-03  -9.8054E-03   2.8397E-01
   1.3790E-01   1.4100E-01  -1.9113E-02  -1.4732E-02   1.0901E-01   6.4373E-02
   6.2536E-02   9.5356E-02   9.2902E-02
  > Energy =  -2.306987383056E+02 +/-   1.429143929133E-04
  > varE =   1.022206562227E-03

VMC #9:
* Size of Hilbert space =   4.0000E+02
* Deterministic energy evaluation:
  > Deterministic Etot/t = -230.69891759900707
    - Ttot/t = -10.357979904677363
    - Utot/t = 3.9015541598181742
* Number of equil. steps   = 1000
* Running VMC equilibration.
  Done. [total walltime: 0.06s]
* Equil. acc.ratio (%)     =  32.0111
* Sample config after equilibration:
  +-----+
  |  2  |
  |2   0|
  |0   u|
  |  d  |
  +-----+
* Number of accum. steps   = 500480 x 10
* Running VMC accumulation.
  Done. [total walltime: 6.98s]
* Acceptance ratio (%)     =  31.9365
* Etot/t                   =  -2.306988789645E+02 +/-   4.490407151194E-05
  > Ttot/t                 =  -1.035805521571E+01 +/-   3.021925471953E-04
  > Utot/t                 =   3.901668105350E+00 +/-   2.913771023432E-04
* var[Eloc/t]              =   1.024350190240E-03 +/-   6.632757352994E-06
* Correlation length       =   9.851666833240E-01
* log10 Psi^2 range: -7.4325581278290667 -- -3.7085606361049708
* log10 Pgen range : -7.4325581278290667 -- -3.7085606361049708
* Site occupation (ave. no. electrons per config.):
  > Site_  ___eu____  ___ed____
      1        0.499      0.501
      2        0.500      0.503
      3        0.502      0.499
      4        0.499      0.500
      5        0.502      0.499
      6        0.499      0.498
* Pair-correlation analysis (ave. no. pairs per config.):
  > Shell  nsite  ___dh____  __eueu___  __eued___
      0      1        0          0          1.009
      1      4        1.011      1.544      3.514
      2      4        0.141      0.850      1.100
      3      4        0.071      0.429      0.551
      4      4        0.231      2.119      1.886
      5      4        0.116      1.058      0.940

Optimization #9:
* Method          : lls
* Target function : energy
* No. of configs. : 50048
* No. of params.  : 39
* Before optimization:
  -7.1966E-01   3.8084E-01  -4.8506E-02  -3.6363E-02   6.9593E-02   6.4422E-02
  -2.5732E-01  -2.1424E-01   2.5970E-02   6.1343E-03   3.1046E-02  -1.1042E-02
  -1.9189E-04  -8.8105E-03  -1.8208E-02  -2.9792E-02   1.9339E-02  -4.7532E-02
   7.3113E-01   1.0133E-01   1.6530E-02   2.4775E-02  -9.0703E-02  -9.0878E-02
   2.2316E-02  -5.3400E-02  -5.3029E-02  -7.0096E-03  -9.8054E-03   2.8397E-01
   1.3790E-01   1.4100E-01  -1.9113E-02  -1.4732E-02   1.0901E-01   6.4373E-02
   6.2536E-02   9.5356E-02   9.2902E-02
  > E    =  -2.306991461796E+02 +/-   1.429273985659E-04
  > varE =   1.022392618622E-03
* Computing derivatives.
  Done. [total walltime: 18.0s]
* Optimizing manipulation constant:
  #igrid a___________ E____________________________________ varE____________
     1     Infinity    -2.30699146E+02 +/-   1.42927399E-04   1.02239262E-03
     2     1.0000E+06  -2.30699146E+02 +/-   1.42927255E-04   1.02239056E-03
     3     2.1544E+05  -2.30699146E+02 +/-   1.42926778E-04   1.02238374E-03
     4     4.6416E+04  -2.30699146E+02 +/-   1.42925525E-04   1.02236581E-03
     5     1.0000E+04  -2.30699146E+02 +/-   1.42940330E-04   1.02257763E-03
     6     2.1544E+03  -2.30699137E+02 +/-   1.43454947E-04   1.02995390E-03
     7     4.6416E+02  -2.30698883E+02 +/-   1.57834720E-04   1.24678571E-03
     8     1.0000E+02  -2.30673756E+02 +/-   6.41804618E-04   2.06154302E-02
     9     2.1544E+01  -2.30053703E+02 +/-   2.53809828E-03   3.22406356E-01
    10     4.6416E+00  -2.30006015E+02 +/-   2.57548129E-03   3.31973584E-01
    11     1.0000E+00  -2.29262842E+02 +/-   2.61123121E-03   3.41253710E-01
    12     2.1544E-01  -2.29270273E+02 +/-   2.60287395E-03   3.39072839E-01
    13     4.6416E-02  -2.29273157E+02 +/-   2.59952761E-03   3.38201552E-01
    14     1.0000E-02  -2.29275581E+02 +/-   2.59664883E-03   3.37452903E-01
    15     2.1544E-03  -2.30667888E+02 +/-   7.33434482E-04   2.69221274E-02
    16     4.6416E-04  -2.30040350E+02 +/-   2.54236890E-03   3.23492236E-01
    17     1.0000E-04  -2.30012925E+02 +/-   2.57158858E-03   3.30970819E-01
    18     2.1544E-05  -2.30010742E+02 +/-   2.57381334E-03   3.31543733E-01
    19     4.6416E-06  -2.30010364E+02 +/-   2.57419782E-03   3.31642793E-01
    20     1.0000E-06  -2.30010286E+02 +/-   2.57427683E-03   3.31663152E-01
    21     0.0000E+00  -2.30010265E+02 +/-   2.57429830E-03   3.31668683E-01
* Iteration # 1: E =  -2.306991461984E+02 +/-   1.429255248602E-04
* Reached maximum number of iterations: exiting.
* After optimization:
  -7.2212E-01   3.8084E-01  -4.8504E-02  -3.6362E-02   6.9593E-02   6.4421E-02
  -2.5732E-01  -2.1424E-01   2.5968E-02   6.1340E-03   3.1045E-02  -1.1042E-02
  -1.9153E-04  -8.8106E-03  -1.8209E-02  -2.9791E-02   1.9339E-02  -4.7531E-02
   7.3203E-01   1.0145E-01   1.6550E-02   2.4805E-02  -9.0813E-02  -9.0988E-02
   2.2344E-02  -5.3465E-02  -5.3093E-02  -7.0180E-03  -9.8171E-03   2.8397E-01
   1.3790E-01   1.4099E-01  -1.9113E-02  -1.4731E-02   1.0901E-01   6.4372E-02
   6.2536E-02   9.5354E-02   9.2900E-02
  > Energy =  -2.306991461984E+02 +/-   1.429255248602E-04
  > varE =   1.022365812700E-03

VMC #10:
* Size of Hilbert space =   4.0000E+02
* Deterministic energy evaluation:
  > Deterministic Etot/t = -230.69891761778655
    - Ttot/t = -10.357979533922821
    - Utot/t = 3.9015537702841456
* Number of equil. steps   = 1000
* Running VMC equilibration.
  Done. [total walltime: 0.06s]
* Equil. acc.ratio (%)     =  31.9911
* Sample config after equilibration:
  +-----+
  |  d  |
  |d   u|
  |u   d|
  |  u  |
  +-----+
* Number of accum. steps   = 500480 x 10
* Running VMC accumulation.
  Done. [total walltime: 7.00s]
* Acceptance ratio (%)     =  31.9900
* Etot/t                   =  -2.306988558567E+02 +/-   4.467606202934E-05
  > Ttot/t                 =  -1.035783450247E+01 +/-   3.010092590585E-04
  > Utot/t                 =   3.901470500084E+00 +/-   2.920847094568E-04
* var[Eloc/t]              =   1.019526820680E-03 +/-   6.146889695214E-06
* Correlation length       =   9.798009186328E-01
* log10 Psi^2 range: -7.4325799969754778 -- -3.7085674406573221
* log10 Pgen range : -7.4325799969754778 -- -3.7085674406573221
* Site occupation (ave. no. electrons per config.):
  > Site_  ___eu____  ___ed____
      1        0.503      0.503
      2        0.498      0.503
      3        0.498      0.496
      4        0.498      0.501
      5        0.499      0.500
      6        0.504      0.497
* Pair-correlation analysis (ave. no. pairs per config.):
  > Shell  nsite  ___dh____  __eueu___  __eued___
      0      1        0          0          1.006
      1      4        1.005      1.543      3.519
      2      4        0.139      0.853      1.102
      3      4        0.070      0.426      0.551
      4      4        0.228      2.118      1.883
      5      4        0.114      1.060      0.940

VDAGGER finished.
Total VDAGGER walltime: 5m57s

Run ended: Sat Sep 27 09:45:54 CEST 2025
