Run started: Sat Sep 27 09:59:13 CEST 2025
Using VDAGGER_ARCH = gnu7_fkfamd_cluster
Running 1x128 MPI processes.

                               xx
                              +##
                               #X
                               Xx
                          X##XxXxxX##x
                           +   Xx  ++
                               ##
                              +##
                              +##
     ++++         ++          +##
   xX+++##+      ####         +##
  Xx    ###      +X##          ##
 xX    X##+        ##          #X
 +    x##X         #x          #X
      ###         +#           x+
     X##+         #+
     ###         Xx                    _______
     ##X       +X+   __________________VDAGGER
     +##x    +xX     2nd quantized variational
       +xxxxx+       ______quantum Monte Carlo

* Running 128 MPI processes.
* Input file: "input.casl"

############# Start of input file dump #############
General:
  Random seed: timer

Plan:
  VMC-optimization:
    Minimum cycles: 10
    Convergence cycles: 5

System:
  Read Hamiltonian: FCIDUMP_loc_benzene
  Read orbitals: LTSC_benzene
  Complex orbitals: F
  Geometry:
    r_5: [ 0.00000000000000, 2.63994739601739 ]
    r_4: [ 2.28626150960564, 1.31997369800870 ]
    r_6: [ 2.28626150960564, -1.31997369800870 ]
    r_2: [ 0.00000000000000, -2.63994739601739 ]
    r_3: [ -2.28626150960564, -1.31997369800870 ]
    r_1: [ -2.28626150960564, 1.31997369800870 ]

VMC:
  nstep: 500000
  nconfig: 50000

Jastrow: wfn.casl

Backflow: wfn.casl

Multideterminants: wfn.casl
############## End of input file dump ##############

General setup:
* Random seed: 1940765369 (from timer)

* Loaded integrals for system with nelec=6, ms2=0, norb=6
* INFO: setting number of electrons from integrals file.
* Analysis of Hamiltonian connecitivity performed:
  - T_ii (local, 1-site): 6 (i) values
  - U_iiii [opp] (local, 1-site): 6 (i) values
  - U_kkii [opp] (local, 2-site): 30 contribs. from 6 (i) values
  - U_kkii [par] (local, 2-site): 15 contribs. from 5 (i) values
  - T_ji (single, 2-site): 30 contribs. from 6 (i) values
  - U_kkji [opp] (single, 2/3-site): 180 contribs. from 30 (i,j) pairs
  - U_kkji [par] (single, 3-site): 150 contribs. from 30 (i,j) pairs
  - U_lkji [opp] (double, 2/3/4-site): 900 contribs. from 30 (i,j) pairs
  - U_lkji [par] (double, 4-site): 170 contribs. from 20 (i,j) pairs
  - Max. no. wfn. ratios in Eloc: 255
* Reading override orbitals from file "LTSC_benzene".
* Site labels:
  +-----+
  |  5  |
  |1   4|
  |3   6|
  |  2  |
  +-----+
* Automatically set Site kinds:
  [ 1, 1, 1, 1, 1, 1 ]
  +-----+
  |  1  |
  |1   1|
  |1   1|
  |  1  |
  +-----+
* Maximum Site kind: 1
* Number of site-pair kinds with Tij=0: 0
* Automatically set Site pair kinds:
  Site 1: [ 0, 4, 1, -5, -1, -2 ]
  Site 2: [ 4, 0, 1, -4, -3, -1 ]
  Site 3: [ 1, 1, 0, -2, -4, -5 ]
  Site 4: [ -5, -4, -2, 0, 1, 1 ]
  Site 5: [ -1, -3, -4, 1, 0, 4 ]
  Site 6: [ -2, -1, -5, 1, 4, 0 ]
  For site 1 of kind 1:
  +--------+
  |   -1   |
  | 0    -5|
  | 1    -2|
  |    4   |
  +--------+
* Maximum (unsigned) Site pair kind: 5
General system setup:
* Number of sites       : 6
* Number of electrons   : 6
* Spin imbalance MS2    : 0
* Filling               : 0.500000
* Number of orbitals in pool: 6
* Using real-valued orbitals
* Using double-precision arithmetic for orbitals

Trial wave function setup:
* Jastrow parameter file: "wfn.casl"
* Multideterminant parameter file: "wfn.casl"
* Backflow parameter file: "wfn.casl"
* Not using wave function manipulation

VMC #1:
* Size of Hilbert space =   4.0000E+02
* Deterministic energy evaluation:
  > Deterministic Etot/t = -230.69891761778655
    - Ttot/t = -10.357979533922821
    - Utot/t = 3.9015537702841456
* Number of equil. steps   = 1000
* Running VMC equilibration.
  Done. [total walltime: 0.12s]
* Equil. acc.ratio (%)     =  31.8659
* Sample config after equilibration:
  +-----+
  |  u  |
  |d   u|
  |d   d|
  |  u  |
  +-----+
* Number of accum. steps   = 500480 x 10
* Running VMC accumulation.
  Done. [total walltime: 7.66s]
* Acceptance ratio (%)     =  31.9775
* Etot/t                   =  -2.306989493076E+02 +/-   4.430385894844E-05
  > Ttot/t                 =  -1.035817493986E+01 +/-   2.975686548687E-04
  > Utot/t                 =   3.901717486547E+00 +/-   2.881447232341E-04
* var[Eloc/t]              =   1.015302734662E-03 +/-   5.285633551804E-06
* Correlation length       =   9.675519277598E-01
* log10 Psi^2 range: -7.4030669187201266 -- -3.7085674406573270
* log10 Pgen range : -7.4030669187201266 -- -3.7085674406573270
* Site occupation (ave. no. electrons per config.):
  > Site_  ___eu____  ___ed____
      1        0.497      0.501
      2        0.502      0.497
      3        0.503      0.502
      4        0.499      0.498
      5        0.500      0.502
      6        0.499      0.500
* Pair-correlation analysis (ave. no. pairs per config.):
  > Shell  nsite  ___dh____  __eueu___  __eued___
      0      1        0          0          1.007
      1      4        1.008      1.537      3.522
      2      4        0.140      0.851      1.101
      3      4        0.071      0.424      0.552
      4      4        0.227      2.125      1.879
      5      4        0.113      1.062      0.939

Optimization #1:
* Method          : lls
* Target function : energy
* No. of configs. : 50048
* No. of params.  : 39
* Before optimization:
  -7.2212E-01   3.8084E-01  -4.8504E-02  -3.6362E-02   6.9593E-02   6.4421E-02
  -2.5732E-01  -2.1424E-01   2.5968E-02   6.1340E-03   3.1045E-02  -1.1042E-02
  -1.9153E-04  -8.8106E-03  -1.8209E-02  -2.9791E-02   1.9339E-02  -4.7531E-02
   7.3203E-01   1.0145E-01   1.6550E-02   2.4805E-02  -9.0813E-02  -9.0988E-02
   2.2344E-02  -5.3465E-02  -5.3093E-02  -7.0180E-03  -9.8171E-03   2.8397E-01
   1.3790E-01   1.4099E-01  -1.9113E-02  -1.4731E-02   1.0901E-01   6.4372E-02
   6.2536E-02   9.5354E-02   9.2900E-02
  > E    =  -2.306989794813E+02 +/-   1.439882908114E-04
  > varE =   1.037626560679E-03
* Computing derivatives.
  Done. [total walltime: 17.8s]
* Optimizing manipulation constant:
  #igrid a___________ E____________________________________ varE____________
     1     Infinity    -2.30698979E+02 +/-   1.43988291E-04   1.03762656E-03
     2     1.0000E+06  -2.30698979E+02 +/-   1.43988142E-04   1.03762441E-03
     3     2.1544E+05  -2.30698979E+02 +/-   1.43987599E-04   1.03761659E-03
     4     4.6416E+04  -2.30698980E+02 +/-   1.43985081E-04   1.03758030E-03
     5     1.0000E+04  -2.30698980E+02 +/-   1.43973401E-04   1.03741197E-03
     6     2.1544E+03  -2.30698980E+02 +/-   1.43919389E-04   1.03663374E-03
     7     4.6416E+02  -2.30698984E+02 +/-   1.43673028E-04   1.03308776E-03
     8     1.0000E+02  -2.30698999E+02 +/-   1.42621407E-04   1.01801965E-03
     9     2.1544E+01  -2.30699034E+02 +/-   1.39648366E-04   9.76019388E-04
    10     4.6416E+00  -2.30698392E+02 +/-   1.70621599E-04   1.45698387E-03
    11     1.0000E+00  -2.30680467E+02 +/-   5.55123791E-04   1.54229130E-02
    12     2.1544E-01  -2.30633746E+02 +/-   1.00353721E-03   5.04026863E-02
    13     4.6416E-02  -2.30633149E+02 +/-   1.00991260E-03   5.10451290E-02
    14     1.0000E-02  -2.30649877E+02 +/-   8.81848284E-04   3.89201473E-02
    15     2.1544E-03  -2.30656345E+02 +/-   8.25976886E-04   3.41446382E-02
    16     4.6416E-04  -2.30657928E+02 +/-   8.11626244E-04   3.29684774E-02
    17     1.0000E-04  -2.30658278E+02 +/-   8.08409834E-04   3.27076922E-02
    18     2.1544E-05  -2.30658354E+02 +/-   8.07710894E-04   3.26511595E-02
    19     4.6416E-06  -2.30658370E+02 +/-   8.07560032E-04   3.26389636E-02
    20     1.0000E-06  -2.30658374E+02 +/-   8.07527517E-04   3.26363354E-02
    21     0.0000E+00  -2.30658375E+02 +/-   8.07518587E-04   3.26356136E-02
  ParMin   4.2495E+01  -2.30699018E+02 +/-   1.41152970E-04   9.97164410E-04
  # Using grid point #9
* Iteration # 1: E =  -2.306990344839E+02 +/-   1.396483661309E-04
* Computing derivatives.
  Done. [total walltime: 18.0s]
* Optimizing manipulation constant:
  #igrid a___________ E____________________________________ varE____________
     1     Infinity    -2.30699034E+02 +/-   1.39648366E-04   9.76019388E-04
     2     1.0000E+06  -2.30699034E+02 +/-   1.39648226E-04   9.76017424E-04
     3     2.1544E+05  -2.30699034E+02 +/-   1.39647714E-04   9.76010271E-04
     4     4.6416E+04  -2.30699035E+02 +/-   1.39645339E-04   9.75977073E-04
     5     1.0000E+04  -2.30699035E+02 +/-   1.39634316E-04   9.75822997E-04
     6     2.1544E+03  -2.30699035E+02 +/-   1.39583167E-04   9.75108237E-04
     7     4.6416E+02  -2.30699039E+02 +/-   1.39346122E-04   9.71799124E-04
     8     1.0000E+02  -2.30699054E+02 +/-   1.38253684E-04   9.56621538E-04
     9     2.1544E+01  -2.30699125E+02 +/-   1.33349529E-04   8.89958391E-04
    10     4.6416E+00  -2.30699404E+02 +/-   1.13891521E-04   6.49186552E-04
    11     1.0000E+00  -2.30699978E+02 +/-   6.61372281E-05   2.18916606E-04
    12     2.1544E-01  -2.30700244E+02 +/-   3.11897926E-05   4.86868526E-05
    13     4.6416E-02  -2.30700186E+02 +/-   4.08184826E-05   8.33874012E-05
    14     1.0000E-02  -2.30700137E+02 +/-   4.70042566E-05   1.10576058E-04
    15     2.1544E-03  -2.30700124E+02 +/-   4.85953917E-05   1.18188957E-04
    16     4.6416E-04  -2.30700120E+02 +/-   4.89512859E-05   1.19926438E-04
    17     1.0000E-04  -2.30700120E+02 +/-   4.90285818E-05   1.20305474E-04
    18     2.1544E-05  -2.30700120E+02 +/-   4.90452636E-05   1.20387355E-04
    19     4.6416E-06  -2.30700120E+02 +/-   4.90488589E-05   1.20405006E-04
    20     1.0000E-06  -2.30700120E+02 +/-   4.90496336E-05   1.20408809E-04
    21     0.0000E+00  -2.30700120E+02 +/-   4.90498463E-05   1.20409854E-04
  ParMin   1.3380E-01  -2.30700238E+02 +/-   3.25874767E-05   5.31481552E-05
  # Using grid point #12
* Iteration # 2: E =  -2.307002440555E+02 +/-   3.118979257503E-05
* Computing derivatives.
  Done. [total walltime: 18.0s]
* Optimizing manipulation constant:
  #igrid a___________ E____________________________________ varE____________
     1     Infinity    -2.30700244E+02 +/-   3.11897926E-05   4.86868526E-05
     2     1.0000E+06  -2.30700244E+02 +/-   3.11897624E-05   4.86867583E-05
     3     2.1544E+05  -2.30700244E+02 +/-   3.11896523E-05   4.86864148E-05
     4     4.6416E+04  -2.30700244E+02 +/-   3.11891417E-05   4.86848206E-05
     5     1.0000E+04  -2.30700244E+02 +/-   3.11867721E-05   4.86774231E-05
     6     2.1544E+03  -2.30700244E+02 +/-   3.11757841E-05   4.86431283E-05
     7     4.6416E+02  -2.30700244E+02 +/-   3.11250179E-05   4.84848377E-05
     8     1.0000E+02  -2.30700245E+02 +/-   3.08943007E-05   4.77687049E-05
     9     2.1544E+01  -2.30700248E+02 +/-   2.99169060E-05   4.47940242E-05
    10     4.6416E+00  -2.30700256E+02 +/-   2.67116436E-05   3.57098438E-05
    11     1.0000E+00  -2.30700263E+02 +/-   2.20327952E-05   2.42955046E-05
    12     2.1544E-01  -2.30700250E+02 +/-   2.34443879E-05   2.75083488E-05
    13     4.6416E-02  -2.30700234E+02 +/-   2.66977800E-05   3.56727858E-05
    14     1.0000E-02  -2.30700227E+02 +/-   2.79068253E-05   3.89769269E-05
    15     2.1544E-03  -2.30700226E+02 +/-   2.82047336E-05   3.98135341E-05
    16     4.6416E-04  -2.30700225E+02 +/-   2.82708815E-05   4.00005007E-05
    17     1.0000E-04  -2.30700225E+02 +/-   2.82852265E-05   4.00411045E-05
    18     2.1544E-05  -2.30700225E+02 +/-   2.82883214E-05   4.00498674E-05
    19     4.6416E-06  -2.30700225E+02 +/-   2.82889884E-05   4.00517560E-05
    20     1.0000E-06  -2.30700225E+02 +/-   2.82891321E-05   4.00521629E-05
    21     0.0000E+00  -2.30700225E+02 +/-   2.82891716E-05   4.00522747E-05
* Iteration # 3: E =  -2.307002625823E+02 +/-   2.203279522416E-05
* Diminishing returns: exiting.
* After optimization:
  -7.8937E-01   3.5086E-01  -5.9057E-02  -5.3195E-02   2.3001E-02   2.0233E-02
  -1.9687E-01  -1.7418E-01   1.6574E-02   4.2654E-02   3.4750E-02   1.8270E-02
   1.2192E-02  -1.6294E-02  -2.6464E-02  -2.6018E-02   1.9578E-02  -2.1173E-02
   7.7941E-01   1.1255E-01   1.2780E-02   1.6396E-02  -3.8684E-02  -3.8564E-02
   6.9923E-02   6.7175E-03   8.9145E-03  -2.9744E-03  -6.4202E-03   2.5207E-01
   1.0025E-01   1.0234E-01   3.7793E-02   4.2419E-02   1.6995E-01   9.2895E-02
   9.4769E-02   6.7434E-02   6.7741E-02
  > Energy =  -2.307002625823E+02 +/-   2.203279522416E-05
  > varE =   2.429550458463E-05

VMC #2:
* Size of Hilbert space =   4.0000E+02
* Deterministic energy evaluation:
  > Deterministic Etot/t = -230.70023818678482
    - Ttot/t = -10.363044677269000
    - Utot/t = 3.9052983446320422
* Number of equil. steps   = 1000
* Running VMC equilibration.
  Done. [total walltime: 0.06s]
* Equil. acc.ratio (%)     =  40.7842
* Sample config after equilibration:
  +-----+
  |  0  |
  |d   2|
  |u   u|
  |  d  |
  +-----+
* Number of accum. steps   = 500480 x 10
* Running VMC accumulation.
  Done. [total walltime: 7.00s]
* Acceptance ratio (%)     =  40.8983
* Etot/t                   =  -2.307002302623E+02 +/-   6.869554850337E-06
  > Ttot/t                 =  -1.036301945556E+01 +/-   2.853200191371E-04
  > Utot/t                 =   3.905281047403E+00 +/-   2.849496987598E-04
* var[Eloc/t]              =   2.414160178406E-05 +/-   3.796606886013E-08
* Correlation length       =   9.783130261363E-01
* log10 Psi^2 range: -7.9940076654348369 -- -3.8329598210594447
* log10 Pgen range : -7.9940076654348369 -- -3.8329598210594447
* Site occupation (ave. no. electrons per config.):
  > Site_  ___eu____  ___ed____
      1        0.501      0.501
      2        0.496      0.498
      3        0.502      0.499
      4        0.501      0.496
      5        0.498      0.501
      6        0.503      0.504
* Pair-correlation analysis (ave. no. pairs per config.):
  > Shell  nsite  ___dh____  __eueu___  __eued___
      0      1        0          0          1.031
      1      4        1.060      1.487      3.519
      2      4        0.151      0.849      1.108
      3      4        0.076      0.416      0.550
      4      4        0.234      2.164      1.854
      5      4        0.114      1.085      0.938

Optimization #2:
* Method          : lls
* Target function : energy
* No. of configs. : 50048
* No. of params.  : 39
* Before optimization:
  -7.8937E-01   3.5086E-01  -5.9057E-02  -5.3195E-02   2.3001E-02   2.0233E-02
  -1.9687E-01  -1.7418E-01   1.6574E-02   4.2654E-02   3.4750E-02   1.8270E-02
   1.2192E-02  -1.6294E-02  -2.6464E-02  -2.6018E-02   1.9578E-02  -2.1173E-02
   7.7941E-01   1.1255E-01   1.2780E-02   1.6396E-02  -3.8684E-02  -3.8564E-02
   6.9923E-02   6.7175E-03   8.9145E-03  -2.9744E-03  -6.4202E-03   2.5207E-01
   1.0025E-01   1.0234E-01   3.7793E-02   4.2419E-02   1.6995E-01   9.2895E-02
   9.4769E-02   6.7434E-02   6.7741E-02
  > E    =  -2.307002748455E+02 +/-   2.209786302517E-05
  > varE =   2.443921666037E-05
* Computing derivatives.
  Done. [total walltime: 18.0s]
* Optimizing manipulation constant:
  #igrid a___________ E____________________________________ varE____________
     1     Infinity    -2.30700275E+02 +/-   2.20978630E-05   2.44392167E-05
     2     1.0000E+06  -2.30700275E+02 +/-   2.20978431E-05   2.44391727E-05
     3     2.1544E+05  -2.30700275E+02 +/-   2.20977707E-05   2.44390125E-05
     4     4.6416E+04  -2.30700275E+02 +/-   2.20974346E-05   2.44382690E-05
     5     1.0000E+04  -2.30700275E+02 +/-   2.20958746E-05   2.44348186E-05
     6     2.1544E+03  -2.30700275E+02 +/-   2.20886393E-05   2.44188189E-05
     7     4.6416E+02  -2.30700275E+02 +/-   2.20551750E-05   2.43448858E-05
     8     1.0000E+02  -2.30700275E+02 +/-   2.19023566E-05   2.40086874E-05
     9     2.1544E+01  -2.30700275E+02 +/-   2.12425905E-05   2.25840425E-05
    10     4.6416E+00  -2.30700277E+02 +/-   1.89343914E-05   1.79427674E-05
    11     1.0000E+00  -2.30700279E+02 +/-   1.43560024E-05   1.03146329E-05
    12     2.1544E-01  -2.30700262E+02 +/-   1.64642948E-05   1.35666616E-05
    13     4.6416E-02  -2.30700218E+02 +/-   2.67630501E-05   3.58474230E-05
    14     1.0000E-02  -2.30700192E+02 +/-   3.16712854E-05   5.02016632E-05
    15     2.1544E-03  -2.30700184E+02 +/-   3.29834887E-05   5.44477461E-05
    16     4.6416E-04  -2.30700183E+02 +/-   3.32809169E-05   5.54341372E-05
    17     1.0000E-04  -2.30700182E+02 +/-   3.33457171E-05   5.56502154E-05
    18     2.1544E-05  -2.30700182E+02 +/-   3.33597118E-05   5.56969363E-05
    19     4.6416E-06  -2.30700182E+02 +/-   3.33627284E-05   5.57070098E-05
    20     1.0000E-06  -2.30700182E+02 +/-   3.33633784E-05   5.57091804E-05
    21     0.0000E+00  -2.30700182E+02 +/-   3.33635569E-05   5.57097765E-05
* Iteration # 1: E =  -2.307002791195E+02 +/-   1.435600243841E-05
* Convergence: exiting.
* After optimization:
  -7.6315E-01   3.3654E-01  -6.0704E-02  -5.4363E-02   2.3368E-02   2.0794E-02
  -1.8012E-01  -1.7469E-01   2.1798E-02   4.1142E-02   4.6841E-02   9.0253E-03
   1.6868E-02  -2.1530E-02  -2.7064E-02  -2.6610E-02   1.8228E-02  -1.3669E-02
   7.5613E-01   9.3899E-02   2.9372E-03   7.5076E-03  -2.7418E-02  -2.7471E-02
   6.7608E-02   1.5573E-03   4.4740E-03  -8.1574E-04  -4.8976E-03   2.3228E-01
   8.8315E-02   9.0794E-02   4.7604E-02   5.3268E-02   1.6915E-01   8.5029E-02
   8.7218E-02   7.0860E-02   7.1162E-02
  > Energy =  -2.307002791195E+02 +/-   1.435600243841E-05
  > varE =   1.031463285127E-05

VMC #3:
* Size of Hilbert space =   4.0000E+02
* Deterministic energy evaluation:
  > Deterministic Etot/t = -230.70025976185809
    - Ttot/t = -10.362951944702024
    - Utot/t = 3.9051840369918160
* Number of equil. steps   = 1000
* Running VMC equilibration.
  Done. [total walltime: 0.06s]
* Equil. acc.ratio (%)     =  41.1384
* Sample config after equilibration:
  +-----+
  |  u  |
  |0   d|
  |2   2|
  |  0  |
  +-----+
* Number of accum. steps   = 500480 x 10
* Running VMC accumulation.
  Done. [total walltime: 7.01s]
* Acceptance ratio (%)     =  41.1145
* Etot/t                   =  -2.307002532221E+02 +/-   4.570852717641E-06
  > Ttot/t                 =  -1.036292866192E+01 +/-   2.947219401379E-04
  > Utot/t                 =   3.905167293961E+00 +/-   2.943032787846E-04
* var[Eloc/t]              =   1.025388705163E-05 +/-   2.088382636698E-08
* Correlation length       =   1.019747508815E+00
* log10 Psi^2 range: -7.3454277013260247 -- -3.8082891778666013
* log10 Pgen range : -7.3454277013260247 -- -3.8082891778666013
* Site occupation (ave. no. electrons per config.):
  > Site_  ___eu____  ___ed____
      1        0.499      0.500
      2        0.501      0.500
      3        0.501      0.502
      4        0.504      0.500
      5        0.498      0.500
      6        0.497      0.498
* Pair-correlation analysis (ave. no. pairs per config.):
  > Shell  nsite  ___dh____  __eueu___  __eued___
      0      1        0          0          1.029
      1      4        1.060      1.485      3.519
      2      4        0.150      0.844      1.104
      3      4        0.077      0.420      0.550
      4      4        0.227      2.167      1.864
      5      4        0.112      1.083      0.935

Optimization #3:
* Method          : lls
* Target function : energy
* No. of configs. : 50048
* No. of params.  : 39
* Before optimization:
  -7.6315E-01   3.3654E-01  -6.0704E-02  -5.4363E-02   2.3368E-02   2.0794E-02
  -1.8012E-01  -1.7469E-01   2.1798E-02   4.1142E-02   4.6841E-02   9.0253E-03
   1.6868E-02  -2.1530E-02  -2.7064E-02  -2.6610E-02   1.8228E-02  -1.3669E-02
   7.5613E-01   9.3899E-02   2.9372E-03   7.5076E-03  -2.7418E-02  -2.7471E-02
   6.7608E-02   1.5573E-03   4.4740E-03  -8.1574E-04  -4.8976E-03   2.3228E-01
   8.8315E-02   9.0794E-02   4.7604E-02   5.3268E-02   1.6915E-01   8.5029E-02
   8.7218E-02   7.0860E-02   7.1162E-02
  > E    =  -2.307002454702E+02 +/-   1.432017279100E-05
  > varE =   1.026321067095E-05
* Computing derivatives.
  Done. [total walltime: 17.8s]
* Optimizing manipulation constant:
  #igrid a___________ E____________________________________ varE____________
     1     Infinity    -2.30700245E+02 +/-   1.43201728E-05   1.02632107E-05
     2     1.0000E+06  -2.30700245E+02 +/-   1.43201627E-05   1.02631962E-05
     3     2.1544E+05  -2.30700245E+02 +/-   1.43201260E-05   1.02631435E-05
     4     4.6416E+04  -2.30700245E+02 +/-   1.43199554E-05   1.02628991E-05
     5     1.0000E+04  -2.30700245E+02 +/-   1.43191639E-05   1.02617645E-05
     6     2.1544E+03  -2.30700245E+02 +/-   1.43154931E-05   1.02565040E-05
     7     4.6416E+02  -2.30700246E+02 +/-   1.42985232E-05   1.02322018E-05
     8     1.0000E+02  -2.30700246E+02 +/-   1.42211954E-05   1.01218275E-05
     9     2.1544E+01  -2.30700247E+02 +/-   1.38907038E-05   9.65684431E-06
    10     4.6416E+00  -2.30700252E+02 +/-   1.28109499E-05   8.21389959E-06
    11     1.0000E+00  -2.30700257E+02 +/-   1.26992265E-05   8.07125864E-06
    12     2.1544E-01  -2.30700172E+02 +/-   3.41209888E-05   5.82679773E-05
    13     4.6416E-02  -2.30698912E+02 +/-   1.39096658E-04   9.68322713E-04
    14     1.0000E-02  -2.30687554E+02 +/-   4.70653605E-04   1.10863735E-02
    15     2.1544E-03  -2.30654928E+02 +/-   9.22388428E-04   4.25808590E-02
    16     4.6416E-04  -2.30631027E+02 +/-   1.14463492E-03   6.55723438E-02
    17     1.0000E-04  -2.30623476E+02 +/-   1.20546844E-03   7.27274596E-02
    18     2.1544E-05  -2.30621691E+02 +/-   1.21932313E-03   7.44088089E-02
    19     4.6416E-06  -2.30621299E+02 +/-   1.22234453E-03   7.47780260E-02
    20     1.0000E-06  -2.30621214E+02 +/-   1.22299719E-03   7.48579007E-02
    21     0.0000E+00  -2.30621191E+02 +/-   1.22317652E-03   7.48798552E-02
  ParMin   2.0454E+00  -2.30700256E+02 +/-   1.20874292E-05   7.31231027E-06
  # Using parabolic minimum
* Iteration # 1: E =  -2.307002560686E+02 +/-   1.208742916319E-05
* Computing derivatives.
  Done. [total walltime: 17.6s]
* Optimizing manipulation constant:
  #igrid a___________ E____________________________________ varE____________
     1     Infinity    -2.30700256E+02 +/-   1.20874292E-05   7.31231027E-06
     2     1.0000E+06  -2.30700256E+02 +/-   1.20874217E-05   7.31230126E-06
     3     2.1544E+05  -2.30700256E+02 +/-   1.20873946E-05   7.31226844E-06
     4     4.6416E+04  -2.30700256E+02 +/-   1.20872687E-05   7.31211609E-06
     5     1.0000E+04  -2.30700256E+02 +/-   1.20866843E-05   7.31140907E-06
     6     2.1544E+03  -2.30700256E+02 +/-   1.20839733E-05   7.30812956E-06
     7     4.6416E+02  -2.30700256E+02 +/-   1.20714206E-05   7.29295430E-06
     8     1.0000E+02  -2.30700256E+02 +/-   1.20138101E-05   7.22350962E-06
     9     2.1544E+01  -2.30700257E+02 +/-   1.17595457E-05   6.92098350E-06
    10     4.6416E+00  -2.30700261E+02 +/-   1.07938004E-05   5.83089864E-06
    11     1.0000E+00  -2.30700269E+02 +/-   8.33125804E-06   3.47382470E-06
    12     2.1544E-01  -2.30700277E+02 +/-   5.22963554E-06   1.36876715E-06
    13     4.6416E-02  -2.30700279E+02 +/-   3.98051471E-06   7.92985403E-07
    14     1.0000E-02  -2.30700280E+02 +/-   3.84260790E-06   7.38990523E-07
    15     2.1544E-03  -2.30700280E+02 +/-   3.83460998E-06   7.35917487E-07
    16     4.6416E-04  -2.30700280E+02 +/-   3.83419553E-06   7.35758418E-07
    17     1.0000E-04  -2.30700280E+02 +/-   3.83417037E-06   7.35748762E-07
    18     2.1544E-05  -2.30700280E+02 +/-   3.83416796E-06   7.35747837E-07
    19     4.6416E-06  -2.30700280E+02 +/-   3.83416758E-06   7.35747691E-07
    20     1.0000E-06  -2.30700280E+02 +/-   3.83416750E-06   7.35747663E-07
    21     0.0000E+00  -2.30700280E+02 +/-   3.83416748E-06   7.35747655E-07
* Iteration # 2: E =  -2.307002797541E+02 +/-   3.834167483085E-06
* Computing derivatives.
  Done. [total walltime: 17.6s]
* Optimizing manipulation constant:
  #igrid a___________ E____________________________________ varE____________
     1     Infinity    -2.30700280E+02 +/-   3.83416748E-06   7.35747655E-07
     2     1.0000E+06  -2.30700280E+02 +/-   3.83416670E-06   7.35747355E-07
     3     2.1544E+05  -2.30700280E+02 +/-   3.83416386E-06   7.35746263E-07
     4     4.6416E+04  -2.30700280E+02 +/-   3.83415065E-06   7.35741195E-07
     5     1.0000E+04  -2.30700280E+02 +/-   3.83408938E-06   7.35717679E-07
     6     2.1544E+03  -2.30700280E+02 +/-   3.83380525E-06   7.35608642E-07
     7     4.6416E+02  -2.30700280E+02 +/-   3.83249279E-06   7.35105073E-07
     8     1.0000E+02  -2.30700280E+02 +/-   3.82653447E-06   7.32821137E-07
     9     2.1544E+01  -2.30700280E+02 +/-   3.80150155E-06   7.23264368E-07
    10     4.6416E+00  -2.30700280E+02 +/-   3.72467867E-06   6.94327476E-07
    11     1.0000E+00  -2.30700281E+02 +/-   3.66112142E-06   6.70833885E-07
    12     2.1544E-01  -2.30700282E+02 +/-   3.83753843E-06   7.37041942E-07
    13     4.6416E-02  -2.30700282E+02 +/-   4.01564847E-06   8.07045651E-07
    14     1.0000E-02  -2.30700282E+02 +/-   4.07486370E-06   8.31022724E-07
    15     2.1544E-03  -2.30700282E+02 +/-   4.08900691E-06   8.36801433E-07
    16     4.6416E-04  -2.30700282E+02 +/-   4.09212422E-06   8.38077814E-07
    17     1.0000E-04  -2.30700282E+02 +/-   4.09279915E-06   8.38354292E-07
    18     2.1544E-05  -2.30700282E+02 +/-   4.09294471E-06   8.38413927E-07
    19     4.6416E-06  -2.30700282E+02 +/-   4.09297608E-06   8.38426778E-07
    20     1.0000E-06  -2.30700282E+02 +/-   4.09298284E-06   8.38429547E-07
    21     0.0000E+00  -2.30700282E+02 +/-   4.09298470E-06   8.38430307E-07
* Iteration # 3: E =  -2.307002820095E+02 +/-   3.837538431142E-06
* Convergence: exiting.
* After optimization:
  -6.8750E-01   3.1613E-01  -6.7568E-02  -6.0344E-02   1.7926E-02   1.4724E-02
  -1.5029E-01  -1.6731E-01   3.1620E-02   3.8155E-02   7.4360E-02  -1.1522E-02
   2.7535E-02  -3.4269E-02  -2.8848E-02  -2.8225E-02   1.5150E-02  -5.8871E-03
   7.3381E-01   7.2365E-02  -9.7907E-03  -2.5896E-03  -1.6137E-02  -1.6381E-02
   6.1264E-02  -1.7758E-03   2.7773E-03  -7.1559E-04  -6.8208E-03   2.0236E-01
   6.0446E-02   6.3879E-02   4.9364E-02   5.8024E-02   1.6129E-01   6.7115E-02
   6.9644E-02   6.2369E-02   6.2816E-02
  > Energy =  -2.307002820095E+02 +/-   3.837538431142E-06
  > varE =   7.370419421827E-07

VMC #4:
* Size of Hilbert space =   4.0000E+02
* Deterministic energy evaluation:
  > Deterministic Etot/t = -230.70027825453556
    - Ttot/t = -10.363074976570809
    - Utot/t = 3.9052885761831329
* Number of equil. steps   = 1000
* Running VMC equilibration.
  Done. [total walltime: 0.06s]
* Equil. acc.ratio (%)     =  41.0337
* Sample config after equilibration:
  +-----+
  |  u  |
  |d   d|
  |u   u|
  |  d  |
  +-----+
* Number of accum. steps   = 500480 x 10
* Running VMC accumulation.
  Done. [total walltime: 6.87s]
* Acceptance ratio (%)     =  41.0316
* Etot/t                   =  -2.307002764095E+02 +/-   1.215414780417E-06
  > Ttot/t                 =  -1.036266908380E+01 +/-   2.841052740531E-04
  > Utot/t                 =   3.904884528343E+00 +/-   2.837991638983E-04
* var[Eloc/t]              =   7.667377864480E-07 +/-   6.355521318742E-09
* Correlation length       =   9.642483117151E-01
* log10 Psi^2 range: -7.2112814022561134 -- -3.6713517735250250
* log10 Pgen range : -7.2112814022561134 -- -3.6713517735250250
* Site occupation (ave. no. electrons per config.):
  > Site_  ___eu____  ___ed____
      1        0.499      0.499
      2        0.501      0.495
      3        0.498      0.505
      4        0.503      0.499
      5        0.499      0.501
      6        0.502      0.500
* Pair-correlation analysis (ave. no. pairs per config.):
  > Shell  nsite  ___dh____  __eueu___  __eued___
      0      1        0          0          1.028
      1      4        1.057      1.477      3.531
      2      4        0.152      0.839      1.109
      3      4        0.076      0.417      0.551
      4      4        0.229      2.176      1.850
      5      4        0.112      1.091      0.931

Optimization #4:
* Method          : lls
* Target function : energy
* No. of configs. : 50048
* No. of params.  : 39
* Before optimization:
  -6.8750E-01   3.1613E-01  -6.7568E-02  -6.0344E-02   1.7926E-02   1.4724E-02
  -1.5029E-01  -1.6731E-01   3.1620E-02   3.8155E-02   7.4360E-02  -1.1522E-02
   2.7535E-02  -3.4269E-02  -2.8848E-02  -2.8225E-02   1.5150E-02  -5.8871E-03
   7.3381E-01   7.2365E-02  -9.7907E-03  -2.5896E-03  -1.6137E-02  -1.6381E-02
   6.1264E-02  -1.7758E-03   2.7773E-03  -7.1559E-04  -6.8208E-03   2.0236E-01
   6.0446E-02   6.3879E-02   4.9364E-02   5.8024E-02   1.6129E-01   6.7115E-02
   6.9644E-02   6.2369E-02   6.2816E-02
  > E    =  -2.307002743244E+02 +/-   3.968171301966E-06
  > varE =   7.880750004944E-07
* Computing derivatives.
  Done. [total walltime: 17.6s]
* Optimizing manipulation constant:
  #igrid a___________ E____________________________________ varE____________
     1     Infinity    -2.30700274E+02 +/-   3.96817130E-06   7.88075000E-07
     2     1.0000E+06  -2.30700274E+02 +/-   3.96817027E-06   7.88074590E-07
     3     2.1544E+05  -2.30700274E+02 +/-   3.96816663E-06   7.88073146E-07
     4     4.6416E+04  -2.30700274E+02 +/-   3.96815231E-06   7.88067457E-07
     5     1.0000E+04  -2.30700274E+02 +/-   3.96814087E-06   7.88062911E-07
     6     2.1544E+03  -2.30700274E+02 +/-   3.96927255E-06   7.88512473E-07
     7     4.6416E+02  -2.30700274E+02 +/-   4.00076294E-06   8.01073499E-07
     8     1.0000E+02  -2.30700273E+02 +/-   5.03892749E-06   1.27075827E-06
     9     2.1544E+01  -2.30700174E+02 +/-   3.82384153E-05   7.31790049E-05
    10     4.6416E+00  -2.30691526E+02 +/-   3.67326776E-04   6.75292460E-03
    11     1.0000E+00  -2.30624101E+02 +/-   1.06497193E-03   5.67627008E-02
    12     2.1544E-01  -2.30542018E+02 +/-   1.49857223E-03   1.12393731E-01
    13     4.6416E-02  -2.30510244E+02 +/-   1.62653796E-03   1.32408277E-01
    14     1.0000E-02  -2.30504460E+02 +/-   1.64827821E-03   1.35971461E-01
    15     2.1544E-03  -2.30503391E+02 +/-   1.65225776E-03   1.36628823E-01
    16     4.6416E-04  -2.30503171E+02 +/-   1.65307511E-03   1.36764033E-01
    17     1.0000E-04  -2.30503124E+02 +/-   1.65324926E-03   1.36792851E-01
    18     2.1544E-05  -2.30503114E+02 +/-   1.65328669E-03   1.36799045E-01
    19     4.6416E-06  -2.30503111E+02 +/-   1.65329475E-03   1.36800379E-01
    20     1.0000E-06  -2.30503111E+02 +/-   1.65329649E-03   1.36800666E-01
    21     0.0000E+00  -2.30503111E+02 +/-   1.65329696E-03   1.36800745E-01
* Iteration # 1: E =  -2.307002743244E+02 +/-   3.968140865316E-06
* Convergence: exiting.
* After optimization:
  -6.8691E-01   3.1613E-01  -6.7568E-02  -6.0344E-02   1.7925E-02   1.4724E-02
  -1.5029E-01  -1.6731E-01   3.1620E-02   3.8155E-02   7.4360E-02  -1.1522E-02
   2.7534E-02  -3.4269E-02  -2.8848E-02  -2.8225E-02   1.5150E-02  -5.8871E-03
   7.3359E-01   7.2343E-02  -9.7875E-03  -2.5883E-03  -1.6132E-02  -1.6377E-02
   6.1245E-02  -1.7751E-03   2.7766E-03  -7.1544E-04  -6.8189E-03   2.0236E-01
   6.0446E-02   6.3878E-02   4.9363E-02   5.8023E-02   1.6129E-01   6.7114E-02
   6.9644E-02   6.2368E-02   6.2816E-02
  > Energy =  -2.307002743244E+02 +/-   3.968140865316E-06
  > varE =   7.880629111619E-07

VMC #5:
* Size of Hilbert space =   4.0000E+02
* Deterministic energy evaluation:
  > Deterministic Etot/t = -230.70027825452792
    - Ttot/t = -10.363074960189307
    - Utot/t = 3.9052885598092639
* Number of equil. steps   = 1000
* Running VMC equilibration.
  Done. [total walltime: 0.06s]
* Equil. acc.ratio (%)     =  40.9189
* Sample config after equilibration:
  +-----+
  |  0  |
  |2   2|
  |0   2|
  |  0  |
  +-----+
* Number of accum. steps   = 500480 x 10
* Running VMC accumulation.
  Done. [total walltime: 7.02s]
* Acceptance ratio (%)     =  40.9857
* Etot/t                   =  -2.307002776734E+02 +/-   1.207955557160E-06
  > Ttot/t                 =  -1.036317992903E+01 +/-   2.902165302258E-04
  > Utot/t                 =   3.905394109719E+00 +/-   2.899086200375E-04
* var[Eloc/t]              =   7.744840902392E-07 +/-   7.987857979799E-09
* Correlation length       =   9.429228029622E-01
* log10 Psi^2 range: -7.2112703825374727 -- -3.6713401467009490
* log10 Pgen range : -7.2112703825374727 -- -3.6713401467009490
* Site occupation (ave. no. electrons per config.):
  > Site_  ___eu____  ___ed____
      1        0.501      0.503
      2        0.500      0.498
      3        0.501      0.497
      4        0.500      0.499
      5        0.499      0.502
      6        0.499      0.501
* Pair-correlation analysis (ave. no. pairs per config.):
  > Shell  nsite  ___dh____  __eueu___  __eued___
      0      1        0          0          1.026
      1      4        1.051      1.476      3.540
      2      4        0.147      0.842      1.112
      3      4        0.076      0.419      0.554
      4      4        0.234      2.176      1.843
      5      4        0.115      1.087      0.926

Optimization #5:
* Method          : lls
* Target function : energy
* No. of configs. : 50048
* No. of params.  : 39
* Before optimization:
  -6.8691E-01   3.1613E-01  -6.7568E-02  -6.0344E-02   1.7925E-02   1.4724E-02
  -1.5029E-01  -1.6731E-01   3.1620E-02   3.8155E-02   7.4360E-02  -1.1522E-02
   2.7534E-02  -3.4269E-02  -2.8848E-02  -2.8225E-02   1.5150E-02  -5.8871E-03
   7.3359E-01   7.2343E-02  -9.7875E-03  -2.5883E-03  -1.6132E-02  -1.6377E-02
   6.1245E-02  -1.7751E-03   2.7766E-03  -7.1544E-04  -6.8189E-03   2.0236E-01
   6.0446E-02   6.3878E-02   4.9363E-02   5.8023E-02   1.6129E-01   6.7114E-02
   6.9644E-02   6.2368E-02   6.2816E-02
  > E    =  -2.307002788670E+02 +/-   3.905562739786E-06
  > varE =   7.634031798955E-07
* Computing derivatives.
  Done. [total walltime: 18.0s]
* Optimizing manipulation constant:
  #igrid a___________ E____________________________________ varE____________
     1     Infinity    -2.30700279E+02 +/-   3.90556274E-06   7.63403180E-07
     2     1.0000E+06  -2.30700279E+02 +/-   3.90556182E-06   7.63402820E-07
     3     2.1544E+05  -2.30700279E+02 +/-   3.90555847E-06   7.63401511E-07
     4     4.6416E+04  -2.30700279E+02 +/-   3.90554292E-06   7.63395434E-07
     5     1.0000E+04  -2.30700279E+02 +/-   3.90547081E-06   7.63367241E-07
     6     2.1544E+03  -2.30700279E+02 +/-   3.90513689E-06   7.63236709E-07
     7     4.6416E+02  -2.30700279E+02 +/-   3.90360443E-06   7.62637806E-07
     8     1.0000E+02  -2.30700279E+02 +/-   3.89684865E-06   7.60000369E-07
     9     2.1544E+01  -2.30700279E+02 +/-   3.87160880E-06   7.50187225E-07
    10     4.6416E+00  -2.30700279E+02 +/-   3.80790804E-06   7.25704191E-07
    11     1.0000E+00  -2.30700279E+02 +/-   3.61056231E-06   6.52433746E-07
    12     2.1544E-01  -2.30700280E+02 +/-   3.46385924E-06   6.00491960E-07
    13     4.6416E-02  -2.30700281E+02 +/-   3.91539287E-06   7.67250919E-07
    14     1.0000E-02  -2.30700282E+02 +/-   8.66366630E-06   3.75655853E-06
    15     2.1544E-03  -2.30700230E+02 +/-   3.67370098E-05   6.75451757E-05
    16     4.6416E-04  -2.30698475E+02 +/-   1.82482948E-04   1.66659972E-03
    17     1.0000E-04  -2.30621908E+02 +/-   1.05991243E-03   5.62246416E-02
    18     2.1544E-05  -2.30097106E+02 +/-   2.33856797E-03   2.73707514E-01
    19     4.6416E-06  -2.29824140E+02 +/-   2.63979854E-03   3.48761307E-01
    20     1.0000E-06  -2.29793662E+02 +/-   2.60131242E-03   3.38666124E-01
    21     0.0000E+00  -2.29793249E+02 +/-   2.59450570E-03   3.36896102E-01
* Iteration # 1: E =  -2.307002798670E+02 +/-   3.463859236812E-06
* Convergence: exiting.
* After optimization:
  -6.5151E-01   3.1684E-01  -7.1249E-02  -6.3087E-02   1.6354E-02   1.2965E-02
  -1.5221E-01  -1.6577E-01   3.5365E-02   3.7286E-02   7.6901E-02  -1.2102E-02
   2.6536E-02  -3.3387E-02  -2.8323E-02  -2.9173E-02   1.4897E-02  -6.0428E-03
   7.2392E-01   7.0056E-02  -1.0638E-02  -2.3805E-03  -1.6484E-02  -1.6701E-02
   5.9658E-02  -3.2253E-03   1.1315E-03  -7.7352E-04  -6.7290E-03   1.9775E-01
   5.4476E-02   5.7902E-02   4.4146E-02   5.2853E-02   1.5775E-01   6.0484E-02
   6.1241E-02   5.7963E-02   5.8500E-02
  > Energy =  -2.307002798670E+02 +/-   3.463859236812E-06
  > varE =   6.004919600213E-07

VMC #6:
* Size of Hilbert space =   4.0000E+02
* Deterministic energy evaluation:
  > Deterministic Etot/t = -230.70027840506350
    - Ttot/t = -10.363194689897583
    - Utot/t = 3.9054081389819424
* Number of equil. steps   = 1000
* Running VMC equilibration.
  Done. [total walltime: 0.06s]
* Equil. acc.ratio (%)     =  40.1884
* Sample config after equilibration:
  +-----+
  |  d  |
  |u   u|
  |2   d|
  |  0  |
  +-----+
* Number of accum. steps   = 500480 x 10
* Running VMC accumulation.
  Done. [total walltime: 7.00s]
* Acceptance ratio (%)     =  40.0120
* Etot/t                   =  -2.307002789221E+02 +/-   1.120921701338E-06
  > Ttot/t                 =  -1.036325530704E+01 +/-   2.948567648413E-04
  > Utot/t                 =   3.905468239071E+00 +/-   2.948417959915E-04
* var[Eloc/t]              =   6.170275747171E-07 +/-   8.311114884616E-09
* Correlation length       =   1.019137327816E+00
* log10 Psi^2 range: -7.1823592205291540 -- -3.6417679674387724
* log10 Pgen range : -7.1823592205291540 -- -3.6417679674387724
* Site occupation (ave. no. electrons per config.):
  > Site_  ___eu____  ___ed____
      1        0.500      0.497
      2        0.500      0.501
      3        0.499      0.499
      4        0.499      0.498
      5        0.501      0.505
      6        0.500      0.500
* Pair-correlation analysis (ave. no. pairs per config.):
  > Shell  nsite  ___dh____  __eueu___  __eued___
      0      1        0          0          1.031
      1      4        1.061      1.476      3.529
      2      4        0.150      0.834      1.107
      3      4        0.075      0.425      0.558
      4      4        0.232      2.179      1.856
      5      4        0.115      1.085      0.919

Optimization #6:
* Method          : lls
* Target function : energy
* No. of configs. : 50048
* No. of params.  : 39
* Before optimization:
  -6.5151E-01   3.1684E-01  -7.1249E-02  -6.3087E-02   1.6354E-02   1.2965E-02
  -1.5221E-01  -1.6577E-01   3.5365E-02   3.7286E-02   7.6901E-02  -1.2102E-02
   2.6536E-02  -3.3387E-02  -2.8323E-02  -2.9173E-02   1.4897E-02  -6.0428E-03
   7.2392E-01   7.0056E-02  -1.0638E-02  -2.3805E-03  -1.6484E-02  -1.6701E-02
   5.9658E-02  -3.2253E-03   1.1315E-03  -7.7352E-04  -6.7290E-03   1.9775E-01
   5.4476E-02   5.7902E-02   4.4146E-02   5.2853E-02   1.5775E-01   6.0484E-02
   6.1241E-02   5.7963E-02   5.8500E-02
  > E    =  -2.307002794229E+02 +/-   3.487695903316E-06
  > varE =   6.087850087906E-07
* Computing derivatives.
  Done. [total walltime: 18.0s]
* Optimizing manipulation constant:
  #igrid a___________ E____________________________________ varE____________
     1     Infinity    -2.30700279E+02 +/-   3.48769590E-06   6.08785009E-07
     2     1.0000E+06  -2.30700279E+02 +/-   3.48769567E-06   6.08784926E-07
     3     2.1544E+05  -2.30700279E+02 +/-   3.48769480E-06   6.08784625E-07
     4     4.6416E+04  -2.30700279E+02 +/-   3.48769080E-06   6.08783227E-07
     5     1.0000E+04  -2.30700279E+02 +/-   3.48767222E-06   6.08776741E-07
     6     2.1544E+03  -2.30700279E+02 +/-   3.48758609E-06   6.08746674E-07
     7     4.6416E+02  -2.30700279E+02 +/-   3.48718872E-06   6.08607960E-07
     8     1.0000E+02  -2.30700279E+02 +/-   3.48539772E-06   6.07982967E-07
     9     2.1544E+01  -2.30700280E+02 +/-   3.47902508E-06   6.05761750E-07
    10     4.6416E+00  -2.30700281E+02 +/-   3.63541278E-06   6.61445685E-07
    11     1.0000E+00  -2.30700284E+02 +/-   6.63346895E-06   2.20225765E-06
    12     2.1544E-01  -2.30700280E+02 +/-   3.53342073E-06   6.24852385E-07
    13     4.6416E-02  -2.30697932E+02 +/-   1.98400349E-04   1.97002434E-03
    14     1.0000E-02  -2.30558025E+02 +/-   1.44012096E-03   1.03796968E-01
    15     2.1544E-03  -2.29261577E+02 +/-   2.69140749E-03   3.62531410E-01
    16     4.6416E-04  -2.29260992E+02 +/-   2.69161203E-03   3.62586515E-01
    17     1.0000E-04  -2.29260834E+02 +/-   2.69175782E-03   3.62625794E-01
    18     2.1544E-05  -2.29260794E+02 +/-   2.69179404E-03   3.62635553E-01
    19     4.6416E-06  -2.29260785E+02 +/-   2.69180209E-03   3.62637724E-01
    20     1.0000E-06  -2.29260783E+02 +/-   2.69180384E-03   3.62638195E-01
    21     0.0000E+00  -2.29260783E+02 +/-   2.69180432E-03   3.62638325E-01
  ParMin   4.6271E-01  -2.30700284E+02 +/-   6.69723801E-06   2.24480279E-06
  # Using grid point #12
* Iteration # 1: E =  -2.307002804606E+02 +/-   3.533420726700E-06
* Convergence: exiting.
* After optimization:
  -6.5247E-01   3.0686E-01  -6.8681E-02  -6.0381E-02   1.5801E-02   1.2159E-02
  -1.4175E-01  -1.6354E-01   3.3807E-02   3.6811E-02   7.6900E-02  -1.4051E-02
   2.7352E-02  -3.4743E-02  -2.9150E-02  -2.9734E-02   1.4859E-02  -2.4584E-03
   7.2896E-01   6.3884E-02  -1.3351E-02  -4.7290E-03  -1.9512E-02  -1.9708E-02
   5.6839E-02  -5.6591E-03  -1.1663E-03  -4.5044E-03  -1.1042E-02   1.8772E-01
   5.1184E-02   5.4874E-02   3.9513E-02   4.8866E-02   1.5242E-01   5.7013E-02
   5.7852E-02   5.2642E-02   5.3117E-02
  > Energy =  -2.307002804606E+02 +/-   3.533420726700E-06
  > varE =   6.248523845712E-07

VMC #7:
* Size of Hilbert space =   4.0000E+02
* Deterministic energy evaluation:
  > Deterministic Etot/t = -230.70027837816306
    - Ttot/t = -10.363108852666038
    - Utot/t = 3.9053223286508354
* Number of equil. steps   = 1000
* Running VMC equilibration.
  Done. [total walltime: 0.06s]
* Equil. acc.ratio (%)     =  40.7211
* Sample config after equilibration:
  +-----+
  |  u  |
  |2   d|
  |0   2|
  |  0  |
  +-----+
* Number of accum. steps   = 500480 x 10
* Running VMC accumulation.
  Done. [total walltime: 7.00s]
* Acceptance ratio (%)     =  40.7596
* Etot/t                   =  -2.307002752736E+02 +/-   1.127063962726E-06
  > Ttot/t                 =  -1.036270631058E+01 +/-   2.931672223876E-04
  > Utot/t                 =   3.904922891077E+00 +/-   2.929355653514E-04
* var[Eloc/t]              =   6.296470703774E-07 +/-   5.372732138237E-09
* Correlation length       =   1.009686773865E+00
* log10 Psi^2 range: -7.1152580016531619 -- -3.5740163000958902
* log10 Pgen range : -7.1152580016531619 -- -3.5740163000958902
* Site occupation (ave. no. electrons per config.):
  > Site_  ___eu____  ___ed____
      1        0.501      0.497
      2        0.497      0.503
      3        0.504      0.499
      4        0.501      0.498
      5        0.498      0.504
      6        0.497      0.499
* Pair-correlation analysis (ave. no. pairs per config.):
  > Shell  nsite  ___dh____  __eueu___  __eued___
      0      1        0          0          1.027
      1      4        1.056      1.470      3.538
      2      4        0.149      0.838      1.112
      3      4        0.073      0.421      0.557
      4      4        0.229      2.182      1.845
      5      4        0.117      1.089      0.921

Optimization #7:
* Method          : lls
* Target function : energy
* No. of configs. : 50048
* No. of params.  : 39
* Before optimization:
  -6.5247E-01   3.0686E-01  -6.8681E-02  -6.0381E-02   1.5801E-02   1.2159E-02
  -1.4175E-01  -1.6354E-01   3.3807E-02   3.6811E-02   7.6900E-02  -1.4051E-02
   2.7352E-02  -3.4743E-02  -2.9150E-02  -2.9734E-02   1.4859E-02  -2.4584E-03
   7.2896E-01   6.3884E-02  -1.3351E-02  -4.7290E-03  -1.9512E-02  -1.9708E-02
   5.6839E-02  -5.6591E-03  -1.1663E-03  -4.5044E-03  -1.1042E-02   1.8772E-01
   5.1184E-02   5.4874E-02   3.9513E-02   4.8866E-02   1.5242E-01   5.7013E-02
   5.7852E-02   5.2642E-02   5.3117E-02
  > E    =  -2.307002751017E+02 +/-   3.518233762930E-06
  > varE =   6.194925830339E-07
* Computing derivatives.
  Done. [total walltime: 18.0s]
* Optimizing manipulation constant:
  #igrid a___________ E____________________________________ varE____________
     1     Infinity    -2.30700275E+02 +/-   3.51823376E-06   6.19492583E-07
     2     1.0000E+06  -2.30700275E+02 +/-   3.51823331E-06   6.19492422E-07
     3     2.1544E+05  -2.30700275E+02 +/-   3.51823165E-06   6.19491837E-07
     4     4.6416E+04  -2.30700275E+02 +/-   3.51822393E-06   6.19489122E-07
     5     1.0000E+04  -2.30700275E+02 +/-   3.51818814E-06   6.19476517E-07
     6     2.1544E+03  -2.30700275E+02 +/-   3.51802208E-06   6.19418040E-07
     7     4.6416E+02  -2.30700275E+02 +/-   3.51725277E-06   6.19147163E-07
     8     1.0000E+02  -2.30700275E+02 +/-   3.51371350E-06   6.17901745E-07
     9     2.1544E+01  -2.30700275E+02 +/-   3.49797626E-06   6.12379215E-07
    10     4.6416E+00  -2.30700275E+02 +/-   3.44010390E-06   5.92283791E-07
    11     1.0000E+00  -2.30700275E+02 +/-   3.35783704E-06   5.64294683E-07
    12     2.1544E-01  -2.30700077E+02 +/-   3.90862959E-05   7.64602578E-05
    13     4.6416E-02  -2.30700268E+02 +/-   7.87381063E-06   3.10282054E-06
    14     1.0000E-02  -2.30700268E+02 +/-   7.94602537E-06   3.15999665E-06
    15     2.1544E-03  -2.30700268E+02 +/-   8.02930098E-06   3.22657825E-06
    16     4.6416E-04  -2.30700268E+02 +/-   8.05104463E-06   3.24407731E-06
    17     1.0000E-04  -2.30700268E+02 +/-   8.05591612E-06   3.24800432E-06
    18     2.1544E-05  -2.30700268E+02 +/-   8.05697445E-06   3.24885777E-06
    19     4.6416E-06  -2.30700268E+02 +/-   8.05720286E-06   3.24904199E-06
    20     1.0000E-06  -2.30700268E+02 +/-   8.05725209E-06   3.24908169E-06
    21     0.0000E+00  -2.30700268E+02 +/-   8.05726561E-06   3.24909260E-06
  ParMin   2.1524E+00  -2.30700275E+02 +/-   3.39177963E-06   5.75760653E-07
  # Using grid point #11
* Iteration # 1: E =  -2.307002750590E+02 +/-   3.357837040320E-06
* Convergence: exiting.
* After optimization:
  -6.5387E-01   3.0928E-01  -6.9359E-02  -6.1053E-02   1.6122E-02   1.2632E-02
  -1.4459E-01  -1.6457E-01   3.4511E-02   3.6480E-02   7.7950E-02  -1.4655E-02
   2.7490E-02  -3.4563E-02  -2.9222E-02  -3.0948E-02   1.4881E-02  -2.8118E-03
   7.2900E-01   6.1595E-02  -1.3506E-02  -3.9883E-03  -2.0769E-02  -2.0960E-02
   5.4253E-02  -5.6455E-03  -1.0863E-03  -5.2001E-03  -1.1601E-02   1.8558E-01
   5.2942E-02   5.6800E-02   3.8971E-02   4.8219E-02   1.4856E-01   5.8872E-02
   5.8657E-02   5.2713E-02   5.3213E-02
  > Energy =  -2.307002750590E+02 +/-   3.357837040320E-06
  > varE =   5.642946828076E-07

VMC #8:
* Size of Hilbert space =   4.0000E+02
* Deterministic energy evaluation:
  > Deterministic Etot/t = -230.70027841897067
    - Ttot/t = -10.363164836247437
    - Utot/t = 3.9053782714246972
* Number of equil. steps   = 1000
* Running VMC equilibration.
  Done. [total walltime: 0.06s]
* Equil. acc.ratio (%)     =  40.7081
* Sample config after equilibration:
  +-----+
  |  d  |
  |u   u|
  |d   2|
  |  0  |
  +-----+
* Number of accum. steps   = 500480 x 10
* Running VMC accumulation.
  Done. [total walltime: 6.99s]
* Acceptance ratio (%)     =  40.6204
* Etot/t                   =  -2.307002760338E+02 +/-   1.096866155258E-06
  > Ttot/t                 =  -1.036261242758E+01 +/-   2.940870983269E-04
  > Utot/t                 =   3.904828247933E+00 +/-   2.940292850834E-04
* var[Eloc/t]              =   6.012101978248E-07 +/-   6.477413703578E-09
* Correlation length       =   1.001538528169E+00
* log10 Psi^2 range: -7.7078884189047656 -- -3.5432881285094218
* log10 Pgen range : -7.7078884189047656 -- -3.5432881285094218
* Site occupation (ave. no. electrons per config.):
  > Site_  ___eu____  ___ed____
      1        0.499      0.500
      2        0.498      0.501
      3        0.500      0.499
      4        0.501      0.498
      5        0.499      0.502
      6        0.502      0.500
* Pair-correlation analysis (ave. no. pairs per config.):
  > Shell  nsite  ___dh____  __eueu___  __eued___
      0      1        0          0          1.027
      1      4        1.057      1.479      3.531
      2      4        0.151      0.840      1.108
      3      4        0.074      0.421      0.553
      4      4        0.230      2.172      1.856
      5      4        0.115      1.088      0.926

Optimization #8:
* Method          : lls
* Target function : energy
* No. of configs. : 50048
* No. of params.  : 39
* Before optimization:
  -6.5387E-01   3.0928E-01  -6.9359E-02  -6.1053E-02   1.6122E-02   1.2632E-02
  -1.4459E-01  -1.6457E-01   3.4511E-02   3.6480E-02   7.7950E-02  -1.4655E-02
   2.7490E-02  -3.4563E-02  -2.9222E-02  -3.0948E-02   1.4881E-02  -2.8118E-03
   7.2900E-01   6.1595E-02  -1.3506E-02  -3.9883E-03  -2.0769E-02  -2.0960E-02
   5.4253E-02  -5.6455E-03  -1.0863E-03  -5.2001E-03  -1.1601E-02   1.8558E-01
   5.2942E-02   5.6800E-02   3.8971E-02   4.8219E-02   1.4856E-01   5.8872E-02
   5.8657E-02   5.2713E-02   5.3213E-02
  > E    =  -2.307002734734E+02 +/-   3.448736970184E-06
  > varE =   5.952602362369E-07
* Computing derivatives.
  Done. [total walltime: 18.0s]
* Optimizing manipulation constant:
  #igrid a___________ E____________________________________ varE____________
     1     Infinity    -2.30700273E+02 +/-   3.44873697E-06   5.95260236E-07
     2     1.0000E+06  -2.30700273E+02 +/-   3.44873671E-06   5.95260145E-07
     3     2.1544E+05  -2.30700273E+02 +/-   3.44873574E-06   5.95259813E-07
     4     4.6416E+04  -2.30700273E+02 +/-   3.44873128E-06   5.95258273E-07
     5     1.0000E+04  -2.30700273E+02 +/-   3.44871057E-06   5.95251124E-07
     6     2.1544E+03  -2.30700273E+02 +/-   3.44861453E-06   5.95217970E-07
     7     4.6416E+02  -2.30700273E+02 +/-   3.44817038E-06   5.95064662E-07
     8     1.0000E+02  -2.30700273E+02 +/-   3.44614364E-06   5.94365342E-07
     9     2.1544E+01  -2.30700274E+02 +/-   3.43742937E-06   5.91363197E-07
    10     4.6416E+00  -2.30700274E+02 +/-   3.40783692E-06   5.81225065E-07
    11     1.0000E+00  -2.30700274E+02 +/-   3.35784350E-06   5.64296855E-07
    12     2.1544E-01  -2.30700274E+02 +/-   3.33627322E-06   5.57070224E-07
    13     4.6416E-02  -2.30700274E+02 +/-   3.33668145E-06   5.57206559E-07
    14     1.0000E-02  -2.30700274E+02 +/-   3.33787244E-06   5.57604409E-07
    15     2.1544E-03  -2.30700275E+02 +/-   3.33820962E-06   5.57717068E-07
    16     4.6416E-04  -2.30700275E+02 +/-   3.33828645E-06   5.57742739E-07
    17     1.0000E-04  -2.30700275E+02 +/-   3.33830320E-06   5.57748336E-07
    18     2.1544E-05  -2.30700275E+02 +/-   3.33830681E-06   5.57749545E-07
    19     4.6416E-06  -2.30700275E+02 +/-   3.33830759E-06   5.57749806E-07
    20     1.0000E-06  -2.30700275E+02 +/-   3.33830776E-06   5.57749862E-07
    21     0.0000E+00  -2.30700275E+02 +/-   3.33830781E-06   5.57749878E-07
* Iteration # 1: E =  -2.307002745099E+02 +/-   3.338307762385E-06
* Convergence: exiting.
* After optimization:
  -6.4499E-01   3.0273E-01  -7.0061E-02  -6.0916E-02   1.4788E-02   1.0765E-02
  -1.3863E-01  -1.6168E-01   3.5603E-02   3.5838E-02   7.8252E-02  -1.5112E-02
   2.6685E-02  -3.4465E-02  -2.9209E-02  -3.1098E-02   1.4657E-02  -5.4278E-04
   7.3189E-01   5.8591E-02  -1.6132E-02  -6.1901E-03  -2.2262E-02  -2.2459E-02
   5.4180E-02  -8.5688E-03  -4.1385E-03  -7.2489E-03  -1.4091E-02   1.7657E-01
   4.5023E-02   4.8846E-02   3.2224E-02   4.1932E-02   1.4458E-01   5.0403E-02
   4.9482E-02   4.5688E-02   4.6184E-02
  > Energy =  -2.307002745099E+02 +/-   3.338307762385E-06
  > varE =   5.577498621584E-07

VMC #9:
* Size of Hilbert space =   4.0000E+02
* Deterministic energy evaluation:
  > Deterministic Etot/t = -230.70027844793907
    - Ttot/t = -10.363233984990623
    - Utot/t = 3.9054473911994823
* Number of equil. steps   = 1000
* Running VMC equilibration.
  Done. [total walltime: 0.06s]
* Equil. acc.ratio (%)     =  41.0204
* Sample config after equilibration:
  +-----+
  |  u  |
  |u   0|
  |d   2|
  |  d  |
  +-----+
* Number of accum. steps   = 500480 x 10
* Running VMC accumulation.
  Done. [total walltime: 7.00s]
* Acceptance ratio (%)     =  40.9354
* Etot/t                   =  -2.307002796905E+02 +/-   1.064010511706E-06
  > Ttot/t                 =  -1.036343675939E+01 +/-   2.877742461773E-04
  > Utot/t                 =   3.905648923142E+00 +/-   2.878342018884E-04
* var[Eloc/t]              =   5.707794721169E-07 +/-   1.115754600869E-08
* Correlation length       =   9.926821636133E-01
* log10 Psi^2 range: -7.6752195614751813 -- -3.4995148151293147
* log10 Pgen range : -7.6752195614751813 -- -3.4995148151293147
* Site occupation (ave. no. electrons per config.):
  > Site_  ___eu____  ___ed____
      1        0.500      0.502
      2        0.500      0.500
      3        0.500      0.495
      4        0.494      0.503
      5        0.504      0.501
      6        0.501      0.498
* Pair-correlation analysis (ave. no. pairs per config.):
  > Shell  nsite  ___dh____  __eueu___  __eued___
      0      1        0          0          1.036
      1      4        1.070      1.479      3.517
      2      4        0.154      0.837      1.103
      3      4        0.075      0.427      0.554
      4      4        0.234      2.171      1.862
      5      4        0.115      1.085      0.928

Optimization #9:
* Method          : lls
* Target function : energy
* No. of configs. : 50048
* No. of params.  : 39
* Before optimization:
  -6.4499E-01   3.0273E-01  -7.0061E-02  -6.0916E-02   1.4788E-02   1.0765E-02
  -1.3863E-01  -1.6168E-01   3.5603E-02   3.5838E-02   7.8252E-02  -1.5112E-02
   2.6685E-02  -3.4465E-02  -2.9209E-02  -3.1098E-02   1.4657E-02  -5.4278E-04
   7.3189E-01   5.8591E-02  -1.6132E-02  -6.1901E-03  -2.2262E-02  -2.2459E-02
   5.4180E-02  -8.5688E-03  -4.1385E-03  -7.2489E-03  -1.4091E-02   1.7657E-01
   4.5023E-02   4.8846E-02   3.2224E-02   4.1932E-02   1.4458E-01   5.0403E-02
   4.9482E-02   4.5688E-02   4.6184E-02
  > E    =  -2.307002757771E+02 +/-   3.211437852550E-06
  > varE =   5.161616940273E-07
* Computing derivatives.
  Done. [total walltime: 17.9s]
* Optimizing manipulation constant:
  #igrid a___________ E____________________________________ varE____________
     1     Infinity    -2.30700276E+02 +/-   3.21143785E-06   5.16161694E-07
     2     1.0000E+06  -2.30700276E+02 +/-   3.21143769E-06   5.16161641E-07
     3     2.1544E+05  -2.30700276E+02 +/-   3.21143701E-06   5.16161423E-07
     4     4.6416E+04  -2.30700276E+02 +/-   3.21143222E-06   5.16159885E-07
     5     1.0000E+04  -2.30700276E+02 +/-   3.21137496E-06   5.16141477E-07
     6     2.1544E+03  -2.30700276E+02 +/-   3.21039288E-06   5.15825840E-07
     7     4.6416E+02  -2.30700276E+02 +/-   3.21036638E-06   5.15817325E-07
     8     1.0000E+02  -2.30700287E+02 +/-   9.00254599E-06   4.05618191E-06
     9     2.1544E+01  -2.30696381E+02 +/-   2.60303952E-04   3.39115976E-03
    10     4.6416E+00  -2.29262227E+02 +/-   2.60070234E-03   3.38507288E-01
    11     1.0000E+00  -2.29310397E+02 +/-   2.65045415E-03   3.51582555E-01
    12     2.1544E-01  -2.29300670E+02 +/-   2.64176261E-03   3.49280472E-01
    13     4.6416E-02  -2.29283330E+02 +/-   2.62329064E-03   3.44413008E-01
    14     1.0000E-02  -2.29279201E+02 +/-   2.61883256E-03   3.43243396E-01
    15     2.1544E-03  -2.29278316E+02 +/-   2.61787675E-03   3.42992892E-01
    16     4.6416E-04  -2.29278126E+02 +/-   2.61767146E-03   3.42939099E-01
    17     1.0000E-04  -2.29278085E+02 +/-   2.61762726E-03   3.42927519E-01
    18     2.1544E-05  -2.29278076E+02 +/-   2.61761774E-03   3.42925025E-01
    19     4.6416E-06  -2.29278074E+02 +/-   2.61761569E-03   3.42924487E-01
    20     1.0000E-06  -2.29278074E+02 +/-   2.61761525E-03   3.42924371E-01
    21     0.0000E+00  -2.29278074E+02 +/-   2.61761513E-03   3.42924340E-01
  ParMin   8.7819E+02  -2.30700276E+02 +/-   3.20674988E-06   5.14655837E-07
  # Using grid point #7
* Iteration # 1: E =  -2.307002764541E+02 +/-   3.210366380700E-06
* Convergence: exiting.
* After optimization:
  -6.6938E-01   3.0272E-01  -7.0058E-02  -6.0912E-02   1.4786E-02   1.0763E-02
  -1.3861E-01  -1.6167E-01   3.5602E-02   3.5838E-02   7.8255E-02  -1.5116E-02
   2.6688E-02  -3.4469E-02  -2.9211E-02  -3.1101E-02   1.4657E-02  -5.3641E-04
   7.4083E-01   5.9290E-02  -1.6336E-02  -6.2705E-03  -2.2543E-02  -2.2742E-02
   5.4834E-02  -8.6797E-03  -4.1950E-03  -7.3477E-03  -1.4275E-02   1.7655E-01
   4.5020E-02   4.8844E-02   3.2214E-02   4.1924E-02   1.4456E-01   5.0400E-02
   4.9478E-02   4.5676E-02   4.6172E-02
  > Energy =  -2.307002764541E+02 +/-   3.210366380700E-06
  > varE =   5.158173246267E-07

VMC #10:
* Size of Hilbert space =   4.0000E+02
* Deterministic energy evaluation:
  > Deterministic Etot/t = -230.70027844785565
    - Ttot/t = -10.363190212162726
    - Utot/t = 3.9054036184549483
* Number of equil. steps   = 1000
* Running VMC equilibration.
  Done. [total walltime: 0.06s]
* Equil. acc.ratio (%)     =  41.5819
* Sample config after equilibration:
  +-----+
  |  0  |
  |2   2|
  |0   u|
  |  d  |
  +-----+
* Number of accum. steps   = 500480 x 10
* Running VMC accumulation.
  Done. [total walltime: 7.00s]
* Acceptance ratio (%)     =  41.6798
* Etot/t                   =  -2.307002810226E+02 +/-   1.077026625475E-06
  > Ttot/t                 =  -1.036323396465E+01 +/-   2.932841603080E-04
  > Utot/t                 =   3.905444796515E+00 +/-   2.932219555272E-04
* var[Eloc/t]              =   5.834026073063E-07 +/-   1.166720766843E-08
* Correlation length       =   9.951103443303E-01
* log10 Psi^2 range: -7.6754436220601558 -- -3.4993326705506353
* log10 Pgen range : -7.6754436220601558 -- -3.4993326705506353
* Site occupation (ave. no. electrons per config.):
  > Site_  ___eu____  ___ed____
      1        0.499      0.502
      2        0.495      0.502
      3        0.504      0.499
      4        0.501      0.500
      5        0.498      0.497
      6        0.502      0.501
* Pair-correlation analysis (ave. no. pairs per config.):
  > Shell  nsite  ___dh____  __eueu___  __eued___
      0      1        0          0          1.032
      1      4        1.062      1.475      3.530
      2      4        0.150      0.845      1.112
      3      4        0.076      0.416      0.549
      4      4        0.231      2.173      1.846
      5      4        0.114      1.093      0.930

Optimization #10:
* Method          : lls
* Target function : energy
* No. of configs. : 50048
* No. of params.  : 39
* Before optimization:
  -6.6938E-01   3.0272E-01  -7.0058E-02  -6.0912E-02   1.4786E-02   1.0763E-02
  -1.3861E-01  -1.6167E-01   3.5602E-02   3.5838E-02   7.8255E-02  -1.5116E-02
   2.6688E-02  -3.4469E-02  -2.9211E-02  -3.1101E-02   1.4657E-02  -5.3641E-04
   7.4083E-01   5.9290E-02  -1.6336E-02  -6.2705E-03  -2.2543E-02  -2.2742E-02
   5.4834E-02  -8.6797E-03  -4.1950E-03  -7.3477E-03  -1.4275E-02   1.7655E-01
   4.5020E-02   4.8844E-02   3.2214E-02   4.1924E-02   1.4456E-01   5.0400E-02
   4.9478E-02   4.5676E-02   4.6172E-02
  > E    =  -2.307002783647E+02 +/-   3.449004950139E-06
  > varE =   5.953527477911E-07
* Computing derivatives.
  Done. [total walltime: 17.9s]
* Optimizing manipulation constant:
  #igrid a___________ E____________________________________ varE____________
     1     Infinity    -2.30700278E+02 +/-   3.44900495E-06   5.95352748E-07
     2     1.0000E+06  -2.30700278E+02 +/-   3.44900464E-06   5.95352641E-07
     3     2.1544E+05  -2.30700278E+02 +/-   3.44900351E-06   5.95352251E-07
     4     4.6416E+04  -2.30700278E+02 +/-   3.44899826E-06   5.95350440E-07
     5     1.0000E+04  -2.30700278E+02 +/-   3.44897392E-06   5.95342036E-07
     6     2.1544E+03  -2.30700278E+02 +/-   3.44886104E-06   5.95303067E-07
     7     4.6416E+02  -2.30700278E+02 +/-   3.44833926E-06   5.95122954E-07
     8     1.0000E+02  -2.30700278E+02 +/-   3.44596339E-06   5.94303167E-07
     9     2.1544E+01  -2.30700278E+02 +/-   3.43584574E-06   5.90818438E-07
    10     4.6416E+00  -2.30700278E+02 +/-   3.40283387E-06   5.79519723E-07
    11     1.0000E+00  -2.30700279E+02 +/-   3.35503781E-06   5.63354237E-07
    12     2.1544E-01  -2.30700279E+02 +/-   3.35132173E-06   5.62106974E-07
    13     4.6416E-02  -2.30700279E+02 +/-   3.36638913E-06   5.67172752E-07
    14     1.0000E-02  -2.30700279E+02 +/-   3.37243392E-06   5.69211446E-07
    15     2.1544E-03  -2.30700279E+02 +/-   3.37393167E-06   5.69717148E-07
    16     4.6416E-04  -2.30700279E+02 +/-   3.37426435E-06   5.69829506E-07
    17     1.0000E-04  -2.30700279E+02 +/-   3.37433649E-06   5.69853874E-07
    18     2.1544E-05  -2.30700279E+02 +/-   3.37435206E-06   5.69859132E-07
    19     4.6416E-06  -2.30700279E+02 +/-   3.37435542E-06   5.69860265E-07
    20     1.0000E-06  -2.30700279E+02 +/-   3.37435614E-06   5.69860509E-07
    21     0.0000E+00  -2.30700279E+02 +/-   3.37435634E-06   5.69860576E-07
* Iteration # 1: E =  -2.307002788334E+02 +/-   3.374356138032E-06
* Convergence: exiting.
* After optimization:
  -6.6370E-01   3.0017E-01  -7.2019E-02  -6.1829E-02   1.3816E-02   9.3741E-03
  -1.3764E-01  -1.5822E-01   3.7940E-02   3.5663E-02   7.7962E-02  -1.3810E-02
   2.4491E-02  -3.2603E-02  -2.8680E-02  -3.3208E-02   1.4527E-02   6.1191E-04
   7.4315E-01   5.4509E-02  -2.0142E-02  -7.8662E-03  -2.5194E-02  -2.5461E-02
   5.1744E-02  -1.2044E-02  -7.8489E-03  -1.0121E-02  -1.7184E-02   1.6809E-01
   3.8761E-02   4.2481E-02   2.6599E-02   3.6228E-02   1.3868E-01   4.4675E-02
   4.0066E-02   4.0057E-02   4.0551E-02
  > Energy =  -2.307002788334E+02 +/-   3.374356138032E-06
  > varE =   5.698605087222E-07

VMC #11:
* Size of Hilbert space =   4.0000E+02
* Deterministic energy evaluation:
  > Deterministic Etot/t = -230.70027844333276
    - Ttot/t = -10.363210363294829
    - Utot/t = 3.9054237741099738
* Number of equil. steps   = 1000
* Running VMC equilibration.
  Done. [total walltime: 0.06s]
* Equil. acc.ratio (%)     =  41.8513
* Sample config after equilibration:
  +-----+
  |  u  |
  |2   d|
  |0   u|
  |  d  |
  +-----+
* Number of accum. steps   = 500480 x 10
* Running VMC accumulation.
  Done. [total walltime: 6.93s]
* Acceptance ratio (%)     =  41.9048
* Etot/t                   =  -2.307002797876E+02 +/-   1.050238971621E-06
  > Ttot/t                 =  -1.036286009605E+01 +/-   2.888154501137E-04
  > Utot/t                 =   3.905072162505E+00 +/-   2.888465712445E-04
* var[Eloc/t]              =   5.572102208134E-07 +/-   3.960937687702E-09
* Correlation length       =   9.907039911450E-01
* log10 Psi^2 range: -6.9793054226231881 -- -3.4388947637269327
* log10 Pgen range : -6.9793054226231881 -- -3.4388947637269327
* Site occupation (ave. no. electrons per config.):
  > Site_  ___eu____  ___ed____
      1        0.500      0.501
      2        0.499      0.504
      3        0.499      0.496
      4        0.497      0.499
      5        0.500      0.504
      6        0.504      0.496
* Pair-correlation analysis (ave. no. pairs per config.):
  > Shell  nsite  ___dh____  __eueu___  __eued___
      0      1        0          0          1.026
      1      4        1.053      1.475      3.539
      2      4        0.149      0.838      1.103
      3      4        0.076      0.423      0.557
      4      4        0.229      2.181      1.854
      5      4        0.114      1.083      0.921

Optimization #11:
* Method          : lls
* Target function : energy
* No. of configs. : 50048
* No. of params.  : 39
* Before optimization:
  -6.6370E-01   3.0017E-01  -7.2019E-02  -6.1829E-02   1.3816E-02   9.3741E-03
  -1.3764E-01  -1.5822E-01   3.7940E-02   3.5663E-02   7.7962E-02  -1.3810E-02
   2.4491E-02  -3.2603E-02  -2.8680E-02  -3.3208E-02   1.4527E-02   6.1191E-04
   7.4315E-01   5.4509E-02  -2.0142E-02  -7.8662E-03  -2.5194E-02  -2.5461E-02
   5.1744E-02  -1.2044E-02  -7.8489E-03  -1.0121E-02  -1.7184E-02   1.6809E-01
   3.8761E-02   4.2481E-02   2.6599E-02   3.6228E-02   1.3868E-01   4.4675E-02
   4.0066E-02   4.0057E-02   4.0551E-02
  > E    =  -2.307002799257E+02 +/-   3.319156070391E-06
  > varE =   5.513686572378E-07
* Computing derivatives.
  Done. [total walltime: 17.8s]
* Optimizing manipulation constant:
  #igrid a___________ E____________________________________ varE____________
     1     Infinity    -2.30700280E+02 +/-   3.31915607E-06   5.51368657E-07
     2     1.0000E+06  -2.30700280E+02 +/-   3.31915584E-06   5.51368580E-07
     3     2.1544E+05  -2.30700280E+02 +/-   3.31915499E-06   5.51368297E-07
     4     4.6416E+04  -2.30700280E+02 +/-   3.31915104E-06   5.51366987E-07
     5     1.0000E+04  -2.30700280E+02 +/-   3.31913274E-06   5.51360905E-07
     6     2.1544E+03  -2.30700280E+02 +/-   3.31904783E-06   5.51332696E-07
     7     4.6416E+02  -2.30700280E+02 +/-   3.31865506E-06   5.51202217E-07
     8     1.0000E+02  -2.30700280E+02 +/-   3.31686054E-06   5.50606268E-07
     9     2.1544E+01  -2.30700280E+02 +/-   3.30910160E-06   5.48033278E-07
    10     4.6416E+00  -2.30700280E+02 +/-   3.28219884E-06   5.39158558E-07
    11     1.0000E+00  -2.30700280E+02 +/-   3.23614864E-06   5.24135589E-07
    12     2.1544E-01  -2.30700281E+02 +/-   3.23665960E-06   5.24301114E-07
    13     4.6416E-02  -2.30700281E+02 +/-   3.26663885E-06   5.34058675E-07
    14     1.0000E-02  -2.30700281E+02 +/-   3.27924326E-06   5.38187983E-07
    15     2.1544E-03  -2.30700281E+02 +/-   3.28241686E-06   5.39230187E-07
    16     4.6416E-04  -2.30700281E+02 +/-   3.28312450E-06   5.39462712E-07
    17     1.0000E-04  -2.30700281E+02 +/-   3.28327810E-06   5.39513190E-07
    18     2.1544E-05  -2.30700281E+02 +/-   3.28331124E-06   5.39524082E-07
    19     4.6416E-06  -2.30700281E+02 +/-   3.28331839E-06   5.39526430E-07
    20     1.0000E-06  -2.30700281E+02 +/-   3.28331993E-06   5.39526936E-07
    21     0.0000E+00  -2.30700281E+02 +/-   3.28332035E-06   5.39527075E-07
* Iteration # 1: E =  -2.307002810140E+02 +/-   3.283278098514E-06
* Convergence: exiting.
* After optimization:
  -6.5964E-01   2.9828E-01  -7.2883E-02  -6.3133E-02   1.3554E-02   9.2394E-03
  -1.3520E-01  -1.5896E-01   3.8115E-02   3.5944E-02   7.8438E-02  -1.2932E-02
   2.4771E-02  -3.2608E-02  -2.6874E-02  -3.0837E-02   1.3670E-02   7.0107E-04
   7.4339E-01   5.9689E-02  -2.3350E-02  -1.1616E-02  -2.5291E-02  -2.5450E-02
   5.9111E-02  -1.6280E-02  -1.2235E-02  -1.1024E-02  -1.7733E-02   1.6995E-01
   3.2726E-02   3.6441E-02   2.3556E-02   3.2985E-02   1.4410E-01   3.7304E-02
   3.3129E-02   3.7031E-02   3.7533E-02
  > Energy =  -2.307002810140E+02 +/-   3.283278098514E-06
  > varE =   5.395131895326E-07

VMC #12:
* Size of Hilbert space =   4.0000E+02
* Deterministic energy evaluation:
  > Deterministic Etot/t = -230.70027844567517
    - Ttot/t = -10.363201673179924
    - Utot/t = 3.9054150816526474
* Number of equil. steps   = 1000
* Running VMC equilibration.
  Done. [total walltime: 0.06s]
* Equil. acc.ratio (%)     =  41.9198
* Sample config after equilibration:
  +-----+
  |  d  |
  |u   2|
  |d   0|
  |  u  |
  +-----+
* Number of accum. steps   = 500480 x 10
* Running VMC accumulation.
  Done. [total walltime: 6.95s]
* Acceptance ratio (%)     =  41.9014
* Etot/t                   =  -2.307002787706E+02 +/-   1.042400863352E-06
  > Ttot/t                 =  -1.036329617648E+01 +/-   2.938502019317E-04
  > Utot/t                 =   3.905509260106E+00 +/-   2.938212916750E-04
* var[Eloc/t]              =   5.425369255170E-07 +/-   7.452006416380E-09
* Correlation length       =   1.002367437441E+00
* log10 Psi^2 range: -7.6700331569622930 -- -3.4997211162116781
* log10 Pgen range : -7.6700331569622930 -- -3.4997211162116781
* Site occupation (ave. no. electrons per config.):
  > Site_  ___eu____  ___ed____
      1        0.503      0.492
      2        0.501      0.497
      3        0.498      0.504
      4        0.499      0.501
      5        0.498      0.504
      6        0.501      0.502
* Pair-correlation analysis (ave. no. pairs per config.):
  > Shell  nsite  ___dh____  __eueu___  __eued___
      0      1        0          0          1.030
      1      4        1.057      1.481      3.532
      2      4        0.152      0.844      1.104
      3      4        0.075      0.418      0.557
      4      4        0.235      2.172      1.849
      5      4        0.116      1.085      0.929

Optimization #12:
* Method          : lls
* Target function : energy
* No. of configs. : 50048
* No. of params.  : 39
* Before optimization:
  -6.5964E-01   2.9828E-01  -7.2883E-02  -6.3133E-02   1.3554E-02   9.2394E-03
  -1.3520E-01  -1.5896E-01   3.8115E-02   3.5944E-02   7.8438E-02  -1.2932E-02
   2.4771E-02  -3.2608E-02  -2.6874E-02  -3.0837E-02   1.3670E-02   7.0107E-04
   7.4339E-01   5.9689E-02  -2.3350E-02  -1.1616E-02  -2.5291E-02  -2.5450E-02
   5.9111E-02  -1.6280E-02  -1.2235E-02  -1.1024E-02  -1.7733E-02   1.6995E-01
   3.2726E-02   3.6441E-02   2.3556E-02   3.2985E-02   1.4410E-01   3.7304E-02
   3.3129E-02   3.7031E-02   3.7533E-02
  > E    =  -2.307002832412E+02 +/-   3.247172543756E-06
  > varE =   5.277125946637E-07
* Computing derivatives.
  Done. [total walltime: 17.9s]
* Optimizing manipulation constant:
  #igrid a___________ E____________________________________ varE____________
     1     Infinity    -2.30700283E+02 +/-   3.24717254E-06   5.27712595E-07
     2     1.0000E+06  -2.30700283E+02 +/-   3.24717235E-06   5.27712532E-07
     3     2.1544E+05  -2.30700283E+02 +/-   3.24717165E-06   5.27712305E-07
     4     4.6416E+04  -2.30700283E+02 +/-   3.24716841E-06   5.27711250E-07
     5     1.0000E+04  -2.30700283E+02 +/-   3.24715337E-06   5.27706364E-07
     6     2.1544E+03  -2.30700283E+02 +/-   3.24708417E-06   5.27683872E-07
     7     4.6416E+02  -2.30700283E+02 +/-   3.24677483E-06   5.27583335E-07
     8     1.0000E+02  -2.30700283E+02 +/-   3.24554935E-06   5.27185141E-07
     9     2.1544E+01  -2.30700283E+02 +/-   3.24159957E-06   5.25902772E-07
    10     4.6416E+00  -2.30700286E+02 +/-   4.53350582E-06   1.02862028E-06
    11     1.0000E+00  -2.30698781E+02 +/-   1.60792476E-04   1.29395202E-03
    12     2.1544E-01  -2.30699507E+02 +/-   1.17498022E-04   6.90951932E-04
    13     4.6416E-02  -2.30699588E+02 +/-   1.11624417E-04   6.23598607E-04
    14     1.0000E-02  -2.30699615E+02 +/-   1.09615919E-04   6.01359238E-04
    15     2.1544E-03  -2.30699621E+02 +/-   1.09123917E-04   5.95973052E-04
    16     4.6416E-04  -2.30699622E+02 +/-   1.09014850E-04   5.94782320E-04
    17     1.0000E-04  -2.30699623E+02 +/-   1.08991207E-04   5.94524351E-04
    18     2.1544E-05  -2.30699623E+02 +/-   1.08986106E-04   5.94468706E-04
    19     4.6416E-06  -2.30699623E+02 +/-   1.08985007E-04   5.94456715E-04
    20     1.0000E-06  -2.30699623E+02 +/-   1.08984770E-04   5.94454131E-04
    21     0.0000E+00  -2.30699623E+02 +/-   1.08984705E-04   5.94453422E-04
* Iteration # 1: E =  -2.307002833144E+02 +/-   3.241599573350E-06
* Convergence: exiting.
* After optimization:
  -6.4502E-01   2.9818E-01  -7.2818E-02  -6.3062E-02   1.3564E-02   9.2335E-03
  -1.3511E-01  -1.5892E-01   3.8138E-02   3.5923E-02   7.8480E-02  -1.3000E-02
   2.4783E-02  -3.2640E-02  -2.6972E-02  -3.0940E-02   1.3703E-02   7.8581E-04
   7.3786E-01   5.8769E-02  -2.3171E-02  -1.1491E-02  -2.5240E-02  -2.5398E-02
   5.8284E-02  -1.6180E-02  -1.2158E-02  -1.1036E-02  -1.7727E-02   1.6947E-01
   3.2914E-02   3.6643E-02   2.3522E-02   3.2989E-02   1.4369E-01   3.7437E-02
   3.3246E-02   3.7035E-02   3.7530E-02
  > Energy =  -2.307002833144E+02 +/-   3.241599573350E-06
  > varE =   5.259027721513E-07

VMC #13:
* Size of Hilbert space =   4.0000E+02
* Deterministic energy evaluation:
  > Deterministic Etot/t = -230.70027844767293
    - Ttot/t = -10.363193925755921
    - Utot/t = 3.9054073322308893
* Number of equil. steps   = 1000
* Running VMC equilibration.
  Done. [total walltime: 0.06s]
* Equil. acc.ratio (%)     =  41.3495
* Sample config after equilibration:
  +-----+
  |  u  |
  |0   d|
  |2   u|
  |  d  |
  +-----+
* Number of accum. steps   = 500480 x 10
* Running VMC accumulation.
  Done. [total walltime: 6.94s]
* Acceptance ratio (%)     =  41.4667
* Etot/t                   =  -2.307002771254E+02 +/-   1.044262104578E-06
  > Ttot/t                 =  -1.036374474599E+01 +/-   2.917799633588E-04
  > Utot/t                 =   3.905959474731E+00 +/-   2.917367837379E-04
* var[Eloc/t]              =   5.483179723552E-07 +/-   7.518740417303E-09
* Correlation length       =   9.953441817514E-01
* log10 Psi^2 range: -7.6658985192489864 -- -3.4954439048136314
* log10 Pgen range : -7.6658985192489864 -- -3.4954439048136314
* Site occupation (ave. no. electrons per config.):
  > Site_  ___eu____  ___ed____
      1        0.506      0.498
      2        0.503      0.498
      3        0.492      0.503
      4        0.504      0.496
      5        0.493      0.503
      6        0.501      0.503
* Pair-correlation analysis (ave. no. pairs per config.):
  > Shell  nsite  ___dh____  __eueu___  __eued___
      0      1        0          0          1.032
      1      4        1.061      1.479      3.527
      2      4        0.150      0.844      1.110
      3      4        0.076      0.419      0.550
      4      4        0.229      2.171      1.855
      5      4        0.117      1.087      0.927

Optimization #13:
* Method          : lls
* Target function : energy
* No. of configs. : 50048
* No. of params.  : 39
* Before optimization:
  -6.4502E-01   2.9818E-01  -7.2818E-02  -6.3062E-02   1.3564E-02   9.2335E-03
  -1.3511E-01  -1.5892E-01   3.8138E-02   3.5923E-02   7.8480E-02  -1.3000E-02
   2.4783E-02  -3.2640E-02  -2.6972E-02  -3.0940E-02   1.3703E-02   7.8581E-04
   7.3786E-01   5.8769E-02  -2.3171E-02  -1.1491E-02  -2.5240E-02  -2.5398E-02
   5.8284E-02  -1.6180E-02  -1.2158E-02  -1.1036E-02  -1.7727E-02   1.6947E-01
   3.2914E-02   3.6643E-02   2.3522E-02   3.2989E-02   1.4369E-01   3.7437E-02
   3.3246E-02   3.7035E-02   3.7530E-02
  > E    =  -2.307002792870E+02 +/-   3.393352501334E-06
  > varE =   5.762947722931E-07
* Computing derivatives.
  Done. [total walltime: 17.8s]
* Optimizing manipulation constant:
  #igrid a___________ E____________________________________ varE____________
     1     Infinity    -2.30700279E+02 +/-   3.39335250E-06   5.76294772E-07
     2     1.0000E+06  -2.30700279E+02 +/-   3.39335219E-06   5.76294667E-07
     3     2.1544E+05  -2.30700279E+02 +/-   3.39335107E-06   5.76294285E-07
     4     4.6416E+04  -2.30700279E+02 +/-   3.39334584E-06   5.76292510E-07
     5     1.0000E+04  -2.30700279E+02 +/-   3.39332159E-06   5.76284274E-07
     6     2.1544E+03  -2.30700279E+02 +/-   3.39320915E-06   5.76246082E-07
     7     4.6416E+02  -2.30700279E+02 +/-   3.39268944E-06   5.76069578E-07
     8     1.0000E+02  -2.30700279E+02 +/-   3.39032376E-06   5.75266485E-07
     9     2.1544E+01  -2.30700279E+02 +/-   3.38025719E-06   5.71855388E-07
    10     4.6416E+00  -2.30700279E+02 +/-   3.34712202E-06   5.60699046E-07
    11     1.0000E+00  -2.30700279E+02 +/-   3.29094056E-06   5.42034344E-07
    12     2.1544E-01  -2.30700279E+02 +/-   3.30990148E-06   5.48298253E-07
    13     4.6416E-02  -2.30700280E+02 +/-   5.15745044E-06   1.33124152E-06
    14     1.0000E-02  -2.30700280E+02 +/-   3.89166081E-06   7.57978153E-07
    15     2.1544E-03  -2.30700280E+02 +/-   3.79933444E-06   7.22439985E-07
    16     4.6416E-04  -2.30700280E+02 +/-   3.78249194E-06   7.16049011E-07
    17     1.0000E-04  -2.30700280E+02 +/-   3.77898443E-06   7.14721642E-07
    18     2.1544E-05  -2.30700280E+02 +/-   3.77823421E-06   7.14437889E-07
    19     4.6416E-06  -2.30700280E+02 +/-   3.77807283E-06   7.14376859E-07
    20     1.0000E-06  -2.30700280E+02 +/-   3.77803807E-06   7.14363715E-07
    21     0.0000E+00  -2.30700280E+02 +/-   3.77802853E-06   7.14360106E-07
* Iteration # 1: E =  -2.307002792850E+02 +/-   3.290940563702E-06
* Convergence: exiting.
* After optimization:
  -6.4107E-01   2.9919E-01  -7.4101E-02  -6.4075E-02   1.2880E-02   8.5441E-03
  -1.3697E-01  -1.5778E-01   3.9475E-02   3.5850E-02   7.9167E-02  -1.2824E-02
   2.4348E-02  -3.2091E-02  -2.7171E-02  -3.2195E-02   1.3844E-02   4.0966E-04
   7.3915E-01   5.7891E-02  -2.2663E-02  -1.0049E-02  -2.5581E-02  -2.5766E-02
   5.7149E-02  -1.5420E-02  -1.1418E-02  -1.1101E-02  -1.7817E-02   1.6684E-01
   3.2888E-02   3.6642E-02   2.2028E-02   3.1470E-02   1.4065E-01   3.7789E-02
   3.2231E-02   3.5728E-02   3.6242E-02
  > Energy =  -2.307002792850E+02 +/-   3.290940563702E-06
  > varE =   5.420343436010E-07

VMC #14:
* Size of Hilbert space =   4.0000E+02
* Deterministic energy evaluation:
  > Deterministic Etot/t = -230.70027846726251
    - Ttot/t = -10.363211580745689
    - Utot/t = 3.9054249676311348
* Number of equil. steps   = 1000
* Running VMC equilibration.
  Done. [total walltime: 0.06s]
* Equil. acc.ratio (%)     =  41.4690
* Sample config after equilibration:
  +-----+
  |  0  |
  |2   d|
  |u   u|
  |  d  |
  +-----+
* Number of accum. steps   = 500480 x 10
* Running VMC accumulation.
  Done. [total walltime: 6.84s]
* Acceptance ratio (%)     =  41.4020
* Etot/t                   =  -2.307002794501E+02 +/-   1.027270702095E-06
  > Ttot/t                 =  -1.036383214637E+01 +/-   2.916609412424E-04
  > Utot/t                 =   3.906044550366E+00 +/-   2.916533185263E-04
* var[Eloc/t]              =   5.305387174822E-07 +/-   5.529257187703E-09
* Correlation length       =   9.954958368425E-01
* log10 Psi^2 range: -7.6358949453958571 -- -3.4637491183159077
* log10 Pgen range : -7.6358949453958571 -- -3.4637491183159077
* Site occupation (ave. no. electrons per config.):
  > Site_  ___eu____  ___ed____
      1        0.502      0.503
      2        0.499      0.500
      3        0.498      0.501
      4        0.498      0.498
      5        0.500      0.498
      6        0.502      0.499
* Pair-correlation analysis (ave. no. pairs per config.):
  > Shell  nsite  ___dh____  __eueu___  __eued___
      0      1        0          0          1.027
      1      4        1.057      1.476      3.531
      2      4        0.149      0.840      1.112
      3      4        0.075      0.420      0.553
      4      4        0.230      2.173      1.850
      5      4        0.114      1.090      0.927

Optimization #14:
* Method          : lls
* Target function : energy
* No. of configs. : 50048
* No. of params.  : 39
* Before optimization:
  -6.4107E-01   2.9919E-01  -7.4101E-02  -6.4075E-02   1.2880E-02   8.5441E-03
  -1.3697E-01  -1.5778E-01   3.9475E-02   3.5850E-02   7.9167E-02  -1.2824E-02
   2.4348E-02  -3.2091E-02  -2.7171E-02  -3.2195E-02   1.3844E-02   4.0966E-04
   7.3915E-01   5.7891E-02  -2.2663E-02  -1.0049E-02  -2.5581E-02  -2.5766E-02
   5.7149E-02  -1.5420E-02  -1.1418E-02  -1.1101E-02  -1.7817E-02   1.6684E-01
   3.2888E-02   3.6642E-02   2.2028E-02   3.1470E-02   1.4065E-01   3.7789E-02
   3.2231E-02   3.5728E-02   3.6242E-02
  > E    =  -2.307002841693E+02 +/-   3.330800682979E-06
  > varE =   5.552441826798E-07
* Computing derivatives.
  Done. [total walltime: 17.5s]
* Optimizing manipulation constant:
  #igrid a___________ E____________________________________ varE____________
     1     Infinity    -2.30700284E+02 +/-   3.33080068E-06   5.55244183E-07
     2     1.0000E+06  -2.30700284E+02 +/-   3.33080050E-06   5.55244122E-07
     3     2.1544E+05  -2.30700284E+02 +/-   3.33079984E-06   5.55243903E-07
     4     4.6416E+04  -2.30700284E+02 +/-   3.33079679E-06   5.55242884E-07
     5     1.0000E+04  -2.30700284E+02 +/-   3.33078261E-06   5.55238157E-07
     6     2.1544E+03  -2.30700284E+02 +/-   3.33071686E-06   5.55216238E-07
     7     4.6416E+02  -2.30700284E+02 +/-   3.33041304E-06   5.55114949E-07
     8     1.0000E+02  -2.30700284E+02 +/-   3.32903107E-06   5.54654352E-07
     9     2.1544E+01  -2.30700284E+02 +/-   3.32316674E-06   5.52701943E-07
    10     4.6416E+00  -2.30700284E+02 +/-   3.30408508E-06   5.46372926E-07
    11     1.0000E+00  -2.30700281E+02 +/-   6.37148344E-06   2.03173866E-06
    12     2.1544E-01  -2.30695141E+02 +/-   2.81511394E-04   3.96623719E-03
    13     4.6416E-02  -2.30157963E+02 +/-   2.42242372E-03   2.93688504E-01
    14     1.0000E-02  -2.30005975E+02 +/-   2.57009118E-03   3.30585491E-01
    15     2.1544E-03  -2.29259993E+02 +/-   2.65539522E-03   3.52894641E-01
    16     4.6416E-04  -2.29260029E+02 +/-   2.65526379E-03   3.52859709E-01
    17     1.0000E-04  -2.29260034E+02 +/-   2.65524482E-03   3.52854669E-01
    18     2.1544E-05  -2.29260035E+02 +/-   2.65524102E-03   3.52853658E-01
    19     4.6416E-06  -2.29260035E+02 +/-   2.65524021E-03   3.52853444E-01
    20     1.0000E-06  -2.29260035E+02 +/-   2.65524004E-03   3.52853398E-01
    21     0.0000E+00  -2.29260035E+02 +/-   2.65523999E-03   3.52853385E-01
  ParMin   9.9850E+00  -2.30700284E+02 +/-   3.31586869E-06   5.50277019E-07
  # Using grid point #10
* Iteration # 1: E =  -2.307002841057E+02 +/-   3.304085079800E-06
* Convergence: exiting.
* After optimization:
  -6.4076E-01   2.9874E-01  -7.4246E-02  -6.4148E-02   1.2695E-02   8.3317E-03
  -1.3649E-01  -1.5733E-01   3.9652E-02   3.5932E-02   7.9326E-02  -1.2787E-02
   2.4299E-02  -3.2091E-02  -2.7229E-02  -3.2459E-02   1.3856E-02   5.4657E-04
   7.3991E-01   5.7414E-02  -2.2975E-02  -1.0150E-02  -2.5901E-02  -2.6085E-02
   5.6892E-02  -1.5573E-02  -1.1575E-02  -1.1504E-02  -1.8256E-02   1.6580E-01
   3.2618E-02   3.6396E-02   2.1565E-02   3.1036E-02   1.3997E-01   3.7687E-02
   3.1850E-02   3.5134E-02   3.5637E-02
  > Energy =  -2.307002841057E+02 +/-   3.304085079800E-06
  > varE =   5.463729256822E-07

VMC #15:
* Size of Hilbert space =   4.0000E+02
* Deterministic energy evaluation:
  > Deterministic Etot/t = -230.70027847043667
    - Ttot/t = -10.363212171715118
    - Utot/t = 3.9054255554263575
* Number of equil. steps   = 1000
* Running VMC equilibration.
  Done. [total walltime: 0.06s]
* Equil. acc.ratio (%)     =  41.4954
* Sample config after equilibration:
  +-----+
  |  u  |
  |0   u|
  |d   d|
  |  2  |
  +-----+
* Number of accum. steps   = 500480 x 10
* Running VMC accumulation.
  Done. [total walltime: 6.80s]
* Acceptance ratio (%)     =  41.4395
* Etot/t                   =  -2.307002783933E+02 +/-   1.007294671269E-06
  > Ttot/t                 =  -1.036343095540E+01 +/-   2.900148448449E-04
  > Utot/t                 =   3.905644416288E+00 +/-   2.900070023302E-04
* var[Eloc/t]              =   5.253793254564E-07 +/-   3.952980514975E-09
* Correlation length       =   9.665555555858E-01
* log10 Psi^2 range: -7.6323091391700206 -- -3.4549608031984458
* log10 Pgen range : -7.6323091391700206 -- -3.4549608031984458
* Site occupation (ave. no. electrons per config.):
  > Site_  ___eu____  ___ed____
      1        0.498      0.501
      2        0.497      0.502
      3        0.502      0.499
      4        0.497      0.500
      5        0.502      0.500
      6        0.504      0.497
* Pair-correlation analysis (ave. no. pairs per config.):
  > Shell  nsite  ___dh____  __eueu___  __eued___
      0      1        0          0          1.028
      1      4        1.056      1.481      3.529
      2      4        0.150      0.839      1.107
      3      4        0.075      0.423      0.554
      4      4        0.233      2.170      1.856
      5      4        0.115      1.087      0.926

Optimization #15:
* Method          : lls
* Target function : energy
* No. of configs. : 50048
* No. of params.  : 39
* Before optimization:
  -6.4076E-01   2.9874E-01  -7.4246E-02  -6.4148E-02   1.2695E-02   8.3317E-03
  -1.3649E-01  -1.5733E-01   3.9652E-02   3.5932E-02   7.9326E-02  -1.2787E-02
   2.4299E-02  -3.2091E-02  -2.7229E-02  -3.2459E-02   1.3856E-02   5.4657E-04
   7.3991E-01   5.7414E-02  -2.2975E-02  -1.0150E-02  -2.5901E-02  -2.6085E-02
   5.6892E-02  -1.5573E-02  -1.1575E-02  -1.1504E-02  -1.8256E-02   1.6580E-01
   3.2618E-02   3.6396E-02   2.1565E-02   3.1036E-02   1.3997E-01   3.7687E-02
   3.1850E-02   3.5134E-02   3.5637E-02
  > E    =  -2.307002792015E+02 +/-   3.201568027335E-06
  > varE =   5.129938934986E-07
* Computing derivatives.
  Done. [total walltime: 17.4s]
* Optimizing manipulation constant:
  #igrid a___________ E____________________________________ varE____________
     1     Infinity    -2.30700279E+02 +/-   3.20156803E-06   5.12993893E-07
     2     1.0000E+06  -2.30700279E+02 +/-   3.20156790E-06   5.12993853E-07
     3     2.1544E+05  -2.30700279E+02 +/-   3.20156745E-06   5.12993708E-07
     4     4.6416E+04  -2.30700279E+02 +/-   3.20156534E-06   5.12993032E-07
     5     1.0000E+04  -2.30700279E+02 +/-   3.20155555E-06   5.12989894E-07
     6     2.1544E+03  -2.30700279E+02 +/-   3.20151015E-06   5.12975346E-07
     7     4.6416E+02  -2.30700279E+02 +/-   3.20130038E-06   5.12908125E-07
     8     1.0000E+02  -2.30700279E+02 +/-   3.20034678E-06   5.12602601E-07
     9     2.1544E+01  -2.30700279E+02 +/-   3.19631532E-06   5.11311971E-07
    10     4.6416E+00  -2.30700279E+02 +/-   3.18348406E-06   5.07214998E-07
    11     1.0000E+00  -2.30700279E+02 +/-   3.16443815E-06   5.01164097E-07
    12     2.1544E-01  -2.30700279E+02 +/-   3.15540002E-06   4.98305380E-07
    13     4.6416E-02  -2.30700279E+02 +/-   3.15416868E-06   4.97916545E-07
    14     1.0000E-02  -2.30700279E+02 +/-   3.15423285E-06   4.97936805E-07
    15     2.1544E-03  -2.30700279E+02 +/-   3.15427826E-06   4.97951142E-07
    16     4.6416E-04  -2.30700279E+02 +/-   3.15428982E-06   4.97954792E-07
    17     1.0000E-04  -2.30700279E+02 +/-   3.15429240E-06   4.97955605E-07
    18     2.1544E-05  -2.30700279E+02 +/-   3.15429296E-06   4.97955782E-07
    19     4.6416E-06  -2.30700279E+02 +/-   3.15429308E-06   4.97955820E-07
    20     1.0000E-06  -2.30700279E+02 +/-   3.15429310E-06   4.97955828E-07
    21     0.0000E+00  -2.30700279E+02 +/-   3.15429311E-06   4.97955830E-07
* Iteration # 1: E =  -2.307002791641E+02 +/-   3.164438150469E-06
* Convergence: exiting.
* After optimization:
  -6.4080E-01   2.9755E-01  -7.3731E-02  -6.3581E-02   1.2768E-02   8.2835E-03
  -1.3515E-01  -1.5734E-01   3.9116E-02   3.5860E-02   7.9022E-02  -1.3105E-02
   2.4349E-02  -3.2352E-02  -2.7674E-02  -3.3077E-02   1.3886E-02   1.3090E-03
   7.4034E-01   5.4374E-02  -2.3045E-02  -9.9138E-03  -2.6791E-02  -2.6977E-02
   5.5311E-02  -1.5233E-02  -1.1194E-02  -1.2575E-02  -1.9522E-02   1.6116E-01
   3.3209E-02   3.7099E-02   2.0329E-02   3.0012E-02   1.3658E-01   3.8466E-02
   3.2395E-02   3.3522E-02   3.3971E-02
  > Energy =  -2.307002791641E+02 +/-   3.164438150469E-06
  > varE =   5.011640965100E-07

VMC #16:
* Size of Hilbert space =   4.0000E+02
* Deterministic energy evaluation:
  > Deterministic Etot/t = -230.70027847927167
    - Ttot/t = -10.363210240759532
    - Utot/t = 3.9054236156357542
* Number of equil. steps   = 1000
* Running VMC equilibration.
  Done. [total walltime: 0.06s]
* Equil. acc.ratio (%)     =  41.6594
* Sample config after equilibration:
  +-----+
  |  d  |
  |d   u|
  |0   u|
  |  2  |
  +-----+
* Number of accum. steps   = 500480 x 10
* Running VMC accumulation.
  Done. [total walltime: 6.79s]
* Acceptance ratio (%)     =  41.4832
* Etot/t                   =  -2.307002774162E+02 +/-   1.011082418578E-06
  > Ttot/t                 =  -1.036330247353E+01 +/-   2.841240197238E-04
  > Utot/t                 =   3.905516911330E+00 +/-   2.841084366356E-04
* var[Eloc/t]              =   5.171562055259E-07 +/-   3.990945153018E-09
* Correlation length       =   9.893229960072E-01
* log10 Psi^2 range: -6.9640680642902639 -- -3.4221732038739230
* log10 Pgen range : -6.9640680642902639 -- -3.4221732038739230
* Site occupation (ave. no. electrons per config.):
  > Site_  ___eu____  ___ed____
      1        0.496      0.503
      2        0.501      0.503
      3        0.502      0.496
      4        0.497      0.499
      5        0.499      0.500
      6        0.504      0.499
* Pair-correlation analysis (ave. no. pairs per config.):
  > Shell  nsite  ___dh____  __eueu___  __eued___
      0      1        0          0          1.035
      1      4        1.065      1.479      3.523
      2      4        0.151      0.837      1.108
      3      4        0.077      0.425      0.554
      4      4        0.237      2.172      1.856
      5      4        0.116      1.087      0.924

Optimization #16:
* Method          : lls
* Target function : energy
* No. of configs. : 50048
* No. of params.  : 39
* Before optimization:
  -6.4080E-01   2.9755E-01  -7.3731E-02  -6.3581E-02   1.2768E-02   8.2835E-03
  -1.3515E-01  -1.5734E-01   3.9116E-02   3.5860E-02   7.9022E-02  -1.3105E-02
   2.4349E-02  -3.2352E-02  -2.7674E-02  -3.3077E-02   1.3886E-02   1.3090E-03
   7.4034E-01   5.4374E-02  -2.3045E-02  -9.9138E-03  -2.6791E-02  -2.6977E-02
   5.5311E-02  -1.5233E-02  -1.1194E-02  -1.2575E-02  -1.9522E-02   1.6116E-01
   3.3209E-02   3.7099E-02   2.0329E-02   3.0012E-02   1.3658E-01   3.8466E-02
   3.2395E-02   3.3522E-02   3.3971E-02
  > E    =  -2.307002790665E+02 +/-   3.203090958870E-06
  > varE =   5.134820545410E-07
* Computing derivatives.
  Done. [total walltime: 17.6s]
* Optimizing manipulation constant:
  #igrid a___________ E____________________________________ varE____________
     1     Infinity    -2.30700279E+02 +/-   3.20309096E-06   5.13482055E-07
     2     1.0000E+06  -2.30700279E+02 +/-   3.20309092E-06   5.13482041E-07
     3     2.1544E+05  -2.30700279E+02 +/-   3.20309076E-06   5.13481992E-07
     4     4.6416E+04  -2.30700279E+02 +/-   3.20309005E-06   5.13481763E-07
     5     1.0000E+04  -2.30700279E+02 +/-   3.20308674E-06   5.13480703E-07
     6     2.1544E+03  -2.30700279E+02 +/-   3.20307139E-06   5.13475780E-07
     7     4.6416E+02  -2.30700279E+02 +/-   3.20300015E-06   5.13452940E-07
     8     1.0000E+02  -2.30700279E+02 +/-   3.20271250E-06   5.13360720E-07
     9     2.1544E+01  -2.30700279E+02 +/-   3.22079877E-06   5.19175166E-07
    10     4.6416E+00  -2.30700284E+02 +/-   7.70298804E-06   2.96964936E-06
    11     1.0000E+00  -2.30699405E+02 +/-   1.26197537E-04   7.97055353E-04
    12     2.1544E-01  -2.30006100E+02 +/-   2.56252021E-03   3.28640683E-01
    13     4.6416E-02  -2.29256146E+02 +/-   2.66385145E-03   3.55145839E-01
    14     1.0000E-02  -2.30010237E+02 +/-   3.62207813E-05   6.56602232E-05
    15     2.1544E-03  -2.29089544E+02 +/-   6.02789269E-04   1.81851862E-02
    16     4.6416E-04  -2.29090019E+02 +/-   6.04785007E-04   1.83058020E-02
    17     1.0000E-04  -2.29090122E+02 +/-   6.05214841E-04   1.83318319E-02
    18     2.1544E-05  -2.29090144E+02 +/-   6.05307439E-04   1.83374419E-02
    19     4.6416E-06  -2.29090149E+02 +/-   6.05327389E-04   1.83386506E-02
    20     1.0000E-06  -2.29090150E+02 +/-   6.05331687E-04   1.83389110E-02
    21     0.0000E+00  -2.29090150E+02 +/-   6.05332867E-04   1.83389825E-02
  ParMin   4.3726E+01  -2.30700279E+02 +/-   3.20332203E-06   5.13556142E-07
  # Using grid point #9
* Iteration # 1: E =  -2.307002794837E+02 +/-   3.220798769352E-06
* Convergence: exiting.
* After optimization:
  -6.1694E-01   2.9753E-01  -7.3775E-02  -6.3616E-02   1.2765E-02   8.2600E-03
  -1.3509E-01  -1.5732E-01   3.9156E-02   3.5863E-02   7.9043E-02  -1.3087E-02
   2.4325E-02  -3.2352E-02  -2.7662E-02  -3.3064E-02   1.3868E-02   1.3218E-03
   7.3151E-01   5.3682E-02  -2.2864E-02  -9.8768E-03  -2.6500E-02  -2.6684E-02
   5.4694E-02  -1.5134E-02  -1.1148E-02  -1.2479E-02  -1.9355E-02   1.6103E-01
   3.3058E-02   3.6950E-02   2.0228E-02   2.9926E-02   1.3656E-01   3.8315E-02
   3.2222E-02   3.3402E-02   3.3848E-02
  > Energy =  -2.307002794837E+02 +/-   3.220798769352E-06
  > varE =   5.191751657790E-07

VMC #17:
* Size of Hilbert space =   4.0000E+02
* Deterministic energy evaluation:
  > Deterministic Etot/t = -230.70027847174919
    - Ttot/t = -10.363168085926187
    - Utot/t = 3.9053814683248773
* Number of equil. steps   = 1000
* Running VMC equilibration.
  Done. [total walltime: 0.06s]
* Equil. acc.ratio (%)     =  40.7207
* Sample config after equilibration:
  +-----+
  |  2  |
  |u   d|
  |0   d|
  |  u  |
  +-----+
* Number of accum. steps   = 500480 x 10
* Running VMC accumulation.
  Done. [total walltime: 6.95s]
* Acceptance ratio (%)     =  40.7482
* Etot/t                   =  -2.307002785561E+02 +/-   1.012150685446E-06
  > Ttot/t                 =  -1.036351328352E+01 +/-   2.904583279973E-04
  > Utot/t                 =   3.905726581295E+00 +/-   2.903626283042E-04
* var[Eloc/t]              =   5.207241036302E-07 +/-   4.910946629111E-09
* Correlation length       =   9.846216777261E-01
* log10 Psi^2 range: -7.5992344736295898 -- -3.4221020324853271
* log10 Pgen range : -7.5992344736295898 -- -3.4221020324853271
* Site occupation (ave. no. electrons per config.):
  > Site_  ___eu____  ___ed____
      1        0.501      0.499
      2        0.503      0.499
      3        0.501      0.499
      4        0.499      0.500
      5        0.498      0.500
      6        0.498      0.503
* Pair-correlation analysis (ave. no. pairs per config.):
  > Shell  nsite  ___dh____  __eueu___  __eued___
      0      1        0          0          1.028
      1      4        1.056      1.478      3.532
      2      4        0.151      0.840      1.108
      3      4        0.074      0.422      0.554
      4      4        0.232      2.169      1.854
      5      4        0.114      1.091      0.925

VDAGGER finished.
Total VDAGGER walltime: 12m34s

Run ended: Sat Sep 27 10:12:02 CEST 2025
