Run started: Thu Oct  2 03:56:48 CEST 2025
Using VDAGGER_ARCH = gnu7_fkfamd_cluster
Running 1x128 MPI processes.

                               xx
                              +##
                               #X
                               Xx
                          X##XxXxxX##x
                           +   Xx  ++
                               ##
                              +##
                              +##
     ++++         ++          +##
   xX+++##+      ####         +##
  Xx    ###      +X##          ##
 xX    X##+        ##          #X
 +    x##X         #x          #X
      ###         +#           x+
     X##+         #+
     ###         Xx                    _______
     ##X       +X+   __________________VDAGGER
     +##x    +xX     2nd quantized variational
       +xxxxx+       ______quantum Monte Carlo

* Running 128 MPI processes.
* Input file: "input.casl"

############# Start of input file dump #############
General:
  Random seed: timer

Plan:
  VMC-optimization:
    Minimum cycles: 7
    Convergence cycles: 3

System:
  Read Hamiltonian: FCIDUMP_loc_naphthalene
  Read orbitals: LTSC_naphthalene
  Complex orbitals: F
  Site kinds: [ 1, 2, 3, 1, 3, 3, 2, 3, 2, 2 ]
  Geometry:
    r_1: [ 0.00000000000000, 1.34347620379600 ]
    r_4: [ 0.00000000000000, -1.34347620379600 ]
    r_3: [ 2.34629842880300, 2.63976101399600 ]
    r_5: [ -2.34629842880300, -2.63976101399600 ]
    r_6: [ -2.34629842880300, 2.63976101399600 ]
    r_8: [ 2.34629842880300, -2.63976101399600 ]
    r_9: [ 4.58120036880600, 1.33647725770700 ]
    r_2: [ -4.58120036880600, -1.33647725770700 ]
    r_7: [ -4.58120036880600, 1.33647725770700 ]
    r_10: [ 4.58120036880600, -1.33647725770700 ]
    Tolerance: 0.05

VMC:
  nstep: 1000000
  nconfig: 500000

Optimization:
  max_niter: 1

Jastrow: wfn.casl

Backflow: wfn.casl

Multideterminants: wfn.casl
############## End of input file dump ##############

General setup:
* Random seed: 207416799 (from timer)

* Loaded integrals for system with nelec=10, ms2=0, norb=10
* INFO: setting number of electrons from integrals file.
* Analysis of Hamiltonian connecitivity performed:
  - T_ii (local, 1-site): 10 (i) values
  - U_iiii [opp] (local, 1-site): 10 (i) values
  - U_kkii [opp] (local, 2-site): 90 contribs. from 10 (i) values
  - U_kkii [par] (local, 2-site): 45 contribs. from 9 (i) values
  - T_ji (single, 2-site): 90 contribs. from 10 (i) values
  - U_kkji [opp] (single, 2/3-site): 900 contribs. from 90 (i,j) pairs
  - U_kkji [par] (single, 3-site): 810 contribs. from 90 (i,j) pairs
  - U_lkji [opp] (double, 2/3/4-site): 8100 contribs. from 90 (i,j) pairs
  - U_lkji [par] (double, 4-site): 1740 contribs. from 72 (i,j) pairs
  - Max. no. wfn. ratios in Eloc: 1467
* Reading override orbitals from file "LTSC_naphthalene".
* Site labels:
  +--------------+
  |    6     3   |
  | 7     1     9|
  | 2     4    10|
  |    5     8   |
  +--------------+
* Read-in Site kinds:
  [ 1, 2, 3, 1, 3, 3, 2, 3, 2, 2 ]
  +---------+
  |  3   3  |
  |2   1   2|
  |2   1   2|
  |  3   3  |
  +---------+
* Maximum Site kind: 3
* Number of site-pair kinds with Tij=0: 0
* Automatically set Site pair kinds:
  Site 1: [ 0, -7, -4, 3, -8, -4, -9, 8, 9, -7 ]
  Site 2: [ -7, 0, 12, -9, 1, 10, 2, 14, 16, -15 ]
  Site 3: [ -4, 12, 0, -8, -11, 5, -13, -6, -1, 10 ]
  Site 4: [ 3, -9, -8, 0, -4, -8, -7, 4, 7, -9 ]
  Site 5: [ -8, 1, -11, -4, 0, 6, 10, -5, -12, -14 ]
  Site 6: [ -4, 10, 5, -8, 6, 0, 1, 11, 14, 12 ]
  Site 7: [ -9, 2, -13, -7, 10, 1, 0, -12, 15, -16 ]
  Site 8: [ 8, 14, -6, 4, -5, 11, -12, 0, 10, -1 ]
  Site 9: [ 9, 16, -1, 7, -12, 14, 15, 10, 0, -2 ]
  Site 10: [ -7, -15, 10, -9, -14, 12, -16, -1, -2, 0 ]
  For site 1 of kind 1:
  +--------------+
  |   -4    -4   |
  |-9     0     9|
  |-7     3    -7|
  |   -8     8   |
  +--------------+
  For site 2 of kind 2:
  +-------------------+
  |     10      12    |
  |  2      -7      16|
  |  0      -9     -15|
  |      1      14    |
  +-------------------+
  For site 3 of kind 3:
  +-------------------+
  |      5       0    |
  |-13      -4      -1|
  | 12      -8      10|
  |    -11      -6    |
  +-------------------+
* Maximum (unsigned) Site pair kind: 16
General system setup:
* Number of sites       : 10
* Number of electrons   : 10
* Spin imbalance MS2    : 0
* Filling               : 0.500000
* Number of orbitals in pool: 10
* Using real-valued orbitals
* Using double-precision arithmetic for orbitals

Trial wave function setup:
* Jastrow parameter file: "wfn.casl"
* Multideterminant parameter file: "wfn.casl"
* Backflow parameter file: "wfn.casl"
* Not using wave function manipulation

VMC #1:
* Size of Hilbert space =   6.3504E+04
* Deterministic energy evaluation:
  > Deterministic Etot/t = -383.33147706485448
    - Ttot/t = -23.320679822584800
    - Utot/t = 9.5035484349006314
* Number of equil. steps   = 1000
* Running VMC equilibration.
  Done. [total walltime: 0.05s]
* Equil. acc.ratio (%)     =  18.9957
* Sample config after equilibration:
  +---------+
  |  d   d  |
  |u   u   u|
  |d   d   d|
  |  u   u  |
  +---------+
* Number of accum. steps   = 1000192 x 10
* Running VMC accumulation.
  Done. [total walltime: 41.5s]
* Acceptance ratio (%)     =  19.0173
* Etot/t                   =  -3.833313157686E+02 +/-   8.574015660933E-05
  > Ttot/t                 =  -2.332052437459E+01 +/-   3.816609501576E-04
  > Utot/t                 =   9.503554283079E+00 +/-   3.593825545268E-04
* var[Eloc/t]              =   7.305633808762E-03 +/-   2.054333737306E-04
* Correlation length       =   1.006454212155E+00
* log10 Psi^2 range: -18.741617398781543 -- -11.678857355959078
* log10 Pgen range : -18.741617398781543 -- -11.678857355959078
* Site occupation (ave. no. electrons per config.):
  > Site_  ___eu____  ___ed____
      1        0.495      0.495
      2        0.501      0.501
      3        0.502      0.500
      4        0.495      0.495
      5        0.501      0.501
      6        0.502      0.501
      7        0.500      0.501
      8        0.501      0.502
      9        0.500      0.502
     10        0.502      0.501
* Pair-correlation analysis (ave. no. pairs per config.):
  > Shell  nsite  ___dh____  __eueu___  __eued___
      0      1        0          0          1.639
      1      1        0.720      0.857      2.472
      2      1        0.303      0.556      1.178
      3      1        0.157      0.296      0.551
      4      1        0.533      1.297      2.218
      5      1        0.105      1.084      0.902
      6      1        0.112      0.808      1.177
      7      1        0.281      1.782      2.127
      8      1        0.224      2.130      1.858
      9      1        0.236      2.119      1.876
     10      1        0.204      2.201      1.827
     11      1        0.091      0.896      1.123
     12      1        0.209      2.115      1.889
     13      1        0.051      0.466      0.537
     14      1        0.152      1.401      1.612
     15      1        0.109      1.040      0.967
     16      1        0.112      0.951      1.049

Optimization #1:
* Method          : lls
* Target function : energy
* No. of configs. : 500096
* No. of params.  : 122
* Before optimization:
   2.7064E+00   2.6919E+00   2.8667E+00   8.5635E-01   8.1190E-01   9.5111E-01
  -6.8787E+00  -3.1248E+00  -3.1343E+00   2.1200E-01   2.9044E-01  -3.3911E+00
  -3.3865E+00  -3.4369E+00  -3.4368E+00  -3.2794E+00  -3.2848E+00   5.3548E-01
   5.2661E-01  -6.0909E-03   1.3619E-02   1.3453E-02   6.9976E-02   7.0925E-02
   6.9717E-02   7.0705E-02  -1.6642E-01  -7.7371E-01  -5.4942E-01  -4.3308E-01
   3.6526E+01  -2.9646E+01   1.8398E+01  -1.5315E+01   5.0877E-01  -7.1246E-01
   4.1593E-01  -7.1192E-01   1.8228E+01  -1.4847E+01   1.8559E+01  -1.5116E+01
   1.8211E+01  -1.4897E+01   6.8896E-03  -5.1176E-01   5.9529E-01  -5.9105E-01
   2.9105E-01  -3.0242E-01   2.6437E-01  -3.4023E-01   2.6472E-01  -3.3971E-01
  -1.4553E-01   1.0023E+00   1.0098E+00   9.2380E-01  -8.9059E-02  -1.2919E-01
  -1.9635E-01  -1.6015E-01   3.8040E-02  -8.5158E-02  -6.7298E-02   4.4344E-02
   7.3869E-02   8.2904E-02  -1.7731E-02  -2.0452E-02   1.1895E-02   1.1750E-02
   2.3570E-02  -9.8124E-03   2.0752E-01   1.5267E-01   2.7509E-02   5.4443E-02
   5.5118E-02  -8.9062E-02  -7.0040E-02   2.7928E-02   2.8805E-02   3.4752E-02
  -2.0749E-02  -2.6093E-02   4.0042E-02   3.9486E-02   3.4822E-02  -4.7540E-02
  -7.3535E-02  -1.3684E-01  -1.8797E-01  -1.6206E-01   3.2406E-03  -7.1347E-02
  -4.7422E-02   3.1989E-02   5.6925E-02   3.4287E-02  -9.9585E-03  -1.2725E-02
   7.8541E-03   6.6376E-03   1.0876E-02  -6.4135E-03   1.1356E-01   8.2270E-02
   5.3548E-03   5.5260E-03   2.9005E-02  -8.8954E-02  -5.8076E-02   1.8843E-02
   1.7255E-02  -4.0947E-03  -1.4802E-02  -2.2373E-02   3.4073E-02   3.4199E-02
   2.1097E-02  -4.6076E-02
  > E    =  -3.833313460511E+02 +/-   1.209593828936E-04
  > varE =   7.316990747543E-03
* Computing derivatives.
    [walltime: 1m1s elapsed, 35m28s remaining]
  Done. [total walltime: 36m21s]
* Optimizing manipulation constant:
  #igrid a___________ E____________________________________ varE____________
     1     Infinity    -3.83331346E+02 +/-   1.20959383E-04   7.31699075E-03
     2     1.0000E+06  -3.83331346E+02 +/-   1.20959337E-04   7.31698524E-03
     3     2.1544E+05  -3.83331346E+02 +/-   1.20959172E-04   7.31696518E-03
     4     4.6416E+04  -3.83331346E+02 +/-   1.20958402E-04   7.31687208E-03
     5     1.0000E+04  -3.83331347E+02 +/-   1.20954831E-04   7.31644000E-03
     6     2.1544E+03  -3.83331352E+02 +/-   1.20938260E-04   7.31443553E-03
     7     4.6416E+02  -3.83331374E+02 +/-   1.20861509E-04   7.30515449E-03
     8     1.0000E+02  -3.83331475E+02 +/-   1.20508641E-04   7.26256036E-03
     9     2.1544E+01  -3.83331922E+02 +/-   1.18937998E-04   7.07448170E-03
    10     4.6416E+00  -3.83333685E+02 +/-   1.12707718E-04   6.35273438E-03
    11     1.0000E+00  -3.83338847E+02 +/-   9.36325176E-05   4.38436582E-03
    12     2.1544E-01  -3.83345962E+02 +/-   6.12524627E-05   1.87629227E-03
    13     4.6416E-02  -3.83348013E+02 +/-   5.58875458E-05   1.56200873E-03
    14     1.0000E-02  -3.83347749E+02 +/-   6.27008282E-05   1.96607435E-03
    15     2.1544E-03  -3.83347595E+02 +/-   6.49594576E-05   2.11027066E-03
    16     4.6416E-04  -3.83347556E+02 +/-   6.54862310E-05   2.14463492E-03
    17     1.0000E-04  -3.83347547E+02 +/-   6.56015924E-05   2.15219761E-03
    18     2.1544E-05  -3.83347546E+02 +/-   6.56265330E-05   2.15383437E-03
    19     4.6416E-06  -3.83347545E+02 +/-   6.56319103E-05   2.15418735E-03
    20     1.0000E-06  -3.83347545E+02 +/-   6.56330690E-05   2.15426341E-03
    21     0.0000E+00  -3.83347545E+02 +/-   6.56333872E-05   2.15428430E-03
  ParMin   2.5936E-02  -3.83347943E+02 +/-   5.90195193E-05   1.74198623E-03
  # Using grid point #13
* Iteration # 1: E =  -3.833480127067E+02 +/-   5.588754577676E-05
* Reached maximum number of iterations: exiting.
* After optimization:
   1.4172E+00   1.3623E+00   1.4543E+00   5.4378E-01   4.9584E-01   9.2985E-01
  -4.0598E+00  -2.0112E+00  -1.9973E+00  -3.2051E-01  -2.5595E-01  -2.0022E+00
  -1.9999E+00  -2.3040E+00  -2.2982E+00  -1.9049E+00  -1.9049E+00   2.3995E-01
   2.4074E-01  -5.2647E-01  -2.5032E-01  -2.4992E-01  -1.9686E-01  -1.9698E-01
  -1.9755E-01  -1.9729E-01   1.2170E+00  -1.7962E+00  -4.7236E-01  -4.3523E-01
   2.2645E+01  -1.8599E+01   1.2823E+01  -1.0845E+01   3.2105E+00  -2.8796E+00
   3.1308E+00  -2.8842E+00   1.1295E+01  -9.3054E+00   1.2978E+01  -1.0668E+01
   1.1277E+01  -9.3473E+00   1.3811E+00  -1.5929E+00   3.3030E+00  -2.7771E+00
   1.6443E+00  -1.3903E+00   1.6164E+00  -1.4235E+00   1.6163E+00  -1.4230E+00
  -4.3756E-02   7.6383E-01   8.1380E-01   7.8571E-01  -1.1576E-01  -1.2618E-01
  -1.4687E-01  -1.4414E-01   3.3506E-02  -7.5681E-02  -7.5391E-02   4.6715E-02
   9.1197E-02   8.4414E-02   7.8073E-03   1.9648E-03   5.2626E-03   5.5970E-03
   2.4025E-02  -9.1554E-03   1.6017E-01   1.5632E-01   2.8226E-02   2.7528E-02
   3.2374E-02  -3.8878E-02  -4.7876E-02   1.0842E-02   4.3216E-02  -6.1038E-03
  -5.3892E-03  -5.7916E-03   2.3021E-02   2.3781E-02   3.4106E-02  -3.6417E-02
  -8.9632E-02  -1.4010E-01  -1.7480E-01  -1.7880E-01   6.8983E-03  -7.4648E-02
  -8.0976E-02   4.5380E-02   7.6760E-02   5.0813E-02   1.1986E-03   5.5913E-03
   1.5467E-02   1.3103E-02   2.3015E-02  -1.2266E-02   1.3637E-01   1.2867E-01
   1.5809E-02  -4.3383E-03   1.3687E-02  -5.5198E-02  -6.8675E-02   9.5414E-03
   2.7816E-02  -3.8360E-02  -1.1032E-02  -4.5757E-03   3.4262E-02   3.5594E-02
   3.5511E-02  -4.8463E-02
  > Energy =  -3.833480127067E+02 +/-   5.588754577676E-05
  > varE =   1.562008734581E-03

VMC #2:
* Size of Hilbert space =   6.3504E+04
* Deterministic energy evaluation:
  > Deterministic Etot/t = -383.34809598952603
    - Ttot/t = -23.346659367201024
    - Utot/t = 9.5129090548452897
* Number of equil. steps   = 1000
* Running VMC equilibration.
  Done. [total walltime: 0.05s]
* Equil. acc.ratio (%)     =  23.0276
* Sample config after equilibration:
  +---------+
  |  u   d  |
  |2   u   u|
  |d   u   d|
  |  0   d  |
  +---------+
* Number of accum. steps   = 1000192 x 10
* Running VMC accumulation.
  Done. [total walltime: 43.0s]
* Acceptance ratio (%)     =  22.9694
* Etot/t                   =  -3.833481126714E+02 +/-   3.949279008767E-05
  > Ttot/t                 =  -2.334666839014E+01 +/-   3.755269612721E-04
  > Utot/t                 =   9.512901395969E+00 +/-   3.586827945568E-04
* var[Eloc/t]              =   1.556286540154E-03 +/-   9.178763747783E-06
* Correlation length       =   1.002373205261E+00
* log10 Psi^2 range: -18.677020486442270 -- -11.880768813571009
* log10 Pgen range : -18.677020486442270 -- -11.880768813571009
* Site occupation (ave. no. electrons per config.):
  > Site_  ___eu____  ___ed____
      1        0.494      0.494
      2        0.500      0.499
      3        0.503      0.502
      4        0.494      0.494
      5        0.502      0.503
      6        0.502      0.503
      7        0.501      0.501
      8        0.502      0.503
      9        0.501      0.500
     10        0.501      0.500
* Pair-correlation analysis (ave. no. pairs per config.):
  > Shell  nsite  ___dh____  __eueu___  __eued___
      0      1        0          0          1.685
      1      1        0.799      0.750      2.500
      2      1        0.280      0.618      1.138
      3      1        0.144      0.293      0.561
      4      1        0.531      1.315      2.210
      5      1        0.116      1.050      0.958
      6      1        0.137      0.844      1.132
      7      1        0.271      1.778      2.119
      8      1        0.235      2.109      1.874
      9      1        0.229      2.115      1.866
     10      1        0.217      2.188      1.855
     11      1        0.108      0.976      1.051
     12      1        0.225      2.078      1.939
     13      1        0.057      0.477      0.527
     14      1        0.173      1.429      1.576
     15      1        0.112      1.034      0.969
     16      1        0.119      0.948      1.041

Optimization #2:
* Method          : lls
* Target function : energy
* No. of configs. : 500096
* No. of params.  : 122
* Before optimization:
   1.4172E+00   1.3623E+00   1.4543E+00   5.4378E-01   4.9584E-01   9.2985E-01
  -4.0598E+00  -2.0112E+00  -1.9973E+00  -3.2051E-01  -2.5595E-01  -2.0022E+00
  -1.9999E+00  -2.3040E+00  -2.2982E+00  -1.9049E+00  -1.9049E+00   2.3995E-01
   2.4074E-01  -5.2647E-01  -2.5032E-01  -2.4992E-01  -1.9686E-01  -1.9698E-01
  -1.9755E-01  -1.9729E-01   1.2170E+00  -1.7962E+00  -4.7236E-01  -4.3523E-01
   2.2645E+01  -1.8599E+01   1.2823E+01  -1.0845E+01   3.2105E+00  -2.8796E+00
   3.1308E+00  -2.8842E+00   1.1295E+01  -9.3054E+00   1.2978E+01  -1.0668E+01
   1.1277E+01  -9.3473E+00   1.3811E+00  -1.5929E+00   3.3030E+00  -2.7771E+00
   1.6443E+00  -1.3903E+00   1.6164E+00  -1.4235E+00   1.6163E+00  -1.4230E+00
  -4.3756E-02   7.6383E-01   8.1380E-01   7.8571E-01  -1.1576E-01  -1.2618E-01
  -1.4687E-01  -1.4414E-01   3.3506E-02  -7.5681E-02  -7.5391E-02   4.6715E-02
   9.1197E-02   8.4414E-02   7.8073E-03   1.9648E-03   5.2626E-03   5.5970E-03
   2.4025E-02  -9.1554E-03   1.6017E-01   1.5632E-01   2.8226E-02   2.7528E-02
   3.2374E-02  -3.8878E-02  -4.7876E-02   1.0842E-02   4.3216E-02  -6.1038E-03
  -5.3892E-03  -5.7916E-03   2.3021E-02   2.3781E-02   3.4106E-02  -3.6417E-02
  -8.9632E-02  -1.4010E-01  -1.7480E-01  -1.7880E-01   6.8983E-03  -7.4648E-02
  -8.0976E-02   4.5380E-02   7.6760E-02   5.0813E-02   1.1986E-03   5.5913E-03
   1.5467E-02   1.3103E-02   2.3015E-02  -1.2266E-02   1.3637E-01   1.2867E-01
   1.5809E-02  -4.3383E-03   1.3687E-02  -5.5198E-02  -6.8675E-02   9.5414E-03
   2.7816E-02  -3.8360E-02  -1.1032E-02  -4.5757E-03   3.4262E-02   3.5594E-02
   3.5511E-02  -4.8463E-02
  > E    =  -3.833480599798E+02 +/-   5.597039076961E-05
  > varE =   1.566643059177E-03
* Computing derivatives.
    [walltime: 1m elapsed, 35m44s remaining]
  Done. [total walltime: 36m32s]
* Optimizing manipulation constant:
  #igrid a___________ E____________________________________ varE____________
     1     Infinity    -3.83348060E+02 +/-   5.59703908E-05   1.56664306E-03
     2     1.0000E+06  -3.83348060E+02 +/-   5.59703591E-05   1.56664129E-03
     3     2.1544E+05  -3.83348060E+02 +/-   5.59702440E-05   1.56663484E-03
     4     4.6416E+04  -3.83348060E+02 +/-   5.59697128E-05   1.56660510E-03
     5     1.0000E+04  -3.83348060E+02 +/-   5.59673114E-05   1.56647068E-03
     6     2.1544E+03  -3.83348061E+02 +/-   5.59575543E-05   1.56592454E-03
     7     4.6416E+02  -3.83348062E+02 +/-   5.59422610E-05   1.56506872E-03
     8     1.0000E+02  -3.83348020E+02 +/-   5.65395995E-05   1.59867004E-03
     9     2.1544E+01  -3.83345936E+02 +/-   8.11366747E-05   3.29221197E-03
    10     4.6416E+00  -3.82752888E+02 +/-   8.86660364E-04   3.93158772E-01
    11     1.0000E+00  -3.81010888E+02 +/-   1.10435755E-03   6.09919884E-01
    12     2.1544E-01  -3.82334082E+02 +/-   1.00504521E-03   5.05154908E-01
    13     4.6416E-02  -3.82720812E+02 +/-   8.43440422E-04   3.55764166E-01
    14     1.0000E-02  -3.83109965E+02 +/-   5.25857439E-04   1.38289570E-01
    15     2.1544E-03  -3.80744786E+02 +/-   1.05663148E-03   5.58342224E-01
    16     4.6416E-04  -3.80725358E+02 +/-   1.04960347E-03   5.50939484E-01
    17     1.0000E-04  -3.80724198E+02 +/-   1.04926491E-03   5.50584118E-01
    18     2.1544E-05  -3.80723991E+02 +/-   1.04920919E-03   5.50525641E-01
    19     4.6416E-06  -3.80723947E+02 +/-   1.04919782E-03   5.50513715E-01
    20     1.0000E-06  -3.80723938E+02 +/-   1.04919540E-03   5.50511175E-01
    21     0.0000E+00  -3.80723936E+02 +/-   1.04919474E-03   5.50510480E-01
  ParMin   9.6371E+02  -3.83348062E+02 +/-   5.59468266E-05   1.56532419E-03
  # Using grid point #7
* Iteration # 1: E =  -3.833480618767E+02 +/-   5.594226100168E-05
* Reached maximum number of iterations: exiting.
* After optimization:
   1.4338E+00   1.3787E+00   1.4706E+00   5.4600E-01   4.9812E-01   9.2982E-01
  -4.0670E+00  -2.0126E+00  -1.9987E+00  -3.1605E-01  -2.5146E-01  -2.0058E+00
  -2.0034E+00  -2.3053E+00  -2.2995E+00  -1.9085E+00  -1.9085E+00   2.4221E-01
   2.4298E-01  -5.2198E-01  -2.4808E-01  -2.4768E-01  -1.9463E-01  -1.9474E-01
  -1.9531E-01  -1.9505E-01   1.2054E+00  -1.7870E+00  -4.7251E-01  -4.3531E-01
   2.2680E+01  -1.8626E+01   1.2829E+01  -1.0850E+01   3.1875E+00  -2.8611E+00
   3.1078E+00  -2.8657E+00   1.1313E+01  -9.3194E+00   1.2984E+01  -1.0672E+01
   1.1294E+01  -9.3612E+00   1.3696E+00  -1.5836E+00   3.2800E+00  -2.7585E+00
   1.6328E+00  -1.3810E+00   1.6049E+00  -1.4142E+00   1.6048E+00  -1.4138E+00
  -4.3765E-02   7.5726E-01   8.0672E-01   7.7893E-01  -1.1467E-01  -1.2494E-01
  -1.4565E-01  -1.4290E-01   3.3186E-02  -7.4960E-02  -7.4712E-02   4.6328E-02
   9.0378E-02   8.3621E-02   7.7837E-03   1.9319E-03   5.1861E-03   5.5168E-03
   2.3869E-02  -9.0830E-03   1.5873E-01   1.5488E-01   2.7997E-02   2.7281E-02
   3.2089E-02  -3.8506E-02  -4.7423E-02   1.0731E-02   4.2836E-02  -5.9924E-03
  -5.3597E-03  -5.7812E-03   2.2805E-02   2.3557E-02   3.3817E-02  -3.6071E-02
  -8.9577E-02  -1.4003E-01  -1.7490E-01  -1.7881E-01   6.8525E-03  -7.4627E-02
  -8.0959E-02   4.5382E-02   7.6730E-02   5.0711E-02   1.2445E-03   5.6035E-03
   1.5419E-02   1.3059E-02   2.3083E-02  -1.2282E-02   1.3624E-01   1.2848E-01
   1.5766E-02  -4.3863E-03   1.3675E-02  -5.5183E-02  -6.8606E-02   9.4856E-03
   2.7804E-02  -3.8351E-02  -1.1072E-02  -4.6023E-03   3.4232E-02   3.5563E-02
   3.5514E-02  -4.8436E-02
  > Energy =  -3.833480618767E+02 +/-   5.594226100168E-05
  > varE =   1.565068718500E-03

VMC #3:
* Size of Hilbert space =   6.3504E+04
* Deterministic energy evaluation:
  > Deterministic Etot/t = -383.34809761152928
    - Ttot/t = -23.346648560871220
    - Utot/t = 9.5128966265122425
* Number of equil. steps   = 1000
* Running VMC equilibration.
  Done. [total walltime: 0.05s]
* Equil. acc.ratio (%)     =  23.2730
* Sample config after equilibration:
  +---------+
  |  2   d  |
  |0   u   u|
  |0   d   d|
  |  2   u  |
  +---------+
* Number of accum. steps   = 1000192 x 10
* Running VMC accumulation.
  Done. [total walltime: 42.7s]
* Acceptance ratio (%)     =  23.2140
* Etot/t                   =  -3.833480605242E+02 +/-   3.947187366198E-05
  > Ttot/t                 =  -2.334650322988E+01 +/-   3.770986284306E-04
  > Utot/t                 =   9.512788382952E+00 +/-   3.608306382886E-04
* var[Eloc/t]              =   1.570547807272E-03 +/-   1.127116894990E-05
* Correlation length       =   9.922193674739E-01
* log10 Psi^2 range: -18.645851856735241 -- -11.877544323775854
* log10 Pgen range : -18.645851856735241 -- -11.877544323775854
* Site occupation (ave. no. electrons per config.):
  > Site_  ___eu____  ___ed____
      1        0.494      0.495
      2        0.500      0.501
      3        0.504      0.502
      4        0.494      0.494
      5        0.503      0.502
      6        0.502      0.502
      7        0.501      0.500
      8        0.502      0.502
      9        0.499      0.501
     10        0.500      0.501
* Pair-correlation analysis (ave. no. pairs per config.):
  > Shell  nsite  ___dh____  __eueu___  __eued___
      0      1        0          0          1.684
      1      1        0.797      0.750      2.501
      2      1        0.280      0.617      1.139
      3      1        0.144      0.294      0.561
      4      1        0.530      1.316      2.210
      5      1        0.116      1.049      0.957
      6      1        0.138      0.843      1.131
      7      1        0.271      1.778      2.121
      8      1        0.235      2.108      1.875
      9      1        0.230      2.117      1.866
     10      1        0.217      2.188      1.855
     11      1        0.107      0.974      1.050
     12      1        0.223      2.078      1.939
     13      1        0.058      0.477      0.525
     14      1        0.172      1.428      1.575
     15      1        0.110      1.034      0.971
     16      1        0.119      0.947      1.041

Optimization #3:
* Method          : lls
* Target function : energy
* No. of configs. : 500096
* No. of params.  : 122
* Before optimization:
   1.4338E+00   1.3787E+00   1.4706E+00   5.4600E-01   4.9812E-01   9.2982E-01
  -4.0670E+00  -2.0126E+00  -1.9987E+00  -3.1605E-01  -2.5146E-01  -2.0058E+00
  -2.0034E+00  -2.3053E+00  -2.2995E+00  -1.9085E+00  -1.9085E+00   2.4221E-01
   2.4298E-01  -5.2198E-01  -2.4808E-01  -2.4768E-01  -1.9463E-01  -1.9474E-01
  -1.9531E-01  -1.9505E-01   1.2054E+00  -1.7870E+00  -4.7251E-01  -4.3531E-01
   2.2680E+01  -1.8626E+01   1.2829E+01  -1.0850E+01   3.1875E+00  -2.8611E+00
   3.1078E+00  -2.8657E+00   1.1313E+01  -9.3194E+00   1.2984E+01  -1.0672E+01
   1.1294E+01  -9.3612E+00   1.3696E+00  -1.5836E+00   3.2800E+00  -2.7585E+00
   1.6328E+00  -1.3810E+00   1.6049E+00  -1.4142E+00   1.6048E+00  -1.4138E+00
  -4.3765E-02   7.5726E-01   8.0672E-01   7.7893E-01  -1.1467E-01  -1.2494E-01
  -1.4565E-01  -1.4290E-01   3.3186E-02  -7.4960E-02  -7.4712E-02   4.6328E-02
   9.0378E-02   8.3621E-02   7.7837E-03   1.9319E-03   5.1861E-03   5.5168E-03
   2.3869E-02  -9.0830E-03   1.5873E-01   1.5488E-01   2.7997E-02   2.7281E-02
   3.2089E-02  -3.8506E-02  -4.7423E-02   1.0731E-02   4.2836E-02  -5.9924E-03
  -5.3597E-03  -5.7812E-03   2.2805E-02   2.3557E-02   3.3817E-02  -3.6071E-02
  -8.9577E-02  -1.4003E-01  -1.7490E-01  -1.7881E-01   6.8525E-03  -7.4627E-02
  -8.0959E-02   4.5382E-02   7.6730E-02   5.0711E-02   1.2445E-03   5.6035E-03
   1.5419E-02   1.3059E-02   2.3083E-02  -1.2282E-02   1.3624E-01   1.2848E-01
   1.5766E-02  -4.3863E-03   1.3675E-02  -5.5183E-02  -6.8606E-02   9.4856E-03
   2.7804E-02  -3.8351E-02  -1.1072E-02  -4.6023E-03   3.4232E-02   3.5563E-02
   3.5514E-02  -4.8436E-02
  > E    =  -3.833480757719E+02 +/-   5.620165521883E-05
  > varE =   1.579616252769E-03
* Computing derivatives.
    [walltime: 1m elapsed, 35m30s remaining]
  Done. [total walltime: 36m15s]
* Optimizing manipulation constant:
  #igrid a___________ E____________________________________ varE____________
     1     Infinity    -3.83348076E+02 +/-   5.62016552E-05   1.57961625E-03
     2     1.0000E+06  -3.83348076E+02 +/-   5.62016249E-05   1.57961455E-03
     3     2.1544E+05  -3.83348076E+02 +/-   5.62015143E-05   1.57960833E-03
     4     4.6416E+04  -3.83348076E+02 +/-   5.62010017E-05   1.57957951E-03
     5     1.0000E+04  -3.83348076E+02 +/-   5.61986282E-05   1.57944610E-03
     6     2.1544E+03  -3.83348077E+02 +/-   5.61877464E-05   1.57883450E-03
     7     4.6416E+02  -3.83348080E+02 +/-   5.61401214E-05   1.57615918E-03
     8     1.0000E+02  -3.83348090E+02 +/-   5.59791474E-05   1.56713330E-03
     9     2.1544E+01  -3.83348060E+02 +/-   5.63384295E-05   1.58731403E-03
    10     4.6416E+00  -3.83348076E+02 +/-   5.63300835E-05   1.58684377E-03
    11     1.0000E+00  -3.83291535E+02 +/-   3.01094747E-04   4.53377266E-02
    12     2.1544E-01  -3.80705624E+02 +/-   1.01294255E-03   5.13124803E-01
    13     4.6416E-02  -3.83344727E+02 +/-   9.13495593E-05   4.17317209E-03
    14     1.0000E-02  -3.82581724E+02 +/-   8.81859441E-04   3.88912693E-01
    15     2.1544E-03  -3.80927581E+02 +/-   1.07392507E-03   5.76768250E-01
    16     4.6416E-04  -3.80891892E+02 +/-   1.06351959E-03   5.65645543E-01
    17     1.0000E-04  -3.80887586E+02 +/-   1.06210005E-03   5.64136550E-01
    18     2.1544E-05  -3.80886758E+02 +/-   1.06181919E-03   5.63838231E-01
    19     4.6416E-06  -3.80886584E+02 +/-   1.06175974E-03   5.63775101E-01
    20     1.0000E-06  -3.80886547E+02 +/-   1.06174699E-03   5.63761552E-01
    21     0.0000E+00  -3.80886537E+02 +/-   1.06174348E-03   5.63757834E-01
  ParMin   1.4474E+02  -3.83348087E+02 +/-   5.60310218E-05   1.57003909E-03
  # Using grid point #8
* Iteration # 1: E =  -3.833480900919E+02 +/-   5.597914741662E-05
* Reached maximum number of iterations: exiting.
* After optimization:
   1.3785E+00   1.3227E+00   1.4147E+00   5.5306E-01   5.0540E-01   9.2962E-01
  -4.0609E+00  -2.0026E+00  -1.9885E+00  -3.0187E-01  -2.3715E-01  -2.0027E+00
  -2.0002E+00  -2.2950E+00  -2.2892E+00  -1.9054E+00  -1.9053E+00   2.4940E-01
   2.5008E-01  -5.0769E-01  -2.4094E-01  -2.4059E-01  -1.8752E-01  -1.8763E-01
  -1.8820E-01  -1.8794E-01   1.1678E+00  -1.7574E+00  -4.7320E-01  -4.3565E-01
   2.2646E+01  -1.8598E+01   1.2775E+01  -1.0806E+01   3.1137E+00  -2.8013E+00
   3.0340E+00  -2.8062E+00   1.1295E+01  -9.3052E+00   1.2930E+01  -1.0628E+01
   1.1277E+01  -9.3470E+00   1.3327E+00  -1.5538E+00   3.2062E+00  -2.6990E+00
   1.5959E+00  -1.3513E+00   1.5679E+00  -1.3844E+00   1.5679E+00  -1.3839E+00
  -4.3816E-02   7.6695E-01   8.1672E-01   7.8870E-01  -1.1588E-01  -1.2606E-01
  -1.4782E-01  -1.4479E-01   3.3424E-02  -7.5634E-02  -7.5557E-02   4.7000E-02
   9.1410E-02   8.4420E-02   8.0932E-03   1.9118E-03   5.0716E-03   5.4097E-03
   2.4434E-02  -9.2334E-03   1.6039E-01   1.5636E-01   2.8265E-02   2.7512E-02
   3.2484E-02  -3.8868E-02  -4.7845E-02   1.0820E-02   4.3366E-02  -5.8153E-03
  -5.5030E-03  -6.0270E-03   2.2989E-02   2.3751E-02   3.4281E-02  -3.6419E-02
  -8.9411E-02  -1.3985E-01  -1.7547E-01  -1.7890E-01   6.6049E-03  -7.4556E-02
  -8.0896E-02   4.5408E-02   7.6641E-02   5.0295E-02   1.4998E-03   5.6754E-03
   1.5163E-02   1.2817E-02   2.3425E-02  -1.2335E-02   1.3558E-01   1.2759E-01
   1.5397E-02  -4.6859E-03   1.3653E-02  -5.5138E-02  -6.8290E-02   9.2841E-03
   2.7782E-02  -3.8290E-02  -1.1234E-02  -4.7374E-03   3.4075E-02   3.5400E-02
   3.5564E-02  -4.8323E-02
  > Energy =  -3.833480900919E+02 +/-   5.597914741662E-05
  > varE =   1.567133304581E-03

VMC #4:
* Size of Hilbert space =   6.3504E+04
* Deterministic energy evaluation:
  > Deterministic Etot/t = -383.34811176590068
    - Ttot/t = -23.346683623713684
    - Utot/t = 9.5129175349833677
* Number of equil. steps   = 1000
* Running VMC equilibration.
  Done. [total walltime: 0.05s]
* Equil. acc.ratio (%)     =  23.0516
* Sample config after equilibration:
  +---------+
  |  d   u  |
  |u   u   d|
  |u   d   0|
  |  d   2  |
  +---------+
* Number of accum. steps   = 1000192 x 10
* Running VMC accumulation.
  Done. [total walltime: 42.7s]
* Acceptance ratio (%)     =  22.9111
* Etot/t                   =  -3.833480689876E+02 +/-   3.909503193366E-05
  > Ttot/t                 =  -2.334625437184E+01 +/-   3.748818508500E-04
  > Utot/t                 =   9.512531061389E+00 +/-   3.593790826915E-04
* var[Eloc/t]              =   1.550762053167E-03 +/-   4.715122829566E-06
* Correlation length       =   9.857830707839E-01
* log10 Psi^2 range: -18.578368062746016 -- -11.862470409366715
* log10 Pgen range : -18.578368062746016 -- -11.862470409366715
* Site occupation (ave. no. electrons per config.):
  > Site_  ___eu____  ___ed____
      1        0.495      0.494
      2        0.500      0.500
      3        0.502      0.503
      4        0.494      0.494
      5        0.502      0.503
      6        0.503      0.502
      7        0.501      0.501
      8        0.503      0.501
      9        0.501      0.500
     10        0.500      0.501
* Pair-correlation analysis (ave. no. pairs per config.):
  > Shell  nsite  ___dh____  __eueu___  __eued___
      0      1        0          0          1.683
      1      1        0.797      0.749      2.501
      2      1        0.281      0.617      1.139
      3      1        0.145      0.294      0.561
      4      1        0.528      1.317      2.212
      5      1        0.116      1.048      0.957
      6      1        0.138      0.840      1.130
      7      1        0.271      1.782      2.120
      8      1        0.234      2.108      1.876
      9      1        0.230      2.117      1.868
     10      1        0.217      2.189      1.854
     11      1        0.107      0.975      1.048
     12      1        0.224      2.078      1.938
     13      1        0.058      0.477      0.525
     14      1        0.173      1.428      1.575
     15      1        0.111      1.034      0.971
     16      1        0.119      0.947      1.041

Optimization #4:
* Method          : lls
* Target function : energy
* No. of configs. : 500096
* No. of params.  : 122
* Before optimization:
   1.3785E+00   1.3227E+00   1.4147E+00   5.5306E-01   5.0540E-01   9.2962E-01
  -4.0609E+00  -2.0026E+00  -1.9885E+00  -3.0187E-01  -2.3715E-01  -2.0027E+00
  -2.0002E+00  -2.2950E+00  -2.2892E+00  -1.9054E+00  -1.9053E+00   2.4940E-01
   2.5008E-01  -5.0769E-01  -2.4094E-01  -2.4059E-01  -1.8752E-01  -1.8763E-01
  -1.8820E-01  -1.8794E-01   1.1678E+00  -1.7574E+00  -4.7320E-01  -4.3565E-01
   2.2646E+01  -1.8598E+01   1.2775E+01  -1.0806E+01   3.1137E+00  -2.8013E+00
   3.0340E+00  -2.8062E+00   1.1295E+01  -9.3052E+00   1.2930E+01  -1.0628E+01
   1.1277E+01  -9.3470E+00   1.3327E+00  -1.5538E+00   3.2062E+00  -2.6990E+00
   1.5959E+00  -1.3513E+00   1.5679E+00  -1.3844E+00   1.5679E+00  -1.3839E+00
  -4.3816E-02   7.6695E-01   8.1672E-01   7.8870E-01  -1.1588E-01  -1.2606E-01
  -1.4782E-01  -1.4479E-01   3.3424E-02  -7.5634E-02  -7.5557E-02   4.7000E-02
   9.1410E-02   8.4420E-02   8.0932E-03   1.9118E-03   5.0716E-03   5.4097E-03
   2.4434E-02  -9.2334E-03   1.6039E-01   1.5636E-01   2.8265E-02   2.7512E-02
   3.2484E-02  -3.8868E-02  -4.7845E-02   1.0820E-02   4.3366E-02  -5.8153E-03
  -5.5030E-03  -6.0270E-03   2.2989E-02   2.3751E-02   3.4281E-02  -3.6419E-02
  -8.9411E-02  -1.3985E-01  -1.7547E-01  -1.7890E-01   6.6049E-03  -7.4556E-02
  -8.0896E-02   4.5408E-02   7.6641E-02   5.0295E-02   1.4998E-03   5.6754E-03
   1.5163E-02   1.2817E-02   2.3425E-02  -1.2335E-02   1.3558E-01   1.2759E-01
   1.5397E-02  -4.6859E-03   1.3653E-02  -5.5138E-02  -6.8290E-02   9.2841E-03
   2.7782E-02  -3.8290E-02  -1.1234E-02  -4.7374E-03   3.4075E-02   3.5400E-02
   3.5564E-02  -4.8323E-02
  > E    =  -3.833480089573E+02 +/-   5.566683731360E-05
  > varE =   1.549695872740E-03
* Computing derivatives.
    [walltime: 1m elapsed, 35m36s remaining]
  Done. [total walltime: 36m17s]
* Optimizing manipulation constant:
  #igrid a___________ E____________________________________ varE____________
     1     Infinity    -3.83348009E+02 +/-   5.56668373E-05   1.54969587E-03
     2     1.0000E+06  -3.83348009E+02 +/-   5.56668069E-05   1.54969418E-03
     3     2.1544E+05  -3.83348009E+02 +/-   5.56666961E-05   1.54968801E-03
     4     4.6416E+04  -3.83348009E+02 +/-   5.56661817E-05   1.54965937E-03
     5     1.0000E+04  -3.83348009E+02 +/-   5.56637947E-05   1.54952647E-03
     6     2.1544E+03  -3.83348010E+02 +/-   5.56527245E-05   1.54891021E-03
     7     4.6416E+02  -3.83348013E+02 +/-   5.56015446E-05   1.54606267E-03
     8     1.0000E+02  -3.83348029E+02 +/-   5.53686967E-05   1.53314059E-03
     9     2.1544E+01  -3.83348094E+02 +/-   5.44313722E-05   1.48167157E-03
    10     4.6416E+00  -3.83347055E+02 +/-   6.82962216E-05   2.33263472E-03
    11     1.0000E+00  -3.80839957E+02 +/-   1.16911941E-03   6.83551311E-01
    12     2.1544E-01  -3.82985299E+02 +/-   6.81925040E-04   2.32555522E-01
    13     4.6416E-02  -3.83222399E+02 +/-   4.28669932E-04   9.18965962E-02
    14     1.0000E-02  -3.83235892E+02 +/-   4.01467679E-04   8.06036214E-02
    15     2.1544E-03  -3.83256395E+02 +/-   3.71343996E-04   6.89614198E-02
    16     4.6416E-04  -3.83262383E+02 +/-   3.61892009E-04   6.54954858E-02
    17     1.0000E-04  -3.83263751E+02 +/-   3.59678622E-04   6.46967749E-02
    18     2.1544E-05  -3.83264048E+02 +/-   3.59194425E-04   6.45227033E-02
    19     4.6416E-06  -3.83264112E+02 +/-   3.59089787E-04   6.44851163E-02
    20     1.0000E-06  -3.83264126E+02 +/-   3.59067229E-04   6.44770146E-02
    21     0.0000E+00  -3.83264130E+02 +/-   3.59061033E-04   6.44747896E-02
  ParMin   4.2427E+01  -3.83348056E+02 +/-   5.49875982E-05   1.51210825E-03
  # Using grid point #9
* Iteration # 1: E =  -3.833480937923E+02 +/-   5.443137218151E-05
* Reached maximum number of iterations: exiting.
* After optimization:
   1.5968E+00   1.5392E+00   1.6299E+00   5.5124E-01   5.0514E-01   9.2952E-01
  -4.2071E+00  -2.0779E+00  -2.0634E+00  -3.0523E-01  -2.3978E-01  -2.0759E+00
  -2.0727E+00  -2.3693E+00  -2.3634E+00  -1.9784E+00  -1.9779E+00   2.4851E-01
   2.4886E-01  -5.1048E-01  -2.4238E-01  -2.4221E-01  -1.8914E-01  -1.8921E-01
  -1.8983E-01  -1.8952E-01   1.1664E+00  -1.7588E+00  -4.7661E-01  -4.3764E-01
   2.3361E+01  -1.9167E+01   1.3133E+01  -1.1092E+01   3.1169E+00  -2.8011E+00
   3.0371E+00  -2.8066E+00   1.1653E+01  -9.5893E+00   1.3289E+01  -1.0913E+01
   1.1635E+01  -9.6310E+00   1.3342E+00  -1.5539E+00   3.2093E+00  -2.6993E+00
   1.5974E+00  -1.3514E+00   1.5694E+00  -1.3844E+00   1.5694E+00  -1.3840E+00
  -4.3978E-02   7.4992E-01   7.9670E-01   7.7047E-01  -1.1119E-01  -1.1986E-01
  -1.4525E-01  -1.4130E-01   3.1710E-02  -7.2582E-02  -7.3260E-02   4.6174E-02
   8.8575E-02   8.0996E-02   8.6891E-03   1.5283E-03   4.1987E-03   4.4776E-03
   2.5202E-02  -9.4046E-03   1.5548E-01   1.5094E-01   2.7787E-02   2.6759E-02
   3.1455E-02  -3.7446E-02  -4.6070E-02   1.0326E-02   4.2289E-02  -4.4886E-03
  -5.6491E-03  -6.5774E-03   2.2013E-02   2.2754E-02   3.3719E-02  -3.5086E-02
  -8.7865E-02  -1.3789E-01  -1.7712E-01  -1.7863E-01   5.4420E-03  -7.4134E-02
  -8.0525E-02   4.5378E-02   7.6006E-02   4.8248E-02   2.4905E-03   5.8470E-03
   1.3945E-02   1.1702E-02   2.5080E-02  -1.2903E-02   1.3304E-01   1.2401E-01
   1.4495E-02  -5.4954E-03   1.3331E-02  -5.4958E-02  -6.7036E-02   8.3174E-03
   2.7665E-02  -3.7953E-02  -1.1845E-02  -5.2226E-03   3.3328E-02   3.4634E-02
   3.5794E-02  -4.7867E-02
  > Energy =  -3.833480937923E+02 +/-   5.443137218151E-05
  > varE =   1.481671565112E-03

VMC #5:
* Size of Hilbert space =   6.3504E+04
* Deterministic energy evaluation:
  > Deterministic Etot/t = -383.34819080778510
    - Ttot/t = -23.347093580773862
    - Utot/t = 9.5132484501590557
* Number of equil. steps   = 1000
* Running VMC equilibration.
  Done. [total walltime: 0.05s]
* Equil. acc.ratio (%)     =  23.8160
* Sample config after equilibration:
  +---------+
  |  u   d  |
  |d   u   2|
  |u   d   0|
  |  d   u  |
  +---------+
* Number of accum. steps   = 1000192 x 10
* Running VMC accumulation.
  Done. [total walltime: 42.2s]
* Acceptance ratio (%)     =  23.7761
* Etot/t                   =  -3.833482186997E+02 +/-   3.848649189326E-05
  > Ttot/t                 =  -2.334733089801E+01 +/-   3.742765775241E-04
  > Utot/t                 =   9.513457875387E+00 +/-   3.591992563754E-04
* var[Eloc/t]              =   1.490323243422E-03 +/-   5.965113913277E-06
* Correlation length       =   9.940759208583E-01
* log10 Psi^2 range: -18.476571796914875 -- -11.804007867349130
* log10 Pgen range : -18.476571796914875 -- -11.804007867349130
* Site occupation (ave. no. electrons per config.):
  > Site_  ___eu____  ___ed____
      1        0.495      0.494
      2        0.501      0.498
      3        0.503      0.501
      4        0.494      0.495
      5        0.502      0.504
      6        0.503      0.501
      7        0.501      0.502
      8        0.502      0.502
      9        0.501      0.501
     10        0.500      0.501
* Pair-correlation analysis (ave. no. pairs per config.):
  > Shell  nsite  ___dh____  __eueu___  __eued___
      0      1        0          0          1.684
      1      1        0.796      0.751      2.500
      2      1        0.281      0.617      1.139
      3      1        0.146      0.295      0.560
      4      1        0.530      1.317      2.210
      5      1        0.116      1.047      0.956
      6      1        0.138      0.840      1.131
      7      1        0.272      1.782      2.121
      8      1        0.234      2.108      1.877
      9      1        0.231      2.115      1.869
     10      1        0.217      2.188      1.854
     11      1        0.107      0.975      1.047
     12      1        0.223      2.075      1.941
     13      1        0.057      0.477      0.526
     14      1        0.172      1.431      1.573
     15      1        0.111      1.033      0.972
     16      1        0.119      0.950      1.040

Optimization #5:
* Method          : lls
* Target function : energy
* No. of configs. : 500096
* No. of params.  : 122
* Before optimization:
   1.5968E+00   1.5392E+00   1.6299E+00   5.5124E-01   5.0514E-01   9.2952E-01
  -4.2071E+00  -2.0779E+00  -2.0634E+00  -3.0523E-01  -2.3978E-01  -2.0759E+00
  -2.0727E+00  -2.3693E+00  -2.3634E+00  -1.9784E+00  -1.9779E+00   2.4851E-01
   2.4886E-01  -5.1048E-01  -2.4238E-01  -2.4221E-01  -1.8914E-01  -1.8921E-01
  -1.8983E-01  -1.8952E-01   1.1664E+00  -1.7588E+00  -4.7661E-01  -4.3764E-01
   2.3361E+01  -1.9167E+01   1.3133E+01  -1.1092E+01   3.1169E+00  -2.8011E+00
   3.0371E+00  -2.8066E+00   1.1653E+01  -9.5893E+00   1.3289E+01  -1.0913E+01
   1.1635E+01  -9.6310E+00   1.3342E+00  -1.5539E+00   3.2093E+00  -2.6993E+00
   1.5974E+00  -1.3514E+00   1.5694E+00  -1.3844E+00   1.5694E+00  -1.3840E+00
  -4.3978E-02   7.4992E-01   7.9670E-01   7.7047E-01  -1.1119E-01  -1.1986E-01
  -1.4525E-01  -1.4130E-01   3.1710E-02  -7.2582E-02  -7.3260E-02   4.6174E-02
   8.8575E-02   8.0996E-02   8.6891E-03   1.5283E-03   4.1987E-03   4.4776E-03
   2.5202E-02  -9.4046E-03   1.5548E-01   1.5094E-01   2.7787E-02   2.6759E-02
   3.1455E-02  -3.7446E-02  -4.6070E-02   1.0326E-02   4.2289E-02  -4.4886E-03
  -5.6491E-03  -6.5774E-03   2.2013E-02   2.2754E-02   3.3719E-02  -3.5086E-02
  -8.7865E-02  -1.3789E-01  -1.7712E-01  -1.7863E-01   5.4420E-03  -7.4134E-02
  -8.0525E-02   4.5378E-02   7.6006E-02   4.8248E-02   2.4905E-03   5.8470E-03
   1.3945E-02   1.1702E-02   2.5080E-02  -1.2903E-02   1.3304E-01   1.2401E-01
   1.4495E-02  -5.4954E-03   1.3331E-02  -5.4958E-02  -6.7036E-02   8.3174E-03
   2.7665E-02  -3.7953E-02  -1.1845E-02  -5.2226E-03   3.3328E-02   3.4634E-02
   3.5794E-02  -4.7867E-02
  > E    =  -3.833481555402E+02 +/-   5.460827990207E-05
  > varE =   1.491318395098E-03
* Computing derivatives.
    [walltime: 1m elapsed, 35m31s remaining]
  Done. [total walltime: 36m21s]
* Optimizing manipulation constant:
  #igrid a___________ E____________________________________ varE____________
     1     Infinity    -3.83348156E+02 +/-   5.46082799E-05   1.49131840E-03
     2     1.0000E+06  -3.83348156E+02 +/-   5.46082514E-05   1.49131684E-03
     3     2.1544E+05  -3.83348156E+02 +/-   5.46081475E-05   1.49131116E-03
     4     4.6416E+04  -3.83348156E+02 +/-   5.46076652E-05   1.49128482E-03
     5     1.0000E+04  -3.83348156E+02 +/-   5.46054282E-05   1.49116264E-03
     6     2.1544E+03  -3.83348156E+02 +/-   5.45950737E-05   1.49059718E-03
     7     4.6416E+02  -3.83348159E+02 +/-   5.45476311E-05   1.48800767E-03
     8     1.0000E+02  -3.83348173E+02 +/-   5.43406016E-05   1.47673397E-03
     9     2.1544E+01  -3.83348217E+02 +/-   5.36518669E-05   1.43953775E-03
    10     4.6416E+00  -3.83348030E+02 +/-   5.62151586E-05   1.58037540E-03
    11     1.0000E+00  -3.83328066E+02 +/-   1.89051423E-04   1.78736514E-02
    12     2.1544E-01  -3.82874950E+02 +/-   8.19507567E-04   3.35860799E-01
    13     4.6416E-02  -3.82271761E+02 +/-   1.07784361E-03   5.80984953E-01
    14     1.0000E-02  -3.82176815E+02 +/-   1.09137820E-03   5.95667533E-01
    15     2.1544E-03  -3.82192396E+02 +/-   1.09064405E-03   5.94866414E-01
    16     4.6416E-04  -3.83295929E+02 +/-   2.95835644E-04   4.37677660E-02
    17     1.0000E-04  -3.83342936E+02 +/-   9.55268140E-05   4.56356213E-03
    18     2.1544E-05  -3.83334425E+02 +/-   1.46475180E-04   1.07295488E-02
    19     4.6416E-06  -3.83331133E+02 +/-   1.62098224E-04   1.31404395E-02
    20     1.0000E-06  -3.83330341E+02 +/-   1.65644863E-04   1.37217444E-02
    21     0.0000E+00  -3.83330118E+02 +/-   1.66629401E-04   1.38853441E-02
  ParMin   3.4623E+01  -3.83348199E+02 +/-   5.39287470E-05   1.45443408E-03
  # Using grid point #9
* Iteration # 1: E =  -3.833482167494E+02 +/-   5.365186687663E-05
* Reached maximum number of iterations: exiting.
* After optimization:
   1.6715E+00   1.6130E+00   1.7021E+00   5.5080E-01   5.0616E-01   9.2906E-01
  -4.2152E+00  -2.0823E+00  -2.0674E+00  -3.0524E-01  -2.3915E-01  -2.0799E+00
  -2.0761E+00  -2.3728E+00  -2.3669E+00  -1.9823E+00  -1.9813E+00   2.4910E-01
   2.4908E-01  -5.0998E-01  -2.4214E-01  -2.4215E-01  -1.8908E-01  -1.8912E-01
  -1.8976E-01  -1.8944E-01   1.1574E+00  -1.7537E+00  -4.7950E-01  -4.3920E-01
   2.3386E+01  -1.9182E+01   1.3138E+01  -1.1094E+01   3.1043E+00  -2.7883E+00
   3.0244E+00  -2.7945E+00   1.1665E+01  -9.5973E+00   1.3295E+01  -1.0915E+01
   1.1646E+01  -9.6388E+00   1.3279E+00  -1.5478E+00   3.1964E+00  -2.6870E+00
   1.5911E+00  -1.3453E+00   1.5630E+00  -1.3781E+00   1.5629E+00  -1.3777E+00
  -4.4114E-02   7.3244E-01   7.7632E-01   7.5189E-01  -1.0683E-01  -1.1435E-01
  -1.4285E-01  -1.3782E-01   3.0279E-02  -6.9613E-02  -7.0815E-02   4.5136E-02
   8.5850E-02   7.7785E-02   9.3113E-03   1.2830E-03   3.5141E-03   3.7475E-03
   2.5414E-02  -9.0315E-03   1.5062E-01   1.4543E-01   2.6730E-02   2.5939E-02
   3.0598E-02  -3.6168E-02  -4.4220E-02   9.8821E-03   4.1226E-02  -3.2107E-03
  -5.6785E-03  -7.1231E-03   2.1001E-02   2.1711E-02   3.3116E-02  -3.3688E-02
  -8.6773E-02  -1.3677E-01  -1.7895E-01  -1.7857E-01   4.4712E-03  -7.3684E-02
  -7.9994E-02   4.5279E-02   7.5334E-02   4.6192E-02   3.3934E-03   6.1523E-03
   1.3045E-02   1.0890E-02   2.6224E-02  -1.2844E-02   1.3038E-01   1.2017E-01
   1.3115E-02  -6.4631E-03   1.3022E-02  -5.4920E-02  -6.5730E-02   7.5453E-03
   2.7471E-02  -3.7689E-02  -1.2399E-02  -5.7405E-03   3.2638E-02   3.3904E-02
   3.6094E-02  -4.7309E-02
  > Energy =  -3.833482167494E+02 +/-   5.365186687663E-05
  > varE =   1.439537747865E-03

VMC #6:
* Size of Hilbert space =   6.3504E+04
* Deterministic energy evaluation:
  > Deterministic Etot/t = -383.34825143889515
    - Ttot/t = -23.347351742660507
    - Utot/t = 9.5134459809356073
* Number of equil. steps   = 1000
* Running VMC equilibration.
  Done. [total walltime: 0.05s]
* Equil. acc.ratio (%)     =  24.7160
* Sample config after equilibration:
  +---------+
  |  u   d  |
  |0   d   d|
  |u   d   u|
  |  2   u  |
  +---------+
* Number of accum. steps   = 1000192 x 10
* Running VMC accumulation.
  Done. [total walltime: 43.0s]
* Acceptance ratio (%)     =  24.6837
* Etot/t                   =  -3.833481854730E+02 +/-   3.828240246759E-05
  > Ttot/t                 =  -2.334677572608E+01 +/-   3.758607813566E-04
  > Utot/t                 =   9.512935930293E+00 +/-   3.604030490967E-04
* var[Eloc/t]              =   1.444273132310E-03 +/-   1.848613641921E-05
* Correlation length       =   1.014921409273E+00
* log10 Psi^2 range: -18.470178295615987 -- -11.743864608140603
* log10 Pgen range : -18.470178295615987 -- -11.743864608140603
* Site occupation (ave. no. electrons per config.):
  > Site_  ___eu____  ___ed____
      1        0.495      0.495
      2        0.499      0.500
      3        0.502      0.503
      4        0.494      0.494
      5        0.502      0.502
      6        0.503      0.501
      7        0.501      0.501
      8        0.502      0.502
      9        0.500      0.501
     10        0.500      0.501
* Pair-correlation analysis (ave. no. pairs per config.):
  > Shell  nsite  ___dh____  __eueu___  __eued___
      0      1        0          0          1.686
      1      1        0.796      0.749      2.501
      2      1        0.281      0.618      1.137
      3      1        0.146      0.295      0.560
      4      1        0.532      1.318      2.208
      5      1        0.117      1.047      0.957
      6      1        0.138      0.842      1.130
      7      1        0.272      1.781      2.121
      8      1        0.235      2.109      1.878
      9      1        0.231      2.115      1.869
     10      1        0.217      2.186      1.855
     11      1        0.107      0.974      1.048
     12      1        0.223      2.077      1.940
     13      1        0.057      0.478      0.525
     14      1        0.173      1.429      1.574
     15      1        0.111      1.032      0.971
     16      1        0.119      0.948      1.040

Optimization #6:
* Method          : lls
* Target function : energy
* No. of configs. : 500096
* No. of params.  : 122
* Before optimization:
   1.6715E+00   1.6130E+00   1.7021E+00   5.5080E-01   5.0616E-01   9.2906E-01
  -4.2152E+00  -2.0823E+00  -2.0674E+00  -3.0524E-01  -2.3915E-01  -2.0799E+00
  -2.0761E+00  -2.3728E+00  -2.3669E+00  -1.9823E+00  -1.9813E+00   2.4910E-01
   2.4908E-01  -5.0998E-01  -2.4214E-01  -2.4215E-01  -1.8908E-01  -1.8912E-01
  -1.8976E-01  -1.8944E-01   1.1574E+00  -1.7537E+00  -4.7950E-01  -4.3920E-01
   2.3386E+01  -1.9182E+01   1.3138E+01  -1.1094E+01   3.1043E+00  -2.7883E+00
   3.0244E+00  -2.7945E+00   1.1665E+01  -9.5973E+00   1.3295E+01  -1.0915E+01
   1.1646E+01  -9.6388E+00   1.3279E+00  -1.5478E+00   3.1964E+00  -2.6870E+00
   1.5911E+00  -1.3453E+00   1.5630E+00  -1.3781E+00   1.5629E+00  -1.3777E+00
  -4.4114E-02   7.3244E-01   7.7632E-01   7.5189E-01  -1.0683E-01  -1.1435E-01
  -1.4285E-01  -1.3782E-01   3.0279E-02  -6.9613E-02  -7.0815E-02   4.5136E-02
   8.5850E-02   7.7785E-02   9.3113E-03   1.2830E-03   3.5141E-03   3.7475E-03
   2.5414E-02  -9.0315E-03   1.5062E-01   1.4543E-01   2.6730E-02   2.5939E-02
   3.0598E-02  -3.6168E-02  -4.4220E-02   9.8821E-03   4.1226E-02  -3.2107E-03
  -5.6785E-03  -7.1231E-03   2.1001E-02   2.1711E-02   3.3116E-02  -3.3688E-02
  -8.6773E-02  -1.3677E-01  -1.7895E-01  -1.7857E-01   4.4712E-03  -7.3684E-02
  -7.9994E-02   4.5279E-02   7.5334E-02   4.6192E-02   3.3934E-03   6.1523E-03
   1.3045E-02   1.0890E-02   2.6224E-02  -1.2844E-02   1.3038E-01   1.2017E-01
   1.3115E-02  -6.4631E-03   1.3022E-02  -5.4920E-02  -6.5730E-02   7.5453E-03
   2.7471E-02  -3.7689E-02  -1.2399E-02  -5.7405E-03   3.2638E-02   3.3904E-02
   3.6094E-02  -4.7309E-02
  > E    =  -3.833482256191E+02 +/-   5.349292142402E-05
  > varE =   1.431021024532E-03
* Computing derivatives.
    [walltime: 1m1s elapsed, 35m26s remaining]
  Done. [total walltime: 36m21s]
* Optimizing manipulation constant:
  #igrid a___________ E____________________________________ varE____________
     1     Infinity    -3.83348226E+02 +/-   5.34929214E-05   1.43102102E-03
     2     1.0000E+06  -3.83348226E+02 +/-   5.34928947E-05   1.43101959E-03
     3     2.1544E+05  -3.83348226E+02 +/-   5.34927974E-05   1.43101439E-03
     4     4.6416E+04  -3.83348226E+02 +/-   5.34923479E-05   1.43099034E-03
     5     1.0000E+04  -3.83348226E+02 +/-   5.34903083E-05   1.43088122E-03
     6     2.1544E+03  -3.83348226E+02 +/-   5.34818459E-05   1.43042851E-03
     7     4.6416E+02  -3.83348227E+02 +/-   5.34640719E-05   1.42947790E-03
     8     1.0000E+02  -3.83348202E+02 +/-   5.38384784E-05   1.44956914E-03
     9     2.1544E+01  -3.83347220E+02 +/-   6.68087216E-05   2.23213113E-03
    10     4.6416E+00  -3.83275912E+02 +/-   3.41870471E-04   5.84489297E-02
    11     1.0000E+00  -3.82328565E+02 +/-   1.04829419E-03   5.49565855E-01
    12     2.1544E-01  -3.82143558E+02 +/-   1.08613394E-03   5.89956720E-01
    13     4.6416E-02  -3.82143497E+02 +/-   1.08450871E-03   5.88192486E-01
    14     1.0000E-02  -3.82144281E+02 +/-   1.07662452E-03   5.79671455E-01
    15     2.1544E-03  -3.82174540E+02 +/-   1.07309315E-03   5.75875002E-01
    16     4.6416E-04  -3.82747098E+02 +/-   8.60142778E-04   3.69993824E-01
    17     1.0000E-04  -3.80906554E+02 +/-   1.10193806E-03   6.07250311E-01
    18     2.1544E-05  -3.80899922E+02 +/-   1.10022988E-03   6.05369107E-01
    19     4.6416E-06  -3.80899128E+02 +/-   1.10002865E-03   6.05147686E-01
    20     1.0000E-06  -3.80898977E+02 +/-   1.09999035E-03   6.05105540E-01
    21     0.0000E+00  -3.80898936E+02 +/-   1.09998012E-03   6.05094283E-01
  ParMin   9.3863E+02  -3.83348227E+02 +/-   5.34714801E-05   1.42987407E-03
  # Using grid point #7
* Iteration # 1: E =  -3.833482274387E+02 +/-   5.346407189473E-05
* Reached maximum number of iterations: exiting.
* After optimization:
   1.6608E+00   1.6021E+00   1.6912E+00   5.4991E-01   5.0530E-01   9.2905E-01
  -4.2149E+00  -2.0832E+00  -2.0682E+00  -3.0707E-01  -2.4095E-01  -2.0797E+00
  -2.0759E+00  -2.3736E+00  -2.3676E+00  -1.9821E+00  -1.9811E+00   2.4822E-01
   2.4819E-01  -5.1179E-01  -2.4304E-01  -2.4306E-01  -1.9000E-01  -1.9003E-01
  -1.9067E-01  -1.9035E-01   1.1616E+00  -1.7572E+00  -4.7964E-01  -4.3926E-01
   2.3384E+01  -1.9181E+01   1.3142E+01  -1.1096E+01   3.1130E+00  -2.7952E+00
   3.0330E+00  -2.8013E+00   1.1664E+01  -9.5966E+00   1.3299E+01  -1.0918E+01
   1.1645E+01  -9.6381E+00   1.3322E+00  -1.5513E+00   3.2051E+00  -2.6938E+00
   1.5954E+00  -1.3487E+00   1.5673E+00  -1.3815E+00   1.5673E+00  -1.3811E+00
  -4.4123E-02   7.3792E-01   7.8206E-01   7.5746E-01  -1.0759E-01  -1.1514E-01
  -1.4397E-01  -1.3886E-01   3.0468E-02  -7.0097E-02  -7.1331E-02   4.5487E-02
   8.6461E-02   7.8318E-02   9.4123E-03   1.2783E-03   3.5055E-03   3.7395E-03
   2.5653E-02  -9.1116E-03   1.5166E-01   1.4642E-01   2.6901E-02   2.6098E-02
   3.0828E-02  -3.6419E-02  -4.4524E-02   9.9477E-03   4.1531E-02  -3.1955E-03
  -5.7374E-03  -7.2086E-03   2.1138E-02   2.1853E-02   3.3373E-02  -3.3925E-02
  -8.6742E-02  -1.3674E-01  -1.7906E-01  -1.7857E-01   4.4302E-03  -7.3686E-02
  -7.9980E-02   4.5289E-02   7.5322E-02   4.6128E-02   3.4361E-03   6.1558E-03
   1.2987E-02   1.0837E-02   2.6292E-02  -1.2863E-02   1.3025E-01   1.2001E-01
   1.3038E-02  -6.5242E-03   1.3033E-02  -5.4911E-02  -6.5670E-02   7.5135E-03
   2.7481E-02  -3.7677E-02  -1.2430E-02  -5.7696E-03   3.2606E-02   3.3871E-02
   3.6108E-02  -4.7292E-02
  > Energy =  -3.833482274387E+02 +/-   5.346407189473E-05
  > varE =   1.429477898853E-03

VMC #7:
* Size of Hilbert space =   6.3504E+04
* Deterministic energy evaluation:
  > Deterministic Etot/t = -383.34825318012622
    - Ttot/t = -23.347349583434930
    - Utot/t = 9.5134420804790647
* Number of equil. steps   = 1000
* Running VMC equilibration.
  Done. [total walltime: 0.05s]
* Equil. acc.ratio (%)     =  24.5293
* Sample config after equilibration:
  +---------+
  |  2   d  |
  |0   d   u|
  |u   u   0|
  |  d   2  |
  +---------+
* Number of accum. steps   = 1000192 x 10
* Running VMC accumulation.
  Done. [total walltime: 43.1s]
* Acceptance ratio (%)     =  24.4709
* Etot/t                   =  -3.833483437589E+02 +/-   3.783489233079E-05
  > Ttot/t                 =  -2.334723845947E+01 +/-   3.801783843670E-04
  > Utot/t                 =   9.513240377623E+00 +/-   3.643219802951E-04
* var[Eloc/t]              =   1.431096539113E-03 +/-   6.050841461760E-06
* Correlation length       =   1.000459355840E+00
* log10 Psi^2 range: -18.517988981697481 -- -11.741331771767499
* log10 Pgen range : -18.517988981697481 -- -11.741331771767499
* Site occupation (ave. no. electrons per config.):
  > Site_  ___eu____  ___ed____
      1        0.494      0.495
      2        0.500      0.500
      3        0.503      0.502
      4        0.493      0.495
      5        0.503      0.501
      6        0.501      0.503
      7        0.502      0.501
      8        0.503      0.501
      9        0.500      0.501
     10        0.501      0.501
* Pair-correlation analysis (ave. no. pairs per config.):
  > Shell  nsite  ___dh____  __eueu___  __eued___
      0      1        0          0          1.685
      1      1        0.797      0.747      2.503
      2      1        0.281      0.620      1.138
      3      1        0.147      0.293      0.559
      4      1        0.531      1.316      2.208
      5      1        0.116      1.047      0.957
      6      1        0.137      0.840      1.132
      7      1        0.274      1.777      2.125
      8      1        0.235      2.111      1.873
      9      1        0.232      2.117      1.868
     10      1        0.217      2.190      1.853
     11      1        0.108      0.973      1.048
     12      1        0.224      2.077      1.940
     13      1        0.057      0.478      0.526
     14      1        0.172      1.430      1.573
     15      1        0.112      1.033      0.971
     16      1        0.119      0.950      1.041

Optimization #7:
* Method          : lls
* Target function : energy
* No. of configs. : 500096
* No. of params.  : 122
* Before optimization:
   1.6608E+00   1.6021E+00   1.6912E+00   5.4991E-01   5.0530E-01   9.2905E-01
  -4.2149E+00  -2.0832E+00  -2.0682E+00  -3.0707E-01  -2.4095E-01  -2.0797E+00
  -2.0759E+00  -2.3736E+00  -2.3676E+00  -1.9821E+00  -1.9811E+00   2.4822E-01
   2.4819E-01  -5.1179E-01  -2.4304E-01  -2.4306E-01  -1.9000E-01  -1.9003E-01
  -1.9067E-01  -1.9035E-01   1.1616E+00  -1.7572E+00  -4.7964E-01  -4.3926E-01
   2.3384E+01  -1.9181E+01   1.3142E+01  -1.1096E+01   3.1130E+00  -2.7952E+00
   3.0330E+00  -2.8013E+00   1.1664E+01  -9.5966E+00   1.3299E+01  -1.0918E+01
   1.1645E+01  -9.6381E+00   1.3322E+00  -1.5513E+00   3.2051E+00  -2.6938E+00
   1.5954E+00  -1.3487E+00   1.5673E+00  -1.3815E+00   1.5673E+00  -1.3811E+00
  -4.4123E-02   7.3792E-01   7.8206E-01   7.5746E-01  -1.0759E-01  -1.1514E-01
  -1.4397E-01  -1.3886E-01   3.0468E-02  -7.0097E-02  -7.1331E-02   4.5487E-02
   8.6461E-02   7.8318E-02   9.4123E-03   1.2783E-03   3.5055E-03   3.7395E-03
   2.5653E-02  -9.1116E-03   1.5166E-01   1.4642E-01   2.6901E-02   2.6098E-02
   3.0828E-02  -3.6419E-02  -4.4524E-02   9.9477E-03   4.1531E-02  -3.1955E-03
  -5.7374E-03  -7.2086E-03   2.1138E-02   2.1853E-02   3.3373E-02  -3.3925E-02
  -8.6742E-02  -1.3674E-01  -1.7906E-01  -1.7857E-01   4.4302E-03  -7.3686E-02
  -7.9980E-02   4.5289E-02   7.5322E-02   4.6128E-02   3.4361E-03   6.1558E-03
   1.2987E-02   1.0837E-02   2.6292E-02  -1.2863E-02   1.3025E-01   1.2001E-01
   1.3038E-02  -6.5242E-03   1.3033E-02  -5.4911E-02  -6.5670E-02   7.5135E-03
   2.7481E-02  -3.7677E-02  -1.2430E-02  -5.7696E-03   3.2606E-02   3.3871E-02
   3.6108E-02  -4.7292E-02
  > E    =  -3.833484307527E+02 +/-   5.349736315285E-05
  > varE =   1.431258681069E-03
* Computing derivatives.
    [walltime: 1m elapsed, 35m39s remaining]
  Done. [total walltime: 36m27s]
* Optimizing manipulation constant:
  #igrid a___________ E____________________________________ varE____________
     1     Infinity    -3.83348431E+02 +/-   5.34973632E-05   1.43125868E-03
     2     1.0000E+06  -3.83348431E+02 +/-   5.34973360E-05   1.43125723E-03
     3     2.1544E+05  -3.83348431E+02 +/-   5.34972371E-05   1.43125194E-03
     4     4.6416E+04  -3.83348431E+02 +/-   5.34967781E-05   1.43122738E-03
     5     1.0000E+04  -3.83348431E+02 +/-   5.34946480E-05   1.43111340E-03
     6     2.1544E+03  -3.83348432E+02 +/-   5.34847693E-05   1.43058489E-03
     7     4.6416E+02  -3.83348434E+02 +/-   5.34390975E-05   1.42814272E-03
     8     1.0000E+02  -3.83348447E+02 +/-   5.32309284E-05   1.41703789E-03
     9     2.1544E+01  -3.83348501E+02 +/-   5.23399596E-05   1.36999867E-03
    10     4.6416E+00  -3.83348685E+02 +/-   4.93284042E-05   1.21687933E-03
    11     1.0000E+00  -3.83349061E+02 +/-   4.33656944E-05   9.40472263E-04
    12     2.1544E-01  -3.83349402E+02 +/-   3.83849232E-05   7.36842610E-04
    13     4.6416E-02  -3.83348824E+02 +/-   5.04204032E-05   1.27135258E-03
    14     1.0000E-02  -3.83198795E+02 +/-   4.81688765E-04   1.16034307E-01
    15     2.1544E-03  -3.82166487E+02 +/-   1.07644603E-03   5.79479261E-01
    16     4.6416E-04  -3.82144031E+02 +/-   1.08015961E-03   5.83484398E-01
    17     1.0000E-04  -3.82143638E+02 +/-   1.08020281E-03   5.83531073E-01
    18     2.1544E-05  -3.82143591E+02 +/-   1.08020568E-03   5.83534177E-01
    19     4.6416E-06  -3.82143582E+02 +/-   1.08020610E-03   5.83534622E-01
    20     1.0000E-06  -3.82143580E+02 +/-   1.08020618E-03   5.83534708E-01
    21     0.0000E+00  -3.82143580E+02 +/-   1.08020620E-03   5.83534731E-01
  ParMin   2.6424E-01  -3.83349377E+02 +/-   3.87003833E-05   7.49003614E-04
  # Using grid point #12
* Iteration # 1: E =  -3.833494022968E+02 +/-   3.838492316194E-05
* Reached maximum number of iterations: exiting.
* After optimization:
   1.8727E+00   1.7591E+00   1.8731E+00   5.3980E-01   5.0511E-01   9.2770E-01
  -4.2760E+00  -2.1339E+00  -2.1142E+00  -3.4813E-01  -2.6607E-01  -2.1076E+00
  -2.0942E+00  -2.4146E+00  -2.4065E+00  -2.0081E+00  -1.9990E+00   2.4255E-01
   2.3557E-01  -5.4122E-01  -2.5838E-01  -2.6135E-01  -2.0830E-01  -2.0886E-01
  -2.0794E-01  -2.0867E-01   1.1123E+00  -1.7557E+00  -5.2595E-01  -4.5977E-01
   2.3407E+01  -1.9130E+01   1.3143E+01  -1.1060E+01   3.1128E+00  -2.7532E+00
   3.0270E+00  -2.7699E+00   1.1667E+01  -9.5746E+00   1.3304E+01  -1.0882E+01
   1.1645E+01  -9.6129E+00   1.3245E+00  -1.5356E+00   3.2024E+00  -2.6621E+00
   1.5946E+00  -1.3319E+00   1.5652E+00  -1.3621E+00   1.5654E+00  -1.3623E+00
  -4.0140E-02   8.3431E-01   8.5845E-01   8.3415E-01  -8.9233E-02  -8.3804E-02
  -1.8382E-01  -1.5515E-01   2.6607E-02  -6.0808E-02  -6.9020E-02   5.7753E-02
   8.8724E-02   6.9020E-02   2.0208E-02  -1.7096E-03  -2.9518E-03  -2.6327E-03
   4.1313E-02  -1.1906E-02   1.5150E-01   1.3534E-01   2.2758E-02   2.6931E-02
   2.9369E-02  -3.5673E-02  -4.0149E-02   1.0315E-02   4.4254E-02   1.6536E-02
  -1.0662E-02  -1.8121E-02   1.5875E-02   1.5758E-02   4.1298E-02  -3.2376E-02
  -7.1220E-02  -1.1408E-01  -2.2203E-01  -1.8674E-01  -3.0595E-03  -6.7548E-02
  -7.1822E-02   4.9702E-02   6.8839E-02   1.6412E-02   1.8186E-02   7.9897E-03
  -2.4542E-04  -5.8291E-04   4.4340E-02  -1.4629E-02   8.7866E-02   6.4925E-02
  -1.1508E-02  -2.3350E-02   8.1886E-03  -5.3097E-02  -4.6962E-02  -2.2514E-03
   2.4512E-02  -2.9755E-02  -1.9276E-02  -1.4385E-02   1.9709E-02   1.9643E-02
   4.2703E-02  -4.0043E-02
  > Energy =  -3.833494022968E+02 +/-   3.838492316194E-05
  > varE =   7.368426096974E-04

VMC #8:
* Size of Hilbert space =   6.3504E+04
* Deterministic energy evaluation:
  > Deterministic Etot/t = -383.34928503912829
    - Ttot/t = -23.358972387988022
    - Utot/t = 9.5240330260299704
* Number of equil. steps   = 1000
* Running VMC equilibration.
  Done. [total walltime: 0.05s]
* Equil. acc.ratio (%)     =  24.8998
* Sample config after equilibration:
  +---------+
  |  u   u  |
  |d   d   d|
  |0   2   2|
  |  0   u  |
  +---------+
* Number of accum. steps   = 1000192 x 10
* Running VMC accumulation.
  Done. [total walltime: 42.8s]
* Acceptance ratio (%)     =  24.9088
* Etot/t                   =  -3.833492812103E+02 +/-   2.752815969656E-05
  > Ttot/t                 =  -2.335874668091E+01 +/-   3.670033003703E-04
  > Utot/t                 =   9.523811147758E+00 +/-   3.619953208565E-04
* var[Eloc/t]              =   7.495643368459E-04 +/-   7.964505671751E-06
* Correlation length       =   1.011180810692E+00
* log10 Psi^2 range: -17.437311430310647 -- -10.835770968816242
* log10 Pgen range : -17.437311430310647 -- -10.835770968816242
* Site occupation (ave. no. electrons per config.):
  > Site_  ___eu____  ___ed____
      1        0.496      0.497
      2        0.501      0.500
      3        0.500      0.501
      4        0.497      0.496
      5        0.500      0.501
      6        0.500      0.502
      7        0.502      0.500
      8        0.499      0.501
      9        0.502      0.500
     10        0.503      0.501
* Pair-correlation analysis (ave. no. pairs per config.):
  > Shell  nsite  ___dh____  __eueu___  __eued___
      0      1        0          0          1.720
      1      1        0.821      0.731      2.488
      2      1        0.289      0.631      1.123
      3      1        0.154      0.296      0.559
      4      1        0.544      1.327      2.194
      5      1        0.118      1.037      0.958
      6      1        0.141      0.840      1.119
      7      1        0.289      1.790      2.127
      8      1        0.242      2.108      1.885
      9      1        0.241      2.126      1.885
     10      1        0.222      2.178      1.862
     11      1        0.111      0.973      1.035
     12      1        0.231      2.071      1.941
     13      1        0.060      0.476      0.522
     14      1        0.180      1.429      1.568
     15      1        0.117      1.037      0.974
     16      1        0.125      0.951      1.042

Optimization #8:
* Method          : lls
* Target function : energy
* No. of configs. : 500096
* No. of params.  : 122
* Before optimization:
   1.8727E+00   1.7591E+00   1.8731E+00   5.3980E-01   5.0511E-01   9.2770E-01
  -4.2760E+00  -2.1339E+00  -2.1142E+00  -3.4813E-01  -2.6607E-01  -2.1076E+00
  -2.0942E+00  -2.4146E+00  -2.4065E+00  -2.0081E+00  -1.9990E+00   2.4255E-01
   2.3557E-01  -5.4122E-01  -2.5838E-01  -2.6135E-01  -2.0830E-01  -2.0886E-01
  -2.0794E-01  -2.0867E-01   1.1123E+00  -1.7557E+00  -5.2595E-01  -4.5977E-01
   2.3407E+01  -1.9130E+01   1.3143E+01  -1.1060E+01   3.1128E+00  -2.7532E+00
   3.0270E+00  -2.7699E+00   1.1667E+01  -9.5746E+00   1.3304E+01  -1.0882E+01
   1.1645E+01  -9.6129E+00   1.3245E+00  -1.5356E+00   3.2024E+00  -2.6621E+00
   1.5946E+00  -1.3319E+00   1.5652E+00  -1.3621E+00   1.5654E+00  -1.3623E+00
  -4.0140E-02   8.3431E-01   8.5845E-01   8.3415E-01  -8.9233E-02  -8.3804E-02
  -1.8382E-01  -1.5515E-01   2.6607E-02  -6.0808E-02  -6.9020E-02   5.7753E-02
   8.8724E-02   6.9020E-02   2.0208E-02  -1.7096E-03  -2.9518E-03  -2.6327E-03
   4.1313E-02  -1.1906E-02   1.5150E-01   1.3534E-01   2.2758E-02   2.6931E-02
   2.9369E-02  -3.5673E-02  -4.0149E-02   1.0315E-02   4.4254E-02   1.6536E-02
  -1.0662E-02  -1.8121E-02   1.5875E-02   1.5758E-02   4.1298E-02  -3.2376E-02
  -7.1220E-02  -1.1408E-01  -2.2203E-01  -1.8674E-01  -3.0595E-03  -6.7548E-02
  -7.1822E-02   4.9702E-02   6.8839E-02   1.6412E-02   1.8186E-02   7.9897E-03
  -2.4542E-04  -5.8291E-04   4.4340E-02  -1.4629E-02   8.7866E-02   6.4925E-02
  -1.1508E-02  -2.3350E-02   8.1886E-03  -5.3097E-02  -4.6962E-02  -2.2514E-03
   2.4512E-02  -2.9755E-02  -1.9276E-02  -1.4385E-02   1.9709E-02   1.9643E-02
   4.2703E-02  -4.0043E-02
  > E    =  -3.833493123775E+02 +/-   3.873689783838E-05
  > varE =   7.504176796068E-04
* Computing derivatives.
    [walltime: 1m elapsed, 35m22s remaining]
  Done. [total walltime: 36m13s]
* Optimizing manipulation constant:
  #igrid a___________ E____________________________________ varE____________
     1     Infinity    -3.83349312E+02 +/-   3.87368978E-05   7.50417680E-04
     2     1.0000E+06  -3.83349312E+02 +/-   3.87368903E-05   7.50417388E-04
     3     2.1544E+05  -3.83349312E+02 +/-   3.87368630E-05   7.50416328E-04
     4     4.6416E+04  -3.83349312E+02 +/-   3.87367361E-05   7.50411413E-04
     5     1.0000E+04  -3.83349312E+02 +/-   3.87361497E-05   7.50388694E-04
     6     2.1544E+03  -3.83349313E+02 +/-   3.87334820E-05   7.50285343E-04
     7     4.6416E+02  -3.83349313E+02 +/-   3.87222671E-05   7.49850928E-04
     8     1.0000E+02  -3.83349314E+02 +/-   3.86958622E-05   7.48828623E-04
     9     2.1544E+01  -3.83349278E+02 +/-   3.93211108E-05   7.73223308E-04
    10     4.6416E+00  -3.83339998E+02 +/-   1.27498835E-04   8.12953709E-03
    11     1.0000E+00  -3.80887260E+02 +/-   1.13920858E-03   6.49022685E-01
    12     2.1544E-01  -3.82492438E+02 +/-   9.95417945E-04   4.95523565E-01
    13     4.6416E-02  -3.82841620E+02 +/-   8.27953565E-04   3.42819361E-01
    14     1.0000E-02  -3.82946959E+02 +/-   7.51645978E-04   2.82540075E-01
    15     2.1544E-03  -3.81821351E+02 +/-   9.52226728E-04   4.53454918E-01
    16     4.6416E-04  -3.82313320E+02 +/-   1.00815485E-03   5.08285675E-01
    17     1.0000E-04  -3.82184296E+02 +/-   7.86382913E-04   3.09258409E-01
    18     2.1544E-05  -3.82180194E+02 +/-   7.93904856E-04   3.15202967E-01
    19     4.6416E-06  -3.82179503E+02 +/-   7.99886437E-04   3.19970578E-01
    20     1.0000E-06  -3.82179360E+02 +/-   8.01375703E-04   3.21163160E-01
    21     0.0000E+00  -3.82179321E+02 +/-   8.01797268E-04   3.21501146E-01
  ParMin   2.0702E+02  -3.83349314E+02 +/-   3.87084658E-05   7.49316502E-04
  # Using grid point #8
* Iteration # 1: E =  -3.833493139840E+02 +/-   3.869586218577E-05
* Reached maximum number of iterations: exiting.
* After optimization:
   1.9969E+00   1.8831E+00   1.9972E+00   5.3688E-01   5.0207E-01   9.2781E-01
  -4.3634E+00  -2.1807E+00  -2.1610E+00  -3.5435E-01  -2.7223E-01  -2.1513E+00
  -2.1379E+00  -2.4614E+00  -2.4534E+00  -2.0519E+00  -2.0428E+00   2.3949E-01
   2.3253E-01  -5.4741E-01  -2.6148E-01  -2.6445E-01  -2.1140E-01  -2.1196E-01
  -2.1104E-01  -2.1177E-01   1.1281E+00  -1.7682E+00  -5.2579E-01  -4.5964E-01
   2.3844E+01  -1.9480E+01   1.3378E+01  -1.1248E+01   3.1441E+00  -2.7783E+00
   3.0583E+00  -2.7950E+00   1.1885E+01  -9.7496E+00   1.3538E+01  -1.1070E+01
   1.1864E+01  -9.7879E+00   1.3401E+00  -1.5481E+00   3.2337E+00  -2.6872E+00
   1.6102E+00  -1.3444E+00   1.5809E+00  -1.3747E+00   1.5810E+00  -1.3749E+00
  -4.0042E-02   8.2383E-01   8.4772E-01   8.2365E-01  -8.8099E-02  -8.2850E-02
  -1.8132E-01  -1.5316E-01   2.6277E-02  -6.0337E-02  -6.8414E-02   5.7110E-02
   8.7587E-02   6.8292E-02   1.9894E-02  -1.6963E-03  -2.8183E-03  -2.5132E-03
   4.0765E-02  -1.1947E-02   1.4964E-01   1.3374E-01   2.2889E-02   2.6749E-02
   2.8910E-02  -3.5293E-02  -3.9826E-02   1.0116E-02   4.3615E-02   1.6264E-02
  -1.0561E-02  -1.7840E-02   1.5738E-02   1.5626E-02   4.0730E-02  -3.2058E-02
  -7.1088E-02  -1.1407E-01  -2.2168E-01  -1.8650E-01  -2.9401E-03  -6.7865E-02
  -7.2033E-02   4.9856E-02   6.9022E-02   1.6766E-02   1.8129E-02   7.9745E-03
  -1.6369E-04  -5.0653E-04   4.4348E-02  -1.4791E-02   8.8194E-02   6.5261E-02
  -1.0923E-02  -2.2975E-02   8.1803E-03  -5.3125E-02  -4.7066E-02  -2.2749E-03
   2.4600E-02  -2.9742E-02  -1.9290E-02  -1.4316E-02   1.9763E-02   1.9701E-02
   4.2673E-02  -4.0095E-02
  > Energy =  -3.833493139840E+02 +/-   3.869586218577E-05
  > varE =   7.488286226461E-04

VMC #9:
* Size of Hilbert space =   6.3504E+04
* Deterministic energy evaluation:
  > Deterministic Etot/t = -383.34928675376869
    - Ttot/t = -23.358926950852656
    - Utot/t = 9.5239858742542154
* Number of equil. steps   = 1000
* Running VMC equilibration.
  Done. [total walltime: 0.05s]
* Equil. acc.ratio (%)     =  25.3730
* Sample config after equilibration:
  +---------+
  |  u   2  |
  |d   0   0|
  |d   d   2|
  |  u   u  |
  +---------+
* Number of accum. steps   = 1000192 x 10
* Running VMC accumulation.
  Done. [total walltime: 42.6s]
* Acceptance ratio (%)     =  25.2727
* Etot/t                   =  -3.833492671720E+02 +/-   2.708552387354E-05
  > Ttot/t                 =  -2.335953079520E+01 +/-   3.677142576918E-04
  > Utot/t                 =   9.524609300280E+00 +/-   3.626300993823E-04
* var[Eloc/t]              =   7.322543991941E-04 +/-   5.418717911402E-06
* Correlation length       =   1.002064938671E+00
* log10 Psi^2 range: -17.832842703718740 -- -10.840698157118096
* log10 Pgen range : -17.832842703718740 -- -10.840698157118096
* Site occupation (ave. no. electrons per config.):
  > Site_  ___eu____  ___ed____
      1        0.496      0.497
      2        0.501      0.502
      3        0.501      0.501
      4        0.497      0.495
      5        0.501      0.502
      6        0.502      0.501
      7        0.500      0.500
      8        0.501      0.501
      9        0.501      0.501
     10        0.500      0.501
* Pair-correlation analysis (ave. no. pairs per config.):
  > Shell  nsite  ___dh____  __eueu___  __eued___
      0      1        0          0          1.722
      1      1        0.821      0.732      2.488
      2      1        0.290      0.629      1.120
      3      1        0.153      0.296      0.559
      4      1        0.543      1.329      2.195
      5      1        0.118      1.040      0.959
      6      1        0.143      0.842      1.118
      7      1        0.289      1.789      2.124
      8      1        0.242      2.109      1.887
      9      1        0.242      2.123      1.883
     10      1        0.223      2.177      1.864
     11      1        0.111      0.975      1.037
     12      1        0.232      2.070      1.941
     13      1        0.060      0.476      0.521
     14      1        0.179      1.431      1.569
     15      1        0.117      1.034      0.972
     16      1        0.125      0.949      1.041

Optimization #9:
* Method          : lls
* Target function : energy
* No. of configs. : 500096
* No. of params.  : 122
* Before optimization:
   1.9969E+00   1.8831E+00   1.9972E+00   5.3688E-01   5.0207E-01   9.2781E-01
  -4.3634E+00  -2.1807E+00  -2.1610E+00  -3.5435E-01  -2.7223E-01  -2.1513E+00
  -2.1379E+00  -2.4614E+00  -2.4534E+00  -2.0519E+00  -2.0428E+00   2.3949E-01
   2.3253E-01  -5.4741E-01  -2.6148E-01  -2.6445E-01  -2.1140E-01  -2.1196E-01
  -2.1104E-01  -2.1177E-01   1.1281E+00  -1.7682E+00  -5.2579E-01  -4.5964E-01
   2.3844E+01  -1.9480E+01   1.3378E+01  -1.1248E+01   3.1441E+00  -2.7783E+00
   3.0583E+00  -2.7950E+00   1.1885E+01  -9.7496E+00   1.3538E+01  -1.1070E+01
   1.1864E+01  -9.7879E+00   1.3401E+00  -1.5481E+00   3.2337E+00  -2.6872E+00
   1.6102E+00  -1.3444E+00   1.5809E+00  -1.3747E+00   1.5810E+00  -1.3749E+00
  -4.0042E-02   8.2383E-01   8.4772E-01   8.2365E-01  -8.8099E-02  -8.2850E-02
  -1.8132E-01  -1.5316E-01   2.6277E-02  -6.0337E-02  -6.8414E-02   5.7110E-02
   8.7587E-02   6.8292E-02   1.9894E-02  -1.6963E-03  -2.8183E-03  -2.5132E-03
   4.0765E-02  -1.1947E-02   1.4964E-01   1.3374E-01   2.2889E-02   2.6749E-02
   2.8910E-02  -3.5293E-02  -3.9826E-02   1.0116E-02   4.3615E-02   1.6264E-02
  -1.0561E-02  -1.7840E-02   1.5738E-02   1.5626E-02   4.0730E-02  -3.2058E-02
  -7.1088E-02  -1.1407E-01  -2.2168E-01  -1.8650E-01  -2.9401E-03  -6.7865E-02
  -7.2033E-02   4.9856E-02   6.9022E-02   1.6766E-02   1.8129E-02   7.9745E-03
  -1.6369E-04  -5.0653E-04   4.4348E-02  -1.4791E-02   8.8194E-02   6.5261E-02
  -1.0923E-02  -2.2975E-02   8.1803E-03  -5.3125E-02  -4.7066E-02  -2.2749E-03
   2.4600E-02  -2.9742E-02  -1.9290E-02  -1.4316E-02   1.9763E-02   1.9701E-02
   4.2673E-02  -4.0095E-02
  > E    =  -3.833492638428E+02 +/-   3.840886250577E-05
  > varE =   7.377619826028E-04
* Computing derivatives.
    [walltime: 1m elapsed, 35m24s remaining]
  Done. [total walltime: 36m21s]
* Optimizing manipulation constant:
  #igrid a___________ E____________________________________ varE____________
     1     Infinity    -3.83349264E+02 +/-   3.84088625E-05   7.37761983E-04
     2     1.0000E+06  -3.83349264E+02 +/-   3.84088555E-05   7.37761715E-04
     3     2.1544E+05  -3.83349264E+02 +/-   3.84088302E-05   7.37760742E-04
     4     4.6416E+04  -3.83349264E+02 +/-   3.84087127E-05   7.37756226E-04
     5     1.0000E+04  -3.83349264E+02 +/-   3.84081680E-05   7.37735302E-04
     6     2.1544E+03  -3.83349264E+02 +/-   3.84056596E-05   7.37638946E-04
     7     4.6416E+02  -3.83349265E+02 +/-   3.83944427E-05   7.37208133E-04
     8     1.0000E+02  -3.83349267E+02 +/-   3.83514869E-05   7.35559472E-04
     9     2.1544E+01  -3.83349266E+02 +/-   3.83538057E-05   7.35648423E-04
    10     4.6416E+00  -3.83348552E+02 +/-   5.09729873E-05   1.29937215E-03
    11     1.0000E+00  -3.80876029E+02 +/-   1.14539116E-03   6.56086397E-01
    12     2.1544E-01  -3.82256132E+02 +/-   1.06075844E-03   5.62712257E-01
    13     4.6416E-02  -3.82173740E+02 +/-   1.07612225E-03   5.79130722E-01
    14     1.0000E-02  -3.82148146E+02 +/-   1.07905117E-03   5.82287496E-01
    15     2.1544E-03  -3.82145840E+02 +/-   1.07879319E-03   5.82009097E-01
    16     4.6416E-04  -3.82145509E+02 +/-   1.07868155E-03   5.81888641E-01
    17     1.0000E-04  -3.82145445E+02 +/-   1.07865482E-03   5.81859808E-01
    18     2.1544E-05  -3.82145431E+02 +/-   1.07864894E-03   5.81853462E-01
    19     4.6416E-06  -3.82145428E+02 +/-   1.07864767E-03   5.81852088E-01
    20     1.0000E-06  -3.82145428E+02 +/-   1.07864739E-03   5.81851792E-01
    21     0.0000E+00  -3.82145428E+02 +/-   1.07864732E-03   5.81851710E-01
* Iteration # 1: E =  -3.833492665660E+02 +/-   3.835148685618E-05
* Reached maximum number of iterations: exiting.
* After optimization:
   2.0295E+00   1.9157E+00   2.0294E+00   5.3532E-01   5.0047E-01   9.2795E-01
  -4.3781E+00  -2.1897E+00  -2.1699E+00  -3.5749E-01  -2.7536E-01  -2.1586E+00
  -2.1453E+00  -2.4703E+00  -2.4623E+00  -2.0593E+00  -2.0502E+00   2.3794E-01
   2.3100E-01  -5.5054E-01  -2.6305E-01  -2.6602E-01  -2.1296E-01  -2.1353E-01
  -2.1262E-01  -2.1334E-01   1.1363E+00  -1.7744E+00  -5.2575E-01  -4.5958E-01
   2.3918E+01  -1.9539E+01   1.3423E+01  -1.1283E+01   3.1601E+00  -2.7912E+00
   3.0743E+00  -2.8078E+00   1.1922E+01  -9.7789E+00   1.3583E+01  -1.1106E+01
   1.1901E+01  -9.8172E+00   1.3481E+00  -1.5545E+00   3.2497E+00  -2.7000E+00
   1.6182E+00  -1.3509E+00   1.5889E+00  -1.3811E+00   1.5890E+00  -1.3813E+00
  -3.9986E-02   8.1896E-01   8.4262E-01   8.1881E-01  -8.7683E-02  -8.2483E-02
  -1.8022E-01  -1.5232E-01   2.6188E-02  -6.0251E-02  -6.8256E-02   5.6889E-02
   8.7119E-02   6.8013E-02   1.9762E-02  -1.6910E-03  -2.7258E-03  -2.4273E-03
   4.0516E-02  -1.2015E-02   1.4869E-01   1.3297E-01   2.3015E-02   2.6657E-02
   2.8714E-02  -3.5110E-02  -3.9724E-02   1.0008E-02   4.3332E-02   1.6087E-02
  -1.0507E-02  -1.7692E-02   1.5693E-02   1.5583E-02   4.0439E-02  -3.1899E-02
  -7.1150E-02  -1.1409E-01  -2.2154E-01  -1.8647E-01  -2.8040E-03  -6.8097E-02
  -7.2245E-02   5.0064E-02   6.9228E-02   1.7102E-02   1.8118E-02   7.9695E-03
  -8.4266E-05  -4.1823E-04   4.4377E-02  -1.4893E-02   8.8305E-02   6.5492E-02
  -1.0552E-02  -2.2810E-02   8.2015E-03  -5.3049E-02  -4.7118E-02  -2.2685E-03
   2.4696E-02  -2.9737E-02  -1.9284E-02  -1.4263E-02   1.9816E-02   1.9748E-02
   4.2658E-02  -4.0084E-02
  > Energy =  -3.833492665660E+02 +/-   3.835148685618E-05
  > varE =   7.355594723482E-04

VMC #10:
* Size of Hilbert space =   6.3504E+04
* Deterministic energy evaluation:
  > Deterministic Etot/t = -383.34928939975902
    - Ttot/t = -23.358935087608575
    - Utot/t = 9.5239913650198638
* Number of equil. steps   = 1000
* Running VMC equilibration.
  Done. [total walltime: 0.05s]
* Equil. acc.ratio (%)     =  25.5074
* Sample config after equilibration:
  +---------+
  |  u   2  |
  |d   d   0|
  |u   u   u|
  |  d   d  |
  +---------+
* Number of accum. steps   = 1000192 x 10
* Running VMC accumulation.
  Done. [total walltime: 41.7s]
* Acceptance ratio (%)     =  25.4135
* Etot/t                   =  -3.833492914285E+02 +/-   2.686057562145E-05
  > Ttot/t                 =  -2.335878461517E+01 +/-   3.651921433516E-04
  > Utot/t                 =   9.523838863829E+00 +/-   3.600894458274E-04
* var[Eloc/t]              =   7.399686298910E-04 +/-   6.480480542968E-06
* Correlation length       =   9.752157317834E-01
* log10 Psi^2 range: -18.344607754336252 -- -10.842606688091756
* log10 Pgen range : -18.344607754336252 -- -10.842606688091756
* Site occupation (ave. no. electrons per config.):
  > Site_  ___eu____  ___ed____
      1        0.498      0.497
      2        0.501      0.502
      3        0.500      0.501
      4        0.496      0.496
      5        0.501      0.500
      6        0.500      0.501
      7        0.501      0.500
      8        0.501      0.500
      9        0.502      0.501
     10        0.501      0.501
* Pair-correlation analysis (ave. no. pairs per config.):
  > Shell  nsite  ___dh____  __eueu___  __eued___
      0      1        0          0          1.719
      1      1        0.821      0.729      2.488
      2      1        0.289      0.630      1.124
      3      1        0.153      0.296      0.560
      4      1        0.543      1.326      2.197
      5      1        0.118      1.037      0.957
      6      1        0.141      0.840      1.118
      7      1        0.287      1.789      2.132
      8      1        0.242      2.112      1.884
      9      1        0.241      2.130      1.884
     10      1        0.223      2.178      1.860
     11      1        0.111      0.972      1.034
     12      1        0.231      2.068      1.941
     13      1        0.060      0.476      0.521
     14      1        0.180      1.430      1.566
     15      1        0.116      1.035      0.975
     16      1        0.126      0.952      1.040

Optimization #10:
* Method          : lls
* Target function : energy
* No. of configs. : 500096
* No. of params.  : 122
* Before optimization:
   2.0295E+00   1.9157E+00   2.0294E+00   5.3532E-01   5.0047E-01   9.2795E-01
  -4.3781E+00  -2.1897E+00  -2.1699E+00  -3.5749E-01  -2.7536E-01  -2.1586E+00
  -2.1453E+00  -2.4703E+00  -2.4623E+00  -2.0593E+00  -2.0502E+00   2.3794E-01
   2.3100E-01  -5.5054E-01  -2.6305E-01  -2.6602E-01  -2.1296E-01  -2.1353E-01
  -2.1262E-01  -2.1334E-01   1.1363E+00  -1.7744E+00  -5.2575E-01  -4.5958E-01
   2.3918E+01  -1.9539E+01   1.3423E+01  -1.1283E+01   3.1601E+00  -2.7912E+00
   3.0743E+00  -2.8078E+00   1.1922E+01  -9.7789E+00   1.3583E+01  -1.1106E+01
   1.1901E+01  -9.8172E+00   1.3481E+00  -1.5545E+00   3.2497E+00  -2.7000E+00
   1.6182E+00  -1.3509E+00   1.5889E+00  -1.3811E+00   1.5890E+00  -1.3813E+00
  -3.9986E-02   8.1896E-01   8.4262E-01   8.1881E-01  -8.7683E-02  -8.2483E-02
  -1.8022E-01  -1.5232E-01   2.6188E-02  -6.0251E-02  -6.8256E-02   5.6889E-02
   8.7119E-02   6.8013E-02   1.9762E-02  -1.6910E-03  -2.7258E-03  -2.4273E-03
   4.0516E-02  -1.2015E-02   1.4869E-01   1.3297E-01   2.3015E-02   2.6657E-02
   2.8714E-02  -3.5110E-02  -3.9724E-02   1.0008E-02   4.3332E-02   1.6087E-02
  -1.0507E-02  -1.7692E-02   1.5693E-02   1.5583E-02   4.0439E-02  -3.1899E-02
  -7.1150E-02  -1.1409E-01  -2.2154E-01  -1.8647E-01  -2.8040E-03  -6.8097E-02
  -7.2245E-02   5.0064E-02   6.9228E-02   1.7102E-02   1.8118E-02   7.9695E-03
  -8.4266E-05  -4.1823E-04   4.4377E-02  -1.4893E-02   8.8305E-02   6.5492E-02
  -1.0552E-02  -2.2810E-02   8.2015E-03  -5.3049E-02  -4.7118E-02  -2.2685E-03
   2.4696E-02  -2.9737E-02  -1.9284E-02  -1.4263E-02   1.9816E-02   1.9748E-02
   4.2658E-02  -4.0084E-02
  > E    =  -3.833492873684E+02 +/-   3.860809121085E-05
  > varE =   7.454354496046E-04
* Computing derivatives.
    [walltime: 1m1s elapsed, 35m5s remaining]
  Done. [total walltime: 36m19s]
* Optimizing manipulation constant:
  #igrid a___________ E____________________________________ varE____________
     1     Infinity    -3.83349287E+02 +/-   3.86080912E-05   7.45435450E-04
     2     1.0000E+06  -3.83349287E+02 +/-   3.86080838E-05   7.45435163E-04
     3     2.1544E+05  -3.83349287E+02 +/-   3.86080568E-05   7.45434121E-04
     4     4.6416E+04  -3.83349287E+02 +/-   3.86079315E-05   7.45429281E-04
     5     1.0000E+04  -3.83349287E+02 +/-   3.86073500E-05   7.45406829E-04
     6     2.1544E+03  -3.83349288E+02 +/-   3.86046567E-05   7.45302830E-04
     7     4.6416E+02  -3.83349288E+02 +/-   3.85922712E-05   7.44824679E-04
     8     1.0000E+02  -3.83349291E+02 +/-   3.85370878E-05   7.42696139E-04
     9     2.1544E+01  -3.83349301E+02 +/-   3.83145068E-05   7.34141644E-04
    10     4.6416E+00  -3.83349352E+02 +/-   3.73116786E-05   6.96214328E-04
    11     1.0000E+00  -3.83312932E+02 +/-   2.43590743E-04   2.96739212E-02
    12     2.1544E-01  -3.82143448E+02 +/-   1.08002747E-03   5.83341644E-01
    13     4.6416E-02  -3.80895732E+02 +/-   1.10006360E-03   6.05186137E-01
    14     1.0000E-02  -3.80896708E+02 +/-   1.09942196E-03   6.04480364E-01
    15     2.1544E-03  -3.82154348E+02 +/-   1.06220307E-03   5.64245992E-01
    16     4.6416E-04  -3.82947323E+02 +/-   7.43219191E-04   2.76240411E-01
    17     1.0000E-04  -3.83172199E+02 +/-   5.11565521E-04   1.30874764E-01
    18     2.1544E-05  -3.83206568E+02 +/-   4.61003653E-04   1.06282586E-01
    19     4.6416E-06  -3.83213298E+02 +/-   4.50283604E-04   1.01397127E-01
    20     1.0000E-06  -3.83214717E+02 +/-   4.47983988E-04   1.00364093E-01
    21     0.0000E+00  -3.83215105E+02 +/-   4.47353147E-04   1.00081631E-01
  ParMin   9.9778E+00  -3.83349316E+02 +/-   3.80158778E-05   7.22742221E-04
  # Using grid point #10
* Iteration # 1: E =  -3.833493522129E+02 +/-   3.731167861705E-05
* Reached maximum number of iterations: exiting.
* After optimization:
   2.5319E+00   2.4105E+00   2.5263E+00   5.5801E-01   5.2007E-01   9.3197E-01
  -4.9555E+00  -2.4608E+00  -2.4400E+00  -3.1973E-01  -2.3651E-01  -2.4484E+00
  -2.4345E+00  -2.7414E+00  -2.7330E+00  -2.3501E+00  -2.3409E+00   2.5865E-01
   2.5185E-01  -5.1256E-01  -2.4403E-01  -2.4708E-01  -1.9388E-01  -1.9458E-01
  -1.9362E-01  -1.9439E-01   1.0470E+00  -1.7009E+00  -5.2534E-01  -4.5712E-01
   2.6820E+01  -2.1860E+01   1.4783E+01  -1.2372E+01   2.9778E+00  -2.6471E+00
   2.8910E+00  -2.6633E+00   1.3373E+01  -1.0940E+01   1.4942E+01  -1.2194E+01
   1.3352E+01  -1.0978E+01   1.2555E+00  -1.4814E+00   3.0671E+00  -2.5554E+00
   1.5269E+00  -1.2786E+00   1.4978E+00  -1.3089E+00   1.4979E+00  -1.3091E+00
  -3.8289E-02   8.1355E-01   8.3977E-01   8.1436E-01  -8.6318E-02  -8.1385E-02
  -1.7695E-01  -1.5127E-01   2.6417E-02  -6.5056E-02  -7.3490E-02   5.8681E-02
   8.6635E-02   7.0111E-02   2.0386E-02  -6.7898E-04  -5.0798E-04  -2.7212E-04
   3.8862E-02  -1.4152E-02   1.4953E-01   1.3606E-01   3.0030E-02   2.9060E-02
   2.6841E-02  -3.5005E-02  -4.2403E-02   7.8519E-03   4.1208E-02   1.4388E-02
  -1.0636E-02  -1.6776E-02   1.6646E-02   1.6482E-02   3.9415E-02  -3.3349E-02
  -6.8775E-02  -1.1182E-01  -2.1648E-01  -1.8334E-01  -4.2349E-04  -7.2797E-02
  -7.6614E-02   5.4641E-02   7.3356E-02   2.3172E-02   1.8769E-02   8.9353E-03
   1.9619E-03   1.6141E-03   4.3999E-02  -1.5788E-02   9.3771E-02   7.3366E-02
   7.6673E-04  -1.6535E-02   7.8762E-03  -5.1358E-02  -4.8156E-02  -2.8265E-03
   2.6046E-02  -3.0142E-02  -1.9312E-02  -1.3262E-02   2.0562E-02   2.0526E-02
   4.2543E-02  -4.0459E-02
  > Energy =  -3.833493522129E+02 +/-   3.731167861705E-05
  > varE =   6.962143281017E-04

VMC #11:
* Size of Hilbert space =   6.3504E+04
* Deterministic energy evaluation:
  > Deterministic Etot/t = -383.34935172809134
    - Ttot/t = -23.359628840088419
    - Utot/t = 9.5246227891673545
* Number of equil. steps   = 1000
* Running VMC equilibration.
  Done. [total walltime: 0.05s]
* Equil. acc.ratio (%)     =  25.5216
* Sample config after equilibration:
  +---------+
  |  2   u  |
  |0   d   d|
  |d   u   u|
  |  u   d  |
  +---------+
* Number of accum. steps   = 1000192 x 10
* Running VMC accumulation.
  Done. [total walltime: 42.7s]
* Acceptance ratio (%)     =  25.4011
* Etot/t                   =  -3.833493214026E+02 +/-   2.688695105630E-05
  > Ttot/t                 =  -2.336006141887E+01 +/-   3.657040167153E-04
  > Utot/t                 =   9.525085693562E+00 +/-   3.611098069952E-04
* var[Eloc/t]              =   7.129216125896E-04 +/-   2.442510892540E-05
* Correlation length       =   1.014202575287E+00
* log10 Psi^2 range: -19.065515206841962 -- -10.937491886166081
* log10 Pgen range : -19.065515206841962 -- -10.937491886166081
* Site occupation (ave. no. electrons per config.):
  > Site_  ___eu____  ___ed____
      1        0.497      0.497
      2        0.501      0.501
      3        0.502      0.500
      4        0.496      0.496
      5        0.501      0.501
      6        0.502      0.502
      7        0.500      0.501
      8        0.500      0.501
      9        0.500      0.501
     10        0.502      0.501
* Pair-correlation analysis (ave. no. pairs per config.):
  > Shell  nsite  ___dh____  __eueu___  __eued___
      0      1        0          0          1.725
      1      1        0.822      0.733      2.486
      2      1        0.290      0.630      1.122
      3      1        0.154      0.297      0.558
      4      1        0.547      1.328      2.193
      5      1        0.118      1.038      0.960
      6      1        0.143      0.841      1.118
      7      1        0.291      1.789      2.125
      8      1        0.243      2.110      1.888
      9      1        0.243      2.123      1.885
     10      1        0.225      2.178      1.861
     11      1        0.112      0.975      1.036
     12      1        0.233      2.067      1.942
     13      1        0.061      0.475      0.521
     14      1        0.181      1.432      1.565
     15      1        0.116      1.035      0.974
     16      1        0.126      0.951      1.041

VDAGGER finished.
Total VDAGGER walltime: 7h31m

Run ended: Thu Oct  2 11:28:27 CEST 2025
