Run started: Fri Sep 26 18:44:08 CEST 2025
Using VDAGGER_ARCH = gnu7_fkfamd_cluster
Running 1x128 MPI processes.

                               xx
                              +##
                               #X
                               Xx
                          X##XxXxxX##x
                           +   Xx  ++
                               ##
                              +##
                              +##
     ++++         ++          +##
   xX+++##+      ####         +##
  Xx    ###      +X##          ##
 xX    X##+        ##          #X
 +    x##X         #x          #X
      ###         +#           x+
     X##+         #+
     ###         Xx                    _______
     ##X       +X+   __________________VDAGGER
     +##x    +xX     2nd quantized variational
       +xxxxx+       ______quantum Monte Carlo

* Running 128 MPI processes.
* Input file: "input.casl"

############# Start of input file dump #############
General:
  Random seed: timer

Plan:
  VMC-optimization:
    Minimum cycles: 10
    Convergence cycles: 5

System:
  Read Hamiltonian: FCIDUMP_loc_benzene
  Read orbitals: LTSC_benzene
  Complex orbitals: F
  Geometry:
    r_5: [ 0.00000000000000, 2.63994739601739 ]
    r_4: [ 2.28626150960564, 1.31997369800870 ]
    r_6: [ 2.28626150960564, -1.31997369800870 ]
    r_2: [ 0.00000000000000, -2.63994739601739 ]
    r_3: [ -2.28626150960564, -1.31997369800870 ]
    r_1: [ -2.28626150960564, 1.31997369800870 ]

VMC:
  nstep: 500000
  nconfig: 50000

Jastrow: wfn.casl

Multideterminants: wfn.casl
############## End of input file dump ##############

General setup:
* Random seed: 1891400546 (from timer)

* Loaded integrals for system with nelec=6, ms2=0, norb=6
* INFO: setting number of electrons from integrals file.
* Analysis of Hamiltonian connecitivity performed:
  - T_ii (local, 1-site): 6 (i) values
  - U_iiii [opp] (local, 1-site): 6 (i) values
  - U_kkii [opp] (local, 2-site): 30 contribs. from 6 (i) values
  - U_kkii [par] (local, 2-site): 15 contribs. from 5 (i) values
  - T_ji (single, 2-site): 30 contribs. from 6 (i) values
  - U_kkji [opp] (single, 2/3-site): 180 contribs. from 30 (i,j) pairs
  - U_kkji [par] (single, 3-site): 150 contribs. from 30 (i,j) pairs
  - U_lkji [opp] (double, 2/3/4-site): 900 contribs. from 30 (i,j) pairs
  - U_lkji [par] (double, 4-site): 170 contribs. from 20 (i,j) pairs
  - Max. no. wfn. ratios in Eloc: 255
* Reading override orbitals from file "LTSC_benzene".
* Site labels:
  +-----+
  |  5  |
  |1   4|
  |3   6|
  |  2  |
  +-----+
* Automatically set Site kinds:
  [ 1, 1, 1, 1, 1, 1 ]
  +-----+
  |  1  |
  |1   1|
  |1   1|
  |  1  |
  +-----+
* Maximum Site kind: 1
* Number of site-pair kinds with Tij=0: 0
* Automatically set Site pair kinds:
  Site 1: [ 0, 4, 1, -5, -1, -2 ]
  Site 2: [ 4, 0, 1, -4, -3, -1 ]
  Site 3: [ 1, 1, 0, -2, -4, -5 ]
  Site 4: [ -5, -4, -2, 0, 1, 1 ]
  Site 5: [ -1, -3, -4, 1, 0, 4 ]
  Site 6: [ -2, -1, -5, 1, 4, 0 ]
  For site 1 of kind 1:
  +--------+
  |   -1   |
  | 0    -5|
  | 1    -2|
  |    4   |
  +--------+
* Maximum (unsigned) Site pair kind: 5
General system setup:
* Number of sites       : 6
* Number of electrons   : 6
* Spin imbalance MS2    : 0
* Filling               : 0.500000
* Number of orbitals in pool: 6
* Using real-valued orbitals
* Using double-precision arithmetic for orbitals

Trial wave function setup:
* Jastrow parameter file: "wfn.casl"
* Multideterminant parameter file: "wfn.casl"
* Not using a backflow transformation
* Not using wave function manipulation

VMC #1:
* Size of Hilbert space =   4.0000E+02
* Deterministic energy evaluation:
  > Deterministic Etot/t = -230.69964169985491
    - Ttot/t = -10.363963098049439
    - Utot/t = 3.9068132523424097
* Number of equil. steps   = 1000
* Running VMC equilibration.
  Done. [total walltime: 0.01s]
* Equil. acc.ratio (%)     =  40.4751
* Sample config after equilibration:
  +-----+
  |  d  |
  |u   0|
  |d   2|
  |  u  |
  +-----+
* Number of accum. steps   = 500480 x 10
* Running VMC accumulation.
  Done. [total walltime: 2.25s]
* Acceptance ratio (%)     =  40.3469
* Etot/t                   =  -2.306996549373E+02 +/-   3.546157308398E-05
  > Ttot/t                 =  -1.036375642938E+01 +/-   2.995354696600E-04
  > Utot/t                 =   3.906593346201E+00 +/-   2.978030122530E-04
* var[Eloc/t]              =   6.089756438003E-04 +/-   4.600828384469E-06
* Correlation length       =   1.033481716916E+00
* log10 Psi^2 range: -5.4190210805874504 -- -1.9714520653941976
* log10 Pgen range : -5.4190210805874504 -- -1.9714520653941976
* Site occupation (ave. no. electrons per config.):
  > Site_  ___eu____  ___ed____
      1        0.501      0.501
      2        0.502      0.499
      3        0.498      0.498
      4        0.499      0.502
      5        0.499      0.498
      6        0.500      0.503
* Pair-correlation analysis (ave. no. pairs per config.):
  > Shell  nsite  ___dh____  __eueu___  __eued___
      0      1        0          0          1.034
      1      4        1.064      1.477      3.525
      2      4        0.153      0.843      1.104
      3      4        0.077      0.420      0.552
      4      4        0.233      2.174      1.855
      5      4        0.117      1.087      0.929

Optimization #1:
* Method          : lls
* Target function : energy
* No. of configs. : 50048
* No. of params.  : 16
* Before optimization:
  -7.5609E-01   2.7596E-01  -1.7658E-01  -1.1854E-01  -5.4435E-02  -4.5991E-02
  -6.0310E-03  -1.2373E-01   1.0193E-01   6.4666E-02   2.4617E-01  -9.5962E-02
   9.7295E-02  -8.9079E-02  -5.2402E-02  -8.5886E-02
  > E    =  -2.306998463957E+02 +/-   1.094815683836E-04
  > varE =   5.998860290495E-04
* Computing derivatives.
  Done. [total walltime: 1.09s]
* Optimizing manipulation constant:
  #igrid a___________ E____________________________________ varE____________
     1     Infinity    -2.30699846E+02 +/-   1.09481568E-04   5.99886029E-04
     2     1.0000E+06  -2.30699846E+02 +/-   1.09481568E-04   5.99886023E-04
     3     2.1544E+05  -2.30699846E+02 +/-   1.09481566E-04   5.99885999E-04
     4     4.6416E+04  -2.30699846E+02 +/-   1.09481556E-04   5.99885889E-04
     5     1.0000E+04  -2.30699846E+02 +/-   1.09481509E-04   5.99885381E-04
     6     2.1544E+03  -2.30699846E+02 +/-   1.09481294E-04   5.99883022E-04
     7     4.6416E+02  -2.30699846E+02 +/-   1.09480297E-04   5.99872094E-04
     8     1.0000E+02  -2.30699846E+02 +/-   1.09475709E-04   5.99821824E-04
     9     2.1544E+01  -2.30699847E+02 +/-   1.09455267E-04   5.99597838E-04
    10     4.6416E+00  -2.30699847E+02 +/-   1.09375575E-04   5.98725046E-04
    11     1.0000E+00  -2.30699848E+02 +/-   1.09175113E-04   5.96532389E-04
    12     2.1544E-01  -2.30699850E+02 +/-   1.08962830E-04   5.94214818E-04
    13     4.6416E-02  -2.30699851E+02 +/-   1.08872322E-04   5.93228074E-04
    14     1.0000E-02  -2.30699851E+02 +/-   1.08848720E-04   5.92970898E-04
    15     2.1544E-03  -2.30699851E+02 +/-   1.08843410E-04   5.92913049E-04
    16     4.6416E-04  -2.30699851E+02 +/-   1.08842256E-04   5.92900468E-04
    17     1.0000E-04  -2.30699851E+02 +/-   1.08842006E-04   5.92897752E-04
    18     2.1544E-05  -2.30699851E+02 +/-   1.08841953E-04   5.92897167E-04
    19     4.6416E-06  -2.30699851E+02 +/-   1.08841941E-04   5.92897041E-04
    20     1.0000E-06  -2.30699851E+02 +/-   1.08841938E-04   5.92897014E-04
    21     0.0000E+00  -2.30699851E+02 +/-   1.08841938E-04   5.92897006E-04
* Iteration # 1: E =  -2.306998510584E+02 +/-   1.088419377706E-04
* Convergence: exiting.
* After optimization:
  -7.6924E-01   2.7782E-01  -1.7314E-01  -1.1848E-01  -5.2675E-02  -4.4918E-02
  -6.8833E-03  -1.2698E-01   1.0043E-01   6.2772E-02   2.4753E-01  -9.7822E-02
   9.7792E-02  -9.1332E-02  -5.2962E-02  -8.6583E-02
  > Energy =  -2.306998510584E+02 +/-   1.088419377706E-04
  > varE =   5.928970061195E-04

VMC #2:
* Size of Hilbert space =   4.0000E+02
* Deterministic energy evaluation:
  > Deterministic Etot/t = -230.69964115596957
    - Ttot/t = -10.363980452248313
    - Utot/t = 3.9068311504266124
* Number of equil. steps   = 1000
* Running VMC equilibration.
  Done. [total walltime: 0.01s]
* Equil. acc.ratio (%)     =  40.4204
* Sample config after equilibration:
  +-----+
  |  0  |
  |u   2|
  |d   u|
  |  d  |
  +-----+
* Number of accum. steps   = 500480 x 10
* Running VMC accumulation.
  Done. [total walltime: 1.86s]
* Acceptance ratio (%)     =  40.3703
* Etot/t                   =  -2.306996299304E+02 +/-   3.585462822626E-05
  > Ttot/t                 =  -1.036456821202E+01 +/-   2.932336194120E-04
  > Utot/t                 =   3.907430135853E+00 +/-   2.912909444485E-04
* var[Eloc/t]              =   6.498859943891E-04 +/-   5.031483070006E-05
* Correlation length       =   9.900109469533E-01
* log10 Psi^2 range: -5.4385071697186120 -- -1.9906007614304859
* log10 Pgen range : -5.4385071697186120 -- -1.9906007614304859
* Site occupation (ave. no. electrons per config.):
  > Site_  ___eu____  ___ed____
      1        0.504      0.502
      2        0.502      0.502
      3        0.496      0.497
      4        0.499      0.505
      5        0.500      0.495
      6        0.499      0.499
* Pair-correlation analysis (ave. no. pairs per config.):
  > Shell  nsite  ___dh____  __eueu___  __eued___
      0      1        0          0          1.041
      1      4        1.072      1.483      3.512
      2      4        0.156      0.841      1.101
      3      4        0.076      0.421      0.555
      4      4        0.238      2.172      1.857
      5      4        0.117      1.082      0.933

Optimization #2:
* Method          : lls
* Target function : energy
* No. of configs. : 50048
* No. of params.  : 16
* Before optimization:
  -7.6924E-01   2.7782E-01  -1.7314E-01  -1.1848E-01  -5.2675E-02  -4.4918E-02
  -6.8833E-03  -1.2698E-01   1.0043E-01   6.2772E-02   2.4753E-01  -9.7822E-02
   9.7792E-02  -9.1332E-02  -5.2962E-02  -8.6583E-02
  > E    =  -2.306993827947E+02 +/-   1.080629700552E-04
  > varE =   5.844407999215E-04
* Computing derivatives.
  Done. [total walltime: 1.07s]
* Optimizing manipulation constant:
  #igrid a___________ E____________________________________ varE____________
     1     Infinity    -2.30699383E+02 +/-   1.08062970E-04   5.84440800E-04
     2     1.0000E+06  -2.30699383E+02 +/-   1.08062970E-04   5.84440801E-04
     3     2.1544E+05  -2.30699383E+02 +/-   1.08062970E-04   5.84440803E-04
     4     4.6416E+04  -2.30699383E+02 +/-   1.08062971E-04   5.84440815E-04
     5     1.0000E+04  -2.30699383E+02 +/-   1.08062977E-04   5.84440870E-04
     6     2.1544E+03  -2.30699383E+02 +/-   1.08063000E-04   5.84441127E-04
     7     4.6416E+02  -2.30699383E+02 +/-   1.08063111E-04   5.84442322E-04
     8     1.0000E+02  -2.30699383E+02 +/-   1.08063628E-04   5.84447917E-04
     9     2.1544E+01  -2.30699383E+02 +/-   1.08066115E-04   5.84474821E-04
    10     4.6416E+00  -2.30699383E+02 +/-   1.08078647E-04   5.84610382E-04
    11     1.0000E+00  -2.30699385E+02 +/-   1.08130569E-04   5.85172229E-04
    12     2.1544E-01  -2.30699385E+02 +/-   1.08219459E-04   5.86134714E-04
    13     4.6416E-02  -2.30699386E+02 +/-   1.08267803E-04   5.86658509E-04
    14     1.0000E-02  -2.30699386E+02 +/-   1.08281202E-04   5.86803723E-04
    15     2.1544E-03  -2.30699386E+02 +/-   1.08284248E-04   5.86836738E-04
    16     4.6416E-04  -2.30699386E+02 +/-   1.08284911E-04   5.86843933E-04
    17     1.0000E-04  -2.30699386E+02 +/-   1.08285055E-04   5.86845486E-04
    18     2.1544E-05  -2.30699386E+02 +/-   1.08285086E-04   5.86845821E-04
    19     4.6416E-06  -2.30699386E+02 +/-   1.08285092E-04   5.86845894E-04
    20     1.0000E-06  -2.30699386E+02 +/-   1.08285094E-04   5.86845909E-04
    21     0.0000E+00  -2.30699386E+02 +/-   1.08285094E-04   5.86845913E-04
* Iteration # 1: E =  -2.306993854072E+02 +/-   1.082194589372E-04
* Convergence: exiting.
* After optimization:
  -7.6420E-01   2.7895E-01  -1.7815E-01  -1.2092E-01  -5.5138E-02  -4.5358E-02
  -7.1122E-03  -1.2737E-01   1.0358E-01   6.3189E-02   2.5067E-01  -1.0079E-01
   1.0119E-01  -9.1001E-02  -5.3530E-02  -8.6098E-02
  > Energy =  -2.306993854072E+02 +/-   1.082194589372E-04
  > varE =   5.861347142947E-04

VMC #3:
* Size of Hilbert space =   4.0000E+02
* Deterministic energy evaluation:
  > Deterministic Etot/t = -230.69964149000111
    - Ttot/t = -10.363796469753261
    - Utot/t = 3.9066468339001008
* Number of equil. steps   = 1000
* Running VMC equilibration.
  Done. [total walltime: 0.01s]
* Equil. acc.ratio (%)     =  40.1569
* Sample config after equilibration:
  +-----+
  |  d  |
  |0   d|
  |2   u|
  |  u  |
  +-----+
* Number of accum. steps   = 500480 x 10
* Running VMC accumulation.
  Done. [total walltime: 1.86s]
* Acceptance ratio (%)     =  40.3308
* Etot/t                   =  -2.306996552669E+02 +/-   3.534079027997E-05
  > Ttot/t                 =  -1.036376198013E+01 +/-   2.917372020092E-04
  > Utot/t                 =   3.906598567413E+00 +/-   2.887610407910E-04
* var[Eloc/t]              =   6.078483306034E-04 +/-   5.459649412747E-06
* Correlation length       =   1.028357245772E+00
* log10 Psi^2 range: -6.0197936439221325 -- -1.9826536151969893
* log10 Pgen range : -6.0197936439221325 -- -1.9826536151969893
* Site occupation (ave. no. electrons per config.):
  > Site_  ___eu____  ___ed____
      1        0.499      0.498
      2        0.501      0.496
      3        0.500      0.501
      4        0.501      0.502
      5        0.498      0.499
      6        0.500      0.504
* Pair-correlation analysis (ave. no. pairs per config.):
  > Shell  nsite  ___dh____  __eueu___  __eued___
      0      1        0          0          1.035
      1      4        1.063      1.483      3.518
      2      4        0.152      0.845      1.109
      3      4        0.075      0.420      0.553
      4      4        0.236      2.166      1.852
      5      4        0.117      1.085      0.933

Optimization #3:
* Method          : lls
* Target function : energy
* No. of configs. : 50048
* No. of params.  : 16
* Before optimization:
  -7.6420E-01   2.7895E-01  -1.7815E-01  -1.2092E-01  -5.5138E-02  -4.5358E-02
  -7.1122E-03  -1.2737E-01   1.0358E-01   6.3189E-02   2.5067E-01  -1.0079E-01
   1.0119E-01  -9.1001E-02  -5.3530E-02  -8.6098E-02
  > E    =  -2.306996931784E+02 +/-   1.103197868128E-04
  > varE =   6.091069499784E-04
* Computing derivatives.
  Done. [total walltime: 1.07s]
* Optimizing manipulation constant:
  #igrid a___________ E____________________________________ varE____________
     1     Infinity    -2.30699693E+02 +/-   1.10319787E-04   6.09106950E-04
     2     1.0000E+06  -2.30699693E+02 +/-   1.10319786E-04   6.09106945E-04
     3     2.1544E+05  -2.30699693E+02 +/-   1.10319785E-04   6.09106928E-04
     4     4.6416E+04  -2.30699693E+02 +/-   1.10319778E-04   6.09106849E-04
     5     1.0000E+04  -2.30699693E+02 +/-   1.10319744E-04   6.09106482E-04
     6     2.1544E+03  -2.30699693E+02 +/-   1.10319590E-04   6.09104779E-04
     7     4.6416E+02  -2.30699693E+02 +/-   1.10318876E-04   6.09096896E-04
     8     1.0000E+02  -2.30699693E+02 +/-   1.10315601E-04   6.09060731E-04
     9     2.1544E+01  -2.30699693E+02 +/-   1.10301178E-04   6.08901473E-04
    10     4.6416E+00  -2.30699694E+02 +/-   1.10247242E-04   6.08306134E-04
    11     1.0000E+00  -2.30699696E+02 +/-   1.10120859E-04   6.06912254E-04
    12     2.1544E-01  -2.30699698E+02 +/-   1.09984007E-04   6.05404719E-04
    13     4.6416E-02  -2.30699699E+02 +/-   1.09917655E-04   6.04674478E-04
    14     1.0000E-02  -2.30699699E+02 +/-   1.09898908E-04   6.04468235E-04
    15     2.1544E-03  -2.30699699E+02 +/-   1.09894590E-04   6.04420728E-04
    16     4.6416E-04  -2.30699699E+02 +/-   1.09893645E-04   6.04410339E-04
    17     1.0000E-04  -2.30699699E+02 +/-   1.09893441E-04   6.04408094E-04
    18     2.1544E-05  -2.30699699E+02 +/-   1.09893397E-04   6.04407609E-04
    19     4.6416E-06  -2.30699699E+02 +/-   1.09893387E-04   6.04407505E-04
    20     1.0000E-06  -2.30699699E+02 +/-   1.09893385E-04   6.04407483E-04
    21     0.0000E+00  -2.30699699E+02 +/-   1.09893385E-04   6.04407477E-04
* Iteration # 1: E =  -2.306996991954E+02 +/-   1.098933848614E-04
* Convergence: exiting.
* After optimization:
  -7.5473E-01   2.7510E-01  -1.7392E-01  -1.2149E-01  -5.3757E-02  -4.6313E-02
  -5.6822E-03  -1.2325E-01   1.0168E-01   6.2233E-02   2.4799E-01  -9.5458E-02
   9.8004E-02  -9.0286E-02  -5.3815E-02  -8.4580E-02
  > Energy =  -2.306996991954E+02 +/-   1.098933848614E-04
  > varE =   6.044074765041E-04

VMC #4:
* Size of Hilbert space =   4.0000E+02
* Deterministic energy evaluation:
  > Deterministic Etot/t = -230.69964194300832
    - Ttot/t = -10.364116454755598
    - Utot/t = 3.9069663658951899
* Number of equil. steps   = 1000
* Running VMC equilibration.
  Done. [total walltime: 0.01s]
* Equil. acc.ratio (%)     =  40.5344
* Sample config after equilibration:
  +-----+
  |  u  |
  |d   d|
  |u   u|
  |  d  |
  +-----+
* Number of accum. steps   = 500480 x 10
* Running VMC accumulation.
  Done. [total walltime: 1.84s]
* Acceptance ratio (%)     =  40.3979
* Etot/t                   =  -2.306996396457E+02 +/-   3.527617156277E-05
  > Ttot/t                 =  -1.036403530529E+01 +/-   2.899871654193E-04
  > Utot/t                 =   3.906887513773E+00 +/-   2.883565521214E-04
* var[Eloc/t]              =   5.963236432966E-04 +/-   6.779904298956E-06
* Correlation length       =   1.044401749014E+00
* log10 Psi^2 range: -5.9954854660370938 -- -1.9701496742119660
* log10 Pgen range : -5.9954854660370938 -- -1.9701496742119660
* Site occupation (ave. no. electrons per config.):
  > Site_  ___eu____  ___ed____
      1        0.497      0.502
      2        0.497      0.500
      3        0.501      0.498
      4        0.504      0.500
      5        0.501      0.500
      6        0.500      0.500
* Pair-correlation analysis (ave. no. pairs per config.):
  > Shell  nsite  ___dh____  __eueu___  __eued___
      0      1        0          0          1.036
      1      4        1.062      1.482      3.523
      2      4        0.153      0.844      1.103
      3      4        0.075      0.423      0.556
      4      4        0.239      2.167      1.853
      5      4        0.118      1.085      0.930

Optimization #4:
* Method          : lls
* Target function : energy
* No. of configs. : 50048
* No. of params.  : 16
* Before optimization:
  -7.5473E-01   2.7510E-01  -1.7392E-01  -1.2149E-01  -5.3757E-02  -4.6313E-02
  -5.6822E-03  -1.2325E-01   1.0168E-01   6.2233E-02   2.4799E-01  -9.5458E-02
   9.8004E-02  -9.0286E-02  -5.3815E-02  -8.4580E-02
  > E    =  -2.306998209356E+02 +/-   1.113098666495E-04
  > varE =   6.200890352246E-04
* Computing derivatives.
  Done. [total walltime: 1.06s]
* Optimizing manipulation constant:
  #igrid a___________ E____________________________________ varE____________
     1     Infinity    -2.30699821E+02 +/-   1.11309867E-04   6.20089035E-04
     2     1.0000E+06  -2.30699821E+02 +/-   1.11309866E-04   6.20089032E-04
     3     2.1544E+05  -2.30699821E+02 +/-   1.11309865E-04   6.20089018E-04
     4     4.6416E+04  -2.30699821E+02 +/-   1.11309860E-04   6.20088956E-04
     5     1.0000E+04  -2.30699821E+02 +/-   1.11309834E-04   6.20088668E-04
     6     2.1544E+03  -2.30699821E+02 +/-   1.11309714E-04   6.20087331E-04
     7     4.6416E+02  -2.30699821E+02 +/-   1.11309159E-04   6.20081146E-04
     8     1.0000E+02  -2.30699821E+02 +/-   1.11306615E-04   6.20052808E-04
     9     2.1544E+01  -2.30699821E+02 +/-   1.11295488E-04   6.19928843E-04
    10     4.6416E+00  -2.30699822E+02 +/-   1.11255028E-04   6.19478195E-04
    11     1.0000E+00  -2.30699822E+02 +/-   1.11168994E-04   6.18520466E-04
    12     2.1544E-01  -2.30699823E+02 +/-   1.11094360E-04   6.17690260E-04
    13     4.6416E-02  -2.30699824E+02 +/-   1.11066236E-04   6.17377548E-04
    14     1.0000E-02  -2.30699824E+02 +/-   1.11059241E-04   6.17299794E-04
    15     2.1544E-03  -2.30699824E+02 +/-   1.11057689E-04   6.17282532E-04
    16     4.6416E-04  -2.30699824E+02 +/-   1.11057352E-04   6.17278790E-04
    17     1.0000E-04  -2.30699824E+02 +/-   1.11057279E-04   6.17277982E-04
    18     2.1544E-05  -2.30699824E+02 +/-   1.11057264E-04   6.17277808E-04
    19     4.6416E-06  -2.30699824E+02 +/-   1.11057260E-04   6.17277771E-04
    20     1.0000E-06  -2.30699824E+02 +/-   1.11057260E-04   6.17277763E-04
    21     0.0000E+00  -2.30699824E+02 +/-   1.11057259E-04   6.17277761E-04
* Iteration # 1: E =  -2.306998236282E+02 +/-   1.110572602432E-04
* Convergence: exiting.
* After optimization:
  -7.5584E-01   2.7515E-01  -1.7391E-01  -1.2218E-01  -5.4567E-02  -4.6009E-02
  -5.0896E-03  -1.2457E-01   1.0254E-01   6.2693E-02   2.5018E-01  -9.6349E-02
   9.8969E-02  -9.1586E-02  -5.3002E-02  -8.5048E-02
  > Energy =  -2.306998236282E+02 +/-   1.110572602432E-04
  > varE =   6.172777709587E-04

VMC #5:
* Size of Hilbert space =   4.0000E+02
* Deterministic energy evaluation:
  > Deterministic Etot/t = -230.69964181665725
    - Ttot/t = -10.364172434631660
    - Utot/t = 3.9070224721223230
* Number of equil. steps   = 1000
* Running VMC equilibration.
  Done. [total walltime: 0.01s]
* Equil. acc.ratio (%)     =  40.3303
* Sample config after equilibration:
  +-----+
  |  d  |
  |u   u|
  |0   d|
  |  2  |
  +-----+
* Number of accum. steps   = 500480 x 10
* Running VMC accumulation.
  Done. [total walltime: 1.84s]
* Acceptance ratio (%)     =  40.4196
* Etot/t                   =  -2.306996669153E+02 +/-   3.429809532102E-05
  > Ttot/t                 =  -1.036393353772E+01 +/-   2.871159067274E-04
  > Utot/t                 =   3.906758476443E+00 +/-   2.855106378197E-04
* var[Eloc/t]              =   5.975705735711E-04 +/-   4.567397861112E-06
* Correlation length       =   9.852297784530E-01
* log10 Psi^2 range: -5.4225407446918030 -- -1.9729124479282312
* log10 Pgen range : -5.4225407446918030 -- -1.9729124479282312
* Site occupation (ave. no. electrons per config.):
  > Site_  ___eu____  ___ed____
      1        0.498      0.500
      2        0.499      0.500
      3        0.498      0.501
      4        0.499      0.502
      5        0.504      0.499
      6        0.502      0.498
* Pair-correlation analysis (ave. no. pairs per config.):
  > Shell  nsite  ___dh____  __eueu___  __eued___
      0      1        0          0          1.037
      1      4        1.070      1.472      3.524
      2      4        0.156      0.838      1.104
      3      4        0.075      0.421      0.556
      4      4        0.232      2.181      1.854
      5      4        0.118      1.088      0.925

Optimization #5:
* Method          : lls
* Target function : energy
* No. of configs. : 50048
* No. of params.  : 16
* Before optimization:
  -7.5584E-01   2.7515E-01  -1.7391E-01  -1.2218E-01  -5.4567E-02  -4.6009E-02
  -5.0896E-03  -1.2457E-01   1.0254E-01   6.2693E-02   2.5018E-01  -9.6349E-02
   9.8969E-02  -9.1586E-02  -5.3002E-02  -8.5048E-02
  > E    =  -2.306997403452E+02 +/-   1.097808242938E-04
  > varE =   6.031699569420E-04
* Computing derivatives.
  Done. [total walltime: 1.06s]
* Optimizing manipulation constant:
  #igrid a___________ E____________________________________ varE____________
     1     Infinity    -2.30699740E+02 +/-   1.09780824E-04   6.03169957E-04
     2     1.0000E+06  -2.30699740E+02 +/-   1.09780824E-04   6.03169955E-04
     3     2.1544E+05  -2.30699740E+02 +/-   1.09780823E-04   6.03169947E-04
     4     4.6416E+04  -2.30699740E+02 +/-   1.09780820E-04   6.03169909E-04
     5     1.0000E+04  -2.30699740E+02 +/-   1.09780804E-04   6.03169735E-04
     6     2.1544E+03  -2.30699740E+02 +/-   1.09780730E-04   6.03168926E-04
     7     4.6416E+02  -2.30699740E+02 +/-   1.09780390E-04   6.03165180E-04
     8     1.0000E+02  -2.30699740E+02 +/-   1.09778825E-04   6.03147985E-04
     9     2.1544E+01  -2.30699741E+02 +/-   1.09771922E-04   6.03072132E-04
    10     4.6416E+00  -2.30699741E+02 +/-   1.09746529E-04   6.02793154E-04
    11     1.0000E+00  -2.30699742E+02 +/-   1.09707494E-04   6.02364429E-04
    12     2.1544E-01  -2.30699740E+02 +/-   1.09862888E-04   6.04072062E-04
    13     4.6416E-02  -2.30699727E+02 +/-   1.10601808E-04   6.12225168E-04
    14     1.0000E-02  -2.30699710E+02 +/-   1.11446473E-04   6.21611994E-04
    15     2.1544E-03  -2.30699703E+02 +/-   1.11792795E-04   6.25481332E-04
    16     4.6416E-04  -2.30699701E+02 +/-   1.11881554E-04   6.26474948E-04
    17     1.0000E-04  -2.30699701E+02 +/-   1.11901452E-04   6.26697796E-04
    18     2.1544E-05  -2.30699701E+02 +/-   1.11905776E-04   6.26746231E-04
    19     4.6416E-06  -2.30699701E+02 +/-   1.11906709E-04   6.26756685E-04
    20     1.0000E-06  -2.30699701E+02 +/-   1.11906910E-04   6.26758939E-04
    21     0.0000E+00  -2.30699701E+02 +/-   1.11906965E-04   6.26759558E-04
* Iteration # 1: E =  -2.306997424088E+02 +/-   1.097074941475E-04
* Convergence: exiting.
* After optimization:
  -7.6518E-01   2.7743E-01  -1.7389E-01  -1.2057E-01  -5.3823E-02  -4.5060E-02
  -6.4760E-03  -1.2676E-01   1.0202E-01   6.2129E-02   2.5100E-01  -9.7976E-02
   9.9388E-02  -9.2260E-02  -5.3275E-02  -8.5871E-02
  > Energy =  -2.306997424088E+02 +/-   1.097074941475E-04
  > varE =   6.023644288513E-04

VMC #6:
* Size of Hilbert space =   4.0000E+02
* Deterministic energy evaluation:
  > Deterministic Etot/t = -230.69964204294808
    - Ttot/t = -10.364026251018970
    - Utot/t = 3.9068760622187719
* Number of equil. steps   = 1000
* Running VMC equilibration.
  Done. [total walltime: 0.01s]
* Equil. acc.ratio (%)     =  40.4188
* Sample config after equilibration:
  +-----+
  |  d  |
  |u   u|
  |d   0|
  |  2  |
  +-----+
* Number of accum. steps   = 500480 x 10
* Running VMC accumulation.
  Done. [total walltime: 1.84s]
* Acceptance ratio (%)     =  40.3881
* Etot/t                   =  -2.306996196574E+02 +/-   3.462254287905E-05
  > Ttot/t                 =  -1.036372527874E+01 +/-   2.945563676286E-04
  > Utot/t                 =   3.906597475505E+00 +/-   2.933663112625E-04
* var[Eloc/t]              =   6.034890152524E-04 +/-   3.630109099242E-06
* Correlation length       =   9.941119198055E-01
* log10 Psi^2 range: -5.4370874935224291 -- -1.9837486035589578
* log10 Pgen range : -5.4370874935224291 -- -1.9837486035589578
* Site occupation (ave. no. electrons per config.):
  > Site_  ___eu____  ___ed____
      1        0.502      0.499
      2        0.497      0.497
      3        0.501      0.501
      4        0.502      0.499
      5        0.496      0.502
      6        0.501      0.501
* Pair-correlation analysis (ave. no. pairs per config.):
  > Shell  nsite  ___dh____  __eueu___  __eued___
      0      1        0          0          1.035
      1      4        1.061      1.488      3.517
      2      4        0.152      0.847      1.106
      3      4        0.075      0.420      0.550
      4      4        0.235      2.162      1.858
      5      4        0.117      1.083      0.935

Optimization #6:
* Method          : lls
* Target function : energy
* No. of configs. : 50048
* No. of params.  : 16
* Before optimization:
  -7.6518E-01   2.7743E-01  -1.7389E-01  -1.2057E-01  -5.3823E-02  -4.5060E-02
  -6.4760E-03  -1.2676E-01   1.0202E-01   6.2129E-02   2.5100E-01  -9.7976E-02
   9.9388E-02  -9.2260E-02  -5.3275E-02  -8.5871E-02
  > E    =  -2.306997939975E+02 +/-   1.109124426420E-04
  > varE =   6.156689719972E-04
* Computing derivatives.
  Done. [total walltime: 1.08s]
* Optimizing manipulation constant:
  #igrid a___________ E____________________________________ varE____________
     1     Infinity    -2.30699794E+02 +/-   1.10912443E-04   6.15668972E-04
     2     1.0000E+06  -2.30699794E+02 +/-   1.10912443E-04   6.15668976E-04
     3     2.1544E+05  -2.30699794E+02 +/-   1.10912444E-04   6.15668990E-04
     4     4.6416E+04  -2.30699794E+02 +/-   1.10912450E-04   6.15669054E-04
     5     1.0000E+04  -2.30699794E+02 +/-   1.10912477E-04   6.15669351E-04
     6     2.1544E+03  -2.30699794E+02 +/-   1.10912601E-04   6.15670731E-04
     7     4.6416E+02  -2.30699794E+02 +/-   1.10913178E-04   6.15677132E-04
     8     1.0000E+02  -2.30699794E+02 +/-   1.10915848E-04   6.15706776E-04
     9     2.1544E+01  -2.30699793E+02 +/-   1.10928084E-04   6.15842629E-04
    10     4.6416E+00  -2.30699792E+02 +/-   1.10980121E-04   6.16420560E-04
    11     1.0000E+00  -2.30699788E+02 +/-   1.11124862E-04   6.18029482E-04
    12     2.1544E-01  -2.30699783E+02 +/-   1.11264991E-04   6.19589151E-04
    13     4.6416E-02  -2.30699779E+02 +/-   1.11334547E-04   6.20364049E-04
    14     1.0000E-02  -2.30699778E+02 +/-   1.11367329E-04   6.20729423E-04
    15     2.1544E-03  -2.30699777E+02 +/-   1.11376893E-04   6.20836051E-04
    16     4.6416E-04  -2.30699777E+02 +/-   1.11379116E-04   6.20860825E-04
    17     1.0000E-04  -2.30699777E+02 +/-   1.11379602E-04   6.20866252E-04
    18     2.1544E-05  -2.30699777E+02 +/-   1.11379708E-04   6.20867426E-04
    19     4.6416E-06  -2.30699777E+02 +/-   1.11379730E-04   6.20867679E-04
    20     1.0000E-06  -2.30699777E+02 +/-   1.11379735E-04   6.20867734E-04
    21     0.0000E+00  -2.30699777E+02 +/-   1.11379737E-04   6.20867749E-04
* Iteration # 1: E =  -2.306997939975E+02 +/-   1.109124426420E-04
* Convergence: exiting.
* After optimization:
  -7.6518E-01   2.7743E-01  -1.7389E-01  -1.2057E-01  -5.3823E-02  -4.5060E-02
  -6.4760E-03  -1.2676E-01   1.0202E-01   6.2129E-02   2.5100E-01  -9.7976E-02
   9.9388E-02  -9.2260E-02  -5.3275E-02  -8.5871E-02
  > Energy =  -2.306997939975E+02 +/-   1.109124426420E-04
  > varE =   6.156689719972E-04

VMC #7:
* Size of Hilbert space =   4.0000E+02
* Deterministic energy evaluation:
  > Deterministic Etot/t = -230.69964204294808
    - Ttot/t = -10.364026251018970
    - Utot/t = 3.9068760622187719
* Number of equil. steps   = 1000
* Running VMC equilibration.
  Done. [total walltime: 0.01s]
* Equil. acc.ratio (%)     =  40.4591
* Sample config after equilibration:
  +-----+
  |  u  |
  |d   d|
  |u   u|
  |  d  |
  +-----+
* Number of accum. steps   = 500480 x 10
* Running VMC accumulation.
  Done. [total walltime: 1.86s]
* Acceptance ratio (%)     =  40.3860
* Etot/t                   =  -2.306996605203E+02 +/-   3.497866629624E-05
  > Ttot/t                 =  -1.036394946781E+01 +/-   2.947660167972E-04
  > Utot/t                 =   3.906780801718E+00 +/-   2.936739751953E-04
* var[Eloc/t]              =   5.953999416503E-04 +/-   2.946145277014E-06
* Correlation length       =   1.028452958260E+00
* log10 Psi^2 range: -6.0133642173874247 -- -1.9855033694507964
* log10 Pgen range : -6.0133642173874247 -- -1.9855033694507964
* Site occupation (ave. no. electrons per config.):
  > Site_  ___eu____  ___ed____
      1        0.494      0.501
      2        0.502      0.500
      3        0.502      0.498
      4        0.499      0.502
      5        0.502      0.499
      6        0.501      0.499
* Pair-correlation analysis (ave. no. pairs per config.):
  > Shell  nsite  ___dh____  __eueu___  __eued___
      0      1        0          0          1.041
      1      4        1.071      1.478      3.516
      2      4        0.157      0.835      1.104
      3      4        0.077      0.423      0.555
      4      4        0.233      2.178      1.859
      5      4        0.117      1.086      0.925

Optimization #7:
* Method          : lls
* Target function : energy
* No. of configs. : 50048
* No. of params.  : 16
* Before optimization:
  -7.6518E-01   2.7743E-01  -1.7389E-01  -1.2057E-01  -5.3823E-02  -4.5060E-02
  -6.4760E-03  -1.2676E-01   1.0202E-01   6.2129E-02   2.5100E-01  -9.7976E-02
   9.9388E-02  -9.2260E-02  -5.3275E-02  -8.5871E-02
  > E    =  -2.306996004935E+02 +/-   1.109469961835E-04
  > varE =   6.160526414333E-04
* Computing derivatives.
  Done. [total walltime: 1.06s]
* Optimizing manipulation constant:
  #igrid a___________ E____________________________________ varE____________
     1     Infinity    -2.30699600E+02 +/-   1.10946996E-04   6.16052641E-04
     2     1.0000E+06  -2.30699600E+02 +/-   1.10946996E-04   6.16052640E-04
     3     2.1544E+05  -2.30699600E+02 +/-   1.10946996E-04   6.16052637E-04
     4     4.6416E+04  -2.30699600E+02 +/-   1.10946994E-04   6.16052620E-04
     5     1.0000E+04  -2.30699600E+02 +/-   1.10946987E-04   6.16052541E-04
     6     2.1544E+03  -2.30699600E+02 +/-   1.10946954E-04   6.16052177E-04
     7     4.6416E+02  -2.30699601E+02 +/-   1.10946803E-04   6.16050493E-04
     8     1.0000E+02  -2.30699601E+02 +/-   1.10946111E-04   6.16042806E-04
     9     2.1544E+01  -2.30699601E+02 +/-   1.10943132E-04   6.16009733E-04
    10     4.6416E+00  -2.30699601E+02 +/-   1.10933150E-04   6.15898886E-04
    11     1.0000E+00  -2.30699603E+02 +/-   1.10921462E-04   6.15769105E-04
    12     2.1544E-01  -2.30699605E+02 +/-   1.10969040E-04   6.16297472E-04
    13     4.6416E-02  -2.30699606E+02 +/-   1.11092227E-04   6.17666531E-04
    14     1.0000E-02  -2.30699606E+02 +/-   1.11166156E-04   6.18488895E-04
    15     2.1544E-03  -2.30699606E+02 +/-   1.11187749E-04   6.18729186E-04
    16     4.6416E-04  -2.30699606E+02 +/-   1.11192749E-04   6.18784838E-04
    17     1.0000E-04  -2.30699606E+02 +/-   1.11193844E-04   6.18797021E-04
    18     2.1544E-05  -2.30699606E+02 +/-   1.11194080E-04   6.18799655E-04
    19     4.6416E-06  -2.30699606E+02 +/-   1.11194131E-04   6.18800222E-04
    20     1.0000E-06  -2.30699606E+02 +/-   1.11194142E-04   6.18800345E-04
    21     0.0000E+00  -2.30699606E+02 +/-   1.11194146E-04   6.18800378E-04
* Iteration # 1: E =  -2.306996058202E+02 +/-   1.110922265116E-04
* Convergence: exiting.
* After optimization:
  -7.6732E-01   2.7756E-01  -1.7256E-01  -1.1993E-01  -5.2531E-02  -4.3975E-02
  -5.5503E-03  -1.2617E-01   1.0115E-01   6.0922E-02   2.5006E-01  -9.8835E-02
   9.8997E-02  -9.3365E-02  -5.5793E-02  -8.5512E-02
  > Energy =  -2.306996058202E+02 +/-   1.110922265116E-04
  > varE =   6.176665307388E-04

VMC #8:
* Size of Hilbert space =   4.0000E+02
* Deterministic energy evaluation:
  > Deterministic Etot/t = -230.69963983290145
    - Ttot/t = -10.363667816451422
    - Utot/t = 3.9065198376978234
* Number of equil. steps   = 1000
* Running VMC equilibration.
  Done. [total walltime: 0.01s]
* Equil. acc.ratio (%)     =  40.4040
* Sample config after equilibration:
  +-----+
  |  u  |
  |d   0|
  |d   2|
  |  u  |
  +-----+
* Number of accum. steps   = 500480 x 10
* Running VMC accumulation.
  Done. [total walltime: 1.85s]
* Acceptance ratio (%)     =  40.3135
* Etot/t                   =  -2.306995544912E+02 +/-   3.495306737127E-05
  > Ttot/t                 =  -1.036340470242E+01 +/-   2.944142710781E-04
  > Utot/t                 =   3.906342065358E+00 +/-   2.921786286911E-04
* var[Eloc/t]              =   6.044788534571E-04 +/-   5.233422671696E-06
* Correlation length       =   1.011524025951E+00
* log10 Psi^2 range: -5.4427981404031929 -- -1.9847429066646005
* log10 Pgen range : -5.4427981404031929 -- -1.9847429066646005
* Site occupation (ave. no. electrons per config.):
  > Site_  ___eu____  ___ed____
      1        0.496      0.503
      2        0.495      0.501
      3        0.502      0.498
      4        0.501      0.502
      5        0.501      0.497
      6        0.505      0.498
* Pair-correlation analysis (ave. no. pairs per config.):
  > Shell  nsite  ___dh____  __eueu___  __eued___
      0      1        0          0          1.030
      1      4        1.063      1.475      3.527
      2      4        0.155      0.840      1.108
      3      4        0.075      0.417      0.553
      4      4        0.226      2.177      1.855
      5      4        0.118      1.090      0.927

Optimization #8:
* Method          : lls
* Target function : energy
* No. of configs. : 50048
* No. of params.  : 16
* Before optimization:
  -7.6732E-01   2.7756E-01  -1.7256E-01  -1.1993E-01  -5.2531E-02  -4.3975E-02
  -5.5503E-03  -1.2617E-01   1.0115E-01   6.0922E-02   2.5006E-01  -9.8835E-02
   9.8997E-02  -9.3365E-02  -5.5793E-02  -8.5512E-02
  > E    =  -2.306995335535E+02 +/-   1.105152615580E-04
  > varE =   6.112674057680E-04
* Computing derivatives.
  Done. [total walltime: 1.07s]
* Optimizing manipulation constant:
  #igrid a___________ E____________________________________ varE____________
     1     Infinity    -2.30699534E+02 +/-   1.10515262E-04   6.11267406E-04
     2     1.0000E+06  -2.30699534E+02 +/-   1.10515262E-04   6.11267408E-04
     3     2.1544E+05  -2.30699534E+02 +/-   1.10515263E-04   6.11267417E-04
     4     4.6416E+04  -2.30699534E+02 +/-   1.10515266E-04   6.11267459E-04
     5     1.0000E+04  -2.30699534E+02 +/-   1.10515284E-04   6.11267655E-04
     6     2.1544E+03  -2.30699534E+02 +/-   1.10515366E-04   6.11268562E-04
     7     4.6416E+02  -2.30699534E+02 +/-   1.10515746E-04   6.11272763E-04
     8     1.0000E+02  -2.30699534E+02 +/-   1.10517487E-04   6.11292030E-04
     9     2.1544E+01  -2.30699534E+02 +/-   1.10525148E-04   6.11376777E-04
    10     4.6416E+00  -2.30699536E+02 +/-   1.10553438E-04   6.11689787E-04
    11     1.0000E+00  -2.30699541E+02 +/-   1.10613731E-04   6.12357169E-04
    12     2.1544E-01  -2.30699545E+02 +/-   1.10662121E-04   6.12893067E-04
    13     4.6416E-02  -2.30699548E+02 +/-   1.10679315E-04   6.13083531E-04
    14     1.0000E-02  -2.30699548E+02 +/-   1.10683765E-04   6.13132832E-04
    15     2.1544E-03  -2.30699548E+02 +/-   1.10684780E-04   6.13144079E-04
    16     4.6416E-04  -2.30699548E+02 +/-   1.10685002E-04   6.13146535E-04
    17     1.0000E-04  -2.30699548E+02 +/-   1.10685050E-04   6.13147066E-04
    18     2.1544E-05  -2.30699548E+02 +/-   1.10685060E-04   6.13147181E-04
    19     4.6416E-06  -2.30699548E+02 +/-   1.10685062E-04   6.13147205E-04
    20     1.0000E-06  -2.30699548E+02 +/-   1.10685063E-04   6.13147211E-04
    21     0.0000E+00  -2.30699548E+02 +/-   1.10685063E-04   6.13147212E-04
* Iteration # 1: E =  -2.306995483299E+02 +/-   1.106850626941E-04
* Diminishing returns: exiting.
* After optimization:
  -7.7698E-01   2.8080E-01  -1.7418E-01  -1.1945E-01  -5.1159E-02  -4.3837E-02
  -8.7482E-03  -1.2714E-01   1.0018E-01   6.1308E-02   2.4739E-01  -9.7825E-02
   9.7383E-02  -9.1618E-02  -5.2886E-02  -8.5226E-02
  > Energy =  -2.306995483299E+02 +/-   1.106850626941E-04
  > varE =   6.131472119691E-04

VMC #9:
* Size of Hilbert space =   4.0000E+02
* Deterministic energy evaluation:
  > Deterministic Etot/t = -230.69964210550964
    - Ttot/t = -10.363950807513868
    - Utot/t = 3.9068005561521177
* Number of equil. steps   = 1000
* Running VMC equilibration.
  Done. [total walltime: 0.01s]
* Equil. acc.ratio (%)     =  40.4754
* Sample config after equilibration:
  +-----+
  |  2  |
  |u   0|
  |d   0|
  |  2  |
  +-----+
* Number of accum. steps   = 500480 x 10
* Running VMC accumulation.
  Done. [total walltime: 1.83s]
* Acceptance ratio (%)     =  40.3750
* Etot/t                   =  -2.306996489337E+02 +/-   3.485231539002E-05
  > Ttot/t                 =  -1.036370980209E+01 +/-   2.904552527938E-04
  > Utot/t                 =   3.906552722547E+00 +/-   2.878014466195E-04
* var[Eloc/t]              =   6.092933571659E-04 +/-   4.004515545105E-06
* Correlation length       =   9.977541772597E-01
* log10 Psi^2 range: -5.4521842476731281 -- -1.9965176615727338
* log10 Pgen range : -5.4521842476731281 -- -1.9965176615727338
* Site occupation (ave. no. electrons per config.):
  > Site_  ___eu____  ___ed____
      1        0.503      0.500
      2        0.497      0.499
      3        0.500      0.501
      4        0.504      0.497
      5        0.498      0.501
      6        0.499      0.502
* Pair-correlation analysis (ave. no. pairs per config.):
  > Shell  nsite  ___dh____  __eueu___  __eued___
      0      1        0          0          1.029
      1      4        1.061      1.479      3.526
      2      4        0.154      0.843      1.107
      3      4        0.075      0.418      0.553
      4      4        0.232      2.172      1.854
      5      4        0.117      1.088      0.932

Optimization #9:
* Method          : lls
* Target function : energy
* No. of configs. : 50048
* No. of params.  : 16
* Before optimization:
  -7.7698E-01   2.8080E-01  -1.7418E-01  -1.1945E-01  -5.1159E-02  -4.3837E-02
  -8.7482E-03  -1.2714E-01   1.0018E-01   6.1308E-02   2.4739E-01  -9.7825E-02
   9.7383E-02  -9.1618E-02  -5.2886E-02  -8.5226E-02
  > E    =  -2.306996269556E+02 +/-   1.093571454234E-04
  > varE =   5.985232940497E-04
* Computing derivatives.
  Done. [total walltime: 1.07s]
* Optimizing manipulation constant:
  #igrid a___________ E____________________________________ varE____________
     1     Infinity    -2.30699627E+02 +/-   1.09357145E-04   5.98523294E-04
     2     1.0000E+06  -2.30699627E+02 +/-   1.09357145E-04   5.98523285E-04
     3     2.1544E+05  -2.30699627E+02 +/-   1.09357142E-04   5.98523252E-04
     4     4.6416E+04  -2.30699627E+02 +/-   1.09357128E-04   5.98523098E-04
     5     1.0000E+04  -2.30699627E+02 +/-   1.09357063E-04   5.98522386E-04
     6     2.1544E+03  -2.30699627E+02 +/-   1.09356761E-04   5.98519083E-04
     7     4.6416E+02  -2.30699627E+02 +/-   1.09355364E-04   5.98503790E-04
     8     1.0000E+02  -2.30699627E+02 +/-   1.09348955E-04   5.98433645E-04
     9     2.1544E+01  -2.30699627E+02 +/-   1.09320765E-04   5.98125135E-04
    10     4.6416E+00  -2.30699627E+02 +/-   1.09216531E-04   5.96985086E-04
    11     1.0000E+00  -2.30699628E+02 +/-   1.08993933E-04   5.94554099E-04
    12     2.1544E-01  -2.30699627E+02 +/-   1.08826965E-04   5.92733891E-04
    13     4.6416E-02  -2.30699627E+02 +/-   1.08787776E-04   5.92307077E-04
    14     1.0000E-02  -2.30699627E+02 +/-   1.08783624E-04   5.92261867E-04
    15     2.1544E-03  -2.30699627E+02 +/-   1.08783243E-04   5.92257722E-04
    16     4.6416E-04  -2.30699628E+02 +/-   1.08783192E-04   5.92257167E-04
    17     1.0000E-04  -2.30699628E+02 +/-   1.08783183E-04   5.92257064E-04
    18     2.1544E-05  -2.30699628E+02 +/-   1.08783181E-04   5.92257043E-04
    19     4.6416E-06  -2.30699628E+02 +/-   1.08783180E-04   5.92257038E-04
    20     1.0000E-06  -2.30699628E+02 +/-   1.08783180E-04   5.92257037E-04
    21     0.0000E+00  -2.30699628E+02 +/-   1.08783180E-04   5.92257037E-04
* Iteration # 1: E =  -2.306996275028E+02 +/-   1.087831802756E-04
* Convergence: exiting.
* After optimization:
  -7.7794E-01   2.8034E-01  -1.7364E-01  -1.1583E-01  -5.2006E-02  -4.2648E-02
  -8.2984E-03  -1.2886E-01   1.0123E-01   6.0737E-02   2.5347E-01  -1.0641E-01
   1.0051E-01  -9.4345E-02  -5.3563E-02  -8.8910E-02
  > Energy =  -2.306996275028E+02 +/-   1.087831802756E-04
  > varE =   5.922570369991E-04

VMC #10:
* Size of Hilbert space =   4.0000E+02
* Deterministic energy evaluation:
  > Deterministic Etot/t = -230.69964014783906
    - Ttot/t = -10.363791990981875
    - Utot/t = 3.9066436972907224
* Number of equil. steps   = 1000
* Running VMC equilibration.
  Done. [total walltime: 0.01s]
* Equil. acc.ratio (%)     =  40.2702
* Sample config after equilibration:
  +-----+
  |  u  |
  |d   u|
  |d   2|
  |  0  |
  +-----+
* Number of accum. steps   = 500480 x 10
* Running VMC accumulation.
  Done. [total walltime: 1.84s]
* Acceptance ratio (%)     =  40.2853
* Etot/t                   =  -2.306996087858E+02 +/-   3.662390378482E-05
  > Ttot/t                 =  -1.036344891378E+01 +/-   2.963824721915E-04
  > Utot/t                 =   3.906331982147E+00 +/-   2.937039592552E-04
* var[Eloc/t]              =   6.688726615770E-04 +/-   7.124128242018E-05
* Correlation length       =   1.003627494051E+00
* log10 Psi^2 range: -6.0309292860982717 -- -1.9997659937255274
* log10 Pgen range : -6.0309292860982717 -- -1.9997659937255274
* Site occupation (ave. no. electrons per config.):
  > Site_  ___eu____  ___ed____
      1        0.500      0.503
      2        0.501      0.500
      3        0.499      0.499
      4        0.501      0.500
      5        0.499      0.498
      6        0.502      0.500
* Pair-correlation analysis (ave. no. pairs per config.):
  > Shell  nsite  ___dh____  __eueu___  __eued___
      0      1        0          0          1.035
      1      4        1.066      1.481      3.518
      2      4        0.152      0.843      1.107
      3      4        0.075      0.423      0.553
      4      4        0.233      2.168      1.861
      5      4        0.119      1.084      0.927

VDAGGER finished.
Total VDAGGER walltime: 1m3s

Run ended: Fri Sep 26 18:45:40 CEST 2025
