Run started: Thu Oct  2 04:09:12 CEST 2025
Using VDAGGER_ARCH = gnu7_fkfamd_cluster
Running 1x128 MPI processes.

                               xx
                              +##
                               #X
                               Xx
                          X##XxXxxX##x
                           +   Xx  ++
                               ##
                              +##
                              +##
     ++++         ++          +##
   xX+++##+      ####         +##
  Xx    ###      +X##          ##
 xX    X##+        ##          #X
 +    x##X         #x          #X
      ###         +#           x+
     X##+         #+
     ###         Xx                    _______
     ##X       +X+   __________________VDAGGER
     +##x    +xX     2nd quantized variational
       +xxxxx+       ______quantum Monte Carlo

* Running 128 MPI processes.
* Input file: "input.casl"

############# Start of input file dump #############
General:
  Random seed: timer

Plan:
  VMC-optimization:
    Minimum cycles: 7
    Convergence cycles: 3

System:
  Read Hamiltonian: FCIDUMP_loc_naphthalene
  Read orbitals: LTSC_naphthalene
  Complex orbitals: F
  Site kinds: [ 1, 2, 3, 1, 3, 3, 2, 3, 2, 2 ]
  Geometry:
    r_1: [ 0.00000000000000, 1.34347620379600 ]
    r_4: [ 0.00000000000000, -1.34347620379600 ]
    r_3: [ 2.34629842880300, 2.63976101399600 ]
    r_5: [ -2.34629842880300, -2.63976101399600 ]
    r_6: [ -2.34629842880300, 2.63976101399600 ]
    r_8: [ 2.34629842880300, -2.63976101399600 ]
    r_9: [ 4.58120036880600, 1.33647725770700 ]
    r_2: [ -4.58120036880600, -1.33647725770700 ]
    r_7: [ -4.58120036880600, 1.33647725770700 ]
    r_10: [ 4.58120036880600, -1.33647725770700 ]
    Tolerance: 0.05

VMC:
  nstep: 1000000
  nconfig: 500000

Optimization:
  max_niter: 1

Jastrow: wfn.casl

Backflow: wfn.casl

Multideterminants: wfn.casl
############## End of input file dump ##############

General setup:
* Random seed: 1171418341 (from timer)

* Loaded integrals for system with nelec=10, ms2=0, norb=10
* INFO: setting number of electrons from integrals file.
* Analysis of Hamiltonian connecitivity performed:
  - T_ii (local, 1-site): 10 (i) values
  - U_iiii [opp] (local, 1-site): 10 (i) values
  - U_kkii [opp] (local, 2-site): 90 contribs. from 10 (i) values
  - U_kkii [par] (local, 2-site): 45 contribs. from 9 (i) values
  - T_ji (single, 2-site): 90 contribs. from 10 (i) values
  - U_kkji [opp] (single, 2/3-site): 900 contribs. from 90 (i,j) pairs
  - U_kkji [par] (single, 3-site): 810 contribs. from 90 (i,j) pairs
  - U_lkji [opp] (double, 2/3/4-site): 8100 contribs. from 90 (i,j) pairs
  - U_lkji [par] (double, 4-site): 1740 contribs. from 72 (i,j) pairs
  - Max. no. wfn. ratios in Eloc: 1467
* Reading override orbitals from file "LTSC_naphthalene".
* Site labels:
  +--------------+
  |    6     3   |
  | 7     1     9|
  | 2     4    10|
  |    5     8   |
  +--------------+
* Read-in Site kinds:
  [ 1, 2, 3, 1, 3, 3, 2, 3, 2, 2 ]
  +---------+
  |  3   3  |
  |2   1   2|
  |2   1   2|
  |  3   3  |
  +---------+
* Maximum Site kind: 3
* Number of site-pair kinds with Tij=0: 0
* Automatically set Site pair kinds:
  Site 1: [ 0, -7, -4, 3, -8, -4, -9, 8, 9, -7 ]
  Site 2: [ -7, 0, 12, -9, 1, 10, 2, 14, 16, -15 ]
  Site 3: [ -4, 12, 0, -8, -11, 5, -13, -6, -1, 10 ]
  Site 4: [ 3, -9, -8, 0, -4, -8, -7, 4, 7, -9 ]
  Site 5: [ -8, 1, -11, -4, 0, 6, 10, -5, -12, -14 ]
  Site 6: [ -4, 10, 5, -8, 6, 0, 1, 11, 14, 12 ]
  Site 7: [ -9, 2, -13, -7, 10, 1, 0, -12, 15, -16 ]
  Site 8: [ 8, 14, -6, 4, -5, 11, -12, 0, 10, -1 ]
  Site 9: [ 9, 16, -1, 7, -12, 14, 15, 10, 0, -2 ]
  Site 10: [ -7, -15, 10, -9, -14, 12, -16, -1, -2, 0 ]
  For site 1 of kind 1:
  +--------------+
  |   -4    -4   |
  |-9     0     9|
  |-7     3    -7|
  |   -8     8   |
  +--------------+
  For site 2 of kind 2:
  +-------------------+
  |     10      12    |
  |  2      -7      16|
  |  0      -9     -15|
  |      1      14    |
  +-------------------+
  For site 3 of kind 3:
  +-------------------+
  |      5       0    |
  |-13      -4      -1|
  | 12      -8      10|
  |    -11      -6    |
  +-------------------+
* Maximum (unsigned) Site pair kind: 16
General system setup:
* Number of sites       : 10
* Number of electrons   : 10
* Spin imbalance MS2    : 0
* Filling               : 0.500000
* Number of orbitals in pool: 10
* Using real-valued orbitals
* Using double-precision arithmetic for orbitals

Trial wave function setup:
* Jastrow parameter file: "wfn.casl"
* Multideterminant parameter file: "wfn.casl"
* Backflow parameter file: "wfn.casl"
* Not using wave function manipulation

VMC #1:
* Size of Hilbert space =   6.3504E+04
* Deterministic energy evaluation:
  > Deterministic Etot/t = -383.32426846989250
    - Ttot/t = -23.292457280742894
    - Utot/t = 9.4825344880207947
* Number of equil. steps   = 1000
* Running VMC equilibration.
  Done. [total walltime: 0.06s]
* Equil. acc.ratio (%)     =  18.2759
* Sample config after equilibration:
  +---------+
  |  0   u  |
  |d   2   d|
  |u   u   0|
  |  d   2  |
  +---------+
* Number of accum. steps   = 1000192 x 10
* Running VMC accumulation.
  Done. [total walltime: 54.3s]
* Acceptance ratio (%)     =  18.2070
* Etot/t                   =  -3.833240740819E+02 +/-   1.027673043518E-04
  > Ttot/t                 =  -2.329152137585E+01 +/-   3.934845299287E-04
  > Utot/t                 =   9.481792971160E+00 +/-   3.571914551990E-04
* var[Eloc/t]              =   1.064047187238E-02 +/-   1.330989595936E-04
* Correlation length       =   9.927329074537E-01
* log10 Psi^2 range: -18.512103175637808 -- -11.526024020538333
* log10 Pgen range : -18.512103175637808 -- -11.526024020538333
* Site occupation (ave. no. electrons per config.):
  > Site_  ___eu____  ___ed____
      1        0.496      0.497
      2        0.502      0.503
      3        0.500      0.500
      4        0.496      0.496
      5        0.500      0.499
      6        0.500      0.500
      7        0.501      0.502
      8        0.501      0.499
      9        0.502      0.502
     10        0.501      0.502
* Pair-correlation analysis (ave. no. pairs per config.):
  > Shell  nsite  ___dh____  __eueu___  __eued___
      0      1        0          0          1.562
      1      1        0.712      0.830      2.497
      2      1        0.260      0.580      1.205
      3      1        0.131      0.306      0.571
      4      1        0.521      1.271      2.246
      5      1        0.103      1.077      0.899
      6      1        0.111      0.809      1.164
      7      1        0.229      1.745      2.218
      8      1        0.206      2.143      1.838
      9      1        0.219      2.167      1.810
     10      1        0.187      2.207      1.816
     11      1        0.091      0.896      1.111
     12      1        0.194      2.133      1.868
     13      1        0.048      0.460      0.541
     14      1        0.142      1.386      1.623
     15      1        0.101      1.066      0.937
     16      1        0.094      0.923      1.095

Optimization #1:
* Method          : lls
* Target function : energy
* No. of configs. : 500096
* No. of params.  : 123
* Before optimization:
   2.7064E+00   2.6919E+00   2.8667E+00   8.5635E-01   8.1190E-01   9.5111E-01
  -6.8787E+00  -3.1248E+00  -3.1343E+00   2.1200E-01   2.9044E-01  -3.3911E+00
  -3.3865E+00  -3.4369E+00  -3.4368E+00  -3.2794E+00  -3.2848E+00   5.3548E-01
   5.2661E-01  -6.0909E-03   1.3619E-02   1.3453E-02   6.9976E-02   7.0925E-02
   6.9717E-02   7.0705E-02  -1.6642E-01  -7.7371E-01  -5.4942E-01  -4.3308E-01
   3.6526E+01  -2.9646E+01   1.8398E+01  -1.5315E+01   5.0877E-01  -7.1246E-01
   4.1593E-01  -7.1192E-01   1.8228E+01  -1.4847E+01   1.8559E+01  -1.5116E+01
   1.8211E+01  -1.4897E+01   6.8896E-03  -5.1176E-01   5.9529E-01  -5.9105E-01
   2.9105E-01  -3.0242E-01   2.6437E-01  -3.4023E-01   2.6472E-01  -3.3971E-01
  -1.4553E-01  -1.2998E-01   1.0023E+00   1.0098E+00   9.2380E-01  -8.9059E-02
  -1.2919E-01  -1.9635E-01  -1.6015E-01   3.8040E-02  -8.5158E-02  -6.7298E-02
   4.4344E-02   7.3869E-02   8.2904E-02  -1.7731E-02  -2.0452E-02   1.1895E-02
   1.1750E-02   2.3570E-02  -9.8124E-03   2.0752E-01   1.5267E-01   2.7509E-02
   5.4443E-02   5.5118E-02  -8.9062E-02  -7.0040E-02   2.7928E-02   2.8805E-02
   3.4752E-02  -2.0749E-02  -2.6093E-02   4.0042E-02   3.9486E-02   3.4822E-02
  -4.7540E-02  -7.3535E-02  -1.3684E-01  -1.8797E-01  -1.6206E-01   3.2406E-03
  -7.1347E-02  -4.7422E-02   3.1989E-02   5.6925E-02   3.4287E-02  -9.9585E-03
  -1.2725E-02   7.8541E-03   6.6376E-03   1.0876E-02  -6.4135E-03   1.1356E-01
   8.2270E-02   5.3548E-03   5.5260E-03   2.9005E-02  -8.8954E-02  -5.8076E-02
   1.8843E-02   1.7255E-02  -4.0947E-03  -1.4802E-02  -2.2373E-02   3.4073E-02
   3.4199E-02   2.1097E-02  -4.6076E-02
  > E    =  -3.833241093978E+02 +/-   1.456036504334E-04
  > varE =   1.060224675037E-02
* Computing derivatives.
    [walltime: 1m1s elapsed, 46m33s remaining]
  Done. [total walltime: 47m18s]
* Optimizing manipulation constant:
  #igrid a___________ E____________________________________ varE____________
     1     Infinity    -3.83324109E+02 +/-   1.45603650E-04   1.06022468E-02
     2     1.0000E+06  -3.83324109E+02 +/-   1.45603588E-04   1.06022377E-02
     3     2.1544E+05  -3.83324109E+02 +/-   1.45603362E-04   1.06022048E-02
     4     4.6416E+04  -3.83324110E+02 +/-   1.45602313E-04   1.06020519E-02
     5     1.0000E+04  -3.83324111E+02 +/-   1.45597441E-04   1.06013425E-02
     6     2.1544E+03  -3.83324119E+02 +/-   1.45574854E-04   1.05980535E-02
     7     4.6416E+02  -3.83324153E+02 +/-   1.45470479E-04   1.05828616E-02
     8     1.0000E+02  -3.83324306E+02 +/-   1.44995872E-04   1.05139197E-02
     9     2.1544E+01  -3.83324951E+02 +/-   1.42987224E-04   1.02246359E-02
    10     4.6416E+00  -3.83326939E+02 +/-   1.36861617E-04   9.36734929E-03
    11     1.0000E+00  -3.83330037E+02 +/-   1.33827997E-04   8.95668577E-03
    12     2.1544E-01  -3.83342964E+02 +/-   8.54338401E-05   3.65017122E-03
    13     4.6416E-02  -3.82152425E+02 +/-   9.88547271E-04   4.88706667E-01
    14     1.0000E-02  -3.82157643E+02 +/-   9.31877156E-04   4.34280883E-01
    15     2.1544E-03  -3.82159047E+02 +/-   9.15359809E-04   4.19022227E-01
    16     4.6416E-04  -3.82159379E+02 +/-   9.11395524E-04   4.15400642E-01
    17     1.0000E-04  -3.82159452E+02 +/-   9.10520139E-04   4.14603051E-01
    18     2.1544E-05  -3.82159468E+02 +/-   9.10330530E-04   4.14430392E-01
    19     4.6416E-06  -3.82159471E+02 +/-   9.10289632E-04   4.14393156E-01
    20     1.0000E-06  -3.82159472E+02 +/-   9.10280819E-04   4.14385131E-01
    21     0.0000E+00  -3.82159472E+02 +/-   9.10278400E-04   4.14382929E-01
  ParMin   4.5650E-01  -3.83335068E+02 +/-   1.21325691E-04   7.36137472E-03
  # Using grid point #12
* Iteration # 1: E =  -3.833429638571E+02 +/-   8.543384010564E-05
* Reached maximum number of iterations: exiting.
* After optimization:
   3.3401E+00   3.1978E+00   3.3069E+00   9.5966E-01   9.1432E-01   9.2483E-01
  -8.2083E+00  -3.6800E+00  -3.6683E+00   4.7880E-01   5.8361E-01  -4.0641E+00
  -4.0579E+00  -3.9542E+00  -3.9509E+00  -3.9721E+00  -3.9683E+00   6.7065E-01
   6.6301E-01   2.9347E-01   1.6117E-01   1.5924E-01   2.0307E-01   2.0456E-01
   2.0303E-01   2.0423E-01  -8.4479E-01  -1.4862E-01  -5.1848E-01  -4.2716E-01
   4.3199E+01  -3.5003E+01   2.1031E+01  -1.7384E+01  -9.3475E-01   4.6244E-01
  -1.0195E+00   4.2974E-01   2.1572E+01  -1.7519E+01   2.1182E+01  -1.7218E+01
   2.1556E+01  -1.7562E+01  -7.0292E-01   5.7335E-02  -8.5256E-01   5.5170E-01
  -4.3043E-01   2.7567E-01  -4.5507E-01   2.4630E-01  -4.5494E-01   2.4698E-01
  -7.7094E-02  -5.7050E-02   1.1177E+00   1.1825E+00   1.1119E+00  -1.7153E-01
  -2.1631E-01  -2.3112E-01  -2.1438E-01   4.9287E-02  -9.7294E-02  -7.5416E-02
   5.6646E-02   9.2179E-02   1.0748E-01  -6.4114E-03  -2.3977E-02   1.1393E-02
   1.0803E-02   4.0789E-02   1.7952E-03   1.8325E-01   1.2842E-01   1.4586E-02
   3.0581E-02   5.8537E-02  -9.2344E-02  -7.1987E-02   2.9212E-02   3.3963E-02
   4.5690E-02  -1.9064E-02  -2.7783E-02   4.4624E-02   4.3559E-02   4.1224E-02
  -3.2280E-02  -1.0393E-01  -1.5992E-01  -1.7956E-01  -1.7617E-01   1.2069E-02
  -7.8797E-02  -5.5726E-02   3.6008E-02   6.5100E-02   3.3070E-02  -7.5493E-03
  -7.9384E-03   5.3956E-03   4.6334E-03   1.5452E-02  -1.1396E-02   8.5373E-02
   5.4294E-02  -6.9051E-03  -5.6750E-03   2.7042E-02  -8.5606E-02  -6.1595E-02
   1.4880E-02   2.3876E-02  -3.6834E-03  -1.5827E-02  -1.3741E-02   3.3030E-02
   3.2806E-02   1.1936E-02  -4.0370E-02
  > Energy =  -3.833429638571E+02 +/-   8.543384010564E-05
  > varE =   3.650171215938E-03

VMC #2:
* Size of Hilbert space =   6.3504E+04
* Deterministic energy evaluation:
  > Deterministic Etot/t = -383.34316477132677
    - Ttot/t = -23.322436177327990
    - Utot/t = 9.4936170831715554
* Number of equil. steps   = 1000
* Running VMC equilibration.
  Done. [total walltime: 0.06s]
* Equil. acc.ratio (%)     =  14.9303
* Sample config after equilibration:
  +---------+
  |  2   d  |
  |u   d   u|
  |d   u   u|
  |  0   d  |
  +---------+
* Number of accum. steps   = 1000192 x 10
* Running VMC accumulation.
  Done. [total walltime: 54.2s]
* Acceptance ratio (%)     =  14.9182
* Etot/t                   =  -3.833432464458E+02 +/-   6.390247701055E-05
  > Ttot/t                 =  -2.332301414757E+01 +/-   4.080264679439E-04
  > Utot/t                 =   9.494113379028E+00 +/-   3.718811574065E-04
* var[Eloc/t]              =   3.731839878993E-03 +/-   5.944556291345E-05
* Correlation length       =   1.094449584554E+00
* log10 Psi^2 range: -18.812463002846954 -- -11.116857924421092
* log10 Pgen range : -18.812463002846954 -- -11.116857924421092
* Site occupation (ave. no. electrons per config.):
  > Site_  ___eu____  ___ed____
      1        0.502      0.501
      2        0.503      0.503
      3        0.496      0.497
      4        0.501      0.502
      5        0.497      0.495
      6        0.496      0.497
      7        0.503      0.502
      8        0.496      0.497
      9        0.503      0.503
     10        0.504      0.502
* Pair-correlation analysis (ave. no. pairs per config.):
  > Shell  nsite  ___dh____  __eueu___  __eued___
      0      1        0          0          1.592
      1      1        0.732      0.737      2.549
      2      1        0.256      0.620      1.175
      3      1        0.149      0.304      0.576
      4      1        0.516      1.309      2.234
      5      1        0.101      1.040      0.918
      6      1        0.118      0.810      1.127
      7      1        0.253      1.790      2.195
      8      1        0.216      2.139      1.861
      9      1        0.224      2.177      1.867
     10      1        0.194      2.188      1.815
     11      1        0.092      0.929      1.047
     12      1        0.194      2.088      1.900
     13      1        0.050      0.467      0.528
     14      1        0.148      1.403      1.585
     15      1        0.099      1.056      0.961
     16      1        0.101      0.944      1.070

Optimization #2:
* Method          : lls
* Target function : energy
* No. of configs. : 500096
* No. of params.  : 123
* Before optimization:
   3.3401E+00   3.1978E+00   3.3069E+00   9.5966E-01   9.1432E-01   9.2483E-01
  -8.2083E+00  -3.6800E+00  -3.6683E+00   4.7880E-01   5.8361E-01  -4.0641E+00
  -4.0579E+00  -3.9542E+00  -3.9509E+00  -3.9721E+00  -3.9683E+00   6.7065E-01
   6.6301E-01   2.9347E-01   1.6117E-01   1.5924E-01   2.0307E-01   2.0456E-01
   2.0303E-01   2.0423E-01  -8.4479E-01  -1.4862E-01  -5.1848E-01  -4.2716E-01
   4.3199E+01  -3.5003E+01   2.1031E+01  -1.7384E+01  -9.3475E-01   4.6244E-01
  -1.0195E+00   4.2974E-01   2.1572E+01  -1.7519E+01   2.1182E+01  -1.7218E+01
   2.1556E+01  -1.7562E+01  -7.0292E-01   5.7335E-02  -8.5256E-01   5.5170E-01
  -4.3043E-01   2.7567E-01  -4.5507E-01   2.4630E-01  -4.5494E-01   2.4698E-01
  -7.7094E-02  -5.7050E-02   1.1177E+00   1.1825E+00   1.1119E+00  -1.7153E-01
  -2.1631E-01  -2.3112E-01  -2.1438E-01   4.9287E-02  -9.7294E-02  -7.5416E-02
   5.6646E-02   9.2179E-02   1.0748E-01  -6.4114E-03  -2.3977E-02   1.1393E-02
   1.0803E-02   4.0789E-02   1.7952E-03   1.8325E-01   1.2842E-01   1.4586E-02
   3.0581E-02   5.8537E-02  -9.2344E-02  -7.1987E-02   2.9212E-02   3.3963E-02
   4.5690E-02  -1.9064E-02  -2.7783E-02   4.4624E-02   4.3559E-02   4.1224E-02
  -3.2280E-02  -1.0393E-01  -1.5992E-01  -1.7956E-01  -1.7617E-01   1.2069E-02
  -7.8797E-02  -5.5726E-02   3.6008E-02   6.5100E-02   3.3070E-02  -7.5493E-03
  -7.9384E-03   5.3956E-03   4.6334E-03   1.5452E-02  -1.1396E-02   8.5373E-02
   5.4294E-02  -6.9051E-03  -5.6750E-03   2.7042E-02  -8.5606E-02  -6.1595E-02
   1.4880E-02   2.3876E-02  -3.6834E-03  -1.5827E-02  -1.3741E-02   3.3030E-02
   3.2806E-02   1.1936E-02  -4.0370E-02
  > E    =  -3.833432684087E+02 +/-   8.576045743659E-05
  > varE =   3.678134096048E-03
* Computing derivatives.
    [walltime: 1m elapsed, 46m5s remaining]
  Done. [total walltime: 47m11s]
* Optimizing manipulation constant:
  #igrid a___________ E____________________________________ varE____________
     1     Infinity    -3.83343268E+02 +/-   8.57604574E-05   3.67813410E-03
     2     1.0000E+06  -3.83343268E+02 +/-   8.57604123E-05   3.67813022E-03
     3     2.1544E+05  -3.83343268E+02 +/-   8.57602480E-05   3.67811613E-03
     4     4.6416E+04  -3.83343269E+02 +/-   8.57594853E-05   3.67805071E-03
     5     1.0000E+04  -3.83343269E+02 +/-   8.57559496E-05   3.67774744E-03
     6     2.1544E+03  -3.83343271E+02 +/-   8.57396260E-05   3.67634746E-03
     7     4.6416E+02  -3.83343282E+02 +/-   8.56657339E-05   3.67001349E-03
     8     1.0000E+02  -3.83343325E+02 +/-   8.53619200E-05   3.64402821E-03
     9     2.1544E+01  -3.83343435E+02 +/-   8.46869656E-05   3.58662958E-03
    10     4.6416E+00  -3.83342818E+02 +/-   9.06750944E-05   4.11177569E-03
    11     1.0000E+00  -3.83341426E+02 +/-   1.03859490E-04   5.39443231E-03
    12     2.1544E-01  -3.83205609E+02 +/-   4.69351054E-04   1.10166354E-01
    13     4.6416E-02  -3.80443746E+02 +/-   1.25974599E-05   7.93632329E-05
    14     1.0000E-02  -3.80443792E+02 +/-   1.25170274E-05   7.83530278E-05
    15     2.1544E-03  -3.80443808E+02 +/-   1.24874739E-05   7.79834723E-05
    16     4.6416E-04  -3.80443812E+02 +/-   1.24805350E-05   7.78968307E-05
    17     1.0000E-04  -3.80443813E+02 +/-   1.24790136E-05   7.78778395E-05
    18     2.1544E-05  -3.80443813E+02 +/-   1.24786846E-05   7.78737330E-05
    19     4.6416E-06  -3.80443813E+02 +/-   1.24786136E-05   7.78728476E-05
    20     1.0000E-06  -3.80443813E+02 +/-   1.24785983E-05   7.78726568E-05
    21     0.0000E+00  -3.80443813E+02 +/-   1.24785941E-05   7.78726044E-05
  ParMin   3.6875E+01  -3.83343394E+02 +/-   8.49051075E-05   3.60513069E-03
  # Using grid point #9
* Iteration # 1: E =  -3.833434346510E+02 +/-   8.468696564265E-05
* Reached maximum number of iterations: exiting.
* After optimization:
   3.1920E+00   3.0386E+00   3.1565E+00   9.9489E-01   9.4768E-01   9.2422E-01
  -8.2594E+00  -3.6724E+00  -3.6602E+00   5.4738E-01   6.5297E-01  -4.0902E+00
  -4.0837E+00  -3.9455E+00  -3.9421E+00  -3.9984E+00  -3.9940E+00   7.0516E-01
   6.9729E-01   3.6281E-01   1.9587E-01   1.9377E-01   2.3761E-01   2.3896E-01
   2.3754E-01   2.3862E-01  -1.0179E+00  -1.1464E-02  -5.1784E-01  -4.2832E-01
   4.3460E+01  -3.5213E+01   2.0990E+01  -1.7351E+01  -1.2778E+00   7.3724E-01
  -1.3630E+00   7.0345E-01   2.1702E+01  -1.7624E+01   2.1141E+01  -1.7185E+01
   2.1687E+01  -1.7666E+01  -8.7380E-01   1.9443E-01  -1.1958E+00   8.2578E-01
  -6.0205E-01   4.1275E-01  -6.2683E-01   3.8351E-01  -6.2664E-01   3.8417E-01
  -7.7085E-02  -5.6922E-02   1.1537E+00   1.2258E+00   1.1491E+00  -1.8038E-01
  -2.2875E-01  -2.3885E-01  -2.2135E-01   5.0962E-02  -1.0127E-01  -7.8217E-02
   5.9028E-02   9.5959E-02   1.1157E-01  -4.9182E-03  -2.4190E-02   1.1328E-02
   1.0666E-02   4.2412E-02   3.3625E-03   1.8602E-01   1.2907E-01   1.3899E-02
   3.0788E-02   6.0382E-02  -9.5143E-02  -7.3812E-02   3.0150E-02   3.5689E-02
   4.7958E-02  -1.9331E-02  -2.9245E-02   4.4896E-02   4.3831E-02   4.3576E-02
  -3.2879E-02  -1.0393E-01  -1.6083E-01  -1.7969E-01  -1.7542E-01   1.1655E-02
  -7.9639E-02  -5.6513E-02   3.6302E-02   6.5206E-02   3.3167E-02  -6.8046E-03
  -7.0876E-03   5.2989E-03   4.5770E-03   1.5283E-02  -1.1210E-02   8.3812E-02
   5.1926E-02  -7.9854E-03  -6.4667E-03   2.6570E-02  -8.5607E-02  -6.1542E-02
   1.4712E-02   2.4103E-02  -3.1260E-03  -1.6179E-02  -1.3778E-02   3.2311E-02
   3.2080E-02   1.2443E-02  -4.0884E-02
  > Energy =  -3.833434346510E+02 +/-   8.468696564265E-05
  > varE =   3.586629575566E-03

VMC #3:
* Size of Hilbert space =   6.3504E+04
* Deterministic energy evaluation:
  > Deterministic Etot/t = -383.34333195919061
    - Ttot/t = -23.322943200131327
    - Utot/t = 9.4939569181110759
* Number of equil. steps   = 1000
* Running VMC equilibration.
  Done. [total walltime: 0.06s]
* Equil. acc.ratio (%)     =  14.4309
* Sample config after equilibration:
  +---------+
  |  d   0  |
  |u   d   u|
  |u   2   2|
  |  0   d  |
  +---------+
* Number of accum. steps   = 1000192 x 10
* Running VMC accumulation.
  Done. [total walltime: 53.6s]
* Acceptance ratio (%)     =  14.3805
* Etot/t                   =  -3.833432504819E+02 +/-   6.482638262773E-05
  > Ttot/t                 =  -2.332273845834E+01 +/-   4.179172638357E-04
  > Utot/t                 =   9.493833653781E+00 +/-   3.802242277250E-04
* var[Eloc/t]              =   3.602436029763E-03 +/-   1.984372649333E-05
* Correlation length       =   1.166784565269E+00
* log10 Psi^2 range: -18.063429612457320 -- -11.104472177845162
* log10 Pgen range : -18.063429612457320 -- -11.104472177845162
* Site occupation (ave. no. electrons per config.):
  > Site_  ___eu____  ___ed____
      1        0.500      0.501
      2        0.504      0.501
      3        0.496      0.497
      4        0.502      0.502
      5        0.496      0.497
      6        0.497      0.496
      7        0.502      0.504
      8        0.495      0.497
      9        0.503      0.503
     10        0.505      0.502
* Pair-correlation analysis (ave. no. pairs per config.):
  > Shell  nsite  ___dh____  __eueu___  __eued___
      0      1        0          0          1.589
      1      1        0.731      0.737      2.549
      2      1        0.256      0.621      1.176
      3      1        0.146      0.304      0.576
      4      1        0.513      1.308      2.236
      5      1        0.102      1.041      0.916
      6      1        0.118      0.809      1.127
      7      1        0.252      1.789      2.197
      8      1        0.216      2.138      1.857
      9      1        0.224      2.176      1.865
     10      1        0.194      2.189      1.815
     11      1        0.092      0.928      1.049
     12      1        0.195      2.088      1.898
     13      1        0.049      0.468      0.529
     14      1        0.148      1.400      1.587
     15      1        0.100      1.056      0.961
     16      1        0.100      0.947      1.071

Optimization #3:
* Method          : lls
* Target function : energy
* No. of configs. : 500096
* No. of params.  : 123
* Before optimization:
   3.1920E+00   3.0386E+00   3.1565E+00   9.9489E-01   9.4768E-01   9.2422E-01
  -8.2594E+00  -3.6724E+00  -3.6602E+00   5.4738E-01   6.5297E-01  -4.0902E+00
  -4.0837E+00  -3.9455E+00  -3.9421E+00  -3.9984E+00  -3.9940E+00   7.0516E-01
   6.9729E-01   3.6281E-01   1.9587E-01   1.9377E-01   2.3761E-01   2.3896E-01
   2.3754E-01   2.3862E-01  -1.0179E+00  -1.1464E-02  -5.1784E-01  -4.2832E-01
   4.3460E+01  -3.5213E+01   2.0990E+01  -1.7351E+01  -1.2778E+00   7.3724E-01
  -1.3630E+00   7.0345E-01   2.1702E+01  -1.7624E+01   2.1141E+01  -1.7185E+01
   2.1687E+01  -1.7666E+01  -8.7380E-01   1.9443E-01  -1.1958E+00   8.2578E-01
  -6.0205E-01   4.1275E-01  -6.2683E-01   3.8351E-01  -6.2664E-01   3.8417E-01
  -7.7085E-02  -5.6922E-02   1.1537E+00   1.2258E+00   1.1491E+00  -1.8038E-01
  -2.2875E-01  -2.3885E-01  -2.2135E-01   5.0962E-02  -1.0127E-01  -7.8217E-02
   5.9028E-02   9.5959E-02   1.1157E-01  -4.9182E-03  -2.4190E-02   1.1328E-02
   1.0666E-02   4.2412E-02   3.3625E-03   1.8602E-01   1.2907E-01   1.3899E-02
   3.0788E-02   6.0382E-02  -9.5143E-02  -7.3812E-02   3.0150E-02   3.5689E-02
   4.7958E-02  -1.9331E-02  -2.9245E-02   4.4896E-02   4.3831E-02   4.3576E-02
  -3.2879E-02  -1.0393E-01  -1.6083E-01  -1.7969E-01  -1.7542E-01   1.1655E-02
  -7.9639E-02  -5.6513E-02   3.6302E-02   6.5206E-02   3.3167E-02  -6.8046E-03
  -7.0876E-03   5.2989E-03   4.5770E-03   1.5283E-02  -1.1210E-02   8.3812E-02
   5.1926E-02  -7.9854E-03  -6.4667E-03   2.6570E-02  -8.5607E-02  -6.1542E-02
   1.4712E-02   2.4103E-02  -3.1260E-03  -1.6179E-02  -1.3778E-02   3.2311E-02
   3.2080E-02   1.2443E-02  -4.0884E-02
  > E    =  -3.833431914455E+02 +/-   8.510211720327E-05
  > varE =   3.621880443794E-03
* Computing derivatives.
    [walltime: 1m1s elapsed, 46m32s remaining]
  Done. [total walltime: 47m18s]
* Optimizing manipulation constant:
  #igrid a___________ E____________________________________ varE____________
     1     Infinity    -3.83343191E+02 +/-   8.51021172E-05   3.62188044E-03
     2     1.0000E+06  -3.83343191E+02 +/-   8.51020733E-05   3.62187670E-03
     3     2.1544E+05  -3.83343191E+02 +/-   8.51019136E-05   3.62186311E-03
     4     4.6416E+04  -3.83343192E+02 +/-   8.51011795E-05   3.62180063E-03
     5     1.0000E+04  -3.83343192E+02 +/-   8.50979290E-05   3.62152396E-03
     6     2.1544E+03  -3.83343194E+02 +/-   8.50862010E-05   3.62052580E-03
     7     4.6416E+02  -3.83343193E+02 +/-   8.51033513E-05   3.62198549E-03
     8     1.0000E+02  -3.83343002E+02 +/-   8.66704644E-05   3.75660583E-03
     9     2.1544E+01  -3.83337349E+02 +/-   1.25265944E-04   7.84728479E-03
    10     4.6416E+00  -3.83110550E+02 +/-   5.88687018E-04   1.73309472E-01
    11     1.0000E+00  -3.82302475E+02 +/-   1.04468314E-03   5.45786207E-01
    12     2.1544E-01  -3.82330110E+02 +/-   1.03763487E-03   5.38446421E-01
    13     4.6416E-02  -3.82954137E+02 +/-   7.43370695E-04   2.76353045E-01
    14     1.0000E-02  -3.83216988E+02 +/-   4.46273339E-04   9.95990658E-02
    15     2.1544E-03  -3.83254326E+02 +/-   3.76008444E-04   7.07047479E-02
    16     4.6416E-04  -3.83260822E+02 +/-   3.62040407E-04   6.55492112E-02
    17     1.0000E-04  -3.83262144E+02 +/-   3.59115263E-04   6.44942667E-02
    18     2.1544E-05  -3.83262425E+02 +/-   3.58489330E-04   6.42696373E-02
    19     4.6416E-06  -3.83262485E+02 +/-   3.58354679E-04   6.42213662E-02
    20     1.0000E-06  -3.83262498E+02 +/-   3.58325679E-04   6.42109722E-02
    21     0.0000E+00  -3.83262502E+02 +/-   3.58317716E-04   6.42081182E-02
* Iteration # 1: E =  -3.833431938024E+02 +/-   8.508620095213E-05
* Reached maximum number of iterations: exiting.
* After optimization:
   3.1852E+00   3.0318E+00   3.1497E+00   9.9505E-01   9.4782E-01   9.2422E-01
  -8.2583E+00  -3.6717E+00  -3.6595E+00   5.4769E-01   6.5328E-01  -4.0896E+00
  -4.0832E+00  -3.9448E+00  -3.9414E+00  -3.9979E+00  -3.9934E+00   7.0532E-01
   6.9744E-01   3.6312E-01   1.9602E-01   1.9392E-01   2.3777E-01   2.3911E-01
   2.3769E-01   2.3877E-01  -1.0186E+00  -1.0861E-02  -5.1784E-01  -4.2834E-01
   4.3455E+01  -3.5209E+01   2.0986E+01  -1.7349E+01  -1.2793E+00   7.3846E-01
  -1.3645E+00   7.0465E-01   2.1699E+01  -1.7622E+01   2.1137E+01  -1.7183E+01
   2.1684E+01  -1.7664E+01  -8.7455E-01   1.9504E-01  -1.1973E+00   8.2698E-01
  -6.0280E-01   4.1335E-01  -6.2759E-01   3.8412E-01  -6.2740E-01   3.8477E-01
  -7.7086E-02  -5.6923E-02   1.1566E+00   1.2290E+00   1.1520E+00  -1.8088E-01
  -2.2939E-01  -2.3945E-01  -2.2191E-01   5.1091E-02  -1.0154E-01  -7.8417E-02
   5.9182E-02   9.6207E-02   1.1185E-01  -4.9109E-03  -2.4245E-02   1.1351E-02
   1.0687E-02   4.2521E-02   3.3913E-03   1.8645E-01   1.2936E-01   1.3916E-02
   3.0855E-02   6.0534E-02  -9.5382E-02  -7.3993E-02   3.0228E-02   3.5783E-02
   4.8088E-02  -1.9375E-02  -2.9325E-02   4.4997E-02   4.3929E-02   4.3697E-02
  -3.2954E-02  -1.0394E-01  -1.6085E-01  -1.7969E-01  -1.7541E-01   1.1649E-02
  -7.9644E-02  -5.6519E-02   3.6306E-02   6.5205E-02   3.3168E-02  -6.7983E-03
  -7.0771E-03   5.2968E-03   4.5753E-03   1.5280E-02  -1.1206E-02   8.3791E-02
   5.1898E-02  -7.9998E-03  -6.4778E-03   2.6565E-02  -8.5607E-02  -6.1540E-02
   1.4714E-02   2.4104E-02  -3.1189E-03  -1.6183E-02  -1.3777E-02   3.2302E-02
   3.2072E-02   1.2447E-02  -4.0889E-02
  > Energy =  -3.833431938024E+02 +/-   8.508620095213E-05
  > varE =   3.620525803746E-03

VMC #4:
* Size of Hilbert space =   6.3504E+04
* Deterministic energy evaluation:
  > Deterministic Etot/t = -383.34333427675909
    - Ttot/t = -23.322951735647589
    - Utot/t = 9.4939631360588024
* Number of equil. steps   = 1000
* Running VMC equilibration.
  Done. [total walltime: 0.06s]
* Equil. acc.ratio (%)     =  14.4140
* Sample config after equilibration:
  +---------+
  |  d   d  |
  |u   0   u|
  |0   2   u|
  |  2   d  |
  +---------+
* Number of accum. steps   = 1000192 x 10
* Running VMC accumulation.
  Done. [total walltime: 54.4s]
* Acceptance ratio (%)     =  14.3401
* Etot/t                   =  -3.833433216559E+02 +/-   6.441381717313E-05
  > Ttot/t                 =  -2.332264376045E+01 +/-   4.094115857938E-04
  > Utot/t                 =   9.493667781598E+00 +/-   3.727942870847E-04
* var[Eloc/t]              =   3.611099060701E-03 +/-   2.106649912606E-05
* Correlation length       =   1.149217013409E+00
* log10 Psi^2 range: -18.714953525362450 -- -11.104323116620872
* log10 Pgen range : -18.714953525362450 -- -11.104323116620872
* Site occupation (ave. no. electrons per config.):
  > Site_  ___eu____  ___ed____
      1        0.502      0.501
      2        0.502      0.503
      3        0.496      0.497
      4        0.501      0.501
      5        0.496      0.496
      6        0.498      0.497
      7        0.502      0.503
      8        0.497      0.496
      9        0.503      0.503
     10        0.503      0.503
* Pair-correlation analysis (ave. no. pairs per config.):
  > Shell  nsite  ___dh____  __eueu___  __eued___
      0      1        0          0          1.590
      1      1        0.731      0.736      2.550
      2      1        0.256      0.620      1.175
      3      1        0.147      0.303      0.576
      4      1        0.512      1.311      2.236
      5      1        0.102      1.040      0.918
      6      1        0.117      0.812      1.126
      7      1        0.252      1.791      2.193
      8      1        0.216      2.137      1.860
      9      1        0.222      2.174      1.867
     10      1        0.194      2.188      1.816
     11      1        0.092      0.929      1.049
     12      1        0.194      2.089      1.898
     13      1        0.050      0.467      0.528
     14      1        0.148      1.402      1.587
     15      1        0.100      1.056      0.961
     16      1        0.100      0.945      1.071

Optimization #4:
* Method          : lls
* Target function : energy
* No. of configs. : 500096
* No. of params.  : 123
* Before optimization:
   3.1852E+00   3.0318E+00   3.1497E+00   9.9505E-01   9.4782E-01   9.2422E-01
  -8.2583E+00  -3.6717E+00  -3.6595E+00   5.4769E-01   6.5328E-01  -4.0896E+00
  -4.0832E+00  -3.9448E+00  -3.9414E+00  -3.9979E+00  -3.9934E+00   7.0532E-01
   6.9744E-01   3.6312E-01   1.9602E-01   1.9392E-01   2.3777E-01   2.3911E-01
   2.3769E-01   2.3877E-01  -1.0186E+00  -1.0861E-02  -5.1784E-01  -4.2834E-01
   4.3455E+01  -3.5209E+01   2.0986E+01  -1.7349E+01  -1.2793E+00   7.3846E-01
  -1.3645E+00   7.0465E-01   2.1699E+01  -1.7622E+01   2.1137E+01  -1.7183E+01
   2.1684E+01  -1.7664E+01  -8.7455E-01   1.9504E-01  -1.1973E+00   8.2698E-01
  -6.0280E-01   4.1335E-01  -6.2759E-01   3.8412E-01  -6.2740E-01   3.8477E-01
  -7.7086E-02  -5.6923E-02   1.1566E+00   1.2290E+00   1.1520E+00  -1.8088E-01
  -2.2939E-01  -2.3945E-01  -2.2191E-01   5.1091E-02  -1.0154E-01  -7.8417E-02
   5.9182E-02   9.6207E-02   1.1185E-01  -4.9109E-03  -2.4245E-02   1.1351E-02
   1.0687E-02   4.2521E-02   3.3913E-03   1.8645E-01   1.2936E-01   1.3916E-02
   3.0855E-02   6.0534E-02  -9.5382E-02  -7.3993E-02   3.0228E-02   3.5783E-02
   4.8088E-02  -1.9375E-02  -2.9325E-02   4.4997E-02   4.3929E-02   4.3697E-02
  -3.2954E-02  -1.0394E-01  -1.6085E-01  -1.7969E-01  -1.7541E-01   1.1649E-02
  -7.9644E-02  -5.6519E-02   3.6306E-02   6.5205E-02   3.3168E-02  -6.7983E-03
  -7.0771E-03   5.2968E-03   4.5753E-03   1.5280E-02  -1.1206E-02   8.3791E-02
   5.1898E-02  -7.9998E-03  -6.4778E-03   2.6565E-02  -8.5607E-02  -6.1540E-02
   1.4714E-02   2.4104E-02  -3.1189E-03  -1.6183E-02  -1.3777E-02   3.2302E-02
   3.2072E-02   1.2447E-02  -4.0889E-02
  > E    =  -3.833433283210E+02 +/-   8.506892733340E-05
  > varE =   3.619055924178E-03
* Computing derivatives.
    [walltime: 1m elapsed, 46m44s remaining]
  Done. [total walltime: 47m19s]
* Optimizing manipulation constant:
  #igrid a___________ E____________________________________ varE____________
     1     Infinity    -3.83343328E+02 +/-   8.50689273E-05   3.61905592E-03
     2     1.0000E+06  -3.83343328E+02 +/-   8.50688827E-05   3.61905213E-03
     3     2.1544E+05  -3.83343328E+02 +/-   8.50687204E-05   3.61903832E-03
     4     4.6416E+04  -3.83343328E+02 +/-   8.50679668E-05   3.61897420E-03
     5     1.0000E+04  -3.83343329E+02 +/-   8.50644695E-05   3.61867664E-03
     6     2.1544E+03  -3.83343331E+02 +/-   8.50482497E-05   3.61729678E-03
     7     4.6416E+02  -3.83343342E+02 +/-   8.49732468E-05   3.61091950E-03
     8     1.0000E+02  -3.83343390E+02 +/-   8.46310867E-05   3.58189801E-03
     9     2.1544E+01  -3.83343596E+02 +/-   8.31606587E-05   3.45851149E-03
    10     4.6416E+00  -3.83344325E+02 +/-   7.80328523E-05   3.04514757E-03
    11     1.0000E+00  -3.83346429E+02 +/-   6.21978617E-05   1.93465838E-03
    12     2.1544E-01  -3.83334777E+02 +/-   1.56671940E-04   1.22754049E-02
    13     4.6416E-02  -3.82617879E+02 +/-   9.44335838E-04   4.45970697E-01
    14     1.0000E-02  -3.82267905E+02 +/-   1.05873848E-03   5.60571193E-01
    15     2.1544E-03  -3.82282313E+02 +/-   1.05228517E-03   5.53758339E-01
    16     4.6416E-04  -3.82277611E+02 +/-   1.05485044E-03   5.56461543E-01
    17     1.0000E-04  -3.82276079E+02 +/-   1.05572811E-03   5.57387918E-01
    18     2.1544E-05  -3.82275757E+02 +/-   1.05592271E-03   5.57593426E-01
    19     4.6416E-06  -3.82275688E+02 +/-   1.05596468E-03   5.57637750E-01
    20     1.0000E-06  -3.82275674E+02 +/-   1.05597372E-03   5.57647298E-01
    21     0.0000E+00  -3.82275670E+02 +/-   1.05597620E-03   5.57649920E-01
  ParMin   1.7041E+00  -3.83345435E+02 +/-   7.00879732E-05   2.45663358E-03
  # Using grid point #11
* Iteration # 1: E =  -3.833464293877E+02 +/-   6.219786166823E-05
* Reached maximum number of iterations: exiting.
* After optimization:
   4.0708E+00   3.8149E+00   4.0277E+00   9.2474E-01   8.5980E-01   9.2782E-01
  -8.8136E+00  -4.0432E+00  -4.0260E+00   3.8124E-01   4.9670E-01  -4.3711E+00
  -4.3642E+00  -4.3060E+00  -4.3021E+00  -4.2825E+00  -4.2728E+00   6.2740E-01
   6.1787E-01   2.0463E-01   1.1670E-01   1.1393E-01   1.5653E-01   1.5692E-01
   1.5648E-01   1.5671E-01  -6.0916E-01  -3.4793E-01  -5.1585E-01  -4.4197E-01
   4.6317E+01  -3.7518E+01   2.2835E+01  -1.8836E+01  -4.3581E-01   6.4365E-02
  -5.2345E-01   1.9327E-02   2.3130E+01  -1.8772E+01   2.2990E+01  -1.8674E+01
   2.3112E+01  -1.8807E+01  -4.4908E-01  -1.4820E-01  -3.5489E-01   1.4477E-01
  -1.8136E-01   7.2011E-02  -2.0709E-01   4.6027E-02  -2.0678E-01   4.6176E-02
  -7.0863E-02  -5.1664E-02   1.1621E+00   1.2944E+00   1.1693E+00  -2.1037E-01
  -2.8424E-01  -2.2462E-01  -2.1108E-01   4.9749E-02  -1.0912E-01  -7.9172E-02
   5.7549E-02   1.0275E-01   1.1679E-01   7.6096E-03  -2.2869E-02   2.4780E-03
   1.8040E-03   4.7639E-02   1.3299E-02   1.5376E-01   9.3483E-02   7.8001E-03
   2.7449E-02   6.0704E-02  -9.7852E-02  -7.3708E-02   3.1101E-02   4.5415E-02
   5.8942E-02  -1.2260E-02  -3.1302E-02   3.3904E-02   3.2898E-02   5.0580E-02
  -2.6619E-02  -1.0586E-01  -1.7150E-01  -1.6852E-01  -1.6117E-01   4.9882E-03
  -8.5696E-02  -6.0739E-02   3.4139E-02   6.4881E-02   3.3347E-02  -5.5130E-03
  -1.6252E-03   2.4391E-03   1.2393E-03   1.6890E-02  -1.2117E-02   6.7559E-02
   2.6331E-02  -1.4328E-02  -1.1437E-02   2.1058E-02  -8.8105E-02  -6.4426E-02
   1.4729E-02   2.8652E-02   4.2773E-03  -1.8543E-02  -1.0711E-02   2.6934E-02
   2.6275E-02   1.6349E-02  -4.3485E-02
  > Energy =  -3.833464293877E+02 +/-   6.219786166823E-05
  > varE =   1.934658381154E-03

VMC #5:
* Size of Hilbert space =   6.3504E+04
* Deterministic energy evaluation:
  > Deterministic Etot/t = -383.34641989880492
    - Ttot/t = -23.337955599631840
    - Utot/t = 9.5058813779972855
* Number of equil. steps   = 1000
* Running VMC equilibration.
  Done. [total walltime: 0.06s]
* Equil. acc.ratio (%)     =  14.1413
* Sample config after equilibration:
  +---------+
  |  0   2  |
  |2   u   0|
  |d   2   d|
  |  0   u  |
  +---------+
* Number of accum. steps   = 1000192 x 10
* Running VMC accumulation.
  Done. [total walltime: 54.8s]
* Acceptance ratio (%)     =  14.1534
* Etot/t                   =  -3.833463844934E+02 +/-   4.664211764378E-05
  > Ttot/t                 =  -2.333764156946E+01 +/-   3.999621248567E-04
  > Utot/t                 =   9.505602753188E+00 +/-   3.761802183533E-04
* var[Eloc/t]              =   1.931031802055E-03 +/-   1.199597953646E-05
* Correlation length       =   1.126809423600E+00
* log10 Psi^2 range: -18.082051924981794 -- -11.068041499238010
* log10 Pgen range : -18.082051924981794 -- -11.068041499238010
* Site occupation (ave. no. electrons per config.):
  > Site_  ___eu____  ___ed____
      1        0.501      0.502
      2        0.502      0.503
      3        0.499      0.498
      4        0.499      0.501
      5        0.499      0.498
      6        0.498      0.498
      7        0.502      0.501
      8        0.498      0.498
      9        0.501      0.501
     10        0.502      0.502
* Pair-correlation analysis (ave. no. pairs per config.):
  > Shell  nsite  ___dh____  __eueu___  __eued___
      0      1        0          0          1.635
      1      1        0.762      0.732      2.528
      2      1        0.267      0.622      1.155
      3      1        0.151      0.304      0.571
      4      1        0.528      1.318      2.225
      5      1        0.107      1.042      0.930
      6      1        0.126      0.820      1.126
      7      1        0.266      1.787      2.176
      8      1        0.226      2.135      1.871
      9      1        0.230      2.162      1.872
     10      1        0.202      2.186      1.827
     11      1        0.099      0.943      1.046
     12      1        0.206      2.082      1.911
     13      1        0.053      0.469      0.527
     14      1        0.158      1.408      1.579
     15      1        0.105      1.048      0.961
     16      1        0.109      0.943      1.060

Optimization #5:
* Method          : lls
* Target function : energy
* No. of configs. : 500096
* No. of params.  : 123
* Before optimization:
   4.0708E+00   3.8149E+00   4.0277E+00   9.2474E-01   8.5980E-01   9.2782E-01
  -8.8136E+00  -4.0432E+00  -4.0260E+00   3.8124E-01   4.9670E-01  -4.3711E+00
  -4.3642E+00  -4.3060E+00  -4.3021E+00  -4.2825E+00  -4.2728E+00   6.2740E-01
   6.1787E-01   2.0463E-01   1.1670E-01   1.1393E-01   1.5653E-01   1.5692E-01
   1.5648E-01   1.5671E-01  -6.0916E-01  -3.4793E-01  -5.1585E-01  -4.4197E-01
   4.6317E+01  -3.7518E+01   2.2835E+01  -1.8836E+01  -4.3581E-01   6.4365E-02
  -5.2345E-01   1.9327E-02   2.3130E+01  -1.8772E+01   2.2990E+01  -1.8674E+01
   2.3112E+01  -1.8807E+01  -4.4908E-01  -1.4820E-01  -3.5489E-01   1.4477E-01
  -1.8136E-01   7.2011E-02  -2.0709E-01   4.6027E-02  -2.0678E-01   4.6176E-02
  -7.0863E-02  -5.1664E-02   1.1621E+00   1.2944E+00   1.1693E+00  -2.1037E-01
  -2.8424E-01  -2.2462E-01  -2.1108E-01   4.9749E-02  -1.0912E-01  -7.9172E-02
   5.7549E-02   1.0275E-01   1.1679E-01   7.6096E-03  -2.2869E-02   2.4780E-03
   1.8040E-03   4.7639E-02   1.3299E-02   1.5376E-01   9.3483E-02   7.8001E-03
   2.7449E-02   6.0704E-02  -9.7852E-02  -7.3708E-02   3.1101E-02   4.5415E-02
   5.8942E-02  -1.2260E-02  -3.1302E-02   3.3904E-02   3.2898E-02   5.0580E-02
  -2.6619E-02  -1.0586E-01  -1.7150E-01  -1.6852E-01  -1.6117E-01   4.9882E-03
  -8.5696E-02  -6.0739E-02   3.4139E-02   6.4881E-02   3.3347E-02  -5.5130E-03
  -1.6252E-03   2.4391E-03   1.2393E-03   1.6890E-02  -1.2117E-02   6.7559E-02
   2.6331E-02  -1.4328E-02  -1.1437E-02   2.1058E-02  -8.8105E-02  -6.4426E-02
   1.4729E-02   2.8652E-02   4.2773E-03  -1.8543E-02  -1.0711E-02   2.6934E-02
   2.6275E-02   1.6349E-02  -4.3485E-02
  > E    =  -3.833463974951E+02 +/-   6.248310302868E-05
  > varE =   1.952443879310E-03
* Computing derivatives.
    [walltime: 1m elapsed, 46m47s remaining]
  Done. [total walltime: 46m49s]
* Optimizing manipulation constant:
  #igrid a___________ E____________________________________ varE____________
     1     Infinity    -3.83346397E+02 +/-   6.24831030E-05   1.95244388E-03
     2     1.0000E+06  -3.83346397E+02 +/-   6.24830777E-05   1.95244230E-03
     3     2.1544E+05  -3.83346398E+02 +/-   6.24829855E-05   1.95243653E-03
     4     4.6416E+04  -3.83346398E+02 +/-   6.24825576E-05   1.95240979E-03
     5     1.0000E+04  -3.83346398E+02 +/-   6.24805741E-05   1.95228584E-03
     6     2.1544E+03  -3.83346399E+02 +/-   6.24714226E-05   1.95171398E-03
     7     4.6416E+02  -3.83346404E+02 +/-   6.24301220E-05   1.94913423E-03
     8     1.0000E+02  -3.83346424E+02 +/-   6.22632155E-05   1.93872617E-03
     9     2.1544E+01  -3.83346468E+02 +/-   6.19761089E-05   1.92088778E-03
    10     4.6416E+00  -3.83345827E+02 +/-   6.92024152E-05   2.39494687E-03
    11     1.0000E+00  -3.83298806E+02 +/-   2.78362985E-04   3.87504144E-02
    12     2.1544E-01  -3.83347955E+02 +/-   5.59081268E-05   1.56315939E-03
    13     4.6416E-02  -3.83349556E+02 +/-   3.17730129E-05   5.04859087E-04
    14     1.0000E-02  -3.83349239E+02 +/-   3.88972293E-05   7.56642470E-04
    15     2.1544E-03  -3.83340279E+02 +/-   1.24609551E-04   7.76526069E-03
    16     4.6416E-04  -3.83300899E+02 +/-   2.79565311E-04   3.90858845E-02
    17     1.0000E-04  -3.83326791E+02 +/-   1.92363514E-04   1.85054130E-02
    18     2.1544E-05  -3.83330855E+02 +/-   1.74719064E-04   1.52663062E-02
    19     4.6416E-06  -3.83331665E+02 +/-   1.70985861E-04   1.46208891E-02
    20     1.0000E-06  -3.83331836E+02 +/-   1.70184894E-04   1.44842295E-02
    21     0.0000E+00  -3.83331883E+02 +/-   1.69965153E-04   1.44468499E-02
  ParMin   2.7885E-02  -3.83349542E+02 +/-   3.23566428E-05   5.23576673E-04
  # Using grid point #13
* Iteration # 1: E =  -3.833495556595E+02 +/-   3.177301285366E-05
* Reached maximum number of iterations: exiting.
* After optimization:
   3.9832E+00   3.6769E+00   4.0056E+00   9.3413E-01   8.6663E-01   9.4875E-01
  -8.7999E+00  -4.0419E+00  -4.0244E+00   3.7836E-01   4.8848E-01  -4.3746E+00
  -4.3699E+00  -4.3098E+00  -4.3048E+00  -4.2835E+00  -4.2787E+00   6.2378E-01
   6.1324E-01   2.0223E-01   1.1479E-01   1.1367E-01   1.5571E-01   1.5688E-01
   1.5572E-01   1.5633E-01  -6.3372E-01  -3.4178E-01  -5.2788E-01  -4.5008E-01
   4.6330E+01  -3.7539E+01   2.2842E+01  -1.8841E+01  -4.2520E-01   5.7833E-02
  -5.1160E-01   1.7930E-02   2.3136E+01  -1.8772E+01   2.2999E+01  -1.8681E+01
   2.3110E+01  -1.8803E+01  -4.4840E-01  -1.5011E-01  -3.3739E-01   1.3479E-01
  -1.7416E-01   6.5577E-02  -2.0137E-01   4.2480E-02  -2.0140E-01   4.2884E-02
  -3.3873E-02  -3.2497E-02   1.2532E+00   1.4582E+00   1.2577E+00  -2.1681E-01
  -3.1144E-01  -1.6540E-01  -1.7995E-01   3.2730E-02  -1.1472E-01  -8.7087E-02
   4.6915E-02   1.0322E-01   1.0173E-01   7.9909E-03  -1.5053E-02  -6.0767E-03
  -6.6614E-03   5.2394E-02   2.0006E-02   1.1056E-01   4.0226E-02   7.0815E-02
   3.8241E-02   5.5332E-02  -1.0400E-01  -8.1552E-02   1.0756E-02   5.3345E-02
   7.2305E-02  -3.1037E-02  -3.7853E-02   2.6750E-02   2.6699E-02   5.7131E-02
  -3.3476E-02  -8.1839E-02  -1.6239E-01  -1.3306E-01  -1.2632E-01  -9.9691E-03
  -7.8770E-02  -5.9268E-02   1.9670E-02   7.1341E-02   2.4123E-02  -5.8253E-03
   5.2589E-03  -4.1445E-03  -4.7244E-03   2.4565E-02  -7.9010E-03   4.6157E-02
  -9.7644E-03   2.2241E-02  -3.1466E-03   1.5088E-02  -8.0608E-02  -6.2292E-02
  -6.4646E-03   3.8770E-02   1.7305E-02  -3.4381E-02  -1.4216E-02   1.9716E-02
   2.0438E-02   2.3056E-02  -4.4869E-02
  > Energy =  -3.833495556595E+02 +/-   3.177301285366E-05
  > varE =   5.048590872366E-04

VMC #6:
* Size of Hilbert space =   6.3504E+04
* Deterministic energy evaluation:
  > Deterministic Etot/t = -383.34953524026486
    - Ttot/t = -23.356330084487233
    - Utot/t = 9.5211405213926223
* Number of equil. steps   = 1000
* Running VMC equilibration.
  Done. [total walltime: 0.06s]
* Equil. acc.ratio (%)     =  14.0384
* Sample config after equilibration:
  +---------+
  |  2   2  |
  |0   0   d|
  |u   d   u|
  |  d   u  |
  +---------+
* Number of accum. steps   = 1000192 x 10
* Running VMC accumulation.
  Done. [total walltime: 54.5s]
* Acceptance ratio (%)     =  13.9089
* Etot/t                   =  -3.833495066949E+02 +/-   2.328308482948E-05
  > Ttot/t                 =  -2.335569337480E+01 +/-   3.898334562708E-04
  > Utot/t                 =   9.520532357059E+00 +/-   3.821009268761E-04
* var[Eloc/t]              =   5.057712663092E-04 +/-   3.800123388771E-06
* Correlation length       =   1.072038209535E+00
* log10 Psi^2 range: -17.835541967429744 -- -10.997989005797470
* log10 Pgen range : -17.835541967429744 -- -10.997989005797470
* Site occupation (ave. no. electrons per config.):
  > Site_  ___eu____  ___ed____
      1        0.494      0.494
      2        0.501      0.500
      3        0.502      0.502
      4        0.494      0.495
      5        0.502      0.503
      6        0.504      0.502
      7        0.499      0.501
      8        0.503      0.503
      9        0.500      0.501
     10        0.501      0.500
* Pair-correlation analysis (ave. no. pairs per config.):
  > Shell  nsite  ___dh____  __eueu___  __eued___
      0      1        0          0          1.718
      1      1        0.813      0.727      2.509
      2      1        0.284      0.634      1.118
      3      1        0.161      0.290      0.550
      4      1        0.554      1.331      2.180
      5      1        0.116      1.042      0.969
      6      1        0.142      0.851      1.121
      7      1        0.293      1.779      2.111
      8      1        0.246      2.106      1.888
      9      1        0.243      2.111      1.878
     10      1        0.220      2.179      1.871
     11      1        0.111      0.985      1.039
     12      1        0.228      2.071      1.949
     13      1        0.059      0.478      0.522
     14      1        0.178      1.436      1.568
     15      1        0.115      1.034      0.967
     16      1        0.122      0.946      1.042

Optimization #6:
* Method          : lls
* Target function : energy
* No. of configs. : 500096
* No. of params.  : 123
* Before optimization:
   3.9832E+00   3.6769E+00   4.0056E+00   9.3413E-01   8.6663E-01   9.4875E-01
  -8.7999E+00  -4.0419E+00  -4.0244E+00   3.7836E-01   4.8848E-01  -4.3746E+00
  -4.3699E+00  -4.3098E+00  -4.3048E+00  -4.2835E+00  -4.2787E+00   6.2378E-01
   6.1324E-01   2.0223E-01   1.1479E-01   1.1367E-01   1.5571E-01   1.5688E-01
   1.5572E-01   1.5633E-01  -6.3372E-01  -3.4178E-01  -5.2788E-01  -4.5008E-01
   4.6330E+01  -3.7539E+01   2.2842E+01  -1.8841E+01  -4.2520E-01   5.7833E-02
  -5.1160E-01   1.7930E-02   2.3136E+01  -1.8772E+01   2.2999E+01  -1.8681E+01
   2.3110E+01  -1.8803E+01  -4.4840E-01  -1.5011E-01  -3.3739E-01   1.3479E-01
  -1.7416E-01   6.5577E-02  -2.0137E-01   4.2480E-02  -2.0140E-01   4.2884E-02
  -3.3873E-02  -3.2497E-02   1.2532E+00   1.4582E+00   1.2577E+00  -2.1681E-01
  -3.1144E-01  -1.6540E-01  -1.7995E-01   3.2730E-02  -1.1472E-01  -8.7087E-02
   4.6915E-02   1.0322E-01   1.0173E-01   7.9909E-03  -1.5053E-02  -6.0767E-03
  -6.6614E-03   5.2394E-02   2.0006E-02   1.1056E-01   4.0226E-02   7.0815E-02
   3.8241E-02   5.5332E-02  -1.0400E-01  -8.1552E-02   1.0756E-02   5.3345E-02
   7.2305E-02  -3.1037E-02  -3.7853E-02   2.6750E-02   2.6699E-02   5.7131E-02
  -3.3476E-02  -8.1839E-02  -1.6239E-01  -1.3306E-01  -1.2632E-01  -9.9691E-03
  -7.8770E-02  -5.9268E-02   1.9670E-02   7.1341E-02   2.4123E-02  -5.8253E-03
   5.2589E-03  -4.1445E-03  -4.7244E-03   2.4565E-02  -7.9010E-03   4.6157E-02
  -9.7644E-03   2.2241E-02  -3.1466E-03   1.5088E-02  -8.0608E-02  -6.2292E-02
  -6.4646E-03   3.8770E-02   1.7305E-02  -3.4381E-02  -1.4216E-02   1.9716E-02
   2.0438E-02   2.3056E-02  -4.4869E-02
  > E    =  -3.833495336237E+02 +/-   3.195717391000E-05
  > varE =   5.107285232096E-04
* Computing derivatives.
    [walltime: 1m1s elapsed, 46m50s remaining]
  Done. [total walltime: 47m30s]
* Optimizing manipulation constant:
  #igrid a___________ E____________________________________ varE____________
     1     Infinity    -3.83349534E+02 +/-   3.19571739E-05   5.10728523E-04
     2     1.0000E+06  -3.83349534E+02 +/-   3.19571677E-05   5.10728323E-04
     3     2.1544E+05  -3.83349534E+02 +/-   3.19571449E-05   5.10727595E-04
     4     4.6416E+04  -3.83349534E+02 +/-   3.19570392E-05   5.10724218E-04
     5     1.0000E+04  -3.83349534E+02 +/-   3.19565500E-05   5.10708582E-04
     6     2.1544E+03  -3.83349534E+02 +/-   3.19543065E-05   5.10636875E-04
     7     4.6416E+02  -3.83349534E+02 +/-   3.19444734E-05   5.10322654E-04
     8     1.0000E+02  -3.83349536E+02 +/-   3.19110214E-05   5.09254401E-04
     9     2.1544E+01  -3.83349530E+02 +/-   3.20075619E-05   5.12340359E-04
    10     4.6416E+00  -3.83349164E+02 +/-   3.95660397E-05   7.82886035E-04
    11     1.0000E+00  -3.83340926E+02 +/-   1.21586579E-04   7.39306729E-03
    12     2.1544E-01  -3.83341726E+02 +/-   1.17033344E-04   6.84971675E-03
    13     4.6416E-02  -3.82625183E+02 +/-   9.50941573E-04   4.52231750E-01
    14     1.0000E-02  -3.80876139E+02 +/-   1.07502878E-03   5.77954383E-01
    15     2.1544E-03  -3.80937333E+02 +/-   1.07945164E-03   5.82719783E-01
    16     4.6416E-04  -3.80943546E+02 +/-   1.08108405E-03   5.84483557E-01
    17     1.0000E-04  -3.80944330E+02 +/-   1.08149494E-03   5.84927942E-01
    18     2.1544E-05  -3.80944472E+02 +/-   1.08158641E-03   5.85026885E-01
    19     4.6416E-06  -3.80944502E+02 +/-   1.08160625E-03   5.85048351E-01
    20     1.0000E-06  -3.80944508E+02 +/-   1.08161053E-03   5.85052983E-01
    21     0.0000E+00  -3.80944510E+02 +/-   1.08161171E-03   5.85054255E-01
* Iteration # 1: E =  -3.833495355645E+02 +/-   3.191102139234E-05
* Reached maximum number of iterations: exiting.
* After optimization:
   3.9620E+00   3.6552E+00   3.9846E+00   9.3467E-01   8.6687E-01   9.4853E-01
  -8.7951E+00  -4.0389E+00  -4.0213E+00   3.7957E-01   4.8980E-01  -4.3722E+00
  -4.3674E+00  -4.3067E+00  -4.3018E+00  -4.2811E+00  -4.2763E+00   6.2433E-01
   6.1374E-01   2.0352E-01   1.1543E-01   1.1429E-01   1.5635E-01   1.5749E-01
   1.5636E-01   1.5694E-01  -6.3687E-01  -3.3932E-01  -5.2781E-01  -4.5001E-01
   4.6306E+01  -3.7521E+01   2.2827E+01  -1.8829E+01  -4.3144E-01   6.2799E-02
  -5.1788E-01   2.2836E-02   2.3124E+01  -1.8763E+01   2.2984E+01  -1.8669E+01
   2.3098E+01  -1.8793E+01  -4.5144E-01  -1.4759E-01  -3.4362E-01   1.3972E-01
  -1.7728E-01   6.8029E-02  -2.0450E-01   4.4960E-02  -2.0453E-01   4.5358E-02
  -3.3966E-02  -3.2598E-02   1.2621E+00   1.4694E+00   1.2669E+00  -2.1930E-01
  -3.1487E-01  -1.6709E-01  -1.8177E-01   3.3056E-02  -1.1577E-01  -8.7887E-02
   4.7366E-02   1.0453E-01   1.0297E-01   8.0465E-03  -1.5022E-02  -6.1046E-03
  -6.6939E-03   5.2820E-02   2.0181E-02   1.1109E-01   4.0213E-02   7.0704E-02
   3.8250E-02   5.5576E-02  -1.0462E-01  -8.1880E-02   1.0839E-02   5.3744E-02
   7.2893E-02  -3.1227E-02  -3.8064E-02   2.6686E-02   2.6638E-02   5.7700E-02
  -3.3704E-02  -8.2764E-02  -1.6332E-01  -1.3356E-01  -1.2690E-01  -9.8487E-03
  -7.8821E-02  -5.9368E-02   1.9779E-02   7.1675E-02   2.4334E-02  -5.7833E-03
   5.2941E-03  -4.1886E-03  -4.7621E-03   2.4573E-02  -7.8027E-03   4.5529E-02
  -1.0247E-02   2.1670E-02  -3.5562E-03   1.5021E-02  -8.0368E-02  -6.2069E-02
  -6.4202E-03   3.8744E-02   1.7206E-02  -3.4296E-02  -1.4226E-02   1.9474E-02
   2.0189E-02   2.3167E-02  -4.4777E-02
  > Energy =  -3.833495355645E+02 +/-   3.191102139234E-05
  > varE =   5.092544012266E-04

VMC #7:
* Size of Hilbert space =   6.3504E+04
* Deterministic energy evaluation:
  > Deterministic Etot/t = -383.34953707555746
    - Ttot/t = -23.356348769338641
    - Utot/t = 9.5211573709513910
* Number of equil. steps   = 1000
* Running VMC equilibration.
  Done. [total walltime: 0.06s]
* Equil. acc.ratio (%)     =  13.9194
* Sample config after equilibration:
  +---------+
  |  2   u  |
  |d   0   d|
  |u   2   d|
  |  0   u  |
  +---------+
* Number of accum. steps   = 1000192 x 10
* Running VMC accumulation.
  Done. [total walltime: 54.5s]
* Acceptance ratio (%)     =  13.8222
* Etot/t                   =  -3.833495212476E+02 +/-   2.342391746273E-05
  > Ttot/t                 =  -2.335673055925E+01 +/-   4.060681404221E-04
  > Utot/t                 =   9.521554988997E+00 +/-   3.979381280767E-04
* var[Eloc/t]              =   5.054309410129E-04 +/-   4.439013009432E-06
* Correlation length       =   1.085776930758E+00
* log10 Psi^2 range: -17.791374107804142 -- -10.990811031960268
* log10 Pgen range : -17.791374107804142 -- -10.990811031960268
* Site occupation (ave. no. electrons per config.):
  > Site_  ___eu____  ___ed____
      1        0.495      0.494
      2        0.500      0.501
      3        0.502      0.502
      4        0.493      0.496
      5        0.502      0.501
      6        0.502      0.501
      7        0.501      0.501
      8        0.503      0.502
      9        0.501      0.501
     10        0.500      0.500
* Pair-correlation analysis (ave. no. pairs per config.):
  > Shell  nsite  ___dh____  __eueu___  __eued___
      0      1        0          0          1.718
      1      1        0.813      0.727      2.508
      2      1        0.283      0.637      1.121
      3      1        0.161      0.290      0.550
      4      1        0.554      1.327      2.179
      5      1        0.116      1.041      0.966
      6      1        0.142      0.849      1.119
      7      1        0.292      1.780      2.118
      8      1        0.246      2.105      1.885
      9      1        0.243      2.118      1.877
     10      1        0.222      2.178      1.869
     11      1        0.111      0.981      1.038
     12      1        0.228      2.074      1.946
     13      1        0.059      0.477      0.524
     14      1        0.179      1.431      1.566
     15      1        0.114      1.038      0.968
     16      1        0.121      0.946      1.047

Optimization #7:
* Method          : lls
* Target function : energy
* No. of configs. : 500096
* No. of params.  : 123
* Before optimization:
   3.9620E+00   3.6552E+00   3.9846E+00   9.3467E-01   8.6687E-01   9.4853E-01
  -8.7951E+00  -4.0389E+00  -4.0213E+00   3.7957E-01   4.8980E-01  -4.3722E+00
  -4.3674E+00  -4.3067E+00  -4.3018E+00  -4.2811E+00  -4.2763E+00   6.2433E-01
   6.1374E-01   2.0352E-01   1.1543E-01   1.1429E-01   1.5635E-01   1.5749E-01
   1.5636E-01   1.5694E-01  -6.3687E-01  -3.3932E-01  -5.2781E-01  -4.5001E-01
   4.6306E+01  -3.7521E+01   2.2827E+01  -1.8829E+01  -4.3144E-01   6.2799E-02
  -5.1788E-01   2.2836E-02   2.3124E+01  -1.8763E+01   2.2984E+01  -1.8669E+01
   2.3098E+01  -1.8793E+01  -4.5144E-01  -1.4759E-01  -3.4362E-01   1.3972E-01
  -1.7728E-01   6.8029E-02  -2.0450E-01   4.4960E-02  -2.0453E-01   4.5358E-02
  -3.3966E-02  -3.2598E-02   1.2621E+00   1.4694E+00   1.2669E+00  -2.1930E-01
  -3.1487E-01  -1.6709E-01  -1.8177E-01   3.3056E-02  -1.1577E-01  -8.7887E-02
   4.7366E-02   1.0453E-01   1.0297E-01   8.0465E-03  -1.5022E-02  -6.1046E-03
  -6.6939E-03   5.2820E-02   2.0181E-02   1.1109E-01   4.0213E-02   7.0704E-02
   3.8250E-02   5.5576E-02  -1.0462E-01  -8.1880E-02   1.0839E-02   5.3744E-02
   7.2893E-02  -3.1227E-02  -3.8064E-02   2.6686E-02   2.6638E-02   5.7700E-02
  -3.3704E-02  -8.2764E-02  -1.6332E-01  -1.3356E-01  -1.2690E-01  -9.8487E-03
  -7.8821E-02  -5.9368E-02   1.9779E-02   7.1675E-02   2.4334E-02  -5.7833E-03
   5.2941E-03  -4.1886E-03  -4.7621E-03   2.4573E-02  -7.8027E-03   4.5529E-02
  -1.0247E-02   2.1670E-02  -3.5562E-03   1.5021E-02  -8.0368E-02  -6.2069E-02
  -6.4202E-03   3.8744E-02   1.7206E-02  -3.4296E-02  -1.4226E-02   1.9474E-02
   2.0189E-02   2.3167E-02  -4.4777E-02
  > E    =  -3.833495134529E+02 +/-   3.173359342181E-05
  > varE =   5.036071497416E-04
* Computing derivatives.
    [walltime: 1m elapsed, 46m39s remaining]
  Done. [total walltime: 47m19s]
* Optimizing manipulation constant:
  #igrid a___________ E____________________________________ varE____________
     1     Infinity    -3.83349513E+02 +/-   3.17335934E-05   5.03607150E-04
     2     1.0000E+06  -3.83349513E+02 +/-   3.17335873E-05   5.03606954E-04
     3     2.1544E+05  -3.83349513E+02 +/-   3.17335648E-05   5.03606243E-04
     4     4.6416E+04  -3.83349513E+02 +/-   3.17334608E-05   5.03602941E-04
     5     1.0000E+04  -3.83349513E+02 +/-   3.17329788E-05   5.03587641E-04
     6     2.1544E+03  -3.83349514E+02 +/-   3.17307581E-05   5.03517163E-04
     7     4.6416E+02  -3.83349514E+02 +/-   3.17208144E-05   5.03201629E-04
     8     1.0000E+02  -3.83349516E+02 +/-   3.16823529E-05   5.01982106E-04
     9     2.1544E+01  -3.83349516E+02 +/-   3.16637705E-05   5.01393432E-04
    10     4.6416E+00  -3.83349304E+02 +/-   3.62857647E-05   6.58454759E-04
    11     1.0000E+00  -3.83328648E+02 +/-   1.85616185E-04   1.72299916E-02
    12     2.1544E-01  -3.80510208E+02 +/-   1.27931384E-03   8.18479066E-01
    13     4.6416E-02  -3.83347861E+02 +/-   5.50839208E-05   1.51741045E-03
    14     1.0000E-02  -3.83347665E+02 +/-   5.51101094E-05   1.51885364E-03
    15     2.1544E-03  -3.83344162E+02 +/-   8.10108025E-05   3.28200509E-03
    16     4.6416E-04  -3.83341674E+02 +/-   9.59925861E-05   4.60817289E-03
    17     1.0000E-04  -3.83340983E+02 +/-   9.97942542E-05   4.98040263E-03
    18     2.1544E-05  -3.83340825E+02 +/-   1.00642925E-04   5.06547153E-03
    19     4.6416E-06  -3.83340791E+02 +/-   1.00827178E-04   5.08403587E-03
    20     1.0000E-06  -3.83340784E+02 +/-   1.00866940E-04   5.08804653E-03
    21     0.0000E+00  -3.83340782E+02 +/-   1.00877863E-04   5.08914858E-03
  ParMin   4.6329E+01  -3.83349517E+02 +/-   3.16480846E-05   5.00896784E-04
  # Using parabolic minimum
* Iteration # 1: E =  -3.833495170124E+02 +/-   3.164808462878E-05
* Reached maximum number of iterations: exiting.
* After optimization:
   3.9373E+00   3.6288E+00   3.9593E+00   9.3872E-01   8.7041E-01   9.4809E-01
  -8.8082E+00  -4.0415E+00  -4.0237E+00   3.8777E-01   4.9815E-01  -4.3786E+00
  -4.3738E+00  -4.3090E+00  -4.3041E+00  -4.2877E+00  -4.2826E+00   6.2833E-01
   6.1768E-01   2.1180E-01   1.1957E-01   1.1839E-01   1.6050E-01   1.6157E-01
   1.6051E-01   1.6104E-01  -6.5773E-01  -3.2305E-01  -5.2770E-01  -4.4995E-01
   4.6373E+01  -3.7574E+01   2.2839E+01  -1.8840E+01  -4.7269E-01   9.5792E-02
  -5.5918E-01   5.5682E-02   2.3157E+01  -1.8790E+01   2.2996E+01  -1.8679E+01
   2.3131E+01  -1.8820E+01  -4.7192E-01  -1.3106E-01  -3.8486E-01   1.7264E-01
  -1.9789E-01   8.4453E-02  -2.2515E-01   6.1424E-02  -2.2518E-01   6.1821E-02
  -3.4180E-02  -3.2845E-02   1.2758E+00   1.4877E+00   1.2816E+00  -2.2379E-01
  -3.2084E-01  -1.6983E-01  -1.8489E-01   3.3383E-02  -1.1725E-01  -8.8975E-02
   4.7940E-02   1.0645E-01   1.0500E-01   8.0210E-03  -1.5125E-02  -6.4355E-03
  -7.0300E-03   5.3780E-02   2.0278E-02   1.1152E-01   3.9752E-02   7.0053E-02
   3.7914E-02   5.5859E-02  -1.0534E-01  -8.2156E-02   1.0939E-02   5.4182E-02
   7.3940E-02  -3.1525E-02  -3.8408E-02   2.6389E-02   2.6341E-02   5.8595E-02
  -3.3958E-02  -8.4510E-02  -1.6510E-01  -1.3448E-01  -1.2788E-01  -9.7799E-03
  -7.8775E-02  -5.9340E-02   1.9858E-02   7.2153E-02   2.4605E-02  -5.8163E-03
   5.2636E-03  -4.5194E-03  -5.0661E-03   2.4753E-02  -7.7769E-03   4.4111E-02
  -1.1411E-02   2.0399E-02  -4.4350E-03   1.4851E-02  -7.9804E-02  -6.1497E-02
  -6.3861E-03   3.8671E-02   1.7021E-02  -3.4150E-02  -1.4230E-02   1.8898E-02
   1.9617E-02   2.3313E-02  -4.4539E-02
  > Energy =  -3.833495170124E+02 +/-   3.164808462878E-05
  > varE =   5.008967840562E-04

VMC #8:
* Size of Hilbert space =   6.3504E+04
* Deterministic energy evaluation:
  > Deterministic Etot/t = -383.34954048100883
    - Ttot/t = -23.356373047269539
    - Utot/t = 9.5211782434309917
* Number of equil. steps   = 1000
* Running VMC equilibration.
  Done. [total walltime: 0.06s]
* Equil. acc.ratio (%)     =  13.6577
* Sample config after equilibration:
  +---------+
  |  u   u  |
  |d   d   d|
  |u   2   2|
  |  0   0  |
  +---------+
* Number of accum. steps   = 1000192 x 10
* Running VMC accumulation.
  Done. [total walltime: 54.8s]
* Acceptance ratio (%)     =  13.6735
* Etot/t                   =  -3.833495249555E+02 +/-   2.340163146712E-05
  > Ttot/t                 =  -2.335596278342E+01 +/-   4.038973816015E-04
  > Utot/t                 =   9.520783505172E+00 +/-   3.958637790666E-04
* var[Eloc/t]              =   5.126168123380E-04 +/-   3.429222209859E-06
* Correlation length       =   1.068520361252E+00
* log10 Psi^2 range: -18.436586956910475 -- -10.975421938249507
* log10 Pgen range : -18.436586956910475 -- -10.975421938249507
* Site occupation (ave. no. electrons per config.):
  > Site_  ___eu____  ___ed____
      1        0.495      0.495
      2        0.501      0.500
      3        0.502      0.502
      4        0.494      0.494
      5        0.501      0.502
      6        0.503      0.501
      7        0.501      0.502
      8        0.503      0.502
      9        0.499      0.502
     10        0.501      0.501
* Pair-correlation analysis (ave. no. pairs per config.):
  > Shell  nsite  ___dh____  __eueu___  __eued___
      0      1        0          0          1.719
      1      1        0.814      0.726      2.508
      2      1        0.283      0.638      1.119
      3      1        0.161      0.290      0.550
      4      1        0.553      1.329      2.180
      5      1        0.117      1.041      0.966
      6      1        0.142      0.850      1.118
      7      1        0.294      1.780      2.114
      8      1        0.245      2.106      1.887
      9      1        0.243      2.115      1.878
     10      1        0.220      2.176      1.872
     11      1        0.111      0.981      1.037
     12      1        0.227      2.072      1.948
     13      1        0.060      0.478      0.523
     14      1        0.177      1.434      1.567
     15      1        0.114      1.035      0.970
     16      1        0.121      0.948      1.045

Optimization #8:
* Method          : lls
* Target function : energy
* No. of configs. : 500096
* No. of params.  : 123
* Before optimization:
   3.9373E+00   3.6288E+00   3.9593E+00   9.3872E-01   8.7041E-01   9.4809E-01
  -8.8082E+00  -4.0415E+00  -4.0237E+00   3.8777E-01   4.9815E-01  -4.3786E+00
  -4.3738E+00  -4.3090E+00  -4.3041E+00  -4.2877E+00  -4.2826E+00   6.2833E-01
   6.1768E-01   2.1180E-01   1.1957E-01   1.1839E-01   1.6050E-01   1.6157E-01
   1.6051E-01   1.6104E-01  -6.5773E-01  -3.2305E-01  -5.2770E-01  -4.4995E-01
   4.6373E+01  -3.7574E+01   2.2839E+01  -1.8840E+01  -4.7269E-01   9.5792E-02
  -5.5918E-01   5.5682E-02   2.3157E+01  -1.8790E+01   2.2996E+01  -1.8679E+01
   2.3131E+01  -1.8820E+01  -4.7192E-01  -1.3106E-01  -3.8486E-01   1.7264E-01
  -1.9789E-01   8.4453E-02  -2.2515E-01   6.1424E-02  -2.2518E-01   6.1821E-02
  -3.4180E-02  -3.2845E-02   1.2758E+00   1.4877E+00   1.2816E+00  -2.2379E-01
  -3.2084E-01  -1.6983E-01  -1.8489E-01   3.3383E-02  -1.1725E-01  -8.8975E-02
   4.7940E-02   1.0645E-01   1.0500E-01   8.0210E-03  -1.5125E-02  -6.4355E-03
  -7.0300E-03   5.3780E-02   2.0278E-02   1.1152E-01   3.9752E-02   7.0053E-02
   3.7914E-02   5.5859E-02  -1.0534E-01  -8.2156E-02   1.0939E-02   5.4182E-02
   7.3940E-02  -3.1525E-02  -3.8408E-02   2.6389E-02   2.6341E-02   5.8595E-02
  -3.3958E-02  -8.4510E-02  -1.6510E-01  -1.3448E-01  -1.2788E-01  -9.7799E-03
  -7.8775E-02  -5.9340E-02   1.9858E-02   7.2153E-02   2.4605E-02  -5.8163E-03
   5.2636E-03  -4.5194E-03  -5.0661E-03   2.4753E-02  -7.7769E-03   4.4111E-02
  -1.1411E-02   2.0399E-02  -4.4350E-03   1.4851E-02  -7.9804E-02  -6.1497E-02
  -6.3861E-03   3.8671E-02   1.7021E-02  -3.4150E-02  -1.4230E-02   1.8898E-02
   1.9617E-02   2.3313E-02  -4.4539E-02
  > E    =  -3.833495388669E+02 +/-   3.240991398785E-05
  > varE =   5.253021009922E-04
* Computing derivatives.
    [walltime: 1m elapsed, 45m35s remaining]
  Done. [total walltime: 47m13s]
* Optimizing manipulation constant:
  #igrid a___________ E____________________________________ varE____________
     1     Infinity    -3.83349539E+02 +/-   3.24099140E-05   5.25302101E-04
     2     1.0000E+06  -3.83349539E+02 +/-   3.24099076E-05   5.25301894E-04
     3     2.1544E+05  -3.83349539E+02 +/-   3.24098843E-05   5.25301139E-04
     4     4.6416E+04  -3.83349539E+02 +/-   3.24097762E-05   5.25297635E-04
     5     1.0000E+04  -3.83349539E+02 +/-   3.24092752E-05   5.25281395E-04
     6     2.1544E+03  -3.83349539E+02 +/-   3.24069634E-05   5.25206459E-04
     7     4.6416E+02  -3.83349539E+02 +/-   3.23965260E-05   5.24868204E-04
     8     1.0000E+02  -3.83349541E+02 +/-   3.23542913E-05   5.23500575E-04
     9     2.1544E+01  -3.83349543E+02 +/-   3.22885096E-05   5.21374012E-04
    10     4.6416E+00  -3.83349365E+02 +/-   3.61981241E-05   6.55277883E-04
    11     1.0000E+00  -3.83317870E+02 +/-   2.31198020E-04   2.67313938E-02
    12     2.1544E-01  -3.81325125E+02 +/-   1.21263564E-03   7.35383764E-01
    13     4.6416E-02  -3.80679687E+02 +/-   1.09829723E-03   6.03244203E-01
    14     1.0000E-02  -3.82160615E+02 +/-   1.92173173E-05   1.84688096E-04
    15     2.1544E-03  -3.82160612E+02 +/-   1.82824516E-05   1.67156106E-04
    16     4.6416E-04  -3.82160612E+02 +/-   1.74296808E-05   1.51926050E-04
    17     1.0000E-04  -3.82160612E+02 +/-   1.74296820E-05   1.51926071E-04
    18     2.1544E-05  -3.82160612E+02 +/-   1.74296822E-05   1.51926075E-04
    19     4.6416E-06  -3.82160612E+02 +/-   1.74296823E-05   1.51926076E-04
    20     1.0000E-06  -3.82160612E+02 +/-   1.74296823E-05   1.51926076E-04
    21     0.0000E+00  -3.82160612E+02 +/-   1.74296823E-05   1.51926076E-04
  ParMin   4.5668E+01  -3.83349543E+02 +/-   3.23092804E-05   5.22045012E-04
  # Using grid point #9
* Iteration # 1: E =  -3.833495429103E+02 +/-   3.228850964666E-05
* Reached maximum number of iterations: exiting.
* After optimization:
   4.1608E+00   3.8493E+00   4.1810E+00   9.1246E-01   8.4303E-01   9.4762E-01
  -8.9716E+00  -4.1500E+00  -4.1315E+00   3.3512E-01   4.4628E-01  -4.4601E+00
  -4.4553E+00  -4.4168E+00  -4.4119E+00  -4.3697E+00  -4.3640E+00   6.0211E-01
   5.9121E-01   1.5960E-01   9.3457E-02   9.2186E-02   1.3435E-01   1.3526E-01
   1.3435E-01   1.3472E-01  -5.2679E-01  -4.2836E-01  -5.2777E-01  -4.4954E-01
   4.7194E+01  -3.8232E+01   2.3381E+01  -1.9274E+01  -2.1032E-01  -1.1415E-01
  -2.9722E-01  -1.5473E-01   2.3568E+01  -1.9119E+01   2.3538E+01  -1.9114E+01
   2.3542E+01  -1.9149E+01  -3.4069E-01  -2.3594E-01  -1.2262E-01  -3.7558E-02
  -6.6736E-02  -2.0687E-02  -9.4029E-02  -4.3602E-02  -9.4060E-02  -4.3219E-02
  -3.4530E-02  -3.3257E-02   1.3039E+00   1.5253E+00   1.3131E+00  -2.3271E-01
  -3.3334E-01  -1.7507E-01  -1.9118E-01   3.4883E-02  -1.2125E-01  -9.1636E-02
   4.9013E-02   1.1134E-01   1.0971E-01   7.6618E-03  -1.5102E-02  -6.2030E-03
  -6.8556E-03   5.5040E-02   2.0847E-02   1.1320E-01   3.9374E-02   6.8420E-02
   3.7763E-02   5.6184E-02  -1.0768E-01  -8.2925E-02   1.1350E-02   5.5470E-02
   7.5966E-02  -3.1915E-02  -3.9076E-02   2.5682E-02   2.5561E-02   6.1032E-02
  -3.4875E-02  -8.8182E-02  -1.6881E-01  -1.3584E-01  -1.2987E-01  -8.7742E-03
  -7.9144E-02  -5.9645E-02   2.0084E-02   7.3651E-02   2.5581E-02  -6.0886E-03
   5.2966E-03  -4.5387E-03  -5.0893E-03   2.4497E-02  -7.5460E-03   4.1663E-02
  -1.3193E-02   1.7922E-02  -5.8561E-03   1.4466E-02  -7.8989E-02  -6.0581E-02
  -6.0006E-03   3.8616E-02   1.6622E-02  -3.3661E-02  -1.4165E-02   1.7611E-02
   1.8284E-02   2.3931E-02  -4.4404E-02
  > Energy =  -3.833495429103E+02 +/-   3.228850964666E-05
  > varE =   5.213740121953E-04

VMC #9:
* Size of Hilbert space =   6.3504E+04
* Deterministic energy evaluation:
  > Deterministic Etot/t = -383.34954443416967
    - Ttot/t = -23.356288896351344
    - Utot/t = 9.5210901393518537
* Number of equil. steps   = 1000
* Running VMC equilibration.
  Done. [total walltime: 0.06s]
* Equil. acc.ratio (%)     =  13.4882
* Sample config after equilibration:
  +---------+
  |  u   2  |
  |2   0   0|
  |d   0   2|
  |  u   d  |
  +---------+
* Number of accum. steps   = 1000192 x 10
* Running VMC accumulation.
  Done. [total walltime: 54.8s]
* Acceptance ratio (%)     =  13.4035
* Etot/t                   =  -3.833495664247E+02 +/-   2.301371880338E-05
  > Ttot/t                 =  -2.335641065697E+01 +/-   4.119761189697E-04
  > Utot/t                 =   9.521189909405E+00 +/-   4.042034751545E-04
* var[Eloc/t]              =   4.962922193827E-04 +/-   5.240752712416E-06
* Correlation length       =   1.067381114740E+00
* log10 Psi^2 range: -18.112012235695254 -- -10.952028003113577
* log10 Pgen range : -18.112012235695254 -- -10.952028003113577
* Site occupation (ave. no. electrons per config.):
  > Site_  ___eu____  ___ed____
      1        0.493      0.495
      2        0.499      0.500
      3        0.503      0.501
      4        0.495      0.495
      5        0.503      0.501
      6        0.502      0.502
      7        0.500      0.502
      8        0.502      0.503
      9        0.501      0.501
     10        0.500      0.499
* Pair-correlation analysis (ave. no. pairs per config.):
  > Shell  nsite  ___dh____  __eueu___  __eued___
      0      1        0          0          1.719
      1      1        0.812      0.727      2.509
      2      1        0.283      0.636      1.117
      3      1        0.161      0.291      0.550
      4      1        0.554      1.331      2.180
      5      1        0.116      1.041      0.968
      6      1        0.143      0.850      1.119
      7      1        0.292      1.780      2.115
      8      1        0.244      2.107      1.890
      9      1        0.243      2.113      1.878
     10      1        0.221      2.176      1.870
     11      1        0.111      0.982      1.038
     12      1        0.227      2.071      1.949
     13      1        0.059      0.479      0.522
     14      1        0.178      1.435      1.564
     15      1        0.114      1.034      0.969
     16      1        0.122      0.946      1.042

Optimization #9:
* Method          : lls
* Target function : energy
* No. of configs. : 500096
* No. of params.  : 123
* Before optimization:
   4.1608E+00   3.8493E+00   4.1810E+00   9.1246E-01   8.4303E-01   9.4762E-01
  -8.9716E+00  -4.1500E+00  -4.1315E+00   3.3512E-01   4.4628E-01  -4.4601E+00
  -4.4553E+00  -4.4168E+00  -4.4119E+00  -4.3697E+00  -4.3640E+00   6.0211E-01
   5.9121E-01   1.5960E-01   9.3457E-02   9.2186E-02   1.3435E-01   1.3526E-01
   1.3435E-01   1.3472E-01  -5.2679E-01  -4.2836E-01  -5.2777E-01  -4.4954E-01
   4.7194E+01  -3.8232E+01   2.3381E+01  -1.9274E+01  -2.1032E-01  -1.1415E-01
  -2.9722E-01  -1.5473E-01   2.3568E+01  -1.9119E+01   2.3538E+01  -1.9114E+01
   2.3542E+01  -1.9149E+01  -3.4069E-01  -2.3594E-01  -1.2262E-01  -3.7558E-02
  -6.6736E-02  -2.0687E-02  -9.4029E-02  -4.3602E-02  -9.4060E-02  -4.3219E-02
  -3.4530E-02  -3.3257E-02   1.3039E+00   1.5253E+00   1.3131E+00  -2.3271E-01
  -3.3334E-01  -1.7507E-01  -1.9118E-01   3.4883E-02  -1.2125E-01  -9.1636E-02
   4.9013E-02   1.1134E-01   1.0971E-01   7.6618E-03  -1.5102E-02  -6.2030E-03
  -6.8556E-03   5.5040E-02   2.0847E-02   1.1320E-01   3.9374E-02   6.8420E-02
   3.7763E-02   5.6184E-02  -1.0768E-01  -8.2925E-02   1.1350E-02   5.5470E-02
   7.5966E-02  -3.1915E-02  -3.9076E-02   2.5682E-02   2.5561E-02   6.1032E-02
  -3.4875E-02  -8.8182E-02  -1.6881E-01  -1.3584E-01  -1.2987E-01  -8.7742E-03
  -7.9144E-02  -5.9645E-02   2.0084E-02   7.3651E-02   2.5581E-02  -6.0886E-03
   5.2966E-03  -4.5387E-03  -5.0893E-03   2.4497E-02  -7.5460E-03   4.1663E-02
  -1.3193E-02   1.7922E-02  -5.8561E-03   1.4466E-02  -7.8989E-02  -6.0581E-02
  -6.0006E-03   3.8616E-02   1.6622E-02  -3.3661E-02  -1.4165E-02   1.7611E-02
   1.8284E-02   2.3931E-02  -4.4404E-02
  > E    =  -3.833495888668E+02 +/-   3.142382387410E-05
  > varE =   4.938231492790E-04
* Computing derivatives.
    [walltime: 1m1s elapsed, 46m36s remaining]
  Done. [total walltime: 47m18s]
* Optimizing manipulation constant:
  #igrid a___________ E____________________________________ varE____________
     1     Infinity    -3.83349589E+02 +/-   3.14238239E-05   4.93823149E-04
     2     1.0000E+06  -3.83349589E+02 +/-   3.14238179E-05   4.93822962E-04
     3     2.1544E+05  -3.83349589E+02 +/-   3.14237963E-05   4.93822282E-04
     4     4.6416E+04  -3.83349589E+02 +/-   3.14236961E-05   4.93819134E-04
     5     1.0000E+04  -3.83349589E+02 +/-   3.14232386E-05   4.93804755E-04
     6     2.1544E+03  -3.83349589E+02 +/-   3.14212727E-05   4.93742968E-04
     7     4.6416E+02  -3.83349589E+02 +/-   3.14155563E-05   4.93563336E-04
     8     1.0000E+02  -3.83349587E+02 +/-   3.14652797E-05   4.95126960E-04
     9     2.1544E+01  -3.83349459E+02 +/-   3.44211013E-05   5.92519851E-04
    10     4.6416E+00  -3.83319822E+02 +/-   2.20802078E-04   2.43814591E-02
    11     1.0000E+00  -3.83315626E+02 +/-   2.32026231E-04   2.69232542E-02
    12     2.1544E-01  -3.83332330E+02 +/-   1.59438922E-04   1.27128253E-02
    13     4.6416E-02  -3.83324263E+02 +/-   1.84220095E-04   1.69717797E-02
    14     1.0000E-02  -3.83319313E+02 +/-   1.98617931E-04   1.97283283E-02
    15     2.1544E-03  -3.83326232E+02 +/-   1.73140603E-04   1.49917120E-02
    16     4.6416E-04  -3.83330312E+02 +/-   1.56839449E-04   1.23016679E-02
    17     1.0000E-04  -3.83331360E+02 +/-   1.52423171E-04   1.16186418E-02
    18     2.1544E-05  -3.83331592E+02 +/-   1.51427491E-04   1.14673439E-02
    19     4.6416E-06  -3.83331643E+02 +/-   1.51210928E-04   1.14345674E-02
    20     1.0000E-06  -3.83331654E+02 +/-   1.51164176E-04   1.14274977E-02
    21     0.0000E+00  -3.83331657E+02 +/-   1.51151331E-04   1.14255558E-02
* Iteration # 1: E =  -3.833495892291E+02 +/-   3.141555632444E-05
* Reached maximum number of iterations: exiting.
* After optimization:
   4.1590E+00   3.8474E+00   4.1792E+00   9.1371E-01   8.4424E-01   9.4759E-01
  -8.9661E+00  -4.1460E+00  -4.1275E+00   3.3765E-01   4.4884E-01  -4.4574E+00
  -4.4526E+00  -4.4128E+00  -4.4079E+00  -4.3670E+00  -4.3613E+00   6.0337E-01
   5.9246E-01   1.6214E-01   9.4730E-02   9.3454E-02   1.3562E-01   1.3652E-01
   1.3562E-01   1.3599E-01  -5.3315E-01  -4.2330E-01  -5.2777E-01  -4.4953E-01
   4.7167E+01  -3.8210E+01   2.3361E+01  -1.9258E+01  -2.2302E-01  -1.0399E-01
  -3.0993E-01  -1.4458E-01   2.3554E+01  -1.9108E+01   2.3518E+01  -1.9098E+01
   2.3528E+01  -1.9138E+01  -3.4703E-01  -2.3086E-01  -1.3532E-01  -2.7409E-02
  -7.3084E-02  -1.5615E-02  -1.0038E-01  -3.8524E-02  -1.0041E-01  -3.8142E-02
  -3.4551E-02  -3.3282E-02   1.2983E+00   1.5189E+00   1.3075E+00  -2.3192E-01
  -3.3219E-01  -1.7443E-01  -1.9046E-01   3.4718E-02  -1.2079E-01  -9.1270E-02
   4.8827E-02   1.1096E-01   1.0934E-01   7.6304E-03  -1.5024E-02  -6.2081E-03
  -6.8564E-03   5.4864E-02   2.0744E-02   1.1261E-01   3.9085E-02   6.7975E-02
   3.7527E-02   5.5910E-02  -1.0720E-01  -8.2509E-02   1.1302E-02   5.5236E-02
   7.5667E-02  -3.1774E-02  -3.8901E-02   2.5513E-02   2.5392E-02   6.0811E-02
  -3.4712E-02  -8.8371E-02  -1.6900E-01  -1.3594E-01  -1.2997E-01  -8.7748E-03
  -7.9162E-02  -5.9660E-02   2.0106E-02   7.3706E-02   2.5618E-02  -6.0808E-03
   5.2986E-03  -4.5743E-03  -5.1238E-03   2.4525E-02  -7.5468E-03   4.1508E-02
  -1.3326E-02   1.7795E-02  -5.9492E-03   1.4451E-02  -7.8945E-02  -6.0532E-02
  -5.9943E-03   3.8614E-02   1.6607E-02  -3.3648E-02  -1.4165E-02   1.7556E-02
   1.8228E-02   2.3951E-02  -4.4383E-02
  > Energy =  -3.833495892291E+02 +/-   3.141555632444E-05
  > varE =   4.935633355564E-04

VMC #10:
* Size of Hilbert space =   6.3504E+04
* Deterministic energy evaluation:
  > Deterministic Etot/t = -383.34954477024161
    - Ttot/t = -23.356291296294419
    - Utot/t = 9.5210922032231924
* Number of equil. steps   = 1000
* Running VMC equilibration.
  Done. [total walltime: 0.06s]
* Equil. acc.ratio (%)     =  13.4448
* Sample config after equilibration:
  +---------+
  |  u   u  |
  |2   d   d|
  |0   0   d|
  |  u   2  |
  +---------+
* Number of accum. steps   = 1000192 x 10
* Running VMC accumulation.
  Done. [total walltime: 55.1s]
* Acceptance ratio (%)     =  13.4496
* Etot/t                   =  -3.833495461791E+02 +/-   2.539156160770E-05
  > Ttot/t                 =  -2.335668240378E+01 +/-   4.107128150679E-04
  > Utot/t                 =   9.521481901904E+00 +/-   4.026450984069E-04
* var[Eloc/t]              =   6.309042125318E-04 +/-   1.305807635398E-04
* Correlation length       =   1.022112670193E+00
* log10 Psi^2 range: -18.219008919392472 -- -10.950348225573006
* log10 Pgen range : -18.219008919392472 -- -10.950348225573006
* Site occupation (ave. no. electrons per config.):
  > Site_  ___eu____  ___ed____
      1        0.495      0.494
      2        0.501      0.501
      3        0.501      0.503
      4        0.494      0.495
      5        0.502      0.502
      6        0.503      0.502
      7        0.499      0.501
      8        0.503      0.501
      9        0.500      0.500
     10        0.500      0.501
* Pair-correlation analysis (ave. no. pairs per config.):
  > Shell  nsite  ___dh____  __eueu___  __eued___
      0      1        0          0          1.717
      1      1        0.813      0.725      2.509
      2      1        0.282      0.636      1.119
      3      1        0.161      0.291      0.551
      4      1        0.555      1.330      2.179
      5      1        0.116      1.040      0.969
      6      1        0.142      0.849      1.120
      7      1        0.293      1.778      2.117
      8      1        0.245      2.109      1.888
      9      1        0.243      2.116      1.878
     10      1        0.221      2.178      1.867
     11      1        0.111      0.981      1.037
     12      1        0.227      2.072      1.946
     13      1        0.059      0.478      0.522
     14      1        0.177      1.435      1.566
     15      1        0.115      1.034      0.968
     16      1        0.121      0.946      1.045

VDAGGER finished.
Total VDAGGER walltime: 9h51m

Run ended: Thu Oct  2 14:00:52 CEST 2025
