Run started: Thu Oct  2 14:04:03 CEST 2025
Using VDAGGER_ARCH = gnu7_fkfamd_cluster
Running 1x128 MPI processes.

                               xx
                              +##
                               #X
                               Xx
                          X##XxXxxX##x
                           +   Xx  ++
                               ##
                              +##
                              +##
     ++++         ++          +##
   xX+++##+      ####         +##
  Xx    ###      +X##          ##
 xX    X##+        ##          #X
 +    x##X         #x          #X
      ###         +#           x+
     X##+         #+
     ###         Xx                    _______
     ##X       +X+   __________________VDAGGER
     +##x    +xX     2nd quantized variational
       +xxxxx+       ______quantum Monte Carlo

* Running 128 MPI processes.
* Input file: "input.casl"

############# Start of input file dump #############
General:
  Random seed: timer

Plan:
  VMC-optimization:
    Minimum cycles: 10
    Convergence cycles: 5

System:
  Read Hamiltonian: FCIDUMP_loc_naphthalene
  Read orbitals: LTSC_naphthalene
  Complex orbitals: F
  Site kinds: [ 1, 2, 3, 1, 3, 3, 2, 3, 2, 2 ]
  Geometry:
    r_1: [ 0.00000000000000, 1.34347620379600 ]
    r_4: [ 0.00000000000000, -1.34347620379600 ]
    r_3: [ 2.34629842880300, 2.63976101399600 ]
    r_5: [ -2.34629842880300, -2.63976101399600 ]
    r_6: [ -2.34629842880300, 2.63976101399600 ]
    r_8: [ 2.34629842880300, -2.63976101399600 ]
    r_9: [ 4.58120036880600, 1.33647725770700 ]
    r_2: [ -4.58120036880600, -1.33647725770700 ]
    r_7: [ -4.58120036880600, 1.33647725770700 ]
    r_10: [ 4.58120036880600, -1.33647725770700 ]
    Tolerance: 0.05

VMC:
  nstep: 1000000
  nconfig: 500000

Jastrow: wfn.casl

Backflow: wfn.casl

Multideterminants: wfn.casl
############## End of input file dump ##############

General setup:
* Random seed: 251031154 (from timer)

* Loaded integrals for system with nelec=10, ms2=0, norb=10
* INFO: setting number of electrons from integrals file.
* Analysis of Hamiltonian connecitivity performed:
  - T_ii (local, 1-site): 10 (i) values
  - U_iiii [opp] (local, 1-site): 10 (i) values
  - U_kkii [opp] (local, 2-site): 90 contribs. from 10 (i) values
  - U_kkii [par] (local, 2-site): 45 contribs. from 9 (i) values
  - T_ji (single, 2-site): 90 contribs. from 10 (i) values
  - U_kkji [opp] (single, 2/3-site): 900 contribs. from 90 (i,j) pairs
  - U_kkji [par] (single, 3-site): 810 contribs. from 90 (i,j) pairs
  - U_lkji [opp] (double, 2/3/4-site): 8100 contribs. from 90 (i,j) pairs
  - U_lkji [par] (double, 4-site): 1740 contribs. from 72 (i,j) pairs
  - Max. no. wfn. ratios in Eloc: 1467
* Reading override orbitals from file "LTSC_naphthalene".
* Site labels:
  +--------------+
  |    6     3   |
  | 7     1     9|
  | 2     4    10|
  |    5     8   |
  +--------------+
* Read-in Site kinds:
  [ 1, 2, 3, 1, 3, 3, 2, 3, 2, 2 ]
  +---------+
  |  3   3  |
  |2   1   2|
  |2   1   2|
  |  3   3  |
  +---------+
* Maximum Site kind: 3
* Number of site-pair kinds with Tij=0: 0
* Automatically set Site pair kinds:
  Site 1: [ 0, -7, -4, 3, -8, -4, -9, 8, 9, -7 ]
  Site 2: [ -7, 0, 12, -9, 1, 10, 2, 14, 16, -15 ]
  Site 3: [ -4, 12, 0, -8, -11, 5, -13, -6, -1, 10 ]
  Site 4: [ 3, -9, -8, 0, -4, -8, -7, 4, 7, -9 ]
  Site 5: [ -8, 1, -11, -4, 0, 6, 10, -5, -12, -14 ]
  Site 6: [ -4, 10, 5, -8, 6, 0, 1, 11, 14, 12 ]
  Site 7: [ -9, 2, -13, -7, 10, 1, 0, -12, 15, -16 ]
  Site 8: [ 8, 14, -6, 4, -5, 11, -12, 0, 10, -1 ]
  Site 9: [ 9, 16, -1, 7, -12, 14, 15, 10, 0, -2 ]
  Site 10: [ -7, -15, 10, -9, -14, 12, -16, -1, -2, 0 ]
  For site 1 of kind 1:
  +--------------+
  |   -4    -4   |
  |-9     0     9|
  |-7     3    -7|
  |   -8     8   |
  +--------------+
  For site 2 of kind 2:
  +-------------------+
  |     10      12    |
  |  2      -7      16|
  |  0      -9     -15|
  |      1      14    |
  +-------------------+
  For site 3 of kind 3:
  +-------------------+
  |      5       0    |
  |-13      -4      -1|
  | 12      -8      10|
  |    -11      -6    |
  +-------------------+
* Maximum (unsigned) Site pair kind: 16
General system setup:
* Number of sites       : 10
* Number of electrons   : 10
* Spin imbalance MS2    : 0
* Filling               : 0.500000
* Number of orbitals in pool: 10
* Using real-valued orbitals
* Using double-precision arithmetic for orbitals

Trial wave function setup:
* Jastrow parameter file: "wfn.casl"
* Multideterminant parameter file: "wfn.casl"
* Backflow parameter file: "wfn.casl"
* Not using wave function manipulation

VMC #1:
* Size of Hilbert space =   6.3504E+04
* Deterministic energy evaluation:
  > Deterministic Etot/t = -383.34954477024161
    - Ttot/t = -23.356291296294419
    - Utot/t = 9.5210922032231924
* Number of equil. steps   = 1000
* Running VMC equilibration.
  Done. [total walltime: 0.06s]
* Equil. acc.ratio (%)     =  13.5412
* Sample config after equilibration:
  +---------+
  |  u   2  |
  |d   0   d|
  |u   0   u|
  |  d   2  |
  +---------+
* Number of accum. steps   = 1000192 x 10
* Running VMC accumulation.
  Done. [total walltime: 52.8s]
* Acceptance ratio (%)     =  13.4535
* Etot/t                   =  -3.833495650104E+02 +/-   2.346389830313E-05
  > Ttot/t                 =  -2.335643644600E+01 +/-   4.004133556245E-04
  > Utot/t                 =   9.521217112881E+00 +/-   3.924837901994E-04
* var[Eloc/t]              =   5.070854575723E-04 +/-   7.596122069688E-06
* Correlation length       =   1.085931812528E+00
* log10 Psi^2 range: -17.945506812963000 -- -10.950348225572659
* log10 Pgen range : -17.945506812963000 -- -10.950348225572659
* Site occupation (ave. no. electrons per config.):
  > Site_  ___eu____  ___ed____
      1        0.494      0.494
      2        0.500      0.500
      3        0.503      0.502
      4        0.494      0.495
      5        0.503      0.502
      6        0.502      0.502
      7        0.500      0.500
      8        0.503      0.501
      9        0.501      0.500
     10        0.500      0.502
* Pair-correlation analysis (ave. no. pairs per config.):
  > Shell  nsite  ___dh____  __eueu___  __eued___
      0      1        0          0          1.719
      1      1        0.814      0.726      2.508
      2      1        0.283      0.637      1.118
      3      1        0.162      0.289      0.549
      4      1        0.553      1.331      2.179
      5      1        0.117      1.041      0.968
      6      1        0.142      0.850      1.121
      7      1        0.293      1.779      2.115
      8      1        0.245      2.106      1.889
      9      1        0.245      2.113      1.875
     10      1        0.221      2.177      1.871
     11      1        0.110      0.983      1.039
     12      1        0.228      2.071      1.948
     13      1        0.059      0.479      0.522
     14      1        0.177      1.437      1.567
     15      1        0.115      1.032      0.970
     16      1        0.120      0.948      1.043

Optimization #1:
* Method          : lls
* Target function : energy
* No. of configs. : 500096
* No. of params.  : 123
* Before optimization:
   4.1590E+00   3.8474E+00   4.1792E+00   9.1371E-01   8.4424E-01   9.4759E-01
  -8.9661E+00  -4.1460E+00  -4.1275E+00   3.3765E-01   4.4884E-01  -4.4574E+00
  -4.4526E+00  -4.4128E+00  -4.4079E+00  -4.3670E+00  -4.3613E+00   6.0337E-01
   5.9246E-01   1.6214E-01   9.4730E-02   9.3454E-02   1.3562E-01   1.3652E-01
   1.3562E-01   1.3599E-01  -5.3315E-01  -4.2330E-01  -5.2777E-01  -4.4953E-01
   4.7167E+01  -3.8210E+01   2.3361E+01  -1.9258E+01  -2.2302E-01  -1.0399E-01
  -3.0993E-01  -1.4458E-01   2.3554E+01  -1.9108E+01   2.3518E+01  -1.9098E+01
   2.3528E+01  -1.9138E+01  -3.4703E-01  -2.3086E-01  -1.3532E-01  -2.7409E-02
  -7.3084E-02  -1.5615E-02  -1.0038E-01  -3.8524E-02  -1.0041E-01  -3.8142E-02
  -3.4551E-02  -3.3282E-02   1.2983E+00   1.5189E+00   1.3075E+00  -2.3192E-01
  -3.3219E-01  -1.7443E-01  -1.9046E-01   3.4718E-02  -1.2079E-01  -9.1270E-02
   4.8827E-02   1.1096E-01   1.0934E-01   7.6304E-03  -1.5024E-02  -6.2081E-03
  -6.8564E-03   5.4864E-02   2.0744E-02   1.1261E-01   3.9085E-02   6.7975E-02
   3.7527E-02   5.5910E-02  -1.0720E-01  -8.2509E-02   1.1302E-02   5.5236E-02
   7.5667E-02  -3.1774E-02  -3.8901E-02   2.5513E-02   2.5392E-02   6.0811E-02
  -3.4712E-02  -8.8371E-02  -1.6900E-01  -1.3594E-01  -1.2997E-01  -8.7748E-03
  -7.9162E-02  -5.9660E-02   2.0106E-02   7.3706E-02   2.5618E-02  -6.0808E-03
   5.2986E-03  -4.5743E-03  -5.1238E-03   2.4525E-02  -7.5468E-03   4.1508E-02
  -1.3326E-02   1.7795E-02  -5.9492E-03   1.4451E-02  -7.8945E-02  -6.0532E-02
  -5.9943E-03   3.8614E-02   1.6607E-02  -3.3648E-02  -1.4165E-02   1.7556E-02
   1.8228E-02   2.3951E-02  -4.4383E-02
  > E    =  -3.833495664609E+02 +/-   3.191595197102E-05
  > varE =   5.094117833952E-04
* Computing derivatives.
    [walltime: 1m elapsed, 46m15s remaining]
  Done. [total walltime: 47m5s]
* Optimizing manipulation constant:
  #igrid a___________ E____________________________________ varE____________
     1     Infinity    -3.83349566E+02 +/-   3.19159520E-05   5.09411783E-04
     2     1.0000E+06  -3.83349566E+02 +/-   3.19159460E-05   5.09411594E-04
     3     2.1544E+05  -3.83349566E+02 +/-   3.19159245E-05   5.09410906E-04
     4     4.6416E+04  -3.83349566E+02 +/-   3.19158244E-05   5.09407712E-04
     5     1.0000E+04  -3.83349566E+02 +/-   3.19153609E-05   5.09392916E-04
     6     2.1544E+03  -3.83349567E+02 +/-   3.19132291E-05   5.09324868E-04
     7     4.6416E+02  -3.83349567E+02 +/-   3.19037556E-05   5.09022525E-04
     8     1.0000E+02  -3.83349568E+02 +/-   3.18687041E-05   5.07904648E-04
     9     2.1544E+01  -3.83349566E+02 +/-   3.18989128E-05   5.08868004E-04
    10     4.6416E+00  -3.83349130E+02 +/-   4.12502146E-05   8.50953453E-04
    11     1.0000E+00  -3.83346186E+02 +/-   7.80765838E-05   3.04856168E-03
    12     2.1544E-01  -3.82211582E+02 +/-   9.73432926E-04   4.73876798E-01
    13     4.6416E-02  -3.82171022E+02 +/-   5.72030651E-04   1.63640946E-01
    14     1.0000E-02  -3.82171021E+02 +/-   7.50158393E-08   2.81422830E-09
    15     2.1544E-03  -3.80444337E+02 +/-   1.37279485E-08   9.42463773E-11
    16     4.6416E-04  -3.80444337E+02 +/-   1.42677576E-05   1.01803996E-04
    17     1.0000E-04  -3.80444337E+02 +/-   1.42677280E-05   1.01803573E-04
    18     2.1544E-05  -3.80444337E+02 +/-   1.42677217E-05   1.01803484E-04
    19     4.6416E-06  -3.80444337E+02 +/-   1.42677204E-05   1.01803465E-04
    20     1.0000E-06  -3.80444337E+02 +/-   1.42677201E-05   1.01803461E-04
    21     0.0000E+00  -3.80444337E+02 +/-   1.42677200E-05   1.01803460E-04
* Iteration # 1: E =  -3.833495683238E+02 +/-   3.186870406153E-05
* Convergence: exiting.
* After optimization:
   4.1757E+00   3.8640E+00   4.1958E+00   9.0520E-01   8.3562E-01   9.4751E-01
  -8.9621E+00  -4.1525E+00  -4.1339E+00   3.2089E-01   4.3219E-01  -4.4553E+00
  -4.4505E+00  -4.4191E+00  -4.4142E+00  -4.3650E+00  -4.3592E+00   5.9498E-01
   5.8402E-01   1.4540E-01   8.6369E-02   8.5083E-02   1.2726E-01   1.2812E-01
   1.2726E-01   1.2762E-01  -4.9151E-01  -4.5662E-01  -5.2774E-01  -4.4955E-01
   4.7146E+01  -3.8194E+01   2.3393E+01  -1.9283E+01  -1.3964E-01  -1.7054E-01
  -2.2660E-01  -2.1120E-01   2.3544E+01  -1.9100E+01   2.3550E+01  -1.9123E+01
   2.3518E+01  -1.9130E+01  -3.0536E-01  -2.6415E-01  -5.2037E-02  -9.3971E-02
  -3.1446E-02  -4.8951E-02  -5.8727E-02  -7.1822E-02  -5.8774E-02  -7.1432E-02
  -3.4628E-02  -3.3383E-02   1.3071E+00   1.5295E+00   1.3166E+00  -2.3447E-01
  -3.3548E-01  -1.7625E-01  -1.9234E-01   3.5026E-02  -1.2193E-01  -9.2101E-02
   4.9309E-02   1.1220E-01   1.1049E-01   7.7591E-03  -1.5031E-02  -6.3925E-03
  -7.0179E-03   5.5433E-02   2.0786E-02   1.1279E-01   3.8565E-02   6.7749E-02
   3.7418E-02   5.6262E-02  -1.0797E-01  -8.2903E-02   1.1362E-02   5.5689E-02
   7.6429E-02  -3.1961E-02  -3.9124E-02   2.5451E-02   2.5317E-02   6.1332E-02
  -3.4896E-02  -8.9202E-02  -1.6979E-01  -1.3637E-01  -1.3046E-01  -8.7622E-03
  -7.9240E-02  -5.9763E-02   2.0320E-02   7.4002E-02   2.5811E-02  -6.0549E-03
   5.3254E-03  -4.6610E-03  -5.2253E-03   2.4641E-02  -7.5467E-03   4.0799E-02
  -1.4026E-02   1.7377E-02  -6.3348E-03   1.4417E-02  -7.8816E-02  -6.0371E-02
  -5.8948E-03   3.8660E-02   1.6683E-02  -3.3653E-02  -1.4166E-02   1.7384E-02
   1.8040E-02   2.4011E-02  -4.4288E-02
  > Energy =  -3.833495683238E+02 +/-   3.186870406153E-05
  > varE =   5.079046482534E-04

VMC #2:
* Size of Hilbert space =   6.3504E+04
* Deterministic energy evaluation:
  > Deterministic Etot/t = -383.34954656254126
    - Ttot/t = -23.356315006359164
    - Utot/t = 9.5211141209882193
* Number of equil. steps   = 1000
* Running VMC equilibration.
  Done. [total walltime: 0.06s]
* Equil. acc.ratio (%)     =  13.3693
* Sample config after equilibration:
  +---------+
  |  0   2  |
  |2   0   d|
  |u   2   u|
  |  d   0  |
  +---------+
* Number of accum. steps   = 1000192 x 10
* Running VMC accumulation.
  Done. [total walltime: 53.9s]
* Acceptance ratio (%)     =  13.3838
* Etot/t                   =  -3.833495720359E+02 +/-   2.248350112851E-05
  > Ttot/t                 =  -2.335581116643E+01 +/-   4.103912072042E-04
  > Utot/t                 =   9.520584807665E+00 +/-   4.025397057043E-04
* var[Eloc/t]              =   4.923157422405E-04 +/-   4.848862338259E-06
* Correlation length       =   1.026993120709E+00
* log10 Psi^2 range: -17.620570345134940 -- -10.941769321931105
* log10 Pgen range : -17.620570345134940 -- -10.941769321931105
* Site occupation (ave. no. electrons per config.):
  > Site_  ___eu____  ___ed____
      1        0.495      0.495
      2        0.500      0.500
      3        0.503      0.501
      4        0.496      0.495
      5        0.502      0.503
      6        0.501      0.502
      7        0.501      0.501
      8        0.501      0.502
      9        0.500      0.501
     10        0.502      0.500
* Pair-correlation analysis (ave. no. pairs per config.):
  > Shell  nsite  ___dh____  __eueu___  __eued___
      0      1        0          0          1.717
      1      1        0.813      0.726      2.507
      2      1        0.283      0.637      1.118
      3      1        0.161      0.292      0.551
      4      1        0.553      1.331      2.180
      5      1        0.116      1.040      0.966
      6      1        0.142      0.849      1.117
      7      1        0.292      1.782      2.116
      8      1        0.244      2.106      1.890
      9      1        0.242      2.116      1.881
     10      1        0.220      2.175      1.871
     11      1        0.111      0.980      1.037
     12      1        0.227      2.071      1.946
     13      1        0.058      0.478      0.523
     14      1        0.178      1.434      1.566
     15      1        0.115      1.034      0.968
     16      1        0.120      0.948      1.045

Optimization #2:
* Method          : lls
* Target function : energy
* No. of configs. : 500096
* No. of params.  : 123
* Before optimization:
   4.1757E+00   3.8640E+00   4.1958E+00   9.0520E-01   8.3562E-01   9.4751E-01
  -8.9621E+00  -4.1525E+00  -4.1339E+00   3.2089E-01   4.3219E-01  -4.4553E+00
  -4.4505E+00  -4.4191E+00  -4.4142E+00  -4.3650E+00  -4.3592E+00   5.9498E-01
   5.8402E-01   1.4540E-01   8.6369E-02   8.5083E-02   1.2726E-01   1.2812E-01
   1.2726E-01   1.2762E-01  -4.9151E-01  -4.5662E-01  -5.2774E-01  -4.4955E-01
   4.7146E+01  -3.8194E+01   2.3393E+01  -1.9283E+01  -1.3964E-01  -1.7054E-01
  -2.2660E-01  -2.1120E-01   2.3544E+01  -1.9100E+01   2.3550E+01  -1.9123E+01
   2.3518E+01  -1.9130E+01  -3.0536E-01  -2.6415E-01  -5.2037E-02  -9.3971E-02
  -3.1446E-02  -4.8951E-02  -5.8727E-02  -7.1822E-02  -5.8774E-02  -7.1432E-02
  -3.4628E-02  -3.3383E-02   1.3071E+00   1.5295E+00   1.3166E+00  -2.3447E-01
  -3.3548E-01  -1.7625E-01  -1.9234E-01   3.5026E-02  -1.2193E-01  -9.2101E-02
   4.9309E-02   1.1220E-01   1.1049E-01   7.7591E-03  -1.5031E-02  -6.3925E-03
  -7.0179E-03   5.5433E-02   2.0786E-02   1.1279E-01   3.8565E-02   6.7749E-02
   3.7418E-02   5.6262E-02  -1.0797E-01  -8.2903E-02   1.1362E-02   5.5689E-02
   7.6429E-02  -3.1961E-02  -3.9124E-02   2.5451E-02   2.5317E-02   6.1332E-02
  -3.4896E-02  -8.9202E-02  -1.6979E-01  -1.3637E-01  -1.3046E-01  -8.7622E-03
  -7.9240E-02  -5.9763E-02   2.0320E-02   7.4002E-02   2.5811E-02  -6.0549E-03
   5.3254E-03  -4.6610E-03  -5.2253E-03   2.4641E-02  -7.5467E-03   4.0799E-02
  -1.4026E-02   1.7377E-02  -6.3348E-03   1.4417E-02  -7.8816E-02  -6.0371E-02
  -5.8948E-03   3.8660E-02   1.6683E-02  -3.3653E-02  -1.4166E-02   1.7384E-02
   1.8040E-02   2.4011E-02  -4.4288E-02
  > E    =  -3.833495658267E+02 +/-   3.124402088016E-05
  > varE =   4.881881345085E-04
* Computing derivatives.
    [walltime: 1m elapsed, 46m12s remaining]
  Done. [total walltime: 46m56s]
* Optimizing manipulation constant:
  #igrid a___________ E____________________________________ varE____________
     1     Infinity    -3.83349566E+02 +/-   3.12440209E-05   4.88188135E-04
     2     1.0000E+06  -3.83349566E+02 +/-   3.12440151E-05   4.88187954E-04
     3     2.1544E+05  -3.83349566E+02 +/-   3.12439940E-05   4.88187295E-04
     4     4.6416E+04  -3.83349566E+02 +/-   3.12438965E-05   4.88184248E-04
     5     1.0000E+04  -3.83349566E+02 +/-   3.12434506E-05   4.88170313E-04
     6     2.1544E+03  -3.83349566E+02 +/-   3.12415243E-05   4.88110119E-04
     7     4.6416E+02  -3.83349566E+02 +/-   3.12356519E-05   4.87926639E-04
     8     1.0000E+02  -3.83349564E+02 +/-   3.12736392E-05   4.89114147E-04
     9     2.1544E+01  -3.83349472E+02 +/-   3.31695587E-05   5.50215433E-04
    10     4.6416E+00  -3.83344016E+02 +/-   9.81510561E-05   4.81773973E-03
    11     1.0000E+00  -3.83232888E+02 +/-   4.26986536E-04   9.11762532E-02
    12     2.1544E-01  -3.82165225E+02 +/-   1.07814981E-03   5.81315094E-01
    13     4.6416E-02  -3.82143720E+02 +/-   1.07901246E-03   5.82245717E-01
    14     1.0000E-02  -3.82155402E+02 +/-   1.08061516E-03   5.83976662E-01
    15     2.1544E-03  -3.82164006E+02 +/-   1.07923418E-03   5.82485026E-01
    16     4.6416E-04  -3.82179513E+02 +/-   1.07665491E-03   5.79704179E-01
    17     1.0000E-04  -3.82192824E+02 +/-   1.07434533E-03   5.77219745E-01
    18     2.1544E-05  -3.82190297E+02 +/-   1.07479064E-03   5.77698358E-01
    19     4.6416E-06  -3.82189773E+02 +/-   1.07488251E-03   5.77797118E-01
    20     1.0000E-06  -3.82189661E+02 +/-   1.07490212E-03   5.77818200E-01
    21     0.0000E+00  -3.82189630E+02 +/-   1.07490749E-03   5.77823977E-01
* Iteration # 1: E =  -3.833495661584E+02 +/-   3.123565191051E-05
* Convergence: exiting.
* After optimization:
   4.1683E+00   3.8565E+00   4.1884E+00   9.0516E-01   8.3553E-01   9.4748E-01
  -8.9618E+00  -4.1524E+00  -4.1338E+00   3.2082E-01   4.3214E-01  -4.4552E+00
  -4.4504E+00  -4.4190E+00  -4.4141E+00  -4.3649E+00  -4.3591E+00   5.9494E-01
   5.8398E-01   1.4534E-01   8.6340E-02   8.5050E-02   1.2723E-01   1.2809E-01
   1.2723E-01   1.2758E-01  -4.9136E-01  -4.5677E-01  -5.2774E-01  -4.4954E-01
   4.7145E+01  -3.8193E+01   2.3392E+01  -1.9283E+01  -1.3932E-01  -1.7080E-01
  -2.2628E-01  -2.1148E-01   2.3543E+01  -1.9099E+01   2.3549E+01  -1.9122E+01
   2.3517E+01  -1.9129E+01  -3.0519E-01  -2.6428E-01  -5.1715E-02  -9.4241E-02
  -3.1284E-02  -4.9088E-02  -5.8569E-02  -7.1955E-02  -5.8616E-02  -7.1566E-02
  -3.4649E-02  -3.3406E-02   1.3119E+00   1.5353E+00   1.3215E+00  -2.3552E-01
  -3.3697E-01  -1.7698E-01  -1.9314E-01   3.5164E-02  -1.2241E-01  -9.2447E-02
   4.9492E-02   1.1270E-01   1.1098E-01   7.7687E-03  -1.5082E-02  -6.4407E-03
  -7.0695E-03   5.5667E-02   2.0848E-02   1.1311E-01   3.8588E-02   6.7855E-02
   3.7498E-02   5.6442E-02  -1.0834E-01  -8.3156E-02   1.1414E-02   5.5904E-02
   7.6747E-02  -3.2067E-02  -3.9254E-02   2.5476E-02   2.5341E-02   6.1594E-02
  -3.5012E-02  -8.9370E-02  -1.6996E-01  -1.3644E-01  -1.3055E-01  -8.7529E-03
  -7.9246E-02  -5.9767E-02   2.0322E-02   7.4047E-02   2.5840E-02  -6.0633E-03
   5.3180E-03  -4.6839E-03  -5.2481E-03   2.4655E-02  -7.5433E-03   4.0651E-02
  -1.4153E-02   1.7257E-02  -6.4162E-03   1.4396E-02  -7.8778E-02  -6.0329E-02
  -5.8830E-03   3.8657E-02   1.6676E-02  -3.3632E-02  -1.4165E-02   1.7329E-02
   1.7984E-02   2.4032E-02  -4.4265E-02
  > Energy =  -3.833495661584E+02 +/-   3.123565191051E-05
  > varE =   4.879266390684E-04

VMC #3:
* Size of Hilbert space =   6.3504E+04
* Deterministic energy evaluation:
  > Deterministic Etot/t = -383.34954689866652
    - Ttot/t = -23.356318474582281
    - Utot/t = 9.5211172530860946
* Number of equil. steps   = 1000
* Running VMC equilibration.
  Done. [total walltime: 0.06s]
* Equil. acc.ratio (%)     =  13.4123
* Sample config after equilibration:
  +---------+
  |  u   u  |
  |d   d   d|
  |u   u   2|
  |  d   0  |
  +---------+
* Number of accum. steps   = 1000192 x 10
* Running VMC accumulation.
  Done. [total walltime: 53.2s]
* Acceptance ratio (%)     =  13.3351
* Etot/t                   =  -3.833495695793E+02 +/-   2.300548761974E-05
  > Ttot/t                 =  -2.335698181443E+01 +/-   3.905707222063E-04
  > Utot/t                 =   9.521757912282E+00 +/-   3.822159079828E-04
* var[Eloc/t]              =   4.967922544866E-04 +/-   5.734423895973E-06
* Correlation length       =   1.065544143078E+00
* log10 Psi^2 range: -17.630154002004684 -- -10.940269695678785
* log10 Pgen range : -17.630154002004684 -- -10.940269695678785
* Site occupation (ave. no. electrons per config.):
  > Site_  ___eu____  ___ed____
      1        0.494      0.495
      2        0.501      0.500
      3        0.503      0.501
      4        0.495      0.495
      5        0.503      0.501
      6        0.502      0.503
      7        0.501      0.500
      8        0.503      0.501
      9        0.500      0.501
     10        0.499      0.502
* Pair-correlation analysis (ave. no. pairs per config.):
  > Shell  nsite  ___dh____  __eueu___  __eued___
      0      1        0          0          1.721
      1      1        0.814      0.727      2.506
      2      1        0.284      0.636      1.117
      3      1        0.161      0.291      0.550
      4      1        0.556      1.329      2.179
      5      1        0.117      1.040      0.968
      6      1        0.143      0.849      1.118
      7      1        0.294      1.781      2.115
      8      1        0.244      2.108      1.889
      9      1        0.243      2.115      1.880
     10      1        0.220      2.177      1.872
     11      1        0.111      0.980      1.038
     12      1        0.228      2.072      1.945
     13      1        0.060      0.478      0.522
     14      1        0.177      1.436      1.566
     15      1        0.115      1.035      0.970
     16      1        0.121      0.946      1.045

Optimization #3:
* Method          : lls
* Target function : energy
* No. of configs. : 500096
* No. of params.  : 123
* Before optimization:
   4.1683E+00   3.8565E+00   4.1884E+00   9.0516E-01   8.3553E-01   9.4748E-01
  -8.9618E+00  -4.1524E+00  -4.1338E+00   3.2082E-01   4.3214E-01  -4.4552E+00
  -4.4504E+00  -4.4190E+00  -4.4141E+00  -4.3649E+00  -4.3591E+00   5.9494E-01
   5.8398E-01   1.4534E-01   8.6340E-02   8.5050E-02   1.2723E-01   1.2809E-01
   1.2723E-01   1.2758E-01  -4.9136E-01  -4.5677E-01  -5.2774E-01  -4.4954E-01
   4.7145E+01  -3.8193E+01   2.3392E+01  -1.9283E+01  -1.3932E-01  -1.7080E-01
  -2.2628E-01  -2.1148E-01   2.3543E+01  -1.9099E+01   2.3549E+01  -1.9122E+01
   2.3517E+01  -1.9129E+01  -3.0519E-01  -2.6428E-01  -5.1715E-02  -9.4241E-02
  -3.1284E-02  -4.9088E-02  -5.8569E-02  -7.1955E-02  -5.8616E-02  -7.1566E-02
  -3.4649E-02  -3.3406E-02   1.3119E+00   1.5353E+00   1.3215E+00  -2.3552E-01
  -3.3697E-01  -1.7698E-01  -1.9314E-01   3.5164E-02  -1.2241E-01  -9.2447E-02
   4.9492E-02   1.1270E-01   1.1098E-01   7.7687E-03  -1.5082E-02  -6.4407E-03
  -7.0695E-03   5.5667E-02   2.0848E-02   1.1311E-01   3.8588E-02   6.7855E-02
   3.7498E-02   5.6442E-02  -1.0834E-01  -8.3156E-02   1.1414E-02   5.5904E-02
   7.6747E-02  -3.2067E-02  -3.9254E-02   2.5476E-02   2.5341E-02   6.1594E-02
  -3.5012E-02  -8.9370E-02  -1.6996E-01  -1.3644E-01  -1.3055E-01  -8.7529E-03
  -7.9246E-02  -5.9767E-02   2.0322E-02   7.4047E-02   2.5840E-02  -6.0633E-03
   5.3180E-03  -4.6839E-03  -5.2481E-03   2.4655E-02  -7.5433E-03   4.0651E-02
  -1.4153E-02   1.7257E-02  -6.4162E-03   1.4396E-02  -7.8778E-02  -6.0329E-02
  -5.8830E-03   3.8657E-02   1.6676E-02  -3.3632E-02  -1.4165E-02   1.7329E-02
   1.7984E-02   2.4032E-02  -4.4265E-02
  > E    =  -3.833495697523E+02 +/-   3.153635265393E-05
  > varE =   4.973662453443E-04
* Computing derivatives.
    [walltime: 1m1s elapsed, 46m18s remaining]
  Done. [total walltime: 47m7s]
* Optimizing manipulation constant:
  #igrid a___________ E____________________________________ varE____________
     1     Infinity    -3.83349570E+02 +/-   3.15363527E-05   4.97366245E-04
     2     1.0000E+06  -3.83349570E+02 +/-   3.15363469E-05   4.97366064E-04
     3     2.1544E+05  -3.83349570E+02 +/-   3.15363259E-05   4.97365402E-04
     4     4.6416E+04  -3.83349570E+02 +/-   3.15362286E-05   4.97362331E-04
     5     1.0000E+04  -3.83349570E+02 +/-   3.15357767E-05   4.97348078E-04
     6     2.1544E+03  -3.83349570E+02 +/-   3.15336800E-05   4.97281948E-04
     7     4.6416E+02  -3.83349570E+02 +/-   3.15239661E-05   4.96975621E-04
     8     1.0000E+02  -3.83349572E+02 +/-   3.14792624E-05   4.95567112E-04
     9     2.1544E+01  -3.83349580E+02 +/-   3.12801164E-05   4.89316772E-04
    10     4.6416E+00  -3.83349609E+02 +/-   3.05281163E-05   4.66072413E-04
    11     1.0000E+00  -3.83349671E+02 +/-   2.88899037E-05   4.17393391E-04
    12     2.1544E-01  -3.83349711E+02 +/-   2.78221659E-05   3.87110768E-04
    13     4.6416E-02  -3.83342135E+02 +/-   1.17339362E-04   6.88558477E-03
    14     1.0000E-02  -3.83214130E+02 +/-   4.60466619E-04   1.06035109E-01
    15     2.1544E-03  -3.82236597E+02 +/-   1.06288641E-03   5.64972212E-01
    16     4.6416E-04  -3.82425576E+02 +/-   1.03178589E-03   5.32393256E-01
    17     1.0000E-04  -3.81298303E+02 +/-   1.18916507E-03   7.07192537E-01
    18     2.1544E-05  -3.81175512E+02 +/-   1.17156173E-03   6.86410213E-01
    19     4.6416E-06  -3.81153790E+02 +/-   1.16775313E-03   6.81954597E-01
    20     1.0000E-06  -3.81149307E+02 +/-   1.16694115E-03   6.81006548E-01
    21     0.0000E+00  -3.81148087E+02 +/-   1.16671879E-03   6.80747049E-01
  ParMin   4.6029E-01  -3.83349709E+02 +/-   2.77879668E-05   3.86159677E-04
  # Using grid point #12
* Iteration # 1: E =  -3.833497109466E+02 +/-   2.782216588933E-05
* Computing derivatives.
    [walltime: 1m elapsed, 46m3s remaining]
  Done. [total walltime: 47m7s]
* Optimizing manipulation constant:
  #igrid a___________ E____________________________________ varE____________
     1     Infinity    -3.83349711E+02 +/-   2.78221659E-05   3.87110768E-04
     2     1.0000E+06  -3.83349711E+02 +/-   2.78221638E-05   3.87110710E-04
     3     2.1544E+05  -3.83349711E+02 +/-   2.78221562E-05   3.87110499E-04
     4     4.6416E+04  -3.83349711E+02 +/-   2.78221209E-05   3.87109516E-04
     5     1.0000E+04  -3.83349711E+02 +/-   2.78219571E-05   3.87104958E-04
     6     2.1544E+03  -3.83349711E+02 +/-   2.78211972E-05   3.87083813E-04
     7     4.6416E+02  -3.83349711E+02 +/-   2.78176817E-05   3.86985994E-04
     8     1.0000E+02  -3.83349712E+02 +/-   2.78016049E-05   3.86538819E-04
     9     2.1544E+01  -3.83349713E+02 +/-   2.77318317E-05   3.84601074E-04
    10     4.6416E+00  -3.83349720E+02 +/-   2.74868735E-05   3.77836639E-04
    11     1.0000E+00  -3.83349733E+02 +/-   2.70490529E-05   3.65895871E-04
    12     2.1544E-01  -3.83349735E+02 +/-   2.69754365E-05   3.63906945E-04
    13     4.6416E-02  -3.83349729E+02 +/-   2.71644354E-05   3.69024113E-04
    14     1.0000E-02  -3.83349726E+02 +/-   2.72464922E-05   3.71256936E-04
    15     2.1544E-03  -3.83349725E+02 +/-   2.72671725E-05   3.71820724E-04
    16     4.6416E-04  -3.83349725E+02 +/-   2.72717834E-05   3.71946486E-04
    17     1.0000E-04  -3.83349725E+02 +/-   2.72727842E-05   3.71973785E-04
    18     2.1544E-05  -3.83349725E+02 +/-   2.72730002E-05   3.71979676E-04
    19     4.6416E-06  -3.83349725E+02 +/-   2.72730467E-05   3.71980946E-04
    20     1.0000E-06  -3.83349725E+02 +/-   2.72730568E-05   3.71981219E-04
    21     0.0000E+00  -3.83349725E+02 +/-   2.72730595E-05   3.71981294E-04
* Iteration # 2: E =  -3.833497351348E+02 +/-   2.697543652552E-05
* Computing derivatives.
    [walltime: 1m elapsed, 46m10s remaining]
  Done. [total walltime: 47m8s]
* Optimizing manipulation constant:
  #igrid a___________ E____________________________________ varE____________
     1     Infinity    -3.83349735E+02 +/-   2.69754365E-05   3.63906945E-04
     2     1.0000E+06  -3.83349735E+02 +/-   2.69754356E-05   3.63906919E-04
     3     2.1544E+05  -3.83349735E+02 +/-   2.69754322E-05   3.63906828E-04
     4     4.6416E+04  -3.83349735E+02 +/-   2.69754164E-05   3.63906402E-04
     5     1.0000E+04  -3.83349735E+02 +/-   2.69753431E-05   3.63904424E-04
     6     2.1544E+03  -3.83349735E+02 +/-   2.69750032E-05   3.63895254E-04
     7     4.6416E+02  -3.83349735E+02 +/-   2.69734310E-05   3.63852836E-04
     8     1.0000E+02  -3.83349735E+02 +/-   2.69662464E-05   3.63659032E-04
     9     2.1544E+01  -3.83349736E+02 +/-   2.69351690E-05   3.62821312E-04
    10     4.6416E+00  -3.83349740E+02 +/-   2.68274546E-05   3.59925252E-04
    11     1.0000E+00  -3.83349747E+02 +/-   2.66360040E-05   3.54806464E-04
    12     2.1544E-01  -3.83349753E+02 +/-   2.65545601E-05   3.52640026E-04
    13     4.6416E-02  -3.83349755E+02 +/-   2.65762901E-05   3.53217401E-04
    14     1.0000E-02  -3.83349754E+02 +/-   2.65913158E-05   3.53616919E-04
    15     2.1544E-03  -3.83349754E+02 +/-   2.65954038E-05   3.53725654E-04
    16     4.6416E-04  -3.83349754E+02 +/-   2.65963304E-05   3.53750302E-04
    17     1.0000E-04  -3.83349754E+02 +/-   2.65965322E-05   3.53755671E-04
    18     2.1544E-05  -3.83349754E+02 +/-   2.65965758E-05   3.53756830E-04
    19     4.6416E-06  -3.83349754E+02 +/-   2.65965852E-05   3.53757080E-04
    20     1.0000E-06  -3.83349754E+02 +/-   2.65965872E-05   3.53757134E-04
    21     0.0000E+00  -3.83349754E+02 +/-   2.65965878E-05   3.53757149E-04
* Iteration # 3: E =  -3.833497545445E+02 +/-   2.657629005154E-05
* Computing derivatives.
    [walltime: 1m elapsed, 46m11s remaining]
  Done. [total walltime: 47m8s]
* Optimizing manipulation constant:
  #igrid a___________ E____________________________________ varE____________
     1     Infinity    -3.83349755E+02 +/-   2.65762901E-05   3.53217401E-04
     2     1.0000E+06  -3.83349755E+02 +/-   2.65762899E-05   3.53217398E-04
     3     2.1544E+05  -3.83349755E+02 +/-   2.65762895E-05   3.53217387E-04
     4     4.6416E+04  -3.83349755E+02 +/-   2.65762876E-05   3.53217335E-04
     5     1.0000E+04  -3.83349755E+02 +/-   2.65762786E-05   3.53217096E-04
     6     2.1544E+03  -3.83349755E+02 +/-   2.65762368E-05   3.53215986E-04
     7     4.6416E+02  -3.83349755E+02 +/-   2.65760436E-05   3.53210849E-04
     8     1.0000E+02  -3.83349755E+02 +/-   2.65751614E-05   3.53187400E-04
     9     2.1544E+01  -3.83349755E+02 +/-   2.65713624E-05   3.53086431E-04
    10     4.6416E+00  -3.83349755E+02 +/-   2.65585697E-05   3.52746526E-04
    11     1.0000E+00  -3.83349756E+02 +/-   2.65405193E-05   3.52267206E-04
    12     2.1544E-01  -3.83349756E+02 +/-   2.65455508E-05   3.52400781E-04
    13     4.6416E-02  -3.83349756E+02 +/-   2.65561300E-05   3.52681721E-04
    14     1.0000E-02  -3.83349756E+02 +/-   2.65597312E-05   3.52777380E-04
    15     2.1544E-03  -3.83349756E+02 +/-   2.65605869E-05   3.52800113E-04
    16     4.6416E-04  -3.83349756E+02 +/-   2.65607752E-05   3.52805115E-04
    17     1.0000E-04  -3.83349756E+02 +/-   2.65608159E-05   3.52806197E-04
    18     2.1544E-05  -3.83349756E+02 +/-   2.65608247E-05   3.52806430E-04
    19     4.6416E-06  -3.83349756E+02 +/-   2.65608266E-05   3.52806481E-04
    20     1.0000E-06  -3.83349756E+02 +/-   2.65608270E-05   3.52806491E-04
    21     0.0000E+00  -3.83349756E+02 +/-   2.65608271E-05   3.52806494E-04
* Iteration # 4: E =  -3.833497564340E+02 +/-   2.654555077165E-05
* Convergence: exiting.
* After optimization:
   4.4505E+00   4.1089E+00   4.4898E+00   8.9677E-01   8.0284E-01   9.2968E-01
  -9.0308E+00  -4.1794E+00  -4.1539E+00   3.3794E-01   4.7146E-01  -4.4820E+00
  -4.4778E+00  -4.4344E+00  -4.4305E+00  -4.3994E+00  -4.3859E+00   6.0001E-01
   5.8286E-01   1.6956E-01   9.7367E-02   9.4787E-02   1.3706E-01   1.3493E-01
   1.3759E-01   1.3565E-01  -5.3583E-01  -4.2935E-01  -5.2792E-01  -4.3559E-01
   4.7486E+01  -3.8468E+01   2.3508E+01  -1.9383E+01  -2.4566E-01  -8.4586E-02
  -3.4426E-01  -1.3796E-01   2.3710E+01  -1.9237E+01   2.3663E+01  -1.9223E+01
   2.3688E+01  -1.9269E+01  -3.5321E-01  -2.1825E-01  -1.5734E-01  -1.4077E-02
  -8.3007E-02  -9.9595E-03  -1.1163E-01  -2.9045E-02  -1.1152E-01  -2.9229E-02
  -3.9594E-02  -4.9423E-02   1.2003E+00   1.4933E+00   1.2371E+00  -3.4319E-01
  -4.9009E-01  -2.2759E-01  -2.3552E-01   3.2729E-02  -1.5549E-01  -9.2333E-02
   4.5383E-02   1.5505E-01   1.5636E-01  -9.4758E-03  -1.1270E-02  -1.6244E-02
  -1.5332E-02   7.6224E-02   1.0439E-02   1.7696E-02  -7.7669E-02  -2.9670E-02
  -2.0398E-02   3.4273E-02  -1.0108E-01  -4.9356E-02   8.3256E-03   6.5152E-02
   8.9985E-02  -3.9000E-02  -4.0715E-02  -1.4879E-02  -1.5816E-02   9.9370E-02
  -4.4259E-02  -2.1199E-01  -2.9954E-01  -1.9578E-01  -1.9165E-01  -2.4180E-03
  -9.6965E-02  -6.0556E-02   2.2942E-02   1.0412E-01   5.3077E-02  -1.3910E-02
   3.3550E-03  -2.1811E-02  -2.2570E-02   3.0133E-02  -1.1561E-02  -7.8563E-02
  -1.0856E-01  -6.3182E-02  -7.2057E-02   7.3268E-03  -5.8084E-02  -3.3758E-02
  -4.1239E-03   4.6302E-02   1.7505E-02  -3.3863E-02  -2.0189E-02  -2.1236E-02
  -2.2048E-02   4.4476E-02  -4.7945E-02
  > Energy =  -3.833497564340E+02 +/-   2.654555077165E-05
  > varE =   3.524007808468E-04

VMC #4:
* Size of Hilbert space =   6.3504E+04
* Deterministic energy evaluation:
  > Deterministic Etot/t = -383.34975108258647
    - Ttot/t = -23.365046423461024
    - Utot/t = 9.5296410180448472
* Number of equil. steps   = 1000
* Running VMC equilibration.
  Done. [total walltime: 0.06s]
* Equil. acc.ratio (%)     =  14.9739
* Sample config after equilibration:
  +---------+
  |  u   u  |
  |2   d   d|
  |0   u   2|
  |  d   0  |
  +---------+
* Number of accum. steps   = 1000192 x 10
* Running VMC accumulation.
  Done. [total walltime: 54.3s]
* Acceptance ratio (%)     =  14.9418
* Etot/t                   =  -3.833497633291E+02 +/-   1.928211813502E-05
  > Ttot/t                 =  -2.336530050089E+01 +/-   3.824044722534E-04
  > Utot/t                 =   9.529882848991E+00 +/-   3.820810840132E-04
* var[Eloc/t]              =   3.569197674501E-04 +/-   5.551377888440E-06
* Correlation length       =   1.041890921439E+00
* log10 Psi^2 range: -16.694188333622041 -- -9.8266460460944565
* log10 Pgen range : -16.694188333622041 -- -9.8266460460944565
* Site occupation (ave. no. electrons per config.):
  > Site_  ___eu____  ___ed____
      1        0.498      0.497
      2        0.500      0.501
      3        0.501      0.500
      4        0.497      0.499
      5        0.501      0.499
      6        0.499      0.501
      7        0.502      0.500
      8        0.500      0.499
      9        0.502      0.501
     10        0.500      0.502
* Pair-correlation analysis (ave. no. pairs per config.):
  > Shell  nsite  ___dh____  __eueu___  __eued___
      0      1        0          0          1.740
      1      1        0.831      0.717      2.487
      2      1        0.287      0.645      1.111
      3      1        0.162      0.296      0.556
      4      1        0.556      1.341      2.176
      5      1        0.120      1.027      0.965
      6      1        0.145      0.846      1.106
      7      1        0.298      1.798      2.126
      8      1        0.248      2.107      1.898
      9      1        0.248      2.124      1.897
     10      1        0.226      2.163      1.873
     11      1        0.114      0.979      1.025
     12      1        0.235      2.058      1.946
     13      1        0.060      0.480      0.520
     14      1        0.183      1.435      1.556
     15      1        0.119      1.032      0.974
     16      1        0.124      0.952      1.044

Optimization #4:
* Method          : lls
* Target function : energy
* No. of configs. : 500096
* No. of params.  : 123
* Before optimization:
   4.4505E+00   4.1089E+00   4.4898E+00   8.9677E-01   8.0284E-01   9.2968E-01
  -9.0308E+00  -4.1794E+00  -4.1539E+00   3.3794E-01   4.7146E-01  -4.4820E+00
  -4.4778E+00  -4.4344E+00  -4.4305E+00  -4.3994E+00  -4.3859E+00   6.0001E-01
   5.8286E-01   1.6956E-01   9.7367E-02   9.4787E-02   1.3706E-01   1.3493E-01
   1.3759E-01   1.3565E-01  -5.3583E-01  -4.2935E-01  -5.2792E-01  -4.3559E-01
   4.7486E+01  -3.8468E+01   2.3508E+01  -1.9383E+01  -2.4566E-01  -8.4586E-02
  -3.4426E-01  -1.3796E-01   2.3710E+01  -1.9237E+01   2.3663E+01  -1.9223E+01
   2.3688E+01  -1.9269E+01  -3.5321E-01  -2.1825E-01  -1.5734E-01  -1.4077E-02
  -8.3007E-02  -9.9595E-03  -1.1163E-01  -2.9045E-02  -1.1152E-01  -2.9229E-02
  -3.9594E-02  -4.9423E-02   1.2003E+00   1.4933E+00   1.2371E+00  -3.4319E-01
  -4.9009E-01  -2.2759E-01  -2.3552E-01   3.2729E-02  -1.5549E-01  -9.2333E-02
   4.5383E-02   1.5505E-01   1.5636E-01  -9.4758E-03  -1.1270E-02  -1.6244E-02
  -1.5332E-02   7.6224E-02   1.0439E-02   1.7696E-02  -7.7669E-02  -2.9670E-02
  -2.0398E-02   3.4273E-02  -1.0108E-01  -4.9356E-02   8.3256E-03   6.5152E-02
   8.9985E-02  -3.9000E-02  -4.0715E-02  -1.4879E-02  -1.5816E-02   9.9370E-02
  -4.4259E-02  -2.1199E-01  -2.9954E-01  -1.9578E-01  -1.9165E-01  -2.4180E-03
  -9.6965E-02  -6.0556E-02   2.2942E-02   1.0412E-01   5.3077E-02  -1.3910E-02
   3.3550E-03  -2.1811E-02  -2.2570E-02   3.0133E-02  -1.1561E-02  -7.8563E-02
  -1.0856E-01  -6.3182E-02  -7.2057E-02   7.3268E-03  -5.8084E-02  -3.3758E-02
  -4.1239E-03   4.6302E-02   1.7505E-02  -3.3863E-02  -2.0189E-02  -2.1236E-02
  -2.2048E-02   4.4476E-02  -4.7945E-02
  > E    =  -3.833498011860E+02 +/-   2.693047622708E-05
  > varE =   3.626948989614E-04
* Computing derivatives.
    [walltime: 1m elapsed, 46m9s remaining]
  Done. [total walltime: 46m59s]
* Optimizing manipulation constant:
  #igrid a___________ E____________________________________ varE____________
     1     Infinity    -3.83349801E+02 +/-   2.69304762E-05   3.62694899E-04
     2     1.0000E+06  -3.83349801E+02 +/-   2.69304758E-05   3.62694886E-04
     3     2.1544E+05  -3.83349801E+02 +/-   2.69304741E-05   3.62694841E-04
     4     4.6416E+04  -3.83349801E+02 +/-   2.69304662E-05   3.62694629E-04
     5     1.0000E+04  -3.83349801E+02 +/-   2.69304296E-05   3.62693644E-04
     6     2.1544E+03  -3.83349801E+02 +/-   2.69302585E-05   3.62689033E-04
     7     4.6416E+02  -3.83349801E+02 +/-   2.69294331E-05   3.62666802E-04
     8     1.0000E+02  -3.83349801E+02 +/-   2.69250473E-05   3.62548681E-04
     9     2.1544E+01  -3.83349801E+02 +/-   2.69280551E-05   3.62629688E-04
    10     4.6416E+00  -3.83349537E+02 +/-   3.42349182E-05   5.86127326E-04
    11     1.0000E+00  -3.83333457E+02 +/-   1.65641895E-04   1.37212527E-02
    12     2.1544E-01  -3.83229913E+02 +/-   4.34254458E-04   9.43065705E-02
    13     4.6416E-02  -3.83067588E+02 +/-   6.45667211E-04   2.08483094E-01
    14     1.0000E-02  -3.82459465E+02 +/-   1.00723579E-03   5.07359364E-01
    15     2.1544E-03  -3.80885152E+02 +/-   1.12179151E-03   6.29328908E-01
    16     4.6416E-04  -3.80848915E+02 +/-   1.12344785E-03   6.31188698E-01
    17     1.0000E-04  -3.80836948E+02 +/-   1.12294977E-03   6.30629148E-01
    18     2.1544E-05  -3.80834223E+02 +/-   1.12276937E-03   6.30426549E-01
    19     4.6416E-06  -3.80833630E+02 +/-   1.12272681E-03   6.30378755E-01
    20     1.0000E-06  -3.80833502E+02 +/-   1.12271747E-03   6.30368263E-01
    21     0.0000E+00  -3.80833467E+02 +/-   1.12271489E-03   6.30365369E-01
  ParMin   4.6408E+01  -3.83349801E+02 +/-   2.69184319E-05   3.62370551E-04
  # Using parabolic minimum
* Iteration # 1: E =  -3.833498014240E+02 +/-   2.691843194755E-05
* Convergence: exiting.
* After optimization:
   4.4184E+00   4.0761E+00   4.4573E+00   8.9631E-01   8.0211E-01   9.2967E-01
  -9.0312E+00  -4.1800E+00  -4.1545E+00   3.3728E-01   4.7081E-01  -4.4823E+00
  -4.4781E+00  -4.4350E+00  -4.4310E+00  -4.3997E+00  -4.3862E+00   5.9963E-01
   5.8244E-01   1.6889E-01   9.7038E-02   9.4451E-02   1.3675E-01   1.3463E-01
   1.3727E-01   1.3532E-01  -5.3356E-01  -4.3091E-01  -5.2788E-01  -4.3551E-01
   4.7489E+01  -3.8470E+01   2.3511E+01  -1.9386E+01  -2.4155E-01  -8.8050E-02
  -3.4013E-01  -1.4135E-01   2.3711E+01  -1.9238E+01   2.3667E+01  -1.9226E+01
   2.3689E+01  -1.9270E+01  -3.5115E-01  -2.1995E-01  -1.5324E-01  -1.7515E-02
  -8.0955E-02  -1.1676E-02  -1.0957E-01  -3.0779E-02  -1.0947E-01  -3.0954E-02
  -3.9585E-02  -4.9453E-02   1.2205E+00   1.5193E+00   1.2584E+00  -3.4939E-01
  -4.9926E-01  -2.3169E-01  -2.3960E-01   3.3434E-02  -1.5854E-01  -9.3943E-02
   4.6227E-02   1.5784E-01   1.5949E-01  -9.6021E-03  -1.1235E-02  -1.6391E-02
  -1.5498E-02   7.6941E-02   1.0768E-02   1.7991E-02  -7.9006E-02  -3.0283E-02
  -2.0808E-02   3.4950E-02  -1.0288E-01  -5.0161E-02   8.3482E-03   6.6356E-02
   9.1573E-02  -3.9783E-02  -4.1346E-02  -1.5169E-02  -1.6102E-02   1.0100E-01
  -4.5192E-02  -2.1239E-01  -3.0003E-01  -1.9593E-01  -1.9174E-01  -2.2366E-03
  -9.7126E-02  -6.0641E-02   2.3086E-02   1.0415E-01   5.3302E-02  -1.3807E-02
   3.3449E-03  -2.1702E-02  -2.2472E-02   2.9876E-02  -1.1300E-02  -7.8732E-02
  -1.0863E-01  -6.3102E-02  -7.2112E-02   7.4655E-03  -5.8021E-02  -3.3778E-02
  -4.1355E-03   4.6314E-02   1.7489E-02  -3.3835E-02  -2.0290E-02  -2.1247E-02
  -2.2045E-02   4.4472E-02  -4.7909E-02
  > Energy =  -3.833498014240E+02 +/-   2.691843194755E-05
  > varE =   3.623705510475E-04

VMC #5:
* Size of Hilbert space =   6.3504E+04
* Deterministic energy evaluation:
  > Deterministic Etot/t = -383.34975124233762
    - Ttot/t = -23.364906505135302
    - Utot/t = 9.5295009399679298
* Number of equil. steps   = 1000
* Running VMC equilibration.
  Done. [total walltime: 0.06s]
* Equil. acc.ratio (%)     =  14.6627
* Sample config after equilibration:
  +---------+
  |  d   d  |
  |2   u   u|
  |0   d   d|
  |  u   u  |
  +---------+
* Number of accum. steps   = 1000192 x 10
* Running VMC accumulation.
  Done. [total walltime: 53.6s]
* Acceptance ratio (%)     =  14.6564
* Etot/t                   =  -3.833497469378E+02 +/-   1.883364520358E-05
  > Ttot/t                 =  -2.336488096550E+01 +/-   3.800863990066E-04
  > Utot/t                 =   9.529479704891E+00 +/-   3.799687030801E-04
* var[Eloc/t]              =   3.570979912310E-04 +/-   3.984416679841E-06
* Correlation length       =   9.934928337744E-01
* log10 Psi^2 range: -16.764392959003210 -- -9.8259950470090356
* log10 Pgen range : -16.764392959003210 -- -9.8259950470090356
* Site occupation (ave. no. electrons per config.):
  > Site_  ___eu____  ___ed____
      1        0.497      0.498
      2        0.502      0.500
      3        0.500      0.500
      4        0.498      0.497
      5        0.500      0.501
      6        0.499      0.500
      7        0.502      0.501
      8        0.500      0.501
      9        0.501      0.501
     10        0.501      0.501
* Pair-correlation analysis (ave. no. pairs per config.):
  > Shell  nsite  ___dh____  __eueu___  __eued___
      0      1        0          0          1.737
      1      1        0.829      0.714      2.492
      2      1        0.287      0.644      1.111
      3      1        0.161      0.296      0.557
      4      1        0.555      1.341      2.178
      5      1        0.118      1.029      0.965
      6      1        0.145      0.847      1.107
      7      1        0.296      1.797      2.127
      8      1        0.248      2.107      1.897
      9      1        0.248      2.125      1.895
     10      1        0.227      2.164      1.871
     11      1        0.113      0.979      1.025
     12      1        0.234      2.058      1.948
     13      1        0.061      0.479      0.518
     14      1        0.182      1.437      1.557
     15      1        0.119      1.032      0.974
     16      1        0.125      0.951      1.042

Optimization #5:
* Method          : lls
* Target function : energy
* No. of configs. : 500096
* No. of params.  : 123
* Before optimization:
   4.4184E+00   4.0761E+00   4.4573E+00   8.9631E-01   8.0211E-01   9.2967E-01
  -9.0312E+00  -4.1800E+00  -4.1545E+00   3.3728E-01   4.7081E-01  -4.4823E+00
  -4.4781E+00  -4.4350E+00  -4.4310E+00  -4.3997E+00  -4.3862E+00   5.9963E-01
   5.8244E-01   1.6889E-01   9.7038E-02   9.4451E-02   1.3675E-01   1.3463E-01
   1.3727E-01   1.3532E-01  -5.3356E-01  -4.3091E-01  -5.2788E-01  -4.3551E-01
   4.7489E+01  -3.8470E+01   2.3511E+01  -1.9386E+01  -2.4155E-01  -8.8050E-02
  -3.4013E-01  -1.4135E-01   2.3711E+01  -1.9238E+01   2.3667E+01  -1.9226E+01
   2.3689E+01  -1.9270E+01  -3.5115E-01  -2.1995E-01  -1.5324E-01  -1.7515E-02
  -8.0955E-02  -1.1676E-02  -1.0957E-01  -3.0779E-02  -1.0947E-01  -3.0954E-02
  -3.9585E-02  -4.9453E-02   1.2205E+00   1.5193E+00   1.2584E+00  -3.4939E-01
  -4.9926E-01  -2.3169E-01  -2.3960E-01   3.3434E-02  -1.5854E-01  -9.3943E-02
   4.6227E-02   1.5784E-01   1.5949E-01  -9.6021E-03  -1.1235E-02  -1.6391E-02
  -1.5498E-02   7.6941E-02   1.0768E-02   1.7991E-02  -7.9006E-02  -3.0283E-02
  -2.0808E-02   3.4950E-02  -1.0288E-01  -5.0161E-02   8.3482E-03   6.6356E-02
   9.1573E-02  -3.9783E-02  -4.1346E-02  -1.5169E-02  -1.6102E-02   1.0100E-01
  -4.5192E-02  -2.1239E-01  -3.0003E-01  -1.9593E-01  -1.9174E-01  -2.2366E-03
  -9.7126E-02  -6.0641E-02   2.3086E-02   1.0415E-01   5.3302E-02  -1.3807E-02
   3.3449E-03  -2.1702E-02  -2.2472E-02   2.9876E-02  -1.1300E-02  -7.8732E-02
  -1.0863E-01  -6.3102E-02  -7.2112E-02   7.4655E-03  -5.8021E-02  -3.3778E-02
  -4.1355E-03   4.6314E-02   1.7489E-02  -3.3835E-02  -2.0290E-02  -2.1247E-02
  -2.2045E-02   4.4472E-02  -4.7909E-02
  > E    =  -3.833497254137E+02 +/-   2.661321486749E-05
  > varE =   3.541995960592E-04
* Computing derivatives.
    [walltime: 1m elapsed, 46m12s remaining]
  Done. [total walltime: 47m5s]
* Optimizing manipulation constant:
  #igrid a___________ E____________________________________ varE____________
     1     Infinity    -3.83349725E+02 +/-   2.66132149E-05   3.54199596E-04
     2     1.0000E+06  -3.83349725E+02 +/-   2.66132146E-05   3.54199590E-04
     3     2.1544E+05  -3.83349725E+02 +/-   2.66132137E-05   3.54199566E-04
     4     4.6416E+04  -3.83349725E+02 +/-   2.66132096E-05   3.54199456E-04
     5     1.0000E+04  -3.83349725E+02 +/-   2.66131904E-05   3.54198945E-04
     6     2.1544E+03  -3.83349725E+02 +/-   2.66131015E-05   3.54196579E-04
     7     4.6416E+02  -3.83349725E+02 +/-   2.66126916E-05   3.54185666E-04
     8     1.0000E+02  -3.83349725E+02 +/-   2.66108498E-05   3.54136644E-04
     9     2.1544E+01  -3.83349726E+02 +/-   2.66058427E-05   3.54003389E-04
    10     4.6416E+00  -3.83349683E+02 +/-   2.79121674E-05   3.89619336E-04
    11     1.0000E+00  -3.83296030E+02 +/-   2.92185095E-04   4.26942606E-02
    12     2.1544E-01  -3.80556629E+02 +/-   1.49986092E-04   1.12500734E-02
    13     4.6416E-02  -3.80876783E+02 +/-   1.11748397E-03   6.24505089E-01
    14     1.0000E-02  -3.80878486E+02 +/-   1.11793114E-03   6.25004996E-01
    15     2.1544E-03  -3.80878386E+02 +/-   1.11790442E-03   6.24975118E-01
    16     4.6416E-04  -3.80877781E+02 +/-   1.11769218E-03   6.24737827E-01
    17     1.0000E-04  -3.80877392E+02 +/-   1.11755323E-03   6.24582506E-01
    18     2.1544E-05  -3.80877277E+02 +/-   1.11751217E-03   6.24536614E-01
    19     4.6416E-06  -3.80877250E+02 +/-   1.11750267E-03   6.24525997E-01
    20     1.0000E-06  -3.80877244E+02 +/-   1.11750059E-03   6.24523674E-01
    21     0.0000E+00  -3.80877243E+02 +/-   1.11750002E-03   6.24523033E-01
  ParMin   4.6035E+01  -3.83349726E+02 +/-   2.66083682E-05   3.54070598E-04
  # Using grid point #9
* Iteration # 1: E =  -3.833497257123E+02 +/-   2.660584272270E-05
* Convergence: exiting.
* After optimization:
   4.6061E+00   4.2643E+00   4.6451E+00   8.3910E-01   7.4499E-01   9.2974E-01
  -9.0250E+00  -4.2339E+00  -4.2084E+00   2.2345E-01   3.5680E-01  -4.4792E+00
  -4.4750E+00  -4.4889E+00  -4.4850E+00  -4.3967E+00  -4.3831E+00   5.4259E-01
   5.2546E-01   5.4920E-02   4.0060E-02   3.7490E-02   7.9846E-02   7.7728E-02
   8.0298E-02   7.8332E-02  -2.4822E-01  -6.5901E-01  -5.2794E-01  -4.3571E-01
   4.7458E+01  -3.8445E+01   2.3781E+01  -1.9602E+01   3.2886E-01  -5.4464E-01
   2.3024E-01  -5.9780E-01   2.3696E+01  -1.9226E+01   2.3937E+01  -1.9442E+01
   2.3674E+01  -1.9258E+01  -6.5847E-02  -4.4817E-01   4.1731E-01  -4.7419E-01
   2.0436E-01  -2.3999E-01   1.7561E-01  -2.5908E-01   1.7582E-01  -2.5925E-01
  -3.9632E-02  -4.9540E-02   1.2412E+00   1.5450E+00   1.2795E+00  -3.5600E-01
  -5.0874E-01  -2.3588E-01  -2.4354E-01   3.4038E-02  -1.6153E-01  -9.5594E-02
   4.7239E-02   1.6041E-01   1.6237E-01  -9.6052E-03  -1.1034E-02  -1.7103E-02
  -1.6321E-02   7.7741E-02   1.0928E-02   1.7508E-02  -8.1357E-02  -3.1026E-02
  -2.1174E-02   3.5706E-02  -1.0486E-01  -5.1122E-02   8.5782E-03   6.7532E-02
   9.3457E-02  -4.0443E-02  -4.1829E-02  -1.5890E-02  -1.6756E-02   1.0234E-01
  -4.6170E-02  -2.1279E-01  -3.0044E-01  -1.9599E-01  -1.9168E-01  -2.4424E-03
  -9.7292E-02  -6.0759E-02   2.3325E-02   1.0401E-01   5.3537E-02  -1.3603E-02
   3.4536E-03  -2.1884E-02  -2.2583E-02   2.9789E-02  -1.1079E-02  -7.9164E-02
  -1.0926E-01  -6.3199E-02  -7.2207E-02   7.3495E-03  -5.8139E-02  -3.3861E-02
  -4.0140E-03   4.6256E-02   1.7815E-02  -3.3754E-02  -2.0282E-02  -2.1373E-02
  -2.2151E-02   4.4435E-02  -4.7825E-02
  > Energy =  -3.833497257123E+02 +/-   2.660584272270E-05
  > varE =   3.540033890958E-04

VMC #6:
* Size of Hilbert space =   6.3504E+04
* Deterministic energy evaluation:
  > Deterministic Etot/t = -383.34975130345185
    - Ttot/t = -23.364739536050429
    - Utot/t = 9.5293339097689476
* Number of equil. steps   = 1000
* Running VMC equilibration.
  Done. [total walltime: 0.06s]
* Equil. acc.ratio (%)     =  14.4784
* Sample config after equilibration:
  +---------+
  |  0   u  |
  |2   d   d|
  |u   u   d|
  |  d   u  |
  +---------+
* Number of accum. steps   = 1000192 x 10
* Running VMC accumulation.
  Done. [total walltime: 52.3s]
* Acceptance ratio (%)     =  14.4035
* Etot/t                   =  -3.833497729999E+02 +/-   1.933438343409E-05
  > Ttot/t                 =  -2.336516990248E+01 +/-   3.819802706668E-04
  > Utot/t                 =   9.529742579680E+00 +/-   3.817100999731E-04
* var[Eloc/t]              =   3.583087074228E-04 +/-   4.283735241257E-06
* Correlation length       =   1.043486100562E+00
* log10 Psi^2 range: -16.382205770450081 -- -9.8238108056008606
* log10 Pgen range : -16.382205770450081 -- -9.8238108056008606
* Site occupation (ave. no. electrons per config.):
  > Site_  ___eu____  ___ed____
      1        0.496      0.498
      2        0.501      0.502
      3        0.500      0.501
      4        0.497      0.497
      5        0.500      0.500
      6        0.501      0.501
      7        0.501      0.500
      8        0.501      0.501
      9        0.501      0.501
     10        0.500      0.500
* Pair-correlation analysis (ave. no. pairs per config.):
  > Shell  nsite  ___dh____  __eueu___  __eued___
      0      1        0          0          1.738
      1      1        0.830      0.718      2.489
      2      1        0.286      0.644      1.112
      3      1        0.161      0.295      0.556
      4      1        0.555      1.339      2.179
      5      1        0.119      1.031      0.966
      6      1        0.145      0.847      1.109
      7      1        0.297      1.791      2.125
      8      1        0.247      2.108      1.895
      9      1        0.246      2.124      1.892
     10      1        0.227      2.165      1.872
     11      1        0.114      0.979      1.027
     12      1        0.233      2.064      1.947
     13      1        0.061      0.479      0.519
     14      1        0.184      1.434      1.558
     15      1        0.117      1.033      0.974
     16      1        0.125      0.949      1.042

Optimization #6:
* Method          : lls
* Target function : energy
* No. of configs. : 500096
* No. of params.  : 123
* Before optimization:
   4.6061E+00   4.2643E+00   4.6451E+00   8.3910E-01   7.4499E-01   9.2974E-01
  -9.0250E+00  -4.2339E+00  -4.2084E+00   2.2345E-01   3.5680E-01  -4.4792E+00
  -4.4750E+00  -4.4889E+00  -4.4850E+00  -4.3967E+00  -4.3831E+00   5.4259E-01
   5.2546E-01   5.4920E-02   4.0060E-02   3.7490E-02   7.9846E-02   7.7728E-02
   8.0298E-02   7.8332E-02  -2.4822E-01  -6.5901E-01  -5.2794E-01  -4.3571E-01
   4.7458E+01  -3.8445E+01   2.3781E+01  -1.9602E+01   3.2886E-01  -5.4464E-01
   2.3024E-01  -5.9780E-01   2.3696E+01  -1.9226E+01   2.3937E+01  -1.9442E+01
   2.3674E+01  -1.9258E+01  -6.5847E-02  -4.4817E-01   4.1731E-01  -4.7419E-01
   2.0436E-01  -2.3999E-01   1.7561E-01  -2.5908E-01   1.7582E-01  -2.5925E-01
  -3.9632E-02  -4.9540E-02   1.2412E+00   1.5450E+00   1.2795E+00  -3.5600E-01
  -5.0874E-01  -2.3588E-01  -2.4354E-01   3.4038E-02  -1.6153E-01  -9.5594E-02
   4.7239E-02   1.6041E-01   1.6237E-01  -9.6052E-03  -1.1034E-02  -1.7103E-02
  -1.6321E-02   7.7741E-02   1.0928E-02   1.7508E-02  -8.1357E-02  -3.1026E-02
  -2.1174E-02   3.5706E-02  -1.0486E-01  -5.1122E-02   8.5782E-03   6.7532E-02
   9.3457E-02  -4.0443E-02  -4.1829E-02  -1.5890E-02  -1.6756E-02   1.0234E-01
  -4.6170E-02  -2.1279E-01  -3.0044E-01  -1.9599E-01  -1.9168E-01  -2.4424E-03
  -9.7292E-02  -6.0759E-02   2.3325E-02   1.0401E-01   5.3537E-02  -1.3603E-02
   3.4536E-03  -2.1884E-02  -2.2583E-02   2.9789E-02  -1.1079E-02  -7.9164E-02
  -1.0926E-01  -6.3199E-02  -7.2207E-02   7.3495E-03  -5.8139E-02  -3.3861E-02
  -4.0140E-03   4.6256E-02   1.7815E-02  -3.3754E-02  -2.0282E-02  -2.1373E-02
  -2.2151E-02   4.4435E-02  -4.7825E-02
  > E    =  -3.833497604515E+02 +/-   2.668134066834E-05
  > varE =   3.560153117482E-04
* Computing derivatives.
    [walltime: 1m elapsed, 46m6s remaining]
  Done. [total walltime: 47m]
* Optimizing manipulation constant:
  #igrid a___________ E____________________________________ varE____________
     1     Infinity    -3.83349760E+02 +/-   2.66813407E-05   3.56015312E-04
     2     1.0000E+06  -3.83349760E+02 +/-   2.66813405E-05   3.56015306E-04
     3     2.1544E+05  -3.83349760E+02 +/-   2.66813397E-05   3.56015286E-04
     4     4.6416E+04  -3.83349760E+02 +/-   2.66813362E-05   3.56015193E-04
     5     1.0000E+04  -3.83349760E+02 +/-   2.66813201E-05   3.56014762E-04
     6     2.1544E+03  -3.83349760E+02 +/-   2.66812450E-05   3.56012759E-04
     7     4.6416E+02  -3.83349760E+02 +/-   2.66808963E-05   3.56003454E-04
     8     1.0000E+02  -3.83349761E+02 +/-   2.66792728E-05   3.55960129E-04
     9     2.1544E+01  -3.83349761E+02 +/-   2.66717908E-05   3.55760505E-04
    10     4.6416E+00  -3.83349762E+02 +/-   2.66701398E-05   3.55716462E-04
    11     1.0000E+00  -3.83349462E+02 +/-   3.29972212E-05   5.44512830E-04
    12     2.1544E-01  -3.82193226E+02 +/-   0.00000000E+00  -1.00000000E+00
    13     4.6416E-02  -3.83348792E+02 +/-   4.25434789E-05   9.05147553E-04
    14     1.0000E-02  -3.83345816E+02 +/-   7.76823603E-05   3.01785387E-03
    15     2.1544E-03  -3.82872834E+02 +/-   8.11893738E-04   3.29649001E-01
    16     4.6416E-04  -3.82187576E+02 +/-   1.05893629E-03   5.60780679E-01
    17     1.0000E-04  -3.82168905E+02 +/-   1.05539492E-03   5.57036153E-01
    18     2.1544E-05  -3.82165890E+02 +/-   1.05404365E-03   5.55610667E-01
    19     4.6416E-06  -3.82165286E+02 +/-   1.05372083E-03   5.55270383E-01
    20     1.0000E-06  -3.82165159E+02 +/-   1.05364975E-03   5.55195475E-01
    21     0.0000E+00  -3.82165124E+02 +/-   1.05363014E-03   5.55174805E-01
  ParMin   9.9584E+00  -3.83349761E+02 +/-   2.66625224E-05   3.55513295E-04
  # Using grid point #10
* Iteration # 1: E =  -3.833497617672E+02 +/-   2.667013977594E-05
* Convergence: exiting.
* After optimization:
   4.4221E+00   4.0731E+00   4.4601E+00   8.9522E-01   7.9898E-01   9.2913E-01
  -9.0815E+00  -4.2059E+00  -4.1801E+00   3.3775E-01   4.7124E-01  -4.5080E+00
  -4.5037E+00  -4.4602E+00  -4.4563E+00  -4.4256E+00  -4.4117E+00   5.9926E-01
   5.8216E-01   1.6920E-01   9.7155E-02   9.4619E-02   1.3712E-01   1.3487E-01
   1.3739E-01   1.3529E-01  -5.3044E-01  -4.3278E-01  -5.2859E-01  -4.3581E-01
   4.7745E+01  -3.8677E+01   2.3643E+01  -1.9492E+01  -2.3564E-01  -9.4714E-02
  -3.3520E-01  -1.4686E-01   2.3840E+01  -1.9342E+01   2.3798E+01  -1.9332E+01
   2.3817E+01  -1.9373E+01  -3.4711E-01  -2.2222E-01  -1.4729E-01  -2.3616E-02
  -7.7881E-02  -1.5365E-02  -1.0716E-01  -3.3694E-02  -1.0666E-01  -3.4144E-02
  -3.9912E-02  -5.0415E-02   1.2477E+00   1.5615E+00   1.2865E+00  -3.6407E-01
  -5.2463E-01  -2.4321E-01  -2.4779E-01   3.4237E-02  -1.6552E-01  -9.5051E-02
   4.7914E-02   1.6225E-01   1.6684E-01  -9.7383E-03  -1.0863E-02  -1.7260E-02
  -1.6815E-02   7.6406E-02   1.1859E-02   1.5489E-02  -8.6067E-02  -3.6987E-02
  -2.3172E-02   3.5286E-02  -1.0728E-01  -5.0423E-02   8.8710E-03   6.7885E-02
   9.5027E-02  -4.0477E-02  -4.1713E-02  -1.6808E-02  -1.7587E-02   1.0322E-01
  -4.6388E-02  -2.1732E-01  -3.0627E-01  -1.9998E-01  -1.9404E-01  -1.8047E-03
  -9.8843E-02  -6.0602E-02   2.4254E-02   1.0337E-01   5.5423E-02  -1.3502E-02
   2.7185E-03  -2.2123E-02  -2.2796E-02   2.8763E-02  -9.9754E-03  -8.2183E-02
  -1.1227E-01  -6.6736E-02  -7.4058E-02   7.4153E-03  -5.8598E-02  -3.3351E-02
  -3.2123E-03   4.5286E-02   1.8386E-02  -3.3147E-02  -2.0741E-02  -2.2178E-02
  -2.2811E-02   4.4131E-02  -4.6981E-02
  > Energy =  -3.833497617672E+02 +/-   2.667013977594E-05
  > varE =   3.557164622842E-04

VMC #7:
* Size of Hilbert space =   6.3504E+04
* Deterministic energy evaluation:
  > Deterministic Etot/t = -383.34974994187183
    - Ttot/t = -23.364372435187995
    - Utot/t = 9.5289681704864559
* Number of equil. steps   = 1000
* Running VMC equilibration.
  Done. [total walltime: 0.06s]
* Equil. acc.ratio (%)     =  14.2982
* Sample config after equilibration:
  +---------+
  |  u   d  |
  |d   u   u|
  |2   u   d|
  |  0   d  |
  +---------+
* Number of accum. steps   = 1000192 x 10
* Running VMC accumulation.
  Done. [total walltime: 52.9s]
* Acceptance ratio (%)     =  14.2607
* Etot/t                   =  -3.833497641738E+02 +/-   1.903394695926E-05
  > Ttot/t                 =  -2.336476867160E+01 +/-   3.830004240279E-04
  > Utot/t                 =   9.529350175073E+00 +/-   3.819716487253E-04
* var[Eloc/t]              =   3.593170539621E-04 +/-   5.222464341860E-06
* Correlation length       =   1.008470632692E+00
* log10 Psi^2 range: -16.741625692145817 -- -9.8000586358373027
* log10 Pgen range : -16.741625692145817 -- -9.8000586358373027
* Site occupation (ave. no. electrons per config.):
  > Site_  ___eu____  ___ed____
      1        0.496      0.498
      2        0.501      0.501
      3        0.501      0.500
      4        0.498      0.498
      5        0.499      0.501
      6        0.501      0.500
      7        0.502      0.501
      8        0.501      0.500
      9        0.501      0.501
     10        0.500      0.500
* Pair-correlation analysis (ave. no. pairs per config.):
  > Shell  nsite  ___dh____  __eueu___  __eued___
      0      1        0          0          1.737
      1      1        0.827      0.718      2.491
      2      1        0.286      0.643      1.113
      3      1        0.160      0.298      0.556
      4      1        0.555      1.340      2.178
      5      1        0.118      1.029      0.966
      6      1        0.144      0.846      1.108
      7      1        0.297      1.795      2.125
      8      1        0.248      2.106      1.897
      9      1        0.247      2.124      1.896
     10      1        0.226      2.166      1.869
     11      1        0.114      0.978      1.024
     12      1        0.232      2.061      1.948
     13      1        0.060      0.479      0.520
     14      1        0.183      1.433      1.556
     15      1        0.118      1.034      0.972
     16      1        0.125      0.951      1.043

Optimization #7:
* Method          : lls
* Target function : energy
* No. of configs. : 500096
* No. of params.  : 123
* Before optimization:
   4.4221E+00   4.0731E+00   4.4601E+00   8.9522E-01   7.9898E-01   9.2913E-01
  -9.0815E+00  -4.2059E+00  -4.1801E+00   3.3775E-01   4.7124E-01  -4.5080E+00
  -4.5037E+00  -4.4602E+00  -4.4563E+00  -4.4256E+00  -4.4117E+00   5.9926E-01
   5.8216E-01   1.6920E-01   9.7155E-02   9.4619E-02   1.3712E-01   1.3487E-01
   1.3739E-01   1.3529E-01  -5.3044E-01  -4.3278E-01  -5.2859E-01  -4.3581E-01
   4.7745E+01  -3.8677E+01   2.3643E+01  -1.9492E+01  -2.3564E-01  -9.4714E-02
  -3.3520E-01  -1.4686E-01   2.3840E+01  -1.9342E+01   2.3798E+01  -1.9332E+01
   2.3817E+01  -1.9373E+01  -3.4711E-01  -2.2222E-01  -1.4729E-01  -2.3616E-02
  -7.7881E-02  -1.5365E-02  -1.0716E-01  -3.3694E-02  -1.0666E-01  -3.4144E-02
  -3.9912E-02  -5.0415E-02   1.2477E+00   1.5615E+00   1.2865E+00  -3.6407E-01
  -5.2463E-01  -2.4321E-01  -2.4779E-01   3.4237E-02  -1.6552E-01  -9.5051E-02
   4.7914E-02   1.6225E-01   1.6684E-01  -9.7383E-03  -1.0863E-02  -1.7260E-02
  -1.6815E-02   7.6406E-02   1.1859E-02   1.5489E-02  -8.6067E-02  -3.6987E-02
  -2.3172E-02   3.5286E-02  -1.0728E-01  -5.0423E-02   8.8710E-03   6.7885E-02
   9.5027E-02  -4.0477E-02  -4.1713E-02  -1.6808E-02  -1.7587E-02   1.0322E-01
  -4.6388E-02  -2.1732E-01  -3.0627E-01  -1.9998E-01  -1.9404E-01  -1.8047E-03
  -9.8843E-02  -6.0602E-02   2.4254E-02   1.0337E-01   5.5423E-02  -1.3502E-02
   2.7185E-03  -2.2123E-02  -2.2796E-02   2.8763E-02  -9.9754E-03  -8.2183E-02
  -1.1227E-01  -6.6736E-02  -7.4058E-02   7.4153E-03  -5.8598E-02  -3.3351E-02
  -3.2123E-03   4.5286E-02   1.8386E-02  -3.3147E-02  -2.0741E-02  -2.2178E-02
  -2.2811E-02   4.4131E-02  -4.6981E-02
  > E    =  -3.833497395939E+02 +/-   2.717008651033E-05
  > varE =   3.691776689952E-04
* Computing derivatives.
    [walltime: 1m elapsed, 46m13s remaining]
  Done. [total walltime: 47m4s]
* Optimizing manipulation constant:
  #igrid a___________ E____________________________________ varE____________
     1     Infinity    -3.83349740E+02 +/-   2.71700865E-05   3.69177669E-04
     2     1.0000E+06  -3.83349740E+02 +/-   2.71700863E-05   3.69177663E-04
     3     2.1544E+05  -3.83349740E+02 +/-   2.71700855E-05   3.69177642E-04
     4     4.6416E+04  -3.83349740E+02 +/-   2.71700820E-05   3.69177546E-04
     5     1.0000E+04  -3.83349740E+02 +/-   2.71700665E-05   3.69177125E-04
     6     2.1544E+03  -3.83349740E+02 +/-   2.71700154E-05   3.69175737E-04
     7     4.6416E+02  -3.83349740E+02 +/-   2.71702292E-05   3.69181546E-04
     8     1.0000E+02  -3.83349739E+02 +/-   2.71827744E-05   3.69522548E-04
     9     2.1544E+01  -3.83349697E+02 +/-   2.83677937E-05   4.02443114E-04
    10     4.6416E+00  -3.83329334E+02 +/-   1.84127958E-04   1.69548072E-02
    11     1.0000E+00  -3.81414215E+02 +/-   1.25188508E-03   7.83758582E-01
    12     2.1544E-01  -3.80876110E+02 +/-   1.14852953E-03   6.59686674E-01
    13     4.6416E-02  -3.80858633E+02 +/-   1.13480410E-03   6.44013802E-01
    14     1.0000E-02  -3.82161061E+02 +/-   1.06829802E-03   5.70739891E-01
    15     2.1544E-03  -3.80577855E+02 +/-   8.18695471E-04   3.35195483E-01
    16     4.6416E-04  -3.80550205E+02 +/-   8.66220513E-04   3.75241021E-01
    17     1.0000E-04  -3.80551773E+02 +/-   8.74176876E-04   3.82165967E-01
    18     2.1544E-05  -3.80552099E+02 +/-   8.75675231E-04   3.83477168E-01
    19     4.6416E-06  -3.80552168E+02 +/-   8.75988678E-04   3.83751748E-01
    20     1.0000E-06  -3.80552183E+02 +/-   8.76055760E-04   3.83810525E-01
    21     0.0000E+00  -3.80552187E+02 +/-   8.76074148E-04   3.83826637E-01
* Iteration # 1: E =  -3.833497395944E+02 +/-   2.717001541453E-05
* Convergence: exiting.
* After optimization:
   4.4234E+00   4.0744E+00   4.4614E+00   8.9526E-01   7.9902E-01   9.2913E-01
  -9.0813E+00  -4.2058E+00  -4.1800E+00   3.3783E-01   4.7132E-01  -4.5079E+00
  -4.5036E+00  -4.4601E+00  -4.4562E+00  -4.4255E+00  -4.4116E+00   5.9930E-01
   5.8220E-01   1.6928E-01   9.7193E-02   9.4657E-02   1.3716E-01   1.3491E-01
   1.3743E-01   1.3533E-01  -5.3064E-01  -4.3263E-01  -5.2859E-01  -4.3581E-01
   4.7744E+01  -3.8676E+01   2.3642E+01  -1.9492E+01  -2.3603E-01  -9.4400E-02
  -3.3559E-01  -1.4654E-01   2.3839E+01  -1.9341E+01   2.3798E+01  -1.9331E+01
   2.3817E+01  -1.9373E+01  -3.4730E-01  -2.2206E-01  -1.4768E-01  -2.3303E-02
  -7.8076E-02  -1.5208E-02  -1.0736E-01  -3.3537E-02  -1.0685E-01  -3.3988E-02
  -3.9912E-02  -5.0417E-02   1.2467E+00   1.5602E+00   1.2855E+00  -3.6378E-01
  -5.2420E-01  -2.4302E-01  -2.4759E-01   3.4209E-02  -1.6538E-01  -9.4970E-02
   4.7873E-02   1.6211E-01   1.6671E-01  -9.7313E-03  -1.0855E-02  -1.7248E-02
  -1.6805E-02   7.6340E-02   1.1850E-02   1.5469E-02  -8.6009E-02  -3.6968E-02
  -2.3159E-02   3.5259E-02  -1.0720E-01  -5.0381E-02   8.8672E-03   6.7828E-02
   9.4955E-02  -4.0442E-02  -4.1678E-02  -1.6796E-02  -1.7575E-02   1.0313E-01
  -4.6349E-02  -2.1732E-01  -3.0628E-01  -1.9999E-01  -1.9404E-01  -1.8053E-03
  -9.8843E-02  -6.0601E-02   2.4253E-02   1.0337E-01   5.5420E-02  -1.3502E-02
   2.7189E-03  -2.2124E-02  -2.2796E-02   2.8762E-02  -9.9744E-03  -8.2187E-02
  -1.1228E-01  -6.6743E-02  -7.4061E-02   7.4157E-03  -5.8603E-02  -3.3351E-02
  -3.2098E-03   4.5286E-02   1.8389E-02  -3.3146E-02  -2.0740E-02  -2.2179E-02
  -2.2812E-02   4.4130E-02  -4.6980E-02
  > Energy =  -3.833497395944E+02 +/-   2.717001541453E-05
  > varE =   3.691757369476E-04

VMC #8:
* Size of Hilbert space =   6.3504E+04
* Deterministic energy evaluation:
  > Deterministic Etot/t = -383.34974994287404
    - Ttot/t = -23.364372248544441
    - Utot/t = 9.5289679828407383
* Number of equil. steps   = 1000
* Running VMC equilibration.
  Done. [total walltime: 0.06s]
* Equil. acc.ratio (%)     =  14.3196
* Sample config after equilibration:
  +---------+
  |  0   d  |
  |d   u   u|
  |u   2   d|
  |  d   u  |
  +---------+
* Number of accum. steps   = 1000192 x 10
* Running VMC accumulation.
  Done. [total walltime: 53.0s]
* Acceptance ratio (%)     =  14.2625
* Etot/t                   =  -3.833497334716E+02 +/-   1.933065613107E-05
  > Ttot/t                 =  -2.336469770110E+01 +/-   3.868197620009E-04
  > Utot/t                 =   9.529309906700E+00 +/-   3.860472075003E-04
* var[Eloc/t]              =   3.538414242080E-04 +/-   2.699737187217E-06
* Correlation length       =   1.056252847595E+00
* log10 Psi^2 range: -16.770251337245973 -- -9.8000010844349266
* log10 Pgen range : -16.770251337245973 -- -9.8000010844349266
* Site occupation (ave. no. electrons per config.):
  > Site_  ___eu____  ___ed____
      1        0.496      0.497
      2        0.502      0.501
      3        0.501      0.500
      4        0.497      0.498
      5        0.500      0.500
      6        0.500      0.501
      7        0.501      0.500
      8        0.501      0.501
      9        0.501      0.501
     10        0.500      0.500
* Pair-correlation analysis (ave. no. pairs per config.):
  > Shell  nsite  ___dh____  __eueu___  __eued___
      0      1        0          0          1.737
      1      1        0.830      0.717      2.490
      2      1        0.286      0.641      1.113
      3      1        0.161      0.295      0.556
      4      1        0.556      1.337      2.181
      5      1        0.119      1.033      0.965
      6      1        0.146      0.846      1.109
      7      1        0.297      1.791      2.125
      8      1        0.247      2.111      1.895
      9      1        0.247      2.124      1.890
     10      1        0.226      2.169      1.871
     11      1        0.114      0.979      1.028
     12      1        0.233      2.063      1.946
     13      1        0.060      0.477      0.520
     14      1        0.184      1.433      1.560
     15      1        0.118      1.034      0.971
     16      1        0.124      0.949      1.043

Optimization #8:
* Method          : lls
* Target function : energy
* No. of configs. : 500096
* No. of params.  : 123
* Before optimization:
   4.4234E+00   4.0744E+00   4.4614E+00   8.9526E-01   7.9902E-01   9.2913E-01
  -9.0813E+00  -4.2058E+00  -4.1800E+00   3.3783E-01   4.7132E-01  -4.5079E+00
  -4.5036E+00  -4.4601E+00  -4.4562E+00  -4.4255E+00  -4.4116E+00   5.9930E-01
   5.8220E-01   1.6928E-01   9.7193E-02   9.4657E-02   1.3716E-01   1.3491E-01
   1.3743E-01   1.3533E-01  -5.3064E-01  -4.3263E-01  -5.2859E-01  -4.3581E-01
   4.7744E+01  -3.8676E+01   2.3642E+01  -1.9492E+01  -2.3603E-01  -9.4400E-02
  -3.3559E-01  -1.4654E-01   2.3839E+01  -1.9341E+01   2.3798E+01  -1.9331E+01
   2.3817E+01  -1.9373E+01  -3.4730E-01  -2.2206E-01  -1.4768E-01  -2.3303E-02
  -7.8076E-02  -1.5208E-02  -1.0736E-01  -3.3537E-02  -1.0685E-01  -3.3988E-02
  -3.9912E-02  -5.0417E-02   1.2467E+00   1.5602E+00   1.2855E+00  -3.6378E-01
  -5.2420E-01  -2.4302E-01  -2.4759E-01   3.4209E-02  -1.6538E-01  -9.4970E-02
   4.7873E-02   1.6211E-01   1.6671E-01  -9.7313E-03  -1.0855E-02  -1.7248E-02
  -1.6805E-02   7.6340E-02   1.1850E-02   1.5469E-02  -8.6009E-02  -3.6968E-02
  -2.3159E-02   3.5259E-02  -1.0720E-01  -5.0381E-02   8.8672E-03   6.7828E-02
   9.4955E-02  -4.0442E-02  -4.1678E-02  -1.6796E-02  -1.7575E-02   1.0313E-01
  -4.6349E-02  -2.1732E-01  -3.0628E-01  -1.9999E-01  -1.9404E-01  -1.8053E-03
  -9.8843E-02  -6.0601E-02   2.4253E-02   1.0337E-01   5.5420E-02  -1.3502E-02
   2.7189E-03  -2.2124E-02  -2.2796E-02   2.8762E-02  -9.9744E-03  -8.2187E-02
  -1.1228E-01  -6.6743E-02  -7.4061E-02   7.4157E-03  -5.8603E-02  -3.3351E-02
  -3.2098E-03   4.5286E-02   1.8389E-02  -3.3146E-02  -2.0740E-02  -2.2179E-02
  -2.2812E-02   4.4130E-02  -4.6980E-02
  > E    =  -3.833497383929E+02 +/-   2.673413329110E-05
  > varE =   3.574255539458E-04
* Computing derivatives.
    [walltime: 1m elapsed, 46m5s remaining]
  Done. [total walltime: 47m1s]
* Optimizing manipulation constant:
  #igrid a___________ E____________________________________ varE____________
     1     Infinity    -3.83349738E+02 +/-   2.67341333E-05   3.57425554E-04
     2     1.0000E+06  -3.83349738E+02 +/-   2.67341331E-05   3.57425550E-04
     3     2.1544E+05  -3.83349738E+02 +/-   2.67341326E-05   3.57425534E-04
     4     4.6416E+04  -3.83349738E+02 +/-   2.67341299E-05   3.57425463E-04
     5     1.0000E+04  -3.83349738E+02 +/-   2.67341175E-05   3.57425132E-04
     6     2.1544E+03  -3.83349738E+02 +/-   2.67340602E-05   3.57423599E-04
     7     4.6416E+02  -3.83349738E+02 +/-   2.67337957E-05   3.57416527E-04
     8     1.0000E+02  -3.83349738E+02 +/-   2.67326021E-05   3.57384612E-04
     9     2.1544E+01  -3.83349739E+02 +/-   2.67278234E-05   3.57256852E-04
    10     4.6416E+00  -3.83349738E+02 +/-   2.67426693E-05   3.57653837E-04
    11     1.0000E+00  -3.83349179E+02 +/-   4.04748624E-05   8.19264513E-04
    12     2.1544E-01  -3.83332746E+02 +/-   1.66280813E-04   1.38273087E-02
    13     4.6416E-02  -3.80478227E+02 +/-   8.48185562E-04   3.59778438E-01
    14     1.0000E-02  -3.80458381E+02 +/-   1.86610509E-05   1.74150841E-04
    15     2.1544E-03  -3.80458084E+02 +/-   1.44232225E-05   1.04034645E-04
    16     4.6416E-04  -3.80458046E+02 +/-   1.37872402E-05   9.50622446E-05
    17     1.0000E-04  -3.80458039E+02 +/-   1.36605910E-05   9.33237881E-05
    18     2.1544E-05  -3.80458038E+02 +/-   1.36337647E-05   9.29576141E-05
    19     4.6416E-06  -3.80458037E+02 +/-   1.36280063E-05   9.28791067E-05
    20     1.0000E-06  -3.80458037E+02 +/-   1.36267665E-05   9.28622093E-05
    21     0.0000E+00  -3.80458037E+02 +/-   1.36264263E-05   9.28575717E-05
* Iteration # 1: E =  -3.833497385446E+02 +/-   2.672782338894E-05
* Convergence: exiting.
* After optimization:
   4.4222E+00   4.0733E+00   4.4606E+00   8.8430E-01   7.8802E-01   9.2923E-01
  -9.0399E+00  -4.1960E+00  -4.1702E+00   3.1612E-01   4.4959E-01  -4.4871E+00
  -4.4829E+00  -4.4503E+00  -4.4464E+00  -4.4048E+00  -4.3909E+00   5.8841E-01
   5.7135E-01   1.4746E-01   8.6297E-02   8.3768E-02   1.2629E-01   1.2409E-01
   1.2655E-01   1.2446E-01  -4.7578E-01  -4.7657E-01  -5.2853E-01  -4.3592E-01
   4.7539E+01  -3.8512E+01   2.3594E+01  -1.9453E+01  -1.2632E-01  -1.8236E-01
  -2.2598E-01  -2.3450E-01   2.3736E+01  -1.9259E+01   2.3750E+01  -1.9293E+01
   2.3714E+01  -1.9290E+01  -2.9244E-01  -2.6607E-01  -3.7966E-02  -1.1123E-01
  -2.3201E-02  -5.9151E-02  -5.2493E-02  -7.7557E-02  -5.2007E-02  -7.7992E-02
  -3.9872E-02  -5.0546E-02   1.2485E+00   1.5627E+00   1.2867E+00  -3.6482E-01
  -5.2634E-01  -2.4370E-01  -2.4786E-01   3.4352E-02  -1.6603E-01  -9.5305E-02
   4.8229E-02   1.6228E-01   1.6740E-01  -9.6319E-03  -1.0439E-02  -1.7375E-02
  -1.6984E-02   7.5629E-02   1.2119E-02   1.5169E-02  -8.7238E-02  -3.7550E-02
  -2.3260E-02   3.5605E-02  -1.0769E-01  -5.0449E-02   9.1146E-03   6.7739E-02
   9.5462E-02  -4.0519E-02  -4.1478E-02  -1.6945E-02  -1.7703E-02   1.0255E-01
  -4.6254E-02  -2.1761E-01  -3.0715E-01  -2.0022E-01  -1.9395E-01  -1.8834E-03
  -9.9286E-02  -6.0754E-02   2.4510E-02   1.0329E-01   5.5702E-02  -1.3285E-02
   2.8468E-03  -2.2041E-02  -2.2712E-02   2.8430E-02  -9.5656E-03  -8.2410E-02
  -1.1305E-01  -6.7139E-02  -7.4127E-02   7.4792E-03  -5.8960E-02  -3.3341E-02
  -3.0274E-03   4.5109E-02   1.8611E-02  -3.3084E-02  -2.0718E-02  -2.2120E-02
  -2.2737E-02   4.3862E-02  -4.6667E-02
  > Energy =  -3.833497385446E+02 +/-   2.672782338894E-05
  > varE =   3.572568517033E-04

VMC #9:
* Size of Hilbert space =   6.3504E+04
* Deterministic energy evaluation:
  > Deterministic Etot/t = -383.34975012649335
    - Ttot/t = -23.364387595720412
    - Utot/t = 9.5289831463973531
* Number of equil. steps   = 1000
* Running VMC equilibration.
  Done. [total walltime: 0.06s]
* Equil. acc.ratio (%)     =  14.2835
* Sample config after equilibration:
  +---------+
  |  0   0  |
  |2   u   2|
  |d   u   2|
  |  d   0  |
  +---------+
* Number of accum. steps   = 1000192 x 10
* Running VMC accumulation.
  Done. [total walltime: 52.6s]
* Acceptance ratio (%)     =  14.2566
* Etot/t                   =  -3.833497568776E+02 +/-   1.877710637820E-05
  > Ttot/t                 =  -2.336527508068E+01 +/-   3.820136948267E-04
  > Utot/t                 =   9.529863880236E+00 +/-   3.811146052824E-04
* var[Eloc/t]              =   3.490282835983E-04 +/-   2.529126011372E-06
* Correlation length       =   1.010369175844E+00
* log10 Psi^2 range: -17.254549502198874 -- -9.8000645491287450
* log10 Pgen range : -17.254549502198874 -- -9.8000645491287450
* Site occupation (ave. no. electrons per config.):
  > Site_  ___eu____  ___ed____
      1        0.497      0.498
      2        0.502      0.500
      3        0.501      0.499
      4        0.497      0.497
      5        0.501      0.501
      6        0.500      0.500
      7        0.500      0.502
      8        0.501      0.502
      9        0.501      0.502
     10        0.501      0.500
* Pair-correlation analysis (ave. no. pairs per config.):
  > Shell  nsite  ___dh____  __eueu___  __eued___
      0      1        0          0          1.738
      1      1        0.830      0.717      2.490
      2      1        0.287      0.642      1.112
      3      1        0.161      0.296      0.556
      4      1        0.555      1.341      2.178
      5      1        0.119      1.029      0.966
      6      1        0.145      0.846      1.110
      7      1        0.298      1.794      2.126
      8      1        0.250      2.107      1.895
      9      1        0.249      2.123      1.892
     10      1        0.226      2.167      1.871
     11      1        0.114      0.979      1.026
     12      1        0.233      2.063      1.948
     13      1        0.061      0.479      0.519
     14      1        0.182      1.436      1.558
     15      1        0.118      1.034      0.973
     16      1        0.125      0.950      1.043

Optimization #9:
* Method          : lls
* Target function : energy
* No. of configs. : 500096
* No. of params.  : 123
* Before optimization:
   4.4222E+00   4.0733E+00   4.4606E+00   8.8430E-01   7.8802E-01   9.2923E-01
  -9.0399E+00  -4.1960E+00  -4.1702E+00   3.1612E-01   4.4959E-01  -4.4871E+00
  -4.4829E+00  -4.4503E+00  -4.4464E+00  -4.4048E+00  -4.3909E+00   5.8841E-01
   5.7135E-01   1.4746E-01   8.6297E-02   8.3768E-02   1.2629E-01   1.2409E-01
   1.2655E-01   1.2446E-01  -4.7578E-01  -4.7657E-01  -5.2853E-01  -4.3592E-01
   4.7539E+01  -3.8512E+01   2.3594E+01  -1.9453E+01  -1.2632E-01  -1.8236E-01
  -2.2598E-01  -2.3450E-01   2.3736E+01  -1.9259E+01   2.3750E+01  -1.9293E+01
   2.3714E+01  -1.9290E+01  -2.9244E-01  -2.6607E-01  -3.7966E-02  -1.1123E-01
  -2.3201E-02  -5.9151E-02  -5.2493E-02  -7.7557E-02  -5.2007E-02  -7.7992E-02
  -3.9872E-02  -5.0546E-02   1.2485E+00   1.5627E+00   1.2867E+00  -3.6482E-01
  -5.2634E-01  -2.4370E-01  -2.4786E-01   3.4352E-02  -1.6603E-01  -9.5305E-02
   4.8229E-02   1.6228E-01   1.6740E-01  -9.6319E-03  -1.0439E-02  -1.7375E-02
  -1.6984E-02   7.5629E-02   1.2119E-02   1.5169E-02  -8.7238E-02  -3.7550E-02
  -2.3260E-02   3.5605E-02  -1.0769E-01  -5.0449E-02   9.1146E-03   6.7739E-02
   9.5462E-02  -4.0519E-02  -4.1478E-02  -1.6945E-02  -1.7703E-02   1.0255E-01
  -4.6254E-02  -2.1761E-01  -3.0715E-01  -2.0022E-01  -1.9395E-01  -1.8834E-03
  -9.9286E-02  -6.0754E-02   2.4510E-02   1.0329E-01   5.5702E-02  -1.3285E-02
   2.8468E-03  -2.2041E-02  -2.2712E-02   2.8430E-02  -9.5656E-03  -8.2410E-02
  -1.1305E-01  -6.7139E-02  -7.4127E-02   7.4792E-03  -5.8960E-02  -3.3341E-02
  -3.0274E-03   4.5109E-02   1.8611E-02  -3.3084E-02  -2.0718E-02  -2.2120E-02
  -2.2737E-02   4.3862E-02  -4.6667E-02
  > E    =  -3.833497875331E+02 +/-   2.655585411900E-05
  > varE =   3.526743944801E-04
* Computing derivatives.
    [walltime: 1m1s elapsed, 45m54s remaining]
  Done. [total walltime: 46m55s]
* Optimizing manipulation constant:
  #igrid a___________ E____________________________________ varE____________
     1     Infinity    -3.83349788E+02 +/-   2.65558541E-05   3.52674394E-04
     2     1.0000E+06  -3.83349788E+02 +/-   2.65558540E-05   3.52674391E-04
     3     2.1544E+05  -3.83349788E+02 +/-   2.65558535E-05   3.52674377E-04
     4     4.6416E+04  -3.83349788E+02 +/-   2.65558512E-05   3.52674316E-04
     5     1.0000E+04  -3.83349788E+02 +/-   2.65558405E-05   3.52674034E-04
     6     2.1544E+03  -3.83349788E+02 +/-   2.65557946E-05   3.52672814E-04
     7     4.6416E+02  -3.83349788E+02 +/-   2.65556545E-05   3.52669092E-04
     8     1.0000E+02  -3.83349788E+02 +/-   2.65565865E-05   3.52693847E-04
     9     2.1544E+01  -3.83349787E+02 +/-   2.66089335E-05   3.54085642E-04
    10     4.6416E+00  -3.83349609E+02 +/-   3.20613814E-05   5.14064770E-04
    11     1.0000E+00  -3.83330542E+02 +/-   1.79334188E-04   1.60834629E-02
    12     2.1544E-01  -3.82710553E+02 +/-   9.03475292E-04   4.08212164E-01
    13     4.6416E-02  -3.82145794E+02 +/-   1.06453286E-03   5.66723895E-01
    14     1.0000E-02  -3.82152650E+02 +/-   1.00469821E-03   5.04806155E-01
    15     2.1544E-03  -3.83110760E+02 +/-   5.98822509E-04   1.79328623E-01
    16     4.6416E-04  -3.83060993E+02 +/-   6.52014533E-04   2.12602287E-01
    17     1.0000E-04  -3.83048869E+02 +/-   6.64015422E-04   2.20500569E-01
    18     2.1544E-05  -3.83046188E+02 +/-   6.66623236E-04   2.22235930E-01
    19     4.6416E-06  -3.83045607E+02 +/-   6.67186074E-04   2.22611362E-01
    20     1.0000E-06  -3.83045482E+02 +/-   6.67307380E-04   2.22692318E-01
    21     0.0000E+00  -3.83045448E+02 +/-   6.67340694E-04   2.22714554E-01
* Iteration # 1: E =  -3.833497875584E+02 +/-   2.655658648397E-05
* Convergence: exiting.
* After optimization:
   4.4361E+00   4.0873E+00   4.4747E+00   8.8477E-01   7.8847E-01   9.2917E-01
  -9.0421E+00  -4.1965E+00  -4.1708E+00   3.1723E-01   4.5066E-01  -4.4882E+00
  -4.4840E+00  -4.4509E+00  -4.4469E+00  -4.4059E+00  -4.3920E+00   5.8893E-01
   5.7186E-01   1.4852E-01   8.6836E-02   8.4306E-02   1.2683E-01   1.2464E-01
   1.2708E-01   1.2501E-01  -4.7841E-01  -4.7439E-01  -5.2851E-01  -4.3588E-01
   4.7550E+01  -3.8520E+01   2.3597E+01  -1.9456E+01  -1.3173E-01  -1.7804E-01
  -2.3139E-01  -2.3015E-01   2.3742E+01  -1.9263E+01   2.3752E+01  -1.9295E+01
   2.3720E+01  -1.9295E+01  -2.9514E-01  -2.6390E-01  -4.3376E-02  -1.0689E-01
  -2.5907E-02  -5.6976E-02  -5.5195E-02  -7.5396E-02  -5.4714E-02  -7.5832E-02
  -3.9884E-02  -5.0576E-02   1.2398E+00   1.5520E+00   1.2778E+00  -3.6261E-01
  -5.2309E-01  -2.4224E-01  -2.4627E-01   3.3994E-02  -1.6490E-01  -9.4602E-02
   4.7870E-02   1.6120E-01   1.6631E-01  -9.5637E-03  -1.0402E-02  -1.7477E-02
  -1.7093E-02   7.5354E-02   1.1877E-02   1.4852E-02  -8.6884E-02  -3.7559E-02
  -2.3247E-02   3.5426E-02  -1.0699E-01  -5.0087E-02   9.0499E-03   6.7340E-02
   9.4882E-02  -4.0214E-02  -4.1137E-02  -1.6844E-02  -1.7590E-02   1.0180E-01
  -4.5874E-02  -2.1784E-01  -3.0737E-01  -2.0032E-01  -1.9402E-01  -1.9773E-03
  -9.9289E-02  -6.0756E-02   2.4516E-02   1.0330E-01   5.5710E-02  -1.3255E-02
   2.7809E-03  -2.2188E-02  -2.2845E-02   2.8598E-02  -9.6135E-03  -8.2598E-02
  -1.1323E-01  -6.7270E-02  -7.4234E-02   7.5260E-03  -5.8979E-02  -3.3349E-02
  -3.0010E-03   4.5136E-02   1.8648E-02  -3.3042E-02  -2.0733E-02  -2.2123E-02
  -2.2740E-02   4.3830E-02  -4.6587E-02
  > Energy =  -3.833497875584E+02 +/-   2.655658648397E-05
  > varE =   3.526938470597E-04

VMC #10:
* Size of Hilbert space =   6.3504E+04
* Deterministic energy evaluation:
  > Deterministic Etot/t = -383.34975011478929
    - Ttot/t = -23.364369079963030
    - Utot/t = 9.5289646423440928
* Number of equil. steps   = 1000
* Running VMC equilibration.
  Done. [total walltime: 0.06s]
* Equil. acc.ratio (%)     =  14.3856
* Sample config after equilibration:
  +---------+
  |  0   0  |
  |2   u   2|
  |d   0   2|
  |  2   0  |
  +---------+
* Number of accum. steps   = 1000192 x 10
* Running VMC accumulation.
  Done. [total walltime: 52.8s]
* Acceptance ratio (%)     =  14.3480
* Etot/t                   =  -3.833497621743E+02 +/-   1.893530161589E-05
  > Ttot/t                 =  -2.336421015278E+01 +/-   3.807041497650E-04
  > Utot/t                 =   9.528793655683E+00 +/-   3.795346728796E-04
* var[Eloc/t]              =   3.600230627653E-04 +/-   8.027780286781E-06
* Correlation length       =   9.960875430992E-01
* log10 Psi^2 range: -16.720021300035640 -- -9.7982925260797504
* log10 Pgen range : -16.720021300035640 -- -9.7982925260797504
* Site occupation (ave. no. electrons per config.):
  > Site_  ___eu____  ___ed____
      1        0.498      0.498
      2        0.501      0.501
      3        0.500      0.501
      4        0.498      0.495
      5        0.499      0.502
      6        0.500      0.500
      7        0.501      0.501
      8        0.500      0.501
      9        0.500      0.502
     10        0.501      0.500
* Pair-correlation analysis (ave. no. pairs per config.):
  > Shell  nsite  ___dh____  __eueu___  __eued___
      0      1        0          0          1.735
      1      1        0.828      0.716      2.492
      2      1        0.286      0.643      1.114
      3      1        0.160      0.295      0.557
      4      1        0.554      1.339      2.179
      5      1        0.119      1.030      0.965
      6      1        0.145      0.845      1.109
      7      1        0.297      1.792      2.126
      8      1        0.247      2.110      1.894
      9      1        0.247      2.125      1.892
     10      1        0.226      2.167      1.870
     11      1        0.114      0.977      1.028
     12      1        0.232      2.064      1.945
     13      1        0.060      0.479      0.520
     14      1        0.182      1.434      1.559
     15      1        0.117      1.034      0.972
     16      1        0.124      0.949      1.044

VDAGGER finished.
Total VDAGGER walltime: 11h41m

Run ended: Fri Oct  3 01:45:25 CEST 2025
