Run started: Tue Sep 30 14:58:16 CEST 2025
Using VDAGGER_ARCH = gnu7_fkfamd_cluster
Running 1x128 MPI processes.

                               xx
                              +##
                               #X
                               Xx
                          X##XxXxxX##x
                           +   Xx  ++
                               ##
                              +##
                              +##
     ++++         ++          +##
   xX+++##+      ####         +##
  Xx    ###      +X##          ##
 xX    X##+        ##          #X
 +    x##X         #x          #X
      ###         +#           x+
     X##+         #+
     ###         Xx                    _______
     ##X       +X+   __________________VDAGGER
     +##x    +xX     2nd quantized variational
       +xxxxx+       ______quantum Monte Carlo

* Running 128 MPI processes.
* Input file: "input.casl"

############# Start of input file dump #############
General:
  Random seed: timer

Plan:
  VMC-optimization:
    Minimum cycles: 7
    Convergence cycles: 3

System:
  Read Hamiltonian: FCIDUMP_loc_naphthalene
  Read orbitals: LTSC_naphthalene
  Complex orbitals: F
  Site kinds: [ 1, 2, 3, 1, 3, 3, 2, 3, 2, 2 ]
  Geometry:
    r_1: [ 0.00000000000000, 1.34347620379600 ]
    r_4: [ 0.00000000000000, -1.34347620379600 ]
    r_3: [ 2.34629842880300, 2.63976101399600 ]
    r_5: [ -2.34629842880300, -2.63976101399600 ]
    r_6: [ -2.34629842880300, 2.63976101399600 ]
    r_8: [ 2.34629842880300, -2.63976101399600 ]
    r_9: [ 4.58120036880600, 1.33647725770700 ]
    r_2: [ -4.58120036880600, -1.33647725770700 ]
    r_7: [ -4.58120036880600, 1.33647725770700 ]
    r_10: [ 4.58120036880600, -1.33647725770700 ]
    Tolerance: 0.05

VMC:
  nstep: 1000000
  nconfig: 500000

Optimization:
  max_niter: 1

Jastrow: wfn.casl

Multideterminants: wfn.casl
############## End of input file dump ##############

General setup:
* Random seed: 1387547128 (from timer)

* Loaded integrals for system with nelec=10, ms2=0, norb=10
* INFO: setting number of electrons from integrals file.
* Analysis of Hamiltonian connecitivity performed:
  - T_ii (local, 1-site): 10 (i) values
  - U_iiii [opp] (local, 1-site): 10 (i) values
  - U_kkii [opp] (local, 2-site): 90 contribs. from 10 (i) values
  - U_kkii [par] (local, 2-site): 45 contribs. from 9 (i) values
  - T_ji (single, 2-site): 90 contribs. from 10 (i) values
  - U_kkji [opp] (single, 2/3-site): 900 contribs. from 90 (i,j) pairs
  - U_kkji [par] (single, 3-site): 810 contribs. from 90 (i,j) pairs
  - U_lkji [opp] (double, 2/3/4-site): 8100 contribs. from 90 (i,j) pairs
  - U_lkji [par] (double, 4-site): 1740 contribs. from 72 (i,j) pairs
  - Max. no. wfn. ratios in Eloc: 1467
* Reading override orbitals from file "LTSC_naphthalene".
* Site labels:
  +--------------+
  |    6     3   |
  | 7     1     9|
  | 2     4    10|
  |    5     8   |
  +--------------+
* Read-in Site kinds:
  [ 1, 2, 3, 1, 3, 3, 2, 3, 2, 2 ]
  +---------+
  |  3   3  |
  |2   1   2|
  |2   1   2|
  |  3   3  |
  +---------+
* Maximum Site kind: 3
* Number of site-pair kinds with Tij=0: 0
* Automatically set Site pair kinds:
  Site 1: [ 0, -7, -4, 3, -8, -4, -9, 8, 9, -7 ]
  Site 2: [ -7, 0, 12, -9, 1, 10, 2, 14, 16, -15 ]
  Site 3: [ -4, 12, 0, -8, -11, 5, -13, -6, -1, 10 ]
  Site 4: [ 3, -9, -8, 0, -4, -8, -7, 4, 7, -9 ]
  Site 5: [ -8, 1, -11, -4, 0, 6, 10, -5, -12, -14 ]
  Site 6: [ -4, 10, 5, -8, 6, 0, 1, 11, 14, 12 ]
  Site 7: [ -9, 2, -13, -7, 10, 1, 0, -12, 15, -16 ]
  Site 8: [ 8, 14, -6, 4, -5, 11, -12, 0, 10, -1 ]
  Site 9: [ 9, 16, -1, 7, -12, 14, 15, 10, 0, -2 ]
  Site 10: [ -7, -15, 10, -9, -14, 12, -16, -1, -2, 0 ]
  For site 1 of kind 1:
  +--------------+
  |   -4    -4   |
  |-9     0     9|
  |-7     3    -7|
  |   -8     8   |
  +--------------+
  For site 2 of kind 2:
  +-------------------+
  |     10      12    |
  |  2      -7      16|
  |  0      -9     -15|
  |      1      14    |
  +-------------------+
  For site 3 of kind 3:
  +-------------------+
  |      5       0    |
  |-13      -4      -1|
  | 12      -8      10|
  |    -11      -6    |
  +-------------------+
* Maximum (unsigned) Site pair kind: 16
General system setup:
* Number of sites       : 10
* Number of electrons   : 10
* Spin imbalance MS2    : 0
* Filling               : 0.500000
* Number of orbitals in pool: 10
* Using real-valued orbitals
* Using double-precision arithmetic for orbitals

Trial wave function setup:
* Jastrow parameter file: "wfn.casl"
* Multideterminant parameter file: "wfn.casl"
* Not using a backflow transformation
* Not using wave function manipulation

VMC #1:
* Size of Hilbert space =   6.3504E+04
* Deterministic energy evaluation:
  > Deterministic Etot/t = -383.34352375704123
    - Ttot/t = -23.354801084584722
    - Utot/t = 9.5256230047136707
* Number of equil. steps   = 1000
* Running VMC equilibration.
  Done. [total walltime: 0.01s]
* Equil. acc.ratio (%)     =  26.6526
* Sample config after equilibration:
  +---------+
  |  d   d  |
  |u   u   u|
  |u   2   0|
  |  d   d  |
  +---------+
* Number of accum. steps   = 1000192 x 10
* Running VMC accumulation.
  Done. [total walltime: 22.0s]
* Acceptance ratio (%)     =  26.6482
* Etot/t                   =  -3.833434970372E+02 +/-   6.715381646109E-05
  > Ttot/t                 =  -2.335446653076E+01 +/-   3.726507534393E-04
  > Utot/t                 =   9.525315170692E+00 +/-   3.616374801136E-04
* var[Eloc/t]              =   4.480610725372E-03 +/-   5.515508072466E-05
* Correlation length       =   1.006671007968E+00
* log10 Psi^2 range: -16.661105230039290 -- -9.5250310177963247
* log10 Pgen range : -16.661105230039290 -- -9.5250310177963247
* Site occupation (ave. no. electrons per config.):
  > Site_  ___eu____  ___ed____
      1        0.497      0.497
      2        0.502      0.501
      3        0.499      0.500
      4        0.498      0.496
      5        0.499      0.501
      6        0.501      0.500
      7        0.500      0.502
      8        0.500      0.500
      9        0.501      0.502
     10        0.502      0.501
* Pair-correlation analysis (ave. no. pairs per config.):
  > Shell  nsite  ___dh____  __eueu___  __eued___
      0      1        0          0          1.729
      1      1        0.803      0.758      2.478
      2      1        0.300      0.623      1.121
      3      1        0.166      0.296      0.550
      4      1        0.556      1.346      2.163
      5      1        0.119      1.043      0.936
      6      1        0.134      0.831      1.131
      7      1        0.307      1.804      2.111
      8      1        0.245      2.100      1.901
      9      1        0.252      2.111      1.914
     10      1        0.225      2.168      1.864
     11      1        0.103      0.953      1.059
     12      1        0.234      2.070      1.927
     13      1        0.058      0.474      0.524
     14      1        0.173      1.432      1.575
     15      1        0.119      1.032      0.979
     16      1        0.126      0.958      1.039

Optimization #1:
* Method          : lls
* Target function : energy
* No. of configs. : 500096
* No. of params.  : 55
* Before optimization:
   2.6999E+00   2.7146E+00   2.7101E+00   7.7031E-01   7.7312E-01   1.0037E+00
  -5.9427E+00  -2.6011E+00  -2.6094E+00   2.6980E-01   1.0627E-01  -3.0142E+00
  -3.0139E+00  -3.0217E+00  -3.0234E+00  -2.8580E+00  -2.8610E+00   4.5341E-01
   4.5400E-01  -1.2805E-02   8.1999E-03   8.8797E-03   8.2780E-02   8.4153E-02
   8.2321E-02   8.4616E-02   1.8972E-02  -6.1903E-01  -3.6452E-01  -4.7432E-01
   3.1848E+01  -2.5859E+01   1.6043E+01  -1.3350E+01   3.7055E-01  -6.5859E-01
   4.4534E-01  -5.6487E-01   1.5934E+01  -1.2918E+01   1.6187E+01  -1.3179E+01
   1.5848E+01  -1.3032E+01   3.2527E-02  -5.4012E-01   5.2294E-01  -5.0715E-01
   2.5636E-01  -2.6579E-01   2.1578E-01  -2.9324E-01   2.1533E-01  -2.9309E-01
  -1.4553E-01
  > E    =  -3.833433276478E+02 +/-   9.481350227994E-05
  > varE =   4.495663108915E-03
* Computing derivatives.
    [walltime: 1m elapsed, 2m17s remaining]
  Done. [total walltime: 3m19s]
* Optimizing manipulation constant:
  #igrid a___________ E____________________________________ varE____________
     1     Infinity    -3.83343328E+02 +/-   9.48135023E-05   4.49566311E-03
     2     1.0000E+06  -3.83343328E+02 +/-   9.48134910E-05   4.49566204E-03
     3     2.1544E+05  -3.83343328E+02 +/-   9.48134500E-05   4.49565815E-03
     4     4.6416E+04  -3.83343328E+02 +/-   9.48132598E-05   4.49564011E-03
     5     1.0000E+04  -3.83343328E+02 +/-   9.48123769E-05   4.49555639E-03
     6     2.1544E+03  -3.83343329E+02 +/-   9.48082802E-05   4.49516790E-03
     7     4.6416E+02  -3.83343332E+02 +/-   9.47892950E-05   4.49336779E-03
     8     1.0000E+02  -3.83343348E+02 +/-   9.47018192E-05   4.48507825E-03
     9     2.1544E+01  -3.83343422E+02 +/-   9.43091493E-05   4.44796167E-03
    10     4.6416E+00  -3.83343722E+02 +/-   9.27295792E-05   4.30021292E-03
    11     1.0000E+00  -3.83344590E+02 +/-   8.83326620E-05   3.90207864E-03
    12     2.1544E-01  -3.83345656E+02 +/-   8.30532579E-05   3.44958401E-03
    13     4.6416E-02  -3.83346010E+02 +/-   8.12024001E-05   3.29754790E-03
    14     1.0000E-02  -3.83346046E+02 +/-   8.09803536E-05   3.27953839E-03
    15     2.1544E-03  -3.83346048E+02 +/-   8.10205160E-05   3.28279218E-03
    16     4.6416E-04  -3.83346048E+02 +/-   8.10818022E-05   3.28776045E-03
    17     1.0000E-04  -3.83346047E+02 +/-   8.11060373E-05   3.28972615E-03
    18     2.1544E-05  -3.83346047E+02 +/-   8.11121522E-05   3.29022222E-03
    19     4.6416E-06  -3.83346047E+02 +/-   8.11135176E-05   3.29033299E-03
    20     1.0000E-06  -3.83346047E+02 +/-   8.11138140E-05   3.29035704E-03
    21     0.0000E+00  -3.83346047E+02 +/-   8.11138956E-05   3.29036366E-03
* Iteration # 1: E =  -3.833460478039E+02 +/-   8.102051601010E-05
* Reached maximum number of iterations: exiting.
* After optimization:
   1.1778E+01   1.1790E+01   1.1786E+01  -1.2486E+00  -1.2460E+00   1.0194E+00
  -6.9289E+00  -5.1446E+00  -5.1518E+00  -3.8521E+00  -3.9225E+00  -3.4988E+00
  -3.4994E+00  -5.5371E+00  -5.5386E+00  -3.3454E+00  -3.3479E+00  -1.5667E+00
  -1.5657E+00  -4.0611E+00  -2.0295E+00  -2.0290E+00  -1.9641E+00  -1.9618E+00
  -1.9627E+00  -1.9621E+00   1.0182E+01  -8.7846E+00  -3.8451E-01  -4.6961E-01
   3.6816E+01  -2.9839E+01   2.8719E+01  -2.3489E+01   2.0786E+01  -1.6956E+01
   2.0833E+01  -1.6917E+01   1.8409E+01  -1.4907E+01   2.8866E+01  -2.3343E+01
   1.8322E+01  -1.5013E+01   1.0215E+01  -8.7063E+00   2.0931E+01  -1.6866E+01
   1.0463E+01  -8.4340E+00   1.0421E+01  -8.4501E+00   1.0421E+01  -8.4509E+00
  -6.7606E-02
  > Energy =  -3.833460478039E+02 +/-   8.102051601010E-05
  > varE =   3.282792182377E-03

VMC #2:
* Size of Hilbert space =   6.3504E+04
* Deterministic energy evaluation:
  > Deterministic Etot/t = -383.34616394988137
    - Ttot/t = -23.368141104226698
    - Utot/t = 9.5363228315154629
* Number of equil. steps   = 1000
* Running VMC equilibration.
  Done. [total walltime: 0.01s]
* Equil. acc.ratio (%)     =  27.2998
* Sample config after equilibration:
  +---------+
  |  u   0  |
  |d   d   d|
  |u   2   2|
  |  0   u  |
  +---------+
* Number of accum. steps   = 1000192 x 10
* Running VMC accumulation.
  Done. [total walltime: 21.8s]
* Acceptance ratio (%)     =  27.2228
* Etot/t                   =  -3.833462232337E+02 +/-   5.674978472740E-05
  > Ttot/t                 =  -2.336827653388E+01 +/-   3.656725787141E-04
  > Utot/t                 =   9.536398977262E+00 +/-   3.608412108292E-04
* var[Eloc/t]              =   3.210922690591E-03 +/-   2.952397439106E-05
* Correlation length       =   1.003187158431E+00
* log10 Psi^2 range: -17.060507293371209 -- -9.7600891467464521
* log10 Pgen range : -17.060507293371209 -- -9.7600891467464521
* Site occupation (ave. no. electrons per config.):
  > Site_  ___eu____  ___ed____
      1        0.497      0.498
      2        0.501      0.501
      3        0.500      0.500
      4        0.497      0.498
      5        0.500      0.500
      6        0.501      0.500
      7        0.501      0.501
      8        0.500      0.499
      9        0.502      0.501
     10        0.502      0.502
* Pair-correlation analysis (ave. no. pairs per config.):
  > Shell  nsite  ___dh____  __eueu___  __eued___
      0      1        0          0          1.771
      1      1        0.850      0.718      2.468
      2      1        0.297      0.647      1.101
      3      1        0.168      0.294      0.552
      4      1        0.568      1.350      2.153
      5      1        0.123      1.025      0.966
      6      1        0.154      0.845      1.099
      7      1        0.316      1.803      2.106
      8      1        0.254      2.100      1.910
      9      1        0.251      2.118      1.920
     10      1        0.230      2.157      1.893
     11      1        0.118      0.979      1.020
     12      1        0.240      2.053      1.960
     13      1        0.063      0.481      0.517
     14      1        0.189      1.442      1.550
     15      1        0.121      1.029      0.986
     16      1        0.133      0.961      1.030

Optimization #2:
* Method          : lls
* Target function : energy
* No. of configs. : 500096
* No. of params.  : 55
* Before optimization:
   1.1778E+01   1.1790E+01   1.1786E+01  -1.2486E+00  -1.2460E+00   1.0194E+00
  -6.9289E+00  -5.1446E+00  -5.1518E+00  -3.8521E+00  -3.9225E+00  -3.4988E+00
  -3.4994E+00  -5.5371E+00  -5.5386E+00  -3.3454E+00  -3.3479E+00  -1.5667E+00
  -1.5657E+00  -4.0611E+00  -2.0295E+00  -2.0290E+00  -1.9641E+00  -1.9618E+00
  -1.9627E+00  -1.9621E+00   1.0182E+01  -8.7846E+00  -3.8451E-01  -4.6961E-01
   3.6816E+01  -2.9839E+01   2.8719E+01  -2.3489E+01   2.0786E+01  -1.6956E+01
   2.0833E+01  -1.6917E+01   1.8409E+01  -1.4907E+01   2.8866E+01  -2.3343E+01
   1.8322E+01  -1.5013E+01   1.0215E+01  -8.7063E+00   2.0931E+01  -1.6866E+01
   1.0463E+01  -8.4340E+00   1.0421E+01  -8.4501E+00   1.0421E+01  -8.4509E+00
  -6.7606E-02
  > E    =  -3.833462314716E+02 +/-   7.996777578014E-05
  > varE =   3.198036486747E-03
* Computing derivatives.
    [walltime: 1m elapsed, 2m22s remaining]
  Done. [total walltime: 3m21s]
* Optimizing manipulation constant:
  #igrid a___________ E____________________________________ varE____________
     1     Infinity    -3.83346231E+02 +/-   7.99677758E-05   3.19803649E-03
     2     1.0000E+06  -3.83346231E+02 +/-   7.99677755E-05   3.19803646E-03
     3     2.1544E+05  -3.83346231E+02 +/-   7.99677744E-05   3.19803637E-03
     4     4.6416E+04  -3.83346231E+02 +/-   7.99677693E-05   3.19803597E-03
     5     1.0000E+04  -3.83346231E+02 +/-   7.99677456E-05   3.19803407E-03
     6     2.1544E+03  -3.83346231E+02 +/-   7.99676357E-05   3.19802528E-03
     7     4.6416E+02  -3.83346232E+02 +/-   7.99671270E-05   3.19798459E-03
     8     1.0000E+02  -3.83346232E+02 +/-   7.99647938E-05   3.19779798E-03
     9     2.1544E+01  -3.83346232E+02 +/-   7.99545327E-05   3.19697735E-03
    10     4.6416E+00  -3.83346235E+02 +/-   7.99164107E-05   3.19392947E-03
    11     1.0000E+00  -3.83346241E+02 +/-   7.98305306E-05   3.18706861E-03
    12     2.1544E-01  -3.83346245E+02 +/-   7.97554441E-05   3.18107608E-03
    13     4.6416E-02  -3.83346246E+02 +/-   7.97358092E-05   3.17950998E-03
    14     1.0000E-02  -3.83346247E+02 +/-   7.97350114E-05   3.17944636E-03
    15     2.1544E-03  -3.83346247E+02 +/-   7.97412082E-05   3.17994058E-03
    16     4.6416E-04  -3.83346246E+02 +/-   7.97650533E-05   3.18184266E-03
    17     1.0000E-04  -3.83346245E+02 +/-   7.97968754E-05   3.18438194E-03
    18     2.1544E-05  -3.83346245E+02 +/-   7.98099405E-05   3.18542479E-03
    19     4.6416E-06  -3.83346244E+02 +/-   7.98132151E-05   3.18568619E-03
    20     1.0000E-06  -3.83346244E+02 +/-   7.98139441E-05   3.18574438E-03
    21     0.0000E+00  -3.83346244E+02 +/-   7.98141458E-05   3.18576048E-03
* Iteration # 1: E =  -3.833462465619E+02 +/-   7.974120822196E-05
* Reached maximum number of iterations: exiting.
* After optimization:
   9.4858E+00   9.4985E+00   9.4933E+00  -4.7623E-01  -4.7230E-01   9.9611E-01
  -7.7339E+00  -4.7600E+00  -4.7675E+00  -2.2647E+00  -2.3520E+00  -3.9066E+00
  -3.9066E+00  -5.1529E+00  -5.1536E+00  -3.7541E+00  -3.7569E+00  -7.9052E-01
  -7.9025E-01  -2.4795E+00  -1.2375E+00  -1.2366E+00  -1.1715E+00  -1.1702E+00
  -1.1716E+00  -1.1697E+00   6.2399E+00  -5.6087E+00  -3.6452E-01  -4.7409E-01
   4.0812E+01  -3.3032E+01   2.6758E+01  -2.1913E+01   1.2855E+01  -1.0612E+01
   1.2917E+01  -1.0573E+01   2.0413E+01  -1.6503E+01   2.6905E+01  -2.1766E+01
   2.0326E+01  -1.6610E+01   6.2702E+00  -5.5338E+00   1.3003E+01  -1.0520E+01
   6.4986E+00  -5.2629E+00   6.4572E+00  -5.2775E+00   6.4569E+00  -5.2781E+00
  -6.9462E-02
  > Energy =  -3.833462465619E+02 +/-   7.974120822196E-05
  > varE =   3.179940575737E-03

VMC #3:
* Size of Hilbert space =   6.3504E+04
* Deterministic energy evaluation:
  > Deterministic Etot/t = -383.34617723764956
    - Ttot/t = -23.368407602723710
    - Utot/t = 9.5365760422444517
* Number of equil. steps   = 1000
* Running VMC equilibration.
  Done. [total walltime: 0.01s]
* Equil. acc.ratio (%)     =  27.2765
* Sample config after equilibration:
  +---------+
  |  d   d  |
  |u   u   d|
  |u   d   u|
  |  d   u  |
  +---------+
* Number of accum. steps   = 1000192 x 10
* Running VMC accumulation.
  Done. [total walltime: 21.6s]
* Acceptance ratio (%)     =  27.2675
* Etot/t                   =  -3.833462242518E+02 +/-   5.664547521178E-05
  > Ttot/t                 =  -2.336830793544E+01 +/-   3.717977474827E-04
  > Utot/t                 =   9.536429360791E+00 +/-   3.673518648669E-04
* var[Eloc/t]              =   3.219569450221E-03 +/-   2.828563004340E-05
* Correlation length       =   9.968183584427E-01
* log10 Psi^2 range: -16.580752125770431 -- -9.6142564224027733
* log10 Pgen range : -16.580752125770431 -- -9.6142564224027733
* Site occupation (ave. no. electrons per config.):
  > Site_  ___eu____  ___ed____
      1        0.497      0.496
      2        0.501      0.501
      3        0.501      0.500
      4        0.497      0.498
      5        0.501      0.500
      6        0.500      0.501
      7        0.501      0.501
      8        0.500      0.500
      9        0.501      0.502
     10        0.501      0.501
* Pair-correlation analysis (ave. no. pairs per config.):
  > Shell  nsite  ___dh____  __eueu___  __eued___
      0      1        0          0          1.770
      1      1        0.847      0.721      2.469
      2      1        0.296      0.647      1.101
      3      1        0.167      0.295      0.551
      4      1        0.567      1.351      2.154
      5      1        0.122      1.025      0.971
      6      1        0.152      0.847      1.102
      7      1        0.315      1.800      2.106
      8      1        0.255      2.099      1.909
      9      1        0.253      2.112      1.915
     10      1        0.233      2.156      1.890
     11      1        0.117      0.981      1.025
     12      1        0.241      2.054      1.957
     13      1        0.063      0.481      0.516
     14      1        0.190      1.445      1.548
     15      1        0.120      1.027      0.985
     16      1        0.132      0.958      1.032

Optimization #3:
* Method          : lls
* Target function : energy
* No. of configs. : 500096
* No. of params.  : 55
* Before optimization:
   9.4858E+00   9.4985E+00   9.4933E+00  -4.7623E-01  -4.7230E-01   9.9611E-01
  -7.7339E+00  -4.7600E+00  -4.7675E+00  -2.2647E+00  -2.3520E+00  -3.9066E+00
  -3.9066E+00  -5.1529E+00  -5.1536E+00  -3.7541E+00  -3.7569E+00  -7.9052E-01
  -7.9025E-01  -2.4795E+00  -1.2375E+00  -1.2366E+00  -1.1715E+00  -1.1702E+00
  -1.1716E+00  -1.1697E+00   6.2399E+00  -5.6087E+00  -3.6452E-01  -4.7409E-01
   4.0812E+01  -3.3032E+01   2.6758E+01  -2.1913E+01   1.2855E+01  -1.0612E+01
   1.2917E+01  -1.0573E+01   2.0413E+01  -1.6503E+01   2.6905E+01  -2.1766E+01
   2.0326E+01  -1.6610E+01   6.2702E+00  -5.5338E+00   1.3003E+01  -1.0520E+01
   6.4986E+00  -5.2629E+00   6.4572E+00  -5.2775E+00   6.4569E+00  -5.2781E+00
  -6.9462E-02
  > E    =  -3.833462366090E+02 +/-   8.048622051514E-05
  > varE =   3.239637737448E-03
* Computing derivatives.
    [walltime: 1m elapsed, 2m22s remaining]
  Done. [total walltime: 3m22s]
* Optimizing manipulation constant:
  #igrid a___________ E____________________________________ varE____________
     1     Infinity    -3.83346237E+02 +/-   8.04862205E-05   3.23963774E-03
     2     1.0000E+06  -3.83346237E+02 +/-   8.04862205E-05   3.23963774E-03
     3     2.1544E+05  -3.83346237E+02 +/-   8.04862204E-05   3.23963773E-03
     4     4.6416E+04  -3.83346237E+02 +/-   8.04862201E-05   3.23963770E-03
     5     1.0000E+04  -3.83346237E+02 +/-   8.04862187E-05   3.23963759E-03
     6     2.1544E+03  -3.83346237E+02 +/-   8.04862148E-05   3.23963728E-03
     7     4.6416E+02  -3.83346237E+02 +/-   8.04862519E-05   3.23964026E-03
     8     1.0000E+02  -3.83346237E+02 +/-   8.04876052E-05   3.23974921E-03
     9     2.1544E+01  -3.83346237E+02 +/-   8.05190729E-05   3.24228295E-03
    10     4.6416E+00  -3.83346218E+02 +/-   8.13032710E-05   3.30574552E-03
    11     1.0000E+00  -3.82836912E+02 +/-   7.12457930E-04   2.53846881E-01
    12     2.1544E-01  -3.83340944E+02 +/-   1.01744426E-04   5.17695794E-03
    13     4.6416E-02  -3.83342348E+02 +/-   9.29886198E-05   4.32427181E-03
    14     1.0000E-02  -3.83341981E+02 +/-   9.40998675E-05   4.42824259E-03
    15     2.1544E-03  -3.83341462E+02 +/-   9.66490480E-05   4.67141598E-03
    16     4.6416E-04  -3.83341290E+02 +/-   9.75095790E-05   4.75497178E-03
    17     1.0000E-04  -3.83341249E+02 +/-   9.77143243E-05   4.77496121E-03
    18     2.1544E-05  -3.83341240E+02 +/-   9.77593956E-05   4.77936718E-03
    19     4.6416E-06  -3.83341238E+02 +/-   9.77691512E-05   4.78032111E-03
    20     1.0000E-06  -3.83341238E+02 +/-   9.77712551E-05   4.78052684E-03
    21     0.0000E+00  -3.83341238E+02 +/-   9.77718329E-05   4.78058335E-03
* Iteration # 1: E =  -3.833462367024E+02 +/-   8.048760524580E-05
* Reached maximum number of iterations: exiting.
* After optimization:
   9.5262E+00   9.5389E+00   9.5338E+00  -4.8799E-01  -4.8405E-01   9.9612E-01
  -7.7273E+00  -4.7684E+00  -4.7759E+00  -2.2882E+00  -2.3756E+00  -3.9033E+00
  -3.9034E+00  -5.1614E+00  -5.1621E+00  -3.7508E+00  -3.7537E+00  -8.0230E-01
  -8.0202E-01  -2.5030E+00  -1.2493E+00  -1.2484E+00  -1.1833E+00  -1.1820E+00
  -1.1833E+00  -1.1814E+00   6.2988E+00  -5.6558E+00  -3.6453E-01  -4.7409E-01
   4.0779E+01  -3.3006E+01   2.6800E+01  -2.1947E+01   1.2972E+01  -1.0706E+01
   1.3035E+01  -1.0668E+01   2.0397E+01  -1.6490E+01   2.6948E+01  -2.1800E+01
   2.0309E+01  -1.6597E+01   6.3291E+00  -5.5809E+00   1.3121E+01  -1.0615E+01
   6.5574E+00  -5.3099E+00   6.5161E+00  -5.3246E+00   6.5157E+00  -5.3251E+00
  -6.9444E-02
  > Energy =  -3.833462367024E+02 +/-   8.048760524580E-05
  > varE =   3.239749211543E-03

VMC #4:
* Size of Hilbert space =   6.3504E+04
* Deterministic energy evaluation:
  > Deterministic Etot/t = -383.34617725717163
    - Ttot/t = -23.368405400329539
    - Utot/t = 9.5365738203280337
* Number of equil. steps   = 1000
* Running VMC equilibration.
  Done. [total walltime: 0.01s]
* Equil. acc.ratio (%)     =  27.3566
* Sample config after equilibration:
  +---------+
  |  u   u  |
  |2   d   d|
  |0   u   u|
  |  d   d  |
  +---------+
* Number of accum. steps   = 1000192 x 10
* Running VMC accumulation.
  Done. [total walltime: 21.7s]
* Acceptance ratio (%)     =  27.2699
* Etot/t                   =  -3.833461632279E+02 +/-   5.646198804680E-05
  > Ttot/t                 =  -2.336810179229E+01 +/-   3.692535235182E-04
  > Utot/t                 =   9.536284241613E+00 +/-   3.657673401531E-04
* var[Eloc/t]              =   3.178597459284E-03 +/-   1.620485038496E-05
* Correlation length       =   1.003136830823E+00
* log10 Psi^2 range: -16.299647297212484 -- -9.6143634032513461
* log10 Pgen range : -16.299647297212484 -- -9.6143634032513461
* Site occupation (ave. no. electrons per config.):
  > Site_  ___eu____  ___ed____
      1        0.498      0.498
      2        0.502      0.501
      3        0.500      0.500
      4        0.497      0.497
      5        0.500      0.500
      6        0.500      0.499
      7        0.500      0.502
      8        0.500      0.500
      9        0.502      0.502
     10        0.501      0.500
* Pair-correlation analysis (ave. no. pairs per config.):
  > Shell  nsite  ___dh____  __eueu___  __eued___
      0      1        0          0          1.769
      1      1        0.847      0.719      2.469
      2      1        0.294      0.649      1.102
      3      1        0.167      0.295      0.551
      4      1        0.567      1.351      2.154
      5      1        0.123      1.023      0.968
      6      1        0.152      0.846      1.100
      7      1        0.315      1.804      2.107
      8      1        0.254      2.099      1.910
      9      1        0.252      2.115      1.918
     10      1        0.232      2.154      1.891
     11      1        0.117      0.980      1.022
     12      1        0.241      2.054      1.955
     13      1        0.063      0.481      0.516
     14      1        0.188      1.443      1.549
     15      1        0.120      1.028      0.986
     16      1        0.132      0.958      1.033

Optimization #4:
* Method          : lls
* Target function : energy
* No. of configs. : 500096
* No. of params.  : 55
* Before optimization:
   9.5262E+00   9.5389E+00   9.5338E+00  -4.8799E-01  -4.8405E-01   9.9612E-01
  -7.7273E+00  -4.7684E+00  -4.7759E+00  -2.2882E+00  -2.3756E+00  -3.9033E+00
  -3.9034E+00  -5.1614E+00  -5.1621E+00  -3.7508E+00  -3.7537E+00  -8.0230E-01
  -8.0202E-01  -2.5030E+00  -1.2493E+00  -1.2484E+00  -1.1833E+00  -1.1820E+00
  -1.1833E+00  -1.1814E+00   6.2988E+00  -5.6558E+00  -3.6453E-01  -4.7409E-01
   4.0779E+01  -3.3006E+01   2.6800E+01  -2.1947E+01   1.2972E+01  -1.0706E+01
   1.3035E+01  -1.0668E+01   2.0397E+01  -1.6490E+01   2.6948E+01  -2.1800E+01
   2.0309E+01  -1.6597E+01   6.3291E+00  -5.5809E+00   1.3121E+01  -1.0615E+01
   6.5574E+00  -5.3099E+00   6.5161E+00  -5.3246E+00   6.5157E+00  -5.3251E+00
  -6.9444E-02
  > E    =  -3.833460937868E+02 +/-   7.939737376908E-05
  > varE =   3.152576659238E-03
* Computing derivatives.
    [walltime: 1m elapsed, 2m21s remaining]
  Done. [total walltime: 3m22s]
* Optimizing manipulation constant:
  #igrid a___________ E____________________________________ varE____________
     1     Infinity    -3.83346094E+02 +/-   7.93973738E-05   3.15257666E-03
     2     1.0000E+06  -3.83346094E+02 +/-   7.93973743E-05   3.15257670E-03
     3     2.1544E+05  -3.83346094E+02 +/-   7.93973763E-05   3.15257686E-03
     4     4.6416E+04  -3.83346094E+02 +/-   7.93973854E-05   3.15257758E-03
     5     1.0000E+04  -3.83346094E+02 +/-   7.93974280E-05   3.15258097E-03
     6     2.1544E+03  -3.83346094E+02 +/-   7.93976319E-05   3.15259716E-03
     7     4.6416E+02  -3.83346094E+02 +/-   7.93987123E-05   3.15268296E-03
     8     1.0000E+02  -3.83346094E+02 +/-   7.94067861E-05   3.15332416E-03
     9     2.1544E+01  -3.83346085E+02 +/-   7.95834506E-05   3.16737082E-03
    10     4.6416E+00  -3.83342725E+02 +/-   1.05746021E-04   5.59218394E-03
    11     1.0000E+00  -3.82307948E+02 +/-   7.21968459E-04   2.60669267E-01
    12     2.1544E-01  -3.82224253E+02 +/-   4.29246991E-04   9.21441780E-02
    13     4.6416E-02  -3.82619511E+02 +/-   7.00882809E-04   2.45665515E-01
    14     1.0000E-02  -3.82774691E+02 +/-   7.72794550E-04   2.98663040E-01
    15     2.1544E-03  -3.82767019E+02 +/-   7.67926695E-04   2.94912317E-01
    16     4.6416E-04  -3.82763892E+02 +/-   7.67191168E-04   2.94347648E-01
    17     1.0000E-04  -3.82763134E+02 +/-   7.67059222E-04   2.94246409E-01
    18     2.1544E-05  -3.82762966E+02 +/-   7.67032116E-04   2.94225614E-01
    19     4.6416E-06  -3.82762930E+02 +/-   7.67026339E-04   2.94221182E-01
    20     1.0000E-06  -3.82762922E+02 +/-   7.67025097E-04   2.94220229E-01
    21     0.0000E+00  -3.82762920E+02 +/-   7.67024756E-04   2.94219967E-01
* Iteration # 1: E =  -3.833460937915E+02 +/-   7.939871230788E-05
* Reached maximum number of iterations: exiting.
* After optimization:
   9.4721E+00   9.4848E+00   9.4796E+00  -4.7294E-01  -4.6900E-01   9.9613E-01
  -7.7334E+00  -4.7564E+00  -4.7639E+00  -2.2581E+00  -2.3455E+00  -3.9064E+00
  -3.9064E+00  -5.1494E+00  -5.1501E+00  -3.7538E+00  -3.7567E+00  -7.8725E-01
  -7.8696E-01  -2.4729E+00  -1.2342E+00  -1.2334E+00  -1.1682E+00  -1.1669E+00
  -1.1683E+00  -1.1664E+00   6.2235E+00  -5.5956E+00  -3.6454E-01  -4.7410E-01
   4.0810E+01  -3.3030E+01   2.6740E+01  -2.1899E+01   1.2822E+01  -1.0585E+01
   1.2884E+01  -1.0547E+01   2.0412E+01  -1.6502E+01   2.6888E+01  -2.1752E+01
   2.0325E+01  -1.6609E+01   6.2538E+00  -5.5207E+00   1.2970E+01  -1.0494E+01
   6.4822E+00  -5.2497E+00   6.4408E+00  -5.2644E+00   6.4405E+00  -5.2649E+00
  -6.9445E-02
  > Energy =  -3.833460937915E+02 +/-   7.939871230788E-05
  > varE =   3.152682957004E-03

VMC #5:
* Size of Hilbert space =   6.3504E+04
* Deterministic energy evaluation:
  > Deterministic Etot/t = -383.34617726310324
    - Ttot/t = -23.368401360744677
    - Utot/t = 9.5365697748117597
* Number of equil. steps   = 1000
* Running VMC equilibration.
  Done. [total walltime: 0.01s]
* Equil. acc.ratio (%)     =  27.2529
* Sample config after equilibration:
  +---------+
  |  d   u  |
  |2   u   2|
  |0   d   0|
  |  u   d  |
  +---------+
* Number of accum. steps   = 1000192 x 10
* Running VMC accumulation.
  Done. [total walltime: 21.7s]
* Acceptance ratio (%)     =  27.2817
* Etot/t                   =  -3.833461405883E+02 +/-   5.668480342891E-05
  > Ttot/t                 =  -2.336787523461E+01 +/-   3.702570184697E-04
  > Utot/t                 =   9.536080323478E+00 +/-   3.668781610367E-04
* var[Eloc/t]              =   3.193209448762E-03 +/-   4.519917124493E-05
* Correlation length       =   1.006443178687E+00
* log10 Psi^2 range: -16.396434128255251 -- -9.6143822653100326
* log10 Pgen range : -16.396434128255251 -- -9.6143822653100326
* Site occupation (ave. no. electrons per config.):
  > Site_  ___eu____  ___ed____
      1        0.496      0.498
      2        0.502      0.500
      3        0.500      0.500
      4        0.498      0.496
      5        0.500      0.501
      6        0.500      0.501
      7        0.501      0.502
      8        0.501      0.500
      9        0.502      0.501
     10        0.501      0.501
* Pair-correlation analysis (ave. no. pairs per config.):
  > Shell  nsite  ___dh____  __eueu___  __eued___
      0      1        0          0          1.769
      1      1        0.848      0.721      2.470
      2      1        0.295      0.648      1.101
      3      1        0.167      0.294      0.550
      4      1        0.567      1.352      2.153
      5      1        0.121      1.026      0.971
      6      1        0.151      0.848      1.101
      7      1        0.314      1.801      2.105
      8      1        0.254      2.097      1.910
      9      1        0.253      2.113      1.914
     10      1        0.231      2.155      1.893
     11      1        0.118      0.981      1.024
     12      1        0.241      2.055      1.957
     13      1        0.063      0.481      0.516
     14      1        0.189      1.443      1.549
     15      1        0.120      1.028      0.985
     16      1        0.132      0.958      1.032

Optimization #5:
* Method          : lls
* Target function : energy
* No. of configs. : 500096
* No. of params.  : 55
* Before optimization:
   9.4721E+00   9.4848E+00   9.4796E+00  -4.7294E-01  -4.6900E-01   9.9613E-01
  -7.7334E+00  -4.7564E+00  -4.7639E+00  -2.2581E+00  -2.3455E+00  -3.9064E+00
  -3.9064E+00  -5.1494E+00  -5.1501E+00  -3.7538E+00  -3.7567E+00  -7.8725E-01
  -7.8696E-01  -2.4729E+00  -1.2342E+00  -1.2334E+00  -1.1682E+00  -1.1669E+00
  -1.1683E+00  -1.1664E+00   6.2235E+00  -5.5956E+00  -3.6454E-01  -4.7410E-01
   4.0810E+01  -3.3030E+01   2.6740E+01  -2.1899E+01   1.2822E+01  -1.0585E+01
   1.2884E+01  -1.0547E+01   2.0412E+01  -1.6502E+01   2.6888E+01  -2.1752E+01
   2.0325E+01  -1.6609E+01   6.2538E+00  -5.5207E+00   1.2970E+01  -1.0494E+01
   6.4822E+00  -5.2497E+00   6.4408E+00  -5.2644E+00   6.4405E+00  -5.2649E+00
  -6.9445E-02
  > E    =  -3.833461668568E+02 +/-   8.061018968034E-05
  > varE =   3.249625148408E-03
* Computing derivatives.
    [walltime: 1m elapsed, 2m21s remaining]
  Done. [total walltime: 3m22s]
* Optimizing manipulation constant:
  #igrid a___________ E____________________________________ varE____________
     1     Infinity    -3.83346167E+02 +/-   8.06101897E-05   3.24962515E-03
     2     1.0000E+06  -3.83346167E+02 +/-   8.06101895E-05   3.24962513E-03
     3     2.1544E+05  -3.83346167E+02 +/-   8.06101888E-05   3.24962508E-03
     4     4.6416E+04  -3.83346167E+02 +/-   8.06101857E-05   3.24962482E-03
     5     1.0000E+04  -3.83346167E+02 +/-   8.06101714E-05   3.24962367E-03
     6     2.1544E+03  -3.83346167E+02 +/-   8.06101112E-05   3.24961882E-03
     7     4.6416E+02  -3.83346167E+02 +/-   8.06099673E-05   3.24960722E-03
     8     1.0000E+02  -3.83346167E+02 +/-   8.06122071E-05   3.24978781E-03
     9     2.1544E+01  -3.83346166E+02 +/-   8.06897984E-05   3.25604682E-03
    10     4.6416E+00  -3.83345893E+02 +/-   8.45887849E-05   3.57831817E-03
    11     1.0000E+00  -3.83252579E+02 +/-   3.58235249E-04   6.41785666E-02
    12     2.1544E-01  -3.81802082E+02 +/-   6.24997003E+11   1.95348127E+29
    13     4.6416E-02  -3.82997465E+02 +/-   5.72398911E-04   1.63851710E-01
    14     1.0000E-02  -3.83036874E+02 +/-   5.40095024E-04   1.45879321E-01
    15     2.1544E-03  -3.83040672E+02 +/-   5.36697691E-04   1.44049858E-01
    16     4.6416E-04  -3.83040823E+02 +/-   5.36534464E-04   1.43962251E-01
    17     1.0000E-04  -3.83040806E+02 +/-   5.36542144E-04   1.43966372E-01
    18     2.1544E-05  -3.83040800E+02 +/-   5.36546070E-04   1.43968479E-01
    19     4.6416E-06  -3.83040798E+02 +/-   5.36547024E-04   1.43968991E-01
    20     1.0000E-06  -3.83040798E+02 +/-   5.36547235E-04   1.43969104E-01
    21     0.0000E+00  -3.83040798E+02 +/-   5.36547293E-04   1.43969136E-01
* Iteration # 1: E =  -3.833461668575E+02 +/-   8.060996732487E-05
* Reached maximum number of iterations: exiting.
* After optimization:
   9.4518E+00   9.4646E+00   9.4594E+00  -4.6819E-01  -4.6425E-01   9.9614E-01
  -7.7322E+00  -4.7510E+00  -4.7585E+00  -2.2486E+00  -2.3360E+00  -3.9058E+00
  -3.9058E+00  -5.1440E+00  -5.1447E+00  -3.7532E+00  -3.7561E+00  -7.8250E-01
  -7.8222E-01  -2.4634E+00  -1.2295E+00  -1.2286E+00  -1.1635E+00  -1.1622E+00
  -1.1635E+00  -1.1616E+00   6.1998E+00  -5.5766E+00  -3.6454E-01  -4.7410E-01
   4.0803E+01  -3.3025E+01   2.6713E+01  -2.1877E+01   1.2774E+01  -1.0547E+01
   1.2837E+01  -1.0509E+01   2.0409E+01  -1.6500E+01   2.6861E+01  -2.1730E+01
   2.0321E+01  -1.6606E+01   6.2301E+00  -5.5018E+00   1.2923E+01  -1.0456E+01
   6.4585E+00  -5.2308E+00   6.4171E+00  -5.2454E+00   6.4167E+00  -5.2460E+00
  -6.9440E-02
  > Energy =  -3.833461668575E+02 +/-   8.060996732487E-05
  > varE =   3.249607220874E-03

VMC #6:
* Size of Hilbert space =   6.3504E+04
* Deterministic energy evaluation:
  > Deterministic Etot/t = -383.34617726653948
    - Ttot/t = -23.368403141527491
    - Utot/t = 9.5365715521582928
* Number of equil. steps   = 1000
* Running VMC equilibration.
  Done. [total walltime: 0.01s]
* Equil. acc.ratio (%)     =  27.3244
* Sample config after equilibration:
  +---------+
  |  u   0  |
  |2   d   2|
  |d   0   2|
  |  u   0  |
  +---------+
* Number of accum. steps   = 1000192 x 10
* Running VMC accumulation.
  Done. [total walltime: 21.7s]
* Acceptance ratio (%)     =  27.2795
* Etot/t                   =  -3.833462056080E+02 +/-   5.664861207642E-05
  > Ttot/t                 =  -2.336815067340E+01 +/-   3.714043559250E-04
  > Utot/t                 =   9.536290742728E+00 +/-   3.670051233470E-04
* var[Eloc/t]              =   3.182928589849E-03 +/-   2.121117668332E-05
* Correlation length       =   1.008405089875E+00
* log10 Psi^2 range: -16.117878109966718 -- -9.6144616603059632
* log10 Pgen range : -16.117878109966718 -- -9.6144616603059632
* Site occupation (ave. no. electrons per config.):
  > Site_  ___eu____  ___ed____
      1        0.496      0.498
      2        0.502      0.501
      3        0.501      0.499
      4        0.497      0.498
      5        0.500      0.499
      6        0.501      0.500
      7        0.501      0.500
      8        0.500      0.499
      9        0.500      0.502
     10        0.502      0.502
* Pair-correlation analysis (ave. no. pairs per config.):
  > Shell  nsite  ___dh____  __eueu___  __eued___
      0      1        0          0          1.768
      1      1        0.849      0.720      2.468
      2      1        0.295      0.649      1.102
      3      1        0.167      0.295      0.552
      4      1        0.567      1.351      2.153
      5      1        0.123      1.024      0.968
      6      1        0.153      0.845      1.098
      7      1        0.314      1.802      2.108
      8      1        0.253      2.099      1.911
      9      1        0.252      2.116      1.918
     10      1        0.231      2.155      1.892
     11      1        0.118      0.979      1.022
     12      1        0.240      2.054      1.956
     13      1        0.063      0.480      0.516
     14      1        0.189      1.443      1.550
     15      1        0.120      1.030      0.986
     16      1        0.132      0.958      1.032

Optimization #6:
* Method          : lls
* Target function : energy
* No. of configs. : 500096
* No. of params.  : 55
* Before optimization:
   9.4518E+00   9.4646E+00   9.4594E+00  -4.6819E-01  -4.6425E-01   9.9614E-01
  -7.7322E+00  -4.7510E+00  -4.7585E+00  -2.2486E+00  -2.3360E+00  -3.9058E+00
  -3.9058E+00  -5.1440E+00  -5.1447E+00  -3.7532E+00  -3.7561E+00  -7.8250E-01
  -7.8222E-01  -2.4634E+00  -1.2295E+00  -1.2286E+00  -1.1635E+00  -1.1622E+00
  -1.1635E+00  -1.1616E+00   6.1998E+00  -5.5766E+00  -3.6454E-01  -4.7410E-01
   4.0803E+01  -3.3025E+01   2.6713E+01  -2.1877E+01   1.2774E+01  -1.0547E+01
   1.2837E+01  -1.0509E+01   2.0409E+01  -1.6500E+01   2.6861E+01  -2.1730E+01
   2.0321E+01  -1.6606E+01   6.2301E+00  -5.5018E+00   1.2923E+01  -1.0456E+01
   6.4585E+00  -5.2308E+00   6.4171E+00  -5.2454E+00   6.4167E+00  -5.2460E+00
  -6.9440E-02
  > E    =  -3.833461746860E+02 +/-   7.978125106225E-05
  > varE =   3.183135055139E-03
* Computing derivatives.
    [walltime: 1m elapsed, 2m23s remaining]
  Done. [total walltime: 3m23s]
* Optimizing manipulation constant:
  #igrid a___________ E____________________________________ varE____________
     1     Infinity    -3.83346175E+02 +/-   7.97812511E-05   3.18313506E-03
     2     1.0000E+06  -3.83346175E+02 +/-   7.97812510E-05   3.18313505E-03
     3     2.1544E+05  -3.83346175E+02 +/-   7.97812507E-05   3.18313503E-03
     4     4.6416E+04  -3.83346175E+02 +/-   7.97812495E-05   3.18313493E-03
     5     1.0000E+04  -3.83346175E+02 +/-   7.97812436E-05   3.18313446E-03
     6     2.1544E+03  -3.83346175E+02 +/-   7.97812164E-05   3.18313229E-03
     7     4.6416E+02  -3.83346175E+02 +/-   7.97810869E-05   3.18312195E-03
     8     1.0000E+02  -3.83346175E+02 +/-   7.97804138E-05   3.18306824E-03
     9     2.1544E+01  -3.83346175E+02 +/-   7.97757833E-05   3.18269876E-03
    10     4.6416E+00  -3.83346175E+02 +/-   7.97257188E-05   3.17870531E-03
    11     1.0000E+00  -3.83346170E+02 +/-   7.91934962E-05   3.13640699E-03
    12     2.1544E-01  -3.83345621E+02 +/-   8.00473785E-05   3.20440653E-03
    13     4.6416E-02  -3.83341598E+02 +/-   1.01856618E-04   5.18838131E-03
    14     1.0000E-02  -3.83338206E+02 +/-   1.23457189E-04   7.62230201E-03
    15     2.1544E-03  -3.83336342E+02 +/-   1.35519877E-04   9.18458167E-03
    16     4.6416E-04  -3.83335827E+02 +/-   1.38694259E-04   9.61989543E-03
    17     1.0000E-04  -3.83335710E+02 +/-   1.39406301E-04   9.71892412E-03
    18     2.1544E-05  -3.83335685E+02 +/-   1.39561023E-04   9.74050937E-03
    19     4.6416E-06  -3.83335679E+02 +/-   1.39594418E-04   9.74517143E-03
    20     1.0000E-06  -3.83335678E+02 +/-   1.39601615E-04   9.74617638E-03
    21     0.0000E+00  -3.83335678E+02 +/-   1.39603592E-04   9.74645238E-03
* Iteration # 1: E =  -3.833461752216E+02 +/-   7.972571880486E-05
* Reached maximum number of iterations: exiting.
* After optimization:
   9.0097E+00   9.0228E+00   9.0175E+00  -4.1227E-01  -4.0826E-01   9.9640E-01
  -7.5146E+00  -4.5861E+00  -4.5937E+00  -2.1362E+00  -2.2240E+00  -3.7972E+00
  -3.7973E+00  -4.9792E+00  -4.9801E+00  -3.6446E+00  -3.6475E+00  -7.2650E-01
  -7.2624E-01  -2.3511E+00  -1.1731E+00  -1.1724E+00  -1.1074E+00  -1.1059E+00
  -1.1074E+00  -1.1054E+00   5.9194E+00  -5.3522E+00  -3.6493E-01  -4.7433E-01
   3.9716E+01  -3.2156E+01   2.5889E+01  -2.1218E+01   1.2214E+01  -1.0099E+01
   1.2276E+01  -1.0060E+01   1.9865E+01  -1.6065E+01   2.6037E+01  -2.1071E+01
   1.9778E+01  -1.6172E+01   5.9498E+00  -5.2772E+00   1.2362E+01  -1.0007E+01
   6.1779E+00  -5.0064E+00   6.1364E+00  -5.0213E+00   6.1361E+00  -5.0217E+00
  -6.9452E-02
  > Energy =  -3.833461752216E+02 +/-   7.972571880486E-05
  > varE =   3.178705313739E-03

VMC #7:
* Size of Hilbert space =   6.3504E+04
* Deterministic energy evaluation:
  > Deterministic Etot/t = -383.34617741187969
    - Ttot/t = -23.368463263311629
    - Utot/t = 9.5366315286021486
* Number of equil. steps   = 1000
* Running VMC equilibration.
  Done. [total walltime: 0.01s]
* Equil. acc.ratio (%)     =  27.3842
* Sample config after equilibration:
  +---------+
  |  d   d  |
  |u   u   u|
  |d   d   u|
  |  u   d  |
  +---------+
* Number of accum. steps   = 1000192 x 10
* Running VMC accumulation.
  Done. [total walltime: 21.7s]
* Acceptance ratio (%)     =  27.2776
* Etot/t                   =  -3.833462314001E+02 +/-   5.651738392380E-05
  > Ttot/t                 =  -2.336873398359E+01 +/-   3.750877689144E-04
  > Utot/t                 =   9.536848260571E+00 +/-   3.696127161896E-04
* var[Eloc/t]              =   3.171354971255E-03 +/-   1.425385408309E-05
* Correlation length       =   1.007401569288E+00
* log10 Psi^2 range: -16.489284524776266 -- -9.6150549457290833
* log10 Pgen range : -16.489284524776266 -- -9.6150549457290833
* Site occupation (ave. no. electrons per config.):
  > Site_  ___eu____  ___ed____
      1        0.498      0.497
      2        0.501      0.500
      3        0.500      0.501
      4        0.497      0.497
      5        0.500      0.501
      6        0.499      0.500
      7        0.502      0.502
      8        0.499      0.501
      9        0.501      0.501
     10        0.501      0.500
* Pair-correlation analysis (ave. no. pairs per config.):
  > Shell  nsite  ___dh____  __eueu___  __eued___
      0      1        0          0          1.768
      1      1        0.847      0.721      2.468
      2      1        0.296      0.647      1.100
      3      1        0.167      0.296      0.550
      4      1        0.566      1.352      2.155
      5      1        0.122      1.025      0.968
      6      1        0.152      0.847      1.101
      7      1        0.313      1.804      2.107
      8      1        0.255      2.097      1.911
      9      1        0.253      2.113      1.916
     10      1        0.231      2.154      1.892
     11      1        0.117      0.980      1.023
     12      1        0.240      2.054      1.956
     13      1        0.063      0.482      0.518
     14      1        0.189      1.441      1.549
     15      1        0.121      1.029      0.984
     16      1        0.132      0.957      1.033

VDAGGER finished.
Total VDAGGER walltime: 45m24s

Run ended: Tue Sep 30 15:43:57 CEST 2025
