Run started: Tue Sep 30 17:05:51 CEST 2025
Using VDAGGER_ARCH = gnu7_fkfamd_cluster
Running 1x128 MPI processes.

                               xx
                              +##
                               #X
                               Xx
                          X##XxXxxX##x
                           +   Xx  ++
                               ##
                              +##
                              +##
     ++++         ++          +##
   xX+++##+      ####         +##
  Xx    ###      +X##          ##
 xX    X##+        ##          #X
 +    x##X         #x          #X
      ###         +#           x+
     X##+         #+
     ###         Xx                    _______
     ##X       +X+   __________________VDAGGER
     +##x    +xX     2nd quantized variational
       +xxxxx+       ______quantum Monte Carlo

* Running 128 MPI processes.
* Input file: "input.casl"

############# Start of input file dump #############
General:
  Random seed: timer

Plan:
  VMC-optimization:
    Minimum cycles: 10
    Convergence cycles: 5

System:
  Read Hamiltonian: FCIDUMP_loc_naphthalene
  Read orbitals: LTSC_naphthalene
  Complex orbitals: F
  Site kinds: [ 1, 2, 3, 1, 3, 3, 2, 3, 2, 2 ]
  Geometry:
    r_1: [ 0.00000000000000, 1.34347620379600 ]
    r_4: [ 0.00000000000000, -1.34347620379600 ]
    r_3: [ 2.34629842880300, 2.63976101399600 ]
    r_5: [ -2.34629842880300, -2.63976101399600 ]
    r_6: [ -2.34629842880300, 2.63976101399600 ]
    r_8: [ 2.34629842880300, -2.63976101399600 ]
    r_9: [ 4.58120036880600, 1.33647725770700 ]
    r_2: [ -4.58120036880600, -1.33647725770700 ]
    r_7: [ -4.58120036880600, 1.33647725770700 ]
    r_10: [ 4.58120036880600, -1.33647725770700 ]
    Tolerance: 0.05

VMC:
  nstep: 1000000
  nconfig: 500000

Jastrow: wfn.casl

Multideterminants: wfn.casl
############## End of input file dump ##############

General setup:
* Random seed: 1395202812 (from timer)

* Loaded integrals for system with nelec=10, ms2=0, norb=10
* INFO: setting number of electrons from integrals file.
* Analysis of Hamiltonian connecitivity performed:
  - T_ii (local, 1-site): 10 (i) values
  - U_iiii [opp] (local, 1-site): 10 (i) values
  - U_kkii [opp] (local, 2-site): 90 contribs. from 10 (i) values
  - U_kkii [par] (local, 2-site): 45 contribs. from 9 (i) values
  - T_ji (single, 2-site): 90 contribs. from 10 (i) values
  - U_kkji [opp] (single, 2/3-site): 900 contribs. from 90 (i,j) pairs
  - U_kkji [par] (single, 3-site): 810 contribs. from 90 (i,j) pairs
  - U_lkji [opp] (double, 2/3/4-site): 8100 contribs. from 90 (i,j) pairs
  - U_lkji [par] (double, 4-site): 1740 contribs. from 72 (i,j) pairs
  - Max. no. wfn. ratios in Eloc: 1467
* Reading override orbitals from file "LTSC_naphthalene".
* Site labels:
  +--------------+
  |    6     3   |
  | 7     1     9|
  | 2     4    10|
  |    5     8   |
  +--------------+
* Read-in Site kinds:
  [ 1, 2, 3, 1, 3, 3, 2, 3, 2, 2 ]
  +---------+
  |  3   3  |
  |2   1   2|
  |2   1   2|
  |  3   3  |
  +---------+
* Maximum Site kind: 3
* Number of site-pair kinds with Tij=0: 0
* Automatically set Site pair kinds:
  Site 1: [ 0, -7, -4, 3, -8, -4, -9, 8, 9, -7 ]
  Site 2: [ -7, 0, 12, -9, 1, 10, 2, 14, 16, -15 ]
  Site 3: [ -4, 12, 0, -8, -11, 5, -13, -6, -1, 10 ]
  Site 4: [ 3, -9, -8, 0, -4, -8, -7, 4, 7, -9 ]
  Site 5: [ -8, 1, -11, -4, 0, 6, 10, -5, -12, -14 ]
  Site 6: [ -4, 10, 5, -8, 6, 0, 1, 11, 14, 12 ]
  Site 7: [ -9, 2, -13, -7, 10, 1, 0, -12, 15, -16 ]
  Site 8: [ 8, 14, -6, 4, -5, 11, -12, 0, 10, -1 ]
  Site 9: [ 9, 16, -1, 7, -12, 14, 15, 10, 0, -2 ]
  Site 10: [ -7, -15, 10, -9, -14, 12, -16, -1, -2, 0 ]
  For site 1 of kind 1:
  +--------------+
  |   -4    -4   |
  |-9     0     9|
  |-7     3    -7|
  |   -8     8   |
  +--------------+
  For site 2 of kind 2:
  +-------------------+
  |     10      12    |
  |  2      -7      16|
  |  0      -9     -15|
  |      1      14    |
  +-------------------+
  For site 3 of kind 3:
  +-------------------+
  |      5       0    |
  |-13      -4      -1|
  | 12      -8      10|
  |    -11      -6    |
  +-------------------+
* Maximum (unsigned) Site pair kind: 16
General system setup:
* Number of sites       : 10
* Number of electrons   : 10
* Spin imbalance MS2    : 0
* Filling               : 0.500000
* Number of orbitals in pool: 10
* Using real-valued orbitals
* Using double-precision arithmetic for orbitals

Trial wave function setup:
* Jastrow parameter file: "wfn.casl"
* Multideterminant parameter file: "wfn.casl"
* Not using a backflow transformation
* Not using wave function manipulation

VMC #1:
* Size of Hilbert space =   6.3504E+04
* Deterministic energy evaluation:
  > Deterministic Etot/t = -383.34617741187969
    - Ttot/t = -23.368463263311629
    - Utot/t = 9.5366315286021486
* Number of equil. steps   = 1000
* Running VMC equilibration.
  Done. [total walltime: 0.01s]
* Equil. acc.ratio (%)     =  27.2135
* Sample config after equilibration:
  +---------+
  |  d   d  |
  |2   u   u|
  |0   0   u|
  |  2   d  |
  +---------+
* Number of accum. steps   = 1000192 x 10
* Running VMC accumulation.
  Done. [total walltime: 21.6s]
* Acceptance ratio (%)     =  27.2847
* Etot/t                   =  -3.833461811771E+02 +/-   5.627755397875E-05
  > Ttot/t                 =  -2.336846612622E+01 +/-   3.678545450947E-04
  > Utot/t                 =   9.536630626268E+00 +/-   3.650638292438E-04
* var[Eloc/t]              =   3.178442947910E-03 +/-   1.640161066419E-05
* Correlation length       =   9.966424532570E-01
* log10 Psi^2 range: -17.698945888458837 -- -9.6151240079660472
* log10 Pgen range : -17.698945888458837 -- -9.6151240079660472
* Site occupation (ave. no. electrons per config.):
  > Site_  ___eu____  ___ed____
      1        0.498      0.497
      2        0.501      0.500
      3        0.500      0.500
      4        0.498      0.497
      5        0.501      0.501
      6        0.500      0.500
      7        0.501      0.502
      8        0.500      0.500
      9        0.501      0.501
     10        0.501      0.501
* Pair-correlation analysis (ave. no. pairs per config.):
  > Shell  nsite  ___dh____  __eueu___  __eued___
      0      1        0          0          1.771
      1      1        0.849      0.719      2.468
      2      1        0.295      0.647      1.101
      3      1        0.168      0.295      0.551
      4      1        0.567      1.355      2.152
      5      1        0.123      1.024      0.969
      6      1        0.152      0.846      1.101
      7      1        0.316      1.804      2.105
      8      1        0.255      2.099      1.911
      9      1        0.253      2.112      1.919
     10      1        0.232      2.155      1.891
     11      1        0.117      0.980      1.024
     12      1        0.242      2.053      1.955
     13      1        0.063      0.482      0.517
     14      1        0.189      1.442      1.548
     15      1        0.121      1.026      0.985
     16      1        0.132      0.959      1.031

Optimization #1:
* Method          : lls
* Target function : energy
* No. of configs. : 500096
* No. of params.  : 55
* Before optimization:
   9.0097E+00   9.0228E+00   9.0175E+00  -4.1227E-01  -4.0826E-01   9.9640E-01
  -7.5146E+00  -4.5861E+00  -4.5937E+00  -2.1362E+00  -2.2240E+00  -3.7972E+00
  -3.7973E+00  -4.9792E+00  -4.9801E+00  -3.6446E+00  -3.6475E+00  -7.2650E-01
  -7.2624E-01  -2.3511E+00  -1.1731E+00  -1.1724E+00  -1.1074E+00  -1.1059E+00
  -1.1074E+00  -1.1054E+00   5.9194E+00  -5.3522E+00  -3.6493E-01  -4.7433E-01
   3.9716E+01  -3.2156E+01   2.5889E+01  -2.1218E+01   1.2214E+01  -1.0099E+01
   1.2276E+01  -1.0060E+01   1.9865E+01  -1.6065E+01   2.6037E+01  -2.1071E+01
   1.9778E+01  -1.6172E+01   5.9498E+00  -5.2772E+00   1.2362E+01  -1.0007E+01
   6.1779E+00  -5.0064E+00   6.1364E+00  -5.0213E+00   6.1361E+00  -5.0217E+00
  -6.9452E-02
  > E    =  -3.833462580361E+02 +/-   7.983175389107E-05
  > varE =   3.187166283119E-03
* Computing derivatives.
    [walltime: 1m elapsed, 2m22s remaining]
  Done. [total walltime: 3m22s]
* Optimizing manipulation constant:
  #igrid a___________ E____________________________________ varE____________
     1     Infinity    -3.83346258E+02 +/-   7.98317539E-05   3.18716628E-03
     2     1.0000E+06  -3.83346258E+02 +/-   7.98317534E-05   3.18716625E-03
     3     2.1544E+05  -3.83346258E+02 +/-   7.98317518E-05   3.18716612E-03
     4     4.6416E+04  -3.83346258E+02 +/-   7.98317442E-05   3.18716551E-03
     5     1.0000E+04  -3.83346258E+02 +/-   7.98317098E-05   3.18716276E-03
     6     2.1544E+03  -3.83346258E+02 +/-   7.98315669E-05   3.18715135E-03
     7     4.6416E+02  -3.83346258E+02 +/-   7.98312643E-05   3.18712719E-03
     8     1.0000E+02  -3.83346258E+02 +/-   7.98378105E-05   3.18764991E-03
     9     2.1544E+01  -3.83346249E+02 +/-   8.01143035E-05   3.20976697E-03
    10     4.6416E+00  -3.83344127E+02 +/-   1.00384465E-04   5.03948780E-03
    11     1.0000E+00  -3.83300406E+02 +/-   2.57562079E-04   3.31754806E-02
    12     2.1544E-01  -3.83214546E+02 +/-   3.94037153E-04   7.76475443E-02
    13     4.6416E-02  -3.83309598E+02 +/-   2.18957102E-04   2.39757086E-02
    14     1.0000E-02  -3.83327975E+02 +/-   1.65131205E-04   1.36367752E-02
    15     2.1544E-03  -3.83320837E+02 +/-   1.84162052E-04   1.69610865E-02
    16     4.6416E-04  -3.83318794E+02 +/-   1.89238992E-04   1.79091359E-02
    17     1.0000E-04  -3.83318331E+02 +/-   1.90368747E-04   1.81236090E-02
    18     2.1544E-05  -3.83318230E+02 +/-   1.90613730E-04   1.81702850E-02
    19     4.6416E-06  -3.83318209E+02 +/-   1.90666583E-04   1.81803628E-02
    20     1.0000E-06  -3.83318204E+02 +/-   1.90677973E-04   1.81825350E-02
    21     0.0000E+00  -3.83318203E+02 +/-   1.90681101E-04   1.81831316E-02
* Iteration # 1: E =  -3.833462580356E+02 +/-   7.983126432804E-05
* Convergence: exiting.
* After optimization:
   8.9718E+00   8.9849E+00   8.9796E+00  -3.9868E-01  -3.9467E-01   9.9640E-01
  -7.5310E+00  -4.5807E+00  -4.5884E+00  -2.1090E+00  -2.1968E+00  -3.8055E+00
  -3.8055E+00  -4.9738E+00  -4.9747E+00  -3.6528E+00  -3.6557E+00  -7.1291E-01
  -7.1265E-01  -2.3240E+00  -1.1596E+00  -1.1588E+00  -1.0938E+00  -1.0923E+00
  -1.0938E+00  -1.0919E+00   5.8515E+00  -5.2978E+00  -3.6494E-01  -4.7433E-01
   3.9798E+01  -3.2222E+01   2.5863E+01  -2.1197E+01   1.2078E+01  -9.9899E+00
   1.2140E+01  -9.9518E+00   1.9906E+01  -1.6098E+01   2.6010E+01  -2.1050E+01
   1.9819E+01  -1.6204E+01   5.8819E+00  -5.2229E+00   1.2226E+01  -9.8988E+00
   6.1100E+00  -4.9521E+00   6.0684E+00  -4.9669E+00   6.0682E+00  -4.9674E+00
  -6.9452E-02
  > Energy =  -3.833462580356E+02 +/-   7.983126432804E-05
  > varE =   3.187127193060E-03

VMC #2:
* Size of Hilbert space =   6.3504E+04
* Deterministic energy evaluation:
  > Deterministic Etot/t = -383.34617741180131
    - Ttot/t = -23.368463726169864
    - Utot/t = 9.5366319915389024
* Number of equil. steps   = 1000
* Running VMC equilibration.
  Done. [total walltime: 0.01s]
* Equil. acc.ratio (%)     =  27.2808
* Sample config after equilibration:
  +---------+
  |  d   d  |
  |u   2   u|
  |0   u   0|
  |  d   2  |
  +---------+
* Number of accum. steps   = 1000192 x 10
* Running VMC accumulation.
  Done. [total walltime: 21.4s]
* Acceptance ratio (%)     =  27.2857
* Etot/t                   =  -3.833463267812E+02 +/-   5.622928728471E-05
  > Ttot/t                 =  -2.336848373092E+01 +/-   3.697721322283E-04
  > Utot/t                 =   9.536502626950E+00 +/-   3.657598447253E-04
* var[Eloc/t]              =   3.188891110600E-03 +/-   1.159939007671E-05
* Correlation length       =   9.916738112261E-01
* log10 Psi^2 range: -16.583635906637099 -- -9.6153268263313070
* log10 Pgen range : -16.583635906637099 -- -9.6153268263313070
* Site occupation (ave. no. electrons per config.):
  > Site_  ___eu____  ___ed____
      1        0.498      0.498
      2        0.500      0.502
      3        0.499      0.502
      4        0.497      0.496
      5        0.500      0.501
      6        0.499      0.500
      7        0.503      0.501
      8        0.500      0.499
      9        0.501      0.500
     10        0.502      0.503
* Pair-correlation analysis (ave. no. pairs per config.):
  > Shell  nsite  ___dh____  __eueu___  __eued___
      0      1        0          0          1.770
      1      1        0.847      0.723      2.466
      2      1        0.296      0.648      1.103
      3      1        0.166      0.295      0.551
      4      1        0.566      1.351      2.155
      5      1        0.123      1.024      0.967
      6      1        0.152      0.845      1.100
      7      1        0.315      1.804      2.106
      8      1        0.254      2.097      1.910
      9      1        0.253      2.114      1.917
     10      1        0.232      2.155      1.891
     11      1        0.118      0.979      1.023
     12      1        0.243      2.055      1.953
     13      1        0.063      0.482      0.518
     14      1        0.189      1.441      1.550
     15      1        0.121      1.030      0.984
     16      1        0.132      0.958      1.036

Optimization #2:
* Method          : lls
* Target function : energy
* No. of configs. : 500096
* No. of params.  : 55
* Before optimization:
   8.9718E+00   8.9849E+00   8.9796E+00  -3.9868E-01  -3.9467E-01   9.9640E-01
  -7.5310E+00  -4.5807E+00  -4.5884E+00  -2.1090E+00  -2.1968E+00  -3.8055E+00
  -3.8055E+00  -4.9738E+00  -4.9747E+00  -3.6528E+00  -3.6557E+00  -7.1291E-01
  -7.1265E-01  -2.3240E+00  -1.1596E+00  -1.1588E+00  -1.0938E+00  -1.0923E+00
  -1.0938E+00  -1.0919E+00   5.8515E+00  -5.2978E+00  -3.6494E-01  -4.7433E-01
   3.9798E+01  -3.2222E+01   2.5863E+01  -2.1197E+01   1.2078E+01  -9.9899E+00
   1.2140E+01  -9.9518E+00   1.9906E+01  -1.6098E+01   2.6010E+01  -2.1050E+01
   1.9819E+01  -1.6204E+01   5.8819E+00  -5.2229E+00   1.2226E+01  -9.8988E+00
   6.1100E+00  -4.9521E+00   6.0684E+00  -4.9669E+00   6.0682E+00  -4.9674E+00
  -6.9452E-02
  > E    =  -3.833463768886E+02 +/-   7.998473374514E-05
  > varE =   3.199392981673E-03
* Computing derivatives.
    [walltime: 1m elapsed, 2m27s remaining]
  Done. [total walltime: 3m26s]
* Optimizing manipulation constant:
  #igrid a___________ E____________________________________ varE____________
     1     Infinity    -3.83346377E+02 +/-   7.99847337E-05   3.19939298E-03
     2     1.0000E+06  -3.83346377E+02 +/-   7.99847337E-05   3.19939298E-03
     3     2.1544E+05  -3.83346377E+02 +/-   7.99847336E-05   3.19939297E-03
     4     4.6416E+04  -3.83346377E+02 +/-   7.99847329E-05   3.19939291E-03
     5     1.0000E+04  -3.83346377E+02 +/-   7.99847296E-05   3.19939265E-03
     6     2.1544E+03  -3.83346377E+02 +/-   7.99847147E-05   3.19939146E-03
     7     4.6416E+02  -3.83346377E+02 +/-   7.99846456E-05   3.19938593E-03
     8     1.0000E+02  -3.83346377E+02 +/-   7.99843329E-05   3.19936092E-03
     9     2.1544E+01  -3.83346377E+02 +/-   7.99830460E-05   3.19925797E-03
    10     4.6416E+00  -3.83346377E+02 +/-   7.99799352E-05   3.19900911E-03
    11     1.0000E+00  -3.83346376E+02 +/-   8.00025492E-05   3.20081838E-03
    12     2.1544E-01  -3.83346292E+02 +/-   8.09032580E-05   3.27329693E-03
    13     4.6416E-02  -3.83332158E+02 +/-   1.57318220E-04   1.23768871E-02
    14     1.0000E-02  -3.83204662E+02 +/-   4.21276074E-04   8.87538029E-02
    15     2.1544E-03  -3.83260632E+02 +/-   3.35968239E-04   5.64481649E-02
    16     4.6416E-04  -3.83209354E+02 +/-   4.14998240E-04   8.61283030E-02
    17     1.0000E-04  -3.83200648E+02 +/-   4.26452677E-04   9.09484014E-02
    18     2.1544E-05  -3.83198814E+02 +/-   4.28807963E-04   9.19557867E-02
    19     4.6416E-06  -3.83198420E+02 +/-   4.29310654E-04   9.21715125E-02
    20     1.0000E-06  -3.83198335E+02 +/-   4.29418731E-04   9.22179259E-02
    21     0.0000E+00  -3.83198312E+02 +/-   4.29448394E-04   9.22306667E-02
* Iteration # 1: E =  -3.833463770722E+02 +/-   7.997993518019E-05
* Convergence: exiting.
* After optimization:
   8.8455E+00   8.8589E+00   8.8536E+00  -4.4609E-01  -4.4206E-01   9.9621E-01
  -7.2160E+00  -4.4704E+00  -4.4782E+00  -2.2033E+00  -2.2917E+00  -3.6479E+00
  -3.6481E+00  -4.8637E+00  -4.8648E+00  -3.4952E+00  -3.4982E+00  -7.6053E-01
  -7.6016E-01  -2.4187E+00  -1.2067E+00  -1.2061E+00  -1.1411E+00  -1.1392E+00
  -1.1409E+00  -1.1390E+00   6.0880E+00  -5.4873E+00  -3.6508E-01  -4.7437E-01
   3.8224E+01  -3.0962E+01   2.5312E+01  -2.0757E+01   1.2551E+01  -1.0369E+01
   1.2614E+01  -1.0330E+01   1.9119E+01  -1.5468E+01   2.5460E+01  -2.0609E+01
   1.9032E+01  -1.5575E+01   6.1186E+00  -5.4121E+00   1.2699E+01  -1.0278E+01
   6.3467E+00  -5.1415E+00   6.3050E+00  -5.1565E+00   6.3048E+00  -5.1568E+00
  -6.9443E-02
  > Energy =  -3.833463770722E+02 +/-   7.997993518019E-05
  > varE =   3.199009107557E-03

VMC #3:
* Size of Hilbert space =   6.3504E+04
* Deterministic energy evaluation:
  > Deterministic Etot/t = -383.34617751972041
    - Ttot/t = -23.368450982192208
    - Utot/t = 9.5366191396422124
* Number of equil. steps   = 1000
* Running VMC equilibration.
  Done. [total walltime: 0.01s]
* Equil. acc.ratio (%)     =  27.1802
* Sample config after equilibration:
  +---------+
  |  u   2  |
  |d   d   0|
  |d   u   u|
  |  u   d  |
  +---------+
* Number of accum. steps   = 1000192 x 10
* Running VMC accumulation.
  Done. [total walltime: 21.7s]
* Acceptance ratio (%)     =  27.2861
* Etot/t                   =  -3.833462100773E+02 +/-   5.629943124597E-05
  > Ttot/t                 =  -2.336801246571E+01 +/-   3.703454109653E-04
  > Utot/t                 =   9.536148065655E+00 +/-   3.659061457686E-04
* var[Eloc/t]              =   3.173297838082E-03 +/-   1.938602075326E-05
* Correlation length       =   9.990346600179E-01
* log10 Psi^2 range: -16.789823331574791 -- -9.6167883435719439
* log10 Pgen range : -16.789823331574791 -- -9.6167883435719439
* Site occupation (ave. no. electrons per config.):
  > Site_  ___eu____  ___ed____
      1        0.498      0.496
      2        0.501      0.501
      3        0.500      0.499
      4        0.497      0.498
      5        0.500      0.500
      6        0.500      0.501
      7        0.502      0.501
      8        0.501      0.499
      9        0.501      0.502
     10        0.501      0.502
* Pair-correlation analysis (ave. no. pairs per config.):
  > Shell  nsite  ___dh____  __eueu___  __eued___
      0      1        0          0          1.772
      1      1        0.851      0.719      2.466
      2      1        0.296      0.649      1.100
      3      1        0.167      0.295      0.552
      4      1        0.567      1.352      2.153
      5      1        0.123      1.024      0.967
      6      1        0.152      0.847      1.099
      7      1        0.315      1.802      2.107
      8      1        0.254      2.098      1.910
      9      1        0.253      2.116      1.917
     10      1        0.231      2.154      1.894
     11      1        0.117      0.979      1.024
     12      1        0.243      2.053      1.954
     13      1        0.063      0.480      0.517
     14      1        0.188      1.444      1.549
     15      1        0.120      1.028      0.987
     16      1        0.132      0.960      1.033

Optimization #3:
* Method          : lls
* Target function : energy
* No. of configs. : 500096
* No. of params.  : 55
* Before optimization:
   8.8455E+00   8.8589E+00   8.8536E+00  -4.4609E-01  -4.4206E-01   9.9621E-01
  -7.2160E+00  -4.4704E+00  -4.4782E+00  -2.2033E+00  -2.2917E+00  -3.6479E+00
  -3.6481E+00  -4.8637E+00  -4.8648E+00  -3.4952E+00  -3.4982E+00  -7.6053E-01
  -7.6016E-01  -2.4187E+00  -1.2067E+00  -1.2061E+00  -1.1411E+00  -1.1392E+00
  -1.1409E+00  -1.1390E+00   6.0880E+00  -5.4873E+00  -3.6508E-01  -4.7437E-01
   3.8224E+01  -3.0962E+01   2.5312E+01  -2.0757E+01   1.2551E+01  -1.0369E+01
   1.2614E+01  -1.0330E+01   1.9119E+01  -1.5468E+01   2.5460E+01  -2.0609E+01
   1.9032E+01  -1.5575E+01   6.1186E+00  -5.4121E+00   1.2699E+01  -1.0278E+01
   6.3467E+00  -5.1415E+00   6.3050E+00  -5.1565E+00   6.3048E+00  -5.1568E+00
  -6.9443E-02
  > E    =  -3.833461529793E+02 +/-   7.981816610834E-05
  > varE =   3.186081430655E-03
* Computing derivatives.
    [walltime: 1m elapsed, 2m26s remaining]
  Done. [total walltime: 3m25s]
* Optimizing manipulation constant:
  #igrid a___________ E____________________________________ varE____________
     1     Infinity    -3.83346153E+02 +/-   7.98181661E-05   3.18608143E-03
     2     1.0000E+06  -3.83346153E+02 +/-   7.98181661E-05   3.18608143E-03
     3     2.1544E+05  -3.83346153E+02 +/-   7.98181659E-05   3.18608141E-03
     4     4.6416E+04  -3.83346153E+02 +/-   7.98181651E-05   3.18608135E-03
     5     1.0000E+04  -3.83346153E+02 +/-   7.98181613E-05   3.18608105E-03
     6     2.1544E+03  -3.83346153E+02 +/-   7.98181440E-05   3.18607967E-03
     7     4.6416E+02  -3.83346153E+02 +/-   7.98180670E-05   3.18607352E-03
     8     1.0000E+02  -3.83346153E+02 +/-   7.98177805E-05   3.18605065E-03
     9     2.1544E+01  -3.83346153E+02 +/-   7.98179866E-05   3.18606710E-03
    10     4.6416E+00  -3.83346151E+02 +/-   7.98640887E-05   3.18974865E-03
    11     1.0000E+00  -3.81421771E+02 +/-   7.75334280E-04   3.00629332E-01
    12     2.1544E-01  -3.83346071E+02 +/-   8.06531732E-05   3.25309164E-03
    13     4.6416E-02  -3.83345944E+02 +/-   8.41427550E-05   3.54068129E-03
    14     1.0000E-02  -3.83343657E+02 +/-   1.06019759E-04   5.62117372E-03
    15     2.1544E-03  -3.83339508E+02 +/-   1.33603004E-04   8.92659489E-03
    16     4.6416E-04  -3.83337573E+02 +/-   1.44312841E-04   1.04150974E-02
    17     1.0000E-04  -3.83337064E+02 +/-   1.46971588E-04   1.08023975E-02
    18     2.1544E-05  -3.83336950E+02 +/-   1.47562531E-04   1.08894407E-02
    19     4.6416E-06  -3.83336925E+02 +/-   1.47690707E-04   1.09083665E-02
    20     1.0000E-06  -3.83336920E+02 +/-   1.47718362E-04   1.09124520E-02
    21     0.0000E+00  -3.83336918E+02 +/-   1.47725959E-04   1.09135744E-02
* Iteration # 1: E =  -3.833461529794E+02 +/-   7.981816606028E-05
* Convergence: exiting.
* After optimization:
   8.8455E+00   8.8589E+00   8.8536E+00  -4.4609E-01  -4.4206E-01   9.9621E-01
  -7.2160E+00  -4.4704E+00  -4.4782E+00  -2.2033E+00  -2.2917E+00  -3.6479E+00
  -3.6481E+00  -4.8637E+00  -4.8648E+00  -3.4952E+00  -3.4982E+00  -7.6053E-01
  -7.6016E-01  -2.4187E+00  -1.2067E+00  -1.2061E+00  -1.1411E+00  -1.1392E+00
  -1.1409E+00  -1.1390E+00   6.0880E+00  -5.4873E+00  -3.6508E-01  -4.7437E-01
   3.8224E+01  -3.0962E+01   2.5312E+01  -2.0757E+01   1.2551E+01  -1.0369E+01
   1.2614E+01  -1.0330E+01   1.9119E+01  -1.5468E+01   2.5460E+01  -2.0609E+01
   1.9032E+01  -1.5575E+01   6.1186E+00  -5.4121E+00   1.2699E+01  -1.0278E+01
   6.3467E+00  -5.1415E+00   6.3050E+00  -5.1565E+00   6.3048E+00  -5.1568E+00
  -6.9443E-02
  > Energy =  -3.833461529794E+02 +/-   7.981816606028E-05
  > varE =   3.186081426818E-03

VMC #4:
* Size of Hilbert space =   6.3504E+04
* Deterministic energy evaluation:
  > Deterministic Etot/t = -383.34617751972121
    - Ttot/t = -23.368450982390367
    - Utot/t = 9.5366191398394182
* Number of equil. steps   = 1000
* Running VMC equilibration.
  Done. [total walltime: 0.01s]
* Equil. acc.ratio (%)     =  27.2008
* Sample config after equilibration:
  +---------+
  |  0   u  |
  |u   2   d|
  |d   d   d|
  |  u   u  |
  +---------+
* Number of accum. steps   = 1000192 x 10
* Running VMC accumulation.
  Done. [total walltime: 21.6s]
* Acceptance ratio (%)     =  27.2784
* Etot/t                   =  -3.833461716244E+02 +/-   5.720927740813E-05
  > Ttot/t                 =  -2.336905334860E+01 +/-   3.678298488143E-04
  > Utot/t                 =   9.537227401388E+00 +/-   3.639631556883E-04
* var[Eloc/t]              =   3.206380221508E-03 +/-   3.362800896402E-05
* Correlation length       =   1.020942493555E+00
* log10 Psi^2 range: -16.209232408359270 -- -9.6167413345701274
* log10 Pgen range : -16.209232408359270 -- -9.6167413345701274
* Site occupation (ave. no. electrons per config.):
  > Site_  ___eu____  ___ed____
      1        0.497      0.498
      2        0.500      0.503
      3        0.501      0.500
      4        0.497      0.498
      5        0.501      0.500
      6        0.501      0.500
      7        0.501      0.501
      8        0.500      0.500
      9        0.500      0.501
     10        0.502      0.501
* Pair-correlation analysis (ave. no. pairs per config.):
  > Shell  nsite  ___dh____  __eueu___  __eued___
      0      1        0          0          1.769
      1      1        0.848      0.720      2.468
      2      1        0.295      0.647      1.100
      3      1        0.167      0.296      0.551
      4      1        0.567      1.352      2.155
      5      1        0.122      1.026      0.968
      6      1        0.152      0.848      1.100
      7      1        0.315      1.802      2.107
      8      1        0.256      2.098      1.910
      9      1        0.252      2.115      1.916
     10      1        0.231      2.155      1.892
     11      1        0.117      0.980      1.024
     12      1        0.242      2.052      1.957
     13      1        0.063      0.481      0.516
     14      1        0.189      1.443      1.549
     15      1        0.121      1.027      0.984
     16      1        0.131      0.959      1.032

Optimization #4:
* Method          : lls
* Target function : energy
* No. of configs. : 500096
* No. of params.  : 55
* Before optimization:
   8.8455E+00   8.8589E+00   8.8536E+00  -4.4609E-01  -4.4206E-01   9.9621E-01
  -7.2160E+00  -4.4704E+00  -4.4782E+00  -2.2033E+00  -2.2917E+00  -3.6479E+00
  -3.6481E+00  -4.8637E+00  -4.8648E+00  -3.4952E+00  -3.4982E+00  -7.6053E-01
  -7.6016E-01  -2.4187E+00  -1.2067E+00  -1.2061E+00  -1.1411E+00  -1.1392E+00
  -1.1409E+00  -1.1390E+00   6.0880E+00  -5.4873E+00  -3.6508E-01  -4.7437E-01
   3.8224E+01  -3.0962E+01   2.5312E+01  -2.0757E+01   1.2551E+01  -1.0369E+01
   1.2614E+01  -1.0330E+01   1.9119E+01  -1.5468E+01   2.5460E+01  -2.0609E+01
   1.9032E+01  -1.5575E+01   6.1186E+00  -5.4121E+00   1.2699E+01  -1.0278E+01
   6.3467E+00  -5.1415E+00   6.3050E+00  -5.1565E+00   6.3048E+00  -5.1568E+00
  -6.9443E-02
  > E    =  -3.833462210290E+02 +/-   7.971435956774E-05
  > varE =   3.177799581043E-03
* Computing derivatives.
    [walltime: 1m elapsed, 2m26s remaining]
  Done. [total walltime: 3m23s]
* Optimizing manipulation constant:
  #igrid a___________ E____________________________________ varE____________
     1     Infinity    -3.83346221E+02 +/-   7.97143596E-05   3.17779958E-03
     2     1.0000E+06  -3.83346221E+02 +/-   7.97143596E-05   3.17779958E-03
     3     2.1544E+05  -3.83346221E+02 +/-   7.97143597E-05   3.17779959E-03
     4     4.6416E+04  -3.83346221E+02 +/-   7.97143601E-05   3.17779962E-03
     5     1.0000E+04  -3.83346221E+02 +/-   7.97143618E-05   3.17779976E-03
     6     2.1544E+03  -3.83346221E+02 +/-   7.97143701E-05   3.17780042E-03
     7     4.6416E+02  -3.83346221E+02 +/-   7.97144086E-05   3.17780349E-03
     8     1.0000E+02  -3.83346221E+02 +/-   7.97145900E-05   3.17781795E-03
     9     2.1544E+01  -3.83346221E+02 +/-   7.97154953E-05   3.17789013E-03
    10     4.6416E+00  -3.83346221E+02 +/-   7.97211252E-05   3.17833902E-03
    11     1.0000E+00  -3.83346218E+02 +/-   7.97790038E-05   3.18295573E-03
    12     2.1544E-01  -3.83346188E+02 +/-   8.00418878E-05   3.20396694E-03
    13     4.6416E-02  -3.83346167E+02 +/-   8.01426566E-05   3.21203930E-03
    14     1.0000E-02  -3.83346161E+02 +/-   8.00514838E-05   3.20473522E-03
    15     2.1544E-03  -3.83346147E+02 +/-   7.96076404E-05   3.16929660E-03
    16     4.6416E-04  -3.83346033E+02 +/-   7.84305326E-05   3.07626475E-03
    17     1.0000E-04  -3.83345375E+02 +/-   7.87478821E-05   3.10120979E-03
    18     2.1544E-05  -3.83344102E+02 +/-   8.35033645E-05   3.48707533E-03
    19     4.6416E-06  -3.83343298E+02 +/-   8.71203870E-05   3.79570955E-03
    20     1.0000E-06  -3.83343048E+02 +/-   8.82803511E-05   3.89745837E-03
    21     0.0000E+00  -3.83342972E+02 +/-   8.86340014E-05   3.92874727E-03
* Iteration # 1: E =  -3.833462212436E+02 +/-   7.972112519141E-05
* Convergence: exiting.
* After optimization:
   8.7346E+00   8.7485E+00   8.7430E+00  -4.2019E-01  -4.1598E-01   9.9643E-01
  -7.2096E+00  -4.4410E+00  -4.4490E+00  -2.1517E+00  -2.2404E+00  -3.6446E+00
  -3.6449E+00  -4.8347E+00  -4.8360E+00  -3.4915E+00  -3.4949E+00  -7.3507E-01
  -7.3451E-01  -2.3674E+00  -1.1810E+00  -1.1803E+00  -1.1153E+00  -1.1133E+00
  -1.1152E+00  -1.1132E+00   5.9592E+00  -5.3848E+00  -3.6565E-01  -4.7450E-01
   3.8192E+01  -3.0936E+01   2.5167E+01  -2.0641E+01   1.2294E+01  -1.0164E+01
   1.2357E+01  -1.0125E+01   1.9103E+01  -1.5456E+01   2.5315E+01  -2.0494E+01
   1.9016E+01  -1.5562E+01   5.9903E+00  -5.3092E+00   1.2443E+01  -1.0072E+01
   6.2183E+00  -5.0388E+00   6.1766E+00  -5.0539E+00   6.1765E+00  -5.0541E+00
  -6.9406E-02
  > Energy =  -3.833462212436E+02 +/-   7.972112519141E-05
  > varE =   3.178339024841E-03

VMC #5:
* Size of Hilbert space =   6.3504E+04
* Deterministic energy evaluation:
  > Deterministic Etot/t = -383.34617765176267
    - Ttot/t = -23.368418628584745
    - Utot/t = 9.5365866539923232
* Number of equil. steps   = 1000
* Running VMC equilibration.
  Done. [total walltime: 0.01s]
* Equil. acc.ratio (%)     =  27.2741
* Sample config after equilibration:
  +---------+
  |  0   u  |
  |2   d   d|
  |d   d   u|
  |  u   u  |
  +---------+
* Number of accum. steps   = 1000192 x 10
* Running VMC accumulation.
  Done. [total walltime: 21.6s]
* Acceptance ratio (%)     =  27.2897
* Etot/t                   =  -3.833462212567E+02 +/-   5.605363538920E-05
  > Ttot/t                 =  -2.336899136395E+01 +/-   3.633342277946E-04
  > Utot/t                 =   9.537115784454E+00 +/-   3.597936606989E-04
* var[Eloc/t]              =   3.169076757518E-03 +/-   1.214432809880E-05
* Correlation length       =   9.916494760871E-01
* log10 Psi^2 range: -16.413513376250325 -- -9.6199252731849416
* log10 Pgen range : -16.413513376250325 -- -9.6199252731849416
* Site occupation (ave. no. electrons per config.):
  > Site_  ___eu____  ___ed____
      1        0.499      0.497
      2        0.501      0.501
      3        0.501      0.501
      4        0.497      0.497
      5        0.500      0.500
      6        0.500      0.501
      7        0.500      0.501
      8        0.501      0.500
      9        0.500      0.501
     10        0.500      0.502
* Pair-correlation analysis (ave. no. pairs per config.):
  > Shell  nsite  ___dh____  __eueu___  __eued___
      0      1        0          0          1.771
      1      1        0.848      0.720      2.466
      2      1        0.295      0.648      1.099
      3      1        0.166      0.296      0.552
      4      1        0.567      1.352      2.158
      5      1        0.122      1.026      0.969
      6      1        0.152      0.849      1.100
      7      1        0.314      1.802      2.108
      8      1        0.255      2.100      1.910
      9      1        0.253      2.115      1.914
     10      1        0.233      2.152      1.892
     11      1        0.118      0.980      1.024
     12      1        0.241      2.053      1.956
     13      1        0.063      0.481      0.517
     14      1        0.190      1.441      1.549
     15      1        0.120      1.027      0.984
     16      1        0.132      0.956      1.031

Optimization #5:
* Method          : lls
* Target function : energy
* No. of configs. : 500096
* No. of params.  : 55
* Before optimization:
   8.7346E+00   8.7485E+00   8.7430E+00  -4.2019E-01  -4.1598E-01   9.9643E-01
  -7.2096E+00  -4.4410E+00  -4.4490E+00  -2.1517E+00  -2.2404E+00  -3.6446E+00
  -3.6449E+00  -4.8347E+00  -4.8360E+00  -3.4915E+00  -3.4949E+00  -7.3507E-01
  -7.3451E-01  -2.3674E+00  -1.1810E+00  -1.1803E+00  -1.1153E+00  -1.1133E+00
  -1.1152E+00  -1.1132E+00   5.9592E+00  -5.3848E+00  -3.6565E-01  -4.7450E-01
   3.8192E+01  -3.0936E+01   2.5167E+01  -2.0641E+01   1.2294E+01  -1.0164E+01
   1.2357E+01  -1.0125E+01   1.9103E+01  -1.5456E+01   2.5315E+01  -2.0494E+01
   1.9016E+01  -1.5562E+01   5.9903E+00  -5.3092E+00   1.2443E+01  -1.0072E+01
   6.2183E+00  -5.0388E+00   6.1766E+00  -5.0539E+00   6.1765E+00  -5.0541E+00
  -6.9406E-02
  > E    =  -3.833462228975E+02 +/-   7.986436241616E-05
  > varE =   3.189770510442E-03
* Computing derivatives.
    [walltime: 1m elapsed, 2m26s remaining]
  Done. [total walltime: 3m23s]
* Optimizing manipulation constant:
  #igrid a___________ E____________________________________ varE____________
     1     Infinity    -3.83346223E+02 +/-   7.98643624E-05   3.18977051E-03
     2     1.0000E+06  -3.83346223E+02 +/-   7.98643624E-05   3.18977051E-03
     3     2.1544E+05  -3.83346223E+02 +/-   7.98643622E-05   3.18977049E-03
     4     4.6416E+04  -3.83346223E+02 +/-   7.98643615E-05   3.18977044E-03
     5     1.0000E+04  -3.83346223E+02 +/-   7.98643581E-05   3.18977016E-03
     6     2.1544E+03  -3.83346223E+02 +/-   7.98643423E-05   3.18976890E-03
     7     4.6416E+02  -3.83346223E+02 +/-   7.98642691E-05   3.18976305E-03
     8     1.0000E+02  -3.83346223E+02 +/-   7.98639289E-05   3.18973588E-03
     9     2.1544E+01  -3.83346223E+02 +/-   7.98623445E-05   3.18960932E-03
    10     4.6416E+00  -3.83346224E+02 +/-   7.98547619E-05   3.18900367E-03
    11     1.0000E+00  -3.83346224E+02 +/-   7.98125901E-05   3.18563629E-03
    12     2.1544E-01  -3.83346223E+02 +/-   7.95481624E-05   3.16456255E-03
    13     4.6416E-02  -3.83346165E+02 +/-   7.83737143E-05   3.07180922E-03
    14     1.0000E-02  -3.83345260E+02 +/-   7.89521230E-05   3.11731727E-03
    15     2.1544E-03  -3.83342879E+02 +/-   8.86879887E-05   3.93353476E-03
    16     4.6416E-04  -3.83341666E+02 +/-   9.41180733E-05   4.42995625E-03
    17     1.0000E-04  -3.83341348E+02 +/-   9.55401406E-05   4.56483552E-03
    18     2.1544E-05  -3.83341276E+02 +/-   9.58591334E-05   4.59536887E-03
    19     4.6416E-06  -3.83341261E+02 +/-   9.59284519E-05   4.60201736E-03
    20     1.0000E-06  -3.83341258E+02 +/-   9.59434139E-05   4.60345303E-03
    21     0.0000E+00  -3.83341257E+02 +/-   9.59475243E-05   4.60384748E-03
* Iteration # 1: E =  -3.833462244830E+02 +/-   7.981259009790E-05
* Convergence: exiting.
* After optimization:
   8.8411E+00   8.8561E+00   8.8502E+00  -4.2285E-01  -4.1847E-01   9.9896E-01
  -7.3087E+00  -4.4937E+00  -4.5018E+00  -2.1597E+00  -2.2473E+00  -3.6937E+00
  -3.6940E+00  -4.8880E+00  -4.8897E+00  -3.5397E+00  -3.5434E+00  -7.3783E-01
  -7.3687E-01  -2.3757E+00  -1.1851E+00  -1.1847E+00  -1.1194E+00  -1.1166E+00
  -1.1189E+00  -1.1172E+00   5.9798E+00  -5.4028E+00  -3.6736E-01  -4.7549E-01
   3.8690E+01  -3.1336E+01   2.5437E+01  -2.0859E+01   1.2337E+01  -1.0199E+01
   1.2400E+01  -1.0161E+01   1.9352E+01  -1.5656E+01   2.5586E+01  -2.0711E+01
   1.9264E+01  -1.5762E+01   6.0110E+00  -5.3276E+00   1.2487E+01  -1.0108E+01
   6.2405E+00  -5.0564E+00   6.1983E+00  -5.0721E+00   6.1982E+00  -5.0722E+00
  -7.0114E-02
  > Energy =  -3.833462244830E+02 +/-   7.981259009790E-05
  > varE =   3.185636293823E-03

VMC #6:
* Size of Hilbert space =   6.3504E+04
* Deterministic energy evaluation:
  > Deterministic Etot/t = -383.34617755415422
    - Ttot/t = -23.368365279977091
    - Utot/t = 9.5365334029931077
* Number of equil. steps   = 1000
* Running VMC equilibration.
  Done. [total walltime: 0.01s]
* Equil. acc.ratio (%)     =  27.2198
* Sample config after equilibration:
  +---------+
  |  2   d  |
  |0   u   d|
  |u   u   u|
  |  d   d  |
  +---------+
* Number of accum. steps   = 1000192 x 10
* Running VMC accumulation.
  Done. [total walltime: 21.8s]
* Acceptance ratio (%)     =  27.2880
* Etot/t                   =  -3.833461769268E+02 +/-   5.639369129685E-05
  > Ttot/t                 =  -2.336846512676E+01 +/-   3.692502088351E-04
  > Utot/t                 =   9.536633877116E+00 +/-   3.651308813962E-04
* var[Eloc/t]              =   3.170165150480E-03 +/-   2.327659649893E-05
* Correlation length       =   1.003373286499E+00
* log10 Psi^2 range: -16.230364987346576 -- -9.6399745987178225
* log10 Pgen range : -16.230364987346576 -- -9.6399745987178225
* Site occupation (ave. no. electrons per config.):
  > Site_  ___eu____  ___ed____
      1        0.497      0.497
      2        0.501      0.501
      3        0.500      0.500
      4        0.498      0.497
      5        0.500      0.501
      6        0.500      0.500
      7        0.502      0.501
      8        0.500      0.499
      9        0.502      0.501
     10        0.502      0.502
* Pair-correlation analysis (ave. no. pairs per config.):
  > Shell  nsite  ___dh____  __eueu___  __eued___
      0      1        0          0          1.770
      1      1        0.848      0.720      2.469
      2      1        0.296      0.649      1.103
      3      1        0.168      0.294      0.551
      4      1        0.567      1.351      2.151
      5      1        0.123      1.023      0.969
      6      1        0.153      0.845      1.100
      7      1        0.315      1.803      2.106
      8      1        0.254      2.096      1.909
      9      1        0.253      2.115      1.917
     10      1        0.232      2.156      1.892
     11      1        0.118      0.979      1.021
     12      1        0.241      2.054      1.958
     13      1        0.063      0.482      0.517
     14      1        0.189      1.444      1.548
     15      1        0.120      1.029      0.988
     16      1        0.132      0.960      1.033

Optimization #6:
* Method          : lls
* Target function : energy
* No. of configs. : 500096
* No. of params.  : 55
* Before optimization:
   8.8411E+00   8.8561E+00   8.8502E+00  -4.2285E-01  -4.1847E-01   9.9896E-01
  -7.3087E+00  -4.4937E+00  -4.5018E+00  -2.1597E+00  -2.2473E+00  -3.6937E+00
  -3.6940E+00  -4.8880E+00  -4.8897E+00  -3.5397E+00  -3.5434E+00  -7.3783E-01
  -7.3687E-01  -2.3757E+00  -1.1851E+00  -1.1847E+00  -1.1194E+00  -1.1166E+00
  -1.1189E+00  -1.1172E+00   5.9798E+00  -5.4028E+00  -3.6736E-01  -4.7549E-01
   3.8690E+01  -3.1336E+01   2.5437E+01  -2.0859E+01   1.2337E+01  -1.0199E+01
   1.2400E+01  -1.0161E+01   1.9352E+01  -1.5656E+01   2.5586E+01  -2.0711E+01
   1.9264E+01  -1.5762E+01   6.0110E+00  -5.3276E+00   1.2487E+01  -1.0108E+01
   6.2405E+00  -5.0564E+00   6.1983E+00  -5.0721E+00   6.1982E+00  -5.0722E+00
  -7.0114E-02
  > E    =  -3.833461423668E+02 +/-   7.964207034446E-05
  > varE =   3.172038598875E-03
* Computing derivatives.
    [walltime: 1m elapsed, 2m27s remaining]
  Done. [total walltime: 3m26s]
* Optimizing manipulation constant:
  #igrid a___________ E____________________________________ varE____________
     1     Infinity    -3.83346142E+02 +/-   7.96420703E-05   3.17203860E-03
     2     1.0000E+06  -3.83346142E+02 +/-   7.96420704E-05   3.17203860E-03
     3     2.1544E+05  -3.83346142E+02 +/-   7.96420705E-05   3.17203861E-03
     4     4.6416E+04  -3.83346142E+02 +/-   7.96420709E-05   3.17203865E-03
     5     1.0000E+04  -3.83346142E+02 +/-   7.96420732E-05   3.17203883E-03
     6     2.1544E+03  -3.83346142E+02 +/-   7.96420874E-05   3.17203996E-03
     7     4.6416E+02  -3.83346142E+02 +/-   7.96422288E-05   3.17205122E-03
     8     1.0000E+02  -3.83346142E+02 +/-   7.96445146E-05   3.17223331E-03
     9     2.1544E+01  -3.83346142E+02 +/-   7.96903871E-05   3.17588855E-03
    10     4.6416E+00  -3.83346118E+02 +/-   8.08543625E-05   3.26934156E-03
    11     1.0000E+00  -3.83337277E+02 +/-   1.55982348E-04   1.21675822E-02
    12     2.1544E-01  -3.82212927E+02 +/-   8.14596452E-04   3.31847392E-01
    13     4.6416E-02  -3.82702518E+02 +/-   8.51525830E-04   3.62617729E-01
    14     1.0000E-02  -3.83236655E+02 +/-   4.10673573E-04   8.43425824E-02
    15     2.1544E-03  -3.83115276E+02 +/-   5.66785967E-04   1.60654006E-01
    16     4.6416E-04  -3.83087772E+02 +/-   5.93429770E-04   1.76113253E-01
    17     1.0000E-04  -3.83081818E+02 +/-   5.98898020E-04   1.79373852E-01
    18     2.1544E-05  -3.83080534E+02 +/-   6.00063875E-04   1.80072894E-01
    19     4.6416E-06  -3.83080258E+02 +/-   6.00314486E-04   1.80223337E-01
    20     1.0000E-06  -3.83080198E+02 +/-   6.00368453E-04   1.80255742E-01
    21     0.0000E+00  -3.83080182E+02 +/-   6.00383271E-04   1.80264640E-01
* Iteration # 1: E =  -3.833461423669E+02 +/-   7.964207037104E-05
* Convergence: exiting.
* After optimization:
   8.8411E+00   8.8561E+00   8.8502E+00  -4.2285E-01  -4.1847E-01   9.9896E-01
  -7.3087E+00  -4.4937E+00  -4.5018E+00  -2.1597E+00  -2.2473E+00  -3.6937E+00
  -3.6940E+00  -4.8880E+00  -4.8897E+00  -3.5397E+00  -3.5434E+00  -7.3783E-01
  -7.3687E-01  -2.3757E+00  -1.1851E+00  -1.1847E+00  -1.1194E+00  -1.1166E+00
  -1.1189E+00  -1.1172E+00   5.9798E+00  -5.4028E+00  -3.6736E-01  -4.7549E-01
   3.8690E+01  -3.1336E+01   2.5437E+01  -2.0859E+01   1.2337E+01  -1.0199E+01
   1.2400E+01  -1.0161E+01   1.9352E+01  -1.5656E+01   2.5586E+01  -2.0711E+01
   1.9264E+01  -1.5762E+01   6.0110E+00  -5.3276E+00   1.2487E+01  -1.0108E+01
   6.2405E+00  -5.0564E+00   6.1983E+00  -5.0721E+00   6.1982E+00  -5.0722E+00
  -7.0114E-02
  > Energy =  -3.833461423669E+02 +/-   7.964207037104E-05
  > varE =   3.172038600992E-03

VMC #7:
* Size of Hilbert space =   6.3504E+04
* Deterministic energy evaluation:
  > Deterministic Etot/t = -383.34617755415456
    - Ttot/t = -23.368365280177375
    - Utot/t = 9.5365334031929230
* Number of equil. steps   = 1000
* Running VMC equilibration.
  Done. [total walltime: 0.01s]
* Equil. acc.ratio (%)     =  27.3416
* Sample config after equilibration:
  +---------+
  |  d   2  |
  |u   u   0|
  |2   d   0|
  |  0   2  |
  +---------+
* Number of accum. steps   = 1000192 x 10
* Running VMC accumulation.
  Done. [total walltime: 21.7s]
* Acceptance ratio (%)     =  27.2791
* Etot/t                   =  -3.833461146655E+02 +/-   5.599152309623E-05
  > Ttot/t                 =  -2.336879713866E+01 +/-   3.636745613229E-04
  > Utot/t                 =   9.537028150386E+00 +/-   3.593063349382E-04
* var[Eloc/t]              =   3.203620252321E-03 +/-   2.070676540802E-05
* Correlation length       =   9.787841071646E-01
* log10 Psi^2 range: -16.064725307136396 -- -9.6399818101027073
* log10 Pgen range : -16.064725307136396 -- -9.6399818101027073
* Site occupation (ave. no. electrons per config.):
  > Site_  ___eu____  ___ed____
      1        0.498      0.498
      2        0.500      0.501
      3        0.500      0.500
      4        0.497      0.497
      5        0.502      0.500
      6        0.500      0.501
      7        0.501      0.501
      8        0.501      0.499
      9        0.501      0.501
     10        0.501      0.501
* Pair-correlation analysis (ave. no. pairs per config.):
  > Shell  nsite  ___dh____  __eueu___  __eued___
      0      1        0          0          1.769
      1      1        0.848      0.720      2.469
      2      1        0.295      0.647      1.099
      3      1        0.167      0.296      0.551
      4      1        0.565      1.354      2.157
      5      1        0.124      1.026      0.967
      6      1        0.152      0.848      1.101
      7      1        0.314      1.801      2.106
      8      1        0.254      2.099      1.911
      9      1        0.254      2.112      1.916
     10      1        0.232      2.154      1.892
     11      1        0.117      0.981      1.024
     12      1        0.241      2.053      1.956
     13      1        0.063      0.480      0.516
     14      1        0.188      1.443      1.553
     15      1        0.120      1.028      0.983
     16      1        0.133      0.958      1.030

Optimization #7:
* Method          : lls
* Target function : energy
* No. of configs. : 500096
* No. of params.  : 55
* Before optimization:
   8.8411E+00   8.8561E+00   8.8502E+00  -4.2285E-01  -4.1847E-01   9.9896E-01
  -7.3087E+00  -4.4937E+00  -4.5018E+00  -2.1597E+00  -2.2473E+00  -3.6937E+00
  -3.6940E+00  -4.8880E+00  -4.8897E+00  -3.5397E+00  -3.5434E+00  -7.3783E-01
  -7.3687E-01  -2.3757E+00  -1.1851E+00  -1.1847E+00  -1.1194E+00  -1.1166E+00
  -1.1189E+00  -1.1172E+00   5.9798E+00  -5.4028E+00  -3.6736E-01  -4.7549E-01
   3.8690E+01  -3.1336E+01   2.5437E+01  -2.0859E+01   1.2337E+01  -1.0199E+01
   1.2400E+01  -1.0161E+01   1.9352E+01  -1.5656E+01   2.5586E+01  -2.0711E+01
   1.9264E+01  -1.5762E+01   6.0110E+00  -5.3276E+00   1.2487E+01  -1.0108E+01
   6.2405E+00  -5.0564E+00   6.1983E+00  -5.0721E+00   6.1982E+00  -5.0722E+00
  -7.0114E-02
  > E    =  -3.833461817049E+02 +/-   7.971098444979E-05
  > varE =   3.177530489718E-03
* Computing derivatives.
    [walltime: 1m elapsed, 2m25s remaining]
  Done. [total walltime: 3m24s]
* Optimizing manipulation constant:
  #igrid a___________ E____________________________________ varE____________
     1     Infinity    -3.83346182E+02 +/-   7.97109844E-05   3.17753049E-03
     2     1.0000E+06  -3.83346182E+02 +/-   7.97109844E-05   3.17753049E-03
     3     2.1544E+05  -3.83346182E+02 +/-   7.97109844E-05   3.17753048E-03
     4     4.6416E+04  -3.83346182E+02 +/-   7.97109841E-05   3.17753046E-03
     5     1.0000E+04  -3.83346182E+02 +/-   7.97109828E-05   3.17753036E-03
     6     2.1544E+03  -3.83346182E+02 +/-   7.97109775E-05   3.17752994E-03
     7     4.6416E+02  -3.83346182E+02 +/-   7.97109628E-05   3.17752877E-03
     8     1.0000E+02  -3.83346182E+02 +/-   7.97111126E-05   3.17754070E-03
     9     2.1544E+01  -3.83346182E+02 +/-   7.97163490E-05   3.17795820E-03
    10     4.6416E+00  -3.83346180E+02 +/-   7.98286195E-05   3.18691602E-03
    11     1.0000E+00  -3.83346082E+02 +/-   8.19880188E-05   3.36166293E-03
    12     2.1544E-01  -3.83342730E+02 +/-   1.10186847E-04   6.07173614E-03
    13     4.6416E-02  -3.83326649E+02 +/-   1.80074031E-04   1.62164412E-02
    14     1.0000E-02  -3.83319426E+02 +/-   2.02574792E-04   2.05222126E-02
    15     2.1544E-03  -3.83324512E+02 +/-   1.88279692E-04   1.77280243E-02
    16     4.6416E-04  -3.83331264E+02 +/-   1.67046873E-04   1.39550078E-02
    17     1.0000E-04  -3.83331714E+02 +/-   1.65547947E-04   1.37056923E-02
    18     2.1544E-05  -3.83331492E+02 +/-   1.66303701E-04   1.38311156E-02
    19     4.6416E-06  -3.83331444E+02 +/-   1.66467106E-04   1.38583089E-02
    20     1.0000E-06  -3.83331434E+02 +/-   1.66502337E-04   1.38641755E-02
    21     0.0000E+00  -3.83331431E+02 +/-   1.66512013E-04   1.38657870E-02
* Iteration # 1: E =  -3.833461817049E+02 +/-   7.971098444979E-05
* Convergence: exiting.
* After optimization:
   8.8411E+00   8.8561E+00   8.8502E+00  -4.2285E-01  -4.1847E-01   9.9896E-01
  -7.3087E+00  -4.4937E+00  -4.5018E+00  -2.1597E+00  -2.2473E+00  -3.6937E+00
  -3.6940E+00  -4.8880E+00  -4.8897E+00  -3.5397E+00  -3.5434E+00  -7.3783E-01
  -7.3687E-01  -2.3757E+00  -1.1851E+00  -1.1847E+00  -1.1194E+00  -1.1166E+00
  -1.1189E+00  -1.1172E+00   5.9798E+00  -5.4028E+00  -3.6736E-01  -4.7549E-01
   3.8690E+01  -3.1336E+01   2.5437E+01  -2.0859E+01   1.2337E+01  -1.0199E+01
   1.2400E+01  -1.0161E+01   1.9352E+01  -1.5656E+01   2.5586E+01  -2.0711E+01
   1.9264E+01  -1.5762E+01   6.0110E+00  -5.3276E+00   1.2487E+01  -1.0108E+01
   6.2405E+00  -5.0564E+00   6.1983E+00  -5.0721E+00   6.1982E+00  -5.0722E+00
  -7.0114E-02
  > Energy =  -3.833461817049E+02 +/-   7.971098444979E-05
  > varE =   3.177530489718E-03

VMC #8:
* Size of Hilbert space =   6.3504E+04
* Deterministic energy evaluation:
  > Deterministic Etot/t = -383.34617755415456
    - Ttot/t = -23.368365280177375
    - Utot/t = 9.5365334031929230
* Number of equil. steps   = 1000
* Running VMC equilibration.
  Done. [total walltime: 0.01s]
* Equil. acc.ratio (%)     =  27.2534
* Sample config after equilibration:
  +---------+
  |  d   u  |
  |u   d   2|
  |u   0   0|
  |  d   2  |
  +---------+
* Number of accum. steps   = 1000192 x 10
* Running VMC accumulation.
  Done. [total walltime: 21.7s]
* Acceptance ratio (%)     =  27.2741
* Etot/t                   =  -3.833461499352E+02 +/-   5.567140456717E-05
  > Ttot/t                 =  -2.336823537134E+01 +/-   3.696083931878E-04
  > Utot/t                 =   9.536431113342E+00 +/-   3.661618839562E-04
* var[Eloc/t]              =   3.160726310098E-03 +/-   1.771674357032E-05
* Correlation length       =   9.807557026347E-01
* log10 Psi^2 range: -16.866574321623311 -- -9.6399202335063379
* log10 Pgen range : -16.866574321623311 -- -9.6399202335063379
* Site occupation (ave. no. electrons per config.):
  > Site_  ___eu____  ___ed____
      1        0.498      0.498
      2        0.501      0.500
      3        0.500      0.500
      4        0.498      0.497
      5        0.499      0.501
      6        0.501      0.500
      7        0.501      0.502
      8        0.499      0.499
      9        0.501      0.501
     10        0.502      0.502
* Pair-correlation analysis (ave. no. pairs per config.):
  > Shell  nsite  ___dh____  __eueu___  __eued___
      0      1        0          0          1.769
      1      1        0.847      0.720      2.468
      2      1        0.293      0.650      1.103
      3      1        0.167      0.296      0.551
      4      1        0.567      1.352      2.153
      5      1        0.123      1.024      0.967
      6      1        0.152      0.847      1.099
      7      1        0.314      1.805      2.109
      8      1        0.255      2.097      1.910
      9      1        0.253      2.115      1.918
     10      1        0.231      2.152      1.892
     11      1        0.117      0.979      1.022
     12      1        0.242      2.052      1.955
     13      1        0.062      0.481      0.517
     14      1        0.188      1.442      1.551
     15      1        0.120      1.029      0.984
     16      1        0.131      0.959      1.034

Optimization #8:
* Method          : lls
* Target function : energy
* No. of configs. : 500096
* No. of params.  : 55
* Before optimization:
   8.8411E+00   8.8561E+00   8.8502E+00  -4.2285E-01  -4.1847E-01   9.9896E-01
  -7.3087E+00  -4.4937E+00  -4.5018E+00  -2.1597E+00  -2.2473E+00  -3.6937E+00
  -3.6940E+00  -4.8880E+00  -4.8897E+00  -3.5397E+00  -3.5434E+00  -7.3783E-01
  -7.3687E-01  -2.3757E+00  -1.1851E+00  -1.1847E+00  -1.1194E+00  -1.1166E+00
  -1.1189E+00  -1.1172E+00   5.9798E+00  -5.4028E+00  -3.6736E-01  -4.7549E-01
   3.8690E+01  -3.1336E+01   2.5437E+01  -2.0859E+01   1.2337E+01  -1.0199E+01
   1.2400E+01  -1.0161E+01   1.9352E+01  -1.5656E+01   2.5586E+01  -2.0711E+01
   1.9264E+01  -1.5762E+01   6.0110E+00  -5.3276E+00   1.2487E+01  -1.0108E+01
   6.2405E+00  -5.0564E+00   6.1983E+00  -5.0721E+00   6.1982E+00  -5.0722E+00
  -7.0114E-02
  > E    =  -3.833460624751E+02 +/-   7.922189929968E-05
  > varE =   3.138657170820E-03
* Computing derivatives.
    [walltime: 1m elapsed, 2m25s remaining]
  Done. [total walltime: 3m23s]
* Optimizing manipulation constant:
  #igrid a___________ E____________________________________ varE____________
     1     Infinity    -3.83346062E+02 +/-   7.92218993E-05   3.13865717E-03
     2     1.0000E+06  -3.83346062E+02 +/-   7.92218994E-05   3.13865718E-03
     3     2.1544E+05  -3.83346062E+02 +/-   7.92218999E-05   3.13865722E-03
     4     4.6416E+04  -3.83346062E+02 +/-   7.92219019E-05   3.13865738E-03
     5     1.0000E+04  -3.83346062E+02 +/-   7.92219114E-05   3.13865813E-03
     6     2.1544E+03  -3.83346062E+02 +/-   7.92219553E-05   3.13866161E-03
     7     4.6416E+02  -3.83346062E+02 +/-   7.92221592E-05   3.13867776E-03
     8     1.0000E+02  -3.83346062E+02 +/-   7.92230992E-05   3.13875225E-03
     9     2.1544E+01  -3.83346063E+02 +/-   7.92273389E-05   3.13908820E-03
    10     4.6416E+00  -3.83346063E+02 +/-   7.92446962E-05   3.14046380E-03
    11     1.0000E+00  -3.83346063E+02 +/-   7.92953937E-05   3.14448336E-03
    12     2.1544E-01  -3.83346063E+02 +/-   7.93671727E-05   3.15017877E-03
    13     4.6416E-02  -3.83346063E+02 +/-   7.94279509E-05   3.15500534E-03
    14     1.0000E-02  -3.83346060E+02 +/-   7.95664776E-05   3.16601994E-03
    15     2.1544E-03  -3.83346026E+02 +/-   8.03088802E-05   3.22537727E-03
    16     4.6416E-04  -3.83345074E+02 +/-   9.01230352E-05   4.06186047E-03
    17     1.0000E-04  -3.83343224E+02 +/-   1.04315483E-04   5.44190465E-03
    18     2.1544E-05  -3.83342129E+02 +/-   1.11550304E-04   6.22292972E-03
    19     4.6416E-06  -3.83341810E+02 +/-   1.13544591E-04   6.44742476E-03
    20     1.0000E-06  -3.83341736E+02 +/-   1.13999692E-04   6.49921253E-03
    21     0.0000E+00  -3.83341716E+02 +/-   1.14126332E-04   6.51366023E-03
* Iteration # 1: E =  -3.833460631496E+02 +/-   7.929539372725E-05
* Convergence: exiting.
* After optimization:
   8.9348E+00   8.9500E+00   8.9436E+00  -4.6344E-01  -4.5851E-01   9.9915E-01
  -7.2393E+00  -4.4993E+00  -4.5075E+00  -2.2408E+00  -2.3311E+00  -3.6593E+00
  -3.6598E+00  -4.8951E+00  -4.8966E+00  -3.5045E+00  -3.5083E+00  -7.7952E-01
  -7.7840E-01  -2.4587E+00  -1.2266E+00  -1.2260E+00  -1.1603E+00  -1.1576E+00
  -1.1595E+00  -1.1576E+00   6.1852E+00  -5.5684E+00  -3.6725E-01  -4.7520E-01
   3.8343E+01  -3.1058E+01   2.5469E+01  -2.0885E+01   1.2749E+01  -1.0530E+01
   1.2812E+01  -1.0491E+01   1.9178E+01  -1.5517E+01   2.5619E+01  -2.0737E+01
   1.9090E+01  -1.5623E+01   6.2176E+00  -5.4920E+00   1.2899E+01  -1.0438E+01
   6.4469E+00  -5.2212E+00   6.4042E+00  -5.2372E+00   6.4042E+00  -5.2374E+00
  -6.9769E-02
  > Energy =  -3.833460631496E+02 +/-   7.929539372725E-05
  > varE =   3.144483358089E-03

VMC #9:
* Size of Hilbert space =   6.3504E+04
* Deterministic energy evaluation:
  > Deterministic Etot/t = -383.34617771313640
    - Ttot/t = -23.368289646694095
    - Utot/t = 9.5364576107279930
* Number of equil. steps   = 1000
* Running VMC equilibration.
  Done. [total walltime: 0.01s]
* Equil. acc.ratio (%)     =  27.3300
* Sample config after equilibration:
  +---------+
  |  u   2  |
  |2   d   0|
  |0   d   u|
  |  u   d  |
  +---------+
* Number of accum. steps   = 1000192 x 10
* Running VMC accumulation.
  Done. [total walltime: 21.6s]
* Acceptance ratio (%)     =  27.2633
* Etot/t                   =  -3.833461603306E+02 +/-   5.649341836059E-05
  > Ttot/t                 =  -2.336864315668E+01 +/-   3.722784277117E-04
  > Utot/t                 =   9.536828503316E+00 +/-   3.674668627667E-04
* var[Eloc/t]              =   3.195666910301E-03 +/-   2.001496045362E-05
* Correlation length       =   9.988898019966E-01
* log10 Psi^2 range: -16.606374753811096 -- -9.6430428687396450
* log10 Pgen range : -16.606374753811096 -- -9.6430428687396450
* Site occupation (ave. no. electrons per config.):
  > Site_  ___eu____  ___ed____
      1        0.497      0.497
      2        0.501      0.501
      3        0.502      0.499
      4        0.497      0.499
      5        0.500      0.500
      6        0.499      0.500
      7        0.502      0.501
      8        0.499      0.500
      9        0.500      0.502
     10        0.502      0.501
* Pair-correlation analysis (ave. no. pairs per config.):
  > Shell  nsite  ___dh____  __eueu___  __eued___
      0      1        0          0          1.768
      1      1        0.846      0.721      2.470
      2      1        0.295      0.648      1.102
      3      1        0.167      0.295      0.551
      4      1        0.567      1.350      2.155
      5      1        0.123      1.025      0.967
      6      1        0.153      0.846      1.099
      7      1        0.315      1.801      2.108
      8      1        0.253      2.101      1.910
      9      1        0.252      2.117      1.916
     10      1        0.231      2.155      1.891
     11      1        0.118      0.978      1.023
     12      1        0.240      2.055      1.956
     13      1        0.063      0.482      0.518
     14      1        0.190      1.440      1.549
     15      1        0.119      1.030      0.986
     16      1        0.132      0.958      1.032

Optimization #9:
* Method          : lls
* Target function : energy
* No. of configs. : 500096
* No. of params.  : 55
* Before optimization:
   8.9348E+00   8.9500E+00   8.9436E+00  -4.6344E-01  -4.5851E-01   9.9915E-01
  -7.2393E+00  -4.4993E+00  -4.5075E+00  -2.2408E+00  -2.3311E+00  -3.6593E+00
  -3.6598E+00  -4.8951E+00  -4.8966E+00  -3.5045E+00  -3.5083E+00  -7.7952E-01
  -7.7840E-01  -2.4587E+00  -1.2266E+00  -1.2260E+00  -1.1603E+00  -1.1576E+00
  -1.1595E+00  -1.1576E+00   6.1852E+00  -5.5684E+00  -3.6725E-01  -4.7520E-01
   3.8343E+01  -3.1058E+01   2.5469E+01  -2.0885E+01   1.2749E+01  -1.0530E+01
   1.2812E+01  -1.0491E+01   1.9178E+01  -1.5517E+01   2.5619E+01  -2.0737E+01
   1.9090E+01  -1.5623E+01   6.2176E+00  -5.4920E+00   1.2899E+01  -1.0438E+01
   6.4469E+00  -5.2212E+00   6.4042E+00  -5.2372E+00   6.4042E+00  -5.2374E+00
  -6.9769E-02
  > E    =  -3.833460550851E+02 +/-   8.004348666064E-05
  > varE =   3.204094946533E-03
* Computing derivatives.
    [walltime: 1m elapsed, 2m25s remaining]
  Done. [total walltime: 3m24s]
* Optimizing manipulation constant:
  #igrid a___________ E____________________________________ varE____________
     1     Infinity    -3.83346055E+02 +/-   8.00434867E-05   3.20409495E-03
     2     1.0000E+06  -3.83346055E+02 +/-   8.00434866E-05   3.20409495E-03
     3     2.1544E+05  -3.83346055E+02 +/-   8.00434866E-05   3.20409494E-03
     4     4.6416E+04  -3.83346055E+02 +/-   8.00434864E-05   3.20409493E-03
     5     1.0000E+04  -3.83346055E+02 +/-   8.00434855E-05   3.20409485E-03
     6     2.1544E+03  -3.83346055E+02 +/-   8.00434812E-05   3.20409451E-03
     7     4.6416E+02  -3.83346055E+02 +/-   8.00434615E-05   3.20409293E-03
     8     1.0000E+02  -3.83346055E+02 +/-   8.00433738E-05   3.20408591E-03
     9     2.1544E+01  -3.83346055E+02 +/-   8.00430405E-05   3.20405923E-03
    10     4.6416E+00  -3.83346055E+02 +/-   8.00425634E-05   3.20402104E-03
    11     1.0000E+00  -3.83346056E+02 +/-   8.00457135E-05   3.20427323E-03
    12     2.1544E-01  -3.83346056E+02 +/-   8.00466209E-05   3.20434587E-03
    13     4.6416E-02  -3.83346055E+02 +/-   7.99979579E-05   3.20045100E-03
    14     1.0000E-02  -3.83346050E+02 +/-   7.97585604E-05   3.18132467E-03
    15     2.1544E-03  -3.83345916E+02 +/-   7.94999849E-05   3.16073054E-03
    16     4.6416E-04  -3.83345319E+02 +/-   8.24587337E-05   3.40037413E-03
    17     1.0000E-04  -3.83345003E+02 +/-   8.43804561E-05   3.56071421E-03
    18     2.1544E-05  -3.83344923E+02 +/-   8.48842776E-05   3.60336200E-03
    19     4.6416E-06  -3.83344905E+02 +/-   8.49971579E-05   3.61295198E-03
    20     1.0000E-06  -3.83344901E+02 +/-   8.50216792E-05   3.61503692E-03
    21     0.0000E+00  -3.83344900E+02 +/-   8.50284249E-05   3.61561059E-03
* Iteration # 1: E =  -3.833460555987E+02 +/-   8.004662087679E-05
* Convergence: exiting.
* After optimization:
   7.8743E+00   7.8891E+00   7.8831E+00  -1.0383E-01  -9.9378E-02   9.9805E-01
  -7.6142E+00  -4.3267E+00  -4.3347E+00  -1.5198E+00  -1.6126E+00  -3.8467E+00
  -3.8480E+00  -4.7221E+00  -4.7241E+00  -3.6929E+00  -3.6962E+00  -4.2072E-01
  -4.1944E-01  -1.7378E+00  -8.6567E-01  -8.6529E-01  -7.9858E-01  -7.9816E-01
  -7.9962E-01  -7.9742E-01   4.3828E+00  -4.1251E+00  -3.6795E-01  -4.7399E-01
   4.0216E+01  -3.2555E+01   2.4603E+01  -2.0191E+01   9.1428E+00  -7.6452E+00
   9.2078E+00  -7.6041E+00   2.0115E+01  -1.6265E+01   2.4753E+01  -2.0043E+01
   2.0027E+01  -1.6372E+01   4.4150E+00  -4.0483E+00   9.2931E+00  -7.5528E+00
   4.6437E+00  -3.7791E+00   4.6014E+00  -3.7946E+00   4.6014E+00  -3.7946E+00
  -6.8145E-02
  > Energy =  -3.833460555987E+02 +/-   8.004662087679E-05
  > varE =   3.204345873201E-03

VMC #10:
* Size of Hilbert space =   6.3504E+04
* Deterministic energy evaluation:
  > Deterministic Etot/t = -383.34617770385034
    - Ttot/t = -23.368409822906383
    - Utot/t = 9.5365777962262666
* Number of equil. steps   = 1000
* Running VMC equilibration.
  Done. [total walltime: 0.01s]
* Equil. acc.ratio (%)     =  27.3294
* Sample config after equilibration:
  +---------+
  |  0   d  |
  |2   2   u|
  |d   0   0|
  |  u   2  |
  +---------+
* Number of accum. steps   = 1000192 x 10
* Running VMC accumulation.
  Done. [total walltime: 21.6s]
* Acceptance ratio (%)     =  27.2739
* Etot/t                   =  -3.833462135746E+02 +/-   5.702902302728E-05
  > Ttot/t                 =  -2.336863525346E+01 +/-   3.671530726690E-04
  > Utot/t                 =   9.536767356015E+00 +/-   3.638764654695E-04
* var[Eloc/t]              =   3.198664091448E-03 +/-   2.101452447638E-05
* Correlation length       =   1.016966401555E+00
* log10 Psi^2 range: -16.794580214489468 -- -9.6279722097756437
* log10 Pgen range : -16.794580214489468 -- -9.6279722097756437
* Site occupation (ave. no. electrons per config.):
  > Site_  ___eu____  ___ed____
      1        0.498      0.497
      2        0.502      0.500
      3        0.500      0.501
      4        0.497      0.497
      5        0.500      0.502
      6        0.499      0.500
      7        0.502      0.501
      8        0.500      0.500
      9        0.502      0.500
     10        0.500      0.502
* Pair-correlation analysis (ave. no. pairs per config.):
  > Shell  nsite  ___dh____  __eueu___  __eued___
      0      1        0          0          1.768
      1      1        0.848      0.720      2.469
      2      1        0.294      0.648      1.101
      3      1        0.167      0.295      0.551
      4      1        0.567      1.352      2.154
      5      1        0.122      1.025      0.969
      6      1        0.152      0.849      1.101
      7      1        0.313      1.803      2.105
      8      1        0.254      2.098      1.911
      9      1        0.252      2.113      1.917
     10      1        0.232      2.153      1.893
     11      1        0.117      0.981      1.024
     12      1        0.241      2.055      1.955
     13      1        0.063      0.483      0.517
     14      1        0.189      1.442      1.550
     15      1        0.120      1.028      0.985
     16      1        0.132      0.957      1.031

VDAGGER finished.
Total VDAGGER walltime: 1h8m

Run ended: Tue Sep 30 18:14:15 CEST 2025
