Run started: Fri Oct  3 08:17:55 CEST 2025
Using VDAGGER_ARCH = gnu7_fkfamd_cluster
Running 1x128 MPI processes.

                               xx
                              +##
                               #X
                               Xx
                          X##XxXxxX##x
                           +   Xx  ++
                               ##
                              +##
                              +##
     ++++         ++          +##
   xX+++##+      ####         +##
  Xx    ###      +X##          ##
 xX    X##+        ##          #X
 +    x##X         #x          #X
      ###         +#           x+
     X##+         #+
     ###         Xx                    _______
     ##X       +X+   __________________VDAGGER
     +##x    +xX     2nd quantized variational
       +xxxxx+       ______quantum Monte Carlo

* Running 128 MPI processes.
* Input file: "input.casl"

############# Start of input file dump #############
General:
  Random seed: timer

Plan:
  VMC-optimization:
    Minimum cycles: 10
    Convergence cycles: 5

System:
  Read Hamiltonian: FCIDUMP_loc_naphthalene
  Read orbitals: LTSC_naphthalene
  Complex orbitals: F
  Site kinds: [ 1, 2, 3, 1, 3, 3, 2, 3, 2, 2 ]
  Geometry:
    r_1: [ 0.00000000000000, 1.34347620379600 ]
    r_4: [ 0.00000000000000, -1.34347620379600 ]
    r_3: [ 2.34629842880300, 2.63976101399600 ]
    r_5: [ -2.34629842880300, -2.63976101399600 ]
    r_6: [ -2.34629842880300, 2.63976101399600 ]
    r_8: [ 2.34629842880300, -2.63976101399600 ]
    r_9: [ 4.58120036880600, 1.33647725770700 ]
    r_2: [ -4.58120036880600, -1.33647725770700 ]
    r_7: [ -4.58120036880600, 1.33647725770700 ]
    r_10: [ 4.58120036880600, -1.33647725770700 ]
    Tolerance: 0.05

VMC:
  nstep: 1000000
  nconfig: 500000

Jastrow: wfn.casl

Backflow: wfn.casl

Multideterminants: wfn.casl
############## End of input file dump ##############

General setup:
* Random seed: 306843457 (from timer)

* Loaded integrals for system with nelec=10, ms2=0, norb=10
* INFO: setting number of electrons from integrals file.
* Analysis of Hamiltonian connecitivity performed:
  - T_ii (local, 1-site): 10 (i) values
  - U_iiii [opp] (local, 1-site): 10 (i) values
  - U_kkii [opp] (local, 2-site): 90 contribs. from 10 (i) values
  - U_kkii [par] (local, 2-site): 45 contribs. from 9 (i) values
  - T_ji (single, 2-site): 90 contribs. from 10 (i) values
  - U_kkji [opp] (single, 2/3-site): 900 contribs. from 90 (i,j) pairs
  - U_kkji [par] (single, 3-site): 810 contribs. from 90 (i,j) pairs
  - U_lkji [opp] (double, 2/3/4-site): 8100 contribs. from 90 (i,j) pairs
  - U_lkji [par] (double, 4-site): 1740 contribs. from 72 (i,j) pairs
  - Max. no. wfn. ratios in Eloc: 1467
* Reading override orbitals from file "LTSC_naphthalene".
* Site labels:
  +--------------+
  |    6     3   |
  | 7     1     9|
  | 2     4    10|
  |    5     8   |
  +--------------+
* Read-in Site kinds:
  [ 1, 2, 3, 1, 3, 3, 2, 3, 2, 2 ]
  +---------+
  |  3   3  |
  |2   1   2|
  |2   1   2|
  |  3   3  |
  +---------+
* Maximum Site kind: 3
* Number of site-pair kinds with Tij=0: 0
* Automatically set Site pair kinds:
  Site 1: [ 0, -7, -4, 3, -8, -4, -9, 8, 9, -7 ]
  Site 2: [ -7, 0, 12, -9, 1, 10, 2, 14, 16, -15 ]
  Site 3: [ -4, 12, 0, -8, -11, 5, -13, -6, -1, 10 ]
  Site 4: [ 3, -9, -8, 0, -4, -8, -7, 4, 7, -9 ]
  Site 5: [ -8, 1, -11, -4, 0, 6, 10, -5, -12, -14 ]
  Site 6: [ -4, 10, 5, -8, 6, 0, 1, 11, 14, 12 ]
  Site 7: [ -9, 2, -13, -7, 10, 1, 0, -12, 15, -16 ]
  Site 8: [ 8, 14, -6, 4, -5, 11, -12, 0, 10, -1 ]
  Site 9: [ 9, 16, -1, 7, -12, 14, 15, 10, 0, -2 ]
  Site 10: [ -7, -15, 10, -9, -14, 12, -16, -1, -2, 0 ]
  For site 1 of kind 1:
  +--------------+
  |   -4    -4   |
  |-9     0     9|
  |-7     3    -7|
  |   -8     8   |
  +--------------+
  For site 2 of kind 2:
  +-------------------+
  |     10      12    |
  |  2      -7      16|
  |  0      -9     -15|
  |      1      14    |
  +-------------------+
  For site 3 of kind 3:
  +-------------------+
  |      5       0    |
  |-13      -4      -1|
  | 12      -8      10|
  |    -11      -6    |
  +-------------------+
* Maximum (unsigned) Site pair kind: 16
General system setup:
* Number of sites       : 10
* Number of electrons   : 10
* Spin imbalance MS2    : 0
* Filling               : 0.500000
* Number of orbitals in pool: 10
* Using real-valued orbitals
* Using double-precision arithmetic for orbitals

Trial wave function setup:
* Jastrow parameter file: "wfn.casl"
* Multideterminant parameter file: "wfn.casl"
* Backflow parameter file: "wfn.casl"
* Not using wave function manipulation

VMC #1:
* Size of Hilbert space =   6.3504E+04
* Deterministic energy evaluation:
  > Deterministic Etot/t = -383.34987724007391
    - Ttot/t = -23.365449775404318
    - Utot/t = 9.5299182125006965
* Number of equil. steps   = 1000
* Running VMC equilibration.
  Done. [total walltime: 0.09s]
* Equil. acc.ratio (%)     =  16.1641
* Sample config after equilibration:
  +---------+
  |  u   2  |
  |d   d   0|
  |u   2   u|
  |  0   d  |
  +---------+
* Number of accum. steps   = 1000192 x 10
* Running VMC accumulation.
    [walltime: 1m elapsed, 17.4s remaining]
  Done. [total walltime: 1m17s]
* Acceptance ratio (%)     =  16.1939
* Etot/t                   =  -3.833498956265E+02 +/-   1.553709912171E-05
  > Ttot/t                 =  -2.336556428494E+01 +/-   3.709435498490E-04
  > Utot/t                 =   9.530014335719E+00 +/-   3.712725476903E-04
* var[Eloc/t]              =   2.388964153482E-04 +/-   2.918317170307E-06
* Correlation length       =   1.010679870789E+00
* log10 Psi^2 range: -17.242926023062527 -- -9.3979130326221920
* log10 Pgen range : -17.242926023062527 -- -9.3979130326221920
* Site occupation (ave. no. electrons per config.):
  > Site_  ___eu____  ___ed____
      1        0.498      0.498
      2        0.501      0.501
      3        0.499      0.501
      4        0.498      0.498
      5        0.499      0.501
      6        0.500      0.499
      7        0.501      0.501
      8        0.500      0.500
      9        0.502      0.501
     10        0.501      0.501
* Pair-correlation analysis (ave. no. pairs per config.):
  > Shell  nsite  ___dh____  __eueu___  __eued___
      0      1        0          0          1.740
      1      1        0.833      0.720      2.481
      2      1        0.287      0.648      1.109
      3      1        0.161      0.297      0.557
      4      1        0.555      1.343      2.175
      5      1        0.119      1.025      0.967
      6      1        0.146      0.847      1.102
      7      1        0.297      1.804      2.123
      8      1        0.247      2.105      1.902
      9      1        0.246      2.122      1.904
     10      1        0.227      2.155      1.879
     11      1        0.114      0.979      1.022
     12      1        0.233      2.052      1.956
     13      1        0.062      0.480      0.516
     14      1        0.184      1.441      1.548
     15      1        0.119      1.027      0.981
     16      1        0.125      0.957      1.039

Optimization #1:
* Method          : lls
* Target function : energy
* No. of configs. : 500096
* No. of params.  : 124
* Before optimization:
  -3.4784E-01  -5.9329E-01  -5.1124E-01   1.1815E+00   1.1785E+00   7.8524E-01
  -4.8229E+00  -1.7614E+00  -1.7550E+00   9.6666E-01   1.0151E+00  -2.4287E+00
  -2.4231E+00  -2.0358E+00  -2.0340E+00  -2.3229E+00  -2.3210E+00   8.2180E-01
   8.1976E-01   7.9811E-01   4.0254E-01   3.9984E-01   4.4942E-01   4.4974E-01
   4.4904E-01   4.4947E-01  -2.3076E+00   1.0693E+00  -4.7229E-01  -3.3382E-01
   2.5828E+01  -2.1015E+01   1.0926E+01  -9.1897E+00  -3.7616E+00   2.8004E+00
  -3.8079E+00   2.7843E+00   1.2899E+01  -1.0476E+01   1.1091E+01  -9.0474E+00
   1.2852E+01  -1.0513E+01  -2.0890E+00   1.2779E+00  -3.6605E+00   2.8604E+00
  -1.8312E+00   1.4355E+00  -1.8668E+00   1.4153E+00  -1.8647E+00   1.4151E+00
  -4.2964E-02  -4.4394E-02   2.9832E-02   1.2222E+00   1.3772E+00   1.3182E+00
  -7.3556E-03  -6.3760E-02  -1.3060E-01  -1.0205E-01   6.7790E-03  -1.5306E-02
  -1.1277E-02   4.5788E-02   4.0938E-02   4.0101E-02   6.3483E-02   1.6200E-02
   1.7679E-02   1.8350E-02   1.2693E-02   1.3449E-01   1.6078E-01   9.7100E-02
   5.0523E-02   6.0648E-02  -3.5445E-03   1.2475E-02   1.1091E-02   8.6183E-03
   2.0847E-03   3.6834E-02   3.0638E-02  -6.6555E-03   1.7004E-02   1.6833E-02
   2.0740E-02   1.0338E-01   2.2543E-02  -3.9751E-02  -5.7414E-02  -4.8257E-02
  -2.2958E-02  -2.5670E-02  -2.8626E-02   1.8104E-02   7.6510E-03  -2.4416E-02
   3.3355E-02   2.9913E-02   2.3476E-02   2.3188E-02  -6.8210E-03   5.8395E-02
   7.6931E-02   3.5957E-02   4.6417E-02   4.9455E-02  -2.9556E-02  -8.1860E-03
  -1.9609E-02  -8.6964E-03  -1.8101E-02  -2.4110E-02   1.0274E-02   1.3156E-02
   2.2777E-02   2.2404E-02  -1.2669E-03   3.4190E-02
  > E    =  -3.833498870206E+02 +/-   2.158399972758E-05
  > varE =   2.329792455484E-04
* Computing derivatives.
    [walltime: 1m1s elapsed, 1h7m remaining]
    [walltime: 1h elapsed, 8m4s remaining]
  Done. [total walltime: 1h8m]
* Optimizing manipulation constant:
  #igrid a___________ E____________________________________ varE____________
     1     Infinity    -3.83349887E+02 +/-   2.15839997E-05   2.32979246E-04
     2     1.0000E+06  -3.83349887E+02 +/-   2.15839969E-05   2.32979184E-04
     3     2.1544E+05  -3.83349887E+02 +/-   2.15839866E-05   2.32978961E-04
     4     4.6416E+04  -3.83349887E+02 +/-   2.15839388E-05   2.32977930E-04
     5     1.0000E+04  -3.83349887E+02 +/-   2.15837202E-05   2.32973211E-04
     6     2.1544E+03  -3.83349887E+02 +/-   2.15827762E-05   2.32952833E-04
     7     4.6416E+02  -3.83349887E+02 +/-   2.15808191E-05   2.32910586E-04
     8     1.0000E+02  -3.83349883E+02 +/-   2.20242231E-05   2.42579767E-04
     9     2.1544E+01  -3.83345961E+02 +/-   8.41961743E-05   3.54517842E-03
    10     4.6416E+00  -3.83007484E+02 +/-   7.02877789E-04   2.47066021E-01
    11     1.0000E+00  -3.82191482E+02 +/-   1.06885661E-03   5.71336898E-01
    12     2.1544E-01  -3.82507336E+02 +/-   9.82185700E-04   4.82436985E-01
    13     4.6416E-02  -3.82911343E+02 +/-   7.61272427E-04   2.89823490E-01
    14     1.0000E-02  -3.83329960E+02 +/-   1.62120893E-04   1.31441151E-02
    15     2.1544E-03  -3.83090314E+02 +/-   5.99597568E-04   1.79793135E-01
    16     4.6416E-04  -3.82451889E+02 +/-   9.53094459E-04   4.54281730E-01
    17     1.0000E-04  -3.82350936E+02 +/-   9.72803211E-04   4.73263893E-01
    18     2.1544E-05  -3.82333023E+02 +/-   9.75025853E-04   4.75428971E-01
    19     4.6416E-06  -3.82329337E+02 +/-   9.75419473E-04   4.75812912E-01
    20     1.0000E-06  -3.82328551E+02 +/-   9.75500386E-04   4.75891855E-01
    21     0.0000E+00  -3.82328336E+02 +/-   9.75522365E-04   4.75913300E-01
  ParMin   9.0392E+02  -3.83349887E+02 +/-   2.15814469E-05   2.32924138E-04
  # Using grid point #7
* Iteration # 1: E =  -3.833498874664E+02 +/-   2.158081907116E-05
* Convergence: exiting.
* After optimization:
  -3.9192E-01  -6.3733E-01  -5.5538E-01   1.1812E+00   1.1782E+00   7.8524E-01
  -4.8057E+00  -1.7531E+00  -1.7467E+00   9.6611E-01   1.0146E+00  -2.4200E+00
  -2.4145E+00  -2.0275E+00  -2.0256E+00  -2.3143E+00  -2.3124E+00   8.2152E-01
   8.1947E-01   7.9756E-01   4.0227E-01   3.9957E-01   4.4914E-01   4.4946E-01
   4.4877E-01   4.4920E-01  -2.3063E+00   1.0683E+00  -4.7230E-01  -3.3383E-01
   2.5742E+01  -2.0946E+01   1.0884E+01  -9.1562E+00  -3.7589E+00   2.7983E+00
  -3.8052E+00   2.7822E+00   1.2856E+01  -1.0441E+01   1.1050E+01  -9.0140E+00
   1.2809E+01  -1.0478E+01  -2.0876E+00   1.2769E+00  -3.6578E+00   2.8582E+00
  -1.8298E+00   1.4344E+00  -1.8654E+00   1.4142E+00  -1.8634E+00   1.4140E+00
  -4.2992E-02  -4.4432E-02   2.9852E-02   1.2394E+00   1.3966E+00   1.3369E+00
  -7.5742E-03  -6.4726E-02  -1.3265E-01  -1.0363E-01   6.8931E-03  -1.5462E-02
  -1.1369E-02   4.6400E-02   4.1504E-02   4.0629E-02   6.4418E-02   1.6414E-02
   1.7907E-02   1.8589E-02   1.2863E-02   1.3646E-01   1.6287E-01   9.8326E-02
   5.1033E-02   6.1354E-02  -3.5534E-03   1.2704E-02   1.1296E-02   8.7216E-03
   2.1367E-03   3.7373E-02   3.1100E-02  -6.7671E-03   1.7228E-02   1.7055E-02
   2.1021E-02   1.0491E-01   2.2468E-02  -3.9793E-02  -5.7490E-02  -4.8321E-02
  -2.2944E-02  -2.5604E-02  -2.8572E-02   1.8106E-02   7.6456E-03  -2.4444E-02
   3.3371E-02   2.9897E-02   2.3469E-02   2.3182E-02  -6.8100E-03   5.8460E-02
   7.6806E-02   3.5850E-02   4.6326E-02   4.9372E-02  -2.9527E-02  -8.1281E-03
  -1.9571E-02  -8.6855E-03  -1.8081E-02  -2.4098E-02   1.0285E-02   1.3138E-02
   2.2776E-02   2.2403E-02  -1.2597E-03   3.4258E-02
  > Energy =  -3.833498874664E+02 +/-   2.158081907116E-05
  > varE =   2.329105861393E-04

VMC #2:
* Size of Hilbert space =   6.3504E+04
* Deterministic energy evaluation:
  > Deterministic Etot/t = -383.34987750882254
    - Ttot/t = -23.365357118591451
    - Utot/t = 9.5298252869391824
* Number of equil. steps   = 1000
* Running VMC equilibration.
  Done. [total walltime: 0.09s]
* Equil. acc.ratio (%)     =  15.9995
* Sample config after equilibration:
  +---------+
  |  2   u  |
  |u   d   d|
  |u   0   u|
  |  d   d  |
  +---------+
* Number of accum. steps   = 1000192 x 10
* Running VMC accumulation.
    [walltime: 1m elapsed, 18.7s remaining]
  Done. [total walltime: 1m18s]
* Acceptance ratio (%)     =  15.9587
* Etot/t                   =  -3.833498389110E+02 +/-   1.557457846691E-05
  > Ttot/t                 =  -2.336589496647E+01 +/-   3.733882645823E-04
  > Utot/t                 =   9.530401732625E+00 +/-   3.734159423645E-04
* var[Eloc/t]              =   2.390549597698E-04 +/-   3.071636363531E-06
* Correlation length       =   1.014888239987E+00
* log10 Psi^2 range: -16.100386876698430 -- -9.3958959297863096
* log10 Pgen range : -16.100386876698430 -- -9.3958959297863096
* Site occupation (ave. no. electrons per config.):
  > Site_  ___eu____  ___ed____
      1        0.497      0.499
      2        0.502      0.502
      3        0.501      0.500
      4        0.498      0.497
      5        0.500      0.500
      6        0.500      0.499
      7        0.501      0.501
      8        0.500      0.500
      9        0.500      0.501
     10        0.501      0.501
* Pair-correlation analysis (ave. no. pairs per config.):
  > Shell  nsite  ___dh____  __eueu___  __eued___
      0      1        0          0          1.741
      1      1        0.834      0.722      2.478
      2      1        0.287      0.648      1.110
      3      1        0.160      0.298      0.557
      4      1        0.555      1.343      2.176
      5      1        0.119      1.024      0.967
      6      1        0.146      0.848      1.102
      7      1        0.297      1.804      2.124
      8      1        0.249      2.104      1.900
      9      1        0.247      2.121      1.903
     10      1        0.229      2.152      1.881
     11      1        0.115      0.979      1.021
     12      1        0.234      2.052      1.957
     13      1        0.062      0.480      0.517
     14      1        0.185      1.440      1.547
     15      1        0.118      1.028      0.981
     16      1        0.126      0.957      1.038

Optimization #2:
* Method          : lls
* Target function : energy
* No. of configs. : 500096
* No. of params.  : 124
* Before optimization:
  -3.9192E-01  -6.3733E-01  -5.5538E-01   1.1812E+00   1.1782E+00   7.8524E-01
  -4.8057E+00  -1.7531E+00  -1.7467E+00   9.6611E-01   1.0146E+00  -2.4200E+00
  -2.4145E+00  -2.0275E+00  -2.0256E+00  -2.3143E+00  -2.3124E+00   8.2152E-01
   8.1947E-01   7.9756E-01   4.0227E-01   3.9957E-01   4.4914E-01   4.4946E-01
   4.4877E-01   4.4920E-01  -2.3063E+00   1.0683E+00  -4.7230E-01  -3.3383E-01
   2.5742E+01  -2.0946E+01   1.0884E+01  -9.1562E+00  -3.7589E+00   2.7983E+00
  -3.8052E+00   2.7822E+00   1.2856E+01  -1.0441E+01   1.1050E+01  -9.0140E+00
   1.2809E+01  -1.0478E+01  -2.0876E+00   1.2769E+00  -3.6578E+00   2.8582E+00
  -1.8298E+00   1.4344E+00  -1.8654E+00   1.4142E+00  -1.8634E+00   1.4140E+00
  -4.2992E-02  -4.4432E-02   2.9852E-02   1.2394E+00   1.3966E+00   1.3369E+00
  -7.5742E-03  -6.4726E-02  -1.3265E-01  -1.0363E-01   6.8931E-03  -1.5462E-02
  -1.1369E-02   4.6400E-02   4.1504E-02   4.0629E-02   6.4418E-02   1.6414E-02
   1.7907E-02   1.8589E-02   1.2863E-02   1.3646E-01   1.6287E-01   9.8326E-02
   5.1033E-02   6.1354E-02  -3.5534E-03   1.2704E-02   1.1296E-02   8.7216E-03
   2.1367E-03   3.7373E-02   3.1100E-02  -6.7671E-03   1.7228E-02   1.7055E-02
   2.1021E-02   1.0491E-01   2.2468E-02  -3.9793E-02  -5.7490E-02  -4.8321E-02
  -2.2944E-02  -2.5604E-02  -2.8572E-02   1.8106E-02   7.6456E-03  -2.4444E-02
   3.3371E-02   2.9897E-02   2.3469E-02   2.3182E-02  -6.8100E-03   5.8460E-02
   7.6806E-02   3.5850E-02   4.6326E-02   4.9372E-02  -2.9527E-02  -8.1281E-03
  -1.9571E-02  -8.6855E-03  -1.8081E-02  -2.4098E-02   1.0285E-02   1.3138E-02
   2.2776E-02   2.2403E-02  -1.2597E-03   3.4258E-02
  > E    =  -3.833498283348E+02 +/-   2.197181525660E-05
  > varE =   2.414266778591E-04
* Computing derivatives.
    [walltime: 1m1s elapsed, 1h7m remaining]
    [walltime: 1h elapsed, 8m26s remaining]
  Done. [total walltime: 1h8m]
* Optimizing manipulation constant:
  #igrid a___________ E____________________________________ varE____________
     1     Infinity    -3.83349828E+02 +/-   2.19718153E-05   2.41426678E-04
     2     1.0000E+06  -3.83349828E+02 +/-   2.19718125E-05   2.41426616E-04
     3     2.1544E+05  -3.83349828E+02 +/-   2.19718023E-05   2.41426392E-04
     4     4.6416E+04  -3.83349828E+02 +/-   2.19717550E-05   2.41425354E-04
     5     1.0000E+04  -3.83349828E+02 +/-   2.19715361E-05   2.41420543E-04
     6     2.1544E+03  -3.83349828E+02 +/-   2.19705301E-05   2.41398437E-04
     7     4.6416E+02  -3.83349829E+02 +/-   2.19660868E-05   2.41300805E-04
     8     1.0000E+02  -3.83349830E+02 +/-   2.19532038E-05   2.41017844E-04
     9     2.1544E+01  -3.83349805E+02 +/-   2.34430251E-05   2.74840472E-04
    10     4.6416E+00  -3.83319472E+02 +/-   2.24075307E-04   2.51096916E-02
    11     1.0000E+00  -3.83213039E+02 +/-   4.70425323E-04   1.10671237E-01
    12     2.1544E-01  -3.82164059E+02 +/-   5.90994471E-05   1.74670763E-03
    13     4.6416E-02  -3.80731235E+02 +/-   1.07649448E-03   5.79531426E-01
    14     1.0000E-02  -3.80694340E+02 +/-   1.07505427E-03   5.77981789E-01
    15     2.1544E-03  -3.80682537E+02 +/-   1.07465645E-03   5.77554115E-01
    16     4.6416E-04  -3.80679743E+02 +/-   1.07458335E-03   5.77475539E-01
    17     1.0000E-04  -3.80679129E+02 +/-   1.07456849E-03   5.77459575E-01
    18     2.1544E-05  -3.80678996E+02 +/-   1.07456534E-03   5.77456184E-01
    19     4.6416E-06  -3.80678967E+02 +/-   1.07456466E-03   5.77455456E-01
    20     1.0000E-06  -3.80678961E+02 +/-   1.07456452E-03   5.77455299E-01
    21     0.0000E+00  -3.80678959E+02 +/-   1.07456448E-03   5.77455256E-01
  ParMin   2.0327E+02  -3.83349829E+02 +/-   2.19597612E-05   2.41161850E-04
  # Using grid point #8
* Iteration # 1: E =  -3.833498296147E+02 +/-   2.195320376085E-05
* Convergence: exiting.
* After optimization:
  -3.8454E-01  -6.3040E-01  -5.4798E-01   1.1788E+00   1.1757E+00   7.8532E-01
  -4.7645E+00  -1.7350E+00  -1.7286E+00   9.6126E-01   1.0097E+00  -2.3994E+00
  -2.3939E+00  -2.0094E+00  -2.0075E+00  -2.2937E+00  -2.2919E+00   8.1908E-01
   8.1705E-01   7.9271E-01   3.9985E-01   3.9716E-01   4.4673E-01   4.4704E-01
   4.4635E-01   4.4677E-01  -2.2943E+00   1.0587E+00  -4.7232E-01  -3.3392E-01
   2.5535E+01  -2.0780E+01   1.0793E+01  -9.0829E+00  -3.7348E+00   2.7790E+00
  -3.7811E+00   2.7629E+00   1.2752E+01  -1.0358E+01   1.0958E+01  -8.9409E+00
   1.2705E+01  -1.0395E+01  -2.0755E+00   1.2672E+00  -3.6337E+00   2.8390E+00
  -1.8178E+00   1.4248E+00  -1.8534E+00   1.4046E+00  -1.8514E+00   1.4044E+00
  -4.3100E-02  -4.4588E-02   2.9932E-02   1.2158E+00   1.3702E+00   1.3114E+00
  -7.9566E-03  -6.3835E-02  -1.3124E-01  -1.0233E-01   6.8384E-03  -1.5035E-02
  -1.0954E-02   4.5449E-02   4.0692E-02   3.9716E-02   6.3395E-02   1.6046E-02
   1.7437E-02   1.8092E-02   1.2601E-02   1.3413E-01   1.5904E-01   9.5858E-02
   4.9271E-02   5.9530E-02  -3.2567E-03   1.2764E-02   1.1310E-02   8.3507E-03
   2.1871E-03   3.6658E-02   3.0588E-02  -6.6936E-03   1.6849E-02   1.6681E-02
   2.0481E-02   1.0325E-01   2.2193E-02  -3.9974E-02  -5.7987E-02  -4.8674E-02
  -2.2933E-02  -2.5393E-02  -2.8388E-02   1.8180E-02   7.6304E-03  -2.4521E-02
   3.3470E-02   2.9839E-02   2.3420E-02   2.3136E-02  -6.7282E-03   5.8666E-02
   7.6296E-02   3.5435E-02   4.6014E-02   4.8978E-02  -2.9405E-02  -7.7968E-03
  -1.9383E-02  -8.7238E-03  -1.8010E-02  -2.4080E-02   1.0290E-02   1.3090E-02
   2.2808E-02   2.2437E-02  -1.2847E-03   3.4552E-02
  > Energy =  -3.833498296147E+02 +/-   2.195320376085E-05
  > varE =   2.410178442257E-04

VMC #3:
* Size of Hilbert space =   6.3504E+04
* Deterministic energy evaluation:
  > Deterministic Etot/t = -383.34987823958414
    - Ttot/t = -23.365195485984525
    - Utot/t = 9.5296629235707080
* Number of equil. steps   = 1000
* Running VMC equilibration.
  Done. [total walltime: 0.09s]
* Equil. acc.ratio (%)     =  16.3313
* Sample config after equilibration:
  +---------+
  |  d   d  |
  |u   u   2|
  |d   u   0|
  |  d   u  |
  +---------+
* Number of accum. steps   = 1000192 x 10
* Running VMC accumulation.
    [walltime: 1m elapsed, 19.0s remaining]
  Done. [total walltime: 1m18s]
* Acceptance ratio (%)     =  16.2821
* Etot/t                   =  -3.833499146395E+02 +/-   1.542749856138E-05
  > Ttot/t                 =  -2.336469882478E+01 +/-   3.721214957299E-04
  > Utot/t                 =   9.529129862425E+00 +/-   3.722600994567E-04
* var[Eloc/t]              =   2.390511858717E-04 +/-   3.150230151854E-06
* Correlation length       =   9.958260967160E-01
* log10 Psi^2 range: -16.147429021189623 -- -9.3876803279676757
* log10 Pgen range : -16.147429021189623 -- -9.3876803279676757
* Site occupation (ave. no. electrons per config.):
  > Site_  ___eu____  ___ed____
      1        0.496      0.498
      2        0.501      0.501
      3        0.501      0.499
      4        0.498      0.498
      5        0.500      0.500
      6        0.500      0.500
      7        0.501      0.502
      8        0.499      0.501
      9        0.500      0.501
     10        0.503      0.500
* Pair-correlation analysis (ave. no. pairs per config.):
  > Shell  nsite  ___dh____  __eueu___  __eued___
      0      1        0          0          1.738
      1      1        0.832      0.723      2.481
      2      1        0.286      0.648      1.111
      3      1        0.160      0.296      0.557
      4      1        0.553      1.341      2.177
      5      1        0.118      1.025      0.968
      6      1        0.146      0.847      1.103
      7      1        0.297      1.802      2.121
      8      1        0.247      2.103      1.899
      9      1        0.246      2.122      1.901
     10      1        0.226      2.155      1.880
     11      1        0.114      0.980      1.022
     12      1        0.234      2.052      1.956
     13      1        0.061      0.481      0.518
     14      1        0.183      1.442      1.548
     15      1        0.118      1.028      0.981
     16      1        0.125      0.957      1.040

Optimization #3:
* Method          : lls
* Target function : energy
* No. of configs. : 500096
* No. of params.  : 124
* Before optimization:
  -3.8454E-01  -6.3040E-01  -5.4798E-01   1.1788E+00   1.1757E+00   7.8532E-01
  -4.7645E+00  -1.7350E+00  -1.7286E+00   9.6126E-01   1.0097E+00  -2.3994E+00
  -2.3939E+00  -2.0094E+00  -2.0075E+00  -2.2937E+00  -2.2919E+00   8.1908E-01
   8.1705E-01   7.9271E-01   3.9985E-01   3.9716E-01   4.4673E-01   4.4704E-01
   4.4635E-01   4.4677E-01  -2.2943E+00   1.0587E+00  -4.7232E-01  -3.3392E-01
   2.5535E+01  -2.0780E+01   1.0793E+01  -9.0829E+00  -3.7348E+00   2.7790E+00
  -3.7811E+00   2.7629E+00   1.2752E+01  -1.0358E+01   1.0958E+01  -8.9409E+00
   1.2705E+01  -1.0395E+01  -2.0755E+00   1.2672E+00  -3.6337E+00   2.8390E+00
  -1.8178E+00   1.4248E+00  -1.8534E+00   1.4046E+00  -1.8514E+00   1.4044E+00
  -4.3100E-02  -4.4588E-02   2.9932E-02   1.2158E+00   1.3702E+00   1.3114E+00
  -7.9566E-03  -6.3835E-02  -1.3124E-01  -1.0233E-01   6.8384E-03  -1.5035E-02
  -1.0954E-02   4.5449E-02   4.0692E-02   3.9716E-02   6.3395E-02   1.6046E-02
   1.7437E-02   1.8092E-02   1.2601E-02   1.3413E-01   1.5904E-01   9.5858E-02
   4.9271E-02   5.9530E-02  -3.2567E-03   1.2764E-02   1.1310E-02   8.3507E-03
   2.1871E-03   3.6658E-02   3.0588E-02  -6.6936E-03   1.6849E-02   1.6681E-02
   2.0481E-02   1.0325E-01   2.2193E-02  -3.9974E-02  -5.7987E-02  -4.8674E-02
  -2.2933E-02  -2.5393E-02  -2.8388E-02   1.8180E-02   7.6304E-03  -2.4521E-02
   3.3470E-02   2.9839E-02   2.3420E-02   2.3136E-02  -6.7282E-03   5.8666E-02
   7.6296E-02   3.5435E-02   4.6014E-02   4.8978E-02  -2.9405E-02  -7.7968E-03
  -1.9383E-02  -8.7238E-03  -1.8010E-02  -2.4080E-02   1.0290E-02   1.3090E-02
   2.2808E-02   2.2437E-02  -1.2847E-03   3.4552E-02
  > E    =  -3.833499121284E+02 +/-   2.159870689148E-05
  > varE =   2.332968540893E-04
* Computing derivatives.
    [walltime: 1m1s elapsed, 1h7m remaining]
    [walltime: 1h elapsed, 8m23s remaining]
  Done. [total walltime: 1h8m]
* Optimizing manipulation constant:
  #igrid a___________ E____________________________________ varE____________
     1     Infinity    -3.83349912E+02 +/-   2.15987069E-05   2.33296854E-04
     2     1.0000E+06  -3.83349912E+02 +/-   2.15987042E-05   2.33296796E-04
     3     2.1544E+05  -3.83349912E+02 +/-   2.15986944E-05   2.33296584E-04
     4     4.6416E+04  -3.83349912E+02 +/-   2.15986489E-05   2.33295601E-04
     5     1.0000E+04  -3.83349912E+02 +/-   2.15984378E-05   2.33291041E-04
     6     2.1544E+03  -3.83349912E+02 +/-   2.15974590E-05   2.33269896E-04
     7     4.6416E+02  -3.83349912E+02 +/-   2.15929400E-05   2.33172289E-04
     8     1.0000E+02  -3.83349913E+02 +/-   2.15724916E-05   2.32730872E-04
     9     2.1544E+01  -3.83349915E+02 +/-   2.14899350E-05   2.30952987E-04
    10     4.6416E+00  -3.83349899E+02 +/-   2.24139077E-05   2.51239858E-04
    11     1.0000E+00  -3.83249957E+02 +/-   4.00000574E-04   8.00155896E-02
    12     2.1544E-01  -3.81028001E+02 +/-   1.16588782E-03   6.79777697E-01
    13     4.6416E-02  -3.82144451E+02 +/-   1.07155605E-03   5.74226418E-01
    14     1.0000E-02  -3.82157216E+02 +/-   2.02221290E-05   2.04506509E-04
    15     2.1544E-03  -3.82161815E+02 +/-   2.10892281E-05   2.22420468E-04
    16     4.6416E-04  -3.82162787E+02 +/-   2.10325170E-05   2.21225854E-04
    17     1.0000E-04  -3.82162993E+02 +/-   2.10086364E-05   2.20723772E-04
    18     2.1544E-05  -3.82163037E+02 +/-   2.10029604E-05   2.20604521E-04
    19     4.6416E-06  -3.82163046E+02 +/-   2.10017131E-05   2.20578319E-04
    20     1.0000E-06  -3.82163048E+02 +/-   2.10014432E-05   2.20572651E-04
    21     0.0000E+00  -3.82163049E+02 +/-   2.10013691E-05   2.20571093E-04
  ParMin   3.8642E+01  -3.83349914E+02 +/-   2.15338466E-05   2.31897791E-04
  # Using grid point #9
* Iteration # 1: E =  -3.833499152103E+02 +/-   2.148993497143E-05
* Convergence: exiting.
* After optimization:
  -2.9089E-01  -5.3842E-01  -4.5608E-01   1.1745E+00   1.1713E+00   7.8529E-01
  -4.8040E+00  -1.7589E+00  -1.7525E+00   9.5341E-01   1.0017E+00  -2.4191E+00
  -2.4136E+00  -2.0330E+00  -2.0311E+00  -2.3135E+00  -2.3116E+00   8.1494E-01
   8.1294E-01   7.8488E-01   3.9594E-01   3.9326E-01   4.4286E-01   4.4313E-01
   4.4249E-01   4.4286E-01  -2.2751E+00   1.0437E+00  -4.7221E-01  -3.3420E-01
   2.5730E+01  -2.0936E+01   1.0910E+01  -9.1756E+00  -3.6959E+00   2.7480E+00
  -3.7421E+00   2.7318E+00   1.2850E+01  -1.0436E+01   1.1075E+01  -9.0341E+00
   1.2803E+01  -1.0473E+01  -2.0557E+00   1.2518E+00  -3.5947E+00   2.8078E+00
  -1.7984E+00   1.4091E+00  -1.8340E+00   1.3891E+00  -1.8321E+00   1.3889E+00
  -4.3655E-02  -4.5379E-02   3.0337E-02   1.1942E+00   1.3472E+00   1.2900E+00
  -1.0224E-02  -6.4930E-02  -1.3313E-01  -1.0294E-01   6.8596E-03  -1.4017E-02
  -9.4452E-03   4.4179E-02   4.0007E-02   3.8459E-02   6.3394E-02   1.5571E-02
   1.6609E-02   1.7233E-02   1.2462E-02   1.3383E-01   1.5299E-01   9.1129E-02
   4.4803E-02   5.5697E-02  -2.1983E-03   1.3817E-02   1.2359E-02   7.5537E-03
   2.8828E-03   3.6107E-02   3.0493E-02  -7.0371E-03   1.6252E-02   1.6088E-02
   2.0150E-02   1.0319E-01   2.0803E-02  -4.1224E-02  -5.9656E-02  -4.9864E-02
  -2.2964E-02  -2.4386E-02  -2.7392E-02   1.8307E-02   7.4952E-03  -2.4942E-02
   3.3952E-02   2.9669E-02   2.3219E-02   2.2948E-02  -6.4603E-03   6.0039E-02
   7.3866E-02   3.3244E-02   4.4407E-02   4.7226E-02  -2.8855E-02  -6.4424E-03
  -1.8512E-02  -8.7781E-03  -1.7570E-02  -2.4022E-02   1.0318E-02   1.2739E-02
   2.2842E-02   2.2480E-02  -1.0854E-03   3.5905E-02
  > Energy =  -3.833499152103E+02 +/-   2.148993497143E-05
  > varE =   2.309529869994E-04

VMC #4:
* Size of Hilbert space =   6.3504E+04
* Deterministic energy evaluation:
  > Deterministic Etot/t = -383.34988127535388
    - Ttot/t = -23.365110521627667
    - Utot/t = 9.5295749234441640
* Number of equil. steps   = 1000
* Running VMC equilibration.
  Done. [total walltime: 0.09s]
* Equil. acc.ratio (%)     =  16.5713
* Sample config after equilibration:
  +---------+
  |  u   d  |
  |d   0   2|
  |u   2   u|
  |  d   0  |
  +---------+
* Number of accum. steps   = 1000192 x 10
* Running VMC accumulation.
    [walltime: 1m elapsed, 18.8s remaining]
  Done. [total walltime: 1m18s]
* Acceptance ratio (%)     =  16.5906
* Etot/t                   =  -3.833498633367E+02 +/-   1.545097257445E-05
  > Ttot/t                 =  -2.336542948739E+01 +/-   3.708880885251E-04
  > Utot/t                 =   9.529911827824E+00 +/-   3.709876109544E-04
* var[Eloc/t]              =   2.373570973517E-04 +/-   3.758268324276E-06
* Correlation length       =   1.005987993664E+00
* log10 Psi^2 range: -16.877462635124637 -- -9.3500455778330931
* log10 Pgen range : -16.877462635124637 -- -9.3500455778330931
* Site occupation (ave. no. electrons per config.):
  > Site_  ___eu____  ___ed____
      1        0.498      0.497
      2        0.502      0.501
      3        0.500      0.499
      4        0.497      0.497
      5        0.500      0.500
      6        0.500      0.500
      7        0.501      0.502
      8        0.500      0.500
      9        0.502      0.502
     10        0.501      0.501
* Pair-correlation analysis (ave. no. pairs per config.):
  > Shell  nsite  ___dh____  __eueu___  __eued___
      0      1        0          0          1.738
      1      1        0.833      0.721      2.482
      2      1        0.287      0.649      1.110
      3      1        0.160      0.296      0.557
      4      1        0.553      1.343      2.175
      5      1        0.119      1.024      0.966
      6      1        0.146      0.847      1.101
      7      1        0.297      1.804      2.120
      8      1        0.247      2.100      1.901
      9      1        0.248      2.120      1.901
     10      1        0.225      2.156      1.883
     11      1        0.114      0.980      1.020
     12      1        0.233      2.052      1.958
     13      1        0.061      0.480      0.517
     14      1        0.184      1.442      1.550
     15      1        0.118      1.029      0.982
     16      1        0.125      0.959      1.040

Optimization #4:
* Method          : lls
* Target function : energy
* No. of configs. : 500096
* No. of params.  : 124
* Before optimization:
  -2.9089E-01  -5.3842E-01  -4.5608E-01   1.1745E+00   1.1713E+00   7.8529E-01
  -4.8040E+00  -1.7589E+00  -1.7525E+00   9.5341E-01   1.0017E+00  -2.4191E+00
  -2.4136E+00  -2.0330E+00  -2.0311E+00  -2.3135E+00  -2.3116E+00   8.1494E-01
   8.1294E-01   7.8488E-01   3.9594E-01   3.9326E-01   4.4286E-01   4.4313E-01
   4.4249E-01   4.4286E-01  -2.2751E+00   1.0437E+00  -4.7221E-01  -3.3420E-01
   2.5730E+01  -2.0936E+01   1.0910E+01  -9.1756E+00  -3.6959E+00   2.7480E+00
  -3.7421E+00   2.7318E+00   1.2850E+01  -1.0436E+01   1.1075E+01  -9.0341E+00
   1.2803E+01  -1.0473E+01  -2.0557E+00   1.2518E+00  -3.5947E+00   2.8078E+00
  -1.7984E+00   1.4091E+00  -1.8340E+00   1.3891E+00  -1.8321E+00   1.3889E+00
  -4.3655E-02  -4.5379E-02   3.0337E-02   1.1942E+00   1.3472E+00   1.2900E+00
  -1.0224E-02  -6.4930E-02  -1.3313E-01  -1.0294E-01   6.8596E-03  -1.4017E-02
  -9.4452E-03   4.4179E-02   4.0007E-02   3.8459E-02   6.3394E-02   1.5571E-02
   1.6609E-02   1.7233E-02   1.2462E-02   1.3383E-01   1.5299E-01   9.1129E-02
   4.4803E-02   5.5697E-02  -2.1983E-03   1.3817E-02   1.2359E-02   7.5537E-03
   2.8828E-03   3.6107E-02   3.0493E-02  -7.0371E-03   1.6252E-02   1.6088E-02
   2.0150E-02   1.0319E-01   2.0803E-02  -4.1224E-02  -5.9656E-02  -4.9864E-02
  -2.2964E-02  -2.4386E-02  -2.7392E-02   1.8307E-02   7.4952E-03  -2.4942E-02
   3.3952E-02   2.9669E-02   2.3219E-02   2.2948E-02  -6.4603E-03   6.0039E-02
   7.3866E-02   3.3244E-02   4.4407E-02   4.7226E-02  -2.8855E-02  -6.4424E-03
  -1.8512E-02  -8.7781E-03  -1.7570E-02  -2.4022E-02   1.0318E-02   1.2739E-02
   2.2842E-02   2.2480E-02  -1.0854E-03   3.5905E-02
  > E    =  -3.833498408362E+02 +/-   2.185704381264E-05
  > varE =   2.389110442288E-04
* Computing derivatives.
    [walltime: 1m1s elapsed, 1h5m remaining]
    [walltime: 1h elapsed, 8m17s remaining]
  Done. [total walltime: 1h8m]
* Optimizing manipulation constant:
  #igrid a___________ E____________________________________ varE____________
     1     Infinity    -3.83349841E+02 +/-   2.18570438E-05   2.38911044E-04
     2     1.0000E+06  -3.83349841E+02 +/-   2.18570414E-05   2.38910991E-04
     3     2.1544E+05  -3.83349841E+02 +/-   2.18570326E-05   2.38910799E-04
     4     4.6416E+04  -3.83349841E+02 +/-   2.18569917E-05   2.38909905E-04
     5     1.0000E+04  -3.83349841E+02 +/-   2.18568018E-05   2.38905754E-04
     6     2.1544E+03  -3.83349841E+02 +/-   2.18559179E-05   2.38886432E-04
     7     4.6416E+02  -3.83349841E+02 +/-   2.18517608E-05   2.38795564E-04
     8     1.0000E+02  -3.83349842E+02 +/-   2.18312974E-05   2.38348527E-04
     9     2.1544E+01  -3.83349845E+02 +/-   2.17195303E-05   2.35914285E-04
    10     4.6416E+00  -3.83349801E+02 +/-   2.35063393E-05   2.76327038E-04
    11     1.0000E+00  -3.80526532E+02 +/-   1.12066610E-03   6.28066823E-01
    12     2.1544E-01  -3.83339300E+02 +/-   1.18050108E-04   6.96925188E-03
    13     4.6416E-02  -3.83260086E+02 +/-   3.71737092E-04   6.91074989E-02
    14     1.0000E-02  -3.80831268E+02 +/-   1.17657945E-03   6.92302493E-01
    15     2.1544E-03  -3.80741117E+02 +/-   1.14549104E-03   6.56200828E-01
    16     4.6416E-04  -3.80733045E+02 +/-   1.14369342E-03   6.54142887E-01
    17     1.0000E-04  -3.80731261E+02 +/-   1.14335207E-03   6.53752480E-01
    18     2.1544E-05  -3.80730874E+02 +/-   1.14328009E-03   6.53670164E-01
    19     4.6416E-06  -3.80730790E+02 +/-   1.14326465E-03   6.53652508E-01
    20     1.0000E-06  -3.80730772E+02 +/-   1.14326133E-03   6.53648707E-01
    21     0.0000E+00  -3.80730767E+02 +/-   1.14326041E-03   6.53647664E-01
  ParMin   4.1950E+01  -3.83349843E+02 +/-   2.17909912E-05   2.37469235E-04
  # Using grid point #9
* Iteration # 1: E =  -3.833498446557E+02 +/-   2.171953029414E-05
* Convergence: exiting.
* After optimization:
  -5.0094E-02  -3.0059E-01  -2.1725E-01   1.1473E+00   1.1439E+00   7.8525E-01
  -4.9755E+00  -1.8718E+00  -1.8653E+00   8.9947E-01   9.4754E-01  -2.5045E+00
  -2.4991E+00  -2.1455E+00  -2.1437E+00  -2.3990E+00  -2.3971E+00   7.8776E-01
   7.8584E-01   7.3096E-01   3.6902E-01   3.6636E-01   4.1594E-01   4.1617E-01
   4.1558E-01   4.1590E-01  -2.1404E+00   9.3589E-01  -4.7233E-01  -3.3440E-01
   2.6584E+01  -2.1620E+01   1.1472E+01  -9.6251E+00  -3.4260E+00   2.5319E+00
  -3.4719E+00   2.5156E+00   1.3277E+01  -1.0778E+01   1.1638E+01  -9.4839E+00
   1.3230E+01  -1.0815E+01  -1.9204E+00   1.1439E+00  -3.3246E+00   2.5916E+00
  -1.6633E+00   1.3009E+00  -1.6991E+00   1.2810E+00  -1.6972E+00   1.2808E+00
  -4.4261E-02  -4.6243E-02   3.0770E-02   1.2178E+00   1.3765E+00   1.3181E+00
  -1.3278E-02  -6.8964E-02  -1.3987E-01  -1.0765E-01   7.0252E-03  -1.3232E-02
  -8.1213E-03   4.4602E-02   4.0822E-02   3.8828E-02   6.5438E-02   1.5781E-02
   1.6390E-02   1.6976E-02   1.2713E-02   1.3863E-01   1.5263E-01   8.9956E-02
   4.1761E-02   5.3795E-02  -1.3418E-03   1.5459E-02   1.3967E-02   7.3302E-03
   3.6010E-03   3.7072E-02   3.1415E-02  -7.5619E-03   1.6234E-02   1.6072E-02
   2.0613E-02   1.0700E-01   1.8999E-02  -4.2749E-02  -6.1181E-02  -5.1087E-02
  -2.2993E-02  -2.3171E-02  -2.6262E-02   1.8380E-02   7.3523E-03  -2.5335E-02
   3.4350E-02   2.9412E-02   2.2993E-02   2.2726E-02  -6.1824E-03   6.1592E-02
   7.1137E-02   3.0941E-02   4.2609E-02   4.5347E-02  -2.8249E-02  -5.0269E-03
  -1.7581E-02  -8.6474E-03  -1.7137E-02  -2.3915E-02   1.0402E-02   1.2307E-02
   2.2821E-02   2.2475E-02  -7.9487E-04   3.7316E-02
  > Energy =  -3.833498446557E+02 +/-   2.171953029414E-05
  > varE =   2.359142849466E-04

VMC #5:
* Size of Hilbert space =   6.3504E+04
* Deterministic energy evaluation:
  > Deterministic Etot/t = -383.34988461509937
    - Ttot/t = -23.365072299785140
    - Utot/t = 9.5295333618560161
* Number of equil. steps   = 1000
* Running VMC equilibration.
  Done. [total walltime: 0.09s]
* Equil. acc.ratio (%)     =  16.2454
* Sample config after equilibration:
  +---------+
  |  2   d  |
  |d   0   u|
  |u   2   d|
  |  0   u  |
  +---------+
* Number of accum. steps   = 1000192 x 10
* Running VMC accumulation.
    [walltime: 1m elapsed, 18.9s remaining]
  Done. [total walltime: 1m18s]
* Acceptance ratio (%)     =  16.2280
* Etot/t                   =  -3.833498888032E+02 +/-   1.527140401675E-05
  > Ttot/t                 =  -2.336505033755E+01 +/-   3.693628890041E-04
  > Utot/t                 =   9.529507211452E+00 +/-   3.692024799835E-04
* var[Eloc/t]              =   2.333777722720E-04 +/-   3.351000067963E-06
* Correlation length       =   9.994977490863E-01
* log10 Psi^2 range: -17.937181923131309 -- -9.3148286355543863
* log10 Pgen range : -17.937181923131309 -- -9.3148286355543863
* Site occupation (ave. no. electrons per config.):
  > Site_  ___eu____  ___ed____
      1        0.497      0.498
      2        0.500      0.502
      3        0.501      0.500
      4        0.496      0.498
      5        0.501      0.499
      6        0.502      0.499
      7        0.501      0.501
      8        0.501      0.499
      9        0.501      0.500
     10        0.500      0.502
* Pair-correlation analysis (ave. no. pairs per config.):
  > Shell  nsite  ___dh____  __eueu___  __eued___
      0      1        0          0          1.737
      1      1        0.831      0.722      2.484
      2      1        0.286      0.648      1.108
      3      1        0.160      0.296      0.556
      4      1        0.553      1.343      2.176
      5      1        0.119      1.025      0.969
      6      1        0.146      0.849      1.104
      7      1        0.297      1.799      2.120
      8      1        0.247      2.105      1.900
      9      1        0.247      2.119      1.898
     10      1        0.226      2.155      1.882
     11      1        0.115      0.982      1.022
     12      1        0.233      2.052      1.958
     13      1        0.061      0.481      0.516
     14      1        0.182      1.443      1.550
     15      1        0.118      1.026      0.981
     16      1        0.125      0.957      1.037

Optimization #5:
* Method          : lls
* Target function : energy
* No. of configs. : 500096
* No. of params.  : 124
* Before optimization:
  -5.0094E-02  -3.0059E-01  -2.1725E-01   1.1473E+00   1.1439E+00   7.8525E-01
  -4.9755E+00  -1.8718E+00  -1.8653E+00   8.9947E-01   9.4754E-01  -2.5045E+00
  -2.4991E+00  -2.1455E+00  -2.1437E+00  -2.3990E+00  -2.3971E+00   7.8776E-01
   7.8584E-01   7.3096E-01   3.6902E-01   3.6636E-01   4.1594E-01   4.1617E-01
   4.1558E-01   4.1590E-01  -2.1404E+00   9.3589E-01  -4.7233E-01  -3.3440E-01
   2.6584E+01  -2.1620E+01   1.1472E+01  -9.6251E+00  -3.4260E+00   2.5319E+00
  -3.4719E+00   2.5156E+00   1.3277E+01  -1.0778E+01   1.1638E+01  -9.4839E+00
   1.3230E+01  -1.0815E+01  -1.9204E+00   1.1439E+00  -3.3246E+00   2.5916E+00
  -1.6633E+00   1.3009E+00  -1.6991E+00   1.2810E+00  -1.6972E+00   1.2808E+00
  -4.4261E-02  -4.6243E-02   3.0770E-02   1.2178E+00   1.3765E+00   1.3181E+00
  -1.3278E-02  -6.8964E-02  -1.3987E-01  -1.0765E-01   7.0252E-03  -1.3232E-02
  -8.1213E-03   4.4602E-02   4.0822E-02   3.8828E-02   6.5438E-02   1.5781E-02
   1.6390E-02   1.6976E-02   1.2713E-02   1.3863E-01   1.5263E-01   8.9956E-02
   4.1761E-02   5.3795E-02  -1.3418E-03   1.5459E-02   1.3967E-02   7.3302E-03
   3.6010E-03   3.7072E-02   3.1415E-02  -7.5619E-03   1.6234E-02   1.6072E-02
   2.0613E-02   1.0700E-01   1.8999E-02  -4.2749E-02  -6.1181E-02  -5.1087E-02
  -2.2993E-02  -2.3171E-02  -2.6262E-02   1.8380E-02   7.3523E-03  -2.5335E-02
   3.4350E-02   2.9412E-02   2.2993E-02   2.2726E-02  -6.1824E-03   6.1592E-02
   7.1137E-02   3.0941E-02   4.2609E-02   4.5347E-02  -2.8249E-02  -5.0269E-03
  -1.7581E-02  -8.6474E-03  -1.7137E-02  -2.3915E-02   1.0402E-02   1.2307E-02
   2.2821E-02   2.2475E-02  -7.9487E-04   3.7316E-02
  > E    =  -3.833498991057E+02 +/-   2.154922330999E-05
  > varE =   2.322290920582E-04
* Computing derivatives.
    [walltime: 1m1s elapsed, 1h7m remaining]
    [walltime: 1h elapsed, 8m12s remaining]
  Done. [total walltime: 1h8m]
* Optimizing manipulation constant:
  #igrid a___________ E____________________________________ varE____________
     1     Infinity    -3.83349899E+02 +/-   2.15492233E-05   2.32229092E-04
     2     1.0000E+06  -3.83349899E+02 +/-   2.15492213E-05   2.32229049E-04
     3     2.1544E+05  -3.83349899E+02 +/-   2.15492139E-05   2.32228890E-04
     4     4.6416E+04  -3.83349899E+02 +/-   2.15491798E-05   2.32228155E-04
     5     1.0000E+04  -3.83349899E+02 +/-   2.15490214E-05   2.32224740E-04
     6     2.1544E+03  -3.83349899E+02 +/-   2.15482855E-05   2.32208879E-04
     7     4.6416E+02  -3.83349899E+02 +/-   2.15448571E-05   2.32134995E-04
     8     1.0000E+02  -3.83349900E+02 +/-   2.15286475E-05   2.31785825E-04
     9     2.1544E+01  -3.83349901E+02 +/-   2.14495860E-05   2.30086538E-04
    10     4.6416E+00  -3.83349851E+02 +/-   2.27001896E-05   2.57698772E-04
    11     1.0000E+00  -3.83210576E+02 +/-   4.47533118E-04   1.00162173E-01
    12     2.1544E-01  -3.83349061E+02 +/-   4.28852361E-05   9.19748297E-04
    13     4.6416E-02  -3.83340763E+02 +/-   1.23946031E-04   7.68278410E-03
    14     1.0000E-02  -3.82951552E+02 +/-   7.45690673E-04   2.78080671E-01
    15     2.1544E-03  -3.82238132E+02 +/-   1.05394304E-03   5.55504605E-01
    16     4.6416E-04  -3.82197949E+02 +/-   1.05891335E-03   5.60756387E-01
    17     1.0000E-04  -3.82191002E+02 +/-   1.05941226E-03   5.61284914E-01
    18     2.1544E-05  -3.82189586E+02 +/-   1.05949309E-03   5.61370566E-01
    19     4.6416E-06  -3.82189284E+02 +/-   1.05950926E-03   5.61387703E-01
    20     1.0000E-06  -3.82189219E+02 +/-   1.05951269E-03   5.61391334E-01
    21     0.0000E+00  -3.82189202E+02 +/-   1.05951362E-03   5.61392327E-01
  ParMin   4.4822E+01  -3.83349900E+02 +/-   2.15022293E-05   2.31217318E-04
  # Using grid point #9
* Iteration # 1: E =  -3.833499005418E+02 +/-   2.144958601571E-05
* Convergence: exiting.
* After optimization:
   4.2280E-02  -2.0729E-01  -1.2720E-01   1.1523E+00   1.1491E+00   7.8517E-01
  -5.0630E+00  -1.9101E+00  -1.9037E+00   9.1067E-01   9.5842E-01  -2.5480E+00
  -2.5427E+00  -2.1836E+00  -2.1818E+00  -2.4426E+00  -2.4408E+00   7.9312E-01
   7.9127E-01   7.4207E-01   3.7465E-01   3.7199E-01   4.2162E-01   4.2181E-01
   4.2124E-01   4.2152E-01  -2.1686E+00   9.5870E-01  -4.7223E-01  -3.3457E-01
   2.7019E+01  -2.1968E+01   1.1662E+01  -9.7760E+00  -3.4820E+00   2.5767E+00
  -3.5277E+00   2.5605E+00   1.3494E+01  -1.0952E+01   1.1827E+01  -9.6353E+00
   1.3447E+01  -1.0989E+01  -1.9481E+00   1.1663E+00  -3.3805E+00   2.6364E+00
  -1.6913E+00   1.3231E+00  -1.7272E+00   1.3034E+00  -1.7253E+00   1.3033E+00
  -4.4831E-02  -4.7228E-02   3.1241E-02   1.2026E+00   1.3593E+00   1.3035E+00
  -1.6297E-02  -7.0709E-02  -1.4277E-01  -1.0945E-01   7.4610E-03  -1.1921E-02
  -6.6201E-03   4.3677E-02   4.0209E-02   3.8171E-02   6.5672E-02   1.5339E-02
   1.5706E-02   1.6235E-02   1.2194E-02   1.3916E-01   1.4712E-01   8.5490E-02
   3.6881E-02   4.9933E-02  -2.1767E-04   1.6712E-02   1.5199E-02   6.8979E-03
   3.8355E-03   3.7101E-02   3.1673E-02  -7.9469E-03   1.5591E-02   1.5440E-02
   1.9940E-02   1.0765E-01   1.7089E-02  -4.4652E-02  -6.3147E-02  -5.2650E-02
  -2.2899E-02  -2.2078E-02  -2.5104E-02   1.8631E-02   7.2561E-03  -2.5753E-02
   3.4561E-02   2.9367E-02   2.2857E-02   2.2594E-02  -6.2172E-03   6.3001E-02
   6.8424E-02   2.8238E-02   4.0533E-02   4.3425E-02  -2.7764E-02  -3.7588E-03
  -1.6497E-02  -8.4041E-03  -1.6878E-02  -2.3835E-02   1.0378E-02   1.2144E-02
   2.2795E-02   2.2454E-02  -8.6571E-04   3.8758E-02
  > Energy =  -3.833499005418E+02 +/-   2.144958601571E-05
  > varE =   2.300865382577E-04

VMC #6:
* Size of Hilbert space =   6.3504E+04
* Deterministic energy evaluation:
  > Deterministic Etot/t = -383.34988663295644
    - Ttot/t = -23.365172026688604
    - Utot/t = 9.5296310709024930
* Number of equil. steps   = 1000
* Running VMC equilibration.
  Done. [total walltime: 0.09s]
* Equil. acc.ratio (%)     =  16.5227
* Sample config after equilibration:
  +---------+
  |  d   2  |
  |2   0   0|
  |0   u   2|
  |  2   0  |
  +---------+
* Number of accum. steps   = 1000192 x 10
* Running VMC accumulation.
    [walltime: 1m elapsed, 18.8s remaining]
  Done. [total walltime: 1m18s]
* Acceptance ratio (%)     =  16.4622
* Etot/t                   =  -3.833498719441E+02 +/-   1.517898767359E-05
  > Ttot/t                 =  -2.336563644824E+01 +/-   3.728508488449E-04
  > Utot/t                 =   9.530110181257E+00 +/-   3.731332459033E-04
* var[Eloc/t]              =   2.292434680944E-04 +/-   2.295701765176E-06
* Correlation length       =   1.005245234818E+00
* log10 Psi^2 range: -15.719838842463320 -- -9.2751890423683498
* log10 Pgen range : -15.719838842463320 -- -9.2751890423683498
* Site occupation (ave. no. electrons per config.):
  > Site_  ___eu____  ___ed____
      1        0.496      0.497
      2        0.502      0.500
      3        0.502      0.500
      4        0.498      0.498
      5        0.500      0.501
      6        0.500      0.501
      7        0.501      0.501
      8        0.499      0.500
      9        0.500      0.500
     10        0.502      0.502
* Pair-correlation analysis (ave. no. pairs per config.):
  > Shell  nsite  ___dh____  __eueu___  __eued___
      0      1        0          0          1.740
      1      1        0.833      0.723      2.480
      2      1        0.288      0.648      1.108
      3      1        0.161      0.297      0.555
      4      1        0.554      1.343      2.176
      5      1        0.119      1.025      0.969
      6      1        0.146      0.850      1.103
      7      1        0.297      1.801      2.121
      8      1        0.247      2.103      1.902
      9      1        0.247      2.119      1.901
     10      1        0.227      2.154      1.883
     11      1        0.114      0.981      1.023
     12      1        0.233      2.053      1.956
     13      1        0.062      0.481      0.517
     14      1        0.184      1.441      1.548
     15      1        0.119      1.026      0.981
     16      1        0.125      0.957      1.038

Optimization #6:
* Method          : lls
* Target function : energy
* No. of configs. : 500096
* No. of params.  : 124
* Before optimization:
   4.2280E-02  -2.0729E-01  -1.2720E-01   1.1523E+00   1.1491E+00   7.8517E-01
  -5.0630E+00  -1.9101E+00  -1.9037E+00   9.1067E-01   9.5842E-01  -2.5480E+00
  -2.5427E+00  -2.1836E+00  -2.1818E+00  -2.4426E+00  -2.4408E+00   7.9312E-01
   7.9127E-01   7.4207E-01   3.7465E-01   3.7199E-01   4.2162E-01   4.2181E-01
   4.2124E-01   4.2152E-01  -2.1686E+00   9.5870E-01  -4.7223E-01  -3.3457E-01
   2.7019E+01  -2.1968E+01   1.1662E+01  -9.7760E+00  -3.4820E+00   2.5767E+00
  -3.5277E+00   2.5605E+00   1.3494E+01  -1.0952E+01   1.1827E+01  -9.6353E+00
   1.3447E+01  -1.0989E+01  -1.9481E+00   1.1663E+00  -3.3805E+00   2.6364E+00
  -1.6913E+00   1.3231E+00  -1.7272E+00   1.3034E+00  -1.7253E+00   1.3033E+00
  -4.4831E-02  -4.7228E-02   3.1241E-02   1.2026E+00   1.3593E+00   1.3035E+00
  -1.6297E-02  -7.0709E-02  -1.4277E-01  -1.0945E-01   7.4610E-03  -1.1921E-02
  -6.6201E-03   4.3677E-02   4.0209E-02   3.8171E-02   6.5672E-02   1.5339E-02
   1.5706E-02   1.6235E-02   1.2194E-02   1.3916E-01   1.4712E-01   8.5490E-02
   3.6881E-02   4.9933E-02  -2.1767E-04   1.6712E-02   1.5199E-02   6.8979E-03
   3.8355E-03   3.7101E-02   3.1673E-02  -7.9469E-03   1.5591E-02   1.5440E-02
   1.9940E-02   1.0765E-01   1.7089E-02  -4.4652E-02  -6.3147E-02  -5.2650E-02
  -2.2899E-02  -2.2078E-02  -2.5104E-02   1.8631E-02   7.2561E-03  -2.5753E-02
   3.4561E-02   2.9367E-02   2.2857E-02   2.2594E-02  -6.2172E-03   6.3001E-02
   6.8424E-02   2.8238E-02   4.0533E-02   4.3425E-02  -2.7764E-02  -3.7588E-03
  -1.6497E-02  -8.4041E-03  -1.6878E-02  -2.3835E-02   1.0378E-02   1.2144E-02
   2.2795E-02   2.2454E-02  -8.6571E-04   3.8758E-02
  > E    =  -3.833498733684E+02 +/-   2.158038900770E-05
  > varE =   2.329013033280E-04
* Computing derivatives.
    [walltime: 1m1s elapsed, 1h7m remaining]
    [walltime: 1h elapsed, 8m8s remaining]
  Done. [total walltime: 1h8m]
* Optimizing manipulation constant:
  #igrid a___________ E____________________________________ varE____________
     1     Infinity    -3.83349873E+02 +/-   2.15803890E-05   2.32901303E-04
     2     1.0000E+06  -3.83349873E+02 +/-   2.15803868E-05   2.32901256E-04
     3     2.1544E+05  -3.83349873E+02 +/-   2.15803789E-05   2.32901085E-04
     4     4.6416E+04  -3.83349873E+02 +/-   2.15803421E-05   2.32900291E-04
     5     1.0000E+04  -3.83349873E+02 +/-   2.15801720E-05   2.32896618E-04
     6     2.1544E+03  -3.83349873E+02 +/-   2.15793951E-05   2.32879851E-04
     7     4.6416E+02  -3.83349873E+02 +/-   2.15760686E-05   2.32808059E-04
     8     1.0000E+02  -3.83349874E+02 +/-   2.15677009E-05   2.32627517E-04
     9     2.1544E+01  -3.83349868E+02 +/-   2.21265449E-05   2.44838996E-04
    10     4.6416E+00  -3.83347482E+02 +/-   6.75018583E-05   2.27868786E-03
    11     1.0000E+00  -3.83270154E+02 +/-   3.57547070E-04   6.39322263E-02
    12     2.1544E-01  -3.83018587E+02 +/-   6.93702127E-04   2.40657518E-01
    13     4.6416E-02  -3.82853844E+02 +/-   8.21214105E-04   3.37261045E-01
    14     1.0000E-02  -3.82755034E+02 +/-   8.80803267E-04   3.87981676E-01
    15     2.1544E-03  -3.82548106E+02 +/-   9.76519587E-04   4.76886797E-01
    16     4.6416E-04  -3.82344572E+02 +/-   1.04106206E-03   5.42009148E-01
    17     1.0000E-04  -3.82292383E+02 +/-   1.05370167E-03   5.55250188E-01
    18     2.1544E-05  -3.82281732E+02 +/-   1.05610244E-03   5.57783254E-01
    19     4.6416E-06  -3.82279478E+02 +/-   1.05660289E-03   5.58312005E-01
    20     1.0000E-06  -3.82278994E+02 +/-   1.05670991E-03   5.58425118E-01
    21     0.0000E+00  -3.82278861E+02 +/-   1.05673925E-03   5.58456129E-01
  ParMin   1.9246E+02  -3.83349874E+02 +/-   2.15712978E-05   2.32705116E-04
  # Using grid point #8
* Iteration # 1: E =  -3.833498741226E+02 +/-   2.156770092072E-05
* Convergence: exiting.
* After optimization:
   1.6212E-02  -2.3385E-01  -1.5379E-01   1.1516E+00   1.1484E+00   7.8524E-01
  -5.0628E+00  -1.9107E+00  -1.9043E+00   9.0951E-01   9.5723E-01  -2.5479E+00
  -2.5426E+00  -2.1841E+00  -2.1823E+00  -2.4425E+00  -2.4407E+00   7.9252E-01
   7.9068E-01   7.4092E-01   3.7408E-01   3.7142E-01   4.2104E-01   4.2123E-01
   4.2066E-01   4.2094E-01  -2.1658E+00   9.5648E-01  -4.7224E-01  -3.3466E-01
   2.7018E+01  -2.1967E+01   1.1664E+01  -9.7777E+00  -3.4762E+00   2.5721E+00
  -3.5219E+00   2.5558E+00   1.3494E+01  -1.0951E+01   1.1829E+01  -9.6371E+00
   1.3446E+01  -1.0988E+01  -1.9452E+00   1.1640E+00  -3.3747E+00   2.6318E+00
  -1.6884E+00   1.3208E+00  -1.7243E+00   1.3011E+00  -1.7225E+00   1.3010E+00
  -4.4969E-02  -4.7431E-02   3.1342E-02   1.2199E+00   1.3793E+00   1.3228E+00
  -1.7181E-02  -7.2278E-02  -1.4590E-01  -1.1169E-01   7.6086E-03  -1.1951E-02
  -6.4512E-03   4.4241E-02   4.0780E-02   3.8660E-02   6.6897E-02   1.5525E-02
   1.5815E-02   1.6347E-02   1.2371E-02   1.4163E-01   1.4849E-01   8.6050E-02
   3.6547E-02   4.9988E-02  -3.1658E-05   1.7249E-02   1.5708E-02   6.8423E-03
   3.9883E-03   3.7688E-02   3.2225E-02  -8.1830E-03   1.5735E-02   1.5578E-02
   2.0215E-02   1.0960E-01   1.6652E-02  -4.5044E-02  -6.3612E-02  -5.3000E-02
  -2.2909E-02  -2.1862E-02  -2.4886E-02   1.8709E-02   7.2185E-03  -2.5831E-02
   3.4676E-02   2.9328E-02   2.2812E-02   2.2553E-02  -6.1416E-03   6.3330E-02
   6.7793E-02   2.7660E-02   4.0153E-02   4.2995E-02  -2.7665E-02  -3.4397E-03
  -1.6272E-02  -8.4042E-03  -1.6818E-02  -2.3830E-02   1.0372E-02   1.2054E-02
   2.2786E-02   2.2451E-02  -8.1824E-04   3.9081E-02
  > Energy =  -3.833498741226E+02 +/-   2.156770092072E-05
  > varE =   2.326275174122E-04

VMC #7:
* Size of Hilbert space =   6.3504E+04
* Deterministic energy evaluation:
  > Deterministic Etot/t = -383.34988715408969
    - Ttot/t = -23.365060324003537
    - Utot/t = 9.5295188470840628
* Number of equil. steps   = 1000
* Running VMC equilibration.
  Done. [total walltime: 0.09s]
* Equil. acc.ratio (%)     =  16.1628
* Sample config after equilibration:
  +---------+
  |  0   2  |
  |u   2   d|
  |d   0   u|
  |  u   d  |
  +---------+
* Number of accum. steps   = 1000192 x 10
* Running VMC accumulation.
    [walltime: 1m elapsed, 18.6s remaining]
  Done. [total walltime: 1m18s]
* Acceptance ratio (%)     =  16.2033
* Etot/t                   =  -3.833499089524E+02 +/-   1.519371383755E-05
  > Ttot/t                 =  -2.336525377126E+01 +/-   3.773939598570E-04
  > Utot/t                 =   9.529690496070E+00 +/-   3.766961722685E-04
* var[Eloc/t]              =   2.312854404436E-04 +/-   3.329776375342E-06
* Correlation length       =   9.983043581595E-01
* log10 Psi^2 range: -16.463383240133329 -- -9.2661132626612943
* log10 Pgen range : -16.463383240133329 -- -9.2661132626612943
* Site occupation (ave. no. electrons per config.):
  > Site_  ___eu____  ___ed____
      1        0.498      0.497
      2        0.500      0.501
      3        0.499      0.501
      4        0.498      0.497
      5        0.500      0.501
      6        0.501      0.500
      7        0.502      0.501
      8        0.500      0.501
      9        0.502      0.501
     10        0.501      0.500
* Pair-correlation analysis (ave. no. pairs per config.):
  > Shell  nsite  ___dh____  __eueu___  __eued___
      0      1        0          0          1.740
      1      1        0.832      0.722      2.482
      2      1        0.287      0.647      1.107
      3      1        0.162      0.296      0.556
      4      1        0.555      1.346      2.174
      5      1        0.119      1.026      0.969
      6      1        0.147      0.849      1.102
      7      1        0.298      1.801      2.119
      8      1        0.247      2.103      1.904
      9      1        0.246      2.119      1.901
     10      1        0.227      2.153      1.883
     11      1        0.114      0.983      1.023
     12      1        0.236      2.051      1.955
     13      1        0.061      0.479      0.517
     14      1        0.184      1.442      1.549
     15      1        0.118      1.026      0.979
     16      1        0.124      0.957      1.038

Optimization #7:
* Method          : lls
* Target function : energy
* No. of configs. : 500096
* No. of params.  : 124
* Before optimization:
   1.6212E-02  -2.3385E-01  -1.5379E-01   1.1516E+00   1.1484E+00   7.8524E-01
  -5.0628E+00  -1.9107E+00  -1.9043E+00   9.0951E-01   9.5723E-01  -2.5479E+00
  -2.5426E+00  -2.1841E+00  -2.1823E+00  -2.4425E+00  -2.4407E+00   7.9252E-01
   7.9068E-01   7.4092E-01   3.7408E-01   3.7142E-01   4.2104E-01   4.2123E-01
   4.2066E-01   4.2094E-01  -2.1658E+00   9.5648E-01  -4.7224E-01  -3.3466E-01
   2.7018E+01  -2.1967E+01   1.1664E+01  -9.7777E+00  -3.4762E+00   2.5721E+00
  -3.5219E+00   2.5558E+00   1.3494E+01  -1.0951E+01   1.1829E+01  -9.6371E+00
   1.3446E+01  -1.0988E+01  -1.9452E+00   1.1640E+00  -3.3747E+00   2.6318E+00
  -1.6884E+00   1.3208E+00  -1.7243E+00   1.3011E+00  -1.7225E+00   1.3010E+00
  -4.4969E-02  -4.7431E-02   3.1342E-02   1.2199E+00   1.3793E+00   1.3228E+00
  -1.7181E-02  -7.2278E-02  -1.4590E-01  -1.1169E-01   7.6086E-03  -1.1951E-02
  -6.4512E-03   4.4241E-02   4.0780E-02   3.8660E-02   6.6897E-02   1.5525E-02
   1.5815E-02   1.6347E-02   1.2371E-02   1.4163E-01   1.4849E-01   8.6050E-02
   3.6547E-02   4.9988E-02  -3.1658E-05   1.7249E-02   1.5708E-02   6.8423E-03
   3.9883E-03   3.7688E-02   3.2225E-02  -8.1830E-03   1.5735E-02   1.5578E-02
   2.0215E-02   1.0960E-01   1.6652E-02  -4.5044E-02  -6.3612E-02  -5.3000E-02
  -2.2909E-02  -2.1862E-02  -2.4886E-02   1.8709E-02   7.2185E-03  -2.5831E-02
   3.4676E-02   2.9328E-02   2.2812E-02   2.2553E-02  -6.1416E-03   6.3330E-02
   6.7793E-02   2.7660E-02   4.0153E-02   4.2995E-02  -2.7665E-02  -3.4397E-03
  -1.6272E-02  -8.4042E-03  -1.6818E-02  -2.3830E-02   1.0372E-02   1.2054E-02
   2.2786E-02   2.2451E-02  -8.1824E-04   3.9081E-02
  > E    =  -3.833499154445E+02 +/-   2.163697511662E-05
  > varE =   2.341242893331E-04
* Computing derivatives.
    [walltime: 1m1s elapsed, 1h7m remaining]
    [walltime: 1h elapsed, 8m12s remaining]
  Done. [total walltime: 1h8m]
* Optimizing manipulation constant:
  #igrid a___________ E____________________________________ varE____________
     1     Infinity    -3.83349915E+02 +/-   2.16369751E-05   2.34124289E-04
     2     1.0000E+06  -3.83349915E+02 +/-   2.16369730E-05   2.34124244E-04
     3     2.1544E+05  -3.83349915E+02 +/-   2.16369655E-05   2.34124081E-04
     4     4.6416E+04  -3.83349915E+02 +/-   2.16369304E-05   2.34123322E-04
     5     1.0000E+04  -3.83349915E+02 +/-   2.16367682E-05   2.34119812E-04
     6     2.1544E+03  -3.83349915E+02 +/-   2.16360250E-05   2.34103728E-04
     7     4.6416E+02  -3.83349916E+02 +/-   2.16327845E-05   2.34033609E-04
     8     1.0000E+02  -3.83349916E+02 +/-   2.16225321E-05   2.33811830E-04
     9     2.1544E+01  -3.83349918E+02 +/-   2.18323935E-05   2.38372462E-04
    10     4.6416E+00  -3.83347738E+02 +/-   6.53640009E-05   2.13663646E-03
    11     1.0000E+00  -3.82160585E+02 +/-   5.58850535E-04   1.56186943E-01
    12     2.1544E-01  -3.82600082E+02 +/-   8.98904739E-04   4.04092436E-01
    13     4.6416E-02  -3.82185663E+02 +/-   1.08045999E-03   5.83808960E-01
    14     1.0000E-02  -3.80460248E+02 +/-   9.98735758E-04   4.98832315E-01
    15     2.1544E-03  -3.80459125E+02 +/-   9.50116822E-04   4.51447649E-01
    16     4.6416E-04  -3.80459947E+02 +/-   9.81651112E-04   4.81911962E-01
    17     1.0000E-04  -3.80460216E+02 +/-   9.99292615E-04   4.99388729E-01
    18     2.1544E-05  -3.80460279E+02 +/-   1.00390946E-03   5.04013859E-01
    19     4.6416E-06  -3.80460293E+02 +/-   1.00494834E-03   5.05057538E-01
    20     1.0000E-06  -3.80460297E+02 +/-   1.00517429E-03   5.05284670E-01
    21     0.0000E+00  -3.80460297E+02 +/-   1.00523647E-03   5.05347184E-01
  ParMin   4.6379E+01  -3.83349918E+02 +/-   2.16274569E-05   2.33918349E-04
  # Using parabolic minimum
* Iteration # 1: E =  -3.833499175083E+02 +/-   2.162745685407E-05
* Convergence: exiting.
* After optimization:
  -8.5814E-02  -3.3595E-01  -2.5603E-01   1.1389E+00   1.1356E+00   7.8516E-01
  -4.9539E+00  -1.8687E+00  -1.8623E+00   8.8465E-01   9.3219E-01  -2.4934E+00
  -2.4881E+00  -2.1421E+00  -2.1402E+00  -2.3881E+00  -2.3862E+00   7.7992E-01
   7.7809E-01   7.1605E-01   3.6163E-01   3.5898E-01   4.0863E-01   4.0880E-01
   4.0825E-01   4.0850E-01  -2.1039E+00   9.0718E-01  -4.7217E-01  -3.3471E-01
   2.6471E+01  -2.1528E+01   1.1453E+01  -9.6078E+00  -3.3524E+00   2.4731E+00
  -3.3979E+00   2.4569E+00   1.3220E+01  -1.0732E+01   1.1618E+01  -9.4674E+00
   1.3173E+01  -1.0769E+01  -1.8831E+00   1.1146E+00  -3.2508E+00   2.5328E+00
  -1.6265E+00   1.2713E+00  -1.6625E+00   1.2517E+00  -1.6606E+00   1.2515E+00
  -4.5264E-02  -4.7783E-02   3.1531E-02   1.2473E+00   1.4102E+00   1.3527E+00
  -1.8756E-02  -7.4685E-02  -1.5154E-01  -1.1560E-01   7.9260E-03  -1.1836E-02
  -6.1474E-03   4.5083E-02   4.1721E-02   3.9325E-02   6.9050E-02   1.5766E-02
   1.5984E-02   1.6512E-02   1.2688E-02   1.4568E-01   1.5022E-01   8.6760E-02
   3.5542E-02   4.9806E-02   2.8986E-04   1.8321E-02   1.6549E-02   6.6571E-03
   4.3056E-03   3.8587E-02   3.3345E-02  -8.5544E-03   1.5928E-02   1.5764E-02
   2.0639E-02   1.1294E-01   1.5951E-02  -4.5514E-02  -6.4539E-02  -5.3666E-02
  -2.2828E-02  -2.1396E-02  -2.4512E-02   1.8921E-02   7.2080E-03  -2.6010E-02
   3.4933E-02   2.9275E-02   2.2758E-02   2.2507E-02  -6.0282E-03   6.3906E-02
   6.6661E-02   2.6775E-02   3.9509E-02   4.2269E-02  -2.7504E-02  -2.7674E-03
  -1.5905E-02  -8.3624E-03  -1.6678E-02  -2.3831E-02   1.0462E-02   1.1983E-02
   2.2773E-02   2.2440E-02  -7.6615E-04   3.9724E-02
  > Energy =  -3.833499175083E+02 +/-   2.162745685407E-05
  > varE =   2.339183486888E-04

VMC #8:
* Size of Hilbert space =   6.3504E+04
* Deterministic energy evaluation:
  > Deterministic Etot/t = -383.34988806140888
    - Ttot/t = -23.364783086589220
    - Utot/t = 9.5292407023506946
* Number of equil. steps   = 1000
* Running VMC equilibration.
  Done. [total walltime: 0.09s]
* Equil. acc.ratio (%)     =  15.8342
* Sample config after equilibration:
  +---------+
  |  d   d  |
  |u   u   u|
  |d   0   d|
  |  2   u  |
  +---------+
* Number of accum. steps   = 1000192 x 10
* Running VMC accumulation.
    [walltime: 1m elapsed, 18.6s remaining]
  Done. [total walltime: 1m18s]
* Acceptance ratio (%)     =  15.8338
* Etot/t                   =  -3.833499073798E+02 +/-   1.525020737236E-05
  > Ttot/t                 =  -2.336476992591E+01 +/-   3.764631689820E-04
  > Utot/t                 =   9.529208223304E+00 +/-   3.760124269035E-04
* var[Eloc/t]              =   2.330689325791E-04 +/-   4.274869219267E-06
* Correlation length       =   9.980458379428E-01
* log10 Psi^2 range: -16.413655231640131 -- -9.2470398355675982
* log10 Pgen range : -16.413655231640131 -- -9.2470398355675982
* Site occupation (ave. no. electrons per config.):
  > Site_  ___eu____  ___ed____
      1        0.497      0.497
      2        0.502      0.500
      3        0.500      0.500
      4        0.498      0.497
      5        0.500      0.501
      6        0.500      0.500
      7        0.501      0.502
      8        0.499      0.500
      9        0.502      0.501
     10        0.501      0.501
* Pair-correlation analysis (ave. no. pairs per config.):
  > Shell  nsite  ___dh____  __eueu___  __eued___
      0      1        0          0          1.738
      1      1        0.831      0.722      2.482
      2      1        0.286      0.648      1.110
      3      1        0.160      0.297      0.556
      4      1        0.554      1.344      2.174
      5      1        0.119      1.023      0.969
      6      1        0.146      0.848      1.102
      7      1        0.297      1.803      2.119
      8      1        0.247      2.101      1.902
      9      1        0.247      2.119      1.903
     10      1        0.225      2.155      1.883
     11      1        0.114      0.981      1.021
     12      1        0.234      2.052      1.956
     13      1        0.061      0.481      0.517
     14      1        0.183      1.443      1.548
     15      1        0.118      1.027      0.981
     16      1        0.125      0.957      1.040

Optimization #8:
* Method          : lls
* Target function : energy
* No. of configs. : 500096
* No. of params.  : 124
* Before optimization:
  -8.5814E-02  -3.3595E-01  -2.5603E-01   1.1389E+00   1.1356E+00   7.8516E-01
  -4.9539E+00  -1.8687E+00  -1.8623E+00   8.8465E-01   9.3219E-01  -2.4934E+00
  -2.4881E+00  -2.1421E+00  -2.1402E+00  -2.3881E+00  -2.3862E+00   7.7992E-01
   7.7809E-01   7.1605E-01   3.6163E-01   3.5898E-01   4.0863E-01   4.0880E-01
   4.0825E-01   4.0850E-01  -2.1039E+00   9.0718E-01  -4.7217E-01  -3.3471E-01
   2.6471E+01  -2.1528E+01   1.1453E+01  -9.6078E+00  -3.3524E+00   2.4731E+00
  -3.3979E+00   2.4569E+00   1.3220E+01  -1.0732E+01   1.1618E+01  -9.4674E+00
   1.3173E+01  -1.0769E+01  -1.8831E+00   1.1146E+00  -3.2508E+00   2.5328E+00
  -1.6265E+00   1.2713E+00  -1.6625E+00   1.2517E+00  -1.6606E+00   1.2515E+00
  -4.5264E-02  -4.7783E-02   3.1531E-02   1.2473E+00   1.4102E+00   1.3527E+00
  -1.8756E-02  -7.4685E-02  -1.5154E-01  -1.1560E-01   7.9260E-03  -1.1836E-02
  -6.1474E-03   4.5083E-02   4.1721E-02   3.9325E-02   6.9050E-02   1.5766E-02
   1.5984E-02   1.6512E-02   1.2688E-02   1.4568E-01   1.5022E-01   8.6760E-02
   3.5542E-02   4.9806E-02   2.8986E-04   1.8321E-02   1.6549E-02   6.6571E-03
   4.3056E-03   3.8587E-02   3.3345E-02  -8.5544E-03   1.5928E-02   1.5764E-02
   2.0639E-02   1.1294E-01   1.5951E-02  -4.5514E-02  -6.4539E-02  -5.3666E-02
  -2.2828E-02  -2.1396E-02  -2.4512E-02   1.8921E-02   7.2080E-03  -2.6010E-02
   3.4933E-02   2.9275E-02   2.2758E-02   2.2507E-02  -6.0282E-03   6.3906E-02
   6.6661E-02   2.6775E-02   3.9509E-02   4.2269E-02  -2.7504E-02  -2.7674E-03
  -1.5905E-02  -8.3624E-03  -1.6678E-02  -2.3831E-02   1.0462E-02   1.1983E-02
   2.2773E-02   2.2440E-02  -7.6615E-04   3.9724E-02
  > E    =  -3.833499240684E+02 +/-   2.125411867864E-05
  > varE =   2.259121472087E-04
* Computing derivatives.
    [walltime: 1m2s elapsed, 1h7m remaining]
    [walltime: 1h elapsed, 8m16s remaining]
  Done. [total walltime: 1h8m]
* Optimizing manipulation constant:
  #igrid a___________ E____________________________________ varE____________
     1     Infinity    -3.83349924E+02 +/-   2.12541187E-05   2.25912147E-04
     2     1.0000E+06  -3.83349924E+02 +/-   2.12541165E-05   2.25912101E-04
     3     2.1544E+05  -3.83349924E+02 +/-   2.12541087E-05   2.25911934E-04
     4     4.6416E+04  -3.83349924E+02 +/-   2.12540723E-05   2.25911161E-04
     5     1.0000E+04  -3.83349924E+02 +/-   2.12539042E-05   2.25907587E-04
     6     2.1544E+03  -3.83349924E+02 +/-   2.12531420E-05   2.25891385E-04
     7     4.6416E+02  -3.83349924E+02 +/-   2.12499933E-05   2.25824459E-04
     8     1.0000E+02  -3.83349925E+02 +/-   2.12439147E-05   2.25695281E-04
     9     2.1544E+01  -3.83349921E+02 +/-   2.15474962E-05   2.32191868E-04
    10     4.6416E+00  -3.83348979E+02 +/-   4.56224229E-05   1.04090255E-03
    11     1.0000E+00  -3.83317583E+02 +/-   2.29888149E-04   2.64293541E-02
    12     2.1544E-01  -3.83211111E+02 +/-   4.64453164E-04   1.07879080E-01
    13     4.6416E-02  -3.83175606E+02 +/-   5.16612433E-04   1.33469824E-01
    14     1.0000E-02  -3.83174262E+02 +/-   5.17953055E-04   1.34163438E-01
    15     2.1544E-03  -3.83087433E+02 +/-   6.22104661E-04   1.93544258E-01
    16     4.6416E-04  -3.83038577E+02 +/-   6.71005748E-04   2.25167581E-01
    17     1.0000E-04  -3.83026529E+02 +/-   6.82234982E-04   2.32766968E-01
    18     2.1544E-05  -3.83023870E+02 +/-   6.84672688E-04   2.34433347E-01
    19     4.6416E-06  -3.83023295E+02 +/-   6.85198598E-04   2.34793631E-01
    20     1.0000E-06  -3.83023170E+02 +/-   6.85311934E-04   2.34871310E-01
    21     0.0000E+00  -3.83023136E+02 +/-   6.85343058E-04   2.34892644E-01
  ParMin   1.9062E+02  -3.83349924E+02 +/-   2.12458879E-05   2.25737210E-04
  # Using grid point #8
* Iteration # 1: E =  -3.833499245794E+02 +/-   2.124391471052E-05
* Convergence: exiting.
* After optimization:
  -1.0801E-01  -3.5859E-01  -2.7871E-01   1.1383E+00   1.1349E+00   7.8517E-01
  -4.9511E+00  -1.8680E+00  -1.8615E+00   8.8347E-01   9.3097E-01  -2.4920E+00
  -2.4867E+00  -2.1413E+00  -2.1394E+00  -2.3867E+00  -2.3848E+00   7.7929E-01
   7.7746E-01   7.1487E-01   3.6105E-01   3.5840E-01   4.0805E-01   4.0821E-01
   4.0767E-01   4.0791E-01  -2.1010E+00   9.0498E-01  -4.7215E-01  -3.3474E-01
   2.6457E+01  -2.1517E+01   1.1448E+01  -9.6040E+00  -3.3467E+00   2.4685E+00
  -3.3921E+00   2.4523E+00   1.3213E+01  -1.0726E+01   1.1613E+01  -9.4638E+00
   1.3165E+01  -1.0763E+01  -1.8802E+00   1.1123E+00  -3.2450E+00   2.5282E+00
  -1.6236E+00   1.2690E+00  -1.6596E+00   1.2494E+00  -1.6578E+00   1.2492E+00
  -4.5376E-02  -4.7958E-02   3.1616E-02   1.2613E+00   1.4264E+00   1.3684E+00
  -1.9395E-02  -7.5897E-02  -1.5419E-01  -1.1743E-01   8.0653E-03  -1.1894E-02
  -6.0013E-03   4.5457E-02   4.2165E-02   3.9661E-02   7.0058E-02   1.5876E-02
   1.6067E-02   1.6597E-02   1.2846E-02   1.4767E-01   1.5130E-01   8.7154E-02
   3.5059E-02   4.9773E-02   4.7440E-04   1.8738E-02   1.6958E-02   6.5870E-03
   4.4430E-03   3.9034E-02   3.3877E-02  -8.7059E-03   1.6056E-02   1.5892E-02
   2.0797E-02   1.1462E-01   1.5699E-02  -4.5732E-02  -6.4816E-02  -5.3875E-02
  -2.2797E-02  -2.1199E-02  -2.4314E-02   1.9005E-02   7.1903E-03  -2.6067E-02
   3.4982E-02   2.9221E-02   2.2721E-02   2.2474E-02  -5.9623E-03   6.4129E-02
   6.6187E-02   2.6354E-02   3.9206E-02   4.1953E-02  -2.7396E-02  -2.4792E-03
  -1.5719E-02  -8.3051E-03  -1.6611E-02  -2.3811E-02   1.0485E-02   1.1950E-02
   2.2779E-02   2.2447E-02  -7.7180E-04   4.0031E-02
  > Energy =  -3.833499245794E+02 +/-   2.124391471052E-05
  > varE =   2.256952812894E-04

VMC #9:
* Size of Hilbert space =   6.3504E+04
* Deterministic energy evaluation:
  > Deterministic Etot/t = -383.34988844644062
    - Ttot/t = -23.364716741047697
    - Utot/t = 9.5291739717773076
* Number of equil. steps   = 1000
* Running VMC equilibration.
  Done. [total walltime: 0.09s]
* Equil. acc.ratio (%)     =  15.6200
* Sample config after equilibration:
  +---------+
  |  u   u  |
  |d   d   d|
  |0   2   u|
  |  u   d  |
  +---------+
* Number of accum. steps   = 1000192 x 10
* Running VMC accumulation.
    [walltime: 1m elapsed, 18.8s remaining]
  Done. [total walltime: 1m18s]
* Acceptance ratio (%)     =  15.6585
* Etot/t                   =  -3.833498907292E+02 +/-   1.518393731464E-05
  > Ttot/t                 =  -2.336481624416E+01 +/-   3.769433371332E-04
  > Utot/t                 =   9.529271192105E+00 +/-   3.765067007283E-04
* var[Eloc/t]              =   2.293169327714E-04 +/-   2.653407289931E-06
* Correlation length       =   1.005578679092E+00
* log10 Psi^2 range: -15.888990016868320 -- -9.2394332704310305
* log10 Pgen range : -15.888990016868320 -- -9.2394332704310305
* Site occupation (ave. no. electrons per config.):
  > Site_  ___eu____  ___ed____
      1        0.497      0.497
      2        0.501      0.500
      3        0.500      0.500
      4        0.498      0.499
      5        0.500      0.500
      6        0.501      0.499
      7        0.501      0.502
      8        0.500      0.499
      9        0.503      0.501
     10        0.500      0.502
* Pair-correlation analysis (ave. no. pairs per config.):
  > Shell  nsite  ___dh____  __eueu___  __eued___
      0      1        0          0          1.737
      1      1        0.830      0.721      2.483
      2      1        0.286      0.648      1.111
      3      1        0.160      0.296      0.558
      4      1        0.553      1.345      2.175
      5      1        0.120      1.023      0.967
      6      1        0.146      0.847      1.103
      7      1        0.296      1.803      2.123
      8      1        0.247      2.103      1.900
      9      1        0.247      2.120      1.901
     10      1        0.227      2.155      1.879
     11      1        0.114      0.980      1.022
     12      1        0.235      2.052      1.954
     13      1        0.061      0.480      0.518
     14      1        0.182      1.443      1.549
     15      1        0.119      1.027      0.980
     16      1        0.125      0.957      1.040

Optimization #9:
* Method          : lls
* Target function : energy
* No. of configs. : 500096
* No. of params.  : 124
* Before optimization:
  -1.0801E-01  -3.5859E-01  -2.7871E-01   1.1383E+00   1.1349E+00   7.8517E-01
  -4.9511E+00  -1.8680E+00  -1.8615E+00   8.8347E-01   9.3097E-01  -2.4920E+00
  -2.4867E+00  -2.1413E+00  -2.1394E+00  -2.3867E+00  -2.3848E+00   7.7929E-01
   7.7746E-01   7.1487E-01   3.6105E-01   3.5840E-01   4.0805E-01   4.0821E-01
   4.0767E-01   4.0791E-01  -2.1010E+00   9.0498E-01  -4.7215E-01  -3.3474E-01
   2.6457E+01  -2.1517E+01   1.1448E+01  -9.6040E+00  -3.3467E+00   2.4685E+00
  -3.3921E+00   2.4523E+00   1.3213E+01  -1.0726E+01   1.1613E+01  -9.4638E+00
   1.3165E+01  -1.0763E+01  -1.8802E+00   1.1123E+00  -3.2450E+00   2.5282E+00
  -1.6236E+00   1.2690E+00  -1.6596E+00   1.2494E+00  -1.6578E+00   1.2492E+00
  -4.5376E-02  -4.7958E-02   3.1616E-02   1.2613E+00   1.4264E+00   1.3684E+00
  -1.9395E-02  -7.5897E-02  -1.5419E-01  -1.1743E-01   8.0653E-03  -1.1894E-02
  -6.0013E-03   4.5457E-02   4.2165E-02   3.9661E-02   7.0058E-02   1.5876E-02
   1.6067E-02   1.6597E-02   1.2846E-02   1.4767E-01   1.5130E-01   8.7154E-02
   3.5059E-02   4.9773E-02   4.7440E-04   1.8738E-02   1.6958E-02   6.5870E-03
   4.4430E-03   3.9034E-02   3.3877E-02  -8.7059E-03   1.6056E-02   1.5892E-02
   2.0797E-02   1.1462E-01   1.5699E-02  -4.5732E-02  -6.4816E-02  -5.3875E-02
  -2.2797E-02  -2.1199E-02  -2.4314E-02   1.9005E-02   7.1903E-03  -2.6067E-02
   3.4982E-02   2.9221E-02   2.2721E-02   2.2474E-02  -5.9623E-03   6.4129E-02
   6.6187E-02   2.6354E-02   3.9206E-02   4.1953E-02  -2.7396E-02  -2.4792E-03
  -1.5719E-02  -8.3051E-03  -1.6611E-02  -2.3811E-02   1.0485E-02   1.1950E-02
   2.2779E-02   2.2447E-02  -7.7180E-04   4.0031E-02
  > E    =  -3.833499019157E+02 +/-   2.125678343304E-05
  > varE =   2.259687986403E-04
* Computing derivatives.
    [walltime: 1m1s elapsed, 1h7m remaining]
    [walltime: 1h elapsed, 8m8s remaining]
  Done. [total walltime: 1h8m]
* Optimizing manipulation constant:
  #igrid a___________ E____________________________________ varE____________
     1     Infinity    -3.83349902E+02 +/-   2.12567834E-05   2.25968799E-04
     2     1.0000E+06  -3.83349902E+02 +/-   2.12567815E-05   2.25968757E-04
     3     2.1544E+05  -3.83349902E+02 +/-   2.12567751E-05   2.25968621E-04
     4     4.6416E+04  -3.83349902E+02 +/-   2.12567628E-05   2.25968359E-04
     5     1.0000E+04  -3.83349902E+02 +/-   2.12570771E-05   2.25975043E-04
     6     2.1544E+03  -3.83349902E+02 +/-   2.12668854E-05   2.26183626E-04
     7     4.6416E+02  -3.83349893E+02 +/-   2.16625393E-05   2.34677854E-04
     8     1.0000E+02  -3.83348002E+02 +/-   5.98919968E-05   1.79386999E-03
     9     2.1544E+01  -3.83063721E+02 +/-   6.46881241E-04   2.09267842E-01
    10     4.6416E+00  -3.82144511E+02 +/-   1.07806733E-03   5.81226160E-01
    11     1.0000E+00  -3.80894054E+02 +/-   1.09992464E-03   6.05033252E-01
    12     2.1544E-01  -3.80888515E+02 +/-   1.10109888E-03   6.06325760E-01
    13     4.6416E-02  -3.80886148E+02 +/-   1.10081042E-03   6.06008119E-01
    14     1.0000E-02  -3.80884544E+02 +/-   1.10042755E-03   6.05586651E-01
    15     2.1544E-03  -3.80879739E+02 +/-   1.09926755E-03   6.04310580E-01
    16     4.6416E-04  -3.80876516E+02 +/-   1.09851844E-03   6.03487228E-01
    17     1.0000E-04  -3.80875608E+02 +/-   1.09830995E-03   6.03258172E-01
    18     2.1544E-05  -3.80875401E+02 +/-   1.09826258E-03   6.03206135E-01
    19     4.6416E-06  -3.80875356E+02 +/-   1.09825225E-03   6.03194797E-01
    20     1.0000E-06  -3.80875346E+02 +/-   1.09825002E-03   6.03192348E-01
    21     0.0000E+00  -3.80875343E+02 +/-   1.09824941E-03   6.03191676E-01
* Iteration # 1: E =  -3.833499019164E+02 +/-   2.125676276487E-05
* Convergence: exiting.
* After optimization:
  -1.0886E-01  -3.5944E-01  -2.7956E-01   1.1382E+00   1.1349E+00   7.8517E-01
  -4.9511E+00  -1.8680E+00  -1.8616E+00   8.8337E-01   9.3086E-01  -2.4920E+00
  -2.4867E+00  -2.1414E+00  -2.1395E+00  -2.3867E+00  -2.3848E+00   7.7924E-01
   7.7741E-01   7.1477E-01   3.6100E-01   3.5835E-01   4.0800E-01   4.0816E-01
   4.0762E-01   4.0786E-01  -2.1008E+00   9.0478E-01  -4.7215E-01  -3.3474E-01
   2.6457E+01  -2.1517E+01   1.1449E+01  -9.6042E+00  -3.3462E+00   2.4681E+00
  -3.3916E+00   2.4519E+00   1.3213E+01  -1.0726E+01   1.1614E+01  -9.4640E+00
   1.3165E+01  -1.0763E+01  -1.8799E+00   1.1121E+00  -3.2445E+00   2.5278E+00
  -1.6233E+00   1.2688E+00  -1.6593E+00   1.2492E+00  -1.6575E+00   1.2490E+00
  -4.5376E-02  -4.7958E-02   3.1616E-02   1.2620E+00   1.4272E+00   1.3691E+00
  -1.9407E-02  -7.5939E-02  -1.5427E-01  -1.1749E-01   8.0696E-03  -1.1900E-02
  -6.0040E-03   4.5481E-02   4.2188E-02   3.9682E-02   7.0095E-02   1.5884E-02
   1.6075E-02   1.6605E-02   1.2853E-02   1.4775E-01   1.5138E-01   8.7199E-02
   3.5076E-02   4.9798E-02   4.7503E-04   1.8749E-02   1.6967E-02   6.5902E-03
   4.4456E-03   3.9055E-02   3.3895E-02  -8.7107E-03   1.6064E-02   1.5901E-02
   2.0808E-02   1.1468E-01   1.5699E-02  -4.5733E-02  -6.4816E-02  -5.3875E-02
  -2.2797E-02  -2.1198E-02  -2.4313E-02   1.9005E-02   7.1903E-03  -2.6067E-02
   3.4982E-02   2.9221E-02   2.2721E-02   2.2473E-02  -5.9621E-03   6.4129E-02
   6.6186E-02   2.6353E-02   3.9205E-02   4.1952E-02  -2.7396E-02  -2.4786E-03
  -1.5718E-02  -8.3051E-03  -1.6611E-02  -2.3811E-02   1.0485E-02   1.1950E-02
   2.2779E-02   2.2447E-02  -7.7178E-04   4.0031E-02
  > Energy =  -3.833499019164E+02 +/-   2.125676276487E-05
  > varE =   2.259683592173E-04

VMC #10:
* Size of Hilbert space =   6.3504E+04
* Deterministic energy evaluation:
  > Deterministic Etot/t = -383.34988844725547
    - Ttot/t = -23.364716612218110
    - Utot/t = 9.5291738421330336
* Number of equil. steps   = 1000
* Running VMC equilibration.
  Done. [total walltime: 0.09s]
* Equil. acc.ratio (%)     =  15.6796
* Sample config after equilibration:
  +---------+
  |  d   u  |
  |u   0   2|
  |d   d   0|
  |  u   2  |
  +---------+
* Number of accum. steps   = 1000192 x 10
* Running VMC accumulation.
    [walltime: 1m elapsed, 18.4s remaining]
  Done. [total walltime: 1m18s]
* Acceptance ratio (%)     =  15.6499
* Etot/t                   =  -3.833498992520E+02 +/-   1.530206540848E-05
  > Ttot/t                 =  -2.336473506564E+01 +/-   3.853566834273E-04
  > Utot/t                 =   9.529181490818E+00 +/-   3.852954731738E-04
* var[Eloc/t]              =   2.305588108069E-04 +/-   3.570995218609E-06
* Correlation length       =   1.015784919957E+00
* log10 Psi^2 range: -16.488755302290041 -- -9.2394173946309941
* log10 Pgen range : -16.488755302290041 -- -9.2394173946309941
* Site occupation (ave. no. electrons per config.):
  > Site_  ___eu____  ___ed____
      1        0.498      0.497
      2        0.501      0.501
      3        0.500      0.500
      4        0.497      0.497
      5        0.500      0.499
      6        0.499      0.501
      7        0.502      0.501
      8        0.499      0.501
      9        0.502      0.501
     10        0.502      0.501
* Pair-correlation analysis (ave. no. pairs per config.):
  > Shell  nsite  ___dh____  __eueu___  __eued___
      0      1        0          0          1.737
      1      1        0.832      0.721      2.483
      2      1        0.286      0.649      1.110
      3      1        0.161      0.296      0.556
      4      1        0.552      1.344      2.174
      5      1        0.119      1.023      0.967
      6      1        0.145      0.848      1.102
      7      1        0.295      1.804      2.121
      8      1        0.246      2.101      1.901
      9      1        0.247      2.119      1.901
     10      1        0.226      2.154      1.882
     11      1        0.115      0.980      1.021
     12      1        0.234      2.052      1.957
     13      1        0.061      0.481      0.518
     14      1        0.183      1.443      1.549
     15      1        0.118      1.028      0.982
     16      1        0.125      0.957      1.039

VDAGGER finished.
Total VDAGGER walltime: 14h43m

Run ended: Fri Oct  3 23:01:34 CEST 2025
