Run started: Fri Sep 26 18:35:33 CEST 2025
Using VDAGGER_ARCH = gnu7_fkfamd_cluster
Running 1x128 MPI processes.

                               xx
                              +##
                               #X
                               Xx
                          X##XxXxxX##x
                           +   Xx  ++
                               ##
                              +##
                              +##
     ++++         ++          +##
   xX+++##+      ####         +##
  Xx    ###      +X##          ##
 xX    X##+        ##          #X
 +    x##X         #x          #X
      ###         +#           x+
     X##+         #+
     ###         Xx                    _______
     ##X       +X+   __________________VDAGGER
     +##x    +xX     2nd quantized variational
       +xxxxx+       ______quantum Monte Carlo

* Running 128 MPI processes.
* Input file: "input.casl"

############# Start of input file dump #############
General:
  Random seed: timer

Plan:
  VMC-optimization:
    Minimum cycles: 5
    Convergence cycles: 3

System:
  Read Hamiltonian: FCIDUMP_loc_benzene
  Read orbitals: LTSC_benzene
  Complex orbitals: F
  Geometry:
    r_5: [ 0.00000000000000, 2.63994739601739 ]
    r_4: [ 2.28626150960564, 1.31997369800870 ]
    r_6: [ 2.28626150960564, -1.31997369800870 ]
    r_2: [ 0.00000000000000, -2.63994739601739 ]
    r_3: [ -2.28626150960564, -1.31997369800870 ]
    r_1: [ -2.28626150960564, 1.31997369800870 ]

VMC:
  nstep: 500000
  nconfig: 50000

Optimization:
  max_niter: 1

Jastrow: wfn.casl

Multideterminants: wfn.casl
############## End of input file dump ##############

General setup:
* Random seed: 1874020018 (from timer)

* Loaded integrals for system with nelec=6, ms2=0, norb=6
* INFO: setting number of electrons from integrals file.
* Analysis of Hamiltonian connecitivity performed:
  - T_ii (local, 1-site): 6 (i) values
  - U_iiii [opp] (local, 1-site): 6 (i) values
  - U_kkii [opp] (local, 2-site): 30 contribs. from 6 (i) values
  - U_kkii [par] (local, 2-site): 15 contribs. from 5 (i) values
  - T_ji (single, 2-site): 30 contribs. from 6 (i) values
  - U_kkji [opp] (single, 2/3-site): 180 contribs. from 30 (i,j) pairs
  - U_kkji [par] (single, 3-site): 150 contribs. from 30 (i,j) pairs
  - U_lkji [opp] (double, 2/3/4-site): 900 contribs. from 30 (i,j) pairs
  - U_lkji [par] (double, 4-site): 170 contribs. from 20 (i,j) pairs
  - Max. no. wfn. ratios in Eloc: 255
* Reading override orbitals from file "LTSC_benzene".
* Site labels:
  +-----+
  |  5  |
  |1   4|
  |3   6|
  |  2  |
  +-----+
* Automatically set Site kinds:
  [ 1, 1, 1, 1, 1, 1 ]
  +-----+
  |  1  |
  |1   1|
  |1   1|
  |  1  |
  +-----+
* Maximum Site kind: 1
* Number of site-pair kinds with Tij=0: 0
* Automatically set Site pair kinds:
  Site 1: [ 0, 4, 1, -5, -1, -2 ]
  Site 2: [ 4, 0, 1, -4, -3, -1 ]
  Site 3: [ 1, 1, 0, -2, -4, -5 ]
  Site 4: [ -5, -4, -2, 0, 1, 1 ]
  Site 5: [ -1, -3, -4, 1, 0, 4 ]
  Site 6: [ -2, -1, -5, 1, 4, 0 ]
  For site 1 of kind 1:
  +--------+
  |   -1   |
  | 0    -5|
  | 1    -2|
  |    4   |
  +--------+
* Maximum (unsigned) Site pair kind: 5
General system setup:
* Number of sites       : 6
* Number of electrons   : 6
* Spin imbalance MS2    : 0
* Filling               : 0.500000
* Number of orbitals in pool: 6
* Using real-valued orbitals
* Using double-precision arithmetic for orbitals

Trial wave function setup:
* Jastrow parameter file: "wfn.casl"
* Multideterminant parameter file: "wfn.casl"
* Not using a backflow transformation
* Not using wave function manipulation

VMC #1:
* Size of Hilbert space =   4.0000E+02
* Deterministic energy evaluation:
  > Deterministic Etot/t = -230.67672008088604
    - Ttot/t = -10.277618220440347
    - Utot/t = 3.8433899937021851
* Number of equil. steps   = 1000
* Running VMC equilibration.
  Done. [total walltime: 0.02s]
* Equil. acc.ratio (%)     =  30.7284
* Sample config after equilibration:
  +-----+
  |  d  |
  |d   u|
  |u   u|
  |  d  |
  +-----+
* Number of accum. steps   = 500480 x 10
* Running VMC accumulation.
  Done. [total walltime: 3.02s]
* Acceptance ratio (%)     =  30.7269
* Etot/t                   =  -2.306765919760E+02 +/-   1.480447268496E-04
  > Ttot/t                 =  -1.027754650324E+01 +/-   3.953684726653E-04
  > Utot/t                 =   3.843446381431E+00 +/-   2.755562963182E-04
* var[Eloc/t]              =   1.102905977354E-02 +/-   5.843665249028E-05
* Correlation length       =   9.945671775258E-01
* log10 Psi^2 range: -5.8113729112797854 -- -1.6896626234626637
* log10 Pgen range : -5.8113729112797854 -- -1.6896626234626637
* Site occupation (ave. no. electrons per config.):
  > Site_  ___eu____  ___ed____
      1        0.500      0.503
      2        0.500      0.499
      3        0.503      0.498
      4        0.497      0.503
      5        0.499      0.498
      6        0.501      0.499
* Pair-correlation analysis (ave. no. pairs per config.):
  > Shell  nsite  ___dh____  __eueu___  __eued___
      0      1        0          0          0.807
      1      4        0.819      1.574      3.652
      2      4        0.077      0.846      1.161
      3      4        0.035      0.409      0.593
      4      4        0.159      2.116      1.858
      5      4        0.086      1.055      0.930

Optimization #1:
* Method          : lls
* Target function : energy
* No. of configs. : 50048
* No. of params.  : 17
* Before optimization:
  -7.8279E-01   3.1727E-01  -2.3343E-01  -2.3507E-01  -5.6056E-02  -5.3380E-02
  -4.8966E-02  -9.2881E-02   9.2187E-02   1.2817E-01   9.6342E-02   1.2120E-01
   7.6836E-03  -1.3364E-03  -1.6347E-01  -1.6347E-01   1.0802E-01
  > E    =  -2.306766039991E+02 +/-   4.627504509971E-04
  > varE =   1.071717761793E-02
* Computing derivatives.
  Done. [total walltime: 1.48s]
* Optimizing manipulation constant:
  #igrid a___________ E____________________________________ varE____________
     1     Infinity    -2.30676604E+02 +/-   4.62750451E-04   1.07171776E-02
     2     1.0000E+06  -2.30676604E+02 +/-   4.62750229E-04   1.07171673E-02
     3     2.1544E+05  -2.30676604E+02 +/-   4.62749422E-04   1.07171299E-02
     4     4.6416E+04  -2.30676604E+02 +/-   4.62745674E-04   1.07169564E-02
     5     1.0000E+04  -2.30676606E+02 +/-   4.62728280E-04   1.07161507E-02
     6     2.1544E+03  -2.30676614E+02 +/-   4.62647562E-04   1.07124124E-02
     7     4.6416E+02  -2.30676649E+02 +/-   4.62273325E-04   1.06950888E-02
     8     1.0000E+02  -2.30676811E+02 +/-   4.60545315E-04   1.06152803E-02
     9     2.1544E+01  -2.30677541E+02 +/-   4.52712806E-04   1.02572818E-02
    10     4.6416E+00  -2.30680520E+02 +/-   4.19864807E-04   8.82278458E-03
    11     1.0000E+00  -2.30688928E+02 +/-   3.14194212E-04   4.94063861E-03
    12     2.1544E-01  -2.30697873E+02 +/-   1.46374522E-04   1.07230345E-03
    13     4.6416E-02  -2.30699518E+02 +/-   1.07132067E-04   5.74414903E-04
    14     1.0000E-02  -2.30699287E+02 +/-   1.24506434E-04   7.75836697E-04
    15     2.1544E-03  -2.30699177E+02 +/-   1.30280838E-04   8.49469548E-04
    16     4.6416E-04  -2.30699150E+02 +/-   1.31619436E-04   8.67015328E-04
    17     1.0000E-04  -2.30699144E+02 +/-   1.31912205E-04   8.70876727E-04
    18     2.1544E-05  -2.30699143E+02 +/-   1.31975483E-04   8.71712446E-04
    19     4.6416E-06  -2.30699143E+02 +/-   1.31989125E-04   8.71892673E-04
    20     1.0000E-06  -2.30699143E+02 +/-   1.31992065E-04   8.71931510E-04
    21     0.0000E+00  -2.30699143E+02 +/-   1.31992872E-04   8.71942175E-04
  ParMin   2.6647E-02  -2.30699443E+02 +/-   1.14652941E-04   6.57895819E-04
  # Using grid point #13
* Iteration # 1: E =  -2.306995179120E+02 +/-   1.071320674336E-04
* Reached maximum number of iterations: exiting.
* After optimization:
  -8.2468E-01   2.7668E-01  -1.2281E-01  -5.9675E-02  -2.8547E-02  -2.8740E-02
  -3.9844E-02  -1.0886E-01   7.6244E-02   5.9964E-02   1.6525E-01  -4.0796E-02
   4.5344E-02  -6.0153E-02  -4.6449E-02  -8.5460E-02   1.3481E-02
  > Energy =  -2.306995179120E+02 +/-   1.071320674336E-04
  > varE =   5.744149030641E-04

VMC #2:
* Size of Hilbert space =   4.0000E+02
* Deterministic energy evaluation:
  > Deterministic Etot/t = -230.69962354396719
    - Ttot/t = -10.364354085467410
    - Utot/t = 3.9072223956481156
* Number of equil. steps   = 1000
* Running VMC equilibration.
  Done. [total walltime: 0.01s]
* Equil. acc.ratio (%)     =  40.9135
* Sample config after equilibration:
  +-----+
  |  0  |
  |d   2|
  |u   d|
  |  u  |
  +-----+
* Number of accum. steps   = 500480 x 10
* Running VMC accumulation.
  Done. [total walltime: 2.71s]
* Acceptance ratio (%)     =  40.9256
* Etot/t                   =  -2.306995937758E+02 +/-   3.390913747989E-05
  > Ttot/t                 =  -1.036468655082E+01 +/-   3.015505262445E-04
  > Utot/t                 =   3.907584629210E+00 +/-   2.995870812806E-04
* var[Eloc/t]              =   5.869300992948E-04 +/-   3.279644590738E-06
* Correlation length       =   9.804689199222E-01
* log10 Psi^2 range: -5.3879740763397264 -- -2.0396006705364251
* log10 Pgen range : -5.3879740763397264 -- -2.0396006705364251
* Site occupation (ave. no. electrons per config.):
  > Site_  ___eu____  ___ed____
      1        0.501      0.501
      2        0.500      0.499
      3        0.500      0.497
      4        0.501      0.501
      5        0.498      0.503
      6        0.499      0.500
* Pair-correlation analysis (ave. no. pairs per config.):
  > Shell  nsite  ___dh____  __eueu___  __eued___
      0      1        0          0          1.038
      1      4        1.074      1.494      3.496
      2      4        0.161      0.843      1.091
      3      4        0.080      0.418      0.551
      4      4        0.228      2.166      1.882
      5      4        0.115      1.079      0.942

Optimization #2:
* Method          : lls
* Target function : energy
* No. of configs. : 50048
* No. of params.  : 17
* Before optimization:
  -8.2468E-01   2.7668E-01  -1.2281E-01  -5.9675E-02  -2.8547E-02  -2.8740E-02
  -3.9844E-02  -1.0886E-01   7.6244E-02   5.9964E-02   1.6525E-01  -4.0796E-02
   4.5344E-02  -6.0153E-02  -4.6449E-02  -8.5460E-02   1.3481E-02
  > E    =  -2.306995344667E+02 +/-   1.073778913499E-04
  > varE =   5.770540180917E-04
* Computing derivatives.
  Done. [total walltime: 1.48s]
* Optimizing manipulation constant:
  #igrid a___________ E____________________________________ varE____________
     1     Infinity    -2.30699534E+02 +/-   1.07377891E-04   5.77054018E-04
     2     1.0000E+06  -2.30699534E+02 +/-   1.07377830E-04   5.77053363E-04
     3     2.1544E+05  -2.30699534E+02 +/-   1.07377608E-04   5.77050976E-04
     4     4.6416E+04  -2.30699534E+02 +/-   1.07376578E-04   5.77039898E-04
     5     1.0000E+04  -2.30699535E+02 +/-   1.07371794E-04   5.76988484E-04
     6     2.1544E+03  -2.30699535E+02 +/-   1.07349602E-04   5.76749997E-04
     7     4.6416E+02  -2.30699536E+02 +/-   1.07246841E-04   5.75646330E-04
     8     1.0000E+02  -2.30699541E+02 +/-   1.06775107E-04   5.70593420E-04
     9     2.1544E+01  -2.30699564E+02 +/-   1.04692125E-04   5.48548155E-04
    10     4.6416E+00  -2.30699651E+02 +/-   9.68374882E-05   4.69325076E-04
    11     1.0000E+00  -2.30699822E+02 +/-   7.96674302E-05   3.17649623E-04
    12     2.1544E-01  -2.30698615E+02 +/-   1.29535775E-04   8.39781263E-04
    13     4.6416E-02  -2.30678726E+02 +/-   4.43888703E-04   9.86131683E-03
    14     1.0000E-02  -2.30618398E+02 +/-   8.04451393E-04   3.23881650E-02
    15     2.1544E-03  -2.30576739E+02 +/-   9.34099697E-04   4.36689942E-02
    16     4.6416E-04  -2.30564073E+02 +/-   9.62958513E-04   4.64089648E-02
    17     1.0000E-04  -2.30561113E+02 +/-   9.69103415E-04   4.70031512E-02
    18     2.1544E-05  -2.30560464E+02 +/-   9.70421997E-04   4.71311451E-02
    19     4.6416E-06  -2.30560323E+02 +/-   9.70705809E-04   4.71587174E-02
    20     1.0000E-06  -2.30560293E+02 +/-   9.70766942E-04   4.71646575E-02
    21     0.0000E+00  -2.30560285E+02 +/-   9.70783729E-04   4.71662886E-02
  ParMin   1.7349E+00  -2.30699763E+02 +/-   8.61806839E-05   3.71712015E-04
  # Using grid point #11
* Iteration # 1: E =  -2.306998223388E+02 +/-   7.966743022822E-05
* Reached maximum number of iterations: exiting.
* After optimization:
  -8.9183E-01   2.8980E-01  -1.1401E-01  -6.3148E-02  -2.0601E-02  -2.1911E-02
  -8.8384E-02  -1.1879E-01   7.2824E-02   4.7784E-02   1.4205E-01  -3.5770E-02
   3.8477E-02  -4.7975E-02  -5.5021E-02  -8.6416E-02   3.1466E-02
  > Energy =  -2.306998223388E+02 +/-   7.966743022822E-05
  > varE =   3.176496231315E-04

VMC #3:
* Size of Hilbert space =   4.0000E+02
* Deterministic energy evaluation:
  > Deterministic Etot/t = -230.69990829329194
    - Ttot/t = -10.363299059421465
    - Utot/t = 3.9058826202773953
* Number of equil. steps   = 1000
* Running VMC equilibration.
  Done. [total walltime: 0.01s]
* Equil. acc.ratio (%)     =  40.6419
* Sample config after equilibration:
  +-----+
  |  d  |
  |u   d|
  |u   u|
  |  d  |
  +-----+
* Number of accum. steps   = 500480 x 10
* Running VMC accumulation.
  Done. [total walltime: 2.70s]
* Acceptance ratio (%)     =  40.8311
* Etot/t                   =  -2.306998547811E+02 +/-   2.508719174259E-05
  > Ttot/t                 =  -1.036322545040E+01 +/-   2.946554532925E-04
  > Utot/t                 =   3.905862523467E+00 +/-   2.927631196962E-04
* var[Eloc/t]              =   3.240521138010E-04 +/-   1.397358651363E-06
* Correlation length       =   9.720217137947E-01
* log10 Psi^2 range: -5.5133512957669515 -- -2.1247397156493228
* log10 Pgen range : -5.5133512957669515 -- -2.1247397156493228
* Site occupation (ave. no. electrons per config.):
  > Site_  ___eu____  ___ed____
      1        0.499      0.502
      2        0.501      0.501
      3        0.498      0.496
      4        0.499      0.501
      5        0.500      0.499
      6        0.503      0.501
* Pair-correlation analysis (ave. no. pairs per config.):
  > Shell  nsite  ___dh____  __eueu___  __eued___
      0      1        0          0          1.035
      1      4        1.069      1.498      3.501
      2      4        0.158      0.843      1.098
      3      4        0.077      0.419      0.555
      4      4        0.232      2.162      1.872
      5      4        0.115      1.078      0.940

Optimization #3:
* Method          : lls
* Target function : energy
* No. of configs. : 50048
* No. of params.  : 17
* Before optimization:
  -8.9183E-01   2.8980E-01  -1.1401E-01  -6.3148E-02  -2.0601E-02  -2.1911E-02
  -8.8384E-02  -1.1879E-01   7.2824E-02   4.7784E-02   1.4205E-01  -3.5770E-02
   3.8477E-02  -4.7975E-02  -5.5021E-02  -8.6416E-02   3.1466E-02
  > E    =  -2.306998084178E+02 +/-   8.094220848261E-05
  > varE =   3.278965344756E-04
* Computing derivatives.
  Done. [total walltime: 1.48s]
* Optimizing manipulation constant:
  #igrid a___________ E____________________________________ varE____________
     1     Infinity    -2.30699808E+02 +/-   8.09422085E-05   3.27896534E-04
     2     1.0000E+06  -2.30699808E+02 +/-   8.09421874E-05   3.27896363E-04
     3     2.1544E+05  -2.30699808E+02 +/-   8.09421105E-05   3.27895740E-04
     4     4.6416E+04  -2.30699808E+02 +/-   8.09417535E-05   3.27892848E-04
     5     1.0000E+04  -2.30699808E+02 +/-   8.09400968E-05   3.27879426E-04
     6     2.1544E+03  -2.30699809E+02 +/-   8.09324117E-05   3.27817166E-04
     7     4.6416E+02  -2.30699809E+02 +/-   8.08968389E-05   3.27529054E-04
     8     1.0000E+02  -2.30699811E+02 +/-   8.07338179E-05   3.26210329E-04
     9     2.1544E+01  -2.30699819E+02 +/-   8.00197376E-05   3.20465272E-04
    10     4.6416E+00  -2.30699849E+02 +/-   7.74268712E-05   3.00033776E-04
    11     1.0000E+00  -2.30699919E+02 +/-   7.22472410E-05   2.61233735E-04
    12     2.1544E-01  -2.30699985E+02 +/-   6.91038596E-05   2.38996387E-04
    13     4.6416E-02  -2.30700010E+02 +/-   6.88317072E-05   2.37117610E-04
    14     1.0000E-02  -2.30700016E+02 +/-   6.89364187E-05   2.37839598E-04
    15     2.1544E-03  -2.30700017E+02 +/-   6.89734348E-05   2.38095087E-04
    16     4.6416E-04  -2.30700017E+02 +/-   6.89822013E-05   2.38155615E-04
    17     1.0000E-04  -2.30700017E+02 +/-   6.89841281E-05   2.38168920E-04
    18     2.1544E-05  -2.30700017E+02 +/-   6.89845450E-05   2.38171798E-04
    19     4.6416E-06  -2.30700017E+02 +/-   6.89846349E-05   2.38172419E-04
    20     1.0000E-06  -2.30700017E+02 +/-   6.89846543E-05   2.38172553E-04
    21     0.0000E+00  -2.30700017E+02 +/-   6.89846596E-05   2.38172590E-04
* Iteration # 1: E =  -2.307000169857E+02 +/-   6.898465963529E-05
* Reached maximum number of iterations: exiting.
* After optimization:
  -9.5615E-01   3.0112E-01  -1.0078E-01  -7.2146E-02  -1.3865E-02  -1.1959E-02
  -1.3204E-01  -1.3295E-01   7.5966E-02   2.7824E-02   1.5128E-01  -5.0640E-02
   4.6208E-02  -4.9739E-02  -7.0773E-02  -8.7686E-02   4.0694E-02
  > Energy =  -2.307000169857E+02 +/-   6.898465963529E-05
  > varE =   2.381725896466E-04

VMC #4:
* Size of Hilbert space =   4.0000E+02
* Deterministic energy evaluation:
  > Deterministic Etot/t = -230.70003351919073
    - Ttot/t = -10.363330716560172
    - Utot/t = 3.9057890515173441
* Number of equil. steps   = 1000
* Running VMC equilibration.
  Done. [total walltime: 0.01s]
* Equil. acc.ratio (%)     =  40.8423
* Sample config after equilibration:
  +-----+
  |  0  |
  |u   2|
  |d   d|
  |  u  |
  +-----+
* Number of accum. steps   = 500480 x 10
* Running VMC accumulation.
  Done. [total walltime: 2.72s]
* Acceptance ratio (%)     =  40.9505
* Etot/t                   =  -2.307000430648E+02 +/-   2.197679575592E-05
  > Ttot/t                 =  -1.036338297771E+01 +/-   2.924825990157E-04
  > Utot/t                 =   3.905831767009E+00 +/-   2.923302198518E-04
* var[Eloc/t]              =   2.440782724049E-04 +/-   4.096958415810E-06
* Correlation length       =   9.903446285978E-01
* log10 Psi^2 range: -5.6583574282341225 -- -2.2063182195023314
* log10 Pgen range : -5.6583574282341225 -- -2.2063182195023314
* Site occupation (ave. no. electrons per config.):
  > Site_  ___eu____  ___ed____
      1        0.500      0.500
      2        0.499      0.499
      3        0.500      0.501
      4        0.501      0.497
      5        0.499      0.500
      6        0.502      0.503
* Pair-correlation analysis (ave. no. pairs per config.):
  > Shell  nsite  ___dh____  __eueu___  __eued___
      0      1        0          0          1.033
      1      4        1.062      1.478      3.526
      2      4        0.150      0.844      1.108
      3      4        0.076      0.418      0.553
      4      4        0.232      2.174      1.852
      5      4        0.118      1.085      0.928

Optimization #4:
* Method          : lls
* Target function : energy
* No. of configs. : 50048
* No. of params.  : 17
* Before optimization:
  -9.5615E-01   3.0112E-01  -1.0078E-01  -7.2146E-02  -1.3865E-02  -1.1959E-02
  -1.3204E-01  -1.3295E-01   7.5966E-02   2.7824E-02   1.5128E-01  -5.0640E-02
   4.6208E-02  -4.9739E-02  -7.0773E-02  -8.7686E-02   4.0694E-02
  > E    =  -2.307001127657E+02 +/-   6.950947364571E-05
  > varE =   2.418102615376E-04
* Computing derivatives.
  Done. [total walltime: 1.48s]
* Optimizing manipulation constant:
  #igrid a___________ E____________________________________ varE____________
     1     Infinity    -2.30700113E+02 +/-   6.95094736E-05   2.41810262E-04
     2     1.0000E+06  -2.30700113E+02 +/-   6.95094732E-05   2.41810259E-04
     3     2.1544E+05  -2.30700113E+02 +/-   6.95094716E-05   2.41810248E-04
     4     4.6416E+04  -2.30700113E+02 +/-   6.95094644E-05   2.41810197E-04
     5     1.0000E+04  -2.30700113E+02 +/-   6.95094306E-05   2.41809962E-04
     6     2.1544E+03  -2.30700113E+02 +/-   6.95092739E-05   2.41808872E-04
     7     4.6416E+02  -2.30700113E+02 +/-   6.95085487E-05   2.41803826E-04
     8     1.0000E+02  -2.30700113E+02 +/-   6.95052277E-05   2.41780721E-04
     9     2.1544E+01  -2.30700113E+02 +/-   6.94907181E-05   2.41679785E-04
    10     4.6416E+00  -2.30700112E+02 +/-   6.94382306E-05   2.41314834E-04
    11     1.0000E+00  -2.30700110E+02 +/-   6.93275363E-05   2.40546067E-04
    12     2.1544E-01  -2.30700107E+02 +/-   6.92277664E-05   2.39854222E-04
    13     4.6416E-02  -2.30700105E+02 +/-   6.91851425E-05   2.39558953E-04
    14     1.0000E-02  -2.30700105E+02 +/-   6.91735017E-05   2.39478345E-04
    15     2.1544E-03  -2.30700105E+02 +/-   6.91708370E-05   2.39459896E-04
    16     4.6416E-04  -2.30700105E+02 +/-   6.91702550E-05   2.39455866E-04
    17     1.0000E-04  -2.30700105E+02 +/-   6.91701293E-05   2.39454996E-04
    18     2.1544E-05  -2.30700105E+02 +/-   6.91701022E-05   2.39454808E-04
    19     4.6416E-06  -2.30700105E+02 +/-   6.91700963E-05   2.39454767E-04
    20     1.0000E-06  -2.30700105E+02 +/-   6.91700951E-05   2.39454759E-04
    21     0.0000E+00  -2.30700105E+02 +/-   6.91700947E-05   2.39454756E-04
* Iteration # 1: E =  -2.307001127657E+02 +/-   6.950947364571E-05
* Reached maximum number of iterations: exiting.
* After optimization:
  -9.5615E-01   3.0112E-01  -1.0078E-01  -7.2146E-02  -1.3865E-02  -1.1959E-02
  -1.3204E-01  -1.3295E-01   7.5966E-02   2.7824E-02   1.5128E-01  -5.0640E-02
   4.6208E-02  -4.9739E-02  -7.0773E-02  -8.7686E-02   4.0694E-02
  > Energy =  -2.307001127657E+02 +/-   6.950947364571E-05
  > varE =   2.418102615376E-04

VMC #5:
* Size of Hilbert space =   4.0000E+02
* Deterministic energy evaluation:
  > Deterministic Etot/t = -230.70003351919073
    - Ttot/t = -10.363330716560172
    - Utot/t = 3.9057890515173441
* Number of equil. steps   = 1000
* Running VMC equilibration.
  Done. [total walltime: 0.01s]
* Equil. acc.ratio (%)     =  40.9398
* Sample config after equilibration:
  +-----+
  |  d  |
  |2   u|
  |0   0|
  |  2  |
  +-----+
* Number of accum. steps   = 500480 x 10
* Running VMC accumulation.
  Done. [total walltime: 2.72s]
* Acceptance ratio (%)     =  40.9185
* Etot/t                   =  -2.307000351370E+02 +/-   2.197540509621E-05
  > Ttot/t                 =  -1.036283023381E+01 +/-   2.892020752278E-04
  > Utot/t                 =   3.905286950926E+00 +/-   2.892531889853E-04
* var[Eloc/t]              =   2.436611738421E-04 +/-   4.561586663893E-06
* Correlation length       =   9.919143522388E-01
* log10 Psi^2 range: -6.6164255564538550 -- -2.2063838895861250
* log10 Pgen range : -6.6164255564538550 -- -2.2063838895861250
* Site occupation (ave. no. electrons per config.):
  > Site_  ___eu____  ___ed____
      1        0.498      0.501
      2        0.502      0.498
      3        0.501      0.500
      4        0.504      0.498
      5        0.497      0.501
      6        0.497      0.502
* Pair-correlation analysis (ave. no. pairs per config.):
  > Shell  nsite  ___dh____  __eueu___  __eued___
      0      1        0          0          1.033
      1      4        1.062      1.483      3.521
      2      4        0.152      0.843      1.105
      3      4        0.073      0.419      0.558
      4      4        0.233      2.171      1.852
      5      4        0.117      1.084      0.931

Optimization #5:
* Method          : lls
* Target function : energy
* No. of configs. : 50048
* No. of params.  : 17
* Before optimization:
  -9.5615E-01   3.0112E-01  -1.0078E-01  -7.2146E-02  -1.3865E-02  -1.1959E-02
  -1.3204E-01  -1.3295E-01   7.5966E-02   2.7824E-02   1.5128E-01  -5.0640E-02
   4.6208E-02  -4.9739E-02  -7.0773E-02  -8.7686E-02   4.0694E-02
  > E    =  -2.306999536830E+02 +/-   7.074321229698E-05
  > varE =   2.504703252049E-04
* Computing derivatives.
  Done. [total walltime: 1.48s]
* Optimizing manipulation constant:
  #igrid a___________ E____________________________________ varE____________
     1     Infinity    -2.30699954E+02 +/-   7.07432123E-05   2.50470325E-04
     2     1.0000E+06  -2.30699954E+02 +/-   7.07432120E-05   2.50470323E-04
     3     2.1544E+05  -2.30699954E+02 +/-   7.07432108E-05   2.50470315E-04
     4     4.6416E+04  -2.30699954E+02 +/-   7.07432056E-05   2.50470278E-04
     5     1.0000E+04  -2.30699954E+02 +/-   7.07431811E-05   2.50470104E-04
     6     2.1544E+03  -2.30699954E+02 +/-   7.07430676E-05   2.50469301E-04
     7     4.6416E+02  -2.30699954E+02 +/-   7.07425430E-05   2.50465586E-04
     8     1.0000E+02  -2.30699954E+02 +/-   7.07401509E-05   2.50448647E-04
     9     2.1544E+01  -2.30699954E+02 +/-   7.07299114E-05   2.50376149E-04
    10     4.6416E+00  -2.30699954E+02 +/-   7.06959489E-05   2.50135760E-04
    11     1.0000E+00  -2.30699954E+02 +/-   7.06444084E-05   2.49771173E-04
    12     2.1544E-01  -2.30699953E+02 +/-   7.06431972E-05   2.49762608E-04
    13     4.6416E-02  -2.30699951E+02 +/-   7.06805214E-05   2.50026600E-04
    14     1.0000E-02  -2.30699950E+02 +/-   7.07001766E-05   2.50165677E-04
    15     2.1544E-03  -2.30699950E+02 +/-   7.07055379E-05   2.50203620E-04
    16     4.6416E-04  -2.30699950E+02 +/-   7.07067571E-05   2.50212249E-04
    17     1.0000E-04  -2.30699950E+02 +/-   7.07070229E-05   2.50214130E-04
    18     2.1544E-05  -2.30699950E+02 +/-   7.07070803E-05   2.50214536E-04
    19     4.6416E-06  -2.30699950E+02 +/-   7.07070927E-05   2.50214624E-04
    20     1.0000E-06  -2.30699950E+02 +/-   7.07070954E-05   2.50214643E-04
    21     0.0000E+00  -2.30699950E+02 +/-   7.07070961E-05   2.50214648E-04
* Iteration # 1: E =  -2.306999542542E+02 +/-   7.064440844804E-05
* Reached maximum number of iterations: exiting.
* After optimization:
  -9.4890E-01   3.0004E-01  -1.0301E-01  -7.3411E-02  -1.5470E-02  -1.3273E-02
  -1.2988E-01  -1.3263E-01   7.7017E-02   2.8899E-02   1.5297E-01  -5.2486E-02
   4.8135E-02  -4.9707E-02  -7.0143E-02  -8.8019E-02   4.0189E-02
  > Energy =  -2.306999542542E+02 +/-   7.064440844804E-05
  > varE =   2.497711726060E-04

VMC #6:
* Size of Hilbert space =   4.0000E+02
* Deterministic energy evaluation:
  > Deterministic Etot/t = -230.70003365586564
    - Ttot/t = -10.363314779790175
    - Utot/t = 3.9057729780724357
* Number of equil. steps   = 1000
* Running VMC equilibration.
  Done. [total walltime: 0.01s]
* Equil. acc.ratio (%)     =  41.0212
* Sample config after equilibration:
  +-----+
  |  d  |
  |0   u|
  |2   2|
  |  0  |
  +-----+
* Number of accum. steps   = 500480 x 10
* Running VMC accumulation.
  Done. [total walltime: 2.70s]
* Acceptance ratio (%)     =  40.9271
* Etot/t                   =  -2.307000094244E+02 +/-   2.168433565233E-05
  > Ttot/t                 =  -1.036322168117E+01 +/-   2.929435423418E-04
  > Utot/t                 =   3.905704110965E+00 +/-   2.929674895363E-04
* var[Eloc/t]              =   2.419268417677E-04 +/-   1.873493663041E-06
* Correlation length       =   9.727358304680E-01
* log10 Psi^2 range: -5.6493775782281261 -- -2.1979881330228235
* log10 Pgen range : -5.6493775782281261 -- -2.1979881330228235
* Site occupation (ave. no. electrons per config.):
  > Site_  ___eu____  ___ed____
      1        0.500      0.500
      2        0.497      0.503
      3        0.503      0.498
      4        0.497      0.500
      5        0.501      0.498
      6        0.501      0.501
* Pair-correlation analysis (ave. no. pairs per config.):
  > Shell  nsite  ___dh____  __eueu___  __eued___
      0      1        0          0          1.029
      1      4        1.062      1.481      3.526
      2      4        0.149      0.845      1.107
      3      4        0.075      0.421      0.556
      4      4        0.235      2.169      1.854
      5      4        0.118      1.084      0.928

Optimization #6:
* Method          : lls
* Target function : energy
* No. of configs. : 50048
* No. of params.  : 17
* Before optimization:
  -9.4890E-01   3.0004E-01  -1.0301E-01  -7.3411E-02  -1.5470E-02  -1.3273E-02
  -1.2988E-01  -1.3263E-01   7.7017E-02   2.8899E-02   1.5297E-01  -5.2486E-02
   4.8135E-02  -4.9707E-02  -7.0143E-02  -8.8019E-02   4.0189E-02
  > E    =  -2.307000918509E+02 +/-   6.689299233595E-05
  > varE =   2.239484054592E-04
* Computing derivatives.
  Done. [total walltime: 1.48s]
* Optimizing manipulation constant:
  #igrid a___________ E____________________________________ varE____________
     1     Infinity    -2.30700092E+02 +/-   6.68929923E-05   2.23948405E-04
     2     1.0000E+06  -2.30700092E+02 +/-   6.68929921E-05   2.23948404E-04
     3     2.1544E+05  -2.30700092E+02 +/-   6.68929913E-05   2.23948399E-04
     4     4.6416E+04  -2.30700092E+02 +/-   6.68929877E-05   2.23948375E-04
     5     1.0000E+04  -2.30700092E+02 +/-   6.68929710E-05   2.23948263E-04
     6     2.1544E+03  -2.30700092E+02 +/-   6.68928933E-05   2.23947743E-04
     7     4.6416E+02  -2.30700092E+02 +/-   6.68925341E-05   2.23945337E-04
     8     1.0000E+02  -2.30700092E+02 +/-   6.68908924E-05   2.23934345E-04
     9     2.1544E+01  -2.30700092E+02 +/-   6.68837874E-05   2.23886776E-04
    10     4.6416E+00  -2.30700093E+02 +/-   6.68589981E-05   2.23720847E-04
    11     1.0000E+00  -2.30700094E+02 +/-   6.68120578E-05   2.23406818E-04
    12     2.1544E-01  -2.30700096E+02 +/-   6.67839772E-05   2.23219066E-04
    13     4.6416E-02  -2.30700097E+02 +/-   6.67867141E-05   2.23237361E-04
    14     1.0000E-02  -2.30700098E+02 +/-   6.67915249E-05   2.23269523E-04
    15     2.1544E-03  -2.30700098E+02 +/-   6.67930165E-05   2.23279496E-04
    16     4.6416E-04  -2.30700098E+02 +/-   6.67933646E-05   2.23281823E-04
    17     1.0000E-04  -2.30700098E+02 +/-   6.67934409E-05   2.23282333E-04
    18     2.1544E-05  -2.30700098E+02 +/-   6.67934574E-05   2.23282443E-04
    19     4.6416E-06  -2.30700098E+02 +/-   6.67934610E-05   2.23282467E-04
    20     1.0000E-06  -2.30700098E+02 +/-   6.67934618E-05   2.23282472E-04
    21     0.0000E+00  -2.30700098E+02 +/-   6.67934620E-05   2.23282474E-04
* Iteration # 1: E =  -2.307000979884E+02 +/-   6.679346196798E-05
* Reached maximum number of iterations: exiting.
* After optimization:
  -9.3766E-01   2.9690E-01  -1.0363E-01  -7.6547E-02  -1.8033E-02  -1.4444E-02
  -1.2694E-01  -1.3293E-01   7.9237E-02   2.9943E-02   1.5761E-01  -5.2989E-02
   5.1241E-02  -5.1102E-02  -7.0220E-02  -8.7631E-02   4.0003E-02
  > Energy =  -2.307000979884E+02 +/-   6.679346196798E-05
  > varE =   2.232824736784E-04

VMC #7:
* Size of Hilbert space =   4.0000E+02
* Deterministic energy evaluation:
  > Deterministic Etot/t = -230.70003370286852
    - Ttot/t = -10.363382759227790
    - Utot/t = 3.9058409105071674
* Number of equil. steps   = 1000
* Running VMC equilibration.
  Done. [total walltime: 0.01s]
* Equil. acc.ratio (%)     =  40.7996
* Sample config after equilibration:
  +-----+
  |  d  |
  |0   2|
  |2   0|
  |  u  |
  +-----+
* Number of accum. steps   = 500480 x 10
* Running VMC accumulation.
  Done. [total walltime: 2.72s]
* Acceptance ratio (%)     =  40.9588
* Etot/t                   =  -2.307000631371E+02 +/-   2.446067997370E-05
  > Ttot/t                 =  -1.036310040020E+01 +/-   2.928025307439E-04
  > Utot/t                 =   3.905529117269E+00 +/-   2.917093502605E-04
* var[Eloc/t]              =   3.038436301847E-04 +/-   6.117490620373E-05
* Correlation length       =   9.855386079381E-01
* log10 Psi^2 range: -5.6368147667501072 -- -2.1876187636145539
* log10 Pgen range : -5.6368147667501072 -- -2.1876187636145539
* Site occupation (ave. no. electrons per config.):
  > Site_  ___eu____  ___ed____
      1        0.501      0.500
      2        0.497      0.502
      3        0.501      0.497
      4        0.503      0.499
      5        0.498      0.501
      6        0.499      0.502
* Pair-correlation analysis (ave. no. pairs per config.):
  > Shell  nsite  ___dh____  __eueu___  __eued___
      0      1        0          0          1.031
      1      4        1.061      1.484      3.523
      2      4        0.153      0.843      1.105
      3      4        0.075      0.421      0.553
      4      4        0.232      2.166      1.861
      5      4        0.117      1.085      0.928

Optimization #7:
* Method          : lls
* Target function : energy
* No. of configs. : 50048
* No. of params.  : 17
* Before optimization:
  -9.3766E-01   2.9690E-01  -1.0363E-01  -7.6547E-02  -1.8033E-02  -1.4444E-02
  -1.2694E-01  -1.3293E-01   7.9237E-02   2.9943E-02   1.5761E-01  -5.2989E-02
   5.1241E-02  -5.1102E-02  -7.0220E-02  -8.7631E-02   4.0003E-02
  > E    =  -2.306999001154E+02 +/-   6.700517559540E-05
  > varE =   2.247001831192E-04
* Computing derivatives.
  Done. [total walltime: 1.49s]
* Optimizing manipulation constant:
  #igrid a___________ E____________________________________ varE____________
     1     Infinity    -2.30699900E+02 +/-   6.70051756E-05   2.24700183E-04
     2     1.0000E+06  -2.30699900E+02 +/-   6.70051755E-05   2.24700182E-04
     3     2.1544E+05  -2.30699900E+02 +/-   6.70051752E-05   2.24700180E-04
     4     4.6416E+04  -2.30699900E+02 +/-   6.70051736E-05   2.24700170E-04
     5     1.0000E+04  -2.30699900E+02 +/-   6.70051663E-05   2.24700121E-04
     6     2.1544E+03  -2.30699900E+02 +/-   6.70051325E-05   2.24699894E-04
     7     4.6416E+02  -2.30699900E+02 +/-   6.70049767E-05   2.24698849E-04
     8     1.0000E+02  -2.30699900E+02 +/-   6.70042724E-05   2.24694126E-04
     9     2.1544E+01  -2.30699900E+02 +/-   6.70013845E-05   2.24674757E-04
    10     4.6416E+00  -2.30699900E+02 +/-   6.69938655E-05   2.24624333E-04
    11     1.0000E+00  -2.30699899E+02 +/-   6.69991859E-05   2.24660012E-04
    12     2.1544E-01  -2.30699898E+02 +/-   6.70435473E-05   2.24957614E-04
    13     4.6416E-02  -2.30699897E+02 +/-   6.70787703E-05   2.25194050E-04
    14     1.0000E-02  -2.30699896E+02 +/-   6.70903427E-05   2.25271757E-04
    15     2.1544E-03  -2.30699896E+02 +/-   6.70931151E-05   2.25290376E-04
    16     4.6416E-04  -2.30699896E+02 +/-   6.70937268E-05   2.25294484E-04
    17     1.0000E-04  -2.30699896E+02 +/-   6.70938593E-05   2.25295374E-04
    18     2.1544E-05  -2.30699896E+02 +/-   6.70938878E-05   2.25295566E-04
    19     4.6416E-06  -2.30699896E+02 +/-   6.70938940E-05   2.25295607E-04
    20     1.0000E-06  -2.30699896E+02 +/-   6.70938953E-05   2.25295616E-04
    21     0.0000E+00  -2.30699896E+02 +/-   6.70938957E-05   2.25295618E-04
* Iteration # 1: E =  -2.306999001154E+02 +/-   6.700517550252E-05
* Reached maximum number of iterations: exiting.
* After optimization:
  -9.3766E-01   2.9690E-01  -1.0363E-01  -7.6547E-02  -1.8033E-02  -1.4444E-02
  -1.2694E-01  -1.3293E-01   7.9237E-02   2.9942E-02   1.5761E-01  -5.2989E-02
   5.1241E-02  -5.1102E-02  -7.0220E-02  -8.7631E-02   4.0003E-02
  > Energy =  -2.306999001154E+02 +/-   6.700517550252E-05
  > varE =   2.247001824963E-04

VMC #8:
* Size of Hilbert space =   4.0000E+02
* Deterministic energy evaluation:
  > Deterministic Etot/t = -230.70003370286818
    - Ttot/t = -10.363382759083208
    - Utot/t = 3.9058409103628779
* Number of equil. steps   = 1000
* Running VMC equilibration.
  Done. [total walltime: 0.01s]
* Equil. acc.ratio (%)     =  41.0072
* Sample config after equilibration:
  +-----+
  |  2  |
  |0   d|
  |d   u|
  |  u  |
  +-----+
* Number of accum. steps   = 500480 x 10
* Running VMC accumulation.
  Done. [total walltime: 2.71s]
* Acceptance ratio (%)     =  40.9405
* Etot/t                   =  -2.307000602824E+02 +/-   2.241781531333E-05
  > Ttot/t                 =  -1.036293195967E+01 +/-   2.919727331331E-04
  > Utot/t                 =   3.905363531434E+00 +/-   2.911006589716E-04
* var[Eloc/t]              =   2.437306411587E-04 +/-   4.557655482104E-06
* Correlation length       =   1.031960727500E+00
* log10 Psi^2 range: -6.5842931352534197 -- -2.1876160893857635
* log10 Pgen range : -6.5842931352534197 -- -2.1876160893857635
* Site occupation (ave. no. electrons per config.):
  > Site_  ___eu____  ___ed____
      1        0.502      0.499
      2        0.497      0.499
      3        0.500      0.502
      4        0.499      0.502
      5        0.500      0.500
      6        0.501      0.499
* Pair-correlation analysis (ave. no. pairs per config.):
  > Shell  nsite  ___dh____  __eueu___  __eued___
      0      1        0          0          1.030
      1      4        1.057      1.487      3.524
      2      4        0.152      0.846      1.104
      3      4        0.074      0.421      0.550
      4      4        0.232      2.162      1.862
      5      4        0.119      1.084      0.930

Optimization #8:
* Method          : lls
* Target function : energy
* No. of configs. : 50048
* No. of params.  : 17
* Before optimization:
  -9.3766E-01   2.9690E-01  -1.0363E-01  -7.6547E-02  -1.8033E-02  -1.4444E-02
  -1.2694E-01  -1.3293E-01   7.9237E-02   2.9942E-02   1.5761E-01  -5.2989E-02
   5.1241E-02  -5.1102E-02  -7.0220E-02  -8.7631E-02   4.0003E-02
  > E    =  -2.307000570669E+02 +/-   7.322625123182E-05
  > varE =   2.683615734990E-04
* Computing derivatives.
  Done. [total walltime: 1.48s]
* Optimizing manipulation constant:
  #igrid a___________ E____________________________________ varE____________
     1     Infinity    -2.30700057E+02 +/-   7.32262512E-05   2.68361573E-04
     2     1.0000E+06  -2.30700057E+02 +/-   7.32262503E-05   2.68361567E-04
     3     2.1544E+05  -2.30700057E+02 +/-   7.32262470E-05   2.68361543E-04
     4     4.6416E+04  -2.30700057E+02 +/-   7.32262318E-05   2.68361431E-04
     5     1.0000E+04  -2.30700057E+02 +/-   7.32261611E-05   2.68360913E-04
     6     2.1544E+03  -2.30700057E+02 +/-   7.32258331E-05   2.68358509E-04
     7     4.6416E+02  -2.30700057E+02 +/-   7.32243154E-05   2.68347384E-04
     8     1.0000E+02  -2.30700057E+02 +/-   7.32173685E-05   2.68296470E-04
     9     2.1544E+01  -2.30700057E+02 +/-   7.31870958E-05   2.68074655E-04
    10     4.6416E+00  -2.30700057E+02 +/-   7.30787058E-05   2.67281206E-04
    11     1.0000E+00  -2.30700056E+02 +/-   7.28570520E-05   2.65662292E-04
    12     2.1544E-01  -2.30700055E+02 +/-   7.26707409E-05   2.64305319E-04
    13     4.6416E-02  -2.30700054E+02 +/-   7.25984033E-05   2.63779394E-04
    14     1.0000E-02  -2.30700054E+02 +/-   7.25796619E-05   2.63643221E-04
    15     2.1544E-03  -2.30700054E+02 +/-   7.25754355E-05   2.63612518E-04
    16     4.6416E-04  -2.30700054E+02 +/-   7.25745157E-05   2.63605835E-04
    17     1.0000E-04  -2.30700054E+02 +/-   7.25743170E-05   2.63604392E-04
    18     2.1544E-05  -2.30700054E+02 +/-   7.25742742E-05   2.63604081E-04
    19     4.6416E-06  -2.30700054E+02 +/-   7.25742650E-05   2.63604014E-04
    20     1.0000E-06  -2.30700054E+02 +/-   7.25742630E-05   2.63604000E-04
    21     0.0000E+00  -2.30700054E+02 +/-   7.25742625E-05   2.63603996E-04
* Iteration # 1: E =  -2.307000568663E+02 +/-   7.307870581751E-05
* Reached maximum number of iterations: exiting.
* After optimization:
  -9.3581E-01   2.9657E-01  -1.0384E-01  -7.6946E-02  -1.7866E-02  -1.4850E-02
  -1.2653E-01  -1.3215E-01   7.8883E-02   3.0006E-02   1.5682E-01  -5.1969E-02
   5.0789E-02  -5.0646E-02  -7.0082E-02  -8.7135E-02   3.9925E-02
  > Energy =  -2.307000568663E+02 +/-   7.307870581751E-05
  > varE =   2.672812060658E-04

VMC #9:
* Size of Hilbert space =   4.0000E+02
* Deterministic energy evaluation:
  > Deterministic Etot/t = -230.70003407248498
    - Ttot/t = -10.363398466801168
    - Utot/t = 3.9058562484641062
* Number of equil. steps   = 1000
* Running VMC equilibration.
  Done. [total walltime: 0.01s]
* Equil. acc.ratio (%)     =  40.8948
* Sample config after equilibration:
  +-----+
  |  2  |
  |u   0|
  |d   d|
  |  u  |
  +-----+
* Number of accum. steps   = 500480 x 10
* Running VMC accumulation.
  Done. [total walltime: 2.69s]
* Acceptance ratio (%)     =  40.9880
* Etot/t                   =  -2.307000677246E+02 +/-   2.175800478734E-05
  > Ttot/t                 =  -1.036335461001E+01 +/-   2.907903207158E-04
  > Utot/t                 =   3.905778739536E+00 +/-   2.903423664748E-04
* var[Eloc/t]              =   2.371763303887E-04 +/-   3.050139376967E-06
* Correlation length       =   9.989724646861E-01
* log10 Psi^2 range: -5.6334951503100053 -- -2.1846050831401755
* log10 Pgen range : -5.6334951503100053 -- -2.1846050831401755
* Site occupation (ave. no. electrons per config.):
  > Site_  ___eu____  ___ed____
      1        0.501      0.500
      2        0.502      0.500
      3        0.498      0.498
      4        0.503      0.500
      5        0.496      0.502
      6        0.501      0.500
* Pair-correlation analysis (ave. no. pairs per config.):
  > Shell  nsite  ___dh____  __eueu___  __eued___
      0      1        0          0          1.035
      1      4        1.064      1.478      3.522
      2      4        0.151      0.839      1.108
      3      4        0.074      0.425      0.554
      4      4        0.237      2.169      1.853
      5      4        0.114      1.088      0.927

Optimization #9:
* Method          : lls
* Target function : energy
* No. of configs. : 50048
* No. of params.  : 17
* Before optimization:
  -9.3581E-01   2.9657E-01  -1.0384E-01  -7.6946E-02  -1.7866E-02  -1.4850E-02
  -1.2653E-01  -1.3215E-01   7.8883E-02   3.0006E-02   1.5682E-01  -5.1969E-02
   5.0789E-02  -5.0646E-02  -7.0082E-02  -8.7135E-02   3.9925E-02
  > E    =  -2.307000627013E+02 +/-   6.700099546938E-05
  > varE =   2.246721480973E-04
* Computing derivatives.
  Done. [total walltime: 1.48s]
* Optimizing manipulation constant:
  #igrid a___________ E____________________________________ varE____________
     1     Infinity    -2.30700063E+02 +/-   6.70009955E-05   2.24672148E-04
     2     1.0000E+06  -2.30700063E+02 +/-   6.70009952E-05   2.24672147E-04
     3     2.1544E+05  -2.30700063E+02 +/-   6.70009944E-05   2.24672141E-04
     4     4.6416E+04  -2.30700063E+02 +/-   6.70009904E-05   2.24672114E-04
     5     1.0000E+04  -2.30700063E+02 +/-   6.70009719E-05   2.24671990E-04
     6     2.1544E+03  -2.30700063E+02 +/-   6.70008859E-05   2.24671413E-04
     7     4.6416E+02  -2.30700063E+02 +/-   6.70004877E-05   2.24668743E-04
     8     1.0000E+02  -2.30700063E+02 +/-   6.69986572E-05   2.24656466E-04
     9     2.1544E+01  -2.30700063E+02 +/-   6.69905237E-05   2.24601924E-04
    10     4.6416E+00  -2.30700063E+02 +/-   6.69591358E-05   2.24391502E-04
    11     1.0000E+00  -2.30700064E+02 +/-   6.68798728E-05   2.23860569E-04
    12     2.1544E-01  -2.30700065E+02 +/-   6.67584474E-05   2.23048436E-04
    13     4.6416E-02  -2.30700065E+02 +/-   6.66953007E-05   2.22626674E-04
    14     1.0000E-02  -2.30699975E+02 +/-   7.23972605E-05   2.62319752E-04
    15     2.1544E-03  -2.30698066E+02 +/-   1.52318570E-04   1.16116098E-03
    16     4.6416E-04  -2.30676611E+02 +/-   4.66394110E-04   1.08866144E-02
    17     1.0000E-04  -2.30604465E+02 +/-   8.59011662E-04   3.69304711E-02
    18     2.1544E-05  -2.30542131E+02 +/-   1.01020534E-03   5.10747262E-02
    19     4.6416E-06  -2.30519197E+02 +/-   1.04186781E-03   5.43265297E-02
    20     1.0000E-06  -2.30513358E+02 +/-   1.04817969E-03   5.49867701E-02
    21     0.0000E+00  -2.30511682E+02 +/-   1.04986463E-03   5.51636933E-02
* Iteration # 1: E =  -2.307000652023E+02 +/-   6.675844742845E-05
* Reached maximum number of iterations: exiting.
* After optimization:
  -9.3997E-01   2.9675E-01  -1.0094E-01  -7.6078E-02  -1.6455E-02  -1.4366E-02
  -1.2711E-01  -1.3218E-01   7.7556E-02   2.7947E-02   1.5594E-01  -5.2286E-02
   5.0189E-02  -5.1006E-02  -7.1377E-02  -8.7194E-02   4.0545E-02
  > Energy =  -2.307000652023E+02 +/-   6.675844742845E-05
  > varE =   2.230484362874E-04

VMC #10:
* Size of Hilbert space =   4.0000E+02
* Deterministic energy evaluation:
  > Deterministic Etot/t = -230.70003371854568
    - Ttot/t = -10.363283698854689
    - Utot/t = 3.9057418344568853
* Number of equil. steps   = 1000
* Running VMC equilibration.
  Done. [total walltime: 0.01s]
* Equil. acc.ratio (%)     =  41.0247
* Sample config after equilibration:
  +-----+
  |  d  |
  |u   u|
  |d   2|
  |  0  |
  +-----+
* Number of accum. steps   = 500480 x 10
* Running VMC accumulation.
  Done. [total walltime: 2.71s]
* Acceptance ratio (%)     =  40.9361
* Etot/t                   =  -2.307000410550E+02 +/-   2.193999642060E-05
  > Ttot/t                 =  -1.036321587126E+01 +/-   2.911820956929E-04
  > Utot/t                 =   3.905666670364E+00 +/-   2.906860750462E-04
* var[Eloc/t]              =   2.414827583328E-04 +/-   4.000655578748E-06
* Correlation length       =   9.976396558650E-01
* log10 Psi^2 range: -5.6394205896318983 -- -2.1896674803346214
* log10 Pgen range : -5.6394205896318983 -- -2.1896674803346214
* Site occupation (ave. no. electrons per config.):
  > Site_  ___eu____  ___ed____
      1        0.502      0.498
      2        0.500      0.500
      3        0.499      0.500
      4        0.501      0.505
      5        0.499      0.502
      6        0.500      0.496
* Pair-correlation analysis (ave. no. pairs per config.):
  > Shell  nsite  ___dh____  __eueu___  __eued___
      0      1        0          0          1.035
      1      4        1.067      1.482      3.516
      2      4        0.154      0.840      1.106
      3      4        0.075      0.423      0.553
      4      4        0.230      2.171      1.863
      5      4        0.118      1.084      0.928

VDAGGER finished.
Total VDAGGER walltime: 1m31s

Run ended: Fri Sep 26 18:37:34 CEST 2025
