Run started: Fri Sep 26 18:45:22 CEST 2025
Using VDAGGER_ARCH = gnu7_fkfamd_cluster
Running 1x128 MPI processes.

                               xx
                              +##
                               #X
                               Xx
                          X##XxXxxX##x
                           +   Xx  ++
                               ##
                              +##
                              +##
     ++++         ++          +##
   xX+++##+      ####         +##
  Xx    ###      +X##          ##
 xX    X##+        ##          #X
 +    x##X         #x          #X
      ###         +#           x+
     X##+         #+
     ###         Xx                    _______
     ##X       +X+   __________________VDAGGER
     +##x    +xX     2nd quantized variational
       +xxxxx+       ______quantum Monte Carlo

* Running 128 MPI processes.
* Input file: "input.casl"

############# Start of input file dump #############
General:
  Random seed: timer

Plan:
  VMC-optimization:
    Minimum cycles: 10
    Convergence cycles: 5

System:
  Read Hamiltonian: FCIDUMP_loc_benzene
  Read orbitals: LTSC_benzene
  Complex orbitals: F
  Geometry:
    r_5: [ 0.00000000000000, 2.63994739601739 ]
    r_4: [ 2.28626150960564, 1.31997369800870 ]
    r_6: [ 2.28626150960564, -1.31997369800870 ]
    r_2: [ 0.00000000000000, -2.63994739601739 ]
    r_3: [ -2.28626150960564, -1.31997369800870 ]
    r_1: [ -2.28626150960564, 1.31997369800870 ]

VMC:
  nstep: 500000
  nconfig: 50000

Jastrow: wfn.casl

Multideterminants: wfn.casl
############## End of input file dump ##############

General setup:
* Random seed: 1874608888 (from timer)

* Loaded integrals for system with nelec=6, ms2=0, norb=6
* INFO: setting number of electrons from integrals file.
* Analysis of Hamiltonian connecitivity performed:
  - T_ii (local, 1-site): 6 (i) values
  - U_iiii [opp] (local, 1-site): 6 (i) values
  - U_kkii [opp] (local, 2-site): 30 contribs. from 6 (i) values
  - U_kkii [par] (local, 2-site): 15 contribs. from 5 (i) values
  - T_ji (single, 2-site): 30 contribs. from 6 (i) values
  - U_kkji [opp] (single, 2/3-site): 180 contribs. from 30 (i,j) pairs
  - U_kkji [par] (single, 3-site): 150 contribs. from 30 (i,j) pairs
  - U_lkji [opp] (double, 2/3/4-site): 900 contribs. from 30 (i,j) pairs
  - U_lkji [par] (double, 4-site): 170 contribs. from 20 (i,j) pairs
  - Max. no. wfn. ratios in Eloc: 255
* Reading override orbitals from file "LTSC_benzene".
* Site labels:
  +-----+
  |  5  |
  |1   4|
  |3   6|
  |  2  |
  +-----+
* Automatically set Site kinds:
  [ 1, 1, 1, 1, 1, 1 ]
  +-----+
  |  1  |
  |1   1|
  |1   1|
  |  1  |
  +-----+
* Maximum Site kind: 1
* Number of site-pair kinds with Tij=0: 0
* Automatically set Site pair kinds:
  Site 1: [ 0, 4, 1, -5, -1, -2 ]
  Site 2: [ 4, 0, 1, -4, -3, -1 ]
  Site 3: [ 1, 1, 0, -2, -4, -5 ]
  Site 4: [ -5, -4, -2, 0, 1, 1 ]
  Site 5: [ -1, -3, -4, 1, 0, 4 ]
  Site 6: [ -2, -1, -5, 1, 4, 0 ]
  For site 1 of kind 1:
  +--------+
  |   -1   |
  | 0    -5|
  | 1    -2|
  |    4   |
  +--------+
* Maximum (unsigned) Site pair kind: 5
General system setup:
* Number of sites       : 6
* Number of electrons   : 6
* Spin imbalance MS2    : 0
* Filling               : 0.500000
* Number of orbitals in pool: 6
* Using real-valued orbitals
* Using double-precision arithmetic for orbitals

Trial wave function setup:
* Jastrow parameter file: "wfn.casl"
* Multideterminant parameter file: "wfn.casl"
* Not using a backflow transformation
* Not using wave function manipulation

VMC #1:
* Size of Hilbert space =   4.0000E+02
* Deterministic energy evaluation:
  > Deterministic Etot/t = -230.70003371854568
    - Ttot/t = -10.363283698854689
    - Utot/t = 3.9057418344568853
* Number of equil. steps   = 1000
* Running VMC equilibration.
  Done. [total walltime: 0.02s]
* Equil. acc.ratio (%)     =  41.0156
* Sample config after equilibration:
  +-----+
  |  d  |
  |u   u|
  |d   u|
  |  d  |
  +-----+
* Number of accum. steps   = 500480 x 10
* Running VMC accumulation.
  Done. [total walltime: 3.07s]
* Acceptance ratio (%)     =  40.9133
* Etot/t                   =  -2.306999900681E+02 +/-   2.177026857757E-05
  > Ttot/t                 =  -1.036312272860E+01 +/-   2.935673541450E-04
  > Utot/t                 =   3.905624514612E+00 +/-   2.934203764430E-04
* var[Eloc/t]              =   2.355248694983E-04 +/-   3.056376821664E-06
* Correlation length       =   1.007111439569E+00
* log10 Psi^2 range: -5.6394194761145062 -- -2.1896819982872566
* log10 Pgen range : -5.6394194761145062 -- -2.1896819982872566
* Site occupation (ave. no. electrons per config.):
  > Site_  ___eu____  ___ed____
      1        0.498      0.501
      2        0.500      0.503
      3        0.496      0.500
      4        0.496      0.501
      5        0.506      0.498
      6        0.504      0.496
* Pair-correlation analysis (ave. no. pairs per config.):
  > Shell  nsite  ___dh____  __eueu___  __eued___
      0      1        0          0          1.030
      1      4        1.061      1.488      3.518
      2      4        0.150      0.841      1.100
      3      4        0.075      0.427      0.557
      4      4        0.233      2.166      1.867
      5      4        0.115      1.077      0.928

Optimization #1:
* Method          : lls
* Target function : energy
* No. of configs. : 50048
* No. of params.  : 17
* Before optimization:
  -9.3997E-01   2.9675E-01  -1.0094E-01  -7.6078E-02  -1.6455E-02  -1.4366E-02
  -1.2711E-01  -1.3218E-01   7.7556E-02   2.7947E-02   1.5594E-01  -5.2286E-02
   5.0189E-02  -5.1006E-02  -7.1377E-02  -8.7194E-02   4.0545E-02
  > E    =  -2.306999947810E+02 +/-   6.591709611702E-05
  > varE =   2.174617410760E-04
* Computing derivatives.
  Done. [total walltime: 1.50s]
* Optimizing manipulation constant:
  #igrid a___________ E____________________________________ varE____________
     1     Infinity    -2.30699995E+02 +/-   6.59170961E-05   2.17461741E-04
     2     1.0000E+06  -2.30699995E+02 +/-   6.59170957E-05   2.17461739E-04
     3     2.1544E+05  -2.30699995E+02 +/-   6.59170944E-05   2.17461730E-04
     4     4.6416E+04  -2.30699995E+02 +/-   6.59170882E-05   2.17461689E-04
     5     1.0000E+04  -2.30699995E+02 +/-   6.59170593E-05   2.17461498E-04
     6     2.1544E+03  -2.30699995E+02 +/-   6.59169254E-05   2.17460615E-04
     7     4.6416E+02  -2.30699995E+02 +/-   6.59163068E-05   2.17456533E-04
     8     1.0000E+02  -2.30699995E+02 +/-   6.59134939E-05   2.17437974E-04
     9     2.1544E+01  -2.30699995E+02 +/-   6.59016092E-05   2.17359570E-04
    10     4.6416E+00  -2.30699995E+02 +/-   6.58649175E-05   2.17117601E-04
    11     1.0000E+00  -2.30699994E+02 +/-   6.58339930E-05   2.16913769E-04
    12     2.1544E-01  -2.30699993E+02 +/-   6.58950634E-05   2.17316393E-04
    13     4.6416E-02  -2.30699992E+02 +/-   6.59575968E-05   2.17729048E-04
    14     1.0000E-02  -2.30699992E+02 +/-   6.59789245E-05   2.17869878E-04
    15     2.1544E-03  -2.30699992E+02 +/-   6.59840702E-05   2.17903863E-04
    16     4.6416E-04  -2.30699992E+02 +/-   6.59852073E-05   2.17911373E-04
    17     1.0000E-04  -2.30699992E+02 +/-   6.59854536E-05   2.17913000E-04
    18     2.1544E-05  -2.30699992E+02 +/-   6.59855067E-05   2.17913351E-04
    19     4.6416E-06  -2.30699992E+02 +/-   6.59855182E-05   2.17913427E-04
    20     1.0000E-06  -2.30699992E+02 +/-   6.59855206E-05   2.17913443E-04
    21     0.0000E+00  -2.30699992E+02 +/-   6.59855213E-05   2.17913447E-04
* Iteration # 1: E =  -2.306999948914E+02 +/-   6.586491745306E-05
* Convergence: exiting.
* After optimization:
  -9.4267E-01   2.9744E-01  -1.0112E-01  -7.5309E-02  -1.6401E-02  -1.3891E-02
  -1.2764E-01  -1.3283E-01   7.7673E-02   2.8069E-02   1.5618E-01  -5.3216E-02
   5.0266E-02  -5.1256E-02  -7.1229E-02  -8.7655E-02   4.0537E-02
  > Energy =  -2.306999948914E+02 +/-   6.586491745306E-05
  > varE =   2.171176005477E-04

VMC #2:
* Size of Hilbert space =   4.0000E+02
* Deterministic energy evaluation:
  > Deterministic Etot/t = -230.70003359454711
    - Ttot/t = -10.363268710755003
    - Utot/t = 3.9057269703557900
* Number of equil. steps   = 1000
* Running VMC equilibration.
  Done. [total walltime: 0.01s]
* Equil. acc.ratio (%)     =  41.0764
* Sample config after equilibration:
  +-----+
  |  d  |
  |u   2|
  |d   0|
  |  u  |
  +-----+
* Number of accum. steps   = 500480 x 10
* Running VMC accumulation.
  Done. [total walltime: 2.71s]
* Acceptance ratio (%)     =  40.9463
* Etot/t                   =  -2.307000140495E+02 +/-   2.139374997711E-05
  > Ttot/t                 =  -1.036282235453E+01 +/-   2.909322757772E-04
  > Utot/t                 =   3.905300159177E+00 +/-   2.904632583565E-04
* var[Eloc/t]              =   2.382804984163E-04 +/-   3.711917966573E-06
* Correlation length       =   9.613290344040E-01
* log10 Psi^2 range: -6.6004258186443465 -- -2.1931675003574980
* log10 Pgen range : -6.6004258186443465 -- -2.1931675003574980
* Site occupation (ave. no. electrons per config.):
  > Site_  ___eu____  ___ed____
      1        0.501      0.501
      2        0.505      0.497
      3        0.498      0.500
      4        0.496      0.499
      5        0.503      0.499
      6        0.498      0.504
* Pair-correlation analysis (ave. no. pairs per config.):
  > Shell  nsite  ___dh____  __eueu___  __eued___
      0      1        0          0          1.030
      1      4        1.064      1.481      3.521
      2      4        0.153      0.839      1.103
      3      4        0.076      0.422      0.554
      4      4        0.226      2.175      1.864
      5      4        0.116      1.083      0.928

Optimization #2:
* Method          : lls
* Target function : energy
* No. of configs. : 50048
* No. of params.  : 17
* Before optimization:
  -9.4267E-01   2.9744E-01  -1.0112E-01  -7.5309E-02  -1.6401E-02  -1.3891E-02
  -1.2764E-01  -1.3283E-01   7.7673E-02   2.8069E-02   1.5618E-01  -5.3216E-02
   5.0266E-02  -5.1256E-02  -7.1229E-02  -8.7655E-02   4.0537E-02
  > E    =  -2.307001010802E+02 +/-   7.022110894163E-05
  > varE =   2.467868952484E-04
* Computing derivatives.
  Done. [total walltime: 1.50s]
* Optimizing manipulation constant:
  #igrid a___________ E____________________________________ varE____________
     1     Infinity    -2.30700101E+02 +/-   7.02211089E-05   2.46786895E-04
     2     1.0000E+06  -2.30700101E+02 +/-   7.02211087E-05   2.46786894E-04
     3     2.1544E+05  -2.30700101E+02 +/-   7.02211080E-05   2.46786888E-04
     4     4.6416E+04  -2.30700101E+02 +/-   7.02211044E-05   2.46786863E-04
     5     1.0000E+04  -2.30700101E+02 +/-   7.02210879E-05   2.46786747E-04
     6     2.1544E+03  -2.30700101E+02 +/-   7.02210113E-05   2.46786209E-04
     7     4.6416E+02  -2.30700101E+02 +/-   7.02206573E-05   2.46783721E-04
     8     1.0000E+02  -2.30700101E+02 +/-   7.02190485E-05   2.46772413E-04
     9     2.1544E+01  -2.30700101E+02 +/-   7.02122685E-05   2.46724761E-04
    10     4.6416E+00  -2.30700102E+02 +/-   7.01917600E-05   2.46580649E-04
    11     1.0000E+00  -2.30700105E+02 +/-   7.01827060E-05   2.46517040E-04
    12     2.1544E-01  -2.30700108E+02 +/-   7.02847510E-05   2.47234429E-04
    13     4.6416E-02  -2.30700111E+02 +/-   7.04406032E-05   2.48332099E-04
    14     1.0000E-02  -2.30700111E+02 +/-   7.05129004E-05   2.48842116E-04
    15     2.1544E-03  -2.30700111E+02 +/-   7.05322018E-05   2.48978364E-04
    16     4.6416E-04  -2.30700111E+02 +/-   7.05365720E-05   2.49009219E-04
    17     1.0000E-04  -2.30700111E+02 +/-   7.05375239E-05   2.49015940E-04
    18     2.1544E-05  -2.30700111E+02 +/-   7.05377294E-05   2.49017391E-04
    19     4.6416E-06  -2.30700111E+02 +/-   7.05377737E-05   2.49017704E-04
    20     1.0000E-06  -2.30700111E+02 +/-   7.05377833E-05   2.49017771E-04
    21     0.0000E+00  -2.30700111E+02 +/-   7.05377859E-05   2.49017790E-04
* Iteration # 1: E =  -2.307001112559E+02 +/-   7.053778590172E-05
* Diminishing returns: exiting.
* After optimization:
  -9.3241E-01   2.9526E-01  -1.0397E-01  -7.2972E-02  -1.6889E-02  -1.4864E-02
  -1.2588E-01  -1.2996E-01   7.8112E-02   2.8991E-02   1.5535E-01  -5.2835E-02
   4.9633E-02  -5.0483E-02  -6.7949E-02  -8.8221E-02   4.0062E-02
  > Energy =  -2.307001112559E+02 +/-   7.053778590172E-05
  > varE =   2.490177897994E-04

VMC #3:
* Size of Hilbert space =   4.0000E+02
* Deterministic energy evaluation:
  > Deterministic Etot/t = -230.70003143477223
    - Ttot/t = -10.363644046512446
    - Utot/t = 3.9061044658881086
* Number of equil. steps   = 1000
* Running VMC equilibration.
  Done. [total walltime: 0.01s]
* Equil. acc.ratio (%)     =  40.9721
* Sample config after equilibration:
  +-----+
  |  d  |
  |u   d|
  |d   u|
  |  u  |
  +-----+
* Number of accum. steps   = 500480 x 10
* Running VMC accumulation.
  Done. [total walltime: 2.71s]
* Acceptance ratio (%)     =  40.9760
* Etot/t                   =  -2.307000406602E+02 +/-   2.224617834034E-05
  > Ttot/t                 =  -1.036330525918E+01 +/-   2.937273745602E-04
  > Utot/t                 =   3.905756453143E+00 +/-   2.933267342867E-04
* var[Eloc/t]              =   2.523181121879E-04 +/-   4.280992463233E-06
* Correlation length       =   9.816329537493E-01
* log10 Psi^2 range: -6.5540019368045721 -- -2.1804338536465524
* log10 Pgen range : -6.5540019368045721 -- -2.1804338536465524
* Site occupation (ave. no. electrons per config.):
  > Site_  ___eu____  ___ed____
      1        0.502      0.496
      2        0.499      0.497
      3        0.501      0.501
      4        0.502      0.499
      5        0.495      0.506
      6        0.500      0.502
* Pair-correlation analysis (ave. no. pairs per config.):
  > Shell  nsite  ___dh____  __eueu___  __eued___
      0      1        0          0          1.033
      1      4        1.064      1.483      3.519
      2      4        0.154      0.845      1.101
      3      4        0.075      0.421      0.550
      4      4        0.229      2.168      1.862
      5      4        0.115      1.083      0.936

Optimization #3:
* Method          : lls
* Target function : energy
* No. of configs. : 50048
* No. of params.  : 17
* Before optimization:
  -9.3241E-01   2.9526E-01  -1.0397E-01  -7.2972E-02  -1.6889E-02  -1.4864E-02
  -1.2588E-01  -1.2996E-01   7.8112E-02   2.8991E-02   1.5535E-01  -5.2835E-02
   4.9633E-02  -5.0483E-02  -6.7949E-02  -8.8221E-02   4.0062E-02
  > E    =  -2.307000560927E+02 +/-   7.121886926007E-05
  > varE =   2.538498290464E-04
* Computing derivatives.
  Done. [total walltime: 1.48s]
* Optimizing manipulation constant:
  #igrid a___________ E____________________________________ varE____________
     1     Infinity    -2.30700056E+02 +/-   7.12188693E-05   2.53849829E-04
     2     1.0000E+06  -2.30700056E+02 +/-   7.12188685E-05   2.53849824E-04
     3     2.1544E+05  -2.30700056E+02 +/-   7.12188658E-05   2.53849804E-04
     4     4.6416E+04  -2.30700056E+02 +/-   7.12188531E-05   2.53849714E-04
     5     1.0000E+04  -2.30700056E+02 +/-   7.12187941E-05   2.53849293E-04
     6     2.1544E+03  -2.30700056E+02 +/-   7.12185207E-05   2.53847344E-04
     7     4.6416E+02  -2.30700056E+02 +/-   7.12172550E-05   2.53838321E-04
     8     1.0000E+02  -2.30700056E+02 +/-   7.12114578E-05   2.53796998E-04
     9     2.1544E+01  -2.30700056E+02 +/-   7.11861155E-05   2.53616390E-04
    10     4.6416E+00  -2.30700056E+02 +/-   7.10943041E-05   2.52962615E-04
    11     1.0000E+00  -2.30700057E+02 +/-   7.09024594E-05   2.51599241E-04
    12     2.1544E-01  -2.30700058E+02 +/-   7.07453466E-05   2.50485438E-04
    13     4.6416E-02  -2.30700058E+02 +/-   7.06904202E-05   2.50096638E-04
    14     1.0000E-02  -2.30700058E+02 +/-   7.06771680E-05   2.50002876E-04
    15     2.1544E-03  -2.30700058E+02 +/-   7.06742431E-05   2.49982185E-04
    16     4.6416E-04  -2.30700058E+02 +/-   7.06736097E-05   2.49977704E-04
    17     1.0000E-04  -2.30700058E+02 +/-   7.06734731E-05   2.49976737E-04
    18     2.1544E-05  -2.30700058E+02 +/-   7.06734436E-05   2.49976529E-04
    19     4.6416E-06  -2.30700058E+02 +/-   7.06734373E-05   2.49976484E-04
    20     1.0000E-06  -2.30700058E+02 +/-   7.06734359E-05   2.49976474E-04
    21     0.0000E+00  -2.30700058E+02 +/-   7.06734355E-05   2.49976472E-04
* Iteration # 1: E =  -2.307000578411E+02 +/-   7.067716796304E-05
* Convergence: exiting.
* After optimization:
  -9.5086E-01   3.0037E-01  -1.0356E-01  -7.4583E-02  -1.5731E-02  -1.3552E-02
  -1.2943E-01  -1.3386E-01   7.7202E-02   2.9908E-02   1.5382E-01  -5.2148E-02
   4.8689E-02  -5.0201E-02  -6.9321E-02  -8.7023E-02   3.9918E-02
  > Energy =  -2.307000578411E+02 +/-   7.067716796304E-05
  > varE =   2.500028761432E-04

VMC #4:
* Size of Hilbert space =   4.0000E+02
* Deterministic energy evaluation:
  > Deterministic Etot/t = -230.70003410827323
    - Ttot/t = -10.363354543411278
    - Utot/t = 3.9058122892859268
* Number of equil. steps   = 1000
* Running VMC equilibration.
  Done. [total walltime: 0.01s]
* Equil. acc.ratio (%)     =  40.9135
* Sample config after equilibration:
  +-----+
  |  u  |
  |d   d|
  |2   u|
  |  0  |
  +-----+
* Number of accum. steps   = 500480 x 10
* Running VMC accumulation.
  Done. [total walltime: 2.71s]
* Acceptance ratio (%)     =  40.9419
* Etot/t                   =  -2.307000468639E+02 +/-   2.192303516483E-05
  > Ttot/t                 =  -1.036372626080E+01 +/-   2.936984259353E-04
  > Utot/t                 =   3.906171251008E+00 +/-   2.929124071089E-04
* var[Eloc/t]              =   2.422139321861E-04 +/-   4.196216486509E-06
* Correlation length       =   9.930908209703E-01
* log10 Psi^2 range: -6.5978875693980665 -- -2.2018038873449033
* log10 Pgen range : -6.5978875693980665 -- -2.2018038873449033
* Site occupation (ave. no. electrons per config.):
  > Site_  ___eu____  ___ed____
      1        0.500      0.502
      2        0.497      0.504
      3        0.500      0.498
      4        0.500      0.501
      5        0.499      0.499
      6        0.503      0.497
* Pair-correlation analysis (ave. no. pairs per config.):
  > Shell  nsite  ___dh____  __eueu___  __eued___
      0      1        0          0          1.034
      1      4        1.067      1.482      3.517
      2      4        0.153      0.845      1.102
      3      4        0.076      0.423      0.550
      4      4        0.231      2.165      1.865
      5      4        0.116      1.085      0.932

Optimization #4:
* Method          : lls
* Target function : energy
* No. of configs. : 50048
* No. of params.  : 17
* Before optimization:
  -9.5086E-01   3.0037E-01  -1.0356E-01  -7.4583E-02  -1.5731E-02  -1.3552E-02
  -1.2943E-01  -1.3386E-01   7.7202E-02   2.9908E-02   1.5382E-01  -5.2148E-02
   4.8689E-02  -5.0201E-02  -6.9321E-02  -8.7023E-02   3.9918E-02
  > E    =  -2.307000602099E+02 +/-   7.206211684389E-05
  > varE =   2.598966957380E-04
* Computing derivatives.
  Done. [total walltime: 1.49s]
* Optimizing manipulation constant:
  #igrid a___________ E____________________________________ varE____________
     1     Infinity    -2.30700060E+02 +/-   7.20621168E-05   2.59896696E-04
     2     1.0000E+06  -2.30700060E+02 +/-   7.20621167E-05   2.59896694E-04
     3     2.1544E+05  -2.30700060E+02 +/-   7.20621160E-05   2.59896690E-04
     4     4.6416E+04  -2.30700060E+02 +/-   7.20621130E-05   2.59896668E-04
     5     1.0000E+04  -2.30700060E+02 +/-   7.20620989E-05   2.59896566E-04
     6     2.1544E+03  -2.30700060E+02 +/-   7.20620335E-05   2.59896094E-04
     7     4.6416E+02  -2.30700060E+02 +/-   7.20617307E-05   2.59893910E-04
     8     1.0000E+02  -2.30700060E+02 +/-   7.20603422E-05   2.59883895E-04
     9     2.1544E+01  -2.30700060E+02 +/-   7.20542387E-05   2.59839873E-04
    10     4.6416E+00  -2.30700060E+02 +/-   7.20316974E-05   2.59677323E-04
    11     1.0000E+00  -2.30700060E+02 +/-   7.19830238E-05   2.59326501E-04
    12     2.1544E-01  -2.30700059E+02 +/-   7.19441266E-05   2.59046314E-04
    13     4.6416E-02  -2.30700059E+02 +/-   7.19330491E-05   2.58966547E-04
    14     1.0000E-02  -2.30700059E+02 +/-   7.19310353E-05   2.58952047E-04
    15     2.1544E-03  -2.30700059E+02 +/-   7.19306476E-05   2.58949256E-04
    16     4.6416E-04  -2.30700059E+02 +/-   7.19305667E-05   2.58948673E-04
    17     1.0000E-04  -2.30700059E+02 +/-   7.19305494E-05   2.58948549E-04
    18     2.1544E-05  -2.30700059E+02 +/-   7.19305457E-05   2.58948522E-04
    19     4.6416E-06  -2.30700059E+02 +/-   7.19305449E-05   2.58948516E-04
    20     1.0000E-06  -2.30700059E+02 +/-   7.19305447E-05   2.58948515E-04
    21     0.0000E+00  -2.30700059E+02 +/-   7.19305446E-05   2.58948515E-04
* Iteration # 1: E =  -2.307000601483E+02 +/-   7.203169742083E-05
* Convergence: exiting.
* After optimization:
  -9.4799E-01   2.9971E-01  -1.0377E-01  -7.4896E-02  -1.5967E-02  -1.3879E-02
  -1.2874E-01  -1.3330E-01   7.7339E-02   3.0001E-02   1.5398E-01  -5.1946E-02
   4.8811E-02  -5.0140E-02  -6.9310E-02  -8.6900E-02   3.9848E-02
  > Energy =  -2.307000601483E+02 +/-   7.203169742083E-05
  > varE =   2.596773228071E-04

VMC #5:
* Size of Hilbert space =   4.0000E+02
* Deterministic energy evaluation:
  > Deterministic Etot/t = -230.70003421520317
    - Ttot/t = -10.363367513154714
    - Utot/t = 3.9058251520994411
* Number of equil. steps   = 1000
* Running VMC equilibration.
  Done. [total walltime: 0.01s]
* Equil. acc.ratio (%)     =  40.7763
* Sample config after equilibration:
  +-----+
  |  u  |
  |d   2|
  |u   0|
  |  d  |
  +-----+
* Number of accum. steps   = 500480 x 10
* Running VMC accumulation.
  Done. [total walltime: 2.71s]
* Acceptance ratio (%)     =  40.9306
* Etot/t                   =  -2.307000259260E+02 +/-   2.188386800008E-05
  > Ttot/t                 =  -1.036308072589E+01 +/-   2.894295286411E-04
  > Utot/t                 =   3.905546654050E+00 +/-   2.891855022626E-04
* var[Eloc/t]              =   2.442668149456E-04 +/-   4.523807982700E-06
* Correlation length       =   9.812291249698E-01
* log10 Psi^2 range: -6.5923221972700645 -- -2.1981466846430751
* log10 Pgen range : -6.5923221972700645 -- -2.1981466846430751
* Site occupation (ave. no. electrons per config.):
  > Site_  ___eu____  ___ed____
      1        0.500      0.500
      2        0.500      0.501
      3        0.498      0.501
      4        0.503      0.501
      5        0.500      0.499
      6        0.498      0.498
* Pair-correlation analysis (ave. no. pairs per config.):
  > Shell  nsite  ___dh____  __eueu___  __eued___
      0      1        0          0          1.027
      1      4        1.056      1.480      3.528
      2      4        0.149      0.842      1.107
      3      4        0.075      0.422      0.551
      4      4        0.228      2.171      1.862
      5      4        0.116      1.084      0.926

Optimization #5:
* Method          : lls
* Target function : energy
* No. of configs. : 50048
* No. of params.  : 17
* Before optimization:
  -9.4799E-01   2.9971E-01  -1.0377E-01  -7.4896E-02  -1.5967E-02  -1.3879E-02
  -1.2874E-01  -1.3330E-01   7.7339E-02   3.0001E-02   1.5398E-01  -5.1946E-02
   4.8811E-02  -5.0140E-02  -6.9310E-02  -8.6900E-02   3.9848E-02
  > E    =  -2.307001042803E+02 +/-   6.719912780565E-05
  > varE =   2.260028935853E-04
* Computing derivatives.
  Done. [total walltime: 1.51s]
* Optimizing manipulation constant:
  #igrid a___________ E____________________________________ varE____________
     1     Infinity    -2.30700104E+02 +/-   6.71991278E-05   2.26002894E-04
     2     1.0000E+06  -2.30700104E+02 +/-   6.71991276E-05   2.26002892E-04
     3     2.1544E+05  -2.30700104E+02 +/-   6.71991269E-05   2.26002888E-04
     4     4.6416E+04  -2.30700104E+02 +/-   6.71991238E-05   2.26002866E-04
     5     1.0000E+04  -2.30700104E+02 +/-   6.71991091E-05   2.26002768E-04
     6     2.1544E+03  -2.30700104E+02 +/-   6.71990411E-05   2.26002310E-04
     7     4.6416E+02  -2.30700104E+02 +/-   6.71987266E-05   2.26000195E-04
     8     1.0000E+02  -2.30700104E+02 +/-   6.71972922E-05   2.25990547E-04
     9     2.1544E+01  -2.30700104E+02 +/-   6.71911434E-05   2.25949191E-04
    10     4.6416E+00  -2.30700104E+02 +/-   6.71708946E-05   2.25813027E-04
    11     1.0000E+00  -2.30700103E+02 +/-   6.71462448E-05   2.25647323E-04
    12     2.1544E-01  -2.30700102E+02 +/-   6.71691224E-05   2.25801112E-04
    13     4.6416E-02  -2.30700101E+02 +/-   6.72017188E-05   2.26020322E-04
    14     1.0000E-02  -2.30700101E+02 +/-   6.72136159E-05   2.26100356E-04
    15     2.1544E-03  -2.30700101E+02 +/-   6.72165318E-05   2.26119974E-04
    16     4.6416E-04  -2.30700101E+02 +/-   6.72171783E-05   2.26124324E-04
    17     1.0000E-04  -2.30700101E+02 +/-   6.72173185E-05   2.26125267E-04
    18     2.1544E-05  -2.30700101E+02 +/-   6.72173487E-05   2.26125471E-04
    19     4.6416E-06  -2.30700101E+02 +/-   6.72173552E-05   2.26125514E-04
    20     1.0000E-06  -2.30700101E+02 +/-   6.72173566E-05   2.26125524E-04
    21     0.0000E+00  -2.30700101E+02 +/-   6.72173570E-05   2.26125527E-04
* Iteration # 1: E =  -2.307001042803E+02 +/-   6.719912761870E-05
* Convergence: exiting.
* After optimization:
  -9.4799E-01   2.9971E-01  -1.0377E-01  -7.4896E-02  -1.5967E-02  -1.3879E-02
  -1.2874E-01  -1.3330E-01   7.7339E-02   3.0001E-02   1.5398E-01  -5.1946E-02
   4.8811E-02  -5.0140E-02  -6.9310E-02  -8.6900E-02   3.9848E-02
  > Energy =  -2.307001042803E+02 +/-   6.719912761870E-05
  > varE =   2.260028923278E-04

VMC #6:
* Size of Hilbert space =   4.0000E+02
* Deterministic energy evaluation:
  > Deterministic Etot/t = -230.70003421520278
    - Ttot/t = -10.363367513190083
    - Utot/t = 3.9058251521351619
* Number of equil. steps   = 1000
* Running VMC equilibration.
  Done. [total walltime: 0.01s]
* Equil. acc.ratio (%)     =  40.8807
* Sample config after equilibration:
  +-----+
  |  u  |
  |u   d|
  |d   0|
  |  2  |
  +-----+
* Number of accum. steps   = 500480 x 10
* Running VMC accumulation.
  Done. [total walltime: 2.71s]
* Acceptance ratio (%)     =  40.9364
* Etot/t                   =  -2.307000140349E+02 +/-   2.219737715121E-05
  > Ttot/t                 =  -1.036343570389E+01 +/-   2.951053608146E-04
  > Utot/t                 =   3.905913523171E+00 +/-   2.950655673381E-04
* var[Eloc/t]              =   2.486356473285E-04 +/-   3.764857196918E-06
* Correlation length       =   9.918058257182E-01
* log10 Psi^2 range: -5.6479701300596199 -- -2.1981862654673230
* log10 Pgen range : -5.6479701300596199 -- -2.1981862654673230
* Site occupation (ave. no. electrons per config.):
  > Site_  ___eu____  ___ed____
      1        0.501      0.495
      2        0.502      0.495
      3        0.503      0.503
      4        0.501      0.496
      5        0.497      0.502
      6        0.496      0.508
* Pair-correlation analysis (ave. no. pairs per config.):
  > Shell  nsite  ___dh____  __eueu___  __eued___
      0      1        0          0          1.029
      1      4        1.057      1.484      3.525
      2      4        0.147      0.846      1.111
      3      4        0.075      0.420      0.553
      4      4        0.232      2.166      1.856
      5      4        0.119      1.084      0.926

Optimization #6:
* Method          : lls
* Target function : energy
* No. of configs. : 50048
* No. of params.  : 17
* Before optimization:
  -9.4799E-01   2.9971E-01  -1.0377E-01  -7.4896E-02  -1.5967E-02  -1.3879E-02
  -1.2874E-01  -1.3330E-01   7.7339E-02   3.0001E-02   1.5398E-01  -5.1946E-02
   4.8811E-02  -5.0140E-02  -6.9310E-02  -8.6900E-02   3.9848E-02
  > E    =  -2.307002097786E+02 +/-   7.050361728294E-05
  > varE =   2.487765989813E-04
* Computing derivatives.
  Done. [total walltime: 1.48s]
* Optimizing manipulation constant:
  #igrid a___________ E____________________________________ varE____________
     1     Infinity    -2.30700210E+02 +/-   7.05036173E-05   2.48776599E-04
     2     1.0000E+06  -2.30700210E+02 +/-   7.05036166E-05   2.48776594E-04
     3     2.1544E+05  -2.30700210E+02 +/-   7.05036140E-05   2.48776576E-04
     4     4.6416E+04  -2.30700210E+02 +/-   7.05036021E-05   2.48776492E-04
     5     1.0000E+04  -2.30700210E+02 +/-   7.05035469E-05   2.48776102E-04
     6     2.1544E+03  -2.30700210E+02 +/-   7.05032907E-05   2.48774294E-04
     7     4.6416E+02  -2.30700210E+02 +/-   7.05021035E-05   2.48765916E-04
     8     1.0000E+02  -2.30700210E+02 +/-   7.04966384E-05   2.48727351E-04
     9     2.1544E+01  -2.30700210E+02 +/-   7.04721948E-05   2.48554896E-04
    10     4.6416E+00  -2.30700210E+02 +/-   7.03747328E-05   2.47867876E-04
    11     1.0000E+00  -2.30700209E+02 +/-   7.00926347E-05   2.45884695E-04
    12     2.1544E-01  -2.30700204E+02 +/-   6.97023292E-05   2.43153939E-04
    13     4.6416E-02  -2.30700174E+02 +/-   7.07360070E-05   2.50419306E-04
    14     1.0000E-02  -2.30700127E+02 +/-   7.33044113E-05   2.68934766E-04
    15     2.1544E-03  -2.30700105E+02 +/-   7.45877796E-05   2.78433883E-04
    16     4.6416E-04  -2.30700099E+02 +/-   7.49331965E-05   2.81018716E-04
    17     1.0000E-04  -2.30700098E+02 +/-   7.50114830E-05   2.81606212E-04
    18     2.1544E-05  -2.30700098E+02 +/-   7.50285369E-05   2.81734273E-04
    19     4.6416E-06  -2.30700098E+02 +/-   7.50322198E-05   2.81761932E-04
    20     1.0000E-06  -2.30700098E+02 +/-   7.50330137E-05   2.81767895E-04
    21     0.0000E+00  -2.30700098E+02 +/-   7.50332317E-05   2.81769532E-04
  ParMin   1.8815E+00  -2.30700210E+02 +/-   7.02377662E-05   2.46903990E-04
  # Using grid point #11
* Iteration # 1: E =  -2.307002093956E+02 +/-   7.009263469122E-05
* Convergence: exiting.
* After optimization:
  -9.3606E-01   2.9656E-01  -1.0368E-01  -7.6361E-02  -1.6956E-02  -1.5013E-02
  -1.2703E-01  -1.3099E-01   7.7611E-02   3.0302E-02   1.5314E-01  -4.9823E-02
   4.8917E-02  -4.9101E-02  -6.9750E-02  -8.5724E-02   4.0079E-02
  > Energy =  -2.307002093956E+02 +/-   7.009263469122E-05
  > varE =   2.458846948148E-04

VMC #7:
* Size of Hilbert space =   4.0000E+02
* Deterministic energy evaluation:
  > Deterministic Etot/t = -230.70003441391975
    - Ttot/t = -10.363499652142657
    - Utot/t = 3.9059570923707794
* Number of equil. steps   = 1000
* Running VMC equilibration.
  Done. [total walltime: 0.01s]
* Equil. acc.ratio (%)     =  41.0076
* Sample config after equilibration:
  +-----+
  |  u  |
  |d   d|
  |u   0|
  |  2  |
  +-----+
* Number of accum. steps   = 500480 x 10
* Running VMC accumulation.
  Done. [total walltime: 2.73s]
* Acceptance ratio (%)     =  40.9638
* Etot/t                   =  -2.307000604151E+02 +/-   2.212005556644E-05
  > Ttot/t                 =  -1.036367961735E+01 +/-   2.971186365928E-04
  > Utot/t                 =   3.906111056375E+00 +/-   2.975034376515E-04
* var[Eloc/t]              =   2.433298018844E-04 +/-   3.922205065079E-06
* Correlation length       =   1.006384297060E+00
* log10 Psi^2 range: -6.5771741682536193 -- -2.1840074487768182
* log10 Pgen range : -6.5771741682536193 -- -2.1840074487768182
* Site occupation (ave. no. electrons per config.):
  > Site_  ___eu____  ___ed____
      1        0.501      0.500
      2        0.499      0.500
      3        0.501      0.501
      4        0.502      0.499
      5        0.498      0.501
      6        0.499      0.498
* Pair-correlation analysis (ave. no. pairs per config.):
  > Shell  nsite  ___dh____  __eueu___  __eued___
      0      1        0          0          1.024
      1      4        1.051      1.475      3.539
      2      4        0.150      0.839      1.107
      3      4        0.074      0.424      0.553
      4      4        0.230      2.174      1.852
      5      4        0.113      1.089      0.926

Optimization #7:
* Method          : lls
* Target function : energy
* No. of configs. : 50048
* No. of params.  : 17
* Before optimization:
  -9.3606E-01   2.9656E-01  -1.0368E-01  -7.6361E-02  -1.6956E-02  -1.5013E-02
  -1.2703E-01  -1.3099E-01   7.7611E-02   3.0302E-02   1.5314E-01  -4.9823E-02
   4.8917E-02  -4.9101E-02  -6.9750E-02  -8.5724E-02   4.0079E-02
  > E    =  -2.307001324816E+02 +/-   6.859854114983E-05
  > varE =   2.355138688670E-04
* Computing derivatives.
  Done. [total walltime: 1.50s]
* Optimizing manipulation constant:
  #igrid a___________ E____________________________________ varE____________
     1     Infinity    -2.30700132E+02 +/-   6.85985411E-05   2.35513869E-04
     2     1.0000E+06  -2.30700132E+02 +/-   6.85985412E-05   2.35513869E-04
     3     2.1544E+05  -2.30700132E+02 +/-   6.85985412E-05   2.35513869E-04
     4     4.6416E+04  -2.30700132E+02 +/-   6.85985414E-05   2.35513870E-04
     5     1.0000E+04  -2.30700132E+02 +/-   6.85985422E-05   2.35513876E-04
     6     2.1544E+03  -2.30700132E+02 +/-   6.85985462E-05   2.35513904E-04
     7     4.6416E+02  -2.30700132E+02 +/-   6.85985652E-05   2.35514034E-04
     8     1.0000E+02  -2.30700133E+02 +/-   6.85986656E-05   2.35514723E-04
     9     2.1544E+01  -2.30700133E+02 +/-   6.85993713E-05   2.35519569E-04
    10     4.6416E+00  -2.30700133E+02 +/-   6.86059755E-05   2.35564919E-04
    11     1.0000E+00  -2.30700134E+02 +/-   6.86481219E-05   2.35854435E-04
    12     2.1544E-01  -2.30700134E+02 +/-   6.87372278E-05   2.36467115E-04
    13     4.6416E-02  -2.30700134E+02 +/-   6.87958617E-05   2.36870707E-04
    14     1.0000E-02  -2.30700134E+02 +/-   6.88143200E-05   2.36997832E-04
    15     2.1544E-03  -2.30700134E+02 +/-   6.88187004E-05   2.37028005E-04
    16     4.6416E-04  -2.30700134E+02 +/-   6.88196649E-05   2.37034649E-04
    17     1.0000E-04  -2.30700134E+02 +/-   6.88198737E-05   2.37036087E-04
    18     2.1544E-05  -2.30700134E+02 +/-   6.88199187E-05   2.37036397E-04
    19     4.6416E-06  -2.30700134E+02 +/-   6.88199284E-05   2.37036464E-04
    20     1.0000E-06  -2.30700134E+02 +/-   6.88199305E-05   2.37036478E-04
    21     0.0000E+00  -2.30700134E+02 +/-   6.88199311E-05   2.37036482E-04
* Iteration # 1: E =  -2.307001338968E+02 +/-   6.864812188369E-05
* Convergence: exiting.
* After optimization:
  -9.4201E-01   2.9750E-01  -1.0289E-01  -7.3879E-02  -1.6084E-02  -1.3836E-02
  -1.2684E-01  -1.3201E-01   7.7079E-02   2.9298E-02   1.5422E-01  -5.2611E-02
   4.9176E-02  -5.0626E-02  -6.9665E-02  -8.6743E-02   3.9865E-02
  > Energy =  -2.307001338968E+02 +/-   6.864812188369E-05
  > varE =   2.358544350105E-04

VMC #8:
* Size of Hilbert space =   4.0000E+02
* Deterministic energy evaluation:
  > Deterministic Etot/t = -230.70003423018355
    - Ttot/t = -10.363478093640182
    - Utot/t = 3.9059357176045331
* Number of equil. steps   = 1000
* Running VMC equilibration.
  Done. [total walltime: 0.01s]
* Equil. acc.ratio (%)     =  41.0719
* Sample config after equilibration:
  +-----+
  |  d  |
  |u   u|
  |d   d|
  |  u  |
  +-----+
* Number of accum. steps   = 500480 x 10
* Running VMC accumulation.
  Done. [total walltime: 2.71s]
* Acceptance ratio (%)     =  40.9405
* Etot/t                   =  -2.307000282600E+02 +/-   2.204147007266E-05
  > Ttot/t                 =  -1.036354775814E+01 +/-   2.901697961948E-04
  > Utot/t                 =   3.906011352262E+00 +/-   2.896928670110E-04
* var[Eloc/t]              =   2.445047114412E-04 +/-   4.271306783274E-06
* Correlation length       =   9.944446334889E-01
* log10 Psi^2 range: -5.6374616309370351 -- -2.1918307435980067
* log10 Pgen range : -5.6374616309370351 -- -2.1918307435980067
* Site occupation (ave. no. electrons per config.):
  > Site_  ___eu____  ___ed____
      1        0.502      0.501
      2        0.500      0.505
      3        0.499      0.496
      4        0.502      0.499
      5        0.500      0.500
      6        0.498      0.499
* Pair-correlation analysis (ave. no. pairs per config.):
  > Shell  nsite  ___dh____  __eueu___  __eued___
      0      1        0          0          1.034
      1      4        1.061      1.487      3.520
      2      4        0.151      0.843      1.100
      3      4        0.074      0.427      0.554
      4      4        0.232      2.164      1.868
      5      4        0.119      1.080      0.924

Optimization #8:
* Method          : lls
* Target function : energy
* No. of configs. : 50048
* No. of params.  : 17
* Before optimization:
  -9.4201E-01   2.9750E-01  -1.0289E-01  -7.3879E-02  -1.6084E-02  -1.3836E-02
  -1.2684E-01  -1.3201E-01   7.7079E-02   2.9298E-02   1.5422E-01  -5.2611E-02
   4.9176E-02  -5.0626E-02  -6.9665E-02  -8.6743E-02   3.9865E-02
  > E    =  -2.307000202625E+02 +/-   6.776463926270E-05
  > varE =   2.298227349442E-04
* Computing derivatives.
  Done. [total walltime: 1.49s]
* Optimizing manipulation constant:
  #igrid a___________ E____________________________________ varE____________
     1     Infinity    -2.30700020E+02 +/-   6.77646393E-05   2.29822735E-04
     2     1.0000E+06  -2.30700020E+02 +/-   6.77646390E-05   2.29822733E-04
     3     2.1544E+05  -2.30700020E+02 +/-   6.77646378E-05   2.29822725E-04
     4     4.6416E+04  -2.30700020E+02 +/-   6.77646326E-05   2.29822690E-04
     5     1.0000E+04  -2.30700020E+02 +/-   6.77646083E-05   2.29822525E-04
     6     2.1544E+03  -2.30700020E+02 +/-   6.77644956E-05   2.29821761E-04
     7     4.6416E+02  -2.30700020E+02 +/-   6.77639746E-05   2.29818227E-04
     8     1.0000E+02  -2.30700020E+02 +/-   6.77615981E-05   2.29802107E-04
     9     2.1544E+01  -2.30700020E+02 +/-   6.77514004E-05   2.29732945E-04
    10     4.6416E+00  -2.30700021E+02 +/-   6.77173319E-05   2.29501963E-04
    11     1.0000E+00  -2.30700021E+02 +/-   6.76652586E-05   2.29149133E-04
    12     2.1544E-01  -2.30700021E+02 +/-   6.76559935E-05   2.29086385E-04
    13     4.6416E-02  -2.30700021E+02 +/-   6.76686812E-05   2.29172315E-04
    14     1.0000E-02  -2.30700021E+02 +/-   6.76742405E-05   2.29209972E-04
    15     2.1544E-03  -2.30700021E+02 +/-   6.76756461E-05   2.29219493E-04
    16     4.6416E-04  -2.30700021E+02 +/-   6.76759597E-05   2.29221618E-04
    17     1.0000E-04  -2.30700021E+02 +/-   6.76760278E-05   2.29222079E-04
    18     2.1544E-05  -2.30700021E+02 +/-   6.76760425E-05   2.29222179E-04
    19     4.6416E-06  -2.30700021E+02 +/-   6.76760457E-05   2.29222200E-04
    20     1.0000E-06  -2.30700021E+02 +/-   6.76760464E-05   2.29222205E-04
    21     0.0000E+00  -2.30700021E+02 +/-   6.76760466E-05   2.29222206E-04
* Iteration # 1: E =  -2.307000210188E+02 +/-   6.765599347034E-05
* Convergence: exiting.
* After optimization:
  -9.4699E-01   2.9897E-01  -1.0278E-01  -7.4961E-02  -1.6731E-02  -1.3729E-02
  -1.2924E-01  -1.3413E-01   7.7853E-02   2.9384E-02   1.5508E-01  -5.3766E-02
   5.0377E-02  -5.0369E-02  -7.0085E-02  -8.7572E-02   4.0313E-02
  > Energy =  -2.307000210188E+02 +/-   6.765599347034E-05
  > varE =   2.290863846286E-04

VMC #9:
* Size of Hilbert space =   4.0000E+02
* Deterministic energy evaluation:
  > Deterministic Etot/t = -230.70003387329234
    - Ttot/t = -10.363326539786470
    - Utot/t = 3.9057845206420563
* Number of equil. steps   = 1000
* Running VMC equilibration.
  Done. [total walltime: 0.01s]
* Equil. acc.ratio (%)     =  40.9139
* Sample config after equilibration:
  +-----+
  |  2  |
  |0   d|
  |u   u|
  |  d  |
  +-----+
* Number of accum. steps   = 500480 x 10
* Running VMC accumulation.
  Done. [total walltime: 2.71s]
* Acceptance ratio (%)     =  40.9639
* Etot/t                   =  -2.307000288964E+02 +/-   2.243786041421E-05
  > Ttot/t                 =  -1.036341679373E+01 +/-   2.938757315927E-04
  > Utot/t                 =   3.905879751495E+00 +/-   2.937776039249E-04
* var[Eloc/t]              =   2.493779844880E-04 +/-   3.941595052187E-06
* Correlation length       =   1.010395725747E+00
* log10 Psi^2 range: -6.6010380085406064 -- -2.1980629994201371
* log10 Pgen range : -6.6010380085406064 -- -2.1980629994201371
* Site occupation (ave. no. electrons per config.):
  > Site_  ___eu____  ___ed____
      1        0.499      0.499
      2        0.499      0.499
      3        0.500      0.501
      4        0.497      0.501
      5        0.503      0.499
      6        0.501      0.502
* Pair-correlation analysis (ave. no. pairs per config.):
  > Shell  nsite  ___dh____  __eueu___  __eued___
      0      1        0          0          1.033
      1      4        1.061      1.485      3.520
      2      4        0.151      0.847      1.103
      3      4        0.072      0.426      0.554
      4      4        0.235      2.161      1.861
      5      4        0.118      1.081      0.929

Optimization #9:
* Method          : lls
* Target function : energy
* No. of configs. : 50048
* No. of params.  : 17
* Before optimization:
  -9.4699E-01   2.9897E-01  -1.0278E-01  -7.4961E-02  -1.6731E-02  -1.3729E-02
  -1.2924E-01  -1.3413E-01   7.7853E-02   2.9384E-02   1.5508E-01  -5.3766E-02
   5.0377E-02  -5.0369E-02  -7.0085E-02  -8.7572E-02   4.0313E-02
  > E    =  -2.307000016642E+02 +/-   7.035168923991E-05
  > varE =   2.477055782340E-04
* Computing derivatives.
  Done. [total walltime: 1.50s]
* Optimizing manipulation constant:
  #igrid a___________ E____________________________________ varE____________
     1     Infinity    -2.30700002E+02 +/-   7.03516892E-05   2.47705578E-04
     2     1.0000E+06  -2.30700002E+02 +/-   7.03516891E-05   2.47705577E-04
     3     2.1544E+05  -2.30700002E+02 +/-   7.03516887E-05   2.47705574E-04
     4     4.6416E+04  -2.30700002E+02 +/-   7.03516867E-05   2.47705560E-04
     5     1.0000E+04  -2.30700002E+02 +/-   7.03516775E-05   2.47705496E-04
     6     2.1544E+03  -2.30700002E+02 +/-   7.03516349E-05   2.47705196E-04
     7     4.6416E+02  -2.30700002E+02 +/-   7.03514376E-05   2.47703807E-04
     8     1.0000E+02  -2.30700002E+02 +/-   7.03505355E-05   2.47697454E-04
     9     2.1544E+01  -2.30700002E+02 +/-   7.03466181E-05   2.47669869E-04
    10     4.6416E+00  -2.30700002E+02 +/-   7.03328504E-05   2.47572934E-04
    11     1.0000E+00  -2.30700004E+02 +/-   7.03079054E-05   2.47397352E-04
    12     2.1544E-01  -2.30700005E+02 +/-   7.02998540E-05   2.47340693E-04
    13     4.6416E-02  -2.30700005E+02 +/-   7.03072516E-05   2.47392751E-04
    14     1.0000E-02  -2.30700005E+02 +/-   7.03112067E-05   2.47420586E-04
    15     2.1544E-03  -2.30700005E+02 +/-   7.03122553E-05   2.47427965E-04
    16     4.6416E-04  -2.30700005E+02 +/-   7.03124918E-05   2.47429630E-04
    17     1.0000E-04  -2.30700005E+02 +/-   7.03125433E-05   2.47429992E-04
    18     2.1544E-05  -2.30700005E+02 +/-   7.03125544E-05   2.47430070E-04
    19     4.6416E-06  -2.30700005E+02 +/-   7.03125568E-05   2.47430087E-04
    20     1.0000E-06  -2.30700005E+02 +/-   7.03125573E-05   2.47430091E-04
    21     0.0000E+00  -2.30700005E+02 +/-   7.03125574E-05   2.47430092E-04
* Iteration # 1: E =  -2.307000047308E+02 +/-   7.031225529796E-05
* Convergence: exiting.
* After optimization:
  -9.4079E-01   2.9786E-01  -1.0286E-01  -7.4647E-02  -1.6162E-02  -1.4387E-02
  -1.2885E-01  -1.3093E-01   7.6818E-02   2.9527E-02   1.5163E-01  -5.0514E-02
   4.7938E-02  -4.8340E-02  -7.0067E-02  -8.7145E-02   3.9946E-02
  > Energy =  -2.307000047308E+02 +/-   7.031225529796E-05
  > varE =   2.474279652900E-04

VMC #10:
* Size of Hilbert space =   4.0000E+02
* Deterministic energy evaluation:
  > Deterministic Etot/t = -230.70003416505446
    - Ttot/t = -10.363385893586873
    - Utot/t = 3.9058435826803408
* Number of equil. steps   = 1000
* Running VMC equilibration.
  Done. [total walltime: 0.01s]
* Equil. acc.ratio (%)     =  40.9650
* Sample config after equilibration:
  +-----+
  |  2  |
  |0   u|
  |d   d|
  |  u  |
  +-----+
* Number of accum. steps   = 500480 x 10
* Running VMC accumulation.
  Done. [total walltime: 2.71s]
* Acceptance ratio (%)     =  40.9535
* Etot/t                   =  -2.307000564759E+02 +/-   2.208730258284E-05
  > Ttot/t                 =  -1.036363524564E+01 +/-   2.904200858289E-04
  > Utot/t                 =   3.906070623930E+00 +/-   2.898922430419E-04
* var[Eloc/t]              =   2.439697565850E-04 +/-   3.918143645227E-06
* Correlation length       =   1.000774188570E+00
* log10 Psi^2 range: -5.6367412799969046 -- -2.1877122210245519
* log10 Pgen range : -5.6367412799969046 -- -2.1877122210245519
* Site occupation (ave. no. electrons per config.):
  > Site_  ___eu____  ___ed____
      1        0.499      0.502
      2        0.500      0.498
      3        0.502      0.499
      4        0.499      0.502
      5        0.501      0.498
      6        0.500      0.500
* Pair-correlation analysis (ave. no. pairs per config.):
  > Shell  nsite  ___dh____  __eueu___  __eued___
      0      1        0          0          1.032
      1      4        1.063      1.478      3.526
      2      4        0.153      0.845      1.102
      3      4        0.075      0.420      0.553
      4      4        0.231      2.172      1.855
      5      4        0.115      1.086      0.932

VDAGGER finished.
Total VDAGGER walltime: 1m31s

Run ended: Fri Sep 26 18:47:23 CEST 2025
