Run started: Thu Oct  2 09:53:56 CEST 2025
Using VDAGGER_ARCH = gnu7_fkfamd_cluster
Running 1x128 MPI processes.

                               xx
                              +##
                               #X
                               Xx
                          X##XxXxxX##x
                           +   Xx  ++
                               ##
                              +##
                              +##
     ++++         ++          +##
   xX+++##+      ####         +##
  Xx    ###      +X##          ##
 xX    X##+        ##          #X
 +    x##X         #x          #X
      ###         +#           x+
     X##+         #+
     ###         Xx                    _______
     ##X       +X+   __________________VDAGGER
     +##x    +xX     2nd quantized variational
       +xxxxx+       ______quantum Monte Carlo

* Running 128 MPI processes.
* Input file: "input.casl"

############# Start of input file dump #############
General:
  Random seed: timer

Plan:
  VMC-optimization:
    Minimum cycles: 7
    Convergence cycles: 3

System:
  Read Hamiltonian: FCIDUMP_loc_naphthalene
  Read orbitals: LTSC_naphthalene
  Complex orbitals: F
  Site kinds: [ 1, 2, 3, 1, 3, 3, 2, 3, 2, 2 ]
  Geometry:
    r_1: [ 0.00000000000000, 1.34347620379600 ]
    r_4: [ 0.00000000000000, -1.34347620379600 ]
    r_3: [ 2.34629842880300, 2.63976101399600 ]
    r_5: [ -2.34629842880300, -2.63976101399600 ]
    r_6: [ -2.34629842880300, 2.63976101399600 ]
    r_8: [ 2.34629842880300, -2.63976101399600 ]
    r_9: [ 4.58120036880600, 1.33647725770700 ]
    r_2: [ -4.58120036880600, -1.33647725770700 ]
    r_7: [ -4.58120036880600, 1.33647725770700 ]
    r_10: [ 4.58120036880600, -1.33647725770700 ]
    Tolerance: 0.05

VMC:
  nstep: 1000000
  nconfig: 500000

Optimization:
  max_niter: 1

Jastrow: wfn.casl

Multideterminants: wfn.casl
############## End of input file dump ##############

General setup:
* Random seed: 236417579 (from timer)

* Loaded integrals for system with nelec=10, ms2=0, norb=10
* INFO: setting number of electrons from integrals file.
* Analysis of Hamiltonian connecitivity performed:
  - T_ii (local, 1-site): 10 (i) values
  - U_iiii [opp] (local, 1-site): 10 (i) values
  - U_kkii [opp] (local, 2-site): 90 contribs. from 10 (i) values
  - U_kkii [par] (local, 2-site): 45 contribs. from 9 (i) values
  - T_ji (single, 2-site): 90 contribs. from 10 (i) values
  - U_kkji [opp] (single, 2/3-site): 900 contribs. from 90 (i,j) pairs
  - U_kkji [par] (single, 3-site): 810 contribs. from 90 (i,j) pairs
  - U_lkji [opp] (double, 2/3/4-site): 8100 contribs. from 90 (i,j) pairs
  - U_lkji [par] (double, 4-site): 1740 contribs. from 72 (i,j) pairs
  - Max. no. wfn. ratios in Eloc: 1467
* Reading override orbitals from file "LTSC_naphthalene".
* Site labels:
  +--------------+
  |    6     3   |
  | 7     1     9|
  | 2     4    10|
  |    5     8   |
  +--------------+
* Read-in Site kinds:
  [ 1, 2, 3, 1, 3, 3, 2, 3, 2, 2 ]
  +---------+
  |  3   3  |
  |2   1   2|
  |2   1   2|
  |  3   3  |
  +---------+
* Maximum Site kind: 3
* Number of site-pair kinds with Tij=0: 0
* Automatically set Site pair kinds:
  Site 1: [ 0, -7, -4, 3, -8, -4, -9, 8, 9, -7 ]
  Site 2: [ -7, 0, 12, -9, 1, 10, 2, 14, 16, -15 ]
  Site 3: [ -4, 12, 0, -8, -11, 5, -13, -6, -1, 10 ]
  Site 4: [ 3, -9, -8, 0, -4, -8, -7, 4, 7, -9 ]
  Site 5: [ -8, 1, -11, -4, 0, 6, 10, -5, -12, -14 ]
  Site 6: [ -4, 10, 5, -8, 6, 0, 1, 11, 14, 12 ]
  Site 7: [ -9, 2, -13, -7, 10, 1, 0, -12, 15, -16 ]
  Site 8: [ 8, 14, -6, 4, -5, 11, -12, 0, 10, -1 ]
  Site 9: [ 9, 16, -1, 7, -12, 14, 15, 10, 0, -2 ]
  Site 10: [ -7, -15, 10, -9, -14, 12, -16, -1, -2, 0 ]
  For site 1 of kind 1:
  +--------------+
  |   -4    -4   |
  |-9     0     9|
  |-7     3    -7|
  |   -8     8   |
  +--------------+
  For site 2 of kind 2:
  +-------------------+
  |     10      12    |
  |  2      -7      16|
  |  0      -9     -15|
  |      1      14    |
  +-------------------+
  For site 3 of kind 3:
  +-------------------+
  |      5       0    |
  |-13      -4      -1|
  | 12      -8      10|
  |    -11      -6    |
  +-------------------+
* Maximum (unsigned) Site pair kind: 16
General system setup:
* Number of sites       : 10
* Number of electrons   : 10
* Spin imbalance MS2    : 0
* Filling               : 0.500000
* Number of orbitals in pool: 10
* Using real-valued orbitals
* Using double-precision arithmetic for orbitals

Trial wave function setup:
* Jastrow parameter file: "wfn.casl"
* Multideterminant parameter file: "wfn.casl"
* Not using a backflow transformation
* Not using wave function manipulation

VMC #1:
* Size of Hilbert space =   6.3504E+04
* Deterministic energy evaluation:
  > Deterministic Etot/t = -383.33316712289604
    - Ttot/t = -23.303305693087715
    - Utot/t = 9.4844842473619799
* Number of equil. steps   = 1000
* Running VMC equilibration.
  Done. [total walltime: 0.02s]
* Equil. acc.ratio (%)     =  24.7002
* Sample config after equilibration:
  +---------+
  |  0   d  |
  |u   2   u|
  |0   u   d|
  |  2   d  |
  +---------+
* Number of accum. steps   = 1000192 x 10
* Running VMC accumulation.
    [walltime: 1m elapsed, 15.5s remaining]
  Done. [total walltime: 1m16s]
* Acceptance ratio (%)     =  24.6220
* Etot/t                   =  -3.833330589381E+02 +/-   8.961425716576E-05
  > Ttot/t                 =  -2.330285659057E+01 +/-   3.918600867513E-04
  > Utot/t                 =   9.484143329642E+00 +/-   3.542734103243E-04
* var[Eloc/t]              =   8.090864607507E-03 +/-   6.839500073120E-05
* Correlation length       =   9.927563213967E-01
* log10 Psi^2 range: -16.305090043567752 -- -9.4318272842866744
* log10 Pgen range : -16.305090043567752 -- -9.4318272842866744
* Site occupation (ave. no. electrons per config.):
  > Site_  ___eu____  ___ed____
      1        0.498      0.496
      2        0.502      0.501
      3        0.499      0.499
      4        0.496      0.498
      5        0.500      0.500
      6        0.500      0.501
      7        0.501      0.501
      8        0.501      0.499
      9        0.502      0.502
     10        0.501      0.502
* Pair-correlation analysis (ave. no. pairs per config.):
  > Shell  nsite  ___dh____  __eueu___  __eued___
      0      1        0          0          1.574
      1      1        0.731      0.814      2.489
      2      1        0.266      0.634      1.141
      3      1        0.138      0.309      0.564
      4      1        0.509      1.348      2.194
      5      1        0.095      1.007      0.985
      6      1        0.106      0.847      1.134
      7      1        0.236      1.820      2.144
      8      1        0.208      2.066      1.923
      9      1        0.227      2.103      1.878
     10      1        0.199      2.142      1.864
     11      1        0.093      0.978      1.018
     12      1        0.191      2.033      1.972
     13      1        0.048      0.483      0.516
     14      1        0.146      1.449      1.554
     15      1        0.100      1.016      0.990
     16      1        0.098      0.952      1.060

Optimization #1:
* Method          : lls
* Target function : energy
* No. of configs. : 500096
* No. of params.  : 58
* Before optimization:
   2.6999E+00   2.7146E+00   2.7101E+00   7.7031E-01   7.7312E-01   1.0037E+00
  -5.9427E+00  -2.6011E+00  -2.6094E+00   2.6980E-01   1.0627E-01  -3.0142E+00
  -3.0139E+00  -3.0217E+00  -3.0234E+00  -2.8580E+00  -2.8610E+00   4.5341E-01
   4.5400E-01  -1.2805E-02   8.1999E-03   8.8797E-03   8.2780E-02   8.4153E-02
   8.2321E-02   8.4616E-02   1.8972E-02  -6.1903E-01  -3.6452E-01  -4.7432E-01
   3.1848E+01  -2.5859E+01   1.6043E+01  -1.3350E+01   3.7055E-01  -6.5859E-01
   4.4534E-01  -5.6487E-01   1.5934E+01  -1.2918E+01   1.6187E+01  -1.3179E+01
   1.5848E+01  -1.3032E+01   3.2527E-02  -5.4012E-01   5.2294E-01  -5.0715E-01
   2.5636E-01  -2.6579E-01   2.1578E-01  -2.9324E-01   2.1533E-01  -2.9309E-01
  -1.4553E-01  -1.2998E-01   9.6253E-02  -8.3739E-02
  > E    =  -3.833331287414E+02 +/-   1.269060918044E-04
  > varE =   8.054124163521E-03
* Computing derivatives.
    [walltime: 1m elapsed, 29m22s remaining]
  Done. [total walltime: 26m17s]
* Optimizing manipulation constant:
  #igrid a___________ E____________________________________ varE____________
     1     Infinity    -3.83333129E+02 +/-   1.26906092E-04   8.05412416E-03
     2     1.0000E+06  -3.83333129E+02 +/-   1.26906051E-04   8.05411894E-03
     3     2.1544E+05  -3.83333129E+02 +/-   1.26905901E-04   8.05409994E-03
     4     4.6416E+04  -3.83333129E+02 +/-   1.26905206E-04   8.05401171E-03
     5     1.0000E+04  -3.83333130E+02 +/-   1.26901980E-04   8.05360224E-03
     6     2.1544E+03  -3.83333134E+02 +/-   1.26887010E-04   8.05170225E-03
     7     4.6416E+02  -3.83333153E+02 +/-   1.26817607E-04   8.04289666E-03
     8     1.0000E+02  -3.83333240E+02 +/-   1.26497227E-04   8.00231042E-03
     9     2.1544E+01  -3.83333634E+02 +/-   1.25046697E-04   7.81983928E-03
    10     4.6416E+00  -3.83335263E+02 +/-   1.18990441E-04   7.08072180E-03
    11     1.0000E+00  -3.83340122E+02 +/-   9.98098507E-05   4.98195950E-03
    12     2.1544E-01  -3.83346078E+02 +/-   7.16579815E-05   2.56792610E-03
    13     4.6416E-02  -3.83347230E+02 +/-   6.61782057E-05   2.19019789E-03
    14     1.0000E-02  -3.83346874E+02 +/-   6.89295026E-05   2.37609428E-03
    15     2.1544E-03  -3.83346726E+02 +/-   6.99399143E-05   2.44626540E-03
    16     4.6416E-04  -3.83346690E+02 +/-   7.01789555E-05   2.46301571E-03
    17     1.0000E-04  -3.83346682E+02 +/-   7.02314036E-05   2.46669854E-03
    18     2.1544E-05  -3.83346680E+02 +/-   7.02427462E-05   2.46749536E-03
    19     4.6416E-06  -3.83346680E+02 +/-   7.02451919E-05   2.46766719E-03
    20     1.0000E-06  -3.83346680E+02 +/-   7.02457188E-05   2.46770422E-03
    21     0.0000E+00  -3.83346680E+02 +/-   7.02458636E-05   2.46771438E-03
  ParMin   3.1045E-02  -3.83347136E+02 +/-   6.69893207E-05   2.24421535E-03
  # Using grid point #13
* Iteration # 1: E =  -3.833472301703E+02 +/-   6.617820570514E-05
* Reached maximum number of iterations: exiting.
* After optimization:
   6.9144E+00   6.9335E+00   6.9281E+00  -8.2872E+00  -8.2840E+00   8.2649E-01
   2.6239E+01   4.5036E+00   4.4887E+00  -1.7599E+01  -1.7724E+01   1.3047E+01
   1.3052E+01   4.1488E+00   4.1483E+00   1.3154E+01   1.3149E+01  -8.5740E+00
  -8.5731E+00  -1.7864E+01  -8.9257E+00  -8.9242E+00  -8.8589E+00  -8.8571E+00
  -8.8599E+00  -8.8570E+00   4.4493E+01  -3.6082E+01  -3.5992E-01  -3.4180E-01
  -1.2938E+02   1.0318E+02  -2.0078E+01   1.5647E+01   8.9382E+01  -7.1804E+01
   8.9441E+01  -7.1713E+01  -6.4677E+01   5.1637E+01  -1.9931E+01   1.5770E+01
  -6.4756E+01   5.1569E+01   4.4544E+01  -3.6020E+01   8.9521E+01  -7.1657E+01
   4.4762E+01  -3.5832E+01   4.4721E+01  -3.5854E+01   4.4720E+01  -3.5853E+01
  -7.6874E-02  -5.8876E-02   4.1725E-02  -1.3467E-02
  > Energy =  -3.833472301703E+02 +/-   6.617820570514E-05
  > varE =   2.190197892447E-03

VMC #2:
* Size of Hilbert space =   6.3504E+04
* Deterministic energy evaluation:
  > Deterministic Etot/t = -383.34728917756826
    - Ttot/t = -23.366439185499001
    - Utot/t = 9.5334956851012063
* Number of equil. steps   = 1000
* Running VMC equilibration.
  Done. [total walltime: 0.02s]
* Equil. acc.ratio (%)     =  27.8255
* Sample config after equilibration:
  +---------+
  |  d   d  |
  |u   0   u|
  |u   2   2|
  |  d   0  |
  +---------+
* Number of accum. steps   = 1000192 x 10
* Running VMC accumulation.
    [walltime: 1m elapsed, 14.9s remaining]
  Done. [total walltime: 1m15s]
* Acceptance ratio (%)     =  27.7982
* Etot/t                   =  -3.833472437022E+02 +/-   4.616825220552E-05
  > Ttot/t                 =  -2.336695614085E+01 +/-   3.654125562985E-04
  > Utot/t                 =   9.534058115822E+00 +/-   3.637364721381E-04
* var[Eloc/t]              =   2.188839650107E-03 +/-   8.489360373929E-06
* Correlation length       =   9.739940342596E-01
* log10 Psi^2 range: -15.115894023302594 -- -7.7686984328054276
* log10 Pgen range : -15.115894023302594 -- -7.7686984328054276
* Site occupation (ave. no. electrons per config.):
  > Site_  ___eu____  ___ed____
      1        0.498      0.496
      2        0.502      0.501
      3        0.501      0.499
      4        0.497      0.497
      5        0.500      0.502
      6        0.500      0.501
      7        0.501      0.500
      8        0.500      0.500
      9        0.500      0.502
     10        0.502      0.502
* Pair-correlation analysis (ave. no. pairs per config.):
  > Shell  nsite  ___dh____  __eueu___  __eued___
      0      1        0          0          1.761
      1      1        0.851      0.726      2.461
      2      1        0.289      0.655      1.101
      3      1        0.160      0.301      0.551
      4      1        0.570      1.341      2.163
      5      1        0.128      1.035      0.953
      6      1        0.159      0.857      1.083
      7      1        0.306      1.801      2.111
      8      1        0.253      2.092      1.917
      9      1        0.248      2.118      1.906
     10      1        0.227      2.144      1.909
     11      1        0.117      0.976      1.034
     12      1        0.243      2.057      1.949
     13      1        0.062      0.478      0.519
     14      1        0.186      1.435      1.565
     15      1        0.122      1.030      0.975
     16      1        0.125      0.954      1.044

Optimization #2:
* Method          : lls
* Target function : energy
* No. of configs. : 500096
* No. of params.  : 58
* Before optimization:
   6.9144E+00   6.9335E+00   6.9281E+00  -8.2872E+00  -8.2840E+00   8.2649E-01
   2.6239E+01   4.5036E+00   4.4887E+00  -1.7599E+01  -1.7724E+01   1.3047E+01
   1.3052E+01   4.1488E+00   4.1483E+00   1.3154E+01   1.3149E+01  -8.5740E+00
  -8.5731E+00  -1.7864E+01  -8.9257E+00  -8.9242E+00  -8.8589E+00  -8.8571E+00
  -8.8599E+00  -8.8570E+00   4.4493E+01  -3.6082E+01  -3.5992E-01  -3.4180E-01
  -1.2938E+02   1.0318E+02  -2.0078E+01   1.5647E+01   8.9382E+01  -7.1804E+01
   8.9441E+01  -7.1713E+01  -6.4677E+01   5.1637E+01  -1.9931E+01   1.5770E+01
  -6.4756E+01   5.1569E+01   4.4544E+01  -3.6020E+01   8.9521E+01  -7.1657E+01
   4.4762E+01  -3.5832E+01   4.4721E+01  -3.5854E+01   4.4720E+01  -3.5853E+01
  -7.6874E-02  -5.8876E-02   4.1725E-02  -1.3467E-02
  > E    =  -3.833472463370E+02 +/-   6.614623102261E-05
  > varE =   2.188081970341E-03
* Computing derivatives.
    [walltime: 1m elapsed, 20m4s remaining]
  Done. [total walltime: 19m45s]
* Optimizing manipulation constant:
  #igrid a___________ E____________________________________ varE____________
     1     Infinity    -3.83347246E+02 +/-   6.61462310E-05   2.18808197E-03
     2     1.0000E+06  -3.83347246E+02 +/-   6.61462247E-05   2.18808155E-03
     3     2.1544E+05  -3.83347246E+02 +/-   6.61462017E-05   2.18808003E-03
     4     4.6416E+04  -3.83347246E+02 +/-   6.61460950E-05   2.18807297E-03
     5     1.0000E+04  -3.83347246E+02 +/-   6.61455995E-05   2.18804019E-03
     6     2.1544E+03  -3.83347247E+02 +/-   6.61433011E-05   2.18788813E-03
     7     4.6416E+02  -3.83347248E+02 +/-   6.61326571E-05   2.18718402E-03
     8     1.0000E+02  -3.83347252E+02 +/-   6.60837749E-05   2.18395189E-03
     9     2.1544E+01  -3.83347274E+02 +/-   6.58675985E-05   2.16968676E-03
    10     4.6416E+00  -3.83347356E+02 +/-   6.50508906E-05   2.11621542E-03
    11     1.0000E+00  -3.83347556E+02 +/-   6.31982488E-05   1.99739275E-03
    12     2.1544E-01  -3.83347741E+02 +/-   6.17024756E-05   1.90396324E-03
    13     4.6416E-02  -3.83347790E+02 +/-   6.13726574E-05   1.88366313E-03
    14     1.0000E-02  -3.83347795E+02 +/-   6.13428989E-05   1.88183686E-03
    15     2.1544E-03  -3.83347795E+02 +/-   6.13119906E-05   1.87994097E-03
    16     4.6416E-04  -3.83347795E+02 +/-   6.12228237E-05   1.87447690E-03
    17     1.0000E-04  -3.83347794E+02 +/-   6.11328206E-05   1.86896965E-03
    18     2.1544E-05  -3.83347794E+02 +/-   6.11007332E-05   1.86700820E-03
    19     4.6416E-06  -3.83347794E+02 +/-   6.10930123E-05   1.86653638E-03
    20     1.0000E-06  -3.83347794E+02 +/-   6.10913096E-05   1.86643234E-03
    21     0.0000E+00  -3.83347794E+02 +/-   6.10908396E-05   1.86640362E-03
* Iteration # 1: E =  -3.833477953809E+02 +/-   6.131199055080E-05
* Reached maximum number of iterations: exiting.
* After optimization:
   9.7962E+00   9.8110E+00   9.8052E+00  -8.9617E+00  -8.9564E+00   8.1437E-01
   2.6095E+01   3.7639E+00   3.7543E+00  -1.8928E+01  -1.9062E+01   1.2969E+01
   1.2970E+01   3.4198E+00   3.4184E+00   1.3064E+01   1.3061E+01  -9.2442E+00
  -9.2428E+00  -1.9155E+01  -9.5750E+00  -9.5748E+00  -9.5186E+00  -9.5162E+00
  -9.5175E+00  -9.5164E+00   4.7697E+01  -3.8650E+01  -4.1104E-01  -3.0162E-01
  -1.2869E+02   1.0264E+02  -1.6495E+01   1.2787E+01   9.5892E+01  -7.6978E+01
   9.5936E+01  -7.6880E+01  -6.4343E+01   5.1379E+01  -1.6333E+01   1.2905E+01
  -6.4419E+01   5.1327E+01   4.7786E+01  -3.8576E+01   9.6033E+01  -7.6878E+01
   4.8015E+01  -3.8438E+01   4.7973E+01  -3.8450E+01   4.7973E+01  -3.8450E+01
  -7.6468E-02  -6.6053E-02   4.3013E-02  -2.4943E-02
  > Energy =  -3.833477953809E+02 +/-   6.131199055080E-05
  > varE =   1.879940972029E-03

VMC #3:
* Size of Hilbert space =   6.3504E+04
* Deterministic energy evaluation:
  > Deterministic Etot/t = -383.34782179219303
    - Ttot/t = -23.365745011006087
    - Utot/t = 9.5322688959834458
* Number of equil. steps   = 1000
* Running VMC equilibration.
  Done. [total walltime: 0.02s]
* Equil. acc.ratio (%)     =  27.8843
* Sample config after equilibration:
  +---------+
  |  0   0  |
  |u   2   2|
  |d   0   0|
  |  2   2  |
  +---------+
* Number of accum. steps   = 1000192 x 10
* Running VMC accumulation.
    [walltime: 1m elapsed, 14.7s remaining]
  Done. [total walltime: 1m15s]
* Acceptance ratio (%)     =  27.8114
* Etot/t                   =  -3.833478142261E+02 +/-   4.286746419766E-05
  > Ttot/t                 =  -2.336566009031E+01 +/-   3.671087288784E-04
  > Utot/t                 =   9.532191541489E+00 +/-   3.646876766569E-04
* var[Eloc/t]              =   1.893550336205E-03 +/-   1.422910076905E-05
* Correlation length       =   9.706487725924E-01
* log10 Psi^2 range: -13.819567777175152 -- -7.4450753381878654
* log10 Pgen range : -13.819567777175152 -- -7.4450753381878654
* Site occupation (ave. no. electrons per config.):
  > Site_  ___eu____  ___ed____
      1        0.496      0.498
      2        0.501      0.503
      3        0.500      0.499
      4        0.497      0.498
      5        0.501      0.498
      6        0.501      0.501
      7        0.501      0.499
      8        0.500      0.500
      9        0.502      0.502
     10        0.502      0.501
* Pair-correlation analysis (ave. no. pairs per config.):
  > Shell  nsite  ___dh____  __eueu___  __eued___
      0      1        0          0          1.753
      1      1        0.841      0.720      2.476
      2      1        0.290      0.649      1.106
      3      1        0.163      0.297      0.552
      4      1        0.563      1.348      2.161
      5      1        0.121      1.023      0.969
      6      1        0.149      0.848      1.099
      7      1        0.304      1.802      2.116
      8      1        0.249      2.097      1.910
      9      1        0.251      2.117      1.907
     10      1        0.229      2.156      1.885
     11      1        0.115      0.982      1.021
     12      1        0.237      2.052      1.956
     13      1        0.062      0.479      0.516
     14      1        0.186      1.443      1.552
     15      1        0.122      1.031      0.976
     16      1        0.125      0.957      1.043

Optimization #3:
* Method          : lls
* Target function : energy
* No. of configs. : 500096
* No. of params.  : 58
* Before optimization:
   9.7962E+00   9.8110E+00   9.8052E+00  -8.9617E+00  -8.9564E+00   8.1437E-01
   2.6095E+01   3.7639E+00   3.7543E+00  -1.8928E+01  -1.9062E+01   1.2969E+01
   1.2970E+01   3.4198E+00   3.4184E+00   1.3064E+01   1.3061E+01  -9.2442E+00
  -9.2428E+00  -1.9155E+01  -9.5750E+00  -9.5748E+00  -9.5186E+00  -9.5162E+00
  -9.5175E+00  -9.5164E+00   4.7697E+01  -3.8650E+01  -4.1104E-01  -3.0162E-01
  -1.2869E+02   1.0264E+02  -1.6495E+01   1.2787E+01   9.5892E+01  -7.6978E+01
   9.5936E+01  -7.6880E+01  -6.4343E+01   5.1379E+01  -1.6333E+01   1.2905E+01
  -6.4419E+01   5.1327E+01   4.7786E+01  -3.8576E+01   9.6033E+01  -7.6878E+01
   4.8015E+01  -3.8438E+01   4.7973E+01  -3.8450E+01   4.7973E+01  -3.8450E+01
  -7.6468E-02  -6.6053E-02   4.3013E-02  -2.4943E-02
  > E    =  -3.833478744417E+02 +/-   6.103377077227E-05
  > varE =   1.862918198974E-03
* Computing derivatives.
    [walltime: 1m elapsed, 23m17s remaining]
  Done. [total walltime: 19m36s]
* Optimizing manipulation constant:
  #igrid a___________ E____________________________________ varE____________
     1     Infinity    -3.83347874E+02 +/-   6.10337708E-05   1.86291820E-03
     2     1.0000E+06  -3.83347874E+02 +/-   6.10337708E-05   1.86291820E-03
     3     2.1544E+05  -3.83347874E+02 +/-   6.10337707E-05   1.86291819E-03
     4     4.6416E+04  -3.83347874E+02 +/-   6.10337704E-05   1.86291818E-03
     5     1.0000E+04  -3.83347874E+02 +/-   6.10337692E-05   1.86291810E-03
     6     2.1544E+03  -3.83347874E+02 +/-   6.10337636E-05   1.86291776E-03
     7     4.6416E+02  -3.83347874E+02 +/-   6.10337376E-05   1.86291617E-03
     8     1.0000E+02  -3.83347874E+02 +/-   6.10336194E-05   1.86290896E-03
     9     2.1544E+01  -3.83347875E+02 +/-   6.10331251E-05   1.86287878E-03
    10     4.6416E+00  -3.83347875E+02 +/-   6.10317156E-05   1.86279274E-03
    11     1.0000E+00  -3.83347875E+02 +/-   6.10323480E-05   1.86283134E-03
    12     2.1544E-01  -3.83347875E+02 +/-   6.10416747E-05   1.86340073E-03
    13     4.6416E-02  -3.83347875E+02 +/-   6.10495977E-05   1.86388449E-03
    14     1.0000E-02  -3.83347875E+02 +/-   6.10548091E-05   1.86420272E-03
    15     2.1544E-03  -3.83347875E+02 +/-   6.10701272E-05   1.86513826E-03
    16     4.6416E-04  -3.83347875E+02 +/-   6.11420244E-05   1.86953245E-03
    17     1.0000E-04  -3.83347873E+02 +/-   6.12584690E-05   1.87666026E-03
    18     2.1544E-05  -3.83347873E+02 +/-   6.13026155E-05   1.87936610E-03
    19     4.6416E-06  -3.83347872E+02 +/-   6.13131359E-05   1.88001121E-03
    20     1.0000E-06  -3.83347872E+02 +/-   6.13154489E-05   1.88015306E-03
    21     0.0000E+00  -3.83347872E+02 +/-   6.13160866E-05   1.88019216E-03
* Iteration # 1: E =  -3.833478754000E+02 +/-   6.104167471550E-05
* Reached maximum number of iterations: exiting.
* After optimization:
   9.8654E+00   9.8794E+00   9.8749E+00  -8.9978E+00  -8.9939E+00   8.1366E-01
   2.6176E+01   3.7689E+00   3.7591E+00  -1.8996E+01  -1.9134E+01   1.3009E+01
   1.3010E+01   3.4249E+00   3.4237E+00   1.3104E+01   1.3101E+01  -9.2802E+00
  -9.2793E+00  -1.9227E+01  -9.6104E+00  -9.6102E+00  -9.5529E+00  -9.5512E+00
  -9.5526E+00  -9.5508E+00   4.7870E+01  -3.8785E+01  -4.1357E-01  -2.9645E-01
  -1.2910E+02   1.0297E+02  -1.6527E+01   1.2814E+01   9.6242E+01  -7.7259E+01
   9.6284E+01  -7.7155E+01  -6.4551E+01   5.1546E+01  -1.6366E+01   1.2932E+01
  -6.4626E+01   5.1494E+01   4.7957E+01  -3.8712E+01   9.6382E+01  -7.7155E+01
   4.8189E+01  -3.8577E+01   4.8148E+01  -3.8590E+01   4.8148E+01  -3.8590E+01
  -7.4282E-02  -6.6253E-02   4.3111E-02  -2.6101E-02
  > Energy =  -3.833478754000E+02 +/-   6.104167471550E-05
  > varE =   1.863400730297E-03

VMC #4:
* Size of Hilbert space =   6.3504E+04
* Deterministic energy evaluation:
  > Deterministic Etot/t = -383.34782500644792
    - Ttot/t = -23.365654584521955
    - Utot/t = 9.5321752552444163
* Number of equil. steps   = 1000
* Running VMC equilibration.
  Done. [total walltime: 0.02s]
* Equil. acc.ratio (%)     =  27.7806
* Sample config after equilibration:
  +---------+
  |  u   u  |
  |2   0   d|
  |d   2   d|
  |  0   u  |
  +---------+
* Number of accum. steps   = 1000192 x 10
* Running VMC accumulation.
    [walltime: 1m elapsed, 14.8s remaining]
  Done. [total walltime: 1m15s]
* Acceptance ratio (%)     =  27.7830
* Etot/t                   =  -3.833478300043E+02 +/-   4.366008249811E-05
  > Ttot/t                 =  -2.336554970650E+01 +/-   3.676272654304E-04
  > Utot/t                 =   9.532065379322E+00 +/-   3.659524368123E-04
* var[Eloc/t]              =   1.877760898011E-03 +/-   1.953979339290E-05
* Correlation length       =   1.015341621342E+00
* log10 Psi^2 range: -14.885566094956761 -- -7.4146873256851098
* log10 Pgen range : -14.885566094956761 -- -7.4146873256851098
* Site occupation (ave. no. electrons per config.):
  > Site_  ___eu____  ___ed____
      1        0.498      0.498
      2        0.500      0.502
      3        0.499      0.501
      4        0.498      0.498
      5        0.501      0.500
      6        0.500      0.499
      7        0.501      0.502
      8        0.499      0.500
      9        0.502      0.501
     10        0.502      0.500
* Pair-correlation analysis (ave. no. pairs per config.):
  > Shell  nsite  ___dh____  __eueu___  __eued___
      0      1        0          0          1.753
      1      1        0.842      0.718      2.475
      2      1        0.290      0.649      1.108
      3      1        0.163      0.297      0.554
      4      1        0.562      1.348      2.163
      5      1        0.121      1.021      0.968
      6      1        0.149      0.846      1.099
      7      1        0.304      1.803      2.121
      8      1        0.250      2.100      1.907
      9      1        0.251      2.119      1.907
     10      1        0.228      2.157      1.884
     11      1        0.116      0.980      1.019
     12      1        0.237      2.051      1.957
     13      1        0.062      0.481      0.517
     14      1        0.185      1.441      1.551
     15      1        0.122      1.032      0.975
     16      1        0.125      0.957      1.044

Optimization #4:
* Method          : lls
* Target function : energy
* No. of configs. : 500096
* No. of params.  : 58
* Before optimization:
   9.8654E+00   9.8794E+00   9.8749E+00  -8.9978E+00  -8.9939E+00   8.1366E-01
   2.6176E+01   3.7689E+00   3.7591E+00  -1.8996E+01  -1.9134E+01   1.3009E+01
   1.3010E+01   3.4249E+00   3.4237E+00   1.3104E+01   1.3101E+01  -9.2802E+00
  -9.2793E+00  -1.9227E+01  -9.6104E+00  -9.6102E+00  -9.5529E+00  -9.5512E+00
  -9.5526E+00  -9.5508E+00   4.7870E+01  -3.8785E+01  -4.1357E-01  -2.9645E-01
  -1.2910E+02   1.0297E+02  -1.6527E+01   1.2814E+01   9.6242E+01  -7.7259E+01
   9.6284E+01  -7.7155E+01  -6.4551E+01   5.1546E+01  -1.6366E+01   1.2932E+01
  -6.4626E+01   5.1494E+01   4.7957E+01  -3.8712E+01   9.6382E+01  -7.7155E+01
   4.8189E+01  -3.8577E+01   4.8148E+01  -3.8590E+01   4.8148E+01  -3.8590E+01
  -7.4282E-02  -6.6253E-02   4.3111E-02  -2.6101E-02
  > E    =  -3.833479102125E+02 +/-   6.178526943153E-05
  > varE =   1.909076231637E-03
* Computing derivatives.
    [walltime: 1m elapsed, 23m3s remaining]
  Done. [total walltime: 19m29s]
* Optimizing manipulation constant:
  #igrid a___________ E____________________________________ varE____________
     1     Infinity    -3.83347910E+02 +/-   6.17852694E-05   1.90907623E-03
     2     1.0000E+06  -3.83347910E+02 +/-   6.17852694E-05   1.90907623E-03
     3     2.1544E+05  -3.83347910E+02 +/-   6.17852695E-05   1.90907623E-03
     4     4.6416E+04  -3.83347910E+02 +/-   6.17852696E-05   1.90907624E-03
     5     1.0000E+04  -3.83347910E+02 +/-   6.17852703E-05   1.90907629E-03
     6     2.1544E+03  -3.83347910E+02 +/-   6.17852735E-05   1.90907648E-03
     7     4.6416E+02  -3.83347910E+02 +/-   6.17852883E-05   1.90907740E-03
     8     1.0000E+02  -3.83347910E+02 +/-   6.17853558E-05   1.90908157E-03
     9     2.1544E+01  -3.83347910E+02 +/-   6.17856413E-05   1.90909921E-03
    10     4.6416E+00  -3.83347910E+02 +/-   6.17864322E-05   1.90914809E-03
    11     1.0000E+00  -3.83347911E+02 +/-   6.17842190E-05   1.90901132E-03
    12     2.1544E-01  -3.83347911E+02 +/-   6.17667735E-05   1.90793341E-03
    13     4.6416E-02  -3.83347911E+02 +/-   6.17367206E-05   1.90607723E-03
    14     1.0000E-02  -3.83347908E+02 +/-   6.16748670E-05   1.90225977E-03
    15     2.1544E-03  -3.83347889E+02 +/-   6.16486417E-05   1.90064237E-03
    16     4.6416E-04  -3.83347864E+02 +/-   6.17495559E-05   1.90686987E-03
    17     1.0000E-04  -3.83347855E+02 +/-   6.17990128E-05   1.90992562E-03
    18     2.1544E-05  -3.83347853E+02 +/-   6.18116357E-05   1.91070594E-03
    19     4.6416E-06  -3.83347852E+02 +/-   6.18144549E-05   1.91088023E-03
    20     1.0000E-06  -3.83347852E+02 +/-   6.18150669E-05   1.91091808E-03
    21     0.0000E+00  -3.83347852E+02 +/-   6.18152353E-05   1.91092849E-03
* Iteration # 1: E =  -3.833479112805E+02 +/-   6.176677348229E-05
* Reached maximum number of iterations: exiting.
* After optimization:
   9.8914E+00   9.9068E+00   9.9011E+00  -9.0117E+00  -9.0069E+00   8.1584E-01
   2.6195E+01   3.7650E+00   3.7552E+00  -1.9021E+01  -1.9159E+01   1.3019E+01
   1.3020E+01   3.4218E+00   3.4206E+00   1.3114E+01   1.3110E+01  -9.2918E+00
  -9.2904E+00  -1.9251E+01  -9.6223E+00  -9.6220E+00  -9.5644E+00  -9.5621E+00
  -9.5645E+00  -9.5632E+00   4.7937E+01  -3.8836E+01  -4.1356E-01  -2.9785E-01
  -1.2919E+02   1.0304E+02  -1.6505E+01   1.2796E+01   9.6372E+01  -7.7365E+01
   9.6413E+01  -7.7260E+01  -6.4595E+01   5.1580E+01  -1.6345E+01   1.2914E+01
  -6.4670E+01   5.1528E+01   4.8021E+01  -3.8766E+01   9.6512E+01  -7.7261E+01
   4.8255E+01  -3.8630E+01   4.8213E+01  -3.8643E+01   4.8213E+01  -3.8643E+01
  -7.4944E-02  -6.5915E-02   4.1780E-02  -2.5750E-02
  > Energy =  -3.833479112805E+02 +/-   6.176677348229E-05
  > varE =   1.907933406099E-03

VMC #5:
* Size of Hilbert space =   6.3504E+04
* Deterministic energy evaluation:
  > Deterministic Etot/t = -383.34782488538536
    - Ttot/t = -23.365814675995072
    - Utot/t = 9.5323354677799266
* Number of equil. steps   = 1000
* Running VMC equilibration.
  Done. [total walltime: 0.02s]
* Equil. acc.ratio (%)     =  27.8242
* Sample config after equilibration:
  +---------+
  |  u   d  |
  |0   d   2|
  |2   u   0|
  |  u   d  |
  +---------+
* Number of accum. steps   = 1000192 x 10
* Running VMC accumulation.
    [walltime: 1m elapsed, 15.3s remaining]
  Done. [total walltime: 1m15s]
* Acceptance ratio (%)     =  27.8005
* Etot/t                   =  -3.833478467259E+02 +/-   4.322240193175E-05
  > Ttot/t                 =  -2.336570887723E+01 +/-   3.661473007248E-04
  > Utot/t                 =   9.532207828456E+00 +/-   3.640886524089E-04
* var[Eloc/t]              =   1.867445156878E-03 +/-   1.885633971970E-05
* Correlation length       =   1.000583450424E+00
* log10 Psi^2 range: -14.238874406053558 -- -7.4308535776930080
* log10 Pgen range : -14.238874406053558 -- -7.4308535776930080
* Site occupation (ave. no. electrons per config.):
  > Site_  ___eu____  ___ed____
      1        0.496      0.498
      2        0.501      0.502
      3        0.501      0.500
      4        0.497      0.498
      5        0.500      0.499
      6        0.500      0.500
      7        0.501      0.501
      8        0.500      0.499
      9        0.501      0.501
     10        0.502      0.502
* Pair-correlation analysis (ave. no. pairs per config.):
  > Shell  nsite  ___dh____  __eueu___  __eued___
      0      1        0          0          1.753
      1      1        0.841      0.720      2.476
      2      1        0.290      0.649      1.107
      3      1        0.163      0.296      0.553
      4      1        0.563      1.347      2.161
      5      1        0.122      1.021      0.969
      6      1        0.150      0.847      1.101
      7      1        0.304      1.798      2.119
      8      1        0.249      2.100      1.907
      9      1        0.250      2.118      1.906
     10      1        0.230      2.156      1.884
     11      1        0.116      0.982      1.020
     12      1        0.238      2.051      1.957
     13      1        0.062      0.482      0.516
     14      1        0.184      1.444      1.551
     15      1        0.122      1.030      0.976
     16      1        0.125      0.957      1.044

Optimization #5:
* Method          : lls
* Target function : energy
* No. of configs. : 500096
* No. of params.  : 58
* Before optimization:
   9.8914E+00   9.9068E+00   9.9011E+00  -9.0117E+00  -9.0069E+00   8.1584E-01
   2.6195E+01   3.7650E+00   3.7552E+00  -1.9021E+01  -1.9159E+01   1.3019E+01
   1.3020E+01   3.4218E+00   3.4206E+00   1.3114E+01   1.3110E+01  -9.2918E+00
  -9.2904E+00  -1.9251E+01  -9.6223E+00  -9.6220E+00  -9.5644E+00  -9.5621E+00
  -9.5645E+00  -9.5632E+00   4.7937E+01  -3.8836E+01  -4.1356E-01  -2.9785E-01
  -1.2919E+02   1.0304E+02  -1.6505E+01   1.2796E+01   9.6372E+01  -7.7365E+01
   9.6413E+01  -7.7260E+01  -6.4595E+01   5.1580E+01  -1.6345E+01   1.2914E+01
  -6.4670E+01   5.1528E+01   4.8021E+01  -3.8766E+01   9.6512E+01  -7.7261E+01
   4.8255E+01  -3.8630E+01   4.8213E+01  -3.8643E+01   4.8213E+01  -3.8643E+01
  -7.4944E-02  -6.5915E-02   4.1780E-02  -2.5750E-02
  > E    =  -3.833478487988E+02 +/-   6.092413307591E-05
  > varE =   1.856231323525E-03
* Computing derivatives.
    [walltime: 1m elapsed, 21m24s remaining]
  Done. [total walltime: 19m33s]
* Optimizing manipulation constant:
  #igrid a___________ E____________________________________ varE____________
     1     Infinity    -3.83347849E+02 +/-   6.09241331E-05   1.85623132E-03
     2     1.0000E+06  -3.83347849E+02 +/-   6.09241329E-05   1.85623131E-03
     3     2.1544E+05  -3.83347849E+02 +/-   6.09241324E-05   1.85623128E-03
     4     4.6416E+04  -3.83347849E+02 +/-   6.09241300E-05   1.85623113E-03
     5     1.0000E+04  -3.83347849E+02 +/-   6.09241187E-05   1.85623045E-03
     6     2.1544E+03  -3.83347849E+02 +/-   6.09240664E-05   1.85622726E-03
     7     4.6416E+02  -3.83347849E+02 +/-   6.09238242E-05   1.85621250E-03
     8     1.0000E+02  -3.83347849E+02 +/-   6.09227112E-05   1.85614468E-03
     9     2.1544E+01  -3.83347849E+02 +/-   6.09177756E-05   1.85584395E-03
    10     4.6416E+00  -3.83347849E+02 +/-   6.08989048E-05   1.85469434E-03
    11     1.0000E+00  -3.83347849E+02 +/-   6.08541480E-05   1.85196918E-03
    12     2.1544E-01  -3.83347850E+02 +/-   6.08124907E-05   1.84943454E-03
    13     4.6416E-02  -3.83347849E+02 +/-   6.07978153E-05   1.84854202E-03
    14     1.0000E-02  -3.83347849E+02 +/-   6.07934351E-05   1.84827567E-03
    15     2.1544E-03  -3.83347849E+02 +/-   6.07875500E-05   1.84791785E-03
    16     4.6416E-04  -3.83347849E+02 +/-   6.07724102E-05   1.84699747E-03
    17     1.0000E-04  -3.83347849E+02 +/-   6.07581368E-05   1.84612998E-03
    18     2.1544E-05  -3.83347849E+02 +/-   6.07533936E-05   1.84584175E-03
    19     4.6416E-06  -3.83347849E+02 +/-   6.07522819E-05   1.84577420E-03
    20     1.0000E-06  -3.83347849E+02 +/-   6.07520383E-05   1.84575940E-03
    21     0.0000E+00  -3.83347849E+02 +/-   6.07519711E-05   1.84575531E-03
* Iteration # 1: E =  -3.833478495305E+02 +/-   6.081249074551E-05
* Reached maximum number of iterations: exiting.
* After optimization:
   9.9804E+00   9.9954E+00   9.9900E+00  -9.0336E+00  -9.0289E+00   8.1173E-01
   2.6201E+01   3.7474E+00   3.7373E+00  -1.9060E+01  -1.9199E+01   1.3020E+01
   1.3021E+01   3.4044E+00   3.4030E+00   1.3115E+01   1.3111E+01  -9.3138E+00
  -9.3128E+00  -1.9291E+01  -9.6426E+00  -9.6421E+00  -9.5850E+00  -9.5829E+00
  -9.5843E+00  -9.5825E+00   4.8031E+01  -3.8910E+01  -4.1422E-01  -2.9496E-01
  -1.2923E+02   1.0307E+02  -1.6427E+01   1.2736E+01   9.6562E+01  -7.7517E+01
   9.6604E+01  -7.7411E+01  -6.4612E+01   5.1596E+01  -1.6267E+01   1.2854E+01
  -6.4687E+01   5.1545E+01   4.8117E+01  -3.8839E+01   9.6703E+01  -7.7412E+01
   4.8350E+01  -3.8705E+01   4.8308E+01  -3.8719E+01   4.8308E+01  -3.8719E+01
  -7.5567E-02  -6.6090E-02   4.3162E-02  -2.6923E-02
  > Energy =  -3.833478495305E+02 +/-   6.081249074551E-05
  > varE =   1.849434538603E-03

VMC #6:
* Size of Hilbert space =   6.3504E+04
* Deterministic energy evaluation:
  > Deterministic Etot/t = -383.34782451468493
    - Ttot/t = -23.365725065091489
    - Utot/t = 9.5322462275768274
* Number of equil. steps   = 1000
* Running VMC equilibration.
  Done. [total walltime: 0.02s]
* Equil. acc.ratio (%)     =  27.8406
* Sample config after equilibration:
  +---------+
  |  2   2  |
  |d   0   u|
  |0   d   u|
  |  u   d  |
  +---------+
* Number of accum. steps   = 1000192 x 10
* Running VMC accumulation.
    [walltime: 1m elapsed, 15.4s remaining]
  Done. [total walltime: 1m15s]
* Acceptance ratio (%)     =  27.8165
* Etot/t                   =  -3.833478358213E+02 +/-   4.386727283984E-05
  > Ttot/t                 =  -2.336593038391E+01 +/-   3.698909582783E-04
  > Utot/t                 =   9.532440239827E+00 +/-   3.668825260987E-04
* var[Eloc/t]              =   1.880932092885E-03 +/-   2.122783078921E-05
* Correlation length       =   1.023273039207E+00
* log10 Psi^2 range: -14.384193629665047 -- -7.3884279289643482
* log10 Pgen range : -14.384193629665047 -- -7.3884279289643482
* Site occupation (ave. no. electrons per config.):
  > Site_  ___eu____  ___ed____
      1        0.497      0.498
      2        0.502      0.501
      3        0.500      0.500
      4        0.497      0.497
      5        0.500      0.500
      6        0.501      0.500
      7        0.501      0.501
      8        0.502      0.500
      9        0.501      0.501
     10        0.500      0.502
* Pair-correlation analysis (ave. no. pairs per config.):
  > Shell  nsite  ___dh____  __eueu___  __eued___
      0      1        0          0          1.754
      1      1        0.842      0.719      2.476
      2      1        0.291      0.648      1.106
      3      1        0.164      0.296      0.552
      4      1        0.564      1.345      2.162
      5      1        0.120      1.025      0.969
      6      1        0.150      0.848      1.100
      7      1        0.305      1.798      2.117
      8      1        0.250      2.101      1.907
      9      1        0.250      2.119      1.905
     10      1        0.228      2.158      1.887
     11      1        0.116      0.981      1.022
     12      1        0.238      2.053      1.956
     13      1        0.061      0.480      0.517
     14      1        0.186      1.443      1.552
     15      1        0.123      1.030      0.974
     16      1        0.125      0.956      1.044

Optimization #6:
* Method          : lls
* Target function : energy
* No. of configs. : 500096
* No. of params.  : 58
* Before optimization:
   9.9804E+00   9.9954E+00   9.9900E+00  -9.0336E+00  -9.0289E+00   8.1173E-01
   2.6201E+01   3.7474E+00   3.7373E+00  -1.9060E+01  -1.9199E+01   1.3020E+01
   1.3021E+01   3.4044E+00   3.4030E+00   1.3115E+01   1.3111E+01  -9.3138E+00
  -9.3128E+00  -1.9291E+01  -9.6426E+00  -9.6421E+00  -9.5850E+00  -9.5829E+00
  -9.5843E+00  -9.5825E+00   4.8031E+01  -3.8910E+01  -4.1422E-01  -2.9496E-01
  -1.2923E+02   1.0307E+02  -1.6427E+01   1.2736E+01   9.6562E+01  -7.7517E+01
   9.6604E+01  -7.7411E+01  -6.4612E+01   5.1596E+01  -1.6267E+01   1.2854E+01
  -6.4687E+01   5.1545E+01   4.8117E+01  -3.8839E+01   9.6703E+01  -7.7412E+01
   4.8350E+01  -3.8705E+01   4.8308E+01  -3.8719E+01   4.8308E+01  -3.8719E+01
  -7.5567E-02  -6.6090E-02   4.3162E-02  -2.6923E-02
  > E    =  -3.833478206150E+02 +/-   6.140195297569E-05
  > varE =   1.885461853798E-03
* Computing derivatives.
    [walltime: 1m elapsed, 19m6s remaining]
  Done. [total walltime: 19m36s]
* Optimizing manipulation constant:
  #igrid a___________ E____________________________________ varE____________
     1     Infinity    -3.83347821E+02 +/-   6.14019530E-05   1.88546185E-03
     2     1.0000E+06  -3.83347821E+02 +/-   6.14019530E-05   1.88546186E-03
     3     2.1544E+05  -3.83347821E+02 +/-   6.14019533E-05   1.88546187E-03
     4     4.6416E+04  -3.83347821E+02 +/-   6.14019545E-05   1.88546194E-03
     5     1.0000E+04  -3.83347821E+02 +/-   6.14019599E-05   1.88546228E-03
     6     2.1544E+03  -3.83347821E+02 +/-   6.14019849E-05   1.88546381E-03
     7     4.6416E+02  -3.83347821E+02 +/-   6.14021010E-05   1.88547095E-03
     8     1.0000E+02  -3.83347821E+02 +/-   6.14026369E-05   1.88550386E-03
     9     2.1544E+01  -3.83347821E+02 +/-   6.14050571E-05   1.88565249E-03
    10     4.6416E+00  -3.83347821E+02 +/-   6.14148801E-05   1.88625584E-03
    11     1.0000E+00  -3.83347822E+02 +/-   6.14393063E-05   1.88775656E-03
    12     2.1544E-01  -3.83347818E+02 +/-   6.14513904E-05   1.88849921E-03
    13     4.6416E-02  -3.83347803E+02 +/-   6.14751573E-05   1.88996028E-03
    14     1.0000E-02  -3.83347789E+02 +/-   6.15233678E-05   1.89292576E-03
    15     2.1544E-03  -3.83347785E+02 +/-   6.15434158E-05   1.89415962E-03
    16     4.6416E-04  -3.83347789E+02 +/-   6.15523658E-05   1.89471058E-03
    17     1.0000E-04  -3.83347793E+02 +/-   6.15652810E-05   1.89550578E-03
    18     2.1544E-05  -3.83347794E+02 +/-   6.15706124E-05   1.89583408E-03
    19     4.6416E-06  -3.83347794E+02 +/-   6.15719302E-05   1.89591524E-03
    20     1.0000E-06  -3.83347794E+02 +/-   6.15722225E-05   1.89593324E-03
    21     0.0000E+00  -3.83347794E+02 +/-   6.15723033E-05   1.89593822E-03
* Iteration # 1: E =  -3.833478218293E+02 +/-   6.143930630217E-05
* Reached maximum number of iterations: exiting.
* After optimization:
   9.6472E+00   9.6626E+00   9.6569E+00  -8.9234E+00  -8.9184E+00   8.1710E-01
   2.6086E+01   3.7978E+00   3.7876E+00  -1.8849E+01  -1.8984E+01   1.2965E+01
   1.2965E+01   3.4550E+00   3.4532E+00   1.3061E+01   1.3056E+01  -9.2037E+00
  -9.2024E+00  -1.9077E+01  -9.5357E+00  -9.5353E+00  -9.4783E+00  -9.4765E+00
  -9.4778E+00  -9.4763E+00   4.7502E+01  -3.8491E+01  -4.1453E-01  -2.9887E-01
  -1.2865E+02   1.0260E+02  -1.6665E+01   1.2924E+01   9.5505E+01  -7.6671E+01
   9.5546E+01  -7.6569E+01  -6.4322E+01   5.1361E+01  -1.6505E+01   1.3041E+01
  -6.4396E+01   5.1309E+01   4.7588E+01  -3.8420E+01   9.5646E+01  -7.6568E+01
   4.7821E+01  -3.8284E+01   4.7780E+01  -3.8297E+01   4.7780E+01  -3.8297E+01
  -7.6104E-02  -6.4885E-02   4.2553E-02  -2.5815E-02
  > Energy =  -3.833478218293E+02 +/-   6.143930630217E-05
  > varE =   1.887756559128E-03

VMC #7:
* Size of Hilbert space =   6.3504E+04
* Deterministic energy evaluation:
  > Deterministic Etot/t = -383.34782415857944
    - Ttot/t = -23.365810554056591
    - Utot/t = 9.5323320726474492
* Number of equil. steps   = 1000
* Running VMC equilibration.
  Done. [total walltime: 0.02s]
* Equil. acc.ratio (%)     =  27.7927
* Sample config after equilibration:
  +---------+
  |  u   d  |
  |d   2   u|
  |d   0   2|
  |  u   0  |
  +---------+
* Number of accum. steps   = 1000192 x 10
* Running VMC accumulation.
    [walltime: 1m elapsed, 15.3s remaining]
  Done. [total walltime: 1m15s]
* Acceptance ratio (%)     =  27.8049
* Etot/t                   =  -3.833477560159E+02 +/-   4.379398999005E-05
  > Ttot/t                 =  -2.336673476790E+01 +/-   3.680994890496E-04
  > Utot/t                 =   9.533324429111E+00 +/-   3.645239962486E-04
* var[Eloc/t]              =   1.887005731382E-03 +/-   2.446072559702E-05
* Correlation length       =   1.016574442117E+00
* log10 Psi^2 range: -14.179053936018304 -- -7.4448251919545489
* log10 Pgen range : -14.179053936018304 -- -7.4448251919545489
* Site occupation (ave. no. electrons per config.):
  > Site_  ___eu____  ___ed____
      1        0.498      0.497
      2        0.501      0.501
      3        0.501      0.500
      4        0.498      0.498
      5        0.501      0.500
      6        0.499      0.500
      7        0.501      0.501
      8        0.500      0.500
      9        0.500      0.501
     10        0.502      0.501
* Pair-correlation analysis (ave. no. pairs per config.):
  > Shell  nsite  ___dh____  __eueu___  __eued___
      0      1        0          0          1.753
      1      1        0.842      0.719      2.474
      2      1        0.290      0.649      1.105
      3      1        0.163      0.297      0.554
      4      1        0.562      1.349      2.164
      5      1        0.122      1.022      0.969
      6      1        0.149      0.848      1.098
      7      1        0.304      1.802      2.118
      8      1        0.249      2.100      1.910
      9      1        0.251      2.118      1.908
     10      1        0.228      2.153      1.887
     11      1        0.116      0.980      1.021
     12      1        0.236      2.052      1.956
     13      1        0.061      0.482      0.517
     14      1        0.185      1.442      1.549
     15      1        0.122      1.030      0.975
     16      1        0.126      0.956      1.042

VDAGGER finished.
Total VDAGGER walltime: 3h37m

Run ended: Thu Oct  2 13:31:25 CEST 2025
