Run started: Fri Oct  3 09:22:45 CEST 2025
Using VDAGGER_ARCH = gnu7_fkfamd_cluster
Running 1x128 MPI processes.

                               xx
                              +##
                               #X
                               Xx
                          X##XxXxxX##x
                           +   Xx  ++
                               ##
                              +##
                              +##
     ++++         ++          +##
   xX+++##+      ####         +##
  Xx    ###      +X##          ##
 xX    X##+        ##          #X
 +    x##X         #x          #X
      ###         +#           x+
     X##+         #+
     ###         Xx                    _______
     ##X       +X+   __________________VDAGGER
     +##x    +xX     2nd quantized variational
       +xxxxx+       ______quantum Monte Carlo

* Running 128 MPI processes.
* Input file: "input.casl"

############# Start of input file dump #############
General:
  Random seed: timer

Plan:
  VMC-optimization:
    Minimum cycles: 10
    Convergence cycles: 5

System:
  Read Hamiltonian: FCIDUMP_loc_naphthalene
  Read orbitals: LTSC_naphthalene
  Complex orbitals: F
  Site kinds: [ 1, 2, 3, 1, 3, 3, 2, 3, 2, 2 ]
  Geometry:
    r_1: [ 0.00000000000000, 1.34347620379600 ]
    r_4: [ 0.00000000000000, -1.34347620379600 ]
    r_3: [ 2.34629842880300, 2.63976101399600 ]
    r_5: [ -2.34629842880300, -2.63976101399600 ]
    r_6: [ -2.34629842880300, 2.63976101399600 ]
    r_8: [ 2.34629842880300, -2.63976101399600 ]
    r_9: [ 4.58120036880600, 1.33647725770700 ]
    r_2: [ -4.58120036880600, -1.33647725770700 ]
    r_7: [ -4.58120036880600, 1.33647725770700 ]
    r_10: [ 4.58120036880600, -1.33647725770700 ]
    Tolerance: 0.05

VMC:
  nstep: 1000000
  nconfig: 500000

Jastrow: wfn.casl

Multideterminants: wfn.casl
############## End of input file dump ##############

General setup:
* Random seed: 302938458 (from timer)

* Loaded integrals for system with nelec=10, ms2=0, norb=10
* INFO: setting number of electrons from integrals file.
* Analysis of Hamiltonian connecitivity performed:
  - T_ii (local, 1-site): 10 (i) values
  - U_iiii [opp] (local, 1-site): 10 (i) values
  - U_kkii [opp] (local, 2-site): 90 contribs. from 10 (i) values
  - U_kkii [par] (local, 2-site): 45 contribs. from 9 (i) values
  - T_ji (single, 2-site): 90 contribs. from 10 (i) values
  - U_kkji [opp] (single, 2/3-site): 900 contribs. from 90 (i,j) pairs
  - U_kkji [par] (single, 3-site): 810 contribs. from 90 (i,j) pairs
  - U_lkji [opp] (double, 2/3/4-site): 8100 contribs. from 90 (i,j) pairs
  - U_lkji [par] (double, 4-site): 1740 contribs. from 72 (i,j) pairs
  - Max. no. wfn. ratios in Eloc: 1467
* Reading override orbitals from file "LTSC_naphthalene".
* Site labels:
  +--------------+
  |    6     3   |
  | 7     1     9|
  | 2     4    10|
  |    5     8   |
  +--------------+
* Read-in Site kinds:
  [ 1, 2, 3, 1, 3, 3, 2, 3, 2, 2 ]
  +---------+
  |  3   3  |
  |2   1   2|
  |2   1   2|
  |  3   3  |
  +---------+
* Maximum Site kind: 3
* Number of site-pair kinds with Tij=0: 0
* Automatically set Site pair kinds:
  Site 1: [ 0, -7, -4, 3, -8, -4, -9, 8, 9, -7 ]
  Site 2: [ -7, 0, 12, -9, 1, 10, 2, 14, 16, -15 ]
  Site 3: [ -4, 12, 0, -8, -11, 5, -13, -6, -1, 10 ]
  Site 4: [ 3, -9, -8, 0, -4, -8, -7, 4, 7, -9 ]
  Site 5: [ -8, 1, -11, -4, 0, 6, 10, -5, -12, -14 ]
  Site 6: [ -4, 10, 5, -8, 6, 0, 1, 11, 14, 12 ]
  Site 7: [ -9, 2, -13, -7, 10, 1, 0, -12, 15, -16 ]
  Site 8: [ 8, 14, -6, 4, -5, 11, -12, 0, 10, -1 ]
  Site 9: [ 9, 16, -1, 7, -12, 14, 15, 10, 0, -2 ]
  Site 10: [ -7, -15, 10, -9, -14, 12, -16, -1, -2, 0 ]
  For site 1 of kind 1:
  +--------------+
  |   -4    -4   |
  |-9     0     9|
  |-7     3    -7|
  |   -8     8   |
  +--------------+
  For site 2 of kind 2:
  +-------------------+
  |     10      12    |
  |  2      -7      16|
  |  0      -9     -15|
  |      1      14    |
  +-------------------+
  For site 3 of kind 3:
  +-------------------+
  |      5       0    |
  |-13      -4      -1|
  | 12      -8      10|
  |    -11      -6    |
  +-------------------+
* Maximum (unsigned) Site pair kind: 16
General system setup:
* Number of sites       : 10
* Number of electrons   : 10
* Spin imbalance MS2    : 0
* Filling               : 0.500000
* Number of orbitals in pool: 10
* Using real-valued orbitals
* Using double-precision arithmetic for orbitals

Trial wave function setup:
* Jastrow parameter file: "wfn.casl"
* Multideterminant parameter file: "wfn.casl"
* Not using a backflow transformation
* Not using wave function manipulation

VMC #1:
* Size of Hilbert space =   6.3504E+04
* Deterministic energy evaluation:
  > Deterministic Etot/t = -383.34782415857944
    - Ttot/t = -23.365810554056591
    - Utot/t = 9.5323320726474492
* Number of equil. steps   = 1000
* Running VMC equilibration.
  Done. [total walltime: 0.03s]
* Equil. acc.ratio (%)     =  27.7574
* Sample config after equilibration:
  +---------+
  |  2   0  |
  |0   u   d|
  |2   d   2|
  |  0   u  |
  +---------+
* Number of accum. steps   = 1000192 x 10
* Running VMC accumulation.
    [walltime: 1m elapsed, 29.2s remaining]
  Done. [total walltime: 1m30s]
* Acceptance ratio (%)     =  27.7889
* Etot/t                   =  -3.833479344256E+02 +/-   4.345916668450E-05
  > Ttot/t                 =  -2.336587149764E+01 +/-   3.650523065816E-04
  > Utot/t                 =   9.532282749168E+00 +/-   3.624140465181E-04
* var[Eloc/t]              =   1.880039541709E-03 +/-   2.333931883986E-05
* Correlation length       =   1.004798972172E+00
* log10 Psi^2 range: -15.537752033923985 -- -7.4448221248061905
* log10 Pgen range : -15.537752033923985 -- -7.4448221248061905
* Site occupation (ave. no. electrons per config.):
  > Site_  ___eu____  ___ed____
      1        0.497      0.497
      2        0.501      0.501
      3        0.500      0.500
      4        0.498      0.497
      5        0.501      0.500
      6        0.500      0.501
      7        0.501      0.502
      8        0.500      0.501
      9        0.500      0.501
     10        0.502      0.501
* Pair-correlation analysis (ave. no. pairs per config.):
  > Shell  nsite  ___dh____  __eueu___  __eued___
      0      1        0          0          1.753
      1      1        0.842      0.719      2.477
      2      1        0.290      0.647      1.107
      3      1        0.163      0.296      0.553
      4      1        0.562      1.348      2.163
      5      1        0.121      1.023      0.970
      6      1        0.150      0.847      1.101
      7      1        0.304      1.800      2.117
      8      1        0.249      2.101      1.908
      9      1        0.250      2.117      1.904
     10      1        0.228      2.159      1.885
     11      1        0.116      0.982      1.022
     12      1        0.237      2.052      1.956
     13      1        0.061      0.481      0.518
     14      1        0.186      1.443      1.550
     15      1        0.122      1.029      0.974
     16      1        0.125      0.956      1.043

Optimization #1:
* Method          : lls
* Target function : energy
* No. of configs. : 500096
* No. of params.  : 58
* Before optimization:
   9.6472E+00   9.6626E+00   9.6569E+00  -8.9234E+00  -8.9184E+00   8.1710E-01
   2.6086E+01   3.7978E+00   3.7876E+00  -1.8849E+01  -1.8984E+01   1.2965E+01
   1.2965E+01   3.4550E+00   3.4532E+00   1.3061E+01   1.3056E+01  -9.2037E+00
  -9.2024E+00  -1.9077E+01  -9.5357E+00  -9.5353E+00  -9.4783E+00  -9.4765E+00
  -9.4778E+00  -9.4763E+00   4.7502E+01  -3.8491E+01  -4.1453E-01  -2.9887E-01
  -1.2865E+02   1.0260E+02  -1.6665E+01   1.2924E+01   9.5505E+01  -7.6671E+01
   9.5546E+01  -7.6569E+01  -6.4322E+01   5.1361E+01  -1.6505E+01   1.3041E+01
  -6.4396E+01   5.1309E+01   4.7588E+01  -3.8420E+01   9.5646E+01  -7.6568E+01
   4.7821E+01  -3.8284E+01   4.7780E+01  -3.8297E+01   4.7780E+01  -3.8297E+01
  -7.6104E-02  -6.4885E-02   4.2553E-02  -2.5815E-02
  > E    =  -3.833479064970E+02 +/-   6.153738416926E-05
  > varE =   1.893788362764E-03
* Computing derivatives.
    [walltime: 1m elapsed, 19m41s remaining]
  Done. [total walltime: 19m31s]
* Optimizing manipulation constant:
  #igrid a___________ E____________________________________ varE____________
     1     Infinity    -3.83347906E+02 +/-   6.15373842E-05   1.89378836E-03
     2     1.0000E+06  -3.83347906E+02 +/-   6.15373839E-05   1.89378835E-03
     3     2.1544E+05  -3.83347906E+02 +/-   6.15373829E-05   1.89378829E-03
     4     4.6416E+04  -3.83347906E+02 +/-   6.15373784E-05   1.89378800E-03
     5     1.0000E+04  -3.83347906E+02 +/-   6.15373572E-05   1.89378670E-03
     6     2.1544E+03  -3.83347907E+02 +/-   6.15372590E-05   1.89378066E-03
     7     4.6416E+02  -3.83347907E+02 +/-   6.15368039E-05   1.89375265E-03
     8     1.0000E+02  -3.83347907E+02 +/-   6.15347098E-05   1.89362376E-03
     9     2.1544E+01  -3.83347907E+02 +/-   6.15253644E-05   1.89304863E-03
    10     4.6416E+00  -3.83347908E+02 +/-   6.14886407E-05   1.89078943E-03
    11     1.0000E+00  -3.83347911E+02 +/-   6.13927175E-05   1.88489471E-03
    12     2.1544E-01  -3.83347913E+02 +/-   6.12801781E-05   1.87799062E-03
    13     4.6416E-02  -3.83347913E+02 +/-   6.12252204E-05   1.87462367E-03
    14     1.0000E-02  -3.83347914E+02 +/-   6.12096099E-05   1.87366785E-03
    15     2.1544E-03  -3.83347914E+02 +/-   6.12079028E-05   1.87356334E-03
    16     4.6416E-04  -3.83347915E+02 +/-   6.12382454E-05   1.87542136E-03
    17     1.0000E-04  -3.83347912E+02 +/-   6.13053067E-05   1.87953112E-03
    18     2.1544E-05  -3.83347911E+02 +/-   6.13357638E-05   1.88139912E-03
    19     4.6416E-06  -3.83347910E+02 +/-   6.13435293E-05   1.88187554E-03
    20     1.0000E-06  -3.83347910E+02 +/-   6.13452640E-05   1.88198198E-03
    21     0.0000E+00  -3.83347910E+02 +/-   6.13457443E-05   1.88201145E-03
* Iteration # 1: E =  -3.833479145583E+02 +/-   6.123824544363E-05
* Convergence: exiting.
* After optimization:
  -8.3808E-01  -8.2243E-01  -8.2807E-01  -1.3091E+01  -1.3086E+01   8.1745E-01
   5.3236E+01   1.3209E+01   1.3198E+01  -2.7178E+01  -2.7316E+01   2.6540E+01
   2.6542E+01   1.2864E+01   1.2862E+01   2.6637E+01   2.6633E+01  -1.3371E+01
  -1.3370E+01  -2.7411E+01  -1.3703E+01  -1.3702E+01  -1.3638E+01  -1.3637E+01
  -1.3644E+01  -1.3642E+01   6.8333E+01  -5.5156E+01  -4.1589E-01  -2.9777E-01
  -2.6440E+02   2.1121E+02  -6.3714E+01   5.0562E+01   1.3717E+02  -1.1000E+02
   1.3721E+02  -1.0990E+02  -1.3220E+02   1.0567E+02  -6.3552E+01   5.0680E+01
  -1.3228E+02   1.0561E+02   6.8420E+01  -5.5085E+01   1.3731E+02  -1.0990E+02
   6.8654E+01  -5.4948E+01   6.8610E+01  -5.4964E+01   6.8611E+01  -5.4963E+01
  -7.4523E-02  -6.5763E-02   4.2354E-02  -2.8857E-02
  > Energy =  -3.833479145583E+02 +/-   6.123824544363E-05
  > varE =   1.875421364287E-03

VMC #2:
* Size of Hilbert space =   6.3504E+04
* Deterministic energy evaluation:
  > Deterministic Etot/t = -383.34781926974603
    - Ttot/t = -23.365903975854380
    - Utot/t = 9.5324303832787205
* Number of equil. steps   = 1000
* Running VMC equilibration.
  Done. [total walltime: 0.03s]
* Equil. acc.ratio (%)     =  27.8316
* Sample config after equilibration:
  +---------+
  |  2   u  |
  |d   u   d|
  |u   d   0|
  |  d   u  |
  +---------+
* Number of accum. steps   = 1000192 x 10
* Running VMC accumulation.
    [walltime: 1m elapsed, 37.0s remaining]
  Done. [total walltime: 1m37s]
* Acceptance ratio (%)     =  27.8160
* Etot/t                   =  -3.833478616412E+02 +/-   4.382745196454E-05
  > Ttot/t                 =  -2.336610248323E+01 +/-   3.647151325836E-04
  > Utot/t                 =   9.532586519223E+00 +/-   3.628861847220E-04
* var[Eloc/t]              =   1.878713187687E-03 +/-   1.799543799410E-05
* Correlation length       =   1.022622484710E+00
* log10 Psi^2 range: -14.371378262212383 -- -7.4411987286965147
* log10 Pgen range : -14.371378262212383 -- -7.4411987286965147
* Site occupation (ave. no. electrons per config.):
  > Site_  ___eu____  ___ed____
      1        0.498      0.498
      2        0.502      0.501
      3        0.500      0.500
      4        0.498      0.497
      5        0.500      0.499
      6        0.499      0.500
      7        0.501      0.502
      8        0.501      0.499
      9        0.501      0.501
     10        0.500      0.502
* Pair-correlation analysis (ave. no. pairs per config.):
  > Shell  nsite  ___dh____  __eueu___  __eued___
      0      1        0          0          1.753
      1      1        0.843      0.717      2.475
      2      1        0.290      0.646      1.109
      3      1        0.163      0.297      0.555
      4      1        0.564      1.346      2.163
      5      1        0.120      1.023      0.969
      6      1        0.150      0.847      1.099
      7      1        0.303      1.802      2.119
      8      1        0.250      2.100      1.908
      9      1        0.250      2.121      1.909
     10      1        0.228      2.160      1.883
     11      1        0.117      0.979      1.020
     12      1        0.238      2.052      1.955
     13      1        0.063      0.481      0.517
     14      1        0.185      1.442      1.550
     15      1        0.122      1.030      0.975
     16      1        0.125      0.957      1.043

Optimization #2:
* Method          : lls
* Target function : energy
* No. of configs. : 500096
* No. of params.  : 58
* Before optimization:
  -8.3808E-01  -8.2243E-01  -8.2807E-01  -1.3091E+01  -1.3086E+01   8.1745E-01
   5.3236E+01   1.3209E+01   1.3198E+01  -2.7178E+01  -2.7316E+01   2.6540E+01
   2.6542E+01   1.2864E+01   1.2862E+01   2.6637E+01   2.6633E+01  -1.3371E+01
  -1.3370E+01  -2.7411E+01  -1.3703E+01  -1.3702E+01  -1.3638E+01  -1.3637E+01
  -1.3644E+01  -1.3642E+01   6.8333E+01  -5.5156E+01  -4.1589E-01  -2.9777E-01
  -2.6440E+02   2.1121E+02  -6.3714E+01   5.0562E+01   1.3717E+02  -1.1000E+02
   1.3721E+02  -1.0990E+02  -1.3220E+02   1.0567E+02  -6.3552E+01   5.0680E+01
  -1.3228E+02   1.0561E+02   6.8420E+01  -5.5085E+01   1.3731E+02  -1.0990E+02
   6.8654E+01  -5.4948E+01   6.8610E+01  -5.4964E+01   6.8611E+01  -5.4963E+01
  -7.4523E-02  -6.5763E-02   4.2354E-02  -2.8857E-02
  > E    =  -3.833479876202E+02 +/-   6.112539165120E-05
  > varE =   1.868515438353E-03
* Computing derivatives.
    [walltime: 1m elapsed, 19m26s remaining]
  Done. [total walltime: 19m30s]
* Optimizing manipulation constant:
  #igrid a___________ E____________________________________ varE____________
     1     Infinity    -3.83347988E+02 +/-   6.11253917E-05   1.86851544E-03
     2     1.0000E+06  -3.83347988E+02 +/-   6.11253917E-05   1.86851544E-03
     3     2.1544E+05  -3.83347988E+02 +/-   6.11253919E-05   1.86851546E-03
     4     4.6416E+04  -3.83347988E+02 +/-   6.11253929E-05   1.86851552E-03
     5     1.0000E+04  -3.83347988E+02 +/-   6.11253976E-05   1.86851580E-03
     6     2.1544E+03  -3.83347988E+02 +/-   6.11254191E-05   1.86851712E-03
     7     4.6416E+02  -3.83347988E+02 +/-   6.11255192E-05   1.86852324E-03
     8     1.0000E+02  -3.83347988E+02 +/-   6.11259842E-05   1.86855167E-03
     9     2.1544E+01  -3.83347988E+02 +/-   6.11281462E-05   1.86868385E-03
    10     4.6416E+00  -3.83347990E+02 +/-   6.11379405E-05   1.86928272E-03
    11     1.0000E+00  -3.83347994E+02 +/-   6.11733292E-05   1.87144735E-03
    12     2.1544E-01  -3.83347996E+02 +/-   6.12585952E-05   1.87666800E-03
    13     4.6416E-02  -3.83347990E+02 +/-   6.13837769E-05   1.88434576E-03
    14     1.0000E-02  -3.83347983E+02 +/-   6.14770558E-05   1.89007702E-03
    15     2.1544E-03  -3.83347963E+02 +/-   6.17403599E-05   1.90630196E-03
    16     4.6416E-04  -3.83347617E+02 +/-   6.55210586E-05   2.14691669E-03
    17     1.0000E-04  -3.82989483E+02 +/-   6.98818037E-04   2.44220206E-01
    18     2.1544E-05  -3.83342300E+02 +/-   1.01569951E-04   5.15921789E-03
    19     4.6416E-06  -3.83344483E+02 +/-   8.81978834E-05   3.89018009E-03
    20     1.0000E-06  -3.83344793E+02 +/-   8.61262946E-05   3.70958141E-03
    21     0.0000E+00  -3.83344872E+02 +/-   8.55946598E-05   3.66392623E-03
* Iteration # 1: E =  -3.833479958733E+02 +/-   6.125859523002E-05
* Convergence: exiting.
* After optimization:
  -1.3533E+00  -1.3388E+00  -1.3440E+00  -1.2945E+01  -1.2940E+01   8.1372E-01
   5.3174E+01   1.3323E+01   1.3313E+01  -2.6885E+01  -2.7024E+01   2.6508E+01
   2.6509E+01   1.2978E+01   1.2977E+01   2.6605E+01   2.6601E+01  -1.3226E+01
  -1.3225E+01  -2.7118E+01  -1.3555E+01  -1.3555E+01  -1.3496E+01  -1.3495E+01
  -1.3498E+01  -1.3496E+01   6.7602E+01  -5.4568E+01  -4.1294E-01  -2.9793E-01
  -2.6410E+02   2.1096E+02  -6.4292E+01   5.1027E+01   1.3570E+02  -1.0883E+02
   1.3574E+02  -1.0872E+02  -1.3205E+02   1.0554E+02  -6.4132E+01   5.1145E+01
  -1.3212E+02   1.0549E+02   6.7687E+01  -5.4497E+01   1.3584E+02  -1.0872E+02
   6.7919E+01  -5.4362E+01   6.7877E+01  -5.4375E+01   6.7877E+01  -5.4375E+01
  -7.4496E-02  -6.4973E-02   4.2261E-02  -2.5686E-02
  > Energy =  -3.833479958733E+02 +/-   6.125859523002E-05
  > varE =   1.876667995865E-03

VMC #3:
* Size of Hilbert space =   6.3504E+04
* Deterministic energy evaluation:
  > Deterministic Etot/t = -383.34782325557262
    - Ttot/t = -23.366264518200666
    - Utot/t = 9.5327869397982852
* Number of equil. steps   = 1000
* Running VMC equilibration.
  Done. [total walltime: 0.03s]
* Equil. acc.ratio (%)     =  27.9335
* Sample config after equilibration:
  +---------+
  |  u   u  |
  |0   d   2|
  |d   u   d|
  |  u   d  |
  +---------+
* Number of accum. steps   = 1000192 x 10
* Running VMC accumulation.
    [walltime: 1m elapsed, 36.9s remaining]
  Done. [total walltime: 1m37s]
* Acceptance ratio (%)     =  27.8105
* Etot/t                   =  -3.833477948177E+02 +/-   4.379720953889E-05
  > Ttot/t                 =  -2.336650399091E+01 +/-   3.718662497076E-04
  > Utot/t                 =   9.533054850434E+00 +/-   3.690501574314E-04
* var[Eloc/t]              =   1.900266165342E-03 +/-   1.764568184824E-05
* Correlation length       =   1.009629015100E+00
* log10 Psi^2 range: -14.863494245973001 -- -7.4236057398608741
* log10 Pgen range : -14.863494245973001 -- -7.4236057398608741
* Site occupation (ave. no. electrons per config.):
  > Site_  ___eu____  ___ed____
      1        0.498      0.498
      2        0.501      0.502
      3        0.500      0.501
      4        0.497      0.497
      5        0.500      0.500
      6        0.500      0.500
      7        0.501      0.500
      8        0.501      0.501
      9        0.501      0.500
     10        0.501      0.501
* Pair-correlation analysis (ave. no. pairs per config.):
  > Shell  nsite  ___dh____  __eueu___  __eued___
      0      1        0          0          1.756
      1      1        0.843      0.718      2.476
      2      1        0.291      0.647      1.105
      3      1        0.163      0.297      0.553
      4      1        0.564      1.349      2.162
      5      1        0.122      1.025      0.968
      6      1        0.152      0.848      1.099
      7      1        0.305      1.798      2.119
      8      1        0.250      2.101      1.909
      9      1        0.251      2.118      1.904
     10      1        0.229      2.159      1.886
     11      1        0.117      0.980      1.024
     12      1        0.238      2.055      1.953
     13      1        0.062      0.480      0.518
     14      1        0.186      1.441      1.551
     15      1        0.122      1.030      0.975
     16      1        0.125      0.956      1.042

Optimization #3:
* Method          : lls
* Target function : energy
* No. of configs. : 500096
* No. of params.  : 58
* Before optimization:
  -1.3533E+00  -1.3388E+00  -1.3440E+00  -1.2945E+01  -1.2940E+01   8.1372E-01
   5.3174E+01   1.3323E+01   1.3313E+01  -2.6885E+01  -2.7024E+01   2.6508E+01
   2.6509E+01   1.2978E+01   1.2977E+01   2.6605E+01   2.6601E+01  -1.3226E+01
  -1.3225E+01  -2.7118E+01  -1.3555E+01  -1.3555E+01  -1.3496E+01  -1.3495E+01
  -1.3498E+01  -1.3496E+01   6.7602E+01  -5.4568E+01  -4.1294E-01  -2.9793E-01
  -2.6410E+02   2.1096E+02  -6.4292E+01   5.1027E+01   1.3570E+02  -1.0883E+02
   1.3574E+02  -1.0872E+02  -1.3205E+02   1.0554E+02  -6.4132E+01   5.1145E+01
  -1.3212E+02   1.0549E+02   6.7687E+01  -5.4497E+01   1.3584E+02  -1.0872E+02
   6.7919E+01  -5.4362E+01   6.7877E+01  -5.4375E+01   6.7877E+01  -5.4375E+01
  -7.4496E-02  -6.4973E-02   4.2261E-02  -2.5686E-02
  > E    =  -3.833477907199E+02 +/-   6.156231255825E-05
  > varE =   1.895322995919E-03
* Computing derivatives.
    [walltime: 1m elapsed, 19m19s remaining]
  Done. [total walltime: 19m18s]
* Optimizing manipulation constant:
  #igrid a___________ E____________________________________ varE____________
     1     Infinity    -3.83347791E+02 +/-   6.15623126E-05   1.89532300E-03
     2     1.0000E+06  -3.83347791E+02 +/-   6.15623125E-05   1.89532299E-03
     3     2.1544E+05  -3.83347791E+02 +/-   6.15623123E-05   1.89532298E-03
     4     4.6416E+04  -3.83347791E+02 +/-   6.15623113E-05   1.89532292E-03
     5     1.0000E+04  -3.83347791E+02 +/-   6.15623066E-05   1.89532263E-03
     6     2.1544E+03  -3.83347791E+02 +/-   6.15622851E-05   1.89532131E-03
     7     4.6416E+02  -3.83347791E+02 +/-   6.15621853E-05   1.89531516E-03
     8     1.0000E+02  -3.83347791E+02 +/-   6.15617254E-05   1.89528685E-03
     9     2.1544E+01  -3.83347791E+02 +/-   6.15596640E-05   1.89515991E-03
    10     4.6416E+00  -3.83347792E+02 +/-   6.15514102E-05   1.89465175E-03
    11     1.0000E+00  -3.83347795E+02 +/-   6.15282633E-05   1.89322702E-03
    12     2.1544E-01  -3.83347797E+02 +/-   6.14945208E-05   1.89115107E-03
    13     4.6416E-02  -3.83347798E+02 +/-   6.14719451E-05   1.88976278E-03
    14     1.0000E-02  -3.83347798E+02 +/-   6.14620360E-05   1.88915358E-03
    15     2.1544E-03  -3.83347798E+02 +/-   6.14502047E-05   1.88842634E-03
    16     4.6416E-04  -3.83347771E+02 +/-   6.15830151E-05   1.89659795E-03
    17     1.0000E-04  -3.83347591E+02 +/-   6.29275563E-05   1.98031882E-03
    18     2.1544E-05  -3.83347271E+02 +/-   6.54130962E-05   2.13984735E-03
    19     4.6416E-06  -3.83347105E+02 +/-   6.66870947E-05   2.22401123E-03
    20     1.0000E-06  -3.83347059E+02 +/-   6.70368828E-05   2.24740324E-03
    21     0.0000E+00  -3.83347045E+02 +/-   6.71387686E-05   2.25423986E-03
* Iteration # 1: E =  -3.833477983057E+02 +/-   6.146203595002E-05
* Convergence: exiting.
* After optimization:
  -1.3712E+00  -1.3564E+00  -1.3619E+00  -1.2949E+01  -1.2944E+01   8.1441E-01
   5.3214E+01   1.3337E+01   1.3327E+01  -2.6898E+01  -2.7034E+01   2.6528E+01
   2.6529E+01   1.2994E+01   1.2992E+01   2.6624E+01   2.6620E+01  -1.3231E+01
  -1.3229E+01  -2.7129E+01  -1.3562E+01  -1.3561E+01  -1.3504E+01  -1.3502E+01
  -1.3504E+01  -1.3502E+01   6.7626E+01  -5.4589E+01  -4.1360E-01  -2.9744E-01
  -2.6429E+02   2.1112E+02  -6.4366E+01   5.1086E+01   1.3575E+02  -1.0887E+02
   1.3579E+02  -1.0877E+02  -1.3215E+02   1.0562E+02  -6.4206E+01   5.1204E+01
  -1.3222E+02   1.0557E+02   6.7713E+01  -5.4518E+01   1.3589E+02  -1.0876E+02
   6.7946E+01  -5.4382E+01   6.7905E+01  -5.4396E+01   6.7905E+01  -5.4396E+01
  -7.4843E-02  -6.5948E-02   4.1990E-02  -2.7542E-02
  > Energy =  -3.833477983057E+02 +/-   6.146203595002E-05
  > varE =   1.889153579420E-03

VMC #4:
* Size of Hilbert space =   6.3504E+04
* Deterministic energy evaluation:
  > Deterministic Etot/t = -383.34782433705635
    - Ttot/t = -23.365770954857922
    - Utot/t = 9.5322922949718887
* Number of equil. steps   = 1000
* Running VMC equilibration.
  Done. [total walltime: 0.03s]
* Equil. acc.ratio (%)     =  27.8099
* Sample config after equilibration:
  +---------+
  |  2   u  |
  |u   d   d|
  |0   d   2|
  |  u   0  |
  +---------+
* Number of accum. steps   = 1000192 x 10
* Running VMC accumulation.
    [walltime: 1m elapsed, 36.6s remaining]
  Done. [total walltime: 1m36s]
* Acceptance ratio (%)     =  27.8130
* Etot/t                   =  -3.833477237274E+02 +/-   4.323236641407E-05
  > Ttot/t                 =  -2.336571470706E+01 +/-   3.706949743969E-04
  > Utot/t                 =   9.532336656787E+00 +/-   3.684515151231E-04
* var[Eloc/t]              =   1.851230727706E-03 +/-   1.577320205045E-05
* Correlation length       =   1.009812733218E+00
* log10 Psi^2 range: -14.641165084055562 -- -7.4191557663048089
* log10 Pgen range : -14.641165084055562 -- -7.4191557663048089
* Site occupation (ave. no. electrons per config.):
  > Site_  ___eu____  ___ed____
      1        0.497      0.498
      2        0.501      0.501
      3        0.501      0.499
      4        0.497      0.497
      5        0.500      0.501
      6        0.501      0.500
      7        0.502      0.501
      8        0.499      0.500
      9        0.500      0.501
     10        0.502      0.502
* Pair-correlation analysis (ave. no. pairs per config.):
  > Shell  nsite  ___dh____  __eueu___  __eued___
      0      1        0          0          1.753
      1      1        0.842      0.719      2.476
      2      1        0.291      0.648      1.106
      3      1        0.162      0.297      0.553
      4      1        0.562      1.347      2.162
      5      1        0.121      1.023      0.970
      6      1        0.149      0.848      1.101
      7      1        0.303      1.801      2.118
      8      1        0.250      2.097      1.907
      9      1        0.251      2.117      1.906
     10      1        0.229      2.158      1.885
     11      1        0.116      0.981      1.020
     12      1        0.236      2.051      1.959
     13      1        0.062      0.482      0.517
     14      1        0.186      1.443      1.550
     15      1        0.123      1.030      0.975
     16      1        0.125      0.957      1.043

Optimization #4:
* Method          : lls
* Target function : energy
* No. of configs. : 500096
* No. of params.  : 58
* Before optimization:
  -1.3712E+00  -1.3564E+00  -1.3619E+00  -1.2949E+01  -1.2944E+01   8.1441E-01
   5.3214E+01   1.3337E+01   1.3327E+01  -2.6898E+01  -2.7034E+01   2.6528E+01
   2.6529E+01   1.2994E+01   1.2992E+01   2.6624E+01   2.6620E+01  -1.3231E+01
  -1.3229E+01  -2.7129E+01  -1.3562E+01  -1.3561E+01  -1.3504E+01  -1.3502E+01
  -1.3504E+01  -1.3502E+01   6.7626E+01  -5.4589E+01  -4.1360E-01  -2.9744E-01
  -2.6429E+02   2.1112E+02  -6.4366E+01   5.1086E+01   1.3575E+02  -1.0887E+02
   1.3579E+02  -1.0877E+02  -1.3215E+02   1.0562E+02  -6.4206E+01   5.1204E+01
  -1.3222E+02   1.0557E+02   6.7713E+01  -5.4518E+01   1.3589E+02  -1.0876E+02
   6.7946E+01  -5.4382E+01   6.7905E+01  -5.4396E+01   6.7905E+01  -5.4396E+01
  -7.4843E-02  -6.5948E-02   4.1990E-02  -2.7542E-02
  > E    =  -3.833477591438E+02 +/-   6.077310660782E-05
  > varE =   1.847039806950E-03
* Computing derivatives.
    [walltime: 1m elapsed, 18m26s remaining]
  Done. [total walltime: 19m17s]
* Optimizing manipulation constant:
  #igrid a___________ E____________________________________ varE____________
     1     Infinity    -3.83347759E+02 +/-   6.07731066E-05   1.84703981E-03
     2     1.0000E+06  -3.83347759E+02 +/-   6.07731067E-05   1.84703981E-03
     3     2.1544E+05  -3.83347759E+02 +/-   6.07731070E-05   1.84703983E-03
     4     4.6416E+04  -3.83347759E+02 +/-   6.07731084E-05   1.84703991E-03
     5     1.0000E+04  -3.83347759E+02 +/-   6.07731148E-05   1.84704031E-03
     6     2.1544E+03  -3.83347759E+02 +/-   6.07731448E-05   1.84704213E-03
     7     4.6416E+02  -3.83347759E+02 +/-   6.07732839E-05   1.84705058E-03
     8     1.0000E+02  -3.83347759E+02 +/-   6.07739265E-05   1.84708965E-03
     9     2.1544E+01  -3.83347759E+02 +/-   6.07768472E-05   1.84726719E-03
    10     4.6416E+00  -3.83347760E+02 +/-   6.07891515E-05   1.84801522E-03
    11     1.0000E+00  -3.83347761E+02 +/-   6.08275115E-05   1.85034827E-03
    12     2.1544E-01  -3.83347762E+02 +/-   6.08838469E-05   1.85377726E-03
    13     4.6416E-02  -3.83347762E+02 +/-   6.09136930E-05   1.85559520E-03
    14     1.0000E-02  -3.83347762E+02 +/-   6.09181725E-05   1.85586813E-03
    15     2.1544E-03  -3.83347762E+02 +/-   6.09012736E-05   1.85483862E-03
    16     4.6416E-04  -3.83347755E+02 +/-   6.07955257E-05   1.84840280E-03
    17     1.0000E-04  -3.83347734E+02 +/-   6.07464115E-05   1.84541751E-03
    18     2.1544E-05  -3.83347711E+02 +/-   6.07840082E-05   1.84770252E-03
    19     4.6416E-06  -3.83347703E+02 +/-   6.08085039E-05   1.84919205E-03
    20     1.0000E-06  -3.83347700E+02 +/-   6.08152591E-05   1.84960293E-03
    21     0.0000E+00  -3.83347700E+02 +/-   6.08172230E-05   1.84972239E-03
* Iteration # 1: E =  -3.833477624490E+02 +/-   6.091369300293E-05
* Convergence: exiting.
* After optimization:
  -1.2558E+00  -1.2398E+00  -1.2458E+00  -1.2859E+01  -1.2854E+01   8.1138E-01
   5.2745E+01   1.3193E+01   1.3183E+01  -2.6714E+01  -2.6853E+01   2.6291E+01
   2.6292E+01   1.2849E+01   1.2848E+01   2.6387E+01   2.6383E+01  -1.3141E+01
  -1.3140E+01  -2.6944E+01  -1.3469E+01  -1.3469E+01  -1.3411E+01  -1.3410E+01
  -1.3412E+01  -1.3410E+01   6.7161E+01  -5.4216E+01  -4.1632E-01  -2.9179E-01
  -2.6195E+02   2.0925E+02  -6.3654E+01   5.0517E+01   1.3483E+02  -1.0813E+02
   1.3487E+02  -1.0802E+02  -1.3097E+02   1.0468E+02  -6.3494E+01   5.0635E+01
  -1.3105E+02   1.0463E+02   6.7248E+01  -5.4143E+01   1.3497E+02  -1.0802E+02
   6.7483E+01  -5.4012E+01   6.7441E+01  -5.4024E+01   6.7442E+01  -5.4025E+01
  -7.3450E-02  -6.5850E-02   4.3004E-02  -2.6177E-02
  > Energy =  -3.833477624490E+02 +/-   6.091369300293E-05
  > varE =   1.855595203515E-03

VMC #5:
* Size of Hilbert space =   6.3504E+04
* Deterministic energy evaluation:
  > Deterministic Etot/t = -383.34782489826779
    - Ttot/t = -23.365709168133947
    - Utot/t = 9.5322299470364875
* Number of equil. steps   = 1000
* Running VMC equilibration.
  Done. [total walltime: 0.03s]
* Equil. acc.ratio (%)     =  27.8997
* Sample config after equilibration:
  +---------+
  |  d   d  |
  |u   0   u|
  |2   u   u|
  |  d   d  |
  +---------+
* Number of accum. steps   = 1000192 x 10
* Running VMC accumulation.
    [walltime: 1m elapsed, 35.9s remaining]
  Done. [total walltime: 1m36s]
* Acceptance ratio (%)     =  27.8007
* Etot/t                   =  -3.833478781985E+02 +/-   4.367941328857E-05
  > Ttot/t                 =  -2.336586855080E+01 +/-   3.654299983923E-04
  > Utot/t                 =   9.532336029510E+00 +/-   3.629196469046E-04
* var[Eloc/t]              =   1.902064717404E-03 +/-   1.263216820176E-05
* Correlation length       =   1.003255800327E+00
* log10 Psi^2 range: -14.125930707396352 -- -7.3834186795932455
* log10 Pgen range : -14.125930707396352 -- -7.3834186795932455
* Site occupation (ave. no. electrons per config.):
  > Site_  ___eu____  ___ed____
      1        0.497      0.497
      2        0.501      0.501
      3        0.500      0.500
      4        0.497      0.498
      5        0.501      0.500
      6        0.502      0.501
      7        0.500      0.501
      8        0.500      0.500
      9        0.502      0.501
     10        0.502      0.501
* Pair-correlation analysis (ave. no. pairs per config.):
  > Shell  nsite  ___dh____  __eueu___  __eued___
      0      1        0          0          1.753
      1      1        0.841      0.719      2.477
      2      1        0.291      0.647      1.106
      3      1        0.163      0.295      0.553
      4      1        0.564      1.348      2.161
      5      1        0.121      1.025      0.970
      6      1        0.151      0.847      1.100
      7      1        0.306      1.798      2.115
      8      1        0.249      2.102      1.908
      9      1        0.250      2.117      1.905
     10      1        0.227      2.159      1.887
     11      1        0.116      0.981      1.023
     12      1        0.237      2.054      1.954
     13      1        0.062      0.480      0.516
     14      1        0.186      1.442      1.552
     15      1        0.121      1.031      0.974
     16      1        0.125      0.955      1.043

Optimization #5:
* Method          : lls
* Target function : energy
* No. of configs. : 500096
* No. of params.  : 58
* Before optimization:
  -1.2558E+00  -1.2398E+00  -1.2458E+00  -1.2859E+01  -1.2854E+01   8.1138E-01
   5.2745E+01   1.3193E+01   1.3183E+01  -2.6714E+01  -2.6853E+01   2.6291E+01
   2.6292E+01   1.2849E+01   1.2848E+01   2.6387E+01   2.6383E+01  -1.3141E+01
  -1.3140E+01  -2.6944E+01  -1.3469E+01  -1.3469E+01  -1.3411E+01  -1.3410E+01
  -1.3412E+01  -1.3410E+01   6.7161E+01  -5.4216E+01  -4.1632E-01  -2.9179E-01
  -2.6195E+02   2.0925E+02  -6.3654E+01   5.0517E+01   1.3483E+02  -1.0813E+02
   1.3487E+02  -1.0802E+02  -1.3097E+02   1.0468E+02  -6.3494E+01   5.0635E+01
  -1.3105E+02   1.0463E+02   6.7248E+01  -5.4143E+01   1.3497E+02  -1.0802E+02
   6.7483E+01  -5.4012E+01   6.7441E+01  -5.4024E+01   6.7442E+01  -5.4025E+01
  -7.3450E-02  -6.5850E-02   4.3004E-02  -2.6177E-02
  > E    =  -3.833478201790E+02 +/-   6.178354922270E-05
  > varE =   1.908969929144E-03
* Computing derivatives.
    [walltime: 1m elapsed, 18m25s remaining]
  Done. [total walltime: 19m19s]
* Optimizing manipulation constant:
  #igrid a___________ E____________________________________ varE____________
     1     Infinity    -3.83347820E+02 +/-   6.17835492E-05   1.90896993E-03
     2     1.0000E+06  -3.83347820E+02 +/-   6.17835492E-05   1.90896993E-03
     3     2.1544E+05  -3.83347820E+02 +/-   6.17835490E-05   1.90896992E-03
     4     4.6416E+04  -3.83347820E+02 +/-   6.17835483E-05   1.90896987E-03
     5     1.0000E+04  -3.83347820E+02 +/-   6.17835449E-05   1.90896966E-03
     6     2.1544E+03  -3.83347820E+02 +/-   6.17835293E-05   1.90896870E-03
     7     4.6416E+02  -3.83347820E+02 +/-   6.17834567E-05   1.90896421E-03
     8     1.0000E+02  -3.83347820E+02 +/-   6.17831224E-05   1.90894355E-03
     9     2.1544E+01  -3.83347820E+02 +/-   6.17816201E-05   1.90885072E-03
    10     4.6416E+00  -3.83347821E+02 +/-   6.17755149E-05   1.90847348E-03
    11     1.0000E+00  -3.83347822E+02 +/-   6.17571255E-05   1.90733741E-03
    12     2.1544E-01  -3.83347822E+02 +/-   6.17275973E-05   1.90551392E-03
    13     4.6416E-02  -3.83347822E+02 +/-   6.17065961E-05   1.90421754E-03
    14     1.0000E-02  -3.83347822E+02 +/-   6.16885123E-05   1.90310160E-03
    15     2.1544E-03  -3.83347821E+02 +/-   6.16306784E-05   1.89953490E-03
    16     4.6416E-04  -3.83347816E+02 +/-   6.14946164E-05   1.89115696E-03
    17     1.0000E-04  -3.83347812E+02 +/-   6.14293605E-05   1.88714543E-03
    18     2.1544E-05  -3.83347811E+02 +/-   6.14149202E-05   1.88625831E-03
    19     4.6416E-06  -3.83347811E+02 +/-   6.14118552E-05   1.88607003E-03
    20     1.0000E-06  -3.83347811E+02 +/-   6.14111977E-05   1.88602965E-03
    21     0.0000E+00  -3.83347811E+02 +/-   6.14110173E-05   1.88601857E-03
* Iteration # 1: E =  -3.833478223224E+02 +/-   6.172759730872E-05
* Convergence: exiting.
* After optimization:
  -1.2857E+00  -1.2701E+00  -1.2761E+00  -1.2854E+01  -1.2848E+01   8.1994E-01
   5.2738E+01   1.3192E+01   1.3182E+01  -2.6710E+01  -2.6846E+01   2.6291E+01
   2.6291E+01   1.2849E+01   1.2847E+01   2.6387E+01   2.6382E+01  -1.3134E+01
  -1.3132E+01  -2.6941E+01  -1.3467E+01  -1.3467E+01  -1.3409E+01  -1.3408E+01
  -1.3409E+01  -1.3407E+01   6.7161E+01  -5.4218E+01  -4.1588E-01  -2.9918E-01
  -2.6190E+02   2.0920E+02  -6.3632E+01   5.0497E+01   1.3482E+02  -1.0813E+02
   1.3486E+02  -1.0802E+02  -1.3095E+02   1.0466E+02  -6.3472E+01   5.0615E+01
  -1.3102E+02   1.0461E+02   6.7246E+01  -5.4148E+01   1.3496E+02  -1.0802E+02
   6.7480E+01  -5.4011E+01   6.7439E+01  -5.4024E+01   6.7439E+01  -5.4025E+01
  -7.2875E-02  -6.5313E-02   4.1925E-02  -2.7089E-02
  > Energy =  -3.833478223224E+02 +/-   6.172759730872E-05
  > varE =   1.905513923196E-03

VMC #6:
* Size of Hilbert space =   6.3504E+04
* Deterministic energy evaluation:
  > Deterministic Etot/t = -383.34782473824191
    - Ttot/t = -23.365960441529040
    - Utot/t = 9.5324813804574031
* Number of equil. steps   = 1000
* Running VMC equilibration.
  Done. [total walltime: 0.03s]
* Equil. acc.ratio (%)     =  27.8500
* Sample config after equilibration:
  +---------+
  |  2   d  |
  |0   u   u|
  |d   d   d|
  |  u   u  |
  +---------+
* Number of accum. steps   = 1000192 x 10
* Running VMC accumulation.
    [walltime: 1m elapsed, 36.8s remaining]
  Done. [total walltime: 1m36s]
* Acceptance ratio (%)     =  27.7868
* Etot/t                   =  -3.833478309105E+02 +/-   4.356370004998E-05
  > Ttot/t                 =  -2.336617156923E+01 +/-   3.690333103754E-04
  > Utot/t                 =   9.532686335878E+00 +/-   3.665223718785E-04
* var[Eloc/t]              =   1.896653209397E-03 +/-   1.926183043693E-05
* Correlation length       =   1.000794625746E+00
* log10 Psi^2 range: -14.360012889585732 -- -7.4635521752835441
* log10 Pgen range : -14.360012889585732 -- -7.4635521752835441
* Site occupation (ave. no. electrons per config.):
  > Site_  ___eu____  ___ed____
      1        0.497      0.497
      2        0.501      0.502
      3        0.500      0.501
      4        0.497      0.497
      5        0.500      0.499
      6        0.499      0.501
      7        0.502      0.501
      8        0.500      0.499
      9        0.501      0.501
     10        0.502      0.502
* Pair-correlation analysis (ave. no. pairs per config.):
  > Shell  nsite  ___dh____  __eueu___  __eued___
      0      1        0          0          1.755
      1      1        0.844      0.719      2.475
      2      1        0.290      0.649      1.108
      3      1        0.163      0.296      0.553
      4      1        0.564      1.345      2.160
      5      1        0.121      1.023      0.968
      6      1        0.150      0.847      1.100
      7      1        0.306      1.800      2.116
      8      1        0.249      2.099      1.906
      9      1        0.251      2.118      1.907
     10      1        0.227      2.159      1.887
     11      1        0.117      0.980      1.021
     12      1        0.237      2.054      1.958
     13      1        0.062      0.482      0.518
     14      1        0.185      1.441      1.550
     15      1        0.121      1.032      0.978
     16      1        0.126      0.958      1.042

Optimization #6:
* Method          : lls
* Target function : energy
* No. of configs. : 500096
* No. of params.  : 58
* Before optimization:
  -1.2857E+00  -1.2701E+00  -1.2761E+00  -1.2854E+01  -1.2848E+01   8.1994E-01
   5.2738E+01   1.3192E+01   1.3182E+01  -2.6710E+01  -2.6846E+01   2.6291E+01
   2.6291E+01   1.2849E+01   1.2847E+01   2.6387E+01   2.6382E+01  -1.3134E+01
  -1.3132E+01  -2.6941E+01  -1.3467E+01  -1.3467E+01  -1.3409E+01  -1.3408E+01
  -1.3409E+01  -1.3407E+01   6.7161E+01  -5.4218E+01  -4.1588E-01  -2.9918E-01
  -2.6190E+02   2.0920E+02  -6.3632E+01   5.0497E+01   1.3482E+02  -1.0813E+02
   1.3486E+02  -1.0802E+02  -1.3095E+02   1.0466E+02  -6.3472E+01   5.0615E+01
  -1.3102E+02   1.0461E+02   6.7246E+01  -5.4148E+01   1.3496E+02  -1.0802E+02
   6.7480E+01  -5.4011E+01   6.7439E+01  -5.4024E+01   6.7439E+01  -5.4025E+01
  -7.2875E-02  -6.5313E-02   4.1925E-02  -2.7089E-02
  > E    =  -3.833478563580E+02 +/-   6.100027606679E-05
  > varE =   1.860874059346E-03
* Computing derivatives.
    [walltime: 1m elapsed, 17m52s remaining]
  Done. [total walltime: 19m10s]
* Optimizing manipulation constant:
  #igrid a___________ E____________________________________ varE____________
     1     Infinity    -3.83347856E+02 +/-   6.10002761E-05   1.86087406E-03
     2     1.0000E+06  -3.83347856E+02 +/-   6.10002759E-05   1.86087405E-03
     3     2.1544E+05  -3.83347856E+02 +/-   6.10002753E-05   1.86087401E-03
     4     4.6416E+04  -3.83347856E+02 +/-   6.10002726E-05   1.86087385E-03
     5     1.0000E+04  -3.83347856E+02 +/-   6.10002602E-05   1.86087309E-03
     6     2.1544E+03  -3.83347856E+02 +/-   6.10002024E-05   1.86086956E-03
     7     4.6416E+02  -3.83347856E+02 +/-   6.09999346E-05   1.86085322E-03
     8     1.0000E+02  -3.83347856E+02 +/-   6.09987041E-05   1.86077815E-03
     9     2.1544E+01  -3.83347856E+02 +/-   6.09932499E-05   1.86044540E-03
    10     4.6416E+00  -3.83347857E+02 +/-   6.09724313E-05   1.85917558E-03
    11     1.0000E+00  -3.83347858E+02 +/-   6.09234646E-05   1.85619059E-03
    12     2.1544E-01  -3.83347858E+02 +/-   6.08797478E-05   1.85352765E-03
    13     4.6416E-02  -3.83347858E+02 +/-   6.08645598E-05   1.85260295E-03
    14     1.0000E-02  -3.83347857E+02 +/-   6.08516480E-05   1.85181701E-03
    15     2.1544E-03  -3.83347857E+02 +/-   6.08077292E-05   1.84914494E-03
    16     4.6416E-04  -3.83347854E+02 +/-   6.07260696E-05   1.84418178E-03
    17     1.0000E-04  -3.83347852E+02 +/-   6.06897205E-05   1.84197468E-03
    18     2.1544E-05  -3.83347851E+02 +/-   6.06813128E-05   1.84146435E-03
    19     4.6416E-06  -3.83347851E+02 +/-   6.06794973E-05   1.84135417E-03
    20     1.0000E-06  -3.83347851E+02 +/-   6.06791062E-05   1.84133043E-03
    21     0.0000E+00  -3.83347851E+02 +/-   6.06789988E-05   1.84132392E-03
* Iteration # 1: E =  -3.833478578180E+02 +/-   6.087974776774E-05
* Convergence: exiting.
* After optimization:
  -1.1477E+00  -1.1329E+00  -1.1380E+00  -1.2848E+01  -1.2844E+01   8.1185E-01
   5.2593E+01   1.3128E+01   1.3118E+01  -2.6694E+01  -2.6831E+01   2.6216E+01
   2.6217E+01   1.2785E+01   1.2783E+01   2.6312E+01   2.6308E+01  -1.3130E+01
  -1.3128E+01  -2.6924E+01  -1.3459E+01  -1.3459E+01  -1.3401E+01  -1.3400E+01
  -1.3401E+01  -1.3400E+01   6.7109E+01  -5.4175E+01  -4.1580E-01  -2.9272E-01
  -2.6119E+02   2.0864E+02  -6.3329E+01   5.0257E+01   1.3473E+02  -1.0805E+02
   1.3477E+02  -1.0794E+02  -1.3060E+02   1.0438E+02  -6.3168E+01   5.0375E+01
  -1.3067E+02   1.0433E+02   6.7197E+01  -5.4103E+01   1.3487E+02  -1.0794E+02
   6.7432E+01  -5.3971E+01   6.7390E+01  -5.3984E+01   6.7390E+01  -5.3984E+01
  -7.4691E-02  -6.5952E-02   4.3316E-02  -2.7052E-02
  > Energy =  -3.833478578180E+02 +/-   6.087974776774E-05
  > varE =   1.853527653126E-03

VMC #7:
* Size of Hilbert space =   6.3504E+04
* Deterministic energy evaluation:
  > Deterministic Etot/t = -383.34782495346161
    - Ttot/t = -23.365784486664488
    - Utot/t = 9.5323052103731527
* Number of equil. steps   = 1000
* Running VMC equilibration.
  Done. [total walltime: 0.03s]
* Equil. acc.ratio (%)     =  27.8166
* Sample config after equilibration:
  +---------+
  |  u   2  |
  |d   d   0|
  |u   u   2|
  |  d   0  |
  +---------+
* Number of accum. steps   = 1000192 x 10
* Running VMC accumulation.
    [walltime: 1m elapsed, 36.4s remaining]
  Done. [total walltime: 1m36s]
* Acceptance ratio (%)     =  27.8054
* Etot/t                   =  -3.833478080575E+02 +/-   4.722248815121E-05
  > Ttot/t                 =  -2.336570247140E+01 +/-   3.684166559976E-04
  > Utot/t                 =   9.532240091052E+00 +/-   3.656233274978E-04
* var[Eloc/t]              =   2.189533087041E-03 +/-   2.955902672799E-04
* Correlation length       =   1.018660806435E+00
* log10 Psi^2 range: -14.476929754863665 -- -7.3865268865724891
* log10 Pgen range : -14.476929754863665 -- -7.3865268865724891
* Site occupation (ave. no. electrons per config.):
  > Site_  ___eu____  ___ed____
      1        0.498      0.497
      2        0.502      0.501
      3        0.500      0.500
      4        0.497      0.498
      5        0.500      0.499
      6        0.501      0.499
      7        0.500      0.503
      8        0.499      0.500
      9        0.501      0.501
     10        0.502      0.502
* Pair-correlation analysis (ave. no. pairs per config.):
  > Shell  nsite  ___dh____  __eueu___  __eued___
      0      1        0          0          1.752
      1      1        0.840      0.720      2.475
      2      1        0.291      0.648      1.108
      3      1        0.163      0.297      0.554
      4      1        0.563      1.348      2.161
      5      1        0.121      1.022      0.969
      6      1        0.150      0.845      1.100
      7      1        0.303      1.802      2.120
      8      1        0.250      2.099      1.907
      9      1        0.250      2.120      1.908
     10      1        0.228      2.157      1.884
     11      1        0.116      0.980      1.020
     12      1        0.237      2.052      1.956
     13      1        0.061      0.482      0.517
     14      1        0.185      1.442      1.548
     15      1        0.121      1.030      0.977
     16      1        0.125      0.957      1.043

Optimization #7:
* Method          : lls
* Target function : energy
* No. of configs. : 500096
* No. of params.  : 58
* Before optimization:
  -1.1477E+00  -1.1329E+00  -1.1380E+00  -1.2848E+01  -1.2844E+01   8.1185E-01
   5.2593E+01   1.3128E+01   1.3118E+01  -2.6694E+01  -2.6831E+01   2.6216E+01
   2.6217E+01   1.2785E+01   1.2783E+01   2.6312E+01   2.6308E+01  -1.3130E+01
  -1.3128E+01  -2.6924E+01  -1.3459E+01  -1.3459E+01  -1.3401E+01  -1.3400E+01
  -1.3401E+01  -1.3400E+01   6.7109E+01  -5.4175E+01  -4.1580E-01  -2.9272E-01
  -2.6119E+02   2.0864E+02  -6.3329E+01   5.0257E+01   1.3473E+02  -1.0805E+02
   1.3477E+02  -1.0794E+02  -1.3060E+02   1.0438E+02  -6.3168E+01   5.0375E+01
  -1.3067E+02   1.0433E+02   6.7197E+01  -5.4103E+01   1.3487E+02  -1.0794E+02
   6.7432E+01  -5.3971E+01   6.7390E+01  -5.3984E+01   6.7390E+01  -5.3984E+01
  -7.4691E-02  -6.5952E-02   4.3316E-02  -2.7052E-02
  > E    =  -3.833478444948E+02 +/-   7.053304429053E-05
  > varE =   2.487932759838E-03
* Computing derivatives.
    [walltime: 1m elapsed, 19m8s remaining]
  Done. [total walltime: 19m10s]
* Optimizing manipulation constant:
  #igrid a___________ E____________________________________ varE____________
     1     Infinity    -3.83347844E+02 +/-   7.05330443E-05   2.48793276E-03
     2     1.0000E+06  -3.83347844E+02 +/-   7.05330441E-05   2.48793274E-03
     3     2.1544E+05  -3.83347844E+02 +/-   7.05330432E-05   2.48793268E-03
     4     4.6416E+04  -3.83347844E+02 +/-   7.05330394E-05   2.48793241E-03
     5     1.0000E+04  -3.83347844E+02 +/-   7.05330214E-05   2.48793114E-03
     6     2.1544E+03  -3.83347845E+02 +/-   7.05329379E-05   2.48792526E-03
     7     4.6416E+02  -3.83347845E+02 +/-   7.05325518E-05   2.48789802E-03
     8     1.0000E+02  -3.83347845E+02 +/-   7.05307860E-05   2.48777344E-03
     9     2.1544E+01  -3.83347846E+02 +/-   7.05231218E-05   2.48723281E-03
    10     4.6416E+00  -3.83347852E+02 +/-   7.04966271E-05   2.48536431E-03
    11     1.0000E+00  -3.83347862E+02 +/-   7.04593659E-05   2.48273772E-03
    12     2.1544E-01  -3.83347861E+02 +/-   7.04971443E-05   2.48540079E-03
    13     4.6416E-02  -3.83347850E+02 +/-   7.05677671E-05   2.49038294E-03
    14     1.0000E-02  -3.83347845E+02 +/-   7.06099037E-05   2.49335788E-03
    15     2.1544E-03  -3.83347832E+02 +/-   7.07519951E-05   2.50340297E-03
    16     4.6416E-04  -3.83347649E+02 +/-   7.21851618E-05   2.60584902E-03
    17     1.0000E-04  -3.83347199E+02 +/-   7.53925430E-05   2.84256343E-03
    18     2.1544E-05  -3.83346989E+02 +/-   7.68274997E-05   2.95179899E-03
    19     4.6416E-06  -3.83346935E+02 +/-   7.71881368E-05   2.97957620E-03
    20     1.0000E-06  -3.83346923E+02 +/-   7.72683805E-05   2.98577447E-03
    21     0.0000E+00  -3.83346920E+02 +/-   7.72905725E-05   2.98748979E-03
  ParMin   5.6674E-01  -3.83347864E+02 +/-   7.04616818E-05   2.48290093E-03
  # Using parabolic minimum
* Iteration # 1: E =  -3.833478638202E+02 +/-   7.046168179837E-05
* Computing derivatives.
    [walltime: 1m elapsed, 19m1s remaining]
  Done. [total walltime: 19m2s]
* Optimizing manipulation constant:
  #igrid a___________ E____________________________________ varE____________
     1     Infinity    -3.83347864E+02 +/-   7.04616818E-05   2.48290093E-03
     2     1.0000E+06  -3.83347864E+02 +/-   7.04616819E-05   2.48290093E-03
     3     2.1544E+05  -3.83347864E+02 +/-   7.04616822E-05   2.48290096E-03
     4     4.6416E+04  -3.83347864E+02 +/-   7.04616837E-05   2.48290106E-03
     5     1.0000E+04  -3.83347864E+02 +/-   7.04616906E-05   2.48290154E-03
     6     2.1544E+03  -3.83347864E+02 +/-   7.04617225E-05   2.48290379E-03
     7     4.6416E+02  -3.83347864E+02 +/-   7.04618705E-05   2.48291422E-03
     8     1.0000E+02  -3.83347864E+02 +/-   7.04625517E-05   2.48296224E-03
     9     2.1544E+01  -3.83347864E+02 +/-   7.04656036E-05   2.48317733E-03
    10     4.6416E+00  -3.83347864E+02 +/-   7.04780838E-05   2.48405700E-03
    11     1.0000E+00  -3.83347852E+02 +/-   7.05634404E-05   2.49007756E-03
    12     2.1544E-01  -3.83307812E+02 +/-   2.15017048E-04   2.31206037E-02
    13     4.6416E-02 (error)
    14     1.0000E-02 (error)
    15     2.1544E-03 (error)
    16     4.6416E-04 (error)
    17     1.0000E-04 (error)
    18     2.1544E-05 (error)
    19     4.6416E-06 (error)
    20     1.0000E-06 (error)
    21     0.0000E+00 (error)
* Iteration # 2: E =  -3.833478638202E+02 +/-   7.046168188609E-05
* Convergence: exiting.
* After optimization:
  -1.3110E+00  -1.2952E+00  -1.3009E+00  -1.2813E+01  -1.2808E+01   8.3621E-01
   5.2579E+01   1.3149E+01   1.3138E+01  -2.6644E+01  -2.6781E+01   2.6216E+01
   2.6216E+01   1.2801E+01   1.2799E+01   2.6313E+01   2.6309E+01  -1.3092E+01
  -1.3091E+01  -2.6884E+01  -1.3436E+01  -1.3436E+01  -1.3377E+01  -1.3375E+01
  -1.3377E+01  -1.3375E+01   6.7024E+01  -5.4115E+01  -4.1232E-01  -3.1299E-01
  -2.6108E+02   2.0854E+02  -6.3363E+01   5.0273E+01   1.3454E+02  -1.0791E+02
   1.3458E+02  -1.0780E+02  -1.3054E+02   1.0433E+02  -6.3203E+01   5.0394E+01
  -1.3061E+02   1.0427E+02   6.7102E+01  -5.4048E+01   1.3468E+02  -1.0779E+02
   6.7337E+01  -5.3899E+01   6.7296E+01  -5.3913E+01   6.7296E+01  -5.3914E+01
  -6.7884E-02  -6.4322E-02   3.8422E-02  -2.7585E-02
  > Energy =  -3.833478638202E+02 +/-   7.046168188609E-05
  > varE =   2.482900932575E-03

VMC #8:
* Size of Hilbert space =   6.3504E+04
* Deterministic energy evaluation:
  > Deterministic Etot/t = -383.34781225705348
    - Ttot/t = -23.365864091088298
    - Utot/t = 9.5323975112051187
* Number of equil. steps   = 1000
* Running VMC equilibration.
  Done. [total walltime: 0.03s]
* Equil. acc.ratio (%)     =  27.6448
* Sample config after equilibration:
  +---------+
  |  u   u  |
  |d   d   2|
  |0   u   d|
  |  2   0  |
  +---------+
* Number of accum. steps   = 1000192 x 10
* Running VMC accumulation.
    [walltime: 1m elapsed, 36.5s remaining]
  Done. [total walltime: 1m36s]
* Acceptance ratio (%)     =  27.7658
* Etot/t                   =  -3.833478405363E+02 +/-   4.385107452977E-05
  > Ttot/t                 =  -2.336545858018E+01 +/-   3.723538988213E-04
  > Utot/t                 =   9.531963721091E+00 +/-   3.664826946423E-04
* var[Eloc/t]              =   1.919970386740E-03 +/-   1.533982054830E-05
* Correlation length       =   1.001726875952E+00
* log10 Psi^2 range: -15.192534170959059 -- -7.6260704148109308
* log10 Pgen range : -15.192534170959059 -- -7.6260704148109308
* Site occupation (ave. no. electrons per config.):
  > Site_  ___eu____  ___ed____
      1        0.497      0.497
      2        0.502      0.500
      3        0.501      0.500
      4        0.497      0.497
      5        0.500      0.502
      6        0.501      0.499
      7        0.500      0.502
      8        0.499      0.500
      9        0.501      0.502
     10        0.502      0.502
* Pair-correlation analysis (ave. no. pairs per config.):
  > Shell  nsite  ___dh____  __eueu___  __eued___
      0      1        0          0          1.752
      1      1        0.841      0.719      2.478
      2      1        0.290      0.649      1.105
      3      1        0.164      0.295      0.552
      4      1        0.562      1.350      2.158
      5      1        0.120      1.023      0.971
      6      1        0.150      0.849      1.099
      7      1        0.306      1.799      2.114
      8      1        0.249      2.096      1.908
      9      1        0.250      2.115      1.906
     10      1        0.227      2.157      1.890
     11      1        0.115      0.983      1.022
     12      1        0.237      2.053      1.958
     13      1        0.062      0.481      0.517
     14      1        0.185      1.444      1.550
     15      1        0.122      1.030      0.976
     16      1        0.125      0.957      1.043

Optimization #8:
* Method          : lls
* Target function : energy
* No. of configs. : 500096
* No. of params.  : 58
* Before optimization:
  -1.3110E+00  -1.2952E+00  -1.3009E+00  -1.2813E+01  -1.2808E+01   8.3621E-01
   5.2579E+01   1.3149E+01   1.3138E+01  -2.6644E+01  -2.6781E+01   2.6216E+01
   2.6216E+01   1.2801E+01   1.2799E+01   2.6313E+01   2.6309E+01  -1.3092E+01
  -1.3091E+01  -2.6884E+01  -1.3436E+01  -1.3436E+01  -1.3377E+01  -1.3375E+01
  -1.3377E+01  -1.3375E+01   6.7024E+01  -5.4115E+01  -4.1232E-01  -3.1299E-01
  -2.6108E+02   2.0854E+02  -6.3363E+01   5.0273E+01   1.3454E+02  -1.0791E+02
   1.3458E+02  -1.0780E+02  -1.3054E+02   1.0433E+02  -6.3203E+01   5.0394E+01
  -1.3061E+02   1.0427E+02   6.7102E+01  -5.4048E+01   1.3468E+02  -1.0779E+02
   6.7337E+01  -5.3899E+01   6.7296E+01  -5.3913E+01   6.7296E+01  -5.3914E+01
  -6.7884E-02  -6.4322E-02   3.8422E-02  -2.7585E-02
  > E    =  -3.833477675097E+02 +/-   6.213917275556E-05
  > varE =   1.931009077945E-03
* Computing derivatives.
    [walltime: 1m elapsed, 17m56s remaining]
  Done. [total walltime: 19m5s]
* Optimizing manipulation constant:
  #igrid a___________ E____________________________________ varE____________
     1     Infinity    -3.83347768E+02 +/-   6.21391728E-05   1.93100908E-03
     2     1.0000E+06  -3.83347768E+02 +/-   6.21391724E-05   1.93100906E-03
     3     2.1544E+05  -3.83347768E+02 +/-   6.21391711E-05   1.93100898E-03
     4     4.6416E+04  -3.83347768E+02 +/-   6.21391653E-05   1.93100861E-03
     5     1.0000E+04  -3.83347768E+02 +/-   6.21391380E-05   1.93100692E-03
     6     2.1544E+03  -3.83347768E+02 +/-   6.21390115E-05   1.93099906E-03
     7     4.6416E+02  -3.83347768E+02 +/-   6.21384260E-05   1.93096267E-03
     8     1.0000E+02  -3.83347768E+02 +/-   6.21357403E-05   1.93079575E-03
     9     2.1544E+01  -3.83347768E+02 +/-   6.21239285E-05   1.93006175E-03
    10     4.6416E+00  -3.83347771E+02 +/-   6.20804452E-05   1.92736082E-03
    11     1.0000E+00  -3.83347776E+02 +/-   6.19934439E-05   1.92196249E-03
    12     2.1544E-01  -3.83347780E+02 +/-   6.19590434E-05   1.91983006E-03
    13     4.6416E-02  -3.83347780E+02 +/-   6.19769086E-05   1.92093735E-03
    14     1.0000E-02  -3.83347779E+02 +/-   6.19735683E-05   1.92073029E-03
    15     2.1544E-03  -3.83347779E+02 +/-   6.19124097E-05   1.91694122E-03
    16     4.6416E-04  -3.83347772E+02 +/-   6.17184583E-05   1.90494972E-03
    17     1.0000E-04  -3.83347748E+02 +/-   6.15518496E-05   1.89467880E-03
    18     2.1544E-05  -3.83347731E+02 +/-   6.15326449E-05   1.89349668E-03
    19     4.6416E-06  -3.83347726E+02 +/-   6.15336618E-05   1.89355926E-03
    20     1.0000E-06  -3.83347725E+02 +/-   6.15342217E-05   1.89359372E-03
    21     0.0000E+00  -3.83347725E+02 +/-   6.15343981E-05   1.89360458E-03
* Iteration # 1: E =  -3.833477797260E+02 +/-   6.197690860943E-05
* Diminishing returns: exiting.
* After optimization:
  -4.6138E-01  -4.4614E-01  -4.5191E-01  -1.3047E+01  -1.3041E+01   8.1483E-01
   5.2691E+01   1.2979E+01   1.2970E+01  -2.7090E+01  -2.7230E+01   2.6266E+01
   2.6267E+01   1.2636E+01   1.2634E+01   2.6361E+01   2.6357E+01  -1.3327E+01
  -1.3325E+01  -2.7319E+01  -1.3657E+01  -1.3656E+01  -1.3600E+01  -1.3597E+01
  -1.3599E+01  -1.3598E+01   6.8105E+01  -5.4970E+01  -4.1423E-01  -2.9561E-01
  -2.6168E+02   2.0903E+02  -6.2579E+01   4.9656E+01   1.3671E+02  -1.0963E+02
   1.3675E+02  -1.0953E+02  -1.3084E+02   1.0458E+02  -6.2420E+01   4.9775E+01
  -1.3091E+02   1.0452E+02   6.8189E+01  -5.4898E+01   1.3685E+02  -1.0953E+02
   6.8422E+01  -5.4764E+01   6.8380E+01  -5.4777E+01   6.8381E+01  -5.4776E+01
  -7.2899E-02  -6.5403E-02   4.3000E-02  -2.4474E-02
  > Energy =  -3.833477797260E+02 +/-   6.197690860943E-05
  > varE =   1.920937349562E-03

VMC #9:
* Size of Hilbert space =   6.3504E+04
* Deterministic energy evaluation:
  > Deterministic Etot/t = -383.34782391345317
    - Ttot/t = -23.365839415547288
    - Utot/t = 9.5323611792644520
* Number of equil. steps   = 1000
* Running VMC equilibration.
  Done. [total walltime: 0.03s]
* Equil. acc.ratio (%)     =  27.7783
* Sample config after equilibration:
  +---------+
  |  d   d  |
  |u   0   2|
  |2   u   0|
  |  0   2  |
  +---------+
* Number of accum. steps   = 1000192 x 10
* Running VMC accumulation.
    [walltime: 1m elapsed, 35.9s remaining]
  Done. [total walltime: 1m35s]
* Acceptance ratio (%)     =  27.7924
* Etot/t                   =  -3.833478874883E+02 +/-   4.482657956534E-05
  > Ttot/t                 =  -2.336567090178E+01 +/-   3.710659366838E-04
  > Utot/t                 =   9.532129090743E+00 +/-   3.684389415623E-04
* var[Eloc/t]              =   2.004519490872E-03 +/-   8.624099027987E-05
* Correlation length       =   1.002638314943E+00
* log10 Psi^2 range: -13.897632421016977 -- -7.4103242245580780
* log10 Pgen range : -13.897632421016977 -- -7.4103242245580780
* Site occupation (ave. no. electrons per config.):
  > Site_  ___eu____  ___ed____
      1        0.498      0.497
      2        0.500      0.501
      3        0.501      0.499
      4        0.496      0.497
      5        0.501      0.501
      6        0.500      0.501
      7        0.501      0.501
      8        0.500      0.501
      9        0.501      0.503
     10        0.501      0.501
* Pair-correlation analysis (ave. no. pairs per config.):
  > Shell  nsite  ___dh____  __eueu___  __eued___
      0      1        0          0          1.752
      1      1        0.841      0.720      2.477
      2      1        0.290      0.648      1.107
      3      1        0.163      0.295      0.553
      4      1        0.561      1.347      2.163
      5      1        0.121      1.023      0.971
      6      1        0.149      0.848      1.102
      7      1        0.304      1.800      2.115
      8      1        0.250      2.098      1.906
      9      1        0.251      2.115      1.905
     10      1        0.229      2.156      1.886
     11      1        0.115      0.984      1.021
     12      1        0.237      2.053      1.958
     13      1        0.062      0.480      0.516
     14      1        0.185      1.444      1.551
     15      1        0.122      1.030      0.975
     16      1        0.125      0.956      1.042

Optimization #9:
* Method          : lls
* Target function : energy
* No. of configs. : 500096
* No. of params.  : 58
* Before optimization:
  -4.6138E-01  -4.4614E-01  -4.5191E-01  -1.3047E+01  -1.3041E+01   8.1483E-01
   5.2691E+01   1.2979E+01   1.2970E+01  -2.7090E+01  -2.7230E+01   2.6266E+01
   2.6267E+01   1.2636E+01   1.2634E+01   2.6361E+01   2.6357E+01  -1.3327E+01
  -1.3325E+01  -2.7319E+01  -1.3657E+01  -1.3656E+01  -1.3600E+01  -1.3597E+01
  -1.3599E+01  -1.3598E+01   6.8105E+01  -5.4970E+01  -4.1423E-01  -2.9561E-01
  -2.6168E+02   2.0903E+02  -6.2579E+01   4.9656E+01   1.3671E+02  -1.0963E+02
   1.3675E+02  -1.0953E+02  -1.3084E+02   1.0458E+02  -6.2420E+01   4.9775E+01
  -1.3091E+02   1.0452E+02   6.8189E+01  -5.4898E+01   1.3685E+02  -1.0953E+02
   6.8422E+01  -5.4764E+01   6.8380E+01  -5.4777E+01   6.8381E+01  -5.4776E+01
  -7.2899E-02  -6.5403E-02   4.3000E-02  -2.4474E-02
  > E    =  -3.833478670724E+02 +/-   6.202429797787E-05
  > varE =   1.923876083123E-03
* Computing derivatives.
    [walltime: 1m elapsed, 17m59s remaining]
  Done. [total walltime: 19m15s]
* Optimizing manipulation constant:
  #igrid a___________ E____________________________________ varE____________
     1     Infinity    -3.83347867E+02 +/-   6.20242980E-05   1.92387608E-03
     2     1.0000E+06  -3.83347867E+02 +/-   6.20242979E-05   1.92387608E-03
     3     2.1544E+05  -3.83347867E+02 +/-   6.20242976E-05   1.92387606E-03
     4     4.6416E+04  -3.83347867E+02 +/-   6.20242961E-05   1.92387597E-03
     5     1.0000E+04  -3.83347867E+02 +/-   6.20242894E-05   1.92387555E-03
     6     2.1544E+03  -3.83347867E+02 +/-   6.20242580E-05   1.92387360E-03
     7     4.6416E+02  -3.83347867E+02 +/-   6.20241125E-05   1.92386458E-03
     8     1.0000E+02  -3.83347867E+02 +/-   6.20234428E-05   1.92382303E-03
     9     2.1544E+01  -3.83347867E+02 +/-   6.20204478E-05   1.92363724E-03
    10     4.6416E+00  -3.83347868E+02 +/-   6.20085732E-05   1.92290070E-03
    11     1.0000E+00  -3.83347868E+02 +/-   6.19764725E-05   1.92091032E-03
    12     2.1544E-01  -3.83347869E+02 +/-   6.19365581E-05   1.91843688E-03
    13     4.6416E-02  -3.83347869E+02 +/-   6.19253745E-05   1.91774414E-03
    14     1.0000E-02  -3.83347867E+02 +/-   6.19798185E-05   1.92111773E-03
    15     2.1544E-03  -3.83347852E+02 +/-   6.22542380E-05   1.93816713E-03
    16     4.6416E-04  -3.83347828E+02 +/-   6.26066729E-05   1.96017402E-03
    17     1.0000E-04  -3.83347819E+02 +/-   6.27355691E-05   1.96825365E-03
    18     2.1544E-05  -3.83347817E+02 +/-   6.27666548E-05   1.97020468E-03
    19     4.6416E-06  -3.83347816E+02 +/-   6.27735143E-05   1.97063534E-03
    20     1.0000E-06  -3.83347816E+02 +/-   6.27749998E-05   1.97072861E-03
    21     0.0000E+00  -3.83347816E+02 +/-   6.27754082E-05   1.97075425E-03
* Iteration # 1: E =  -3.833478694879E+02 +/-   6.192537451817E-05
* Convergence: exiting.
* After optimization:
  -6.5756E-01  -6.4341E-01  -6.4790E-01  -1.3262E+01  -1.3258E+01   8.1613E-01
   5.3753E+01   1.3293E+01   1.3283E+01  -2.7524E+01  -2.7663E+01   2.6797E+01
   2.6797E+01   1.2949E+01   1.2947E+01   2.6892E+01   2.6889E+01  -1.3543E+01
  -1.3542E+01  -2.7754E+01  -1.3874E+01  -1.3873E+01  -1.3816E+01  -1.3815E+01
  -1.3817E+01  -1.3815E+01   6.9191E+01  -5.5841E+01  -4.1604E-01  -2.9631E-01
  -2.6698E+02   2.1327E+02  -6.4144E+01   5.0908E+01   1.3888E+02  -1.1137E+02
   1.3892E+02  -1.1127E+02  -1.3349E+02   1.0670E+02  -6.3984E+01   5.1027E+01
  -1.3356E+02   1.0664E+02   6.9276E+01  -5.5768E+01   1.3902E+02  -1.1127E+02
   6.9509E+01  -5.5634E+01   6.9468E+01  -5.5646E+01   6.9468E+01  -5.5646E+01
  -7.3236E-02  -6.5350E-02   4.2951E-02  -2.5839E-02
  > Energy =  -3.833478694879E+02 +/-   6.192537451817E-05
  > varE =   1.917744140800E-03

VMC #10:
* Size of Hilbert space =   6.3504E+04
* Deterministic energy evaluation:
  > Deterministic Etot/t = -383.34782504835874
    - Ttot/t = -23.365816024572499
    - Utot/t = 9.5323366533841316
* Number of equil. steps   = 1000
* Running VMC equilibration.
  Done. [total walltime: 0.03s]
* Equil. acc.ratio (%)     =  27.6997
* Sample config after equilibration:
  +---------+
  |  0   2  |
  |2   d   u|
  |0   d   0|
  |  u   2  |
  +---------+
* Number of accum. steps   = 1000192 x 10
* Running VMC accumulation.
    [walltime: 1m elapsed, 36.3s remaining]
  Done. [total walltime: 1m36s]
* Acceptance ratio (%)     =  27.7843
* Etot/t                   =  -3.833478103640E+02 +/-   4.441796682220E-05
  > Ttot/t                 =  -2.336561106657E+01 +/-   3.653518772804E-04
  > Utot/t                 =   9.532146379747E+00 +/-   3.628034601974E-04
* var[Eloc/t]              =   1.883511526501E-03 +/-   1.735299709063E-05
* Correlation length       =   1.047689146768E+00
* log10 Psi^2 range: -14.602912801809463 -- -7.4207454769136723
* log10 Pgen range : -14.602912801809463 -- -7.4207454769136723
* Site occupation (ave. no. electrons per config.):
  > Site_  ___eu____  ___ed____
      1        0.499      0.497
      2        0.501      0.502
      3        0.500      0.499
      4        0.495      0.497
      5        0.501      0.500
      6        0.500      0.501
      7        0.501      0.500
      8        0.501      0.499
      9        0.502      0.502
     10        0.501      0.502
* Pair-correlation analysis (ave. no. pairs per config.):
  > Shell  nsite  ___dh____  __eueu___  __eued___
      0      1        0          0          1.752
      1      1        0.841      0.720      2.476
      2      1        0.291      0.648      1.107
      3      1        0.163      0.296      0.553
      4      1        0.562      1.345      2.162
      5      1        0.121      1.024      0.969
      6      1        0.149      0.847      1.100
      7      1        0.305      1.798      2.115
      8      1        0.248      2.099      1.907
      9      1        0.250      2.118      1.906
     10      1        0.228      2.158      1.887
     11      1        0.116      0.981      1.021
     12      1        0.236      2.055      1.958
     13      1        0.062      0.479      0.516
     14      1        0.187      1.443      1.552
     15      1        0.122      1.032      0.976
     16      1        0.126      0.955      1.044

VDAGGER finished.
Total VDAGGER walltime: 6h29m

Run ended: Fri Oct  3 15:52:20 CEST 2025
