Run started: Mon Sep 29 18:31:56 CEST 2025
Using VDAGGER_ARCH = gnu7_fkfamd_cluster
Running 1x128 MPI processes.

                               xx
                              +##
                               #X
                               Xx
                          X##XxXxxX##x
                           +   Xx  ++
                               ##
                              +##
                              +##
     ++++         ++          +##
   xX+++##+      ####         +##
  Xx    ###      +X##          ##
 xX    X##+        ##          #X
 +    x##X         #x          #X
      ###         +#           x+
     X##+         #+
     ###         Xx                    _______
     ##X       +X+   __________________VDAGGER
     +##x    +xX     2nd quantized variational
       +xxxxx+       ______quantum Monte Carlo

* Running 128 MPI processes.
* Input file: "input.casl"

############# Start of input file dump #############
General:
  Random seed: timer

Plan:
  VMC-optimization:
    Minimum cycles: 7
    Convergence cycles: 3

System:
  Read Hamiltonian: FCIDUMP_loc_naphthalene
  Read orbitals: LTSC_naphthalene
  Complex orbitals: F
  Site kinds: [ 1, 2, 3, 1, 3, 3, 2, 3, 2, 2 ]
  Geometry:
    r_1: [ 0.00000000000000, 1.34347620379600 ]
    r_4: [ 0.00000000000000, -1.34347620379600 ]
    r_3: [ 2.34629842880300, 2.63976101399600 ]
    r_5: [ -2.34629842880300, -2.63976101399600 ]
    r_6: [ -2.34629842880300, 2.63976101399600 ]
    r_8: [ 2.34629842880300, -2.63976101399600 ]
    r_9: [ 4.58120036880600, 1.33647725770700 ]
    r_2: [ -4.58120036880600, -1.33647725770700 ]
    r_7: [ -4.58120036880600, 1.33647725770700 ]
    r_10: [ 4.58120036880600, -1.33647725770700 ]
    Tolerance: 0.05

VMC:
  nstep: 1000000
  nconfig: 500000

Optimization:
  max_niter: 1

Jastrow: wfn.casl
############## End of input file dump ##############

General setup:
* Random seed: 963979297 (from timer)

* Loaded integrals for system with nelec=10, ms2=0, norb=10
* INFO: setting number of electrons from integrals file.
* Analysis of Hamiltonian connecitivity performed:
  - T_ii (local, 1-site): 10 (i) values
  - U_iiii [opp] (local, 1-site): 10 (i) values
  - U_kkii [opp] (local, 2-site): 90 contribs. from 10 (i) values
  - U_kkii [par] (local, 2-site): 45 contribs. from 9 (i) values
  - T_ji (single, 2-site): 90 contribs. from 10 (i) values
  - U_kkji [opp] (single, 2/3-site): 900 contribs. from 90 (i,j) pairs
  - U_kkji [par] (single, 3-site): 810 contribs. from 90 (i,j) pairs
  - U_lkji [opp] (double, 2/3/4-site): 8100 contribs. from 90 (i,j) pairs
  - U_lkji [par] (double, 4-site): 1740 contribs. from 72 (i,j) pairs
  - Max. no. wfn. ratios in Eloc: 1467
* Reading override orbitals from file "LTSC_naphthalene".
* Site labels:
  +--------------+
  |    6     3   |
  | 7     1     9|
  | 2     4    10|
  |    5     8   |
  +--------------+
* Read-in Site kinds:
  [ 1, 2, 3, 1, 3, 3, 2, 3, 2, 2 ]
  +---------+
  |  3   3  |
  |2   1   2|
  |2   1   2|
  |  3   3  |
  +---------+
* Maximum Site kind: 3
* Number of site-pair kinds with Tij=0: 0
* Automatically set Site pair kinds:
  Site 1: [ 0, -7, -4, 3, -8, -4, -9, 8, 9, -7 ]
  Site 2: [ -7, 0, 12, -9, 1, 10, 2, 14, 16, -15 ]
  Site 3: [ -4, 12, 0, -8, -11, 5, -13, -6, -1, 10 ]
  Site 4: [ 3, -9, -8, 0, -4, -8, -7, 4, 7, -9 ]
  Site 5: [ -8, 1, -11, -4, 0, 6, 10, -5, -12, -14 ]
  Site 6: [ -4, 10, 5, -8, 6, 0, 1, 11, 14, 12 ]
  Site 7: [ -9, 2, -13, -7, 10, 1, 0, -12, 15, -16 ]
  Site 8: [ 8, 14, -6, 4, -5, 11, -12, 0, 10, -1 ]
  Site 9: [ 9, 16, -1, 7, -12, 14, 15, 10, 0, -2 ]
  Site 10: [ -7, -15, 10, -9, -14, 12, -16, -1, -2, 0 ]
  For site 1 of kind 1:
  +--------------+
  |   -4    -4   |
  |-9     0     9|
  |-7     3    -7|
  |   -8     8   |
  +--------------+
  For site 2 of kind 2:
  +-------------------+
  |     10      12    |
  |  2      -7      16|
  |  0      -9     -15|
  |      1      14    |
  +-------------------+
  For site 3 of kind 3:
  +-------------------+
  |      5       0    |
  |-13      -4      -1|
  | 12      -8      10|
  |    -11      -6    |
  +-------------------+
* Maximum (unsigned) Site pair kind: 16
General system setup:
* Number of sites       : 10
* Number of electrons   : 10
* Spin imbalance MS2    : 0
* Filling               : 0.500000
* Number of orbitals in pool: 10
* Using real-valued orbitals
* Using double-precision arithmetic for orbitals

Trial wave function setup:
* Jastrow parameter file: "wfn.casl"
* Not using multideterminants
* Not using a backflow transformation
* Not using wave function manipulation

VMC #1:
* Size of Hilbert space =   6.3504E+04
* Deterministic energy evaluation:
  > Deterministic Etot/t = -383.21942854941540
    - Ttot/t = -23.479540627354854
    - Utot/t = 9.7744577551097649
* Number of equil. steps   = 1000
* Running VMC equilibration.
  Done. [total walltime: 0.01s]
* Equil. acc.ratio (%)     =  44.4004
* Sample config after equilibration:
  +---------+
  |  2   0  |
  |0   u   d|
  |2   2   u|
  |  0   d  |
  +---------+
* Number of accum. steps   = 1000192 x 10
* Running VMC accumulation.
  Done. [total walltime: 14.1s]
* Acceptance ratio (%)     =  44.4020
* Etot/t                   =  -3.832193349870E+02 +/-   2.984936714021E-04
  > Ttot/t                 =  -2.347908978163E+01 +/-   3.261049136344E-04
  > Utot/t                 =   9.774100471872E+00 +/-   4.435373758796E-04
* var[Eloc/t]              =   8.931633763440E-02 +/-   1.096530112991E-04
* Correlation length       =   9.977522716894E-01
* log10 Psi^2 range: -8.5086344697515219 -- -3.0103989380335960
* log10 Pgen range : -8.5086344697515219 -- -3.0103989380335960
* Site occupation (ave. no. electrons per config.):
  > Site_  ___eu____  ___ed____
      1        0.496      0.496
      2        0.501      0.501
      3        0.500      0.499
      4        0.496      0.496
      5        0.501      0.500
      6        0.500      0.501
      7        0.502      0.502
      8        0.501      0.500
      9        0.503      0.503
     10        0.501      0.503
* Pair-correlation analysis (ave. no. pairs per config.):
  > Shell  nsite  ___dh____  __eueu___  __eued___
      0      1        0          0          2.499
      1      1        1.270      0.822      2.007
      2      1        0.419      0.712      1.008
      3      1        0.220      0.328      0.493
      4      1        0.808      1.441      1.986
      5      1        0.250      0.999      1.002
      6      1        0.307      0.891      1.001
      7      1        0.564      1.864      1.994
      8      1        0.500      1.985      1.983
      9      1        0.500      1.992      1.992
     10      1        0.498      2.011      2.007
     11      1        0.251      0.998      1.001
     12      1        0.500      2.008      2.007
     13      1        0.131      0.489      0.501
     14      1        0.394      1.471      1.506
     15      1        0.250      1.008      1.007
     16      1        0.263      0.981      1.008

Optimization #1:
* Method          : lls
* Target function : energy
* No. of configs. : 500096
* No. of params.  : 27
* Before optimization:
   0.0000E+00   0.0000E+00   0.0000E+00   0.0000E+00   0.0000E+00   0.0000E+00
   0.0000E+00   0.0000E+00   0.0000E+00   0.0000E+00   0.0000E+00   0.0000E+00
   0.0000E+00   0.0000E+00   0.0000E+00   0.0000E+00   0.0000E+00   0.0000E+00
   0.0000E+00   0.0000E+00   0.0000E+00   0.0000E+00   0.0000E+00   0.0000E+00
   0.0000E+00   0.0000E+00   0.0000E+00
  > E    =  -3.832196305507E+02 +/-   4.225510358661E-04
  > varE =   8.929182969603E-02
* Computing derivatives.
    [walltime: 1m elapsed, 0.98s remaining]
  Done. [total walltime: 1m]
* Optimizing manipulation constant:
  #igrid a___________ E____________________________________ varE____________
     1     Infinity    -3.83219631E+02 +/-   4.22551036E-04   8.92918297E-02
     2     1.0000E+06  -3.83219631E+02 +/-   4.22550714E-04   8.92916937E-02
     3     2.1544E+05  -3.83219631E+02 +/-   4.22549542E-04   8.92911984E-02
     4     4.6416E+04  -3.83219634E+02 +/-   4.22544103E-04   8.92888996E-02
     5     1.0000E+04  -3.83219648E+02 +/-   4.22518858E-04   8.92782309E-02
     6     2.1544E+03  -3.83219713E+02 +/-   4.22401738E-04   8.92287429E-02
     7     4.6416E+02  -3.83220011E+02 +/-   4.21859300E-04   8.89997194E-02
     8     1.0000E+02  -3.83221377E+02 +/-   4.19366734E-04   8.79511122E-02
     9     2.1544E+01  -3.83227381E+02 +/-   4.08310271E-04   8.33746434E-02
    10     4.6416E+00  -3.83249583E+02 +/-   3.65747656E-04   6.68985159E-02
    11     1.0000E+00  -3.83297501E+02 +/-   2.59398507E-04   3.36502522E-02
    12     2.1544E-01  -3.83331063E+02 +/-   1.64434180E-04   1.35218955E-02
    13     4.6416E-02  -3.83335716E+02 +/-   1.60777682E-04   1.29272130E-02
    14     1.0000E-02  -3.83335494E+02 +/-   1.67069165E-04   1.39587325E-02
    15     2.1544E-03  -3.83335347E+02 +/-   1.68924440E-04   1.42704726E-02
    16     4.6416E-04  -3.83335310E+02 +/-   1.69349115E-04   1.43423147E-02
    17     1.0000E-04  -3.83335302E+02 +/-   1.69441785E-04   1.43580155E-02
    18     2.1544E-05  -3.83335301E+02 +/-   1.69461805E-04   1.43614086E-02
    19     4.6416E-06  -3.83335300E+02 +/-   1.69466121E-04   1.43621401E-02
    20     1.0000E-06  -3.83335300E+02 +/-   1.69467051E-04   1.43622977E-02
    21     0.0000E+00  -3.83335300E+02 +/-   1.69467306E-04   1.43623410E-02
  ParMin   2.3234E-02  -3.83335656E+02 +/-   1.64356771E-04   1.35091674E-02
  # Using grid point #13
* Iteration # 1: E =  -3.833357159350E+02 +/-   1.607776818257E-04
* Reached maximum number of iterations: exiting.
* After optimization:
  -5.7868E-01  -5.8308E-01  -5.7949E-01   1.8438E-01   1.8227E-01   2.3583E-01
   1.5316E-01   1.9851E-01   1.9574E-01   9.6063E-02  -1.0273E-01  -5.2413E-02
  -4.7770E-02   6.1619E-02  -6.9507E-03   3.2559E-02  -2.6483E-02  -3.9235E-02
  -1.6978E-02  -7.7187E-03  -4.2686E-02   1.6500E-02  -6.0991E-03   4.7834E-02
   1.1771E-01   4.2826E-02   7.7017E-02
  > Energy =  -3.833357159350E+02 +/-   1.607776818257E-04
  > varE =   1.292721303508E-02

VMC #2:
* Size of Hilbert space =   6.3504E+04
* Deterministic energy evaluation:
  > Deterministic Etot/t = -383.33579356063058
    - Ttot/t = -23.381350068524554
    - Utot/t = 9.5599021850643275
* Number of equil. steps   = 1000
* Running VMC equilibration.
  Done. [total walltime: 0.01s]
* Equil. acc.ratio (%)     =  29.5221
* Sample config after equilibration:
  +---------+
  |  0   0  |
  |d   d   u|
  |u   2   d|
  |  2   u  |
  +---------+
* Number of accum. steps   = 1000192 x 10
* Running VMC accumulation.
  Done. [total walltime: 14.2s]
* Acceptance ratio (%)     =  29.5482
* Etot/t                   =  -3.833356381294E+02 +/-   1.133022973932E-04
  > Ttot/t                 =  -2.338090467884E+01 +/-   3.746402617203E-04
  > Utot/t                 =   9.559612226633E+00 +/-   3.803804236769E-04
* var[Eloc/t]              =   1.292278802159E-02 +/-   2.354036012703E-05
* Correlation length       =   9.935839971967E-01
* log10 Psi^2 range: -9.2200454983046036 -- -2.7428740469273403
* log10 Pgen range : -9.2200454983046036 -- -2.7428740469273403
* Site occupation (ave. no. electrons per config.):
  > Site_  ___eu____  ___ed____
      1        0.497      0.497
      2        0.503      0.501
      3        0.500      0.500
      4        0.496      0.498
      5        0.500      0.500
      6        0.501      0.500
      7        0.500      0.501
      8        0.500      0.500
      9        0.501      0.501
     10        0.502      0.501
* Pair-correlation analysis (ave. no. pairs per config.):
  > Shell  nsite  ___dh____  __eueu___  __eued___
      0      1        0          0          1.809
      1      1        0.875      0.723      2.449
      2      1        0.295      0.674      1.092
      3      1        0.163      0.293      0.559
      4      1        0.559      1.385      2.152
      5      1        0.136      1.020      0.977
      6      1        0.174      0.849      1.084
      7      1        0.340      1.801      2.091
      8      1        0.278      2.088      1.901
      9      1        0.274      2.094      1.929
     10      1        0.259      2.133      1.917
     11      1        0.129      0.985      1.015
     12      1        0.263      2.030      1.971
     13      1        0.069      0.484      0.512
     14      1        0.205      1.456      1.537
     15      1        0.136      1.015      0.985
     16      1        0.141      0.970      1.019

Optimization #2:
* Method          : lls
* Target function : energy
* No. of configs. : 500096
* No. of params.  : 27
* Before optimization:
  -5.7868E-01  -5.8308E-01  -5.7949E-01   1.8438E-01   1.8227E-01   2.3583E-01
   1.5316E-01   1.9851E-01   1.9574E-01   9.6063E-02  -1.0273E-01  -5.2413E-02
  -4.7770E-02   6.1619E-02  -6.9507E-03   3.2559E-02  -2.6483E-02  -3.9235E-02
  -1.6978E-02  -7.7187E-03  -4.2686E-02   1.6500E-02  -6.0991E-03   4.7834E-02
   1.1771E-01   4.2826E-02   7.7017E-02
  > E    =  -3.833357344656E+02 +/-   1.605591388756E-04
  > varE =   1.289209334500E-02
* Computing derivatives.
    [walltime: 1m elapsed, 0.84s remaining]
  Done. [total walltime: 1m]
* Optimizing manipulation constant:
  #igrid a___________ E____________________________________ varE____________
     1     Infinity    -3.83335734E+02 +/-   1.60559139E-04   1.28920933E-02
     2     1.0000E+06  -3.83335734E+02 +/-   1.60559017E-04   1.28920737E-02
     3     2.1544E+05  -3.83335735E+02 +/-   1.60558571E-04   1.28920021E-02
     4     4.6416E+04  -3.83335735E+02 +/-   1.60556503E-04   1.28916700E-02
     5     1.0000E+04  -3.83335736E+02 +/-   1.60546905E-04   1.28901288E-02
     6     2.1544E+03  -3.83335742E+02 +/-   1.60502390E-04   1.28829816E-02
     7     4.6416E+02  -3.83335767E+02 +/-   1.60296483E-04   1.28499479E-02
     8     1.0000E+02  -3.83335884E+02 +/-   1.59355904E-04   1.26995900E-02
     9     2.1544E+01  -3.83336381E+02 +/-   1.55294560E-04   1.20605153E-02
    10     4.6416E+00  -3.83338023E+02 +/-   1.41345545E-04   9.99119947E-03
    11     1.0000E+00  -3.83340623E+02 +/-   1.17328955E-04   6.88436339E-03
    12     2.1544E-01  -3.83341872E+02 +/-   1.05480118E-04   5.56409575E-03
    13     4.6416E-02  -3.83342086E+02 +/-   1.03879383E-04   5.39649905E-03
    14     1.0000E-02  -3.83342115E+02 +/-   1.03768635E-04   5.38499848E-03
    15     2.1544E-03  -3.83342120E+02 +/-   1.03760986E-04   5.38420463E-03
    16     4.6416E-04  -3.83342121E+02 +/-   1.03760163E-04   5.38411930E-03
    17     1.0000E-04  -3.83342121E+02 +/-   1.03760025E-04   5.38410497E-03
    18     2.1544E-05  -3.83342121E+02 +/-   1.03759997E-04   5.38410207E-03
    19     4.6416E-06  -3.83342121E+02 +/-   1.03759991E-04   5.38410146E-03
    20     1.0000E-06  -3.83342121E+02 +/-   1.03759990E-04   5.38410133E-03
    21     0.0000E+00  -3.83342121E+02 +/-   1.03759990E-04   5.38410129E-03
* Iteration # 1: E =  -3.833421212511E+02 +/-   1.037599897963E-04
* Reached maximum number of iterations: exiting.
* After optimization:
  -1.1714E+00  -1.1663E+00  -1.1691E+00   3.3102E-01   3.3388E-01   4.3064E-01
   2.6760E-01   3.3558E-01   3.3047E-01   1.6663E-01  -1.9412E-01  -9.5225E-02
  -9.3226E-02  -5.8246E-02  -1.1950E-01  -1.3744E-01  -1.6361E-01  -1.2470E-01
  -1.0041E-01  -1.1898E-01  -1.4562E-01  -8.0612E-02  -9.7802E-02   5.1380E-02
   1.0476E-01   2.4632E-02   5.3651E-02
  > Energy =  -3.833421212511E+02 +/-   1.037599897963E-04
  > varE =   5.384101290274E-03

VMC #3:
* Size of Hilbert space =   6.3504E+04
* Deterministic energy evaluation:
  > Deterministic Etot/t = -383.34220361635465
    - Ttot/t = -23.374425181015077
    - Utot/t = 9.5465672418307488
* Number of equil. steps   = 1000
* Running VMC equilibration.
  Done. [total walltime: 0.01s]
* Equil. acc.ratio (%)     =  28.2956
* Sample config after equilibration:
  +---------+
  |  d   d  |
  |u   d   u|
  |d   u   u|
  |  u   d  |
  +---------+
* Number of accum. steps   = 1000192 x 10
* Running VMC accumulation.
  Done. [total walltime: 14.2s]
* Acceptance ratio (%)     =  28.2664
* Etot/t                   =  -3.833421538238E+02 +/-   7.288465686609E-05
  > Ttot/t                 =  -2.337492034222E+01 +/-   3.685839463025E-04
  > Utot/t                 =   9.547112195557E+00 +/-   3.671988345601E-04
* var[Eloc/t]              =   5.387211570142E-03 +/-   2.456319286724E-05
* Correlation length       =   9.862603453689E-01
* log10 Psi^2 range: -11.120685602765946 -- -4.0745900983672749
* log10 Pgen range : -11.120685602765946 -- -4.0745900983672749
* Site occupation (ave. no. electrons per config.):
  > Site_  ___eu____  ___ed____
      1        0.497      0.497
      2        0.502      0.500
      3        0.502      0.500
      4        0.497      0.497
      5        0.500      0.501
      6        0.501      0.500
      7        0.500      0.500
      8        0.500      0.500
      9        0.500      0.503
     10        0.501      0.501
* Pair-correlation analysis (ave. no. pairs per config.):
  > Shell  nsite  ___dh____  __eueu___  __eued___
      0      1        0          0          1.796
      1      1        0.864      0.712      2.461
      2      1        0.294      0.658      1.092
      3      1        0.170      0.293      0.549
      4      1        0.573      1.368      2.137
      5      1        0.125      1.020      0.978
      6      1        0.157      0.853      1.094
      7      1        0.323      1.807      2.097
      8      1        0.268      2.088      1.910
      9      1        0.256      2.107      1.936
     10      1        0.234      2.156      1.911
     11      1        0.122      0.988      1.015
     12      1        0.257      2.026      1.968
     13      1        0.064      0.485      0.513
     14      1        0.192      1.458      1.540
     15      1        0.132      1.013      0.981
     16      1        0.136      0.969      1.020

Optimization #3:
* Method          : lls
* Target function : energy
* No. of configs. : 500096
* No. of params.  : 27
* Before optimization:
  -1.1714E+00  -1.1663E+00  -1.1691E+00   3.3102E-01   3.3388E-01   4.3064E-01
   2.6760E-01   3.3558E-01   3.3047E-01   1.6663E-01  -1.9412E-01  -9.5225E-02
  -9.3226E-02  -5.8246E-02  -1.1950E-01  -1.3744E-01  -1.6361E-01  -1.2470E-01
  -1.0041E-01  -1.1898E-01  -1.4562E-01  -8.0612E-02  -9.7802E-02   5.1380E-02
   1.0476E-01   2.4632E-02   5.3651E-02
  > E    =  -3.833422258720E+02 +/-   1.040919582231E-04
  > varE =   5.418608056389E-03
* Computing derivatives.
    [walltime: 1m elapsed, 0.95s remaining]
  Done. [total walltime: 1m]
* Optimizing manipulation constant:
  #igrid a___________ E____________________________________ varE____________
     1     Infinity    -3.83342226E+02 +/-   1.04091958E-04   5.41860806E-03
     2     1.0000E+06  -3.83342226E+02 +/-   1.04091958E-04   5.41860800E-03
     3     2.1544E+05  -3.83342226E+02 +/-   1.04091956E-04   5.41860781E-03
     4     4.6416E+04  -3.83342226E+02 +/-   1.04091947E-04   5.41860689E-03
     5     1.0000E+04  -3.83342226E+02 +/-   1.04091906E-04   5.41860266E-03
     6     2.1544E+03  -3.83342226E+02 +/-   1.04091718E-04   5.41858302E-03
     7     4.6416E+02  -3.83342226E+02 +/-   1.04090847E-04   5.41849234E-03
     8     1.0000E+02  -3.83342227E+02 +/-   1.04086894E-04   5.41808087E-03
     9     2.1544E+01  -3.83342229E+02 +/-   1.04070368E-04   5.41636045E-03
    10     4.6416E+00  -3.83342239E+02 +/-   1.04022365E-04   5.41136500E-03
    11     1.0000E+00  -3.83342256E+02 +/-   1.04010766E-04   5.41015824E-03
    12     2.1544E-01  -3.83342266E+02 +/-   1.04170374E-04   5.42677511E-03
    13     4.6416E-02  -3.83342269E+02 +/-   1.04304936E-04   5.44080430E-03
    14     1.0000E-02  -3.83342269E+02 +/-   1.04349285E-04   5.44543196E-03
    15     2.1544E-03  -3.83342269E+02 +/-   1.04359922E-04   5.44654215E-03
    16     4.6416E-04  -3.83342269E+02 +/-   1.04362269E-04   5.44678721E-03
    17     1.0000E-04  -3.83342269E+02 +/-   1.04362778E-04   5.44684028E-03
    18     2.1544E-05  -3.83342269E+02 +/-   1.04362887E-04   5.44685173E-03
    19     4.6416E-06  -3.83342269E+02 +/-   1.04362911E-04   5.44685419E-03
    20     1.0000E-06  -3.83342269E+02 +/-   1.04362916E-04   5.44685473E-03
    21     0.0000E+00  -3.83342269E+02 +/-   1.04362918E-04   5.44685487E-03
* Iteration # 1: E =  -3.833422689646E+02 +/-   1.043629175212E-04
* Reached maximum number of iterations: exiting.
* After optimization:
  -1.2211E+00  -1.2171E+00  -1.2190E+00   3.4194E-01   3.4455E-01   4.4737E-01
   2.7762E-01   3.4879E-01   3.4370E-01   1.7166E-01  -1.9889E-01  -1.0072E-01
  -9.8103E-02  -6.8924E-02  -1.3203E-01  -1.5534E-01  -1.7826E-01  -1.3163E-01
  -1.0682E-01  -1.2907E-01  -1.5512E-01  -8.4523E-02  -1.0228E-01   5.3978E-02
   1.0591E-01   2.6133E-02   5.5610E-02
  > Energy =  -3.833422689646E+02 +/-   1.043629175212E-04
  > varE =   5.446854872146E-03

VMC #4:
* Size of Hilbert space =   6.3504E+04
* Deterministic energy evaluation:
  > Deterministic Etot/t = -383.34223947290468
    - Ttot/t = -23.372605920775889
    - Utot/t = 9.5447121250416149
* Number of equil. steps   = 1000
* Running VMC equilibration.
  Done. [total walltime: 0.01s]
* Equil. acc.ratio (%)     =  28.0874
* Sample config after equilibration:
  +---------+
  |  d   2  |
  |u   0   0|
  |2   0   d|
  |  2   u  |
  +---------+
* Number of accum. steps   = 1000192 x 10
* Running VMC accumulation.
  Done. [total walltime: 14.3s]
* Acceptance ratio (%)     =  28.1142
* Etot/t                   =  -3.833423066233E+02 +/-   7.402689144451E-05
  > Ttot/t                 =  -2.337295028447E+01 +/-   3.676076355552E-04
  > Utot/t                 =   9.544989338347E+00 +/-   3.627066598052E-04
* var[Eloc/t]              =   5.404184014853E-03 +/-   1.586082864810E-05
* Correlation length       =   1.014220240865E+00
* log10 Psi^2 range: -10.996313091598093 -- -4.1801757186881234
* log10 Pgen range : -10.996313091598093 -- -4.1801757186881234
* Site occupation (ave. no. electrons per config.):
  > Site_  ___eu____  ___ed____
      1        0.499      0.497
      2        0.501      0.501
      3        0.500      0.501
      4        0.498      0.497
      5        0.500      0.501
      6        0.500      0.500
      7        0.501      0.500
      8        0.500      0.500
      9        0.500      0.502
     10        0.501      0.500
* Pair-correlation analysis (ave. no. pairs per config.):
  > Shell  nsite  ___dh____  __eueu___  __eued___
      0      1        0          0          1.786
      1      1        0.858      0.712      2.464
      2      1        0.294      0.655      1.095
      3      1        0.169      0.293      0.551
      4      1        0.569      1.365      2.144
      5      1        0.124      1.022      0.975
      6      1        0.157      0.850      1.093
      7      1        0.318      1.809      2.101
      8      1        0.264      2.091      1.909
      9      1        0.254      2.112      1.934
     10      1        0.229      2.157      1.910
     11      1        0.120      0.986      1.017
     12      1        0.254      2.029      1.961
     13      1        0.063      0.484      0.514
     14      1        0.189      1.454      1.543
     15      1        0.131      1.013      0.979
     16      1        0.134      0.967      1.023

Optimization #4:
* Method          : lls
* Target function : energy
* No. of configs. : 500096
* No. of params.  : 27
* Before optimization:
  -1.2211E+00  -1.2171E+00  -1.2190E+00   3.4194E-01   3.4455E-01   4.4737E-01
   2.7762E-01   3.4879E-01   3.4370E-01   1.7166E-01  -1.9889E-01  -1.0072E-01
  -9.8103E-02  -6.8924E-02  -1.3203E-01  -1.5534E-01  -1.7826E-01  -1.3163E-01
  -1.0682E-01  -1.2907E-01  -1.5512E-01  -8.4523E-02  -1.0228E-01   5.3978E-02
   1.0591E-01   2.6133E-02   5.5610E-02
  > E    =  -3.833422425831E+02 +/-   1.042589230009E-04
  > varE =   5.436005025261E-03
* Computing derivatives.
    [walltime: 1m elapsed, 1.00s remaining]
  Done. [total walltime: 1m1s]
* Optimizing manipulation constant:
  #igrid a___________ E____________________________________ varE____________
     1     Infinity    -3.83342243E+02 +/-   1.04258923E-04   5.43600503E-03
     2     1.0000E+06  -3.83342243E+02 +/-   1.04258923E-04   5.43600503E-03
     3     2.1544E+05  -3.83342243E+02 +/-   1.04258923E-04   5.43600506E-03
     4     4.6416E+04  -3.83342243E+02 +/-   1.04258925E-04   5.43600518E-03
     5     1.0000E+04  -3.83342243E+02 +/-   1.04258930E-04   5.43600576E-03
     6     2.1544E+03  -3.83342243E+02 +/-   1.04258956E-04   5.43600845E-03
     7     4.6416E+02  -3.83342243E+02 +/-   1.04259075E-04   5.43602090E-03
     8     1.0000E+02  -3.83342243E+02 +/-   1.04259627E-04   5.43607840E-03
     9     2.1544E+01  -3.83342243E+02 +/-   1.04262123E-04   5.43633873E-03
    10     4.6416E+00  -3.83342243E+02 +/-   1.04272492E-04   5.43742005E-03
    11     1.0000E+00  -3.83342243E+02 +/-   1.04303598E-04   5.44066469E-03
    12     2.1544E-01  -3.83342244E+02 +/-   1.04346340E-04   5.44512461E-03
    13     4.6416E-02  -3.83342244E+02 +/-   1.04368479E-04   5.44743544E-03
    14     1.0000E-02  -3.83342244E+02 +/-   1.04374681E-04   5.44808288E-03
    15     2.1544E-03  -3.83342244E+02 +/-   1.04376100E-04   5.44823100E-03
    16     4.6416E-04  -3.83342244E+02 +/-   1.04376410E-04   5.44826332E-03
    17     1.0000E-04  -3.83342244E+02 +/-   1.04376477E-04   5.44827031E-03
    18     2.1544E-05  -3.83342244E+02 +/-   1.04376491E-04   5.44827181E-03
    19     4.6416E-06  -3.83342244E+02 +/-   1.04376494E-04   5.44827214E-03
    20     1.0000E-06  -3.83342244E+02 +/-   1.04376495E-04   5.44827221E-03
    21     0.0000E+00  -3.83342244E+02 +/-   1.04376495E-04   5.44827223E-03
* Iteration # 1: E =  -3.833422439342E+02 +/-   1.043764766617E-04
* Reached maximum number of iterations: exiting.
* After optimization:
  -1.2218E+00  -1.2175E+00  -1.2212E+00   3.4266E-01   3.4670E-01   4.4764E-01
   2.7821E-01   3.4951E-01   3.4447E-01   1.7171E-01  -2.0000E-01  -1.0160E-01
  -9.9320E-02  -7.0547E-02  -1.3239E-01  -1.5451E-01  -1.7757E-01  -1.3083E-01
  -1.0816E-01  -1.2966E-01  -1.5531E-01  -8.4596E-02  -1.0249E-01   5.4200E-02
   1.0617E-01   2.6926E-02   5.5992E-02
  > Energy =  -3.833422439342E+02 +/-   1.043764766617E-04
  > varE =   5.448270307246E-03

VMC #5:
* Size of Hilbert space =   6.3504E+04
* Deterministic energy evaluation:
  > Deterministic Etot/t = -383.34223937015099
    - Ttot/t = -23.372524688402180
    - Utot/t = 9.5446309954215636
* Number of equil. steps   = 1000
* Running VMC equilibration.
  Done. [total walltime: 0.01s]
* Equil. acc.ratio (%)     =  28.1445
* Sample config after equilibration:
  +---------+
  |  d   2  |
  |u   u   d|
  |2   0   0|
  |  0   2  |
  +---------+
* Number of accum. steps   = 1000192 x 10
* Running VMC accumulation.
  Done. [total walltime: 14.3s]
* Acceptance ratio (%)     =  28.0941
* Etot/t                   =  -3.833423152456E+02 +/-   7.361352276872E-05
  > Ttot/t                 =  -2.337229079911E+01 +/-   3.635163027830E-04
  > Utot/t                 =   9.544321230677E+00 +/-   3.582001439379E-04
* var[Eloc/t]              =   5.425676020608E-03 +/-   2.469663267001E-05
* Correlation length       =   9.989522323810E-01
* log10 Psi^2 range: -11.183641940656331 -- -4.1803826659045598
* log10 Pgen range : -11.183641940656331 -- -4.1803826659045598
* Site occupation (ave. no. electrons per config.):
  > Site_  ___eu____  ___ed____
      1        0.496      0.497
      2        0.501      0.501
      3        0.500      0.501
      4        0.498      0.497
      5        0.500      0.501
      6        0.500      0.500
      7        0.502      0.500
      8        0.499      0.500
      9        0.501      0.501
     10        0.502      0.501
* Pair-correlation analysis (ave. no. pairs per config.):
  > Shell  nsite  ___dh____  __eueu___  __eued___
      0      1        0          0          1.788
      1      1        0.860      0.710      2.466
      2      1        0.293      0.657      1.096
      3      1        0.169      0.292      0.551
      4      1        0.569      1.363      2.141
      5      1        0.125      1.019      0.976
      6      1        0.156      0.851      1.093
      7      1        0.318      1.807      2.101
      8      1        0.265      2.090      1.906
      9      1        0.253      2.112      1.933
     10      1        0.230      2.159      1.909
     11      1        0.121      0.986      1.017
     12      1        0.256      2.029      1.964
     13      1        0.063      0.486      0.514
     14      1        0.190      1.457      1.541
     15      1        0.132      1.014      0.981
     16      1        0.134      0.968      1.023

Optimization #5:
* Method          : lls
* Target function : energy
* No. of configs. : 500096
* No. of params.  : 27
* Before optimization:
  -1.2218E+00  -1.2175E+00  -1.2212E+00   3.4266E-01   3.4670E-01   4.4764E-01
   2.7821E-01   3.4951E-01   3.4447E-01   1.7171E-01  -2.0000E-01  -1.0160E-01
  -9.9320E-02  -7.0547E-02  -1.3239E-01  -1.5451E-01  -1.7757E-01  -1.3083E-01
  -1.0816E-01  -1.2966E-01  -1.5531E-01  -8.4596E-02  -1.0249E-01   5.4200E-02
   1.0617E-01   2.6926E-02   5.5992E-02
  > E    =  -3.833424056954E+02 +/-   1.042453881560E-04
  > varE =   5.434593717585E-03
* Computing derivatives.
    [walltime: 1m elapsed, 0.84s remaining]
  Done. [total walltime: 1m]
* Optimizing manipulation constant:
  #igrid a___________ E____________________________________ varE____________
     1     Infinity    -3.83342406E+02 +/-   1.04245388E-04   5.43459372E-03
     2     1.0000E+06  -3.83342406E+02 +/-   1.04245388E-04   5.43459370E-03
     3     2.1544E+05  -3.83342406E+02 +/-   1.04245387E-04   5.43459364E-03
     4     4.6416E+04  -3.83342406E+02 +/-   1.04245385E-04   5.43459337E-03
     5     1.0000E+04  -3.83342406E+02 +/-   1.04245373E-04   5.43459209E-03
     6     2.1544E+03  -3.83342406E+02 +/-   1.04245316E-04   5.43458618E-03
     7     4.6416E+02  -3.83342406E+02 +/-   1.04245053E-04   5.43455878E-03
     8     1.0000E+02  -3.83342406E+02 +/-   1.04243843E-04   5.43443266E-03
     9     2.1544E+01  -3.83342406E+02 +/-   1.04238440E-04   5.43386934E-03
    10     4.6416E+00  -3.83342406E+02 +/-   1.04217145E-04   5.43164938E-03
    11     1.0000E+00  -3.83342405E+02 +/-   1.04161228E-04   5.42582231E-03
    12     2.1544E-01  -3.83342405E+02 +/-   1.04096275E-04   5.41905754E-03
    13     4.6416E-02  -3.83342405E+02 +/-   1.04066143E-04   5.41592074E-03
    14     1.0000E-02  -3.83342405E+02 +/-   1.04058051E-04   5.41507845E-03
    15     2.1544E-03  -3.83342405E+02 +/-   1.04056220E-04   5.41488791E-03
    16     4.6416E-04  -3.83342405E+02 +/-   1.04055821E-04   5.41484643E-03
    17     1.0000E-04  -3.83342405E+02 +/-   1.04055735E-04   5.41483747E-03
    18     2.1544E-05  -3.83342405E+02 +/-   1.04055717E-04   5.41483554E-03
    19     4.6416E-06  -3.83342405E+02 +/-   1.04055713E-04   5.41483513E-03
    20     1.0000E-06  -3.83342405E+02 +/-   1.04055712E-04   5.41483504E-03
    21     0.0000E+00  -3.83342405E+02 +/-   1.04055712E-04   5.41483501E-03
* Iteration # 1: E =  -3.833424054918E+02 +/-   1.041612284093E-04
* Reached maximum number of iterations: exiting.
* After optimization:
  -1.2223E+00  -1.2186E+00  -1.2216E+00   3.4265E-01   3.4619E-01   4.4765E-01
   2.7753E-01   3.4935E-01   3.4420E-01   1.7127E-01  -1.9937E-01  -1.0107E-01
  -9.8387E-02  -7.0279E-02  -1.3263E-01  -1.5492E-01  -1.7789E-01  -1.3122E-01
  -1.0738E-01  -1.2984E-01  -1.5571E-01  -8.4226E-02  -1.0228E-01   5.3835E-02
   1.0571E-01   2.6628E-02   5.5856E-02
  > Energy =  -3.833424054918E+02 +/-   1.041612284093E-04
  > varE =   5.425822309774E-03

VMC #6:
* Size of Hilbert space =   6.3504E+04
* Deterministic energy evaluation:
  > Deterministic Etot/t = -383.34223960597996
    - Ttot/t = -23.372580218243378
    - Utot/t = 9.5446862894337343
* Number of equil. steps   = 1000
* Running VMC equilibration.
  Done. [total walltime: 0.01s]
* Equil. acc.ratio (%)     =  28.0205
* Sample config after equilibration:
  +---------+
  |  d   u  |
  |u   d   d|
  |0   0   u|
  |  2   2  |
  +---------+
* Number of accum. steps   = 1000192 x 10
* Running VMC accumulation.
  Done. [total walltime: 14.2s]
* Acceptance ratio (%)     =  28.1017
* Etot/t                   =  -3.833421878459E+02 +/-   7.370168922888E-05
  > Ttot/t                 =  -2.337226285065E+01 +/-   3.653614790087E-04
  > Utot/t                 =   9.544420681872E+00 +/-   3.618886099031E-04
* var[Eloc/t]              =   5.452696564567E-03 +/-   2.371545324773E-05
* Correlation length       =   9.963844243199E-01
* log10 Psi^2 range: -12.679273616464203 -- -4.1830991923493075
* log10 Pgen range : -12.679273616464203 -- -4.1830991923493075
* Site occupation (ave. no. electrons per config.):
  > Site_  ___eu____  ___ed____
      1        0.495      0.498
      2        0.500      0.500
      3        0.501      0.500
      4        0.499      0.497
      5        0.501      0.500
      6        0.500      0.501
      7        0.501      0.501
      8        0.499      0.501
      9        0.501      0.501
     10        0.503      0.501
* Pair-correlation analysis (ave. no. pairs per config.):
  > Shell  nsite  ___dh____  __eueu___  __eued___
      0      1        0          0          1.786
      1      1        0.860      0.711      2.466
      2      1        0.294      0.656      1.094
      3      1        0.168      0.293      0.551
      4      1        0.569      1.362      2.144
      5      1        0.123      1.022      0.977
      6      1        0.156      0.852      1.094
      7      1        0.318      1.805      2.102
      8      1        0.266      2.091      1.906
      9      1        0.252      2.114      1.933
     10      1        0.230      2.158      1.911
     11      1        0.121      0.986      1.017
     12      1        0.255      2.029      1.963
     13      1        0.063      0.485      0.513
     14      1        0.191      1.454      1.541
     15      1        0.131      1.013      0.982
     16      1        0.134      0.968      1.021

Optimization #6:
* Method          : lls
* Target function : energy
* No. of configs. : 500096
* No. of params.  : 27
* Before optimization:
  -1.2223E+00  -1.2186E+00  -1.2216E+00   3.4265E-01   3.4619E-01   4.4765E-01
   2.7753E-01   3.4935E-01   3.4420E-01   1.7127E-01  -1.9937E-01  -1.0107E-01
  -9.8387E-02  -7.0279E-02  -1.3263E-01  -1.5492E-01  -1.7789E-01  -1.3122E-01
  -1.0738E-01  -1.2984E-01  -1.5571E-01  -8.4226E-02  -1.0228E-01   5.3835E-02
   1.0571E-01   2.6628E-02   5.5856E-02
  > E    =  -3.833420796848E+02 +/-   1.040199154571E-04
  > varE =   5.411110139556E-03
* Computing derivatives.
    [walltime: 1m elapsed, 0.86s remaining]
  Done. [total walltime: 1m]
* Optimizing manipulation constant:
  #igrid a___________ E____________________________________ varE____________
     1     Infinity    -3.83342080E+02 +/-   1.04019915E-04   5.41111014E-03
     2     1.0000E+06  -3.83342080E+02 +/-   1.04019915E-04   5.41111014E-03
     3     2.1544E+05  -3.83342080E+02 +/-   1.04019916E-04   5.41111016E-03
     4     4.6416E+04  -3.83342080E+02 +/-   1.04019916E-04   5.41111023E-03
     5     1.0000E+04  -3.83342080E+02 +/-   1.04019920E-04   5.41111057E-03
     6     2.1544E+03  -3.83342080E+02 +/-   1.04019935E-04   5.41111212E-03
     7     4.6416E+02  -3.83342080E+02 +/-   1.04020004E-04   5.41111934E-03
     8     1.0000E+02  -3.83342080E+02 +/-   1.04020323E-04   5.41115256E-03
     9     2.1544E+01  -3.83342080E+02 +/-   1.04021750E-04   5.41130104E-03
    10     4.6416E+00  -3.83342080E+02 +/-   1.04027372E-04   5.41188590E-03
    11     1.0000E+00  -3.83342080E+02 +/-   1.04041603E-04   5.41336672E-03
    12     2.1544E-01  -3.83342081E+02 +/-   1.04054755E-04   5.41473550E-03
    13     4.6416E-02  -3.83342081E+02 +/-   1.04057386E-04   5.41500926E-03
    14     1.0000E-02  -3.83342081E+02 +/-   1.04057251E-04   5.41499523E-03
    15     2.1544E-03  -3.83342081E+02 +/-   1.04057146E-04   5.41498427E-03
    16     4.6416E-04  -3.83342081E+02 +/-   1.04057119E-04   5.41498145E-03
    17     1.0000E-04  -3.83342081E+02 +/-   1.04057113E-04   5.41498082E-03
    18     2.1544E-05  -3.83342081E+02 +/-   1.04057111E-04   5.41498068E-03
    19     4.6416E-06  -3.83342081E+02 +/-   1.04057111E-04   5.41498065E-03
    20     1.0000E-06  -3.83342081E+02 +/-   1.04057111E-04   5.41498065E-03
    21     0.0000E+00  -3.83342081E+02 +/-   1.04057111E-04   5.41498065E-03
* Iteration # 1: E =  -3.833420806305E+02 +/-   1.040571113067E-04
* Reached maximum number of iterations: exiting.
* After optimization:
  -1.2224E+00  -1.2175E+00  -1.2204E+00   3.4286E-01   3.4665E-01   4.4674E-01
   2.7851E-01   3.4938E-01   3.4404E-01   1.7133E-01  -1.9886E-01  -1.0118E-01
  -9.8516E-02  -7.0614E-02  -1.3175E-01  -1.5439E-01  -1.7774E-01  -1.3165E-01
  -1.0765E-01  -1.2924E-01  -1.5488E-01  -8.3873E-02  -1.0180E-01   5.3744E-02
   1.0510E-01   2.6621E-02   5.5271E-02
  > Energy =  -3.833420806305E+02 +/-   1.040571113067E-04
  > varE =   5.414980683461E-03

VMC #7:
* Size of Hilbert space =   6.3504E+04
* Deterministic energy evaluation:
  > Deterministic Etot/t = -383.34223930722067
    - Ttot/t = -23.372332901494506
    - Utot/t = 9.5444392714441531
* Number of equil. steps   = 1000
* Running VMC equilibration.
  Done. [total walltime: 0.01s]
* Equil. acc.ratio (%)     =  28.1199
* Sample config after equilibration:
  +---------+
  |  u   u  |
  |2   0   d|
  |0   d   d|
  |  2   u  |
  +---------+
* Number of accum. steps   = 1000192 x 10
* Running VMC accumulation.
  Done. [total walltime: 14.2s]
* Acceptance ratio (%)     =  28.0874
* Etot/t                   =  -3.833423006808E+02 +/-   7.418550858727E-05
  > Ttot/t                 =  -2.337253041095E+01 +/-   3.616468827654E-04
  > Utot/t                 =   9.544575407264E+00 +/-   3.568575166115E-04
* var[Eloc/t]              =   5.444486287770E-03 +/-   1.643273725783E-05
* Correlation length       =   1.011031356023E+00
* log10 Psi^2 range: -10.893628616325596 -- -4.1796245618624379
* log10 Pgen range : -10.893628616325596 -- -4.1796245618624379
* Site occupation (ave. no. electrons per config.):
  > Site_  ___eu____  ___ed____
      1        0.497      0.497
      2        0.502      0.500
      3        0.499      0.501
      4        0.497      0.498
      5        0.499      0.500
      6        0.501      0.501
      7        0.501      0.500
      8        0.500      0.502
      9        0.502      0.500
     10        0.502      0.500
* Pair-correlation analysis (ave. no. pairs per config.):
  > Shell  nsite  ___dh____  __eueu___  __eued___
      0      1        0          0          1.789
      1      1        0.862      0.710      2.464
      2      1        0.293      0.656      1.094
      3      1        0.170      0.291      0.551
      4      1        0.569      1.363      2.143
      5      1        0.125      1.023      0.976
      6      1        0.157      0.851      1.094
      7      1        0.318      1.805      2.101
      8      1        0.264      2.094      1.906
      9      1        0.252      2.112      1.933
     10      1        0.230      2.158      1.911
     11      1        0.121      0.987      1.017
     12      1        0.256      2.027      1.964
     13      1        0.063      0.483      0.514
     14      1        0.190      1.456      1.544
     15      1        0.132      1.014      0.980
     16      1        0.134      0.969      1.020

VDAGGER finished.
Total VDAGGER walltime: 24m6s

Run ended: Mon Sep 29 18:56:18 CEST 2025
