Run started: Mon Sep 29 23:03:45 CEST 2025
Using VDAGGER_ARCH = gnu7_fkfamd_cluster
Running 1x128 MPI processes.

                               xx
                              +##
                               #X
                               Xx
                          X##XxXxxX##x
                           +   Xx  ++
                               ##
                              +##
                              +##
     ++++         ++          +##
   xX+++##+      ####         +##
  Xx    ###      +X##          ##
 xX    X##+        ##          #X
 +    x##X         #x          #X
      ###         +#           x+
     X##+         #+
     ###         Xx                    _______
     ##X       +X+   __________________VDAGGER
     +##x    +xX     2nd quantized variational
       +xxxxx+       ______quantum Monte Carlo

* Running 128 MPI processes.
* Input file: "input.casl"

############# Start of input file dump #############
General:
  Random seed: timer

Plan:
  VMC-optimization:
    Minimum cycles: 7
    Convergence cycles: 3

System:
  Read Hamiltonian: FCIDUMP_loc_naphthalene
  Read orbitals: LTSC_naphthalene
  Complex orbitals: F
  Site kinds: [ 1, 2, 3, 1, 3, 3, 2, 3, 2, 2 ]
  Geometry:
    r_1: [ 0.00000000000000, 1.34347620379600 ]
    r_4: [ 0.00000000000000, -1.34347620379600 ]
    r_3: [ 2.34629842880300, 2.63976101399600 ]
    r_5: [ -2.34629842880300, -2.63976101399600 ]
    r_6: [ -2.34629842880300, 2.63976101399600 ]
    r_8: [ 2.34629842880300, -2.63976101399600 ]
    r_9: [ 4.58120036880600, 1.33647725770700 ]
    r_2: [ -4.58120036880600, -1.33647725770700 ]
    r_7: [ -4.58120036880600, 1.33647725770700 ]
    r_10: [ 4.58120036880600, -1.33647725770700 ]
    Tolerance: 0.05

VMC:
  nstep: 1000000
  nconfig: 500000

Optimization:
  max_niter: 1

Jastrow: wfn.casl
############## End of input file dump ##############

General setup:
* Random seed: 14716289 (from timer)

* Loaded integrals for system with nelec=10, ms2=0, norb=10
* INFO: setting number of electrons from integrals file.
* Analysis of Hamiltonian connecitivity performed:
  - T_ii (local, 1-site): 10 (i) values
  - U_iiii [opp] (local, 1-site): 10 (i) values
  - U_kkii [opp] (local, 2-site): 90 contribs. from 10 (i) values
  - U_kkii [par] (local, 2-site): 45 contribs. from 9 (i) values
  - T_ji (single, 2-site): 90 contribs. from 10 (i) values
  - U_kkji [opp] (single, 2/3-site): 900 contribs. from 90 (i,j) pairs
  - U_kkji [par] (single, 3-site): 810 contribs. from 90 (i,j) pairs
  - U_lkji [opp] (double, 2/3/4-site): 8100 contribs. from 90 (i,j) pairs
  - U_lkji [par] (double, 4-site): 1740 contribs. from 72 (i,j) pairs
  - Max. no. wfn. ratios in Eloc: 1467
* Reading override orbitals from file "LTSC_naphthalene".
* Site labels:
  +--------------+
  |    6     3   |
  | 7     1     9|
  | 2     4    10|
  |    5     8   |
  +--------------+
* Read-in Site kinds:
  [ 1, 2, 3, 1, 3, 3, 2, 3, 2, 2 ]
  +---------+
  |  3   3  |
  |2   1   2|
  |2   1   2|
  |  3   3  |
  +---------+
* Maximum Site kind: 3
* Number of site-pair kinds with Tij=0: 0
* Automatically set Site pair kinds:
  Site 1: [ 0, -7, -4, 3, -8, -4, -9, 8, 9, -7 ]
  Site 2: [ -7, 0, 12, -9, 1, 10, 2, 14, 16, -15 ]
  Site 3: [ -4, 12, 0, -8, -11, 5, -13, -6, -1, 10 ]
  Site 4: [ 3, -9, -8, 0, -4, -8, -7, 4, 7, -9 ]
  Site 5: [ -8, 1, -11, -4, 0, 6, 10, -5, -12, -14 ]
  Site 6: [ -4, 10, 5, -8, 6, 0, 1, 11, 14, 12 ]
  Site 7: [ -9, 2, -13, -7, 10, 1, 0, -12, 15, -16 ]
  Site 8: [ 8, 14, -6, 4, -5, 11, -12, 0, 10, -1 ]
  Site 9: [ 9, 16, -1, 7, -12, 14, 15, 10, 0, -2 ]
  Site 10: [ -7, -15, 10, -9, -14, 12, -16, -1, -2, 0 ]
  For site 1 of kind 1:
  +--------------+
  |   -4    -4   |
  |-9     0     9|
  |-7     3    -7|
  |   -8     8   |
  +--------------+
  For site 2 of kind 2:
  +-------------------+
  |     10      12    |
  |  2      -7      16|
  |  0      -9     -15|
  |      1      14    |
  +-------------------+
  For site 3 of kind 3:
  +-------------------+
  |      5       0    |
  |-13      -4      -1|
  | 12      -8      10|
  |    -11      -6    |
  +-------------------+
* Maximum (unsigned) Site pair kind: 16
General system setup:
* Number of sites       : 10
* Number of electrons   : 10
* Spin imbalance MS2    : 0
* Filling               : 0.500000
* Number of orbitals in pool: 10
* Using real-valued orbitals
* Using double-precision arithmetic for orbitals

Trial wave function setup:
* Jastrow parameter file: "wfn.casl"
* Not using multideterminants
* Not using a backflow transformation
* Not using wave function manipulation

VMC #1:
* Size of Hilbert space =   6.3504E+04
* Deterministic energy evaluation:
  > Deterministic Etot/t = -383.34223930722067
    - Ttot/t = -23.372332901494506
    - Utot/t = 9.5444392714441531
* Number of equil. steps   = 1000
* Running VMC equilibration.
  Done. [total walltime: 0.01s]
* Equil. acc.ratio (%)     =  28.1050
* Sample config after equilibration:
  +---------+
  |  d   u  |
  |u   d   2|
  |u   2   0|
  |  d   0  |
  +---------+
* Number of accum. steps   = 1000192 x 10
* Running VMC accumulation.
  Done. [total walltime: 14.2s]
* Acceptance ratio (%)     =  28.0929
* Etot/t                   =  -3.833423241229E+02 +/-   7.317158243366E-05
  > Ttot/t                 =  -2.337252151522E+01 +/-   3.674794052933E-04
  > Utot/t                 =   9.544543069398E+00 +/-   3.626695677616E-04
* var[Eloc/t]              =   5.429112004582E-03 +/-   1.622893630088E-05
* Correlation length       =   9.863691253336E-01
* log10 Psi^2 range: -10.412843723767590 -- -4.1796245618624344
* log10 Pgen range : -10.412843723767590 -- -4.1796245618624344
* Site occupation (ave. no. electrons per config.):
  > Site_  ___eu____  ___ed____
      1        0.498      0.497
      2        0.500      0.501
      3        0.501      0.500
      4        0.498      0.498
      5        0.501      0.500
      6        0.500      0.500
      7        0.501      0.502
      8        0.500      0.498
      9        0.501      0.501
     10        0.500      0.503
* Pair-correlation analysis (ave. no. pairs per config.):
  > Shell  nsite  ___dh____  __eueu___  __eued___
      0      1        0          0          1.788
      1      1        0.862      0.708      2.464
      2      1        0.294      0.657      1.093
      3      1        0.170      0.293      0.552
      4      1        0.569      1.366      2.142
      5      1        0.124      1.020      0.975
      6      1        0.156      0.851      1.093
      7      1        0.320      1.809      2.100
      8      1        0.266      2.091      1.909
      9      1        0.253      2.114      1.937
     10      1        0.230      2.156      1.911
     11      1        0.122      0.985      1.015
     12      1        0.255      2.027      1.964
     13      1        0.063      0.486      0.515
     14      1        0.189      1.455      1.541
     15      1        0.132      1.013      0.980
     16      1        0.134      0.969      1.022

Optimization #1:
* Method          : lls
* Target function : energy
* No. of configs. : 500096
* No. of params.  : 39
* Before optimization:
  -1.2224E+00  -1.2175E+00  -1.2204E+00   3.4286E-01   3.4665E-01   4.4674E-01
   2.7851E-01   3.4938E-01   3.4404E-01   1.7133E-01  -1.9886E-01  -1.0118E-01
  -9.8516E-02   0.0000E+00   0.0000E+00   0.0000E+00   0.0000E+00   0.0000E+00
   0.0000E+00  -7.0614E-02  -1.3175E-01  -1.5439E-01  -1.7774E-01  -1.3165E-01
  -1.0765E-01  -1.2924E-01  -1.5488E-01  -8.3873E-02  -1.0180E-01   5.3744E-02
   1.0510E-01   2.6621E-02   5.5271E-02   0.0000E+00   0.0000E+00   0.0000E+00
   0.0000E+00   0.0000E+00   0.0000E+00
  > E    =  -3.833422125571E+02 +/-   1.039148520021E-04
  > varE =   5.400184869765E-03
* Computing derivatives.
    [walltime: 1m elapsed, 27.3s remaining]
  Done. [total walltime: 1m27s]
* Optimizing manipulation constant:
  #igrid a___________ E____________________________________ varE____________
     1     Infinity    -3.83342213E+02 +/-   1.03914852E-04   5.40018487E-03
     2     1.0000E+06  -3.83342213E+02 +/-   1.03914829E-04   5.40018249E-03
     3     2.1544E+05  -3.83342213E+02 +/-   1.03914746E-04   5.40017381E-03
     4     4.6416E+04  -3.83342213E+02 +/-   1.03914358E-04   5.40013355E-03
     5     1.0000E+04  -3.83342213E+02 +/-   1.03912560E-04   5.39994668E-03
     6     2.1544E+03  -3.83342214E+02 +/-   1.03904221E-04   5.39907995E-03
     7     4.6416E+02  -3.83342219E+02 +/-   1.03865630E-04   5.39507024E-03
     8     1.0000E+02  -3.83342243E+02 +/-   1.03689042E-04   5.37674081E-03
     9     2.1544E+01  -3.83342346E+02 +/-   1.02920593E-04   5.29734108E-03
    10     4.6416E+00  -3.83342723E+02 +/-   1.00202338E-04   5.02121818E-03
    11     1.0000E+00  -3.83343492E+02 +/-   9.52371187E-05   4.53592512E-03
    12     2.1544E-01  -3.83344011E+02 +/-   9.31451312E-05   4.33884063E-03
    13     4.6416E-02  -3.83344118E+02 +/-   9.35348733E-05   4.37522614E-03
    14     1.0000E-02  -3.83344123E+02 +/-   9.40715039E-05   4.42557347E-03
    15     2.1544E-03  -3.83344034E+02 +/-   9.54767199E-05   4.55877714E-03
    16     4.6416E-04  -3.83343770E+02 +/-   9.83124667E-05   4.83359843E-03
    17     1.0000E-04  -3.83343567E+02 +/-   1.00226457E-04   5.02363569E-03
    18     2.1544E-05  -3.83343501E+02 +/-   1.00827409E-04   5.08405918E-03
    19     4.6416E-06  -3.83343485E+02 +/-   1.00969541E-04   5.09840286E-03
    20     1.0000E-06  -3.83343482E+02 +/-   1.01000807E-04   5.10156078E-03
    21     0.0000E+00  -3.83343481E+02 +/-   1.01009433E-04   5.10243225E-03
  ParMin   2.0599E-02  -3.83344126E+02 +/-   9.37941385E-05   4.39951476E-03
  # Using parabolic minimum
* Iteration # 1: E =  -3.833441264876E+02 +/-   9.379413852951E-05
* Reached maximum number of iterations: exiting.
* After optimization:
  -2.3839E+00  -2.3888E+00  -2.3673E+00   6.3916E-01   6.2649E-01   7.5594E-01
   1.0818E-01   3.9738E-01   3.8464E-01   2.0245E-01   8.3211E-02  -6.7643E-02
  -6.2053E-02  -3.0439E-03  -6.6767E-03   6.4802E-02   6.9474E-02   3.3131E-01
   3.2379E-01  -1.7750E-01  -2.8854E-01  -2.2991E-01  -3.0941E-01   1.0663E+00
  -1.1165E+00   4.0118E-01  -7.2306E-01  -1.0296E-01  -1.2135E-01  -6.7972E-02
  -4.5493E-02   5.7578E-01  -5.0187E-01   5.3923E-01  -5.4974E-01   5.0582E-01
  -6.0450E-01  -1.7235E-01  -2.1487E-01
  > Energy =  -3.833441264876E+02 +/-   9.379413852951E-05
  > varE =   4.399514755927E-03

VMC #2:
* Size of Hilbert space =   6.3504E+04
* Deterministic energy evaluation:
  > Deterministic Etot/t = -383.34421714370586
    - Ttot/t = -23.370928066154558
    - Utot/t = 9.5410565996190275
* Number of equil. steps   = 1000
* Running VMC equilibration.
  Done. [total walltime: 0.01s]
* Equil. acc.ratio (%)     =  27.5150
* Sample config after equilibration:
  +---------+
  |  u   d  |
  |u   u   u|
  |d   d   u|
  |  d   d  |
  +---------+
* Number of accum. steps   = 1000192 x 10
* Running VMC accumulation.
  Done. [total walltime: 14.2s]
* Acceptance ratio (%)     =  27.4760
* Etot/t                   =  -3.833441900821E+02 +/-   6.680258553006E-05
  > Ttot/t                 =  -2.337121286068E+01 +/-   3.672007933151E-04
  > Utot/t                 =   9.541368455580E+00 +/-   3.633056931666E-04
* var[Eloc/t]              =   4.411295515961E-03 +/-   1.260126732328E-05
* Correlation length       =   1.011821183540E+00
* log10 Psi^2 range: -13.596150241333877 -- -7.0017915120474434
* log10 Pgen range : -13.596150241333877 -- -7.0017915120474434
* Site occupation (ave. no. electrons per config.):
  > Site_  ___eu____  ___ed____
      1        0.498      0.497
      2        0.500      0.501
      3        0.501      0.501
      4        0.497      0.498
      5        0.501      0.500
      6        0.501      0.500
      7        0.501      0.501
      8        0.500      0.501
      9        0.500      0.501
     10        0.501      0.500
* Pair-correlation analysis (ave. no. pairs per config.):
  > Shell  nsite  ___dh____  __eueu___  __eued___
      0      1        0          0          1.780
      1      1        0.856      0.714      2.466
      2      1        0.294      0.654      1.095
      3      1        0.169      0.294      0.551
      4      1        0.568      1.363      2.145
      5      1        0.124      1.022      0.974
      6      1        0.156      0.850      1.095
      7      1        0.315      1.808      2.102
      8      1        0.257      2.091      1.920
      9      1        0.255      2.110      1.922
     10      1        0.233      2.149      1.900
     11      1        0.119      0.990      1.016
     12      1        0.250      2.032      1.966
     13      1        0.061      0.487      0.517
     14      1        0.181      1.460      1.550
     15      1        0.132      1.011      0.978
     16      1        0.132      0.966      1.023

Optimization #2:
* Method          : lls
* Target function : energy
* No. of configs. : 500096
* No. of params.  : 39
* Before optimization:
  -2.3839E+00  -2.3888E+00  -2.3673E+00   6.3916E-01   6.2649E-01   7.5594E-01
   1.0818E-01   3.9738E-01   3.8464E-01   2.0245E-01   8.3211E-02  -6.7643E-02
  -6.2053E-02  -3.0439E-03  -6.6767E-03   6.4802E-02   6.9474E-02   3.3131E-01
   3.2379E-01  -1.7750E-01  -2.8854E-01  -2.2991E-01  -3.0941E-01   1.0663E+00
  -1.1165E+00   4.0118E-01  -7.2306E-01  -1.0296E-01  -1.2135E-01  -6.7972E-02
  -4.5493E-02   5.7578E-01  -5.0187E-01   5.3923E-01  -5.4974E-01   5.0582E-01
  -6.0450E-01  -1.7235E-01  -2.1487E-01
  > E    =  -3.833440723288E+02 +/-   9.371072530180E-05
  > varE =   4.391693061498E-03
* Computing derivatives.
    [walltime: 1m elapsed, 27.4s remaining]
  Done. [total walltime: 1m27s]
* Optimizing manipulation constant:
  #igrid a___________ E____________________________________ varE____________
     1     Infinity    -3.83344072E+02 +/-   9.37107253E-05   4.39169306E-03
     2     1.0000E+06  -3.83344072E+02 +/-   9.37107255E-05   4.39169308E-03
     3     2.1544E+05  -3.83344072E+02 +/-   9.37107262E-05   4.39169315E-03
     4     4.6416E+04  -3.83344072E+02 +/-   9.37107296E-05   4.39169347E-03
     5     1.0000E+04  -3.83344072E+02 +/-   9.37107454E-05   4.39169495E-03
     6     2.1544E+03  -3.83344072E+02 +/-   9.37108186E-05   4.39170181E-03
     7     4.6416E+02  -3.83344072E+02 +/-   9.37111588E-05   4.39173369E-03
     8     1.0000E+02  -3.83344073E+02 +/-   9.37127436E-05   4.39188224E-03
     9     2.1544E+01  -3.83344074E+02 +/-   9.37202046E-05   4.39258159E-03
    10     4.6416E+00  -3.83344077E+02 +/-   9.37556978E-05   4.39590928E-03
    11     1.0000E+00  -3.83344086E+02 +/-   9.38982982E-05   4.40929162E-03
    12     2.1544E-01  -3.83344091E+02 +/-   9.41896290E-05   4.43669479E-03
    13     4.6416E-02  -3.83344088E+02 +/-   9.45251258E-05   4.46835746E-03
    14     1.0000E-02  -3.83344029E+02 +/-   9.55812373E-05   4.56876350E-03
    15     2.1544E-03  -3.83341929E+02 +/-   1.11318552E-04   6.19709966E-03
    16     4.6416E-04  -3.83334738E+02 +/-   1.47612394E-04   1.08968013E-02
    17     1.0000E-04  -3.83328112E+02 +/-   1.73499170E-04   1.50538707E-02
    18     2.1544E-05  -3.83325764E+02 +/-   1.81691427E-04   1.65090565E-02
    19     4.6416E-06  -3.83325191E+02 +/-   1.83630954E-04   1.68634007E-02
    20     1.0000E-06  -3.83325064E+02 +/-   1.84057671E-04   1.69418653E-02
    21     0.0000E+00  -3.83325029E+02 +/-   1.84175409E-04   1.69635470E-02
* Iteration # 1: E =  -3.833440910488E+02 +/-   9.418962899748E-05
* Reached maximum number of iterations: exiting.
* After optimization:
  -1.6427E+00  -1.6500E+00  -1.6272E+00   6.6980E-01   6.5536E-01   7.8677E-01
  -7.5421E-01  -2.4012E-02  -3.5521E-02   2.0474E-01   1.0787E-01  -4.8933E-01
  -4.8341E-01  -4.2596E-01  -4.2906E-01  -3.5543E-01  -3.5093E-01   3.5948E-01
   3.5147E-01  -1.9087E-01  -3.0330E-01  -2.4279E-01  -3.2457E-01   5.4109E+00
  -4.6034E+00   2.5686E+00  -2.4688E+00  -1.0577E-01  -1.2212E-01  -8.1090E-02
  -6.0501E-02   2.7442E+00  -2.2487E+00   2.7079E+00  -2.2973E+00   2.6723E+00
  -2.3532E+00  -1.8532E-01  -2.3000E-01
  > Energy =  -3.833440910488E+02 +/-   9.418962899748E-05
  > varE =   4.436694787217E-03

VMC #3:
* Size of Hilbert space =   6.3504E+04
* Deterministic energy evaluation:
  > Deterministic Etot/t = -383.34423709509019
    - Ttot/t = -23.370321285154173
    - Utot/t = 9.5404298672342680
* Number of equil. steps   = 1000
* Running VMC equilibration.
  Done. [total walltime: 0.01s]
* Equil. acc.ratio (%)     =  27.4283
* Sample config after equilibration:
  +---------+
  |  2   d  |
  |0   u   u|
  |u   0   d|
  |  d   2  |
  +---------+
* Number of accum. steps   = 1000192 x 10
* Running VMC accumulation.
  Done. [total walltime: 13.7s]
* Acceptance ratio (%)     =  27.3728
* Etot/t                   =  -3.833442474511E+02 +/-   6.673594465356E-05
  > Ttot/t                 =  -2.337010460991E+01 +/-   3.682652346067E-04
  > Utot/t                 =   9.540202836058E+00 +/-   3.636904675839E-04
* var[Eloc/t]              =   4.466967926635E-03 +/-   1.995071814773E-05
* Correlation length       =   9.972181331353E-01
* log10 Psi^2 range: -14.397773348788560 -- -7.2570972544334618
* log10 Pgen range : -14.397773348788560 -- -7.2570972544334618
* Site occupation (ave. no. electrons per config.):
  > Site_  ___eu____  ___ed____
      1        0.497      0.498
      2        0.501      0.500
      3        0.502      0.501
      4        0.497      0.498
      5        0.500      0.501
      6        0.502      0.500
      7        0.500      0.502
      8        0.499      0.500
      9        0.500      0.500
     10        0.502      0.501
* Pair-correlation analysis (ave. no. pairs per config.):
  > Shell  nsite  ___dh____  __eueu___  __eued___
      0      1        0          0          1.778
      1      1        0.857      0.714      2.465
      2      1        0.294      0.653      1.095
      3      1        0.168      0.294      0.552
      4      1        0.566      1.363      2.148
      5      1        0.124      1.022      0.976
      6      1        0.156      0.851      1.095
      7      1        0.314      1.808      2.102
      8      1        0.259      2.091      1.917
      9      1        0.254      2.109      1.921
     10      1        0.232      2.149      1.901
     11      1        0.118      0.992      1.018
     12      1        0.249      2.031      1.967
     13      1        0.060      0.487      0.518
     14      1        0.181      1.460      1.548
     15      1        0.132      1.010      0.978
     16      1        0.132      0.966      1.022

Optimization #3:
* Method          : lls
* Target function : energy
* No. of configs. : 500096
* No. of params.  : 39
* Before optimization:
  -1.6427E+00  -1.6500E+00  -1.6272E+00   6.6980E-01   6.5536E-01   7.8677E-01
  -7.5421E-01  -2.4012E-02  -3.5521E-02   2.0474E-01   1.0787E-01  -4.8933E-01
  -4.8341E-01  -4.2596E-01  -4.2906E-01  -3.5543E-01  -3.5093E-01   3.5948E-01
   3.5147E-01  -1.9087E-01  -3.0330E-01  -2.4279E-01  -3.2457E-01   5.4109E+00
  -4.6034E+00   2.5686E+00  -2.4688E+00  -1.0577E-01  -1.2212E-01  -8.1090E-02
  -6.0501E-02   2.7442E+00  -2.2487E+00   2.7079E+00  -2.2973E+00   2.6723E+00
  -2.3532E+00  -1.8532E-01  -2.3000E-01
  > E    =  -3.833441371254E+02 +/-   9.454662749255E-05
  > varE =   4.470390535326E-03
* Computing derivatives.
    [walltime: 1m elapsed, 27.1s remaining]
  Done. [total walltime: 1m27s]
* Optimizing manipulation constant:
  #igrid a___________ E____________________________________ varE____________
     1     Infinity    -3.83344137E+02 +/-   9.45466275E-05   4.47039054E-03
     2     1.0000E+06  -3.83344137E+02 +/-   9.45466274E-05   4.47039053E-03
     3     2.1544E+05  -3.83344137E+02 +/-   9.45466273E-05   4.47039051E-03
     4     4.6416E+04  -3.83344137E+02 +/-   9.45466264E-05   4.47039044E-03
     5     1.0000E+04  -3.83344137E+02 +/-   9.45466226E-05   4.47039007E-03
     6     2.1544E+03  -3.83344137E+02 +/-   9.45466047E-05   4.47038838E-03
     7     4.6416E+02  -3.83344137E+02 +/-   9.45465221E-05   4.47038057E-03
     8     1.0000E+02  -3.83344137E+02 +/-   9.45461438E-05   4.47034480E-03
     9     2.1544E+01  -3.83344137E+02 +/-   9.45444951E-05   4.47018889E-03
    10     4.6416E+00  -3.83344138E+02 +/-   9.45386657E-05   4.46963767E-03
    11     1.0000E+00  -3.83344139E+02 +/-   9.45288245E-05   4.46870716E-03
    12     2.1544E-01  -3.83344140E+02 +/-   9.45271966E-05   4.46855325E-03
    13     4.6416E-02  -3.83344140E+02 +/-   9.45196890E-05   4.46784346E-03
    14     1.0000E-02  -3.83344140E+02 +/-   9.44853234E-05   4.46459521E-03
    15     2.1544E-03  -3.83344138E+02 +/-   9.44458076E-05   4.46086160E-03
    16     4.6416E-04  -3.83344137E+02 +/-   9.44292751E-05   4.45930002E-03
    17     1.0000E-04  -3.83344137E+02 +/-   9.44250350E-05   4.45889956E-03
    18     2.1544E-05  -3.83344137E+02 +/-   9.44240852E-05   4.45880986E-03
    19     4.6416E-06  -3.83344137E+02 +/-   9.44238789E-05   4.45879038E-03
    20     1.0000E-06  -3.83344137E+02 +/-   9.44238343E-05   4.45878617E-03
    21     0.0000E+00  -3.83344137E+02 +/-   9.44238221E-05   4.45878501E-03
* Iteration # 1: E =  -3.833441400593E+02 +/-   9.451968897493E-05
* Reached maximum number of iterations: exiting.
* After optimization:
  -1.4589E+00  -1.4672E+00  -1.4432E+00   6.7961E-01   6.6337E-01   7.9477E-01
  -9.7471E-01  -1.3078E-01  -1.4141E-01   2.0323E-01   1.1843E-01  -5.9679E-01
  -5.8991E-01  -5.3407E-01  -5.3655E-01  -4.6165E-01  -4.5651E-01   3.6877E-01
   3.6039E-01  -1.9512E-01  -3.0669E-01  -2.4696E-01  -3.3016E-01   6.5207E+00
  -5.4930E+00   3.1204E+00  -2.9143E+00  -1.0541E-01  -1.2163E-01  -8.6619E-02
  -6.5250E-02   3.2967E+00  -2.6937E+00   3.2608E+00  -2.7426E+00   3.2235E+00
  -2.7991E+00  -1.8991E-01  -2.3421E-01
  > Energy =  -3.833441400593E+02 +/-   9.451968897493E-05
  > varE =   4.467843463233E-03

VMC #4:
* Size of Hilbert space =   6.3504E+04
* Deterministic energy evaluation:
  > Deterministic Etot/t = -383.34423841251282
    - Ttot/t = -23.370071450999632
    - Utot/t = 9.5401787156571274
* Number of equil. steps   = 1000
* Running VMC equilibration.
  Done. [total walltime: 0.01s]
* Equil. acc.ratio (%)     =  27.4452
* Sample config after equilibration:
  +---------+
  |  0   2  |
  |d   u   d|
  |u   u   d|
  |  d   u  |
  +---------+
* Number of accum. steps   = 1000192 x 10
* Running VMC accumulation.
  Done. [total walltime: 14.2s]
* Acceptance ratio (%)     =  27.3802
* Etot/t                   =  -3.833441812213E+02 +/-   6.676664692265E-05
  > Ttot/t                 =  -2.336948703866E+01 +/-   3.689434738135E-04
  > Utot/t                 =   9.539651494545E+00 +/-   3.639045256993E-04
* var[Eloc/t]              =   4.467437281226E-03 +/-   1.600189119732E-05
* Correlation length       =   9.980310310741E-01
* log10 Psi^2 range: -14.132912951471811 -- -7.3326531483197321
* log10 Pgen range : -14.132912951471811 -- -7.3326531483197321
* Site occupation (ave. no. electrons per config.):
  > Site_  ___eu____  ___ed____
      1        0.498      0.496
      2        0.500      0.502
      3        0.502      0.501
      4        0.497      0.497
      5        0.502      0.500
      6        0.500      0.503
      7        0.501      0.500
      8        0.501      0.502
      9        0.500      0.501
     10        0.500      0.500
* Pair-correlation analysis (ave. no. pairs per config.):
  > Shell  nsite  ___dh____  __eueu___  __eued___
      0      1        0          0          1.777
      1      1        0.857      0.714      2.467
      2      1        0.293      0.654      1.094
      3      1        0.168      0.293      0.550
      4      1        0.567      1.363      2.146
      5      1        0.123      1.024      0.978
      6      1        0.156      0.853      1.097
      7      1        0.314      1.803      2.098
      8      1        0.256      2.091      1.919
      9      1        0.254      2.104      1.916
     10      1        0.232      2.150      1.902
     11      1        0.118      0.994      1.018
     12      1        0.249      2.030      1.971
     13      1        0.060      0.488      0.517
     14      1        0.181      1.463      1.550
     15      1        0.132      1.009      0.978
     16      1        0.132      0.967      1.020

Optimization #4:
* Method          : lls
* Target function : energy
* No. of configs. : 500096
* No. of params.  : 39
* Before optimization:
  -1.4589E+00  -1.4672E+00  -1.4432E+00   6.7961E-01   6.6337E-01   7.9477E-01
  -9.7471E-01  -1.3078E-01  -1.4141E-01   2.0323E-01   1.1843E-01  -5.9679E-01
  -5.8991E-01  -5.3407E-01  -5.3655E-01  -4.6165E-01  -4.5651E-01   3.6877E-01
   3.6039E-01  -1.9512E-01  -3.0669E-01  -2.4696E-01  -3.3016E-01   6.5207E+00
  -5.4930E+00   3.1204E+00  -2.9143E+00  -1.0541E-01  -1.2163E-01  -8.6619E-02
  -6.5250E-02   3.2967E+00  -2.6937E+00   3.2608E+00  -2.7426E+00   3.2235E+00
  -2.7991E+00  -1.8991E-01  -2.3421E-01
  > E    =  -3.833441307117E+02 +/-   9.482038697078E-05
  > varE =   4.496316019600E-03
* Computing derivatives.
    [walltime: 1m elapsed, 27.5s remaining]
  Done. [total walltime: 1m27s]
* Optimizing manipulation constant:
  #igrid a___________ E____________________________________ varE____________
     1     Infinity    -3.83344131E+02 +/-   9.48203870E-05   4.49631602E-03
     2     1.0000E+06  -3.83344131E+02 +/-   9.48203870E-05   4.49631602E-03
     3     2.1544E+05  -3.83344131E+02 +/-   9.48203871E-05   4.49631603E-03
     4     4.6416E+04  -3.83344131E+02 +/-   9.48203875E-05   4.49631607E-03
     5     1.0000E+04  -3.83344131E+02 +/-   9.48203893E-05   4.49631624E-03
     6     2.1544E+03  -3.83344131E+02 +/-   9.48203992E-05   4.49631718E-03
     7     4.6416E+02  -3.83344131E+02 +/-   9.48204732E-05   4.49632420E-03
     8     1.0000E+02  -3.83344131E+02 +/-   9.48214199E-05   4.49641398E-03
     9     2.1544E+01  -3.83344131E+02 +/-   9.48385747E-05   4.49804108E-03
    10     4.6416E+00  -3.83344129E+02 +/-   9.51853400E-05   4.53099426E-03
    11     1.0000E+00  -3.83343614E+02 +/-   1.03266470E-04   5.33300568E-03
    12     2.1544E-01  -3.83323183E+02 +/-   2.08257827E-04   2.16898248E-02
    13     4.6416E-02  -3.83158168E+02 +/-   4.95722980E-04   1.22894228E-01
    14     1.0000E-02  -3.82948301E+02 +/-   6.53418458E-04   2.13518828E-01
    15     2.1544E-03  -3.82874990E+02 +/-   6.89854186E-04   2.37995085E-01
    16     4.6416E-04  -3.82857593E+02 +/-   6.97682719E-04   2.43427317E-01
    17     1.0000E-04  -3.82853769E+02 +/-   6.99368470E-04   2.44605084E-01
    18     2.1544E-05  -3.82852941E+02 +/-   6.99731624E-04   2.44859177E-01
    19     4.6416E-06  -3.82852763E+02 +/-   6.99809862E-04   2.44913936E-01
    20     1.0000E-06  -3.82852725E+02 +/-   6.99826717E-04   2.44925734E-01
    21     0.0000E+00  -3.82852714E+02 +/-   6.99831346E-04   2.44928974E-01
* Iteration # 1: E =  -3.833441308178E+02 +/-   9.483857468058E-05
* Reached maximum number of iterations: exiting.
* After optimization:
  -1.3288E+00  -1.3372E+00  -1.3131E+00   6.7967E-01   6.6342E-01   7.9489E-01
  -1.1049E+00  -1.9599E-01  -2.0665E-01   2.0330E-01   1.1848E-01  -6.6192E-01
  -6.5508E-01  -5.9918E-01  -6.0165E-01  -5.2683E-01  -5.2173E-01   3.6884E-01
   3.6044E-01  -1.9511E-01  -3.0674E-01  -2.4703E-01  -3.3024E-01   7.1723E+00
  -6.0147E+00   3.4464E+00  -3.1750E+00  -1.0548E-01  -1.2169E-01  -8.6603E-02
  -6.5314E-02   3.6227E+00  -2.9545E+00   3.5868E+00  -3.0034E+00   3.5494E+00
  -3.0598E+00  -1.8990E-01  -2.3427E-01
  > Energy =  -3.833441308178E+02 +/-   9.483857468058E-05
  > varE =   4.498041081826E-03

VMC #5:
* Size of Hilbert space =   6.3504E+04
* Deterministic energy evaluation:
  > Deterministic Etot/t = -383.34423844926994
    - Ttot/t = -23.370046939465794
    - Utot/t = 9.5401541673661665
* Number of equil. steps   = 1000
* Running VMC equilibration.
  Done. [total walltime: 0.01s]
* Equil. acc.ratio (%)     =  27.3802
* Sample config after equilibration:
  +---------+
  |  d   u  |
  |u   u   d|
  |d   d   u|
  |  u   d  |
  +---------+
* Number of accum. steps   = 1000192 x 10
* Running VMC accumulation.
  Done. [total walltime: 14.0s]
* Acceptance ratio (%)     =  27.3786
* Etot/t                   =  -3.833441471754E+02 +/-   6.697798030895E-05
  > Ttot/t                 =  -2.337019404013E+01 +/-   3.669490176077E-04
  > Utot/t                 =   9.540392542027E+00 +/-   3.615783881315E-04
* var[Eloc/t]              =   4.462758902518E-03 +/-   2.057510579148E-05
* Correlation length       =   1.005411958353E+00
* log10 Psi^2 range: -13.817731631514457 -- -7.3330200949102089
* log10 Pgen range : -13.817731631514457 -- -7.3330200949102089
* Site occupation (ave. no. electrons per config.):
  > Site_  ___eu____  ___ed____
      1        0.498      0.496
      2        0.501      0.500
      3        0.501      0.501
      4        0.498      0.496
      5        0.500      0.502
      6        0.500      0.500
      7        0.501      0.501
      8        0.499      0.502
      9        0.501      0.501
     10        0.501      0.500
* Pair-correlation analysis (ave. no. pairs per config.):
  > Shell  nsite  ___dh____  __eueu___  __eued___
      0      1        0          0          1.778
      1      1        0.858      0.713      2.466
      2      1        0.294      0.655      1.094
      3      1        0.168      0.293      0.551
      4      1        0.565      1.363      2.146
      5      1        0.124      1.021      0.975
      6      1        0.156      0.850      1.095
      7      1        0.314      1.807      2.102
      8      1        0.256      2.091      1.918
      9      1        0.255      2.108      1.919
     10      1        0.233      2.149      1.902
     11      1        0.117      0.993      1.017
     12      1        0.250      2.030      1.968
     13      1        0.060      0.487      0.518
     14      1        0.180      1.463      1.550
     15      1        0.132      1.011      0.978
     16      1        0.132      0.967      1.022

Optimization #5:
* Method          : lls
* Target function : energy
* No. of configs. : 500096
* No. of params.  : 39
* Before optimization:
  -1.3288E+00  -1.3372E+00  -1.3131E+00   6.7967E-01   6.6342E-01   7.9489E-01
  -1.1049E+00  -1.9599E-01  -2.0665E-01   2.0330E-01   1.1848E-01  -6.6192E-01
  -6.5508E-01  -5.9918E-01  -6.0165E-01  -5.2683E-01  -5.2173E-01   3.6884E-01
   3.6044E-01  -1.9511E-01  -3.0674E-01  -2.4703E-01  -3.3024E-01   7.1723E+00
  -6.0147E+00   3.4464E+00  -3.1750E+00  -1.0548E-01  -1.2169E-01  -8.6603E-02
  -6.5314E-02   3.6227E+00  -2.9545E+00   3.5868E+00  -3.0034E+00   3.5494E+00
  -3.0598E+00  -1.8990E-01  -2.3427E-01
  > E    =  -3.833440009783E+02 +/-   9.412517817399E-05
  > varE =   4.430625099863E-03
* Computing derivatives.
    [walltime: 1m elapsed, 26.9s remaining]
  Done. [total walltime: 1m27s]
* Optimizing manipulation constant:
  #igrid a___________ E____________________________________ varE____________
     1     Infinity    -3.83344001E+02 +/-   9.41251782E-05   4.43062510E-03
     2     1.0000E+06  -3.83344001E+02 +/-   9.41251782E-05   4.43062510E-03
     3     2.1544E+05  -3.83344001E+02 +/-   9.41251783E-05   4.43062511E-03
     4     4.6416E+04  -3.83344001E+02 +/-   9.41251787E-05   4.43062515E-03
     5     1.0000E+04  -3.83344001E+02 +/-   9.41251807E-05   4.43062534E-03
     6     2.1544E+03  -3.83344001E+02 +/-   9.41251901E-05   4.43062623E-03
     7     4.6416E+02  -3.83344001E+02 +/-   9.41252361E-05   4.43063056E-03
     8     1.0000E+02  -3.83344001E+02 +/-   9.41254998E-05   4.43065538E-03
     9     2.1544E+01  -3.83344001E+02 +/-   9.41277710E-05   4.43086920E-03
    10     4.6416E+00  -3.83344001E+02 +/-   9.41581801E-05   4.43373256E-03
    11     1.0000E+00  -3.83343995E+02 +/-   9.45884560E-05   4.47434692E-03
    12     2.1544E-01  -3.83343699E+02 +/-   1.00229043E-04   5.02389491E-03
    13     4.6416E-02  -3.83327393E+02 +/-   2.04285193E-04   2.08702264E-02
    14     1.0000E-02  -3.82577811E+02 +/-   8.41936679E-04   3.54496736E-01
    15     2.1544E-03  -3.82308342E+02 +/-   8.50279391E-04   3.61556927E-01
    16     4.6416E-04  -3.82277157E+02 +/-   8.48594481E-04   3.60125428E-01
    17     1.0000E-04  -3.82271372E+02 +/-   8.48301655E-04   3.59876932E-01
    18     2.1544E-05  -3.82270166E+02 +/-   8.48241760E-04   3.59826115E-01
    19     4.6416E-06  -3.82269908E+02 +/-   8.48229002E-04   3.59815291E-01
    20     1.0000E-06  -3.82269852E+02 +/-   8.48226260E-04   3.59812965E-01
    21     0.0000E+00  -3.82269837E+02 +/-   8.48225508E-04   3.59812327E-01
* Iteration # 1: E =  -3.833440010605E+02 +/-   9.412777104634E-05
* Reached maximum number of iterations: exiting.
* After optimization:
  -1.3524E+00  -1.3608E+00  -1.3367E+00   6.7984E-01   6.6358E-01   7.9508E-01
  -1.0819E+00  -1.8447E-01  -1.9512E-01   2.0336E-01   1.1856E-01  -6.5040E-01
  -6.4360E-01  -5.8766E-01  -5.9014E-01  -5.1533E-01  -5.1025E-01   3.6898E-01
   3.6060E-01  -1.9524E-01  -3.0682E-01  -2.4720E-01  -3.3027E-01   7.0577E+00
  -5.9232E+00   3.3891E+00  -3.1293E+00  -1.0551E-01  -1.2171E-01  -8.6623E-02
  -6.5333E-02   3.5654E+00  -2.9087E+00   3.5295E+00  -2.9577E+00   3.4922E+00
  -3.0140E+00  -1.9003E-01  -2.3433E-01
  > Energy =  -3.833440010605E+02 +/-   9.412777104634E-05
  > varE =   4.430869204655E-03

VMC #6:
* Size of Hilbert space =   6.3504E+04
* Deterministic energy evaluation:
  > Deterministic Etot/t = -383.34423848265681
    - Ttot/t = -23.370042182955018
    - Utot/t = 9.5401493774684933
* Number of equil. steps   = 1000
* Running VMC equilibration.
  Done. [total walltime: 0.01s]
* Equil. acc.ratio (%)     =  27.3525
* Sample config after equilibration:
  +---------+
  |  d   u  |
  |u   d   d|
  |0   u   u|
  |  2   d  |
  +---------+
* Number of accum. steps   = 1000192 x 10
* Running VMC accumulation.
  Done. [total walltime: 14.2s]
* Acceptance ratio (%)     =  27.3752
* Etot/t                   =  -3.833441528150E+02 +/-   6.641484643720E-05
  > Ttot/t                 =  -2.337018514171E+01 +/-   3.662525007494E-04
  > Utot/t                 =   9.540378003820E+00 +/-   3.605138243290E-04
* var[Eloc/t]              =   4.454097711342E-03 +/-   2.694327149736E-05
* Correlation length       =   9.904988646642E-01
* log10 Psi^2 range: -14.467899173142422 -- -7.3343222689792196
* log10 Pgen range : -14.467899173142422 -- -7.3343222689792196
* Site occupation (ave. no. electrons per config.):
  > Site_  ___eu____  ___ed____
      1        0.496      0.497
      2        0.501      0.501
      3        0.501      0.502
      4        0.497      0.498
      5        0.501      0.500
      6        0.501      0.500
      7        0.500      0.501
      8        0.500      0.500
      9        0.501      0.499
     10        0.500      0.501
* Pair-correlation analysis (ave. no. pairs per config.):
  > Shell  nsite  ___dh____  __eueu___  __eued___
      0      1        0          0          1.777
      1      1        0.857      0.713      2.465
      2      1        0.293      0.654      1.096
      3      1        0.167      0.294      0.551
      4      1        0.567      1.361      2.147
      5      1        0.123      1.023      0.975
      6      1        0.156      0.850      1.095
      7      1        0.314      1.807      2.102
      8      1        0.257      2.092      1.917
      9      1        0.253      2.108      1.922
     10      1        0.233      2.149      1.900
     11      1        0.118      0.991      1.016
     12      1        0.249      2.030      1.969
     13      1        0.060      0.488      0.517
     14      1        0.182      1.459      1.549
     15      1        0.131      1.011      0.979
     16      1        0.132      0.968      1.021

Optimization #6:
* Method          : lls
* Target function : energy
* No. of configs. : 500096
* No. of params.  : 39
* Before optimization:
  -1.3524E+00  -1.3608E+00  -1.3367E+00   6.7984E-01   6.6358E-01   7.9508E-01
  -1.0819E+00  -1.8447E-01  -1.9512E-01   2.0336E-01   1.1856E-01  -6.5040E-01
  -6.4360E-01  -5.8766E-01  -5.9014E-01  -5.1533E-01  -5.1025E-01   3.6898E-01
   3.6060E-01  -1.9524E-01  -3.0682E-01  -2.4720E-01  -3.3027E-01   7.0577E+00
  -5.9232E+00   3.3891E+00  -3.1293E+00  -1.0551E-01  -1.2171E-01  -8.6623E-02
  -6.5333E-02   3.5654E+00  -2.9087E+00   3.5295E+00  -2.9577E+00   3.4922E+00
  -3.0140E+00  -1.9003E-01  -2.3433E-01
  > E    =  -3.833441088157E+02 +/-   9.432584025011E-05
  > varE =   4.449536216402E-03
* Computing derivatives.
    [walltime: 1m elapsed, 27.3s remaining]
  Done. [total walltime: 1m27s]
* Optimizing manipulation constant:
  #igrid a___________ E____________________________________ varE____________
     1     Infinity    -3.83344109E+02 +/-   9.43258403E-05   4.44953622E-03
     2     1.0000E+06  -3.83344109E+02 +/-   9.43258403E-05   4.44953622E-03
     3     2.1544E+05  -3.83344109E+02 +/-   9.43258405E-05   4.44953624E-03
     4     4.6416E+04  -3.83344109E+02 +/-   9.43258413E-05   4.44953632E-03
     5     1.0000E+04  -3.83344109E+02 +/-   9.43258454E-05   4.44953670E-03
     6     2.1544E+03  -3.83344109E+02 +/-   9.43258647E-05   4.44953853E-03
     7     4.6416E+02  -3.83344109E+02 +/-   9.43259706E-05   4.44954852E-03
     8     1.0000E+02  -3.83344109E+02 +/-   9.43268053E-05   4.44962727E-03
     9     2.1544E+01  -3.83344109E+02 +/-   9.43379340E-05   4.45067726E-03
    10     4.6416E+00  -3.83344107E+02 +/-   9.45417320E-05   4.46992761E-03
    11     1.0000E+00  -3.83343802E+02 +/-   9.99952099E-05   5.00048091E-03
    12     2.1544E-01  -3.82177641E+02 +/-   7.92763628E-04   3.14297419E-01
    13     4.6416E-02  -3.81621069E+02 +/-   9.10016845E-04   4.14144829E-01
    14     1.0000E-02  -3.81600272E+02 +/-   1.80637822E-03   1.63181439E+00
    15     2.1544E-03  -3.81597734E+02 +/-   2.52960726E-03   3.20007073E+00
    16     4.6416E-04  -3.81597270E+02 +/-   2.73621898E-03   3.74416589E+00
    17     1.0000E-04  -3.81597174E+02 +/-   2.78354001E-03   3.87479132E+00
    18     2.1544E-05  -3.81597154E+02 +/-   2.79387704E-03   3.90362382E+00
    19     4.6416E-06  -3.81597149E+02 +/-   2.79611088E-03   3.90986857E+00
    20     1.0000E-06  -3.81597148E+02 +/-   2.79659244E-03   3.91121544E+00
    21     0.0000E+00  -3.81597148E+02 +/-   2.79672452E-03   3.91158490E+00
* Iteration # 1: E =  -3.833441089067E+02 +/-   9.433793401118E-05
* Reached maximum number of iterations: exiting.
* After optimization:
  -1.4372E+00  -1.4456E+00  -1.4214E+00   6.7991E-01   6.6364E-01   7.9519E-01
  -9.9718E-01  -1.4222E-01  -1.5287E-01   2.0337E-01   1.1854E-01  -6.0809E-01
  -6.0130E-01  -5.4531E-01  -5.4784E-01  -4.7305E-01  -4.6797E-01   3.6905E-01
   3.6064E-01  -1.9527E-01  -3.0686E-01  -2.4721E-01  -3.3027E-01   6.6348E+00
  -5.5851E+00   3.1778E+00  -2.9601E+00  -1.0552E-01  -1.2171E-01  -8.6619E-02
  -6.5378E-02   3.3540E+00  -2.7396E+00   3.3181E+00  -2.7886E+00   3.2808E+00
  -2.8449E+00  -1.9006E-01  -2.3438E-01
  > Energy =  -3.833441089067E+02 +/-   9.433793401118E-05
  > varE =   4.450677262745E-03

VMC #7:
* Size of Hilbert space =   6.3504E+04
* Deterministic energy evaluation:
  > Deterministic Etot/t = -383.34423851100132
    - Ttot/t = -23.370027854965851
    - Utot/t = 9.5401350211348177
* Number of equil. steps   = 1000
* Running VMC equilibration.
  Done. [total walltime: 0.01s]
* Equil. acc.ratio (%)     =  27.4181
* Sample config after equilibration:
  +---------+
  |  d   u  |
  |u   u   d|
  |d   0   u|
  |  2   d  |
  +---------+
* Number of accum. steps   = 1000192 x 10
* Running VMC accumulation.
  Done. [total walltime: 14.2s]
* Acceptance ratio (%)     =  27.3703
* Etot/t                   =  -3.833443964570E+02 +/-   6.552643173537E-05
  > Ttot/t                 =  -2.337039243635E+01 +/-   3.648033309268E-04
  > Utot/t                 =   9.540341656406E+00 +/-   3.592424574492E-04
* var[Eloc/t]              =   4.488648997478E-03 +/-   2.015638384894E-05
* Correlation length       =   9.567550617854E-01
* log10 Psi^2 range: -14.097526263448749 -- -7.3346115671187642
* log10 Pgen range : -14.097526263448749 -- -7.3346115671187642
* Site occupation (ave. no. electrons per config.):
  > Site_  ___eu____  ___ed____
      1        0.497      0.496
      2        0.500      0.500
      3        0.501      0.501
      4        0.497      0.497
      5        0.501      0.501
      6        0.501      0.502
      7        0.501      0.499
      8        0.501      0.500
      9        0.500      0.501
     10        0.500      0.501
* Pair-correlation analysis (ave. no. pairs per config.):
  > Shell  nsite  ___dh____  __eueu___  __eued___
      0      1        0          0          1.778
      1      1        0.859      0.712      2.466
      2      1        0.293      0.654      1.096
      3      1        0.168      0.293      0.550
      4      1        0.565      1.364      2.148
      5      1        0.124      1.023      0.975
      6      1        0.156      0.851      1.096
      7      1        0.314      1.806      2.101
      8      1        0.257      2.091      1.918
      9      1        0.254      2.106      1.919
     10      1        0.233      2.151      1.899
     11      1        0.118      0.993      1.018
     12      1        0.250      2.031      1.968
     13      1        0.060      0.486      0.517
     14      1        0.180      1.462      1.551
     15      1        0.132      1.010      0.977
     16      1        0.132      0.967      1.022

Optimization #7:
* Method          : lls
* Target function : energy
* No. of configs. : 500096
* No. of params.  : 39
* Before optimization:
  -1.4372E+00  -1.4456E+00  -1.4214E+00   6.7991E-01   6.6364E-01   7.9519E-01
  -9.9718E-01  -1.4222E-01  -1.5287E-01   2.0337E-01   1.1854E-01  -6.0809E-01
  -6.0130E-01  -5.4531E-01  -5.4784E-01  -4.7305E-01  -4.6797E-01   3.6905E-01
   3.6064E-01  -1.9527E-01  -3.0686E-01  -2.4721E-01  -3.3027E-01   6.6348E+00
  -5.5851E+00   3.1778E+00  -2.9601E+00  -1.0552E-01  -1.2171E-01  -8.6619E-02
  -6.5378E-02   3.3540E+00  -2.7396E+00   3.3181E+00  -2.7886E+00   3.2808E+00
  -2.8449E+00  -1.9006E-01  -2.3438E-01
  > E    =  -3.833442843885E+02 +/-   9.456847991934E-05
  > varE =   4.472457244077E-03
* Computing derivatives.
    [walltime: 1m elapsed, 27.2s remaining]
  Done. [total walltime: 1m27s]
* Optimizing manipulation constant:
  #igrid a___________ E____________________________________ varE____________
     1     Infinity    -3.83344284E+02 +/-   9.45684799E-05   4.47245724E-03
     2     1.0000E+06  -3.83344284E+02 +/-   9.45684798E-05   4.47245723E-03
     3     2.1544E+05  -3.83344284E+02 +/-   9.45684795E-05   4.47245720E-03
     4     4.6416E+04  -3.83344284E+02 +/-   9.45684778E-05   4.47245704E-03
     5     1.0000E+04  -3.83344284E+02 +/-   9.45684700E-05   4.47245631E-03
     6     2.1544E+03  -3.83344284E+02 +/-   9.45684340E-05   4.47245290E-03
     7     4.6416E+02  -3.83344284E+02 +/-   9.45682675E-05   4.47243715E-03
     8     1.0000E+02  -3.83344284E+02 +/-   9.45675046E-05   4.47236499E-03
     9     2.1544E+01  -3.83344284E+02 +/-   9.45641754E-05   4.47205011E-03
    10     4.6416E+00  -3.83344284E+02 +/-   9.45524405E-05   4.47094026E-03
    11     1.0000E+00  -3.83344284E+02 +/-   9.45392349E-05   4.46969149E-03
    12     2.1544E-01  -3.83344284E+02 +/-   9.46740645E-05   4.48244971E-03
    13     4.6416E-02  -3.83344273E+02 +/-   9.56626660E-05   4.57655137E-03
    14     1.0000E-02  -3.83344043E+02 +/-   1.00571934E-04   5.05832794E-03
    15     2.1544E-03  -3.83343222E+02 +/-   1.09929683E-04   6.04342771E-03
    16     4.6416E-04  -3.83342722E+02 +/-   1.14415781E-04   6.54674221E-03
    17     1.0000E-04  -3.83342584E+02 +/-   1.15573604E-04   6.67991130E-03
    18     2.1544E-05  -3.83342553E+02 +/-   1.15832756E-04   6.70990172E-03
    19     4.6416E-06  -3.83342546E+02 +/-   1.15889047E-04   6.71642492E-03
    20     1.0000E-06  -3.83342545E+02 +/-   1.15901196E-04   6.71783321E-03
    21     0.0000E+00  -3.83342544E+02 +/-   1.15904534E-04   6.71822014E-03
* Iteration # 1: E =  -3.833442844074E+02 +/-   9.453923492024E-05
* Reached maximum number of iterations: exiting.
* After optimization:
  -1.8428E+00  -1.8510E+00  -1.8270E+00   6.7972E-01   6.6375E-01   7.9459E-01
  -5.9025E-01   6.0910E-02   4.9979E-02   2.0405E-01   1.1822E-01  -4.0501E-01
  -3.9840E-01  -3.4231E-01  -3.4465E-01  -2.7020E-01  -2.6510E-01   3.6849E-01
   3.5991E-01  -1.9565E-01  -3.0731E-01  -2.4779E-01  -3.2981E-01   4.6010E+00
  -3.9597E+00   2.1620E+00  -2.1468E+00  -1.0544E-01  -1.2177E-01  -8.5836E-02
  -6.5154E-02   2.3374E+00  -1.9264E+00   2.3018E+00  -1.9756E+00   2.2645E+00
  -2.0316E+00  -1.8975E-01  -2.3398E-01
  > Energy =  -3.833442844074E+02 +/-   9.453923492024E-05
  > varE =   4.469691485679E-03

VMC #8:
* Size of Hilbert space =   6.3504E+04
* Deterministic energy evaluation:
  > Deterministic Etot/t = -383.34423863335087
    - Ttot/t = -23.370033163678833
    - Utot/t = 9.5401402074982862
* Number of equil. steps   = 1000
* Running VMC equilibration.
  Done. [total walltime: 0.01s]
* Equil. acc.ratio (%)     =  27.3920
* Sample config after equilibration:
  +---------+
  |  2   u  |
  |u   0   d|
  |d   2   0|
  |  0   2  |
  +---------+
* Number of accum. steps   = 1000192 x 10
* Running VMC accumulation.
  Done. [total walltime: 14.1s]
* Acceptance ratio (%)     =  27.3688
* Etot/t                   =  -3.833442458676E+02 +/-   6.683528289200E-05
  > Ttot/t                 =  -2.337017059408E+01 +/-   3.650058452477E-04
  > Utot/t                 =   9.540270403821E+00 +/-   3.599137057548E-04
* var[Eloc/t]              =   4.496572127695E-03 +/-   2.573783870553E-05
* Correlation length       =   9.936041428322E-01
* log10 Psi^2 range: -14.552858000191341 -- -7.3327428704601685
* log10 Pgen range : -14.552858000191341 -- -7.3327428704601685
* Site occupation (ave. no. electrons per config.):
  > Site_  ___eu____  ___ed____
      1        0.498      0.498
      2        0.501      0.500
      3        0.501      0.499
      4        0.499      0.496
      5        0.499      0.502
      6        0.501      0.501
      7        0.500      0.500
      8        0.500      0.501
      9        0.500      0.501
     10        0.502      0.501
* Pair-correlation analysis (ave. no. pairs per config.):
  > Shell  nsite  ___dh____  __eueu___  __eued___
      0      1        0          0          1.777
      1      1        0.857      0.711      2.467
      2      1        0.293      0.655      1.095
      3      1        0.168      0.293      0.553
      4      1        0.565      1.364      2.148
      5      1        0.124      1.020      0.974
      6      1        0.156      0.849      1.094
      7      1        0.314      1.808      2.105
      8      1        0.256      2.095      1.917
      9      1        0.255      2.110      1.921
     10      1        0.232      2.148      1.899
     11      1        0.119      0.990      1.016
     12      1        0.249      2.030      1.968
     13      1        0.061      0.486      0.515
     14      1        0.180      1.462      1.551
     15      1        0.131      1.011      0.979
     16      1        0.132      0.968      1.021

Optimization #8:
* Method          : lls
* Target function : energy
* No. of configs. : 500096
* No. of params.  : 39
* Before optimization:
  -1.8428E+00  -1.8510E+00  -1.8270E+00   6.7972E-01   6.6375E-01   7.9459E-01
  -5.9025E-01   6.0910E-02   4.9979E-02   2.0405E-01   1.1822E-01  -4.0501E-01
  -3.9840E-01  -3.4231E-01  -3.4465E-01  -2.7020E-01  -2.6510E-01   3.6849E-01
   3.5991E-01  -1.9565E-01  -3.0731E-01  -2.4779E-01  -3.2981E-01   4.6010E+00
  -3.9597E+00   2.1620E+00  -2.1468E+00  -1.0544E-01  -1.2177E-01  -8.5836E-02
  -6.5154E-02   2.3374E+00  -1.9264E+00   2.3018E+00  -1.9756E+00   2.2645E+00
  -2.0316E+00  -1.8975E-01  -2.3398E-01
  > E    =  -3.833443517223E+02 +/-   9.489320168978E-05
  > varE =   4.503224316562E-03
* Computing derivatives.
    [walltime: 1m elapsed, 27.3s remaining]
  Done. [total walltime: 1m27s]
* Optimizing manipulation constant:
  #igrid a___________ E____________________________________ varE____________
     1     Infinity    -3.83344352E+02 +/-   9.48932017E-05   4.50322432E-03
     2     1.0000E+06  -3.83344352E+02 +/-   9.48932017E-05   4.50322432E-03
     3     2.1544E+05  -3.83344352E+02 +/-   9.48932019E-05   4.50322434E-03
     4     4.6416E+04  -3.83344352E+02 +/-   9.48932028E-05   4.50322442E-03
     5     1.0000E+04  -3.83344352E+02 +/-   9.48932086E-05   4.50322497E-03
     6     2.1544E+03  -3.83344352E+02 +/-   9.48932676E-05   4.50323057E-03
     7     4.6416E+02  -3.83344352E+02 +/-   9.48942408E-05   4.50332294E-03
     8     1.0000E+02  -3.83344351E+02 +/-   9.49151838E-05   4.50531091E-03
     9     2.1544E+01  -3.83344257E+02 +/-   9.60247640E-05   4.61126284E-03
    10     4.6416E+00  -3.83272385E+02 +/-   3.45376554E-04   5.96539334E-02
    11     1.0000E+00  -3.83202969E+02 +/-   4.79194659E-04   1.14835805E-01
    12     2.1544E-01  -3.83244264E+02 +/-   3.81979362E-04   7.29681237E-02
    13     4.6416E-02  -3.83245527E+02 +/-   3.59969470E-04   6.48014491E-02
    14     1.0000E-02  -3.83244036E+02 +/-   3.55439917E-04   6.31808956E-02
    15     2.1544E-03  -3.83243533E+02 +/-   3.54535052E-04   6.28596181E-02
    16     4.6416E-04  -3.83243414E+02 +/-   3.54344981E-04   6.27922365E-02
    17     1.0000E-04  -3.83243388E+02 +/-   3.54304278E-04   6.27778117E-02
    18     2.1544E-05  -3.83243382E+02 +/-   3.54295521E-04   6.27747084E-02
    19     4.6416E-06  -3.83243381E+02 +/-   3.54293634E-04   6.27740400E-02
    20     1.0000E-06  -3.83243381E+02 +/-   3.54293228E-04   6.27738960E-02
    21     0.0000E+00  -3.83243381E+02 +/-   3.54293116E-04   6.27738565E-02
* Iteration # 1: E =  -3.833443517224E+02 +/-   9.489320173869E-05
* Reached maximum number of iterations: exiting.
* After optimization:
  -1.8427E+00  -1.8510E+00  -1.8270E+00   6.7972E-01   6.6375E-01   7.9459E-01
  -5.9030E-01   6.0888E-02   4.9958E-02   2.0405E-01   1.1822E-01  -4.0504E-01
  -3.9842E-01  -3.4233E-01  -3.4467E-01  -2.7022E-01  -2.6512E-01   3.6849E-01
   3.5991E-01  -1.9565E-01  -3.0731E-01  -2.4779E-01  -3.2981E-01   4.6012E+00
  -3.9599E+00   2.1621E+00  -2.1469E+00  -1.0544E-01  -1.2177E-01  -8.5836E-02
  -6.5154E-02   2.3375E+00  -1.9265E+00   2.3019E+00  -1.9757E+00   2.2646E+00
  -2.0317E+00  -1.8975E-01  -2.3398E-01
  > Energy =  -3.833443517224E+02 +/-   9.489320173869E-05
  > varE =   4.503224321204E-03

VMC #9:
* Size of Hilbert space =   6.3504E+04
* Deterministic energy evaluation:
  > Deterministic Etot/t = -383.34423863335138
    - Ttot/t = -23.370033163893574
    - Utot/t = 9.5401402077124118
* Number of equil. steps   = 1000
* Running VMC equilibration.
  Done. [total walltime: 0.01s]
* Equil. acc.ratio (%)     =  27.2569
* Sample config after equilibration:
  +---------+
  |  d   u  |
  |0   d   u|
  |2   d   d|
  |  u   u  |
  +---------+
* Number of accum. steps   = 1000192 x 10
* Running VMC accumulation.
  Done. [total walltime: 14.2s]
* Acceptance ratio (%)     =  27.3795
* Etot/t                   =  -3.833441980840E+02 +/-   6.723513226716E-05
  > Ttot/t                 =  -2.337018951455E+01 +/-   3.715350254334E-04
  > Utot/t                 =   9.540337107993E+00 +/-   3.672182303642E-04
* var[Eloc/t]              =   4.469480178237E-03 +/-   2.269218470273E-05
* Correlation length       =   1.011623450328E+00
* log10 Psi^2 range: -15.349027481043166 -- -7.3327428804737815
* log10 Pgen range : -15.349027481043166 -- -7.3327428804737815
* Site occupation (ave. no. electrons per config.):
  > Site_  ___eu____  ___ed____
      1        0.497      0.497
      2        0.500      0.502
      3        0.500      0.501
      4        0.498      0.497
      5        0.502      0.501
      6        0.501      0.502
      7        0.500      0.500
      8        0.500      0.502
      9        0.502      0.499
     10        0.500      0.501
* Pair-correlation analysis (ave. no. pairs per config.):
  > Shell  nsite  ___dh____  __eueu___  __eued___
      0      1        0          0          1.777
      1      1        0.856      0.712      2.468
      2      1        0.292      0.655      1.093
      3      1        0.168      0.293      0.551
      4      1        0.564      1.365      2.148
      5      1        0.124      1.022      0.977
      6      1        0.155      0.854      1.095
      7      1        0.314      1.805      2.101
      8      1        0.256      2.093      1.917
      9      1        0.255      2.105      1.918
     10      1        0.233      2.147      1.902
     11      1        0.118      0.992      1.019
     12      1        0.249      2.031      1.967
     13      1        0.060      0.486      0.517
     14      1        0.180      1.463      1.551
     15      1        0.131      1.009      0.977
     16      1        0.131      0.967      1.022

Optimization #9:
* Method          : lls
* Target function : energy
* No. of configs. : 500096
* No. of params.  : 39
* Before optimization:
  -1.8427E+00  -1.8510E+00  -1.8270E+00   6.7972E-01   6.6375E-01   7.9459E-01
  -5.9030E-01   6.0888E-02   4.9958E-02   2.0405E-01   1.1822E-01  -4.0504E-01
  -3.9842E-01  -3.4233E-01  -3.4467E-01  -2.7022E-01  -2.6512E-01   3.6849E-01
   3.5991E-01  -1.9565E-01  -3.0731E-01  -2.4779E-01  -3.2981E-01   4.6012E+00
  -3.9599E+00   2.1621E+00  -2.1469E+00  -1.0544E-01  -1.2177E-01  -8.5836E-02
  -6.5154E-02   2.3375E+00  -1.9265E+00   2.3019E+00  -1.9757E+00   2.2646E+00
  -2.0317E+00  -1.8975E-01  -2.3398E-01
  > E    =  -3.833441730211E+02 +/-   9.473088911424E-05
  > varE =   4.487832174557E-03
* Computing derivatives.
    [walltime: 1m elapsed, 27.0s remaining]
  Done. [total walltime: 1m27s]
* Optimizing manipulation constant:
  #igrid a___________ E____________________________________ varE____________
     1     Infinity    -3.83344173E+02 +/-   9.47308891E-05   4.48783217E-03
     2     1.0000E+06  -3.83344173E+02 +/-   9.47308892E-05   4.48783218E-03
     3     2.1544E+05  -3.83344173E+02 +/-   9.47308894E-05   4.48783220E-03
     4     4.6416E+04  -3.83344173E+02 +/-   9.47308902E-05   4.48783228E-03
     5     1.0000E+04  -3.83344173E+02 +/-   9.47308944E-05   4.48783267E-03
     6     2.1544E+03  -3.83344173E+02 +/-   9.47309135E-05   4.48783448E-03
     7     4.6416E+02  -3.83344173E+02 +/-   9.47310020E-05   4.48784287E-03
     8     1.0000E+02  -3.83344173E+02 +/-   9.47314091E-05   4.48788144E-03
     9     2.1544E+01  -3.83344173E+02 +/-   9.47332227E-05   4.48805329E-03
    10     4.6416E+00  -3.83344173E+02 +/-   9.47402900E-05   4.48872294E-03
    11     1.0000E+00  -3.83344173E+02 +/-   9.47581334E-05   4.49041392E-03
    12     2.1544E-01  -3.83344172E+02 +/-   9.47767280E-05   4.49217642E-03
    13     4.6416E-02  -3.83344172E+02 +/-   9.47834025E-05   4.49280915E-03
    14     1.0000E-02  -3.83344172E+02 +/-   9.47847017E-05   4.49293231E-03
    15     2.1544E-03  -3.83344172E+02 +/-   9.47849506E-05   4.49295591E-03
    16     4.6416E-04  -3.83344172E+02 +/-   9.47850023E-05   4.49296081E-03
    17     1.0000E-04  -3.83344172E+02 +/-   9.47850133E-05   4.49296186E-03
    18     2.1544E-05  -3.83344172E+02 +/-   9.47850157E-05   4.49296208E-03
    19     4.6416E-06  -3.83344172E+02 +/-   9.47850162E-05   4.49296213E-03
    20     1.0000E-06  -3.83344172E+02 +/-   9.47850163E-05   4.49296214E-03
    21     0.0000E+00  -3.83344172E+02 +/-   9.47850163E-05   4.49296214E-03
* Iteration # 1: E =  -3.833441730213E+02 +/-   9.473089436302E-05
* Reached maximum number of iterations: exiting.
* After optimization:
  -1.8427E+00  -1.8510E+00  -1.8270E+00   6.7972E-01   6.6375E-01   7.9459E-01
  -5.9030E-01   6.0888E-02   4.9957E-02   2.0405E-01   1.1822E-01  -4.0504E-01
  -3.9842E-01  -3.4233E-01  -3.4467E-01  -2.7022E-01  -2.6512E-01   3.6849E-01
   3.5991E-01  -1.9565E-01  -3.0731E-01  -2.4779E-01  -3.2981E-01   4.6012E+00
  -3.9599E+00   2.1621E+00  -2.1469E+00  -1.0544E-01  -1.2177E-01  -8.5836E-02
  -6.5154E-02   2.3375E+00  -1.9265E+00   2.3019E+00  -1.9757E+00   2.2646E+00
  -2.0317E+00  -1.8975E-01  -2.3398E-01
  > Energy =  -3.833441730213E+02 +/-   9.473089436302E-05
  > varE =   4.487832671875E-03

VMC #10:
* Size of Hilbert space =   6.3504E+04
* Deterministic energy evaluation:
  > Deterministic Etot/t = -383.34423863339390
    - Ttot/t = -23.370033163606418
    - Utot/t = 9.5401402073828194
* Number of equil. steps   = 1000
* Running VMC equilibration.
  Done. [total walltime: 0.01s]
* Equil. acc.ratio (%)     =  27.2841
* Sample config after equilibration:
  +---------+
  |  0   d  |
  |u   2   u|
  |d   d   u|
  |  u   d  |
  +---------+
* Number of accum. steps   = 1000192 x 10
* Running VMC accumulation.
  Done. [total walltime: 14.2s]
* Acceptance ratio (%)     =  27.3751
* Etot/t                   =  -3.833440978480E+02 +/-   6.616155068515E-05
  > Ttot/t                 =  -2.336915804398E+01 +/-   3.695888730222E-04
  > Utot/t                 =   9.539405873270E+00 +/-   3.666071897988E-04
* var[Eloc/t]              =   4.426116468761E-03 +/-   2.225027084306E-05
* Correlation length       =   9.891721718839E-01
* log10 Psi^2 range: -14.169764984824491 -- -7.3327433264383348
* log10 Pgen range : -14.169764984824491 -- -7.3327433264383348
* Site occupation (ave. no. electrons per config.):
  > Site_  ___eu____  ___ed____
      1        0.497      0.496
      2        0.500      0.501
      3        0.501      0.501
      4        0.496      0.498
      5        0.500      0.502
      6        0.502      0.499
      7        0.501      0.501
      8        0.502      0.500
      9        0.502      0.500
     10        0.499      0.500
* Pair-correlation analysis (ave. no. pairs per config.):
  > Shell  nsite  ___dh____  __eueu___  __eued___
      0      1        0          0          1.776
      1      1        0.857      0.711      2.468
      2      1        0.291      0.655      1.096
      3      1        0.169      0.293      0.550
      4      1        0.567      1.362      2.148
      5      1        0.124      1.022      0.977
      6      1        0.155      0.853      1.095
      7      1        0.314      1.805      2.100
      8      1        0.257      2.093      1.918
      9      1        0.255      2.107      1.918
     10      1        0.232      2.149      1.901
     11      1        0.119      0.993      1.017
     12      1        0.248      2.030      1.970
     13      1        0.060      0.488      0.517
     14      1        0.179      1.462      1.551
     15      1        0.132      1.009      0.978
     16      1        0.131      0.967      1.021

Optimization #10:
* Method          : lls
* Target function : energy
* No. of configs. : 500096
* No. of params.  : 39
* Before optimization:
  -1.8427E+00  -1.8510E+00  -1.8270E+00   6.7972E-01   6.6375E-01   7.9459E-01
  -5.9030E-01   6.0888E-02   4.9957E-02   2.0405E-01   1.1822E-01  -4.0504E-01
  -3.9842E-01  -3.4233E-01  -3.4467E-01  -2.7022E-01  -2.6512E-01   3.6849E-01
   3.5991E-01  -1.9565E-01  -3.0731E-01  -2.4779E-01  -3.2981E-01   4.6012E+00
  -3.9599E+00   2.1621E+00  -2.1469E+00  -1.0544E-01  -1.2177E-01  -8.5836E-02
  -6.5154E-02   2.3375E+00  -1.9265E+00   2.3019E+00  -1.9757E+00   2.2646E+00
  -2.0317E+00  -1.8975E-01  -2.3398E-01
  > E    =  -3.833440068083E+02 +/-   9.418431681039E-05
  > varE =   4.436194352331E-03
* Computing derivatives.
    [walltime: 1m elapsed, 27.4s remaining]
  Done. [total walltime: 1m27s]
* Optimizing manipulation constant:
  #igrid a___________ E____________________________________ varE____________
     1     Infinity    -3.83344007E+02 +/-   9.41843168E-05   4.43619435E-03
     2     1.0000E+06  -3.83344007E+02 +/-   9.41843169E-05   4.43619437E-03
     3     2.1544E+05  -3.83344007E+02 +/-   9.41843175E-05   4.43619441E-03
     4     4.6416E+04  -3.83344007E+02 +/-   9.41843198E-05   4.43619463E-03
     5     1.0000E+04  -3.83344007E+02 +/-   9.41843307E-05   4.43619566E-03
     6     2.1544E+03  -3.83344007E+02 +/-   9.41843813E-05   4.43620042E-03
     7     4.6416E+02  -3.83344007E+02 +/-   9.41846156E-05   4.43622250E-03
     8     1.0000E+02  -3.83344007E+02 +/-   9.41856962E-05   4.43632430E-03
     9     2.1544E+01  -3.83344007E+02 +/-   9.41905670E-05   4.43678316E-03
    10     4.6416E+00  -3.83344007E+02 +/-   9.42104985E-05   4.43866107E-03
    11     1.0000E+00  -3.83344007E+02 +/-   9.42701786E-05   4.44428642E-03
    12     2.1544E-01  -3.83344005E+02 +/-   9.43845458E-05   4.45507646E-03
    13     4.6416E-02  -3.83343982E+02 +/-   9.47352308E-05   4.48824355E-03
    14     1.0000E-02  -3.83343669E+02 +/-   9.69346866E-05   4.69906878E-03
    15     2.1544E-03  -3.83341254E+02 +/-   1.08756390E-04   5.91511172E-03
    16     4.6416E-04  -3.83328054E+02 +/-   1.54990525E-04   1.20133376E-02
    17     1.0000E-04  -3.83324454E+02 +/-   1.65259685E-04   1.36580035E-02
    18     2.1544E-05  -3.83323519E+02 +/-   1.67821978E-04   1.40848119E-02
    19     4.6416E-06  -3.83323309E+02 +/-   1.68392635E-04   1.41807620E-02
    20     1.0000E-06  -3.83323263E+02 +/-   1.68516471E-04   1.42016267E-02
    21     0.0000E+00  -3.83323250E+02 +/-   1.68550533E-04   1.42073684E-02
* Iteration # 1: E =  -3.833440068086E+02 +/-   9.418438125151E-05
* Reached maximum number of iterations: exiting.
* After optimization:
  -1.8427E+00  -1.8509E+00  -1.8269E+00   6.7972E-01   6.6375E-01   7.9459E-01
  -5.9039E-01   6.0842E-02   4.9912E-02   2.0405E-01   1.1822E-01  -4.0508E-01
  -3.9847E-01  -3.4237E-01  -3.4472E-01  -2.7027E-01  -2.6517E-01   3.6849E-01
   3.5991E-01  -1.9565E-01  -3.0731E-01  -2.4779E-01  -3.2981E-01   4.6016E+00
  -3.9602E+00   2.1624E+00  -2.1471E+00  -1.0544E-01  -1.2177E-01  -8.5836E-02
  -6.5154E-02   2.3377E+00  -1.9266E+00   2.3021E+00  -1.9758E+00   2.2649E+00
  -2.0319E+00  -1.8975E-01  -2.3398E-01
  > Energy =  -3.833440068086E+02 +/-   9.418438125151E-05
  > varE =   4.436200422842E-03

VMC #11:
* Size of Hilbert space =   6.3504E+04
* Deterministic energy evaluation:
  > Deterministic Etot/t = -383.34423863354061
    - Ttot/t = -23.370033090699145
    - Utot/t = 9.5401401343288015
* Number of equil. steps   = 1000
* Running VMC equilibration.
  Done. [total walltime: 0.01s]
* Equil. acc.ratio (%)     =  27.3044
* Sample config after equilibration:
  +---------+
  |  2   u  |
  |0   d   d|
  |u   0   u|
  |  d   2  |
  +---------+
* Number of accum. steps   = 1000192 x 10
* Running VMC accumulation.
  Done. [total walltime: 14.2s]
* Acceptance ratio (%)     =  27.3791
* Etot/t                   =  -3.833442610545E+02 +/-   6.685014098126E-05
  > Ttot/t                 =  -2.337006355520E+01 +/-   3.655624184762E-04
  > Utot/t                 =   9.540148177876E+00 +/-   3.609626391405E-04
* var[Eloc/t]              =   4.438071496045E-03 +/-   2.234533150639E-05
* Correlation length       =   1.007149026314E+00
* log10 Psi^2 range: -14.454993886536140 -- -7.3327411735359904
* log10 Pgen range : -14.454993886536140 -- -7.3327411735359904
* Site occupation (ave. no. electrons per config.):
  > Site_  ___eu____  ___ed____
      1        0.497      0.497
      2        0.501      0.501
      3        0.501      0.501
      4        0.497      0.498
      5        0.501      0.500
      6        0.501      0.500
      7        0.500      0.502
      8        0.502      0.500
      9        0.500      0.500
     10        0.500      0.501
* Pair-correlation analysis (ave. no. pairs per config.):
  > Shell  nsite  ___dh____  __eueu___  __eued___
      0      1        0          0          1.778
      1      1        0.857      0.715      2.464
      2      1        0.293      0.654      1.095
      3      1        0.168      0.293      0.551
      4      1        0.566      1.364      2.146
      5      1        0.124      1.021      0.977
      6      1        0.156      0.851      1.096
      7      1        0.315      1.806      2.100
      8      1        0.257      2.092      1.917
      9      1        0.254      2.107      1.921
     10      1        0.233      2.148      1.902
     11      1        0.118      0.992      1.017
     12      1        0.249      2.030      1.969
     13      1        0.060      0.488      0.517
     14      1        0.181      1.462      1.549
     15      1        0.131      1.010      0.979
     16      1        0.132      0.967      1.022

Optimization #11:
* Method          : lls
* Target function : energy
* No. of configs. : 500096
* No. of params.  : 39
* Before optimization:
  -1.8427E+00  -1.8509E+00  -1.8269E+00   6.7972E-01   6.6375E-01   7.9459E-01
  -5.9039E-01   6.0842E-02   4.9912E-02   2.0405E-01   1.1822E-01  -4.0508E-01
  -3.9847E-01  -3.4237E-01  -3.4472E-01  -2.7027E-01  -2.6517E-01   3.6849E-01
   3.5991E-01  -1.9565E-01  -3.0731E-01  -2.4779E-01  -3.2981E-01   4.6016E+00
  -3.9602E+00   2.1624E+00  -2.1471E+00  -1.0544E-01  -1.2177E-01  -8.5836E-02
  -6.5154E-02   2.3377E+00  -1.9266E+00   2.3021E+00  -1.9758E+00   2.2649E+00
  -2.0319E+00  -1.8975E-01  -2.3398E-01
  > E    =  -3.833443511923E+02 +/-   9.451031512251E-05
  > varE =   4.466957323445E-03
* Computing derivatives.
    [walltime: 1m elapsed, 27.2s remaining]
  Done. [total walltime: 1m27s]
* Optimizing manipulation constant:
  #igrid a___________ E____________________________________ varE____________
     1     Infinity    -3.83344351E+02 +/-   9.45103151E-05   4.46695732E-03
     2     1.0000E+06  -3.83344351E+02 +/-   9.45103151E-05   4.46695732E-03
     3     2.1544E+05  -3.83344351E+02 +/-   9.45103148E-05   4.46695730E-03
     4     4.6416E+04  -3.83344351E+02 +/-   9.45103138E-05   4.46695720E-03
     5     1.0000E+04  -3.83344351E+02 +/-   9.45103092E-05   4.46695676E-03
     6     2.1544E+03  -3.83344351E+02 +/-   9.45102876E-05   4.46695472E-03
     7     4.6416E+02  -3.83344351E+02 +/-   9.45101876E-05   4.46694527E-03
     8     1.0000E+02  -3.83344351E+02 +/-   9.45097258E-05   4.46690162E-03
     9     2.1544E+01  -3.83344351E+02 +/-   9.45076346E-05   4.46670395E-03
    10     4.6416E+00  -3.83344351E+02 +/-   9.44988918E-05   4.46587756E-03
    11     1.0000E+00  -3.83344352E+02 +/-   9.44714836E-05   4.46328739E-03
    12     2.1544E-01  -3.83344352E+02 +/-   9.44326854E-05   4.45962212E-03
    13     4.6416E-02  -3.83344351E+02 +/-   9.44390575E-05   4.46022399E-03
    14     1.0000E-02  -3.83344347E+02 +/-   9.46262158E-05   4.47791995E-03
    15     2.1544E-03  -3.83344061E+02 +/-   9.83413897E-05   4.83644289E-03
    16     4.6416E-04  -3.82417497E+02 +/-   1.01681463E-03   5.17055254E-01
    17     1.0000E-04  -3.83335313E+02 +/-   1.46293996E-04   1.07030212E-02
    18     2.1544E-05  -3.83337999E+02 +/-   1.31979289E-04   8.71093852E-03
    19     4.6416E-06  -3.83338419E+02 +/-   1.29622776E-04   8.40264508E-03
    20     1.0000E-06  -3.83338504E+02 +/-   1.29141599E-04   8.34037730E-03
    21     0.0000E+00  -3.83338527E+02 +/-   1.29011032E-04   8.32352099E-03
* Iteration # 1: E =  -3.833443518005E+02 +/-   9.443268541810E-05
* Reached maximum number of iterations: exiting.
* After optimization:
  -1.1266E+00  -1.1348E+00  -1.1104E+00   6.7928E-01   6.6313E-01   7.9454E-01
  -1.3037E+00  -2.9746E-01  -3.0859E-01   2.0391E-01   1.1625E-01  -7.6170E-01
  -7.5492E-01  -6.9960E-01  -7.0260E-01  -6.2736E-01  -6.2377E-01   3.6756E-01
   3.5950E-01  -1.9648E-01  -3.0791E-01  -2.4728E-01  -3.2943E-01   8.1745E+00
  -6.8199E+00   3.9500E+00  -3.5766E+00  -1.0594E-01  -1.2236E-01  -8.5451E-02
  -6.4500E-02   4.1240E+00  -3.3565E+00   4.0890E+00  -3.4053E+00   4.0526E+00
  -3.4605E+00  -1.8958E-01  -2.3380E-01
  > Energy =  -3.833443518005E+02 +/-   9.443268541810E-05
  > varE =   4.459622120716E-03

VMC #12:
* Size of Hilbert space =   6.3504E+04
* Deterministic energy evaluation:
  > Deterministic Etot/t = -383.34423846090328
    - Ttot/t = -23.370237362468735
    - Utot/t = 9.5403445787356134
* Number of equil. steps   = 1000
* Running VMC equilibration.
  Done. [total walltime: 0.01s]
* Equil. acc.ratio (%)     =  27.4782
* Sample config after equilibration:
  +---------+
  |  d   u  |
  |u   2   d|
  |0   u   d|
  |  2   0  |
  +---------+
* Number of accum. steps   = 1000192 x 10
* Running VMC accumulation.
  Done. [total walltime: 14.2s]
* Acceptance ratio (%)     =  27.3736
* Etot/t                   =  -3.833441751428E+02 +/-   6.662578960862E-05
  > Ttot/t                 =  -2.337038959818E+01 +/-   3.696996154719E-04
  > Utot/t                 =   9.540560132451E+00 +/-   3.639744377055E-04
* var[Eloc/t]              =   4.448486184588E-03 +/-   1.375203009531E-05
* Correlation length       =   9.980582031603E-01
* log10 Psi^2 range: -14.025611748649363 -- -7.3319847729569458
* log10 Pgen range : -14.025611748649363 -- -7.3319847729569458
* Site occupation (ave. no. electrons per config.):
  > Site_  ___eu____  ___ed____
      1        0.498      0.498
      2        0.501      0.500
      3        0.501      0.502
      4        0.497      0.497
      5        0.501      0.501
      6        0.501      0.501
      7        0.500      0.501
      8        0.500      0.502
      9        0.501      0.499
     10        0.499      0.500
* Pair-correlation analysis (ave. no. pairs per config.):
  > Shell  nsite  ___dh____  __eueu___  __eued___
      0      1        0          0          1.777
      1      1        0.858      0.710      2.467
      2      1        0.293      0.655      1.091
      3      1        0.169      0.294      0.551
      4      1        0.567      1.365      2.149
      5      1        0.123      1.024      0.977
      6      1        0.155      0.854      1.094
      7      1        0.315      1.806      2.101
      8      1        0.255      2.094      1.923
      9      1        0.254      2.109      1.919
     10      1        0.231      2.146      1.904
     11      1        0.118      0.993      1.017
     12      1        0.248      2.030      1.968
     13      1        0.060      0.487      0.517
     14      1        0.181      1.461      1.548
     15      1        0.132      1.008      0.976
     16      1        0.132      0.966      1.020

VDAGGER finished.
Total VDAGGER walltime: 46m56s

Run ended: Mon Sep 29 23:50:57 CEST 2025
