Run started: Tue Sep 30 08:22:18 CEST 2025
Using VDAGGER_ARCH = gnu7_fkfamd_cluster
Running 1x128 MPI processes.

                               xx
                              +##
                               #X
                               Xx
                          X##XxXxxX##x
                           +   Xx  ++
                               ##
                              +##
                              +##
     ++++         ++          +##
   xX+++##+      ####         +##
  Xx    ###      +X##          ##
 xX    X##+        ##          #X
 +    x##X         #x          #X
      ###         +#           x+
     X##+         #+
     ###         Xx                    _______
     ##X       +X+   __________________VDAGGER
     +##x    +xX     2nd quantized variational
       +xxxxx+       ______quantum Monte Carlo

* Running 128 MPI processes.
* Input file: "input.casl"

############# Start of input file dump #############
General:
  Random seed: timer

Plan:
  VMC-optimization:
    Minimum cycles: 7
    Convergence cycles: 3

System:
  Read Hamiltonian: FCIDUMP_loc_naphthalene
  Read orbitals: LTSC_naphthalene
  Complex orbitals: F
  Site kinds: [ 1, 2, 3, 1, 3, 3, 2, 3, 2, 2 ]
  Geometry:
    r_1: [ 0.00000000000000, 1.34347620379600 ]
    r_4: [ 0.00000000000000, -1.34347620379600 ]
    r_3: [ 2.34629842880300, 2.63976101399600 ]
    r_5: [ -2.34629842880300, -2.63976101399600 ]
    r_6: [ -2.34629842880300, 2.63976101399600 ]
    r_8: [ 2.34629842880300, -2.63976101399600 ]
    r_9: [ 4.58120036880600, 1.33647725770700 ]
    r_2: [ -4.58120036880600, -1.33647725770700 ]
    r_7: [ -4.58120036880600, 1.33647725770700 ]
    r_10: [ 4.58120036880600, -1.33647725770700 ]
    Tolerance: 0.05

VMC:
  nstep: 1000000
  nconfig: 500000

Optimization:
  max_niter: 1

Jastrow: wfn.casl
############## End of input file dump ##############

General setup:
* Random seed: 48229341 (from timer)

* Loaded integrals for system with nelec=10, ms2=0, norb=10
* INFO: setting number of electrons from integrals file.
* Analysis of Hamiltonian connecitivity performed:
  - T_ii (local, 1-site): 10 (i) values
  - U_iiii [opp] (local, 1-site): 10 (i) values
  - U_kkii [opp] (local, 2-site): 90 contribs. from 10 (i) values
  - U_kkii [par] (local, 2-site): 45 contribs. from 9 (i) values
  - T_ji (single, 2-site): 90 contribs. from 10 (i) values
  - U_kkji [opp] (single, 2/3-site): 900 contribs. from 90 (i,j) pairs
  - U_kkji [par] (single, 3-site): 810 contribs. from 90 (i,j) pairs
  - U_lkji [opp] (double, 2/3/4-site): 8100 contribs. from 90 (i,j) pairs
  - U_lkji [par] (double, 4-site): 1740 contribs. from 72 (i,j) pairs
  - Max. no. wfn. ratios in Eloc: 1467
* Reading override orbitals from file "LTSC_naphthalene".
* Site labels:
  +--------------+
  |    6     3   |
  | 7     1     9|
  | 2     4    10|
  |    5     8   |
  +--------------+
* Read-in Site kinds:
  [ 1, 2, 3, 1, 3, 3, 2, 3, 2, 2 ]
  +---------+
  |  3   3  |
  |2   1   2|
  |2   1   2|
  |  3   3  |
  +---------+
* Maximum Site kind: 3
* Number of site-pair kinds with Tij=0: 0
* Automatically set Site pair kinds:
  Site 1: [ 0, -7, -4, 3, -8, -4, -9, 8, 9, -7 ]
  Site 2: [ -7, 0, 12, -9, 1, 10, 2, 14, 16, -15 ]
  Site 3: [ -4, 12, 0, -8, -11, 5, -13, -6, -1, 10 ]
  Site 4: [ 3, -9, -8, 0, -4, -8, -7, 4, 7, -9 ]
  Site 5: [ -8, 1, -11, -4, 0, 6, 10, -5, -12, -14 ]
  Site 6: [ -4, 10, 5, -8, 6, 0, 1, 11, 14, 12 ]
  Site 7: [ -9, 2, -13, -7, 10, 1, 0, -12, 15, -16 ]
  Site 8: [ 8, 14, -6, 4, -5, 11, -12, 0, 10, -1 ]
  Site 9: [ 9, 16, -1, 7, -12, 14, 15, 10, 0, -2 ]
  Site 10: [ -7, -15, 10, -9, -14, 12, -16, -1, -2, 0 ]
  For site 1 of kind 1:
  +--------------+
  |   -4    -4   |
  |-9     0     9|
  |-7     3    -7|
  |   -8     8   |
  +--------------+
  For site 2 of kind 2:
  +-------------------+
  |     10      12    |
  |  2      -7      16|
  |  0      -9     -15|
  |      1      14    |
  +-------------------+
  For site 3 of kind 3:
  +-------------------+
  |      5       0    |
  |-13      -4      -1|
  | 12      -8      10|
  |    -11      -6    |
  +-------------------+
* Maximum (unsigned) Site pair kind: 16
General system setup:
* Number of sites       : 10
* Number of electrons   : 10
* Spin imbalance MS2    : 0
* Filling               : 0.500000
* Number of orbitals in pool: 10
* Using real-valued orbitals
* Using double-precision arithmetic for orbitals

Trial wave function setup:
* Jastrow parameter file: "wfn.casl"
* Not using multideterminants
* Not using a backflow transformation
* Not using wave function manipulation

VMC #1:
* Size of Hilbert space =   6.3504E+04
* Deterministic energy evaluation:
  > Deterministic Etot/t = -383.34423846090328
    - Ttot/t = -23.370237362468735
    - Utot/t = 9.5403445787356134
* Number of equil. steps   = 1000
* Running VMC equilibration.
  Done. [total walltime: 0.01s]
* Equil. acc.ratio (%)     =  27.3705
* Sample config after equilibration:
  +---------+
  |  2   u  |
  |u   d   0|
  |0   u   d|
  |  2   d  |
  +---------+
* Number of accum. steps   = 1000192 x 10
* Running VMC accumulation.
  Done. [total walltime: 14.6s]
* Acceptance ratio (%)     =  27.3788
* Etot/t                   =  -3.833441890068E+02 +/-   6.685843386853E-05
  > Ttot/t                 =  -2.337056891569E+01 +/-   3.638437997180E-04
  > Utot/t                 =   9.540725585928E+00 +/-   3.598423235561E-04
* var[Eloc/t]              =   4.425985874467E-03 +/-   2.152445672288E-05
* Correlation length       =   1.010149728398E+00
* log10 Psi^2 range: -14.119089128236036 -- -7.3319847729569396
* log10 Pgen range : -14.119089128236036 -- -7.3319847729569396
* Site occupation (ave. no. electrons per config.):
  > Site_  ___eu____  ___ed____
      1        0.497      0.497
      2        0.501      0.501
      3        0.501      0.501
      4        0.497      0.499
      5        0.501      0.501
      6        0.501      0.500
      7        0.501      0.500
      8        0.502      0.500
      9        0.501      0.500
     10        0.499      0.501
* Pair-correlation analysis (ave. no. pairs per config.):
  > Shell  nsite  ___dh____  __eueu___  __eued___
      0      1        0          0          1.778
      1      1        0.856      0.714      2.465
      2      1        0.294      0.654      1.093
      3      1        0.168      0.294      0.552
      4      1        0.565      1.366      2.148
      5      1        0.124      1.023      0.975
      6      1        0.155      0.851      1.097
      7      1        0.314      1.807      2.103
      8      1        0.257      2.093      1.918
      9      1        0.256      2.106      1.920
     10      1        0.232      2.147      1.900
     11      1        0.118      0.992      1.017
     12      1        0.249      2.030      1.968
     13      1        0.060      0.487      0.517
     14      1        0.181      1.459      1.552
     15      1        0.132      1.011      0.976
     16      1        0.132      0.966      1.021

Optimization #1:
* Method          : lls
* Target function : energy
* No. of configs. : 500096
* No. of params.  : 54
* Before optimization:
  -1.1266E+00  -1.1348E+00  -1.1104E+00   6.7928E-01   6.6313E-01   7.9454E-01
  -1.3037E+00  -2.9746E-01  -3.0859E-01   2.0391E-01   1.1625E-01  -7.6170E-01
  -7.5492E-01  -6.9960E-01  -7.0260E-01  -6.2736E-01  -6.2377E-01   3.6756E-01
   3.5950E-01   0.0000E+00   0.0000E+00   0.0000E+00   0.0000E+00   0.0000E+00
   0.0000E+00   0.0000E+00  -1.9648E-01  -3.0791E-01  -2.4728E-01  -3.2943E-01
   8.1745E+00  -6.8199E+00   3.9500E+00  -3.5766E+00  -1.0594E-01  -1.2236E-01
  -8.5451E-02  -6.4500E-02   4.1240E+00  -3.3565E+00   4.0890E+00  -3.4053E+00
   4.0526E+00  -3.4605E+00  -1.8958E-01  -2.3380E-01   0.0000E+00   0.0000E+00
   0.0000E+00   0.0000E+00   0.0000E+00   0.0000E+00   0.0000E+00   0.0000E+00
  > E    =  -3.833442394805E+02 +/-   9.422872482810E-05
  > varE =   4.440378680413E-03
* Computing derivatives.
    [walltime: 1m elapsed, 58.3s remaining]
  Done. [total walltime: 2m]
* Optimizing manipulation constant:
  #igrid a___________ E____________________________________ varE____________
     1     Infinity    -3.83344239E+02 +/-   9.42287248E-05   4.44037868E-03
     2     1.0000E+06  -3.83344239E+02 +/-   9.42287113E-05   4.44037741E-03
     3     2.1544E+05  -3.83344239E+02 +/-   9.42286621E-05   4.44037277E-03
     4     4.6416E+04  -3.83344240E+02 +/-   9.42284339E-05   4.44035126E-03
     5     1.0000E+04  -3.83344240E+02 +/-   9.42273743E-05   4.44025140E-03
     6     2.1544E+03  -3.83344240E+02 +/-   9.42224577E-05   4.43978804E-03
     7     4.6416E+02  -3.83344242E+02 +/-   9.41996672E-05   4.43764052E-03
     8     1.0000E+02  -3.83344253E+02 +/-   9.40945263E-05   4.42773990E-03
     9     2.1544E+01  -3.83344300E+02 +/-   9.36194957E-05   4.38314639E-03
    10     4.6416E+00  -3.83344466E+02 +/-   9.16707802E-05   4.20257271E-03
    11     1.0000E+00  -3.83344277E+02 +/-   9.02056694E-05   4.06931255E-03
    12     2.1544E-01  -3.83336321E+02 +/-   1.38521728E-04   9.59597669E-03
    13     4.6416E-02  -3.83245599E+02 +/-   4.05415662E-04   8.21967083E-02
    14     1.0000E-02  -3.82972239E+02 +/-   6.96435656E-04   2.42557874E-01
    15     2.1544E-03  -3.82915242E+02 +/-   7.26436653E-04   2.63905766E-01
    16     4.6416E-04  -3.82903533E+02 +/-   7.31837475E-04   2.67844461E-01
    17     1.0000E-04  -3.82901039E+02 +/-   7.32957324E-04   2.68664793E-01
    18     2.1544E-05  -3.82900503E+02 +/-   7.33196613E-04   2.68840244E-01
    19     4.6416E-06  -3.82900388E+02 +/-   7.33248076E-04   2.68877985E-01
    20     1.0000E-06  -3.82900363E+02 +/-   7.33259159E-04   2.68886113E-01
    21     0.0000E+00  -3.82900356E+02 +/-   7.33262202E-04   2.68888345E-01
* Iteration # 1: E =  -3.833444660028E+02 +/-   9.167078022028E-05
* Reached maximum number of iterations: exiting.
* After optimization:
  -1.2681E+00  -1.2727E+00  -1.2530E+00   6.9465E-01   6.8191E-01   8.2209E-01
  -1.2906E+00  -2.8495E-01  -2.9548E-01   2.2518E-01   1.2318E-01  -7.4631E-01
  -7.4094E-01  -6.8832E-01  -6.9111E-01  -6.0902E-01  -6.0683E-01   3.8241E-01
   3.7619E-01   1.0811E-02   6.8977E-03   7.0755E-03   2.0415E-02   2.0707E-02
   1.8105E-02   1.8630E-02  -1.9131E-01  -3.2855E-01  -2.6576E-01  -3.4895E-01
   8.1768E+00  -6.8365E+00   3.9633E+00  -3.5985E+00  -9.0008E-02  -1.5761E-01
  -6.0674E-02  -9.0298E-02   4.1210E+00  -3.3699E+00   4.1013E+00  -3.4280E+00
   4.0477E+00  -3.4757E+00  -1.8375E-01  -2.5399E-01   1.9243E-02  -3.5011E-02
   9.8208E-03  -1.6957E-02   5.5330E-03  -2.0790E-02   3.4550E-03  -2.2916E-02
  > Energy =  -3.833444660028E+02 +/-   9.167078022028E-05
  > varE =   4.202572712164E-03

VMC #2:
* Size of Hilbert space =   6.3504E+04
* Deterministic energy evaluation:
  > Deterministic Etot/t = -383.34447515591410
    - Ttot/t = -23.370963653037084
    - Utot/t = 9.5408341742931739
* Number of equil. steps   = 1000
* Running VMC equilibration.
  Done. [total walltime: 0.01s]
* Equil. acc.ratio (%)     =  27.4039
* Sample config after equilibration:
  +---------+
  |  u   u  |
  |d   d   2|
  |u   u   0|
  |  d   d  |
  +---------+
* Number of accum. steps   = 1000192 x 10
* Running VMC accumulation.
  Done. [total walltime: 14.0s]
* Acceptance ratio (%)     =  27.3902
* Etot/t                   =  -3.833445985852E+02 +/-   6.483298175381E-05
  > Ttot/t                 =  -2.337141844034E+01 +/-   3.682093656057E-04
  > Utot/t                 =   9.541165532179E+00 +/-   3.645767663718E-04
* var[Eloc/t]              =   4.222008204339E-03 +/-   1.801702596304E-05
* Correlation length       =   9.957637115319E-01
* log10 Psi^2 range: -14.124211232158824 -- -7.6504646411126904
* log10 Pgen range : -14.124211232158824 -- -7.6504646411126904
* Site occupation (ave. no. electrons per config.):
  > Site_  ___eu____  ___ed____
      1        0.498      0.497
      2        0.501      0.500
      3        0.500      0.502
      4        0.498      0.497
      5        0.500      0.501
      6        0.500      0.502
      7        0.500      0.500
      8        0.501      0.500
      9        0.501      0.500
     10        0.501      0.501
* Pair-correlation analysis (ave. no. pairs per config.):
  > Shell  nsite  ___dh____  __eueu___  __eued___
      0      1        0          0          1.781
      1      1        0.859      0.712      2.463
      2      1        0.295      0.654      1.094
      3      1        0.168      0.294      0.551
      4      1        0.567      1.365      2.146
      5      1        0.124      1.020      0.976
      6      1        0.156      0.850      1.095
      7      1        0.316      1.808      2.102
      8      1        0.257      2.092      1.919
      9      1        0.255      2.107      1.923
     10      1        0.234      2.149      1.901
     11      1        0.118      0.993      1.014
     12      1        0.249      2.029      1.972
     13      1        0.061      0.487      0.515
     14      1        0.183      1.460      1.547
     15      1        0.130      1.011      0.982
     16      1        0.133      0.969      1.019

Optimization #2:
* Method          : lls
* Target function : energy
* No. of configs. : 500096
* No. of params.  : 54
* Before optimization:
  -1.2681E+00  -1.2727E+00  -1.2530E+00   6.9465E-01   6.8191E-01   8.2209E-01
  -1.2906E+00  -2.8495E-01  -2.9548E-01   2.2518E-01   1.2318E-01  -7.4631E-01
  -7.4094E-01  -6.8832E-01  -6.9111E-01  -6.0902E-01  -6.0683E-01   3.8241E-01
   3.7619E-01   1.0811E-02   6.8977E-03   7.0755E-03   2.0415E-02   2.0707E-02
   1.8105E-02   1.8630E-02  -1.9131E-01  -3.2855E-01  -2.6576E-01  -3.4895E-01
   8.1768E+00  -6.8365E+00   3.9633E+00  -3.5985E+00  -9.0008E-02  -1.5761E-01
  -6.0674E-02  -9.0298E-02   4.1210E+00  -3.3699E+00   4.1013E+00  -3.4280E+00
   4.0477E+00  -3.4757E+00  -1.8375E-01  -2.5399E-01   1.9243E-02  -3.5011E-02
   9.8208E-03  -1.6957E-02   5.5330E-03  -2.0790E-02   3.4550E-03  -2.2916E-02
  > E    =  -3.833445668493E+02 +/-   9.178955255623E-05
  > varE =   4.213469810145E-03
* Computing derivatives.
    [walltime: 1m elapsed, 1m1s remaining]
  Done. [total walltime: 2m1s]
* Optimizing manipulation constant:
  #igrid a___________ E____________________________________ varE____________
     1     Infinity    -3.83344567E+02 +/-   9.17895526E-05   4.21346981E-03
     2     1.0000E+06  -3.83344567E+02 +/-   9.17895429E-05   4.21346892E-03
     3     2.1544E+05  -3.83344567E+02 +/-   9.17895076E-05   4.21346569E-03
     4     4.6416E+04  -3.83344567E+02 +/-   9.17893441E-05   4.21345067E-03
     5     1.0000E+04  -3.83344567E+02 +/-   9.17885850E-05   4.21338098E-03
     6     2.1544E+03  -3.83344567E+02 +/-   9.17850638E-05   4.21305772E-03
     7     4.6416E+02  -3.83344569E+02 +/-   9.17687666E-05   4.21156173E-03
     8     1.0000E+02  -3.83344577E+02 +/-   9.16941154E-05   4.20471255E-03
     9     2.1544E+01  -3.83344613E+02 +/-   9.13678321E-05   4.17484179E-03
    10     4.6416E+00  -3.83344741E+02 +/-   9.01953013E-05   4.06837717E-03
    11     1.0000E+00  -3.83344998E+02 +/-   8.79584600E-05   3.86908807E-03
    12     2.1544E-01  -3.83345159E+02 +/-   8.67135649E-05   3.76034301E-03
    13     4.6416E-02  -3.83345163E+02 +/-   8.62037755E-05   3.71625884E-03
    14     1.0000E-02  -3.83345033E+02 +/-   8.61012359E-05   3.70742310E-03
    15     2.1544E-03  -3.83344918E+02 +/-   8.64104931E-05   3.73410347E-03
    16     4.6416E-04  -3.83344881E+02 +/-   8.65399504E-05   3.74530047E-03
    17     1.0000E-04  -3.83344872E+02 +/-   8.65720381E-05   3.74807838E-03
    18     2.1544E-05  -3.83344870E+02 +/-   8.65791622E-05   3.74869528E-03
    19     4.6416E-06  -3.83344870E+02 +/-   8.65807071E-05   3.74882905E-03
    20     1.0000E-06  -3.83344870E+02 +/-   8.65810403E-05   3.74885792E-03
    21     0.0000E+00  -3.83344870E+02 +/-   8.65811319E-05   3.74886584E-03
  ParMin   9.4372E-02  -3.83345177E+02 +/-   8.64435056E-05   3.73695719E-03
  # Using parabolic minimum
* Iteration # 1: E =  -3.833451765299E+02 +/-   8.644350560623E-05
* Reached maximum number of iterations: exiting.
* After optimization:
   4.4840E-01   4.6295E-01   4.5790E-01   1.4356E+00   1.4381E+00   9.7997E-01
  -6.3111E+00  -2.1102E+00  -2.1166E+00   1.6175E+00   1.4614E+00  -3.2050E+00
  -3.2056E+00  -2.5290E+00  -2.5306E+00  -3.0505E+00  -3.0535E+00   1.1189E+00
   1.1196E+00   1.3432E+00   6.8370E-01   6.8465E-01   7.5381E-01   7.5465E-01
   7.5277E-01   7.5398E-01  -3.3887E+00   2.1214E+00  -3.5361E-01  -4.5723E-01
   3.3642E+01  -2.7276E+01   1.3528E+01  -1.1329E+01  -6.4492E+00   4.8112E+00
  -6.3765E+00   4.9042E+00   1.6834E+01  -1.3625E+01   1.3671E+01  -1.1155E+01
   1.6748E+01  -1.3739E+01  -3.3763E+00   2.2009E+00  -6.3014E+00   4.9603E+00
  -3.1547E+00   2.4707E+00  -3.1913E+00   2.4443E+00  -3.1917E+00   2.4442E+00
  > Energy =  -3.833451765299E+02 +/-   8.644350560623E-05
  > varE =   3.736957188794E-03

VMC #3:
* Size of Hilbert space =   6.3504E+04
* Deterministic energy evaluation:
  > Deterministic Etot/t = -383.34506465765622
    - Ttot/t = -23.369793414355048
    - Utot/t = 9.5390744338690538
* Number of equil. steps   = 1000
* Running VMC equilibration.
  Done. [total walltime: 0.01s]
* Equil. acc.ratio (%)     =  27.2527
* Sample config after equilibration:
  +---------+
  |  u   u  |
  |0   d   d|
  |2   2   u|
  |  0   d  |
  +---------+
* Number of accum. steps   = 1000192 x 10
* Running VMC accumulation.
  Done. [total walltime: 14.4s]
* Acceptance ratio (%)     =  27.2494
* Etot/t                   =  -3.833449941593E+02 +/-   6.158823114253E-05
  > Ttot/t                 =  -2.336981830555E+01 +/-   3.695094192622E-04
  > Utot/t                 =   9.539169823358E+00 +/-   3.647770495312E-04
* var[Eloc/t]              =   3.723200640948E-03 +/-   1.527626924425E-05
* Correlation length       =   1.018972346186E+00
* log10 Psi^2 range: -16.532325073487723 -- -9.4061917815930052
* log10 Pgen range : -16.532325073487723 -- -9.4061917815930052
* Site occupation (ave. no. electrons per config.):
  > Site_  ___eu____  ___ed____
      1        0.499      0.496
      2        0.500      0.502
      3        0.500      0.500
      4        0.496      0.498
      5        0.501      0.499
      6        0.500      0.500
      7        0.501      0.502
      8        0.501      0.499
      9        0.502      0.502
     10        0.500      0.502
* Pair-correlation analysis (ave. no. pairs per config.):
  > Shell  nsite  ___dh____  __eueu___  __eued___
      0      1        0          0          1.780
      1      1        0.859      0.713      2.464
      2      1        0.295      0.657      1.093
      3      1        0.169      0.293      0.552
      4      1        0.570      1.362      2.142
      5      1        0.124      1.020      0.975
      6      1        0.158      0.851      1.089
      7      1        0.316      1.811      2.099
      8      1        0.255      2.091      1.922
      9      1        0.255      2.108      1.925
     10      1        0.232      2.145      1.907
     11      1        0.121      0.987      1.012
     12      1        0.244      2.042      1.969
     13      1        0.064      0.483      0.514
     14      1        0.191      1.449      1.542
     15      1        0.122      1.025      0.988
     16      1        0.134      0.962      1.027

Optimization #3:
* Method          : lls
* Target function : energy
* No. of configs. : 500096
* No. of params.  : 54
* Before optimization:
   4.4840E-01   4.6295E-01   4.5790E-01   1.4356E+00   1.4381E+00   9.7997E-01
  -6.3111E+00  -2.1102E+00  -2.1166E+00   1.6175E+00   1.4614E+00  -3.2050E+00
  -3.2056E+00  -2.5290E+00  -2.5306E+00  -3.0505E+00  -3.0535E+00   1.1189E+00
   1.1196E+00   1.3432E+00   6.8370E-01   6.8465E-01   7.5381E-01   7.5465E-01
   7.5277E-01   7.5398E-01  -3.3887E+00   2.1214E+00  -3.5361E-01  -4.5723E-01
   3.3642E+01  -2.7276E+01   1.3528E+01  -1.1329E+01  -6.4492E+00   4.8112E+00
  -6.3765E+00   4.9042E+00   1.6834E+01  -1.3625E+01   1.3671E+01  -1.1155E+01
   1.6748E+01  -1.3739E+01  -3.3763E+00   2.2009E+00  -6.3014E+00   4.9603E+00
  -3.1547E+00   2.4707E+00  -3.1913E+00   2.4443E+00  -3.1917E+00   2.4442E+00
  > E    =  -3.833449478153E+02 +/-   8.645333395082E-05
  > varE =   3.737806996785E-03
* Computing derivatives.
    [walltime: 1m elapsed, 1m2s remaining]
  Done. [total walltime: 2m1s]
* Optimizing manipulation constant:
  #igrid a___________ E____________________________________ varE____________
     1     Infinity    -3.83344948E+02 +/-   8.64533340E-05   3.73780700E-03
     2     1.0000E+06  -3.83344948E+02 +/-   8.64533341E-05   3.73780701E-03
     3     2.1544E+05  -3.83344948E+02 +/-   8.64533345E-05   3.73780704E-03
     4     4.6416E+04  -3.83344948E+02 +/-   8.64533364E-05   3.73780721E-03
     5     1.0000E+04  -3.83344948E+02 +/-   8.64533455E-05   3.73780800E-03
     6     2.1544E+03  -3.83344948E+02 +/-   8.64533902E-05   3.73781186E-03
     7     4.6416E+02  -3.83344948E+02 +/-   8.64536518E-05   3.73783448E-03
     8     1.0000E+02  -3.83344948E+02 +/-   8.64560222E-05   3.73803945E-03
     9     2.1544E+01  -3.83344950E+02 +/-   8.64916152E-05   3.74111791E-03
    10     4.6416E+00  -3.83344933E+02 +/-   8.73012271E-05   3.81148379E-03
    11     1.0000E+00  -3.83324762E+02 +/-   1.89818809E-04   1.80190490E-02
    12     2.1544E-01  -3.83319111E+02 +/-   1.90451878E-04   1.81394410E-02
    13     4.6416E-02  -3.83329648E+02 +/-   1.52203726E-04   1.15852111E-02
    14     1.0000E-02  -3.82705907E+02 +/-   7.16283168E-04   2.56580042E-01
    15     2.1544E-03  -3.83184919E+02 +/-   4.25919518E-04   9.07211331E-02
    16     4.6416E-04  -3.83206860E+02 +/-   3.98883637E-04   7.95693525E-02
    17     1.0000E-04  -3.83210666E+02 +/-   3.93920864E-04   7.76017203E-02
    18     2.1544E-05  -3.83211451E+02 +/-   3.92885966E-04   7.71945095E-02
    19     4.6416E-06  -3.83211619E+02 +/-   3.92664545E-04   7.71075244E-02
    20     1.0000E-06  -3.83211655E+02 +/-   3.92616913E-04   7.70888185E-02
    21     0.0000E+00  -3.83211665E+02 +/-   3.92603837E-04   7.70836838E-02
  ParMin   4.2283E+01  -3.83344949E+02 +/-   8.64646343E-05   3.73878420E-03
  # Using grid point #9
* Iteration # 1: E =  -3.833449495046E+02 +/-   8.649161520185E-05
* Reached maximum number of iterations: exiting.
* After optimization:
   8.3067E-01   8.4536E-01   8.4029E-01   1.3630E+00   1.3655E+00   9.8088E-01
  -6.4046E+00  -2.2300E+00  -2.2365E+00   1.4716E+00   1.3153E+00  -3.2514E+00
  -3.2521E+00  -2.6488E+00  -2.6504E+00  -3.0970E+00  -3.1000E+00   1.0463E+00
   1.0470E+00   1.1970E+00   6.1068E-01   6.1164E-01   6.8095E-01   6.8182E-01
   6.7997E-01   6.8125E-01  -3.0226E+00   1.8278E+00  -3.5415E-01  -4.5786E-01
   3.4111E+01  -2.7653E+01   1.4130E+01  -1.1810E+01  -5.7168E+00   4.2246E+00
  -5.6439E+00   4.3175E+00   1.7068E+01  -1.3814E+01   1.4272E+01  -1.1637E+01
   1.6983E+01  -1.3928E+01  -3.0099E+00   1.9075E+00  -5.5685E+00   4.3738E+00
  -2.7884E+00   2.1775E+00  -2.8251E+00   2.1508E+00  -2.8254E+00   2.1508E+00
  > Energy =  -3.833449495046E+02 +/-   8.649161520185E-05
  > varE =   3.741117906864E-03

VMC #4:
* Size of Hilbert space =   6.3504E+04
* Deterministic energy evaluation:
  > Deterministic Etot/t = -383.34506564917751
    - Ttot/t = -23.369712352531742
    - Utot/t = 9.5389923805244745
* Number of equil. steps   = 1000
* Running VMC equilibration.
  Done. [total walltime: 0.01s]
* Equil. acc.ratio (%)     =  27.2565
* Sample config after equilibration:
  +---------+
  |  d   u  |
  |u   u   0|
  |0   d   2|
  |  2   d  |
  +---------+
* Number of accum. steps   = 1000192 x 10
* Running VMC accumulation.
  Done. [total walltime: 14.4s]
* Acceptance ratio (%)     =  27.2348
* Etot/t                   =  -3.833449545587E+02 +/-   6.053888188261E-05
  > Ttot/t                 =  -2.336928064097E+01 +/-   3.671848201634E-04
  > Utot/t                 =   9.538671759395E+00 +/-   3.613766286260E-04
* var[Eloc/t]              =   3.745571067189E-03 +/-   2.454488108271E-05
* Correlation length       =   9.786651555758E-01
* log10 Psi^2 range: -16.270399683131760 -- -9.4156748958464949
* log10 Pgen range : -16.270399683131760 -- -9.4156748958464949
* Site occupation (ave. no. electrons per config.):
  > Site_  ___eu____  ___ed____
      1        0.499      0.497
      2        0.503      0.501
      3        0.499      0.499
      4        0.496      0.497
      5        0.500      0.500
      6        0.499      0.501
      7        0.501      0.502
      8        0.501      0.500
      9        0.502      0.503
     10        0.501      0.501
* Pair-correlation analysis (ave. no. pairs per config.):
  > Shell  nsite  ___dh____  __eueu___  __eued___
      0      1        0          0          1.780
      1      1        0.860      0.713      2.463
      2      1        0.295      0.658      1.095
      3      1        0.168      0.293      0.552
      4      1        0.568      1.361      2.141
      5      1        0.124      1.017      0.976
      6      1        0.157      0.850      1.090
      7      1        0.314      1.812      2.101
      8      1        0.257      2.088      1.917
      9      1        0.253      2.109      1.925
     10      1        0.233      2.146      1.906
     11      1        0.119      0.988      1.013
     12      1        0.245      2.042      1.968
     13      1        0.064      0.483      0.512
     14      1        0.192      1.453      1.541
     15      1        0.122      1.024      0.992
     16      1        0.134      0.964      1.028

Optimization #4:
* Method          : lls
* Target function : energy
* No. of configs. : 500096
* No. of params.  : 54
* Before optimization:
   8.3067E-01   8.4536E-01   8.4029E-01   1.3630E+00   1.3655E+00   9.8088E-01
  -6.4046E+00  -2.2300E+00  -2.2365E+00   1.4716E+00   1.3153E+00  -3.2514E+00
  -3.2521E+00  -2.6488E+00  -2.6504E+00  -3.0970E+00  -3.1000E+00   1.0463E+00
   1.0470E+00   1.1970E+00   6.1068E-01   6.1164E-01   6.8095E-01   6.8182E-01
   6.7997E-01   6.8125E-01  -3.0226E+00   1.8278E+00  -3.5415E-01  -4.5786E-01
   3.4111E+01  -2.7653E+01   1.4130E+01  -1.1810E+01  -5.7168E+00   4.2246E+00
  -5.6439E+00   4.3175E+00   1.7068E+01  -1.3814E+01   1.4272E+01  -1.1637E+01
   1.6983E+01  -1.3928E+01  -3.0099E+00   1.9075E+00  -5.5685E+00   4.3738E+00
  -2.7884E+00   2.1775E+00  -2.8251E+00   2.1508E+00  -2.8254E+00   2.1508E+00
  > E    =  -3.833450261438E+02 +/-   8.661819185899E-05
  > varE =   3.752075840732E-03
* Computing derivatives.
    [walltime: 1m elapsed, 1m remaining]
  Done. [total walltime: 2m]
* Optimizing manipulation constant:
  #igrid a___________ E____________________________________ varE____________
     1     Infinity    -3.83345026E+02 +/-   8.66181919E-05   3.75207584E-03
     2     1.0000E+06  -3.83345026E+02 +/-   8.66181920E-05   3.75207585E-03
     3     2.1544E+05  -3.83345026E+02 +/-   8.66181926E-05   3.75207590E-03
     4     4.6416E+04  -3.83345026E+02 +/-   8.66181951E-05   3.75207612E-03
     5     1.0000E+04  -3.83345026E+02 +/-   8.66182070E-05   3.75207715E-03
     6     2.1544E+03  -3.83345026E+02 +/-   8.66182621E-05   3.75208192E-03
     7     4.6416E+02  -3.83345026E+02 +/-   8.66185182E-05   3.75210411E-03
     8     1.0000E+02  -3.83345026E+02 +/-   8.66197168E-05   3.75220795E-03
     9     2.1544E+01  -3.83345027E+02 +/-   8.66254689E-05   3.75270632E-03
    10     4.6416E+00  -3.83345030E+02 +/-   8.66545894E-05   3.75522980E-03
    11     1.0000E+00  -3.83345037E+02 +/-   8.67854757E-05   3.76658244E-03
    12     2.1544E-01  -3.83345041E+02 +/-   8.70962394E-05   3.79360569E-03
    13     4.6416E-02  -3.83345027E+02 +/-   8.76208137E-05   3.83944053E-03
    14     1.0000E-02  -3.83344722E+02 +/-   9.08196121E-05   4.12489280E-03
    15     2.1544E-03  -3.83339597E+02 +/-   1.21918217E-04   7.43345277E-03
    16     4.6416E-04  -3.83327375E+02 +/-   1.70949266E-04   1.46146312E-02
    17     1.0000E-04  -3.83322034E+02 +/-   1.87894441E-04   1.76555496E-02
    18     2.1544E-05  -3.83320696E+02 +/-   1.91871339E-04   1.84108395E-02
    19     4.6416E-06  -3.83320399E+02 +/-   1.92743241E-04   1.85785449E-02
    20     1.0000E-06  -3.83320334E+02 +/-   1.92931774E-04   1.86149081E-02
    21     0.0000E+00  -3.83320317E+02 +/-   1.92983586E-04   1.86249075E-02
  ParMin   3.5532E-01  -3.83345041E+02 +/-   8.69797411E-05   3.78346396E-03
  # Using grid point #12
* Iteration # 1: E =  -3.833450410131E+02 +/-   8.709623939945E-05
* Reached maximum number of iterations: exiting.
* After optimization:
   3.5908E+00   3.6057E+00   3.6005E+00   6.3170E-01   6.3481E-01   1.0012E+00
  -6.2735E+00  -2.9035E+00  -2.9115E+00  -6.8030E-03  -1.6916E-01  -3.1797E+00
  -3.1796E+00  -3.3249E+00  -3.3263E+00  -3.0244E+00  -3.0264E+00   3.1441E-01
   3.1539E-01  -2.8906E-01  -1.3043E-01  -1.2971E-01  -5.6201E-02  -5.4933E-02
  -5.7173E-02  -5.4899E-02   7.0516E-01  -1.1676E+00  -3.6257E-01  -4.7218E-01
   3.3492E+01  -2.7171E+01   1.7551E+01  -1.4556E+01   1.7442E+00  -1.7559E+00
   1.8173E+00  -1.6617E+00   1.6756E+01  -1.3575E+01   1.7695E+01  -1.4383E+01
   1.6671E+01  -1.3688E+01   7.1854E-01  -1.0880E+00   1.8958E+00  -1.6038E+00
   9.4295E-01  -8.1319E-01   9.0316E-01  -8.4143E-01   9.0285E-01  -8.4103E-01
  > Energy =  -3.833450410131E+02 +/-   8.709623939945E-05
  > varE =   3.793605691235E-03

VMC #5:
* Size of Hilbert space =   6.3504E+04
* Deterministic energy evaluation:
  > Deterministic Etot/t = -383.34508210466066
    - Ttot/t = -23.368977762279403
    - Utot/t = 9.5382413347890367
* Number of equil. steps   = 1000
* Running VMC equilibration.
  Done. [total walltime: 0.01s]
* Equil. acc.ratio (%)     =  27.2900
* Sample config after equilibration:
  +---------+
  |  u   2  |
  |d   0   d|
  |u   d   u|
  |  d   u  |
  +---------+
* Number of accum. steps   = 1000192 x 10
* Running VMC accumulation.
  Done. [total walltime: 14.4s]
* Acceptance ratio (%)     =  27.1768
* Etot/t                   =  -3.833450939720E+02 +/-   6.142414935705E-05
  > Ttot/t                 =  -2.336898511603E+01 +/-   3.651986436884E-04
  > Utot/t                 =   9.538236821128E+00 +/-   3.597279794537E-04
* var[Eloc/t]              =   3.768886677809E-03 +/-   1.736550529778E-05
* Correlation length       =   1.001263993495E+00
* log10 Psi^2 range: -16.811073104323746 -- -9.6189772188059024
* log10 Pgen range : -16.811073104323746 -- -9.6189772188059024
* Site occupation (ave. no. electrons per config.):
  > Site_  ___eu____  ___ed____
      1        0.496      0.498
      2        0.502      0.501
      3        0.499      0.500
      4        0.497      0.498
      5        0.500      0.499
      6        0.500      0.501
      7        0.501      0.501
      8        0.501      0.500
      9        0.504      0.500
     10        0.501      0.502
* Pair-correlation analysis (ave. no. pairs per config.):
  > Shell  nsite  ___dh____  __eueu___  __eued___
      0      1        0          0          1.777
      1      1        0.858      0.712      2.465
      2      1        0.293      0.656      1.098
      3      1        0.166      0.294      0.553
      4      1        0.568      1.358      2.145
      5      1        0.123      1.020      0.974
      6      1        0.156      0.849      1.093
      7      1        0.314      1.809      2.103
      8      1        0.256      2.090      1.917
      9      1        0.253      2.112      1.922
     10      1        0.234      2.150      1.899
     11      1        0.121      0.986      1.012
     12      1        0.242      2.045      1.968
     13      1        0.064      0.481      0.513
     14      1        0.193      1.449      1.542
     15      1        0.120      1.026      0.990
     16      1        0.133      0.962      1.028

Optimization #5:
* Method          : lls
* Target function : energy
* No. of configs. : 500096
* No. of params.  : 54
* Before optimization:
   3.5908E+00   3.6057E+00   3.6005E+00   6.3170E-01   6.3481E-01   1.0012E+00
  -6.2735E+00  -2.9035E+00  -2.9115E+00  -6.8030E-03  -1.6916E-01  -3.1797E+00
  -3.1796E+00  -3.3249E+00  -3.3263E+00  -3.0244E+00  -3.0264E+00   3.1441E-01
   3.1539E-01  -2.8906E-01  -1.3043E-01  -1.2971E-01  -5.6201E-02  -5.4933E-02
  -5.7173E-02  -5.4899E-02   7.0516E-01  -1.1676E+00  -3.6257E-01  -4.7218E-01
   3.3492E+01  -2.7171E+01   1.7551E+01  -1.4556E+01   1.7442E+00  -1.7559E+00
   1.8173E+00  -1.6617E+00   1.6756E+01  -1.3575E+01   1.7695E+01  -1.4383E+01
   1.6671E+01  -1.3688E+01   7.1854E-01  -1.0880E+00   1.8958E+00  -1.6038E+00
   9.4295E-01  -8.1319E-01   9.0316E-01  -8.4143E-01   9.0285E-01  -8.4103E-01
  > E    =  -3.833449900301E+02 +/-   8.738446061590E-05
  > varE =   3.818755038786E-03
* Computing derivatives.
    [walltime: 1m elapsed, 59.7s remaining]
  Done. [total walltime: 1m59s]
* Optimizing manipulation constant:
  #igrid a___________ E____________________________________ varE____________
     1     Infinity    -3.83344990E+02 +/-   8.73844606E-05   3.81875504E-03
     2     1.0000E+06  -3.83344990E+02 +/-   8.73844607E-05   3.81875504E-03
     3     2.1544E+05  -3.83344990E+02 +/-   8.73844609E-05   3.81875506E-03
     4     4.6416E+04  -3.83344990E+02 +/-   8.73844619E-05   3.81875515E-03
     5     1.0000E+04  -3.83344990E+02 +/-   8.73844664E-05   3.81875554E-03
     6     2.1544E+03  -3.83344990E+02 +/-   8.73844873E-05   3.81875737E-03
     7     4.6416E+02  -3.83344990E+02 +/-   8.73845844E-05   3.81876586E-03
     8     1.0000E+02  -3.83344990E+02 +/-   8.73850372E-05   3.81880544E-03
     9     2.1544E+01  -3.83344990E+02 +/-   8.73871746E-05   3.81899225E-03
    10     4.6416E+00  -3.83344990E+02 +/-   8.73974917E-05   3.81989405E-03
    11     1.0000E+00  -3.83344991E+02 +/-   8.74422322E-05   3.82380602E-03
    12     2.1544E-01  -3.83344992E+02 +/-   8.75691672E-05   3.83491569E-03
    13     4.6416E-02  -3.83344989E+02 +/-   8.79153864E-05   3.86529958E-03
    14     1.0000E-02  -3.83344891E+02 +/-   8.99848397E-05   4.04941302E-03
    15     2.1544E-03  -3.83338403E+02 +/-   1.35450507E-04   9.17518128E-03
    16     4.6416E-04  -3.83268120E+02 +/-   3.32926980E-04   5.54308276E-02
    17     1.0000E-04  -3.83044551E+02 +/-   5.88281606E-04   1.73070847E-01
    18     2.1544E-05  -3.82892859E+02 +/-   6.72677579E-04   2.26291002E-01
    19     4.6416E-06  -3.82848946E+02 +/-   6.89248143E-04   2.37577108E-01
    20     1.0000E-06  -3.82838867E+02 +/-   6.92617653E-04   2.39905659E-01
    21     0.0000E+00  -3.82836059E+02 +/-   6.93528117E-04   2.40536799E-01
  ParMin   4.3562E-01  -3.83344992E+02 +/-   8.74978052E-05   3.82866792E-03
  # Using parabolic minimum
* Iteration # 1: E =  -3.833449916839E+02 +/-   8.749780517306E-05
* Reached maximum number of iterations: exiting.
* After optimization:
   2.6874E+00   2.7021E+00   2.6976E+00   7.7378E-01   7.7659E-01   1.0037E+00
  -5.9441E+00  -2.5983E+00  -2.6067E+00   2.7675E-01   1.1322E-01  -3.0149E+00
  -3.0146E+00  -3.0190E+00  -3.0206E+00  -2.8587E+00  -2.8617E+00   4.5688E-01
   4.5747E-01  -5.8578E-03   1.1672E-02   1.2351E-02   8.6253E-02   8.7625E-02
   8.5792E-02   8.8088E-02   1.6037E-03  -6.0512E-01  -3.6452E-01  -4.7431E-01
   3.1855E+01  -2.5865E+01   1.6029E+01  -1.3339E+01   3.3581E-01  -6.3079E-01
   4.1059E-01  -5.3707E-01   1.5938E+01  -1.2921E+01   1.6173E+01  -1.3167E+01
   1.5852E+01  -1.3035E+01   1.5159E-02  -5.2621E-01   4.8820E-01  -4.7935E-01
   2.3899E-01  -2.5190E-01   1.9841E-01  -2.7934E-01   1.9796E-01  -2.7919E-01
  > Energy =  -3.833449916839E+02 +/-   8.749780517306E-05
  > varE =   3.828667918179E-03

VMC #6:
* Size of Hilbert space =   6.3504E+04
* Deterministic energy evaluation:
  > Deterministic Etot/t = -383.34508403365862
    - Ttot/t = -23.368972373805416
    - Utot/t = 9.5382340173169666
* Number of equil. steps   = 1000
* Running VMC equilibration.
  Done. [total walltime: 0.01s]
* Equil. acc.ratio (%)     =  27.1910
* Sample config after equilibration:
  +---------+
  |  u   u  |
  |d   d   0|
  |u   d   2|
  |  d   u  |
  +---------+
* Number of accum. steps   = 1000192 x 10
* Running VMC accumulation.
  Done. [total walltime: 14.4s]
* Acceptance ratio (%)     =  27.1672
* Etot/t                   =  -3.833452524671E+02 +/-   6.180691320413E-05
  > Ttot/t                 =  -2.336966703972E+01 +/-   3.679432399241E-04
  > Utot/t                 =   9.538760249945E+00 +/-   3.631752997098E-04
* var[Eloc/t]              =   3.810414428801E-03 +/-   1.740147338143E-05
* Correlation length       =   1.002732917735E+00
* log10 Psi^2 range: -15.966663425850367 -- -9.6429739962546126
* log10 Pgen range : -15.966663425850367 -- -9.6429739962546126
* Site occupation (ave. no. electrons per config.):
  > Site_  ___eu____  ___ed____
      1        0.497      0.497
      2        0.502      0.501
      3        0.501      0.500
      4        0.495      0.498
      5        0.501      0.500
      6        0.498      0.501
      7        0.503      0.500
      8        0.500      0.500
      9        0.501      0.501
     10        0.502      0.502
* Pair-correlation analysis (ave. no. pairs per config.):
  > Shell  nsite  ___dh____  __eueu___  __eued___
      0      1        0          0          1.778
      1      1        0.858      0.714      2.466
      2      1        0.294      0.656      1.097
      3      1        0.167      0.293      0.551
      4      1        0.567      1.359      2.145
      5      1        0.123      1.020      0.975
      6      1        0.156      0.850      1.093
      7      1        0.315      1.807      2.101
      8      1        0.257      2.090      1.916
      9      1        0.255      2.108      1.920
     10      1        0.234      2.150      1.901
     11      1        0.120      0.986      1.015
     12      1        0.244      2.047      1.966
     13      1        0.064      0.483      0.515
     14      1        0.191      1.449      1.543
     15      1        0.121      1.026      0.990
     16      1        0.134      0.962      1.030

Optimization #6:
* Method          : lls
* Target function : energy
* No. of configs. : 500096
* No. of params.  : 54
* Before optimization:
   2.6874E+00   2.7021E+00   2.6976E+00   7.7378E-01   7.7659E-01   1.0037E+00
  -5.9441E+00  -2.5983E+00  -2.6067E+00   2.7675E-01   1.1322E-01  -3.0149E+00
  -3.0146E+00  -3.0190E+00  -3.0206E+00  -2.8587E+00  -2.8617E+00   4.5688E-01
   4.5747E-01  -5.8578E-03   1.1672E-02   1.2351E-02   8.6253E-02   8.7625E-02
   8.5792E-02   8.8088E-02   1.6037E-03  -6.0512E-01  -3.6452E-01  -4.7431E-01
   3.1855E+01  -2.5865E+01   1.6029E+01  -1.3339E+01   3.3581E-01  -6.3079E-01
   4.1059E-01  -5.3707E-01   1.5938E+01  -1.2921E+01   1.6173E+01  -1.3167E+01
   1.5852E+01  -1.3035E+01   1.5159E-02  -5.2621E-01   4.8820E-01  -4.7935E-01
   2.3899E-01  -2.5190E-01   1.9841E-01  -2.7934E-01   1.9796E-01  -2.7919E-01
  > E    =  -3.833452922388E+02 +/-   8.700991030770E-05
  > varE =   3.786089035428E-03
* Computing derivatives.
    [walltime: 1m elapsed, 1m1s remaining]
  Done. [total walltime: 2m1s]
* Optimizing manipulation constant:
  #igrid a___________ E____________________________________ varE____________
     1     Infinity    -3.83345292E+02 +/-   8.70099103E-05   3.78608904E-03
     2     1.0000E+06  -3.83345292E+02 +/-   8.70099102E-05   3.78608903E-03
     3     2.1544E+05  -3.83345292E+02 +/-   8.70099099E-05   3.78608900E-03
     4     4.6416E+04  -3.83345292E+02 +/-   8.70099083E-05   3.78608886E-03
     5     1.0000E+04  -3.83345292E+02 +/-   8.70099008E-05   3.78608821E-03
     6     2.1544E+03  -3.83345292E+02 +/-   8.70098664E-05   3.78608522E-03
     7     4.6416E+02  -3.83345292E+02 +/-   8.70097070E-05   3.78607134E-03
     8     1.0000E+02  -3.83345292E+02 +/-   8.70089745E-05   3.78600760E-03
     9     2.1544E+01  -3.83345292E+02 +/-   8.70057337E-05   3.78572557E-03
    10     4.6416E+00  -3.83345292E+02 +/-   8.69935301E-05   3.78466366E-03
    11     1.0000E+00  -3.83345292E+02 +/-   8.69698875E-05   3.78260679E-03
    12     2.1544E-01  -3.83345292E+02 +/-   8.70340065E-05   3.78818634E-03
    13     4.6416E-02  -3.83345234E+02 +/-   8.79775877E-05   3.87077102E-03
    14     1.0000E-02  -3.83343999E+02 +/-   9.81571621E-05   4.81833918E-03
    15     2.1544E-03  -3.83336787E+02 +/-   1.38508512E-04   9.59414569E-03
    16     4.6416E-04  -3.83329658E+02 +/-   1.68115128E-04   1.41340613E-02
    17     1.0000E-04  -3.83327298E+02 +/-   1.76717665E-04   1.56175645E-02
    18     2.1544E-05  -3.83326738E+02 +/-   1.78690539E-04   1.59682196E-02
    19     4.6416E-06  -3.83326615E+02 +/-   1.79121264E-04   1.60452938E-02
    20     1.0000E-06  -3.83326588E+02 +/-   1.79214332E-04   1.60619716E-02
    21     0.0000E+00  -3.83326581E+02 +/-   1.79239901E-04   1.60665553E-02
* Iteration # 1: E =  -3.833452922388E+02 +/-   8.700990826935E-05
* Reached maximum number of iterations: exiting.
* After optimization:
   2.6874E+00   2.7021E+00   2.6976E+00   7.7378E-01   7.7658E-01   1.0037E+00
  -5.9441E+00  -2.5983E+00  -2.6067E+00   2.7674E-01   1.1321E-01  -3.0149E+00
  -3.0146E+00  -3.0190E+00  -3.0206E+00  -2.8587E+00  -2.8617E+00   4.5688E-01
   4.5747E-01  -5.8621E-03   1.1670E-02   1.2349E-02   8.6250E-02   8.7622E-02
   8.5790E-02   8.8086E-02   1.6145E-03  -6.0513E-01  -3.6452E-01  -4.7431E-01
   3.1855E+01  -2.5865E+01   1.6029E+01  -1.3339E+01   3.3583E-01  -6.3081E-01
   4.1061E-01  -5.3709E-01   1.5938E+01  -1.2921E+01   1.6173E+01  -1.3167E+01
   1.5852E+01  -1.3035E+01   1.5170E-02  -5.2622E-01   4.8822E-01  -4.7937E-01
   2.3900E-01  -2.5191E-01   1.9842E-01  -2.7935E-01   1.9797E-01  -2.7920E-01
  > Energy =  -3.833452922388E+02 +/-   8.700990826935E-05
  > varE =   3.786088858037E-03

VMC #7:
* Size of Hilbert space =   6.3504E+04
* Deterministic energy evaluation:
  > Deterministic Etot/t = -383.34508403368289
    - Ttot/t = -23.368972378435856
    - Utot/t = 9.5382340219232038
* Number of equil. steps   = 1000
* Running VMC equilibration.
  Done. [total walltime: 0.01s]
* Equil. acc.ratio (%)     =  27.2652
* Sample config after equilibration:
  +---------+
  |  u   0  |
  |d   2   2|
  |d   u   0|
  |  u   d  |
  +---------+
* Number of accum. steps   = 1000192 x 10
* Running VMC accumulation.
  Done. [total walltime: 14.3s]
* Acceptance ratio (%)     =  27.1591
* Etot/t                   =  -3.833450851261E+02 +/-   6.190583355575E-05
  > Ttot/t                 =  -2.336841258923E+01 +/-   3.684864901357E-04
  > Utot/t                 =   9.537673140243E+00 +/-   3.627170515518E-04
* var[Eloc/t]              =   3.814338707579E-03 +/-   2.236390476704E-05
* Correlation length       =   1.004910242607E+00
* log10 Psi^2 range: -16.683242142447416 -- -9.6429738688353375
* log10 Pgen range : -16.683242142447416 -- -9.6429738688353375
* Site occupation (ave. no. electrons per config.):
  > Site_  ___eu____  ___ed____
      1        0.497      0.497
      2        0.500      0.500
      3        0.500      0.500
      4        0.497      0.498
      5        0.501      0.501
      6        0.502      0.499
      7        0.501      0.502
      8        0.500      0.500
      9        0.501      0.502
     10        0.502      0.501
* Pair-correlation analysis (ave. no. pairs per config.):
  > Shell  nsite  ___dh____  __eueu___  __eued___
      0      1        0          0          1.776
      1      1        0.857      0.713      2.467
      2      1        0.294      0.657      1.094
      3      1        0.168      0.294      0.550
      4      1        0.568      1.357      2.147
      5      1        0.123      1.021      0.975
      6      1        0.155      0.853      1.093
      7      1        0.315      1.806      2.101
      8      1        0.255      2.091      1.917
      9      1        0.254      2.110      1.919
     10      1        0.232      2.147      1.904
     11      1        0.120      0.987      1.015
     12      1        0.242      2.048      1.965
     13      1        0.064      0.482      0.514
     14      1        0.191      1.448      1.544
     15      1        0.121      1.025      0.988
     16      1        0.133      0.961      1.030

Optimization #7:
* Method          : lls
* Target function : energy
* No. of configs. : 500096
* No. of params.  : 54
* Before optimization:
   2.6874E+00   2.7021E+00   2.6976E+00   7.7378E-01   7.7658E-01   1.0037E+00
  -5.9441E+00  -2.5983E+00  -2.6067E+00   2.7674E-01   1.1321E-01  -3.0149E+00
  -3.0146E+00  -3.0190E+00  -3.0206E+00  -2.8587E+00  -2.8617E+00   4.5688E-01
   4.5747E-01  -5.8621E-03   1.1670E-02   1.2349E-02   8.6250E-02   8.7622E-02
   8.5790E-02   8.8086E-02   1.6145E-03  -6.0513E-01  -3.6452E-01  -4.7431E-01
   3.1855E+01  -2.5865E+01   1.6029E+01  -1.3339E+01   3.3583E-01  -6.3081E-01
   4.1061E-01  -5.3709E-01   1.5938E+01  -1.2921E+01   1.6173E+01  -1.3167E+01
   1.5852E+01  -1.3035E+01   1.5170E-02  -5.2622E-01   4.8822E-01  -4.7937E-01
   2.3900E-01  -2.5191E-01   1.9842E-01  -2.7935E-01   1.9797E-01  -2.7920E-01
  > E    =  -3.833449677150E+02 +/-   8.663173397321E-05
  > varE =   3.753249151107E-03
* Computing derivatives.
    [walltime: 1m elapsed, 1m remaining]
  Done. [total walltime: 2m]
* Optimizing manipulation constant:
  #igrid a___________ E____________________________________ varE____________
     1     Infinity    -3.83344968E+02 +/-   8.66317340E-05   3.75324915E-03
     2     1.0000E+06  -3.83344968E+02 +/-   8.66317336E-05   3.75324912E-03
     3     2.1544E+05  -3.83344968E+02 +/-   8.66317321E-05   3.75324899E-03
     4     4.6416E+04  -3.83344968E+02 +/-   8.66317251E-05   3.75324838E-03
     5     1.0000E+04  -3.83344968E+02 +/-   8.66316929E-05   3.75324559E-03
     6     2.1544E+03  -3.83344968E+02 +/-   8.66315468E-05   3.75323293E-03
     7     4.6416E+02  -3.83344968E+02 +/-   8.66309400E-05   3.75318035E-03
     8     1.0000E+02  -3.83344968E+02 +/-   8.66296449E-05   3.75306814E-03
     9     2.1544E+01  -3.83344967E+02 +/-   8.66551836E-05   3.75528130E-03
    10     4.6416E+00  -3.83344943E+02 +/-   8.73950487E-05   3.81968051E-03
    11     1.0000E+00  -3.83344235E+02 +/-   9.58209187E-05   4.59170567E-03
    12     2.1544E-01  -3.83342574E+02 +/-   1.08351574E-04   5.87115880E-03
    13     4.6416E-02  -3.83336326E+02 +/-   1.40197669E-04   9.82958006E-03
    14     1.0000E-02  -3.83329014E+02 +/-   1.68364886E-04   1.41760887E-02
    15     2.1544E-03  -3.83326363E+02 +/-   1.77263651E-04   1.57142175E-02
    16     4.6416E-04  -3.83325718E+02 +/-   1.79348088E-04   1.60859563E-02
    17     1.0000E-04  -3.83325575E+02 +/-   1.79805316E-04   1.61680795E-02
    18     2.1544E-05  -3.83325544E+02 +/-   1.79904205E-04   1.61858685E-02
    19     4.6416E-06  -3.83325538E+02 +/-   1.79925527E-04   1.61897055E-02
    20     1.0000E-06  -3.83325536E+02 +/-   1.79930122E-04   1.61905324E-02
    21     0.0000E+00  -3.83325536E+02 +/-   1.79931384E-04   1.61907595E-02
* Iteration # 1: E =  -3.833449677135E+02 +/-   8.663093997909E-05
* Reached maximum number of iterations: exiting.
* After optimization:
   2.6999E+00   2.7146E+00   2.7101E+00   7.7031E-01   7.7312E-01   1.0037E+00
  -5.9427E+00  -2.6011E+00  -2.6094E+00   2.6980E-01   1.0627E-01  -3.0142E+00
  -3.0139E+00  -3.0217E+00  -3.0234E+00  -2.8580E+00  -2.8610E+00   4.5341E-01
   4.5400E-01  -1.2805E-02   8.1999E-03   8.8797E-03   8.2780E-02   8.4153E-02
   8.2321E-02   8.4616E-02   1.8972E-02  -6.1903E-01  -3.6452E-01  -4.7432E-01
   3.1848E+01  -2.5859E+01   1.6043E+01  -1.3350E+01   3.7055E-01  -6.5859E-01
   4.4534E-01  -5.6487E-01   1.5934E+01  -1.2918E+01   1.6187E+01  -1.3179E+01
   1.5848E+01  -1.3032E+01   3.2527E-02  -5.4012E-01   5.2294E-01  -5.0715E-01
   2.5636E-01  -2.6579E-01   2.1578E-01  -2.9324E-01   2.1533E-01  -2.9309E-01
  > Energy =  -3.833449677135E+02 +/-   8.663093997909E-05
  > varE =   3.753180353127E-03

VMC #8:
* Size of Hilbert space =   6.3504E+04
* Deterministic energy evaluation:
  > Deterministic Etot/t = -383.34508403286367
    - Ttot/t = -23.368973702636943
    - Utot/t = 9.5382353469434822
* Number of equil. steps   = 1000
* Running VMC equilibration.
  Done. [total walltime: 0.01s]
* Equil. acc.ratio (%)     =  27.2351
* Sample config after equilibration:
  +---------+
  |  d   2  |
  |u   0   d|
  |2   2   u|
  |  0   0  |
  +---------+
* Number of accum. steps   = 1000192 x 10
* Running VMC accumulation.
  Done. [total walltime: 14.4s]
* Acceptance ratio (%)     =  27.1654
* Etot/t                   =  -3.833451784229E+02 +/-   6.243147856005E-05
  > Ttot/t                 =  -2.336974191080E+01 +/-   3.661344346529E-04
  > Utot/t                 =   9.538909165097E+00 +/-   3.604452196150E-04
* var[Eloc/t]              =   3.811049667585E-03 +/-   2.483106569372E-05
* Correlation length       =   1.022930219131E+00
* log10 Psi^2 range: -16.002438537564970 -- -9.6430848495923254
* log10 Pgen range : -16.002438537564970 -- -9.6430848495923254
* Site occupation (ave. no. electrons per config.):
  > Site_  ___eu____  ___ed____
      1        0.498      0.498
      2        0.502      0.501
      3        0.500      0.501
      4        0.497      0.497
      5        0.500      0.500
      6        0.500      0.501
      7        0.501      0.501
      8        0.501      0.499
      9        0.501      0.500
     10        0.501      0.502
* Pair-correlation analysis (ave. no. pairs per config.):
  > Shell  nsite  ___dh____  __eueu___  __eued___
      0      1        0          0          1.777
      1      1        0.858      0.712      2.466
      2      1        0.294      0.656      1.095
      3      1        0.167      0.294      0.552
      4      1        0.567      1.359      2.149
      5      1        0.124      1.020      0.975
      6      1        0.155      0.851      1.093
      7      1        0.316      1.807      2.103
      8      1        0.257      2.093      1.916
      9      1        0.254      2.112      1.921
     10      1        0.233      2.147      1.901
     11      1        0.120      0.986      1.016
     12      1        0.242      2.047      1.964
     13      1        0.065      0.482      0.513
     14      1        0.191      1.448      1.542
     15      1        0.122      1.025      0.988
     16      1        0.133      0.959      1.030

VDAGGER finished.
Total VDAGGER walltime: 35m7s

Run ended: Tue Sep 30 08:57:41 CEST 2025
