Run started: Sat Sep 27 09:44:09 CEST 2025
Using VDAGGER_ARCH = gnu7_fkfamd_cluster
Running 1x128 MPI processes.

                               xx
                              +##
                               #X
                               Xx
                          X##XxXxxX##x
                           +   Xx  ++
                               ##
                              +##
                              +##
     ++++         ++          +##
   xX+++##+      ####         +##
  Xx    ###      +X##          ##
 xX    X##+        ##          #X
 +    x##X         #x          #X
      ###         +#           x+
     X##+         #+
     ###         Xx                    _______
     ##X       +X+   __________________VDAGGER
     +##x    +xX     2nd quantized variational
       +xxxxx+       ______quantum Monte Carlo

* Running 128 MPI processes.
* Input file: "input.casl"

############# Start of input file dump #############
General:
  Random seed: timer

Plan:
  VMC-optimization:
    Minimum cycles: 7
    Convergence cycles: 3

System:
  Read Hamiltonian: FCIDUMP_loc_benzene
  Read orbitals: LTSC_benzene
  Complex orbitals: F
  Geometry:
    r_5: [ 0.00000000000000, 2.63994739601739 ]
    r_4: [ 2.28626150960564, 1.31997369800870 ]
    r_6: [ 2.28626150960564, -1.31997369800870 ]
    r_2: [ 0.00000000000000, -2.63994739601739 ]
    r_3: [ -2.28626150960564, -1.31997369800870 ]
    r_1: [ -2.28626150960564, 1.31997369800870 ]

VMC:
  nstep: 500000
  nconfig: 50000

Optimization:
  max_niter: 1

Jastrow: wfn.casl

Backflow: wfn.casl

Multideterminants: wfn.casl
############## End of input file dump ##############

General setup:
* Random seed: 179935217 (from timer)

* Loaded integrals for system with nelec=6, ms2=0, norb=6
* INFO: setting number of electrons from integrals file.
* Analysis of Hamiltonian connecitivity performed:
  - T_ii (local, 1-site): 6 (i) values
  - U_iiii [opp] (local, 1-site): 6 (i) values
  - U_kkii [opp] (local, 2-site): 30 contribs. from 6 (i) values
  - U_kkii [par] (local, 2-site): 15 contribs. from 5 (i) values
  - T_ji (single, 2-site): 30 contribs. from 6 (i) values
  - U_kkji [opp] (single, 2/3-site): 180 contribs. from 30 (i,j) pairs
  - U_kkji [par] (single, 3-site): 150 contribs. from 30 (i,j) pairs
  - U_lkji [opp] (double, 2/3/4-site): 900 contribs. from 30 (i,j) pairs
  - U_lkji [par] (double, 4-site): 170 contribs. from 20 (i,j) pairs
  - Max. no. wfn. ratios in Eloc: 255
* Reading override orbitals from file "LTSC_benzene".
* Site labels:
  +-----+
  |  5  |
  |1   4|
  |3   6|
  |  2  |
  +-----+
* Automatically set Site kinds:
  [ 1, 1, 1, 1, 1, 1 ]
  +-----+
  |  1  |
  |1   1|
  |1   1|
  |  1  |
  +-----+
* Maximum Site kind: 1
* Number of site-pair kinds with Tij=0: 0
* Automatically set Site pair kinds:
  Site 1: [ 0, 4, 1, -5, -1, -2 ]
  Site 2: [ 4, 0, 1, -4, -3, -1 ]
  Site 3: [ 1, 1, 0, -2, -4, -5 ]
  Site 4: [ -5, -4, -2, 0, 1, 1 ]
  Site 5: [ -1, -3, -4, 1, 0, 4 ]
  Site 6: [ -2, -1, -5, 1, 4, 0 ]
  For site 1 of kind 1:
  +--------+
  |   -1   |
  | 0    -5|
  | 1    -2|
  |    4   |
  +--------+
* Maximum (unsigned) Site pair kind: 5
General system setup:
* Number of sites       : 6
* Number of electrons   : 6
* Spin imbalance MS2    : 0
* Filling               : 0.500000
* Number of orbitals in pool: 6
* Using real-valued orbitals
* Using double-precision arithmetic for orbitals

Trial wave function setup:
* Jastrow parameter file: "wfn.casl"
* Multideterminant parameter file: "wfn.casl"
* Backflow parameter file: "wfn.casl"
* Not using wave function manipulation

VMC #1:
* Size of Hilbert space =   4.0000E+02
* Deterministic energy evaluation:
  > Deterministic Etot/t = -230.66416732369632
    - Ttot/t = -10.256342610890531
    - Utot/t = 3.8346671413420412
* Number of equil. steps   = 1000
* Running VMC equilibration.
  Done. [total walltime: 0.10s]
* Equil. acc.ratio (%)     =  20.4443
* Sample config after equilibration:
  +-----+
  |  u  |
  |d   2|
  |0   d|
  |  u  |
  +-----+
* Number of accum. steps   = 500480 x 10
* Running VMC accumulation.
  Done. [total walltime: 7.48s]
* Acceptance ratio (%)     =  20.3278
* Etot/t                   =  -2.306642756893E+02 +/-   1.948664310049E-04
  > Ttot/t                 =  -1.025681776339E+01 +/-   4.080112197741E-04
  > Utot/t                 =   3.835033928135E+00 +/-   2.716286528978E-04
* var[Eloc/t]              =   1.891504266078E-02 +/-   1.147022946614E-03
* Correlation length       =   1.004739471730E+00
* log10 Psi^2 range: -8.1763055474337918 -- -3.0695794084167249
* log10 Pgen range : -8.1763055474337918 -- -3.0695794084167249
* Site occupation (ave. no. electrons per config.):
  > Site_  ___eu____  ___ed____
      1        0.499      0.499
      2        0.506      0.499
      3        0.498      0.500
      4        0.499      0.495
      5        0.502      0.503
      6        0.497      0.504
* Pair-correlation analysis (ave. no. pairs per config.):
  > Shell  nsite  ___dh____  __eueu___  __eued___
      0      1        0          0          0.780
      1      4        0.817      1.504      3.715
      2      4        0.078      0.829      1.159
      3      4        0.037      0.432      0.569
      4      4        0.114      2.137      1.898
      5      4        0.083      1.097      0.878

Optimization #1:
* Method          : lls
* Target function : energy
* No. of configs. : 50048
* No. of params.  : 40
* Before optimization:
  -7.7814E-01   3.7993E-01  -4.0004E-02  -3.7072E-02   7.3250E-02   7.3064E-02
  -2.3909E-01  -2.4749E-01   6.5376E-03   4.1963E-02   4.7370E-03   3.9250E-02
   6.8472E-05   1.0732E-04  -1.6347E-01  -1.6347E-01   1.0802E-01   8.5008E-02
   7.1306E-02   6.3839E-01  -1.5413E-02  -3.6816E-02  -3.7436E-02  -4.7667E-02
  -4.7778E-02  -4.3350E-03  -1.6268E-02  -1.5322E-02  -2.4658E-02  -2.5230E-02
   1.6536E-01   1.5966E-01   1.5903E-01   8.8721E-02   8.9744E-02   7.2507E-02
   1.6322E-01   1.6366E-01   1.1279E-01   1.1265E-01
  > E    =  -2.306637946758E+02 +/-   5.834659639823E-04
  > varE =   1.703796731778E-02
* Computing derivatives.
  Done. [total walltime: 19.3s]
* Optimizing manipulation constant:
  #igrid a___________ E____________________________________ varE____________
     1     Infinity    -2.30663795E+02 +/-   5.83465964E-04   1.70379673E-02
     2     1.0000E+06  -2.30663795E+02 +/-   5.83465662E-04   1.70379497E-02
     3     2.1544E+05  -2.30663795E+02 +/-   5.83464564E-04   1.70378856E-02
     4     4.6416E+04  -2.30663795E+02 +/-   5.83459467E-04   1.70375879E-02
     5     1.0000E+04  -2.30663798E+02 +/-   5.83435826E-04   1.70362072E-02
     6     2.1544E+03  -2.30663811E+02 +/-   5.83326468E-04   1.70298213E-02
     7     4.6416E+02  -2.30663871E+02 +/-   5.82826947E-04   1.70006675E-02
     8     1.0000E+02  -2.30664122E+02 +/-   5.80680628E-04   1.68756847E-02
     9     2.1544E+01  -2.30664782E+02 +/-   5.74403161E-04   1.65127867E-02
    10     4.6416E+00  -2.30656749E+02 +/-   6.49225261E-04   2.10949037E-02
    11     1.0000E+00  -2.30285403E+02 +/-   2.18421192E-03   2.38768082E-01
    12     2.1544E-01  -2.29564196E+02 +/-   2.95333520E-03   4.36528105E-01
    13     4.6416E-02  -2.29273476E+02 +/-   2.73337393E-03   3.73925276E-01
    14     1.0000E-02  -2.29285801E+02 +/-   2.73522366E-03   3.74431532E-01
    15     2.1544E-03  -2.29290484E+02 +/-   2.73303171E-03   3.73831651E-01
    16     4.6416E-04  -2.29291879E+02 +/-   2.73210803E-03   3.73579007E-01
    17     1.0000E-04  -2.29292204E+02 +/-   2.73187387E-03   3.73514972E-01
    18     2.1544E-05  -2.29292276E+02 +/-   2.73182156E-03   3.73500668E-01
    19     4.6416E-06  -2.29292291E+02 +/-   2.73181020E-03   3.73497562E-01
    20     1.0000E-06  -2.29292295E+02 +/-   2.73180775E-03   3.73496892E-01
    21     0.0000E+00  -2.29292296E+02 +/-   2.73180708E-03   3.73496708E-01
  ParMin   4.1306E+01  -2.30664475E+02 +/-   5.77505955E-04   1.66916650E-02
  # Using grid point #9
* Iteration # 1: E =  -2.306647817492E+02 +/-   5.744031614473E-04
* Reached maximum number of iterations: exiting.
* After optimization:
  -6.2916E-01   3.7963E-01  -3.9749E-02  -3.4064E-02   7.3894E-02   7.3953E-02
  -2.3582E-01  -2.4598E-01   5.9555E-03   4.2153E-02   6.1161E-03   3.5087E-02
   7.4279E-04  -1.8756E-03  -1.5710E-01  -1.5786E-01   1.0218E-01   7.9783E-02
   6.7344E-02   5.8730E-01  -1.5296E-02  -3.5612E-02  -3.5247E-02  -4.5331E-02
  -4.5676E-02  -3.2879E-03  -1.6007E-02  -1.5068E-02  -2.4487E-02  -2.6396E-02
   1.6707E-01   1.5756E-01   1.5671E-01   8.6325E-02   8.8864E-02   7.5811E-02
   1.5988E-01   1.6146E-01   1.1008E-01   1.0962E-01
  > Energy =  -2.306647817492E+02 +/-   5.744031614473E-04
  > varE =   1.651278666564E-02

VMC #2:
* Size of Hilbert space =   4.0000E+02
* Deterministic energy evaluation:
  > Deterministic Etot/t = -230.66519852030757
    - Ttot/t = -10.256852050571664
    - Utot/t = 3.8341453844120048
* Number of equil. steps   = 1000
* Running VMC equilibration.
  Done. [total walltime: 0.06s]
* Equil. acc.ratio (%)     =  17.6332
* Sample config after equilibration:
  +-----+
  |  u  |
  |d   2|
  |d   0|
  |  u  |
  +-----+
* Number of accum. steps   = 500480 x 10
* Running VMC accumulation.
  Done. [total walltime: 7.01s]
* Acceptance ratio (%)     =  17.5877
* Etot/t                   =  -2.306653903008E+02 +/-   2.002898537121E-04
  > Ttot/t                 =  -1.025695975353E+01 +/-   4.169453600731E-04
  > Utot/t                 =   3.834061307025E+00 +/-   2.727014540676E-04
* var[Eloc/t]              =   1.924636357742E-02 +/-   9.778635127796E-04
* Correlation length       =   1.043172044500E+00
* log10 Psi^2 range: -7.5480610944516133 -- -3.0964666141692709
* log10 Pgen range : -7.5480610944516133 -- -3.0964666141692709
* Site occupation (ave. no. electrons per config.):
  > Site_  ___eu____  ___ed____
      1        0.500      0.499
      2        0.504      0.506
      3        0.500      0.495
      4        0.497      0.497
      5        0.503      0.503
      6        0.497      0.500
* Pair-correlation analysis (ave. no. pairs per config.):
  > Shell  nsite  ___dh____  __eueu___  __eued___
      0      1        0          0          0.777
      1      4        0.815      1.510      3.712
      2      4        0.080      0.825      1.154
      3      4        0.036      0.433      0.573
      4      4        0.114      2.139      1.904
      5      4        0.080      1.094      0.880

Optimization #2:
* Method          : lls
* Target function : energy
* No. of configs. : 50048
* No. of params.  : 40
* Before optimization:
  -6.2916E-01   3.7963E-01  -3.9749E-02  -3.4064E-02   7.3894E-02   7.3953E-02
  -2.3582E-01  -2.4598E-01   5.9555E-03   4.2153E-02   6.1161E-03   3.5087E-02
   7.4279E-04  -1.8756E-03  -1.5710E-01  -1.5786E-01   1.0218E-01   7.9783E-02
   6.7344E-02   5.8730E-01  -1.5296E-02  -3.5612E-02  -3.5247E-02  -4.5331E-02
  -4.5676E-02  -3.2879E-03  -1.6007E-02  -1.5068E-02  -2.4487E-02  -2.6396E-02
   1.6707E-01   1.5756E-01   1.5671E-01   8.6325E-02   8.8864E-02   7.5811E-02
   1.5988E-01   1.6146E-01   1.1008E-01   1.0962E-01
  > E    =  -2.306644750939E+02 +/-   6.072080489956E-04
  > varE =   1.845277841576E-02
* Computing derivatives.
  Done. [total walltime: 18.8s]
* Optimizing manipulation constant:
  #igrid a___________ E____________________________________ varE____________
     1     Infinity    -2.30664475E+02 +/-   6.07208049E-04   1.84527784E-02
     2     1.0000E+06  -2.30664475E+02 +/-   6.07207719E-04   1.84527584E-02
     3     2.1544E+05  -2.30664475E+02 +/-   6.07206519E-04   1.84526854E-02
     4     4.6416E+04  -2.30664476E+02 +/-   6.07200946E-04   1.84523467E-02
     5     1.0000E+04  -2.30664479E+02 +/-   6.07175078E-04   1.84507745E-02
     6     2.1544E+03  -2.30664492E+02 +/-   6.07054987E-04   1.84434766E-02
     7     4.6416E+02  -2.30664555E+02 +/-   6.06497035E-04   1.84095890E-02
     8     1.0000E+02  -2.30664846E+02 +/-   6.03895702E-04   1.82520060E-02
     9     2.1544E+01  -2.30666219E+02 +/-   5.91573745E-04   1.75147728E-02
    10     4.6416E+00  -2.30672863E+02 +/-   5.29267177E-04   1.40196332E-02
    11     1.0000E+00  -2.30696847E+02 +/-   1.81057883E-04   1.64067138E-03
    12     2.1544E-01  -2.30536025E+02 +/-   1.22041842E-03   7.45425476E-02
    13     4.6416E-02  -2.30292744E+02 +/-   1.32550789E-03   8.79328928E-02
    14     1.0000E-02  -2.30245090E+02 +/-   1.25920088E-03   7.93554507E-02
    15     2.1544E-03  -2.30235856E+02 +/-   1.24449350E-03   7.75125437E-02
    16     4.6416E-04  -2.30233917E+02 +/-   1.24137564E-03   7.71246432E-02
    17     1.0000E-04  -2.30233501E+02 +/-   1.24070701E-03   7.70415831E-02
    18     2.1544E-05  -2.30233412E+02 +/-   1.24056311E-03   7.70237128E-02
    19     4.6416E-06  -2.30233393E+02 +/-   1.24053211E-03   7.70198640E-02
    20     1.0000E-06  -2.30233388E+02 +/-   1.24052543E-03   7.70190348E-02
    21     0.0000E+00  -2.30233387E+02 +/-   1.24052360E-03   7.70188071E-02
  ParMin   1.7581E+00  -2.30686144E+02 +/-   3.76712897E-04   7.10244213E-03
  # Using grid point #11
* Iteration # 1: E =  -2.306968465615E+02 +/-   1.810578828328E-04
* Reached maximum number of iterations: exiting.
* After optimization:
  -7.8585E-01   4.2087E-01  -5.5609E-03   1.6075E-02   1.0656E-01   1.1468E-01
  -2.6660E-01  -2.8149E-01  -1.7820E-02   2.6772E-02  -1.1935E-02  -1.9944E-02
   2.6151E-03  -5.5486E-03  -3.5441E-02  -3.4142E-02   1.5902E-02  -6.7599E-03
  -1.2507E-03   5.4037E-01   1.0029E-02  -5.8563E-02  -5.5019E-02  -3.9324E-02
  -4.3282E-02   2.8613E-02  -3.9330E-02  -3.8548E-02  -2.9064E-02  -4.0805E-02
   2.4596E-01   1.2443E-01   1.2238E-01   9.3723E-02   1.0854E-01   1.5111E-01
   1.2002E-01   1.3710E-01   1.1912E-01   1.1587E-01
  > Energy =  -2.306968465615E+02 +/-   1.810578828328E-04
  > varE =   1.640671380727E-03

VMC #3:
* Size of Hilbert space =   4.0000E+02
* Deterministic energy evaluation:
  > Deterministic Etot/t = -230.69707840999826
    - Ttot/t = -10.337241273286928
    - Utot/t = 3.8826547174365511
* Number of equil. steps   = 1000
* Running VMC equilibration.
  Done. [total walltime: 0.06s]
* Equil. acc.ratio (%)     =  23.6026
* Sample config after equilibration:
  +-----+
  |  0  |
  |d   2|
  |u   2|
  |  0  |
  +-----+
* Number of accum. steps   = 500480 x 10
* Running VMC accumulation.
  Done. [total walltime: 7.06s]
* Acceptance ratio (%)     =  23.5599
* Etot/t                   =  -2.306970031620E+02 +/-   5.861975200698E-05
  > Ttot/t                 =  -1.033674064080E+01 +/-   3.326135792319E-04
  > Utot/t                 =   3.882229333170E+00 +/-   2.931638750621E-04
* var[Eloc/t]              =   1.652695762974E-03 +/-   8.531220918344E-06
* Correlation length       =   1.040595077064E+00
* log10 Psi^2 range: -8.5343413384758477 -- -4.2420033469042027
* log10 Pgen range : -8.5343413384758477 -- -4.2420033469042027
* Site occupation (ave. no. electrons per config.):
  > Site_  ___eu____  ___ed____
      1        0.503      0.498
      2        0.499      0.506
      3        0.503      0.497
      4        0.499      0.499
      5        0.496      0.501
      6        0.500      0.499
* Pair-correlation analysis (ave. no. pairs per config.):
  > Shell  nsite  ___dh____  __eueu___  __eued___
      0      1        0          0          0.945
      1      4        0.972      1.467      3.620
      2      4        0.120      0.839      1.131
      3      4        0.058      0.413      0.572
      4      4        0.195      2.189      1.826
      5      4        0.105      1.091      0.905

Optimization #3:
* Method          : lls
* Target function : energy
* No. of configs. : 50048
* No. of params.  : 40
* Before optimization:
  -7.8585E-01   4.2087E-01  -5.5609E-03   1.6075E-02   1.0656E-01   1.1468E-01
  -2.6660E-01  -2.8149E-01  -1.7820E-02   2.6772E-02  -1.1935E-02  -1.9944E-02
   2.6151E-03  -5.5486E-03  -3.5441E-02  -3.4142E-02   1.5902E-02  -6.7599E-03
  -1.2507E-03   5.4037E-01   1.0029E-02  -5.8563E-02  -5.5019E-02  -3.9324E-02
  -4.3282E-02   2.8613E-02  -3.9330E-02  -3.8548E-02  -2.9064E-02  -4.0805E-02
   2.4596E-01   1.2443E-01   1.2238E-01   9.3723E-02   1.0854E-01   1.5111E-01
   1.2002E-01   1.3710E-01   1.1912E-01   1.1587E-01
  > E    =  -2.306968085105E+02 +/-   1.804227926328E-04
  > varE =   1.629181719507E-03
* Computing derivatives.
  Done. [total walltime: 18.9s]
* Optimizing manipulation constant:
  #igrid a___________ E____________________________________ varE____________
     1     Infinity    -2.30696809E+02 +/-   1.80422793E-04   1.62918172E-03
     2     1.0000E+06  -2.30696809E+02 +/-   1.80422680E-04   1.62917969E-03
     3     2.1544E+05  -2.30696809E+02 +/-   1.80422273E-04   1.62917233E-03
     4     4.6416E+04  -2.30696809E+02 +/-   1.80420405E-04   1.62913859E-03
     5     1.0000E+04  -2.30696809E+02 +/-   1.80412240E-04   1.62899116E-03
     6     2.1544E+03  -2.30696809E+02 +/-   1.80385330E-04   1.62850524E-03
     7     4.6416E+02  -2.30696801E+02 +/-   1.80504126E-04   1.63065090E-03
     8     1.0000E+02  -2.30696468E+02 +/-   1.87985032E-04   1.76861485E-03
     9     2.1544E+01  -2.30654738E+02 +/-   7.71953257E-04   2.98241954E-02
    10     4.6416E+00  -2.29259994E+02 +/-   2.69105329E-03   3.62435995E-01
    11     1.0000E+00  -2.29256505E+02 +/-   2.67057561E-03   3.56941039E-01
    12     2.1544E-01  -2.29281557E+02 +/-   2.63680777E-03   3.47971492E-01
    13     4.6416E-02  -2.29262263E+02 +/-   1.14352326E-03   6.54450393E-02
    14     1.0000E-02  -2.30021872E+02 +/-   5.75744198E-05   1.65899802E-04
    15     2.1544E-03  -2.30021793E+02 +/-   5.75278992E-05   1.65631814E-04
    16     4.6416E-04  -2.30021777E+02 +/-   5.75182762E-05   1.65576406E-04
    17     1.0000E-04  -2.30021774E+02 +/-   5.75162218E-05   1.65564578E-04
    18     2.1544E-05  -2.30021773E+02 +/-   5.75157800E-05   1.65562035E-04
    19     4.6416E-06  -2.30021773E+02 +/-   5.75156849E-05   1.65561487E-04
    20     1.0000E-06  -2.30021773E+02 +/-   5.75156644E-05   1.65561369E-04
    21     0.0000E+00  -2.30021773E+02 +/-   5.75156588E-05   1.65561337E-04
  ParMin   4.1488E+03  -2.30696809E+02 +/-   1.80399669E-04   1.62876414E-03
  # Using grid point #6
* Iteration # 1: E =  -2.306968094321E+02 +/-   1.803853303245E-04
* Reached maximum number of iterations: exiting.
* After optimization:
  -7.7691E-01   4.2077E-01  -5.6001E-03   1.6049E-02   1.0651E-01   1.1460E-01
  -2.6649E-01  -2.8140E-01  -1.7793E-02   2.6768E-02  -1.1881E-02  -1.9976E-02
   2.6205E-03  -5.5824E-03  -3.5460E-02  -3.4146E-02   1.5906E-02  -6.7522E-03
  -1.2519E-03   5.3806E-01   9.9939E-03  -5.8288E-02  -5.4762E-02  -3.9141E-02
  -4.3081E-02   2.8482E-02  -3.9147E-02  -3.8364E-02  -2.8922E-02  -4.0620E-02
   2.4594E-01   1.2435E-01   1.2230E-01   9.3688E-02   1.0852E-01   1.5111E-01
   1.1995E-01   1.3704E-01   1.1907E-01   1.1583E-01
  > Energy =  -2.306968094321E+02 +/-   1.803853303245E-04
  > varE =   1.628505235450E-03

VMC #4:
* Size of Hilbert space =   4.0000E+02
* Deterministic energy evaluation:
  > Deterministic Etot/t = -230.69707928598729
    - Ttot/t = -10.337241442764462
    - Utot/t = 3.8826540109250858
* Number of equil. steps   = 1000
* Running VMC equilibration.
  Done. [total walltime: 0.06s]
* Equil. acc.ratio (%)     =  23.4008
* Sample config after equilibration:
  +-----+
  |  2  |
  |d   0|
  |0   u|
  |  2  |
  +-----+
* Number of accum. steps   = 500480 x 10
* Running VMC accumulation.
  Done. [total walltime: 7.24s]
* Acceptance ratio (%)     =  23.3954
* Etot/t                   =  -2.306969338181E+02 +/-   5.741707975116E-05
  > Ttot/t                 =  -1.033667157265E+01 +/-   3.222109942837E-04
  > Utot/t                 =   3.882229608898E+00 +/-   2.839066613224E-04
* var[Eloc/t]              =   1.632895485868E-03 +/-   6.905345513655E-06
* Correlation length       =   1.010440021396E+00
* log10 Psi^2 range: -8.7324663780437390 -- -4.2415985190188934
* log10 Pgen range : -8.7324663780437390 -- -4.2415985190188934
* Site occupation (ave. no. electrons per config.):
  > Site_  ___eu____  ___ed____
      1        0.498      0.496
      2        0.504      0.501
      3        0.502      0.501
      4        0.500      0.498
      5        0.500      0.505
      6        0.496      0.500
* Pair-correlation analysis (ave. no. pairs per config.):
  > Shell  nsite  ___dh____  __eueu___  __eued___
      0      1        0          0          0.945
      1      4        0.975      1.464      3.621
      2      4        0.121      0.836      1.123
      3      4        0.058      0.418      0.576
      4      4        0.194      2.195      1.830
      5      4        0.103      1.088      0.905

Optimization #4:
* Method          : lls
* Target function : energy
* No. of configs. : 50048
* No. of params.  : 40
* Before optimization:
  -7.7691E-01   4.2077E-01  -5.6001E-03   1.6049E-02   1.0651E-01   1.1460E-01
  -2.6649E-01  -2.8140E-01  -1.7793E-02   2.6768E-02  -1.1881E-02  -1.9976E-02
   2.6205E-03  -5.5824E-03  -3.5460E-02  -3.4146E-02   1.5906E-02  -6.7522E-03
  -1.2519E-03   5.3806E-01   9.9939E-03  -5.8288E-02  -5.4762E-02  -3.9141E-02
  -4.3081E-02   2.8482E-02  -3.9147E-02  -3.8364E-02  -2.8922E-02  -4.0620E-02
   2.4594E-01   1.2435E-01   1.2230E-01   9.3688E-02   1.0852E-01   1.5111E-01
   1.1995E-01   1.3704E-01   1.1907E-01   1.1583E-01
  > E    =  -2.306968585495E+02 +/-   1.801809607148E-04
  > varE =   1.624817258778E-03
* Computing derivatives.
  Done. [total walltime: 19.4s]
* Optimizing manipulation constant:
  #igrid a___________ E____________________________________ varE____________
     1     Infinity    -2.30696859E+02 +/-   1.80180961E-04   1.62481726E-03
     2     1.0000E+06  -2.30696859E+02 +/-   1.80180862E-04   1.62481547E-03
     3     2.1544E+05  -2.30696859E+02 +/-   1.80180678E-04   1.62481215E-03
     4     4.6416E+04  -2.30696858E+02 +/-   1.80183468E-04   1.62486249E-03
     5     1.0000E+04  -2.30696854E+02 +/-   1.80275714E-04   1.62652662E-03
     6     2.1544E+03  -2.30696751E+02 +/-   1.82580370E-04   1.66837967E-03
     7     4.6416E+02  -2.30692388E+02 +/-   2.86118393E-04   4.09711619E-03
     8     1.0000E+02  -2.30132287E+02 +/-   2.44162844E-03   2.98363626E-01
     9     2.1544E+01  -2.29244712E+02 +/-   2.66887291E-03   3.56486028E-01
    10     4.6416E+00  -2.29244980E+02 +/-   2.66833782E-03   3.56343098E-01
    11     1.0000E+00  -2.29249910E+02 +/-   2.66644095E-03   3.55836642E-01
    12     2.1544E-01  -2.29276447E+02 +/-   8.02456077E-04   3.22276967E-02
    13     4.6416E-02  -2.29363034E+02 +/-   5.17251205E-04   1.33902828E-02
    14     1.0000E-02  -2.29401797E+02 +/-   7.73381831E-05   2.99346825E-04
    15     2.1544E-03  -2.29402176E+02 +/-   5.53603476E-05   1.53385513E-04
    16     4.6416E-04  -2.29402205E+02 +/-   5.33134342E-05   1.42252545E-04
    17     1.0000E-04  -2.29402210E+02 +/-   5.29465860E-05   1.40301609E-04
    18     2.1544E-05  -2.29402211E+02 +/-   5.28706150E-05   1.39899271E-04
    19     4.6416E-06  -2.29402211E+02 +/-   5.28543863E-05   1.39813400E-04
    20     1.0000E-06  -2.29402211E+02 +/-   5.28508963E-05   1.39794937E-04
    21     0.0000E+00  -2.29402211E+02 +/-   5.28499384E-05   1.39789869E-04
* Iteration # 1: E =  -2.306968585549E+02 +/-   1.801806777094E-04
* Reached maximum number of iterations: exiting.
* After optimization:
  -7.7585E-01   4.2077E-01  -5.6004E-03   1.6048E-02   1.0651E-01   1.1460E-01
  -2.6649E-01  -2.8140E-01  -1.7793E-02   2.6768E-02  -1.1880E-02  -1.9976E-02
   2.6205E-03  -5.5828E-03  -3.5460E-02  -3.4146E-02   1.5906E-02  -6.7521E-03
  -1.2519E-03   5.3778E-01   9.9887E-03  -5.8257E-02  -5.4733E-02  -3.9121E-02
  -4.3059E-02   2.8467E-02  -3.9126E-02  -3.8343E-02  -2.8907E-02  -4.0598E-02
   2.4593E-01   1.2435E-01   1.2230E-01   9.3688E-02   1.0852E-01   1.5111E-01
   1.1995E-01   1.3704E-01   1.1907E-01   1.1583E-01
  > Energy =  -2.306968585549E+02 +/-   1.801806777094E-04
  > varE =   1.624812154669E-03

VMC #5:
* Size of Hilbert space =   4.0000E+02
* Deterministic energy evaluation:
  > Deterministic Etot/t = -230.69707929132792
    - Ttot/t = -10.337241413753983
    - Utot/t = 3.8826539765739514
* Number of equil. steps   = 1000
* Running VMC equilibration.
  Done. [total walltime: 0.06s]
* Equil. acc.ratio (%)     =  23.5302
* Sample config after equilibration:
  +-----+
  |  2  |
  |0   u|
  |2   d|
  |  0  |
  +-----+
* Number of accum. steps   = 500480 x 10
* Running VMC accumulation.
  Done. [total walltime: 7.07s]
* Acceptance ratio (%)     =  23.3644
* Etot/t                   =  -2.306971063647E+02 +/-   5.628344713295E-05
  > Ttot/t                 =  -1.033724580723E+01 +/-   3.248128929459E-04
  > Utot/t                 =   3.882631296683E+00 +/-   2.876583360698E-04
* var[Eloc/t]              =   1.658811693016E-03 +/-   6.530367978630E-06
* Correlation length       =   9.557647645851E-01
* log10 Psi^2 range: -8.1755642523065362 -- -4.2415940133692800
* log10 Pgen range : -8.1755642523065362 -- -4.2415940133692800
* Site occupation (ave. no. electrons per config.):
  > Site_  ___eu____  ___ed____
      1        0.498      0.501
      2        0.502      0.503
      3        0.498      0.499
      4        0.500      0.498
      5        0.502      0.501
      6        0.500      0.498
* Pair-correlation analysis (ave. no. pairs per config.):
  > Shell  nsite  ___dh____  __eueu___  __eued___
      0      1        0          0          0.944
      1      4        0.971      1.470      3.617
      2      4        0.119      0.835      1.128
      3      4        0.059      0.415      0.577
      4      4        0.195      2.194      1.828
      5      4        0.103      1.086      0.906

Optimization #5:
* Method          : lls
* Target function : energy
* No. of configs. : 50048
* No. of params.  : 40
* Before optimization:
  -7.7585E-01   4.2077E-01  -5.6004E-03   1.6048E-02   1.0651E-01   1.1460E-01
  -2.6649E-01  -2.8140E-01  -1.7793E-02   2.6768E-02  -1.1880E-02  -1.9976E-02
   2.6205E-03  -5.5828E-03  -3.5460E-02  -3.4146E-02   1.5906E-02  -6.7521E-03
  -1.2519E-03   5.3778E-01   9.9887E-03  -5.8257E-02  -5.4733E-02  -3.9121E-02
  -4.3059E-02   2.8467E-02  -3.9126E-02  -3.8343E-02  -2.8907E-02  -4.0598E-02
   2.4593E-01   1.2435E-01   1.2230E-01   9.3688E-02   1.0852E-01   1.5111E-01
   1.1995E-01   1.3704E-01   1.1907E-01   1.1583E-01
  > E    =  -2.306970055368E+02 +/-   1.811078230227E-04
  > varE =   1.641576580091E-03
* Computing derivatives.
  Done. [total walltime: 19.1s]
* Optimizing manipulation constant:
  #igrid a___________ E____________________________________ varE____________
     1     Infinity    -2.30697006E+02 +/-   1.81107823E-04   1.64157658E-03
     2     1.0000E+06  -2.30697006E+02 +/-   1.81107712E-04   1.64157457E-03
     3     2.1544E+05  -2.30697006E+02 +/-   1.81107307E-04   1.64156723E-03
     4     4.6416E+04  -2.30697006E+02 +/-   1.81105430E-04   1.64153319E-03
     5     1.0000E+04  -2.30697006E+02 +/-   1.81096715E-04   1.64137522E-03
     6     2.1544E+03  -2.30697007E+02 +/-   1.81056294E-04   1.64064258E-03
     7     4.6416E+02  -2.30697012E+02 +/-   1.80869245E-04   1.63725445E-03
     8     1.0000E+02  -2.30697037E+02 +/-   1.80013079E-04   1.62179085E-03
     9     2.1544E+01  -2.30697145E+02 +/-   1.76270696E-04   1.55505933E-03
    10     4.6416E+00  -2.30697559E+02 +/-   1.62145638E-04   1.31582238E-03
    11     1.0000E+00  -2.30698726E+02 +/-   1.20834908E-04   7.30754600E-04
    12     2.1544E-01  -2.30699923E+02 +/-   7.03651630E-05   2.47800468E-04
    13     4.6416E-02  -2.30699732E+02 +/-   9.12079371E-05   4.16343696E-04
    14     1.0000E-02  -2.30699478E+02 +/-   1.05717959E-04   5.59350806E-04
    15     2.1544E-03  -2.30699404E+02 +/-   1.09452035E-04   5.99562426E-04
    16     4.6416E-04  -2.30699387E+02 +/-   1.10286042E-04   6.08734379E-04
    17     1.0000E-04  -2.30699383E+02 +/-   1.10467107E-04   6.10734832E-04
    18     2.1544E-05  -2.30699383E+02 +/-   1.10506181E-04   6.11166958E-04
    19     4.6416E-06  -2.30699383E+02 +/-   1.10514602E-04   6.11260110E-04
    20     1.0000E-06  -2.30699382E+02 +/-   1.10516416E-04   6.11280181E-04
    21     0.0000E+00  -2.30699382E+02 +/-   1.10516915E-04   6.11285693E-04
  ParMin   1.2753E-01  -2.30699950E+02 +/-   7.34333817E-05   2.69881916E-04
  # Using parabolic minimum
* Iteration # 1: E =  -2.306999496349E+02 +/-   7.343338174753E-05
* Reached maximum number of iterations: exiting.
* After optimization:
  -4.7733E-01   3.2627E-01  -9.2778E-02  -4.9425E-02   2.6595E-02   3.6689E-03
  -1.1777E-01  -1.4720E-01   4.8758E-02   4.8583E-02   5.7933E-02  -1.9347E-02
  -1.1328E-03  -3.6400E-02  -3.7096E-02  -2.1629E-02   8.0413E-03  -2.0165E-03
  -2.6805E-03   6.0756E-01   3.9866E-02  -4.2999E-02  -4.0402E-02  -2.3031E-02
  -2.4275E-02   3.0642E-02  -3.3698E-02  -2.8759E-02  -1.0337E-02  -2.7999E-02
   2.2262E-01   9.2671E-03   1.5319E-03   5.1086E-02   8.0112E-02   1.8970E-01
   1.6577E-02   2.8694E-02   6.2903E-02   6.7530E-02
  > Energy =  -2.306999496349E+02 +/-   7.343338174753E-05
  > varE =   2.698819158986E-04

VMC #6:
* Size of Hilbert space =   4.0000E+02
* Deterministic energy evaluation:
  > Deterministic Etot/t = -230.70002005653771
    - Ttot/t = -10.365106701957563
    - Utot/t = 3.9075784995677680
* Number of equil. steps   = 1000
* Running VMC equilibration.
  Done. [total walltime: 0.06s]
* Equil. acc.ratio (%)     =  34.9339
* Sample config after equilibration:
  +-----+
  |  u  |
  |d   d|
  |u   u|
  |  d  |
  +-----+
* Number of accum. steps   = 500480 x 10
* Running VMC accumulation.
  Done. [total walltime: 7.31s]
* Acceptance ratio (%)     =  34.8214
* Etot/t                   =  -2.307000090160E+02 +/-   2.296236488323E-05
  > Ttot/t                 =  -1.036506882649E+01 +/-   2.828893197907E-04
  > Utot/t                 =   3.907551664317E+00 +/-   2.891495431145E-04
* var[Eloc/t]              =   2.711996152125E-04 +/-   6.647351465398E-07
* Correlation length       =   9.730404300357E-01
* log10 Psi^2 range: -8.1533199811281722 -- -3.9508860933380316
* log10 Pgen range : -8.1533199811281722 -- -3.9508860933380316
* Site occupation (ave. no. electrons per config.):
  > Site_  ___eu____  ___ed____
      1        0.505      0.501
      2        0.501      0.499
      3        0.498      0.499
      4        0.498      0.501
      5        0.499      0.499
      6        0.499      0.501
* Pair-correlation analysis (ave. no. pairs per config.):
  > Shell  nsite  ___dh____  __eueu___  __eued___
      0      1        0          0          1.039
      1      4        1.068      1.473      3.525
      2      4        0.148      0.841      1.110
      3      4        0.076      0.418      0.555
      4      4        0.231      2.180      1.846
      5      4        0.114      1.089      0.925

Optimization #6:
* Method          : lls
* Target function : energy
* No. of configs. : 50048
* No. of params.  : 40
* Before optimization:
  -4.7733E-01   3.2627E-01  -9.2778E-02  -4.9425E-02   2.6595E-02   3.6689E-03
  -1.1777E-01  -1.4720E-01   4.8758E-02   4.8583E-02   5.7933E-02  -1.9347E-02
  -1.1328E-03  -3.6400E-02  -3.7096E-02  -2.1629E-02   8.0413E-03  -2.0165E-03
  -2.6805E-03   6.0756E-01   3.9866E-02  -4.2999E-02  -4.0402E-02  -2.3031E-02
  -2.4275E-02   3.0642E-02  -3.3698E-02  -2.8759E-02  -1.0337E-02  -2.7999E-02
   2.2262E-01   9.2671E-03   1.5319E-03   5.1086E-02   8.0112E-02   1.8970E-01
   1.6577E-02   2.8694E-02   6.2903E-02   6.7530E-02
  > E    =  -2.306999791172E+02 +/-   7.341006102084E-05
  > varE =   2.697105267330E-04
* Computing derivatives.
  Done. [total walltime: 19.4s]
* Optimizing manipulation constant:
  #igrid a___________ E____________________________________ varE____________
     1     Infinity    -2.30699979E+02 +/-   7.34100610E-05   2.69710527E-04
     2     1.0000E+06  -2.30699979E+02 +/-   7.34099640E-05   2.69709814E-04
     3     2.1544E+05  -2.30699979E+02 +/-   7.34094489E-05   2.69706029E-04
     4     4.6416E+04  -2.30699979E+02 +/-   7.34037350E-05   2.69664045E-04
     5     1.0000E+04  -2.30699980E+02 +/-   7.33061899E-05   2.68947816E-04
     6     2.1544E+03  -2.30699990E+02 +/-   7.14368633E-05   2.55406227E-04
     7     4.6416E+02  -2.30699836E+02 +/-   7.42598407E-05   2.75990894E-04
     8     1.0000E+02  -2.30622940E+02 +/-   1.06868763E-03   5.71594833E-02
     9     2.1544E+01  -2.30014026E+02 +/-   2.58793276E-03   3.35191274E-01
    10     4.6416E+00  -2.30005971E+02 +/-   2.59376736E-03   3.36704383E-01
    11     1.0000E+00  -2.29251554E+02 +/-   2.82108598E-03   3.98308313E-01
    12     2.1544E-01  -2.29232483E+02 +/-   2.83931866E-03   4.03473486E-01
    13     4.6416E-02  -2.29256708E+02 +/-   2.81868089E-03   3.97629457E-01
    14     1.0000E-02  -2.30214979E+02 +/-   2.37757297E-03   2.82913998E-01
    15     2.1544E-03  -2.30008224E+02 +/-   2.58588911E-03   3.34662092E-01
    16     4.6416E-04  -2.30006826E+02 +/-   2.58652701E-03   3.34827224E-01
    17     1.0000E-04  -2.30006679E+02 +/-   2.58655932E-03   3.34835589E-01
    18     2.1544E-05  -2.30006651E+02 +/-   2.58656304E-03   3.34836552E-01
    19     4.6416E-06  -2.30006646E+02 +/-   2.58656370E-03   3.34836724E-01
    20     1.0000E-06  -2.30006645E+02 +/-   2.58656384E-03   3.34836759E-01
    21     0.0000E+00  -2.30006644E+02 +/-   2.58656387E-03   3.34836769E-01
  ParMin   4.0402E+03  -2.30699983E+02 +/-   7.28158268E-05   2.65361735E-04
  # Using grid point #6
* Iteration # 1: E =  -2.306999902884E+02 +/-   7.143686333027E-05
* Reached maximum number of iterations: exiting.
* After optimization:
  -5.5864E-01   3.2627E-01  -9.2759E-02  -4.9409E-02   2.6609E-02   3.6824E-03
  -1.1780E-01  -1.4723E-01   4.8749E-02   4.8570E-02   5.7922E-02  -1.9345E-02
  -1.1335E-03  -3.6395E-02  -3.7090E-02  -2.1624E-02   8.0413E-03  -2.0118E-03
  -2.6797E-03   6.3226E-01   4.1493E-02  -4.4753E-02  -4.2053E-02  -2.3967E-02
  -2.5261E-02   3.1900E-02  -3.5078E-02  -2.9940E-02  -1.0758E-02  -2.9136E-02
   2.2260E-01   9.2474E-03   1.5162E-03   5.1065E-02   8.0087E-02   1.8968E-01
   1.6552E-02   2.8670E-02   6.2889E-02   6.7514E-02
  > Energy =  -2.306999902884E+02 +/-   7.143686333027E-05
  > varE =   2.554062269446E-04

VMC #7:
* Size of Hilbert space =   4.0000E+02
* Deterministic energy evaluation:
  > Deterministic Etot/t = -230.70003464951498
    - Ttot/t = -10.364648350895342
    - Utot/t = 3.9071055555282332
* Number of equil. steps   = 1000
* Running VMC equilibration.
  Done. [total walltime: 0.06s]
* Equil. acc.ratio (%)     =  37.3066
* Sample config after equilibration:
  +-----+
  |  u  |
  |2   0|
  |0   2|
  |  d  |
  +-----+
* Number of accum. steps   = 500480 x 10
* Running VMC accumulation.
  Done. [total walltime: 7.15s]
* Acceptance ratio (%)     =  37.4293
* Etot/t                   =  -2.307000345770E+02 +/-   2.266921326585E-05
  > Ttot/t                 =  -1.036494008284E+01 +/-   2.839235537830E-04
  > Utot/t                 =   3.907397360019E+00 +/-   2.888477624979E-04
* var[Eloc/t]              =   2.575262781973E-04 +/-   3.835524428221E-07
* Correlation length       =   9.987069498194E-01
* log10 Psi^2 range: -7.4450970125782820 -- -3.9509113286889357
* log10 Pgen range : -7.4450970125782820 -- -3.9509113286889357
* Site occupation (ave. no. electrons per config.):
  > Site_  ___eu____  ___ed____
      1        0.499      0.498
      2        0.504      0.500
      3        0.498      0.502
      4        0.500      0.499
      5        0.500      0.500
      6        0.499      0.500
* Pair-correlation analysis (ave. no. pairs per config.):
  > Shell  nsite  ___dh____  __eueu___  __eued___
      0      1        0          0          1.034
      1      4        1.066      1.466      3.534
      2      4        0.151      0.831      1.113
      3      4        0.074      0.418      0.563
      4      4        0.233      2.193      1.838
      5      4        0.115      1.092      0.918

Optimization #7:
* Method          : lls
* Target function : energy
* No. of configs. : 50048
* No. of params.  : 40
* Before optimization:
  -5.5864E-01   3.2627E-01  -9.2759E-02  -4.9409E-02   2.6609E-02   3.6824E-03
  -1.1780E-01  -1.4723E-01   4.8749E-02   4.8570E-02   5.7922E-02  -1.9345E-02
  -1.1335E-03  -3.6395E-02  -3.7090E-02  -2.1624E-02   8.0413E-03  -2.0118E-03
  -2.6797E-03   6.3226E-01   4.1493E-02  -4.4753E-02  -4.2053E-02  -2.3967E-02
  -2.5261E-02   3.1900E-02  -3.5078E-02  -2.9940E-02  -1.0758E-02  -2.9136E-02
   2.2260E-01   9.2474E-03   1.5162E-03   5.1065E-02   8.0087E-02   1.8968E-01
   1.6552E-02   2.8670E-02   6.2889E-02   6.7514E-02
  > E    =  -2.307000351150E+02 +/-   7.137116161533E-05
  > varE =   2.549366399662E-04
* Computing derivatives.
  Done. [total walltime: 19.4s]
* Optimizing manipulation constant:
  #igrid a___________ E____________________________________ varE____________
     1     Infinity    -2.30700035E+02 +/-   7.13711616E-05   2.54936640E-04
     2     1.0000E+06  -2.30700035E+02 +/-   7.13710751E-05   2.54936022E-04
     3     2.1544E+05  -2.30700035E+02 +/-   7.13707602E-05   2.54933772E-04
     4     4.6416E+04  -2.30700035E+02 +/-   7.13692977E-05   2.54923324E-04
     5     1.0000E+04  -2.30700035E+02 +/-   7.13624924E-05   2.54874711E-04
     6     2.1544E+03  -2.30700035E+02 +/-   7.13305446E-05   2.54646556E-04
     7     4.6416E+02  -2.30700036E+02 +/-   7.11745371E-05   2.53533895E-04
     8     1.0000E+02  -2.30700041E+02 +/-   7.02902053E-05   2.47272802E-04
     9     2.1544E+01  -2.30700069E+02 +/-   6.36946410E-05   2.03045101E-04
    10     4.6416E+00  -2.30699102E+02 +/-   1.20145399E-04   7.22438720E-04
    11     1.0000E+00  -2.30649944E+02 +/-   8.49530514E-04   3.61197464E-02
    12     2.1544E-01  -2.30340189E+02 +/-   2.07878211E-03   2.16274177E-01
    13     4.6416E-02  -2.30484228E+02 +/-   1.69333489E-03   1.43506786E-01
    14     1.0000E-02  -2.29257868E+02 +/-   2.63786086E-03   3.48249494E-01
    15     2.1544E-03  -2.29253671E+02 +/-   2.64057949E-03   3.48967689E-01
    16     4.6416E-04  -2.29252596E+02 +/-   2.64165955E-03   3.49253222E-01
    17     1.0000E-04  -2.29252348E+02 +/-   2.64190548E-03   3.49318251E-01
    18     2.1544E-05  -2.29252293E+02 +/-   2.64195902E-03   3.49332411E-01
    19     4.6416E-06  -2.29252282E+02 +/-   2.64197058E-03   3.49335469E-01
    20     1.0000E-06  -2.29252279E+02 +/-   2.64197308E-03   3.49336128E-01
    21     0.0000E+00  -2.29252278E+02 +/-   2.64197376E-03   3.49336309E-01
  ParMin   4.3626E+01  -2.30700050E+02 +/-   6.83233675E-05   2.33628195E-04
  # Using grid point #9
* Iteration # 1: E =  -2.307000687748E+02 +/-   6.369464103913E-05
* Reached maximum number of iterations: exiting.
* After optimization:
  -4.4074E-01   3.2601E-01  -9.1272E-02  -4.8341E-02   2.7738E-02   4.8388E-03
  -1.2022E-01  -1.4992E-01   4.8163E-02   4.7429E-02   5.7143E-02  -1.8844E-02
  -1.1608E-03  -3.5919E-02  -3.6401E-02  -2.1045E-02   8.0800E-03  -1.6345E-03
  -2.5717E-03   5.9529E-01   4.0068E-02  -4.2786E-02  -4.0526E-02  -2.2394E-02
  -2.3559E-02   3.1575E-02  -3.4094E-02  -2.9464E-02  -1.0179E-02  -2.7174E-02
   2.2128E-01   7.0595E-03  -2.5493E-04   4.9277E-02   7.7802E-02   1.8855E-01
   1.3972E-02   2.6107E-02   6.1609E-02   6.5989E-02
  > Energy =  -2.307000687748E+02 +/-   6.369464103913E-05
  > varE =   2.030451012054E-04

VMC #8:
* Size of Hilbert space =   4.0000E+02
* Deterministic energy evaluation:
  > Deterministic Etot/t = -230.70008112327358
    - Ttot/t = -10.363448980274349
    - Utot/t = 3.9058597111486622
* Number of equil. steps   = 1000
* Running VMC equilibration.
  Done. [total walltime: 0.06s]
* Equil. acc.ratio (%)     =  33.0841
* Sample config after equilibration:
  +-----+
  |  d  |
  |0   u|
  |2   2|
  |  0  |
  +-----+
* Number of accum. steps   = 500480 x 10
* Running VMC accumulation.
  Done. [total walltime: 7.29s]
* Acceptance ratio (%)     =  33.2127
* Etot/t                   =  -2.307000970652E+02 +/-   2.046068327877E-05
  > Ttot/t                 =  -1.036306017780E+01 +/-   2.870954924424E-04
  > Utot/t                 =   3.905454966706E+00 +/-   2.895374675942E-04
* var[Eloc/t]              =   2.048412017132E-04 +/-   3.014350875905E-07
* Correlation length       =   1.022844649189E+00
* log10 Psi^2 range: -8.1767405232421790 -- -3.9589079623596111
* log10 Pgen range : -8.1767405232421790 -- -3.9589079623596111
* Site occupation (ave. no. electrons per config.):
  > Site_  ___eu____  ___ed____
      1        0.499      0.500
      2        0.500      0.504
      3        0.501      0.497
      4        0.497      0.501
      5        0.502      0.500
      6        0.500      0.498
* Pair-correlation analysis (ave. no. pairs per config.):
  > Shell  nsite  ___dh____  __eueu___  __eued___
      0      1        0          0          1.034
      1      4        1.065      1.468      3.532
      2      4        0.149      0.831      1.111
      3      4        0.076      0.420      0.560
      4      4        0.231      2.189      1.846
      5      4        0.114      1.091      0.917

Optimization #8:
* Method          : lls
* Target function : energy
* No. of configs. : 50048
* No. of params.  : 40
* Before optimization:
  -4.4074E-01   3.2601E-01  -9.1272E-02  -4.8341E-02   2.7738E-02   4.8388E-03
  -1.2022E-01  -1.4992E-01   4.8163E-02   4.7429E-02   5.7143E-02  -1.8844E-02
  -1.1608E-03  -3.5919E-02  -3.6401E-02  -2.1045E-02   8.0800E-03  -1.6345E-03
  -2.5717E-03   5.9529E-01   4.0068E-02  -4.2786E-02  -4.0526E-02  -2.2394E-02
  -2.3559E-02   3.1575E-02  -3.4094E-02  -2.9464E-02  -1.0179E-02  -2.7174E-02
   2.2128E-01   7.0595E-03  -2.5493E-04   4.9277E-02   7.7802E-02   1.8855E-01
   1.3972E-02   2.6107E-02   6.1609E-02   6.5989E-02
  > E    =  -2.306999969544E+02 +/-   6.402794711293E-05
  > varE =   2.051756803194E-04
* Computing derivatives.
  Done. [total walltime: 19.4s]
* Optimizing manipulation constant:
  #igrid a___________ E____________________________________ varE____________
     1     Infinity    -2.30699997E+02 +/-   6.40279471E-05   2.05175680E-04
     2     1.0000E+06  -2.30699997E+02 +/-   6.40278691E-05   2.05175180E-04
     3     2.1544E+05  -2.30699997E+02 +/-   6.40275848E-05   2.05173358E-04
     4     4.6416E+04  -2.30699997E+02 +/-   6.40262595E-05   2.05164865E-04
     5     1.0000E+04  -2.30699997E+02 +/-   6.40199839E-05   2.05124648E-04
     6     2.1544E+03  -2.30699997E+02 +/-   6.39881805E-05   2.04920898E-04
     7     4.6416E+02  -2.30699999E+02 +/-   6.37828487E-05   2.03607865E-04
     8     1.0000E+02  -2.30700011E+02 +/-   6.17044610E-05   1.90554782E-04
     9     2.1544E+01  -2.30699306E+02 +/-   1.15817604E-04   6.71329729E-04
    10     4.6416E+00  -2.30005974E+02 +/-   2.57907564E-03   3.32900835E-01
    11     1.0000E+00  -2.30700182E+02 +/-   3.21089956E-05   5.15988675E-05
    12     2.1544E-01  -2.30505559E+02 +/-   1.64782989E-03   1.35897504E-01
    13     4.6416E-02  -2.30317278E+02 +/-   2.17027301E-03   2.35730331E-01
    14     1.0000E-02  -2.30282134E+02 +/-   2.23901402E-03   2.50899821E-01
    15     2.1544E-03  -2.30275329E+02 +/-   2.25152155E-03   2.53710794E-01
    16     4.6416E-04  -2.30273904E+02 +/-   2.25410916E-03   2.54294295E-01
    17     1.0000E-04  -2.30273599E+02 +/-   2.25466168E-03   2.54418972E-01
    18     2.1544E-05  -2.30273533E+02 +/-   2.25478048E-03   2.54445785E-01
    19     4.6416E-06  -2.30273519E+02 +/-   2.25480607E-03   2.54451559E-01
    20     1.0000E-06  -2.30273516E+02 +/-   2.25481158E-03   2.54452803E-01
    21     0.0000E+00  -2.30273515E+02 +/-   2.25481309E-03   2.54453145E-01
  ParMin   6.5194E-01  -2.30695305E+02 +/-   2.77618260E-04   3.85729436E-03
  # Using grid point #11
* Iteration # 1: E =  -2.307001823898E+02 +/-   3.210899564241E-05
* Reached maximum number of iterations: exiting.
* After optimization:
  -4.8508E-01   3.2344E-01  -8.2129E-02  -4.5569E-02   3.3606E-02   1.2796E-02
  -1.3672E-01  -1.6989E-01   4.4850E-02   4.0990E-02   5.9080E-02  -1.5329E-02
   3.2767E-03  -3.3939E-02  -2.9652E-02  -1.6404E-02   7.7309E-03   1.1327E-05
  -1.5663E-03   6.2069E-01   5.1595E-02  -4.9541E-02  -4.8537E-02  -2.3971E-02
  -2.4586E-02   4.6434E-02  -4.2623E-02  -3.9335E-02  -1.2867E-02  -2.7630E-02
   2.1118E-01  -5.8158E-03  -8.5673E-03   3.3353E-02   5.6939E-02   1.7824E-01
  -1.6929E-03   9.9931E-03   4.9565E-02   5.1642E-02
  > Energy =  -2.307001823898E+02 +/-   3.210899564241E-05
  > varE =   5.159886746307E-05

VMC #9:
* Size of Hilbert space =   4.0000E+02
* Deterministic energy evaluation:
  > Deterministic Etot/t = -230.70022009224411
    - Ttot/t = -10.363772904820042
    - Utot/t = 3.9060446667238993
* Number of equil. steps   = 1000
* Running VMC equilibration.
  Done. [total walltime: 0.06s]
* Equil. acc.ratio (%)     =  33.3529
* Sample config after equilibration:
  +-----+
  |  0  |
  |2   2|
  |0   u|
  |  d  |
  +-----+
* Number of accum. steps   = 500480 x 10
* Running VMC accumulation.
  Done. [total walltime: 7.30s]
* Acceptance ratio (%)     =  33.2436
* Etot/t                   =  -2.307002229469E+02 +/-   1.038038448839E-05
  > Ttot/t                 =  -1.036368287823E+01 +/-   2.870360397625E-04
  > Utot/t                 =   3.905951785428E+00 +/-   2.894046975501E-04
* var[Eloc/t]              =   5.174853417633E-05 +/-   1.408127136067E-07
* Correlation length       =   1.042114778036E+00
* log10 Psi^2 range: -7.5187323396502075 -- -3.9884519856638820
* log10 Pgen range : -7.5187323396502075 -- -3.9884519856638820
* Site occupation (ave. no. electrons per config.):
  > Site_  ___eu____  ___ed____
      1        0.500      0.500
      2        0.502      0.497
      3        0.498      0.499
      4        0.499      0.496
      5        0.501      0.504
      6        0.501      0.504
* Pair-correlation analysis (ave. no. pairs per config.):
  > Shell  nsite  ___dh____  __eueu___  __eued___
      0      1        0          0          1.034
      1      4        1.063      1.477      3.526
      2      4        0.151      0.839      1.107
      3      4        0.078      0.420      0.555
      4      4        0.232      2.180      1.854
      5      4        0.117      1.084      0.924

Optimization #9:
* Method          : lls
* Target function : energy
* No. of configs. : 50048
* No. of params.  : 40
* Before optimization:
  -4.8508E-01   3.2344E-01  -8.2129E-02  -4.5569E-02   3.3606E-02   1.2796E-02
  -1.3672E-01  -1.6989E-01   4.4850E-02   4.0990E-02   5.9080E-02  -1.5329E-02
   3.2767E-03  -3.3939E-02  -2.9652E-02  -1.6404E-02   7.7309E-03   1.1327E-05
  -1.5663E-03   6.2069E-01   5.1595E-02  -4.9541E-02  -4.8537E-02  -2.3971E-02
  -2.4586E-02   4.6434E-02  -4.2623E-02  -3.9335E-02  -1.2867E-02  -2.7630E-02
   2.1118E-01  -5.8158E-03  -8.5673E-03   3.3353E-02   5.6939E-02   1.7824E-01
  -1.6929E-03   9.9931E-03   4.9565E-02   5.1642E-02
  > E    =  -2.307002725449E+02 +/-   3.223358380716E-05
  > varE =   5.200006844107E-05
* Computing derivatives.
  Done. [total walltime: 19.4s]
* Optimizing manipulation constant:
  #igrid a___________ E____________________________________ varE____________
     1     Infinity    -2.30700273E+02 +/-   3.22335838E-05   5.20000684E-05
     2     1.0000E+06  -2.30700273E+02 +/-   3.22335501E-05   5.19999596E-05
     3     2.1544E+05  -2.30700273E+02 +/-   3.22334264E-05   5.19995607E-05
     4     4.6416E+04  -2.30700273E+02 +/-   3.22328368E-05   5.19976583E-05
     5     1.0000E+04  -2.30700273E+02 +/-   3.22297614E-05   5.19877362E-05
     6     2.1544E+03  -2.30700273E+02 +/-   3.22082262E-05   5.19182856E-05
     7     4.6416E+02  -2.30700273E+02 +/-   3.19576204E-05   5.11134970E-05
     8     1.0000E+02  -2.30700280E+02 +/-   2.90373706E-05   4.21989168E-05
     9     2.1544E+01  -2.30699020E+02 +/-   1.38985585E-04   9.66776863E-04
    10     4.6416E+00  -2.30623978E+02 +/-   1.06108730E-03   5.63493561E-02
    11     1.0000E+00  -2.30468181E+02 +/-   1.76657283E-03   1.56188776E-01
    12     2.1544E-01  -2.30699846E+02 +/-   8.16627813E-05   3.33760595E-04
    13     4.6416E-02  -2.29256366E+02 +/-   2.66126090E-03   3.54455429E-01
    14     1.0000E-02  -2.29260667E+02 +/-   2.65816087E-03   3.53630119E-01
    15     2.1544E-03  -2.29266840E+02 +/-   2.65315528E-03   3.52299530E-01
    16     4.6416E-04  -2.29272048E+02 +/-   7.93081931E-04   3.14791385E-02
    17     1.0000E-04  -2.29275047E+02 +/-   7.88805458E-04   3.11405688E-02
    18     2.1544E-05  -2.29276330E+02 +/-   7.86898150E-04   3.09901570E-02
    19     4.6416E-06  -2.29276730E+02 +/-   7.86294895E-04   3.09426596E-02
    20     1.0000E-06  -2.29276828E+02 +/-   7.86146281E-04   3.09309640E-02
    21     0.0000E+00  -2.29276856E+02 +/-   7.86103978E-04   3.09276353E-02
  ParMin   2.1236E+02  -2.30700275E+02 +/-   3.11759337E-05   4.86435950E-05
  # Using grid point #8
* Iteration # 1: E =  -2.307002795797E+02 +/-   2.903737063235E-05
* Reached maximum number of iterations: exiting.
* After optimization:
  -6.1157E-01   3.2331E-01  -8.2118E-02  -4.5678E-02   3.3613E-02   1.2859E-02
  -1.3680E-01  -1.7006E-01   4.4880E-02   4.0895E-02   5.9207E-02  -1.5325E-02
   3.3662E-03  -3.3926E-02  -2.9536E-02  -1.6354E-02   7.7286E-03   1.6299E-05
  -1.5508E-03   6.6030E-01   5.5181E-02  -5.2776E-02  -5.1713E-02  -2.5439E-02
  -2.6087E-02   4.9718E-02  -4.5460E-02  -4.1976E-02  -1.3660E-02  -2.9301E-02
   2.1115E-01  -6.1657E-03  -8.8666E-03   3.3140E-02   5.6626E-02   1.7827E-01
  -2.0671E-03   9.5915E-03   4.9372E-02   5.1428E-02
  > Energy =  -2.307002795797E+02 +/-   2.903737063235E-05
  > varE =   4.219891676889E-05

VMC #10:
* Size of Hilbert space =   4.0000E+02
* Deterministic energy evaluation:
  > Deterministic Etot/t = -230.70022886200215
    - Ttot/t = -10.362657073858095
    - Utot/t = 3.9049200660037759
* Number of equil. steps   = 1000
* Running VMC equilibration.
  Done. [total walltime: 0.06s]
* Equil. acc.ratio (%)     =  37.3022
* Sample config after equilibration:
  +-----+
  |  u  |
  |0   2|
  |d   0|
  |  2  |
  +-----+
* Number of accum. steps   = 500480 x 10
* Running VMC accumulation.
  Done. [total walltime: 7.28s]
* Acceptance ratio (%)     =  37.2688
* Etot/t                   =  -2.307002187299E+02 +/-   9.148631133009E-06
  > Ttot/t                 =  -1.036194793003E+01 +/-   2.879690234963E-04
  > Utot/t                 =   3.904221054401E+00 +/-   2.874414964219E-04
* var[Eloc/t]              =   4.154475586985E-05 +/-   1.167192323400E-07
* Correlation length       =   1.008283710029E+00
* log10 Psi^2 range: -8.2043970375516029 -- -3.9901042202431896
* log10 Pgen range : -8.2043970375516029 -- -3.9901042202431896
* Site occupation (ave. no. electrons per config.):
  > Site_  ___eu____  ___ed____
      1        0.501      0.501
      2        0.503      0.498
      3        0.499      0.501
      4        0.502      0.498
      5        0.500      0.501
      6        0.495      0.501
* Pair-correlation analysis (ave. no. pairs per config.):
  > Shell  nsite  ___dh____  __eueu___  __eued___
      0      1        0          0          1.028
      1      4        1.061      1.471      3.532
      2      4        0.149      0.835      1.113
      3      4        0.075      0.419      0.556
      4      4        0.227      2.182      1.851
      5      4        0.115      1.093      0.919

Optimization #10:
* Method          : lls
* Target function : energy
* No. of configs. : 50048
* No. of params.  : 40
* Before optimization:
  -6.1157E-01   3.2331E-01  -8.2118E-02  -4.5678E-02   3.3613E-02   1.2859E-02
  -1.3680E-01  -1.7006E-01   4.4880E-02   4.0895E-02   5.9207E-02  -1.5325E-02
   3.3662E-03  -3.3926E-02  -2.9536E-02  -1.6354E-02   7.7286E-03   1.6299E-05
  -1.5508E-03   6.6030E-01   5.5181E-02  -5.2776E-02  -5.1713E-02  -2.5439E-02
  -2.6087E-02   4.9718E-02  -4.5460E-02  -4.1976E-02  -1.3660E-02  -2.9301E-02
   2.1115E-01  -6.1657E-03  -8.8666E-03   3.3140E-02   5.6626E-02   1.7827E-01
  -2.0671E-03   9.5915E-03   4.9372E-02   5.1428E-02
  > E    =  -2.307001932271E+02 +/-   2.876048290237E-05
  > varE =   4.139797277697E-05
* Computing derivatives.
  Done. [total walltime: 19.3s]
* Optimizing manipulation constant:
  #igrid a___________ E____________________________________ varE____________
     1     Infinity    -2.30700193E+02 +/-   2.87604829E-05   4.13979728E-05
     2     1.0000E+06  -2.30700193E+02 +/-   2.87604528E-05   4.13978862E-05
     3     2.1544E+05  -2.30700193E+02 +/-   2.87603433E-05   4.13975710E-05
     4     4.6416E+04  -2.30700193E+02 +/-   2.87598351E-05   4.13961079E-05
     5     1.0000E+04  -2.30700193E+02 +/-   2.87574765E-05   4.13893183E-05
     6     2.1544E+03  -2.30700193E+02 +/-   2.87465353E-05   4.13578300E-05
     7     4.6416E+02  -2.30700194E+02 +/-   2.86958942E-05   4.12122429E-05
     8     1.0000E+02  -2.30700194E+02 +/-   2.84638775E-05   4.05485054E-05
     9     2.1544E+01  -2.30700199E+02 +/-   2.74477796E-05   3.77051925E-05
    10     4.6416E+00  -2.30700214E+02 +/-   2.37107993E-05   2.81370859E-05
    11     1.0000E+00  -2.30700246E+02 +/-   1.53010207E-05   1.17172995E-05
    12     2.1544E-01  -2.30700269E+02 +/-   8.70246658E-06   3.79028141E-06
    13     4.6416E-02  -2.30700274E+02 +/-   8.68765611E-06   3.77739125E-06
    14     1.0000E-02  -2.30700274E+02 +/-   9.19836417E-06   4.23455645E-06
    15     2.1544E-03  -2.30700274E+02 +/-   9.34433571E-06   4.37002169E-06
    16     4.6416E-04  -2.30700274E+02 +/-   9.37759296E-06   4.40118357E-06
    17     1.0000E-04  -2.30700274E+02 +/-   9.38484344E-06   4.40799193E-06
    18     2.1544E-05  -2.30700274E+02 +/-   9.38640949E-06   4.40946318E-06
    19     4.6416E-06  -2.30700274E+02 +/-   9.38674707E-06   4.40978035E-06
    20     1.0000E-06  -2.30700274E+02 +/-   9.38681981E-06   4.40984870E-06
    21     0.0000E+00  -2.30700274E+02 +/-   9.38683978E-06   4.40986747E-06
  ParMin   2.7875E-02  -2.30700274E+02 +/-   8.91494333E-06   3.97762558E-06
  # Using grid point #13
* Iteration # 1: E =  -2.307002739069E+02 +/-   8.687656106736E-06
* Reached maximum number of iterations: exiting.
* After optimization:
  -5.4203E-01   3.1238E-01  -8.3744E-02  -6.5190E-02   2.7737E-02   1.7170E-02
  -1.3696E-01  -1.8258E-01   4.8347E-02   3.5660E-02   8.4308E-02  -1.9560E-02
   2.0902E-02  -3.6504E-02  -2.0111E-02  -1.3479E-02   8.4381E-03  -1.6241E-03
  -2.8536E-04   6.7225E-01   8.1064E-02  -5.3999E-02  -5.2808E-02  -2.0809E-02
  -2.0774E-02   7.6838E-02  -4.9073E-02  -4.6226E-02  -1.1966E-02  -2.0754E-02
   2.1366E-01  -1.6408E-02  -1.4267E-02   2.5010E-02   3.8196E-02   1.8391E-01
  -1.2838E-02  -2.7934E-03   4.0685E-02   4.0889E-02
  > Energy =  -2.307002739069E+02 +/-   8.687656106736E-06
  > varE =   3.777391249140E-06

VMC #11:
* Size of Hilbert space =   4.0000E+02
* Deterministic energy evaluation:
  > Deterministic Etot/t = -230.70027486648286
    - Ttot/t = -10.362608957372199
    - Utot/t = 3.9048259450372278
* Number of equil. steps   = 1000
* Running VMC equilibration.
  Done. [total walltime: 0.06s]
* Equil. acc.ratio (%)     =  35.7181
* Sample config after equilibration:
  +-----+
  |  u  |
  |u   d|
  |d   0|
  |  2  |
  +-----+
* Number of accum. steps   = 500480 x 10
* Running VMC accumulation.
  Done. [total walltime: 7.27s]
* Acceptance ratio (%)     =  35.5441
* Etot/t                   =  -2.307002791218E+02 +/-   2.800811170405E-06
  > Ttot/t                 =  -1.036272908965E+01 +/-   2.928776414746E-04
  > Utot/t                 =   3.904941821892E+00 +/-   2.913539931446E-04
* var[Eloc/t]              =   3.850169445630E-06 +/-   2.622816783520E-08
* Correlation length       =   1.019704987616E+00
* log10 Psi^2 range: -8.2740203093806066 -- -4.1015641463072106
* log10 Pgen range : -8.2740203093806066 -- -4.1015641463072106
* Site occupation (ave. no. electrons per config.):
  > Site_  ___eu____  ___ed____
      1        0.498      0.501
      2        0.499      0.500
      3        0.499      0.501
      4        0.500      0.500
      5        0.501      0.500
      6        0.502      0.499
* Pair-correlation analysis (ave. no. pairs per config.):
  > Shell  nsite  ___dh____  __eueu___  __eued___
      0      1        0          0          1.025
      1      4        1.052      1.476      3.536
      2      4        0.150      0.840      1.108
      3      4        0.073      0.423      0.553
      4      4        0.230      2.171      1.853
      5      4        0.112      1.090      0.925

Optimization #11:
* Method          : lls
* Target function : energy
* No. of configs. : 50048
* No. of params.  : 40
* Before optimization:
  -5.4203E-01   3.1238E-01  -8.3744E-02  -6.5190E-02   2.7737E-02   1.7170E-02
  -1.3696E-01  -1.8258E-01   4.8347E-02   3.5660E-02   8.4308E-02  -1.9560E-02
   2.0902E-02  -3.6504E-02  -2.0111E-02  -1.3479E-02   8.4381E-03  -1.6241E-03
  -2.8536E-04   6.7225E-01   8.1064E-02  -5.3999E-02  -5.2808E-02  -2.0809E-02
  -2.0774E-02   7.6838E-02  -4.9073E-02  -4.6226E-02  -1.1966E-02  -2.0754E-02
   2.1366E-01  -1.6408E-02  -1.4267E-02   2.5010E-02   3.8196E-02   1.8391E-01
  -1.2838E-02  -2.7934E-03   4.0685E-02   4.0889E-02
  > E    =  -2.307002712460E+02 +/-   8.657075079849E-06
  > varE =   3.750844804456E-06
* Computing derivatives.
  Done. [total walltime: 19.4s]
* Optimizing manipulation constant:
  #igrid a___________ E____________________________________ varE____________
     1     Infinity    -2.30700271E+02 +/-   8.65707508E-06   3.75084480E-06
     2     1.0000E+06  -2.30700271E+02 +/-   8.65706749E-06   3.75083822E-06
     3     2.1544E+05  -2.30700271E+02 +/-   8.65703983E-06   3.75081426E-06
     4     4.6416E+04  -2.30700271E+02 +/-   8.65691147E-06   3.75070303E-06
     5     1.0000E+04  -2.30700271E+02 +/-   8.65631575E-06   3.75018685E-06
     6     2.1544E+03  -2.30700271E+02 +/-   8.65355215E-06   3.74779267E-06
     7     4.6416E+02  -2.30700271E+02 +/-   8.64075649E-06   3.73671744E-06
     8     1.0000E+02  -2.30700271E+02 +/-   8.58203860E-06   3.68610460E-06
     9     2.1544E+01  -2.30700272E+02 +/-   8.32301713E-06   3.46695579E-06
    10     4.6416E+00  -2.30700273E+02 +/-   7.35795122E-06   2.70957100E-06
    11     1.0000E+00  -2.30700277E+02 +/-   6.67904091E-06   2.23262063E-06
    12     2.1544E-01  -2.30700271E+02 +/-   1.36973239E-05   9.38983969E-06
    13     4.6416E-02  -2.30700262E+02 +/-   1.92574973E-05   1.85603609E-05
    14     1.0000E-02  -2.30700258E+02 +/-   2.09853205E-05   2.20403221E-05
    15     2.1544E-03  -2.30700257E+02 +/-   2.13924752E-05   2.29038663E-05
    16     4.6416E-04  -2.30700257E+02 +/-   2.14819678E-05   2.30958977E-05
    17     1.0000E-04  -2.30700257E+02 +/-   2.15013324E-05   2.31375555E-05
    18     2.1544E-05  -2.30700257E+02 +/-   2.15055083E-05   2.31465437E-05
    19     4.6416E-06  -2.30700257E+02 +/-   2.15064082E-05   2.31484808E-05
    20     1.0000E-06  -2.30700257E+02 +/-   2.15066020E-05   2.31488982E-05
    21     0.0000E+00  -2.30700257E+02 +/-   2.15066553E-05   2.31490128E-05
  ParMin   1.6656E+00  -2.30700276E+02 +/-   6.36769886E-06   2.02932572E-06
  # Using parabolic minimum
* Iteration # 1: E =  -2.307002758070E+02 +/-   6.367698855562E-06
* Reached maximum number of iterations: exiting.
* After optimization:
  -5.3981E-01   3.0655E-01  -8.8284E-02  -7.4359E-02   2.3191E-02   1.5507E-02
  -1.3166E-01  -1.7771E-01   5.2456E-02   3.6758E-02   8.5713E-02  -1.0295E-02
   1.9828E-02  -3.1765E-02  -1.6690E-02  -1.4349E-02   8.6398E-03  -1.5136E-03
   2.8034E-06   6.7141E-01   8.4889E-02  -5.8905E-02  -5.5455E-02  -1.8200E-02
  -1.8236E-02   8.1571E-02  -5.3186E-02  -5.0683E-02  -1.1805E-02  -1.7924E-02
   2.2023E-01  -2.6669E-02  -2.4486E-02   2.8730E-02   3.8008E-02   1.9683E-01
  -2.0807E-02  -1.6581E-02   4.1369E-02   4.1614E-02
  > Energy =  -2.307002758070E+02 +/-   6.367698855562E-06
  > varE =   2.029325720015E-06

VMC #12:
* Size of Hilbert space =   4.0000E+02
* Deterministic energy evaluation:
  > Deterministic Etot/t = -230.70027654950658
    - Ttot/t = -10.362958087657450
    - Utot/t = 3.9051733922987593
* Number of equil. steps   = 1000
* Running VMC equilibration.
  Done. [total walltime: 0.06s]
* Equil. acc.ratio (%)     =  36.6536
* Sample config after equilibration:
  +-----+
  |  0  |
  |d   2|
  |u   d|
  |  u  |
  +-----+
* Number of accum. steps   = 500480 x 10
* Running VMC accumulation.
  Done. [total walltime: 7.29s]
* Acceptance ratio (%)     =  36.6776
* Etot/t                   =  -2.307002753293E+02 +/-   2.038034850680E-06
  > Ttot/t                 =  -1.036281471311E+01 +/-   2.877986495142E-04
  > Utot/t                 =   3.905031237896E+00 +/-   2.872508242459E-04
* var[Eloc/t]              =   2.087490906293E-06 +/-   1.259409944413E-08
* Correlation length       =   9.958303249761E-01
* log10 Psi^2 range: -7.7568446516317033 -- -4.2127308526814913
* log10 Pgen range : -7.7568446516317033 -- -4.2127308526814913
* Site occupation (ave. no. electrons per config.):
  > Site_  ___eu____  ___ed____
      1        0.500      0.501
      2        0.501      0.500
      3        0.501      0.497
      4        0.501      0.500
      5        0.499      0.500
      6        0.498      0.501
* Pair-correlation analysis (ave. no. pairs per config.):
  > Shell  nsite  ___dh____  __eueu___  __eued___
      0      1        0          0          1.034
      1      4        1.067      1.483      3.516
      2      4        0.151      0.841      1.105
      3      4        0.077      0.422      0.551
      4      4        0.232      2.168      1.864
      5      4        0.113      1.086      0.930

Optimization #12:
* Method          : lls
* Target function : energy
* No. of configs. : 50048
* No. of params.  : 40
* Before optimization:
  -5.3981E-01   3.0655E-01  -8.8284E-02  -7.4359E-02   2.3191E-02   1.5507E-02
  -1.3166E-01  -1.7771E-01   5.2456E-02   3.6758E-02   8.5713E-02  -1.0295E-02
   1.9828E-02  -3.1765E-02  -1.6690E-02  -1.4349E-02   8.6398E-03  -1.5136E-03
   2.8034E-06   6.7141E-01   8.4889E-02  -5.8905E-02  -5.5455E-02  -1.8200E-02
  -1.8236E-02   8.1571E-02  -5.3186E-02  -5.0683E-02  -1.1805E-02  -1.7924E-02
   2.2023E-01  -2.6669E-02  -2.4486E-02   2.8730E-02   3.8008E-02   1.9683E-01
  -2.0807E-02  -1.6581E-02   4.1369E-02   4.1614E-02
  > E    =  -2.307002694067E+02 +/-   6.388961421666E-06
  > varE =   2.042900706123E-06
* Computing derivatives.
  Done. [total walltime: 19.4s]
* Optimizing manipulation constant:
  #igrid a___________ E____________________________________ varE____________
     1     Infinity    -2.30700269E+02 +/-   6.38896142E-06   2.04290071E-06
     2     1.0000E+06  -2.30700269E+02 +/-   6.38895650E-06   2.04289756E-06
     3     2.1544E+05  -2.30700269E+02 +/-   6.38893858E-06   2.04288610E-06
     4     4.6416E+04  -2.30700269E+02 +/-   6.38885548E-06   2.04283295E-06
     5     1.0000E+04  -2.30700269E+02 +/-   6.38847131E-06   2.04258729E-06
     6     2.1544E+03  -2.30700269E+02 +/-   6.38672160E-06   2.04146857E-06
     7     4.6416E+02  -2.30700269E+02 +/-   6.37928186E-06   2.03671523E-06
     8     1.0000E+02  -2.30700270E+02 +/-   6.35659389E-06   2.02225380E-06
     9     2.1544E+01  -2.30700271E+02 +/-   6.37740693E-06   2.03551818E-06
    10     4.6416E+00  -2.30700274E+02 +/-   6.13093057E-06   1.88121972E-06
    11     1.0000E+00  -2.30700281E+02 +/-   8.69084188E-06   3.78016210E-06
    12     2.1544E-01  -2.29382597E+02 +/-   2.29596296E-03   2.63825324E-01
    13     4.6416E-02  -2.30693228E+02 +/-   3.19086556E-04   5.09569869E-03
    14     1.0000E-02  -2.30697793E+02 +/-   1.91912655E-04   1.84329121E-03
    15     2.1544E-03  -2.30698261E+02 +/-   1.73373677E-04   1.50436440E-03
    16     4.6416E-04  -2.30698348E+02 +/-   1.69667585E-04   1.44073625E-03
    17     1.0000E-04  -2.30698367E+02 +/-   1.68881617E-04   1.42741903E-03
    18     2.1544E-05  -2.30698371E+02 +/-   1.68712856E-04   1.42456767E-03
    19     4.6416E-06  -2.30698371E+02 +/-   1.68676524E-04   1.42395418E-03
    20     1.0000E-06  -2.30698372E+02 +/-   1.68668698E-04   1.42382205E-03
    21     0.0000E+00  -2.30698372E+02 +/-   1.68666549E-04   1.42378576E-03
  ParMin   2.4438E+00  -2.30700274E+02 +/-   5.40270505E-06   1.46086218E-06
  # Using parabolic minimum
* Iteration # 1: E =  -2.307002742015E+02 +/-   5.402705053219E-06
* Reached maximum number of iterations: exiting.
* After optimization:
  -4.9700E-01   2.9941E-01  -9.0135E-02  -7.7573E-02   2.0001E-02   1.2892E-02
  -1.2420E-01  -1.7385E-01   5.1891E-02   3.9746E-02   8.4848E-02  -6.0288E-03
   2.0043E-02  -3.1011E-02  -1.5891E-02  -1.4709E-02   8.2877E-03  -1.1267E-03
   4.1358E-05   6.6914E-01   8.7258E-02  -5.9020E-02  -5.4584E-02  -1.5549E-02
  -1.5659E-02   8.7697E-02  -5.0800E-02  -4.8382E-02  -1.1541E-02  -1.7142E-02
   2.1552E-01  -2.8640E-02  -2.6270E-02   2.9260E-02   3.7830E-02   1.9811E-01
  -1.9579E-02  -1.7492E-02   3.7631E-02   3.7965E-02
  > Energy =  -2.307002742015E+02 +/-   5.402705053219E-06
  > varE =   1.460862177254E-06

VMC #13:
* Size of Hilbert space =   4.0000E+02
* Deterministic energy evaluation:
  > Deterministic Etot/t = -230.70027717601863
    - Ttot/t = -10.362963910587315
    - Utot/t = 3.9051785887165553
* Number of equil. steps   = 1000
* Running VMC equilibration.
  Done. [total walltime: 0.06s]
* Equil. acc.ratio (%)     =  36.1885
* Sample config after equilibration:
  +-----+
  |  2  |
  |u   0|
  |d   d|
  |  u  |
  +-----+
* Number of accum. steps   = 500480 x 10
* Running VMC accumulation.
  Done. [total walltime: 7.28s]
* Acceptance ratio (%)     =  36.1344
* Etot/t                   =  -2.307002763820E+02 +/-   1.714247213114E-06
  > Ttot/t                 =  -1.036245441882E+01 +/-   2.962253054596E-04
  > Utot/t                 =   3.904669890818E+00 +/-   2.956538181227E-04
* var[Eloc/t]              =   1.481787730164E-06 +/-   6.722587034201E-09
* Correlation length       =   9.925391287693E-01
* log10 Psi^2 range: -7.7364543164580120 -- -4.1940960385677952
* log10 Pgen range : -7.7364543164580120 -- -4.1940960385677952
* Site occupation (ave. no. electrons per config.):
  > Site_  ___eu____  ___ed____
      1        0.504      0.500
      2        0.499      0.502
      3        0.499      0.500
      4        0.500      0.498
      5        0.497      0.499
      6        0.500      0.501
* Pair-correlation analysis (ave. no. pairs per config.):
  > Shell  nsite  ___dh____  __eueu___  __eued___
      0      1        0          0          1.026
      1      4        1.056      1.471      3.539
      2      4        0.149      0.839      1.112
      3      4        0.074      0.419      0.554
      4      4        0.232      2.177      1.844
      5      4        0.114      1.094      0.925

Optimization #13:
* Method          : lls
* Target function : energy
* No. of configs. : 50048
* No. of params.  : 40
* Before optimization:
  -4.9700E-01   2.9941E-01  -9.0135E-02  -7.7573E-02   2.0001E-02   1.2892E-02
  -1.2420E-01  -1.7385E-01   5.1891E-02   3.9746E-02   8.4848E-02  -6.0288E-03
   2.0043E-02  -3.1011E-02  -1.5891E-02  -1.4709E-02   8.2877E-03  -1.1267E-03
   4.1358E-05   6.6914E-01   8.7258E-02  -5.9020E-02  -5.4584E-02  -1.5549E-02
  -1.5659E-02   8.7697E-02  -5.0800E-02  -4.8382E-02  -1.1541E-02  -1.7142E-02
   2.1552E-01  -2.8640E-02  -2.6270E-02   2.9260E-02   3.7830E-02   1.9811E-01
  -1.9579E-02  -1.7492E-02   3.7631E-02   3.7965E-02
  > E    =  -2.307002743468E+02 +/-   5.458793105472E-06
  > varE =   1.491351432682E-06
* Computing derivatives.
  Done. [total walltime: 19.4s]
* Optimizing manipulation constant:
  #igrid a___________ E____________________________________ varE____________
     1     Infinity    -2.30700274E+02 +/-   5.45879311E-06   1.49135143E-06
     2     1.0000E+06  -2.30700274E+02 +/-   5.45878936E-06   1.49134939E-06
     3     2.1544E+05  -2.30700274E+02 +/-   5.45877575E-06   1.49134195E-06
     4     4.6416E+04  -2.30700274E+02 +/-   5.45871310E-06   1.49130772E-06
     5     1.0000E+04  -2.30700274E+02 +/-   5.45843345E-06   1.49115492E-06
     6     2.1544E+03  -2.30700274E+02 +/-   5.45737477E-06   1.49057655E-06
     7     4.6416E+02  -2.30700274E+02 +/-   5.45762497E-06   1.49071323E-06
     8     1.0000E+02  -2.30700274E+02 +/-   5.59927376E-06   1.56909822E-06
     9     2.1544E+01  -2.30700254E+02 +/-   1.39858617E-05   9.78960534E-06
    10     4.6416E+00  -2.30699405E+02 +/-   1.10913405E-04   6.15679661E-04
    11     1.0000E+00  -2.30700221E+02 +/-   2.27702502E-05   2.59491020E-05
    12     2.1544E-01  -2.29488375E+02 +/-   2.87772808E-03   4.14463448E-01
    13     4.6416E-02  -2.29262941E+02 +/-   2.66663536E-03   3.55888533E-01
    14     1.0000E-02  -2.29263795E+02 +/-   2.66533275E-03   3.55540925E-01
    15     2.1544E-03  -2.29264025E+02 +/-   2.66503076E-03   3.55460363E-01
    16     4.6416E-04  -2.29264076E+02 +/-   2.66496348E-03   3.55442415E-01
    17     1.0000E-04  -2.29264087E+02 +/-   2.66494887E-03   3.55438518E-01
    18     2.1544E-05  -2.29264090E+02 +/-   2.66494572E-03   3.55437677E-01
    19     4.6416E-06  -2.29264090E+02 +/-   2.66494504E-03   3.55437495E-01
    20     1.0000E-06  -2.29264090E+02 +/-   2.66494489E-03   3.55437456E-01
    21     0.0000E+00  -2.29264090E+02 +/-   2.66494485E-03   3.55437446E-01
* Iteration # 1: E =  -2.307002743459E+02 +/-   5.457374773606E-06
* Reached maximum number of iterations: exiting.
* After optimization:
  -4.9862E-01   2.9939E-01  -9.0141E-02  -7.7583E-02   1.9997E-02   1.2890E-02
  -1.2418E-01  -1.7385E-01   5.1896E-02   3.9747E-02   8.4849E-02  -6.0199E-03
   2.0041E-02  -3.1006E-02  -1.5887E-02  -1.4706E-02   8.2871E-03  -1.1257E-03
   4.1449E-05   6.6969E-01   8.7342E-02  -5.9075E-02  -5.4636E-02  -1.5557E-02
  -1.5667E-02   8.7783E-02  -5.0850E-02  -4.8431E-02  -1.1548E-02  -1.7152E-02
   2.1553E-01  -2.8662E-02  -2.6293E-02   2.9259E-02   3.7825E-02   1.9813E-01
  -1.9602E-02  -1.7517E-02   3.7627E-02   3.7961E-02
  > Energy =  -2.307002743459E+02 +/-   5.457374773606E-06
  > varE =   1.490576552072E-06

VMC #14:
* Size of Hilbert space =   4.0000E+02
* Deterministic energy evaluation:
  > Deterministic Etot/t = -230.70027717686762
    - Ttot/t = -10.362963899878876
    - Utot/t = 3.9051785771591287
* Number of equil. steps   = 1000
* Running VMC equilibration.
  Done. [total walltime: 0.06s]
* Equil. acc.ratio (%)     =  36.2798
* Sample config after equilibration:
  +-----+
  |  u  |
  |d   2|
  |u   0|
  |  d  |
  +-----+
* Number of accum. steps   = 500480 x 10
* Running VMC accumulation.
  Done. [total walltime: 7.28s]
* Acceptance ratio (%)     =  36.2212
* Etot/t                   =  -2.307002783335E+02 +/-   1.695438846977E-06
  > Ttot/t                 =  -1.036280559436E+01 +/-   2.878580256195E-04
  > Utot/t                 =   3.905019114824E+00 +/-   2.873307342837E-04
* var[Eloc/t]              =   1.499946167508E-06 +/-   8.097661204985E-09
* Correlation length       =   9.591252268034E-01
* log10 Psi^2 range: -7.7366651955301231 -- -4.1943093186085854
* log10 Pgen range : -7.7366651955301231 -- -4.1943093186085854
* Site occupation (ave. no. electrons per config.):
  > Site_  ___eu____  ___ed____
      1        0.500      0.502
      2        0.501      0.502
      3        0.500      0.495
      4        0.500      0.503
      5        0.499      0.497
      6        0.500      0.501
* Pair-correlation analysis (ave. no. pairs per config.):
  > Shell  nsite  ___dh____  __eueu___  __eued___
      0      1        0          0          1.031
      1      4        1.066      1.474      3.526
      2      4        0.152      0.840      1.107
      3      4        0.077      0.416      0.555
      4      4        0.229      2.182      1.851
      5      4        0.113      1.088      0.930

VDAGGER finished.
Total VDAGGER walltime: 11m34s

Run ended: Sat Sep 27 09:55:57 CEST 2025
