Run started: Sat Sep 27 10:03:07 CEST 2025
Using VDAGGER_ARCH = gnu7_fkfamd_cluster
Running 1x128 MPI processes.

                               xx
                              +##
                               #X
                               Xx
                          X##XxXxxX##x
                           +   Xx  ++
                               ##
                              +##
                              +##
     ++++         ++          +##
   xX+++##+      ####         +##
  Xx    ###      +X##          ##
 xX    X##+        ##          #X
 +    x##X         #x          #X
      ###         +#           x+
     X##+         #+
     ###         Xx                    _______
     ##X       +X+   __________________VDAGGER
     +##x    +xX     2nd quantized variational
       +xxxxx+       ______quantum Monte Carlo

* Running 128 MPI processes.
* Input file: "input.casl"

############# Start of input file dump #############
General:
  Random seed: timer

Plan:
  VMC-optimization:
    Minimum cycles: 10
    Convergence cycles: 5

System:
  Read Hamiltonian: FCIDUMP_loc_benzene
  Read orbitals: LTSC_benzene
  Complex orbitals: F
  Geometry:
    r_5: [ 0.00000000000000, 2.63994739601739 ]
    r_4: [ 2.28626150960564, 1.31997369800870 ]
    r_6: [ 2.28626150960564, -1.31997369800870 ]
    r_2: [ 0.00000000000000, -2.63994739601739 ]
    r_3: [ -2.28626150960564, -1.31997369800870 ]
    r_1: [ -2.28626150960564, 1.31997369800870 ]

VMC:
  nstep: 500000
  nconfig: 50000

Jastrow: wfn.casl

Backflow: wfn.casl

Multideterminants: wfn.casl
############## End of input file dump ##############

General setup:
* Random seed: 181074080 (from timer)

* Loaded integrals for system with nelec=6, ms2=0, norb=6
* INFO: setting number of electrons from integrals file.
* Analysis of Hamiltonian connecitivity performed:
  - T_ii (local, 1-site): 6 (i) values
  - U_iiii [opp] (local, 1-site): 6 (i) values
  - U_kkii [opp] (local, 2-site): 30 contribs. from 6 (i) values
  - U_kkii [par] (local, 2-site): 15 contribs. from 5 (i) values
  - T_ji (single, 2-site): 30 contribs. from 6 (i) values
  - U_kkji [opp] (single, 2/3-site): 180 contribs. from 30 (i,j) pairs
  - U_kkji [par] (single, 3-site): 150 contribs. from 30 (i,j) pairs
  - U_lkji [opp] (double, 2/3/4-site): 900 contribs. from 30 (i,j) pairs
  - U_lkji [par] (double, 4-site): 170 contribs. from 20 (i,j) pairs
  - Max. no. wfn. ratios in Eloc: 255
* Reading override orbitals from file "LTSC_benzene".
* Site labels:
  +-----+
  |  5  |
  |1   4|
  |3   6|
  |  2  |
  +-----+
* Automatically set Site kinds:
  [ 1, 1, 1, 1, 1, 1 ]
  +-----+
  |  1  |
  |1   1|
  |1   1|
  |  1  |
  +-----+
* Maximum Site kind: 1
* Number of site-pair kinds with Tij=0: 0
* Automatically set Site pair kinds:
  Site 1: [ 0, 4, 1, -5, -1, -2 ]
  Site 2: [ 4, 0, 1, -4, -3, -1 ]
  Site 3: [ 1, 1, 0, -2, -4, -5 ]
  Site 4: [ -5, -4, -2, 0, 1, 1 ]
  Site 5: [ -1, -3, -4, 1, 0, 4 ]
  Site 6: [ -2, -1, -5, 1, 4, 0 ]
  For site 1 of kind 1:
  +--------+
  |   -1   |
  | 0    -5|
  | 1    -2|
  |    4   |
  +--------+
* Maximum (unsigned) Site pair kind: 5
General system setup:
* Number of sites       : 6
* Number of electrons   : 6
* Spin imbalance MS2    : 0
* Filling               : 0.500000
* Number of orbitals in pool: 6
* Using real-valued orbitals
* Using double-precision arithmetic for orbitals

Trial wave function setup:
* Jastrow parameter file: "wfn.casl"
* Multideterminant parameter file: "wfn.casl"
* Backflow parameter file: "wfn.casl"
* Not using wave function manipulation

VMC #1:
* Size of Hilbert space =   4.0000E+02
* Deterministic energy evaluation:
  > Deterministic Etot/t = -230.70027717686762
    - Ttot/t = -10.362963899878876
    - Utot/t = 3.9051785771591287
* Number of equil. steps   = 1000
* Running VMC equilibration.
  Done. [total walltime: 0.08s]
* Equil. acc.ratio (%)     =  36.1602
* Sample config after equilibration:
  +-----+
  |  u  |
  |d   u|
  |d   d|
  |  u  |
  +-----+
* Number of accum. steps   = 500480 x 10
* Running VMC accumulation.
  Done. [total walltime: 7.65s]
* Acceptance ratio (%)     =  36.2346
* Etot/t                   =  -2.307002780161E+02 +/-   1.718064659254E-06
  > Ttot/t                 =  -1.036293769030E+01 +/-   2.907993223876E-04
  > Utot/t                 =   3.905151528151E+00 +/-   2.902443416996E-04
* var[Eloc/t]              =   1.476910002406E-06 +/-   7.356291035369E-09
* Correlation length       =   1.000257241433E+00
* log10 Psi^2 range: -7.7366651955301045 -- -4.1943093186085862
* log10 Pgen range : -7.7366651955301045 -- -4.1943093186085862
* Site occupation (ave. no. electrons per config.):
  > Site_  ___eu____  ___ed____
      1        0.498      0.502
      2        0.501      0.502
      3        0.497      0.500
      4        0.504      0.501
      5        0.502      0.496
      6        0.497      0.499
* Pair-correlation analysis (ave. no. pairs per config.):
  > Shell  nsite  ___dh____  __eueu___  __eued___
      0      1        0          0          1.028
      1      4        1.054      1.485      3.530
      2      4        0.152      0.840      1.108
      3      4        0.074      0.425      0.555
      4      4        0.238      2.164      1.853
      5      4        0.115      1.087      0.926

Optimization #1:
* Method          : lls
* Target function : energy
* No. of configs. : 50048
* No. of params.  : 40
* Before optimization:
  -4.9862E-01   2.9939E-01  -9.0141E-02  -7.7583E-02   1.9997E-02   1.2890E-02
  -1.2418E-01  -1.7385E-01   5.1896E-02   3.9747E-02   8.4849E-02  -6.0199E-03
   2.0041E-02  -3.1006E-02  -1.5887E-02  -1.4706E-02   8.2871E-03  -1.1257E-03
   4.1449E-05   6.6969E-01   8.7342E-02  -5.9075E-02  -5.4636E-02  -1.5557E-02
  -1.5667E-02   8.7783E-02  -5.0850E-02  -4.8431E-02  -1.1548E-02  -1.7152E-02
   2.1553E-01  -2.8662E-02  -2.6293E-02   2.9259E-02   3.7825E-02   1.9813E-01
  -1.9602E-02  -1.7517E-02   3.7627E-02   3.7961E-02
  > E    =  -2.307002819792E+02 +/-   5.493243947055E-06
  > varE =   1.510234888088E-06
* Computing derivatives.
  Done. [total walltime: 18.9s]
* Optimizing manipulation constant:
  #igrid a___________ E____________________________________ varE____________
     1     Infinity    -2.30700282E+02 +/-   5.49324395E-06   1.51023489E-06
     2     1.0000E+06  -2.30700282E+02 +/-   5.49324040E-06   1.51023294E-06
     3     2.1544E+05  -2.30700282E+02 +/-   5.49322746E-06   1.51022582E-06
     4     4.6416E+04  -2.30700282E+02 +/-   5.49316747E-06   1.51019284E-06
     5     1.0000E+04  -2.30700282E+02 +/-   5.49288992E-06   1.51004023E-06
     6     2.1544E+03  -2.30700282E+02 +/-   5.49162081E-06   1.50934253E-06
     7     4.6416E+02  -2.30700282E+02 +/-   5.48614022E-06   1.50633141E-06
     8     1.0000E+02  -2.30700282E+02 +/-   5.46939457E-06   1.49714973E-06
     9     2.1544E+01  -2.30700282E+02 +/-   5.60446912E-06   1.57201139E-06
    10     4.6416E+00  -2.30700273E+02 +/-   1.30954189E-05   8.58273136E-06
    11     1.0000E+00  -2.30700091E+02 +/-   5.35170483E-05   1.43341198E-04
    12     2.1544E-01  -2.30698523E+02 +/-   1.62371482E-04   1.31949041E-03
    13     4.6416E-02  -2.30698085E+02 +/-   1.81186866E-04   1.64300979E-03
    14     1.0000E-02  -2.30697949E+02 +/-   1.86676281E-04   1.74407441E-03
    15     2.1544E-03  -2.30697918E+02 +/-   1.87910263E-04   1.76720824E-03
    16     4.6416E-04  -2.30697911E+02 +/-   1.88178330E-04   1.77225392E-03
    17     1.0000E-04  -2.30697909E+02 +/-   1.88236184E-04   1.77334382E-03
    18     2.1544E-05  -2.30697909E+02 +/-   1.88248653E-04   1.77357877E-03
    19     4.6416E-06  -2.30697909E+02 +/-   1.88251339E-04   1.77362939E-03
    20     1.0000E-06  -2.30697909E+02 +/-   1.88251918E-04   1.77364030E-03
    21     0.0000E+00  -2.30697909E+02 +/-   1.88252077E-04   1.77364329E-03
* Iteration # 1: E =  -2.307002819627E+02 +/-   5.469394565960E-06
* Convergence: exiting.
* After optimization:
  -4.9115E-01   2.9905E-01  -9.0275E-02  -7.7804E-02   1.9897E-02   1.2848E-02
  -1.2390E-01  -1.7380E-01   5.1999E-02   3.9753E-02   8.4864E-02  -5.8221E-03
   1.9998E-02  -3.0885E-02  -1.5797E-02  -1.4652E-02   8.2740E-03  -1.1103E-03
   4.3397E-05   6.6736E-01   8.7315E-02  -5.9011E-02  -5.4592E-02  -1.5406E-02
  -1.5516E-02   8.7778E-02  -5.0848E-02  -4.8452E-02  -1.1456E-02  -1.6991E-02
   2.1578E-01  -2.9123E-02  -2.6762E-02   2.9231E-02   3.7724E-02   1.9854E-01
  -2.0069E-02  -1.8038E-02   3.7562E-02   3.7893E-02
  > Energy =  -2.307002819627E+02 +/-   5.469394565960E-06
  > varE =   1.497149731200E-06

VMC #2:
* Size of Hilbert space =   4.0000E+02
* Deterministic energy evaluation:
  > Deterministic Etot/t = -230.70027718999717
    - Ttot/t = -10.362960165651341
    - Utot/t = 3.9051748298020841
* Number of equil. steps   = 1000
* Running VMC equilibration.
  Done. [total walltime: 0.06s]
* Equil. acc.ratio (%)     =  36.1353
* Sample config after equilibration:
  +-----+
  |  u  |
  |2   0|
  |d   2|
  |  0  |
  +-----+
* Number of accum. steps   = 500480 x 10
* Running VMC accumulation.
  Done. [total walltime: 7.32s]
* Acceptance ratio (%)     =  35.9767
* Etot/t                   =  -2.307002752661E+02 +/-   1.757597701419E-06
  > Ttot/t                 =  -1.036307861849E+01 +/-   2.915973017748E-04
  > Utot/t                 =   3.905295206635E+00 +/-   2.910366367321E-04
* var[Eloc/t]              =   1.470330151372E-06 +/-   5.013276281398E-09
* Correlation length       =   1.051503725487E+00
* log10 Psi^2 range: -8.3713680289957644 -- -4.1989804105111137
* log10 Pgen range : -8.3713680289957644 -- -4.1989804105111137
* Site occupation (ave. no. electrons per config.):
  > Site_  ___eu____  ___ed____
      1        0.498      0.498
      2        0.497      0.497
      3        0.503      0.505
      4        0.503      0.497
      5        0.501      0.502
      6        0.498      0.502
* Pair-correlation analysis (ave. no. pairs per config.):
  > Shell  nsite  ___dh____  __eueu___  __eued___
      0      1        0          0          1.028
      1      4        1.055      1.475      3.539
      2      4        0.149      0.842      1.111
      3      4        0.074      0.418      0.555
      4      4        0.236      2.173      1.840
      5      4        0.114      1.092      0.926

Optimization #2:
* Method          : lls
* Target function : energy
* No. of configs. : 50048
* No. of params.  : 40
* Before optimization:
  -4.9115E-01   2.9905E-01  -9.0275E-02  -7.7804E-02   1.9897E-02   1.2848E-02
  -1.2390E-01  -1.7380E-01   5.1999E-02   3.9753E-02   8.4864E-02  -5.8221E-03
   1.9998E-02  -3.0885E-02  -1.5797E-02  -1.4652E-02   8.2740E-03  -1.1103E-03
   4.3397E-05   6.6736E-01   8.7315E-02  -5.9011E-02  -5.4592E-02  -1.5406E-02
  -1.5516E-02   8.7778E-02  -5.0848E-02  -4.8452E-02  -1.1456E-02  -1.6991E-02
   2.1578E-01  -2.9123E-02  -2.6762E-02   2.9231E-02   3.7724E-02   1.9854E-01
  -2.0069E-02  -1.8038E-02   3.7562E-02   3.7893E-02
  > E    =  -2.307002698063E+02 +/-   5.431354861593E-06
  > varE =   1.476396763178E-06
* Computing derivatives.
  Done. [total walltime: 19.2s]
* Optimizing manipulation constant:
  #igrid a___________ E____________________________________ varE____________
     1     Infinity    -2.30700270E+02 +/-   5.43135486E-06   1.47639676E-06
     2     1.0000E+06  -2.30700270E+02 +/-   5.43135130E-06   1.47639483E-06
     3     2.1544E+05  -2.30700270E+02 +/-   5.43133833E-06   1.47638778E-06
     4     4.6416E+04  -2.30700270E+02 +/-   5.43127815E-06   1.47635506E-06
     5     1.0000E+04  -2.30700270E+02 +/-   5.43099929E-06   1.47620346E-06
     6     2.1544E+03  -2.30700270E+02 +/-   5.42971467E-06   1.47550520E-06
     7     4.6416E+02  -2.30700270E+02 +/-   5.42396257E-06   1.47238063E-06
     8     1.0000E+02  -2.30700270E+02 +/-   5.40192169E-06   1.46043857E-06
     9     2.1544E+01  -2.30700270E+02 +/-   5.43508536E-06   1.47842557E-06
    10     4.6416E+00  -2.30700253E+02 +/-   1.89152936E-05   1.79065905E-05
    11     1.0000E+00  -2.30667683E+02 +/-   7.09703963E-04   2.52081624E-02
    12     2.1544E-01  -2.29161377E+02 +/-   2.70258249E-03   3.65548197E-01
    13     4.6416E-02  -2.29242115E+02 +/-   2.69197161E-03   3.62683400E-01
    14     1.0000E-02  -2.29243438E+02 +/-   2.69442275E-03   3.63344174E-01
    15     2.1544E-03  -2.29243979E+02 +/-   2.69540167E-03   3.63608237E-01
    16     4.6416E-04  -2.29244113E+02 +/-   2.69564105E-03   3.63672824E-01
    17     1.0000E-04  -2.29244143E+02 +/-   2.69569403E-03   3.63687121E-01
    18     2.1544E-05  -2.29244149E+02 +/-   2.69570552E-03   3.63690219E-01
    19     4.6416E-06  -2.29244151E+02 +/-   2.69570799E-03   3.63690888E-01
    20     1.0000E-06  -2.29244151E+02 +/-   2.69570853E-03   3.63691032E-01
    21     0.0000E+00  -2.29244151E+02 +/-   2.69570867E-03   3.63691071E-01
* Iteration # 1: E =  -2.307002698390E+02 +/-   5.401921686427E-06
* Convergence: exiting.
* After optimization:
  -4.9852E-01   2.9868E-01  -9.0392E-02  -7.8010E-02   1.9793E-02   1.2798E-02
  -1.2358E-01  -1.7375E-01   5.2088E-02   3.9766E-02   8.4878E-02  -5.6317E-03
   1.9964E-02  -3.0777E-02  -1.5714E-02  -1.4599E-02   8.2621E-03  -1.0882E-03
   4.5542E-05   6.7001E-01   8.7911E-02  -5.9387E-02  -5.4958E-02  -1.5380E-02
  -1.5489E-02   8.8413E-02  -5.1217E-02  -4.8825E-02  -1.1465E-02  -1.6976E-02
   2.1599E-01  -2.9569E-02  -2.7215E-02   2.9203E-02   3.7626E-02   1.9894E-01
  -2.0515E-02  -1.8529E-02   3.7484E-02   3.7813E-02
  > Energy =  -2.307002698390E+02 +/-   5.401921686427E-06
  > varE =   1.460438571694E-06

VMC #3:
* Size of Hilbert space =   4.0000E+02
* Deterministic energy evaluation:
  > Deterministic Etot/t = -230.70027720699375
    - Ttot/t = -10.362959261969753
    - Utot/t = 3.9051739091238762
* Number of equil. steps   = 1000
* Running VMC equilibration.
  Done. [total walltime: 0.06s]
* Equil. acc.ratio (%)     =  36.1604
* Sample config after equilibration:
  +-----+
  |  d  |
  |0   u|
  |2   d|
  |  u  |
  +-----+
* Number of accum. steps   = 500480 x 10
* Running VMC accumulation.
  Done. [total walltime: 7.31s]
* Acceptance ratio (%)     =  36.2810
* Etot/t                   =  -2.307002773847E+02 +/-   1.724462845958E-06
  > Ttot/t                 =  -1.036320832417E+01 +/-   2.897649881154E-04
  > Utot/t                 =   3.905422793491E+00 +/-   2.891870538423E-04
* var[Eloc/t]              =   1.457397749945E-06 +/-   5.931114958816E-09
* Correlation length       =   1.021212955909E+00
* log10 Psi^2 range: -8.3759470344004363 -- -4.2033441364269795
* log10 Pgen range : -8.3759470344004363 -- -4.2033441364269795
* Site occupation (ave. no. electrons per config.):
  > Site_  ___eu____  ___ed____
      1        0.499      0.500
      2        0.500      0.502
      3        0.499      0.499
      4        0.499      0.498
      5        0.500      0.500
      6        0.502      0.500
* Pair-correlation analysis (ave. no. pairs per config.):
  > Shell  nsite  ___dh____  __eueu___  __eued___
      0      1        0          0          1.036
      1      4        1.068      1.477      3.522
      2      4        0.152      0.841      1.105
      3      4        0.078      0.421      0.553
      4      4        0.236      2.176      1.855
      5      4        0.115      1.085      0.928

Optimization #3:
* Method          : lls
* Target function : energy
* No. of configs. : 50048
* No. of params.  : 40
* Before optimization:
  -4.9852E-01   2.9868E-01  -9.0392E-02  -7.8010E-02   1.9793E-02   1.2798E-02
  -1.2358E-01  -1.7375E-01   5.2088E-02   3.9766E-02   8.4878E-02  -5.6317E-03
   1.9964E-02  -3.0777E-02  -1.5714E-02  -1.4599E-02   8.2621E-03  -1.0882E-03
   4.5542E-05   6.7001E-01   8.7911E-02  -5.9387E-02  -5.4958E-02  -1.5380E-02
  -1.5489E-02   8.8413E-02  -5.1217E-02  -4.8825E-02  -1.1465E-02  -1.6976E-02
   2.1599E-01  -2.9569E-02  -2.7215E-02   2.9203E-02   3.7626E-02   1.9894E-01
  -2.0515E-02  -1.8529E-02   3.7484E-02   3.7813E-02
  > E    =  -2.307002801853E+02 +/-   5.486562086721E-06
  > varE =   1.506563090022E-06
* Computing derivatives.
  Done. [total walltime: 19.3s]
* Optimizing manipulation constant:
  #igrid a___________ E____________________________________ varE____________
     1     Infinity    -2.30700280E+02 +/-   5.48656209E-06   1.50656309E-06
     2     1.0000E+06  -2.30700280E+02 +/-   5.48655844E-06   1.50656108E-06
     3     2.1544E+05  -2.30700280E+02 +/-   5.48654516E-06   1.50655380E-06
     4     4.6416E+04  -2.30700280E+02 +/-   5.48648411E-06   1.50652027E-06
     5     1.0000E+04  -2.30700280E+02 +/-   5.48621239E-06   1.50637105E-06
     6     2.1544E+03  -2.30700280E+02 +/-   5.48520304E-06   1.50581682E-06
     7     4.6416E+02  -2.30700280E+02 +/-   5.48604445E-06   1.50627882E-06
     8     1.0000E+02  -2.30700281E+02 +/-   5.65217597E-06   1.59888812E-06
     9     2.1544E+01  -2.30700290E+02 +/-   1.81059610E-05   1.64070269E-05
    10     4.6416E+00  -2.30689445E+02 +/-   4.19908349E-04   8.82461458E-03
    11     1.0000E+00  -2.29355098E+02 +/-   2.74147661E-03   3.76145454E-01
    12     2.1544E-01  -2.30006912E+02 +/-   2.53824218E-03   3.22442917E-01
    13     4.6416E-02  -2.30022771E+02 +/-   2.55919368E-03   3.27787989E-01
    14     1.0000E-02  -2.30046740E+02 +/-   2.53976374E-03   3.22829612E-01
    15     2.1544E-03  -2.30053835E+02 +/-   2.53364779E-03   3.21276687E-01
    16     4.6416E-04  -2.30055459E+02 +/-   2.53222389E-03   3.20915676E-01
    17     1.0000E-04  -2.30055814E+02 +/-   2.53191201E-03   3.20836629E-01
    18     2.1544E-05  -2.30055890E+02 +/-   2.53184458E-03   3.20819539E-01
    19     4.6416E-06  -2.30055907E+02 +/-   2.53183004E-03   3.20815855E-01
    20     1.0000E-06  -2.30055910E+02 +/-   2.53182690E-03   3.20815061E-01
    21     0.0000E+00  -2.30055911E+02 +/-   2.53182604E-03   3.20814843E-01
  ParMin   2.0912E+02  -2.30700280E+02 +/-   5.50728185E-06   1.51796352E-06
  # Using grid point #8
* Iteration # 1: E =  -2.307002813066E+02 +/-   5.652175969902E-06
* Convergence: exiting.
* After optimization:
  -4.6547E-01   2.9833E-01  -9.0533E-02  -7.8236E-02   1.9691E-02   1.2749E-02
  -1.2328E-01  -1.7370E-01   5.2196E-02   3.9778E-02   8.4894E-02  -5.4278E-03
   1.9918E-02  -3.0656E-02  -1.5624E-02  -1.4545E-02   8.2476E-03  -1.0728E-03
   4.7487E-05   6.5915E-01   8.6768E-02  -5.8571E-02  -5.4217E-02  -1.5035E-02
  -1.5142E-02   8.7289E-02  -5.0564E-02  -4.8226E-02  -1.1231E-02  -1.6605E-02
   2.1623E-01  -3.0038E-02  -2.7693E-02   2.9167E-02   3.7519E-02   1.9935E-01
  -2.0987E-02  -1.9057E-02   3.7408E-02   3.7733E-02
  > Energy =  -2.307002813066E+02 +/-   5.652175969902E-06
  > varE =   1.598888120210E-06

VMC #4:
* Size of Hilbert space =   4.0000E+02
* Deterministic energy evaluation:
  > Deterministic Etot/t = -230.70027707212094
    - Ttot/t = -10.362873173532501
    - Utot/t = 3.9050879555594218
* Number of equil. steps   = 1000
* Running VMC equilibration.
  Done. [total walltime: 0.06s]
* Equil. acc.ratio (%)     =  35.3764
* Sample config after equilibration:
  +-----+
  |  u  |
  |d   d|
  |u   u|
  |  d  |
  +-----+
* Number of accum. steps   = 500480 x 10
* Running VMC accumulation.
  Done. [total walltime: 7.30s]
* Acceptance ratio (%)     =  35.1782
* Etot/t                   =  -2.307002756487E+02 +/-   1.781224704881E-06
  > Ttot/t                 =  -1.036284358501E+01 +/-   2.889516510403E-04
  > Utot/t                 =   3.905059790590E+00 +/-   2.881791303972E-04
* var[Eloc/t]              =   1.536634041330E-06 +/-   6.563958970602E-09
* Correlation length       =   1.033364878966E+00
* log10 Psi^2 range: -8.3913948804340812 -- -4.2079622570153505
* log10 Pgen range : -8.3913948804340812 -- -4.2079622570153505
* Site occupation (ave. no. electrons per config.):
  > Site_  ___eu____  ___ed____
      1        0.504      0.499
      2        0.498      0.503
      3        0.499      0.499
      4        0.499      0.501
      5        0.501      0.499
      6        0.499      0.499
* Pair-correlation analysis (ave. no. pairs per config.):
  > Shell  nsite  ___dh____  __eueu___  __eued___
      0      1        0          0          1.033
      1      4        1.064      1.479      3.524
      2      4        0.153      0.840      1.105
      3      4        0.075      0.419      0.556
      4      4        0.231      2.177      1.853
      5      4        0.117      1.085      0.930

Optimization #4:
* Method          : lls
* Target function : energy
* No. of configs. : 50048
* No. of params.  : 40
* Before optimization:
  -4.6547E-01   2.9833E-01  -9.0533E-02  -7.8236E-02   1.9691E-02   1.2749E-02
  -1.2328E-01  -1.7370E-01   5.2196E-02   3.9778E-02   8.4894E-02  -5.4278E-03
   1.9918E-02  -3.0656E-02  -1.5624E-02  -1.4545E-02   8.2476E-03  -1.0728E-03
   4.7487E-05   6.5915E-01   8.6768E-02  -5.8571E-02  -5.4217E-02  -1.5035E-02
  -1.5142E-02   8.7289E-02  -5.0564E-02  -4.8226E-02  -1.1231E-02  -1.6605E-02
   2.1623E-01  -3.0038E-02  -2.7693E-02   2.9167E-02   3.7519E-02   1.9935E-01
  -2.0987E-02  -1.9057E-02   3.7408E-02   3.7733E-02
  > E    =  -2.307002719339E+02 +/-   5.567661337168E-06
  > varE =   1.551430583203E-06
* Computing derivatives.
  Done. [total walltime: 19.3s]
* Optimizing manipulation constant:
  #igrid a___________ E____________________________________ varE____________
     1     Infinity    -2.30700272E+02 +/-   5.56766134E-06   1.55143058E-06
     2     1.0000E+06  -2.30700272E+02 +/-   5.56765792E-06   1.55142868E-06
     3     2.1544E+05  -2.30700272E+02 +/-   5.56764546E-06   1.55142174E-06
     4     4.6416E+04  -2.30700272E+02 +/-   5.56758765E-06   1.55138952E-06
     5     1.0000E+04  -2.30700272E+02 +/-   5.56731940E-06   1.55124003E-06
     6     2.1544E+03  -2.30700272E+02 +/-   5.56607590E-06   1.55054715E-06
     7     4.6416E+02  -2.30700272E+02 +/-   5.56033938E-06   1.54735273E-06
     8     1.0000E+02  -2.30700272E+02 +/-   5.53449129E-06   1.53299996E-06
     9     2.1544E+01  -2.30700272E+02 +/-   5.43317559E-06   1.47738678E-06
    10     4.6416E+00  -2.30700272E+02 +/-   5.55326528E-06   1.54341803E-06
    11     1.0000E+00  -2.30700236E+02 +/-   1.84827449E-05   1.70969904E-05
    12     2.1544E-01  -2.30699906E+02 +/-   5.86857156E-05   1.72365973E-04
    13     4.6416E-02  -2.30699435E+02 +/-   8.86298815E-05   3.93139847E-04
    14     1.0000E-02  -2.30699230E+02 +/-   9.88172917E-05   4.88711570E-04
    15     2.1544E-03  -2.30699176E+02 +/-   1.01299817E-04   5.13575201E-04
    16     4.6416E-04  -2.30699164E+02 +/-   1.01849974E-04   5.19168788E-04
    17     1.0000E-04  -2.30699161E+02 +/-   1.01969236E-04   5.20385343E-04
    18     2.1544E-05  -2.30699161E+02 +/-   1.01994964E-04   5.20647978E-04
    19     4.6416E-06  -2.30699161E+02 +/-   1.02000509E-04   5.20704586E-04
    20     1.0000E-06  -2.30699161E+02 +/-   1.02001703E-04   5.20716783E-04
    21     0.0000E+00  -2.30699161E+02 +/-   1.02002031E-04   5.20720133E-04
* Iteration # 1: E =  -2.307002720561E+02 +/-   5.433175589587E-06
* Convergence: exiting.
* After optimization:
  -4.6341E-01   2.9723E-01  -9.1114E-02  -7.8992E-02   1.9438E-02   1.2615E-02
  -1.2231E-01  -1.7359E-01   5.2578E-02   3.9879E-02   8.4850E-02  -4.6703E-03
   1.9655E-02  -3.0230E-02  -1.5309E-02  -1.4317E-02   8.1617E-03  -1.0478E-03
   4.9748E-05   6.5919E-01   8.7814E-02  -5.9132E-02  -5.4807E-02  -1.4783E-02
  -1.4886E-02   8.8422E-02  -5.1213E-02  -4.8932E-02  -1.1118E-02  -1.6366E-02
   2.1717E-01  -3.1656E-02  -2.9357E-02   2.8939E-02   3.7089E-02   2.0076E-01
  -2.2638E-02  -2.0876E-02   3.7076E-02   3.7393E-02
  > Energy =  -2.307002720561E+02 +/-   5.433175589587E-06
  > varE =   1.477386780420E-06

VMC #5:
* Size of Hilbert space =   4.0000E+02
* Deterministic energy evaluation:
  > Deterministic Etot/t = -230.70027715944317
    - Ttot/t = -10.362885495879073
    - Utot/t = 3.9051001905838110
* Number of equil. steps   = 1000
* Running VMC equilibration.
  Done. [total walltime: 0.06s]
* Equil. acc.ratio (%)     =  35.3031
* Sample config after equilibration:
  +-----+
  |  u  |
  |u   d|
  |d   u|
  |  d  |
  +-----+
* Number of accum. steps   = 500480 x 10
* Running VMC accumulation.
  Done. [total walltime: 7.29s]
* Acceptance ratio (%)     =  35.2353
* Etot/t                   =  -2.307002797730E+02 +/-   1.730956036476E-06
  > Ttot/t                 =  -1.036310156929E+01 +/-   2.911046609447E-04
  > Utot/t                 =   3.905313650506E+00 +/-   2.903732990375E-04
* var[Eloc/t]              =   1.478813733498E-06 +/-   6.982718646966E-09
* Correlation length       =   1.014017212825E+00
* log10 Psi^2 range: -8.3984621383918192 -- -4.2248350987084695
* log10 Pgen range : -8.3984621383918192 -- -4.2248350987084695
* Site occupation (ave. no. electrons per config.):
  > Site_  ___eu____  ___ed____
      1        0.499      0.499
      2        0.503      0.500
      3        0.499      0.500
      4        0.499      0.498
      5        0.502      0.505
      6        0.499      0.498
* Pair-correlation analysis (ave. no. pairs per config.):
  > Shell  nsite  ___dh____  __eueu___  __eued___
      0      1        0          0          1.028
      1      4        1.054      1.480      3.533
      2      4        0.150      0.838      1.101
      3      4        0.076      0.422      0.560
      4      4        0.231      2.180      1.855
      5      4        0.117      1.079      0.923

Optimization #5:
* Method          : lls
* Target function : energy
* No. of configs. : 50048
* No. of params.  : 40
* Before optimization:
  -4.6341E-01   2.9723E-01  -9.1114E-02  -7.8992E-02   1.9438E-02   1.2615E-02
  -1.2231E-01  -1.7359E-01   5.2578E-02   3.9879E-02   8.4850E-02  -4.6703E-03
   1.9655E-02  -3.0230E-02  -1.5309E-02  -1.4317E-02   8.1617E-03  -1.0478E-03
   4.9748E-05   6.5919E-01   8.7814E-02  -5.9132E-02  -5.4807E-02  -1.4783E-02
  -1.4886E-02   8.8422E-02  -5.1213E-02  -4.8932E-02  -1.1118E-02  -1.6366E-02
   2.1717E-01  -3.1656E-02  -2.9357E-02   2.8939E-02   3.7089E-02   2.0076E-01
  -2.2638E-02  -2.0876E-02   3.7076E-02   3.7393E-02
  > E    =  -2.307002876993E+02 +/-   5.508577308497E-06
  > varE =   1.518677730535E-06
* Computing derivatives.
  Done. [total walltime: 19.3s]
* Optimizing manipulation constant:
  #igrid a___________ E____________________________________ varE____________
     1     Infinity    -2.30700288E+02 +/-   5.50857731E-06   1.51867773E-06
     2     1.0000E+06  -2.30700288E+02 +/-   5.50857373E-06   1.51867575E-06
     3     2.1544E+05  -2.30700288E+02 +/-   5.50856068E-06   1.51866856E-06
     4     4.6416E+04  -2.30700288E+02 +/-   5.50850017E-06   1.51863520E-06
     5     1.0000E+04  -2.30700288E+02 +/-   5.50822019E-06   1.51848083E-06
     6     2.1544E+03  -2.30700288E+02 +/-   5.50693984E-06   1.51777499E-06
     7     4.6416E+02  -2.30700288E+02 +/-   5.50141017E-06   1.51472844E-06
     8     1.0000E+02  -2.30700288E+02 +/-   5.48467962E-06   1.50552945E-06
     9     2.1544E+01  -2.30700287E+02 +/-   5.62168650E-06   1.58168492E-06
    10     4.6416E+00  -2.30700274E+02 +/-   1.35994672E-05   9.25615277E-06
    11     1.0000E+00  -2.30699772E+02 +/-   8.60594779E-05   3.70667186E-04
    12     2.1544E-01  -2.30697281E+02 +/-   2.09702305E-04   2.20086364E-03
    13     4.6416E-02  -2.30695283E+02 +/-   2.70697174E-04   3.66736529E-03
    14     1.0000E-02  -2.30694654E+02 +/-   2.87200476E-04   4.12816491E-03
    15     2.1544E-03  -2.30694506E+02 +/-   2.90945742E-04   4.23653441E-03
    16     4.6416E-04  -2.30694473E+02 +/-   2.91761828E-04   4.26033421E-03
    17     1.0000E-04  -2.30694466E+02 +/-   2.91938079E-04   4.26548304E-03
    18     2.1544E-05  -2.30694465E+02 +/-   2.91976071E-04   4.26659331E-03
    19     4.6416E-06  -2.30694464E+02 +/-   2.91984257E-04   4.26683256E-03
    20     1.0000E-06  -2.30694464E+02 +/-   2.91986021E-04   4.26688410E-03
    21     0.0000E+00  -2.30694464E+02 +/-   2.91986505E-04   4.26689826E-03
* Iteration # 1: E =  -2.307002876884E+02 +/-   5.501410170329E-06
* Convergence: exiting.
* After optimization:
  -4.6206E-01   2.9715E-01  -9.1142E-02  -7.9037E-02   1.9418E-02   1.2606E-02
  -1.2225E-01  -1.7358E-01   5.2600E-02   3.9880E-02   8.4852E-02  -4.6289E-03
   1.9644E-02  -3.0204E-02  -1.5290E-02  -1.4305E-02   8.1586E-03  -1.0442E-03
   5.0074E-05   6.5878E-01   8.7818E-02  -5.9125E-02  -5.4804E-02  -1.4755E-02
  -1.4858E-02   8.8430E-02  -5.1220E-02  -4.8943E-02  -1.1100E-02  -1.6336E-02
   2.1722E-01  -3.1754E-02  -2.9457E-02   2.8930E-02   3.7066E-02   2.0085E-01
  -2.2740E-02  -2.0987E-02   3.7061E-02   3.7378E-02
  > Energy =  -2.307002876884E+02 +/-   5.501410170329E-06
  > varE =   1.514728437775E-06

VMC #6:
* Size of Hilbert space =   4.0000E+02
* Deterministic energy evaluation:
  > Deterministic Etot/t = -230.70027716370706
    - Ttot/t = -10.362885766069121
    - Utot/t = 3.9051004565099672
* Number of equil. steps   = 1000
* Running VMC equilibration.
  Done. [total walltime: 0.06s]
* Equil. acc.ratio (%)     =  35.2586
* Sample config after equilibration:
  +-----+
  |  u  |
  |0   d|
  |2   u|
  |  d  |
  +-----+
* Number of accum. steps   = 500480 x 10
* Running VMC accumulation.
  Done. [total walltime: 7.28s]
* Acceptance ratio (%)     =  35.1972
* Etot/t                   =  -2.307002757935E+02 +/-   1.734536105706E-06
  > Ttot/t                 =  -1.036283006162E+01 +/-   2.897739376975E-04
  > Utot/t                 =   3.905046122321E+00 +/-   2.890163237764E-04
* var[Eloc/t]              =   1.463733935311E-06 +/-   7.191095459170E-09
* Correlation length       =   1.028706003266E+00
* log10 Psi^2 range: -7.7682478291548405 -- -4.2258370021085225
* log10 Pgen range : -7.7682478291548405 -- -4.2258370021085225
* Site occupation (ave. no. electrons per config.):
  > Site_  ___eu____  ___ed____
      1        0.503      0.498
      2        0.501      0.500
      3        0.498      0.501
      4        0.502      0.499
      5        0.500      0.503
      6        0.495      0.498
* Pair-correlation analysis (ave. no. pairs per config.):
  > Shell  nsite  ___dh____  __eueu___  __eued___
      0      1        0          0          1.033
      1      4        1.066      1.475      3.526
      2      4        0.152      0.838      1.105
      3      4        0.074      0.424      0.556
      4      4        0.232      2.176      1.856
      5      4        0.115      1.088      0.924

Optimization #6:
* Method          : lls
* Target function : energy
* No. of configs. : 50048
* No. of params.  : 40
* Before optimization:
  -4.6206E-01   2.9715E-01  -9.1142E-02  -7.9037E-02   1.9418E-02   1.2606E-02
  -1.2225E-01  -1.7358E-01   5.2600E-02   3.9880E-02   8.4852E-02  -4.6289E-03
   1.9644E-02  -3.0204E-02  -1.5290E-02  -1.4305E-02   8.1586E-03  -1.0442E-03
   5.0074E-05   6.5878E-01   8.7818E-02  -5.9125E-02  -5.4804E-02  -1.4755E-02
  -1.4858E-02   8.8430E-02  -5.1220E-02  -4.8943E-02  -1.1100E-02  -1.6336E-02
   2.1722E-01  -3.1754E-02  -2.9457E-02   2.8930E-02   3.7066E-02   2.0085E-01
  -2.2740E-02  -2.0987E-02   3.7061E-02   3.7378E-02
  > E    =  -2.307002815900E+02 +/-   5.396289276845E-06
  > varE =   1.457394654992E-06
* Computing derivatives.
  Done. [total walltime: 19.3s]
* Optimizing manipulation constant:
  #igrid a___________ E____________________________________ varE____________
     1     Infinity    -2.30700282E+02 +/-   5.39628928E-06   1.45739465E-06
     2     1.0000E+06  -2.30700282E+02 +/-   5.39628581E-06   1.45739278E-06
     3     2.1544E+05  -2.30700282E+02 +/-   5.39627318E-06   1.45738596E-06
     4     4.6416E+04  -2.30700282E+02 +/-   5.39621464E-06   1.45735434E-06
     5     1.0000E+04  -2.30700282E+02 +/-   5.39594437E-06   1.45720836E-06
     6     2.1544E+03  -2.30700282E+02 +/-   5.39472138E-06   1.45654788E-06
     7     4.6416E+02  -2.30700282E+02 +/-   5.38972007E-06   1.45384848E-06
     8     1.0000E+02  -2.30700282E+02 +/-   5.38090976E-06   1.44909930E-06
     9     2.1544E+01  -2.30700283E+02 +/-   5.69240717E-06   1.62173034E-06
    10     4.6416E+00  -2.30700288E+02 +/-   1.79015265E-05   1.60386149E-05
    11     1.0000E+00  -2.30699585E+02 +/-   1.15236161E-04   6.64606054E-04
    12     2.1544E-01  -2.30696117E+02 +/-   2.61004830E-04   3.40944598E-03
    13     4.6416E-02  -2.30700285E+02 +/-   2.11509048E-05   2.23895119E-05
    14     1.0000E-02  -2.30627661E+02 +/-   1.00720469E-03   5.07717585E-02
    15     2.1544E-03  -2.30650257E+02 +/-   8.46948594E-04   3.59005275E-02
    16     4.6416E-04  -2.30653120E+02 +/-   8.23897274E-04   3.39729187E-02
    17     1.0000E-04  -2.30653680E+02 +/-   8.19295308E-04   3.35944598E-02
    18     2.1544E-05  -2.30653799E+02 +/-   8.18319585E-04   3.35144902E-02
    19     4.6416E-06  -2.30653824E+02 +/-   8.18110091E-04   3.34973327E-02
    20     1.0000E-06  -2.30653829E+02 +/-   8.18064991E-04   3.34936395E-02
    21     0.0000E+00  -2.30653831E+02 +/-   8.18052608E-04   3.34926255E-02
  ParMin   4.5800E+01  -2.30700282E+02 +/-   5.41358450E-06   1.46675159E-06
  # Using grid point #9
* Iteration # 1: E =  -2.307002828363E+02 +/-   5.692407167203E-06
* Convergence: exiting.
* After optimization:
  -4.2539E-01   2.9555E-01  -9.1651E-02  -7.9942E-02   1.9002E-02   1.2443E-02
  -1.2091E-01  -1.7345E-01   5.3017E-02   3.9882E-02   8.4880E-02  -3.7836E-03
   1.9459E-02  -2.9671E-02  -1.4919E-02  -1.4056E-02   8.1086E-03  -9.5522E-04
   5.7115E-05   6.4735E-01   8.7437E-02  -5.8695E-02  -5.4499E-02  -1.4071E-02
  -1.4169E-02   8.8158E-02  -5.1101E-02  -4.8926E-02  -1.0665E-02  -1.5605E-02
   2.1831E-01  -3.3754E-02  -3.1498E-02   2.8858E-02   3.6680E-02   2.0267E-01
  -2.4806E-02  -2.3234E-02   3.6836E-02   3.7141E-02
  > Energy =  -2.307002828363E+02 +/-   5.692407167203E-06
  > varE =   1.621730335830E-06

VMC #7:
* Size of Hilbert space =   4.0000E+02
* Deterministic energy evaluation:
  > Deterministic Etot/t = -230.70027691184524
    - Ttot/t = -10.362766986522010
    - Utot/t = 3.9049819288246530
* Number of equil. steps   = 1000
* Running VMC equilibration.
  Done. [total walltime: 0.06s]
* Equil. acc.ratio (%)     =  34.1562
* Sample config after equilibration:
  +-----+
  |  2  |
  |d   u|
  |0   d|
  |  u  |
  +-----+
* Number of accum. steps   = 500480 x 10
* Running VMC accumulation.
  Done. [total walltime: 7.30s]
* Acceptance ratio (%)     =  34.1441
* Etot/t                   =  -2.307002767626E+02 +/-   1.797034804945E-06
  > Ttot/t                 =  -1.036287355720E+01 +/-   2.846798945732E-04
  > Utot/t                 =   3.905088648829E+00 +/-   2.836998570843E-04
* var[Eloc/t]              =   1.634209462204E-06 +/-   4.144740799680E-09
* Correlation length       =   9.889901893455E-01
* log10 Psi^2 range: -8.4335092817821149 -- -4.2470094125548759
* log10 Pgen range : -8.4335092817821149 -- -4.2470094125548759
* Site occupation (ave. no. electrons per config.):
  > Site_  ___eu____  ___ed____
      1        0.498      0.497
      2        0.497      0.496
      3        0.501      0.504
      4        0.501      0.499
      5        0.502      0.506
      6        0.502      0.499
* Pair-correlation analysis (ave. no. pairs per config.):
  > Shell  nsite  ___dh____  __eueu___  __eued___
      0      1        0          0          1.031
      1      4        1.059      1.476      3.532
      2      4        0.149      0.841      1.110
      3      4        0.074      0.421      0.556
      4      4        0.234      2.175      1.846
      5      4        0.116      1.087      0.925

Optimization #7:
* Method          : lls
* Target function : energy
* No. of configs. : 50048
* No. of params.  : 40
* Before optimization:
  -4.2539E-01   2.9555E-01  -9.1651E-02  -7.9942E-02   1.9002E-02   1.2443E-02
  -1.2091E-01  -1.7345E-01   5.3017E-02   3.9882E-02   8.4880E-02  -3.7836E-03
   1.9459E-02  -2.9671E-02  -1.4919E-02  -1.4056E-02   8.1086E-03  -9.5522E-04
   5.7115E-05   6.4735E-01   8.7437E-02  -5.8695E-02  -5.4499E-02  -1.4071E-02
  -1.4169E-02   8.8158E-02  -5.1101E-02  -4.8926E-02  -1.0665E-02  -1.5605E-02
   2.1831E-01  -3.3754E-02  -3.1498E-02   2.8858E-02   3.6680E-02   2.0267E-01
  -2.4806E-02  -2.3234E-02   3.6836E-02   3.7141E-02
  > E    =  -2.307002802188E+02 +/-   5.777298936645E-06
  > varE =   1.670461254952E-06
* Computing derivatives.
  Done. [total walltime: 19.4s]
* Optimizing manipulation constant:
  #igrid a___________ E____________________________________ varE____________
     1     Infinity    -2.30700280E+02 +/-   5.77729894E-06   1.67046125E-06
     2     1.0000E+06  -2.30700280E+02 +/-   5.77729526E-06   1.67045913E-06
     3     2.1544E+05  -2.30700280E+02 +/-   5.77728186E-06   1.67045138E-06
     4     4.6416E+04  -2.30700280E+02 +/-   5.77721970E-06   1.67041543E-06
     5     1.0000E+04  -2.30700280E+02 +/-   5.77693122E-06   1.67024862E-06
     6     2.1544E+03  -2.30700280E+02 +/-   5.77559372E-06   1.66947530E-06
     7     4.6416E+02  -2.30700280E+02 +/-   5.76941790E-06   1.66590688E-06
     8     1.0000E+02  -2.30700280E+02 +/-   5.74144122E-06   1.64978964E-06
     9     2.1544E+01  -2.30700280E+02 +/-   5.62544275E-06   1.58379930E-06
    10     4.6416E+00  -2.30700279E+02 +/-   5.28449000E-06   1.39763217E-06
    11     1.0000E+00  -2.30700273E+02 +/-   5.23264047E-06   1.37034058E-06
    12     2.1544E-01  -2.30700268E+02 +/-   6.32136272E-06   1.99989939E-06
    13     4.6416E-02  -2.30700266E+02 +/-   6.92266697E-06   2.39846622E-06
    14     1.0000E-02  -2.30700265E+02 +/-   7.08087825E-06   2.50934850E-06
    15     2.1544E-03  -2.30700265E+02 +/-   7.11635403E-06   2.53455557E-06
    16     4.6416E-04  -2.30700265E+02 +/-   7.12406117E-06   2.54004849E-06
    17     1.0000E-04  -2.30700265E+02 +/-   7.12572459E-06   2.54123479E-06
    18     2.1544E-05  -2.30700265E+02 +/-   7.12608310E-06   2.54149051E-06
    19     4.6416E-06  -2.30700265E+02 +/-   7.12616035E-06   2.54154561E-06
    20     1.0000E-06  -2.30700265E+02 +/-   7.12617699E-06   2.54155748E-06
    21     0.0000E+00  -2.30700265E+02 +/-   7.12618156E-06   2.54156074E-06
* Iteration # 1: E =  -2.307002801776E+02 +/-   5.625442753989E-06
* Convergence: exiting.
* After optimization:
  -4.2399E-01   2.9439E-01  -9.2096E-02  -8.0647E-02   1.8734E-02   1.2344E-02
  -1.1982E-01  -1.7339E-01   5.3353E-02   3.9959E-02   8.4875E-02  -3.0585E-03
   1.9269E-02  -2.9262E-02  -1.4637E-02  -1.3845E-02   8.0531E-03  -9.0102E-04
   6.0055E-05   6.4729E-01   8.8304E-02  -5.9221E-02  -5.5074E-02  -1.3831E-02
  -1.3927E-02   8.9098E-02  -5.1746E-02  -4.9620E-02  -1.0565E-02  -1.5367E-02
   2.1928E-01  -3.5216E-02  -3.3000E-02   2.8817E-02   3.6421E-02   2.0416E-01
  -2.6326E-02  -2.4877E-02   3.6694E-02   3.6991E-02
  > Energy =  -2.307002801776E+02 +/-   5.625442753989E-06
  > varE =   1.583799298017E-06

VMC #8:
* Size of Hilbert space =   4.0000E+02
* Deterministic energy evaluation:
  > Deterministic Etot/t = -230.70027701279281
    - Ttot/t = -10.362782391898122
    - Utot/t = 3.9049972332532019
* Number of equil. steps   = 1000
* Running VMC equilibration.
  Done. [total walltime: 0.06s]
* Equil. acc.ratio (%)     =  34.2809
* Sample config after equilibration:
  +-----+
  |  2  |
  |d   0|
  |u   2|
  |  0  |
  +-----+
* Number of accum. steps   = 500480 x 10
* Running VMC accumulation.
  Done. [total walltime: 7.32s]
* Acceptance ratio (%)     =  34.1904
* Etot/t                   =  -2.307002793604E+02 +/-   1.753808829426E-06
  > Ttot/t                 =  -1.036317863485E+01 +/-   2.909174168704E-04
  > Utot/t                 =   3.905391128547E+00 +/-   2.899732384613E-04
* var[Eloc/t]              =   1.553652679112E-06 +/-   1.074243940477E-08
* Correlation length       =   9.908257692206E-01
* log10 Psi^2 range: -8.4515012502073166 -- -4.2643856316710052
* log10 Pgen range : -8.4515012502073166 -- -4.2643856316710052
* Site occupation (ave. no. electrons per config.):
  > Site_  ___eu____  ___ed____
      1        0.497      0.501
      2        0.501      0.500
      3        0.502      0.501
      4        0.503      0.497
      5        0.499      0.499
      6        0.499      0.502
* Pair-correlation analysis (ave. no. pairs per config.):
  > Shell  nsite  ___dh____  __eueu___  __eued___
      0      1        0          0          1.027
      1      4        1.053      1.483      3.530
      2      4        0.152      0.844      1.104
      3      4        0.074      0.421      0.552
      4      4        0.229      2.169      1.857
      5      4        0.117      1.084      0.930

Optimization #8:
* Method          : lls
* Target function : energy
* No. of configs. : 50048
* No. of params.  : 40
* Before optimization:
  -4.2399E-01   2.9439E-01  -9.2096E-02  -8.0647E-02   1.8734E-02   1.2344E-02
  -1.1982E-01  -1.7339E-01   5.3353E-02   3.9959E-02   8.4875E-02  -3.0585E-03
   1.9269E-02  -2.9262E-02  -1.4637E-02  -1.3845E-02   8.0531E-03  -9.0102E-04
   6.0055E-05   6.4729E-01   8.8304E-02  -5.9221E-02  -5.5074E-02  -1.3831E-02
  -1.3927E-02   8.9098E-02  -5.1746E-02  -4.9620E-02  -1.0565E-02  -1.5367E-02
   2.1928E-01  -3.5216E-02  -3.3000E-02   2.8817E-02   3.6421E-02   2.0416E-01
  -2.6326E-02  -2.4877E-02   3.6694E-02   3.6991E-02
  > E    =  -2.307002714666E+02 +/-   5.557627873138E-06
  > varE =   1.545843965738E-06
* Computing derivatives.
  Done. [total walltime: 19.3s]
* Optimizing manipulation constant:
  #igrid a___________ E____________________________________ varE____________
     1     Infinity    -2.30700271E+02 +/-   5.55762787E-06   1.54584397E-06
     2     1.0000E+06  -2.30700271E+02 +/-   5.55762462E-06   1.54584215E-06
     3     2.1544E+05  -2.30700271E+02 +/-   5.55761276E-06   1.54583556E-06
     4     4.6416E+04  -2.30700271E+02 +/-   5.55755779E-06   1.54580498E-06
     5     1.0000E+04  -2.30700271E+02 +/-   5.55730413E-06   1.54566387E-06
     6     2.1544E+03  -2.30700271E+02 +/-   5.55615819E-06   1.54502650E-06
     7     4.6416E+02  -2.30700271E+02 +/-   5.55149287E-06   1.54243297E-06
     8     1.0000E+02  -2.30700271E+02 +/-   5.54181228E-06   1.53705833E-06
     9     2.1544E+01  -2.30700271E+02 +/-   5.63254215E-06   1.58779938E-06
    10     4.6416E+00  -2.30700271E+02 +/-   6.09020894E-06   1.85631260E-06
    11     1.0000E+00  -2.30700272E+02 +/-   5.05948296E-06   1.28114711E-06
    12     2.1544E-01  -2.30700270E+02 +/-   8.07508525E-06   3.26348003E-06
    13     4.6416E-02  -2.30700200E+02 +/-   3.72561538E-05   6.94676749E-05
    14     1.0000E-02  -2.30698947E+02 +/-   1.61647186E-04   1.30774486E-03
    15     2.1544E-03  -2.30685558E+02 +/-   5.37807410E-04   1.44757239E-02
    16     4.6416E-04  -2.30637062E+02 +/-   1.08811445E-03   5.92564842E-02
    17     1.0000E-04  -2.30588614E+02 +/-   1.40859439E-03   9.93021463E-02
    18     2.1544E-05  -2.30569793E+02 +/-   1.50653164E-03   1.13590822E-01
    19     4.6416E-06  -2.30565019E+02 +/-   1.52964374E-03   1.17102809E-01
    20     1.0000E-06  -2.30563950E+02 +/-   1.53472721E-03   1.17882440E-01
    21     0.0000E+00  -2.30563654E+02 +/-   1.53612979E-03   1.18098002E-01
  ParMin   1.3712E+00  -2.30700272E+02 +/-   5.40114833E-06   1.46002044E-06
  # Using grid point #11
* Iteration # 1: E =  -2.307002722185E+02 +/-   5.059482964014E-06
* Convergence: exiting.
* After optimization:
  -4.6650E-01   2.9331E-01  -9.1513E-02  -7.9955E-02   1.9392E-02   1.2930E-02
  -1.2342E-01  -1.7141E-01   5.3330E-02   3.7878E-02   8.2721E-02  -1.5544E-03
   1.7190E-02  -2.7386E-02  -1.4536E-02  -1.4208E-02   8.0575E-03  -1.0765E-03
   3.4763E-05   6.6649E-01   9.2242E-02  -5.9842E-02  -5.4959E-02  -1.6086E-02
  -1.6186E-02   9.0828E-02  -5.3932E-02  -5.1864E-02  -1.0786E-02  -1.5630E-02
   2.2010E-01  -3.5301E-02  -3.3678E-02   2.4277E-02   3.1791E-02   2.0135E-01
  -2.8423E-02  -2.8283E-02   3.5104E-02   3.5453E-02
  > Energy =  -2.307002722185E+02 +/-   5.059482964014E-06
  > varE =   1.281147114815E-06

VMC #9:
* Size of Hilbert space =   4.0000E+02
* Deterministic energy evaluation:
  > Deterministic Etot/t = -230.70027730698675
    - Ttot/t = -10.362729511021996
    - Utot/t = 3.9049440581831267
* Number of equil. steps   = 1000
* Running VMC equilibration.
  Done. [total walltime: 0.06s]
* Equil. acc.ratio (%)     =  35.5453
* Sample config after equilibration:
  +-----+
  |  d  |
  |u   u|
  |2   d|
  |  0  |
  +-----+
* Number of accum. steps   = 500480 x 10
* Running VMC accumulation.
  Done. [total walltime: 7.32s]
* Acceptance ratio (%)     =  35.5950
* Etot/t                   =  -2.307002746037E+02 +/-   1.587341114206E-06
  > Ttot/t                 =  -1.036256591194E+01 +/-   2.918443519210E-04
  > Utot/t                 =   3.904783162534E+00 +/-   2.908335314184E-04
* var[Eloc/t]              =   1.290909309514E-06 +/-   6.763194388602E-09
* Correlation length       =   9.768581960021E-01
* log10 Psi^2 range: -7.7824297609625077 -- -4.2398504919281006
* log10 Pgen range : -7.7824297609625077 -- -4.2398504919281006
* Site occupation (ave. no. electrons per config.):
  > Site_  ___eu____  ___ed____
      1        0.501      0.501
      2        0.501      0.501
      3        0.496      0.501
      4        0.498      0.502
      5        0.500      0.500
      6        0.504      0.495
* Pair-correlation analysis (ave. no. pairs per config.):
  > Shell  nsite  ___dh____  __eueu___  __eued___
      0      1        0          0          1.025
      1      4        1.052      1.476      3.540
      2      4        0.149      0.838      1.110
      3      4        0.074      0.418      0.560
      4      4        0.231      2.182      1.843
      5      4        0.115      1.086      0.922

Optimization #9:
* Method          : lls
* Target function : energy
* No. of configs. : 50048
* No. of params.  : 40
* Before optimization:
  -4.6650E-01   2.9331E-01  -9.1513E-02  -7.9955E-02   1.9392E-02   1.2930E-02
  -1.2342E-01  -1.7141E-01   5.3330E-02   3.7878E-02   8.2721E-02  -1.5544E-03
   1.7190E-02  -2.7386E-02  -1.4536E-02  -1.4208E-02   8.0575E-03  -1.0765E-03
   3.4763E-05   6.6649E-01   9.2242E-02  -5.9842E-02  -5.4959E-02  -1.6086E-02
  -1.6186E-02   9.0828E-02  -5.3932E-02  -5.1864E-02  -1.0786E-02  -1.5630E-02
   2.2010E-01  -3.5301E-02  -3.3678E-02   2.4277E-02   3.1791E-02   2.0135E-01
  -2.8423E-02  -2.8283E-02   3.5104E-02   3.5453E-02
  > E    =  -2.307002695500E+02 +/-   5.091263309370E-06
  > varE =   1.297292310447E-06
* Computing derivatives.
  Done. [total walltime: 18.9s]
* Optimizing manipulation constant:
  #igrid a___________ E____________________________________ varE____________
     1     Infinity    -2.30700270E+02 +/-   5.09126331E-06   1.29729231E-06
     2     1.0000E+06  -2.30700270E+02 +/-   5.09126028E-06   1.29729076E-06
     3     2.1544E+05  -2.30700270E+02 +/-   5.09124923E-06   1.29728514E-06
     4     4.6416E+04  -2.30700270E+02 +/-   5.09119797E-06   1.29725901E-06
     5     1.0000E+04  -2.30700270E+02 +/-   5.09096028E-06   1.29713788E-06
     6     2.1544E+03  -2.30700270E+02 +/-   5.08986180E-06   1.29657818E-06
     7     4.6416E+02  -2.30700270E+02 +/-   5.08488379E-06   1.29404325E-06
     8     1.0000E+02  -2.30700270E+02 +/-   5.06678113E-06   1.28484582E-06
     9     2.1544E+01  -2.30700264E+02 +/-   8.22253889E-06   3.38375258E-06
    10     4.6416E+00  -2.30699742E+02 +/-   8.64530799E-05   3.74065510E-04
    11     1.0000E+00  -2.30684201E+02 +/-   4.87608081E-04   1.18994946E-02
    12     2.1544E-01  -2.30697619E+02 +/-   1.96084037E-04   1.92429303E-03
    13     4.6416E-02  -2.30697824E+02 +/-   1.87830902E-04   1.76571584E-03
    14     1.0000E-02  -2.30697793E+02 +/-   1.88899246E-04   1.78585904E-03
    15     2.1544E-03  -2.30697781E+02 +/-   1.89331497E-04   1.79404142E-03
    16     4.6416E-04  -2.30697779E+02 +/-   1.89435327E-04   1.79600967E-03
    17     1.0000E-04  -2.30697778E+02 +/-   1.89458209E-04   1.79644358E-03
    18     2.1544E-05  -2.30697778E+02 +/-   1.89463163E-04   1.79653752E-03
    19     4.6416E-06  -2.30697778E+02 +/-   1.89464231E-04   1.79655779E-03
    20     1.0000E-06  -2.30697778E+02 +/-   1.89464461E-04   1.79656215E-03
    21     0.0000E+00  -2.30697778E+02 +/-   1.89464525E-04   1.79656335E-03
  ParMin   2.1417E+02  -2.30700270E+02 +/-   5.07797365E-06   1.29052854E-06
  # Using grid point #8
* Iteration # 1: E =  -2.307002695564E+02 +/-   5.066781131737E-06
* Convergence: exiting.
* After optimization:
  -4.6312E-01   2.9318E-01  -9.1534E-02  -8.0042E-02   1.9343E-02   1.2923E-02
  -1.2332E-01  -1.7140E-01   5.3366E-02   3.7873E-02   8.2714E-02  -1.4620E-03
   1.7180E-02  -2.7318E-02  -1.4506E-02  -1.4194E-02   8.0617E-03  -1.0670E-03
   3.5726E-05   6.6529E-01   9.2141E-02  -5.9774E-02  -5.4904E-02  -1.5998E-02
  -1.6099E-02   9.0736E-02  -5.3891E-02  -5.1831E-02  -1.0730E-02  -1.5540E-02
   2.2022E-01  -3.5443E-02  -3.3821E-02   2.4346E-02   3.1820E-02   2.0156E-01
  -2.8566E-02  -2.8449E-02   3.5151E-02   3.5499E-02
  > Energy =  -2.307002695564E+02 +/-   5.066781131737E-06
  > varE =   1.284845820856E-06

VMC #10:
* Size of Hilbert space =   4.0000E+02
* Deterministic energy evaluation:
  > Deterministic Etot/t = -230.70027732104592
    - Ttot/t = -10.362731424578257
    - Utot/t = 3.9049459576802215
* Number of equil. steps   = 1000
* Running VMC equilibration.
  Done. [total walltime: 0.06s]
* Equil. acc.ratio (%)     =  35.5876
* Sample config after equilibration:
  +-----+
  |  u  |
  |d   d|
  |2   u|
  |  0  |
  +-----+
* Number of accum. steps   = 500480 x 10
* Running VMC accumulation.
  Done. [total walltime: 7.30s]
* Acceptance ratio (%)     =  35.5430
* Etot/t                   =  -2.307002768059E+02 +/-   1.564821695386E-06
  > Ttot/t                 =  -1.036293868074E+01 +/-   2.888697062816E-04
  > Utot/t                 =   3.905153729121E+00 +/-   2.878816003869E-04
* var[Eloc/t]              =   1.274950785083E-06 +/-   5.584900795605E-09
* Correlation length       =   9.612204985827E-01
* log10 Psi^2 range: -8.4297524731292359 -- -4.2420271347015515
* log10 Pgen range : -8.4297524731292359 -- -4.2420271347015515
* Site occupation (ave. no. electrons per config.):
  > Site_  ___eu____  ___ed____
      1        0.503      0.499
      2        0.503      0.498
      3        0.496      0.503
      4        0.502      0.500
      5        0.497      0.499
      6        0.498      0.501
* Pair-correlation analysis (ave. no. pairs per config.):
  > Shell  nsite  ___dh____  __eueu___  __eued___
      0      1        0          0          1.025
      1      4        1.050      1.473      3.541
      2      4        0.151      0.841      1.107
      3      4        0.075      0.418      0.555
      4      4        0.229      2.179      1.846
      5      4        0.113      1.090      0.927

VDAGGER finished.
Total VDAGGER walltime: 6m57s

Run ended: Sat Sep 27 10:10:20 CEST 2025
