Run started: Fri Sep 26 18:55:51 CEST 2025
Using VDAGGER_ARCH = gnu7_fkfamd_cluster
Running 1x128 MPI processes.

                               xx
                              +##
                               #X
                               Xx
                          X##XxXxxX##x
                           +   Xx  ++
                               ##
                              +##
                              +##
     ++++         ++          +##
   xX+++##+      ####         +##
  Xx    ###      +X##          ##
 xX    X##+        ##          #X
 +    x##X         #x          #X
      ###         +#           x+
     X##+         #+
     ###         Xx                    _______
     ##X       +X+   __________________VDAGGER
     +##x    +xX     2nd quantized variational
       +xxxxx+       ______quantum Monte Carlo

* Running 128 MPI processes.
* Input file: "input.casl"

############# Start of input file dump #############
General:
  Random seed: timer

Plan:
  VMC-optimization:
    Minimum cycles: 7
    Convergence cycles: 3

System:
  Read Hamiltonian: FCIDUMP_loc_benzene
  Read orbitals: LTSC_benzene
  Complex orbitals: F
  Geometry:
    r_5: [ 0.00000000000000, 2.63994739601739 ]
    r_4: [ 2.28626150960564, 1.31997369800870 ]
    r_6: [ 2.28626150960564, -1.31997369800870 ]
    r_2: [ 0.00000000000000, -2.63994739601739 ]
    r_3: [ -2.28626150960564, -1.31997369800870 ]
    r_1: [ -2.28626150960564, 1.31997369800870 ]

VMC:
  nstep: 500000
  nconfig: 50000

Optimization:
  max_niter: 1

Jastrow: wfn.casl

Backflow: wfn.casl

Multideterminants: wfn.casl
############## End of input file dump ##############

General setup:
* Random seed: 1886562883 (from timer)

* Loaded integrals for system with nelec=6, ms2=0, norb=6
* INFO: setting number of electrons from integrals file.
* Analysis of Hamiltonian connecitivity performed:
  - T_ii (local, 1-site): 6 (i) values
  - U_iiii [opp] (local, 1-site): 6 (i) values
  - U_kkii [opp] (local, 2-site): 30 contribs. from 6 (i) values
  - U_kkii [par] (local, 2-site): 15 contribs. from 5 (i) values
  - T_ji (single, 2-site): 30 contribs. from 6 (i) values
  - U_kkji [opp] (single, 2/3-site): 180 contribs. from 30 (i,j) pairs
  - U_kkji [par] (single, 3-site): 150 contribs. from 30 (i,j) pairs
  - U_lkji [opp] (double, 2/3/4-site): 900 contribs. from 30 (i,j) pairs
  - U_lkji [par] (double, 4-site): 170 contribs. from 20 (i,j) pairs
  - Max. no. wfn. ratios in Eloc: 255
* Reading override orbitals from file "LTSC_benzene".
* Site labels:
  +-----+
  |  5  |
  |1   4|
  |3   6|
  |  2  |
  +-----+
* Automatically set Site kinds:
  [ 1, 1, 1, 1, 1, 1 ]
  +-----+
  |  1  |
  |1   1|
  |1   1|
  |  1  |
  +-----+
* Maximum Site kind: 1
* Number of site-pair kinds with Tij=0: 0
* Automatically set Site pair kinds:
  Site 1: [ 0, 4, 1, -5, -1, -2 ]
  Site 2: [ 4, 0, 1, -4, -3, -1 ]
  Site 3: [ 1, 1, 0, -2, -4, -5 ]
  Site 4: [ -5, -4, -2, 0, 1, 1 ]
  Site 5: [ -1, -3, -4, 1, 0, 4 ]
  Site 6: [ -2, -1, -5, 1, 4, 0 ]
  For site 1 of kind 1:
  +--------+
  |   -1   |
  | 0    -5|
  | 1    -2|
  |    4   |
  +--------+
* Maximum (unsigned) Site pair kind: 5
General system setup:
* Number of sites       : 6
* Number of electrons   : 6
* Spin imbalance MS2    : 0
* Filling               : 0.500000
* Number of orbitals in pool: 6
* Using real-valued orbitals
* Using double-precision arithmetic for orbitals

Trial wave function setup:
* Jastrow parameter file: "wfn.casl"
* Multideterminant parameter file: "wfn.casl"
* Backflow parameter file: "wfn.casl"
* Not using wave function manipulation

VMC #1:
* Size of Hilbert space =   4.0000E+02
* Deterministic energy evaluation:
  > Deterministic Etot/t = -230.68292736507868
    - Ttot/t = -10.310173536423079
    - Utot/t = 3.8697380254922984
* Number of equil. steps   = 1000
* Running VMC equilibration.
  Done. [total walltime: 0.06s]
* Equil. acc.ratio (%)     =  27.0060
* Sample config after equilibration:
  +-----+
  |  u  |
  |d   d|
  |u   u|
  |  d  |
  +-----+
* Number of accum. steps   = 500480 x 10
* Running VMC accumulation.
  Done. [total walltime: 4.49s]
* Acceptance ratio (%)     =  26.9105
* Etot/t                   =  -2.306829127501E+02 +/-   1.397924329964E-04
  > Ttot/t                 =  -1.031036559938E+01 +/-   3.528202879577E-04
  > Utot/t                 =   3.869944703731E+00 +/-   2.845819115654E-04
* var[Eloc/t]              =   9.616483544017E-03 +/-   3.181907718274E-04
* Correlation length       =   1.017039361679E+00
* log10 Psi^2 range: -7.9921813140393407 -- -3.1493880860423764
* log10 Pgen range : -7.9921813140393407 -- -3.1493880860423764
* Site occupation (ave. no. electrons per config.):
  > Site_  ___eu____  ___ed____
      1        0.502      0.499
      2        0.499      0.499
      3        0.498      0.500
      4        0.502      0.496
      5        0.500      0.502
      6        0.499      0.505
* Pair-correlation analysis (ave. no. pairs per config.):
  > Shell  nsite  ___dh____  __eueu___  __eued___
      0      1        0          0          0.892
      1      4        0.874      1.480      3.695
      2      4        0.092      0.830      1.181
      3      4        0.039      0.392      0.616
      4      4        0.197      2.203      1.758
      5      4        0.119      1.096      0.859

Optimization #1:
* Method          : lls
* Target function : energy
* No. of configs. : 50048
* No. of params.  : 37
* Before optimization:
  -7.7814E-01   3.7993E-01  -4.0004E-02  -3.7072E-02   7.3250E-02   7.3064E-02
  -2.3909E-01  -2.4749E-01   6.5376E-03   4.1963E-02   4.7370E-03   3.9250E-02
   6.8472E-05   1.0732E-04  -1.6347E-01  -1.6347E-01   6.3839E-01  -1.5413E-02
  -3.6816E-02  -3.7436E-02  -4.7667E-02  -4.7778E-02  -4.3350E-03  -1.6268E-02
  -1.5322E-02  -2.4658E-02  -2.5230E-02   1.6536E-01   1.5966E-01   1.5903E-01
   8.8721E-02   8.9744E-02   7.2507E-02   1.6322E-01   1.6366E-01   1.1279E-01
   1.1265E-01
  > E    =  -2.306827891962E+02 +/-   4.553695779118E-04
  > varE =   1.037802597410E-02
* Computing derivatives.
  Done. [total walltime: 9.01s]
* Optimizing manipulation constant:
  #igrid a___________ E____________________________________ varE____________
     1     Infinity    -2.30682789E+02 +/-   4.55369578E-04   1.03780260E-02
     2     1.0000E+06  -2.30682789E+02 +/-   4.55369302E-04   1.03780134E-02
     3     2.1544E+05  -2.30682789E+02 +/-   4.55368342E-04   1.03779697E-02
     4     4.6416E+04  -2.30682789E+02 +/-   4.55364826E-04   1.03778094E-02
     5     1.0000E+04  -2.30682787E+02 +/-   4.55368817E-04   1.03779913E-02
     6     2.1544E+03  -2.30682713E+02 +/-   4.55851252E-04   1.03999926E-02
     7     4.6416E+02  -2.30680286E+02 +/-   4.78002504E-04   1.14352870E-02
     8     1.0000E+02  -2.30206198E+02 +/-   2.34376235E-03   2.74924772E-01
     9     2.1544E+01  -2.29232436E+02 +/-   2.58912876E-03   3.35501160E-01
    10     4.6416E+00  -2.29231618E+02 +/-   2.59033747E-03   3.35814484E-01
    11     1.0000E+00  -2.29589222E+02 +/-   2.90547225E-03   4.22493655E-01
    12     2.1544E-01  -2.30005975E+02 +/-   2.57646870E-03   3.32228182E-01
    13     4.6416E-02  -2.29176291E+02 +/-   7.80574491E-04   3.04940731E-02
    14     1.0000E-02  -2.29177224E+02 +/-   8.01237983E-04   3.21299304E-02
    15     2.1544E-03  -2.29113746E+02 +/-   6.62501814E-04   2.19665003E-02
    16     4.6416E-04  -2.29098523E+02 +/-   6.04453367E-04   1.82857311E-02
    17     1.0000E-04  -2.29095271E+02 +/-   5.90244593E-04   1.74361567E-02
    18     2.1544E-05  -2.29094573E+02 +/-   5.87101620E-04   1.72509606E-02
    19     4.6416E-06  -2.29094423E+02 +/-   5.86420668E-04   1.72109667E-02
    20     1.0000E-06  -2.29094390E+02 +/-   5.86273784E-04   1.72023459E-02
    21     0.0000E+00  -2.29094381E+02 +/-   5.86233438E-04   1.71999783E-02
* Iteration # 1: E =  -2.306827894522E+02 +/-   4.553648258289E-04
* Reached maximum number of iterations: exiting.
* After optimization:
  -7.7433E-01   3.7993E-01  -4.0005E-02  -3.7072E-02   7.3249E-02   7.3063E-02
  -2.3908E-01  -2.4749E-01   6.5388E-03   4.1964E-02   4.7389E-03   3.9250E-02
   6.8390E-05   1.0640E-04  -1.6346E-01  -1.6346E-01   6.3718E-01  -1.5384E-02
  -3.6747E-02  -3.7364E-02  -4.7577E-02  -4.7688E-02  -4.3270E-03  -1.6237E-02
  -1.5293E-02  -2.4612E-02  -2.5183E-02   1.6536E-01   1.5966E-01   1.5903E-01
   8.8720E-02   8.9744E-02   7.2509E-02   1.6322E-01   1.6365E-01   1.1279E-01
   1.1265E-01
  > Energy =  -2.306827894522E+02 +/-   4.553648258289E-04
  > varE =   1.037780937209E-02

VMC #2:
* Size of Hilbert space =   4.0000E+02
* Deterministic energy evaluation:
  > Deterministic Etot/t = -230.68292759551252
    - Ttot/t = -10.310172998540210
    - Utot/t = 3.8697372571755877
* Number of equil. steps   = 1000
* Running VMC equilibration.
  Done. [total walltime: 0.03s]
* Equil. acc.ratio (%)     =  26.6961
* Sample config after equilibration:
  +-----+
  |  u  |
  |d   d|
  |u   u|
  |  d  |
  +-----+
* Number of accum. steps   = 500480 x 10
* Running VMC accumulation.
  Done. [total walltime: 3.67s]
* Acceptance ratio (%)     =  26.8072
* Etot/t                   =  -2.306830080859E+02 +/-   1.432252507286E-04
  > Ttot/t                 =  -1.031027900302E+01 +/-   3.660280479024E-04
  > Utot/t                 =   3.869762771328E+00 +/-   2.953427737111E-04
* var[Eloc/t]              =   1.009235200814E-02 +/-   3.741399195883E-04
* Correlation length       =   1.017263635041E+00
* log10 Psi^2 range: -7.3712605625798480 -- -3.1493832196021234
* log10 Pgen range : -7.3712605625798480 -- -3.1493832196021234
* Site occupation (ave. no. electrons per config.):
  > Site_  ___eu____  ___ed____
      1        0.500      0.500
      2        0.502      0.500
      3        0.500      0.499
      4        0.502      0.497
      5        0.498      0.503
      6        0.498      0.500
* Pair-correlation analysis (ave. no. pairs per config.):
  > Shell  nsite  ___dh____  __eueu___  __eued___
      0      1        0          0          0.889
      1      4        0.866      1.486      3.698
      2      4        0.090      0.828      1.179
      3      4        0.039      0.393      0.617
      4      4        0.197      2.201      1.762
      5      4        0.122      1.092      0.855

Optimization #2:
* Method          : lls
* Target function : energy
* No. of configs. : 50048
* No. of params.  : 37
* Before optimization:
  -7.7433E-01   3.7993E-01  -4.0005E-02  -3.7072E-02   7.3249E-02   7.3063E-02
  -2.3908E-01  -2.4749E-01   6.5388E-03   4.1964E-02   4.7389E-03   3.9250E-02
   6.8390E-05   1.0640E-04  -1.6346E-01  -1.6346E-01   6.3718E-01  -1.5384E-02
  -3.6747E-02  -3.7364E-02  -4.7577E-02  -4.7688E-02  -4.3270E-03  -1.6237E-02
  -1.5293E-02  -2.4612E-02  -2.5183E-02   1.6536E-01   1.5966E-01   1.5903E-01
   8.8720E-02   8.9744E-02   7.2509E-02   1.6322E-01   1.6365E-01   1.1279E-01
   1.1265E-01
  > E    =  -2.306826366991E+02 +/-   4.322268030076E-04
  > varE =   9.349967822352E-03
* Computing derivatives.
  Done. [total walltime: 9.01s]
* Optimizing manipulation constant:
  #igrid a___________ E____________________________________ varE____________
     1     Infinity    -2.30682637E+02 +/-   4.32226803E-04   9.34996782E-03
     2     1.0000E+06  -2.30682637E+02 +/-   4.32226545E-04   9.34995666E-03
     3     2.1544E+05  -2.30682637E+02 +/-   4.32225606E-04   9.34991602E-03
     4     4.6416E+04  -2.30682637E+02 +/-   4.32221246E-04   9.34972741E-03
     5     1.0000E+04  -2.30682639E+02 +/-   4.32201012E-04   9.34885201E-03
     6     2.1544E+03  -2.30682646E+02 +/-   4.32107131E-04   9.34479101E-03
     7     4.6416E+02  -2.30682678E+02 +/-   4.31672206E-04   9.32598904E-03
     8     1.0000E+02  -2.30682827E+02 +/-   4.29671180E-04   9.23972776E-03
     9     2.1544E+01  -2.30683487E+02 +/-   4.20743747E-04   8.85976225E-03
    10     4.6416E+00  -2.30686000E+02 +/-   3.85470157E-04   7.43649427E-03
    11     1.0000E+00  -2.30692121E+02 +/-   2.86819790E-04   4.11722835E-03
    12     2.1544E-01  -2.30698183E+02 +/-   1.42749775E-04   1.01985303E-03
    13     4.6416E-02  -2.30699996E+02 +/-   6.16213705E-05   1.90041930E-04
    14     1.0000E-02  -2.30700240E+02 +/-   4.76018709E-05   1.13405671E-04
    15     2.1544E-03  -2.30700275E+02 +/-   4.66294042E-05   1.08819433E-04
    16     4.6416E-04  -2.30700281E+02 +/-   4.65658139E-05   1.08522833E-04
    17     1.0000E-04  -2.30700282E+02 +/-   4.65593406E-05   1.08492663E-04
    18     2.1544E-05  -2.30700283E+02 +/-   4.65582855E-05   1.08487746E-04
    19     4.6416E-06  -2.30700283E+02 +/-   4.65580740E-05   1.08486760E-04
    20     1.0000E-06  -2.30700283E+02 +/-   4.65580291E-05   1.08486551E-04
    21     0.0000E+00  -2.30700283E+02 +/-   4.65580169E-05   1.08486494E-04
* Iteration # 1: E =  -2.307002827833E+02 +/-   4.655801685011E-05
* Reached maximum number of iterations: exiting.
* After optimization:
  -6.2594E-01   3.4676E-01  -4.4970E-02  -3.2391E-02   6.2582E-02   5.1956E-02
  -1.7708E-01  -2.0206E-01   2.5273E-02   4.9519E-02   4.2738E-02   1.6182E-02
   2.4500E-03  -2.5375E-02  -2.9892E-02  -3.0139E-02   6.8465E-01  -1.6663E-02
  -2.8259E-02  -1.6955E-02  -8.4351E-02  -8.4076E-02  -3.8836E-02  -2.7169E-02
  -2.1867E-02  -3.6728E-02  -4.5816E-02   1.6266E-01   1.7875E-01   1.7994E-01
   4.2874E-02   6.1385E-02   3.4460E-02   1.6183E-01   1.6021E-01   9.7925E-02
   9.9606E-02
  > Energy =  -2.307002827833E+02 +/-   4.655801685011E-05
  > varE =   1.084864937996E-04

VMC #3:
* Size of Hilbert space =   4.0000E+02
* Deterministic energy evaluation:
  > Deterministic Etot/t = -230.70016872673318
    - Ttot/t = -10.361582107153220
    - Utot/t = 3.9039052345678988
* Number of equil. steps   = 1000
* Running VMC equilibration.
  Done. [total walltime: 0.03s]
* Equil. acc.ratio (%)     =  32.9845
* Sample config after equilibration:
  +-----+
  |  u  |
  |d   d|
  |u   2|
  |  0  |
  +-----+
* Number of accum. steps   = 500480 x 10
* Running VMC accumulation.
  Done. [total walltime: 3.70s]
* Acceptance ratio (%)     =  32.8609
* Etot/t                   =  -2.307001409386E+02 +/-   1.579372655205E-05
  > Ttot/t                 =  -1.036142259943E+01 +/-   2.932163833425E-04
  > Utot/t                 =   3.903773515053E+00 +/-   2.913403264436E-04
* var[Eloc/t]              =   1.227792726765E-04 +/-   3.828650001426E-06
* Correlation length       =   1.016789141540E+00
* log10 Psi^2 range: -6.6561178935027501 -- -2.7594896310781554
* log10 Pgen range : -6.6561178935027501 -- -2.7594896310781554
* Site occupation (ave. no. electrons per config.):
  > Site_  ___eu____  ___ed____
      1        0.498      0.499
      2        0.498      0.499
      3        0.501      0.503
      4        0.501      0.498
      5        0.499      0.500
      6        0.503      0.501
* Pair-correlation analysis (ave. no. pairs per config.):
  > Shell  nsite  ___dh____  __eueu___  __eued___
      0      1        0          0          1.024
      1      4        1.058      1.472      3.536
      2      4        0.149      0.838      1.117
      3      4        0.073      0.417      0.553
      4      4        0.227      2.178      1.848
      5      4        0.115      1.094      0.923

Optimization #3:
* Method          : lls
* Target function : energy
* No. of configs. : 50048
* No. of params.  : 37
* Before optimization:
  -6.2594E-01   3.4676E-01  -4.4970E-02  -3.2391E-02   6.2582E-02   5.1956E-02
  -1.7708E-01  -2.0206E-01   2.5273E-02   4.9519E-02   4.2738E-02   1.6182E-02
   2.4500E-03  -2.5375E-02  -2.9892E-02  -3.0139E-02   6.8465E-01  -1.6663E-02
  -2.8259E-02  -1.6955E-02  -8.4351E-02  -8.4076E-02  -3.8836E-02  -2.7169E-02
  -2.1867E-02  -3.6728E-02  -4.5816E-02   1.6266E-01   1.7875E-01   1.7994E-01
   4.2874E-02   6.1385E-02   3.4460E-02   1.6183E-01   1.6021E-01   9.7925E-02
   9.9606E-02
  > E    =  -2.307001979783E+02 +/-   4.502006985202E-05
  > varE =   1.014376211951E-04
* Computing derivatives.
  Done. [total walltime: 9.04s]
* Optimizing manipulation constant:
  #igrid a___________ E____________________________________ varE____________
     1     Infinity    -2.30700198E+02 +/-   4.50200699E-05   1.01437621E-04
     2     1.0000E+06  -2.30700198E+02 +/-   4.50200184E-05   1.01437389E-04
     3     2.1544E+05  -2.30700198E+02 +/-   4.50198311E-05   1.01436545E-04
     4     4.6416E+04  -2.30700198E+02 +/-   4.50189618E-05   1.01432628E-04
     5     1.0000E+04  -2.30700198E+02 +/-   4.50149274E-05   1.01414449E-04
     6     2.1544E+03  -2.30700198E+02 +/-   4.49962166E-05   1.01330159E-04
     7     4.6416E+02  -2.30700198E+02 +/-   4.49096934E-05   1.00940839E-04
     8     1.0000E+02  -2.30700200E+02 +/-   4.45149429E-05   9.91741229E-05
     9     2.1544E+01  -2.30700205E+02 +/-   4.28179469E-05   9.17568311E-05
    10     4.6416E+00  -2.30700222E+02 +/-   3.70487609E-05   6.86964195E-05
    11     1.0000E+00  -2.30700240E+02 +/-   2.86028604E-05   4.09454512E-05
    12     2.1544E-01  -2.30700231E+02 +/-   3.08571249E-05   4.76538115E-05
    13     4.6416E-02  -2.30700219E+02 +/-   3.47421082E-05   6.04086406E-05
    14     1.0000E-02  -2.30700215E+02 +/-   3.59846258E-05   6.48068197E-05
    15     2.1544E-03  -2.30700213E+02 +/-   3.62772048E-05   6.58649491E-05
    16     4.6416E-04  -2.30700213E+02 +/-   3.63414775E-05   6.60985432E-05
    17     1.0000E-04  -2.30700213E+02 +/-   3.63553831E-05   6.61491362E-05
    18     2.1544E-05  -2.30700213E+02 +/-   3.63583817E-05   6.61600485E-05
    19     4.6416E-06  -2.30700213E+02 +/-   3.63590278E-05   6.61624001E-05
    20     1.0000E-06  -2.30700213E+02 +/-   3.63591670E-05   6.61629068E-05
    21     0.0000E+00  -2.30700213E+02 +/-   3.63592052E-05   6.61630459E-05
  ParMin   6.9877E-01  -2.30700241E+02 +/-   2.80851201E-05   3.94765597E-05
  # Using parabolic minimum
* Iteration # 1: E =  -2.307002405223E+02 +/-   2.808512010130E-05
* Reached maximum number of iterations: exiting.
* After optimization:
  -5.9488E-01   3.2755E-01  -7.3869E-02  -5.4040E-02   3.2349E-02   1.7413E-02
  -1.3900E-01  -1.8021E-01   4.5333E-02   4.4159E-02   8.6357E-02  -1.9237E-02
   1.8816E-02  -4.5062E-02  -4.2347E-02  -4.8321E-02   6.9617E-01  -2.4455E-02
  -3.9813E-02  -1.7666E-02  -6.4389E-02  -6.4632E-02  -2.5486E-02  -2.6704E-02
  -1.8327E-02  -3.3340E-02  -4.9381E-02   1.1471E-01   1.0098E-01   1.0625E-01
   2.2745E-02   4.9004E-02   4.3289E-02   9.5859E-02   8.9587E-02   5.7721E-02
   5.9319E-02
  > Energy =  -2.307002405223E+02 +/-   2.808512010130E-05
  > varE =   3.947655970584E-05

VMC #4:
* Size of Hilbert space =   4.0000E+02
* Deterministic energy evaluation:
  > Deterministic Etot/t = -230.70023657716101
    - Ttot/t = -10.362860393956140
    - Utot/t = 3.9051156709430233
* Number of equil. steps   = 1000
* Running VMC equilibration.
  Done. [total walltime: 0.03s]
* Equil. acc.ratio (%)     =  36.3083
* Sample config after equilibration:
  +-----+
  |  d  |
  |2   u|
  |0   0|
  |  2  |
  +-----+
* Number of accum. steps   = 500480 x 10
* Running VMC accumulation.
  Done. [total walltime: 3.68s]
* Acceptance ratio (%)     =  36.2486
* Etot/t                   =  -2.307002353080E+02 +/-   9.347047448955E-06
  > Ttot/t                 =  -1.036296721808E+01 +/-   2.931070835506E-04
  > Utot/t                 =   3.905223764212E+00 +/-   2.934000987324E-04
* var[Eloc/t]              =   4.371064029865E-05 +/-   9.498157685498E-07
* Correlation length       =   1.000341884947E+00
* log10 Psi^2 range: -6.7955750856325796 -- -2.7322106611165844
* log10 Pgen range : -6.7955750856325796 -- -2.7322106611165844
* Site occupation (ave. no. electrons per config.):
  > Site_  ___eu____  ___ed____
      1        0.498      0.501
      2        0.499      0.501
      3        0.502      0.498
      4        0.504      0.497
      5        0.499      0.502
      6        0.497      0.501
* Pair-correlation analysis (ave. no. pairs per config.):
  > Shell  nsite  ___dh____  __eueu___  __eued___
      0      1        0          0          1.032
      1      4        1.066      1.475      3.526
      2      4        0.151      0.841      1.105
      3      4        0.076      0.418      0.556
      4      4        0.230      2.178      1.855
      5      4        0.115      1.087      0.927

Optimization #4:
* Method          : lls
* Target function : energy
* No. of configs. : 50048
* No. of params.  : 37
* Before optimization:
  -5.9488E-01   3.2755E-01  -7.3869E-02  -5.4040E-02   3.2349E-02   1.7413E-02
  -1.3900E-01  -1.8021E-01   4.5333E-02   4.4159E-02   8.6357E-02  -1.9237E-02
   1.8816E-02  -4.5062E-02  -4.2347E-02  -4.8321E-02   6.9617E-01  -2.4455E-02
  -3.9813E-02  -1.7666E-02  -6.4389E-02  -6.4632E-02  -2.5486E-02  -2.6704E-02
  -1.8327E-02  -3.3340E-02  -4.9381E-02   1.1471E-01   1.0098E-01   1.0625E-01
   2.2745E-02   4.9004E-02   4.3289E-02   9.5859E-02   8.9587E-02   5.7721E-02
   5.9319E-02
  > E    =  -2.307002333507E+02 +/-   2.836330454182E-05
  > varE =   4.026246712474E-05
* Computing derivatives.
  Done. [total walltime: 8.96s]
* Optimizing manipulation constant:
  #igrid a___________ E____________________________________ varE____________
     1     Infinity    -2.30700233E+02 +/-   2.83633045E-05   4.02624671E-05
     2     1.0000E+06  -2.30700233E+02 +/-   2.83632744E-05   4.02623814E-05
     3     2.1544E+05  -2.30700233E+02 +/-   2.83631644E-05   4.02620693E-05
     4     4.6416E+04  -2.30700233E+02 +/-   2.83626529E-05   4.02606172E-05
     5     1.0000E+04  -2.30700233E+02 +/-   2.83602548E-05   4.02538092E-05
     6     2.1544E+03  -2.30700233E+02 +/-   2.83486028E-05   4.02207388E-05
     7     4.6416E+02  -2.30700234E+02 +/-   2.82832442E-05   4.00354923E-05
     8     1.0000E+02  -2.30700236E+02 +/-   2.77458170E-05   3.85284698E-05
     9     2.1544E+01  -2.30700228E+02 +/-   3.11827096E-05   4.86647423E-05
    10     4.6416E+00  -2.30031593E+02 +/-   2.55171784E-03   3.25875738E-01
    11     1.0000E+00  -2.30178808E+02 +/-   2.51367624E-03   3.16231702E-01
    12     2.1544E-01  -2.29273263E+02 +/-   2.69987334E-03   3.64815689E-01
    13     4.6416E-02  -2.29274712E+02 +/-   2.69655537E-03   3.63919572E-01
    14     1.0000E-02  -2.29275153E+02 +/-   2.69574075E-03   3.63699726E-01
    15     2.1544E-03  -2.29275253E+02 +/-   2.69555582E-03   3.63649828E-01
    16     4.6416E-04  -2.29275274E+02 +/-   2.69551554E-03   3.63638960E-01
    17     1.0000E-04  -2.29275279E+02 +/-   2.69550684E-03   3.63636613E-01
    18     2.1544E-05  -2.29275280E+02 +/-   2.69550497E-03   3.63636108E-01
    19     4.6416E-06  -2.29275280E+02 +/-   2.69550456E-03   3.63635999E-01
    20     1.0000E-06  -2.29275280E+02 +/-   2.69550448E-03   3.63635975E-01
    21     0.0000E+00  -2.29275280E+02 +/-   2.69550445E-03   3.63635969E-01
  ParMin   1.6531E+02  -2.30700234E+02 +/-   2.80625027E-05   3.94130032E-05
  # Using grid point #8
* Iteration # 1: E =  -2.307002356544E+02 +/-   2.774581695047E-05
* Reached maximum number of iterations: exiting.
* After optimization:
  -5.5340E-01   3.2772E-01  -7.4024E-02  -5.4038E-02   3.2356E-02   1.7261E-02
  -1.3917E-01  -1.7992E-01   4.5518E-02   4.4177E-02   8.6101E-02  -1.8895E-02
   1.8473E-02  -4.4864E-02  -4.2244E-02  -4.8395E-02   6.8162E-01  -2.4176E-02
  -3.9725E-02  -1.7875E-02  -6.3012E-02  -6.3245E-02  -2.4762E-02  -2.6626E-02
  -1.8511E-02  -3.2944E-02  -4.8731E-02   1.1384E-01   9.9613E-02   1.0486E-01
   2.2290E-02   4.8651E-02   4.3243E-02   9.4829E-02   8.8147E-02   5.6973E-02
   5.8549E-02
  > Energy =  -2.307002356544E+02 +/-   2.774581695047E-05
  > varE =   3.852846976966E-05

VMC #5:
* Size of Hilbert space =   4.0000E+02
* Deterministic energy evaluation:
  > Deterministic Etot/t = -230.70023785395878
    - Ttot/t = -10.362729640841341
    - Utot/t = 3.9049836410304426
* Number of equil. steps   = 1000
* Running VMC equilibration.
  Done. [total walltime: 0.03s]
* Equil. acc.ratio (%)     =  34.9036
* Sample config after equilibration:
  +-----+
  |  d  |
  |u   u|
  |d   0|
  |  2  |
  +-----+
* Number of accum. steps   = 500480 x 10
* Running VMC accumulation.
  Done. [total walltime: 3.68s]
* Acceptance ratio (%)     =  34.8609
* Etot/t                   =  -2.307002414463E+02 +/-   9.248002881995E-06
  > Ttot/t                 =  -1.036249928041E+01 +/-   2.869462953076E-04
  > Utot/t                 =   3.904749688090E+00 +/-   2.872299425524E-04
* var[Eloc/t]              =   4.142706672639E-05 +/-   5.845322738471E-07
* Correlation length       =   1.033233446213E+00
* log10 Psi^2 range: -6.7552405532134001 -- -2.7323570171329608
* log10 Pgen range : -6.7552405532134001 -- -2.7323570171329608
* Site occupation (ave. no. electrons per config.):
  > Site_  ___eu____  ___ed____
      1        0.501      0.496
      2        0.502      0.499
      3        0.497      0.501
      4        0.498      0.499
      5        0.502      0.503
      6        0.500      0.501
* Pair-correlation analysis (ave. no. pairs per config.):
  > Shell  nsite  ___dh____  __eueu___  __eued___
      0      1        0          0          1.029
      1      4        1.060      1.477      3.529
      2      4        0.149      0.843      1.103
      3      4        0.075      0.423      0.558
      4      4        0.231      2.176      1.856
      5      4        0.117      1.080      0.924

Optimization #5:
* Method          : lls
* Target function : energy
* No. of configs. : 50048
* No. of params.  : 37
* Before optimization:
  -5.5340E-01   3.2772E-01  -7.4024E-02  -5.4038E-02   3.2356E-02   1.7261E-02
  -1.3917E-01  -1.7992E-01   4.5518E-02   4.4177E-02   8.6101E-02  -1.8895E-02
   1.8473E-02  -4.4864E-02  -4.2244E-02  -4.8395E-02   6.8162E-01  -2.4176E-02
  -3.9725E-02  -1.7875E-02  -6.3012E-02  -6.3245E-02  -2.4762E-02  -2.6626E-02
  -1.8511E-02  -3.2944E-02  -4.8731E-02   1.1384E-01   9.9613E-02   1.0486E-01
   2.2290E-02   4.8651E-02   4.3243E-02   9.4829E-02   8.8147E-02   5.6973E-02
   5.8549E-02
  > E    =  -2.307002831149E+02 +/-   2.823261723670E-05
  > varE =   3.989229367415E-05
* Computing derivatives.
  Done. [total walltime: 8.97s]
* Optimizing manipulation constant:
  #igrid a___________ E____________________________________ varE____________
     1     Infinity    -2.30700283E+02 +/-   2.82326172E-05   3.98922937E-05
     2     1.0000E+06  -2.30700283E+02 +/-   2.82325871E-05   3.98922086E-05
     3     2.1544E+05  -2.30700283E+02 +/-   2.82324775E-05   3.98918987E-05
     4     4.6416E+04  -2.30700283E+02 +/-   2.82319682E-05   3.98904595E-05
     5     1.0000E+04  -2.30700283E+02 +/-   2.82295973E-05   3.98837600E-05
     6     2.1544E+03  -2.30700283E+02 +/-   2.82184425E-05   3.98522463E-05
     7     4.6416E+02  -2.30700283E+02 +/-   2.81634488E-05   3.96970652E-05
     8     1.0000E+02  -2.30700283E+02 +/-   2.78425769E-05   3.87976645E-05
     9     2.1544E+01  -2.30700282E+02 +/-   2.60389581E-05   3.39339123E-05
    10     4.6416E+00  -2.30699379E+02 +/-   1.14999391E-04   6.61877792E-04
    11     1.0000E+00  -2.30649660E+02 +/-   8.58601607E-04   3.68952214E-02
    12     2.1544E-01  -2.30697269E+02 +/-   2.22666347E-04   2.48139496E-03
    13     4.6416E-02  -2.30022234E+02 +/-   2.58248356E-03   3.33781189E-01
    14     1.0000E-02  -2.30003009E+02 +/-   2.57954956E-03   3.33023193E-01
    15     2.1544E-03  -2.30002774E+02 +/-   2.57725860E-03   3.32431922E-01
    16     4.6416E-04  -2.30002795E+02 +/-   2.57675815E-03   3.32302832E-01
    17     1.0000E-04  -2.30002802E+02 +/-   2.57665028E-03   3.32275011E-01
    18     2.1544E-05  -2.30002804E+02 +/-   2.57662704E-03   3.32269018E-01
    19     4.6416E-06  -2.30002804E+02 +/-   2.57662203E-03   3.32267727E-01
    20     1.0000E-06  -2.30002805E+02 +/-   2.57662096E-03   3.32267448E-01
    21     0.0000E+00  -2.30002805E+02 +/-   2.57662066E-03   3.32267372E-01
  ParMin   4.6155E+01  -2.30700284E+02 +/-   2.72127198E-05   3.70621516E-05
  # Using grid point #9
* Iteration # 1: E =  -2.307002823111E+02 +/-   2.603895812293E-05
* Reached maximum number of iterations: exiting.
* After optimization:
  -4.4450E-01   3.2838E-01  -7.4810E-02  -5.4034E-02   3.2385E-02   1.6461E-02
  -1.4003E-01  -1.7830E-01   4.6329E-02   4.4309E-02   8.4468E-02  -1.6960E-02
   1.6591E-02  -4.3766E-02  -4.1762E-02  -4.8780E-02   6.4450E-01  -2.3709E-02
  -4.0785E-02  -1.9318E-02  -5.9535E-02  -5.9731E-02  -2.2514E-02  -2.7258E-02
  -2.0034E-02  -3.2482E-02  -4.7804E-02   1.0984E-01   9.3288E-02   9.8405E-02
   1.9828E-02   4.6711E-02   4.2882E-02   9.0024E-02   8.1256E-02   5.3307E-02
   5.4757E-02
  > Energy =  -2.307002823111E+02 +/-   2.603895812293E-05
  > varE =   3.393391231870E-05

VMC #6:
* Size of Hilbert space =   4.0000E+02
* Deterministic energy evaluation:
  > Deterministic Etot/t = -230.70023992446323
    - Ttot/t = -10.361815220028085
    - Utot/t = 3.9040671497126906
* Number of equil. steps   = 1000
* Running VMC equilibration.
  Done. [total walltime: 0.03s]
* Equil. acc.ratio (%)     =  31.3479
* Sample config after equilibration:
  +-----+
  |  d  |
  |d   0|
  |u   2|
  |  u  |
  +-----+
* Number of accum. steps   = 500480 x 10
* Running VMC accumulation.
  Done. [total walltime: 3.68s]
* Acceptance ratio (%)     =  31.4034
* Etot/t                   =  -2.307002385756E+02 +/-   8.517765777732E-06
  > Ttot/t                 =  -1.036162601388E+01 +/-   2.928571854775E-04
  > Utot/t                 =   3.903879292378E+00 +/-   2.907899129918E-04
* var[Eloc/t]              =   3.495364609040E-05 +/-   5.294661441512E-07
* Correlation length       =   1.038832742899E+00
* log10 Psi^2 range: -6.7698004406341301 -- -2.7312956329499363
* log10 Pgen range : -6.7698004406341301 -- -2.7312956329499363
* Site occupation (ave. no. electrons per config.):
  > Site_  ___eu____  ___ed____
      1        0.500      0.501
      2        0.498      0.502
      3        0.500      0.499
      4        0.500      0.499
      5        0.499      0.501
      6        0.502      0.499
* Pair-correlation analysis (ave. no. pairs per config.):
  > Shell  nsite  ___dh____  __eueu___  __eued___
      0      1        0          0          1.025
      1      4        1.053      1.482      3.531
      2      4        0.147      0.841      1.110
      3      4        0.074      0.420      0.556
      4      4        0.230      2.171      1.853
      5      4        0.114      1.086      0.926

Optimization #6:
* Method          : lls
* Target function : energy
* No. of configs. : 50048
* No. of params.  : 37
* Before optimization:
  -4.4450E-01   3.2838E-01  -7.4810E-02  -5.4034E-02   3.2385E-02   1.6461E-02
  -1.4003E-01  -1.7830E-01   4.6329E-02   4.4309E-02   8.4468E-02  -1.6960E-02
   1.6591E-02  -4.3766E-02  -4.1762E-02  -4.8780E-02   6.4450E-01  -2.3709E-02
  -4.0785E-02  -1.9318E-02  -5.9535E-02  -5.9731E-02  -2.2514E-02  -2.7258E-02
  -2.0034E-02  -3.2482E-02  -4.7804E-02   1.0984E-01   9.3288E-02   9.8405E-02
   1.9828E-02   4.6711E-02   4.2882E-02   9.0024E-02   8.1256E-02   5.3307E-02
   5.4757E-02
  > E    =  -2.307002450269E+02 +/-   2.726012589930E-05
  > varE =   3.719139269656E-05
* Computing derivatives.
  Done. [total walltime: 9.01s]
* Optimizing manipulation constant:
  #igrid a___________ E____________________________________ varE____________
     1     Infinity    -2.30700245E+02 +/-   2.72601259E-05   3.71913927E-05
     2     1.0000E+06  -2.30700245E+02 +/-   2.72600981E-05   3.71913168E-05
     3     2.1544E+05  -2.30700245E+02 +/-   2.72599968E-05   3.71910404E-05
     4     4.6416E+04  -2.30700245E+02 +/-   2.72595266E-05   3.71897574E-05
     5     1.0000E+04  -2.30700245E+02 +/-   2.72573447E-05   3.71838041E-05
     6     2.1544E+03  -2.30700245E+02 +/-   2.72472270E-05   3.71562048E-05
     7     4.6416E+02  -2.30700245E+02 +/-   2.72004814E-05   3.70288231E-05
     8     1.0000E+02  -2.30700246E+02 +/-   2.69882326E-05   3.64531964E-05
     9     2.1544E+01  -2.30700247E+02 +/-   2.61193535E-05   3.41437779E-05
    10     4.6416E+00  -2.30700185E+02 +/-   3.74414459E-05   7.01603828E-05
    11     1.0000E+00  -2.30677728E+02 +/-   5.74524858E-04   1.65197844E-02
    12     2.1544E-01  -2.30141922E+02 +/-   2.39113980E-03   2.86151919E-01
    13     4.6416E-02  -2.30338116E+02 +/-   2.17335508E-03   2.36400342E-01
    14     1.0000E-02  -2.30590889E+02 +/-   1.40100310E-03   9.82346991E-02
    15     2.1544E-03  -2.30605130E+02 +/-   1.31212891E-03   8.61667547E-02
    16     4.6416E-04  -2.30605260E+02 +/-   1.30565042E-03   8.53179781E-02
    17     1.0000E-04  -2.30605140E+02 +/-   1.30496186E-03   8.52280134E-02
    18     2.1544E-05  -2.30605108E+02 +/-   1.30484719E-03   8.52130354E-02
    19     4.6416E-06  -2.30605100E+02 +/-   1.30482405E-03   8.52100138E-02
    20     1.0000E-06  -2.30605099E+02 +/-   1.30481914E-03   8.52093723E-02
    21     0.0000E+00  -2.30605098E+02 +/-   1.30481780E-03   8.52091968E-02
  ParMin   4.3609E+01  -2.30700246E+02 +/-   2.66561257E-05   3.55615581E-05
  # Using grid point #9
* Iteration # 1: E =  -2.307002470717E+02 +/-   2.611935348572E-05
* Reached maximum number of iterations: exiting.
* After optimization:
  -4.1252E-01   3.2924E-01  -7.5583E-02  -5.4121E-02   3.2462E-02   1.5703E-02
  -1.4088E-01  -1.7674E-01   4.7155E-02   4.4463E-02   8.2868E-02  -1.4958E-02
   1.4726E-02  -4.2665E-02  -4.1002E-02  -4.8816E-02   6.3402E-01  -2.3721E-02
  -4.3871E-02  -2.2010E-02  -5.8610E-02  -5.8762E-02  -2.0764E-02  -2.9403E-02
  -2.2754E-02  -3.3504E-02  -4.8934E-02   1.0624E-01   8.5904E-02   9.0882E-02
   1.7171E-02   4.4501E-02   4.3288E-02   8.4313E-02   7.3444E-02   4.9260E-02
   5.0588E-02
  > Energy =  -2.307002470717E+02 +/-   2.611935348572E-05
  > varE =   3.414377791566E-05

VMC #7:
* Size of Hilbert space =   4.0000E+02
* Deterministic energy evaluation:
  > Deterministic Etot/t = -230.70024194944020
    - Ttot/t = -10.361754930355325
    - Utot/t = 3.9040048350630099
* Number of equil. steps   = 1000
* Running VMC equilibration.
  Done. [total walltime: 0.03s]
* Equil. acc.ratio (%)     =  30.6005
* Sample config after equilibration:
  +-----+
  |  d  |
  |u   u|
  |d   d|
  |  u  |
  +-----+
* Number of accum. steps   = 500480 x 10
* Running VMC accumulation.
  Done. [total walltime: 3.67s]
* Acceptance ratio (%)     =  30.5695
* Etot/t                   =  -2.307002410078E+02 +/-   8.153830498960E-06
  > Ttot/t                 =  -1.036173939094E+01 +/-   2.905786582584E-04
  > Utot/t                 =   3.903990237149E+00 +/-   2.884925859170E-04
* var[Eloc/t]              =   3.376875380148E-05 +/-   8.649798919818E-07
* Correlation length       =   9.853602793685E-01
* log10 Psi^2 range: -6.7840475390169610 -- -2.7374501117461643
* log10 Pgen range : -6.7840475390169610 -- -2.7374501117461643
* Site occupation (ave. no. electrons per config.):
  > Site_  ___eu____  ___ed____
      1        0.502      0.497
      2        0.502      0.501
      3        0.497      0.502
      4        0.500      0.499
      5        0.499      0.503
      6        0.500      0.499
* Pair-correlation analysis (ave. no. pairs per config.):
  > Shell  nsite  ___dh____  __eueu___  __eued___
      0      1        0          0          1.026
      1      4        1.054      1.482      3.528
      2      4        0.148      0.842      1.102
      3      4        0.074      0.423      0.556
      4      4        0.226      2.171      1.862
      5      4        0.113      1.082      0.926

VDAGGER finished.
Total VDAGGER walltime: 2m5s

Run ended: Fri Sep 26 18:58:11 CEST 2025
