Run started: Sat Sep 27 09:32:35 CEST 2025
Using VDAGGER_ARCH = gnu7_fkfamd_cluster
Running 1x128 MPI processes.

                               xx
                              +##
                               #X
                               Xx
                          X##XxXxxX##x
                           +   Xx  ++
                               ##
                              +##
                              +##
     ++++         ++          +##
   xX+++##+      ####         +##
  Xx    ###      +X##          ##
 xX    X##+        ##          #X
 +    x##X         #x          #X
      ###         +#           x+
     X##+         #+
     ###         Xx                    _______
     ##X       +X+   __________________VDAGGER
     +##x    +xX     2nd quantized variational
       +xxxxx+       ______quantum Monte Carlo

* Running 128 MPI processes.
* Input file: "input.casl"

############# Start of input file dump #############
General:
  Random seed: timer

Plan:
  VMC-optimization:
    Minimum cycles: 10
    Convergence cycles: 5

System:
  Read Hamiltonian: FCIDUMP_loc_benzene
  Read orbitals: LTSC_benzene
  Complex orbitals: F
  Geometry:
    r_5: [ 0.00000000000000, 2.63994739601739 ]
    r_4: [ 2.28626150960564, 1.31997369800870 ]
    r_6: [ 2.28626150960564, -1.31997369800870 ]
    r_2: [ 0.00000000000000, -2.63994739601739 ]
    r_3: [ -2.28626150960564, -1.31997369800870 ]
    r_1: [ -2.28626150960564, 1.31997369800870 ]

VMC:
  nstep: 500000
  nconfig: 50000

Jastrow: wfn.casl

Backflow: wfn.casl

Multideterminants: wfn.casl
############## End of input file dump ##############

General setup:
* Random seed: 179242435 (from timer)

* Loaded integrals for system with nelec=6, ms2=0, norb=6
* INFO: setting number of electrons from integrals file.
* Analysis of Hamiltonian connecitivity performed:
  - T_ii (local, 1-site): 6 (i) values
  - U_iiii [opp] (local, 1-site): 6 (i) values
  - U_kkii [opp] (local, 2-site): 30 contribs. from 6 (i) values
  - U_kkii [par] (local, 2-site): 15 contribs. from 5 (i) values
  - T_ji (single, 2-site): 30 contribs. from 6 (i) values
  - U_kkji [opp] (single, 2/3-site): 180 contribs. from 30 (i,j) pairs
  - U_kkji [par] (single, 3-site): 150 contribs. from 30 (i,j) pairs
  - U_lkji [opp] (double, 2/3/4-site): 900 contribs. from 30 (i,j) pairs
  - U_lkji [par] (double, 4-site): 170 contribs. from 20 (i,j) pairs
  - Max. no. wfn. ratios in Eloc: 255
* Reading override orbitals from file "LTSC_benzene".
* Site labels:
  +-----+
  |  5  |
  |1   4|
  |3   6|
  |  2  |
  +-----+
* Automatically set Site kinds:
  [ 1, 1, 1, 1, 1, 1 ]
  +-----+
  |  1  |
  |1   1|
  |1   1|
  |  1  |
  +-----+
* Maximum Site kind: 1
* Number of site-pair kinds with Tij=0: 0
* Automatically set Site pair kinds:
  Site 1: [ 0, 4, 1, -5, -1, -2 ]
  Site 2: [ 4, 0, 1, -4, -3, -1 ]
  Site 3: [ 1, 1, 0, -2, -4, -5 ]
  Site 4: [ -5, -4, -2, 0, 1, 1 ]
  Site 5: [ -1, -3, -4, 1, 0, 4 ]
  Site 6: [ -2, -1, -5, 1, 4, 0 ]
  For site 1 of kind 1:
  +--------+
  |   -1   |
  | 0    -5|
  | 1    -2|
  |    4   |
  +--------+
* Maximum (unsigned) Site pair kind: 5
General system setup:
* Number of sites       : 6
* Number of electrons   : 6
* Spin imbalance MS2    : 0
* Filling               : 0.500000
* Number of orbitals in pool: 6
* Using real-valued orbitals
* Using double-precision arithmetic for orbitals

Trial wave function setup:
* Jastrow parameter file: "wfn.casl"
* Multideterminant parameter file: "wfn.casl"
* Backflow parameter file: "wfn.casl"
* Not using wave function manipulation

VMC #1:
* Size of Hilbert space =   4.0000E+02
* Deterministic energy evaluation:
  > Deterministic Etot/t = -230.70024194944020
    - Ttot/t = -10.361754930355325
    - Utot/t = 3.9040048350630099
* Number of equil. steps   = 1000
* Running VMC equilibration.
  Done. [total walltime: 0.05s]
* Equil. acc.ratio (%)     =  30.4760
* Sample config after equilibration:
  +-----+
  |  u  |
  |d   d|
  |u   u|
  |  d  |
  +-----+
* Number of accum. steps   = 500480 x 10
* Running VMC accumulation.
  Done. [total walltime: 3.80s]
* Acceptance ratio (%)     =  30.5164
* Etot/t                   =  -2.307002441297E+02 +/-   8.154325689029E-06
  > Ttot/t                 =  -1.036148752337E+01 +/-   2.958331894403E-04
  > Utot/t                 =   3.903735247710E+00 +/-   2.936622502139E-04
* var[Eloc/t]              =   3.239570756887E-05 +/-   4.841073736409E-07
* Correlation length       =   1.027248140940E+00
* log10 Psi^2 range: -6.7840474578321004 -- -2.7374501117461629
* log10 Pgen range : -6.7840474578321004 -- -2.7374501117461629
* Site occupation (ave. no. electrons per config.):
  > Site_  ___eu____  ___ed____
      1        0.497      0.501
      2        0.502      0.502
      3        0.502      0.497
      4        0.504      0.500
      5        0.498      0.499
      6        0.497      0.502
* Pair-correlation analysis (ave. no. pairs per config.):
  > Shell  nsite  ___dh____  __eueu___  __eued___
      0      1        0          0          1.025
      1      4        1.056      1.473      3.538
      2      4        0.147      0.840      1.111
      3      4        0.073      0.420      0.558
      4      4        0.230      2.179      1.846
      5      4        0.115      1.089      0.922

Optimization #1:
* Method          : lls
* Target function : energy
* No. of configs. : 50048
* No. of params.  : 37
* Before optimization:
  -4.1252E-01   3.2924E-01  -7.5583E-02  -5.4121E-02   3.2462E-02   1.5703E-02
  -1.4088E-01  -1.7674E-01   4.7155E-02   4.4463E-02   8.2868E-02  -1.4958E-02
   1.4726E-02  -4.2665E-02  -4.1002E-02  -4.8816E-02   6.3402E-01  -2.3721E-02
  -4.3871E-02  -2.2010E-02  -5.8610E-02  -5.8762E-02  -2.0764E-02  -2.9403E-02
  -2.2754E-02  -3.3504E-02  -4.8934E-02   1.0624E-01   8.5904E-02   9.0882E-02
   1.7171E-02   4.4501E-02   4.3288E-02   8.4313E-02   7.3444E-02   4.9260E-02
   5.0588E-02
  > E    =  -2.307002243749E+02 +/-   2.686277494782E-05
  > varE =   3.611507111141E-05
* Computing derivatives.
  Done. [total walltime: 7.58s]
* Optimizing manipulation constant:
  #igrid a___________ E____________________________________ varE____________
     1     Infinity    -2.30700224E+02 +/-   2.68627749E-05   3.61150711E-05
     2     1.0000E+06  -2.30700224E+02 +/-   2.68627487E-05   3.61150006E-05
     3     2.1544E+05  -2.30700224E+02 +/-   2.68626573E-05   3.61147549E-05
     4     4.6416E+04  -2.30700224E+02 +/-   2.68623356E-05   3.61138898E-05
     5     1.0000E+04  -2.30700224E+02 +/-   2.68713658E-05   3.61381744E-05
     6     2.1544E+03  -2.30700204E+02 +/-   3.10201415E-05   4.81586469E-05
     7     4.6416E+02  -2.30689266E+02 +/-   4.10285342E-04   8.42478314E-03
     8     1.0000E+02  -2.29516831E+02 +/-   2.89472755E-03   4.19374594E-01
     9     2.1544E+01  -2.29258887E+02 +/-   2.68009927E-03   3.59491386E-01
    10     4.6416E+00  -2.29260471E+02 +/-   2.67870341E-03   3.59117021E-01
    11     1.0000E+00  -2.29276430E+02 +/-   8.02388850E-04   3.22222971E-02
    12     2.1544E-01  -2.29282647E+02 +/-   2.65280669E-03   3.52206962E-01
    13     4.6416E-02  -2.29283883E+02 +/-   2.65142857E-03   3.51841116E-01
    14     1.0000E-02  -2.29284272E+02 +/-   2.65097426E-03   3.51720554E-01
    15     2.1544E-03  -2.29284365E+02 +/-   2.65086394E-03   3.51691281E-01
    16     4.6416E-04  -2.29284386E+02 +/-   2.65083952E-03   3.51684801E-01
    17     1.0000E-04  -2.29284390E+02 +/-   2.65083423E-03   3.51683397E-01
    18     2.1544E-05  -2.29284391E+02 +/-   2.65083309E-03   3.51683094E-01
    19     4.6416E-06  -2.29284392E+02 +/-   2.65083284E-03   3.51683029E-01
    20     1.0000E-06  -2.29284392E+02 +/-   2.65083279E-03   3.51683015E-01
    21     0.0000E+00  -2.29284392E+02 +/-   2.65083277E-03   3.51683011E-01
* Iteration # 1: E =  -2.307002243747E+02 +/-   2.686265734333E-05
* Convergence: exiting.
* After optimization:
  -4.1098E-01   3.2924E-01  -7.5583E-02  -5.4121E-02   3.2462E-02   1.5703E-02
  -1.4088E-01  -1.7674E-01   4.7156E-02   4.4463E-02   8.2867E-02  -1.4958E-02
   1.4725E-02  -4.2665E-02  -4.1002E-02  -4.8816E-02   6.3354E-01  -2.3703E-02
  -4.3837E-02  -2.1993E-02  -5.8565E-02  -5.8717E-02  -2.0748E-02  -2.9380E-02
  -2.2736E-02  -3.3479E-02  -4.8897E-02   1.0624E-01   8.5903E-02   9.0881E-02
   1.7170E-02   4.4501E-02   4.3288E-02   8.4312E-02   7.3444E-02   4.9260E-02
   5.0588E-02
  > Energy =  -2.307002243747E+02 +/-   2.686265734333E-05
  > varE =   3.611475489050E-05

VMC #2:
* Size of Hilbert space =   4.0000E+02
* Deterministic energy evaluation:
  > Deterministic Etot/t = -230.70024194883840
    - Ttot/t = -10.361754758305340
    - Utot/t = 3.9040046636148427
* Number of equil. steps   = 1000
* Running VMC equilibration.
  Done. [total walltime: 0.03s]
* Equil. acc.ratio (%)     =  30.4672
* Sample config after equilibration:
  +-----+
  |  0  |
  |u   u|
  |d   d|
  |  2  |
  +-----+
* Number of accum. steps   = 500480 x 10
* Running VMC accumulation.
  Done. [total walltime: 3.14s]
* Acceptance ratio (%)     =  30.5108
* Etot/t                   =  -2.307002379621E+02 +/-   7.938417830525E-06
  > Ttot/t                 =  -1.036231845487E+01 +/-   2.947112556122E-04
  > Utot/t                 =   3.904572346937E+00 +/-   2.927498870466E-04
* var[Eloc/t]              =   3.210521801544E-05 +/-   8.287740568817E-07
* Correlation length       =   9.823788668901E-01
* log10 Psi^2 range: -6.7840500466332028 -- -2.7374503267668517
* log10 Pgen range : -6.7840500466332028 -- -2.7374503267668517
* Site occupation (ave. no. electrons per config.):
  > Site_  ___eu____  ___ed____
      1        0.504      0.498
      2        0.498      0.501
      3        0.496      0.499
      4        0.502      0.500
      5        0.497      0.502
      6        0.503      0.500
* Pair-correlation analysis (ave. no. pairs per config.):
  > Shell  nsite  ___dh____  __eueu___  __eued___
      0      1        0          0          1.030
      1      4        1.060      1.474      3.532
      2      4        0.152      0.838      1.110
      3      4        0.078      0.414      0.554
      4      4        0.231      2.182      1.846
      5      4        0.113      1.091      0.928

Optimization #2:
* Method          : lls
* Target function : energy
* No. of configs. : 50048
* No. of params.  : 37
* Before optimization:
  -4.1098E-01   3.2924E-01  -7.5583E-02  -5.4121E-02   3.2462E-02   1.5703E-02
  -1.4088E-01  -1.7674E-01   4.7156E-02   4.4463E-02   8.2867E-02  -1.4958E-02
   1.4725E-02  -4.2665E-02  -4.1002E-02  -4.8816E-02   6.3354E-01  -2.3703E-02
  -4.3837E-02  -2.1993E-02  -5.8565E-02  -5.8717E-02  -2.0748E-02  -2.9380E-02
  -2.2736E-02  -3.3479E-02  -4.8897E-02   1.0624E-01   8.5903E-02   9.0881E-02
   1.7170E-02   4.4501E-02   4.3288E-02   8.4312E-02   7.3444E-02   4.9260E-02
   5.0588E-02
  > E    =  -2.307002670923E+02 +/-   2.610535703943E-05
  > varE =   3.410719481177E-05
* Computing derivatives.
  Done. [total walltime: 7.58s]
* Optimizing manipulation constant:
  #igrid a___________ E____________________________________ varE____________
     1     Infinity    -2.30700267E+02 +/-   2.61053570E-05   3.41071948E-05
     2     1.0000E+06  -2.30700267E+02 +/-   2.61053320E-05   3.41071294E-05
     3     2.1544E+05  -2.30700267E+02 +/-   2.61052409E-05   3.41068914E-05
     4     4.6416E+04  -2.30700267E+02 +/-   2.61048181E-05   3.41057866E-05
     5     1.0000E+04  -2.30700267E+02 +/-   2.61028561E-05   3.41006600E-05
     6     2.1544E+03  -2.30700267E+02 +/-   2.60937588E-05   3.40768948E-05
     7     4.6416E+02  -2.30700267E+02 +/-   2.60517386E-05   3.39672314E-05
     8     1.0000E+02  -2.30700267E+02 +/-   2.58608804E-05   3.34713584E-05
     9     2.1544E+01  -2.30700268E+02 +/-   2.50429320E-05   3.13875252E-05
    10     4.6416E+00  -2.30700270E+02 +/-   2.20516382E-05   2.43370785E-05
    11     1.0000E+00  -2.30652742E+02 +/-   8.58679173E-04   3.69018880E-02
    12     2.1544E-01  -2.30006614E+02 +/-   2.56406241E-03   3.29036374E-01
    13     4.6416E-02  -2.30005971E+02 +/-   2.56455027E-03   3.29161597E-01
    14     1.0000E-02  -2.30005981E+02 +/-   2.58129296E-06   3.33473494E-07
    15     2.1544E-03  -2.30005986E+02 +/-   2.71881537E-06   3.69952664E-07
    16     4.6416E-04  -2.30005988E+02 +/-   2.73691527E-06   3.74894812E-07
    17     1.0000E-04  -2.30005988E+02 +/-   2.74075944E-06   3.75948680E-07
    18     2.1544E-05  -2.30005988E+02 +/-   2.74159161E-06   3.76177012E-07
    19     4.6416E-06  -2.30005988E+02 +/-   2.74177115E-06   3.76226283E-07
    20     1.0000E-06  -2.30005988E+02 +/-   2.74180984E-06   3.76236902E-07
    21     0.0000E+00  -2.30005988E+02 +/-   2.74182047E-06   3.76239818E-07
  ParMin   9.9967E+00  -2.30700269E+02 +/-   2.39389399E-05   2.86811497E-05
  # Using grid point #10
* Iteration # 1: E =  -2.307002698663E+02 +/-   2.205163816675E-05
* Convergence: exiting.
* After optimization:
  -5.1023E-01   3.3219E-01  -7.8213E-02  -5.4196E-02   3.2856E-02   1.3181E-02
  -1.4456E-01  -1.7097E-01   4.9378E-02   4.5398E-02   7.5183E-02  -6.3122E-03
   7.3926E-03  -3.8035E-02  -3.8167E-02  -4.8795E-02   6.6482E-01  -2.5279E-02
  -5.7903E-02  -3.2519E-02  -6.1546E-02  -6.1587E-02  -1.5912E-02  -3.8401E-02
  -3.3161E-02  -4.0494E-02  -5.7793E-02   9.4440E-02   6.1964E-02   6.6390E-02
   8.1718E-03   3.6880E-02   4.5510E-02   6.6700E-02   4.8004E-02   3.4861E-02
   3.5653E-02
  > Energy =  -2.307002698663E+02 +/-   2.205163816675E-05
  > varE =   2.433707847967E-05

VMC #3:
* Size of Hilbert space =   4.0000E+02
* Deterministic energy evaluation:
  > Deterministic Etot/t = -230.70024911051942
    - Ttot/t = -10.361510508875474
    - Utot/t = 3.9037532525039609
* Number of equil. steps   = 1000
* Running VMC equilibration.
  Done. [total walltime: 0.03s]
* Equil. acc.ratio (%)     =  33.6820
* Sample config after equilibration:
  +-----+
  |  u  |
  |d   d|
  |u   u|
  |  d  |
  +-----+
* Number of accum. steps   = 500480 x 10
* Running VMC accumulation.
  Done. [total walltime: 3.13s]
* Acceptance ratio (%)     =  33.5736
* Etot/t                   =  -2.307002483383E+02 +/-   6.829429037181E-06
  > Ttot/t                 =  -1.036170712217E+01 +/-   2.936019133317E-04
  > Utot/t                 =   3.903950638120E+00 +/-   2.906767055472E-04
* var[Eloc/t]              =   2.317553987786E-05 +/-   4.887104706287E-07
* Correlation length       =   1.007223060970E+00
* log10 Psi^2 range: -6.3648564598433248 -- -2.7632552776518584
* log10 Pgen range : -6.3648564598433248 -- -2.7632552776518584
* Site occupation (ave. no. electrons per config.):
  > Site_  ___eu____  ___ed____
      1        0.500      0.498
      2        0.500      0.499
      3        0.504      0.503
      4        0.502      0.501
      5        0.498      0.501
      6        0.497      0.499
* Pair-correlation analysis (ave. no. pairs per config.):
  > Shell  nsite  ___dh____  __eueu___  __eued___
      0      1        0          0          1.020
      1      4        1.051      1.469      3.543
      2      4        0.150      0.837      1.111
      3      4        0.074      0.417      0.555
      4      4        0.223      2.182      1.848
      5      4        0.113      1.095      0.922

Optimization #3:
* Method          : lls
* Target function : energy
* No. of configs. : 50048
* No. of params.  : 37
* Before optimization:
  -5.1023E-01   3.3219E-01  -7.8213E-02  -5.4196E-02   3.2856E-02   1.3181E-02
  -1.4456E-01  -1.7097E-01   4.9378E-02   4.5398E-02   7.5183E-02  -6.3122E-03
   7.3926E-03  -3.8035E-02  -3.8167E-02  -4.8795E-02   6.6482E-01  -2.5279E-02
  -5.7903E-02  -3.2519E-02  -6.1546E-02  -6.1587E-02  -1.5912E-02  -3.8401E-02
  -3.3161E-02  -4.0494E-02  -5.7793E-02   9.4440E-02   6.1964E-02   6.6390E-02
   8.1718E-03   3.6880E-02   4.5510E-02   6.6700E-02   4.8004E-02   3.4861E-02
   3.5653E-02
  > E    =  -2.307002258892E+02 +/-   2.046017923949E-05
  > varE =   2.095104043446E-05
* Computing derivatives.
  Done. [total walltime: 7.55s]
* Optimizing manipulation constant:
  #igrid a___________ E____________________________________ varE____________
     1     Infinity    -2.30700226E+02 +/-   2.04601792E-05   2.09510404E-05
     2     1.0000E+06  -2.30700226E+02 +/-   2.04601651E-05   2.09510114E-05
     3     2.1544E+05  -2.30700226E+02 +/-   2.04601134E-05   2.09509057E-05
     4     4.6416E+04  -2.30700226E+02 +/-   2.04598739E-05   2.09504151E-05
     5     1.0000E+04  -2.30700226E+02 +/-   2.04587620E-05   2.09481380E-05
     6     2.1544E+03  -2.30700226E+02 +/-   2.04536039E-05   2.09375765E-05
     7     4.6416E+02  -2.30700226E+02 +/-   2.04297236E-05   2.08887142E-05
     8     1.0000E+02  -2.30700226E+02 +/-   2.03202119E-05   2.06653703E-05
     9     2.1544E+01  -2.30700228E+02 +/-   1.98425104E-05   1.97051597E-05
    10     4.6416E+00  -2.30700231E+02 +/-   1.88219344E-05   1.77302655E-05
    11     1.0000E+00  -2.30697935E+02 +/-   1.79623157E-04   1.61477263E-03
    12     2.1544E-01  -2.30443658E+02 +/-   1.83435576E-03   1.68404567E-01
    13     4.6416E-02  -2.30066068E+02 +/-   2.50965561E-03   3.15220885E-01
    14     1.0000E-02  -2.30023434E+02 +/-   2.54583148E-03   3.24373998E-01
    15     2.1544E-03  -2.30018149E+02 +/-   2.54988374E-03   3.25407445E-01
    16     4.6416E-04  -2.30017173E+02 +/-   2.55062044E-03   3.25595502E-01
    17     1.0000E-04  -2.30016971E+02 +/-   2.55077321E-03   3.25634507E-01
    18     2.1544E-05  -2.30016927E+02 +/-   2.55080585E-03   3.25642842E-01
    19     4.6416E-06  -2.30016918E+02 +/-   2.55081287E-03   3.25644634E-01
    20     1.0000E-06  -2.30016916E+02 +/-   2.55081438E-03   3.25645020E-01
    21     0.0000E+00  -2.30016915E+02 +/-   2.55081480E-03   3.25645126E-01
  ParMin   9.9718E+00  -2.30700231E+02 +/-   1.92500267E-05   1.85459635E-05
  # Using grid point #10
* Iteration # 1: E =  -2.307002305376E+02 +/-   1.882193441916E-05
* Convergence: exiting.
* After optimization:
  -5.9976E-01   3.3341E-01  -8.0228E-02  -5.5373E-02   3.2869E-02   1.2312E-02
  -1.4706E-01  -1.6960E-01   4.9904E-02   4.6416E-02   7.1270E-02  -1.2770E-03
   4.4748E-03  -3.5558E-02  -3.5401E-02  -4.7041E-02   6.9698E-01  -2.1292E-02
  -6.5494E-02  -3.8199E-02  -6.3875E-02  -6.3816E-02  -8.0569E-03  -4.2408E-02
  -3.7936E-02  -4.5192E-02  -6.3302E-02   9.2577E-02   5.0076E-02   5.4406E-02
   2.5698E-03   3.0781E-02   5.0553E-02   5.8582E-02   3.6698E-02   2.5426E-02
   2.5847E-02
  > Energy =  -2.307002305376E+02 +/-   1.882193441916E-05
  > varE =   1.773026549430E-05

VMC #4:
* Size of Hilbert space =   4.0000E+02
* Deterministic energy evaluation:
  > Deterministic Etot/t = -230.70025232888912
    - Ttot/t = -10.361422123284939
    - Utot/t = 3.9036616485437268
* Number of equil. steps   = 1000
* Running VMC equilibration.
  Done. [total walltime: 0.03s]
* Equil. acc.ratio (%)     =  36.5658
* Sample config after equilibration:
  +-----+
  |  u  |
  |0   d|
  |2   u|
  |  d  |
  +-----+
* Number of accum. steps   = 500480 x 10
* Running VMC accumulation.
  Done. [total walltime: 3.13s]
* Acceptance ratio (%)     =  36.5548
* Etot/t                   =  -2.307002479978E+02 +/-   6.407903581540E-06
  > Ttot/t                 =  -1.036146295328E+01 +/-   2.949509994928E-04
  > Utot/t                 =   3.903706809388E+00 +/-   2.916059205813E-04
* var[Eloc/t]              =   2.017534244243E-05 +/-   5.678506026002E-07
* Correlation length       =   1.018586108433E+00
* log10 Psi^2 range: -6.9187243837392511 -- -2.8106144855556061
* log10 Pgen range : -6.9187243837392511 -- -2.8106144855556061
* Site occupation (ave. no. electrons per config.):
  > Site_  ___eu____  ___ed____
      1        0.502      0.498
      2        0.500      0.499
      3        0.499      0.501
      4        0.501      0.502
      5        0.500      0.503
      6        0.499      0.497
* Pair-correlation analysis (ave. no. pairs per config.):
  > Shell  nsite  ___dh____  __eueu___  __eued___
      0      1        0          0          1.019
      1      4        1.050      1.467      3.546
      2      4        0.146      0.841      1.111
      3      4        0.072      0.419      0.559
      4      4        0.226      2.183      1.842
      5      4        0.114      1.091      0.923

Optimization #4:
* Method          : lls
* Target function : energy
* No. of configs. : 50048
* No. of params.  : 37
* Before optimization:
  -5.9976E-01   3.3341E-01  -8.0228E-02  -5.5373E-02   3.2869E-02   1.2312E-02
  -1.4706E-01  -1.6960E-01   4.9904E-02   4.6416E-02   7.1270E-02  -1.2770E-03
   4.4748E-03  -3.5558E-02  -3.5401E-02  -4.7041E-02   6.9698E-01  -2.1292E-02
  -6.5494E-02  -3.8199E-02  -6.3875E-02  -6.3816E-02  -8.0569E-03  -4.2408E-02
  -3.7936E-02  -4.5192E-02  -6.3302E-02   9.2577E-02   5.0076E-02   5.4406E-02
   2.5698E-03   3.0781E-02   5.0553E-02   5.8582E-02   3.6698E-02   2.5426E-02
   2.5847E-02
  > E    =  -2.307002288914E+02 +/-   1.913554347442E-05
  > varE =   1.832602731623E-05
* Computing derivatives.
  Done. [total walltime: 7.54s]
* Optimizing manipulation constant:
  #igrid a___________ E____________________________________ varE____________
     1     Infinity    -2.30700229E+02 +/-   1.91355435E-05   1.83260273E-05
     2     1.0000E+06  -2.30700229E+02 +/-   1.91355371E-05   1.83260151E-05
     3     2.1544E+05  -2.30700229E+02 +/-   1.91355958E-05   1.83261274E-05
     4     4.6416E+04  -2.30700229E+02 +/-   1.91375482E-05   1.83298673E-05
     5     1.0000E+04  -2.30700229E+02 +/-   1.91830481E-05   1.84171302E-05
     6     2.1544E+03  -2.30700221E+02 +/-   2.03352181E-05   2.06959039E-05
     7     4.6416E+02  -2.30699867E+02 +/-   6.72865752E-05   2.26591479E-04
     8     1.0000E+02  -2.30646316E+02 +/-   8.89687448E-04   3.96151819E-02
     9     2.1544E+01  -2.30025500E+02 +/-   2.55110455E-03   3.25719111E-01
    10     4.6416E+00  -2.30005970E+02 +/-   2.56555580E-03   3.29419769E-01
    11     1.0000E+00  -2.30024127E+02 +/-   5.56808868E-05   1.55166875E-04
    12     2.1544E-01  -2.30005974E+02 +/-   2.56561526E-03   3.29435038E-01
    13     4.6416E-02  -2.30304805E+02 +/-   2.17724088E-03   2.37246430E-01
    14     1.0000E-02  -2.29276468E+02 +/-   2.64603210E-03   3.50410364E-01
    15     2.1544E-03  -2.29279375E+02 +/-   2.64204855E-03   3.49356086E-01
    16     4.6416E-04  -2.29280030E+02 +/-   2.64111543E-03   3.49109360E-01
    17     1.0000E-04  -2.29280173E+02 +/-   2.64091073E-03   3.49055246E-01
    18     2.1544E-05  -2.29280203E+02 +/-   2.64086646E-03   3.49043542E-01
    19     4.6416E-06  -2.29280210E+02 +/-   2.64085691E-03   3.49041019E-01
    20     1.0000E-06  -2.29280211E+02 +/-   2.64085485E-03   3.49040475E-01
    21     0.0000E+00  -2.29280212E+02 +/-   2.64085429E-03   3.49040326E-01
* Iteration # 1: E =  -2.307002288914E+02 +/-   1.913553710883E-05
* Convergence: exiting.
* After optimization:
  -5.9991E-01   3.3341E-01  -8.0228E-02  -5.5373E-02   3.2869E-02   1.2312E-02
  -1.4706E-01  -1.6960E-01   4.9904E-02   4.6416E-02   7.1270E-02  -1.2770E-03
   4.4748E-03  -3.5558E-02  -3.5401E-02  -4.7041E-02   6.9704E-01  -2.1294E-02
  -6.5499E-02  -3.8202E-02  -6.3880E-02  -6.3821E-02  -8.0575E-03  -4.2411E-02
  -3.7939E-02  -4.5195E-02  -6.3307E-02   9.2577E-02   5.0076E-02   5.4406E-02
   2.5698E-03   3.0781E-02   5.0553E-02   5.8582E-02   3.6698E-02   2.5426E-02
   2.5847E-02
  > Energy =  -2.307002288914E+02 +/-   1.913553710883E-05
  > varE =   1.832601512362E-05

VMC #5:
* Size of Hilbert space =   4.0000E+02
* Deterministic energy evaluation:
  > Deterministic Etot/t = -230.70025232889998
    - Ttot/t = -10.361422122751351
    - Utot/t = 3.9036616479992268
* Number of equil. steps   = 1000
* Running VMC equilibration.
  Done. [total walltime: 0.03s]
* Equil. acc.ratio (%)     =  36.7271
* Sample config after equilibration:
  +-----+
  |  d  |
  |u   u|
  |d   d|
  |  u  |
  +-----+
* Number of accum. steps   = 500480 x 10
* Running VMC accumulation.
  Done. [total walltime: 3.14s]
* Acceptance ratio (%)     =  36.5226
* Etot/t                   =  -2.307002576907E+02 +/-   6.136949219535E-06
  > Ttot/t                 =  -1.036172119953E+01 +/-   2.893993285423E-04
  > Utot/t                 =   3.903955363048E+00 +/-   2.860799559604E-04
* var[Eloc/t]              =   1.967157800580E-05 +/-   3.992603243211E-07
* Correlation length       =   9.581921026346E-01
* log10 Psi^2 range: -6.4096059053779344 -- -2.8106145204207760
* log10 Pgen range : -6.4096059053779344 -- -2.8106145204207760
* Site occupation (ave. no. electrons per config.):
  > Site_  ___eu____  ___ed____
      1        0.497      0.501
      2        0.502      0.497
      3        0.501      0.503
      4        0.500      0.501
      5        0.500      0.500
      6        0.500      0.498
* Pair-correlation analysis (ave. no. pairs per config.):
  > Shell  nsite  ___dh____  __eueu___  __eued___
      0      1        0          0          1.025
      1      4        1.055      1.473      3.537
      2      4        0.148      0.839      1.113
      3      4        0.075      0.420      0.554
      4      4        0.229      2.177      1.849
      5      4        0.116      1.091      0.921

Optimization #5:
* Method          : lls
* Target function : energy
* No. of configs. : 50048
* No. of params.  : 37
* Before optimization:
  -5.9991E-01   3.3341E-01  -8.0228E-02  -5.5373E-02   3.2869E-02   1.2312E-02
  -1.4706E-01  -1.6960E-01   4.9904E-02   4.6416E-02   7.1270E-02  -1.2770E-03
   4.4748E-03  -3.5558E-02  -3.5401E-02  -4.7041E-02   6.9704E-01  -2.1294E-02
  -6.5499E-02  -3.8202E-02  -6.3880E-02  -6.3821E-02  -8.0575E-03  -4.2411E-02
  -3.7939E-02  -4.5195E-02  -6.3307E-02   9.2577E-02   5.0076E-02   5.4406E-02
   2.5698E-03   3.0781E-02   5.0553E-02   5.8582E-02   3.6698E-02   2.5426E-02
   2.5847E-02
  > E    =  -2.307002840148E+02 +/-   1.918612689420E-05
  > varE =   1.842304241835E-05
* Computing derivatives.
  Done. [total walltime: 7.52s]
* Optimizing manipulation constant:
  #igrid a___________ E____________________________________ varE____________
     1     Infinity    -2.30700284E+02 +/-   1.91861269E-05   1.84230424E-05
     2     1.0000E+06  -2.30700284E+02 +/-   1.91861163E-05   1.84230220E-05
     3     2.1544E+05  -2.30700284E+02 +/-   1.91860776E-05   1.84229477E-05
     4     4.6416E+04  -2.30700284E+02 +/-   1.91858979E-05   1.84226026E-05
     5     1.0000E+04  -2.30700284E+02 +/-   1.91850639E-05   1.84210011E-05
     6     2.1544E+03  -2.30700284E+02 +/-   1.91811953E-05   1.84135728E-05
     7     4.6416E+02  -2.30700284E+02 +/-   1.91632838E-05   1.83791993E-05
     8     1.0000E+02  -2.30700284E+02 +/-   1.90810998E-05   1.82218948E-05
     9     2.1544E+01  -2.30700285E+02 +/-   1.87187745E-05   1.75364447E-05
    10     4.6416E+00  -2.30700286E+02 +/-   1.73500646E-05   1.50656862E-05
    11     1.0000E+00  -2.30700291E+02 +/-   1.41510507E-05   1.00222239E-05
    12     2.1544E-01  -2.30700292E+02 +/-   1.25027046E-05   7.82338436E-06
    13     4.6416E-02  -2.30700288E+02 +/-   1.36519457E-05   9.32772703E-06
    14     1.0000E-02  -2.30700286E+02 +/-   1.42701324E-05   1.01916085E-05
    15     2.1544E-03  -2.30700286E+02 +/-   1.44305561E-05   1.04220430E-05
    16     4.6416E-04  -2.30700286E+02 +/-   1.44665243E-05   1.04740618E-05
    17     1.0000E-04  -2.30700286E+02 +/-   1.44743403E-05   1.04853826E-05
    18     2.1544E-05  -2.30700286E+02 +/-   1.44760273E-05   1.04878270E-05
    19     4.6416E-06  -2.30700286E+02 +/-   1.44763909E-05   1.04883538E-05
    20     1.0000E-06  -2.30700286E+02 +/-   1.44764692E-05   1.04884673E-05
    21     0.0000E+00  -2.30700286E+02 +/-   1.44764907E-05   1.04884985E-05
* Iteration # 1: E =  -2.307002919658E+02 +/-   1.250270460070E-05
* Convergence: exiting.
* After optimization:
  -5.9003E-01   3.3515E-01  -8.7113E-02  -6.1898E-02   3.2866E-02   1.1862E-02
  -1.4925E-01  -1.6545E-01   5.3279E-02   5.1364E-02   6.7487E-02   1.0695E-02
   5.4345E-04  -3.1419E-02  -2.7186E-02  -3.9594E-02   7.0029E-01  -4.1227E-03
  -8.0217E-02  -5.2687E-02  -6.7503E-02  -6.7138E-02   1.9127E-02  -4.7230E-02
  -4.5059E-02  -6.0486E-02  -7.7838E-02   9.6560E-02   2.6560E-02   3.1108E-02
  -9.6569E-03   1.5438E-02   7.4718E-02   4.7864E-02   2.1223E-02  -1.5994E-03
  -2.2254E-03
  > Energy =  -2.307002919658E+02 +/-   1.250270460070E-05
  > varE =   7.823384362487E-06

VMC #6:
* Size of Hilbert space =   4.0000E+02
* Deterministic energy evaluation:
  > Deterministic Etot/t = -230.70027041785147
    - Ttot/t = -10.363069868956773
    - Utot/t = 3.9052913052530989
* Number of equil. steps   = 1000
* Running VMC equilibration.
  Done. [total walltime: 0.03s]
* Equil. acc.ratio (%)     =  36.7089
* Sample config after equilibration:
  +-----+
  |  0  |
  |2   2|
  |d   0|
  |  u  |
  +-----+
* Number of accum. steps   = 500480 x 10
* Running VMC accumulation.
  Done. [total walltime: 3.13s]
* Acceptance ratio (%)     =  36.8835
* Etot/t                   =  -2.307002691553E+02 +/-   4.559822724619E-06
  > Ttot/t                 =  -1.036266111906E+01 +/-   2.922227016591E-04
  > Utot/t                 =   3.904883818041E+00 +/-   2.921733376186E-04
* var[Eloc/t]              =   1.040462441521E-05 +/-   8.158445496954E-07
* Correlation length       =   1.000129497874E+00
* log10 Psi^2 range: -7.0616561295641356 -- -2.9920347330793549
* log10 Pgen range : -7.0616561295641356 -- -2.9920347330793549
* Site occupation (ave. no. electrons per config.):
  > Site_  ___eu____  ___ed____
      1        0.502      0.502
      2        0.498      0.505
      3        0.500      0.496
      4        0.500      0.500
      5        0.499      0.498
      6        0.501      0.499
* Pair-correlation analysis (ave. no. pairs per config.):
  > Shell  nsite  ___dh____  __eueu___  __eued___
      0      1        0          0          1.025
      1      4        1.054      1.473      3.538
      2      4        0.149      0.841      1.109
      3      4        0.074      0.419      0.555
      4      4        0.228      2.178      1.848
      5      4        0.115      1.089      0.924

Optimization #6:
* Method          : lls
* Target function : energy
* No. of configs. : 50048
* No. of params.  : 37
* Before optimization:
  -5.9003E-01   3.3515E-01  -8.7113E-02  -6.1898E-02   3.2866E-02   1.1862E-02
  -1.4925E-01  -1.6545E-01   5.3279E-02   5.1364E-02   6.7487E-02   1.0695E-02
   5.4345E-04  -3.1419E-02  -2.7186E-02  -3.9594E-02   7.0029E-01  -4.1227E-03
  -8.0217E-02  -5.2687E-02  -6.7503E-02  -6.7138E-02   1.9127E-02  -4.7230E-02
  -4.5059E-02  -6.0486E-02  -7.7838E-02   9.6560E-02   2.6560E-02   3.1108E-02
  -9.6569E-03   1.5438E-02   7.4718E-02   4.7864E-02   2.1223E-02  -1.5994E-03
  -2.2254E-03
  > E    =  -2.307002536983E+02 +/-   1.402509299119E-05
  > varE =   9.844603425785E-06
* Computing derivatives.
  Done. [total walltime: 7.56s]
* Optimizing manipulation constant:
  #igrid a___________ E____________________________________ varE____________
     1     Infinity    -2.30700254E+02 +/-   1.40250930E-05   9.84460343E-06
     2     1.0000E+06  -2.30700254E+02 +/-   1.40250885E-05   9.84459716E-06
     3     2.1544E+05  -2.30700254E+02 +/-   1.40250719E-05   9.84457376E-06
     4     4.6416E+04  -2.30700254E+02 +/-   1.40249858E-05   9.84445294E-06
     5     1.0000E+04  -2.30700254E+02 +/-   1.40244011E-05   9.84363209E-06
     6     2.1544E+03  -2.30700254E+02 +/-   1.40184944E-05   9.83534217E-06
     7     4.6416E+02  -2.30700249E+02 +/-   1.43039915E-05   1.02400297E-05
     8     1.0000E+02  -2.30699783E+02 +/-   7.80455629E-05   3.04847868E-04
     9     2.1544E+01  -2.30421019E+02 +/-   1.91345066E-03   1.83240414E-01
    10     4.6416E+00  -2.29285276E+02 +/-   2.64569808E-03   3.50321903E-01
    11     1.0000E+00  -2.29277889E+02 +/-   2.62993950E-03   3.46161084E-01
    12     2.1544E-01  -2.29280734E+02 +/-   2.62466115E-03   3.44772971E-01
    13     4.6416E-02  -2.29281903E+02 +/-   2.62245190E-03   3.44192807E-01
    14     1.0000E-02  -2.29282210E+02 +/-   2.62186930E-03   3.44039892E-01
    15     2.1544E-03  -2.29282280E+02 +/-   2.62173737E-03   3.44005271E-01
    16     4.6416E-04  -2.29282295E+02 +/-   2.62170863E-03   3.43997729E-01
    17     1.0000E-04  -2.29282298E+02 +/-   2.62170243E-03   3.43996100E-01
    18     2.1544E-05  -2.29282299E+02 +/-   2.62170109E-03   3.43995749E-01
    19     4.6416E-06  -2.29282299E+02 +/-   2.62170080E-03   3.43995674E-01
    20     1.0000E-06  -2.29282299E+02 +/-   2.62170074E-03   3.43995657E-01
    21     0.0000E+00  -2.29282299E+02 +/-   2.62170072E-03   3.43995653E-01
* Iteration # 1: E =  -2.307002536983E+02 +/-   1.402507185648E-05
* Convergence: exiting.
* After optimization:
  -5.8988E-01   3.3515E-01  -8.7113E-02  -6.1898E-02   3.2866E-02   1.1862E-02
  -1.4925E-01  -1.6545E-01   5.3279E-02   5.1364E-02   6.7487E-02   1.0695E-02
   5.4348E-04  -3.1419E-02  -2.7186E-02  -3.9594E-02   7.0024E-01  -4.1226E-03
  -8.0211E-02  -5.2683E-02  -6.7498E-02  -6.7133E-02   1.9125E-02  -4.7226E-02
  -4.5056E-02  -6.0481E-02  -7.7832E-02   9.6560E-02   2.6560E-02   3.1109E-02
  -9.6568E-03   1.5438E-02   7.4718E-02   4.7864E-02   2.1223E-02  -1.5992E-03
  -2.2253E-03
  > Energy =  -2.307002536983E+02 +/-   1.402507185648E-05
  > varE =   9.844573755714E-06

VMC #7:
* Size of Hilbert space =   4.0000E+02
* Deterministic energy evaluation:
  > Deterministic Etot/t = -230.70027041787785
    - Ttot/t = -10.363069867144349
    - Utot/t = 3.9052913034143697
* Number of equil. steps   = 1000
* Running VMC equilibration.
  Done. [total walltime: 0.02s]
* Equil. acc.ratio (%)     =  36.9219
* Sample config after equilibration:
  +-----+
  |  u  |
  |d   d|
  |u   u|
  |  d  |
  +-----+
* Number of accum. steps   = 500480 x 10
* Running VMC accumulation.
  Done. [total walltime: 3.13s]
* Acceptance ratio (%)     =  36.8911
* Etot/t                   =  -2.307002598140E+02 +/-   4.752131024701E-06
  > Ttot/t                 =  -1.036274831214E+01 +/-   2.906745032737E-04
  > Utot/t                 =   3.904980352322E+00 +/-   2.905347619447E-04
* var[Eloc/t]              =   1.097843907764E-05 +/-   8.958441979530E-07
* Correlation length       =   1.029491923004E+00
* log10 Psi^2 range: -7.0616545511098661 -- -2.9920328904365623
* log10 Pgen range : -7.0616545511098661 -- -2.9920328904365623
* Site occupation (ave. no. electrons per config.):
  > Site_  ___eu____  ___ed____
      1        0.499      0.500
      2        0.499      0.499
      3        0.505      0.499
      4        0.500      0.501
      5        0.496      0.503
      6        0.501      0.497
* Pair-correlation analysis (ave. no. pairs per config.):
  > Shell  nsite  ___dh____  __eueu___  __eued___
      0      1        0          0          1.025
      1      4        1.047      1.480      3.540
      2      4        0.148      0.843      1.108
      3      4        0.073      0.420      0.554
      4      4        0.233      2.171      1.845
      5      4        0.116      1.086      0.928

Optimization #7:
* Method          : lls
* Target function : energy
* No. of configs. : 50048
* No. of params.  : 37
* Before optimization:
  -5.8988E-01   3.3515E-01  -8.7113E-02  -6.1898E-02   3.2866E-02   1.1862E-02
  -1.4925E-01  -1.6545E-01   5.3279E-02   5.1364E-02   6.7487E-02   1.0695E-02
   5.4348E-04  -3.1419E-02  -2.7186E-02  -3.9594E-02   7.0024E-01  -4.1226E-03
  -8.0211E-02  -5.2683E-02  -6.7498E-02  -6.7133E-02   1.9125E-02  -4.7226E-02
  -4.5056E-02  -6.0481E-02  -7.7832E-02   9.6560E-02   2.6560E-02   3.1109E-02
  -9.6568E-03   1.5438E-02   7.4718E-02   4.7864E-02   2.1223E-02  -1.5992E-03
  -2.2253E-03
  > E    =  -2.307002711979E+02 +/-   1.432175003954E-05
  > varE =   1.026547161091E-05
* Computing derivatives.
  Done. [total walltime: 7.57s]
* Optimizing manipulation constant:
  #igrid a___________ E____________________________________ varE____________
     1     Infinity    -2.30700271E+02 +/-   1.43217500E-05   1.02654716E-05
     2     1.0000E+06  -2.30700271E+02 +/-   1.43217462E-05   1.02654661E-05
     3     2.1544E+05  -2.30700271E+02 +/-   1.43217323E-05   1.02654461E-05
     4     4.6416E+04  -2.30700271E+02 +/-   1.43216675E-05   1.02653533E-05
     5     1.0000E+04  -2.30700271E+02 +/-   1.43213669E-05   1.02649224E-05
     6     2.1544E+03  -2.30700271E+02 +/-   1.43199727E-05   1.02629238E-05
     7     4.6416E+02  -2.30700271E+02 +/-   1.43135173E-05   1.02536730E-05
     8     1.0000E+02  -2.30700271E+02 +/-   1.42839032E-05   1.02112879E-05
     9     2.1544E+01  -2.30700271E+02 +/-   1.41538923E-05   1.00262493E-05
    10     4.6416E+00  -2.30700270E+02 +/-   1.38051356E-05   9.53823634E-06
    11     1.0000E+00  -2.30700153E+02 +/-   4.16440506E-05   8.67945906E-05
    12     2.1544E-01  -2.30016697E+02 +/-   4.50780279E-05   1.01698968E-04
    13     4.6416E-02  -2.30689809E+02 +/-   3.64290212E-04   6.64173789E-03
    14     1.0000E-02  -2.30678017E+02 +/-   5.88487884E-04   1.73325227E-02
    15     2.1544E-03  -2.30632522E+02 +/-   1.03823493E-03   5.39483289E-02
    16     4.6416E-04  -2.30593582E+02 +/-   1.28449538E-03   8.25756157E-02
    17     1.0000E-04  -2.30580091E+02 +/-   1.35494099E-03   9.18813760E-02
    18     2.1544E-05  -2.30576808E+02 +/-   1.37117758E-03   9.40966444E-02
    19     4.6416E-06  -2.30576081E+02 +/-   1.37472809E-03   9.45845808E-02
    20     1.0000E-06  -2.30575924E+02 +/-   1.37549550E-03   9.46902087E-02
    21     0.0000E+00  -2.30575880E+02 +/-   1.37570638E-03   9.47192462E-02
  ParMin   9.9961E+00  -2.30700271E+02 +/-   1.39874884E-05   9.79188276E-06
  # Using parabolic minimum
* Iteration # 1: E =  -2.307002711184E+02 +/-   1.398748838619E-05
* Convergence: exiting.
* After optimization:
  -5.9699E-01   3.3577E-01  -8.6139E-02  -6.1058E-02   3.3393E-02   1.2372E-02
  -1.4983E-01  -1.6645E-01   5.3118E-02   5.0968E-02   6.8302E-02   9.4467E-03
   1.1436E-03  -3.2087E-02  -2.8049E-02  -4.0275E-02   7.0179E-01  -6.4873E-03
  -7.9990E-02  -5.2355E-02  -6.7929E-02  -6.7594E-02   1.6853E-02  -4.6852E-02
  -4.4500E-02  -6.0670E-02  -7.8354E-02   9.4220E-02   2.9045E-02   3.3786E-02
  -8.6570E-03   1.6928E-02   7.1687E-02   5.0366E-02   2.4174E-02  -3.6266E-04
  -9.9456E-04
  > Energy =  -2.307002711184E+02 +/-   1.398748838619E-05
  > varE =   9.791882759598E-06

VMC #8:
* Size of Hilbert space =   4.0000E+02
* Deterministic energy evaluation:
  > Deterministic Etot/t = -230.70027085210424
    - Ttot/t = -10.363065237696176
    - Utot/t = 3.9052862397398251
* Number of equil. steps   = 1000
* Running VMC equilibration.
  Done. [total walltime: 0.03s]
* Equil. acc.ratio (%)     =  37.0866
* Sample config after equilibration:
  +-----+
  |  u  |
  |2   d|
  |0   0|
  |  2  |
  +-----+
* Number of accum. steps   = 500480 x 10
* Running VMC accumulation.
  Done. [total walltime: 3.04s]
* Acceptance ratio (%)     =  36.9767
* Etot/t                   =  -2.307002629872E+02 +/-   4.375180782112E-06
  > Ttot/t                 =  -1.036298732731E+01 +/-   2.929420872997E-04
  > Utot/t                 =   3.905216194146E+00 +/-   2.926959820654E-04
* var[Eloc/t]              =   9.441738643428E-06 +/-   4.814354827537E-07
* Correlation length       =   1.014674527562E+00
* log10 Psi^2 range: -7.0286627783586582 -- -2.9692309833927490
* log10 Pgen range : -7.0286627783586582 -- -2.9692309833927490
* Site occupation (ave. no. electrons per config.):
  > Site_  ___eu____  ___ed____
      1        0.500      0.499
      2        0.497      0.502
      3        0.503      0.500
      4        0.502      0.500
      5        0.498      0.499
      6        0.500      0.500
* Pair-correlation analysis (ave. no. pairs per config.):
  > Shell  nsite  ___dh____  __eueu___  __eued___
      0      1        0          0          1.028
      1      4        1.056      1.477      3.534
      2      4        0.148      0.844      1.110
      3      4        0.076      0.419      0.552
      4      4        0.232      2.172      1.847
      5      4        0.115      1.088      0.929

Optimization #8:
* Method          : lls
* Target function : energy
* No. of configs. : 50048
* No. of params.  : 37
* Before optimization:
  -5.9699E-01   3.3577E-01  -8.6139E-02  -6.1058E-02   3.3393E-02   1.2372E-02
  -1.4983E-01  -1.6645E-01   5.3118E-02   5.0968E-02   6.8302E-02   9.4467E-03
   1.1436E-03  -3.2087E-02  -2.8049E-02  -4.0275E-02   7.0179E-01  -6.4873E-03
  -7.9990E-02  -5.2355E-02  -6.7929E-02  -6.7594E-02   1.6853E-02  -4.6852E-02
  -4.4500E-02  -6.0670E-02  -7.8354E-02   9.4220E-02   2.9045E-02   3.3786E-02
  -8.6570E-03   1.6928E-02   7.1687E-02   5.0366E-02   2.4174E-02  -3.6266E-04
  -9.9456E-04
  > E    =  -2.307002805714E+02 +/-   1.430862046308E-05
  > varE =   1.024665833556E-05
* Computing derivatives.
  Done. [total walltime: 7.56s]
* Optimizing manipulation constant:
  #igrid a___________ E____________________________________ varE____________
     1     Infinity    -2.30700281E+02 +/-   1.43086205E-05   1.02466583E-05
     2     1.0000E+06  -2.30700281E+02 +/-   1.43086174E-05   1.02466539E-05
     3     2.1544E+05  -2.30700281E+02 +/-   1.43086060E-05   1.02466377E-05
     4     4.6416E+04  -2.30700281E+02 +/-   1.43085535E-05   1.02465625E-05
     5     1.0000E+04  -2.30700281E+02 +/-   1.43083095E-05   1.02462129E-05
     6     2.1544E+03  -2.30700281E+02 +/-   1.43071715E-05   1.02445831E-05
     7     4.6416E+02  -2.30700281E+02 +/-   1.43018091E-05   1.02369051E-05
     8     1.0000E+02  -2.30700280E+02 +/-   1.42894874E-05   1.02192736E-05
     9     2.1544E+01  -2.30700265E+02 +/-   1.97996998E-05   1.96202230E-05
    10     4.6416E+00  -2.30695892E+02 +/-   2.60187619E-04   3.38812933E-03
    11     1.0000E+00  -2.30400028E+02 +/-   1.97035048E-03   1.94300400E-01
    12     2.1544E-01  -2.30009140E+02 +/-   2.56943923E-03   3.30417793E-01
    13     4.6416E-02  -2.30006039E+02 +/-   2.56877398E-03   3.30246722E-01
    14     1.0000E-02  -2.30006723E+02 +/-   2.54230423E-03   3.23475778E-01
    15     2.1544E-03  -2.30007355E+02 +/-   2.51838393E-03   3.17417310E-01
    16     4.6416E-04  -2.30007543E+02 +/-   2.51126814E-03   3.15626094E-01
    17     1.0000E-04  -2.29334315E+02 +/-   6.49609963E-04   2.11199108E-02
    18     2.1544E-05  -2.29334164E+02 +/-   6.50183084E-04   2.11571936E-02
    19     4.6416E-06  -2.29334132E+02 +/-   6.50306377E-04   2.11652183E-02
    20     1.0000E-06  -2.29334125E+02 +/-   6.50332931E-04   2.11669468E-02
    21     0.0000E+00  -2.29334123E+02 +/-   6.50340222E-04   2.11674214E-02
* Iteration # 1: E =  -2.307002805694E+02 +/-   1.430180906813E-05
* Convergence: exiting.
* After optimization:
  -6.0396E-01   3.3578E-01  -8.6122E-02  -6.1040E-02   3.3405E-02   1.2378E-02
  -1.4984E-01  -1.6645E-01   5.3118E-02   5.0970E-02   6.8298E-02   9.4441E-03
   1.1407E-03  -3.2091E-02  -2.8063E-02  -4.0281E-02   7.0420E-01  -6.5471E-03
  -8.0273E-02  -5.2544E-02  -6.8166E-02  -6.7830E-02   1.6878E-02  -4.7012E-02
  -4.4652E-02  -6.0885E-02  -7.8637E-02   9.4199E-02   2.9079E-02   3.3819E-02
  -8.6243E-03   1.6970E-02   7.1669E-02   5.0408E-02   2.4222E-02  -3.3655E-04
  -9.6797E-04
  > Energy =  -2.307002805694E+02 +/-   1.430180906813E-05
  > varE =   1.023690513470E-05

VMC #9:
* Size of Hilbert space =   4.0000E+02
* Deterministic energy evaluation:
  > Deterministic Etot/t = -230.70027086039821
    - Ttot/t = -10.363061777204310
    - Utot/t = 3.9052827709539977
* Number of equil. steps   = 1000
* Running VMC equilibration.
  Done. [total walltime: 0.03s]
* Equil. acc.ratio (%)     =  37.2309
* Sample config after equilibration:
  +-----+
  |  u  |
  |d   d|
  |u   u|
  |  d  |
  +-----+
* Number of accum. steps   = 500480 x 10
* Running VMC accumulation.
  Done. [total walltime: 3.11s]
* Acceptance ratio (%)     =  37.2058
* Etot/t                   =  -2.307002722169E+02 +/-   4.217635949489E-06
  > Ttot/t                 =  -1.036357576781E+01 +/-   2.957131993714E-04
  > Utot/t                 =   3.905795405040E+00 +/-   2.954476144701E-04
* var[Eloc/t]              =   9.037856076304E-06 +/-   4.403598887600E-07
* Correlation length       =   9.850527474094E-01
* log10 Psi^2 range: -7.0426366052606646 -- -2.9690466516851712
* log10 Pgen range : -7.0426366052606646 -- -2.9690466516851712
* Site occupation (ave. no. electrons per config.):
  > Site_  ___eu____  ___ed____
      1        0.500      0.499
      2        0.500      0.501
      3        0.503      0.499
      4        0.499      0.498
      5        0.500      0.501
      6        0.498      0.502
* Pair-correlation analysis (ave. no. pairs per config.):
  > Shell  nsite  ___dh____  __eueu___  __eued___
      0      1        0          0          1.029
      1      4        1.063      1.474      3.530
      2      4        0.150      0.841      1.105
      3      4        0.075      0.425      0.553
      4      4        0.231      2.172      1.857
      5      4        0.115      1.088      0.926

Optimization #9:
* Method          : lls
* Target function : energy
* No. of configs. : 50048
* No. of params.  : 37
* Before optimization:
  -6.0396E-01   3.3578E-01  -8.6122E-02  -6.1040E-02   3.3405E-02   1.2378E-02
  -1.4984E-01  -1.6645E-01   5.3118E-02   5.0970E-02   6.8298E-02   9.4441E-03
   1.1407E-03  -3.2091E-02  -2.8063E-02  -4.0281E-02   7.0420E-01  -6.5471E-03
  -8.0273E-02  -5.2544E-02  -6.8166E-02  -6.7830E-02   1.6878E-02  -4.7012E-02
  -4.4652E-02  -6.0885E-02  -7.8637E-02   9.4199E-02   2.9079E-02   3.3819E-02
  -8.6243E-03   1.6970E-02   7.1669E-02   5.0408E-02   2.4222E-02  -3.3655E-04
  -9.6797E-04
  > E    =  -2.307002708272E+02 +/-   1.481400429005E-05
  > varE =   1.098326998199E-05
* Computing derivatives.
  Done. [total walltime: 7.35s]
* Optimizing manipulation constant:
  #igrid a___________ E____________________________________ varE____________
     1     Infinity    -2.30700271E+02 +/-   1.48140043E-05   1.09832700E-05
     2     1.0000E+06  -2.30700271E+02 +/-   1.48140000E-05   1.09832636E-05
     3     2.1544E+05  -2.30700271E+02 +/-   1.48139843E-05   1.09832404E-05
     4     4.6416E+04  -2.30700271E+02 +/-   1.48139116E-05   1.09831326E-05
     5     1.0000E+04  -2.30700271E+02 +/-   1.48135743E-05   1.09826323E-05
     6     2.1544E+03  -2.30700271E+02 +/-   1.48120098E-05   1.09803127E-05
     7     4.6416E+02  -2.30700271E+02 +/-   1.48047785E-05   1.09695941E-05
     8     1.0000E+02  -2.30700271E+02 +/-   1.47718588E-05   1.09208646E-05
     9     2.1544E+01  -2.30700271E+02 +/-   1.46318396E-05   1.07148129E-05
    10     4.6416E+00  -2.30700270E+02 +/-   1.42004013E-05   1.00922492E-05
    11     1.0000E+00  -2.30700265E+02 +/-   1.54391421E-05   1.19297970E-05
    12     2.1544E-01  -2.30700247E+02 +/-   2.26559075E-05   2.56891451E-05
    13     4.6416E-02  -2.30700231E+02 +/-   2.83448448E-05   4.02100760E-05
    14     1.0000E-02  -2.30700150E+02 +/-   4.46107064E-05   9.96012816E-05
    15     2.1544E-03  -2.30700094E+02 +/-   5.28864534E-05   1.39983103E-04
    16     4.6416E-04  -2.30700078E+02 +/-   5.50668526E-05   1.51763466E-04
    17     1.0000E-04  -2.30700074E+02 +/-   5.55579622E-05   1.54482519E-04
    18     2.1544E-05  -2.30700073E+02 +/-   5.56647932E-05   1.55077191E-04
    19     4.6416E-06  -2.30700073E+02 +/-   5.56878571E-05   1.55205726E-04
    20     1.0000E-06  -2.30700073E+02 +/-   5.56928283E-05   1.55233437E-04
    21     0.0000E+00  -2.30700073E+02 +/-   5.56941936E-05   1.55241048E-04
  ParMin   8.8430E+00  -2.30700270E+02 +/-   1.44221216E-05   1.04098634E-05
  # Using grid point #10
* Iteration # 1: E =  -2.307002701155E+02 +/-   1.420040132240E-05
* Convergence: exiting.
* After optimization:
  -6.3522E-01   3.3762E-01  -8.3596E-02  -5.8521E-02   3.4847E-02   1.3347E-02
  -1.5122E-01  -1.6742E-01   5.2710E-02   5.0541E-02   6.8043E-02   8.4509E-03
   1.0901E-03  -3.2701E-02  -2.9861E-02  -4.1616E-02   7.1138E-01  -1.2338E-02
  -8.1586E-02  -5.3415E-02  -6.9316E-02  -6.9031E-02   1.1815E-02  -4.6971E-02
  -4.4373E-02  -6.2079E-02  -8.0761E-02   8.9573E-02   3.3706E-02   3.8522E-02
  -5.1982E-03   2.1490E-02   6.6603E-02   5.5985E-02   3.0226E-02   2.7177E-03
   2.1051E-03
  > Energy =  -2.307002701155E+02 +/-   1.420040132240E-05
  > varE =   1.009224915295E-05

VMC #10:
* Size of Hilbert space =   4.0000E+02
* Deterministic energy evaluation:
  > Deterministic Etot/t = -230.70027146923320
    - Ttot/t = -10.362973578848276
    - Utot/t = 3.9051939637630233
* Number of equil. steps   = 1000
* Running VMC equilibration.
  Done. [total walltime: 0.02s]
* Equil. acc.ratio (%)     =  38.0078
* Sample config after equilibration:
  +-----+
  |  2  |
  |d   0|
  |u   u|
  |  d  |
  +-----+
* Number of accum. steps   = 500480 x 10
* Running VMC accumulation.
  Done. [total walltime: 3.04s]
* Acceptance ratio (%)     =  37.9710
* Etot/t                   =  -2.307002746202E+02 +/-   4.168413380826E-06
  > Ttot/t                 =  -1.036334217133E+01 +/-   2.913933221202E-04
  > Utot/t                 =   3.905559405131E+00 +/-   2.909811828043E-04
* var[Eloc/t]              =   8.310339377311E-06 +/-   3.674002187697E-07
* Correlation length       =   1.046428428919E+00
* log10 Psi^2 range: -6.4983617811823828 -- -2.9280533345641833
* log10 Pgen range : -6.4983617811823828 -- -2.9280533345641833
* Site occupation (ave. no. electrons per config.):
  > Site_  ___eu____  ___ed____
      1        0.500      0.498
      2        0.498      0.504
      3        0.504      0.498
      4        0.498      0.502
      5        0.501      0.499
      6        0.500      0.500
* Pair-correlation analysis (ave. no. pairs per config.):
  > Shell  nsite  ___dh____  __eueu___  __eued___
      0      1        0          0          1.034
      1      4        1.065      1.480      3.521
      2      4        0.153      0.840      1.106
      3      4        0.074      0.423      0.554
      4      4        0.234      2.171      1.857
      5      4        0.115      1.087      0.928

Optimization #10:
* Method          : lls
* Target function : energy
* No. of configs. : 50048
* No. of params.  : 37
* Before optimization:
  -6.3522E-01   3.3762E-01  -8.3596E-02  -5.8521E-02   3.4847E-02   1.3347E-02
  -1.5122E-01  -1.6742E-01   5.2710E-02   5.0541E-02   6.8043E-02   8.4509E-03
   1.0901E-03  -3.2701E-02  -2.9861E-02  -4.1616E-02   7.1138E-01  -1.2338E-02
  -8.1586E-02  -5.3415E-02  -6.9316E-02  -6.9031E-02   1.1815E-02  -4.6971E-02
  -4.4373E-02  -6.2079E-02  -8.0761E-02   8.9573E-02   3.3706E-02   3.8522E-02
  -5.1982E-03   2.1490E-02   6.6603E-02   5.5985E-02   3.0226E-02   2.7177E-03
   2.1051E-03
  > E    =  -2.307002746958E+02 +/-   1.170430788725E-05
  > varE =   6.856116715493E-06
* Computing derivatives.
  Done. [total walltime: 7.35s]
* Optimizing manipulation constant:
  #igrid a___________ E____________________________________ varE____________
     1     Infinity    -2.30700275E+02 +/-   1.17043079E-05   6.85611672E-06
     2     1.0000E+06  -2.30700275E+02 +/-   1.17043055E-05   6.85611392E-06
     3     2.1544E+05  -2.30700275E+02 +/-   1.17042968E-05   6.85610372E-06
     4     4.6416E+04  -2.30700275E+02 +/-   1.17042564E-05   6.85605642E-06
     5     1.0000E+04  -2.30700275E+02 +/-   1.17040694E-05   6.85583734E-06
     6     2.1544E+03  -2.30700275E+02 +/-   1.17032095E-05   6.85482996E-06
     7     4.6416E+02  -2.30700275E+02 +/-   1.16993867E-05   6.85035251E-06
     8     1.0000E+02  -2.30700275E+02 +/-   1.16848127E-05   6.83329607E-06
     9     2.1544E+01  -2.30700276E+02 +/-   1.16649781E-05   6.81011720E-06
    10     4.6416E+00  -2.30700279E+02 +/-   1.21526802E-05   7.39147076E-06
    11     1.0000E+00  -2.30700274E+02 +/-   1.79939448E-05   1.62046441E-05
    12     2.1544E-01  -2.30700243E+02 +/-   2.64010768E-05   3.48842995E-05
    13     4.6416E-02  -2.30700222E+02 +/-   3.06887606E-05   4.71352079E-05
    14     1.0000E-02  -2.30700216E+02 +/-   3.18731787E-05   5.08437392E-05
    15     2.1544E-03  -2.30700215E+02 +/-   3.21399735E-05   5.16984779E-05
    16     4.6416E-04  -2.30700214E+02 +/-   3.21979746E-05   5.18852404E-05
    17     1.0000E-04  -2.30700214E+02 +/-   3.22104946E-05   5.19255990E-05
    18     2.1544E-05  -2.30700214E+02 +/-   3.22131931E-05   5.19342996E-05
    19     4.6416E-06  -2.30700214E+02 +/-   3.22137745E-05   5.19361744E-05
    20     1.0000E-06  -2.30700214E+02 +/-   3.22138998E-05   5.19365783E-05
    21     0.0000E+00  -2.30700214E+02 +/-   3.22139342E-05   5.19366892E-05
  ParMin   8.9323E+00  -2.30700277E+02 +/-   1.17623055E-05   6.92423247E-06
  # Using grid point #10
* Iteration # 1: E =  -2.307002788322E+02 +/-   1.215268015963E-05
* Convergence: exiting.
* After optimization:
  -6.9631E-01   3.3550E-01  -8.3695E-02  -5.9764E-02   3.3416E-02   1.3096E-02
  -1.4910E-01  -1.6923E-01   5.2744E-02   4.9851E-02   7.3158E-02   3.9679E-03
   4.8537E-03  -3.4864E-02  -3.0590E-02  -4.1868E-02   7.3430E-01  -1.3766E-02
  -8.0687E-02  -5.2038E-02  -7.0926E-02  -7.0636E-02   1.0161E-02  -4.5897E-02
  -4.2355E-02  -6.2299E-02  -8.1247E-02   8.9892E-02   3.7517E-02   4.2533E-02
  -4.4589E-03   2.1877E-02   6.4492E-02   5.7924E-02   3.4370E-02   4.5326E-03
   4.2102E-03
  > Energy =  -2.307002788322E+02 +/-   1.215268015963E-05
  > varE =   7.391470759600E-06

VMC #11:
* Size of Hilbert space =   4.0000E+02
* Deterministic energy evaluation:
  > Deterministic Etot/t = -230.70027082365885
    - Ttot/t = -10.362628278782156
    - Utot/t = 3.9048493092711607
* Number of equil. steps   = 1000
* Running VMC equilibration.
  Done. [total walltime: 0.03s]
* Equil. acc.ratio (%)     =  40.0572
* Sample config after equilibration:
  +-----+
  |  d  |
  |2   0|
  |u   2|
  |  0  |
  +-----+
* Number of accum. steps   = 500480 x 10
* Running VMC accumulation.
  Done. [total walltime: 3.12s]
* Acceptance ratio (%)     =  40.0345
* Etot/t                   =  -2.307002777282E+02 +/-   4.319189036367E-06
  > Ttot/t                 =  -1.036261287672E+01 +/-   2.874644502411E-04
  > Utot/t                 =   3.904827002558E+00 +/-   2.862188904074E-04
* var[Eloc/t]              =   9.260010240977E-06 +/-   4.187893317714E-07
* Correlation length       =   1.008276590636E+00
* log10 Psi^2 range: -6.9926255939339867 -- -2.9097187160138884
* log10 Pgen range : -6.9926255939339867 -- -2.9097187160138884
* Site occupation (ave. no. electrons per config.):
  > Site_  ___eu____  ___ed____
      1        0.501      0.502
      2        0.496      0.501
      3        0.498      0.499
      4        0.502      0.498
      5        0.500      0.501
      6        0.503      0.500
* Pair-correlation analysis (ave. no. pairs per config.):
  > Shell  nsite  ___dh____  __eueu___  __eued___
      0      1        0          0          1.028
      1      4        1.057      1.474      3.535
      2      4        0.148      0.844      1.109
      3      4        0.075      0.419      0.554
      4      4        0.233      2.174      1.845
      5      4        0.115      1.088      0.928

Optimization #11:
* Method          : lls
* Target function : energy
* No. of configs. : 50048
* No. of params.  : 37
* Before optimization:
  -6.9631E-01   3.3550E-01  -8.3695E-02  -5.9764E-02   3.3416E-02   1.3096E-02
  -1.4910E-01  -1.6923E-01   5.2744E-02   4.9851E-02   7.3158E-02   3.9679E-03
   4.8537E-03  -3.4864E-02  -3.0590E-02  -4.1868E-02   7.3430E-01  -1.3766E-02
  -8.0687E-02  -5.2038E-02  -7.0926E-02  -7.0636E-02   1.0161E-02  -4.5897E-02
  -4.2355E-02  -6.2299E-02  -8.1247E-02   8.9892E-02   3.7517E-02   4.2533E-02
  -4.4589E-03   2.1877E-02   6.4492E-02   5.7924E-02   3.4370E-02   4.5326E-03
   4.2102E-03
  > E    =  -2.307002743071E+02 +/-   1.375646141387E-05
  > varE =   9.471095062632E-06
* Computing derivatives.
  Done. [total walltime: 7.52s]
* Optimizing manipulation constant:
  #igrid a___________ E____________________________________ varE____________
     1     Infinity    -2.30700274E+02 +/-   1.37564614E-05   9.47109506E-06
     2     1.0000E+06  -2.30700274E+02 +/-   1.37564582E-05   9.47109066E-06
     3     2.1544E+05  -2.30700274E+02 +/-   1.37564466E-05   9.47107462E-06
     4     4.6416E+04  -2.30700274E+02 +/-   1.37563925E-05   9.47100023E-06
     5     1.0000E+04  -2.30700274E+02 +/-   1.37561428E-05   9.47065629E-06
     6     2.1544E+03  -2.30700274E+02 +/-   1.37550039E-05   9.46908819E-06
     7     4.6416E+02  -2.30700274E+02 +/-   1.37501442E-05   9.46239848E-06
     8     1.0000E+02  -2.30700274E+02 +/-   1.37354524E-05   9.44218842E-06
     9     2.1544E+01  -2.30700274E+02 +/-   1.37613624E-05   9.47784479E-06
    10     4.6416E+00  -2.30700273E+02 +/-   1.42261007E-05   1.01288114E-05
    11     1.0000E+00  -2.30700266E+02 +/-   1.63050748E-05   1.33055343E-05
    12     2.1544E-01  -2.30700238E+02 +/-   2.50992457E-05   3.15288455E-05
    13     4.6416E-02  -2.30700164E+02 +/-   4.15913964E-05   8.65752454E-05
    14     1.0000E-02  -2.30700094E+02 +/-   5.32067181E-05   1.41683628E-04
    15     2.1544E-03  -2.30700067E+02 +/-   5.70653934E-05   1.62979266E-04
    16     4.6416E-04  -2.30700060E+02 +/-   5.79963662E-05   1.68340376E-04
    17     1.0000E-04  -2.30700058E+02 +/-   5.82021495E-05   1.69537110E-04
    18     2.1544E-05  -2.30700058E+02 +/-   5.82467327E-05   1.69796942E-04
    19     4.6416E-06  -2.30700058E+02 +/-   5.82563495E-05   1.69853015E-04
    20     1.0000E-06  -2.30700058E+02 +/-   5.82584219E-05   1.69865100E-04
    21     0.0000E+00  -2.30700058E+02 +/-   5.82589910E-05   1.69868419E-04
* Iteration # 1: E =  -2.307002742895E+02 +/-   1.373545238459E-05
* Convergence: exiting.
* After optimization:
  -7.0379E-01   3.3556E-01  -8.3639E-02  -5.9714E-02   3.3458E-02   1.3131E-02
  -1.4917E-01  -1.6928E-01   5.2744E-02   4.9837E-02   7.3143E-02   3.9541E-03
   4.8481E-03  -3.4864E-02  -3.0635E-02  -4.1912E-02   7.3699E-01  -1.3986E-02
  -8.1012E-02  -5.2248E-02  -7.1202E-02  -7.0913E-02   1.0053E-02  -4.6047E-02
  -4.2490E-02  -6.2560E-02  -8.1594E-02   8.9709E-02   3.7617E-02   4.2635E-02
  -4.3914E-03   2.1966E-02   6.4296E-02   5.8083E-02   3.4530E-02   4.5749E-03
   4.2497E-03
  > Energy =  -2.307002742895E+02 +/-   1.373545238459E-05
  > varE =   9.442188417774E-06

VMC #12:
* Size of Hilbert space =   4.0000E+02
* Deterministic energy evaluation:
  > Deterministic Etot/t = -230.70027084705308
    - Ttot/t = -10.362627176072500
    - Utot/t = 3.9048481831673012
* Number of equil. steps   = 1000
* Running VMC equilibration.
  Done. [total walltime: 0.03s]
* Equil. acc.ratio (%)     =  40.2095
* Sample config after equilibration:
  +-----+
  |  0  |
  |d   2|
  |u   2|
  |  0  |
  +-----+
* Number of accum. steps   = 500480 x 10
* Running VMC accumulation.
  Done. [total walltime: 3.12s]
* Acceptance ratio (%)     =  40.2343
* Etot/t                   =  -2.307002643097E+02 +/-   4.390353481505E-06
  > Ttot/t                 =  -1.036282077032E+01 +/-   2.916820080646E-04
  > Utot/t                 =   3.905048314844E+00 +/-   2.904379818025E-04
* var[Eloc/t]              =   9.775127070504E-06 +/-   5.000020069259E-07
* Correlation length       =   9.868776001044E-01
* log10 Psi^2 range: -6.9915491163969987 -- -2.9082822436696989
* log10 Pgen range : -6.9915491163969987 -- -2.9082822436696989
* Site occupation (ave. no. electrons per config.):
  > Site_  ___eu____  ___ed____
      1        0.503      0.500
      2        0.499      0.501
      3        0.502      0.499
      4        0.502      0.499
      5        0.498      0.503
      6        0.497      0.499
* Pair-correlation analysis (ave. no. pairs per config.):
  > Shell  nsite  ___dh____  __eueu___  __eued___
      0      1        0          0          1.028
      1      4        1.054      1.480      3.533
      2      4        0.149      0.842      1.108
      3      4        0.075      0.422      0.553
      4      4        0.231      2.171      1.853
      5      4        0.116      1.084      0.925

Optimization #12:
* Method          : lls
* Target function : energy
* No. of configs. : 50048
* No. of params.  : 37
* Before optimization:
  -7.0379E-01   3.3556E-01  -8.3639E-02  -5.9714E-02   3.3458E-02   1.3131E-02
  -1.4917E-01  -1.6928E-01   5.2744E-02   4.9837E-02   7.3143E-02   3.9541E-03
   4.8481E-03  -3.4864E-02  -3.0635E-02  -4.1912E-02   7.3699E-01  -1.3986E-02
  -8.1012E-02  -5.2248E-02  -7.1202E-02  -7.0913E-02   1.0053E-02  -4.6047E-02
  -4.2490E-02  -6.2560E-02  -8.1594E-02   8.9709E-02   3.7617E-02   4.2635E-02
  -4.3914E-03   2.1966E-02   6.4296E-02   5.8083E-02   3.4530E-02   4.5749E-03
   4.2497E-03
  > E    =  -2.307002773111E+02 +/-   1.474215876534E-05
  > varE =   1.087699415288E-05
* Computing derivatives.
  Done. [total walltime: 7.53s]
* Optimizing manipulation constant:
  #igrid a___________ E____________________________________ varE____________
     1     Infinity    -2.30700277E+02 +/-   1.47421588E-05   1.08769942E-05
     2     1.0000E+06  -2.30700277E+02 +/-   1.47421546E-05   1.08769879E-05
     3     2.1544E+05  -2.30700277E+02 +/-   1.47421392E-05   1.08769653E-05
     4     4.6416E+04  -2.30700277E+02 +/-   1.47420680E-05   1.08768602E-05
     5     1.0000E+04  -2.30700277E+02 +/-   1.47417375E-05   1.08763726E-05
     6     2.1544E+03  -2.30700277E+02 +/-   1.47402047E-05   1.08741109E-05
     7     4.6416E+02  -2.30700277E+02 +/-   1.47331120E-05   1.08636486E-05
     8     1.0000E+02  -2.30700277E+02 +/-   1.47006632E-05   1.08158482E-05
     9     2.1544E+01  -2.30700278E+02 +/-   1.45598264E-05   1.06096027E-05
    10     4.6416E+00  -2.30700278E+02 +/-   1.40882143E-05   9.93341601E-06
    11     1.0000E+00  -2.30700278E+02 +/-   1.42273549E-05   1.01305975E-05
    12     2.1544E-01  -2.30700171E+02 +/-   4.26318310E-05   9.09608895E-05
    13     4.6416E-02  -2.30691246E+02 +/-   3.75320587E-04   7.05003870E-03
    14     1.0000E-02  -2.30295339E+02 +/-   2.20841005E-03   2.44087846E-01
    15     2.1544E-03  -2.30006963E+02 +/-   2.56733129E-03   3.29875874E-01
    16     4.6416E-04  -2.30007016E+02 +/-   2.53964025E-03   3.22798220E-01
    17     1.0000E-04  -2.30007429E+02 +/-   2.52474324E-03   3.19022388E-01
    18     2.1544E-05  -2.30007539E+02 +/-   2.52075682E-03   3.18015751E-01
    19     4.6416E-06  -2.30007564E+02 +/-   2.51985572E-03   3.17788427E-01
    20     1.0000E-06  -2.30007570E+02 +/-   2.51965955E-03   3.17738949E-01
    21     0.0000E+00  -2.30007571E+02 +/-   2.51960555E-03   3.17725331E-01
* Iteration # 1: E =  -2.307002784966E+02 +/-   1.408821427573E-05
* Convergence: exiting.
* After optimization:
  -7.1040E-01   3.3705E-01  -8.1820E-02  -5.7904E-02   3.4563E-02   1.4086E-02
  -1.5005E-01  -1.6975E-01   5.2663E-02   4.9629E-02   7.3132E-02   3.5116E-03
   4.7174E-03  -3.5209E-02  -3.1731E-02  -4.3262E-02   7.3624E-01  -1.8927E-02
  -8.2244E-02  -5.3082E-02  -7.1893E-02  -7.1674E-02   5.5883E-03  -4.6224E-02
  -4.2527E-02  -6.3595E-02  -8.3020E-02   8.6180E-02   4.0857E-02   4.5970E-02
  -1.4691E-03   2.5430E-02   6.0687E-02   6.2503E-02   3.8728E-02   6.9085E-03
   6.5432E-03
  > Energy =  -2.307002784966E+02 +/-   1.408821427573E-05
  > varE =   9.933416007457E-06

VMC #13:
* Size of Hilbert space =   4.0000E+02
* Deterministic energy evaluation:
  > Deterministic Etot/t = -230.70027158619340
    - Ttot/t = -10.362696071644375
    - Utot/t = 3.9049163395988207
* Number of equil. steps   = 1000
* Running VMC equilibration.
  Done. [total walltime: 0.03s]
* Equil. acc.ratio (%)     =  40.2716
* Sample config after equilibration:
  +-----+
  |  u  |
  |u   d|
  |d   2|
  |  0  |
  +-----+
* Number of accum. steps   = 500480 x 10
* Running VMC accumulation.
  Done. [total walltime: 3.12s]
* Acceptance ratio (%)     =  40.2999
* Etot/t                   =  -2.307002665922E+02 +/-   4.291859161748E-06
  > Ttot/t                 =  -1.036284015536E+01 +/-   2.871857724672E-04
  > Utot/t                 =   3.905065417460E+00 +/-   2.860294366603E-04
* var[Eloc/t]              =   9.380792031836E-06 +/-   4.916149354032E-07
* Correlation length       =   9.827388910537E-01
* log10 Psi^2 range: -6.9475320901612534 -- -2.8778931742493725
* log10 Pgen range : -6.9475320901612534 -- -2.8778931742493725
* Site occupation (ave. no. electrons per config.):
  > Site_  ___eu____  ___ed____
      1        0.502      0.497
      2        0.501      0.502
      3        0.498      0.500
      4        0.499      0.501
      5        0.502      0.502
      6        0.498      0.498
* Pair-correlation analysis (ave. no. pairs per config.):
  > Shell  nsite  ___dh____  __eueu___  __eued___
      0      1        0          0          1.031
      1      4        1.060      1.477      3.530
      2      4        0.151      0.833      1.108
      3      4        0.075      0.425      0.557
      4      4        0.233      2.178      1.855
      5      4        0.116      1.087      0.919

Optimization #13:
* Method          : lls
* Target function : energy
* No. of configs. : 50048
* No. of params.  : 37
* Before optimization:
  -7.1040E-01   3.3705E-01  -8.1820E-02  -5.7904E-02   3.4563E-02   1.4086E-02
  -1.5005E-01  -1.6975E-01   5.2663E-02   4.9629E-02   7.3132E-02   3.5116E-03
   4.7174E-03  -3.5209E-02  -3.1731E-02  -4.3262E-02   7.3624E-01  -1.8927E-02
  -8.2244E-02  -5.3082E-02  -7.1893E-02  -7.1674E-02   5.5883E-03  -4.6224E-02
  -4.2527E-02  -6.3595E-02  -8.3020E-02   8.6180E-02   4.0857E-02   4.5970E-02
  -1.4691E-03   2.5430E-02   6.0687E-02   6.2503E-02   3.8728E-02   6.9085E-03
   6.5432E-03
  > E    =  -2.307002833514E+02 +/-   1.500132017596E-05
  > varE =   1.126278225221E-05
* Computing derivatives.
  Done. [total walltime: 7.54s]
* Optimizing manipulation constant:
  #igrid a___________ E____________________________________ varE____________
     1     Infinity    -2.30700283E+02 +/-   1.50013202E-05   1.12627823E-05
     2     1.0000E+06  -2.30700283E+02 +/-   1.50013170E-05   1.12627774E-05
     3     2.1544E+05  -2.30700283E+02 +/-   1.50013052E-05   1.12627598E-05
     4     4.6416E+04  -2.30700283E+02 +/-   1.50012508E-05   1.12626781E-05
     5     1.0000E+04  -2.30700283E+02 +/-   1.50009984E-05   1.12622991E-05
     6     2.1544E+03  -2.30700283E+02 +/-   1.49998330E-05   1.12605493E-05
     7     4.6416E+02  -2.30700283E+02 +/-   1.49945584E-05   1.12526313E-05
     8     1.0000E+02  -2.30700283E+02 +/-   1.49730573E-05   1.12203835E-05
     9     2.1544E+01  -2.30700284E+02 +/-   1.49488120E-05   1.11840755E-05
    10     4.6416E+00  -2.30700284E+02 +/-   2.01059586E-05   2.02318825E-05
    11     1.0000E+00  -2.30694668E+02 +/-   3.05469586E-04   4.67006237E-03
    12     2.1544E-01  -2.30127987E+02 +/-   2.47382356E-03   3.06283902E-01
    13     4.6416E-02  -2.30032748E+02 +/-   1.27789919E-16   8.17297021E-28
    14     1.0000E-02  -2.30699888E+02 +/-   9.79033598E-05   4.79713477E-04
    15     2.1544E-03  -2.30604451E+02 +/-   1.22331462E-03   7.48967644E-02
    16     4.6416E-04  -2.30531833E+02 +/-   1.57511030E-03   1.24167709E-01
    17     1.0000E-04  -2.30512926E+02 +/-   1.64908764E-03   1.36105038E-01
    18     2.1544E-05  -2.30508709E+02 +/-   1.66484310E-03   1.38718169E-01
    19     4.6416E-06  -2.30507794E+02 +/-   1.66822807E-03   1.39282828E-01
    20     1.0000E-06  -2.30507597E+02 +/-   1.66895689E-03   1.39404555E-01
    21     0.0000E+00  -2.30507543E+02 +/-   1.66915700E-03   1.39437987E-01
  ParMin   4.4458E+01  -2.30700283E+02 +/-   1.49496631E-05   1.11853489E-05
  # Using grid point #9
* Iteration # 1: E =  -2.307002837661E+02 +/-   1.494881203793E-05
* Convergence: exiting.
* After optimization:
  -7.3948E-01   3.3743E-01  -8.2168E-02  -5.8073E-02   3.4700E-02   1.3959E-02
  -1.5016E-01  -1.6924E-01   5.2960E-02   4.9952E-02   7.2588E-02   4.3634E-03
   4.1092E-03  -3.4901E-02  -3.1617E-02  -4.3077E-02   7.4671E-01  -1.8741E-02
  -8.4238E-02  -5.4616E-02  -7.3058E-02  -7.2823E-02   6.6353E-03  -4.7380E-02
  -4.3775E-02  -6.5061E-02  -8.4865E-02   8.6182E-02   3.9884E-02   4.4929E-02
  -1.7341E-03   2.5279E-02   6.1809E-02   6.1918E-02   3.7839E-02   6.1174E-03
   5.7083E-03
  > Energy =  -2.307002837661E+02 +/-   1.494881203793E-05
  > varE =   1.118407548238E-05

VMC #14:
* Size of Hilbert space =   4.0000E+02
* Deterministic energy evaluation:
  > Deterministic Etot/t = -230.70027154092804
    - Ttot/t = -10.362664717419888
    - Utot/t = 3.9048850306397100
* Number of equil. steps   = 1000
* Running VMC equilibration.
  Done. [total walltime: 0.03s]
* Equil. acc.ratio (%)     =  41.2289
* Sample config after equilibration:
  +-----+
  |  d  |
  |u   d|
  |2   u|
  |  0  |
  +-----+
* Number of accum. steps   = 500480 x 10
* Running VMC accumulation.
  Done. [total walltime: 3.11s]
* Acceptance ratio (%)     =  41.2311
* Etot/t                   =  -2.307002706994E+02 +/-   4.202358443450E-06
  > Ttot/t                 =  -1.036303995822E+01 +/-   2.973451014789E-04
  > Utot/t                 =   3.905261112918E+00 +/-   2.961712403250E-04
* var[Eloc/t]              =   8.988282645110E-06 +/-   5.128974115775E-07
* Correlation length       =   9.833229888849E-01
* log10 Psi^2 range: -6.9790704134312955 -- -2.8854415814008765
* log10 Pgen range : -6.9790704134312955 -- -2.8854415814008765
* Site occupation (ave. no. electrons per config.):
  > Site_  ___eu____  ___ed____
      1        0.499      0.496
      2        0.499      0.499
      3        0.503      0.501
      4        0.498      0.501
      5        0.500      0.503
      6        0.501      0.500
* Pair-correlation analysis (ave. no. pairs per config.):
  > Shell  nsite  ___dh____  __eueu___  __eued___
      0      1        0          0          1.030
      1      4        1.057      1.475      3.533
      2      4        0.149      0.842      1.105
      3      4        0.075      0.420      0.555
      4      4        0.229      2.178      1.851
      5      4        0.115      1.085      0.926

VDAGGER finished.
Total VDAGGER walltime: 4m

Run ended: Sat Sep 27 09:36:51 CEST 2025
