Run started: Thu Oct  2 09:58:19 CEST 2025
Using VDAGGER_ARCH = gnu7_fkfamd_cluster
Running 1x128 MPI processes.

                               xx
                              +##
                               #X
                               Xx
                          X##XxXxxX##x
                           +   Xx  ++
                               ##
                              +##
                              +##
     ++++         ++          +##
   xX+++##+      ####         +##
  Xx    ###      +X##          ##
 xX    X##+        ##          #X
 +    x##X         #x          #X
      ###         +#           x+
     X##+         #+
     ###         Xx                    _______
     ##X       +X+   __________________VDAGGER
     +##x    +xX     2nd quantized variational
       +xxxxx+       ______quantum Monte Carlo

* Running 128 MPI processes.
* Input file: "input.casl"

############# Start of input file dump #############
General:
  Random seed: timer

Plan:
  VMC-optimization:
    Minimum cycles: 7
    Convergence cycles: 3

System:
  Read Hamiltonian: FCIDUMP_loc_naphthalene
  Read orbitals: LTSC_naphthalene
  Complex orbitals: F
  Site kinds: [ 1, 2, 3, 1, 3, 3, 2, 3, 2, 2 ]
  Geometry:
    r_1: [ 0.00000000000000, 1.34347620379600 ]
    r_4: [ 0.00000000000000, -1.34347620379600 ]
    r_3: [ 2.34629842880300, 2.63976101399600 ]
    r_5: [ -2.34629842880300, -2.63976101399600 ]
    r_6: [ -2.34629842880300, 2.63976101399600 ]
    r_8: [ 2.34629842880300, -2.63976101399600 ]
    r_9: [ 4.58120036880600, 1.33647725770700 ]
    r_2: [ -4.58120036880600, -1.33647725770700 ]
    r_7: [ -4.58120036880600, 1.33647725770700 ]
    r_10: [ 4.58120036880600, -1.33647725770700 ]
    Tolerance: 0.05

VMC:
  nstep: 1000000
  nconfig: 500000

Optimization:
  max_niter: 1

Jastrow: wfn.casl

Multideterminants: wfn.casl
############## End of input file dump ##############

General setup:
* Random seed: 1542283382 (from timer)

* Loaded integrals for system with nelec=10, ms2=0, norb=10
* INFO: setting number of electrons from integrals file.
* Analysis of Hamiltonian connecitivity performed:
  - T_ii (local, 1-site): 10 (i) values
  - U_iiii [opp] (local, 1-site): 10 (i) values
  - U_kkii [opp] (local, 2-site): 90 contribs. from 10 (i) values
  - U_kkii [par] (local, 2-site): 45 contribs. from 9 (i) values
  - T_ji (single, 2-site): 90 contribs. from 10 (i) values
  - U_kkji [opp] (single, 2/3-site): 900 contribs. from 90 (i,j) pairs
  - U_kkji [par] (single, 3-site): 810 contribs. from 90 (i,j) pairs
  - U_lkji [opp] (double, 2/3/4-site): 8100 contribs. from 90 (i,j) pairs
  - U_lkji [par] (double, 4-site): 1740 contribs. from 72 (i,j) pairs
  - Max. no. wfn. ratios in Eloc: 1467
* Reading override orbitals from file "LTSC_naphthalene".
* Site labels:
  +--------------+
  |    6     3   |
  | 7     1     9|
  | 2     4    10|
  |    5     8   |
  +--------------+
* Read-in Site kinds:
  [ 1, 2, 3, 1, 3, 3, 2, 3, 2, 2 ]
  +---------+
  |  3   3  |
  |2   1   2|
  |2   1   2|
  |  3   3  |
  +---------+
* Maximum Site kind: 3
* Number of site-pair kinds with Tij=0: 0
* Automatically set Site pair kinds:
  Site 1: [ 0, -7, -4, 3, -8, -4, -9, 8, 9, -7 ]
  Site 2: [ -7, 0, 12, -9, 1, 10, 2, 14, 16, -15 ]
  Site 3: [ -4, 12, 0, -8, -11, 5, -13, -6, -1, 10 ]
  Site 4: [ 3, -9, -8, 0, -4, -8, -7, 4, 7, -9 ]
  Site 5: [ -8, 1, -11, -4, 0, 6, 10, -5, -12, -14 ]
  Site 6: [ -4, 10, 5, -8, 6, 0, 1, 11, 14, 12 ]
  Site 7: [ -9, 2, -13, -7, 10, 1, 0, -12, 15, -16 ]
  Site 8: [ 8, 14, -6, 4, -5, 11, -12, 0, 10, -1 ]
  Site 9: [ 9, 16, -1, 7, -12, 14, 15, 10, 0, -2 ]
  Site 10: [ -7, -15, 10, -9, -14, 12, -16, -1, -2, 0 ]
  For site 1 of kind 1:
  +--------------+
  |   -4    -4   |
  |-9     0     9|
  |-7     3    -7|
  |   -8     8   |
  +--------------+
  For site 2 of kind 2:
  +-------------------+
  |     10      12    |
  |  2      -7      16|
  |  0      -9     -15|
  |      1      14    |
  +-------------------+
  For site 3 of kind 3:
  +-------------------+
  |      5       0    |
  |-13      -4      -1|
  | 12      -8      10|
  |    -11      -6    |
  +-------------------+
* Maximum (unsigned) Site pair kind: 16
General system setup:
* Number of sites       : 10
* Number of electrons   : 10
* Spin imbalance MS2    : 0
* Filling               : 0.500000
* Number of orbitals in pool: 10
* Using real-valued orbitals
* Using double-precision arithmetic for orbitals

Trial wave function setup:
* Jastrow parameter file: "wfn.casl"
* Multideterminant parameter file: "wfn.casl"
* Not using a backflow transformation
* Not using wave function manipulation

VMC #1:
* Size of Hilbert space =   6.3504E+04
* Deterministic energy evaluation:
  > Deterministic Etot/t = -383.33269854267928
    - Ttot/t = -23.298863688655477
    - Utot/t = 9.4805108231465773
* Number of equil. steps   = 1000
* Running VMC equilibration.
  Done. [total walltime: 0.02s]
* Equil. acc.ratio (%)     =  23.3961
* Sample config after equilibration:
  +---------+
  |  u   d  |
  |d   d   u|
  |u   u   u|
  |  d   d  |
  +---------+
* Number of accum. steps   = 1000192 x 10
* Running VMC accumulation.
    [walltime: 1m elapsed, 14.1s remaining]
  Done. [total walltime: 1m14s]
* Acceptance ratio (%)     =  23.4213
* Etot/t                   =  -3.833327813955E+02 +/-   9.528551267097E-05
  > Ttot/t                 =  -2.329899869344E+01 +/-   3.921093251015E-04
  > Utot/t                 =   9.480562975122E+00 +/-   3.517105627666E-04
* var[Eloc/t]              =   9.029997225698E-03 +/-   1.268780045126E-04
* Correlation length       =   1.005656140212E+00
* log10 Psi^2 range: -16.770589348281202 -- -9.3301202866208790
* log10 Pgen range : -16.770589348281202 -- -9.3301202866208790
* Site occupation (ave. no. electrons per config.):
  > Site_  ___eu____  ___ed____
      1        0.496      0.498
      2        0.501      0.501
      3        0.501      0.500
      4        0.497      0.498
      5        0.501      0.500
      6        0.501      0.500
      7        0.501      0.502
      8        0.501      0.499
      9        0.501      0.501
     10        0.501      0.502
* Pair-correlation analysis (ave. no. pairs per config.):
  > Shell  nsite  ___dh____  __eueu___  __eued___
      0      1        0          0          1.572
      1      1        0.739      0.789      2.505
      2      1        0.272      0.605      1.160
      3      1        0.137      0.309      0.564
      4      1        0.520      1.304      2.227
      5      1        0.094      1.017      0.981
      6      1        0.109      0.841      1.140
      7      1        0.240      1.789      2.163
      8      1        0.202      2.114      1.890
      9      1        0.222      2.130      1.858
     10      1        0.193      2.185      1.835
     11      1        0.094      0.972      1.025
     12      1        0.185      2.073      1.943
     13      1        0.050      0.472      0.525
     14      1        0.151      1.413      1.577
     15      1        0.095      1.048      0.966
     16      1        0.099      0.939      1.067

Optimization #1:
* Method          : lls
* Target function : energy
* No. of configs. : 500096
* No. of params.  : 59
* Before optimization:
   2.6999E+00   2.7146E+00   2.7101E+00   7.7031E-01   7.7312E-01   1.0037E+00
  -5.9427E+00  -2.6011E+00  -2.6094E+00   2.6980E-01   1.0627E-01  -3.0142E+00
  -3.0139E+00  -3.0217E+00  -3.0234E+00  -2.8580E+00  -2.8610E+00   4.5341E-01
   4.5400E-01  -1.2805E-02   8.1999E-03   8.8797E-03   8.2780E-02   8.4153E-02
   8.2321E-02   8.4616E-02   1.8972E-02  -6.1903E-01  -3.6452E-01  -4.7432E-01
   3.1848E+01  -2.5859E+01   1.6043E+01  -1.3350E+01   3.7055E-01  -6.5859E-01
   4.4534E-01  -5.6487E-01   1.5934E+01  -1.2918E+01   1.6187E+01  -1.3179E+01
   1.5848E+01  -1.3032E+01   3.2527E-02  -5.4012E-01   5.2294E-01  -5.0715E-01
   2.5636E-01  -2.6579E-01   2.1578E-01  -2.9324E-01   2.1533E-01  -2.9309E-01
  -1.4553E-01  -1.2998E-01   9.6253E-02  -8.3739E-02   7.9228E-02
  > E    =  -3.833328540537E+02 +/-   1.323961551094E-04
  > varE =   8.766053703102E-03
* Computing derivatives.
    [walltime: 1m elapsed, 15m30s remaining]
  Done. [total walltime: 16m31s]
* Optimizing manipulation constant:
  #igrid a___________ E____________________________________ varE____________
     1     Infinity    -3.83332854E+02 +/-   1.32396155E-04   8.76605370E-03
     2     1.0000E+06  -3.83332854E+02 +/-   1.32396107E-04   8.76604737E-03
     3     2.1544E+05  -3.83332854E+02 +/-   1.32395933E-04   8.76602433E-03
     4     4.6416E+04  -3.83332854E+02 +/-   1.32395125E-04   8.76591736E-03
     5     1.0000E+04  -3.83332855E+02 +/-   1.32391376E-04   8.76542090E-03
     6     2.1544E+03  -3.83332860E+02 +/-   1.32373979E-04   8.76311733E-03
     7     4.6416E+02  -3.83332881E+02 +/-   1.32293330E-04   8.75244274E-03
     8     1.0000E+02  -3.83332977E+02 +/-   1.31921196E-04   8.70327169E-03
     9     2.1544E+01  -3.83333410E+02 +/-   1.30239704E-04   8.48281863E-03
    10     4.6416E+00  -3.83335174E+02 +/-   1.23283089E-04   7.60081904E-03
    11     1.0000E+00  -3.83340202E+02 +/-   1.01996091E-04   5.20259996E-03
    12     2.1544E-01  -3.83346032E+02 +/-   7.17619108E-05   2.57538030E-03
    13     4.6416E-02  -3.83347601E+02 +/-   6.14601463E-05   1.88903742E-03
    14     1.0000E-02  -3.83347629E+02 +/-   6.11665675E-05   1.87103366E-03
    15     2.1544E-03  -3.83347597E+02 +/-   6.13511154E-05   1.88234102E-03
    16     4.6416E-04  -3.83347588E+02 +/-   6.14051775E-05   1.88565989E-03
    17     1.0000E-04  -3.83347586E+02 +/-   6.14175202E-05   1.88641802E-03
    18     2.1544E-05  -3.83347586E+02 +/-   6.14202120E-05   1.88658337E-03
    19     4.6416E-06  -3.83347586E+02 +/-   6.14207934E-05   1.88661909E-03
    20     1.0000E-06  -3.83347586E+02 +/-   6.14209187E-05   1.88662679E-03
    21     0.0000E+00  -3.83347586E+02 +/-   6.14209532E-05   1.88662891E-03
* Iteration # 1: E =  -3.833476291339E+02 +/-   6.116656746371E-05
* Reached maximum number of iterations: exiting.
* After optimization:
   3.7502E+00   3.7678E+00   3.7610E+00   6.7390E-01   6.7897E-01   7.8241E-01
  -6.3885E+00  -2.8464E+00  -2.8576E+00   3.6586E-01   2.6357E-01  -3.2811E+00
  -3.2802E+00  -3.1659E+00  -3.1681E+00  -3.1936E+00  -3.1981E+00   4.0380E-01
   4.0496E-01   1.4660E-01   7.4653E-02   7.5417E-02   1.2344E-01   1.2536E-01
   1.2344E-01   1.2543E-01  -5.3259E-01  -3.8201E-02  -3.6017E-01  -3.0666E-01
   3.3742E+01  -2.7309E+01   1.6476E+01  -1.3562E+01  -6.4445E-01   2.6158E-01
  -6.1446E-01   3.5678E-01   1.6888E+01  -1.3596E+01   1.6605E+01  -1.3450E+01
   1.6819E+01  -1.3657E+01  -4.7672E-01   2.9752E-02  -5.1828E-01   3.7565E-01
  -2.5850E-01   1.8727E-01  -2.8887E-01   1.7519E-01  -2.8848E-01   1.7500E-01
  -6.8320E-02  -5.5335E-02   3.7069E-02  -2.4620E-02   8.0445E-03
  > Energy =  -3.833476291339E+02 +/-   6.116656746371E-05
  > varE =   1.871033657148E-03

VMC #2:
* Size of Hilbert space =   6.3504E+04
* Deterministic energy evaluation:
  > Deterministic Etot/t = -383.34777784851400
    - Ttot/t = -23.366962862905226
    - Utot/t = 9.5335306915614950
* Number of equil. steps   = 1000
* Running VMC equilibration.
  Done. [total walltime: 0.02s]
* Equil. acc.ratio (%)     =  27.8111
* Sample config after equilibration:
  +---------+
  |  d   d  |
  |u   u   u|
  |u   d   u|
  |  d   d  |
  +---------+
* Number of accum. steps   = 1000192 x 10
* Running VMC accumulation.
    [walltime: 1m elapsed, 13.7s remaining]
  Done. [total walltime: 1m13s]
* Acceptance ratio (%)     =  27.8008
* Etot/t                   =  -3.833477617776E+02 +/-   4.379471207317E-05
  > Ttot/t                 =  -2.336732870413E+01 +/-   3.693972447104E-04
  > Utot/t                 =   9.533912603762E+00 +/-   3.667698388532E-04
* var[Eloc/t]              =   1.940506150188E-03 +/-   1.392561531109E-05
* Correlation length       =   9.885797357214E-01
* log10 Psi^2 range: -13.753020827096195 -- -7.3035682490608433
* log10 Pgen range : -13.753020827096195 -- -7.3035682490608433
* Site occupation (ave. no. electrons per config.):
  > Site_  ___eu____  ___ed____
      1        0.498      0.497
      2        0.502      0.503
      3        0.499      0.499
      4        0.498      0.498
      5        0.499      0.499
      6        0.501      0.499
      7        0.500      0.502
      8        0.499      0.501
      9        0.502      0.501
     10        0.501      0.501
* Pair-correlation analysis (ave. no. pairs per config.):
  > Shell  nsite  ___dh____  __eueu___  __eued___
      0      1        0          0          1.755
      1      1        0.843      0.723      2.468
      2      1        0.289      0.649      1.109
      3      1        0.163      0.298      0.553
      4      1        0.563      1.351      2.160
      5      1        0.123      1.021      0.965
      6      1        0.153      0.845      1.095
      7      1        0.307      1.807      2.113
      8      1        0.252      2.093      1.911
      9      1        0.249      2.118      1.915
     10      1        0.228      2.152      1.890
     11      1        0.117      0.979      1.019
     12      1        0.238      2.051      1.958
     13      1        0.061      0.480      0.517
     14      1        0.185      1.444      1.552
     15      1        0.123      1.029      0.978
     16      1        0.126      0.959      1.042

Optimization #2:
* Method          : lls
* Target function : energy
* No. of configs. : 500096
* No. of params.  : 59
* Before optimization:
   3.7502E+00   3.7678E+00   3.7610E+00   6.7390E-01   6.7897E-01   7.8241E-01
  -6.3885E+00  -2.8464E+00  -2.8576E+00   3.6586E-01   2.6357E-01  -3.2811E+00
  -3.2802E+00  -3.1659E+00  -3.1681E+00  -3.1936E+00  -3.1981E+00   4.0380E-01
   4.0496E-01   1.4660E-01   7.4653E-02   7.5417E-02   1.2344E-01   1.2536E-01
   1.2344E-01   1.2543E-01  -5.3259E-01  -3.8201E-02  -3.6017E-01  -3.0666E-01
   3.3742E+01  -2.7309E+01   1.6476E+01  -1.3562E+01  -6.4445E-01   2.6158E-01
  -6.1446E-01   3.5678E-01   1.6888E+01  -1.3596E+01   1.6605E+01  -1.3450E+01
   1.6819E+01  -1.3657E+01  -4.7672E-01   2.9752E-02  -5.1828E-01   3.7565E-01
  -2.5850E-01   1.8727E-01  -2.8887E-01   1.7519E-01  -2.8848E-01   1.7500E-01
  -6.8320E-02  -5.5335E-02   3.7069E-02  -2.4620E-02   8.0445E-03
  > E    =  -3.833477810055E+02 +/-   6.233267734664E-05
  > varE =   1.943054327416E-03
* Computing derivatives.
    [walltime: 1m elapsed, 15m2s remaining]
  Done. [total walltime: 16m33s]
* Optimizing manipulation constant:
  #igrid a___________ E____________________________________ varE____________
     1     Infinity    -3.83347781E+02 +/-   6.23326773E-05   1.94305433E-03
     2     1.0000E+06  -3.83347781E+02 +/-   6.23326751E-05   1.94305419E-03
     3     2.1544E+05  -3.83347781E+02 +/-   6.23326671E-05   1.94305369E-03
     4     4.6416E+04  -3.83347781E+02 +/-   6.23326297E-05   1.94305135E-03
     5     1.0000E+04  -3.83347781E+02 +/-   6.23324559E-05   1.94304052E-03
     6     2.1544E+03  -3.83347781E+02 +/-   6.23316481E-05   1.94299016E-03
     7     4.6416E+02  -3.83347781E+02 +/-   6.23278670E-05   1.94275444E-03
     8     1.0000E+02  -3.83347783E+02 +/-   6.23096467E-05   1.94161876E-03
     9     2.1544E+01  -3.83347789E+02 +/-   6.22115066E-05   1.93550732E-03
    10     4.6416E+00  -3.83347800E+02 +/-   6.16480721E-05   1.90060724E-03
    11     1.0000E+00  -3.83345349E+02 +/-   8.19624846E-05   3.35956935E-03
    12     2.1544E-01  -3.83258245E+02 +/-   3.43181673E-04   5.88981367E-02
    13     4.6416E-02  -3.83116990E+02 +/-   5.18023870E-04   1.34200126E-01
    14     1.0000E-02  -3.83153484E+02 +/-   4.76572548E-04   1.13582500E-01
    15     2.1544E-03  -3.82322632E+02 +/-   6.24808480E-04   1.95230295E-01
    16     4.6416E-04  -3.81982490E+02 +/-   7.63594213E-04   2.91594037E-01
    17     1.0000E-04  -3.81946026E+02 +/-   7.58902969E-04   2.88022148E-01
    18     2.1544E-05  -3.81939790E+02 +/-   7.57619213E-04   2.87048539E-01
    19     4.6416E-06  -3.81938513E+02 +/-   7.57338552E-04   2.86835903E-01
    20     1.0000E-06  -3.81938240E+02 +/-   7.57277956E-04   2.86790004E-01
    21     0.0000E+00  -3.81938166E+02 +/-   7.57261310E-04   2.86777396E-01
  ParMin   9.9260E+00  -3.83347797E+02 +/-   6.20328517E-05   1.92440676E-03
  # Using grid point #10
* Iteration # 1: E =  -3.833477998258E+02 +/-   6.164807209031E-05
* Reached maximum number of iterations: exiting.
* After optimization:
   2.9806E+00   2.9975E+00   2.9932E+00   8.0229E-01   8.0740E-01   7.7521E-01
  -6.1312E+00  -2.5844E+00  -2.5949E+00   6.3433E-01   5.2685E-01  -3.1547E+00
  -3.1537E+00  -2.9046E+00  -2.9060E+00  -3.0681E+00  -3.0720E+00   5.3211E-01
   5.3346E-01   4.1751E-01   2.1018E-01   2.1071E-01   2.5781E-01   2.5971E-01
   2.5786E-01   2.5984E-01  -1.2080E+00   5.0769E-01  -3.5643E-01  -3.0488E-01
   3.2443E+01  -2.6268E+01   1.5150E+01  -1.2500E+01  -1.9976E+00   1.3452E+00
  -1.9681E+00   1.4458E+00   1.6239E+01  -1.3075E+01   1.5281E+01  -1.2385E+01
   1.6171E+01  -1.3135E+01  -1.1496E+00   5.7527E-01  -1.8777E+00   1.4591E+00
  -9.3744E-01   7.2984E-01  -9.6689E-01   7.1684E-01  -9.6588E-01   7.1531E-01
  -6.8725E-02  -5.6212E-02   3.7622E-02  -2.4380E-02   9.4194E-03
  > Energy =  -3.833477998258E+02 +/-   6.164807209031E-05
  > varE =   1.900607242766E-03

VMC #3:
* Size of Hilbert space =   6.3504E+04
* Deterministic energy evaluation:
  > Deterministic Etot/t = -383.34779470314106
    - Ttot/t = -23.367945370617143
    - Utot/t = 9.5344963446463229
* Number of equil. steps   = 1000
* Running VMC equilibration.
  Done. [total walltime: 0.02s]
* Equil. acc.ratio (%)     =  27.8495
* Sample config after equilibration:
  +---------+
  |  u   0  |
  |d   d   u|
  |u   2   d|
  |  d   u  |
  +---------+
* Number of accum. steps   = 1000192 x 10
* Running VMC accumulation.
    [walltime: 1m elapsed, 14.3s remaining]
  Done. [total walltime: 1m14s]
* Acceptance ratio (%)     =  27.8518
* Etot/t                   =  -3.833477143326E+02 +/-   4.352703101937E-05
  > Ttot/t                 =  -2.336802082226E+01 +/-   3.693517439410E-04
  > Utot/t                 =   9.534652166781E+00 +/-   3.687893576410E-04
* var[Eloc/t]              =   1.883062963895E-03 +/-   7.534163143424E-06
* Correlation length       =   1.006321206120E+00
* log10 Psi^2 range: -14.213281373062834 -- -7.2473174370817395
* log10 Pgen range : -14.213281373062834 -- -7.2473174370817395
* Site occupation (ave. no. electrons per config.):
  > Site_  ___eu____  ___ed____
      1        0.497      0.497
      2        0.502      0.501
      3        0.500      0.500
      4        0.496      0.498
      5        0.500      0.500
      6        0.500      0.500
      7        0.502      0.501
      8        0.500      0.500
      9        0.501      0.502
     10        0.502      0.501
* Pair-correlation analysis (ave. no. pairs per config.):
  > Shell  nsite  ___dh____  __eueu___  __eued___
      0      1        0          0          1.763
      1      1        0.848      0.724      2.466
      2      1        0.292      0.649      1.106
      3      1        0.165      0.296      0.551
      4      1        0.566      1.348      2.157
      5      1        0.123      1.024      0.967
      6      1        0.155      0.846      1.096
      7      1        0.308      1.803      2.112
      8      1        0.254      2.094      1.910
      9      1        0.251      2.116      1.911
     10      1        0.230      2.154      1.893
     11      1        0.117      0.980      1.022
     12      1        0.239      2.053      1.958
     13      1        0.062      0.481      0.517
     14      1        0.187      1.443      1.552
     15      1        0.123      1.028      0.978
     16      1        0.127      0.959      1.040

Optimization #3:
* Method          : lls
* Target function : energy
* No. of configs. : 500096
* No. of params.  : 59
* Before optimization:
   2.9806E+00   2.9975E+00   2.9932E+00   8.0229E-01   8.0740E-01   7.7521E-01
  -6.1312E+00  -2.5844E+00  -2.5949E+00   6.3433E-01   5.2685E-01  -3.1547E+00
  -3.1537E+00  -2.9046E+00  -2.9060E+00  -3.0681E+00  -3.0720E+00   5.3211E-01
   5.3346E-01   4.1751E-01   2.1018E-01   2.1071E-01   2.5781E-01   2.5971E-01
   2.5786E-01   2.5984E-01  -1.2080E+00   5.0769E-01  -3.5643E-01  -3.0488E-01
   3.2443E+01  -2.6268E+01   1.5150E+01  -1.2500E+01  -1.9976E+00   1.3452E+00
  -1.9681E+00   1.4458E+00   1.6239E+01  -1.3075E+01   1.5281E+01  -1.2385E+01
   1.6171E+01  -1.3135E+01  -1.1496E+00   5.7527E-01  -1.8777E+00   1.4591E+00
  -9.3744E-01   7.2984E-01  -9.6689E-01   7.1684E-01  -9.6588E-01   7.1531E-01
  -6.8725E-02  -5.6212E-02   3.7622E-02  -2.4380E-02   9.4194E-03
  > E    =  -3.833477304084E+02 +/-   6.137381095115E-05
  > varE =   1.883733942822E-03
* Computing derivatives.
    [walltime: 1m elapsed, 15m8s remaining]
  Done. [total walltime: 16m35s]
* Optimizing manipulation constant:
  #igrid a___________ E____________________________________ varE____________
     1     Infinity    -3.83347730E+02 +/-   6.13738110E-05   1.88373394E-03
     2     1.0000E+06  -3.83347730E+02 +/-   6.13738095E-05   1.88373385E-03
     3     2.1544E+05  -3.83347730E+02 +/-   6.13738041E-05   1.88373352E-03
     4     4.6416E+04  -3.83347730E+02 +/-   6.13737791E-05   1.88373199E-03
     5     1.0000E+04  -3.83347730E+02 +/-   6.13736633E-05   1.88372488E-03
     6     2.1544E+03  -3.83347730E+02 +/-   6.13731261E-05   1.88369190E-03
     7     4.6416E+02  -3.83347731E+02 +/-   6.13706410E-05   1.88353936E-03
     8     1.0000E+02  -3.83347732E+02 +/-   6.13592846E-05   1.88284234E-03
     9     2.1544E+01  -3.83347737E+02 +/-   6.13101655E-05   1.87982905E-03
    10     4.6416E+00  -3.83347755E+02 +/-   6.11409527E-05   1.86946692E-03
    11     1.0000E+00  -3.83347796E+02 +/-   6.08705699E-05   1.85296884E-03
    12     2.1544E-01  -3.83347829E+02 +/-   6.09085084E-05   1.85527935E-03
    13     4.6416E-02  -3.83347835E+02 +/-   6.11293659E-05   1.86875842E-03
    14     1.0000E-02  -3.83347834E+02 +/-   6.13116049E-05   1.87991732E-03
    15     2.1544E-03  -3.83347822E+02 +/-   6.18874032E-05   1.91539302E-03
    16     4.6416E-04  -3.83347738E+02 +/-   6.38242272E-05   2.03715705E-03
    17     1.0000E-04  -3.83347664E+02 +/-   6.51167862E-05   2.12050498E-03
    18     2.1544E-05  -3.83347642E+02 +/-   6.54706143E-05   2.14361216E-03
    19     4.6416E-06  -3.83347637E+02 +/-   6.55505964E-05   2.14885284E-03
    20     1.0000E-06  -3.83347636E+02 +/-   6.55680041E-05   2.14999430E-03
    21     0.0000E+00  -3.83347635E+02 +/-   6.55727976E-05   2.15030867E-03
* Iteration # 1: E =  -3.833478348002E+02 +/-   6.112936592694E-05
* Reached maximum number of iterations: exiting.
* After optimization:
   6.3630E-01   6.5044E-01   6.4569E-01   1.3673E+00   1.3717E+00   7.0794E-01
  -6.0112E+00  -1.9231E+00  -1.9333E+00   1.8616E+00   1.7173E+00  -3.1149E+00
  -3.1144E+00  -2.2400E+00  -2.2418E+00  -3.0313E+00  -3.0357E+00   1.0975E+00
   1.0986E+00   1.6550E+00   8.2769E-01   8.2841E-01   8.7134E-01   8.7169E-01
   8.7060E-01   8.7241E-01  -4.3028E+00   3.0247E+00  -3.1822E-01  -2.8561E-01
   3.1737E+01  -2.5681E+01   1.1690E+01  -9.7084E+00  -8.2196E+00   6.3435E+00
  -8.1795E+00   6.4564E+00   1.5897E+01  -1.2777E+01   1.1822E+01  -9.5899E+00
   1.5835E+01  -1.2831E+01  -4.2307E+00   3.0977E+00  -8.1065E+00   6.4514E+00
  -4.0515E+00   3.2254E+00  -4.0785E+00   3.2124E+00  -4.0781E+00   3.2121E+00
  -7.0776E-02  -6.3825E-02   4.2390E-02  -2.5841E-02   2.1009E-02
  > Energy =  -3.833478348002E+02 +/-   6.112936592694E-05
  > varE =   1.868758422056E-03

VMC #4:
* Size of Hilbert space =   6.3504E+04
* Deterministic energy evaluation:
  > Deterministic Etot/t = -383.34790296682786
    - Ttot/t = -23.366216337245433
    - Utot/t = 9.5326590475879005
* Number of equil. steps   = 1000
* Running VMC equilibration.
  Done. [total walltime: 0.02s]
* Equil. acc.ratio (%)     =  27.6018
* Sample config after equilibration:
  +---------+
  |  2   d  |
  |0   0   u|
  |2   2   u|
  |  0   d  |
  +---------+
* Number of accum. steps   = 1000192 x 10
* Running VMC accumulation.
    [walltime: 1m elapsed, 14.9s remaining]
  Done. [total walltime: 1m14s]
* Acceptance ratio (%)     =  27.6446
* Etot/t                   =  -3.833479240601E+02 +/-   4.278718569805E-05
  > Ttot/t                 =  -2.336627171046E+01 +/-   3.768848308122E-04
  > Utot/t                 =   9.532693327542E+00 +/-   3.747573108394E-04
* var[Eloc/t]              =   1.850814265812E-03 +/-   1.338881674381E-05
* Correlation length       =   9.893454986215E-01
* log10 Psi^2 range: -13.291194052012175 -- -6.6694210308221651
* log10 Pgen range : -13.291194052012175 -- -6.6694210308221651
* Site occupation (ave. no. electrons per config.):
  > Site_  ___eu____  ___ed____
      1        0.499      0.497
      2        0.502      0.501
      3        0.499      0.500
      4        0.497      0.498
      5        0.499      0.500
      6        0.500      0.500
      7        0.501      0.501
      8        0.500      0.500
      9        0.501      0.501
     10        0.502      0.501
* Pair-correlation analysis (ave. no. pairs per config.):
  > Shell  nsite  ___dh____  __eueu___  __eued___
      0      1        0          0          1.754
      1      1        0.843      0.718      2.474
      2      1        0.289      0.648      1.109
      3      1        0.163      0.298      0.554
      4      1        0.563      1.348      2.161
      5      1        0.121      1.022      0.968
      6      1        0.150      0.846      1.099
      7      1        0.304      1.803      2.119
      8      1        0.250      2.099      1.908
      9      1        0.251      2.118      1.908
     10      1        0.228      2.159      1.884
     11      1        0.116      0.980      1.021
     12      1        0.238      2.053      1.953
     13      1        0.062      0.480      0.516
     14      1        0.185      1.441      1.552
     15      1        0.122      1.031      0.976
     16      1        0.124      0.957      1.044

Optimization #4:
* Method          : lls
* Target function : energy
* No. of configs. : 500096
* No. of params.  : 59
* Before optimization:
   6.3630E-01   6.5044E-01   6.4569E-01   1.3673E+00   1.3717E+00   7.0794E-01
  -6.0112E+00  -1.9231E+00  -1.9333E+00   1.8616E+00   1.7173E+00  -3.1149E+00
  -3.1144E+00  -2.2400E+00  -2.2418E+00  -3.0313E+00  -3.0357E+00   1.0975E+00
   1.0986E+00   1.6550E+00   8.2769E-01   8.2841E-01   8.7134E-01   8.7169E-01
   8.7060E-01   8.7241E-01  -4.3028E+00   3.0247E+00  -3.1822E-01  -2.8561E-01
   3.1737E+01  -2.5681E+01   1.1690E+01  -9.7084E+00  -8.2196E+00   6.3435E+00
  -8.1795E+00   6.4564E+00   1.5897E+01  -1.2777E+01   1.1822E+01  -9.5899E+00
   1.5835E+01  -1.2831E+01  -4.2307E+00   3.0977E+00  -8.1065E+00   6.4514E+00
  -4.0515E+00   3.2254E+00  -4.0785E+00   3.2124E+00  -4.0781E+00   3.2121E+00
  -7.0776E-02  -6.3825E-02   4.2390E-02  -2.5841E-02   2.1009E-02
  > E    =  -3.833479138272E+02 +/-   6.085008464541E-05
  > varE =   1.851721863026E-03
* Computing derivatives.
    [walltime: 1m elapsed, 16m2s remaining]
  Done. [total walltime: 16m40s]
* Optimizing manipulation constant:
  #igrid a___________ E____________________________________ varE____________
     1     Infinity    -3.83347914E+02 +/-   6.08500846E-05   1.85172186E-03
     2     1.0000E+06  -3.83347914E+02 +/-   6.08500845E-05   1.85172186E-03
     3     2.1544E+05  -3.83347914E+02 +/-   6.08500842E-05   1.85172183E-03
     4     4.6416E+04  -3.83347914E+02 +/-   6.08500824E-05   1.85172172E-03
     5     1.0000E+04  -3.83347914E+02 +/-   6.08500741E-05   1.85172122E-03
     6     2.1544E+03  -3.83347914E+02 +/-   6.08500355E-05   1.85171887E-03
     7     4.6416E+02  -3.83347914E+02 +/-   6.08498571E-05   1.85170802E-03
     8     1.0000E+02  -3.83347914E+02 +/-   6.08490389E-05   1.85165822E-03
     9     2.1544E+01  -3.83347914E+02 +/-   6.08454422E-05   1.85143933E-03
    10     4.6416E+00  -3.83347915E+02 +/-   6.08322202E-05   1.85063476E-03
    11     1.0000E+00  -3.83347917E+02 +/-   6.08058870E-05   1.84903289E-03
    12     2.1544E-01  -3.83347918E+02 +/-   6.07975118E-05   1.84852357E-03
    13     4.6416E-02  -3.83347918E+02 +/-   6.08192841E-05   1.84984776E-03
    14     1.0000E-02  -3.83347916E+02 +/-   6.09204441E-05   1.85600654E-03
    15     2.1544E-03  -3.83347806E+02 +/-   6.35334230E-05   2.01863542E-03
    16     4.6416E-04  -3.83346172E+02 +/-   8.88832376E-05   3.95087339E-03
    17     1.0000E-04  -3.83333865E+02 +/-   1.86934411E-04   1.74755916E-02
    18     2.1544E-05  -3.83308931E+02 +/-   2.95503932E-04   4.36696698E-02
    19     4.6416E-06  -3.83294589E+02 +/-   3.41566977E-04   5.83452000E-02
    20     1.0000E-06  -3.83290444E+02 +/-   3.53649634E-04   6.25460384E-02
    21     0.0000E+00  -3.83289219E+02 +/-   3.57133230E-04   6.37843163E-02
* Iteration # 1: E =  -3.833479178688E+02 +/-   6.079751175492E-05
* Reached maximum number of iterations: exiting.
* After optimization:
   4.3410E-01   4.4840E-01   4.4316E-01   1.3927E+00   1.3975E+00   7.2601E-01
  -5.9200E+00  -1.8573E+00  -1.8674E+00   1.8893E+00   1.7461E+00  -3.0630E+00
  -3.0626E+00  -2.1798E+00  -2.1813E+00  -2.9775E+00  -2.9816E+00   1.1203E+00
   1.1215E+00   1.6785E+00   8.4021E-01   8.4044E-01   8.8464E-01   8.8654E-01
   8.8527E-01   8.8691E-01  -4.3699E+00   3.0632E+00  -3.3511E-01  -2.8756E-01
   3.1292E+01  -2.5326E+01   1.1406E+01  -9.4916E+00  -8.3293E+00   6.4256E+00
  -8.2901E+00   6.5381E+00   1.5668E+01  -1.2601E+01   1.1543E+01  -9.3723E+00
   1.5604E+01  -1.2654E+01  -4.2937E+00   3.1379E+00  -8.2114E+00   6.5341E+00
  -4.1049E+00   3.2661E+00  -4.1335E+00   3.2534E+00  -4.1336E+00   3.2533E+00
  -7.0419E-02  -6.4131E-02   4.2863E-02  -2.5660E-02   1.8269E-02
  > Energy =  -3.833479178688E+02 +/-   6.079751175492E-05
  > varE =   1.848523566189E-03

VMC #5:
* Size of Hilbert space =   6.3504E+04
* Deterministic energy evaluation:
  > Deterministic Etot/t = -383.34790262381750
    - Ttot/t = -23.366086243290184
    - Utot/t = 9.5325292966431245
* Number of equil. steps   = 1000
* Running VMC equilibration.
  Done. [total walltime: 0.02s]
* Equil. acc.ratio (%)     =  27.6966
* Sample config after equilibration:
  +---------+
  |  2   0  |
  |u   0   d|
  |d   u   2|
  |  u   d  |
  +---------+
* Number of accum. steps   = 1000192 x 10
* Running VMC accumulation.
    [walltime: 1m elapsed, 14.6s remaining]
  Done. [total walltime: 1m14s]
* Acceptance ratio (%)     =  27.6659
* Etot/t                   =  -3.833478798476E+02 +/-   4.333097439168E-05
  > Ttot/t                 =  -2.336636088359E+01 +/-   3.671320933280E-04
  > Utot/t                 =   9.532826713164E+00 +/-   3.651447573366E-04
* var[Eloc/t]              =   1.855023750612E-03 +/-   1.612686251875E-05
* Correlation length       =   1.012350292116E+00
* log10 Psi^2 range: -13.504375090366590 -- -6.8020019838486006
* log10 Pgen range : -13.504375090366590 -- -6.8020019838486006
* Site occupation (ave. no. electrons per config.):
  > Site_  ___eu____  ___ed____
      1        0.496      0.497
      2        0.502      0.502
      3        0.500      0.501
      4        0.499      0.497
      5        0.500      0.500
      6        0.500      0.500
      7        0.501      0.502
      8        0.499      0.501
      9        0.501      0.501
     10        0.502      0.500
* Pair-correlation analysis (ave. no. pairs per config.):
  > Shell  nsite  ___dh____  __eueu___  __eued___
      0      1        0          0          1.755
      1      1        0.842      0.719      2.475
      2      1        0.291      0.649      1.106
      3      1        0.163      0.297      0.553
      4      1        0.565      1.346      2.161
      5      1        0.121      1.023      0.969
      6      1        0.151      0.848      1.098
      7      1        0.305      1.802      2.117
      8      1        0.251      2.098      1.909
      9      1        0.253      2.117      1.906
     10      1        0.228      2.156      1.887
     11      1        0.116      0.982      1.020
     12      1        0.237      2.052      1.957
     13      1        0.062      0.480      0.518
     14      1        0.185      1.442      1.551
     15      1        0.122      1.030      0.975
     16      1        0.125      0.957      1.043

Optimization #5:
* Method          : lls
* Target function : energy
* No. of configs. : 500096
* No. of params.  : 59
* Before optimization:
   4.3410E-01   4.4840E-01   4.4316E-01   1.3927E+00   1.3975E+00   7.2601E-01
  -5.9200E+00  -1.8573E+00  -1.8674E+00   1.8893E+00   1.7461E+00  -3.0630E+00
  -3.0626E+00  -2.1798E+00  -2.1813E+00  -2.9775E+00  -2.9816E+00   1.1203E+00
   1.1215E+00   1.6785E+00   8.4021E-01   8.4044E-01   8.8464E-01   8.8654E-01
   8.8527E-01   8.8691E-01  -4.3699E+00   3.0632E+00  -3.3511E-01  -2.8756E-01
   3.1292E+01  -2.5326E+01   1.1406E+01  -9.4916E+00  -8.3293E+00   6.4256E+00
  -8.2901E+00   6.5381E+00   1.5668E+01  -1.2601E+01   1.1543E+01  -9.3723E+00
   1.5604E+01  -1.2654E+01  -4.2937E+00   3.1379E+00  -8.2114E+00   6.5341E+00
  -4.1049E+00   3.2661E+00  -4.1335E+00   3.2534E+00  -4.1336E+00   3.2533E+00
  -7.0419E-02  -6.4131E-02   4.2863E-02  -2.5660E-02   1.8269E-02
  > E    =  -3.833478828264E+02 +/-   6.097166290006E-05
  > varE =   1.859128722592E-03
* Computing derivatives.
    [walltime: 1m elapsed, 14m40s remaining]
  Done. [total walltime: 16m35s]
* Optimizing manipulation constant:
  #igrid a___________ E____________________________________ varE____________
     1     Infinity    -3.83347883E+02 +/-   6.09716629E-05   1.85912872E-03
     2     1.0000E+06  -3.83347883E+02 +/-   6.09716629E-05   1.85912872E-03
     3     2.1544E+05  -3.83347883E+02 +/-   6.09716628E-05   1.85912872E-03
     4     4.6416E+04  -3.83347883E+02 +/-   6.09716626E-05   1.85912870E-03
     5     1.0000E+04  -3.83347883E+02 +/-   6.09716613E-05   1.85912863E-03
     6     2.1544E+03  -3.83347883E+02 +/-   6.09716556E-05   1.85912828E-03
     7     4.6416E+02  -3.83347883E+02 +/-   6.09716292E-05   1.85912667E-03
     8     1.0000E+02  -3.83347883E+02 +/-   6.09715087E-05   1.85911932E-03
     9     2.1544E+01  -3.83347883E+02 +/-   6.09709934E-05   1.85908790E-03
    10     4.6416E+00  -3.83347883E+02 +/-   6.09692801E-05   1.85898341E-03
    11     1.0000E+00  -3.83347884E+02 +/-   6.09664206E-05   1.85880904E-03
    12     2.1544E-01  -3.83347883E+02 +/-   6.09637428E-05   1.85864576E-03
    13     4.6416E-02  -3.83347880E+02 +/-   6.09519054E-05   1.85792404E-03
    14     1.0000E-02  -3.83347879E+02 +/-   6.08856500E-05   1.85388706E-03
    15     2.1544E-03  -3.83347876E+02 +/-   6.06098873E-05   1.83713188E-03
    16     4.6416E-04  -3.83347802E+02 +/-   6.00531081E-05   1.80353411E-03
    17     1.0000E-04  -3.83345209E+02 +/-   7.42970105E-05   2.76055281E-03
    18     2.1544E-05  -3.83340467E+02 +/-   9.92808108E-05   4.92928594E-03
    19     4.6416E-06  -3.83337789E+02 +/-   1.11271366E-04   6.19184709E-03
    20     1.0000E-06  -3.83337023E+02 +/-   1.14482876E-04   6.55442268E-03
    21     0.0000E+00  -3.83336798E+02 +/-   1.15412358E-04   6.66128493E-03
* Iteration # 1: E =  -3.833478837551E+02 +/-   6.096642055197E-05
* Reached maximum number of iterations: exiting.
* After optimization:
   2.5540E-01   2.7065E-01   2.6488E-01   1.4016E+00   1.4069E+00   7.2389E-01
  -5.7794E+00  -1.7780E+00  -1.7882E+00   1.9115E+00   1.7694E+00  -2.9939E+00
  -2.9933E+00  -2.0979E+00  -2.0998E+00  -2.9090E+00  -2.9138E+00   1.1309E+00
   1.1324E+00   1.7023E+00   8.5187E-01   8.5231E-01   8.9565E-01   8.9785E-01
   8.9622E-01   8.9792E-01  -4.4256E+00   3.1104E+00  -3.3215E-01  -2.8826E-01
   3.0593E+01  -2.4769E+01   1.1001E+01  -9.1651E+00  -8.4459E+00   6.5201E+00
  -8.4068E+00   6.6312E+00   1.5321E+01  -1.2322E+01   1.1136E+01  -9.0465E+00
   1.5257E+01  -1.2375E+01  -4.3506E+00   3.1843E+00  -8.3296E+00   6.6275E+00
  -4.1635E+00   3.3133E+00  -4.1918E+00   3.3005E+00  -4.1918E+00   3.3004E+00
  -7.0652E-02  -6.4510E-02   4.2900E-02  -2.5539E-02   1.9152E-02
  > Energy =  -3.833478837551E+02 +/-   6.096642055197E-05
  > varE =   1.858809040286E-03

VMC #6:
* Size of Hilbert space =   6.3504E+04
* Deterministic energy evaluation:
  > Deterministic Etot/t = -383.34790344329275
    - Ttot/t = -23.366051235540642
    - Utot/t = 9.5324934694183412
* Number of equil. steps   = 1000
* Running VMC equilibration.
  Done. [total walltime: 0.02s]
* Equil. acc.ratio (%)     =  27.7076
* Sample config after equilibration:
  +---------+
  |  u   0  |
  |d   d   2|
  |u   u   u|
  |  d   d  |
  +---------+
* Number of accum. steps   = 1000192 x 10
* Running VMC accumulation.
    [walltime: 1m elapsed, 14.9s remaining]
  Done. [total walltime: 1m14s]
* Acceptance ratio (%)     =  27.6610
* Etot/t                   =  -3.833478915743E+02 +/-   4.312561877211E-05
  > Ttot/t                 =  -2.336689756657E+01 +/-   3.688152925222E-04
  > Utot/t                 =   9.533351669458E+00 +/-   3.671522988329E-04
* var[Eloc/t]              =   1.865587955184E-03 +/-   2.486609198990E-05
* Correlation length       =   9.970991046310E-01
* log10 Psi^2 range: -13.404971065128359 -- -6.7883226652807718
* log10 Pgen range : -13.404971065128359 -- -6.7883226652807718
* Site occupation (ave. no. electrons per config.):
  > Site_  ___eu____  ___ed____
      1        0.498      0.498
      2        0.502      0.502
      3        0.501      0.501
      4        0.497      0.498
      5        0.500      0.499
      6        0.499      0.499
      7        0.501      0.500
      8        0.499      0.500
      9        0.501      0.500
     10        0.502      0.502
* Pair-correlation analysis (ave. no. pairs per config.):
  > Shell  nsite  ___dh____  __eueu___  __eued___
      0      1        0          0          1.756
      1      1        0.843      0.718      2.474
      2      1        0.291      0.648      1.106
      3      1        0.164      0.296      0.554
      4      1        0.565      1.348      2.160
      5      1        0.121      1.023      0.968
      6      1        0.151      0.846      1.098
      7      1        0.305      1.802      2.120
      8      1        0.250      2.102      1.906
      9      1        0.251      2.119      1.909
     10      1        0.228      2.158      1.886
     11      1        0.117      0.977      1.022
     12      1        0.236      2.057      1.953
     13      1        0.062      0.481      0.517
     14      1        0.187      1.438      1.550
     15      1        0.122      1.032      0.975
     16      1        0.126      0.955      1.045

Optimization #6:
* Method          : lls
* Target function : energy
* No. of configs. : 500096
* No. of params.  : 59
* Before optimization:
   2.5540E-01   2.7065E-01   2.6488E-01   1.4016E+00   1.4069E+00   7.2389E-01
  -5.7794E+00  -1.7780E+00  -1.7882E+00   1.9115E+00   1.7694E+00  -2.9939E+00
  -2.9933E+00  -2.0979E+00  -2.0998E+00  -2.9090E+00  -2.9138E+00   1.1309E+00
   1.1324E+00   1.7023E+00   8.5187E-01   8.5231E-01   8.9565E-01   8.9785E-01
   8.9622E-01   8.9792E-01  -4.4256E+00   3.1104E+00  -3.3215E-01  -2.8826E-01
   3.0593E+01  -2.4769E+01   1.1001E+01  -9.1651E+00  -8.4459E+00   6.5201E+00
  -8.4068E+00   6.6312E+00   1.5321E+01  -1.2322E+01   1.1136E+01  -9.0465E+00
   1.5257E+01  -1.2375E+01  -4.3506E+00   3.1843E+00  -8.3296E+00   6.6275E+00
  -4.1635E+00   3.3133E+00  -4.1918E+00   3.3005E+00  -4.1918E+00   3.3004E+00
  -7.0652E-02  -6.4510E-02   4.2900E-02  -2.5539E-02   1.9152E-02
  > E    =  -3.833478833905E+02 +/-   6.066404601223E-05
  > varE =   1.840416531429E-03
* Computing derivatives.
    [walltime: 1m elapsed, 15m12s remaining]
  Done. [total walltime: 16m25s]
* Optimizing manipulation constant:
  #igrid a___________ E____________________________________ varE____________
     1     Infinity    -3.83347883E+02 +/-   6.06640460E-05   1.84041653E-03
     2     1.0000E+06  -3.83347883E+02 +/-   6.06640459E-05   1.84041653E-03
     3     2.1544E+05  -3.83347883E+02 +/-   6.06640456E-05   1.84041651E-03
     4     4.6416E+04  -3.83347883E+02 +/-   6.06640442E-05   1.84041642E-03
     5     1.0000E+04  -3.83347883E+02 +/-   6.06640376E-05   1.84041602E-03
     6     2.1544E+03  -3.83347883E+02 +/-   6.06640070E-05   1.84041417E-03
     7     4.6416E+02  -3.83347883E+02 +/-   6.06638650E-05   1.84040555E-03
     8     1.0000E+02  -3.83347883E+02 +/-   6.06632049E-05   1.84036550E-03
     9     2.1544E+01  -3.83347883E+02 +/-   6.06601244E-05   1.84017860E-03
    10     4.6416E+00  -3.83347883E+02 +/-   6.06454675E-05   1.83928944E-03
    11     1.0000E+00  -3.83347876E+02 +/-   6.05908134E-05   1.83597578E-03
    12     2.1544E-01  -3.83347618E+02 +/-   6.22039117E-05   1.93503477E-03
    13     4.6416E-02  -3.83344301E+02 +/-   8.43744080E-05   3.56020379E-03
    14     1.0000E-02  -3.83338227E+02 +/-   1.14470245E-04   6.55297645E-03
    15     2.1544E-03  -3.83335452E+02 +/-   1.25751086E-04   7.90818586E-03
    16     4.6416E-04  -3.83334730E+02 +/-   1.28514181E-04   8.25953289E-03
    17     1.0000E-04  -3.83334568E+02 +/-   1.29126354E-04   8.33840836E-03
    18     2.1544E-05  -3.83334533E+02 +/-   1.29259042E-04   8.35555390E-03
    19     4.6416E-06  -3.83334525E+02 +/-   1.29287666E-04   8.35925491E-03
    20     1.0000E-06  -3.83334523E+02 +/-   1.29293834E-04   8.36005260E-03
    21     0.0000E+00  -3.83334523E+02 +/-   1.29295528E-04   8.36027168E-03
* Iteration # 1: E =  -3.833478833913E+02 +/-   6.066320489516E-05
* Reached maximum number of iterations: exiting.
* After optimization:
   2.6286E-01   2.7810E-01   2.7234E-01   1.3986E+00   1.4039E+00   7.2385E-01
  -5.7746E+00  -1.7786E+00  -1.7888E+00   1.9054E+00   1.7633E+00  -2.9915E+00
  -2.9909E+00  -2.0985E+00  -2.1004E+00  -2.9066E+00  -2.9115E+00   1.1278E+00
   1.1293E+00   1.6962E+00   8.4883E-01   8.4926E-01   8.9260E-01   8.9480E-01
   8.9316E-01   8.9486E-01  -4.4105E+00   3.0982E+00  -3.3213E-01  -2.8825E-01
   3.0569E+01  -2.4749E+01   1.1004E+01  -9.1676E+00  -8.4155E+00   6.4959E+00
  -8.3764E+00   6.6070E+00   1.5308E+01  -1.2313E+01   1.1139E+01  -9.0490E+00
   1.5245E+01  -1.2366E+01  -4.3354E+00   3.1721E+00  -8.2992E+00   6.6033E+00
  -4.1484E+00   3.3012E+00  -4.1766E+00   3.2883E+00  -4.1766E+00   3.2883E+00
  -7.0662E-02  -6.4511E-02   4.2904E-02  -2.5540E-02   1.9159E-02
  > Energy =  -3.833478833913E+02 +/-   6.066320489516E-05
  > varE =   1.840365496421E-03

VMC #7:
* Size of Hilbert space =   6.3504E+04
* Deterministic energy evaluation:
  > Deterministic Etot/t = -383.34790344783522
    - Ttot/t = -23.366051347831856
    - Utot/t = 9.5324935771669939
* Number of equil. steps   = 1000
* Running VMC equilibration.
  Done. [total walltime: 0.02s]
* Equil. acc.ratio (%)     =  27.6714
* Sample config after equilibration:
  +---------+
  |  u   2  |
  |d   0   0|
  |d   d   2|
  |  u   u  |
  +---------+
* Number of accum. steps   = 1000192 x 10
* Running VMC accumulation.
    [walltime: 1m elapsed, 14.6s remaining]
  Done. [total walltime: 1m14s]
* Acceptance ratio (%)     =  27.6693
* Etot/t                   =  -3.833479023744E+02 +/-   4.390308993530E-05
  > Ttot/t                 =  -2.336632364613E+01 +/-   3.731423416640E-04
  > Utot/t                 =   9.532766948901E+00 +/-   3.691636425518E-04
* var[Eloc/t]              =   1.917869983902E-03 +/-   2.190199209140E-05
* Correlation length       =   1.005204418683E+00
* log10 Psi^2 range: -13.772390366647814 -- -6.7880749340640074
* log10 Pgen range : -13.772390366647814 -- -6.7880749340640074
* Site occupation (ave. no. electrons per config.):
  > Site_  ___eu____  ___ed____
      1        0.496      0.498
      2        0.501      0.502
      3        0.500      0.501
      4        0.497      0.497
      5        0.501      0.499
      6        0.501      0.500
      7        0.501      0.501
      8        0.502      0.499
      9        0.501      0.500
     10        0.500      0.502
* Pair-correlation analysis (ave. no. pairs per config.):
  > Shell  nsite  ___dh____  __eueu___  __eued___
      0      1        0          0          1.754
      1      1        0.843      0.720      2.474
      2      1        0.291      0.648      1.105
      3      1        0.162      0.296      0.553
      4      1        0.562      1.347      2.164
      5      1        0.122      1.024      0.970
      6      1        0.150      0.850      1.100
      7      1        0.304      1.797      2.118
      8      1        0.249      2.100      1.907
      9      1        0.251      2.117      1.903
     10      1        0.229      2.156      1.888
     11      1        0.117      0.981      1.022
     12      1        0.237      2.056      1.955
     13      1        0.062      0.481      0.518
     14      1        0.185      1.442      1.552
     15      1        0.122      1.030      0.975
     16      1        0.126      0.955      1.042

VDAGGER finished.
Total VDAGGER walltime: 3h15m

Run ended: Thu Oct  2 13:13:49 CEST 2025
