Run started: Thu Oct  2 14:22:15 CEST 2025
Using VDAGGER_ARCH = gnu7_fkfamd_cluster
Running 1x128 MPI processes.

                               xx
                              +##
                               #X
                               Xx
                          X##XxXxxX##x
                           +   Xx  ++
                               ##
                              +##
                              +##
     ++++         ++          +##
   xX+++##+      ####         +##
  Xx    ###      +X##          ##
 xX    X##+        ##          #X
 +    x##X         #x          #X
      ###         +#           x+
     X##+         #+
     ###         Xx                    _______
     ##X       +X+   __________________VDAGGER
     +##x    +xX     2nd quantized variational
       +xxxxx+       ______quantum Monte Carlo

* Running 128 MPI processes.
* Input file: "input.casl"

############# Start of input file dump #############
General:
  Random seed: timer

Plan:
  VMC-optimization:
    Minimum cycles: 10
    Convergence cycles: 5

System:
  Read Hamiltonian: FCIDUMP_loc_naphthalene
  Read orbitals: LTSC_naphthalene
  Complex orbitals: F
  Site kinds: [ 1, 2, 3, 1, 3, 3, 2, 3, 2, 2 ]
  Geometry:
    r_1: [ 0.00000000000000, 1.34347620379600 ]
    r_4: [ 0.00000000000000, -1.34347620379600 ]
    r_3: [ 2.34629842880300, 2.63976101399600 ]
    r_5: [ -2.34629842880300, -2.63976101399600 ]
    r_6: [ -2.34629842880300, 2.63976101399600 ]
    r_8: [ 2.34629842880300, -2.63976101399600 ]
    r_9: [ 4.58120036880600, 1.33647725770700 ]
    r_2: [ -4.58120036880600, -1.33647725770700 ]
    r_7: [ -4.58120036880600, 1.33647725770700 ]
    r_10: [ 4.58120036880600, -1.33647725770700 ]
    Tolerance: 0.05

VMC:
  nstep: 1000000
  nconfig: 500000

Jastrow: wfn.casl

Multideterminants: wfn.casl
############## End of input file dump ##############

General setup:
* Random seed: 1558186774 (from timer)

* Loaded integrals for system with nelec=10, ms2=0, norb=10
* INFO: setting number of electrons from integrals file.
* Analysis of Hamiltonian connecitivity performed:
  - T_ii (local, 1-site): 10 (i) values
  - U_iiii [opp] (local, 1-site): 10 (i) values
  - U_kkii [opp] (local, 2-site): 90 contribs. from 10 (i) values
  - U_kkii [par] (local, 2-site): 45 contribs. from 9 (i) values
  - T_ji (single, 2-site): 90 contribs. from 10 (i) values
  - U_kkji [opp] (single, 2/3-site): 900 contribs. from 90 (i,j) pairs
  - U_kkji [par] (single, 3-site): 810 contribs. from 90 (i,j) pairs
  - U_lkji [opp] (double, 2/3/4-site): 8100 contribs. from 90 (i,j) pairs
  - U_lkji [par] (double, 4-site): 1740 contribs. from 72 (i,j) pairs
  - Max. no. wfn. ratios in Eloc: 1467
* Reading override orbitals from file "LTSC_naphthalene".
* Site labels:
  +--------------+
  |    6     3   |
  | 7     1     9|
  | 2     4    10|
  |    5     8   |
  +--------------+
* Read-in Site kinds:
  [ 1, 2, 3, 1, 3, 3, 2, 3, 2, 2 ]
  +---------+
  |  3   3  |
  |2   1   2|
  |2   1   2|
  |  3   3  |
  +---------+
* Maximum Site kind: 3
* Number of site-pair kinds with Tij=0: 0
* Automatically set Site pair kinds:
  Site 1: [ 0, -7, -4, 3, -8, -4, -9, 8, 9, -7 ]
  Site 2: [ -7, 0, 12, -9, 1, 10, 2, 14, 16, -15 ]
  Site 3: [ -4, 12, 0, -8, -11, 5, -13, -6, -1, 10 ]
  Site 4: [ 3, -9, -8, 0, -4, -8, -7, 4, 7, -9 ]
  Site 5: [ -8, 1, -11, -4, 0, 6, 10, -5, -12, -14 ]
  Site 6: [ -4, 10, 5, -8, 6, 0, 1, 11, 14, 12 ]
  Site 7: [ -9, 2, -13, -7, 10, 1, 0, -12, 15, -16 ]
  Site 8: [ 8, 14, -6, 4, -5, 11, -12, 0, 10, -1 ]
  Site 9: [ 9, 16, -1, 7, -12, 14, 15, 10, 0, -2 ]
  Site 10: [ -7, -15, 10, -9, -14, 12, -16, -1, -2, 0 ]
  For site 1 of kind 1:
  +--------------+
  |   -4    -4   |
  |-9     0     9|
  |-7     3    -7|
  |   -8     8   |
  +--------------+
  For site 2 of kind 2:
  +-------------------+
  |     10      12    |
  |  2      -7      16|
  |  0      -9     -15|
  |      1      14    |
  +-------------------+
  For site 3 of kind 3:
  +-------------------+
  |      5       0    |
  |-13      -4      -1|
  | 12      -8      10|
  |    -11      -6    |
  +-------------------+
* Maximum (unsigned) Site pair kind: 16
General system setup:
* Number of sites       : 10
* Number of electrons   : 10
* Spin imbalance MS2    : 0
* Filling               : 0.500000
* Number of orbitals in pool: 10
* Using real-valued orbitals
* Using double-precision arithmetic for orbitals

Trial wave function setup:
* Jastrow parameter file: "wfn.casl"
* Multideterminant parameter file: "wfn.casl"
* Not using a backflow transformation
* Not using wave function manipulation

VMC #1:
* Size of Hilbert space =   6.3504E+04
* Deterministic energy evaluation:
  > Deterministic Etot/t = -383.34790344783522
    - Ttot/t = -23.366051347831856
    - Utot/t = 9.5324935771669939
* Number of equil. steps   = 1000
* Running VMC equilibration.
  Done. [total walltime: 0.02s]
* Equil. acc.ratio (%)     =  27.6101
* Sample config after equilibration:
  +---------+
  |  u   0  |
  |2   u   2|
  |d   d   d|
  |  0   u  |
  +---------+
* Number of accum. steps   = 1000192 x 10
* Running VMC accumulation.
    [walltime: 1m elapsed, 15.3s remaining]
  Done. [total walltime: 1m15s]
* Acceptance ratio (%)     =  27.6429
* Etot/t                   =  -3.833479261797E+02 +/-   4.399266745306E-05
  > Ttot/t                 =  -2.336548173377E+01 +/-   3.672977542266E-04
  > Utot/t                 =   9.531901231211E+00 +/-   3.650082050782E-04
* var[Eloc/t]              =   1.927398892888E-03 +/-   6.563886208447E-05
* Correlation length       =   1.004320581950E+00
* log10 Psi^2 range: -13.444544764007530 -- -6.7879669539998604
* log10 Pgen range : -13.444544764007530 -- -6.7879669539998604
* Site occupation (ave. no. electrons per config.):
  > Site_  ___eu____  ___ed____
      1        0.497      0.498
      2        0.502      0.501
      3        0.499      0.500
      4        0.498      0.497
      5        0.499      0.500
      6        0.500      0.500
      7        0.501      0.501
      8        0.500      0.500
      9        0.503      0.501
     10        0.501      0.501
* Pair-correlation analysis (ave. no. pairs per config.):
  > Shell  nsite  ___dh____  __eueu___  __eued___
      0      1        0          0          1.753
      1      1        0.842      0.719      2.474
      2      1        0.290      0.649      1.107
      3      1        0.162      0.297      0.554
      4      1        0.563      1.346      2.162
      5      1        0.121      1.023      0.967
      6      1        0.150      0.846      1.099
      7      1        0.304      1.801      2.119
      8      1        0.248      2.101      1.907
      9      1        0.250      2.118      1.908
     10      1        0.228      2.157      1.886
     11      1        0.117      0.979      1.020
     12      1        0.236      2.054      1.956
     13      1        0.062      0.479      0.517
     14      1        0.187      1.441      1.551
     15      1        0.122      1.031      0.977
     16      1        0.125      0.958      1.043

Optimization #1:
* Method          : lls
* Target function : energy
* No. of configs. : 500096
* No. of params.  : 59
* Before optimization:
   2.6286E-01   2.7810E-01   2.7234E-01   1.3986E+00   1.4039E+00   7.2385E-01
  -5.7746E+00  -1.7786E+00  -1.7888E+00   1.9054E+00   1.7633E+00  -2.9915E+00
  -2.9909E+00  -2.0985E+00  -2.1004E+00  -2.9066E+00  -2.9115E+00   1.1278E+00
   1.1293E+00   1.6962E+00   8.4883E-01   8.4926E-01   8.9260E-01   8.9480E-01
   8.9316E-01   8.9486E-01  -4.4105E+00   3.0982E+00  -3.3213E-01  -2.8825E-01
   3.0569E+01  -2.4749E+01   1.1004E+01  -9.1676E+00  -8.4155E+00   6.4959E+00
  -8.3764E+00   6.6070E+00   1.5308E+01  -1.2313E+01   1.1139E+01  -9.0490E+00
   1.5245E+01  -1.2366E+01  -4.3354E+00   3.1721E+00  -8.2992E+00   6.6033E+00
  -4.1484E+00   3.3012E+00  -4.1766E+00   3.2883E+00  -4.1766E+00   3.2883E+00
  -7.0662E-02  -6.4511E-02   4.2904E-02  -2.5540E-02   1.9159E-02
  > E    =  -3.833478630469E+02 +/-   6.108889231331E-05
  > varE =   1.866284639899E-03
* Computing derivatives.
    [walltime: 1m elapsed, 14m26s remaining]
  Done. [total walltime: 15m9s]
* Optimizing manipulation constant:
  #igrid a___________ E____________________________________ varE____________
     1     Infinity    -3.83347863E+02 +/-   6.10888923E-05   1.86628464E-03
     2     1.0000E+06  -3.83347863E+02 +/-   6.10888923E-05   1.86628464E-03
     3     2.1544E+05  -3.83347863E+02 +/-   6.10888921E-05   1.86628463E-03
     4     4.6416E+04  -3.83347863E+02 +/-   6.10888913E-05   1.86628458E-03
     5     1.0000E+04  -3.83347863E+02 +/-   6.10888877E-05   1.86628436E-03
     6     2.1544E+03  -3.83347863E+02 +/-   6.10888709E-05   1.86628333E-03
     7     4.6416E+02  -3.83347863E+02 +/-   6.10887932E-05   1.86627859E-03
     8     1.0000E+02  -3.83347863E+02 +/-   6.10884364E-05   1.86625678E-03
     9     2.1544E+01  -3.83347863E+02 +/-   6.10868565E-05   1.86616025E-03
    10     4.6416E+00  -3.83347863E+02 +/-   6.10808688E-05   1.86579443E-03
    11     1.0000E+00  -3.83347864E+02 +/-   6.10675250E-05   1.86497931E-03
    12     2.1544E-01  -3.83347865E+02 +/-   6.10617664E-05   1.86462760E-03
    13     4.6416E-02  -3.83347864E+02 +/-   6.10691142E-05   1.86507638E-03
    14     1.0000E-02  -3.83347863E+02 +/-   6.10514055E-05   1.86399488E-03
    15     2.1544E-03  -3.83347858E+02 +/-   6.09531109E-05   1.85799753E-03
    16     4.6416E-04  -3.83347673E+02 +/-   6.20280817E-05   1.92411082E-03
    17     1.0000E-04  -3.83346567E+02 +/-   7.23684459E-05   2.61909875E-03
    18     2.1544E-05  -3.83344736E+02 +/-   8.79867571E-05   3.87157791E-03
    19     4.6416E-06  -3.83343826E+02 +/-   9.49259903E-05   4.50633686E-03
    20     1.0000E-06  -3.83343578E+02 +/-   9.67396481E-05   4.68017818E-03
    21     0.0000E+00  -3.83343505E+02 +/-   9.72612978E-05   4.73078817E-03
* Iteration # 1: E =  -3.833478645938E+02 +/-   6.106176640298E-05
* Convergence: exiting.
* After optimization:
  -4.5446E-01  -4.4032E-01  -4.4541E-01   1.6800E+00   1.6851E+00   7.1951E-01
  -6.1759E+00  -1.6967E+00  -1.7067E+00   2.4711E+00   2.3295E+00  -3.1939E+00
  -3.1932E+00  -2.0161E+00  -2.0180E+00  -3.1096E+00  -3.1136E+00   1.4090E+00
   1.4103E+00   2.2639E+00   1.1323E+00   1.1327E+00   1.1764E+00   1.1772E+00
   1.1759E+00   1.1776E+00  -5.8305E+00   4.2359E+00  -3.2936E-01  -2.8661E-01
   3.2569E+01  -2.6348E+01   1.0584E+01  -8.8298E+00  -1.1257E+01   8.7708E+00
  -1.1217E+01   8.8820E+00   1.6310E+01  -1.3111E+01   1.0719E+01  -8.7107E+00
   1.6247E+01  -1.3165E+01  -5.7548E+00   4.3105E+00  -1.1141E+01   8.8776E+00
  -5.5692E+00   4.4384E+00  -5.5968E+00   4.4264E+00  -5.5967E+00   4.4261E+00
  -7.2822E-02  -6.4459E-02   4.2996E-02  -2.5805E-02   1.9833E-02
  > Energy =  -3.833478645938E+02 +/-   6.106176640298E-05
  > varE =   1.864627597900E-03

VMC #2:
* Size of Hilbert space =   6.3504E+04
* Deterministic energy evaluation:
  > Deterministic Etot/t = -383.34790314181066
    - Ttot/t = -23.365905246868664
    - Utot/t = 9.5323477822282445
* Number of equil. steps   = 1000
* Running VMC equilibration.
  Done. [total walltime: 0.02s]
* Equil. acc.ratio (%)     =  27.7058
* Sample config after equilibration:
  +---------+
  |  d   0  |
  |0   u   2|
  |2   d   0|
  |  u   2  |
  +---------+
* Number of accum. steps   = 1000192 x 10
* Running VMC accumulation.
    [walltime: 1m elapsed, 14.1s remaining]
  Done. [total walltime: 1m14s]
* Acceptance ratio (%)     =  27.6295
* Etot/t                   =  -3.833478458044E+02 +/-   4.328188117766E-05
  > Ttot/t                 =  -2.336570471249E+01 +/-   3.657281850886E-04
  > Utot/t                 =   9.532204585236E+00 +/-   3.639637269147E-04
* var[Eloc/t]              =   1.878682420050E-03 +/-   1.811988536055E-05
* Correlation length       =   9.973377596759E-01
* log10 Psi^2 range: -14.174417017332102 -- -6.7486484659312422
* log10 Pgen range : -14.174417017332102 -- -6.7486484659312422
* Site occupation (ave. no. electrons per config.):
  > Site_  ___eu____  ___ed____
      1        0.498      0.499
      2        0.501      0.503
      3        0.501      0.500
      4        0.497      0.496
      5        0.501      0.499
      6        0.499      0.500
      7        0.502      0.501
      8        0.500      0.500
      9        0.501      0.501
     10        0.500      0.502
* Pair-correlation analysis (ave. no. pairs per config.):
  > Shell  nsite  ___dh____  __eueu___  __eued___
      0      1        0          0          1.754
      1      1        0.844      0.718      2.474
      2      1        0.291      0.649      1.107
      3      1        0.162      0.297      0.553
      4      1        0.564      1.345      2.162
      5      1        0.121      1.025      0.968
      6      1        0.150      0.848      1.098
      7      1        0.304      1.801      2.118
      8      1        0.249      2.099      1.907
      9      1        0.251      2.119      1.906
     10      1        0.229      2.157      1.887
     11      1        0.116      0.979      1.022
     12      1        0.238      2.055      1.954
     13      1        0.062      0.481      0.517
     14      1        0.187      1.438      1.552
     15      1        0.123      1.032      0.975
     16      1        0.125      0.957      1.044

Optimization #2:
* Method          : lls
* Target function : energy
* No. of configs. : 500096
* No. of params.  : 59
* Before optimization:
  -4.5446E-01  -4.4032E-01  -4.4541E-01   1.6800E+00   1.6851E+00   7.1951E-01
  -6.1759E+00  -1.6967E+00  -1.7067E+00   2.4711E+00   2.3295E+00  -3.1939E+00
  -3.1932E+00  -2.0161E+00  -2.0180E+00  -3.1096E+00  -3.1136E+00   1.4090E+00
   1.4103E+00   2.2639E+00   1.1323E+00   1.1327E+00   1.1764E+00   1.1772E+00
   1.1759E+00   1.1776E+00  -5.8305E+00   4.2359E+00  -3.2936E-01  -2.8661E-01
   3.2569E+01  -2.6348E+01   1.0584E+01  -8.8298E+00  -1.1257E+01   8.7708E+00
  -1.1217E+01   8.8820E+00   1.6310E+01  -1.3111E+01   1.0719E+01  -8.7107E+00
   1.6247E+01  -1.3165E+01  -5.7548E+00   4.3105E+00  -1.1141E+01   8.8776E+00
  -5.5692E+00   4.4384E+00  -5.5968E+00   4.4264E+00  -5.5967E+00   4.4261E+00
  -7.2822E-02  -6.4459E-02   4.2996E-02  -2.5805E-02   1.9833E-02
  > E    =  -3.833478627066E+02 +/-   6.168573990456E-05
  > varE =   1.902930546315E-03
* Computing derivatives.
    [walltime: 1m elapsed, 14m47s remaining]
  Done. [total walltime: 16m1s]
* Optimizing manipulation constant:
  #igrid a___________ E____________________________________ varE____________
     1     Infinity    -3.83347863E+02 +/-   6.16857399E-05   1.90293055E-03
     2     1.0000E+06  -3.83347863E+02 +/-   6.16857399E-05   1.90293055E-03
     3     2.1544E+05  -3.83347863E+02 +/-   6.16857401E-05   1.90293056E-03
     4     4.6416E+04  -3.83347863E+02 +/-   6.16857406E-05   1.90293059E-03
     5     1.0000E+04  -3.83347863E+02 +/-   6.16857433E-05   1.90293075E-03
     6     2.1544E+03  -3.83347863E+02 +/-   6.16857555E-05   1.90293151E-03
     7     4.6416E+02  -3.83347863E+02 +/-   6.16858124E-05   1.90293502E-03
     8     1.0000E+02  -3.83347863E+02 +/-   6.16860779E-05   1.90295140E-03
     9     2.1544E+01  -3.83347863E+02 +/-   6.16873402E-05   1.90302928E-03
    10     4.6416E+00  -3.83347863E+02 +/-   6.16936476E-05   1.90341846E-03
    11     1.0000E+00  -3.83347864E+02 +/-   6.17263438E-05   1.90543654E-03
    12     2.1544E-01  -3.83347863E+02 +/-   6.18968497E-05   1.91597780E-03
    13     4.6416E-02  -3.83347842E+02 +/-   6.28927748E-05   1.97813029E-03
    14     1.0000E-02  -3.83347343E+02 +/-   7.09788251E-05   2.51948045E-03
    15     2.1544E-03  -3.83343140E+02 +/-   1.06438837E-04   5.66570062E-03
    16     4.6416E-04  -3.83338927E+02 +/-   1.30734249E-04   8.54736265E-03
    17     1.0000E-04  -3.83337611E+02 +/-   1.37305554E-04   9.42821751E-03
    18     2.1544E-05  -3.83337305E+02 +/-   1.38784741E-04   9.63245126E-03
    19     4.6416E-06  -3.83337238E+02 +/-   1.39106369E-04   9.67714866E-03
    20     1.0000E-06  -3.83337223E+02 +/-   1.39175780E-04   9.68680844E-03
    21     0.0000E+00  -3.83337219E+02 +/-   1.39194869E-04   9.68946583E-03
* Iteration # 1: E =  -3.833478636855E+02 +/-   6.172634384425E-05
* Convergence: exiting.
* After optimization:
   3.4163E-01   3.5530E-01   3.5035E-01   1.4850E+00   1.4901E+00   7.2399E-01
  -6.1987E+00  -1.9053E+00  -1.9152E+00   2.0758E+00   1.9363E+00  -3.2041E+00
  -3.2034E+00  -2.2249E+00  -2.2265E+00  -3.1195E+00  -3.1233E+00   1.2146E+00
   1.2156E+00   1.8688E+00   9.3492E-01   9.3524E-01   9.7891E-01   9.8014E-01
   9.7863E-01   9.8004E-01  -4.8377E+00   3.4397E+00  -3.2948E-01  -2.9072E-01
   3.2692E+01  -2.6449E+01   1.1638E+01  -9.6745E+00  -9.2730E+00   7.1830E+00
  -9.2343E+00   7.2920E+00   1.6371E+01  -1.3163E+01   1.1772E+01  -9.5557E+00
   1.6308E+01  -1.3217E+01  -4.7634E+00   3.5132E+00  -9.1577E+00   7.2892E+00
  -4.5775E+00   3.6441E+00  -4.6053E+00   3.6317E+00  -4.6053E+00   3.6316E+00
  -7.2378E-02  -6.4224E-02   4.2333E-02  -2.5445E-02   2.0010E-02
  > Energy =  -3.833478636855E+02 +/-   6.172634384425E-05
  > varE =   1.905436535775E-03

VMC #3:
* Size of Hilbert space =   6.3504E+04
* Deterministic energy evaluation:
  > Deterministic Etot/t = -383.34790390667695
    - Ttot/t = -23.365908255649828
    - Utot/t = 9.5323500261431899
* Number of equil. steps   = 1000
* Running VMC equilibration.
  Done. [total walltime: 0.02s]
* Equil. acc.ratio (%)     =  27.6963
* Sample config after equilibration:
  +---------+
  |  u   d  |
  |d   u   u|
  |d   d   u|
  |  u   d  |
  +---------+
* Number of accum. steps   = 1000192 x 10
* Running VMC accumulation.
    [walltime: 1m elapsed, 15.2s remaining]
  Done. [total walltime: 1m15s]
* Acceptance ratio (%)     =  27.6247
* Etot/t                   =  -3.833479707156E+02 +/-   4.351262735179E-05
  > Ttot/t                 =  -2.336595266024E+01 +/-   3.650975747352E-04
  > Utot/t                 =   9.532327621880E+00 +/-   3.625912773783E-04
* var[Eloc/t]              =   1.868548136092E-03 +/-   2.329599650753E-05
* Correlation length       =   1.013467207740E+00
* log10 Psi^2 range: -13.931025812997703 -- -6.7963190749715192
* log10 Pgen range : -13.931025812997703 -- -6.7963190749715192
* Site occupation (ave. no. electrons per config.):
  > Site_  ___eu____  ___ed____
      1        0.498      0.498
      2        0.501      0.502
      3        0.499      0.499
      4        0.498      0.497
      5        0.500      0.499
      6        0.500      0.500
      7        0.502      0.501
      8        0.500      0.500
      9        0.502      0.502
     10        0.501      0.501
* Pair-correlation analysis (ave. no. pairs per config.):
  > Shell  nsite  ___dh____  __eueu___  __eued___
      0      1        0          0          1.755
      1      1        0.843      0.718      2.473
      2      1        0.290      0.649      1.108
      3      1        0.164      0.297      0.554
      4      1        0.564      1.345      2.162
      5      1        0.121      1.023      0.966
      6      1        0.150      0.846      1.097
      7      1        0.306      1.803      2.119
      8      1        0.251      2.100      1.907
      9      1        0.251      2.121      1.909
     10      1        0.228      2.157      1.886
     11      1        0.116      0.978      1.020
     12      1        0.237      2.053      1.956
     13      1        0.062      0.479      0.516
     14      1        0.186      1.440      1.553
     15      1        0.122      1.032      0.976
     16      1        0.125      0.958      1.044

Optimization #3:
* Method          : lls
* Target function : energy
* No. of configs. : 500096
* No. of params.  : 59
* Before optimization:
   3.4163E-01   3.5530E-01   3.5035E-01   1.4850E+00   1.4901E+00   7.2399E-01
  -6.1987E+00  -1.9053E+00  -1.9152E+00   2.0758E+00   1.9363E+00  -3.2041E+00
  -3.2034E+00  -2.2249E+00  -2.2265E+00  -3.1195E+00  -3.1233E+00   1.2146E+00
   1.2156E+00   1.8688E+00   9.3492E-01   9.3524E-01   9.7891E-01   9.8014E-01
   9.7863E-01   9.8004E-01  -4.8377E+00   3.4397E+00  -3.2948E-01  -2.9072E-01
   3.2692E+01  -2.6449E+01   1.1638E+01  -9.6745E+00  -9.2730E+00   7.1830E+00
  -9.2343E+00   7.2920E+00   1.6371E+01  -1.3163E+01   1.1772E+01  -9.5557E+00
   1.6308E+01  -1.3217E+01  -4.7634E+00   3.5132E+00  -9.1577E+00   7.2892E+00
  -4.5775E+00   3.6441E+00  -4.6053E+00   3.6317E+00  -4.6053E+00   3.6316E+00
  -7.2378E-02  -6.4224E-02   4.2333E-02  -2.5445E-02   2.0010E-02
  > E    =  -3.833479230682E+02 +/-   6.161754904083E-05
  > varE =   1.898725660245E-03
* Computing derivatives.
    [walltime: 1m elapsed, 14m16s remaining]
  Done. [total walltime: 15m33s]
* Optimizing manipulation constant:
  #igrid a___________ E____________________________________ varE____________
     1     Infinity    -3.83347923E+02 +/-   6.16175490E-05   1.89872566E-03
     2     1.0000E+06  -3.83347923E+02 +/-   6.16175490E-05   1.89872566E-03
     3     2.1544E+05  -3.83347923E+02 +/-   6.16175490E-05   1.89872565E-03
     4     4.6416E+04  -3.83347923E+02 +/-   6.16175486E-05   1.89872563E-03
     5     1.0000E+04  -3.83347923E+02 +/-   6.16175467E-05   1.89872551E-03
     6     2.1544E+03  -3.83347923E+02 +/-   6.16175292E-05   1.89872444E-03
     7     4.6416E+02  -3.83347923E+02 +/-   6.16172670E-05   1.89870828E-03
     8     1.0000E+02  -3.83347923E+02 +/-   6.16120897E-05   1.89838922E-03
     9     2.1544E+01  -3.83347920E+02 +/-   6.15054361E-05   1.89182250E-03
    10     4.6416E+00  -3.83347122E+02 +/-   6.75312016E-05   2.28066940E-03
    11     1.0000E+00  -3.81749772E+02 +/-   1.02363107E-03   5.24010874E-01
    12     2.1544E-01  -3.83011079E+02 +/-   5.67562223E-04   1.61094363E-01
    13     4.6416E-02  -3.83288813E+02 +/-   2.77209029E-04   3.84298001E-02
    14     1.0000E-02  -3.83304667E+02 +/-   2.39790156E-04   2.87551794E-02
    15     2.1544E-03  -3.83303293E+02 +/-   2.42818833E-04   2.94861530E-02
    16     4.6416E-04  -3.83300644E+02 +/-   2.49047030E-04   3.10181660E-02
    17     1.0000E-04  -3.83299653E+02 +/-   2.51337106E-04   3.15912347E-02
    18     2.1544E-05  -3.83299408E+02 +/-   2.51901299E-04   3.17332238E-02
    19     4.6416E-06  -3.83299353E+02 +/-   2.52026578E-04   3.17647957E-02
    20     1.0000E-06  -3.83299341E+02 +/-   2.52053747E-04   3.17716446E-02
    21     0.0000E+00  -3.83299338E+02 +/-   2.52061218E-04   3.17735282E-02
* Iteration # 1: E =  -3.833479230728E+02 +/-   6.161726695919E-05
* Convergence: exiting.
* After optimization:
   3.5284E-01   3.6651E-01   3.6156E-01   1.4862E+00   1.4913E+00   7.2402E-01
  -6.2150E+00  -1.9122E+00  -1.9221E+00   2.0783E+00   1.9388E+00  -3.2122E+00
  -3.2115E+00  -2.2318E+00  -2.2334E+00  -3.1276E+00  -3.1314E+00   1.2158E+00
   1.2169E+00   1.8713E+00   9.3616E-01   9.3648E-01   9.8015E-01   9.8138E-01
   9.7987E-01   9.8129E-01  -4.8439E+00   3.4446E+00  -3.2951E-01  -2.9072E-01
   3.2774E+01  -2.6514E+01   1.1672E+01  -9.7021E+00  -9.2854E+00   7.1928E+00
  -9.2466E+00   7.3019E+00   1.6412E+01  -1.3196E+01   1.1807E+01  -9.5833E+00
   1.6349E+01  -1.3249E+01  -4.7696E+00   3.5181E+00  -9.1700E+00   7.2991E+00
  -4.5836E+00   3.6490E+00  -4.6115E+00   3.6366E+00  -4.6115E+00   3.6366E+00
  -7.2376E-02  -6.4223E-02   4.2333E-02  -2.5443E-02   2.0005E-02
  > Energy =  -3.833479230728E+02 +/-   6.161726695919E-05
  > varE =   1.898708275769E-03

VMC #4:
* Size of Hilbert space =   6.3504E+04
* Deterministic energy evaluation:
  > Deterministic Etot/t = -383.34790390835218
    - Ttot/t = -23.365908868898973
    - Utot/t = 9.5323506377170943
* Number of equil. steps   = 1000
* Running VMC equilibration.
  Done. [total walltime: 0.02s]
* Equil. acc.ratio (%)     =  27.6340
* Sample config after equilibration:
  +---------+
  |  2   u  |
  |0   0   0|
  |2   u   2|
  |  d   d  |
  +---------+
* Number of accum. steps   = 1000192 x 10
* Running VMC accumulation.
    [walltime: 1m elapsed, 14.8s remaining]
  Done. [total walltime: 1m14s]
* Acceptance ratio (%)     =  27.6139
* Etot/t                   =  -3.833478472616E+02 +/-   4.352590095332E-05
  > Ttot/t                 =  -2.336623654360E+01 +/-   3.651260048075E-04
  > Utot/t                 =   9.532734959118E+00 +/-   3.629730833342E-04
* var[Eloc/t]              =   1.892083061603E-03 +/-   2.179710695509E-05
* Correlation length       =   1.001471783681E+00
* log10 Psi^2 range: -13.553700362411965 -- -6.7965110428739042
* log10 Pgen range : -13.553700362411965 -- -6.7965110428739042
* Site occupation (ave. no. electrons per config.):
  > Site_  ___eu____  ___ed____
      1        0.497      0.497
      2        0.500      0.501
      3        0.499      0.501
      4        0.497      0.498
      5        0.501      0.500
      6        0.500      0.501
      7        0.501      0.501
      8        0.501      0.500
      9        0.501      0.501
     10        0.502      0.501
* Pair-correlation analysis (ave. no. pairs per config.):
  > Shell  nsite  ___dh____  __eueu___  __eued___
      0      1        0          0          1.755
      1      1        0.843      0.721      2.474
      2      1        0.292      0.645      1.106
      3      1        0.163      0.296      0.554
      4      1        0.565      1.346      2.162
      5      1        0.121      1.026      0.969
      6      1        0.151      0.847      1.101
      7      1        0.305      1.798      2.116
      8      1        0.248      2.104      1.907
      9      1        0.251      2.116      1.905
     10      1        0.228      2.161      1.886
     11      1        0.117      0.980      1.024
     12      1        0.236      2.056      1.956
     13      1        0.063      0.479      0.517
     14      1        0.186      1.440      1.553
     15      1        0.122      1.031      0.974
     16      1        0.126      0.955      1.041

Optimization #4:
* Method          : lls
* Target function : energy
* No. of configs. : 500096
* No. of params.  : 59
* Before optimization:
   3.5284E-01   3.6651E-01   3.6156E-01   1.4862E+00   1.4913E+00   7.2402E-01
  -6.2150E+00  -1.9122E+00  -1.9221E+00   2.0783E+00   1.9388E+00  -3.2122E+00
  -3.2115E+00  -2.2318E+00  -2.2334E+00  -3.1276E+00  -3.1314E+00   1.2158E+00
   1.2169E+00   1.8713E+00   9.3616E-01   9.3648E-01   9.8015E-01   9.8138E-01
   9.7987E-01   9.8129E-01  -4.8439E+00   3.4446E+00  -3.2951E-01  -2.9072E-01
   3.2774E+01  -2.6514E+01   1.1672E+01  -9.7021E+00  -9.2854E+00   7.1928E+00
  -9.2466E+00   7.3019E+00   1.6412E+01  -1.3196E+01   1.1807E+01  -9.5833E+00
   1.6349E+01  -1.3249E+01  -4.7696E+00   3.5181E+00  -9.1700E+00   7.2991E+00
  -4.5836E+00   3.6490E+00  -4.6115E+00   3.6366E+00  -4.6115E+00   3.6366E+00
  -7.2376E-02  -6.4223E-02   4.2333E-02  -2.5443E-02   2.0005E-02
  > E    =  -3.833478163517E+02 +/-   6.137734235440E-05
  > varE =   1.883950726348E-03
* Computing derivatives.
    [walltime: 1m elapsed, 15m36s remaining]
  Done. [total walltime: 15m58s]
* Optimizing manipulation constant:
  #igrid a___________ E____________________________________ varE____________
     1     Infinity    -3.83347816E+02 +/-   6.13773424E-05   1.88395073E-03
     2     1.0000E+06  -3.83347816E+02 +/-   6.13773424E-05   1.88395073E-03
     3     2.1544E+05  -3.83347816E+02 +/-   6.13773424E-05   1.88395073E-03
     4     4.6416E+04  -3.83347816E+02 +/-   6.13773426E-05   1.88395074E-03
     5     1.0000E+04  -3.83347816E+02 +/-   6.13773435E-05   1.88395080E-03
     6     2.1544E+03  -3.83347816E+02 +/-   6.13773478E-05   1.88395106E-03
     7     4.6416E+02  -3.83347816E+02 +/-   6.13773675E-05   1.88395227E-03
     8     1.0000E+02  -3.83347816E+02 +/-   6.13774596E-05   1.88395793E-03
     9     2.1544E+01  -3.83347817E+02 +/-   6.13778966E-05   1.88398475E-03
    10     4.6416E+00  -3.83347817E+02 +/-   6.13799863E-05   1.88411304E-03
    11     1.0000E+00  -3.83347819E+02 +/-   6.13877145E-05   1.88458752E-03
    12     2.1544E-01  -3.83347820E+02 +/-   6.14015099E-05   1.88543464E-03
    13     4.6416E-02  -3.83347820E+02 +/-   6.14159589E-05   1.88632211E-03
    14     1.0000E-02  -3.83347818E+02 +/-   6.14508447E-05   1.88846567E-03
    15     2.1544E-03  -3.83347801E+02 +/-   6.17554153E-05   1.90723178E-03
    16     4.6416E-04  -3.83347741E+02 +/-   6.27300634E-05   1.96790819E-03
    17     1.0000E-04  -3.83347716E+02 +/-   6.31284580E-05   1.99298368E-03
    18     2.1544E-05  -3.83347709E+02 +/-   6.32393320E-05   1.99999048E-03
    19     4.6416E-06  -3.83347707E+02 +/-   6.32646955E-05   2.00159508E-03
    20     1.0000E-06  -3.83347707E+02 +/-   6.32702324E-05   2.00194545E-03
    21     0.0000E+00  -3.83347707E+02 +/-   6.32717574E-05   2.00204196E-03
* Iteration # 1: E =  -3.833478198728E+02 +/-   6.140150993058E-05
* Convergence: exiting.
* After optimization:
   3.9660E-01   4.1097E-01   4.0588E-01   1.4714E+00   1.4763E+00   7.1909E-01
  -6.2009E+00  -1.9187E+00  -1.9292E+00   2.0535E+00   1.9156E+00  -3.2062E+00
  -3.2057E+00  -2.2359E+00  -2.2378E+00  -3.1221E+00  -3.1267E+00   1.2023E+00
   1.2033E+00   1.8513E+00   9.2553E-01   9.2632E-01   9.6811E-01   9.6990E-01
   9.6763E-01   9.6965E-01  -4.7837E+00   3.4021E+00  -3.2238E-01  -2.9226E-01
   3.2702E+01  -2.6457E+01   1.1694E+01  -9.7157E+00  -9.1757E+00   7.1075E+00
  -9.1367E+00   7.2155E+00   1.6378E+01  -1.3167E+01   1.1826E+01  -9.5982E+00
   1.6315E+01  -1.3221E+01  -4.7122E+00   3.4736E+00  -9.0617E+00   7.2105E+00
  -4.5293E+00   3.6050E+00  -4.5563E+00   3.5934E+00  -4.5562E+00   3.5934E+00
  -7.3678E-02  -6.3707E-02   4.1327E-02  -2.4004E-02   2.1356E-02
  > Energy =  -3.833478198728E+02 +/-   6.140150993058E-05
  > varE =   1.885434644838E-03

VMC #5:
* Size of Hilbert space =   6.3504E+04
* Deterministic energy evaluation:
  > Deterministic Etot/t = -383.34790268570981
    - Ttot/t = -23.366052535030459
    - Utot/t = 9.5324955264910241
* Number of equil. steps   = 1000
* Running VMC equilibration.
  Done. [total walltime: 0.02s]
* Equil. acc.ratio (%)     =  27.6230
* Sample config after equilibration:
  +---------+
  |  d   0  |
  |u   d   2|
  |u   2   u|
  |  d   0  |
  +---------+
* Number of accum. steps   = 1000192 x 10
* Running VMC accumulation.
    [walltime: 1m elapsed, 14.8s remaining]
  Done. [total walltime: 1m14s]
* Acceptance ratio (%)     =  27.6214
* Etot/t                   =  -3.833478616733E+02 +/-   4.288366046918E-05
  > Ttot/t                 =  -2.336552056802E+01 +/-   3.648478326122E-04
  > Utot/t                 =   9.532004571842E+00 +/-   3.630034498583E-04
* var[Eloc/t]              =   1.877126647857E-03 +/-   1.787783764333E-05
* Correlation length       =   9.798813665218E-01
* log10 Psi^2 range: -14.070923131031677 -- -6.7697729156465467
* log10 Pgen range : -14.070923131031677 -- -6.7697729156465467
* Site occupation (ave. no. electrons per config.):
  > Site_  ___eu____  ___ed____
      1        0.498      0.497
      2        0.500      0.501
      3        0.500      0.500
      4        0.496      0.497
      5        0.501      0.501
      6        0.500      0.500
      7        0.501      0.502
      8        0.500      0.500
      9        0.502      0.501
     10        0.501      0.502
* Pair-correlation analysis (ave. no. pairs per config.):
  > Shell  nsite  ___dh____  __eueu___  __eued___
      0      1        0          0          1.752
      1      1        0.841      0.719      2.478
      2      1        0.290      0.648      1.107
      3      1        0.163      0.296      0.553
      4      1        0.563      1.346      2.162
      5      1        0.121      1.025      0.968
      6      1        0.151      0.848      1.098
      7      1        0.304      1.798      2.116
      8      1        0.249      2.101      1.906
      9      1        0.250      2.115      1.905
     10      1        0.227      2.158      1.887
     11      1        0.116      0.980      1.023
     12      1        0.237      2.056      1.955
     13      1        0.062      0.480      0.518
     14      1        0.185      1.441      1.553
     15      1        0.122      1.032      0.974
     16      1        0.125      0.956      1.043

Optimization #5:
* Method          : lls
* Target function : energy
* No. of configs. : 500096
* No. of params.  : 59
* Before optimization:
   3.9660E-01   4.1097E-01   4.0588E-01   1.4714E+00   1.4763E+00   7.1909E-01
  -6.2009E+00  -1.9187E+00  -1.9292E+00   2.0535E+00   1.9156E+00  -3.2062E+00
  -3.2057E+00  -2.2359E+00  -2.2378E+00  -3.1221E+00  -3.1267E+00   1.2023E+00
   1.2033E+00   1.8513E+00   9.2553E-01   9.2632E-01   9.6811E-01   9.6990E-01
   9.6763E-01   9.6965E-01  -4.7837E+00   3.4021E+00  -3.2238E-01  -2.9226E-01
   3.2702E+01  -2.6457E+01   1.1694E+01  -9.7157E+00  -9.1757E+00   7.1075E+00
  -9.1367E+00   7.2155E+00   1.6378E+01  -1.3167E+01   1.1826E+01  -9.5982E+00
   1.6315E+01  -1.3221E+01  -4.7122E+00   3.4736E+00  -9.0617E+00   7.2105E+00
  -4.5293E+00   3.6050E+00  -4.5563E+00   3.5934E+00  -4.5562E+00   3.5934E+00
  -7.3678E-02  -6.3707E-02   4.1327E-02  -2.4004E-02   2.1356E-02
  > E    =  -3.833478859006E+02 +/-   6.135632369399E-05
  > varE =   1.882660630073E-03
* Computing derivatives.
    [walltime: 1m elapsed, 13m21s remaining]
  Done. [total walltime: 14m28s]
* Optimizing manipulation constant:
  #igrid a___________ E____________________________________ varE____________
     1     Infinity    -3.83347886E+02 +/-   6.13563237E-05   1.88266063E-03
     2     1.0000E+06  -3.83347886E+02 +/-   6.13563227E-05   1.88266057E-03
     3     2.1544E+05  -3.83347886E+02 +/-   6.13563189E-05   1.88266033E-03
     4     4.6416E+04  -3.83347886E+02 +/-   6.13563012E-05   1.88265925E-03
     5     1.0000E+04  -3.83347886E+02 +/-   6.13562192E-05   1.88265422E-03
     6     2.1544E+03  -3.83347886E+02 +/-   6.13558361E-05   1.88263071E-03
     7     4.6416E+02  -3.83347886E+02 +/-   6.13540052E-05   1.88251835E-03
     8     1.0000E+02  -3.83347886E+02 +/-   6.13445733E-05   1.88193960E-03
     9     2.1544E+01  -3.83347883E+02 +/-   6.13528770E-05   1.88244912E-03
    10     4.6416E+00  -3.83346725E+02 +/-   7.35158569E-05   2.70280945E-03
    11     1.0000E+00  -3.83336128E+02 +/-   1.37134052E-04   9.40467951E-03
    12     2.1544E-01  -3.83331065E+02 +/-   1.52106368E-04   1.15703947E-02
    13     4.6416E-02  -3.83329308E+02 +/-   1.59275597E-04   1.26867933E-02
    14     1.0000E-02  -3.83271080E+02 +/-   3.34354275E-04   5.59071228E-02
    15     2.1544E-03  -3.82965440E+02 +/-   7.07814459E-04   2.50548751E-01
    16     4.6416E-04  -3.82635651E+02 +/-   8.69270145E-04   3.77887833E-01
    17     1.0000E-04  -3.82532688E+02 +/-   8.90843357E-04   3.96877129E-01
    18     2.1544E-05  -3.82509427E+02 +/-   8.94165052E-04   3.99842325E-01
    19     4.6416E-06  -3.82504379E+02 +/-   8.94814678E-04   4.00423520E-01
    20     1.0000E-06  -3.82503290E+02 +/-   8.94951547E-04   4.00546026E-01
    21     0.0000E+00  -3.82502991E+02 +/-   8.94988940E-04   4.00579498E-01
* Iteration # 1: E =  -3.833478859953E+02 +/-   6.134457334482E-05
* Convergence: exiting.
* After optimization:
   5.6343E-01   5.7778E-01   5.7268E-01   1.4103E+00   1.4152E+00   7.1909E-01
  -6.1234E+00  -1.9410E+00  -1.9515E+00   1.9314E+00   1.7934E+00  -3.1674E+00
  -3.1669E+00  -2.2582E+00  -2.2601E+00  -3.0833E+00  -3.0879E+00   1.1412E+00
   1.1422E+00   1.7291E+00   8.6443E-01   8.6521E-01   9.0702E-01   9.0882E-01
   9.0655E-01   9.0858E-01  -4.4784E+00   3.1578E+00  -3.2241E-01  -2.9223E-01
   3.2314E+01  -2.6147E+01   1.1805E+01  -9.8049E+00  -8.5647E+00   6.6188E+00
  -8.5258E+00   6.7268E+00   1.6184E+01  -1.3012E+01   1.1937E+01  -9.6875E+00
   1.6121E+01  -1.3066E+01  -4.4067E+00   3.2292E+00  -8.4509E+00   6.7218E+00
  -4.2239E+00   3.3606E+00  -4.2509E+00   3.3490E+00  -4.2508E+00   3.3490E+00
  -7.3678E-02  -6.3708E-02   4.1331E-02  -2.4014E-02   2.1346E-02
  > Energy =  -3.833478859953E+02 +/-   6.134457334482E-05
  > varE =   1.881939602470E-03

VMC #6:
* Size of Hilbert space =   6.3504E+04
* Deterministic energy evaluation:
  > Deterministic Etot/t = -383.34790267084912
    - Ttot/t = -23.366092567480990
    - Utot/t = 9.5325355738021251
* Number of equil. steps   = 1000
* Running VMC equilibration.
  Done. [total walltime: 0.02s]
* Equil. acc.ratio (%)     =  27.6950
* Sample config after equilibration:
  +---------+
  |  u   2  |
  |d   0   0|
  |u   2   2|
  |  d   0  |
  +---------+
* Number of accum. steps   = 1000192 x 10
* Running VMC accumulation.
    [walltime: 1m elapsed, 14.8s remaining]
  Done. [total walltime: 1m14s]
* Acceptance ratio (%)     =  27.6089
* Etot/t                   =  -3.833479110678E+02 +/-   4.337866422844E-05
  > Ttot/t                 =  -2.336599636756E+01 +/-   3.705519851270E-04
  > Utot/t                 =   9.532430977011E+00 +/-   3.684303621129E-04
* var[Eloc/t]              =   1.850443017061E-03 +/-   8.910812934509E-06
* Correlation length       =   1.017091464544E+00
* log10 Psi^2 range: -13.267728453397023 -- -6.7695150879946073
* log10 Pgen range : -13.267728453397023 -- -6.7695150879946073
* Site occupation (ave. no. electrons per config.):
  > Site_  ___eu____  ___ed____
      1        0.496      0.498
      2        0.501      0.501
      3        0.500      0.500
      4        0.498      0.497
      5        0.499      0.500
      6        0.501      0.501
      7        0.501      0.500
      8        0.500      0.500
      9        0.501      0.501
     10        0.501      0.501
* Pair-correlation analysis (ave. no. pairs per config.):
  > Shell  nsite  ___dh____  __eueu___  __eued___
      0      1        0          0          1.755
      1      1        0.842      0.720      2.475
      2      1        0.291      0.647      1.105
      3      1        0.163      0.298      0.552
      4      1        0.565      1.347      2.162
      5      1        0.121      1.025      0.969
      6      1        0.150      0.850      1.099
      7      1        0.305      1.800      2.116
      8      1        0.250      2.100      1.909
      9      1        0.251      2.117      1.907
     10      1        0.229      2.156      1.887
     11      1        0.116      0.981      1.023
     12      1        0.236      2.054      1.956
     13      1        0.062      0.480      0.517
     14      1        0.186      1.441      1.551
     15      1        0.121      1.030      0.975
     16      1        0.125      0.956      1.042

Optimization #6:
* Method          : lls
* Target function : energy
* No. of configs. : 500096
* No. of params.  : 59
* Before optimization:
   5.6343E-01   5.7778E-01   5.7268E-01   1.4103E+00   1.4152E+00   7.1909E-01
  -6.1234E+00  -1.9410E+00  -1.9515E+00   1.9314E+00   1.7934E+00  -3.1674E+00
  -3.1669E+00  -2.2582E+00  -2.2601E+00  -3.0833E+00  -3.0879E+00   1.1412E+00
   1.1422E+00   1.7291E+00   8.6443E-01   8.6521E-01   9.0702E-01   9.0882E-01
   9.0655E-01   9.0858E-01  -4.4784E+00   3.1578E+00  -3.2241E-01  -2.9223E-01
   3.2314E+01  -2.6147E+01   1.1805E+01  -9.8049E+00  -8.5647E+00   6.6188E+00
  -8.5258E+00   6.7268E+00   1.6184E+01  -1.3012E+01   1.1937E+01  -9.6875E+00
   1.6121E+01  -1.3066E+01  -4.4067E+00   3.2292E+00  -8.4509E+00   6.7218E+00
  -4.2239E+00   3.3606E+00  -4.2509E+00   3.3490E+00  -4.2508E+00   3.3490E+00
  -7.3678E-02  -6.3708E-02   4.1331E-02  -2.4014E-02   2.1346E-02
  > E    =  -3.833480136860E+02 +/-   6.090714020472E-05
  > varE =   1.855195993213E-03
* Computing derivatives.
    [walltime: 1m elapsed, 14m57s remaining]
  Done. [total walltime: 15m53s]
* Optimizing manipulation constant:
  #igrid a___________ E____________________________________ varE____________
     1     Infinity    -3.83348014E+02 +/-   6.09071402E-05   1.85519599E-03
     2     1.0000E+06  -3.83348014E+02 +/-   6.09071401E-05   1.85519599E-03
     3     2.1544E+05  -3.83348014E+02 +/-   6.09071397E-05   1.85519596E-03
     4     4.6416E+04  -3.83348014E+02 +/-   6.09071380E-05   1.85519586E-03
     5     1.0000E+04  -3.83348014E+02 +/-   6.09071300E-05   1.85519537E-03
     6     2.1544E+03  -3.83348014E+02 +/-   6.09070930E-05   1.85519312E-03
     7     4.6416E+02  -3.83348014E+02 +/-   6.09069215E-05   1.85518267E-03
     8     1.0000E+02  -3.83348014E+02 +/-   6.09061329E-05   1.85513463E-03
     9     2.1544E+01  -3.83348014E+02 +/-   6.09026285E-05   1.85492116E-03
    10     4.6416E+00  -3.83348014E+02 +/-   6.08890680E-05   1.85409522E-03
    11     1.0000E+00  -3.83348014E+02 +/-   6.08549796E-05   1.85201979E-03
    12     2.1544E-01  -3.83348013E+02 +/-   6.08181876E-05   1.84978106E-03
    13     4.6416E-02  -3.83348013E+02 +/-   6.08031075E-05   1.84886385E-03
    14     1.0000E-02  -3.83348012E+02 +/-   6.07991878E-05   1.84862549E-03
    15     2.1544E-03  -3.83348012E+02 +/-   6.07960964E-05   1.84843750E-03
    16     4.6416E-04  -3.83348013E+02 +/-   6.07874423E-05   1.84791130E-03
    17     1.0000E-04  -3.83348013E+02 +/-   6.07787272E-05   1.84738147E-03
    18     2.1544E-05  -3.83348012E+02 +/-   6.07766948E-05   1.84725792E-03
    19     4.6416E-06  -3.83348012E+02 +/-   6.07763256E-05   1.84723547E-03
    20     1.0000E-06  -3.83348012E+02 +/-   6.07762506E-05   1.84723092E-03
    21     0.0000E+00  -3.83348012E+02 +/-   6.07762303E-05   1.84722968E-03
* Iteration # 1: E =  -3.833480136140E+02 +/-   6.085497957217E-05
* Convergence: exiting.
* After optimization:
   5.7885E-01   5.9269E-01   5.8767E-01   1.4068E+00   1.4116E+00   7.1649E-01
  -6.1227E+00  -1.9432E+00  -1.9533E+00   1.9272E+00   1.7896E+00  -3.1675E+00
  -3.1668E+00  -2.2596E+00  -2.2613E+00  -3.0841E+00  -3.0880E+00   1.1377E+00
   1.1389E+00   1.7256E+00   8.6269E-01   8.6322E-01   9.0473E-01   9.0618E-01
   9.0436E-01   9.0617E-01  -4.4706E+00   3.1524E+00  -3.2103E-01  -2.9117E-01
   3.2306E+01  -2.6138E+01   1.1808E+01  -9.8066E+00  -8.5492E+00   6.6076E+00
  -8.5106E+00   6.7159E+00   1.6180E+01  -1.3008E+01   1.1940E+01  -9.6893E+00
   1.6117E+01  -1.3061E+01  -4.3985E+00   3.2244E+00  -8.4362E+00   6.7107E+00
  -4.2162E+00   3.3552E+00  -4.2432E+00   3.3433E+00  -4.2431E+00   3.3433E+00
  -7.3781E-02  -6.3825E-02   4.1515E-02  -2.4433E-02   2.1608E-02
  > Energy =  -3.833480136140E+02 +/-   6.085497957217E-05
  > varE =   1.852019788904E-03

VMC #7:
* Size of Hilbert space =   6.3504E+04
* Deterministic energy evaluation:
  > Deterministic Etot/t = -383.34790275472318
    - Ttot/t = -23.366062990248086
    - Utot/t = 9.5325059126951324
* Number of equil. steps   = 1000
* Running VMC equilibration.
  Done. [total walltime: 0.02s]
* Equil. acc.ratio (%)     =  27.5673
* Sample config after equilibration:
  +---------+
  |  u   u  |
  |d   u   d|
  |u   u   d|
  |  d   d  |
  +---------+
* Number of accum. steps   = 1000192 x 10
* Running VMC accumulation.
    [walltime: 1m elapsed, 14.8s remaining]
  Done. [total walltime: 1m14s]
* Acceptance ratio (%)     =  27.6300
* Etot/t                   =  -3.833479405313E+02 +/-   4.289323182591E-05
  > Ttot/t                 =  -2.336628751907E+01 +/-   3.624330221928E-04
  > Utot/t                 =   9.532692664955E+00 +/-   3.601273057215E-04
* var[Eloc/t]              =   1.838167581137E-03 +/-   1.280345245879E-05
* Correlation length       =   1.001096201776E+00
* log10 Psi^2 range: -13.990338928347867 -- -6.7481935644326647
* log10 Pgen range : -13.990338928347867 -- -6.7481935644326647
* Site occupation (ave. no. electrons per config.):
  > Site_  ___eu____  ___ed____
      1        0.496      0.499
      2        0.502      0.501
      3        0.500      0.499
      4        0.497      0.497
      5        0.499      0.501
      6        0.501      0.499
      7        0.501      0.502
      8        0.499      0.500
      9        0.500      0.501
     10        0.504      0.501
* Pair-correlation analysis (ave. no. pairs per config.):
  > Shell  nsite  ___dh____  __eueu___  __eued___
      0      1        0          0          1.753
      1      1        0.841      0.718      2.477
      2      1        0.290      0.649      1.108
      3      1        0.164      0.296      0.553
      4      1        0.563      1.345      2.162
      5      1        0.121      1.023      0.967
      6      1        0.150      0.846      1.098
      7      1        0.305      1.801      2.119
      8      1        0.249      2.102      1.905
      9      1        0.251      2.120      1.908
     10      1        0.228      2.158      1.885
     11      1        0.115      0.979      1.021
     12      1        0.237      2.053      1.955
     13      1        0.062      0.480      0.518
     14      1        0.185      1.441      1.551
     15      1        0.122      1.032      0.976
     16      1        0.125      0.959      1.043

Optimization #7:
* Method          : lls
* Target function : energy
* No. of configs. : 500096
* No. of params.  : 59
* Before optimization:
   5.7885E-01   5.9269E-01   5.8767E-01   1.4068E+00   1.4116E+00   7.1649E-01
  -6.1227E+00  -1.9432E+00  -1.9533E+00   1.9272E+00   1.7896E+00  -3.1675E+00
  -3.1668E+00  -2.2596E+00  -2.2613E+00  -3.0841E+00  -3.0880E+00   1.1377E+00
   1.1389E+00   1.7256E+00   8.6269E-01   8.6322E-01   9.0473E-01   9.0618E-01
   9.0436E-01   9.0617E-01  -4.4706E+00   3.1524E+00  -3.2103E-01  -2.9117E-01
   3.2306E+01  -2.6138E+01   1.1808E+01  -9.8066E+00  -8.5492E+00   6.6076E+00
  -8.5106E+00   6.7159E+00   1.6180E+01  -1.3008E+01   1.1940E+01  -9.6893E+00
   1.6117E+01  -1.3061E+01  -4.3985E+00   3.2244E+00  -8.4362E+00   6.7107E+00
  -4.2162E+00   3.3552E+00  -4.2432E+00   3.3433E+00  -4.2431E+00   3.3433E+00
  -7.3781E-02  -6.3825E-02   4.1515E-02  -2.4433E-02   2.1608E-02
  > E    =  -3.833478976140E+02 +/-   6.068648799832E-05
  > varE =   1.841778466369E-03
* Computing derivatives.
    [walltime: 1m elapsed, 13m4s remaining]
  Done. [total walltime: 15m33s]
* Optimizing manipulation constant:
  #igrid a___________ E____________________________________ varE____________
     1     Infinity    -3.83347898E+02 +/-   6.06864880E-05   1.84177847E-03
     2     1.0000E+06  -3.83347898E+02 +/-   6.06864880E-05   1.84177847E-03
     3     2.1544E+05  -3.83347898E+02 +/-   6.06864880E-05   1.84177847E-03
     4     4.6416E+04  -3.83347898E+02 +/-   6.06864881E-05   1.84177847E-03
     5     1.0000E+04  -3.83347898E+02 +/-   6.06864876E-05   1.84177844E-03
     6     2.1544E+03  -3.83347898E+02 +/-   6.06864694E-05   1.84177734E-03
     7     4.6416E+02  -3.83347898E+02 +/-   6.06860450E-05   1.84175158E-03
     8     1.0000E+02  -3.83347898E+02 +/-   6.06768526E-05   1.84119366E-03
     9     2.1544E+01  -3.83347895E+02 +/-   6.05059229E-05   1.83083481E-03
    10     4.6416E+00  -3.83347259E+02 +/-   6.37704213E-05   2.03372372E-03
    11     1.0000E+00  -3.83321109E+02 +/-   1.79882122E-04   1.61818953E-02
    12     2.1544E-01  -3.83268670E+02 +/-   2.83020290E-04   4.00579320E-02
    13     4.6416E-02  -3.83247548E+02 +/-   3.09385905E-04   4.78690083E-02
    14     1.0000E-02  -3.83238502E+02 +/-   3.43394880E-04   5.89713422E-02
    15     2.1544E-03  -3.83143937E+02 +/-   4.95031383E-04   1.22551560E-01
    16     4.6416E-04  -3.82653075E+02 +/-   7.28793367E-04   2.65620875E-01
    17     1.0000E-04  -3.82506881E+02 +/-   6.75560455E-04   2.28234777E-01
    18     2.1544E-05  -3.82503499E+02 +/-   6.68489117E-04   2.23481750E-01
    19     4.6416E-06  -3.82502839E+02 +/-   6.66898952E-04   2.22419803E-01
    20     1.0000E-06  -3.82502700E+02 +/-   6.66553289E-04   2.22189295E-01
    21     0.0000E+00  -3.82502662E+02 +/-   6.66458177E-04   2.22125891E-01
* Iteration # 1: E =  -3.833478976134E+02 +/-   6.068604504039E-05
* Convergence: exiting.
* After optimization:
   5.4846E-01   5.6230E-01   5.5728E-01   1.4195E+00   1.4244E+00   7.1648E-01
  -6.1432E+00  -1.9407E+00  -1.9509E+00   1.9527E+00   1.8150E+00  -3.1778E+00
  -3.1770E+00  -2.2572E+00  -2.2589E+00  -3.0944E+00  -3.0983E+00   1.1504E+00
   1.1517E+00   1.7510E+00   8.7541E-01   8.7594E-01   9.1745E-01   9.1891E-01
   9.1708E-01   9.1889E-01  -4.5342E+00   3.2033E+00  -3.2104E-01  -2.9116E-01
   3.2408E+01  -2.6220E+01   1.1796E+01  -9.7966E+00  -8.6764E+00   6.7093E+00
  -8.6378E+00   6.8176E+00   1.6231E+01  -1.3048E+01   1.1928E+01  -9.6794E+00
   1.6168E+01  -1.3102E+01  -4.4621E+00   3.2753E+00  -8.5634E+00   6.8125E+00
  -4.2798E+00   3.4061E+00  -4.3068E+00   3.3942E+00  -4.3067E+00   3.3942E+00
  -7.3780E-02  -6.3825E-02   4.1517E-02  -2.4434E-02   2.1606E-02
  > Energy =  -3.833478976134E+02 +/-   6.068604504039E-05
  > varE =   1.841751579744E-03

VMC #8:
* Size of Hilbert space =   6.3504E+04
* Deterministic energy evaluation:
  > Deterministic Etot/t = -383.34790275766704
    - Ttot/t = -23.366063513111314
    - Utot/t = 9.5325064326144755
* Number of equil. steps   = 1000
* Running VMC equilibration.
  Done. [total walltime: 0.02s]
* Equil. acc.ratio (%)     =  27.6636
* Sample config after equilibration:
  +---------+
  |  2   2  |
  |d   0   0|
  |u   u   u|
  |  d   d  |
  +---------+
* Number of accum. steps   = 1000192 x 10
* Running VMC accumulation.
    [walltime: 1m elapsed, 14.4s remaining]
  Done. [total walltime: 1m14s]
* Acceptance ratio (%)     =  27.6212
* Etot/t                   =  -3.833479186437E+02 +/-   4.372900828591E-05
  > Ttot/t                 =  -2.336566813231E+01 +/-   3.711522623700E-04
  > Utot/t                 =   9.532095165793E+00 +/-   3.679456303781E-04
* var[Eloc/t]              =   1.884902336192E-03 +/-   1.490013837061E-05
* Correlation length       =   1.014690934575E+00
* log10 Psi^2 range: -13.637126972590277 -- -6.7481455527382579
* log10 Pgen range : -13.637126972590277 -- -6.7481455527382579
* Site occupation (ave. no. electrons per config.):
  > Site_  ___eu____  ___ed____
      1        0.497      0.498
      2        0.501      0.502
      3        0.500      0.500
      4        0.498      0.497
      5        0.500      0.500
      6        0.501      0.499
      7        0.501      0.501
      8        0.499      0.500
      9        0.502      0.500
     10        0.502      0.502
* Pair-correlation analysis (ave. no. pairs per config.):
  > Shell  nsite  ___dh____  __eueu___  __eued___
      0      1        0          0          1.752
      1      1        0.841      0.719      2.477
      2      1        0.290      0.649      1.108
      3      1        0.163      0.297      0.553
      4      1        0.561      1.345      2.164
      5      1        0.121      1.023      0.968
      6      1        0.150      0.848      1.098
      7      1        0.304      1.801      2.118
      8      1        0.250      2.099      1.906
      9      1        0.251      2.118      1.906
     10      1        0.228      2.158      1.886
     11      1        0.116      0.980      1.022
     12      1        0.237      2.055      1.954
     13      1        0.062      0.480      0.517
     14      1        0.186      1.441      1.553
     15      1        0.122      1.032      0.975
     16      1        0.124      0.957      1.045

Optimization #8:
* Method          : lls
* Target function : energy
* No. of configs. : 500096
* No. of params.  : 59
* Before optimization:
   5.4846E-01   5.6230E-01   5.5728E-01   1.4195E+00   1.4244E+00   7.1648E-01
  -6.1432E+00  -1.9407E+00  -1.9509E+00   1.9527E+00   1.8150E+00  -3.1778E+00
  -3.1770E+00  -2.2572E+00  -2.2589E+00  -3.0944E+00  -3.0983E+00   1.1504E+00
   1.1517E+00   1.7510E+00   8.7541E-01   8.7594E-01   9.1745E-01   9.1891E-01
   9.1708E-01   9.1889E-01  -4.5342E+00   3.2033E+00  -3.2104E-01  -2.9116E-01
   3.2408E+01  -2.6220E+01   1.1796E+01  -9.7966E+00  -8.6764E+00   6.7093E+00
  -8.6378E+00   6.8176E+00   1.6231E+01  -1.3048E+01   1.1928E+01  -9.6794E+00
   1.6168E+01  -1.3102E+01  -4.4621E+00   3.2753E+00  -8.5634E+00   6.8125E+00
  -4.2798E+00   3.4061E+00  -4.3068E+00   3.3942E+00  -4.3067E+00   3.3942E+00
  -7.3780E-02  -6.3825E-02   4.1517E-02  -2.4434E-02   2.1606E-02
  > E    =  -3.833478865077E+02 +/-   6.126631926003E-05
  > varE =   1.877141279776E-03
* Computing derivatives.
    [walltime: 1m elapsed, 14m10s remaining]
  Done. [total walltime: 16m25s]
* Optimizing manipulation constant:
  #igrid a___________ E____________________________________ varE____________
     1     Infinity    -3.83347887E+02 +/-   6.12663193E-05   1.87714128E-03
     2     1.0000E+06  -3.83347887E+02 +/-   6.12663192E-05   1.87714128E-03
     3     2.1544E+05  -3.83347887E+02 +/-   6.12663190E-05   1.87714127E-03
     4     4.6416E+04  -3.83347887E+02 +/-   6.12663181E-05   1.87714121E-03
     5     1.0000E+04  -3.83347887E+02 +/-   6.12663141E-05   1.87714096E-03
     6     2.1544E+03  -3.83347887E+02 +/-   6.12662950E-05   1.87713980E-03
     7     4.6416E+02  -3.83347887E+02 +/-   6.12662022E-05   1.87713411E-03
     8     1.0000E+02  -3.83347887E+02 +/-   6.12656770E-05   1.87710192E-03
     9     2.1544E+01  -3.83347887E+02 +/-   6.12613629E-05   1.87683757E-03
    10     4.6416E+00  -3.83347887E+02 +/-   6.12280772E-05   1.87479861E-03
    11     1.0000E+00  -3.83347470E+02 +/-   6.51632025E-05   2.12352912E-03
    12     2.1544E-01  -3.83324498E+02 +/-   1.75602500E-04   1.54210792E-02
    13     4.6416E-02  -3.83239067E+02 +/-   3.48899088E-04   6.08769729E-02
    14     1.0000E-02  -3.83194333E+02 +/-   4.07196356E-04   8.29203537E-02
    15     2.1544E-03  -3.83182808E+02 +/-   4.20480385E-04   8.84188504E-02
    16     4.6416E-04  -3.83180234E+02 +/-   4.23367112E-04   8.96370629E-02
    17     1.0000E-04  -3.83179675E+02 +/-   4.23990086E-04   8.99010540E-02
    18     2.1544E-05  -3.83179554E+02 +/-   4.24124348E-04   8.99580001E-02
    19     4.6416E-06  -3.83179528E+02 +/-   4.24153277E-04   8.99702720E-02
    20     1.0000E-06  -3.83179523E+02 +/-   4.24159509E-04   8.99729161E-02
    21     0.0000E+00  -3.83179521E+02 +/-   4.24161221E-04   8.99736422E-02
  ParMin   9.9858E+00  -3.83347887E+02 +/-   6.12507410E-05   1.87618680E-03
  # Using parabolic minimum
* Iteration # 1: E =  -3.833478871993E+02 +/-   6.125074101063E-05
* Convergence: exiting.
* After optimization:
   8.6696E-01   8.8083E-01   8.7588E-01   1.4662E+00   1.4711E+00   7.1784E-01
  -6.6500E+00  -2.1477E+00  -2.1579E+00   2.0448E+00   1.9072E+00  -3.4308E+00
  -3.4301E+00  -2.4644E+00  -2.4662E+00  -3.3472E+00  -3.3512E+00   1.1971E+00
   1.1984E+00   1.8429E+00   9.2136E-01   9.2191E-01   9.6352E-01   9.6503E-01
   9.6319E-01   9.6502E-01  -4.7634E+00   3.3859E+00  -3.2169E-01  -2.9171E-01
   3.4943E+01  -2.8249E+01   1.2834E+01  -1.0628E+01  -9.1342E+00   7.0752E+00
  -9.0956E+00   7.1831E+00   1.7498E+01  -1.4063E+01   1.2966E+01  -1.0511E+01
   1.7436E+01  -1.4117E+01  -4.6913E+00   3.4578E+00  -9.0211E+00   7.1782E+00
  -4.5087E+00   3.5890E+00  -4.5358E+00   3.5771E+00  -4.5358E+00   3.5771E+00
  -7.3723E-02  -6.3817E-02   4.1414E-02  -2.4441E-02   2.1418E-02
  > Energy =  -3.833478871993E+02 +/-   6.125074101063E-05
  > varE =   1.876186795890E-03

VMC #9:
* Size of Hilbert space =   6.3504E+04
* Deterministic energy evaluation:
  > Deterministic Etot/t = -383.34790279648490
    - Ttot/t = -23.366139168772470
    - Utot/t = 9.5325820494578704
* Number of equil. steps   = 1000
* Running VMC equilibration.
  Done. [total walltime: 0.02s]
* Equil. acc.ratio (%)     =  27.6282
* Sample config after equilibration:
  +---------+
  |  d   d  |
  |d   u   u|
  |u   d   u|
  |  u   d  |
  +---------+
* Number of accum. steps   = 1000192 x 10
* Running VMC accumulation.
    [walltime: 1m elapsed, 15.3s remaining]
  Done. [total walltime: 1m15s]
* Acceptance ratio (%)     =  27.6156
* Etot/t                   =  -3.833479492336E+02 +/-   4.399032114858E-05
  > Ttot/t                 =  -2.336562349190E+01 +/-   3.676167025998E-04
  > Utot/t                 =   9.532019935444E+00 +/-   3.652200311817E-04
* var[Eloc/t]              =   1.909069222077E-03 +/-   3.022284632981E-05
* Correlation length       =   1.013855276098E+00
* log10 Psi^2 range: -13.704881164290653 -- -6.7586077405347149
* log10 Pgen range : -13.704881164290653 -- -6.7586077405347149
* Site occupation (ave. no. electrons per config.):
  > Site_  ___eu____  ___ed____
      1        0.498      0.496
      2        0.502      0.501
      3        0.499      0.502
      4        0.498      0.497
      5        0.498      0.501
      6        0.500      0.501
      7        0.502      0.501
      8        0.501      0.499
      9        0.501      0.500
     10        0.501      0.502
* Pair-correlation analysis (ave. no. pairs per config.):
  > Shell  nsite  ___dh____  __eueu___  __eued___
      0      1        0          0          1.755
      1      1        0.844      0.718      2.475
      2      1        0.292      0.649      1.105
      3      1        0.164      0.297      0.552
      4      1        0.565      1.345      2.161
      5      1        0.121      1.025      0.967
      6      1        0.150      0.848      1.098
      7      1        0.306      1.800      2.115
      8      1        0.249      2.099      1.908
      9      1        0.251      2.118      1.909
     10      1        0.226      2.159      1.889
     11      1        0.116      0.980      1.022
     12      1        0.238      2.055      1.953
     13      1        0.062      0.480      0.518
     14      1        0.186      1.440      1.554
     15      1        0.123      1.032      0.974
     16      1        0.125      0.956      1.045

Optimization #9:
* Method          : lls
* Target function : energy
* No. of configs. : 500096
* No. of params.  : 59
* Before optimization:
   8.6696E-01   8.8083E-01   8.7588E-01   1.4662E+00   1.4711E+00   7.1784E-01
  -6.6500E+00  -2.1477E+00  -2.1579E+00   2.0448E+00   1.9072E+00  -3.4308E+00
  -3.4301E+00  -2.4644E+00  -2.4662E+00  -3.3472E+00  -3.3512E+00   1.1971E+00
   1.1984E+00   1.8429E+00   9.2136E-01   9.2191E-01   9.6352E-01   9.6503E-01
   9.6319E-01   9.6502E-01  -4.7634E+00   3.3859E+00  -3.2169E-01  -2.9171E-01
   3.4943E+01  -2.8249E+01   1.2834E+01  -1.0628E+01  -9.1342E+00   7.0752E+00
  -9.0956E+00   7.1831E+00   1.7498E+01  -1.4063E+01   1.2966E+01  -1.0511E+01
   1.7436E+01  -1.4117E+01  -4.6913E+00   3.4578E+00  -9.0211E+00   7.1782E+00
  -4.5087E+00   3.5890E+00  -4.5358E+00   3.5771E+00  -4.5358E+00   3.5771E+00
  -7.3723E-02  -6.3817E-02   4.1414E-02  -2.4441E-02   2.1418E-02
  > E    =  -3.833479642477E+02 +/-   6.234655368745E-05
  > varE =   1.943919539256E-03
* Computing derivatives.
    [walltime: 1m elapsed, 14m15s remaining]
  Done. [total walltime: 16m9s]
* Optimizing manipulation constant:
  #igrid a___________ E____________________________________ varE____________
     1     Infinity    -3.83347964E+02 +/-   6.23465537E-05   1.94391954E-03
     2     1.0000E+06  -3.83347964E+02 +/-   6.23465535E-05   1.94391953E-03
     3     2.1544E+05  -3.83347964E+02 +/-   6.23465529E-05   1.94391949E-03
     4     4.6416E+04  -3.83347964E+02 +/-   6.23465500E-05   1.94391931E-03
     5     1.0000E+04  -3.83347964E+02 +/-   6.23465364E-05   1.94391846E-03
     6     2.1544E+03  -3.83347964E+02 +/-   6.23464735E-05   1.94391454E-03
     7     4.6416E+02  -3.83347964E+02 +/-   6.23461820E-05   1.94389636E-03
     8     1.0000E+02  -3.83347964E+02 +/-   6.23448401E-05   1.94381268E-03
     9     2.1544E+01  -3.83347965E+02 +/-   6.23388420E-05   1.94343868E-03
    10     4.6416E+00  -3.83347967E+02 +/-   6.23150999E-05   1.94195862E-03
    11     1.0000E+00  -3.83347970E+02 +/-   6.22509719E-05   1.93796377E-03
    12     2.1544E-01  -3.83347973E+02 +/-   6.21679368E-05   1.93279721E-03
    13     4.6416E-02  -3.83347974E+02 +/-   6.21226734E-05   1.92998376E-03
    14     1.0000E-02  -3.83347973E+02 +/-   6.21095919E-05   1.92917103E-03
    15     2.1544E-03  -3.83347973E+02 +/-   6.21092803E-05   1.92915167E-03
    16     4.6416E-04  -3.83347971E+02 +/-   6.21235594E-05   1.93003881E-03
    17     1.0000E-04  -3.83347970E+02 +/-   6.21420816E-05   1.93118987E-03
    18     2.1544E-05  -3.83347969E+02 +/-   6.21492176E-05   1.93163343E-03
    19     4.6416E-06  -3.83347969E+02 +/-   6.21509825E-05   1.93174313E-03
    20     1.0000E-06  -3.83347969E+02 +/-   6.21513743E-05   1.93176749E-03
    21     0.0000E+00  -3.83347969E+02 +/-   6.21514827E-05   1.93177423E-03
* Iteration # 1: E =  -3.833479736420E+02 +/-   6.212267342342E-05
* Convergence: exiting.
* After optimization:
   7.7952E-01   7.9335E-01   7.8807E-01   1.4639E+00   1.4688E+00   7.2642E-01
  -6.5745E+00  -2.1147E+00  -2.1246E+00   2.0391E+00   1.8989E+00  -3.3920E+00
  -3.3911E+00  -2.4325E+00  -2.4339E+00  -3.3082E+00  -3.3120E+00   1.1968E+00
   1.1979E+00   1.8302E+00   9.1627E-01   9.1695E-01   9.5969E-01   9.6163E-01
   9.6016E-01   9.6185E-01  -4.7226E+00   3.3505E+00  -3.1616E-01  -3.0447E-01
   3.4593E+01  -2.7975E+01   1.2694E+01  -1.0521E+01  -9.0688E+00   7.0145E+00
  -9.0245E+00   7.1209E+00   1.7325E+01  -1.3929E+01   1.2826E+01  -1.0403E+01
   1.7263E+01  -1.3983E+01  -4.6540E+00   3.4200E+00  -8.9540E+00   7.1243E+00
  -4.4756E+00   3.5605E+00  -4.5023E+00   3.5477E+00  -4.5023E+00   3.5474E+00
  -7.1129E-02  -6.3338E-02   3.8435E-02  -2.6579E-02   2.1412E-02
  > Energy =  -3.833479736420E+02 +/-   6.212267342342E-05
  > varE =   1.929983762386E-03

VMC #10:
* Size of Hilbert space =   6.3504E+04
* Deterministic energy evaluation:
  > Deterministic Etot/t = -383.34789650435096
    - Ttot/t = -23.366139796879050
    - Utot/t = 9.5325889696984429
* Number of equil. steps   = 1000
* Running VMC equilibration.
  Done. [total walltime: 0.02s]
* Equil. acc.ratio (%)     =  27.5720
* Sample config after equilibration:
  +---------+
  |  d   u  |
  |u   d   d|
  |d   u   d|
  |  u   u  |
  +---------+
* Number of accum. steps   = 1000192 x 10
* Running VMC accumulation.
    [walltime: 1m elapsed, 14.1s remaining]
  Done. [total walltime: 1m14s]
* Acceptance ratio (%)     =  27.6230
* Etot/t                   =  -3.833479396631E+02 +/-   4.314583241095E-05
  > Ttot/t                 =  -2.336668662318E+01 +/-   3.636438873345E-04
  > Utot/t                 =   9.533092637263E+00 +/-   3.616218244831E-04
* var[Eloc/t]              =   1.867084995637E-03 +/-   1.518887473204E-05
* Correlation length       =   9.972338050239E-01
* log10 Psi^2 range: -13.277960690405768 -- -6.8634017319695024
* log10 Pgen range : -13.277960690405768 -- -6.8634017319695024
* Site occupation (ave. no. electrons per config.):
  > Site_  ___eu____  ___ed____
      1        0.498      0.499
      2        0.502      0.501
      3        0.500      0.499
      4        0.498      0.497
      5        0.501      0.500
      6        0.501      0.500
      7        0.499      0.502
      8        0.499      0.501
      9        0.501      0.502
     10        0.502      0.501
* Pair-correlation analysis (ave. no. pairs per config.):
  > Shell  nsite  ___dh____  __eueu___  __eued___
      0      1        0          0          1.752
      1      1        0.843      0.716      2.476
      2      1        0.289      0.648      1.106
      3      1        0.163      0.297      0.554
      4      1        0.562      1.350      2.164
      5      1        0.121      1.024      0.968
      6      1        0.149      0.849      1.099
      7      1        0.305      1.801      2.118
      8      1        0.250      2.100      1.909
      9      1        0.251      2.118      1.907
     10      1        0.227      2.158      1.886
     11      1        0.116      0.980      1.021
     12      1        0.236      2.054      1.954
     13      1        0.062      0.479      0.517
     14      1        0.185      1.441      1.554
     15      1        0.123      1.030      0.973
     16      1        0.124      0.955      1.043

VDAGGER finished.
Total VDAGGER walltime: 4h51m

Run ended: Thu Oct  2 19:14:03 CEST 2025
