Run started: Sat Sep 27 10:10:20 CEST 2025
Using VDAGGER_ARCH = gnu7_fkfamd_cluster
Running 1x128 MPI processes.

                               xx
                              +##
                               #X
                               Xx
                          X##XxXxxX##x
                           +   Xx  ++
                               ##
                              +##
                              +##
     ++++         ++          +##
   xX+++##+      ####         +##
  Xx    ###      +X##          ##
 xX    X##+        ##          #X
 +    x##X         #x          #X
      ###         +#           x+
     X##+         #+
     ###         Xx                    _______
     ##X       +X+   __________________VDAGGER
     +##x    +xX     2nd quantized variational
       +xxxxx+       ______quantum Monte Carlo

* Running 128 MPI processes.
* Input file: "input.casl"

############# Start of input file dump #############
General:
  Random seed: timer

Plan:
  VMC-optimization:
    Minimum cycles: 7
    Convergence cycles: 3

System:
  Read Hamiltonian: FCIDUMP_loc_benzene
  Read orbitals: LTSC_benzene
  Complex orbitals: F
  Geometry:
    r_5: [ 0.00000000000000, 2.63994739601739 ]
    r_4: [ 2.28626150960564, 1.31997369800870 ]
    r_6: [ 2.28626150960564, -1.31997369800870 ]
    r_2: [ 0.00000000000000, -2.63994739601739 ]
    r_3: [ -2.28626150960564, -1.31997369800870 ]
    r_1: [ -2.28626150960564, 1.31997369800870 ]

VMC:
  nstep: 500000
  nconfig: 50000

Optimization:
  max_niter: 1

Jastrow: wfn.casl

Backflow: wfn.casl

Multideterminants: wfn.casl
############## End of input file dump ##############

General setup:
* Random seed: 181506807 (from timer)

* Loaded integrals for system with nelec=6, ms2=0, norb=6
* INFO: setting number of electrons from integrals file.
* Analysis of Hamiltonian connecitivity performed:
  - T_ii (local, 1-site): 6 (i) values
  - U_iiii [opp] (local, 1-site): 6 (i) values
  - U_kkii [opp] (local, 2-site): 30 contribs. from 6 (i) values
  - U_kkii [par] (local, 2-site): 15 contribs. from 5 (i) values
  - T_ji (single, 2-site): 30 contribs. from 6 (i) values
  - U_kkji [opp] (single, 2/3-site): 180 contribs. from 30 (i,j) pairs
  - U_kkji [par] (single, 3-site): 150 contribs. from 30 (i,j) pairs
  - U_lkji [opp] (double, 2/3/4-site): 900 contribs. from 30 (i,j) pairs
  - U_lkji [par] (double, 4-site): 170 contribs. from 20 (i,j) pairs
  - Max. no. wfn. ratios in Eloc: 255
* Reading override orbitals from file "LTSC_benzene".
* Site labels:
  +-----+
  |  5  |
  |1   4|
  |3   6|
  |  2  |
  +-----+
* Automatically set Site kinds:
  [ 1, 1, 1, 1, 1, 1 ]
  +-----+
  |  1  |
  |1   1|
  |1   1|
  |  1  |
  +-----+
* Maximum Site kind: 1
* Number of site-pair kinds with Tij=0: 0
* Automatically set Site pair kinds:
  Site 1: [ 0, 4, 1, -5, -1, -2 ]
  Site 2: [ 4, 0, 1, -4, -3, -1 ]
  Site 3: [ 1, 1, 0, -2, -4, -5 ]
  Site 4: [ -5, -4, -2, 0, 1, 1 ]
  Site 5: [ -1, -3, -4, 1, 0, 4 ]
  Site 6: [ -2, -1, -5, 1, 4, 0 ]
  For site 1 of kind 1:
  +--------+
  |   -1   |
  | 0    -5|
  | 1    -2|
  |    4   |
  +--------+
* Maximum (unsigned) Site pair kind: 5
General system setup:
* Number of sites       : 6
* Number of electrons   : 6
* Spin imbalance MS2    : 0
* Filling               : 0.500000
* Number of orbitals in pool: 6
* Using real-valued orbitals
* Using double-precision arithmetic for orbitals

Trial wave function setup:
* Jastrow parameter file: "wfn.casl"
* Multideterminant parameter file: "wfn.casl"
* Backflow parameter file: "wfn.casl"
* Not using wave function manipulation

VMC #1:
* Size of Hilbert space =   4.0000E+02
* Deterministic energy evaluation:
  > Deterministic Etot/t = -230.65511689696294
    - Ttot/t = -10.220580778810151
    - Utot/t = 3.8079557359951011
* Number of equil. steps   = 1000
* Running VMC equilibration.
  Done. [total walltime: 0.19s]
* Equil. acc.ratio (%)     =  18.1493
* Sample config after equilibration:
  +-----+
  |  u  |
  |d   d|
  |u   u|
  |  d  |
  +-----+
* Number of accum. steps   = 500480 x 10
* Running VMC accumulation.
  Done. [total walltime: 12.0s]
* Acceptance ratio (%)     =  18.1442
* Etot/t                   =  -2.306549321507E+02 +/-   2.164012224953E-04
  > Ttot/t                 =  -1.022019864269E+01 +/-   4.440538449399E-04
  > Utot/t                 =   3.807758345988E+00 +/-   2.528811570148E-04
* var[Eloc/t]              =   2.334032295185E-02 +/-   1.961722627849E-04
* Correlation length       =   1.004151602866E+00
* log10 Psi^2 range: -7.3943831760579872 -- -2.8835373372153148
* log10 Pgen range : -7.3943831760579872 -- -2.8835373372153148
* Site occupation (ave. no. electrons per config.):
  > Site_  ___eu____  ___ed____
      1        0.502      0.499
      2        0.499      0.499
      3        0.497      0.501
      4        0.503      0.502
      5        0.497      0.500
      6        0.502      0.500
* Pair-correlation analysis (ave. no. pairs per config.):
  > Shell  nsite  ___dh____  __eueu___  __eued___
      0      1        0          0          0.672
      1      4        0.681      1.424      3.923
      2      4        0.059      0.828      1.168
      3      4        0.027      0.406      0.581
      4      4        0.093      2.225      1.775
      5      4        0.056      1.117      0.881

Optimization #1:
* Method          : lls
* Target function : energy
* No. of configs. : 50048
* No. of params.  : 44
* Before optimization:
  -7.7814E-01   3.7993E-01  -4.0004E-02  -3.7072E-02   7.3250E-02   7.3064E-02
  -2.3909E-01  -2.4749E-01   6.5376E-03   4.1963E-02   4.7370E-03   3.9250E-02
   6.8472E-05   1.0732E-04  -1.6347E-01  -1.6347E-01   1.0802E-01   8.5008E-02
   7.1306E-02  -7.1306E-02   5.0948E-02  -5.0948E-02  -4.4402E-02   6.3839E-01
  -1.5413E-02  -3.6816E-02  -3.7436E-02  -4.7667E-02  -4.7778E-02  -4.3350E-03
  -1.6268E-02  -1.5322E-02  -2.4658E-02  -2.5230E-02   1.6536E-01   1.5966E-01
   1.5903E-01   8.8721E-02   8.9744E-02   7.2507E-02   1.6322E-01   1.6366E-01
   1.1279E-01   1.1265E-01
  > E    =  -2.306539341009E+02 +/-   6.813870461274E-04
  > varE =   2.323670117023E-02
* Computing derivatives.
  Done. [total walltime: 34.6s]
* Optimizing manipulation constant:
  #igrid a___________ E____________________________________ varE____________
     1     Infinity    -2.30653934E+02 +/-   6.81387046E-04   2.32367012E-02
     2     1.0000E+06  -2.30653934E+02 +/-   6.81386633E-04   2.32366730E-02
     3     2.1544E+05  -2.30653934E+02 +/-   6.81385130E-04   2.32365705E-02
     4     4.6416E+04  -2.30653935E+02 +/-   6.81378153E-04   2.32360947E-02
     5     1.0000E+04  -2.30653939E+02 +/-   6.81345776E-04   2.32338865E-02
     6     2.1544E+03  -2.30653957E+02 +/-   6.81195627E-04   2.32236474E-02
     7     4.6416E+02  -2.30654040E+02 +/-   6.80501514E-04   2.31763435E-02
     8     1.0000E+02  -2.30654418E+02 +/-   6.77338110E-04   2.29613676E-02
     9     2.1544E+01  -2.30656049E+02 +/-   6.63712754E-04   2.20468757E-02
    10     4.6416E+00  -2.30662201E+02 +/-   6.12193229E-04   1.87570169E-02
    11     1.0000E+00  -2.30681212E+02 +/-   4.27862248E-04   9.16209233E-03
    12     2.1544E-01  -2.30699663E+02 +/-   9.98246889E-05   4.98726744E-04
    13     4.6416E-02  -2.30698607E+02 +/-   1.77819734E-04   1.58251065E-03
    14     1.0000E-02  -2.30685499E+02 +/-   4.90369768E-04   1.20346677E-02
    15     2.1544E-03  -2.30668305E+02 +/-   6.92284235E-04   2.39858775E-02
    16     4.6416E-04  -2.30662751E+02 +/-   7.44320962E-04   2.77272774E-02
    17     1.0000E-04  -2.30661444E+02 +/-   7.55955206E-04   2.86008442E-02
    18     2.1544E-05  -2.30661158E+02 +/-   7.58481629E-04   2.87923332E-02
    19     4.6416E-06  -2.30661095E+02 +/-   7.59026856E-04   2.88337422E-02
    20     1.0000E-06  -2.30661082E+02 +/-   7.59144365E-04   2.88426707E-02
    21     0.0000E+00  -2.30661078E+02 +/-   7.59176636E-04   2.88451230E-02
  ParMin   1.1003E-01  -2.30697189E+02 +/-   2.06956143E-04   2.14359814E-03
  # Using grid point #12
* Iteration # 1: E =  -2.306996627663E+02 +/-   9.982468893014E-05
* Reached maximum number of iterations: exiting.
* After optimization:
  -1.1660E+00   4.4077E-01  -2.7871E-02  -2.3149E-02   9.7008E-02   8.8955E-02
  -2.6428E-01  -2.3504E-01   2.7158E-02   1.8759E-02   4.2467E-02   1.3961E-02
  -1.5277E-02  -2.1728E-02  -1.3592E-02   4.4771E-03  -2.1043E-03  -3.3906E-02
  -2.2297E-03  -4.9921E-03  -6.8521E-03   3.2606E-03  -1.4112E-02   6.8051E-01
  -3.1170E-02  -7.1631E-02  -6.9434E-02  -2.2528E-02  -1.9820E-02  -1.6048E-02
  -3.5821E-02  -3.3467E-02  -1.1040E-02  -2.5146E-02   1.7531E-01   1.1066E-01
   1.0882E-01   1.3465E-01   1.5671E-01   1.0199E-01   1.3228E-01   1.4408E-01
   1.5082E-01   1.5253E-01
  > Energy =  -2.306996627663E+02 +/-   9.982468893014E-05
  > varE =   4.987267444889E-04

VMC #2:
* Size of Hilbert space =   4.0000E+02
* Deterministic energy evaluation:
  > Deterministic Etot/t = -230.69959816047364
    - Ttot/t = -10.369930940156280
    - Utot/t = 3.9128246338304926
* Number of equil. steps   = 1000
* Running VMC equilibration.
  Done. [total walltime: 0.10s]
* Equil. acc.ratio (%)     =  43.0432
* Sample config after equilibration:
  +-----+
  |  u  |
  |2   0|
  |0   2|
  |  d  |
  +-----+
* Number of accum. steps   = 500480 x 10
* Running VMC accumulation.
  Done. [total walltime: 12.0s]
* Acceptance ratio (%)     =  43.0461
* Etot/t                   =  -2.306996100334E+02 +/-   3.154919507627E-05
  > Ttot/t                 =  -1.037017535862E+01 +/-   2.802779907661E-04
  > Utot/t                 =   3.913057179407E+00 +/-   2.930298281218E-04
* var[Eloc/t]              =   5.069727686609E-04 +/-   3.352375289226E-06
* Correlation length       =   9.826043026274E-01
* log10 Psi^2 range: -7.5452791088641176 -- -3.7259752634751897
* log10 Pgen range : -7.5452791088641176 -- -3.7259752634751897
* Site occupation (ave. no. electrons per config.):
  > Site_  ___eu____  ___ed____
      1        0.503      0.498
      2        0.501      0.494
      3        0.497      0.502
      4        0.500      0.500
      5        0.499      0.504
      6        0.501      0.502
* Pair-correlation analysis (ave. no. pairs per config.):
  > Shell  nsite  ___dh____  __eueu___  __eued___
      0      1        0          0          1.052
      1      4        1.069      1.514      3.491
      2      4        0.159      0.846      1.100
      3      4        0.080      0.419      0.547
      4      4        0.241      2.148      1.871
      5      4        0.123      1.073      0.939

Optimization #2:
* Method          : lls
* Target function : energy
* No. of configs. : 50048
* No. of params.  : 44
* Before optimization:
  -1.1660E+00   4.4077E-01  -2.7871E-02  -2.3149E-02   9.7008E-02   8.8955E-02
  -2.6428E-01  -2.3504E-01   2.7158E-02   1.8759E-02   4.2467E-02   1.3961E-02
  -1.5277E-02  -2.1728E-02  -1.3592E-02   4.4771E-03  -2.1043E-03  -3.3906E-02
  -2.2297E-03  -4.9921E-03  -6.8521E-03   3.2606E-03  -1.4112E-02   6.8051E-01
  -3.1170E-02  -7.1631E-02  -6.9434E-02  -2.2528E-02  -1.9820E-02  -1.6048E-02
  -3.5821E-02  -3.3467E-02  -1.1040E-02  -2.5146E-02   1.7531E-01   1.1066E-01
   1.0882E-01   1.3465E-01   1.5671E-01   1.0199E-01   1.3228E-01   1.4408E-01
   1.5082E-01   1.5253E-01
  > E    =  -2.306995326065E+02 +/-   1.007804438833E-04
  > varE =   5.083224149639E-04
* Computing derivatives.
  Done. [total walltime: 34.6s]
* Optimizing manipulation constant:
  #igrid a___________ E____________________________________ varE____________
     1     Infinity    -2.30699533E+02 +/-   1.00780444E-04   5.08322415E-04
     2     1.0000E+06  -2.30699533E+02 +/-   1.00780354E-04   5.08321512E-04
     3     2.1544E+05  -2.30699533E+02 +/-   1.00780029E-04   5.08318225E-04
     4     4.6416E+04  -2.30699533E+02 +/-   1.00778516E-04   5.08302965E-04
     5     1.0000E+04  -2.30699533E+02 +/-   1.00771487E-04   5.08232065E-04
     6     2.1544E+03  -2.30699533E+02 +/-   1.00738711E-04   5.07901511E-04
     7     4.6416E+02  -2.30699535E+02 +/-   1.00583410E-04   5.06336736E-04
     8     1.0000E+02  -2.30699545E+02 +/-   9.98042082E-05   4.98522120E-04
     9     2.1544E+01  -2.30699603E+02 +/-   9.57701512E-05   4.59036345E-04
    10     4.6416E+00  -2.30699723E+02 +/-   8.62200121E-05   3.72051351E-04
    11     1.0000E+00  -2.30697288E+02 +/-   2.29424687E-04   2.63431086E-03
    12     2.1544E-01  -2.30196657E+02 +/-   2.34933201E-03   2.76232973E-01
    13     4.6416E-02  -2.30002696E+02 +/-   2.56688679E-03   3.29761658E-01
    14     1.0000E-02  -2.30088150E+02 +/-   2.65957060E-03   3.54005308E-01
    15     2.1544E-03  -2.29396258E+02 +/-   2.80577884E-03   3.93997620E-01
    16     4.6416E-04  -2.29644112E+02 +/-   2.93535138E-03   4.31227969E-01
    17     1.0000E-04  -2.29792078E+02 +/-   2.91572164E-03   4.25479702E-01
    18     2.1544E-05  -2.29833316E+02 +/-   2.89752123E-03   4.20184454E-01
    19     4.6416E-06  -2.29842701E+02 +/-   2.89260316E-03   4.18759276E-01
    20     1.0000E-06  -2.29844746E+02 +/-   2.89149289E-03   4.18437871E-01
    21     0.0000E+00  -2.29845309E+02 +/-   2.89118479E-03   4.18348704E-01
  ParMin   9.2726E+00  -2.30699680E+02 +/-   9.06301336E-05   4.11085319E-04
  # Using grid point #10
* Iteration # 1: E =  -2.306997229406E+02 +/-   8.622001205538E-05
* Reached maximum number of iterations: exiting.
* After optimization:
  -1.1091E+00   4.0508E-01  -4.0604E-02  -3.6300E-02   7.4738E-02   6.8101E-02
  -2.4269E-01  -2.1233E-01   3.0803E-02   2.3258E-02   4.4497E-02   1.4194E-02
  -9.3040E-03  -1.8417E-02  -1.8744E-02   4.6120E-04   1.9653E-03  -2.8800E-02
  -1.7353E-03  -5.6112E-03  -8.1239E-03   4.5492E-03  -1.2784E-02   7.1496E-01
  -4.9735E-02  -7.0088E-02  -6.7994E-02  -2.2494E-02  -1.9741E-02  -3.1933E-02
  -3.2028E-02  -2.9084E-02  -1.1194E-02  -2.5298E-02   1.3748E-01   1.0285E-01
   1.0143E-01   1.2580E-01   1.4801E-01   7.5044E-02   1.2692E-01   1.3953E-01
   1.3932E-01   1.4111E-01
  > Energy =  -2.306997229406E+02 +/-   8.622001205538E-05
  > varE =   3.720513506845E-04

VMC #3:
* Size of Hilbert space =   4.0000E+02
* Deterministic energy evaluation:
  > Deterministic Etot/t = -230.69977100436523
    - Ttot/t = -10.368421152144570
    - Utot/t = 3.9111420019272067
* Number of equil. steps   = 1000
* Running VMC equilibration.
  Done. [total walltime: 0.10s]
* Equil. acc.ratio (%)     =  44.4839
* Sample config after equilibration:
  +-----+
  |  d  |
  |0   u|
  |u   2|
  |  d  |
  +-----+
* Number of accum. steps   = 500480 x 10
* Running VMC accumulation.
  Done. [total walltime: 11.9s]
* Acceptance ratio (%)     =  44.5560
* Etot/t                   =  -2.306997728475E+02 +/-   2.726598723489E-05
  > Ttot/t                 =  -1.036873650011E+01 +/-   2.836332393880E-04
  > Utot/t                 =   3.911455506731E+00 +/-   2.932848062149E-04
* var[Eloc/t]              =   3.686664385348E-04 +/-   1.989367896732E-06
* Correlation length       =   1.009242609048E+00
* log10 Psi^2 range: -7.2222614340222444 -- -3.3406721362751592
* log10 Pgen range : -7.2222614340222444 -- -3.3406721362751592
* Site occupation (ave. no. electrons per config.):
  > Site_  ___eu____  ___ed____
      1        0.501      0.500
      2        0.496      0.499
      3        0.505      0.503
      4        0.497      0.500
      5        0.498      0.498
      6        0.505      0.500
* Pair-correlation analysis (ave. no. pairs per config.):
  > Shell  nsite  ___dh____  __eueu___  __eued___
      0      1        0          0          1.041
      1      4        1.061      1.508      3.500
      2      4        0.156      0.851      1.101
      3      4        0.079      0.414      0.544
      4      4        0.234      2.148      1.871
      5      4        0.120      1.078      0.943

Optimization #3:
* Method          : lls
* Target function : energy
* No. of configs. : 50048
* No. of params.  : 44
* Before optimization:
  -1.1091E+00   4.0508E-01  -4.0604E-02  -3.6300E-02   7.4738E-02   6.8101E-02
  -2.4269E-01  -2.1233E-01   3.0803E-02   2.3258E-02   4.4497E-02   1.4194E-02
  -9.3040E-03  -1.8417E-02  -1.8744E-02   4.6120E-04   1.9653E-03  -2.8800E-02
  -1.7353E-03  -5.6112E-03  -8.1239E-03   4.5492E-03  -1.2784E-02   7.1496E-01
  -4.9735E-02  -7.0088E-02  -6.7994E-02  -2.2494E-02  -1.9741E-02  -3.1933E-02
  -3.2028E-02  -2.9084E-02  -1.1194E-02  -2.5298E-02   1.3748E-01   1.0285E-01
   1.0143E-01   1.2580E-01   1.4801E-01   7.5044E-02   1.2692E-01   1.3953E-01
   1.3932E-01   1.4111E-01
  > E    =  -2.306998803838E+02 +/-   8.522564766926E-05
  > varE =   3.635191947612E-04
* Computing derivatives.
  Done. [total walltime: 34.5s]
* Optimizing manipulation constant:
  #igrid a___________ E____________________________________ varE____________
     1     Infinity    -2.30699880E+02 +/-   8.52256477E-05   3.63519195E-04
     2     1.0000E+06  -2.30699880E+02 +/-   8.52255758E-05   3.63518582E-04
     3     2.1544E+05  -2.30699880E+02 +/-   8.52253141E-05   3.63516349E-04
     4     4.6416E+04  -2.30699880E+02 +/-   8.52240993E-05   3.63505986E-04
     5     1.0000E+04  -2.30699880E+02 +/-   8.52184575E-05   3.63457860E-04
     6     2.1544E+03  -2.30699881E+02 +/-   8.51922068E-05   3.63233975E-04
     7     4.6416E+02  -2.30699882E+02 +/-   8.50689889E-05   3.62184007E-04
     8     1.0000E+02  -2.30699887E+02 +/-   8.44687500E-05   3.57090965E-04
     9     2.1544E+01  -2.30699914E+02 +/-   8.14715339E-05   3.32199147E-04
    10     4.6416E+00  -2.30698971E+02 +/-   1.44658875E-04   1.04731397E-03
    11     1.0000E+00  -2.30561627E+02 +/-   1.40054188E-03   9.81700305E-02
    12     2.1544E-01  -2.30006251E+02 +/-   2.54500923E-03   3.24164499E-01
    13     4.6416E-02  -2.29269578E+02 +/-   2.61089070E-03   3.41164717E-01
    14     1.0000E-02  -2.30261373E+02 +/-   2.25570598E-03   2.54654708E-01
    15     2.1544E-03  -2.30700161E+02 +/-   5.17785131E-05   1.34179410E-04
    16     4.6416E-04  -2.30698357E+02 +/-   1.66169673E-04   1.38194341E-03
    17     1.0000E-04  -2.30696897E+02 +/-   2.21415697E-04   2.45359875E-03
    18     2.1544E-05  -2.30696506E+02 +/-   2.34078701E-04   2.74227197E-03
    19     4.6416E-06  -2.30696418E+02 +/-   2.36839955E-04   2.80735069E-03
    20     1.0000E-06  -2.30696399E+02 +/-   2.37436366E-04   2.82150743E-03
    21     0.0000E+00  -2.30696394E+02 +/-   2.37600237E-04   2.82540341E-03
  ParMin   1.0074E-03  -2.30699626E+02 +/-   9.66733113E-05   4.67735051E-04
  # Using grid point #15
* Iteration # 1: E =  -2.307001611631E+02 +/-   5.177851312959E-05
* Reached maximum number of iterations: exiting.
* After optimization:
  -7.8849E-01   3.0398E-01  -6.9906E-02  -6.8766E-02   2.2714E-02   9.7307E-03
  -1.7405E-01  -1.4296E-01   2.6225E-02   5.1643E-02   1.5723E-02   5.5063E-02
  -5.3534E-03  -5.7892E-03  -3.2808E-02  -9.8444E-03   1.6959E-02   5.9257E-03
   1.7647E-03  -5.1954E-03  -1.1366E-02   7.1378E-03  -5.5918E-03   7.8155E-01
  -8.2753E-02  -7.1559E-02  -7.9211E-02  -4.6226E-02  -4.6339E-02  -5.0962E-02
  -3.8395E-02  -4.2182E-02  -4.0246E-02  -5.2441E-02   1.5643E-02   6.4880E-02
   6.3411E-02   5.0722E-02   6.5863E-02   5.0719E-03   8.9253E-02   9.7306E-02
   5.5063E-02   5.5262E-02
  > Energy =  -2.307001611631E+02 +/-   5.177851312959E-05
  > varE =   1.341794097878E-04

VMC #4:
* Size of Hilbert space =   4.0000E+02
* Deterministic energy evaluation:
  > Deterministic Etot/t = -230.70010057096317
    - Ttot/t = -10.366595206499145
    - Utot/t = 3.9089864896838180
* Number of equil. steps   = 1000
* Running VMC equilibration.
  Done. [total walltime: 0.09s]
* Equil. acc.ratio (%)     =  44.9436
* Sample config after equilibration:
  +-----+
  |  u  |
  |0   2|
  |d   u|
  |  d  |
  +-----+
* Number of accum. steps   = 500480 x 10
* Running VMC accumulation.
  Done. [total walltime: 11.8s]
* Acceptance ratio (%)     =  44.7318
* Etot/t                   =  -2.307001074728E+02 +/-   1.629488913352E-05
  > Ttot/t                 =  -1.036666803914E+01 +/-   2.824887685248E-04
  > Utot/t                 =   3.909052420438E+00 +/-   2.906141305712E-04
* var[Eloc/t]              =   1.356696217904E-04 +/-   2.022420809727E-07
* Correlation length       =   9.795056212360E-01
* log10 Psi^2 range: -6.4350123715554481 -- -2.3294450664561199
* log10 Pgen range : -6.4350123715554481 -- -2.3294450664561199
* Site occupation (ave. no. electrons per config.):
  > Site_  ___eu____  ___ed____
      1        0.500      0.498
      2        0.498      0.501
      3        0.499      0.501
      4        0.501      0.498
      5        0.501      0.501
      6        0.501      0.500
* Pair-correlation analysis (ave. no. pairs per config.):
  > Shell  nsite  ___dh____  __eueu___  __eued___
      0      1        0          0          1.044
      1      4        1.075      1.472      3.521
      2      4        0.153      0.836      1.110
      3      4        0.077      0.417      0.558
      4      4        0.237      2.185      1.843
      5      4        0.117      1.089      0.924

Optimization #4:
* Method          : lls
* Target function : energy
* No. of configs. : 50048
* No. of params.  : 44
* Before optimization:
  -7.8849E-01   3.0398E-01  -6.9906E-02  -6.8766E-02   2.2714E-02   9.7307E-03
  -1.7405E-01  -1.4296E-01   2.6225E-02   5.1643E-02   1.5723E-02   5.5063E-02
  -5.3534E-03  -5.7892E-03  -3.2808E-02  -9.8444E-03   1.6959E-02   5.9257E-03
   1.7647E-03  -5.1954E-03  -1.1366E-02   7.1378E-03  -5.5918E-03   7.8155E-01
  -8.2753E-02  -7.1559E-02  -7.9211E-02  -4.6226E-02  -4.6339E-02  -5.0962E-02
  -3.8395E-02  -4.2182E-02  -4.0246E-02  -5.2441E-02   1.5643E-02   6.4880E-02
   6.3411E-02   5.0722E-02   6.5863E-02   5.0719E-03   8.9253E-02   9.7306E-02
   5.5063E-02   5.5262E-02
  > E    =  -2.307001356480E+02 +/-   5.201248395804E-05
  > varE =   1.353947787017E-04
* Computing derivatives.
  Done. [total walltime: 34.2s]
* Optimizing manipulation constant:
  #igrid a___________ E____________________________________ varE____________
     1     Infinity    -2.30700136E+02 +/-   5.20124840E-05   1.35394779E-04
     2     1.0000E+06  -2.30700136E+02 +/-   5.20124345E-05   1.35394521E-04
     3     2.1544E+05  -2.30700136E+02 +/-   5.20122532E-05   1.35393577E-04
     4     4.6416E+04  -2.30700136E+02 +/-   5.20113883E-05   1.35389074E-04
     5     1.0000E+04  -2.30700136E+02 +/-   5.20068747E-05   1.35365577E-04
     6     2.1544E+03  -2.30700136E+02 +/-   5.19753561E-05   1.35201551E-04
     7     4.6416E+02  -2.30700139E+02 +/-   5.16206251E-05   1.33362352E-04
     8     1.0000E+02  -2.30700171E+02 +/-   4.74880758E-05   1.12864113E-04
     9     2.1544E+01  -2.30700143E+02 +/-   5.74590002E-05   1.65235309E-04
    10     4.6416E+00  -2.30700194E+02 +/-   4.12684445E-05   8.52359736E-05
    11     1.0000E+00  -2.30678099E+02 +/-   5.93524221E-04   1.76304590E-02
    12     2.1544E-01  -2.30550533E+02 +/-   1.51147165E-03   1.14336985E-01
    13     4.6416E-02  -2.29291002E+02 +/-   2.68836762E-03   3.61712934E-01
    14     1.0000E-02  -2.29270142E+02 +/-   2.66084976E-03   3.54345918E-01
    15     2.1544E-03  -2.29267937E+02 +/-   2.65760253E-03   3.53481577E-01
    16     4.6416E-04  -2.29267534E+02 +/-   2.65698838E-03   3.53318223E-01
    17     1.0000E-04  -2.29267450E+02 +/-   2.65685972E-03   3.53284006E-01
    18     2.1544E-05  -2.29267432E+02 +/-   2.65683217E-03   3.53276678E-01
    19     4.6416E-06  -2.29267429E+02 +/-   2.65682624E-03   3.53275102E-01
    20     1.0000E-06  -2.29267428E+02 +/-   2.65682496E-03   3.53274762E-01
    21     0.0000E+00  -2.29267427E+02 +/-   2.65682461E-03   3.53274669E-01
  ParMin   9.9365E+00  -2.30700168E+02 +/-   5.29266599E-05   1.40196026E-04
  # Using grid point #10
* Iteration # 1: E =  -2.307001938138E+02 +/-   4.126844449290E-05
* Reached maximum number of iterations: exiting.
* After optimization:
  -6.9472E-01   3.0662E-01  -7.2052E-02  -7.2461E-02   2.1498E-02   1.0631E-02
  -1.7761E-01  -1.4355E-01   2.9559E-02   4.9385E-02   2.0330E-02   5.4111E-02
  -4.6422E-03  -5.3421E-03  -3.3406E-02  -1.2575E-02   1.8349E-02   4.6065E-03
   1.2809E-03  -4.4052E-03  -1.1815E-02   7.4336E-03  -4.5424E-03   7.4044E-01
  -8.0374E-02  -5.9525E-02  -6.4598E-02  -3.8578E-02  -3.8617E-02  -5.0769E-02
  -2.8825E-02  -3.1352E-02  -3.1728E-02  -4.2243E-02   1.2852E-02   6.4155E-02
   6.2457E-02   5.1295E-02   6.5495E-02   2.1052E-03   8.8755E-02   9.4332E-02
   5.5693E-02   5.5921E-02
  > Energy =  -2.307001938138E+02 +/-   4.126844449290E-05
  > varE =   8.523597359970E-05

VMC #5:
* Size of Hilbert space =   4.0000E+02
* Deterministic energy evaluation:
  > Deterministic Etot/t = -230.70015778356566
    - Ttot/t = -10.365586913932711
    - Utot/t = 3.9079209845149099
* Number of equil. steps   = 1000
* Running VMC equilibration.
  Done. [total walltime: 0.09s]
* Equil. acc.ratio (%)     =  43.0766
* Sample config after equilibration:
  +-----+
  |  2  |
  |0   0|
  |2   u|
  |  d  |
  +-----+
* Number of accum. steps   = 500480 x 10
* Running VMC accumulation.
  Done. [total walltime: 11.8s]
* Acceptance ratio (%)     =  43.0568
* Etot/t                   =  -2.307001645981E+02 +/-   1.314016417353E-05
  > Ttot/t                 =  -1.036558348796E+01 +/-   2.781136011416E-04
  > Utot/t                 =   3.907910743856E+00 +/-   2.837495347497E-04
* var[Eloc/t]              =   8.578305553889E-05 +/-   2.529626213689E-07
* Correlation length       =   1.007364862323E+00
* log10 Psi^2 range: -6.4621292790234106 -- -2.3161611487241669
* log10 Pgen range : -6.4621292790234106 -- -2.3161611487241669
* Site occupation (ave. no. electrons per config.):
  > Site_  ___eu____  ___ed____
      1        0.498      0.498
      2        0.500      0.500
      3        0.502      0.501
      4        0.498      0.500
      5        0.502      0.501
      6        0.501      0.501
* Pair-correlation analysis (ave. no. pairs per config.):
  > Shell  nsite  ___dh____  __eueu___  __eued___
      0      1        0          0          1.033
      1      4        1.061      1.471      3.536
      2      4        0.153      0.830      1.111
      3      4        0.076      0.416      0.559
      4      4        0.231      2.190      1.841
      5      4        0.115      1.092      0.921

Optimization #5:
* Method          : lls
* Target function : energy
* No. of configs. : 50048
* No. of params.  : 44
* Before optimization:
  -6.9472E-01   3.0662E-01  -7.2052E-02  -7.2461E-02   2.1498E-02   1.0631E-02
  -1.7761E-01  -1.4355E-01   2.9559E-02   4.9385E-02   2.0330E-02   5.4111E-02
  -4.6422E-03  -5.3421E-03  -3.3406E-02  -1.2575E-02   1.8349E-02   4.6065E-03
   1.2809E-03  -4.4052E-03  -1.1815E-02   7.4336E-03  -4.5424E-03   7.4044E-01
  -8.0374E-02  -5.9525E-02  -6.4598E-02  -3.8578E-02  -3.8617E-02  -5.0769E-02
  -2.8825E-02  -3.1352E-02  -3.1728E-02  -4.2243E-02   1.2852E-02   6.4155E-02
   6.2457E-02   5.1295E-02   6.5495E-02   2.1052E-03   8.8755E-02   9.4332E-02
   5.5693E-02   5.5921E-02
  > E    =  -2.307001806032E+02 +/-   4.148373181959E-05
  > varE =   8.612760348426E-05
* Computing derivatives.
  Done. [total walltime: 33.8s]
* Optimizing manipulation constant:
  #igrid a___________ E____________________________________ varE____________
     1     Infinity    -2.30700181E+02 +/-   4.14837318E-05   8.61276035E-05
     2     1.0000E+06  -2.30700181E+02 +/-   4.14836949E-05   8.61274501E-05
     3     2.1544E+05  -2.30700181E+02 +/-   4.14835603E-05   8.61268914E-05
     4     4.6416E+04  -2.30700181E+02 +/-   4.14829356E-05   8.61242973E-05
     5     1.0000E+04  -2.30700181E+02 +/-   4.14800322E-05   8.61122422E-05
     6     2.1544E+03  -2.30700181E+02 +/-   4.14664764E-05   8.60559678E-05
     7     4.6416E+02  -2.30700181E+02 +/-   4.14018506E-05   8.57879392E-05
     8     1.0000E+02  -2.30700182E+02 +/-   4.10662010E-05   8.44025922E-05
     9     2.1544E+01  -2.30700189E+02 +/-   3.88990526E-05   7.57294453E-05
    10     4.6416E+00  -2.30700148E+02 +/-   3.83914054E-05   7.37657475E-05
    11     1.0000E+00  -2.30697626E+02 +/-   1.92672377E-04   1.85791413E-03
    12     2.1544E-01  -2.30685966E+02 +/-   4.56784961E-04   1.04426403E-02
    13     4.6416E-02  -2.30655785E+02 +/-   8.06035351E-04   3.25158346E-02
    14     1.0000E-02  -2.30017854E+02 +/-   2.09052384E-03   2.18724271E-01
    15     2.1544E-03  -2.30019813E+02 +/-   1.97638191E-03   1.95491764E-01
    16     4.6416E-04  -2.30014180E+02 +/-   9.67302793E-04   4.68286470E-02
    17     1.0000E-04  -2.30014547E+02 +/-   4.30873187E-04   9.29149645E-03
    18     2.1544E-05  -2.30014641E+02 +/-   2.98429294E-04   4.45727707E-03
    19     4.6416E-06  -2.30014662E+02 +/-   2.76064813E-04   3.81424721E-03
    20     1.0000E-06  -2.30014667E+02 +/-   2.71490857E-04   3.68890222E-03
    21     0.0000E+00  -2.30014668E+02 +/-   2.70249483E-04   3.65524481E-03
  ParMin   3.1575E+01  -2.30700186E+02 +/-   3.98731979E-05   7.95699095E-05
  # Using grid point #9
* Iteration # 1: E =  -2.307001887971E+02 +/-   3.889905261862E-05
* Reached maximum number of iterations: exiting.
* After optimization:
  -7.5142E-01   3.0643E-01  -7.2791E-02  -7.3585E-02   2.0852E-02   1.0682E-02
  -1.7804E-01  -1.4344E-01   3.0241E-02   4.9103E-02   2.1173E-02   5.4340E-02
  -4.5309E-03  -4.8776E-03  -3.3236E-02  -1.3138E-02   1.8717E-02   4.4685E-03
   1.0964E-03  -4.1771E-03  -1.2104E-02   7.7083E-03  -4.2200E-03   7.6159E-01
  -8.4544E-02  -5.9152E-02  -6.3921E-02  -3.8823E-02  -3.8809E-02  -5.3773E-02
  -2.7760E-02  -3.0113E-02  -3.1381E-02  -4.1740E-02   9.9824E-03   6.4802E-02
   6.2968E-02   5.1100E-02   6.4856E-02  -6.3059E-04   8.9322E-02   9.4223E-02
   5.5636E-02   5.5910E-02
  > Energy =  -2.307001887971E+02 +/-   3.889905261862E-05
  > varE =   7.572944527345E-05

VMC #6:
* Size of Hilbert space =   4.0000E+02
* Deterministic energy evaluation:
  > Deterministic Etot/t = -230.70017006967333
    - Ttot/t = -10.365222970764973
    - Utot/t = 3.9075447552395803
* Number of equil. steps   = 1000
* Running VMC equilibration.
  Done. [total walltime: 0.09s]
* Equil. acc.ratio (%)     =  44.4043
* Sample config after equilibration:
  +-----+
  |  2  |
  |0   0|
  |d   2|
  |  u  |
  +-----+
* Number of accum. steps   = 500480 x 10
* Running VMC accumulation.
  Done. [total walltime: 11.5s]
* Acceptance ratio (%)     =  44.3163
* Etot/t                   =  -2.307001719562E+02 +/-   1.233864143122E-05
  > Ttot/t                 =  -1.036548857391E+01 +/-   2.852085742105E-04
  > Utot/t                 =   3.907808471963E+00 +/-   2.897960206992E-04
* var[Eloc/t]              =   7.526056595263E-05 +/-   1.639730413733E-07
* Correlation length       =   1.012404190885E+00
* log10 Psi^2 range: -6.4470444135915761 -- -2.2966331003952249
* log10 Pgen range : -6.4470444135915761 -- -2.2966331003952249
* Site occupation (ave. no. electrons per config.):
  > Site_  ___eu____  ___ed____
      1        0.497      0.501
      2        0.501      0.497
      3        0.501      0.504
      4        0.502      0.501
      5        0.500      0.497
      6        0.500      0.499
* Pair-correlation analysis (ave. no. pairs per config.):
  > Shell  nsite  ___dh____  __eueu___  __eued___
      0      1        0          0          1.045
      1      4        1.077      1.476      3.514
      2      4        0.155      0.837      1.112
      3      4        0.078      0.413      0.554
      4      4        0.233      2.181      1.845
      5      4        0.116      1.093      0.930

Optimization #6:
* Method          : lls
* Target function : energy
* No. of configs. : 50048
* No. of params.  : 44
* Before optimization:
  -7.5142E-01   3.0643E-01  -7.2791E-02  -7.3585E-02   2.0852E-02   1.0682E-02
  -1.7804E-01  -1.4344E-01   3.0241E-02   4.9103E-02   2.1173E-02   5.4340E-02
  -4.5309E-03  -4.8776E-03  -3.3236E-02  -1.3138E-02   1.8717E-02   4.4685E-03
   1.0964E-03  -4.1771E-03  -1.2104E-02   7.7083E-03  -4.2200E-03   7.6159E-01
  -8.4544E-02  -5.9152E-02  -6.3921E-02  -3.8823E-02  -3.8809E-02  -5.3773E-02
  -2.7760E-02  -3.0113E-02  -3.1381E-02  -4.1740E-02   9.9824E-03   6.4802E-02
   6.2968E-02   5.1100E-02   6.4856E-02  -6.3059E-04   8.9322E-02   9.4223E-02
   5.5636E-02   5.5910E-02
  > E    =  -2.307001084011E+02 +/-   3.884127458159E-05
  > varE =   7.550464549746E-05
* Computing derivatives.
  Done. [total walltime: 33.4s]
* Optimizing manipulation constant:
  #igrid a___________ E____________________________________ varE____________
     1     Infinity    -2.30700108E+02 +/-   3.88412746E-05   7.55046455E-05
     2     1.0000E+06  -2.30700108E+02 +/-   3.88412406E-05   7.55045134E-05
     3     2.1544E+05  -2.30700108E+02 +/-   3.88411168E-05   7.55040322E-05
     4     4.6416E+04  -2.30700108E+02 +/-   3.88405413E-05   7.55017946E-05
     5     1.0000E+04  -2.30700108E+02 +/-   3.88378473E-05   7.54913215E-05
     6     2.1544E+03  -2.30700109E+02 +/-   3.88248594E-05   7.54408391E-05
     7     4.6416E+02  -2.30700109E+02 +/-   3.87542764E-05   7.51667878E-05
     8     1.0000E+02  -2.30700114E+02 +/-   3.82225586E-05   7.31183255E-05
     9     2.1544E+01  -2.30700169E+02 +/-   3.50655589E-05   6.15386915E-05
    10     4.6416E+00  -2.30698839E+02 +/-   1.70472624E-04   1.45444071E-03
    11     1.0000E+00  -2.30658857E+02 +/-   8.16188244E-04   3.33401383E-02
    12     2.1544E-01  -2.30540697E+02 +/-   1.52696884E-03   1.16693611E-01
    13     4.6416E-02  -2.30430857E+02 +/-   1.91074049E-03   1.82721705E-01
    14     1.0000E-02  -2.30015051E+02 +/-   2.59271573E-03   3.36431407E-01
    15     2.1544E-03  -2.30006808E+02 +/-   2.57273809E-03   3.31266775E-01
    16     4.6416E-04  -2.30007423E+02 +/-   2.55114532E-03   3.25729524E-01
    17     1.0000E-04  -2.30007582E+02 +/-   2.54548518E-03   3.24285756E-01
    18     2.1544E-05  -2.30007618E+02 +/-   2.54421874E-03   3.23963156E-01
    19     4.6416E-06  -2.30007625E+02 +/-   2.54394371E-03   3.23893120E-01
    20     1.0000E-06  -2.30007627E+02 +/-   2.54388436E-03   3.23878006E-01
    21     0.0000E+00  -2.30007627E+02 +/-   2.54386805E-03   3.23873855E-01
  ParMin   4.3938E+01  -2.30700130E+02 +/-   3.68648906E-05   6.80162409E-05
  # Using grid point #9
* Iteration # 1: E =  -2.307001690141E+02 +/-   3.506555888999E-05
* Reached maximum number of iterations: exiting.
* After optimization:
  -9.0348E-01   3.0621E-01  -7.3627E-02  -7.4686E-02   2.0151E-02   1.0660E-02
  -1.7837E-01  -1.4347E-01   3.0935E-02   4.8882E-02   2.2243E-02   5.4261E-02
  -4.2857E-03  -4.5336E-03  -3.3099E-02  -1.3579E-02   1.9032E-02   4.2956E-03
   8.9714E-04  -3.9553E-03  -1.2403E-02   8.0198E-03  -3.8914E-03   8.1986E-01
  -9.3100E-02  -6.1727E-02  -6.6539E-02  -4.1010E-02  -4.0943E-02  -5.9514E-02
  -2.8125E-02  -3.0391E-02  -3.2622E-02  -4.3348E-02   6.6582E-03   6.5095E-02
   6.3153E-02   5.0572E-02   6.3937E-02  -3.7444E-03   8.9499E-02   9.4000E-02
   5.5233E-02   5.5567E-02
  > Energy =  -2.307001690141E+02 +/-   3.506555888999E-05
  > varE =   6.153869149755E-05

VMC #7:
* Size of Hilbert space =   4.0000E+02
* Deterministic energy evaluation:
  > Deterministic Etot/t = -230.70018751938971
    - Ttot/t = -10.363377773556710
    - Utot/t = 3.9056821083149300
* Number of equil. steps   = 1000
* Running VMC equilibration.
  Done. [total walltime: 0.09s]
* Equil. acc.ratio (%)     =  43.2898
* Sample config after equilibration:
  +-----+
  |  d  |
  |u   u|
  |d   d|
  |  u  |
  +-----+
* Number of accum. steps   = 500480 x 10
* Running VMC accumulation.
  Done. [total walltime: 11.5s]
* Acceptance ratio (%)     =  43.3239
* Etot/t                   =  -2.307002057366E+02 +/-   1.106176285843E-05
  > Ttot/t                 =  -1.036350168752E+01 +/-   2.901345930551E-04
  > Utot/t                 =   3.905787805059E+00 +/-   2.905628700333E-04
* var[Eloc/t]              =   6.089303442575E-05 +/-   1.142726561735E-07
* Correlation length       =   1.005698490680E+00
* log10 Psi^2 range: -6.4231180274991404 -- -2.2754680106582770
* log10 Pgen range : -6.4231180274991404 -- -2.2754680106582770
* Site occupation (ave. no. electrons per config.):
  > Site_  ___eu____  ___ed____
      1        0.498      0.498
      2        0.496      0.505
      3        0.505      0.498
      4        0.497      0.503
      5        0.503      0.499
      6        0.502      0.496
* Pair-correlation analysis (ave. no. pairs per config.):
  > Shell  nsite  ___dh____  __eueu___  __eued___
      0      1        0          0          1.023
      1      4        1.047      1.466      3.554
      2      4        0.149      0.832      1.113
      3      4        0.074      0.418      0.561
      4      4        0.232      2.192      1.831
      5      4        0.114      1.091      0.918

Optimization #7:
* Method          : lls
* Target function : energy
* No. of configs. : 50048
* No. of params.  : 44
* Before optimization:
  -9.0348E-01   3.0621E-01  -7.3627E-02  -7.4686E-02   2.0151E-02   1.0660E-02
  -1.7837E-01  -1.4347E-01   3.0935E-02   4.8882E-02   2.2243E-02   5.4261E-02
  -4.2857E-03  -4.5336E-03  -3.3099E-02  -1.3579E-02   1.9032E-02   4.2956E-03
   8.9714E-04  -3.9553E-03  -1.2403E-02   8.0198E-03  -3.8914E-03   8.1986E-01
  -9.3100E-02  -6.1727E-02  -6.6539E-02  -4.1010E-02  -4.0943E-02  -5.9514E-02
  -2.8125E-02  -3.0391E-02  -3.2622E-02  -4.3348E-02   6.6582E-03   6.5095E-02
   6.3153E-02   5.0572E-02   6.3937E-02  -3.7444E-03   8.9499E-02   9.4000E-02
   5.5233E-02   5.5567E-02
  > E    =  -2.307002104691E+02 +/-   3.494535039935E-05
  > varE =   6.111749224736E-05
* Computing derivatives.
  Done. [total walltime: 33.2s]
* Optimizing manipulation constant:
  #igrid a___________ E____________________________________ varE____________
     1     Infinity    -2.30700210E+02 +/-   3.49453504E-05   6.11174922E-05
     2     1.0000E+06  -2.30700210E+02 +/-   3.49453206E-05   6.11173879E-05
     3     2.1544E+05  -2.30700210E+02 +/-   3.49452123E-05   6.11170090E-05
     4     4.6416E+04  -2.30700210E+02 +/-   3.49447149E-05   6.11152692E-05
     5     1.0000E+04  -2.30700210E+02 +/-   3.49425230E-05   6.11076029E-05
     6     2.1544E+03  -2.30700210E+02 +/-   3.49348838E-05   6.10808867E-05
     7     4.6416E+02  -2.30700208E+02 +/-   3.49707627E-05   6.12064140E-05
     8     1.0000E+02  -2.30700144E+02 +/-   4.18947366E-05   8.78426960E-05
     9     2.1544E+01  -2.30696125E+02 +/-   2.42142771E-04   2.93447046E-03
    10     4.6416E+00  -2.30629054E+02 +/-   1.01445781E-03   5.15056308E-02
    11     1.0000E+00  -2.30365182E+02 +/-   2.03239521E-03   2.06729784E-01
    12     2.1544E-01  -2.30121322E+02 +/-   2.43078068E-03   2.95718353E-01
    13     4.6416E-02  -2.30111803E+02 +/-   2.43913938E-03   2.97755618E-01
    14     1.0000E-02  -2.30462083E+02 +/-   1.78025848E-03   1.58618140E-01
    15     2.1544E-03  -2.29290924E+02 +/-   2.62903041E-03   3.45921811E-01
    16     4.6416E-04  -2.29273213E+02 +/-   2.64864468E-03   3.51102667E-01
    17     1.0000E-04  -2.29262526E+02 +/-   2.65800439E-03   3.53588486E-01
    18     2.1544E-05  -2.29259671E+02 +/-   2.66015275E-03   3.54160301E-01
    19     4.6416E-06  -2.29259026E+02 +/-   2.66061753E-03   3.54284068E-01
    20     1.0000E-06  -2.29258886E+02 +/-   2.66071769E-03   3.54310744E-01
    21     0.0000E+00  -2.29258847E+02 +/-   2.66074520E-03   3.54318070E-01
* Iteration # 1: E =  -2.307002104719E+02 +/-   3.494252304538E-05
* Reached maximum number of iterations: exiting.
* After optimization:
  -9.0136E-01   3.0621E-01  -7.3629E-02  -7.4688E-02   2.0150E-02   1.0660E-02
  -1.7837E-01  -1.4347E-01   3.0937E-02   4.8881E-02   2.2245E-02   5.4260E-02
  -4.2853E-03  -4.5331E-03  -3.3099E-02  -1.3580E-02   1.9033E-02   4.2952E-03
   8.9682E-04  -3.9549E-03  -1.2403E-02   8.0204E-03  -3.8907E-03   8.1899E-01
  -9.3006E-02  -6.1657E-02  -6.6463E-02  -4.0964E-02  -4.0897E-02  -5.9455E-02
  -2.8091E-02  -3.0354E-02  -3.2585E-02  -4.3298E-02   6.6510E-03   6.5096E-02
   6.3153E-02   5.0570E-02   6.3935E-02  -3.7509E-03   8.9499E-02   9.4000E-02
   5.5232E-02   5.5566E-02
  > Energy =  -2.307002104719E+02 +/-   3.494252304538E-05
  > varE =   6.110760287486E-05

VMC #8:
* Size of Hilbert space =   4.0000E+02
* Deterministic energy evaluation:
  > Deterministic Etot/t = -230.70018753085949
    - Ttot/t = -10.363377444820546
    - Utot/t = 3.9056817681089049
* Number of equil. steps   = 1000
* Running VMC equilibration.
  Done. [total walltime: 0.09s]
* Equil. acc.ratio (%)     =  43.4435
* Sample config after equilibration:
  +-----+
  |  u  |
  |d   u|
  |0   d|
  |  2  |
  +-----+
* Number of accum. steps   = 500480 x 10
* Running VMC accumulation.
  Done. [total walltime: 11.5s]
* Acceptance ratio (%)     =  43.3482
* Etot/t                   =  -2.307001922520E+02 +/-   1.095681141461E-05
  > Ttot/t                 =  -1.036387255635E+01 +/-   2.925363807164E-04
  > Utot/t                 =   3.906172158443E+00 +/-   2.930200243594E-04
* var[Eloc/t]              =   6.103927855872E-05 +/-   1.115382493186E-07
* Correlation length       =   9.843413033418E-01
* log10 Psi^2 range: -6.4230800414433311 -- -2.2754234783473133
* log10 Pgen range : -6.4230800414433311 -- -2.2754234783473133
* Site occupation (ave. no. electrons per config.):
  > Site_  ___eu____  ___ed____
      1        0.502      0.500
      2        0.498      0.502
      3        0.503      0.499
      4        0.500      0.495
      5        0.498      0.502
      6        0.499      0.503
* Pair-correlation analysis (ave. no. pairs per config.):
  > Shell  nsite  ___dh____  __eueu___  __eued___
      0      1        0          0          1.025
      1      4        1.045      1.470      3.551
      2      4        0.148      0.833      1.117
      3      4        0.074      0.415      0.560
      4      4        0.232      2.189      1.829
      5      4        0.115      1.093      0.917

Optimization #8:
* Method          : lls
* Target function : energy
* No. of configs. : 50048
* No. of params.  : 44
* Before optimization:
  -9.0136E-01   3.0621E-01  -7.3629E-02  -7.4688E-02   2.0150E-02   1.0660E-02
  -1.7837E-01  -1.4347E-01   3.0937E-02   4.8881E-02   2.2245E-02   5.4260E-02
  -4.2853E-03  -4.5331E-03  -3.3099E-02  -1.3580E-02   1.9033E-02   4.2952E-03
   8.9682E-04  -3.9549E-03  -1.2403E-02   8.0204E-03  -3.8907E-03   8.1899E-01
  -9.3006E-02  -6.1657E-02  -6.6463E-02  -4.0964E-02  -4.0897E-02  -5.9455E-02
  -2.8091E-02  -3.0354E-02  -3.2585E-02  -4.3298E-02   6.6510E-03   6.5096E-02
   6.3153E-02   5.0570E-02   6.3935E-02  -3.7509E-03   8.9499E-02   9.4000E-02
   5.5232E-02   5.5566E-02
  > E    =  -2.307001555480E+02 +/-   3.496173711608E-05
  > varE =   6.117482461567E-05
* Computing derivatives.
  Done. [total walltime: 33.2s]
* Optimizing manipulation constant:
  #igrid a___________ E____________________________________ varE____________
     1     Infinity    -2.30700156E+02 +/-   3.49617371E-05   6.11748246E-05
     2     1.0000E+06  -2.30700156E+02 +/-   3.49617071E-05   6.11747196E-05
     3     2.1544E+05  -2.30700156E+02 +/-   3.49615979E-05   6.11743374E-05
     4     4.6416E+04  -2.30700156E+02 +/-   3.49610910E-05   6.11725637E-05
     5     1.0000E+04  -2.30700156E+02 +/-   3.49587414E-05   6.11643416E-05
     6     2.1544E+03  -2.30700156E+02 +/-   3.49479003E-05   6.11264117E-05
     7     4.6416E+02  -2.30700156E+02 +/-   3.48989737E-05   6.09553795E-05
     8     1.0000E+02  -2.30700156E+02 +/-   3.47059090E-05   6.02828221E-05
     9     2.1544E+01  -2.30700138E+02 +/-   3.61544093E-05   6.54198084E-05
    10     4.6416E+00  -2.30698770E+02 +/-   1.43608282E-04   1.03215685E-03
    11     1.0000E+00  -2.30671238E+02 +/-   6.58821264E-04   2.17231070E-02
    12     2.1544E-01  -2.30605790E+02 +/-   1.17175027E-03   6.87158386E-02
    13     4.6416E-02  -2.30618246E+02 +/-   1.09607553E-03   6.01267444E-02
    14     1.0000E-02  -2.30700279E+02 +/-   2.64636623E-05   3.50498866E-05
    15     2.1544E-03  -2.30032709E+02 +/-   2.50154310E-05   3.13186264E-05
    16     4.6416E-04  -2.30011634E+02 +/-   2.35243723E-03   2.76963677E-01
    17     1.0000E-04  -2.30009096E+02 +/-   2.45032415E-03   3.00492618E-01
    18     2.1544E-05  -2.30008754E+02 +/-   2.46313295E-03   3.03642413E-01
    19     4.6416E-06  -2.30008686E+02 +/-   2.46563424E-03   3.04259420E-01
    20     1.0000E-06  -2.30008672E+02 +/-   2.46616207E-03   3.04389701E-01
    21     0.0000E+00  -2.30008668E+02 +/-   2.46630634E-03   3.04425315E-01
  ParMin   1.8107E-02  -2.30683401E+02 +/-   5.04959614E-04   1.27614498E-02
  # Using grid point #14
* Iteration # 1: E =  -2.307002786841E+02 +/-   2.646366225142E-05
* Reached maximum number of iterations: exiting.
* After optimization:
  -8.3457E-01   3.2458E-01  -8.3414E-02  -8.1635E-02   2.3834E-02   7.8729E-03
  -1.8122E-01  -1.4283E-01   4.9987E-02   3.6952E-02   3.2076E-02   5.5483E-02
  -1.3135E-02  -5.1588E-03  -3.9026E-02  -3.6643E-02   1.6656E-02  -5.0621E-03
  -2.1592E-03   3.6610E-03  -1.2921E-02   7.6539E-03  -5.3529E-03   7.1001E-01
  -1.3439E-01  -1.0615E-02   8.5620E-03  -1.0394E-02  -1.1787E-02  -6.8068E-02
   2.4874E-02   1.9862E-02  -3.2757E-03  -1.7465E-02  -2.9330E-02   9.1058E-02
   9.1467E-02   6.7360E-02   8.3367E-02  -7.7189E-03   1.1465E-01   8.8107E-02
   6.3096E-02   6.1215E-02
  > Energy =  -2.307002786841E+02 +/-   2.646366225142E-05
  > varE =   3.504988660801E-05

VMC #9:
* Size of Hilbert space =   4.0000E+02
* Deterministic energy evaluation:
  > Deterministic Etot/t = -230.70023890446984
    - Ttot/t = -10.363201331903467
    - Utot/t = 3.9054542815815143
* Number of equil. steps   = 1000
* Running VMC equilibration.
  Done. [total walltime: 0.09s]
* Equil. acc.ratio (%)     =  44.2229
* Sample config after equilibration:
  +-----+
  |  0  |
  |2   u|
  |d   u|
  |  d  |
  +-----+
* Number of accum. steps   = 500480 x 10
* Running VMC accumulation.
  Done. [total walltime: 11.5s]
* Acceptance ratio (%)     =  44.1167
* Etot/t                   =  -2.307002439243E+02 +/-   8.549611820512E-06
  > Ttot/t                 =  -1.036335629162E+01 +/-   2.896606162571E-04
  > Utot/t                 =   3.905604221649E+00 +/-   2.891740221112E-04
* var[Eloc/t]              =   3.514477378394E-05 +/-   9.760700578197E-08
* Correlation length       =   1.040923392466E+00
* log10 Psi^2 range: -5.8533638562911312 -- -2.2727704207680897
* log10 Pgen range : -5.8533638562911312 -- -2.2727704207680897
* Site occupation (ave. no. electrons per config.):
  > Site_  ___eu____  ___ed____
      1        0.499      0.496
      2        0.496      0.498
      3        0.499      0.504
      4        0.499      0.497
      5        0.501      0.500
      6        0.504      0.505
* Pair-correlation analysis (ave. no. pairs per config.):
  > Shell  nsite  ___dh____  __eueu___  __eued___
      0      1        0          0          1.028
      1      4        1.055      1.489      3.522
      2      4        0.149      0.846      1.106
      3      4        0.077      0.418      0.550
      4      4        0.230      2.163      1.861
      5      4        0.115      1.084      0.933

Optimization #9:
* Method          : lls
* Target function : energy
* No. of configs. : 50048
* No. of params.  : 44
* Before optimization:
  -8.3457E-01   3.2458E-01  -8.3414E-02  -8.1635E-02   2.3834E-02   7.8729E-03
  -1.8122E-01  -1.4283E-01   4.9987E-02   3.6952E-02   3.2076E-02   5.5483E-02
  -1.3135E-02  -5.1588E-03  -3.9026E-02  -3.6643E-02   1.6656E-02  -5.0621E-03
  -2.1592E-03   3.6610E-03  -1.2921E-02   7.6539E-03  -5.3529E-03   7.1001E-01
  -1.3439E-01  -1.0615E-02   8.5620E-03  -1.0394E-02  -1.1787E-02  -6.8068E-02
   2.4874E-02   1.9862E-02  -3.2757E-03  -1.7465E-02  -2.9330E-02   9.1058E-02
   9.1467E-02   6.7360E-02   8.3367E-02  -7.7189E-03   1.1465E-01   8.8107E-02
   6.3096E-02   6.1215E-02
  > E    =  -2.307002816529E+02 +/-   2.659197547430E-05
  > varE =   3.539060037296E-05
* Computing derivatives.
  Done. [total walltime: 33.5s]
* Optimizing manipulation constant:
  #igrid a___________ E____________________________________ varE____________
     1     Infinity    -2.30700282E+02 +/-   2.65919755E-05   3.53906004E-05
     2     1.0000E+06  -2.30700282E+02 +/-   2.65919499E-05   3.53905323E-05
     3     2.1544E+05  -2.30700282E+02 +/-   2.65918567E-05   3.53902842E-05
     4     4.6416E+04  -2.30700282E+02 +/-   2.65914218E-05   3.53891268E-05
     5     1.0000E+04  -2.30700282E+02 +/-   2.65893554E-05   3.53836269E-05
     6     2.1544E+03  -2.30700282E+02 +/-   2.65787457E-05   3.53553947E-05
     7     4.6416E+02  -2.30700281E+02 +/-   2.65101702E-05   3.51731900E-05
     8     1.0000E+02  -2.30700276E+02 +/-   2.63599985E-05   3.47758288E-05
     9     2.1544E+01  -2.30700061E+02 +/-   5.67626103E-05   1.61254352E-04
    10     4.6416E+00  -2.30700045E+02 +/-   5.71699731E-05   1.63577174E-04
    11     1.0000E+00  -2.30675055E+02 +/-   6.21918563E-04   1.93577005E-02
    12     2.1544E-01  -2.30007104E+02 +/-   2.56610763E-03   3.29561495E-01
    13     4.6416E-02  -2.30005386E+02 +/-   2.56818756E-03   3.30095956E-01
    14     1.0000E-02  -2.30695182E+02 +/-   2.84502086E-04   4.05095704E-03
    15     2.1544E-03  -2.29140615E+02 +/-   2.61607855E-03   3.42521853E-01
    16     4.6416E-04  -2.29205054E+02 +/-   2.60571961E-03   3.39814643E-01
    17     1.0000E-04  -2.29210780E+02 +/-   2.61789650E-03   3.42998066E-01
    18     2.1544E-05  -2.29211851E+02 +/-   2.62004831E-03   3.43562162E-01
    19     4.6416E-06  -2.29212075E+02 +/-   2.62049340E-03   3.43678897E-01
    20     1.0000E-06  -2.29212123E+02 +/-   2.62058846E-03   3.43703832E-01
    21     0.0000E+00  -2.29212137E+02 +/-   2.62061451E-03   3.43710666E-01
  ParMin   9.8437E+02  -2.30700282E+02 +/-   2.65596171E-05   3.53045229E-05
  # Using grid point #7
* Iteration # 1: E =  -2.307002814988E+02 +/-   2.651017015387E-05
* Reached maximum number of iterations: exiting.
* After optimization:
  -8.5693E-01   3.2457E-01  -8.3425E-02  -8.1633E-02   2.3815E-02   7.8789E-03
  -1.8121E-01  -1.4292E-01   4.9949E-02   3.6992E-02   3.2107E-02   5.5436E-02
  -1.3091E-02  -5.1733E-03  -3.8956E-02  -3.6584E-02   1.6649E-02  -5.0084E-03
  -2.1606E-03   3.6625E-03  -1.2901E-02   7.6588E-03  -5.3361E-03   7.1815E-01
  -1.3559E-01  -1.0741E-02   8.6072E-03  -1.0564E-02  -1.1970E-02  -6.8643E-02
   2.5090E-02   2.0039E-02  -3.3361E-03  -1.7650E-02  -2.9066E-02   9.0999E-02
   9.1423E-02   6.7240E-02   8.3203E-02  -7.6092E-03   1.1454E-01   8.8089E-02
   6.3025E-02   6.1149E-02
  > Energy =  -2.307002814988E+02 +/-   2.651017015387E-05
  > varE =   3.517318995720E-05

VMC #10:
* Size of Hilbert space =   4.0000E+02
* Deterministic energy evaluation:
  > Deterministic Etot/t = -230.70023918231902
    - Ttot/t = -10.363166513397573
    - Utot/t = 3.9054191852264397
* Number of equil. steps   = 1000
* Running VMC equilibration.
  Done. [total walltime: 0.09s]
* Equil. acc.ratio (%)     =  44.1068
* Sample config after equilibration:
  +-----+
  |  d  |
  |u   u|
  |d   u|
  |  d  |
  +-----+
* Number of accum. steps   = 500480 x 10
* Running VMC accumulation.
  Done. [total walltime: 11.5s]
* Acceptance ratio (%)     =  43.9018
* Etot/t                   =  -2.307002333640E+02 +/-   8.441687619175E-06
  > Ttot/t                 =  -1.036280558078E+01 +/-   2.934328139348E-04
  > Utot/t                 =   3.905064071048E+00 +/-   2.928458256140E-04
* var[Eloc/t]              =   3.478835650331E-05 +/-   8.273120174610E-08
* Correlation length       =   1.025206543736E+00
* log10 Psi^2 range: -6.4491169230460716 -- -2.2739136753134015
* log10 Pgen range : -6.4491169230460716 -- -2.2739136753134015
* Site occupation (ave. no. electrons per config.):
  > Site_  ___eu____  ___ed____
      1        0.499      0.496
      2        0.499      0.495
      3        0.502      0.503
      4        0.502      0.501
      5        0.501      0.502
      6        0.498      0.502
* Pair-correlation analysis (ave. no. pairs per config.):
  > Shell  nsite  ___dh____  __eueu___  __eued___
      0      1        0          0          1.028
      1      4        1.058      1.482      3.526
      2      4        0.151      0.843      1.106
      3      4        0.077      0.419      0.549
      4      4        0.228      2.171      1.858
      5      4        0.115      1.085      0.933

Optimization #10:
* Method          : lls
* Target function : energy
* No. of configs. : 50048
* No. of params.  : 44
* Before optimization:
  -8.5693E-01   3.2457E-01  -8.3425E-02  -8.1633E-02   2.3815E-02   7.8789E-03
  -1.8121E-01  -1.4292E-01   4.9949E-02   3.6992E-02   3.2107E-02   5.5436E-02
  -1.3091E-02  -5.1733E-03  -3.8956E-02  -3.6584E-02   1.6649E-02  -5.0084E-03
  -2.1606E-03   3.6625E-03  -1.2901E-02   7.6588E-03  -5.3361E-03   7.1815E-01
  -1.3559E-01  -1.0741E-02   8.6072E-03  -1.0564E-02  -1.1970E-02  -6.8643E-02
   2.5090E-02   2.0039E-02  -3.3361E-03  -1.7650E-02  -2.9066E-02   9.0999E-02
   9.1423E-02   6.7240E-02   8.3203E-02  -7.6092E-03   1.1454E-01   8.8089E-02
   6.3025E-02   6.1149E-02
  > E    =  -2.307002633188E+02 +/-   2.651092712769E-05
  > varE =   3.517519866282E-05
* Computing derivatives.
  Done. [total walltime: 33.5s]
* Optimizing manipulation constant:
  #igrid a___________ E____________________________________ varE____________
     1     Infinity    -2.30700263E+02 +/-   2.65109271E-05   3.51751987E-05
     2     1.0000E+06  -2.30700263E+02 +/-   2.65109016E-05   3.51751308E-05
     3     2.1544E+05  -2.30700263E+02 +/-   2.65108085E-05   3.51748839E-05
     4     4.6416E+04  -2.30700263E+02 +/-   2.65103766E-05   3.51737377E-05
     5     1.0000E+04  -2.30700263E+02 +/-   2.65083720E-05   3.51684186E-05
     6     2.1544E+03  -2.30700263E+02 +/-   2.64990747E-05   3.51437535E-05
     7     4.6416E+02  -2.30700263E+02 +/-   2.64560709E-05   3.50297808E-05
     8     1.0000E+02  -2.30700264E+02 +/-   2.62596721E-05   3.45116183E-05
     9     2.1544E+01  -2.30700265E+02 +/-   2.54134361E-05   3.23231371E-05
    10     4.6416E+00  -2.30700270E+02 +/-   2.26368630E-05   2.56459749E-05
    11     1.0000E+00  -2.30700264E+02 +/-   2.71589958E-05   3.69159580E-05
    12     2.1544E-01  -2.30697890E+02 +/-   1.81088691E-04   1.64122977E-03
    13     4.6416E-02  -2.30670348E+02 +/-   6.06137987E-04   1.83877983E-02
    14     1.0000E-02  -2.30633732E+02 +/-   8.78007195E-04   3.85818348E-02
    15     2.1544E-03  -2.30619869E+02 +/-   9.55502492E-04   4.56930739E-02
    16     4.6416E-04  -2.30616461E+02 +/-   9.73160797E-04   4.73975548E-02
    17     1.0000E-04  -2.30615705E+02 +/-   9.77009422E-04   4.77731888E-02
    18     2.1544E-05  -2.30615541E+02 +/-   9.77840628E-04   4.78545110E-02
    19     4.6416E-06  -2.30615505E+02 +/-   9.78019801E-04   4.78720496E-02
    20     1.0000E-06  -2.30615498E+02 +/-   9.78058407E-04   4.78758291E-02
    21     0.0000E+00  -2.30615496E+02 +/-   9.78069009E-04   4.78768670E-02
* Iteration # 1: E =  -2.307002704805E+02 +/-   2.263686301480E-05
* Reached maximum number of iterations: exiting.
* After optimization:
  -8.4091E-01   3.1968E-01  -8.4009E-02  -8.1722E-02   2.1226E-02   7.6700E-03
  -1.7693E-01  -1.4622E-01   4.7007E-02   3.9973E-02   3.5258E-02   5.1174E-02
  -9.0918E-03  -6.3076E-03  -3.6807E-02  -3.4168E-02   1.8625E-02   6.2669E-04
  -1.7704E-03   3.1669E-03  -1.1411E-02   7.8884E-03  -4.0656E-03   7.3248E-01
  -1.1636E-01  -7.5774E-03   7.9633E-03  -1.3112E-02  -1.4251E-02  -5.8332E-02
   2.4263E-02   2.0556E-02  -4.2720E-03  -1.6049E-02  -1.5218E-02   8.9237E-02
   9.0857E-02   5.9599E-02   7.2366E-02  -2.3047E-03   1.0998E-01   9.1077E-02
   5.8016E-02   5.6476E-02
  > Energy =  -2.307002704805E+02 +/-   2.263686301480E-05
  > varE =   2.564597488077E-05

VMC #11:
* Size of Hilbert space =   4.0000E+02
* Deterministic energy evaluation:
  > Deterministic Etot/t = -230.70024918886429
    - Ttot/t = -10.363100633513717
    - Utot/t = 3.9053432987972800
* Number of equil. steps   = 1000
* Running VMC equilibration.
  Done. [total walltime: 0.09s]
* Equil. acc.ratio (%)     =  44.0668
* Sample config after equilibration:
  +-----+
  |  u  |
  |d   d|
  |u   u|
  |  d  |
  +-----+
* Number of accum. steps   = 500480 x 10
* Running VMC accumulation.
  Done. [total walltime: 11.5s]
* Acceptance ratio (%)     =  43.9938
* Etot/t                   =  -2.307002398159E+02 +/-   7.120718601155E-06
  > Ttot/t                 =  -1.036358827100E+01 +/-   2.924159358497E-04
  > Utot/t                 =   3.905840309417E+00 +/-   2.918912459442E-04
* var[Eloc/t]              =   2.542305867572E-05 +/-   9.334372389048E-08
* Correlation length       =   9.981747375929E-01
* log10 Psi^2 range: -6.4889885776432727 -- -2.3092565107979524
* log10 Pgen range : -6.4889885776432727 -- -2.3092565107979524
* Site occupation (ave. no. electrons per config.):
  > Site_  ___eu____  ___ed____
      1        0.500      0.502
      2        0.502      0.500
      3        0.500      0.499
      4        0.499      0.502
      5        0.500      0.500
      6        0.500      0.497
* Pair-correlation analysis (ave. no. pairs per config.):
  > Shell  nsite  ___dh____  __eueu___  __eued___
      0      1        0          0          1.031
      1      4        1.063      1.475      3.528
      2      4        0.152      0.839      1.104
      3      4        0.078      0.420      0.554
      4      4        0.229      2.178      1.858
      5      4        0.115      1.088      0.926

Optimization #11:
* Method          : lls
* Target function : energy
* No. of configs. : 50048
* No. of params.  : 44
* Before optimization:
  -8.4091E-01   3.1968E-01  -8.4009E-02  -8.1722E-02   2.1226E-02   7.6700E-03
  -1.7693E-01  -1.4622E-01   4.7007E-02   3.9973E-02   3.5258E-02   5.1174E-02
  -9.0918E-03  -6.3076E-03  -3.6807E-02  -3.4168E-02   1.8625E-02   6.2669E-04
  -1.7704E-03   3.1669E-03  -1.1411E-02   7.8884E-03  -4.0656E-03   7.3248E-01
  -1.1636E-01  -7.5774E-03   7.9633E-03  -1.3112E-02  -1.4251E-02  -5.8332E-02
   2.4263E-02   2.0556E-02  -4.2720E-03  -1.6049E-02  -1.5218E-02   8.9237E-02
   9.0857E-02   5.9599E-02   7.2366E-02  -2.3047E-03   1.0998E-01   9.1077E-02
   5.8016E-02   5.6476E-02
  > E    =  -2.307002608884E+02 +/-   2.264722737898E-05
  > varE =   2.566946444933E-05
* Computing derivatives.
  Done. [total walltime: 33.5s]
* Optimizing manipulation constant:
  #igrid a___________ E____________________________________ varE____________
     1     Infinity    -2.30700261E+02 +/-   2.26472274E-05   2.56694644E-05
     2     1.0000E+06  -2.30700261E+02 +/-   2.26472061E-05   2.56694162E-05
     3     2.1544E+05  -2.30700261E+02 +/-   2.26471286E-05   2.56692406E-05
     4     4.6416E+04  -2.30700261E+02 +/-   2.26467690E-05   2.56684254E-05
     5     1.0000E+04  -2.30700261E+02 +/-   2.26451001E-05   2.56646425E-05
     6     2.1544E+03  -2.30700261E+02 +/-   2.26373609E-05   2.56471030E-05
     7     4.6416E+02  -2.30700261E+02 +/-   2.26015866E-05   2.55661059E-05
     8     1.0000E+02  -2.30700261E+02 +/-   2.24386404E-05   2.51987967E-05
     9     2.1544E+01  -2.30700263E+02 +/-   2.17408020E-05   2.36558113E-05
    10     4.6416E+00  -2.30700269E+02 +/-   1.90541521E-05   1.81704626E-05
    11     1.0000E+00  -2.29988926E+02 +/-   1.84362837E-03   1.70111429E-01
    12     2.1544E-01  -2.30688465E+02 +/-   4.27992106E-04   9.16765464E-03
    13     4.6416E-02  -2.30687548E+02 +/-   4.39637755E-04   9.67334530E-03
    14     1.0000E-02  -2.30687032E+02 +/-   4.47337892E-04   1.00151648E-02
    15     2.1544E-03  -2.30686906E+02 +/-   4.49227486E-04   1.00999534E-02
    16     4.6416E-04  -2.30686878E+02 +/-   4.49645060E-04   1.01187387E-02
    17     1.0000E-04  -2.30686871E+02 +/-   4.49735507E-04   1.01228099E-02
    18     2.1544E-05  -2.30686870E+02 +/-   4.49755016E-04   1.01236881E-02
    19     4.6416E-06  -2.30686870E+02 +/-   4.49759220E-04   1.01238774E-02
    20     1.0000E-06  -2.30686870E+02 +/-   4.49760125E-04   1.01239182E-02
    21     0.0000E+00  -2.30686870E+02 +/-   4.49760374E-04   1.01239294E-02
  ParMin   9.9997E+00  -2.30700265E+02 +/-   2.08403634E-05   2.17368848E-05
  # Using grid point #10
* Iteration # 1: E =  -2.307002686984E+02 +/-   1.905415214454E-05
* Reached maximum number of iterations: exiting.
* After optimization:
  -8.2057E-01   3.1088E-01  -8.5272E-02  -8.3085E-02   1.7180E-02   6.2304E-03
  -1.7012E-01  -1.4052E-01   4.5416E-02   4.2572E-02   3.8288E-02   4.9031E-02
  -5.7986E-03  -6.5810E-03  -3.8526E-02  -3.5518E-02   2.3389E-02   4.8583E-03
  -7.6584E-04   1.9926E-03  -1.0469E-02   7.9014E-03  -3.2330E-03   7.4480E-01
  -1.0922E-01  -6.6466E-04   1.1733E-02  -1.4398E-02  -1.5319E-02  -5.5930E-02
   2.8973E-02   2.6166E-02  -5.8150E-03  -1.5471E-02  -1.4321E-02   9.1273E-02
   9.3527E-02   5.4450E-02   6.4586E-02  -2.6223E-04   1.1084E-01   9.7211E-02
   5.2424E-02   5.1098E-02
  > Energy =  -2.307002686984E+02 +/-   1.905415214454E-05
  > varE =   1.817046261164E-05

VMC #12:
* Size of Hilbert space =   4.0000E+02
* Deterministic energy evaluation:
  > Deterministic Etot/t = -230.70025730820555
    - Ttot/t = -10.363096621041374
    - Utot/t = 3.9053311669836503
* Number of equil. steps   = 1000
* Running VMC equilibration.
  Done. [total walltime: 0.09s]
* Equil. acc.ratio (%)     =  43.9342
* Sample config after equilibration:
  +-----+
  |  d  |
  |u   d|
  |u   2|
  |  0  |
  +-----+
* Number of accum. steps   = 500480 x 10
* Running VMC accumulation.
  Done. [total walltime: 11.7s]
* Acceptance ratio (%)     =  43.8830
* Etot/t                   =  -2.307002622777E+02 +/-   6.032093277940E-06
  > Ttot/t                 =  -1.036307864131E+01 +/-   2.933370252006E-04
  > Utot/t                 =   3.905308217956E+00 +/-   2.927032767780E-04
* var[Eloc/t]              =   1.799041998964E-05 +/-   4.171038760303E-08
* Correlation length       =   1.012235401899E+00
* log10 Psi^2 range: -5.8363669578379342 -- -2.2691333978310015
* log10 Pgen range : -5.8363669578379342 -- -2.2691333978310015
* Site occupation (ave. no. electrons per config.):
  > Site_  ___eu____  ___ed____
      1        0.499      0.502
      2        0.504      0.503
      3        0.501      0.500
      4        0.500      0.498
      5        0.498      0.498
      6        0.498      0.499
* Pair-correlation analysis (ave. no. pairs per config.):
  > Shell  nsite  ___dh____  __eueu___  __eued___
      0      1        0          0          1.028
      1      4        1.059      1.473      3.535
      2      4        0.151      0.835      1.108
      3      4        0.076      0.423      0.554
      4      4        0.231      2.179      1.852
      5      4        0.112      1.090      0.924

Optimization #12:
* Method          : lls
* Target function : energy
* No. of configs. : 50048
* No. of params.  : 44
* Before optimization:
  -8.2057E-01   3.1088E-01  -8.5272E-02  -8.3085E-02   1.7180E-02   6.2304E-03
  -1.7012E-01  -1.4052E-01   4.5416E-02   4.2572E-02   3.8288E-02   4.9031E-02
  -5.7986E-03  -6.5810E-03  -3.8526E-02  -3.5518E-02   2.3389E-02   4.8583E-03
  -7.6584E-04   1.9926E-03  -1.0469E-02   7.9014E-03  -3.2330E-03   7.4480E-01
  -1.0922E-01  -6.6466E-04   1.1733E-02  -1.4398E-02  -1.5319E-02  -5.5930E-02
   2.8973E-02   2.6166E-02  -5.8150E-03  -1.5471E-02  -1.4321E-02   9.1273E-02
   9.3527E-02   5.4450E-02   6.4586E-02  -2.6223E-04   1.1084E-01   9.7211E-02
   5.2424E-02   5.1098E-02
  > E    =  -2.307002749720E+02 +/-   1.898504353258E-05
  > varE =   1.803889462684E-05
* Computing derivatives.
  Done. [total walltime: 33.3s]
* Optimizing manipulation constant:
  #igrid a___________ E____________________________________ varE____________
     1     Infinity    -2.30700275E+02 +/-   1.89850435E-05   1.80388946E-05
     2     1.0000E+06  -2.30700275E+02 +/-   1.89850262E-05   1.80388617E-05
     3     2.1544E+05  -2.30700275E+02 +/-   1.89849632E-05   1.80387419E-05
     4     4.6416E+04  -2.30700275E+02 +/-   1.89846706E-05   1.80381859E-05
     5     1.0000E+04  -2.30700275E+02 +/-   1.89833126E-05   1.80356054E-05
     6     2.1544E+03  -2.30700275E+02 +/-   1.89770109E-05   1.80236332E-05
     7     4.6416E+02  -2.30700275E+02 +/-   1.89477942E-05   1.79681781E-05
     8     1.0000E+02  -2.30700275E+02 +/-   1.88126476E-05   1.77127733E-05
     9     2.1544E+01  -2.30700275E+02 +/-   1.82765951E-05   1.67177301E-05
    10     4.6416E+00  -2.30699193E+02 +/-   1.25062041E-04   7.82776450E-04
    11     1.0000E+00  -2.30700214E+02 +/-   3.40395289E-05   5.79900935E-05
    12     2.1544E-01  -2.30314493E+02 +/-   2.16646800E-03   2.34904471E-01
    13     4.6416E-02  -2.30059964E+02 +/-   2.52034722E-03   3.17912409E-01
    14     1.0000E-02  -2.30032313E+02 +/-   2.54154682E-03   3.23283067E-01
    15     2.1544E-03  -2.30027917E+02 +/-   2.54443010E-03   3.24016985E-01
    16     4.6416E-04  -2.30027039E+02 +/-   2.54498080E-03   3.24157255E-01
    17     1.0000E-04  -2.30026853E+02 +/-   2.54509623E-03   3.24186662E-01
    18     2.1544E-05  -2.30026813E+02 +/-   2.54512095E-03   3.24192960E-01
    19     4.6416E-06  -2.30026805E+02 +/-   2.54512627E-03   3.24194315E-01
    20     1.0000E-06  -2.30026803E+02 +/-   2.54512742E-03   3.24194607E-01
    21     0.0000E+00  -2.30026802E+02 +/-   2.54512773E-03   3.24194687E-01
  ParMin   4.6359E+01  -2.30700275E+02 +/-   1.86152491E-05   1.73430083E-05
  # Using grid point #9
* Iteration # 1: E =  -2.307002746493E+02 +/-   1.827659514024E-05
* Reached maximum number of iterations: exiting.
* After optimization:
  -8.9329E-01   3.1147E-01  -8.5527E-02  -8.3079E-02   1.7186E-02   6.5855E-03
  -1.7067E-01  -1.4281E-01   4.4843E-02   4.3163E-02   3.8740E-02   4.8231E-02
  -5.1322E-03  -6.8759E-03  -3.7158E-02  -3.4010E-02   2.2597E-02   4.8923E-03
  -9.6615E-04   2.1404E-03  -1.0228E-02   7.9344E-03  -3.0282E-03   7.7444E-01
  -1.0724E-01  -9.8809E-04   1.1114E-02  -1.6309E-02  -1.7228E-02  -5.4259E-02
   2.8795E-02   2.6137E-02  -6.5064E-03  -1.6117E-02  -8.2115E-03   9.0488E-02
   9.2850E-02   5.2175E-02   6.1883E-02   2.0294E-03   1.0913E-01   9.6878E-02
   5.1332E-02   5.0088E-02
  > Energy =  -2.307002746493E+02 +/-   1.827659514024E-05
  > varE =   1.671773012465E-05

VMC #13:
* Size of Hilbert space =   4.0000E+02
* Deterministic energy evaluation:
  > Deterministic Etot/t = -230.70025891210770
    - Ttot/t = -10.362832579869032
    - Utot/t = 3.9050655219092132
* Number of equil. steps   = 1000
* Running VMC equilibration.
  Done. [total walltime: 0.09s]
* Equil. acc.ratio (%)     =  43.1393
* Sample config after equilibration:
  +-----+
  |  d  |
  |0   2|
  |u   u|
  |  d  |
  +-----+
* Number of accum. steps   = 500480 x 10
* Running VMC accumulation.
  Done. [total walltime: 11.8s]
* Acceptance ratio (%)     =  43.0611
* Etot/t                   =  -2.307002473897E+02 +/-   5.757058010247E-06
  > Ttot/t                 =  -1.036334595371E+01 +/-   2.912466935260E-04
  > Utot/t                 =   3.905590418405E+00 +/-   2.903261129697E-04
* var[Eloc/t]              =   1.674549156686E-05 +/-   3.519511677411E-08
* Correlation length       =   9.905810996693E-01
* log10 Psi^2 range: -5.8648659844375173 -- -2.2969998351701522
* log10 Pgen range : -5.8648659844375173 -- -2.2969998351701522
* Site occupation (ave. no. electrons per config.):
  > Site_  ___eu____  ___ed____
      1        0.501      0.497
      2        0.503      0.501
      3        0.500      0.501
      4        0.498      0.497
      5        0.500      0.503
      6        0.498      0.501
* Pair-correlation analysis (ave. no. pairs per config.):
  > Shell  nsite  ___dh____  __eueu___  __eued___
      0      1        0          0          1.030
      1      4        1.066      1.477      3.524
      2      4        0.151      0.842      1.100
      3      4        0.079      0.424      0.552
      4      4        0.230      2.175      1.868
      5      4        0.115      1.083      0.926

Optimization #13:
* Method          : lls
* Target function : energy
* No. of configs. : 50048
* No. of params.  : 44
* Before optimization:
  -8.9329E-01   3.1147E-01  -8.5527E-02  -8.3079E-02   1.7186E-02   6.5855E-03
  -1.7067E-01  -1.4281E-01   4.4843E-02   4.3163E-02   3.8740E-02   4.8231E-02
  -5.1322E-03  -6.8759E-03  -3.7158E-02  -3.4010E-02   2.2597E-02   4.8923E-03
  -9.6615E-04   2.1404E-03  -1.0228E-02   7.9344E-03  -3.0282E-03   7.7444E-01
  -1.0724E-01  -9.8809E-04   1.1114E-02  -1.6309E-02  -1.7228E-02  -5.4259E-02
   2.8795E-02   2.6137E-02  -6.5064E-03  -1.6117E-02  -8.2115E-03   9.0488E-02
   9.2850E-02   5.2175E-02   6.1883E-02   2.0294E-03   1.0913E-01   9.6878E-02
   5.1332E-02   5.0088E-02
  > E    =  -2.307002549316E+02 +/-   1.839547851792E-05
  > varE =   1.693592438939E-05
* Computing derivatives.
  Done. [total walltime: 33.5s]
* Optimizing manipulation constant:
  #igrid a___________ E____________________________________ varE____________
     1     Infinity    -2.30700255E+02 +/-   1.83954785E-05   1.69359244E-05
     2     1.0000E+06  -2.30700255E+02 +/-   1.83954618E-05   1.69358936E-05
     3     2.1544E+05  -2.30700255E+02 +/-   1.83954009E-05   1.69357815E-05
     4     4.6416E+04  -2.30700255E+02 +/-   1.83951189E-05   1.69352622E-05
     5     1.0000E+04  -2.30700255E+02 +/-   1.83938229E-05   1.69328760E-05
     6     2.1544E+03  -2.30700255E+02 +/-   1.83880929E-05   1.69223280E-05
     7     4.6416E+02  -2.30700255E+02 +/-   1.83715367E-05   1.68918688E-05
     8     1.0000E+02  -2.30700251E+02 +/-   2.00445232E-05   2.01084312E-05
     9     2.1544E+01  -2.30699124E+02 +/-   1.32727976E-04   8.81681379E-04
    10     4.6416E+00  -2.30619454E+02 +/-   1.08188176E-03   5.85795899E-02
    11     1.0000E+00  -2.30240145E+02 +/-   2.26819609E-03   2.57482622E-01
    12     2.1544E-01  -2.30084994E+02 +/-   2.46787560E-03   3.04812839E-01
    13     4.6416E-02  -2.30073183E+02 +/-   2.47922159E-03   3.07622018E-01
    14     1.0000E-02  -2.30241341E+02 +/-   2.26163331E-03   2.55994781E-01
    15     2.1544E-03  -2.30696022E+02 +/-   2.64007207E-04   3.48833585E-03
    16     4.6416E-04  -2.29292797E+02 +/-   2.65883539E-03   3.53809612E-01
    17     1.0000E-04  -2.29274701E+02 +/-   2.64576814E-03   3.50340458E-01
    18     2.1544E-05  -2.29273781E+02 +/-   2.64549257E-03   3.50267480E-01
    19     4.6416E-06  -2.29273628E+02 +/-   2.64546615E-03   3.50260485E-01
    20     1.0000E-06  -2.29273596E+02 +/-   2.64546164E-03   3.50259290E-01
    21     0.0000E+00  -2.29273588E+02 +/-   2.64546047E-03   3.50258981E-01
  ParMin   9.8719E+02  -2.30700255E+02 +/-   1.83804973E-05   1.69083505E-05
  # Using grid point #7
* Iteration # 1: E =  -2.307002549727E+02 +/-   1.837153674261E-05
* Reached maximum number of iterations: exiting.
* After optimization:
  -9.1902E-01   3.1149E-01  -8.5543E-02  -8.3085E-02   1.7182E-02   6.6005E-03
  -1.7069E-01  -1.4290E-01   4.4818E-02   4.3192E-02   3.8759E-02   4.8203E-02
  -5.1035E-03  -6.8843E-03  -3.7098E-02  -3.3949E-02   2.2568E-02   4.8939E-03
  -9.7390E-04   2.1460E-03  -1.0219E-02   7.9371E-03  -3.0191E-03   7.8454E-01
  -1.0836E-01  -1.0036E-03   1.1220E-02  -1.6581E-02  -1.7511E-02  -5.4799E-02
   2.9122E-02   2.6442E-02  -6.6127E-03  -1.6326E-02  -7.9650E-03   9.0468E-02
   9.2834E-02   5.2076E-02   6.1761E-02   2.1145E-03   1.0907E-01   9.6878E-02
   5.1282E-02   5.0043E-02
  > Energy =  -2.307002549727E+02 +/-   1.837153674261E-05
  > varE =   1.689186875565E-05

VMC #14:
* Size of Hilbert space =   4.0000E+02
* Deterministic energy evaluation:
  > Deterministic Etot/t = -230.70025896625978
    - Ttot/t = -10.362786424691325
    - Utot/t = 3.9050193125794270
* Number of equil. steps   = 1000
* Running VMC equilibration.
  Done. [total walltime: 0.09s]
* Equil. acc.ratio (%)     =  42.8007
* Sample config after equilibration:
  +-----+
  |  u  |
  |d   d|
  |u   u|
  |  d  |
  +-----+
* Number of accum. steps   = 500480 x 10
* Running VMC accumulation.
  Done. [total walltime: 11.5s]
* Acceptance ratio (%)     =  42.6871
* Etot/t                   =  -2.307002528159E+02 +/-   5.815711103723E-06
  > Ttot/t                 =  -1.036264987217E+01 +/-   2.873994912994E-04
  > Utot/t                 =   3.904888910248E+00 +/-   2.860447068273E-04
* var[Eloc/t]              =   1.665730364148E-05 +/-   9.442921505769E-08
* Correlation length       =   1.016219850657E+00
* log10 Psi^2 range: -6.4813722695200431 -- -2.2980421052176205
* log10 Pgen range : -6.4813722695200431 -- -2.2980421052176205
* Site occupation (ave. no. electrons per config.):
  > Site_  ___eu____  ___ed____
      1        0.504      0.498
      2        0.502      0.498
      3        0.500      0.502
      4        0.501      0.503
      5        0.495      0.500
      6        0.498      0.498
* Pair-correlation analysis (ave. no. pairs per config.):
  > Shell  nsite  ___dh____  __eueu___  __eued___
      0      1        0          0          1.026
      1      4        1.058      1.475      3.531
      2      4        0.150      0.845      1.106
      3      4        0.075      0.415      0.554
      4      4        0.227      2.177      1.849
      5      4        0.111      1.088      0.934

VDAGGER finished.
Total VDAGGER walltime: 16m56s

Run ended: Sat Sep 27 10:27:31 CEST 2025
