Run started: Sat Sep 27 10:47:04 CEST 2025
Using VDAGGER_ARCH = gnu7_fkfamd_cluster
Running 1x128 MPI processes.

                               xx
                              +##
                               #X
                               Xx
                          X##XxXxxX##x
                           +   Xx  ++
                               ##
                              +##
                              +##
     ++++         ++          +##
   xX+++##+      ####         +##
  Xx    ###      +X##          ##
 xX    X##+        ##          #X
 +    x##X         #x          #X
      ###         +#           x+
     X##+         #+
     ###         Xx                    _______
     ##X       +X+   __________________VDAGGER
     +##x    +xX     2nd quantized variational
       +xxxxx+       ______quantum Monte Carlo

* Running 128 MPI processes.
* Input file: "input.casl"

############# Start of input file dump #############
General:
  Random seed: timer

Plan:
  VMC-optimization:
    Minimum cycles: 10
    Convergence cycles: 5

System:
  Read Hamiltonian: FCIDUMP_loc_benzene
  Read orbitals: LTSC_benzene
  Complex orbitals: F
  Geometry:
    r_5: [ 0.00000000000000, 2.63994739601739 ]
    r_4: [ 2.28626150960564, 1.31997369800870 ]
    r_6: [ 2.28626150960564, -1.31997369800870 ]
    r_2: [ 0.00000000000000, -2.63994739601739 ]
    r_3: [ -2.28626150960564, -1.31997369800870 ]
    r_1: [ -2.28626150960564, 1.31997369800870 ]

VMC:
  nstep: 500000
  nconfig: 50000

Jastrow: wfn.casl

Backflow: wfn.casl

Multideterminants: wfn.casl
############## End of input file dump ##############

General setup:
* Random seed: 183711092 (from timer)

* Loaded integrals for system with nelec=6, ms2=0, norb=6
* INFO: setting number of electrons from integrals file.
* Analysis of Hamiltonian connecitivity performed:
  - T_ii (local, 1-site): 6 (i) values
  - U_iiii [opp] (local, 1-site): 6 (i) values
  - U_kkii [opp] (local, 2-site): 30 contribs. from 6 (i) values
  - U_kkii [par] (local, 2-site): 15 contribs. from 5 (i) values
  - T_ji (single, 2-site): 30 contribs. from 6 (i) values
  - U_kkji [opp] (single, 2/3-site): 180 contribs. from 30 (i,j) pairs
  - U_kkji [par] (single, 3-site): 150 contribs. from 30 (i,j) pairs
  - U_lkji [opp] (double, 2/3/4-site): 900 contribs. from 30 (i,j) pairs
  - U_lkji [par] (double, 4-site): 170 contribs. from 20 (i,j) pairs
  - Max. no. wfn. ratios in Eloc: 255
* Reading override orbitals from file "LTSC_benzene".
* Site labels:
  +-----+
  |  5  |
  |1   4|
  |3   6|
  |  2  |
  +-----+
* Automatically set Site kinds:
  [ 1, 1, 1, 1, 1, 1 ]
  +-----+
  |  1  |
  |1   1|
  |1   1|
  |  1  |
  +-----+
* Maximum Site kind: 1
* Number of site-pair kinds with Tij=0: 0
* Automatically set Site pair kinds:
  Site 1: [ 0, 4, 1, -5, -1, -2 ]
  Site 2: [ 4, 0, 1, -4, -3, -1 ]
  Site 3: [ 1, 1, 0, -2, -4, -5 ]
  Site 4: [ -5, -4, -2, 0, 1, 1 ]
  Site 5: [ -1, -3, -4, 1, 0, 4 ]
  Site 6: [ -2, -1, -5, 1, 4, 0 ]
  For site 1 of kind 1:
  +--------+
  |   -1   |
  | 0    -5|
  | 1    -2|
  |    4   |
  +--------+
* Maximum (unsigned) Site pair kind: 5
General system setup:
* Number of sites       : 6
* Number of electrons   : 6
* Spin imbalance MS2    : 0
* Filling               : 0.500000
* Number of orbitals in pool: 6
* Using real-valued orbitals
* Using double-precision arithmetic for orbitals

Trial wave function setup:
* Jastrow parameter file: "wfn.casl"
* Multideterminant parameter file: "wfn.casl"
* Backflow parameter file: "wfn.casl"
* Not using wave function manipulation

VMC #1:
* Size of Hilbert space =   4.0000E+02
* Deterministic energy evaluation:
  > Deterministic Etot/t = -230.70025896625978
    - Ttot/t = -10.362786424691325
    - Utot/t = 3.9050193125794270
* Number of equil. steps   = 1000
* Running VMC equilibration.
  Done. [total walltime: 0.19s]
* Equil. acc.ratio (%)     =  42.6035
* Sample config after equilibration:
  +-----+
  |  d  |
  |u   u|
  |d   d|
  |  u  |
  +-----+
* Number of accum. steps   = 500480 x 10
* Running VMC accumulation.
  Done. [total walltime: 12.4s]
* Acceptance ratio (%)     =  42.6863
* Etot/t                   =  -2.307002609350E+02 +/-   5.710606777048E-06
  > Ttot/t                 =  -1.036327451462E+01 +/-   2.914081514604E-04
  > Utot/t                 =   3.905505433604E+00 +/-   2.901570617265E-04
* var[Eloc/t]              =   1.654985134053E-05 +/-   4.472830499311E-08
* Correlation length       =   9.861821619722E-01
* log10 Psi^2 range: -5.8661154767744605 -- -2.2980421052176201
* log10 Pgen range : -5.8661154767744605 -- -2.2980421052176201
* Site occupation (ave. no. electrons per config.):
  > Site_  ___eu____  ___ed____
      1        0.498      0.500
      2        0.499      0.503
      3        0.501      0.499
      4        0.501      0.504
      5        0.501      0.496
      6        0.499      0.499
* Pair-correlation analysis (ave. no. pairs per config.):
  > Shell  nsite  ___dh____  __eueu___  __eued___
      0      1        0          0          1.033
      1      4        1.062      1.483      3.522
      2      4        0.152      0.843      1.105
      3      4        0.077      0.421      0.550
      4      4        0.232      2.169      1.861
      5      4        0.118      1.084      0.929

Optimization #1:
* Method          : lls
* Target function : energy
* No. of configs. : 50048
* No. of params.  : 44
* Before optimization:
  -9.1902E-01   3.1149E-01  -8.5543E-02  -8.3085E-02   1.7182E-02   6.6005E-03
  -1.7069E-01  -1.4290E-01   4.4818E-02   4.3192E-02   3.8759E-02   4.8203E-02
  -5.1035E-03  -6.8843E-03  -3.7098E-02  -3.3949E-02   2.2568E-02   4.8939E-03
  -9.7390E-04   2.1460E-03  -1.0219E-02   7.9371E-03  -3.0191E-03   7.8454E-01
  -1.0836E-01  -1.0036E-03   1.1220E-02  -1.6581E-02  -1.7511E-02  -5.4799E-02
   2.9122E-02   2.6442E-02  -6.6127E-03  -1.6326E-02  -7.9650E-03   9.0468E-02
   9.2834E-02   5.2076E-02   6.1761E-02   2.1145E-03   1.0907E-01   9.6878E-02
   5.1282E-02   5.0043E-02
  > E    =  -2.307002794370E+02 +/-   1.824886106766E-05
  > varE =   1.666703151799E-05
* Computing derivatives.
  Done. [total walltime: 34.7s]
* Optimizing manipulation constant:
  #igrid a___________ E____________________________________ varE____________
     1     Infinity    -2.30700279E+02 +/-   1.82488611E-05   1.66670315E-05
     2     1.0000E+06  -2.30700279E+02 +/-   1.82488446E-05   1.66670014E-05
     3     2.1544E+05  -2.30700279E+02 +/-   1.82487845E-05   1.66668916E-05
     4     4.6416E+04  -2.30700279E+02 +/-   1.82485055E-05   1.66663821E-05
     5     1.0000E+04  -2.30700279E+02 +/-   1.82472124E-05   1.66640201E-05
     6     2.1544E+03  -2.30700279E+02 +/-   1.82412426E-05   1.66531183E-05
     7     4.6416E+02  -2.30700279E+02 +/-   1.82142522E-05   1.66038735E-05
     8     1.0000E+02  -2.30700280E+02 +/-   1.81116467E-05   1.64173329E-05
     9     2.1544E+01  -2.30700279E+02 +/-   2.17821981E-05   2.37459820E-05
    10     4.6416E+00  -2.30687379E+02 +/-   4.56830190E-04   1.04447084E-02
    11     1.0000E+00  -2.29280619E+02 +/-   2.60068405E-03   3.38502528E-01
    12     2.1544E-01  -2.30006147E+02 +/-   2.56547227E-03   3.29398319E-01
    13     4.6416E-02  -2.30006135E+02 +/-   2.56740346E-03   3.29894421E-01
    14     1.0000E-02  -2.30006095E+02 +/-   2.56703160E-03   3.29798865E-01
    15     2.1544E-03  -2.30006112E+02 +/-   2.56631032E-03   3.29613558E-01
    16     4.6416E-04  -2.30006171E+02 +/-   2.56409952E-03   3.29045897E-01
    17     1.0000E-04  -2.30006213E+02 +/-   1.19173286E-05   7.10795313E-06
    18     2.1544E-05  -2.30006225E+02 +/-   1.22024186E-05   7.45209809E-06
    19     4.6416E-06  -2.30006228E+02 +/-   1.22663338E-05   7.53036947E-06
    20     1.0000E-06  -2.30006228E+02 +/-   1.22802188E-05   7.54742726E-06
    21     0.0000E+00  -2.30006228E+02 +/-   1.22840388E-05   7.55212358E-06
  ParMin   1.9711E+02  -2.30700280E+02 +/-   1.81708259E-05   1.65247942E-05
  # Using grid point #8
* Iteration # 1: E =  -2.307002799523E+02 +/-   1.811164673534E-05
* Convergence: exiting.
* After optimization:
  -8.9284E-01   3.1157E-01  -8.5609E-02  -8.3094E-02   1.7170E-02   6.6712E-03
  -1.7079E-01  -1.4332E-01   4.4702E-02   4.3323E-02   3.8854E-02   4.8046E-02
  -4.9647E-03  -6.9337E-03  -3.6836E-02  -3.3673E-02   2.2437E-02   4.9022E-03
  -1.0063E-03   2.1682E-03  -1.0170E-02   7.9468E-03  -2.9766E-03   7.7492E-01
  -1.0572E-01  -1.0072E-03   1.0891E-02  -1.6652E-02  -1.7561E-02  -5.3322E-02
   2.8536E-02   2.5945E-02  -6.6320E-03  -1.6124E-02  -6.8187E-03   9.0370E-02
   9.2757E-02   5.1621E-02   6.1207E-02   2.5249E-03   1.0880E-01   9.6885E-02
   5.1054E-02   4.9832E-02
  > Energy =  -2.307002799523E+02 +/-   1.811164673534E-05
  > varE =   1.641733289716E-05

VMC #2:
* Size of Hilbert space =   4.0000E+02
* Deterministic energy evaluation:
  > Deterministic Etot/t = -230.70025925231465
    - Ttot/t = -10.362731490726434
    - Utot/t = 3.9049640925596827
* Number of equil. steps   = 1000
* Running VMC equilibration.
  Done. [total walltime: 0.10s]
* Equil. acc.ratio (%)     =  43.0747
* Sample config after equilibration:
  +-----+
  |  u  |
  |d   d|
  |u   u|
  |  d  |
  +-----+
* Number of accum. steps   = 500480 x 10
* Running VMC accumulation.
  Done. [total walltime: 12.0s]
* Acceptance ratio (%)     =  43.0749
* Etot/t                   =  -2.307002668339E+02 +/-   5.811434385500E-06
  > Ttot/t                 =  -1.036279106346E+01 +/-   2.932156799711E-04
  > Utot/t                 =   3.905016083916E+00 +/-   2.918433790301E-04
* var[Eloc/t]              =   1.643598449005E-05 +/-   7.454906717458E-08
* Correlation length       =   1.028389613542E+00
* log10 Psi^2 range: -6.4864406293291941 -- -2.3029803319150246
* log10 Pgen range : -6.4864406293291941 -- -2.3029803319150246
* Site occupation (ave. no. electrons per config.):
  > Site_  ___eu____  ___ed____
      1        0.499      0.505
      2        0.499      0.502
      3        0.500      0.496
      4        0.503      0.496
      5        0.502      0.498
      6        0.497      0.503
* Pair-correlation analysis (ave. no. pairs per config.):
  > Shell  nsite  ___dh____  __eueu___  __eued___
      0      1        0          0          1.026
      1      4        1.053      1.483      3.532
      2      4        0.149      0.846      1.101
      3      4        0.077      0.422      0.550
      4      4        0.233      2.167      1.860
      5      4        0.114      1.082      0.931

Optimization #2:
* Method          : lls
* Target function : energy
* No. of configs. : 50048
* No. of params.  : 44
* Before optimization:
  -8.9284E-01   3.1157E-01  -8.5609E-02  -8.3094E-02   1.7170E-02   6.6712E-03
  -1.7079E-01  -1.4332E-01   4.4702E-02   4.3323E-02   3.8854E-02   4.8046E-02
  -4.9647E-03  -6.9337E-03  -3.6836E-02  -3.3673E-02   2.2437E-02   4.9022E-03
  -1.0063E-03   2.1682E-03  -1.0170E-02   7.9468E-03  -2.9766E-03   7.7492E-01
  -1.0572E-01  -1.0072E-03   1.0891E-02  -1.6652E-02  -1.7561E-02  -5.3322E-02
   2.8536E-02   2.5945E-02  -6.6320E-03  -1.6124E-02  -6.8187E-03   9.0370E-02
   9.2757E-02   5.1621E-02   6.1207E-02   2.5249E-03   1.0880E-01   9.6885E-02
   5.1054E-02   4.9832E-02
  > E    =  -2.307002794601E+02 +/-   1.812835823990E-05
  > varE =   1.644764321759E-05
* Computing derivatives.
  Done. [total walltime: 34.6s]
* Optimizing manipulation constant:
  #igrid a___________ E____________________________________ varE____________
     1     Infinity    -2.30700279E+02 +/-   1.81283582E-05   1.64476432E-05
     2     1.0000E+06  -2.30700279E+02 +/-   1.81283418E-05   1.64476134E-05
     3     2.1544E+05  -2.30700279E+02 +/-   1.81282821E-05   1.64475050E-05
     4     4.6416E+04  -2.30700279E+02 +/-   1.81280048E-05   1.64470019E-05
     5     1.0000E+04  -2.30700279E+02 +/-   1.81267195E-05   1.64446698E-05
     6     2.1544E+03  -2.30700279E+02 +/-   1.81207878E-05   1.64339090E-05
     7     4.6416E+02  -2.30700279E+02 +/-   1.80939909E-05   1.63853403E-05
     8     1.0000E+02  -2.30700279E+02 +/-   1.79859520E-05   1.61902511E-05
     9     2.1544E+01  -2.30700274E+02 +/-   1.81504574E-05   1.64877682E-05
    10     4.6416E+00  -2.30699997E+02 +/-   5.89390859E-05   1.73857536E-04
    11     1.0000E+00  -2.30689202E+02 +/-   3.96940090E-04   7.88563471E-03
    12     2.1544E-01  -2.30612856E+02 +/-   1.11054575E-03   6.17247922E-02
    13     4.6416E-02  -2.30344026E+02 +/-   2.07126135E-03   2.14712105E-01
    14     1.0000E-02  -2.30016801E+02 +/-   2.53099303E-03   3.20603771E-01
    15     2.1544E-03  -2.30005973E+02 +/-   2.53905270E-03   3.22648875E-01
    16     4.6416E-04  -2.30005973E+02 +/-   2.53903584E-03   3.22644592E-01
    17     1.0000E-04  -2.30005973E+02 +/-   2.53902930E-03   3.22642929E-01
    18     2.1544E-05  -2.30005973E+02 +/-   2.53902765E-03   3.22642511E-01
    19     4.6416E-06  -2.30005973E+02 +/-   2.53902729E-03   3.22642418E-01
    20     1.0000E-06  -2.30005973E+02 +/-   2.53902721E-03   3.22642398E-01
    21     0.0000E+00  -2.30005973E+02 +/-   2.53902719E-03   3.22642392E-01
  ParMin   2.0904E+02  -2.30700279E+02 +/-   1.80547217E-05   1.63142954E-05
  # Using grid point #8
* Iteration # 1: E =  -2.307002792595E+02 +/-   1.798595196659E-05
* Convergence: exiting.
* After optimization:
  -9.1228E-01   3.1152E-01  -8.5615E-02  -8.3071E-02   1.7106E-02   6.6889E-03
  -1.7078E-01  -1.4339E-01   4.4584E-02   4.3417E-02   3.8903E-02   4.7927E-02
  -4.8485E-03  -6.9594E-03  -3.6726E-02  -3.3556E-02   2.2482E-02   4.9748E-03
  -9.7602E-04   2.1304E-03  -1.0092E-02   7.9173E-03  -2.9403E-03   7.8319E-01
  -1.0561E-01  -1.0910E-03   1.0767E-02  -1.7022E-02  -1.7931E-02  -5.3084E-02
   2.8601E-02   2.6022E-02  -6.8881E-03  -1.6379E-02  -5.9008E-03   9.0027E-02
   9.2437E-02   5.1199E-02   6.0679E-02   3.1718E-03   1.0839E-01   9.6719E-02
   5.0685E-02   4.9472E-02
  > Energy =  -2.307002792595E+02 +/-   1.798595196659E-05
  > varE =   1.619025114170E-05

VMC #3:
* Size of Hilbert space =   4.0000E+02
* Deterministic energy evaluation:
  > Deterministic Etot/t = -230.70025953797770
    - Ttot/t = -10.362711977649528
    - Utot/t = 3.9049442938197223
* Number of equil. steps   = 1000
* Running VMC equilibration.
  Done. [total walltime: 0.10s]
* Equil. acc.ratio (%)     =  42.9396
* Sample config after equilibration:
  +-----+
  |  0  |
  |2   2|
  |0   u|
  |  d  |
  +-----+
* Number of accum. steps   = 500480 x 10
* Running VMC accumulation.
  Done. [total walltime: 12.0s]
* Acceptance ratio (%)     =  42.8156
* Etot/t                   =  -2.307002554094E+02 +/-   5.559785599639E-06
  > Ttot/t                 =  -1.036212927019E+01 +/-   2.950056565095E-04
  > Utot/t                 =   3.904365714859E+00 +/-   2.936360819486E-04
* var[Eloc/t]              =   1.615911493946E-05 +/-   8.307702693982E-08
* Correlation length       =   9.573819728727E-01
* log10 Psi^2 range: -5.8754601023787290 -- -2.3076229862430746
* log10 Pgen range : -5.8754601023787290 -- -2.3076229862430746
* Site occupation (ave. no. electrons per config.):
  > Site_  ___eu____  ___ed____
      1        0.502      0.495
      2        0.499      0.503
      3        0.498      0.502
      4        0.503      0.493
      5        0.501      0.506
      6        0.498      0.500
* Pair-correlation analysis (ave. no. pairs per config.):
  > Shell  nsite  ___dh____  __eueu___  __eued___
      0      1        0          0          1.030
      1      4        1.063      1.470      3.533
      2      4        0.151      0.834      1.105
      3      4        0.076      0.426      0.556
      4      4        0.231      2.183      1.856
      5      4        0.114      1.086      0.921

Optimization #3:
* Method          : lls
* Target function : energy
* No. of configs. : 50048
* No. of params.  : 44
* Before optimization:
  -9.1228E-01   3.1152E-01  -8.5615E-02  -8.3071E-02   1.7106E-02   6.6889E-03
  -1.7078E-01  -1.4339E-01   4.4584E-02   4.3417E-02   3.8903E-02   4.7927E-02
  -4.8485E-03  -6.9594E-03  -3.6726E-02  -3.3556E-02   2.2482E-02   4.9748E-03
  -9.7602E-04   2.1304E-03  -1.0092E-02   7.9173E-03  -2.9403E-03   7.8319E-01
  -1.0561E-01  -1.0910E-03   1.0767E-02  -1.7022E-02  -1.7931E-02  -5.3084E-02
   2.8601E-02   2.6022E-02  -6.8881E-03  -1.6379E-02  -5.9008E-03   9.0027E-02
   9.2437E-02   5.1199E-02   6.0679E-02   3.1718E-03   1.0839E-01   9.6719E-02
   5.0685E-02   4.9472E-02
  > E    =  -2.307002718576E+02 +/-   1.794609919887E-05
  > varE =   1.611858282166E-05
* Computing derivatives.
  Done. [total walltime: 34.7s]
* Optimizing manipulation constant:
  #igrid a___________ E____________________________________ varE____________
     1     Infinity    -2.30700272E+02 +/-   1.79460992E-05   1.61185828E-05
     2     1.0000E+06  -2.30700272E+02 +/-   1.79460830E-05   1.61185537E-05
     3     2.1544E+05  -2.30700272E+02 +/-   1.79460239E-05   1.61184476E-05
     4     4.6416E+04  -2.30700272E+02 +/-   1.79457497E-05   1.61179551E-05
     5     1.0000E+04  -2.30700272E+02 +/-   1.79444782E-05   1.61156710E-05
     6     2.1544E+03  -2.30700272E+02 +/-   1.79385968E-05   1.61051088E-05
     7     4.6416E+02  -2.30700272E+02 +/-   1.79117493E-05   1.60569380E-05
     8     1.0000E+02  -2.30700272E+02 +/-   1.77976430E-05   1.58530091E-05
     9     2.1544E+01  -2.30700272E+02 +/-   1.79087235E-05   1.60515135E-05
    10     4.6416E+00  -2.30683742E+02 +/-   5.09720229E-04   1.30032067E-02
    11     1.0000E+00  -2.30247710E+02 +/-   2.27979838E-03   2.60123513E-01
    12     2.1544E-01  -2.30341866E+02 +/-   2.07934062E-03   2.16390407E-01
    13     4.6416E-02  -2.30307678E+02 +/-   2.14720491E-03   2.30745750E-01
    14     1.0000E-02  -2.30236499E+02 +/-   2.28076491E-03   2.60344119E-01
    15     2.1544E-03  -2.30215284E+02 +/-   2.31586556E-03   2.68419100E-01
    16     4.6416E-04  -2.30210459E+02 +/-   2.32356445E-03   2.70206736E-01
    17     1.0000E-04  -2.30209408E+02 +/-   2.32522714E-03   2.70593583E-01
    18     2.1544E-05  -2.30209181E+02 +/-   2.32558552E-03   2.70677000E-01
    19     4.6416E-06  -2.30209132E+02 +/-   2.32566273E-03   2.70694976E-01
    20     1.0000E-06  -2.30209122E+02 +/-   2.32567937E-03   2.70698848E-01
    21     0.0000E+00  -2.30209119E+02 +/-   2.32568394E-03   2.70699912E-01
* Iteration # 1: E =  -2.307002720276E+02 +/-   1.779764300573E-05
* Convergence: exiting.
* After optimization:
  -8.9933E-01   3.1159E-01  -8.5681E-02  -8.3093E-02   1.7088E-02   6.7546E-03
  -1.7088E-01  -1.4376E-01   4.4473E-02   4.3544E-02   3.8986E-02   4.7798E-02
  -4.7189E-03  -6.9968E-03  -3.6475E-02  -3.3300E-02   2.2370E-02   4.9795E-03
  -1.0033E-03   2.1482E-03  -1.0046E-02   7.9246E-03  -2.9019E-03   7.7876E-01
  -1.0375E-01  -1.0964E-03   1.0528E-02  -1.7193E-02  -1.8089E-02  -5.2014E-02
   2.8223E-02   2.5708E-02  -6.9544E-03  -1.6288E-02  -4.7905E-03   8.9925E-02
   9.2354E-02   5.0757E-02   6.0133E-02   3.5882E-03   1.0812E-01   9.6713E-02
   5.0455E-02   4.9258E-02
  > Energy =  -2.307002720276E+02 +/-   1.779764300573E-05
  > varE =   1.585300912061E-05

VMC #4:
* Size of Hilbert space =   4.0000E+02
* Deterministic energy evaluation:
  > Deterministic Etot/t = -230.70025983476870
    - Ttot/t = -10.362700049586239
    - Utot/t = 3.9049320689654556
* Number of equil. steps   = 1000
* Running VMC equilibration.
  Done. [total walltime: 0.10s]
* Equil. acc.ratio (%)     =  42.8766
* Sample config after equilibration:
  +-----+
  |  2  |
  |0   0|
  |d   2|
  |  u  |
  +-----+
* Number of accum. steps   = 500480 x 10
* Running VMC accumulation.
  Done. [total walltime: 12.0s]
* Acceptance ratio (%)     =  42.9825
* Etot/t                   =  -2.307002591628E+02 +/-   5.600022370460E-06
  > Ttot/t                 =  -1.036264588895E+01 +/-   2.881594417003E-04
  > Utot/t                 =   3.904878580120E+00 +/-   2.868149105287E-04
* var[Eloc/t]              =   1.592540062597E-05 +/-   6.451275262448E-08
* Correlation length       =   9.855436961190E-01
* log10 Psi^2 range: -6.4353277464987455 -- -2.3123695852163690
* log10 Pgen range : -6.4353277464987455 -- -2.3123695852163690
* Site occupation (ave. no. electrons per config.):
  > Site_  ___eu____  ___ed____
      1        0.501      0.497
      2        0.498      0.501
      3        0.501      0.502
      4        0.498      0.502
      5        0.500      0.499
      6        0.502      0.498
* Pair-correlation analysis (ave. no. pairs per config.):
  > Shell  nsite  ___dh____  __eueu___  __eued___
      0      1        0          0          1.027
      1      4        1.062      1.471      3.531
      2      4        0.151      0.837      1.110
      3      4        0.077      0.417      0.553
      4      4        0.227      2.183      1.851
      5      4        0.113      1.092      0.928

Optimization #4:
* Method          : lls
* Target function : energy
* No. of configs. : 50048
* No. of params.  : 44
* Before optimization:
  -8.9933E-01   3.1159E-01  -8.5681E-02  -8.3093E-02   1.7088E-02   6.7546E-03
  -1.7088E-01  -1.4376E-01   4.4473E-02   4.3544E-02   3.8986E-02   4.7798E-02
  -4.7189E-03  -6.9968E-03  -3.6475E-02  -3.3300E-02   2.2370E-02   4.9795E-03
  -1.0033E-03   2.1482E-03  -1.0046E-02   7.9246E-03  -2.9019E-03   7.7876E-01
  -1.0375E-01  -1.0964E-03   1.0528E-02  -1.7193E-02  -1.8089E-02  -5.2014E-02
   2.8223E-02   2.5708E-02  -6.9544E-03  -1.6288E-02  -4.7905E-03   8.9925E-02
   9.2354E-02   5.0757E-02   6.0133E-02   3.5882E-03   1.0812E-01   9.6713E-02
   5.0455E-02   4.9258E-02
  > E    =  -2.307002658755E+02 +/-   1.795933366574E-05
  > varE =   1.614236509382E-05
* Computing derivatives.
  Done. [total walltime: 34.7s]
* Optimizing manipulation constant:
  #igrid a___________ E____________________________________ varE____________
     1     Infinity    -2.30700266E+02 +/-   1.79593337E-05   1.61423651E-05
     2     1.0000E+06  -2.30700266E+02 +/-   1.79593174E-05   1.61423359E-05
     3     2.1544E+05  -2.30700266E+02 +/-   1.79592583E-05   1.61422297E-05
     4     4.6416E+04  -2.30700266E+02 +/-   1.79589842E-05   1.61417368E-05
     5     1.0000E+04  -2.30700266E+02 +/-   1.79577136E-05   1.61394530E-05
     6     2.1544E+03  -2.30700266E+02 +/-   1.79518615E-05   1.61289356E-05
     7     4.6416E+02  -2.30700266E+02 +/-   1.79256671E-05   1.60819008E-05
     8     1.0000E+02  -2.30700266E+02 +/-   1.78255487E-05   1.59027614E-05
     9     2.1544E+01  -2.30700263E+02 +/-   1.82259370E-05   1.66251838E-05
    10     4.6416E+00  -2.30700045E+02 +/-   5.75176358E-05   1.65572719E-04
    11     1.0000E+00  -2.30696100E+02 +/-   2.46212323E-04   3.03393519E-03
    12     2.1544E-01  -2.30691360E+02 +/-   3.59665059E-04   6.47415696E-03
    13     4.6416E-02  -2.30693539E+02 +/-   3.11758120E-04   4.86432155E-03
    14     1.0000E-02  -2.30699054E+02 +/-   1.29407396E-04   8.38117530E-04
    15     2.1544E-03  -2.30696467E+02 +/-   2.45381181E-04   3.01348638E-03
    16     4.6416E-04  -2.30671561E+02 +/-   7.13472494E-04   2.54765841E-02
    17     1.0000E-04  -2.29331763E+02 +/-   2.76096337E-03   3.81511837E-01
    18     2.1544E-05  -2.29296020E+02 +/-   2.72249030E-03   3.70953445E-01
    19     4.6416E-06  -2.29291413E+02 +/-   2.71738959E-03   3.69564751E-01
    20     1.0000E-06  -2.29290520E+02 +/-   2.71640101E-03   3.69295905E-01
    21     0.0000E+00  -2.29290281E+02 +/-   2.71613595E-03   3.69223841E-01
  ParMin   1.9098E+02  -2.30700266E+02 +/-   1.78820221E-05   1.60036845E-05
  # Using grid point #8
* Iteration # 1: E =  -2.307002659567E+02 +/-   1.782554872355E-05
* Convergence: exiting.
* After optimization:
  -9.2065E-01   3.1155E-01  -8.5678E-02  -8.3065E-02   1.7028E-02   6.7702E-03
  -1.7087E-01  -1.4379E-01   4.4360E-02   4.3630E-02   3.9028E-02   4.7690E-02
  -4.6091E-03  -7.0240E-03  -3.6382E-02  -3.3193E-02   2.2428E-02   5.0488E-03
  -9.6613E-04   2.1048E-03  -9.9666E-03   7.8902E-03  -2.8732E-03   7.8777E-01
  -1.0374E-01  -1.2195E-03   1.0372E-02  -1.7584E-02  -1.8483E-02  -5.1813E-02
   2.8284E-02   2.5773E-02  -7.2432E-03  -1.6586E-02  -3.8909E-03   8.9539E-02
   9.1995E-02   5.0353E-02   5.9625E-02   4.2832E-03   1.0769E-01   9.6515E-02
   5.0078E-02   4.8888E-02
  > Energy =  -2.307002659567E+02 +/-   1.782554872355E-05
  > varE =   1.590276137377E-05

VMC #5:
* Size of Hilbert space =   4.0000E+02
* Deterministic energy evaluation:
  > Deterministic Etot/t = -230.70026009505943
    - Ttot/t = -10.362675740326544
    - Utot/t = 3.9049074994150286
* Number of equil. steps   = 1000
* Running VMC equilibration.
  Done. [total walltime: 0.10s]
* Equil. acc.ratio (%)     =  42.7948
* Sample config after equilibration:
  +-----+
  |  u  |
  |d   d|
  |2   u|
  |  0  |
  +-----+
* Number of accum. steps   = 500480 x 10
* Running VMC accumulation.
  Done. [total walltime: 12.0s]
* Acceptance ratio (%)     =  42.7024
* Etot/t                   =  -2.307002650362E+02 +/-   5.599470439913E-06
  > Ttot/t                 =  -1.036266617142E+01 +/-   2.896297357319E-04
  > Utot/t                 =   3.904892989356E+00 +/-   2.880516556768E-04
* var[Eloc/t]              =   1.564330692616E-05 +/-   4.729267031724E-08
* Correlation length       =   1.003118115052E+00
* log10 Psi^2 range: -5.8845787739129598 -- -2.3171708472276538
* log10 Pgen range : -5.8845787739129598 -- -2.3171708472276538
* Site occupation (ave. no. electrons per config.):
  > Site_  ___eu____  ___ed____
      1        0.500      0.498
      2        0.503      0.497
      3        0.498      0.501
      4        0.499      0.498
      5        0.500      0.502
      6        0.500      0.504
* Pair-correlation analysis (ave. no. pairs per config.):
  > Shell  nsite  ___dh____  __eueu___  __eued___
      0      1        0          0          1.029
      1      4        1.061      1.474      3.531
      2      4        0.152      0.837      1.104
      3      4        0.076      0.423      0.553
      4      4        0.229      2.176      1.857
      5      4        0.112      1.089      0.927

Optimization #5:
* Method          : lls
* Target function : energy
* No. of configs. : 50048
* No. of params.  : 44
* Before optimization:
  -9.2065E-01   3.1155E-01  -8.5678E-02  -8.3065E-02   1.7028E-02   6.7702E-03
  -1.7087E-01  -1.4379E-01   4.4360E-02   4.3630E-02   3.9028E-02   4.7690E-02
  -4.6091E-03  -7.0240E-03  -3.6382E-02  -3.3193E-02   2.2428E-02   5.0488E-03
  -9.6613E-04   2.1048E-03  -9.9666E-03   7.8902E-03  -2.8732E-03   7.8777E-01
  -1.0374E-01  -1.2195E-03   1.0372E-02  -1.7584E-02  -1.8483E-02  -5.1813E-02
   2.8284E-02   2.5773E-02  -7.2432E-03  -1.6586E-02  -3.8909E-03   8.9539E-02
   9.1995E-02   5.0353E-02   5.9625E-02   4.2832E-03   1.0769E-01   9.6515E-02
   5.0078E-02   4.8888E-02
  > E    =  -2.307002594231E+02 +/-   1.770575456167E-05
  > varE =   1.568973492965E-05
* Computing derivatives.
  Done. [total walltime: 34.6s]
* Optimizing manipulation constant:
  #igrid a___________ E____________________________________ varE____________
     1     Infinity    -2.30700259E+02 +/-   1.77057546E-05   1.56897349E-05
     2     1.0000E+06  -2.30700259E+02 +/-   1.77057386E-05   1.56897067E-05
     3     2.1544E+05  -2.30700259E+02 +/-   1.77056806E-05   1.56896038E-05
     4     4.6416E+04  -2.30700259E+02 +/-   1.77054112E-05   1.56891263E-05
     5     1.0000E+04  -2.30700259E+02 +/-   1.77041609E-05   1.56869107E-05
     6     2.1544E+03  -2.30700259E+02 +/-   1.76983632E-05   1.56766381E-05
     7     4.6416E+02  -2.30700259E+02 +/-   1.76715688E-05   1.56292068E-05
     8     1.0000E+02  -2.30700260E+02 +/-   1.75496713E-05   1.54143317E-05
     9     2.1544E+01  -2.30700261E+02 +/-   1.70339557E-05   1.45217097E-05
    10     4.6416E+00  -2.30700263E+02 +/-   1.54706759E-05   1.19785790E-05
    11     1.0000E+00  -2.30700257E+02 +/-   1.52939375E-05   1.17064537E-05
    12     2.1544E-01  -2.30700205E+02 +/-   2.42936147E-05   2.95373145E-05
    13     4.6416E-02  -2.30700133E+02 +/-   3.42124560E-05   5.85807907E-05
    14     1.0000E-02  -2.30698858E+02 +/-   1.21674109E-04   7.40940059E-04
    15     2.1544E-03  -2.30612354E+02 +/-   1.08926846E-03   5.93822416E-02
    16     4.6416E-04  -2.30540797E+02 +/-   1.41653255E-03   1.00424539E-01
    17     1.0000E-04  -2.30523656E+02 +/-   1.47880306E-03   1.09447894E-01
    18     2.1544E-05  -2.30519913E+02 +/-   1.49178711E-03   1.11378260E-01
    19     4.6416E-06  -2.30519105E+02 +/-   1.49456414E-03   1.11793316E-01
    20     1.0000E-06  -2.30518931E+02 +/-   1.49516148E-03   1.11882697E-01
    21     0.0000E+00  -2.30518883E+02 +/-   1.49532546E-03   1.11907239E-01
* Iteration # 1: E =  -2.307002633711E+02 +/-   1.547067588923E-05
* Convergence: exiting.
* After optimization:
  -9.1625E-01   3.1338E-01  -8.6724E-02  -8.3497E-02   1.6980E-02   8.0965E-03
  -1.7304E-01  -1.5036E-01   4.2556E-02   4.5665E-02   4.0054E-02   4.5947E-02
  -2.6883E-03  -7.4533E-03  -3.1649E-02  -2.8155E-02   1.9998E-02   4.7652E-03
  -1.5987E-03   2.5303E-03  -9.2929E-03   8.0115E-03  -2.2108E-03   7.9436E-01
  -8.3652E-02  -3.0329E-03   5.8002E-03  -2.2780E-02  -2.3537E-02  -3.8970E-02
   2.3239E-02   2.1493E-02  -9.6063E-03  -1.7379E-02   1.5610E-02   8.6349E-02
   8.8963E-02   4.2776E-02   5.0466E-02   1.2491E-02   1.0155E-01   9.4573E-02
   4.6107E-02   4.5182E-02
  > Energy =  -2.307002633711E+02 +/-   1.547067588923E-05
  > varE =   1.197857903048E-05

VMC #6:
* Size of Hilbert space =   4.0000E+02
* Deterministic energy evaluation:
  > Deterministic Etot/t = -230.70026429463203
    - Ttot/t = -10.362670348782187
    - Utot/t = 3.9048979082980275
* Number of equil. steps   = 1000
* Running VMC equilibration.
  Done. [total walltime: 0.10s]
* Equil. acc.ratio (%)     =  42.9302
* Sample config after equilibration:
  +-----+
  |  d  |
  |2   u|
  |0   d|
  |  u  |
  +-----+
* Number of accum. steps   = 500480 x 10
* Running VMC accumulation.
  Done. [total walltime: 12.0s]
* Acceptance ratio (%)     =  42.8828
* Etot/t                   =  -2.307002705085E+02 +/-   4.926834207479E-06
  > Ttot/t                 =  -1.036253805746E+01 +/-   2.949514508361E-04
  > Utot/t                 =   3.904759403193E+00 +/-   2.934877196673E-04
* var[Eloc/t]              =   1.202832305371E-05 +/-   5.359117464420E-08
* Correlation length       =   1.009991083004E+00
* log10 Psi^2 range: -5.9739600485086726 -- -2.4112627257837724
* log10 Pgen range : -5.9739600485086726 -- -2.4112627257837724
* Site occupation (ave. no. electrons per config.):
  > Site_  ___eu____  ___ed____
      1        0.500      0.502
      2        0.499      0.501
      3        0.500      0.499
      4        0.498      0.503
      5        0.502      0.495
      6        0.501      0.500
* Pair-correlation analysis (ave. no. pairs per config.):
  > Shell  nsite  ___dh____  __eueu___  __eued___
      0      1        0          0          1.029
      1      4        1.063      1.473      3.530
      2      4        0.150      0.841      1.111
      3      4        0.076      0.418      0.554
      4      4        0.232      2.177      1.849
      5      4        0.115      1.091      0.927

Optimization #6:
* Method          : lls
* Target function : energy
* No. of configs. : 50048
* No. of params.  : 44
* Before optimization:
  -9.1625E-01   3.1338E-01  -8.6724E-02  -8.3497E-02   1.6980E-02   8.0965E-03
  -1.7304E-01  -1.5036E-01   4.2556E-02   4.5665E-02   4.0054E-02   4.5947E-02
  -2.6883E-03  -7.4533E-03  -3.1649E-02  -2.8155E-02   1.9998E-02   4.7652E-03
  -1.5987E-03   2.5303E-03  -9.2929E-03   8.0115E-03  -2.2108E-03   7.9436E-01
  -8.3652E-02  -3.0329E-03   5.8002E-03  -2.2780E-02  -2.3537E-02  -3.8970E-02
   2.3239E-02   2.1493E-02  -9.6063E-03  -1.7379E-02   1.5610E-02   8.6349E-02
   8.8963E-02   4.2776E-02   5.0466E-02   1.2491E-02   1.0155E-01   9.4573E-02
   4.6107E-02   4.5182E-02
  > E    =  -2.307002853747E+02 +/-   1.546289834235E-05
  > varE =   1.196653811611E-05
* Computing derivatives.
  Done. [total walltime: 34.7s]
* Optimizing manipulation constant:
  #igrid a___________ E____________________________________ varE____________
     1     Infinity    -2.30700285E+02 +/-   1.54628983E-05   1.19665381E-05
     2     1.0000E+06  -2.30700285E+02 +/-   1.54628847E-05   1.19665170E-05
     3     2.1544E+05  -2.30700285E+02 +/-   1.54628349E-05   1.19664400E-05
     4     4.6416E+04  -2.30700285E+02 +/-   1.54626041E-05   1.19660827E-05
     5     1.0000E+04  -2.30700285E+02 +/-   1.54615354E-05   1.19644287E-05
     6     2.1544E+03  -2.30700285E+02 +/-   1.54566294E-05   1.19568372E-05
     7     4.6416E+02  -2.30700285E+02 +/-   1.54350379E-05   1.19234553E-05
     8     1.0000E+02  -2.30700286E+02 +/-   1.53617510E-05   1.18104969E-05
     9     2.1544E+01  -2.30700286E+02 +/-   1.63245553E-05   1.33373468E-05
    10     4.6416E+00  -2.30697951E+02 +/-   1.97257832E-04   1.94740033E-03
    11     1.0000E+00  -2.30700255E+02 +/-   3.08146294E-05   4.75226473E-05
    12     2.1544E-01  -2.30698744E+02 +/-   1.65803207E-04   1.37585472E-03
    13     4.6416E-02  -2.30660923E+02 +/-   7.69911747E-04   2.96666576E-02
    14     1.0000E-02  -2.30005108E+02 +/-   2.57729493E-03   3.32441296E-01
    15     2.1544E-03  -2.30187222E+02 +/-   2.42035644E-03   2.93187456E-01
    16     4.6416E-04  -2.30227608E+02 +/-   2.36228731E-03   2.79287926E-01
    17     1.0000E-04  -2.30235840E+02 +/-   2.34945026E-03   2.76260781E-01
    18     2.1544E-05  -2.30237591E+02 +/-   2.34667494E-03   2.75608494E-01
    19     4.6416E-06  -2.30237967E+02 +/-   2.34607662E-03   2.75467971E-01
    20     1.0000E-06  -2.30238048E+02 +/-   2.34594770E-03   2.75437696E-01
    21     0.0000E+00  -2.30238070E+02 +/-   2.34591229E-03   2.75429383E-01
* Iteration # 1: E =  -2.307002855190E+02 +/-   1.536175102730E-05
* Convergence: exiting.
* After optimization:
  -8.9752E-01   3.1325E-01  -8.6787E-02  -8.3575E-02   1.6917E-02   8.1219E-03
  -1.7301E-01  -1.5045E-01   4.2473E-02   4.5763E-02   4.0065E-02   4.5957E-02
  -2.6137E-03  -7.4267E-03  -3.1521E-02  -2.8040E-02   1.9994E-02   4.8083E-03
  -1.6094E-03   2.5343E-03  -9.2844E-03   8.0252E-03  -2.1874E-03   7.8747E-01
  -8.2392E-02  -2.8782E-03   5.7658E-03  -2.2741E-02  -2.3484E-02  -3.8328E-02
   2.3071E-02   2.1365E-02  -9.6166E-03  -1.7234E-02   1.5979E-02   8.6360E-02
   8.8976E-02   4.2457E-02   5.0056E-02   1.2576E-02   1.0150E-01   9.4657E-02
   4.5868E-02   4.4951E-02
  > Energy =  -2.307002855190E+02 +/-   1.536175102730E-05
  > varE =   1.181049693418E-05

VMC #7:
* Size of Hilbert space =   4.0000E+02
* Deterministic energy evaluation:
  > Deterministic Etot/t = -230.70026447263558
    - Ttot/t = -10.362648592150704
    - Utot/t = 3.9048759736629979
* Number of equil. steps   = 1000
* Running VMC equilibration.
  Done. [total walltime: 0.10s]
* Equil. acc.ratio (%)     =  43.1773
* Sample config after equilibration:
  +-----+
  |  0  |
  |d   2|
  |2   u|
  |  0  |
  +-----+
* Number of accum. steps   = 500480 x 10
* Running VMC accumulation.
  Done. [total walltime: 12.0s]
* Acceptance ratio (%)     =  43.1274
* Etot/t                   =  -2.307002684298E+02 +/-   4.863127852899E-06
  > Ttot/t                 =  -1.036252860161E+01 +/-   2.937370326163E-04
  > Utot/t                 =   3.904752025689E+00 +/-   2.923319338613E-04
* var[Eloc/t]              =   1.183484298060E-05 +/-   4.263841515190E-08
* Correlation length       =   1.000128035685E+00
* log10 Psi^2 range: -6.5896172332439029 -- -2.4120091739680061
* log10 Pgen range : -6.5896172332439029 -- -2.4120091739680061
* Site occupation (ave. no. electrons per config.):
  > Site_  ___eu____  ___ed____
      1        0.501      0.504
      2        0.501      0.500
      3        0.499      0.498
      4        0.502      0.498
      5        0.500      0.497
      6        0.497      0.504
* Pair-correlation analysis (ave. no. pairs per config.):
  > Shell  nsite  ___dh____  __eueu___  __eued___
      0      1        0          0          1.031
      1      4        1.063      1.479      3.522
      2      4        0.152      0.845      1.104
      3      4        0.076      0.419      0.552
      4      4        0.227      2.172      1.859
      5      4        0.116      1.085      0.932

Optimization #7:
* Method          : lls
* Target function : energy
* No. of configs. : 50048
* No. of params.  : 44
* Before optimization:
  -8.9752E-01   3.1325E-01  -8.6787E-02  -8.3575E-02   1.6917E-02   8.1219E-03
  -1.7301E-01  -1.5045E-01   4.2473E-02   4.5763E-02   4.0065E-02   4.5957E-02
  -2.6137E-03  -7.4267E-03  -3.1521E-02  -2.8040E-02   1.9994E-02   4.8083E-03
  -1.6094E-03   2.5343E-03  -9.2844E-03   8.0252E-03  -2.1874E-03   7.8747E-01
  -8.2392E-02  -2.8782E-03   5.7658E-03  -2.2741E-02  -2.3484E-02  -3.8328E-02
   2.3071E-02   2.1365E-02  -9.6166E-03  -1.7234E-02   1.5979E-02   8.6360E-02
   8.8976E-02   4.2457E-02   5.0056E-02   1.2576E-02   1.0150E-01   9.4657E-02
   4.5868E-02   4.4951E-02
  > E    =  -2.307002664720E+02 +/-   1.534898899234E-05
  > varE =   1.179088154457E-05
* Computing derivatives.
  Done. [total walltime: 34.5s]
* Optimizing manipulation constant:
  #igrid a___________ E____________________________________ varE____________
     1     Infinity    -2.30700266E+02 +/-   1.53489890E-05   1.17908815E-05
     2     1.0000E+06  -2.30700266E+02 +/-   1.53489754E-05   1.17908607E-05
     3     2.1544E+05  -2.30700266E+02 +/-   1.53489259E-05   1.17907846E-05
     4     4.6416E+04  -2.30700266E+02 +/-   1.53486963E-05   1.17904318E-05
     5     1.0000E+04  -2.30700266E+02 +/-   1.53476303E-05   1.17887942E-05
     6     2.1544E+03  -2.30700266E+02 +/-   1.53426852E-05   1.17811986E-05
     7     4.6416E+02  -2.30700267E+02 +/-   1.53197847E-05   1.17460556E-05
     8     1.0000E+02  -2.30700267E+02 +/-   1.52146203E-05   1.15853448E-05
     9     2.1544E+01  -2.30700267E+02 +/-   1.47505221E-05   1.08893389E-05
    10     4.6416E+00  -2.30700269E+02 +/-   1.31169745E-05   8.61100960E-06
    11     1.0000E+00  -2.30700229E+02 +/-   3.33237429E-05   5.55768946E-05
    12     2.1544E-01  -2.30700214E+02 +/-   3.46434613E-05   6.00660787E-05
    13     4.6416E-02  -2.29397294E+02 +/-   2.14249823E-03   2.29735268E-01
    14     1.0000E-02  -2.30609326E+02 +/-   9.70176044E-04   4.71072574E-02
    15     2.1544E-03  -2.30664702E+02 +/-   6.34181858E-04   2.01286364E-02
    16     4.6416E-04  -2.30670522E+02 +/-   5.82503506E-04   1.69818036E-02
    17     1.0000E-04  -2.30671616E+02 +/-   5.72151471E-04   1.63835784E-02
    18     2.1544E-05  -2.30671845E+02 +/-   5.69955560E-04   1.62580598E-02
    19     4.6416E-06  -2.30671894E+02 +/-   5.69484042E-04   1.62311707E-02
    20     1.0000E-06  -2.30671905E+02 +/-   5.69382530E-04   1.62253847E-02
    21     0.0000E+00  -2.30671908E+02 +/-   5.69354659E-04   1.62237963E-02
  ParMin   9.0469E+00  -2.30700268E+02 +/-   1.40277586E-05   9.84834590E-06
  # Using grid point #10
* Iteration # 1: E =  -2.307002694171E+02 +/-   1.311697446821E-05
* Convergence: exiting.
* After optimization:
  -8.8556E-01   3.0823E-01  -8.6456E-02  -8.3379E-02   1.4848E-02   7.5491E-03
  -1.6894E-01  -1.4759E-01   4.0786E-02   4.6687E-02   4.1399E-02   4.3779E-02
  -5.2990E-04  -7.8757E-03  -3.2272E-02  -2.9095E-02   2.2024E-02   7.0238E-03
  -1.0082E-03   1.7951E-03  -8.3204E-03   7.4861E-03  -1.6171E-03   7.9513E-01
  -7.2331E-02  -1.1742E-03   6.0353E-03  -2.4311E-02  -2.4897E-02  -3.1498E-02
   2.3789E-02   2.2684E-02  -1.2294E-02  -1.8852E-02   2.1417E-02   8.2519E-02
   8.5296E-02   3.7038E-02   4.3551E-02   1.9229E-02   9.8081E-02   9.3562E-02
   3.9364E-02   3.8560E-02
  > Energy =  -2.307002694171E+02 +/-   1.311697446821E-05
  > varE =   8.611009600900E-06

VMC #8:
* Size of Hilbert space =   4.0000E+02
* Deterministic energy evaluation:
  > Deterministic Etot/t = -230.70026812966077
    - Ttot/t = -10.362673423491652
    - Utot/t = 3.9048971479787324
* Number of equil. steps   = 1000
* Running VMC equilibration.
  Done. [total walltime: 0.10s]
* Equil. acc.ratio (%)     =  43.0893
* Sample config after equilibration:
  +-----+
  |  0  |
  |2   0|
  |u   2|
  |  d  |
  +-----+
* Number of accum. steps   = 500480 x 10
* Running VMC accumulation.
  Done. [total walltime: 11.9s]
* Acceptance ratio (%)     =  43.1146
* Etot/t                   =  -2.307002664509E+02 +/-   4.028563572556E-06
  > Ttot/t                 =  -1.036239443193E+01 +/-   2.891527363705E-04
  > Utot/t                 =   3.904619834877E+00 +/-   2.879482958578E-04
* var[Eloc/t]              =   8.585493059480E-06 +/-   3.818094460960E-08
* Correlation length       =   9.460670748353E-01
* log10 Psi^2 range: -5.9920312585399564 -- -2.4342318484084067
* log10 Pgen range : -5.9920312585399564 -- -2.4342318484084067
* Site occupation (ave. no. electrons per config.):
  > Site_  ___eu____  ___ed____
      1        0.503      0.500
      2        0.499      0.500
      3        0.499      0.499
      4        0.498      0.500
      5        0.499      0.500
      6        0.502      0.501
* Pair-correlation analysis (ave. no. pairs per config.):
  > Shell  nsite  ___dh____  __eueu___  __eued___
      0      1        0          0          1.027
      1      4        1.060      1.473      3.530
      2      4        0.150      0.844      1.105
      3      4        0.076      0.415      0.554
      4      4        0.225      2.181      1.853
      5      4        0.113      1.087      0.930

Optimization #8:
* Method          : lls
* Target function : energy
* No. of configs. : 50048
* No. of params.  : 44
* Before optimization:
  -8.8556E-01   3.0823E-01  -8.6456E-02  -8.3379E-02   1.4848E-02   7.5491E-03
  -1.6894E-01  -1.4759E-01   4.0786E-02   4.6687E-02   4.1399E-02   4.3779E-02
  -5.2990E-04  -7.8757E-03  -3.2272E-02  -2.9095E-02   2.2024E-02   7.0238E-03
  -1.0082E-03   1.7951E-03  -8.3204E-03   7.4861E-03  -1.6171E-03   7.9513E-01
  -7.2331E-02  -1.1742E-03   6.0353E-03  -2.4311E-02  -2.4897E-02  -3.1498E-02
   2.3789E-02   2.2684E-02  -1.2294E-02  -1.8852E-02   2.1417E-02   8.2519E-02
   8.5296E-02   3.7038E-02   4.3551E-02   1.9229E-02   9.8081E-02   9.3562E-02
   3.9364E-02   3.8560E-02
  > E    =  -2.307002568304E+02 +/-   1.299247255981E-05
  > varE =   8.448319769345E-06
* Computing derivatives.
  Done. [total walltime: 34.6s]
* Optimizing manipulation constant:
  #igrid a___________ E____________________________________ varE____________
     1     Infinity    -2.30700257E+02 +/-   1.29924726E-05   8.44831977E-06
     2     1.0000E+06  -2.30700257E+02 +/-   1.29924614E-05   8.44830520E-06
     3     2.1544E+05  -2.30700257E+02 +/-   1.29924206E-05   8.44825215E-06
     4     4.6416E+04  -2.30700257E+02 +/-   1.29922313E-05   8.44800599E-06
     5     1.0000E+04  -2.30700257E+02 +/-   1.29913538E-05   8.44686494E-06
     6     2.1544E+03  -2.30700257E+02 +/-   1.29873056E-05   8.44160149E-06
     7     4.6416E+02  -2.30700257E+02 +/-   1.29690343E-05   8.41786592E-06
     8     1.0000E+02  -2.30700257E+02 +/-   1.28948040E-05   8.32177975E-06
     9     2.1544E+01  -2.30700258E+02 +/-   1.27684729E-05   8.15952067E-06
    10     4.6416E+00  -2.30700260E+02 +/-   1.37071746E-05   9.40335030E-06
    11     1.0000E+00  -2.30700262E+02 +/-   1.24601637E-05   7.77023620E-06
    12     2.1544E-01  -2.30696970E+02 +/-   2.26036180E-04   2.55707016E-03
    13     4.6416E-02  -2.30690450E+02 +/-   3.90393780E-04   7.62768073E-03
    14     1.0000E-02  -2.30692204E+02 +/-   3.53573619E-04   6.25671588E-03
    15     2.1544E-03  -2.30694895E+02 +/-   2.88267218E-04   4.15888815E-03
    16     4.6416E-04  -2.30695760E+02 +/-   2.63858768E-04   3.48441429E-03
    17     1.0000E-04  -2.30695961E+02 +/-   2.57839354E-04   3.32724772E-03
    18     2.1544E-05  -2.30696005E+02 +/-   2.56502952E-04   3.29284631E-03
    19     4.6416E-06  -2.30696015E+02 +/-   2.56213150E-04   3.28540987E-03
    20     1.0000E-06  -2.30696017E+02 +/-   2.56150626E-04   3.28380659E-03
    21     0.0000E+00  -2.30696018E+02 +/-   2.56133451E-04   3.28336624E-03
  ParMin   2.1496E+00  -2.30700267E+02 +/-   9.92845086E-06   4.93343838E-06
  # Using parabolic minimum
* Iteration # 1: E =  -2.307002673451E+02 +/-   9.928450856762E-06
* Computing derivatives.
  Done. [total walltime: 34.1s]
* Optimizing manipulation constant:
  #igrid a___________ E____________________________________ varE____________
     1     Infinity    -2.30700267E+02 +/-   9.92845086E-06   4.93343838E-06
     2     1.0000E+06  -2.30700267E+02 +/-   9.92844254E-06   4.93343012E-06
     3     2.1544E+05  -2.30700267E+02 +/-   9.92841227E-06   4.93340003E-06
     4     4.6416E+04  -2.30700267E+02 +/-   9.92827177E-06   4.93326041E-06
     5     1.0000E+04  -2.30700267E+02 +/-   9.92761969E-06   4.93261241E-06
     6     2.1544E+03  -2.30700267E+02 +/-   9.92459468E-06   4.92960686E-06
     7     4.6416E+02  -2.30700267E+02 +/-   9.91058917E-06   4.91570343E-06
     8     1.0000E+02  -2.30700268E+02 +/-   9.84631714E-06   4.85215166E-06
     9     2.1544E+01  -2.30700268E+02 +/-   9.56183624E-06   4.57582419E-06
    10     4.6416E+00  -2.30700271E+02 +/-   8.45301403E-06   3.57610208E-06
    11     1.0000E+00  -2.30700265E+02 +/-   8.09510851E-06   3.27968456E-06
    12     2.1544E-01  -2.30700208E+02 +/-   3.49009460E-05   6.09622692E-05
    13     4.6416E-02  -2.30700269E+02 +/-   1.75809078E-05   1.54692522E-05
    14     1.0000E-02  -2.30700271E+02 +/-   1.65475993E-05   1.37042957E-05
    15     2.1544E-03  -2.30700272E+02 +/-   1.63783882E-05   1.34254561E-05
    16     4.6416E-04  -2.30700272E+02 +/-   1.63441866E-05   1.33694442E-05
    17     1.0000E-04  -2.30700272E+02 +/-   1.63369210E-05   1.33575604E-05
    18     2.1544E-05  -2.30700272E+02 +/-   1.63353604E-05   1.33550085E-05
    19     4.6416E-06  -2.30700272E+02 +/-   1.63350244E-05   1.33544591E-05
    20     1.0000E-06  -2.30700272E+02 +/-   1.63349521E-05   1.33543408E-05
    21     0.0000E+00  -2.30700272E+02 +/-   1.63349322E-05   1.33543083E-05
* Iteration # 2: E =  -2.307002706560E+02 +/-   8.453014030120E-06
* Convergence: exiting.
* After optimization:
  -8.3072E-01   3.0099E-01  -8.9216E-02  -8.7013E-02   1.2211E-02   8.2701E-03
  -1.6414E-01  -1.5182E-01   3.7168E-02   5.0977E-02   3.9936E-02   4.6397E-02
   1.4031E-03  -6.0867E-03  -2.5752E-02  -2.1764E-02   1.9056E-02   9.4046E-03
  -2.8758E-03   3.2034E-03  -9.1461E-03   8.7725E-03  -7.7040E-04   7.8488E-01
  -6.2123E-02   5.0844E-03   8.0099E-03  -2.8630E-02  -2.8908E-02  -2.6334E-02
   2.7929E-02   2.7697E-02  -1.3734E-02  -1.7594E-02   3.2091E-02   8.3445E-02
   8.5521E-02   2.6796E-02   3.0824E-02   1.9028E-02   9.6830E-02   9.6779E-02
   3.1846E-02   3.1394E-02
  > Energy =  -2.307002706560E+02 +/-   8.453014030120E-06
  > varE =   3.576102075088E-06

VMC #9:
* Size of Hilbert space =   4.0000E+02
* Deterministic energy evaluation:
  > Deterministic Etot/t = -230.70027409224070
    - Ttot/t = -10.362707839810859
    - Utot/t = 3.9049256017180536
* Number of equil. steps   = 1000
* Running VMC equilibration.
  Done. [total walltime: 0.10s]
* Equil. acc.ratio (%)     =  43.6039
* Sample config after equilibration:
  +-----+
  |  u  |
  |d   d|
  |u   0|
  |  2  |
  +-----+
* Number of accum. steps   = 500480 x 10
* Running VMC accumulation.
  Done. [total walltime: 11.9s]
* Acceptance ratio (%)     =  43.5232
* Etot/t                   =  -2.307002717851E+02 +/-   2.688464748556E-06
  > Ttot/t                 =  -1.036265244742E+01 +/-   2.886678519190E-04
  > Utot/t                 =   3.904872516347E+00 +/-   2.874692562505E-04
* var[Eloc/t]              =   3.707253793770E-06 +/-   1.876488255429E-08
* Correlation length       =   9.757602036017E-01
* log10 Psi^2 range: -6.5879363844162739 -- -2.4478941718137004
* log10 Pgen range : -6.5879363844162739 -- -2.4478941718137004
* Site occupation (ave. no. electrons per config.):
  > Site_  ___eu____  ___ed____
      1        0.503      0.497
      2        0.499      0.500
      3        0.500      0.501
      4        0.502      0.501
      5        0.499      0.500
      6        0.497      0.502
* Pair-correlation analysis (ave. no. pairs per config.):
  > Shell  nsite  ___dh____  __eueu___  __eued___
      0      1        0          0          1.024
      1      4        1.054      1.478      3.532
      2      4        0.150      0.845      1.106
      3      4        0.076      0.419      0.549
      4      4        0.227      2.171      1.858
      5      4        0.114      1.087      0.931

Optimization #9:
* Method          : lls
* Target function : energy
* No. of configs. : 50048
* No. of params.  : 44
* Before optimization:
  -8.3072E-01   3.0099E-01  -8.9216E-02  -8.7013E-02   1.2211E-02   8.2701E-03
  -1.6414E-01  -1.5182E-01   3.7168E-02   5.0977E-02   3.9936E-02   4.6397E-02
   1.4031E-03  -6.0867E-03  -2.5752E-02  -2.1764E-02   1.9056E-02   9.4046E-03
  -2.8758E-03   3.2034E-03  -9.1461E-03   8.7725E-03  -7.7040E-04   7.8488E-01
  -6.2123E-02   5.0844E-03   8.0099E-03  -2.8630E-02  -2.8908E-02  -2.6334E-02
   2.7929E-02   2.7697E-02  -1.3734E-02  -1.7594E-02   3.2091E-02   8.3445E-02
   8.5521E-02   2.6796E-02   3.0824E-02   1.9028E-02   9.6830E-02   9.6779E-02
   3.1846E-02   3.1394E-02
  > E    =  -2.307002643573E+02 +/-   8.669068142998E-06
  > varE =   3.761244455035E-06
* Computing derivatives.
  Done. [total walltime: 34.6s]
* Optimizing manipulation constant:
  #igrid a___________ E____________________________________ varE____________
     1     Infinity    -2.30700264E+02 +/-   8.66906814E-06   3.76124446E-06
     2     1.0000E+06  -2.30700264E+02 +/-   8.66906091E-06   3.76123818E-06
     3     2.1544E+05  -2.30700264E+02 +/-   8.66903461E-06   3.76121536E-06
     4     4.6416E+04  -2.30700264E+02 +/-   8.66891304E-06   3.76110987E-06
     5     1.0000E+04  -2.30700264E+02 +/-   8.66836024E-06   3.76063021E-06
     6     2.1544E+03  -2.30700264E+02 +/-   8.66603819E-06   3.75861571E-06
     7     4.6416E+02  -2.30700264E+02 +/-   8.66027201E-06   3.75361558E-06
     8     1.0000E+02  -2.30700264E+02 +/-   8.72724430E-06   3.81189557E-06
     9     2.1544E+01  -2.30700255E+02 +/-   1.06485614E-05   5.67503576E-06
    10     4.6416E+00  -2.30700206E+02 +/-   2.33707919E-05   2.73359130E-05
    11     1.0000E+00  -2.30700112E+02 +/-   4.05310789E-05   8.22172706E-05
    12     2.1544E-01  -2.30700018E+02 +/-   5.31968533E-05   1.41631095E-04
    13     4.6416E-02  -2.30699979E+02 +/-   5.73316889E-05   1.64503900E-04
    14     1.0000E-02  -2.30699970E+02 +/-   5.82116038E-05   1.69592193E-04
    15     2.1544E-03  -2.30699967E+02 +/-   5.83983875E-05   1.70682281E-04
    16     4.6416E-04  -2.30699967E+02 +/-   5.84385050E-05   1.70916866E-04
    17     1.0000E-04  -2.30699967E+02 +/-   5.84471426E-05   1.70967395E-04
    18     2.1544E-05  -2.30699967E+02 +/-   5.84490032E-05   1.70978281E-04
    19     4.6416E-06  -2.30699967E+02 +/-   5.84494041E-05   1.70980626E-04
    20     1.0000E-06  -2.30699967E+02 +/-   5.84494905E-05   1.70981131E-04
    21     0.0000E+00  -2.30699967E+02 +/-   5.84495142E-05   1.70981270E-04
* Iteration # 1: E =  -2.307002643609E+02 +/-   8.666038190932E-06
* Convergence: exiting.
* After optimization:
  -8.2939E-01   3.0098E-01  -8.9213E-02  -8.7012E-02   1.2207E-02   8.2687E-03
  -1.6413E-01  -1.5182E-01   3.7163E-02   5.0977E-02   3.9932E-02   4.6399E-02
   1.4039E-03  -6.0845E-03  -2.5752E-02  -2.1767E-02   1.9060E-02   9.4096E-03
  -2.8749E-03   3.2022E-03  -9.1449E-03   8.7712E-03  -7.6972E-04   7.8438E-01
  -6.2068E-02   5.0869E-03   8.0095E-03  -2.8608E-02  -2.8885E-02  -2.6309E-02
   2.7918E-02   2.7686E-02  -1.3725E-02  -1.7580E-02   3.2102E-02   8.3436E-02
   8.5512E-02   2.6792E-02   3.0819E-02   1.9042E-02   9.6827E-02   9.6775E-02
   3.1838E-02   3.1387E-02
  > Energy =  -2.307002643609E+02 +/-   8.666038190932E-06
  > varE =   3.758615706795E-06

VMC #10:
* Size of Hilbert space =   4.0000E+02
* Deterministic energy evaluation:
  > Deterministic Etot/t = -230.70027409526344
    - Ttot/t = -10.362707877416565
    - Utot/t = 3.9049256363009683
* Number of equil. steps   = 1000
* Running VMC equilibration.
  Done. [total walltime: 0.10s]
* Equil. acc.ratio (%)     =  43.6221
* Sample config after equilibration:
  +-----+
  |  2  |
  |0   u|
  |0   d|
  |  2  |
  +-----+
* Number of accum. steps   = 500480 x 10
* Running VMC accumulation.
  Done. [total walltime: 12.0s]
* Acceptance ratio (%)     =  43.5544
* Etot/t                   =  -2.307002722349E+02 +/-   2.686458332237E-06
  > Ttot/t                 =  -1.036277872262E+01 +/-   2.934573645924E-04
  > Utot/t                 =   3.904998342025E+00 +/-   2.922753487711E-04
* var[Eloc/t]              =   3.740858590400E-06 +/-   3.021305393431E-08
* Correlation length       =   9.655519678583E-01
* log10 Psi^2 range: -6.6157773749231064 -- -2.4479388817610190
* log10 Pgen range : -6.6157773749231064 -- -2.4479388817610190
* Site occupation (ave. no. electrons per config.):
  > Site_  ___eu____  ___ed____
      1        0.501      0.497
      2        0.501      0.501
      3        0.499      0.498
      4        0.498      0.505
      5        0.501      0.502
      6        0.500      0.497
* Pair-correlation analysis (ave. no. pairs per config.):
  > Shell  nsite  ___dh____  __eueu___  __eued___
      0      1        0          0          1.028
      1      4        1.063      1.474      3.530
      2      4        0.152      0.839      1.100
      3      4        0.078      0.421      0.556
      4      4        0.229      2.182      1.859
      5      4        0.114      1.083      0.927

VDAGGER finished.
Total VDAGGER walltime: 12m55s

Run ended: Sat Sep 27 11:00:14 CEST 2025
