Run started: Fri Sep 26 18:33:12 CEST 2025
Using VDAGGER_ARCH = gnu7_fkfamd_cluster
Running 1x128 MPI processes.

                               xx
                              +##
                               #X
                               Xx
                          X##XxXxxX##x
                           +   Xx  ++
                               ##
                              +##
                              +##
     ++++         ++          +##
   xX+++##+      ####         +##
  Xx    ###      +X##          ##
 xX    X##+        ##          #X
 +    x##X         #x          #X
      ###         +#           x+
     X##+         #+
     ###         Xx                    _______
     ##X       +X+   __________________VDAGGER
     +##x    +xX     2nd quantized variational
       +xxxxx+       ______quantum Monte Carlo

* Running 128 MPI processes.
* Input file: "input.casl"

############# Start of input file dump #############
General:
  Random seed: timer

Plan:
  VMC-optimization:
    Minimum cycles: 5
    Convergence cycles: 3

System:
  Read Hamiltonian: FCIDUMP_loc_benzene
  Read orbitals: LTSC_benzene
  Complex orbitals: F
  Geometry:
    r_5: [ 0.00000000000000, 2.63994739601739 ]
    r_4: [ 2.28626150960564, 1.31997369800870 ]
    r_6: [ 2.28626150960564, -1.31997369800870 ]
    r_2: [ 0.00000000000000, -2.63994739601739 ]
    r_3: [ -2.28626150960564, -1.31997369800870 ]
    r_1: [ -2.28626150960564, 1.31997369800870 ]

VMC:
  nstep: 500000
  nconfig: 50000

Optimization:
  max_niter: 1

Jastrow: wfn.casl

Multideterminants: wfn.casl
############## End of input file dump ##############

General setup:
* Random seed: 125293624 (from timer)

* Loaded integrals for system with nelec=6, ms2=0, norb=6
* INFO: setting number of electrons from integrals file.
* Analysis of Hamiltonian connecitivity performed:
  - T_ii (local, 1-site): 6 (i) values
  - U_iiii [opp] (local, 1-site): 6 (i) values
  - U_kkii [opp] (local, 2-site): 30 contribs. from 6 (i) values
  - U_kkii [par] (local, 2-site): 15 contribs. from 5 (i) values
  - T_ji (single, 2-site): 30 contribs. from 6 (i) values
  - U_kkji [opp] (single, 2/3-site): 180 contribs. from 30 (i,j) pairs
  - U_kkji [par] (single, 3-site): 150 contribs. from 30 (i,j) pairs
  - U_lkji [opp] (double, 2/3/4-site): 900 contribs. from 30 (i,j) pairs
  - U_lkji [par] (double, 4-site): 170 contribs. from 20 (i,j) pairs
  - Max. no. wfn. ratios in Eloc: 255
* Reading override orbitals from file "LTSC_benzene".
* Site labels:
  +-----+
  |  5  |
  |1   4|
  |3   6|
  |  2  |
  +-----+
* Automatically set Site kinds:
  [ 1, 1, 1, 1, 1, 1 ]
  +-----+
  |  1  |
  |1   1|
  |1   1|
  |  1  |
  +-----+
* Maximum Site kind: 1
* Number of site-pair kinds with Tij=0: 0
* Automatically set Site pair kinds:
  Site 1: [ 0, 4, 1, -5, -1, -2 ]
  Site 2: [ 4, 0, 1, -4, -3, -1 ]
  Site 3: [ 1, 1, 0, -2, -4, -5 ]
  Site 4: [ -5, -4, -2, 0, 1, 1 ]
  Site 5: [ -1, -3, -4, 1, 0, 4 ]
  Site 6: [ -2, -1, -5, 1, 4, 0 ]
  For site 1 of kind 1:
  +--------+
  |   -1   |
  | 0    -5|
  | 1    -2|
  |    4   |
  +--------+
* Maximum (unsigned) Site pair kind: 5
General system setup:
* Number of sites       : 6
* Number of electrons   : 6
* Spin imbalance MS2    : 0
* Filling               : 0.500000
* Number of orbitals in pool: 6
* Using real-valued orbitals
* Using double-precision arithmetic for orbitals

Trial wave function setup:
* Jastrow parameter file: "wfn.casl"
* Multideterminant parameter file: "wfn.casl"
* Not using a backflow transformation
* Not using wave function manipulation

VMC #1:
* Size of Hilbert space =   4.0000E+02
* Deterministic energy evaluation:
  > Deterministic Etot/t = -230.69041633099067
    - Ttot/t = -10.333117638650252
    - Utot/t = 3.8851931618074671
* Number of equil. steps   = 1000
* Running VMC equilibration.
  Done. [total walltime: 0.01s]
* Equil. acc.ratio (%)     =  35.2177
* Sample config after equilibration:
  +-----+
  |  0  |
  |2   d|
  |0   u|
  |  2  |
  +-----+
* Number of accum. steps   = 500480 x 10
* Running VMC accumulation.
  Done. [total walltime: 1.84s]
* Acceptance ratio (%)     =  35.3036
* Etot/t                   =  -2.306904440207E+02 +/-   1.084528269854E-04
  > Ttot/t                 =  -1.033347061883E+01 +/-   3.365226370142E-04
  > Utot/t                 =   3.885518452188E+00 +/-   2.818945169235E-04
* var[Eloc/t]              =   6.077029505347E-03 +/-   3.018493602828E-05
* Correlation length       =   9.686728693535E-01
* log10 Psi^2 range: -6.9245697856120589 -- -1.8041063268929849
* log10 Pgen range : -6.9245697856120589 -- -1.8041063268929849
* Site occupation (ave. no. electrons per config.):
  > Site_  ___eu____  ___ed____
      1        0.499      0.501
      2        0.495      0.501
      3        0.505      0.499
      4        0.496      0.503
      5        0.500      0.497
      6        0.504      0.498
* Pair-correlation analysis (ave. no. pairs per config.):
  > Shell  nsite  ___dh____  __eueu___  __eued___
      0      1        0          0          0.955
      1      4        0.964      1.491      3.598
      2      4        0.104      0.816      1.182
      3      4        0.077      0.420      0.546
      4      4        0.209      2.170      1.844
      5      4        0.114      1.102      0.875

Optimization #1:
* Method          : lls
* Target function : energy
* No. of configs. : 50048
* No. of params.  : 15
* Before optimization:
  -7.8279E-01   3.1727E-01  -2.3343E-01  -2.3507E-01  -5.6056E-02  -5.3380E-02
  -4.8966E-02  -9.2881E-02   9.2187E-02   1.2817E-01   9.6342E-02   1.2120E-01
   7.6836E-03  -1.3364E-03  -1.6347E-01
  > E    =  -2.306897316799E+02 +/-   3.454098656906E-04
  > varE =   5.971125548636E-03
* Computing derivatives.
  Done. [total walltime: 0.84s]
* Optimizing manipulation constant:
  #igrid a___________ E____________________________________ varE____________
     1     Infinity    -2.30689732E+02 +/-   3.45409866E-04   5.97112555E-03
     2     1.0000E+06  -2.30689732E+02 +/-   3.45409716E-04   5.97112039E-03
     3     2.1544E+05  -2.30689732E+02 +/-   3.45409173E-04   5.97110158E-03
     4     4.6416E+04  -2.30689732E+02 +/-   3.45406649E-04   5.97101432E-03
     5     1.0000E+04  -2.30689733E+02 +/-   3.45394934E-04   5.97060930E-03
     6     2.1544E+03  -2.30689736E+02 +/-   3.45340575E-04   5.96873014E-03
     7     4.6416E+02  -2.30689752E+02 +/-   3.45088621E-04   5.96002394E-03
     8     1.0000E+02  -2.30689825E+02 +/-   3.43926725E-04   5.91995733E-03
     9     2.1544E+01  -2.30690154E+02 +/-   3.38690825E-04   5.74107990E-03
    10     4.6416E+00  -2.30691462E+02 +/-   3.17285785E-04   5.03834564E-03
    11     1.0000E+00  -2.30694859E+02 +/-   2.55258278E-04   3.26096696E-03
    12     2.1544E-01  -2.30698004E+02 +/-   1.82651865E-04   1.66968655E-03
    13     4.6416E-02  -2.30698670E+02 +/-   1.65046569E-04   1.36332603E-03
    14     1.0000E-02  -2.30698698E+02 +/-   1.64979836E-04   1.36222379E-03
    15     2.1544E-03  -2.30698693E+02 +/-   1.65332381E-04   1.36805189E-03
    16     4.6416E-04  -2.30698691E+02 +/-   1.65428310E-04   1.36963988E-03
    17     1.0000E-04  -2.30698691E+02 +/-   1.65449936E-04   1.36999801E-03
    18     2.1544E-05  -2.30698691E+02 +/-   1.65454640E-04   1.37007591E-03
    19     4.6416E-06  -2.30698691E+02 +/-   1.65455656E-04   1.37009273E-03
    20     1.0000E-06  -2.30698691E+02 +/-   1.65455875E-04   1.37009635E-03
    21     0.0000E+00  -2.30698691E+02 +/-   1.65455935E-04   1.37009735E-03
  ParMin   6.1207E-03  -2.30698696E+02 +/-   1.65135458E-04   1.36479492E-03
  # Using grid point #14
* Iteration # 1: E =  -2.306986981322E+02 +/-   1.649798358345E-04
* Reached maximum number of iterations: exiting.
* After optimization:
  -5.9150E-01   2.6420E-01  -2.0546E-01  -2.7445E-01  -8.5835E-02  -8.7877E-02
  -1.7424E-02  -8.5874E-02   1.1886E-01   1.0246E-01   1.7468E-01   9.0664E-02
   6.3159E-02  -1.8930E-02  -4.4986E-02
  > Energy =  -2.306986981322E+02 +/-   1.649798358345E-04
  > varE =   1.362223792219E-03

VMC #2:
* Size of Hilbert space =   4.0000E+02
* Deterministic energy evaluation:
  > Deterministic Etot/t = -230.69870618932035
    - Ttot/t = -10.365832771191405
    - Utot/t = 3.9096184360189437
* Number of equil. steps   = 1000
* Running VMC equilibration.
  Done. [total walltime: 0.01s]
* Equil. acc.ratio (%)     =  40.6395
* Sample config after equilibration:
  +-----+
  |  u  |
  |2   0|
  |0   d|
  |  2  |
  +-----+
* Number of accum. steps   = 500480 x 10
* Running VMC accumulation.
  Done. [total walltime: 1.43s]
* Acceptance ratio (%)     =  40.4879
* Etot/t                   =  -2.306987024452E+02 +/-   5.329888074718E-05
  > Ttot/t                 =  -1.036561103702E+01 +/-   2.977035745433E-04
  > Utot/t                 =   3.909400446108E+00 +/-   2.924722144211E-04
* var[Eloc/t]              =   1.400800152637E-03 +/-   9.991964790749E-06
* Correlation length       =   1.014954853985E+00
* log10 Psi^2 range: -5.8664089953790928 -- -1.7393128088312870
* log10 Pgen range : -5.8664089953790928 -- -1.7393128088312870
* Site occupation (ave. no. electrons per config.):
  > Site_  ___eu____  ___ed____
      1        0.498      0.500
      2        0.501      0.498
      3        0.501      0.502
      4        0.500      0.499
      5        0.499      0.500
      6        0.501      0.502
* Pair-correlation analysis (ave. no. pairs per config.):
  > Shell  nsite  ___dh____  __eueu___  __eued___
      0      1        0          0          1.045
      1      4        1.081      1.482      3.502
      2      4        0.164      0.841      1.096
      3      4        0.078      0.425      0.543
      4      4        0.232      2.166      1.878
      5      4        0.117      1.086      0.936

Optimization #2:
* Method          : lls
* Target function : energy
* No. of configs. : 50048
* No. of params.  : 15
* Before optimization:
  -5.9150E-01   2.6420E-01  -2.0546E-01  -2.7445E-01  -8.5835E-02  -8.7877E-02
  -1.7424E-02  -8.5874E-02   1.1886E-01   1.0246E-01   1.7468E-01   9.0664E-02
   6.3159E-02  -1.8930E-02  -4.4986E-02
  > E    =  -2.306987035032E+02 +/-   1.658540709159E-04
  > varE =   1.376699005465E-03
* Computing derivatives.
  Done. [total walltime: 0.84s]
* Optimizing manipulation constant:
  #igrid a___________ E____________________________________ varE____________
     1     Infinity    -2.30698704E+02 +/-   1.65854071E-04   1.37669901E-03
     2     1.0000E+06  -2.30698704E+02 +/-   1.65854065E-04   1.37669890E-03
     3     2.1544E+05  -2.30698704E+02 +/-   1.65854042E-04   1.37669852E-03
     4     4.6416E+04  -2.30698704E+02 +/-   1.65853936E-04   1.37669676E-03
     5     1.0000E+04  -2.30698704E+02 +/-   1.65853444E-04   1.37668861E-03
     6     2.1544E+03  -2.30698704E+02 +/-   1.65851165E-04   1.37665076E-03
     7     4.6416E+02  -2.30698704E+02 +/-   1.65840622E-04   1.37647575E-03
     8     1.0000E+02  -2.30698705E+02 +/-   1.65792491E-04   1.37567688E-03
     9     2.1544E+01  -2.30698710E+02 +/-   1.65585140E-04   1.37223801E-03
    10     4.6416E+00  -2.30698729E+02 +/-   1.64876482E-04   1.36051756E-03
    11     1.0000E+00  -2.30698766E+02 +/-   1.63629839E-04   1.34002139E-03
    12     2.1544E-01  -2.30698790E+02 +/-   1.62939415E-04   1.32873701E-03
    13     4.6416E-02  -2.30698795E+02 +/-   1.62844125E-04   1.32718333E-03
    14     1.0000E-02  -2.30698796E+02 +/-   1.62844026E-04   1.32718172E-03
    15     2.1544E-03  -2.30698796E+02 +/-   1.62845645E-04   1.32720810E-03
    16     4.6416E-04  -2.30698796E+02 +/-   1.62846081E-04   1.32721521E-03
    17     1.0000E-04  -2.30698796E+02 +/-   1.62846179E-04   1.32721680E-03
    18     2.1544E-05  -2.30698796E+02 +/-   1.62846200E-04   1.32721715E-03
    19     4.6416E-06  -2.30698796E+02 +/-   1.62846205E-04   1.32721722E-03
    20     1.0000E-06  -2.30698796E+02 +/-   1.62846206E-04   1.32721724E-03
    21     0.0000E+00  -2.30698796E+02 +/-   1.62846206E-04   1.32721725E-03
* Iteration # 1: E =  -2.306987958277E+02 +/-   1.628462058963E-04
* Reached maximum number of iterations: exiting.
* After optimization:
  -7.1236E-01   2.8895E-01  -1.9941E-01  -2.5040E-01  -6.5050E-02  -7.0639E-02
  -2.5678E-02  -1.0455E-01   1.0455E-01   8.5287E-02   1.7155E-01   7.7242E-02
   5.9254E-02  -3.2543E-02  -5.0682E-02
  > Energy =  -2.306987958277E+02 +/-   1.628462058963E-04
  > varE =   1.327217245307E-03

VMC #3:
* Size of Hilbert space =   4.0000E+02
* Deterministic energy evaluation:
  > Deterministic Etot/t = -230.69876193992437
    - Ttot/t = -10.364859818522428
    - Utot/t = 3.9085897327459156
* Number of equil. steps   = 1000
* Running VMC equilibration.
  Done. [total walltime: 0.01s]
* Equil. acc.ratio (%)     =  40.3954
* Sample config after equilibration:
  +-----+
  |  0  |
  |2   2|
  |d   0|
  |  u  |
  +-----+
* Number of accum. steps   = 500480 x 10
* Running VMC accumulation.
  Done. [total walltime: 1.43s]
* Acceptance ratio (%)     =  40.2612
* Etot/t                   =  -2.306988036033E+02 +/-   5.141280333862E-05
  > Ttot/t                 =  -1.036482431688E+01 +/-   2.959178887093E-04
  > Utot/t                 =   3.908512567631E+00 +/-   2.915700974824E-04
* var[Eloc/t]              =   1.345784947594E-03 +/-   7.895910828880E-06
* Correlation length       =   9.830002546690E-01
* log10 Psi^2 range: -6.0653624430363173 -- -1.8869964507280061
* log10 Pgen range : -6.0653624430363173 -- -1.8869964507280061
* Site occupation (ave. no. electrons per config.):
  > Site_  ___eu____  ___ed____
      1        0.500      0.503
      2        0.498      0.503
      3        0.499      0.498
      4        0.499      0.503
      5        0.500      0.495
      6        0.505      0.499
* Pair-correlation analysis (ave. no. pairs per config.):
  > Shell  nsite  ___dh____  __eueu___  __eued___
      0      1        0          0          1.044
      1      4        1.076      1.488      3.502
      2      4        0.156      0.842      1.106
      3      4        0.081      0.425      0.540
      4      4        0.234      2.159      1.877
      5      4        0.118      1.085      0.931

Optimization #3:
* Method          : lls
* Target function : energy
* No. of configs. : 50048
* No. of params.  : 15
* Before optimization:
  -7.1236E-01   2.8895E-01  -1.9941E-01  -2.5040E-01  -6.5050E-02  -7.0639E-02
  -2.5678E-02  -1.0455E-01   1.0455E-01   8.5287E-02   1.7155E-01   7.7242E-02
   5.9254E-02  -3.2543E-02  -5.0682E-02
  > E    =  -2.306986479334E+02 +/-   1.641294864406E-04
  > varE =   1.348217463403E-03
* Computing derivatives.
  Done. [total walltime: 0.84s]
* Optimizing manipulation constant:
  #igrid a___________ E____________________________________ varE____________
     1     Infinity    -2.30698648E+02 +/-   1.64129486E-04   1.34821746E-03
     2     1.0000E+06  -2.30698648E+02 +/-   1.64129487E-04   1.34821747E-03
     3     2.1544E+05  -2.30698648E+02 +/-   1.64129487E-04   1.34821748E-03
     4     4.6416E+04  -2.30698648E+02 +/-   1.64129490E-04   1.34821752E-03
     5     1.0000E+04  -2.30698648E+02 +/-   1.64129502E-04   1.34821772E-03
     6     2.1544E+03  -2.30698648E+02 +/-   1.64129558E-04   1.34821864E-03
     7     4.6416E+02  -2.30698648E+02 +/-   1.64129820E-04   1.34822294E-03
     8     1.0000E+02  -2.30698648E+02 +/-   1.64131025E-04   1.34824274E-03
     9     2.1544E+01  -2.30698648E+02 +/-   1.64136441E-04   1.34833172E-03
    10     4.6416E+00  -2.30698648E+02 +/-   1.64158207E-04   1.34868934E-03
    11     1.0000E+00  -2.30698648E+02 +/-   1.64216788E-04   1.34965210E-03
    12     2.1544E-01  -2.30698647E+02 +/-   1.64285524E-04   1.35078217E-03
    13     4.6416E-02  -2.30698647E+02 +/-   1.64318264E-04   1.35132062E-03
    14     1.0000E-02  -2.30698647E+02 +/-   1.64327352E-04   1.35147009E-03
    15     2.1544E-03  -2.30698647E+02 +/-   1.64329436E-04   1.35150438E-03
    16     4.6416E-04  -2.30698647E+02 +/-   1.64329891E-04   1.35151187E-03
    17     1.0000E-04  -2.30698647E+02 +/-   1.64329990E-04   1.35151348E-03
    18     2.1544E-05  -2.30698647E+02 +/-   1.64330011E-04   1.35151383E-03
    19     4.6416E-06  -2.30698647E+02 +/-   1.64330015E-04   1.35151391E-03
    20     1.0000E-06  -2.30698647E+02 +/-   1.64330016E-04   1.35151392E-03
    21     0.0000E+00  -2.30698647E+02 +/-   1.64330017E-04   1.35151393E-03
* Iteration # 1: E =  -2.306986479334E+02 +/-   1.641294871599E-04
* Reached maximum number of iterations: exiting.
* After optimization:
  -7.1236E-01   2.8895E-01  -1.9941E-01  -2.5040E-01  -6.5050E-02  -7.0639E-02
  -2.5678E-02  -1.0455E-01   1.0455E-01   8.5287E-02   1.7155E-01   7.7242E-02
   5.9254E-02  -3.2543E-02  -5.0682E-02
  > Energy =  -2.306986479334E+02 +/-   1.641294871599E-04
  > varE =   1.348217475220E-03

VMC #4:
* Size of Hilbert space =   4.0000E+02
* Deterministic energy evaluation:
  > Deterministic Etot/t = -230.69876193992806
    - Ttot/t = -10.364859818343319
    - Utot/t = 3.9085897325632257
* Number of equil. steps   = 1000
* Running VMC equilibration.
  Done. [total walltime: 0.01s]
* Equil. acc.ratio (%)     =  40.3109
* Sample config after equilibration:
  +-----+
  |  u  |
  |d   d|
  |u   2|
  |  0  |
  +-----+
* Number of accum. steps   = 500480 x 10
* Running VMC accumulation.
  Done. [total walltime: 1.43s]
* Acceptance ratio (%)     =  40.2379
* Etot/t                   =  -2.306987617734E+02 +/-   5.220767488981E-05
  > Ttot/t                 =  -1.036474345702E+01 +/-   2.982302141525E-04
  > Utot/t                 =   3.908473537935E+00 +/-   2.931341563511E-04
* var[Eloc/t]              =   1.338589699700E-03 +/-   1.110625816744E-05
* Correlation length       =   1.019079234539E+00
* log10 Psi^2 range: -5.9040433642069452 -- -1.8869964369837637
* log10 Pgen range : -5.9040433642069452 -- -1.8869964369837637
* Site occupation (ave. no. electrons per config.):
  > Site_  ___eu____  ___ed____
      1        0.501      0.502
      2        0.498      0.504
      3        0.501      0.496
      4        0.495      0.505
      5        0.502      0.498
      6        0.504      0.496
* Pair-correlation analysis (ave. no. pairs per config.):
  > Shell  nsite  ___dh____  __eueu___  __eued___
      0      1        0          0          1.042
      1      4        1.075      1.480      3.510
      2      4        0.156      0.838      1.102
      3      4        0.080      0.424      0.550
      4      4        0.234      2.175      1.864
      5      4        0.116      1.084      0.931

Optimization #4:
* Method          : lls
* Target function : energy
* No. of configs. : 50048
* No. of params.  : 15
* Before optimization:
  -7.1236E-01   2.8895E-01  -1.9941E-01  -2.5040E-01  -6.5050E-02  -7.0639E-02
  -2.5678E-02  -1.0455E-01   1.0455E-01   8.5287E-02   1.7155E-01   7.7242E-02
   5.9254E-02  -3.2543E-02  -5.0682E-02
  > E    =  -2.306988116886E+02 +/-   1.640064615002E-04
  > varE =   1.346197080423E-03
* Computing derivatives.
  Done. [total walltime: 0.84s]
* Optimizing manipulation constant:
  #igrid a___________ E____________________________________ varE____________
     1     Infinity    -2.30698812E+02 +/-   1.64006462E-04   1.34619708E-03
     2     1.0000E+06  -2.30698812E+02 +/-   1.64006461E-04   1.34619708E-03
     3     2.1544E+05  -2.30698812E+02 +/-   1.64006460E-04   1.34619706E-03
     4     4.6416E+04  -2.30698812E+02 +/-   1.64006456E-04   1.34619699E-03
     5     1.0000E+04  -2.30698812E+02 +/-   1.64006437E-04   1.34619668E-03
     6     2.1544E+03  -2.30698812E+02 +/-   1.64006349E-04   1.34619524E-03
     7     4.6416E+02  -2.30698812E+02 +/-   1.64005943E-04   1.34618856E-03
     8     1.0000E+02  -2.30698812E+02 +/-   1.64004082E-04   1.34615801E-03
     9     2.1544E+01  -2.30698812E+02 +/-   1.63995990E-04   1.34602518E-03
    10     4.6416E+00  -2.30698812E+02 +/-   1.63967280E-04   1.34555394E-03
    11     1.0000E+00  -2.30698814E+02 +/-   1.63910702E-04   1.34462552E-03
    12     2.1544E-01  -2.30698815E+02 +/-   1.63872076E-04   1.34399186E-03
    13     4.6416E-02  -2.30698816E+02 +/-   1.63866624E-04   1.34390243E-03
    14     1.0000E-02  -2.30698816E+02 +/-   1.63867430E-04   1.34391566E-03
    15     2.1544E-03  -2.30698816E+02 +/-   1.63867796E-04   1.34392165E-03
    16     4.6416E-04  -2.30698816E+02 +/-   1.63867885E-04   1.34392311E-03
    17     1.0000E-04  -2.30698816E+02 +/-   1.63867905E-04   1.34392344E-03
    18     2.1544E-05  -2.30698816E+02 +/-   1.63867909E-04   1.34392351E-03
    19     4.6416E-06  -2.30698816E+02 +/-   1.63867910E-04   1.34392352E-03
    20     1.0000E-06  -2.30698816E+02 +/-   1.63867910E-04   1.34392353E-03
    21     0.0000E+00  -2.30698816E+02 +/-   1.63867910E-04   1.34392353E-03
* Iteration # 1: E =  -2.306988161260E+02 +/-   1.638679101046E-04
* Reached maximum number of iterations: exiting.
* After optimization:
  -7.2235E-01   2.9186E-01  -1.9833E-01  -2.5111E-01  -6.3450E-02  -6.9436E-02
  -3.0687E-02  -1.0449E-01   1.0357E-01   8.6131E-02   1.6613E-01   8.1263E-02
   5.5246E-02  -3.0097E-02  -4.9910E-02
  > Energy =  -2.306988161260E+02 +/-   1.638679101046E-04
  > varE =   1.343923527316E-03

VMC #5:
* Size of Hilbert space =   4.0000E+02
* Deterministic energy evaluation:
  > Deterministic Etot/t = -230.69876385045296
    - Ttot/t = -10.365002431575782
    - Utot/t = 3.9087304352706513
* Number of equil. steps   = 1000
* Running VMC equilibration.
  Done. [total walltime: 0.01s]
* Equil. acc.ratio (%)     =  40.2509
* Sample config after equilibration:
  +-----+
  |  u  |
  |d   0|
  |d   2|
  |  u  |
  +-----+
* Number of accum. steps   = 500480 x 10
* Running VMC accumulation.
  Done. [total walltime: 1.43s]
* Acceptance ratio (%)     =  40.2673
* Etot/t                   =  -2.306988063925E+02 +/-   5.203077366508E-05
  > Ttot/t                 =  -1.036464103822E+01 +/-   2.907963072835E-04
  > Utot/t                 =   3.908326499842E+00 +/-   2.860756700155E-04
* var[Eloc/t]              =   1.340151696877E-03 +/-   1.162163792499E-05
* Correlation length       =   1.011005070491E+00
* log10 Psi^2 range: -5.4866493774479750 -- -1.8962564151130157
* log10 Pgen range : -5.4866493774479750 -- -1.8962564151130157
* Site occupation (ave. no. electrons per config.):
  > Site_  ___eu____  ___ed____
      1        0.499      0.499
      2        0.501      0.500
      3        0.500      0.500
      4        0.500      0.495
      5        0.499      0.505
      6        0.501      0.501
* Pair-correlation analysis (ave. no. pairs per config.):
  > Shell  nsite  ___dh____  __eueu___  __eued___
      0      1        0          0          1.045
      1      4        1.084      1.479      3.501
      2      4        0.158      0.835      1.100
      3      4        0.079      0.425      0.554
      4      4        0.234      2.177      1.869
      5      4        0.116      1.084      0.931

VDAGGER finished.
Total VDAGGER walltime: 23.9s

Run ended: Fri Sep 26 18:34:06 CEST 2025
