Run started: Fri Sep 26 18:43:32 CEST 2025
Using VDAGGER_ARCH = gnu7_fkfamd_cluster
Running 1x128 MPI processes.

                               xx
                              +##
                               #X
                               Xx
                          X##XxXxxX##x
                           +   Xx  ++
                               ##
                              +##
                              +##
     ++++         ++          +##
   xX+++##+      ####         +##
  Xx    ###      +X##          ##
 xX    X##+        ##          #X
 +    x##X         #x          #X
      ###         +#           x+
     X##+         #+
     ###         Xx                    _______
     ##X       +X+   __________________VDAGGER
     +##x    +xX     2nd quantized variational
       +xxxxx+       ______quantum Monte Carlo

* Running 128 MPI processes.
* Input file: "input.casl"

############# Start of input file dump #############
General:
  Random seed: timer

Plan:
  VMC-optimization:
    Minimum cycles: 10
    Convergence cycles: 5

System:
  Read Hamiltonian: FCIDUMP_loc_benzene
  Read orbitals: LTSC_benzene
  Complex orbitals: F
  Geometry:
    r_5: [ 0.00000000000000, 2.63994739601739 ]
    r_4: [ 2.28626150960564, 1.31997369800870 ]
    r_6: [ 2.28626150960564, -1.31997369800870 ]
    r_2: [ 0.00000000000000, -2.63994739601739 ]
    r_3: [ -2.28626150960564, -1.31997369800870 ]
    r_1: [ -2.28626150960564, 1.31997369800870 ]

VMC:
  nstep: 500000
  nconfig: 50000

Jastrow: wfn.casl

Multideterminants: wfn.casl
############## End of input file dump ##############

General setup:
* Random seed: 125913481 (from timer)

* Loaded integrals for system with nelec=6, ms2=0, norb=6
* INFO: setting number of electrons from integrals file.
* Analysis of Hamiltonian connecitivity performed:
  - T_ii (local, 1-site): 6 (i) values
  - U_iiii [opp] (local, 1-site): 6 (i) values
  - U_kkii [opp] (local, 2-site): 30 contribs. from 6 (i) values
  - U_kkii [par] (local, 2-site): 15 contribs. from 5 (i) values
  - T_ji (single, 2-site): 30 contribs. from 6 (i) values
  - U_kkji [opp] (single, 2/3-site): 180 contribs. from 30 (i,j) pairs
  - U_kkji [par] (single, 3-site): 150 contribs. from 30 (i,j) pairs
  - U_lkji [opp] (double, 2/3/4-site): 900 contribs. from 30 (i,j) pairs
  - U_lkji [par] (double, 4-site): 170 contribs. from 20 (i,j) pairs
  - Max. no. wfn. ratios in Eloc: 255
* Reading override orbitals from file "LTSC_benzene".
* Site labels:
  +-----+
  |  5  |
  |1   4|
  |3   6|
  |  2  |
  +-----+
* Automatically set Site kinds:
  [ 1, 1, 1, 1, 1, 1 ]
  +-----+
  |  1  |
  |1   1|
  |1   1|
  |  1  |
  +-----+
* Maximum Site kind: 1
* Number of site-pair kinds with Tij=0: 0
* Automatically set Site pair kinds:
  Site 1: [ 0, 4, 1, -5, -1, -2 ]
  Site 2: [ 4, 0, 1, -4, -3, -1 ]
  Site 3: [ 1, 1, 0, -2, -4, -5 ]
  Site 4: [ -5, -4, -2, 0, 1, 1 ]
  Site 5: [ -1, -3, -4, 1, 0, 4 ]
  Site 6: [ -2, -1, -5, 1, 4, 0 ]
  For site 1 of kind 1:
  +--------+
  |   -1   |
  | 0    -5|
  | 1    -2|
  |    4   |
  +--------+
* Maximum (unsigned) Site pair kind: 5
General system setup:
* Number of sites       : 6
* Number of electrons   : 6
* Spin imbalance MS2    : 0
* Filling               : 0.500000
* Number of orbitals in pool: 6
* Using real-valued orbitals
* Using double-precision arithmetic for orbitals

Trial wave function setup:
* Jastrow parameter file: "wfn.casl"
* Multideterminant parameter file: "wfn.casl"
* Not using a backflow transformation
* Not using wave function manipulation

VMC #1:
* Size of Hilbert space =   4.0000E+02
* Deterministic energy evaluation:
  > Deterministic Etot/t = -230.69876385045296
    - Ttot/t = -10.365002431575782
    - Utot/t = 3.9087304352706513
* Number of equil. steps   = 1000
* Running VMC equilibration.
  Done. [total walltime: 0.01s]
* Equil. acc.ratio (%)     =  40.2224
* Sample config after equilibration:
  +-----+
  |  0  |
  |u   d|
  |2   2|
  |  0  |
  +-----+
* Number of accum. steps   = 500480 x 10
* Running VMC accumulation.
  Done. [total walltime: 1.82s]
* Acceptance ratio (%)     =  40.2619
* Etot/t                   =  -2.306988306549E+02 +/-   5.185046753052E-05
  > Ttot/t                 =  -1.036493672747E+01 +/-   2.905406218531E-04
  > Utot/t                 =   3.908597926649E+00 +/-   2.854603796546E-04
* var[Eloc/t]              =   1.355004722617E-03 +/-   1.637271556231E-05
* Correlation length       =   9.930046258730E-01
* log10 Psi^2 range: -5.4866493774480123 -- -1.8962564151130172
* log10 Pgen range : -5.4866493774480123 -- -1.8962564151130172
* Site occupation (ave. no. electrons per config.):
  > Site_  ___eu____  ___ed____
      1        0.500      0.498
      2        0.499      0.499
      3        0.499      0.503
      4        0.501      0.499
      5        0.500      0.498
      6        0.500      0.503
* Pair-correlation analysis (ave. no. pairs per config.):
  > Shell  nsite  ___dh____  __eueu___  __eued___
      0      1        0          0          1.044
      1      4        1.075      1.491      3.501
      2      4        0.158      0.845      1.101
      3      4        0.077      0.425      0.546
      4      4        0.236      2.156      1.873
      5      4        0.118      1.084      0.936

Optimization #1:
* Method          : lls
* Target function : energy
* No. of configs. : 50048
* No. of params.  : 15
* Before optimization:
  -7.2235E-01   2.9186E-01  -1.9833E-01  -2.5111E-01  -6.3450E-02  -6.9436E-02
  -3.0687E-02  -1.0449E-01   1.0357E-01   8.6131E-02   1.6613E-01   8.1263E-02
   5.5246E-02  -3.0097E-02  -4.9910E-02
  > E    =  -2.306989757541E+02 +/-   1.660938665276E-04
  > varE =   1.380682809184E-03
* Computing derivatives.
  Done. [total walltime: 0.84s]
* Optimizing manipulation constant:
  #igrid a___________ E____________________________________ varE____________
     1     Infinity    -2.30698976E+02 +/-   1.66093867E-04   1.38068281E-03
     2     1.0000E+06  -2.30698976E+02 +/-   1.66093865E-04   1.38068279E-03
     3     2.1544E+05  -2.30698976E+02 +/-   1.66093861E-04   1.38068272E-03
     4     4.6416E+04  -2.30698976E+02 +/-   1.66093841E-04   1.38068239E-03
     5     1.0000E+04  -2.30698976E+02 +/-   1.66093750E-04   1.38068087E-03
     6     2.1544E+03  -2.30698976E+02 +/-   1.66093326E-04   1.38067383E-03
     7     4.6416E+02  -2.30698976E+02 +/-   1.66091366E-04   1.38064123E-03
     8     1.0000E+02  -2.30698976E+02 +/-   1.66082388E-04   1.38049199E-03
     9     2.1544E+01  -2.30698976E+02 +/-   1.66043225E-04   1.37984100E-03
    10     4.6416E+00  -2.30698976E+02 +/-   1.65902306E-04   1.37749989E-03
    11     1.0000E+00  -2.30698975E+02 +/-   1.65611062E-04   1.37266770E-03
    12     2.1544E-01  -2.30698972E+02 +/-   1.65377910E-04   1.36880545E-03
    13     4.6416E-02  -2.30698971E+02 +/-   1.65307501E-04   1.36764017E-03
    14     1.0000E-02  -2.30698970E+02 +/-   1.65294145E-04   1.36741918E-03
    15     2.1544E-03  -2.30698970E+02 +/-   1.65291538E-04   1.36737604E-03
    16     4.6416E-04  -2.30698970E+02 +/-   1.65290992E-04   1.36736702E-03
    17     1.0000E-04  -2.30698970E+02 +/-   1.65290875E-04   1.36736509E-03
    18     2.1544E-05  -2.30698970E+02 +/-   1.65290850E-04   1.36736467E-03
    19     4.6416E-06  -2.30698970E+02 +/-   1.65290845E-04   1.36736458E-03
    20     1.0000E-06  -2.30698970E+02 +/-   1.65290844E-04   1.36736456E-03
    21     0.0000E+00  -2.30698970E+02 +/-   1.65290843E-04   1.36736456E-03
  ParMin   2.1538E+00  -2.30698976E+02 +/-   1.65768482E-04   1.37527849E-03
  # Using parabolic minimum
* Iteration # 1: E =  -2.306989758511E+02 +/-   1.657684823790E-04
* Convergence: exiting.
* After optimization:
  -7.3153E-01   2.9310E-01  -1.9543E-01  -2.4904E-01  -6.1482E-02  -6.8415E-02
  -3.1927E-02  -1.0509E-01   1.0214E-01   8.5138E-02   1.6554E-01   8.3225E-02
   5.2924E-02  -3.1085E-02  -5.0130E-02
  > Energy =  -2.306989758511E+02 +/-   1.657684823790E-04
  > varE =   1.375278488620E-03

VMC #2:
* Size of Hilbert space =   4.0000E+02
* Deterministic energy evaluation:
  > Deterministic Etot/t = -230.69876384449492
    - Ttot/t = -10.365014180632528
    - Utot/t = 3.9087421902855324
* Number of equil. steps   = 1000
* Running VMC equilibration.
  Done. [total walltime: 0.01s]
* Equil. acc.ratio (%)     =  40.2568
* Sample config after equilibration:
  +-----+
  |  u  |
  |d   u|
  |u   d|
  |  d  |
  +-----+
* Number of accum. steps   = 500480 x 10
* Running VMC accumulation.
  Done. [total walltime: 1.44s]
* Acceptance ratio (%)     =  40.2460
* Etot/t                   =  -2.306986903774E+02 +/-   5.239455887979E-05
  > Ttot/t                 =  -1.036523223123E+01 +/-   2.877014611277E-04
  > Utot/t                 =   3.909033708162E+00 +/-   2.822598431560E-04
* var[Eloc/t]              =   1.341116292540E-03 +/-   1.126193567981E-05
* Correlation length       =   1.024454477849E+00
* log10 Psi^2 range: -6.0875478520117419 -- -1.9073084923423320
* log10 Pgen range : -6.0875478520117419 -- -1.9073084923423320
* Site occupation (ave. no. electrons per config.):
  > Site_  ___eu____  ___ed____
      1        0.501      0.499
      2        0.498      0.503
      3        0.499      0.499
      4        0.500      0.498
      5        0.500      0.501
      6        0.503      0.501
* Pair-correlation analysis (ave. no. pairs per config.):
  > Shell  nsite  ___dh____  __eueu___  __eued___
      0      1        0          0          1.042
      1      4        1.076      1.482      3.507
      2      4        0.156      0.841      1.102
      3      4        0.079      0.425      0.549
      4      4        0.232      2.169      1.872
      5      4        0.119      1.083      0.929

Optimization #2:
* Method          : lls
* Target function : energy
* No. of configs. : 50048
* No. of params.  : 15
* Before optimization:
  -7.3153E-01   2.9310E-01  -1.9543E-01  -2.4904E-01  -6.1482E-02  -6.8415E-02
  -3.1927E-02  -1.0509E-01   1.0214E-01   8.5138E-02   1.6554E-01   8.3225E-02
   5.2924E-02  -3.1085E-02  -5.0130E-02
  > E    =  -2.306985978721E+02 +/-   1.629124347319E-04
  > varE =   1.328297011661E-03
* Computing derivatives.
  Done. [total walltime: 0.84s]
* Optimizing manipulation constant:
  #igrid a___________ E____________________________________ varE____________
     1     Infinity    -2.30698598E+02 +/-   1.62912435E-04   1.32829701E-03
     2     1.0000E+06  -2.30698598E+02 +/-   1.62912435E-04   1.32829702E-03
     3     2.1544E+05  -2.30698598E+02 +/-   1.62912437E-04   1.32829704E-03
     4     4.6416E+04  -2.30698598E+02 +/-   1.62912444E-04   1.32829716E-03
     5     1.0000E+04  -2.30698598E+02 +/-   1.62912476E-04   1.32829768E-03
     6     2.1544E+03  -2.30698598E+02 +/-   1.62912625E-04   1.32830011E-03
     7     4.6416E+02  -2.30698598E+02 +/-   1.62913316E-04   1.32831139E-03
     8     1.0000E+02  -2.30698598E+02 +/-   1.62916503E-04   1.32836335E-03
     9     2.1544E+01  -2.30698598E+02 +/-   1.62930822E-04   1.32859687E-03
    10     4.6416E+00  -2.30698598E+02 +/-   1.62988598E-04   1.32953929E-03
    11     1.0000E+00  -2.30698599E+02 +/-   1.63151597E-04   1.33219987E-03
    12     2.1544E-01  -2.30698599E+02 +/-   1.63372359E-04   1.33580753E-03
    13     4.6416E-02  -2.30698598E+02 +/-   1.63495741E-04   1.33782594E-03
    14     1.0000E-02  -2.30698598E+02 +/-   1.63532718E-04   1.33843116E-03
    15     2.1544E-03  -2.30698598E+02 +/-   1.63541383E-04   1.33857300E-03
    16     4.6416E-04  -2.30698598E+02 +/-   1.63543285E-04   1.33860414E-03
    17     1.0000E-04  -2.30698598E+02 +/-   1.63543697E-04   1.33861087E-03
    18     2.1544E-05  -2.30698598E+02 +/-   1.63543786E-04   1.33861233E-03
    19     4.6416E-06  -2.30698598E+02 +/-   1.63543805E-04   1.33861264E-03
    20     1.0000E-06  -2.30698598E+02 +/-   1.63543809E-04   1.33861271E-03
    21     0.0000E+00  -2.30698598E+02 +/-   1.63543810E-04   1.33861273E-03
* Iteration # 1: E =  -2.306985984093E+02 +/-   1.629885983658E-04
* Convergence: exiting.
* After optimization:
  -7.2687E-01   2.9221E-01  -1.9620E-01  -2.4957E-01  -6.2139E-02  -6.8816E-02
  -3.1295E-02  -1.0430E-01   1.0254E-01   8.5334E-02   1.6547E-01   8.3098E-02
   5.3359E-02  -3.0587E-02  -5.0227E-02
  > Energy =  -2.306985984093E+02 +/-   1.629885983658E-04
  > varE =   1.329539293456E-03

VMC #3:
* Size of Hilbert space =   4.0000E+02
* Deterministic energy evaluation:
  > Deterministic Etot/t = -230.69876397427231
    - Ttot/t = -10.365004257172822
    - Utot/t = 3.9087321370483639
* Number of equil. steps   = 1000
* Running VMC equilibration.
  Done. [total walltime: 0.01s]
* Equil. acc.ratio (%)     =  40.2828
* Sample config after equilibration:
  +-----+
  |  2  |
  |0   u|
  |d   d|
  |  u  |
  +-----+
* Number of accum. steps   = 500480 x 10
* Running VMC accumulation.
  Done. [total walltime: 1.45s]
* Acceptance ratio (%)     =  40.2534
* Etot/t                   =  -2.306987364980E+02 +/-   5.085799098588E-05
  > Ttot/t                 =  -1.036482806618E+01 +/-   2.951542185070E-04
  > Utot/t                 =   3.908583422315E+00 +/-   2.909595080299E-04
* var[Eloc/t]              =   1.346640759620E-03 +/-   1.090950696775E-05
* Correlation length       =   9.612876717353E-01
* log10 Psi^2 range: -5.4903453260555732 -- -1.9013965799339585
* log10 Pgen range : -5.4903453260555732 -- -1.9013965799339585
* Site occupation (ave. no. electrons per config.):
  > Site_  ___eu____  ___ed____
      1        0.501      0.499
      2        0.499      0.500
      3        0.500      0.501
      4        0.500      0.497
      5        0.500      0.503
      6        0.500      0.500
* Pair-correlation analysis (ave. no. pairs per config.):
  > Shell  nsite  ___dh____  __eueu___  __eued___
      0      1        0          0          1.042
      1      4        1.076      1.480      3.506
      2      4        0.156      0.838      1.102
      3      4        0.079      0.425      0.550
      4      4        0.231      2.172      1.872
      5      4        0.118      1.084      0.929

Optimization #3:
* Method          : lls
* Target function : energy
* No. of configs. : 50048
* No. of params.  : 15
* Before optimization:
  -7.2687E-01   2.9221E-01  -1.9620E-01  -2.4957E-01  -6.2139E-02  -6.8816E-02
  -3.1295E-02  -1.0430E-01   1.0254E-01   8.5334E-02   1.6547E-01   8.3098E-02
   5.3359E-02  -3.0587E-02  -5.0227E-02
  > E    =  -2.306987733846E+02 +/-   1.617322048257E-04
  > varE =   1.309120854580E-03
* Computing derivatives.
  Done. [total walltime: 0.84s]
* Optimizing manipulation constant:
  #igrid a___________ E____________________________________ varE____________
     1     Infinity    -2.30698773E+02 +/-   1.61732205E-04   1.30912085E-03
     2     1.0000E+06  -2.30698773E+02 +/-   1.61732205E-04   1.30912087E-03
     3     2.1544E+05  -2.30698773E+02 +/-   1.61732208E-04   1.30912090E-03
     4     4.6416E+04  -2.30698773E+02 +/-   1.61732219E-04   1.30912109E-03
     5     1.0000E+04  -2.30698773E+02 +/-   1.61732271E-04   1.30912192E-03
     6     2.1544E+03  -2.30698773E+02 +/-   1.61732512E-04   1.30912582E-03
     7     4.6416E+02  -2.30698773E+02 +/-   1.61733628E-04   1.30914389E-03
     8     1.0000E+02  -2.30698773E+02 +/-   1.61738787E-04   1.30922741E-03
     9     2.1544E+01  -2.30698773E+02 +/-   1.61762284E-04   1.30960785E-03
    10     4.6416E+00  -2.30698772E+02 +/-   1.61861637E-04   1.31121704E-03
    11     1.0000E+00  -2.30698771E+02 +/-   1.62166837E-04   1.31616645E-03
    12     2.1544E-01  -2.30698769E+02 +/-   1.62596537E-04   1.32315071E-03
    13     4.6416E-02  -2.30698767E+02 +/-   1.62831434E-04   1.32697647E-03
    14     1.0000E-02  -2.30698767E+02 +/-   1.62900622E-04   1.32810440E-03
    15     2.1544E-03  -2.30698767E+02 +/-   1.62916757E-04   1.32836750E-03
    16     4.6416E-04  -2.30698767E+02 +/-   1.62920296E-04   1.32842520E-03
    17     1.0000E-04  -2.30698767E+02 +/-   1.62921061E-04   1.32843768E-03
    18     2.1544E-05  -2.30698767E+02 +/-   1.62921226E-04   1.32844037E-03
    19     4.6416E-06  -2.30698767E+02 +/-   1.62921262E-04   1.32844095E-03
    20     1.0000E-06  -2.30698767E+02 +/-   1.62921269E-04   1.32844108E-03
    21     0.0000E+00  -2.30698767E+02 +/-   1.62921271E-04   1.32844111E-03
* Iteration # 1: E =  -2.306987733847E+02 +/-   1.617322054866E-04
* Convergence: exiting.
* After optimization:
  -7.2687E-01   2.9221E-01  -1.9620E-01  -2.4957E-01  -6.2139E-02  -6.8816E-02
  -3.1295E-02  -1.0430E-01   1.0254E-01   8.5334E-02   1.6547E-01   8.3098E-02
   5.3359E-02  -3.0587E-02  -5.0227E-02
  > Energy =  -2.306987733847E+02 +/-   1.617322054866E-04
  > varE =   1.309120865281E-03

VMC #4:
* Size of Hilbert space =   4.0000E+02
* Deterministic energy evaluation:
  > Deterministic Etot/t = -230.69876397427427
    - Ttot/t = -10.365004257047241
    - Utot/t = 3.9087321369208778
* Number of equil. steps   = 1000
* Running VMC equilibration.
  Done. [total walltime: 0.01s]
* Equil. acc.ratio (%)     =  40.3725
* Sample config after equilibration:
  +-----+
  |  u  |
  |d   u|
  |0   d|
  |  2  |
  +-----+
* Number of accum. steps   = 500480 x 10
* Running VMC accumulation.
  Done. [total walltime: 1.44s]
* Acceptance ratio (%)     =  40.2837
* Etot/t                   =  -2.306988095633E+02 +/-   5.165121038656E-05
  > Ttot/t                 =  -1.036491187124E+01 +/-   2.914953318414E-04
  > Utot/t                 =   3.908594162133E+00 +/-   2.864334444024E-04
* var[Eloc/t]              =   1.342678466072E-03 +/-   8.930763523411E-06
* Correlation length       =   9.944334163046E-01
* log10 Psi^2 range: -5.4903453601925563 -- -1.9013966114184806
* log10 Pgen range : -5.4903453601925563 -- -1.9013966114184806
* Site occupation (ave. no. electrons per config.):
  > Site_  ___eu____  ___ed____
      1        0.501      0.499
      2        0.501      0.500
      3        0.501      0.502
      4        0.500      0.499
      5        0.496      0.502
      6        0.503      0.499
* Pair-correlation analysis (ave. no. pairs per config.):
  > Shell  nsite  ___dh____  __eueu___  __eued___
      0      1        0          0          1.047
      1      4        1.080      1.491      3.497
      2      4        0.156      0.842      1.104
      3      4        0.077      0.424      0.549
      4      4        0.238      2.162      1.867
      5      4        0.120      1.080      0.935

Optimization #4:
* Method          : lls
* Target function : energy
* No. of configs. : 50048
* No. of params.  : 15
* Before optimization:
  -7.2687E-01   2.9221E-01  -1.9620E-01  -2.4957E-01  -6.2139E-02  -6.8816E-02
  -3.1295E-02  -1.0430E-01   1.0254E-01   8.5334E-02   1.6547E-01   8.3098E-02
   5.3359E-02  -3.0587E-02  -5.0227E-02
  > E    =  -2.306987098118E+02 +/-   1.654528578116E-04
  > varE =   1.370046391013E-03
* Computing derivatives.
  Done. [total walltime: 0.84s]
* Optimizing manipulation constant:
  #igrid a___________ E____________________________________ varE____________
     1     Infinity    -2.30698710E+02 +/-   1.65452858E-04   1.37004639E-03
     2     1.0000E+06  -2.30698710E+02 +/-   1.65452859E-04   1.37004640E-03
     3     2.1544E+05  -2.30698710E+02 +/-   1.65452861E-04   1.37004645E-03
     4     4.6416E+04  -2.30698710E+02 +/-   1.65452873E-04   1.37004665E-03
     5     1.0000E+04  -2.30698710E+02 +/-   1.65452930E-04   1.37004759E-03
     6     2.1544E+03  -2.30698710E+02 +/-   1.65453193E-04   1.37005194E-03
     7     4.6416E+02  -2.30698710E+02 +/-   1.65454410E-04   1.37007209E-03
     8     1.0000E+02  -2.30698710E+02 +/-   1.65460016E-04   1.37016493E-03
     9     2.1544E+01  -2.30698710E+02 +/-   1.65485126E-04   1.37058084E-03
    10     4.6416E+00  -2.30698711E+02 +/-   1.65585286E-04   1.37224044E-03
    11     1.0000E+00  -2.30698713E+02 +/-   1.65859010E-04   1.37678100E-03
    12     2.1544E-01  -2.30698717E+02 +/-   1.66207087E-04   1.38256578E-03
    13     4.6416E-02  -2.30698718E+02 +/-   1.66390922E-04   1.38562587E-03
    14     1.0000E-02  -2.30698719E+02 +/-   1.66445039E-04   1.38652733E-03
    15     2.1544E-03  -2.30698719E+02 +/-   1.66457679E-04   1.38673794E-03
    16     4.6416E-04  -2.30698719E+02 +/-   1.66460453E-04   1.38678416E-03
    17     1.0000E-04  -2.30698719E+02 +/-   1.66461053E-04   1.38679416E-03
    18     2.1544E-05  -2.30698719E+02 +/-   1.66461183E-04   1.38679631E-03
    19     4.6416E-06  -2.30698719E+02 +/-   1.66461210E-04   1.38679678E-03
    20     1.0000E-06  -2.30698719E+02 +/-   1.66461216E-04   1.38679688E-03
    21     0.0000E+00  -2.30698719E+02 +/-   1.66461218E-04   1.38679690E-03
* Iteration # 1: E =  -2.306987187120E+02 +/-   1.664612180460E-04
* Convergence: exiting.
* After optimization:
  -7.3603E-01   2.9641E-01  -1.9988E-01  -2.5037E-01  -6.0300E-02  -6.8670E-02
  -3.6781E-02  -1.0276E-01   1.0236E-01   8.7277E-02   1.6017E-01   8.7503E-02
   4.8087E-02  -2.6928E-02  -4.7230E-02
  > Energy =  -2.306987187120E+02 +/-   1.664612180460E-04
  > varE =   1.386796903849E-03

VMC #5:
* Size of Hilbert space =   4.0000E+02
* Deterministic energy evaluation:
  > Deterministic Etot/t = -230.69876261343734
    - Ttot/t = -10.364929489702536
    - Utot/t = 3.9086587304130793
* Number of equil. steps   = 1000
* Running VMC equilibration.
  Done. [total walltime: 0.01s]
* Equil. acc.ratio (%)     =  40.2680
* Sample config after equilibration:
  +-----+
  |  u  |
  |0   2|
  |2   d|
  |  0  |
  +-----+
* Number of accum. steps   = 500480 x 10
* Running VMC accumulation.
  Done. [total walltime: 1.44s]
* Acceptance ratio (%)     =  40.2776
* Etot/t                   =  -2.306988224938E+02 +/-   5.240083813878E-05
  > Ttot/t                 =  -1.036508265119E+01 +/-   2.949435350944E-04
  > Utot/t                 =   3.908752011483E+00 +/-   2.912406839234E-04
* var[Eloc/t]              =   1.369211048896E-03 +/-   1.460304119904E-05
* Correlation length       =   1.003674288850E+00
* log10 Psi^2 range: -5.4994903979339096 -- -1.9069649544442597
* log10 Pgen range : -5.4994903979339096 -- -1.9069649544442597
* Site occupation (ave. no. electrons per config.):
  > Site_  ___eu____  ___ed____
      1        0.498      0.499
      2        0.503      0.499
      3        0.500      0.501
      4        0.501      0.502
      5        0.499      0.500
      6        0.499      0.499
* Pair-correlation analysis (ave. no. pairs per config.):
  > Shell  nsite  ___dh____  __eueu___  __eued___
      0      1        0          0          1.047
      1      4        1.087      1.481      3.495
      2      4        0.157      0.843      1.097
      3      4        0.080      0.425      0.548
      4      4        0.233      2.168      1.878
      5      4        0.118      1.082      0.934

Optimization #5:
* Method          : lls
* Target function : energy
* No. of configs. : 50048
* No. of params.  : 15
* Before optimization:
  -7.3603E-01   2.9641E-01  -1.9988E-01  -2.5037E-01  -6.0300E-02  -6.8670E-02
  -3.6781E-02  -1.0276E-01   1.0236E-01   8.7277E-02   1.6017E-01   8.7503E-02
   4.8087E-02  -2.6928E-02  -4.7230E-02
  > E    =  -2.306984975093E+02 +/-   1.607374664116E-04
  > varE =   1.293066809010E-03
* Computing derivatives.
  Done. [total walltime: 0.83s]
* Optimizing manipulation constant:
  #igrid a___________ E____________________________________ varE____________
     1     Infinity    -2.30698498E+02 +/-   1.60737466E-04   1.29306681E-03
     2     1.0000E+06  -2.30698498E+02 +/-   1.60737467E-04   1.29306681E-03
     3     2.1544E+05  -2.30698498E+02 +/-   1.60737467E-04   1.29306682E-03
     4     4.6416E+04  -2.30698498E+02 +/-   1.60737470E-04   1.29306686E-03
     5     1.0000E+04  -2.30698498E+02 +/-   1.60737482E-04   1.29306706E-03
     6     2.1544E+03  -2.30698498E+02 +/-   1.60737539E-04   1.29306797E-03
     7     4.6416E+02  -2.30698498E+02 +/-   1.60737802E-04   1.29307221E-03
     8     1.0000E+02  -2.30698498E+02 +/-   1.60739039E-04   1.29309211E-03
     9     2.1544E+01  -2.30698498E+02 +/-   1.60745021E-04   1.29318836E-03
    10     4.6416E+00  -2.30698498E+02 +/-   1.60776104E-04   1.29368854E-03
    11     1.0000E+00  -2.30698499E+02 +/-   1.60919664E-04   1.29599989E-03
    12     2.1544E-01  -2.30698499E+02 +/-   1.61221803E-04   1.30087113E-03
    13     4.6416E-02  -2.30698499E+02 +/-   1.61428861E-04   1.30421470E-03
    14     1.0000E-02  -2.30698499E+02 +/-   1.61494769E-04   1.30527989E-03
    15     2.1544E-03  -2.30698499E+02 +/-   1.61510435E-04   1.30553315E-03
    16     4.6416E-04  -2.30698499E+02 +/-   1.61513886E-04   1.30558893E-03
    17     1.0000E-04  -2.30698499E+02 +/-   1.61514633E-04   1.30560101E-03
    18     2.1544E-05  -2.30698499E+02 +/-   1.61514794E-04   1.30560361E-03
    19     4.6416E-06  -2.30698499E+02 +/-   1.61514829E-04   1.30560417E-03
    20     1.0000E-06  -2.30698499E+02 +/-   1.61514836E-04   1.30560429E-03
    21     0.0000E+00  -2.30698499E+02 +/-   1.61514838E-04   1.30560433E-03
* Iteration # 1: E =  -2.306984989398E+02 +/-   1.609196643525E-04
* Convergence: exiting.
* After optimization:
  -7.3451E-01   2.9594E-01  -1.9792E-01  -2.5230E-01  -5.9860E-02  -6.8485E-02
  -3.5395E-02  -1.0178E-01   1.0147E-01   8.5614E-02   1.6027E-01   8.8038E-02
   4.8004E-02  -2.7450E-02  -4.7999E-02
  > Energy =  -2.306984989398E+02 +/-   1.609196643525E-04
  > varE =   1.295999885408E-03

VMC #6:
* Size of Hilbert space =   4.0000E+02
* Deterministic energy evaluation:
  > Deterministic Etot/t = -230.69876356158832
    - Ttot/t = -10.364836463826760
    - Utot/t = 3.9085647563863191
* Number of equil. steps   = 1000
* Running VMC equilibration.
  Done. [total walltime: 0.01s]
* Equil. acc.ratio (%)     =  40.3121
* Sample config after equilibration:
  +-----+
  |  d  |
  |u   0|
  |2   2|
  |  0  |
  +-----+
* Number of accum. steps   = 500480 x 10
* Running VMC accumulation.
  Done. [total walltime: 1.44s]
* Acceptance ratio (%)     =  40.2523
* Etot/t                   =  -2.306987734446E+02 +/-   5.206290266128E-05
  > Ttot/t                 =  -1.036447485179E+01 +/-   2.977829671507E-04
  > Utot/t                 =   3.908193261148E+00 +/-   2.938928991358E-04
* var[Eloc/t]              =   1.367235769260E-03 +/-   1.048428723285E-05
* Correlation length       =   9.922019371195E-01
* log10 Psi^2 range: -6.0856130358004110 -- -1.9038911457284120
* log10 Pgen range : -6.0856130358004110 -- -1.9038911457284120
* Site occupation (ave. no. electrons per config.):
  > Site_  ___eu____  ___ed____
      1        0.501      0.501
      2        0.497      0.502
      3        0.501      0.500
      4        0.501      0.500
      5        0.499      0.499
      6        0.501      0.498
* Pair-correlation analysis (ave. no. pairs per config.):
  > Shell  nsite  ___dh____  __eueu___  __eued___
      0      1        0          0          1.040
      1      4        1.069      1.484      3.514
      2      4        0.153      0.845      1.106
      3      4        0.077      0.423      0.550
      4      4        0.239      2.164      1.860
      5      4        0.119      1.084      0.930

Optimization #6:
* Method          : lls
* Target function : energy
* No. of configs. : 50048
* No. of params.  : 15
* Before optimization:
  -7.3451E-01   2.9594E-01  -1.9792E-01  -2.5230E-01  -5.9860E-02  -6.8485E-02
  -3.5395E-02  -1.0178E-01   1.0147E-01   8.5614E-02   1.6027E-01   8.8038E-02
   4.8004E-02  -2.7450E-02  -4.7999E-02
  > E    =  -2.306987387895E+02 +/-   1.648334851430E-04
  > varE =   1.359808054955E-03
* Computing derivatives.
  Done. [total walltime: 0.84s]
* Optimizing manipulation constant:
  #igrid a___________ E____________________________________ varE____________
     1     Infinity    -2.30698739E+02 +/-   1.64833485E-04   1.35980805E-03
     2     1.0000E+06  -2.30698739E+02 +/-   1.64833485E-04   1.35980805E-03
     3     2.1544E+05  -2.30698739E+02 +/-   1.64833483E-04   1.35980802E-03
     4     4.6416E+04  -2.30698739E+02 +/-   1.64833475E-04   1.35980788E-03
     5     1.0000E+04  -2.30698739E+02 +/-   1.64833437E-04   1.35980726E-03
     6     2.1544E+03  -2.30698739E+02 +/-   1.64833262E-04   1.35980438E-03
     7     4.6416E+02  -2.30698739E+02 +/-   1.64832453E-04   1.35979102E-03
     8     1.0000E+02  -2.30698739E+02 +/-   1.64828746E-04   1.35972986E-03
     9     2.1544E+01  -2.30698739E+02 +/-   1.64812536E-04   1.35946244E-03
    10     4.6416E+00  -2.30698740E+02 +/-   1.64753686E-04   1.35849176E-03
    11     1.0000E+00  -2.30698741E+02 +/-   1.64629115E-04   1.35643821E-03
    12     2.1544E-01  -2.30698743E+02 +/-   1.64525586E-04   1.35473272E-03
    13     4.6416E-02  -2.30698743E+02 +/-   1.64492732E-04   1.35419171E-03
    14     1.0000E-02  -2.30698743E+02 +/-   1.64486116E-04   1.35408279E-03
    15     2.1544E-03  -2.30698743E+02 +/-   1.64484781E-04   1.35406081E-03
    16     4.6416E-04  -2.30698743E+02 +/-   1.64484499E-04   1.35405616E-03
    17     1.0000E-04  -2.30698743E+02 +/-   1.64484438E-04   1.35405517E-03
    18     2.1544E-05  -2.30698743E+02 +/-   1.64484425E-04   1.35405495E-03
    19     4.6416E-06  -2.30698743E+02 +/-   1.64484422E-04   1.35405491E-03
    20     1.0000E-06  -2.30698743E+02 +/-   1.64484422E-04   1.35405490E-03
    21     0.0000E+00  -2.30698743E+02 +/-   1.64484422E-04   1.35405489E-03
* Iteration # 1: E =  -2.306987429202E+02 +/-   1.644844216502E-04
* Convergence: exiting.
* After optimization:
  -7.3571E-01   2.9441E-01  -1.9382E-01  -2.4876E-01  -5.8367E-02  -6.6630E-02
  -3.4671E-02  -1.0003E-01   9.9056E-02   8.4487E-02   1.5509E-01   9.0593E-02
   4.4985E-02  -2.7400E-02  -4.8170E-02
  > Energy =  -2.306987429202E+02 +/-   1.644844216502E-04
  > varE =   1.354054894279E-03

VMC #7:
* Size of Hilbert space =   4.0000E+02
* Deterministic energy evaluation:
  > Deterministic Etot/t = -230.69876405801713
    - Ttot/t = -10.364972900379749
    - Utot/t = 3.9087006965104982
* Number of equil. steps   = 1000
* Running VMC equilibration.
  Done. [total walltime: 0.01s]
* Equil. acc.ratio (%)     =  40.2233
* Sample config after equilibration:
  +-----+
  |  d  |
  |u   u|
  |u   d|
  |  d  |
  +-----+
* Number of accum. steps   = 500480 x 10
* Running VMC accumulation.
  Done. [total walltime: 1.44s]
* Acceptance ratio (%)     =  40.2850
* Etot/t                   =  -2.306988346922E+02 +/-   5.193920256577E-05
  > Ttot/t                 =  -1.036480965576E+01 +/-   2.961711006382E-04
  > Utot/t                 =   3.908466817900E+00 +/-   2.925455132230E-04
* var[Eloc/t]              =   1.369816581364E-03 +/-   5.958226161682E-06
* Correlation length       =   9.856321544934E-01
* log10 Psi^2 range: -6.0761320781157142 -- -1.9048597491330557
* log10 Pgen range : -6.0761320781157142 -- -1.9048597491330557
* Site occupation (ave. no. electrons per config.):
  > Site_  ___eu____  ___ed____
      1        0.499      0.501
      2        0.502      0.501
      3        0.500      0.499
      4        0.501      0.502
      5        0.498      0.498
      6        0.500      0.499
* Pair-correlation analysis (ave. no. pairs per config.):
  > Shell  nsite  ___dh____  __eueu___  __eued___
      0      1        0          0          1.042
      1      4        1.077      1.481      3.507
      2      4        0.155      0.845      1.100
      3      4        0.078      0.422      0.548
      4      4        0.228      2.169      1.872
      5      4        0.118      1.083      0.932

Optimization #7:
* Method          : lls
* Target function : energy
* No. of configs. : 50048
* No. of params.  : 15
* Before optimization:
  -7.3571E-01   2.9441E-01  -1.9382E-01  -2.4876E-01  -5.8367E-02  -6.6630E-02
  -3.4671E-02  -1.0003E-01   9.9056E-02   8.4487E-02   1.5509E-01   9.0593E-02
   4.4985E-02  -2.7400E-02  -4.8170E-02
  > E    =  -2.306990387965E+02 +/-   1.646217360643E-04
  > varE =   1.356316614408E-03
* Computing derivatives.
  Done. [total walltime: 0.85s]
* Optimizing manipulation constant:
  #igrid a___________ E____________________________________ varE____________
     1     Infinity    -2.30699039E+02 +/-   1.64621736E-04   1.35631661E-03
     2     1.0000E+06  -2.30699039E+02 +/-   1.64621736E-04   1.35631661E-03
     3     2.1544E+05  -2.30699039E+02 +/-   1.64621735E-04   1.35631660E-03
     4     4.6416E+04  -2.30699039E+02 +/-   1.64621733E-04   1.35631657E-03
     5     1.0000E+04  -2.30699039E+02 +/-   1.64621723E-04   1.35631640E-03
     6     2.1544E+03  -2.30699039E+02 +/-   1.64621675E-04   1.35631560E-03
     7     4.6416E+02  -2.30699039E+02 +/-   1.64621452E-04   1.35631194E-03
     8     1.0000E+02  -2.30699039E+02 +/-   1.64620433E-04   1.35629515E-03
     9     2.1544E+01  -2.30699039E+02 +/-   1.64615978E-04   1.35622174E-03
    10     4.6416E+00  -2.30699040E+02 +/-   1.64599718E-04   1.35595383E-03
    11     1.0000E+00  -2.30699041E+02 +/-   1.64562859E-04   1.35534662E-03
    12     2.1544E-01  -2.30699042E+02 +/-   1.64523367E-04   1.35469618E-03
    13     4.6416E-02  -2.30699042E+02 +/-   1.64505117E-04   1.35439566E-03
    14     1.0000E-02  -2.30699042E+02 +/-   1.64500243E-04   1.35431540E-03
    15     2.1544E-03  -2.30699042E+02 +/-   1.64499145E-04   1.35429731E-03
    16     4.6416E-04  -2.30699042E+02 +/-   1.64498906E-04   1.35429338E-03
    17     1.0000E-04  -2.30699042E+02 +/-   1.64498855E-04   1.35429253E-03
    18     2.1544E-05  -2.30699042E+02 +/-   1.64498844E-04   1.35429235E-03
    19     4.6416E-06  -2.30699042E+02 +/-   1.64498841E-04   1.35429231E-03
    20     1.0000E-06  -2.30699042E+02 +/-   1.64498841E-04   1.35429230E-03
    21     0.0000E+00  -2.30699042E+02 +/-   1.64498840E-04   1.35429230E-03
* Iteration # 1: E =  -2.306990424914E+02 +/-   1.644988404921E-04
* Convergence: exiting.
* After optimization:
  -7.3550E-01   2.9483E-01  -1.9575E-01  -2.5100E-01  -5.9062E-02  -6.6983E-02
  -3.5734E-02  -1.0150E-01   1.0044E-01   8.6469E-02   1.5603E-01   9.3805E-02
   4.5010E-02  -2.6738E-02  -4.8125E-02
  > Energy =  -2.306990424914E+02 +/-   1.644988404921E-04
  > varE =   1.354292299851E-03

VMC #8:
* Size of Hilbert space =   4.0000E+02
* Deterministic energy evaluation:
  > Deterministic Etot/t = -230.69876350591059
    - Ttot/t = -10.365032243502041
    - Utot/t = 3.9087605917392980
* Number of equil. steps   = 1000
* Running VMC equilibration.
  Done. [total walltime: 0.01s]
* Equil. acc.ratio (%)     =  40.3638
* Sample config after equilibration:
  +-----+
  |  0  |
  |u   2|
  |d   d|
  |  u  |
  +-----+
* Number of accum. steps   = 500480 x 10
* Running VMC accumulation.
  Done. [total walltime: 1.43s]
* Acceptance ratio (%)     =  40.2783
* Etot/t                   =  -2.306987989224E+02 +/-   5.296709989008E-05
  > Ttot/t                 =  -1.036542651007E+01 +/-   2.977645361975E-04
  > Utot/t                 =   3.909119441966E+00 +/-   2.933142328067E-04
* var[Eloc/t]              =   1.370545187549E-03 +/-   9.356837427939E-06
* Correlation length       =   1.024485361519E+00
* log10 Psi^2 range: -6.0817892983749493 -- -1.9062708597559945
* log10 Pgen range : -6.0817892983749493 -- -1.9062708597559945
* Site occupation (ave. no. electrons per config.):
  > Site_  ___eu____  ___ed____
      1        0.500      0.502
      2        0.498      0.499
      3        0.498      0.502
      4        0.504      0.499
      5        0.498      0.499
      6        0.501      0.499
* Pair-correlation analysis (ave. no. pairs per config.):
  > Shell  nsite  ___dh____  __eueu___  __eued___
      0      1        0          0          1.048
      1      4        1.085      1.482      3.499
      2      4        0.158      0.842      1.104
      3      4        0.081      0.421      0.545
      4      4        0.234      2.168      1.871
      5      4        0.120      1.087      0.932

Optimization #8:
* Method          : lls
* Target function : energy
* No. of configs. : 50048
* No. of params.  : 15
* Before optimization:
  -7.3550E-01   2.9483E-01  -1.9575E-01  -2.5100E-01  -5.9062E-02  -6.6983E-02
  -3.5734E-02  -1.0150E-01   1.0044E-01   8.6469E-02   1.5603E-01   9.3805E-02
   4.5010E-02  -2.6738E-02  -4.8125E-02
  > E    =  -2.306985098088E+02 +/-   1.627399148307E-04
  > varE =   1.325485239389E-03
* Computing derivatives.
  Done. [total walltime: 0.84s]
* Optimizing manipulation constant:
  #igrid a___________ E____________________________________ varE____________
     1     Infinity    -2.30698510E+02 +/-   1.62739915E-04   1.32548524E-03
     2     1.0000E+06  -2.30698510E+02 +/-   1.62739914E-04   1.32548523E-03
     3     2.1544E+05  -2.30698510E+02 +/-   1.62739912E-04   1.32548520E-03
     4     4.6416E+04  -2.30698510E+02 +/-   1.62739904E-04   1.32548506E-03
     5     1.0000E+04  -2.30698510E+02 +/-   1.62739864E-04   1.32548441E-03
     6     2.1544E+03  -2.30698510E+02 +/-   1.62739678E-04   1.32548138E-03
     7     4.6416E+02  -2.30698510E+02 +/-   1.62738818E-04   1.32546738E-03
     8     1.0000E+02  -2.30698510E+02 +/-   1.62734870E-04   1.32540307E-03
     9     2.1544E+01  -2.30698510E+02 +/-   1.62717434E-04   1.32511907E-03
    10     4.6416E+00  -2.30698511E+02 +/-   1.62651465E-04   1.32404482E-03
    11     1.0000E+00  -2.30698512E+02 +/-   1.62490723E-04   1.32142910E-03
    12     2.1544E-01  -2.30698513E+02 +/-   1.62297301E-04   1.31828504E-03
    13     4.6416E-02  -2.30698512E+02 +/-   1.62196329E-04   1.31664522E-03
    14     1.0000E-02  -2.30698511E+02 +/-   1.62170890E-04   1.31623225E-03
    15     2.1544E-03  -2.30698511E+02 +/-   1.62165666E-04   1.31614745E-03
    16     4.6416E-04  -2.30698511E+02 +/-   1.62164567E-04   1.31612962E-03
    17     1.0000E-04  -2.30698511E+02 +/-   1.62164332E-04   1.31612580E-03
    18     2.1544E-05  -2.30698511E+02 +/-   1.62164281E-04   1.31612498E-03
    19     4.6416E-06  -2.30698511E+02 +/-   1.62164270E-04   1.31612480E-03
    20     1.0000E-06  -2.30698511E+02 +/-   1.62164268E-04   1.31612476E-03
    21     0.0000E+00  -2.30698511E+02 +/-   1.62164267E-04   1.31612475E-03
* Iteration # 1: E =  -2.306985125041E+02 +/-   1.622973011841E-04
* Convergence: exiting.
* After optimization:
  -7.2476E-01   2.9297E-01  -2.0061E-01  -2.5229E-01  -6.3896E-02  -6.8801E-02
  -3.0580E-02  -1.0478E-01   1.0334E-01   8.7517E-02   1.6392E-01   8.3515E-02
   5.4340E-02  -2.8958E-02  -4.8008E-02
  > Energy =  -2.306985125041E+02 +/-   1.622973011841E-04
  > varE =   1.318285038452E-03

VMC #9:
* Size of Hilbert space =   4.0000E+02
* Deterministic energy evaluation:
  > Deterministic Etot/t = -230.69876354328755
    - Ttot/t = -10.364746396587918
    - Utot/t = 3.9084747074482515
* Number of equil. steps   = 1000
* Running VMC equilibration.
  Done. [total walltime: 0.01s]
* Equil. acc.ratio (%)     =  40.1603
* Sample config after equilibration:
  +-----+
  |  d  |
  |u   u|
  |d   0|
  |  2  |
  +-----+
* Number of accum. steps   = 500480 x 10
* Running VMC accumulation.
  Done. [total walltime: 1.43s]
* Acceptance ratio (%)     =  40.2388
* Etot/t                   =  -2.306988049921E+02 +/-   5.213819813876E-05
  > Ttot/t                 =  -1.036487960821E+01 +/-   2.888213656113E-04
  > Utot/t                 =   3.908566470120E+00 +/-   2.849468699084E-04
* var[Eloc/t]              =   1.374930533103E-03 +/-   9.408960755066E-06
* Correlation length       =   9.895050315933E-01
* log10 Psi^2 range: -5.4897480176778073 -- -1.8981581354844075
* log10 Pgen range : -5.4897480176778073 -- -1.8981581354844075
* Site occupation (ave. no. electrons per config.):
  > Site_  ___eu____  ___ed____
      1        0.498      0.498
      2        0.499      0.503
      3        0.498      0.503
      4        0.500      0.503
      5        0.503      0.496
      6        0.502      0.496
* Pair-correlation analysis (ave. no. pairs per config.):
  > Shell  nsite  ___dh____  __eueu___  __eued___
      0      1        0          0          1.041
      1      4        1.072      1.491      3.504
      2      4        0.159      0.841      1.098
      3      4        0.079      0.425      0.547
      4      4        0.233      2.162      1.875
      5      4        0.117      1.080      0.935

Optimization #9:
* Method          : lls
* Target function : energy
* No. of configs. : 50048
* No. of params.  : 15
* Before optimization:
  -7.2476E-01   2.9297E-01  -2.0061E-01  -2.5229E-01  -6.3896E-02  -6.8801E-02
  -3.0580E-02  -1.0478E-01   1.0334E-01   8.7517E-02   1.6392E-01   8.3515E-02
   5.4340E-02  -2.8958E-02  -4.8008E-02
  > E    =  -2.306986440583E+02 +/-   1.692315671646E-04
  > varE =   1.433340853769E-03
* Computing derivatives.
  Done. [total walltime: 0.84s]
* Optimizing manipulation constant:
  #igrid a___________ E____________________________________ varE____________
     1     Infinity    -2.30698644E+02 +/-   1.69231567E-04   1.43334085E-03
     2     1.0000E+06  -2.30698644E+02 +/-   1.69231566E-04   1.43334084E-03
     3     2.1544E+05  -2.30698644E+02 +/-   1.69231562E-04   1.43334077E-03
     4     4.6416E+04  -2.30698644E+02 +/-   1.69231544E-04   1.43334047E-03
     5     1.0000E+04  -2.30698644E+02 +/-   1.69231461E-04   1.43333906E-03
     6     2.1544E+03  -2.30698644E+02 +/-   1.69231076E-04   1.43333254E-03
     7     4.6416E+02  -2.30698644E+02 +/-   1.69229292E-04   1.43330232E-03
     8     1.0000E+02  -2.30698644E+02 +/-   1.69221079E-04   1.43316320E-03
     9     2.1544E+01  -2.30698644E+02 +/-   1.69184380E-04   1.43254164E-03
    10     4.6416E+00  -2.30698645E+02 +/-   1.69039758E-04   1.43009356E-03
    11     1.0000E+00  -2.30698646E+02 +/-   1.68665952E-04   1.42377568E-03
    12     2.1544E-01  -2.30698648E+02 +/-   1.68258002E-04   1.41689668E-03
    13     4.6416E-02  -2.30698648E+02 +/-   1.68082712E-04   1.41394599E-03
    14     1.0000E-02  -2.30698648E+02 +/-   1.68037265E-04   1.41318147E-03
    15     2.1544E-03  -2.30698649E+02 +/-   1.68027073E-04   1.41301005E-03
    16     4.6416E-04  -2.30698649E+02 +/-   1.68024858E-04   1.41297280E-03
    17     1.0000E-04  -2.30698649E+02 +/-   1.68024380E-04   1.41296476E-03
    18     2.1544E-05  -2.30698649E+02 +/-   1.68024277E-04   1.41296303E-03
    19     4.6416E-06  -2.30698649E+02 +/-   1.68024255E-04   1.41296265E-03
    20     1.0000E-06  -2.30698649E+02 +/-   1.68024250E-04   1.41296257E-03
    21     0.0000E+00  -2.30698649E+02 +/-   1.68024249E-04   1.41296255E-03
* Iteration # 1: E =  -2.306986485458E+02 +/-   1.680242487495E-04
* Convergence: exiting.
* After optimization:
  -7.3267E-01   2.9519E-01  -1.9692E-01  -2.5108E-01  -6.1956E-02  -6.9129E-02
  -3.3737E-02  -1.0488E-01   1.0320E-01   8.4672E-02   1.6508E-01   8.3610E-02
   5.2933E-02  -2.9818E-02  -5.0765E-02
  > Energy =  -2.306986485458E+02 +/-   1.680242487495E-04
  > varE =   1.412962551503E-03

VMC #10:
* Size of Hilbert space =   4.0000E+02
* Deterministic energy evaluation:
  > Deterministic Etot/t = -230.69876331411530
    - Ttot/t = -10.364915545281578
    - Utot/t = 3.9086440853141737
* Number of equil. steps   = 1000
* Running VMC equilibration.
  Done. [total walltime: 0.01s]
* Equil. acc.ratio (%)     =  40.0944
* Sample config after equilibration:
  +-----+
  |  d  |
  |u   u|
  |d   u|
  |  d  |
  +-----+
* Number of accum. steps   = 500480 x 10
* Running VMC accumulation.
  Done. [total walltime: 1.44s]
* Acceptance ratio (%)     =  40.2298
* Etot/t                   =  -2.306987338353E+02 +/-   5.155822509796E-05
  > Ttot/t                 =  -1.036518768333E+01 +/-   2.992021053615E-04
  > Utot/t                 =   3.908945702160E+00 +/-   2.930693269344E-04
* var[Eloc/t]              =   1.343670686351E-03 +/-   5.245909395231E-06
* Correlation length       =   9.901244861677E-01
* log10 Psi^2 range: -5.5036456315101994 -- -1.9061489718649431
* log10 Pgen range : -5.5036456315101994 -- -1.9061489718649431
* Site occupation (ave. no. electrons per config.):
  > Site_  ___eu____  ___ed____
      1        0.500      0.499
      2        0.499      0.498
      3        0.495      0.503
      4        0.499      0.498
      5        0.503      0.500
      6        0.503      0.501
* Pair-correlation analysis (ave. no. pairs per config.):
  > Shell  nsite  ___dh____  __eueu___  __eued___
      0      1        0          0          1.037
      1      4        1.068      1.484      3.511
      2      4        0.155      0.841      1.102
      3      4        0.079      0.424      0.549
      4      4        0.232      2.167      1.869
      5      4        0.116      1.083      0.932

VDAGGER finished.
Total VDAGGER walltime: 52.4s

Run ended: Fri Sep 26 18:44:54 CEST 2025
