Run started: Fri Sep 26 18:36:21 CEST 2025
Using VDAGGER_ARCH = gnu7_fkfamd_cluster
Running 1x128 MPI processes.

                               xx
                              +##
                               #X
                               Xx
                          X##XxXxxX##x
                           +   Xx  ++
                               ##
                              +##
                              +##
     ++++         ++          +##
   xX+++##+      ####         +##
  Xx    ###      +X##          ##
 xX    X##+        ##          #X
 +    x##X         #x          #X
      ###         +#           x+
     X##+         #+
     ###         Xx                    _______
     ##X       +X+   __________________VDAGGER
     +##x    +xX     2nd quantized variational
       +xxxxx+       ______quantum Monte Carlo

* Running 128 MPI processes.
* Input file: "input.casl"

############# Start of input file dump #############
General:
  Random seed: timer

Plan:
  VMC-optimization:
    Minimum cycles: 5
    Convergence cycles: 3

System:
  Read Hamiltonian: FCIDUMP_loc_benzene
  Read orbitals: LTSC_benzene
  Complex orbitals: F
  Geometry:
    r_5: [ 0.00000000000000, 2.63994739601739 ]
    r_4: [ 2.28626150960564, 1.31997369800870 ]
    r_6: [ 2.28626150960564, -1.31997369800870 ]
    r_2: [ 0.00000000000000, -2.63994739601739 ]
    r_3: [ -2.28626150960564, -1.31997369800870 ]
    r_1: [ -2.28626150960564, 1.31997369800870 ]

VMC:
  nstep: 500000
  nconfig: 50000

Optimization:
  max_niter: 1

Jastrow: wfn.casl

Multideterminants: wfn.casl
############## End of input file dump ##############

General setup:
* Random seed: 1896285218 (from timer)

* Loaded integrals for system with nelec=6, ms2=0, norb=6
* INFO: setting number of electrons from integrals file.
* Analysis of Hamiltonian connecitivity performed:
  - T_ii (local, 1-site): 6 (i) values
  - U_iiii [opp] (local, 1-site): 6 (i) values
  - U_kkii [opp] (local, 2-site): 30 contribs. from 6 (i) values
  - U_kkii [par] (local, 2-site): 15 contribs. from 5 (i) values
  - T_ji (single, 2-site): 30 contribs. from 6 (i) values
  - U_kkji [opp] (single, 2/3-site): 180 contribs. from 30 (i,j) pairs
  - U_kkji [par] (single, 3-site): 150 contribs. from 30 (i,j) pairs
  - U_lkji [opp] (double, 2/3/4-site): 900 contribs. from 30 (i,j) pairs
  - U_lkji [par] (double, 4-site): 170 contribs. from 20 (i,j) pairs
  - Max. no. wfn. ratios in Eloc: 255
* Reading override orbitals from file "LTSC_benzene".
* Site labels:
  +-----+
  |  5  |
  |1   4|
  |3   6|
  |  2  |
  +-----+
* Automatically set Site kinds:
  [ 1, 1, 1, 1, 1, 1 ]
  +-----+
  |  1  |
  |1   1|
  |1   1|
  |  1  |
  +-----+
* Maximum Site kind: 1
* Number of site-pair kinds with Tij=0: 0
* Automatically set Site pair kinds:
  Site 1: [ 0, 4, 1, -5, -1, -2 ]
  Site 2: [ 4, 0, 1, -4, -3, -1 ]
  Site 3: [ 1, 1, 0, -2, -4, -5 ]
  Site 4: [ -5, -4, -2, 0, 1, 1 ]
  Site 5: [ -1, -3, -4, 1, 0, 4 ]
  Site 6: [ -2, -1, -5, 1, 4, 0 ]
  For site 1 of kind 1:
  +--------+
  |   -1   |
  | 0    -5|
  | 1    -2|
  |    4   |
  +--------+
* Maximum (unsigned) Site pair kind: 5
General system setup:
* Number of sites       : 6
* Number of electrons   : 6
* Spin imbalance MS2    : 0
* Filling               : 0.500000
* Number of orbitals in pool: 6
* Using real-valued orbitals
* Using double-precision arithmetic for orbitals

Trial wave function setup:
* Jastrow parameter file: "wfn.casl"
* Multideterminant parameter file: "wfn.casl"
* Not using a backflow transformation
* Not using wave function manipulation

VMC #1:
* Size of Hilbert space =   4.0000E+02
* Deterministic energy evaluation:
  > Deterministic Etot/t = -230.67566323075215
    - Ttot/t = -10.271071185367321
    - Utot/t = 3.8378998087630296
* Number of equil. steps   = 1000
* Running VMC equilibration.
  Done. [total walltime: 0.02s]
* Equil. acc.ratio (%)     =  27.8816
* Sample config after equilibration:
  +-----+
  |  2  |
  |d   0|
  |u   u|
  |  d  |
  +-----+
* Number of accum. steps   = 500480 x 10
* Running VMC accumulation.
  Done. [total walltime: 4.81s]
* Acceptance ratio (%)     =  27.7925
* Etot/t                   =  -2.306756580459E+02 +/-   1.610713876957E-04
  > Ttot/t                 =  -1.027137629141E+01 +/-   3.979670542877E-04
  > Utot/t                 =   3.838210099604E+00 +/-   2.697856293748E-04
* var[Eloc/t]              =   1.291420099815E-02 +/-   3.020714058150E-04
* Correlation length       =   1.005439599794E+00
* log10 Psi^2 range: -6.8602223753331302 -- -1.5851621647015386
* log10 Pgen range : -6.8602223753331302 -- -1.5851621647015386
* Site occupation (ave. no. electrons per config.):
  > Site_  ___eu____  ___ed____
      1        0.502      0.499
      2        0.502      0.495
      3        0.497      0.505
      4        0.501      0.497
      5        0.501      0.498
      6        0.497      0.506
* Pair-correlation analysis (ave. no. pairs per config.):
  > Shell  nsite  ___dh____  __eueu___  __eued___
      0      1        0          0          0.797
      1      4        0.842      1.419      3.779
      2      4        0.078      0.824      1.181
      3      4        0.037      0.400      0.598
      4      4        0.146      2.238      1.761
      5      4        0.077      1.119      0.883

Optimization #1:
* Method          : lls
* Target function : energy
* No. of configs. : 50048
* No. of params.  : 18
* Before optimization:
  -7.8279E-01   3.1727E-01  -2.3343E-01  -2.3507E-01  -5.6056E-02  -5.3380E-02
  -4.8966E-02  -9.2881E-02   9.2187E-02   1.2817E-01   9.6342E-02   1.2120E-01
   7.6836E-03  -1.3364E-03  -1.6347E-01  -1.6347E-01   1.0802E-01   8.5008E-02
  > E    =  -2.306754052111E+02 +/-   5.467239945625E-04
  > varE =   1.495970385358E-02
* Computing derivatives.
  Done. [total walltime: 2.51s]
* Optimizing manipulation constant:
  #igrid a___________ E____________________________________ varE____________
     1     Infinity    -2.30675405E+02 +/-   5.46723995E-04   1.49597039E-02
     2     1.0000E+06  -2.30675405E+02 +/-   5.46723727E-04   1.49596892E-02
     3     2.1544E+05  -2.30675405E+02 +/-   5.46722754E-04   1.49596360E-02
     4     4.6416E+04  -2.30675406E+02 +/-   5.46718236E-04   1.49593887E-02
     5     1.0000E+04  -2.30675408E+02 +/-   5.46697266E-04   1.49582412E-02
     6     2.1544E+03  -2.30675417E+02 +/-   5.46599949E-04   1.49529163E-02
     7     4.6416E+02  -2.30675462E+02 +/-   5.46148631E-04   1.49282337E-02
     8     1.0000E+02  -2.30675667E+02 +/-   5.44062060E-04   1.48143844E-02
     9     2.1544E+01  -2.30676591E+02 +/-   5.34550835E-04   1.43009455E-02
    10     4.6416E+00  -2.30680346E+02 +/-   4.93795283E-04   1.22033931E-02
    11     1.0000E+00  -2.30690572E+02 +/-   3.56573496E-04   6.36333583E-03
    12     2.1544E-01  -2.30699402E+02 +/-   1.41964678E-04   1.00866588E-03
    13     4.6416E-02  -2.30698956E+02 +/-   1.38233159E-04   9.56337519E-04
    14     1.0000E-02  -2.30697808E+02 +/-   1.72527894E-04   1.48972247E-03
    15     2.1544E-03  -2.30697465E+02 +/-   1.81751982E-04   1.65327478E-03
    16     4.6416E-04  -2.30697387E+02 +/-   1.83822218E-04   1.69115235E-03
    17     1.0000E-04  -2.30697369E+02 +/-   1.84272073E-04   1.69943975E-03
    18     2.1544E-05  -2.30697366E+02 +/-   1.84369170E-04   1.70123115E-03
    19     4.6416E-06  -2.30697365E+02 +/-   1.84390097E-04   1.70161737E-03
    20     1.0000E-06  -2.30697365E+02 +/-   1.84394606E-04   1.70170059E-03
    21     0.0000E+00  -2.30697365E+02 +/-   1.84395844E-04   1.70172345E-03
  ParMin   1.0696E-01  -2.30699748E+02 +/-   1.13788095E-04   6.48008014E-04
  # Using parabolic minimum
* Iteration # 1: E =  -2.306997480856E+02 +/-   1.137880945128E-04
* Reached maximum number of iterations: exiting.
* After optimization:
  -6.8538E-01   2.7345E-01  -1.6127E-01  -1.4783E-01  -5.7604E-02  -5.8710E-02
  -6.6533E-02  -7.0931E-02   1.1327E-01   8.6672E-02   1.6284E-01   4.1544E-02
   3.3391E-02  -2.9366E-02  -5.6597E-02  -6.1246E-02   2.1555E-02  -2.0587E-02
  > Energy =  -2.306997480856E+02 +/-   1.137880945128E-04
  > varE =   6.480080137041E-04

VMC #2:
* Size of Hilbert space =   4.0000E+02
* Deterministic energy evaluation:
  > Deterministic Etot/t = -230.69953222939733
    - Ttot/t = -10.360537586561447
    - Utot/t = 3.9034972113119641
* Number of equil. steps   = 1000
* Running VMC equilibration.
  Done. [total walltime: 0.02s]
* Equil. acc.ratio (%)     =  41.0001
* Sample config after equilibration:
  +-----+
  |  u  |
  |d   d|
  |u   u|
  |  d  |
  +-----+
* Number of accum. steps   = 500480 x 10
* Running VMC accumulation.
  Done. [total walltime: 4.67s]
* Acceptance ratio (%)     =  41.0438
* Etot/t                   =  -2.306995203193E+02 +/-   3.664790895866E-05
  > Ttot/t                 =  -1.035996138409E+01 +/-   2.978031994709E-04
  > Utot/t                 =   3.902932918918E+00 +/-   2.892953418270E-04
* var[Eloc/t]              =   6.970710335428E-04 +/-   5.637971123169E-06
* Correlation length       =   9.642909494253E-01
* log10 Psi^2 range: -5.8656923144448117 -- -1.8089502523826984
* log10 Pgen range : -5.8656923144448117 -- -1.8089502523826984
* Site occupation (ave. no. electrons per config.):
  > Site_  ___eu____  ___ed____
      1        0.504      0.494
      2        0.501      0.499
      3        0.499      0.503
      4        0.499      0.499
      5        0.496      0.505
      6        0.502      0.501
* Pair-correlation analysis (ave. no. pairs per config.):
  > Shell  nsite  ___dh____  __eueu___  __eued___
      0      1        0          0          1.013
      1      4        1.034      1.498      3.535
      2      4        0.152      0.840      1.103
      3      4        0.074      0.419      0.556
      4      4        0.225      2.164      1.862
      5      4        0.115      1.079      0.930

Optimization #2:
* Method          : lls
* Target function : energy
* No. of configs. : 50048
* No. of params.  : 18
* Before optimization:
  -6.8538E-01   2.7345E-01  -1.6127E-01  -1.4783E-01  -5.7604E-02  -5.8710E-02
  -6.6533E-02  -7.0931E-02   1.1327E-01   8.6672E-02   1.6284E-01   4.1544E-02
   3.3391E-02  -2.9366E-02  -5.6597E-02  -6.1246E-02   2.1555E-02  -2.0587E-02
  > E    =  -2.306993054912E+02 +/-   1.182184979254E-04
  > varE =   6.994514920224E-04
* Computing derivatives.
  Done. [total walltime: 2.49s]
* Optimizing manipulation constant:
  #igrid a___________ E____________________________________ varE____________
     1     Infinity    -2.30699305E+02 +/-   1.18218498E-04   6.99451492E-04
     2     1.0000E+06  -2.30699305E+02 +/-   1.18218416E-04   6.99450521E-04
     3     2.1544E+05  -2.30699305E+02 +/-   1.18218117E-04   6.99446984E-04
     4     4.6416E+04  -2.30699306E+02 +/-   1.18216730E-04   6.99430567E-04
     5     1.0000E+04  -2.30699306E+02 +/-   1.18210291E-04   6.99354379E-04
     6     2.1544E+03  -2.30699306E+02 +/-   1.18180421E-04   6.99000993E-04
     7     4.6416E+02  -2.30699308E+02 +/-   1.18042133E-04   6.97366083E-04
     8     1.0000E+02  -2.30699317E+02 +/-   1.17407814E-04   6.89891395E-04
     9     2.1544E+01  -2.30699359E+02 +/-   1.14618329E-04   6.57498656E-04
    10     4.6416E+00  -2.30699506E+02 +/-   1.04353696E-04   5.45007397E-04
    11     1.0000E+00  -2.30699796E+02 +/-   8.36033684E-05   3.49811658E-04
    12     2.1544E-01  -2.30699989E+02 +/-   7.19982392E-05   2.59436142E-04
    13     4.6416E-02  -2.30700035E+02 +/-   7.11961039E-05   2.53687567E-04
    14     1.0000E-02  -2.30700042E+02 +/-   7.14840745E-05   2.55743924E-04
    15     2.1544E-03  -2.30700043E+02 +/-   7.15810497E-05   2.56438278E-04
    16     4.6416E-04  -2.30700043E+02 +/-   7.16037748E-05   2.56601129E-04
    17     1.0000E-04  -2.30700043E+02 +/-   7.16087582E-05   2.56636848E-04
    18     2.1544E-05  -2.30700043E+02 +/-   7.16098359E-05   2.56644572E-04
    19     4.6416E-06  -2.30700043E+02 +/-   7.16100683E-05   2.56646238E-04
    20     1.0000E-06  -2.30700043E+02 +/-   7.16101184E-05   2.56646597E-04
    21     0.0000E+00  -2.30700043E+02 +/-   7.16101321E-05   2.56646696E-04
* Iteration # 1: E =  -2.307000432147E+02 +/-   7.161013211052E-05
* Reached maximum number of iterations: exiting.
* After optimization:
  -9.1914E-01   2.8568E-01  -9.9818E-02  -6.7443E-02  -1.6878E-02  -1.4558E-02
  -1.1532E-01  -1.3093E-01   7.2399E-02   2.9552E-02   1.5119E-01  -5.7444E-02
   5.0366E-02  -5.1085E-02  -6.9508E-02  -8.9010E-02   4.0051E-02   5.2549E-03
  > Energy =  -2.307000432147E+02 +/-   7.161013211052E-05
  > varE =   2.566466955733E-04

VMC #3:
* Size of Hilbert space =   4.0000E+02
* Deterministic energy evaluation:
  > Deterministic Etot/t = -230.70003019125002
    - Ttot/t = -10.363640508804025
    - Utot/t = 3.9061021717018831
* Number of equil. steps   = 1000
* Running VMC equilibration.
  Done. [total walltime: 0.02s]
* Equil. acc.ratio (%)     =  40.9988
* Sample config after equilibration:
  +-----+
  |  d  |
  |u   u|
  |d   d|
  |  u  |
  +-----+
* Number of accum. steps   = 500480 x 10
* Running VMC accumulation.
  Done. [total walltime: 4.70s]
* Acceptance ratio (%)     =  40.8761
* Etot/t                   =  -2.307000416364E+02 +/-   2.214066433328E-05
  > Ttot/t                 =  -1.036327953613E+01 +/-   2.919522499972E-04
  > Utot/t                 =   3.905729753880E+00 +/-   2.920081185582E-04
* var[Eloc/t]              =   2.502159662853E-04 +/-   4.382689978846E-06
* Correlation length       =   9.805122052357E-01
* log10 Psi^2 range: -5.6227204440080216 -- -2.1764412929771471
* log10 Pgen range : -5.6227204440080216 -- -2.1764412929771471
* Site occupation (ave. no. electrons per config.):
  > Site_  ___eu____  ___ed____
      1        0.499      0.501
      2        0.498      0.499
      3        0.500      0.502
      4        0.497      0.500
      5        0.500      0.497
      6        0.506      0.502
* Pair-correlation analysis (ave. no. pairs per config.):
  > Shell  nsite  ___dh____  __eueu___  __eued___
      0      1        0          0          1.024
      1      4        1.050      1.483      3.531
      2      4        0.151      0.848      1.104
      3      4        0.075      0.418      0.549
      4      4        0.226      2.167      1.860
      5      4        0.116      1.085      0.932

Optimization #3:
* Method          : lls
* Target function : energy
* No. of configs. : 50048
* No. of params.  : 18
* Before optimization:
  -9.1914E-01   2.8568E-01  -9.9818E-02  -6.7443E-02  -1.6878E-02  -1.4558E-02
  -1.1532E-01  -1.3093E-01   7.2399E-02   2.9552E-02   1.5119E-01  -5.7444E-02
   5.0366E-02  -5.1085E-02  -6.9508E-02  -8.9010E-02   4.0051E-02   5.2549E-03
  > E    =  -2.307000256525E+02 +/-   6.909608066398E-05
  > varE =   2.389425830376E-04
* Computing derivatives.
  Done. [total walltime: 2.52s]
* Optimizing manipulation constant:
  #igrid a___________ E____________________________________ varE____________
     1     Infinity    -2.30700026E+02 +/-   6.90960807E-05   2.38942583E-04
     2     1.0000E+06  -2.30700026E+02 +/-   6.90960800E-05   2.38942578E-04
     3     2.1544E+05  -2.30700026E+02 +/-   6.90960776E-05   2.38942562E-04
     4     4.6416E+04  -2.30700026E+02 +/-   6.90960665E-05   2.38942485E-04
     5     1.0000E+04  -2.30700026E+02 +/-   6.90960147E-05   2.38942127E-04
     6     2.1544E+03  -2.30700026E+02 +/-   6.90957746E-05   2.38940466E-04
     7     4.6416E+02  -2.30700026E+02 +/-   6.90946637E-05   2.38932783E-04
     8     1.0000E+02  -2.30700026E+02 +/-   6.90895772E-05   2.38897605E-04
     9     2.1544E+01  -2.30700025E+02 +/-   6.90673848E-05   2.38744156E-04
    10     4.6416E+00  -2.30700024E+02 +/-   6.89878397E-05   2.38194549E-04
    11     1.0000E+00  -2.30700022E+02 +/-   6.88328171E-05   2.37125257E-04
    12     2.1544E-01  -2.30700019E+02 +/-   6.87450998E-05   2.36521280E-04
    13     4.6416E-02  -2.30700017E+02 +/-   6.87432835E-05   2.36508782E-04
    14     1.0000E-02  -2.30700016E+02 +/-   6.87484925E-05   2.36544626E-04
    15     2.1544E-03  -2.30700016E+02 +/-   6.87500846E-05   2.36555582E-04
    16     4.6416E-04  -2.30700016E+02 +/-   6.87504530E-05   2.36558117E-04
    17     1.0000E-04  -2.30700016E+02 +/-   6.87505335E-05   2.36558671E-04
    18     2.1544E-05  -2.30700016E+02 +/-   6.87505509E-05   2.36558791E-04
    19     4.6416E-06  -2.30700016E+02 +/-   6.87505547E-05   2.36558817E-04
    20     1.0000E-06  -2.30700016E+02 +/-   6.87505555E-05   2.36558823E-04
    21     0.0000E+00  -2.30700016E+02 +/-   6.87505557E-05   2.36558824E-04
* Iteration # 1: E =  -2.307000256524E+02 +/-   6.909607760168E-05
* Reached maximum number of iterations: exiting.
* After optimization:
  -9.1914E-01   2.8568E-01  -9.9818E-02  -6.7443E-02  -1.6878E-02  -1.4558E-02
  -1.1532E-01  -1.3093E-01   7.2399E-02   2.9552E-02   1.5119E-01  -5.7444E-02
   5.0366E-02  -5.1085E-02  -6.9508E-02  -8.9010E-02   4.0051E-02   5.2549E-03
  > Energy =  -2.307000256524E+02 +/-   6.909607760168E-05
  > varE =   2.389425618580E-04

VMC #4:
* Size of Hilbert space =   4.0000E+02
* Deterministic energy evaluation:
  > Deterministic Etot/t = -230.70003019127606
    - Ttot/t = -10.363640507632072
    - Utot/t = 3.9061021705038486
* Number of equil. steps   = 1000
* Running VMC equilibration.
  Done. [total walltime: 0.02s]
* Equil. acc.ratio (%)     =  40.8072
* Sample config after equilibration:
  +-----+
  |  d  |
  |u   u|
  |2   d|
  |  0  |
  +-----+
* Number of accum. steps   = 500480 x 10
* Running VMC accumulation.
  Done. [total walltime: 4.67s]
* Acceptance ratio (%)     =  40.8587
* Etot/t                   =  -2.307000664371E+02 +/-   2.269328520805E-05
  > Ttot/t                 =  -1.036426493097E+01 +/-   2.913717554370E-04
  > Utot/t                 =   3.906690347985E+00 +/-   2.910065855508E-04
* var[Eloc/t]              =   2.608660550929E-04 +/-   5.256704047353E-06
* Correlation length       =   9.880158212539E-01
* log10 Psi^2 range: -6.5933506348516904 -- -2.1763467907901326
* log10 Pgen range : -6.5933506348516904 -- -2.1763467907901326
* Site occupation (ave. no. electrons per config.):
  > Site_  ___eu____  ___ed____
      1        0.501      0.500
      2        0.503      0.499
      3        0.500      0.499
      4        0.499      0.500
      5        0.499      0.501
      6        0.499      0.500
* Pair-correlation analysis (ave. no. pairs per config.):
  > Shell  nsite  ___dh____  __eueu___  __eued___
      0      1        0          0          1.036
      1      4        1.067      1.487      3.516
      2      4        0.150      0.846      1.104
      3      4        0.075      0.425      0.553
      4      4        0.237      2.162      1.863
      5      4        0.121      1.080      0.927

Optimization #4:
* Method          : lls
* Target function : energy
* No. of configs. : 50048
* No. of params.  : 18
* Before optimization:
  -9.1914E-01   2.8568E-01  -9.9818E-02  -6.7443E-02  -1.6878E-02  -1.4558E-02
  -1.1532E-01  -1.3093E-01   7.2399E-02   2.9552E-02   1.5119E-01  -5.7444E-02
   5.0366E-02  -5.1085E-02  -6.9508E-02  -8.9010E-02   4.0051E-02   5.2549E-03
  > E    =  -2.307000148184E+02 +/-   6.908095863095E-05
  > varE =   2.388380068531E-04
* Computing derivatives.
  Done. [total walltime: 2.51s]
* Optimizing manipulation constant:
  #igrid a___________ E____________________________________ varE____________
     1     Infinity    -2.30700015E+02 +/-   6.90809586E-05   2.38838007E-04
     2     1.0000E+06  -2.30700015E+02 +/-   6.90809574E-05   2.38837999E-04
     3     2.1544E+05  -2.30700015E+02 +/-   6.90809531E-05   2.38837969E-04
     4     4.6416E+04  -2.30700015E+02 +/-   6.90809330E-05   2.38837829E-04
     5     1.0000E+04  -2.30700015E+02 +/-   6.90808395E-05   2.38837183E-04
     6     2.1544E+03  -2.30700015E+02 +/-   6.90804059E-05   2.38834185E-04
     7     4.6416E+02  -2.30700015E+02 +/-   6.90783994E-05   2.38820311E-04
     8     1.0000E+02  -2.30700015E+02 +/-   6.90692114E-05   2.38756785E-04
     9     2.1544E+01  -2.30700016E+02 +/-   6.90291068E-05   2.38479600E-04
    10     4.6416E+00  -2.30700018E+02 +/-   6.88854780E-05   2.37488224E-04
    11     1.0000E+00  -2.30700023E+02 +/-   6.86083269E-05   2.35581067E-04
    12     2.1544E-01  -2.30700027E+02 +/-   6.84445144E-05   2.34457441E-04
    13     4.6416E-02  -2.30700029E+02 +/-   6.84243317E-05   2.34319189E-04
    14     1.0000E-02  -2.30700030E+02 +/-   6.84260409E-05   2.34330896E-04
    15     2.1544E-03  -2.30700030E+02 +/-   6.84269203E-05   2.34336919E-04
    16     4.6416E-04  -2.30700030E+02 +/-   6.84271373E-05   2.34338405E-04
    17     1.0000E-04  -2.30700030E+02 +/-   6.84271854E-05   2.34338735E-04
    18     2.1544E-05  -2.30700030E+02 +/-   6.84271958E-05   2.34338806E-04
    19     4.6416E-06  -2.30700030E+02 +/-   6.84271981E-05   2.34338821E-04
    20     1.0000E-06  -2.30700030E+02 +/-   6.84271986E-05   2.34338825E-04
    21     0.0000E+00  -2.30700030E+02 +/-   6.84271987E-05   2.34338826E-04
* Iteration # 1: E =  -2.307000297994E+02 +/-   6.842719868972E-05
* Reached maximum number of iterations: exiting.
* After optimization:
  -9.3540E-01   2.9780E-01  -1.0599E-01  -7.6914E-02  -1.8796E-02  -1.5138E-02
  -1.2609E-01  -1.3229E-01   7.9880E-02   3.0818E-02   1.5868E-01  -5.5351E-02
   5.2229E-02  -5.1055E-02  -6.9566E-02  -8.7873E-02   3.9307E-02  -7.9905E-04
  > Energy =  -2.307000297994E+02 +/-   6.842719868972E-05
  > varE =   2.343388255391E-04

VMC #5:
* Size of Hilbert space =   4.0000E+02
* Deterministic energy evaluation:
  > Deterministic Etot/t = -230.70003373360319
    - Ttot/t = -10.363373936936451
    - Utot/t = 3.9058320574811294
* Number of equil. steps   = 1000
* Running VMC equilibration.
  Done. [total walltime: 0.02s]
* Equil. acc.ratio (%)     =  40.8365
* Sample config after equilibration:
  +-----+
  |  u  |
  |2   0|
  |d   0|
  |  2  |
  +-----+
* Number of accum. steps   = 500480 x 10
* Running VMC accumulation.
  Done. [total walltime: 4.71s]
* Acceptance ratio (%)     =  40.9556
* Etot/t                   =  -2.307000490827E+02 +/-   2.448949475024E-05
  > Ttot/t                 =  -1.036379064251E+01 +/-   2.849512844232E-04
  > Utot/t                 =   3.906233413921E+00 +/-   2.842520664627E-04
* var[Eloc/t]              =   3.083344055089E-04 +/-   5.728278269111E-05
* Correlation length       =   9.734740728496E-01
* log10 Psi^2 range: -6.5630183602286127 -- -2.1827926115065606
* log10 Pgen range : -6.5630183602286127 -- -2.1827926115065606
* Site occupation (ave. no. electrons per config.):
  > Site_  ___eu____  ___ed____
      1        0.500      0.503
      2        0.502      0.499
      3        0.502      0.498
      4        0.499      0.500
      5        0.500      0.499
      6        0.496      0.502
* Pair-correlation analysis (ave. no. pairs per config.):
  > Shell  nsite  ___dh____  __eueu___  __eued___
      0      1        0          0          1.035
      1      4        1.065      1.487      3.516
      2      4        0.152      0.841      1.108
      3      4        0.075      0.424      0.552
      4      4        0.236      2.164      1.860
      5      4        0.119      1.084      0.928

Optimization #5:
* Method          : lls
* Target function : energy
* No. of configs. : 50048
* No. of params.  : 18
* Before optimization:
  -9.3540E-01   2.9780E-01  -1.0599E-01  -7.6914E-02  -1.8796E-02  -1.5138E-02
  -1.2609E-01  -1.3229E-01   7.9880E-02   3.0818E-02   1.5868E-01  -5.5351E-02
   5.2229E-02  -5.1055E-02  -6.9566E-02  -8.7873E-02   3.9307E-02  -7.9905E-04
  > E    =  -2.307000954467E+02 +/-   7.341575893127E-05
  > varE =   2.697523969083E-04
* Computing derivatives.
  Done. [total walltime: 2.52s]
* Optimizing manipulation constant:
  #igrid a___________ E____________________________________ varE____________
     1     Infinity    -2.30700095E+02 +/-   7.34157589E-05   2.69752397E-04
     2     1.0000E+06  -2.30700095E+02 +/-   7.34157574E-05   2.69752386E-04
     3     2.1544E+05  -2.30700095E+02 +/-   7.34157519E-05   2.69752345E-04
     4     4.6416E+04  -2.30700095E+02 +/-   7.34157264E-05   2.69752158E-04
     5     1.0000E+04  -2.30700095E+02 +/-   7.34156079E-05   2.69751287E-04
     6     2.1544E+03  -2.30700095E+02 +/-   7.34150581E-05   2.69747247E-04
     7     4.6416E+02  -2.30700095E+02 +/-   7.34125137E-05   2.69728549E-04
     8     1.0000E+02  -2.30700095E+02 +/-   7.34008564E-05   2.69642895E-04
     9     2.1544E+01  -2.30700095E+02 +/-   7.33498302E-05   2.69268129E-04
    10     4.6416E+00  -2.30700095E+02 +/-   7.31634696E-05   2.67901603E-04
    11     1.0000E+00  -2.30700094E+02 +/-   7.27554273E-05   2.64921691E-04
    12     2.1544E-01  -2.30700093E+02 +/-   7.23654495E-05   2.62089279E-04
    13     4.6416E-02  -2.30700091E+02 +/-   7.21950169E-05   2.60856205E-04
    14     1.0000E-02  -2.30700091E+02 +/-   7.21484161E-05   2.60519556E-04
    15     2.1544E-03  -2.30700091E+02 +/-   7.21377482E-05   2.60442521E-04
    16     4.6416E-04  -2.30700091E+02 +/-   7.21354182E-05   2.60425697E-04
    17     1.0000E-04  -2.30700091E+02 +/-   7.21349148E-05   2.60422062E-04
    18     2.1544E-05  -2.30700091E+02 +/-   7.21348062E-05   2.60421278E-04
    19     4.6416E-06  -2.30700091E+02 +/-   7.21347828E-05   2.60421109E-04
    20     1.0000E-06  -2.30700091E+02 +/-   7.21347778E-05   2.60421073E-04
    21     0.0000E+00  -2.30700091E+02 +/-   7.21347764E-05   2.60421063E-04
* Iteration # 1: E =  -2.307000944808E+02 +/-   7.275542731703E-05
* Reached maximum number of iterations: exiting.
* After optimization:
  -9.4380E-01   3.0394E-01  -1.0886E-01  -8.1075E-02  -1.8315E-02  -1.6112E-02
  -1.3159E-01  -1.3140E-01   8.1708E-02   3.0923E-02   1.5933E-01  -5.1766E-02
   5.0629E-02  -4.9996E-02  -6.9500E-02  -8.6559E-02   3.9187E-02  -3.9407E-03
  > Energy =  -2.307000944808E+02 +/-   7.275542731703E-05
  > varE =   2.649216911100E-04

VMC #6:
* Size of Hilbert space =   4.0000E+02
* Deterministic energy evaluation:
  > Deterministic Etot/t = -230.70003430583409
    - Ttot/t = -10.363416340301676
    - Utot/t = 3.9058738886154969
* Number of equil. steps   = 1000
* Running VMC equilibration.
  Done. [total walltime: 0.02s]
* Equil. acc.ratio (%)     =  41.0245
* Sample config after equilibration:
  +-----+
  |  u  |
  |0   d|
  |2   u|
  |  d  |
  +-----+
* Number of accum. steps   = 500480 x 10
* Running VMC accumulation.
  Done. [total walltime: 4.67s]
* Acceptance ratio (%)     =  41.0262
* Etot/t                   =  -2.307000415149E+02 +/-   2.398034013463E-05
  > Ttot/t                 =  -1.036308050291E+01 +/-   2.964642433425E-04
  > Utot/t                 =   3.905530842197E+00 +/-   2.960945679029E-04
* var[Eloc/t]              =   2.770750442239E-04 +/-   3.751868271649E-05
* Correlation length       =   1.038723586653E+00
* log10 Psi^2 range: -5.6306072447003723 -- -2.1863123431946141
* log10 Pgen range : -5.6306072447003723 -- -2.1863123431946141
* Site occupation (ave. no. electrons per config.):
  > Site_  ___eu____  ___ed____
      1        0.500      0.497
      2        0.499      0.503
      3        0.502      0.500
      4        0.497      0.505
      5        0.501      0.501
      6        0.501      0.495
* Pair-correlation analysis (ave. no. pairs per config.):
  > Shell  nsite  ___dh____  __eueu___  __eued___
      0      1        0          0          1.031
      1      4        1.061      1.485      3.522
      2      4        0.154      0.839      1.098
      3      4        0.075      0.424      0.555
      4      4        0.229      2.171      1.863
      5      4        0.113      1.082      0.932

VDAGGER finished.
Total VDAGGER walltime: 1m28s

Run ended: Fri Sep 26 18:38:20 CEST 2025
