Run started: Fri Sep 26 18:46:16 CEST 2025
Using VDAGGER_ARCH = gnu7_fkfamd_cluster
Running 1x128 MPI processes.

                               xx
                              +##
                               #X
                               Xx
                          X##XxXxxX##x
                           +   Xx  ++
                               ##
                              +##
                              +##
     ++++         ++          +##
   xX+++##+      ####         +##
  Xx    ###      +X##          ##
 xX    X##+        ##          #X
 +    x##X         #x          #X
      ###         +#           x+
     X##+         #+
     ###         Xx                    _______
     ##X       +X+   __________________VDAGGER
     +##x    +xX     2nd quantized variational
       +xxxxx+       ______quantum Monte Carlo

* Running 128 MPI processes.
* Input file: "input.casl"

############# Start of input file dump #############
General:
  Random seed: timer

Plan:
  VMC-optimization:
    Minimum cycles: 10
    Convergence cycles: 5

System:
  Read Hamiltonian: FCIDUMP_loc_benzene
  Read orbitals: LTSC_benzene
  Complex orbitals: F
  Geometry:
    r_5: [ 0.00000000000000, 2.63994739601739 ]
    r_4: [ 2.28626150960564, 1.31997369800870 ]
    r_6: [ 2.28626150960564, -1.31997369800870 ]
    r_2: [ 0.00000000000000, -2.63994739601739 ]
    r_3: [ -2.28626150960564, -1.31997369800870 ]
    r_1: [ -2.28626150960564, 1.31997369800870 ]

VMC:
  nstep: 500000
  nconfig: 50000

Jastrow: wfn.casl

Multideterminants: wfn.casl
############## End of input file dump ##############

General setup:
* Random seed: 1891528479 (from timer)

* Loaded integrals for system with nelec=6, ms2=0, norb=6
* INFO: setting number of electrons from integrals file.
* Analysis of Hamiltonian connecitivity performed:
  - T_ii (local, 1-site): 6 (i) values
  - U_iiii [opp] (local, 1-site): 6 (i) values
  - U_kkii [opp] (local, 2-site): 30 contribs. from 6 (i) values
  - U_kkii [par] (local, 2-site): 15 contribs. from 5 (i) values
  - T_ji (single, 2-site): 30 contribs. from 6 (i) values
  - U_kkji [opp] (single, 2/3-site): 180 contribs. from 30 (i,j) pairs
  - U_kkji [par] (single, 3-site): 150 contribs. from 30 (i,j) pairs
  - U_lkji [opp] (double, 2/3/4-site): 900 contribs. from 30 (i,j) pairs
  - U_lkji [par] (double, 4-site): 170 contribs. from 20 (i,j) pairs
  - Max. no. wfn. ratios in Eloc: 255
* Reading override orbitals from file "LTSC_benzene".
* Site labels:
  +-----+
  |  5  |
  |1   4|
  |3   6|
  |  2  |
  +-----+
* Automatically set Site kinds:
  [ 1, 1, 1, 1, 1, 1 ]
  +-----+
  |  1  |
  |1   1|
  |1   1|
  |  1  |
  +-----+
* Maximum Site kind: 1
* Number of site-pair kinds with Tij=0: 0
* Automatically set Site pair kinds:
  Site 1: [ 0, 4, 1, -5, -1, -2 ]
  Site 2: [ 4, 0, 1, -4, -3, -1 ]
  Site 3: [ 1, 1, 0, -2, -4, -5 ]
  Site 4: [ -5, -4, -2, 0, 1, 1 ]
  Site 5: [ -1, -3, -4, 1, 0, 4 ]
  Site 6: [ -2, -1, -5, 1, 4, 0 ]
  For site 1 of kind 1:
  +--------+
  |   -1   |
  | 0    -5|
  | 1    -2|
  |    4   |
  +--------+
* Maximum (unsigned) Site pair kind: 5
General system setup:
* Number of sites       : 6
* Number of electrons   : 6
* Spin imbalance MS2    : 0
* Filling               : 0.500000
* Number of orbitals in pool: 6
* Using real-valued orbitals
* Using double-precision arithmetic for orbitals

Trial wave function setup:
* Jastrow parameter file: "wfn.casl"
* Multideterminant parameter file: "wfn.casl"
* Not using a backflow transformation
* Not using wave function manipulation

VMC #1:
* Size of Hilbert space =   4.0000E+02
* Deterministic energy evaluation:
  > Deterministic Etot/t = -230.70003430583409
    - Ttot/t = -10.363416340301676
    - Utot/t = 3.9058738886154969
* Number of equil. steps   = 1000
* Running VMC equilibration.
  Done. [total walltime: 0.02s]
* Equil. acc.ratio (%)     =  41.0098
* Sample config after equilibration:
  +-----+
  |  d  |
  |u   u|
  |d   d|
  |  u  |
  +-----+
* Number of accum. steps   = 500480 x 10
* Running VMC accumulation.
  Done. [total walltime: 3.83s]
* Acceptance ratio (%)     =  41.0399
* Etot/t                   =  -2.307000573059E+02 +/-   2.370730874870E-05
  > Ttot/t                 =  -1.036354571084E+01 +/-   2.890121234837E-04
  > Utot/t                 =   3.905980259077E+00 +/-   2.876925025269E-04
* var[Eloc/t]              =   2.804739876365E-04 +/-   3.820294036021E-05
* Correlation length       =   1.002902350902E+00
* log10 Psi^2 range: -6.5492903469368757 -- -2.1862169771359605
* log10 Pgen range : -6.5492903469368757 -- -2.1862169771359605
* Site occupation (ave. no. electrons per config.):
  > Site_  ___eu____  ___ed____
      1        0.499      0.498
      2        0.498      0.501
      3        0.498      0.502
      4        0.502      0.495
      5        0.502      0.503
      6        0.501      0.502
* Pair-correlation analysis (ave. no. pairs per config.):
  > Shell  nsite  ___dh____  __eueu___  __eued___
      0      1        0          0          1.030
      1      4        1.059      1.480      3.527
      2      4        0.153      0.840      1.102
      3      4        0.075      0.426      0.554
      4      4        0.231      2.169      1.863
      5      4        0.116      1.084      0.925

Optimization #1:
* Method          : lls
* Target function : energy
* No. of configs. : 50048
* No. of params.  : 18
* Before optimization:
  -9.4380E-01   3.0394E-01  -1.0886E-01  -8.1075E-02  -1.8315E-02  -1.6112E-02
  -1.3159E-01  -1.3140E-01   8.1708E-02   3.0923E-02   1.5933E-01  -5.1766E-02
   5.0629E-02  -4.9996E-02  -6.9500E-02  -8.6559E-02   3.9187E-02  -3.9407E-03
  > E    =  -2.307000733315E+02 +/-   7.249921783518E-05
  > varE =   2.630591238918E-04
* Computing derivatives.
  Done. [total walltime: 1.94s]
* Optimizing manipulation constant:
  #igrid a___________ E____________________________________ varE____________
     1     Infinity    -2.30700073E+02 +/-   7.24992178E-05   2.63059124E-04
     2     1.0000E+06  -2.30700073E+02 +/-   7.24992178E-05   2.63059123E-04
     3     2.1544E+05  -2.30700073E+02 +/-   7.24992176E-05   2.63059122E-04
     4     4.6416E+04  -2.30700073E+02 +/-   7.24992167E-05   2.63059115E-04
     5     1.0000E+04  -2.30700073E+02 +/-   7.24992124E-05   2.63059085E-04
     6     2.1544E+03  -2.30700073E+02 +/-   7.24991927E-05   2.63058941E-04
     7     4.6416E+02  -2.30700073E+02 +/-   7.24991012E-05   2.63058278E-04
     8     1.0000E+02  -2.30700073E+02 +/-   7.24986780E-05   2.63055207E-04
     9     2.1544E+01  -2.30700073E+02 +/-   7.24967422E-05   2.63041159E-04
    10     4.6416E+00  -2.30700073E+02 +/-   7.24882095E-05   2.62979244E-04
    11     1.0000E+00  -2.30700074E+02 +/-   7.24558243E-05   2.62744317E-04
    12     2.1544E-01  -2.30700074E+02 +/-   7.23926305E-05   2.62286200E-04
    13     4.6416E-02  -2.30700073E+02 +/-   7.23505292E-05   2.61981214E-04
    14     1.0000E-02  -2.30700073E+02 +/-   7.23372984E-05   2.61885406E-04
    15     2.1544E-03  -2.30700073E+02 +/-   7.23341653E-05   2.61862721E-04
    16     4.6416E-04  -2.30700073E+02 +/-   7.23334759E-05   2.61857729E-04
    17     1.0000E-04  -2.30700073E+02 +/-   7.23333266E-05   2.61856648E-04
    18     2.1544E-05  -2.30700073E+02 +/-   7.23332945E-05   2.61856415E-04
    19     4.6416E-06  -2.30700073E+02 +/-   7.23332875E-05   2.61856365E-04
    20     1.0000E-06  -2.30700073E+02 +/-   7.23332860E-05   2.61856354E-04
    21     0.0000E+00  -2.30700073E+02 +/-   7.23332856E-05   2.61856351E-04
* Iteration # 1: E =  -2.307000735399E+02 +/-   7.239263045025E-05
* Convergence: exiting.
* After optimization:
  -9.4809E-01   3.0443E-01  -1.0814E-01  -7.9973E-02  -1.7002E-02  -1.5164E-02
  -1.3241E-01  -1.3141E-01   8.0602E-02   3.0199E-02   1.5634E-01  -4.9490E-02
   4.8963E-02  -4.9255E-02  -6.9428E-02  -8.5366E-02   3.9442E-02  -3.3439E-03
  > Energy =  -2.307000735399E+02 +/-   7.239263045025E-05
  > varE =   2.622862004366E-04

VMC #2:
* Size of Hilbert space =   4.0000E+02
* Deterministic energy evaluation:
  > Deterministic Etot/t = -230.70003428144418
    - Ttot/t = -10.363467917221421
    - Utot/t = 3.9059254899250786
* Number of equil. steps   = 1000
* Running VMC equilibration.
  Done. [total walltime: 0.01s]
* Equil. acc.ratio (%)     =  41.1081
* Sample config after equilibration:
  +-----+
  |  u  |
  |d   2|
  |d   0|
  |  u  |
  +-----+
* Number of accum. steps   = 500480 x 10
* Running VMC accumulation.
  Done. [total walltime: 3.52s]
* Acceptance ratio (%)     =  41.0292
* Etot/t                   =  -2.307000719707E+02 +/-   2.452030390372E-05
  > Ttot/t                 =  -1.036328661978E+01 +/-   2.936429446712E-04
  > Utot/t                 =   3.905706503203E+00 +/-   2.930422811540E-04
* var[Eloc/t]              =   3.082630172442E-04 +/-   6.700272123073E-05
* Correlation length       =   9.761509901550E-01
* log10 Psi^2 range: -6.5617331243491268 -- -2.1914558422861368
* log10 Pgen range : -6.5617331243491268 -- -2.1914558422861368
* Site occupation (ave. no. electrons per config.):
  > Site_  ___eu____  ___ed____
      1        0.499      0.500
      2        0.501      0.500
      3        0.500      0.503
      4        0.497      0.502
      5        0.501      0.499
      6        0.502      0.496
* Pair-correlation analysis (ave. no. pairs per config.):
  > Shell  nsite  ___dh____  __eueu___  __eued___
      0      1        0          0          1.030
      1      4        1.059      1.476      3.531
      2      4        0.149      0.840      1.108
      3      4        0.075      0.422      0.555
      4      4        0.229      2.177      1.855
      5      4        0.117      1.086      0.921

Optimization #2:
* Method          : lls
* Target function : energy
* No. of configs. : 50048
* No. of params.  : 18
* Before optimization:
  -9.4809E-01   3.0443E-01  -1.0814E-01  -7.9973E-02  -1.7002E-02  -1.5164E-02
  -1.3241E-01  -1.3141E-01   8.0602E-02   3.0199E-02   1.5634E-01  -4.9490E-02
   4.8963E-02  -4.9255E-02  -6.9428E-02  -8.5366E-02   3.9442E-02  -3.3439E-03
  > E    =  -2.307001051489E+02 +/-   6.972409580232E-05
  > varE =   2.433058263503E-04
* Computing derivatives.
  Done. [total walltime: 1.95s]
* Optimizing manipulation constant:
  #igrid a___________ E____________________________________ varE____________
     1     Infinity    -2.30700105E+02 +/-   6.97240958E-05   2.43305826E-04
     2     1.0000E+06  -2.30700105E+02 +/-   6.97240959E-05   2.43305827E-04
     3     2.1544E+05  -2.30700105E+02 +/-   6.97240963E-05   2.43305830E-04
     4     4.6416E+04  -2.30700105E+02 +/-   6.97240981E-05   2.43305843E-04
     5     1.0000E+04  -2.30700105E+02 +/-   6.97241066E-05   2.43305901E-04
     6     2.1544E+03  -2.30700105E+02 +/-   6.97241458E-05   2.43306175E-04
     7     4.6416E+02  -2.30700105E+02 +/-   6.97243279E-05   2.43307446E-04
     8     1.0000E+02  -2.30700105E+02 +/-   6.97251776E-05   2.43313376E-04
     9     2.1544E+01  -2.30700105E+02 +/-   6.97291924E-05   2.43341398E-04
    10     4.6416E+00  -2.30700105E+02 +/-   6.97482067E-05   2.43474128E-04
    11     1.0000E+00  -2.30700105E+02 +/-   6.98183495E-05   2.43964077E-04
    12     2.1544E-01  -2.30700105E+02 +/-   6.99341244E-05   2.44773845E-04
    13     4.6416E-02  -2.30700105E+02 +/-   7.00032530E-05   2.45257993E-04
    14     1.0000E-02  -2.30700105E+02 +/-   7.00241540E-05   2.45404469E-04
    15     2.1544E-03  -2.30700105E+02 +/-   7.00290534E-05   2.45438811E-04
    16     4.6416E-04  -2.30700105E+02 +/-   7.00301290E-05   2.45446351E-04
    17     1.0000E-04  -2.30700105E+02 +/-   7.00303617E-05   2.45447982E-04
    18     2.1544E-05  -2.30700105E+02 +/-   7.00304118E-05   2.45448333E-04
    19     4.6416E-06  -2.30700105E+02 +/-   7.00304226E-05   2.45448409E-04
    20     1.0000E-06  -2.30700105E+02 +/-   7.00304250E-05   2.45448426E-04
    21     0.0000E+00  -2.30700105E+02 +/-   7.00304256E-05   2.45448430E-04
* Iteration # 1: E =  -2.307001051489E+02 +/-   6.972409590994E-05
* Convergence: exiting.
* After optimization:
  -9.4809E-01   3.0443E-01  -1.0814E-01  -7.9973E-02  -1.7002E-02  -1.5164E-02
  -1.3241E-01  -1.3141E-01   8.0602E-02   3.0199E-02   1.5634E-01  -4.9490E-02
   4.8963E-02  -4.9255E-02  -6.9428E-02  -8.5366E-02   3.9442E-02  -3.3439E-03
  > Energy =  -2.307001051489E+02 +/-   6.972409590994E-05
  > varE =   2.433058271014E-04

VMC #3:
* Size of Hilbert space =   4.0000E+02
* Deterministic energy evaluation:
  > Deterministic Etot/t = -230.70003428144506
    - Ttot/t = -10.363467917203717
    - Utot/t = 3.9059254899066169
* Number of equil. steps   = 1000
* Running VMC equilibration.
  Done. [total walltime: 0.01s]
* Equil. acc.ratio (%)     =  40.9926
* Sample config after equilibration:
  +-----+
  |  d  |
  |u   2|
  |d   0|
  |  u  |
  +-----+
* Number of accum. steps   = 500480 x 10
* Running VMC accumulation.
  Done. [total walltime: 3.51s]
* Acceptance ratio (%)     =  41.0122
* Etot/t                   =  -2.307000376765E+02 +/-   2.195657068930E-05
  > Ttot/t                 =  -1.036319607988E+01 +/-   2.888540147827E-04
  > Utot/t                 =   3.905650257492E+00 +/-   2.881325053985E-04
* var[Eloc/t]              =   2.451522681247E-04 +/-   3.757181428778E-06
* Correlation length       =   9.841920033660E-01
* log10 Psi^2 range: -6.5617305912508765 -- -2.1914140784934371
* log10 Pgen range : -6.5617305912508765 -- -2.1914140784934371
* Site occupation (ave. no. electrons per config.):
  > Site_  ___eu____  ___ed____
      1        0.499      0.500
      2        0.501      0.502
      3        0.499      0.499
      4        0.501      0.502
      5        0.503      0.497
      6        0.498      0.499
* Pair-correlation analysis (ave. no. pairs per config.):
  > Shell  nsite  ___dh____  __eueu___  __eued___
      0      1        0          0          1.036
      1      4        1.065      1.486      3.518
      2      4        0.148      0.844      1.104
      3      4        0.077      0.422      0.556
      4      4        0.233      2.171      1.858
      5      4        0.118      1.078      0.928

Optimization #3:
* Method          : lls
* Target function : energy
* No. of configs. : 50048
* No. of params.  : 18
* Before optimization:
  -9.4809E-01   3.0443E-01  -1.0814E-01  -7.9973E-02  -1.7002E-02  -1.5164E-02
  -1.3241E-01  -1.3141E-01   8.0602E-02   3.0199E-02   1.5634E-01  -4.9490E-02
   4.8963E-02  -4.9255E-02  -6.9428E-02  -8.5366E-02   3.9442E-02  -3.3439E-03
  > E    =  -2.307000697797E+02 +/-   7.044036260138E-05
  > varE =   2.483304027155E-04
* Computing derivatives.
  Done. [total walltime: 1.94s]
* Optimizing manipulation constant:
  #igrid a___________ E____________________________________ varE____________
     1     Infinity    -2.30700070E+02 +/-   7.04403626E-05   2.48330403E-04
     2     1.0000E+06  -2.30700070E+02 +/-   7.04403625E-05   2.48330402E-04
     3     2.1544E+05  -2.30700070E+02 +/-   7.04403620E-05   2.48330398E-04
     4     4.6416E+04  -2.30700070E+02 +/-   7.04403598E-05   2.48330383E-04
     5     1.0000E+04  -2.30700070E+02 +/-   7.04403495E-05   2.48330310E-04
     6     2.1544E+03  -2.30700070E+02 +/-   7.04403017E-05   2.48329974E-04
     7     4.6416E+02  -2.30700070E+02 +/-   7.04400813E-05   2.48328419E-04
     8     1.0000E+02  -2.30700070E+02 +/-   7.04390821E-05   2.48321374E-04
     9     2.1544E+01  -2.30700070E+02 +/-   7.04349185E-05   2.48292019E-04
    10     4.6416E+00  -2.30700071E+02 +/-   7.04228457E-05   2.48206910E-04
    11     1.0000E+00  -2.30700072E+02 +/-   7.04181545E-05   2.48173842E-04
    12     2.1544E-01  -2.30700073E+02 +/-   7.04559780E-05   2.48440516E-04
    13     4.6416E-02  -2.30700074E+02 +/-   7.04914875E-05   2.48691005E-04
    14     1.0000E-02  -2.30700074E+02 +/-   7.05036022E-05   2.48776492E-04
    15     2.1544E-03  -2.30700074E+02 +/-   7.05065273E-05   2.48797136E-04
    16     4.6416E-04  -2.30700074E+02 +/-   7.05071737E-05   2.48801698E-04
    17     1.0000E-04  -2.30700074E+02 +/-   7.05073138E-05   2.48802686E-04
    18     2.1544E-05  -2.30700074E+02 +/-   7.05073440E-05   2.48802899E-04
    19     4.6416E-06  -2.30700074E+02 +/-   7.05073505E-05   2.48802945E-04
    20     1.0000E-06  -2.30700074E+02 +/-   7.05073519E-05   2.48802955E-04
    21     0.0000E+00  -2.30700074E+02 +/-   7.05073523E-05   2.48802958E-04
* Iteration # 1: E =  -2.307000736828E+02 +/-   7.050735047535E-05
* Convergence: exiting.
* After optimization:
  -9.3005E-01   2.9620E-01  -1.0507E-01  -7.8623E-02  -1.8496E-02  -1.5834E-02
  -1.2625E-01  -1.2999E-01   7.8967E-02   3.1032E-02   1.5471E-01  -4.9722E-02
   4.9655E-02  -4.8959E-02  -6.9744E-02  -8.6173E-02   3.9547E-02  -6.0525E-04
  > Energy =  -2.307000736828E+02 +/-   7.050735047535E-05
  > varE =   2.488029453033E-04

VMC #4:
* Size of Hilbert space =   4.0000E+02
* Deterministic energy evaluation:
  > Deterministic Etot/t = -230.70003430769049
    - Ttot/t = -10.363471396116250
    - Utot/t = 3.9059289425736252
* Number of equil. steps   = 1000
* Running VMC equilibration.
  Done. [total walltime: 0.01s]
* Equil. acc.ratio (%)     =  41.0251
* Sample config after equilibration:
  +-----+
  |  d  |
  |2   u|
  |u   0|
  |  d  |
  +-----+
* Number of accum. steps   = 500480 x 10
* Running VMC accumulation.
  Done. [total walltime: 3.54s]
* Acceptance ratio (%)     =  40.9965
* Etot/t                   =  -2.307000016939E+02 +/-   2.257363039309E-05
  > Ttot/t                 =  -1.036315117729E+01 +/-   2.963538795109E-04
  > Utot/t                 =   3.905641337587E+00 +/-   2.955904806251E-04
* var[Eloc/t]              =   2.470141840895E-04 +/-   3.591323575262E-06
* Correlation length       =   1.032446733862E+00
* log10 Psi^2 range: -6.5583251863863232 -- -2.1753934150074672
* log10 Pgen range : -6.5583251863863232 -- -2.1753934150074672
* Site occupation (ave. no. electrons per config.):
  > Site_  ___eu____  ___ed____
      1        0.498      0.497
      2        0.498      0.494
      3        0.503      0.503
      4        0.497      0.500
      5        0.502      0.502
      6        0.502      0.503
* Pair-correlation analysis (ave. no. pairs per config.):
  > Shell  nsite  ___dh____  __eueu___  __eued___
      0      1        0          0          1.021
      1      4        1.044      1.486      3.535
      2      4        0.147      0.846      1.110
      3      4        0.073      0.422      0.552
      4      4        0.229      2.164      1.855
      5      4        0.117      1.083      0.927

Optimization #4:
* Method          : lls
* Target function : energy
* No. of configs. : 50048
* No. of params.  : 18
* Before optimization:
  -9.3005E-01   2.9620E-01  -1.0507E-01  -7.8623E-02  -1.8496E-02  -1.5834E-02
  -1.2625E-01  -1.2999E-01   7.8967E-02   3.1032E-02   1.5471E-01  -4.9722E-02
   4.9655E-02  -4.8959E-02  -6.9744E-02  -8.6173E-02   3.9547E-02  -6.0525E-04
  > E    =  -2.306999775853E+02 +/-   6.952697308913E-05
  > varE =   2.419320313462E-04
* Computing derivatives.
  Done. [total walltime: 1.94s]
* Optimizing manipulation constant:
  #igrid a___________ E____________________________________ varE____________
     1     Infinity    -2.30699978E+02 +/-   6.95269731E-05   2.41932031E-04
     2     1.0000E+06  -2.30699978E+02 +/-   6.95269720E-05   2.41932024E-04
     3     2.1544E+05  -2.30699978E+02 +/-   6.95269681E-05   2.41931997E-04
     4     4.6416E+04  -2.30699978E+02 +/-   6.95269501E-05   2.41931871E-04
     5     1.0000E+04  -2.30699978E+02 +/-   6.95268665E-05   2.41931289E-04
     6     2.1544E+03  -2.30699978E+02 +/-   6.95264784E-05   2.41928589E-04
     7     4.6416E+02  -2.30699978E+02 +/-   6.95246842E-05   2.41916102E-04
     8     1.0000E+02  -2.30699978E+02 +/-   6.95164974E-05   2.41859132E-04
     9     2.1544E+01  -2.30699978E+02 +/-   6.94813317E-05   2.41614500E-04
    10     4.6416E+00  -2.30699977E+02 +/-   6.93633813E-05   2.40794875E-04
    11     1.0000E+00  -2.30699977E+02 +/-   6.91881433E-05   2.39579735E-04
    12     2.1544E-01  -2.30699977E+02 +/-   6.92371148E-05   2.39919005E-04
    13     4.6416E-02  -2.30699978E+02 +/-   6.94340856E-05   2.41286025E-04
    14     1.0000E-02  -2.30699979E+02 +/-   6.95324582E-05   2.41970206E-04
    15     2.1544E-03  -2.30699979E+02 +/-   6.95592073E-05   2.42156413E-04
    16     4.6416E-04  -2.30699979E+02 +/-   6.95652909E-05   2.42198773E-04
    17     1.0000E-04  -2.30699979E+02 +/-   6.95666172E-05   2.42208008E-04
    18     2.1544E-05  -2.30699979E+02 +/-   6.95669037E-05   2.42210003E-04
    19     4.6416E-06  -2.30699979E+02 +/-   6.95669655E-05   2.42210433E-04
    20     1.0000E-06  -2.30699979E+02 +/-   6.95669788E-05   2.42210526E-04
    21     0.0000E+00  -2.30699979E+02 +/-   6.95669824E-05   2.42210551E-04
* Iteration # 1: E =  -2.306999785786E+02 +/-   6.953245819530E-05
* Convergence: exiting.
* After optimization:
  -9.5182E-01   3.0655E-01  -1.0969E-01  -7.5786E-02  -1.6715E-02  -1.4265E-02
  -1.3136E-01  -1.3202E-01   8.2169E-02   2.9572E-02   1.6141E-01  -5.8714E-02
   5.1174E-02  -5.2986E-02  -6.9671E-02  -8.9867E-02   3.7324E-02  -4.1787E-03
  > Energy =  -2.306999785786E+02 +/-   6.953245819530E-05
  > varE =   2.419702057457E-04

VMC #5:
* Size of Hilbert space =   4.0000E+02
* Deterministic energy evaluation:
  > Deterministic Etot/t = -230.70002973155107
    - Ttot/t = -10.363634503072236
    - Utot/t = 3.9060966256690679
* Number of equil. steps   = 1000
* Running VMC equilibration.
  Done. [total walltime: 0.01s]
* Equil. acc.ratio (%)     =  41.1742
* Sample config after equilibration:
  +-----+
  |  0  |
  |2   2|
  |u   0|
  |  d  |
  +-----+
* Number of accum. steps   = 500480 x 10
* Running VMC accumulation.
  Done. [total walltime: 3.53s]
* Acceptance ratio (%)     =  41.0429
* Etot/t                   =  -2.307000009722E+02 +/-   2.220928956011E-05
  > Ttot/t                 =  -1.036355229011E+01 +/-   2.950759895819E-04
  > Utot/t                 =   3.906043172010E+00 +/-   2.950326652121E-04
* var[Eloc/t]              =   2.530962082942E-04 +/-   2.851808849076E-06
* Correlation length       =   9.753723071029E-01
* log10 Psi^2 range: -5.6379929290266428 -- -2.1936075030608446
* log10 Pgen range : -5.6379929290266428 -- -2.1936075030608446
* Site occupation (ave. no. electrons per config.):
  > Site_  ___eu____  ___ed____
      1        0.500      0.497
      2        0.502      0.500
      3        0.499      0.501
      4        0.498      0.499
      5        0.501      0.503
      6        0.501      0.499
* Pair-correlation analysis (ave. no. pairs per config.):
  > Shell  nsite  ___dh____  __eueu___  __eued___
      0      1        0          0          1.029
      1      4        1.056      1.486      3.524
      2      4        0.149      0.843      1.099
      3      4        0.076      0.426      0.555
      4      4        0.231      2.167      1.866
      5      4        0.115      1.079      0.927

Optimization #5:
* Method          : lls
* Target function : energy
* No. of configs. : 50048
* No. of params.  : 18
* Before optimization:
  -9.5182E-01   3.0655E-01  -1.0969E-01  -7.5786E-02  -1.6715E-02  -1.4265E-02
  -1.3136E-01  -1.3202E-01   8.2169E-02   2.9572E-02   1.6141E-01  -5.8714E-02
   5.1174E-02  -5.2986E-02  -6.9671E-02  -8.9867E-02   3.7324E-02  -4.1787E-03
  > E    =  -2.306999084076E+02 +/-   6.890036869642E-05
  > varE =   2.375909088439E-04
* Computing derivatives.
  Done. [total walltime: 1.93s]
* Optimizing manipulation constant:
  #igrid a___________ E____________________________________ varE____________
     1     Infinity    -2.30699908E+02 +/-   6.89003687E-05   2.37590909E-04
     2     1.0000E+06  -2.30699908E+02 +/-   6.89003678E-05   2.37590902E-04
     3     2.1544E+05  -2.30699908E+02 +/-   6.89003644E-05   2.37590879E-04
     4     4.6416E+04  -2.30699908E+02 +/-   6.89003486E-05   2.37590770E-04
     5     1.0000E+04  -2.30699908E+02 +/-   6.89002756E-05   2.37590267E-04
     6     2.1544E+03  -2.30699908E+02 +/-   6.88999368E-05   2.37587931E-04
     7     4.6416E+02  -2.30699908E+02 +/-   6.88983727E-05   2.37577144E-04
     8     1.0000E+02  -2.30699908E+02 +/-   6.88912842E-05   2.37528261E-04
     9     2.1544E+01  -2.30699908E+02 +/-   6.88617534E-05   2.37324667E-04
    10     4.6416E+00  -2.30699906E+02 +/-   6.87746149E-05   2.36724420E-04
    11     1.0000E+00  -2.30699902E+02 +/-   6.86950564E-05   2.36177051E-04
    12     2.1544E-01  -2.30699897E+02 +/-   6.87389014E-05   2.36478630E-04
    13     4.6416E-02  -2.30699894E+02 +/-   6.87762769E-05   2.36735861E-04
    14     1.0000E-02  -2.30699894E+02 +/-   6.87862497E-05   2.36804521E-04
    15     2.1544E-03  -2.30699894E+02 +/-   6.87884581E-05   2.36819727E-04
    16     4.6416E-04  -2.30699893E+02 +/-   6.87889359E-05   2.36823017E-04
    17     1.0000E-04  -2.30699893E+02 +/-   6.87890389E-05   2.36823727E-04
    18     2.1544E-05  -2.30699893E+02 +/-   6.87890611E-05   2.36823880E-04
    19     4.6416E-06  -2.30699893E+02 +/-   6.87890659E-05   2.36823912E-04
    20     1.0000E-06  -2.30699893E+02 +/-   6.87890670E-05   2.36823920E-04
    21     0.0000E+00  -2.30699893E+02 +/-   6.87890672E-05   2.36823922E-04
* Iteration # 1: E =  -2.306999084076E+02 +/-   6.890036869642E-05
* Convergence: exiting.
* After optimization:
  -9.5182E-01   3.0655E-01  -1.0969E-01  -7.5786E-02  -1.6715E-02  -1.4265E-02
  -1.3136E-01  -1.3202E-01   8.2169E-02   2.9572E-02   1.6141E-01  -5.8714E-02
   5.1174E-02  -5.2986E-02  -6.9671E-02  -8.9867E-02   3.7324E-02  -4.1787E-03
  > Energy =  -2.306999084076E+02 +/-   6.890036869642E-05
  > varE =   2.375909088439E-04

VMC #6:
* Size of Hilbert space =   4.0000E+02
* Deterministic energy evaluation:
  > Deterministic Etot/t = -230.70002973155107
    - Ttot/t = -10.363634503072236
    - Utot/t = 3.9060966256690679
* Number of equil. steps   = 1000
* Running VMC equilibration.
  Done. [total walltime: 0.01s]
* Equil. acc.ratio (%)     =  40.9586
* Sample config after equilibration:
  +-----+
  |  d  |
  |d   u|
  |u   d|
  |  u  |
  +-----+
* Number of accum. steps   = 500480 x 10
* Running VMC accumulation.
  Done. [total walltime: 3.52s]
* Acceptance ratio (%)     =  41.0346
* Etot/t                   =  -2.306999954200E+02 +/-   2.174526053066E-05
  > Ttot/t                 =  -1.036326014543E+01 +/-   2.934157816026E-04
  > Utot/t                 =   3.905756579569E+00 +/-   2.934782689652E-04
* var[Eloc/t]              =   2.391226221019E-04 +/-   3.763762957441E-06
* Correlation length       =   9.896811382533E-01
* log10 Psi^2 range: -5.6379922992366369 -- -2.1935304256618484
* log10 Pgen range : -5.6379922992366369 -- -2.1935304256618484
* Site occupation (ave. no. electrons per config.):
  > Site_  ___eu____  ___ed____
      1        0.504      0.499
      2        0.502      0.497
      3        0.502      0.502
      4        0.497      0.499
      5        0.499      0.500
      6        0.496      0.503
* Pair-correlation analysis (ave. no. pairs per config.):
  > Shell  nsite  ___dh____  __eueu___  __eued___
      0      1        0          0          1.031
      1      4        1.068      1.477      3.521
      2      4        0.151      0.841      1.108
      3      4        0.075      0.421      0.552
      4      4        0.228      2.174      1.859
      5      4        0.115      1.088      0.929

Optimization #6:
* Method          : lls
* Target function : energy
* No. of configs. : 50048
* No. of params.  : 18
* Before optimization:
  -9.5182E-01   3.0655E-01  -1.0969E-01  -7.5786E-02  -1.6715E-02  -1.4265E-02
  -1.3136E-01  -1.3202E-01   8.2169E-02   2.9572E-02   1.6141E-01  -5.8714E-02
   5.1174E-02  -5.2986E-02  -6.9671E-02  -8.9867E-02   3.7324E-02  -4.1787E-03
  > E    =  -2.306999736651E+02 +/-   6.650068898466E-05
  > varE =   2.213293541702E-04
* Computing derivatives.
  Done. [total walltime: 1.94s]
* Optimizing manipulation constant:
  #igrid a___________ E____________________________________ varE____________
     1     Infinity    -2.30699974E+02 +/-   6.65006890E-05   2.21329354E-04
     2     1.0000E+06  -2.30699974E+02 +/-   6.65006881E-05   2.21329348E-04
     3     2.1544E+05  -2.30699974E+02 +/-   6.65006847E-05   2.21329326E-04
     4     4.6416E+04  -2.30699974E+02 +/-   6.65006693E-05   2.21329223E-04
     5     1.0000E+04  -2.30699974E+02 +/-   6.65005977E-05   2.21328747E-04
     6     2.1544E+03  -2.30699974E+02 +/-   6.65002657E-05   2.21326536E-04
     7     4.6416E+02  -2.30699974E+02 +/-   6.64987318E-05   2.21316326E-04
     8     1.0000E+02  -2.30699974E+02 +/-   6.64917678E-05   2.21269975E-04
     9     2.1544E+01  -2.30699974E+02 +/-   6.64625081E-05   2.21075278E-04
    10     4.6416E+00  -2.30699973E+02 +/-   6.63723169E-05   2.20475676E-04
    11     1.0000E+00  -2.30699971E+02 +/-   6.62568289E-05   2.19709087E-04
    12     2.1544E-01  -2.30699964E+02 +/-   6.62064463E-05   2.19375075E-04
    13     4.6416E-02  -2.30699960E+02 +/-   6.61782542E-05   2.19188286E-04
    14     1.0000E-02  -2.30699958E+02 +/-   6.61679085E-05   2.19119759E-04
    15     2.1544E-03  -2.30699958E+02 +/-   6.61653473E-05   2.19102796E-04
    16     4.6416E-04  -2.30699958E+02 +/-   6.61647781E-05   2.19099027E-04
    17     1.0000E-04  -2.30699958E+02 +/-   6.61646547E-05   2.19098209E-04
    18     2.1544E-05  -2.30699958E+02 +/-   6.61646280E-05   2.19098033E-04
    19     4.6416E-06  -2.30699958E+02 +/-   6.61646223E-05   2.19097995E-04
    20     1.0000E-06  -2.30699958E+02 +/-   6.61646211E-05   2.19097986E-04
    21     0.0000E+00  -2.30699958E+02 +/-   6.61646207E-05   2.19097984E-04
* Iteration # 1: E =  -2.306999736934E+02 +/-   6.646250814447E-05
* Convergence: exiting.
* After optimization:
  -9.5004E-01   3.0525E-01  -1.0896E-01  -7.5400E-02  -1.6737E-02  -1.4239E-02
  -1.3065E-01  -1.3209E-01   8.1687E-02   2.9608E-02   1.6068E-01  -5.8388E-02
   5.1149E-02  -5.2775E-02  -6.9718E-02  -8.9763E-02   3.7494E-02  -3.5127E-03
  > Energy =  -2.306999736934E+02 +/-   6.646250814447E-05
  > varE =   2.210752781622E-04

VMC #7:
* Size of Hilbert space =   4.0000E+02
* Deterministic energy evaluation:
  > Deterministic Etot/t = -230.70003000163013
    - Ttot/t = -10.363622655465534
    - Utot/t = 3.9060845079833100
* Number of equil. steps   = 1000
* Running VMC equilibration.
  Done. [total walltime: 0.01s]
* Equil. acc.ratio (%)     =  41.0762
* Sample config after equilibration:
  +-----+
  |  d  |
  |0   2|
  |u   u|
  |  d  |
  +-----+
* Number of accum. steps   = 500480 x 10
* Running VMC accumulation.
  Done. [total walltime: 3.51s]
* Acceptance ratio (%)     =  41.0383
* Etot/t                   =  -2.307000041763E+02 +/-   2.259842527452E-05
  > Ttot/t                 =  -1.036397777776E+01 +/-   2.944901731678E-04
  > Utot/t                 =   3.906465455611E+00 +/-   2.946779781685E-04
* var[Eloc/t]              =   2.501214693528E-04 +/-   6.203754955798E-06
* Correlation length       =   1.021861672815E+00
* log10 Psi^2 range: -6.5411816503427893 -- -2.1928278939450605
* log10 Pgen range : -6.5411816503427893 -- -2.1928278939450605
* Site occupation (ave. no. electrons per config.):
  > Site_  ___eu____  ___ed____
      1        0.498      0.501
      2        0.501      0.497
      3        0.501      0.501
      4        0.499      0.501
      5        0.501      0.498
      6        0.500      0.503
* Pair-correlation analysis (ave. no. pairs per config.):
  > Shell  nsite  ___dh____  __eueu___  __eued___
      0      1        0          0          1.031
      1      4        1.059      1.478      3.529
      2      4        0.151      0.839      1.112
      3      4        0.076      0.420      0.551
      4      4        0.230      2.173      1.853
      5      4        0.116      1.090      0.925

Optimization #7:
* Method          : lls
* Target function : energy
* No. of configs. : 50048
* No. of params.  : 18
* Before optimization:
  -9.5004E-01   3.0525E-01  -1.0896E-01  -7.5400E-02  -1.6737E-02  -1.4239E-02
  -1.3065E-01  -1.3209E-01   8.1687E-02   2.9608E-02   1.6068E-01  -5.8388E-02
   5.1149E-02  -5.2775E-02  -6.9718E-02  -8.9763E-02   3.7494E-02  -3.5127E-03
  > E    =  -2.306999480477E+02 +/-   7.003159230812E-05
  > varE =   2.454566084087E-04
* Computing derivatives.
  Done. [total walltime: 1.94s]
* Optimizing manipulation constant:
  #igrid a___________ E____________________________________ varE____________
     1     Infinity    -2.30699948E+02 +/-   7.00315923E-05   2.45456608E-04
     2     1.0000E+06  -2.30699948E+02 +/-   7.00315923E-05   2.45456608E-04
     3     2.1544E+05  -2.30699948E+02 +/-   7.00315924E-05   2.45456609E-04
     4     4.6416E+04  -2.30699948E+02 +/-   7.00315925E-05   2.45456610E-04
     5     1.0000E+04  -2.30699948E+02 +/-   7.00315933E-05   2.45456615E-04
     6     2.1544E+03  -2.30699948E+02 +/-   7.00315967E-05   2.45456639E-04
     7     4.6416E+02  -2.30699948E+02 +/-   7.00316117E-05   2.45456745E-04
     8     1.0000E+02  -2.30699948E+02 +/-   7.00316639E-05   2.45457110E-04
     9     2.1544E+01  -2.30699948E+02 +/-   7.00315379E-05   2.45456227E-04
    10     4.6416E+00  -2.30699949E+02 +/-   7.00244887E-05   2.45406816E-04
    11     1.0000E+00  -2.30699951E+02 +/-   6.99376260E-05   2.44798358E-04
    12     2.1544E-01  -2.30699953E+02 +/-   6.96556897E-05   2.42828647E-04
    13     4.6416E-02  -2.30699950E+02 +/-   6.94889122E-05   2.41667224E-04
    14     1.0000E-02  -2.30699948E+02 +/-   6.94695132E-05   2.41532312E-04
    15     2.1544E-03  -2.30699947E+02 +/-   6.94692893E-05   2.41530755E-04
    16     4.6416E-04  -2.30699947E+02 +/-   6.94695089E-05   2.41532282E-04
    17     1.0000E-04  -2.30699947E+02 +/-   6.94695697E-05   2.41532705E-04
    18     2.1544E-05  -2.30699947E+02 +/-   6.94695834E-05   2.41532800E-04
    19     4.6416E-06  -2.30699947E+02 +/-   6.94695864E-05   2.41532821E-04
    20     1.0000E-06  -2.30699947E+02 +/-   6.94695871E-05   2.41532825E-04
    21     0.0000E+00  -2.30699947E+02 +/-   6.94695872E-05   2.41532827E-04
* Iteration # 1: E =  -2.306999525178E+02 +/-   6.965568971030E-05
* Convergence: exiting.
* After optimization:
  -9.4052E-01   2.9814E-01  -1.0439E-01  -7.3907E-02  -1.6947E-02  -1.3798E-02
  -1.2557E-01  -1.3205E-01   7.8472E-02   2.9225E-02   1.5934E-01  -5.7651E-02
   5.1060E-02  -5.2536E-02  -6.9725E-02  -8.8634E-02   3.9814E-02  -3.1875E-04
  > Energy =  -2.306999525178E+02 +/-   6.965568971030E-05
  > varE =   2.428286473761E-04

VMC #8:
* Size of Hilbert space =   4.0000E+02
* Deterministic energy evaluation:
  > Deterministic Etot/t = -230.70003303826215
    - Ttot/t = -10.363237132788505
    - Utot/t = 3.9056959486741998
* Number of equil. steps   = 1000
* Running VMC equilibration.
  Done. [total walltime: 0.01s]
* Equil. acc.ratio (%)     =  40.8555
* Sample config after equilibration:
  +-----+
  |  u  |
  |d   d|
  |u   u|
  |  d  |
  +-----+
* Number of accum. steps   = 500480 x 10
* Running VMC accumulation.
  Done. [total walltime: 3.53s]
* Acceptance ratio (%)     =  40.9350
* Etot/t                   =  -2.306999996965E+02 +/-   2.171090575478E-05
  > Ttot/t                 =  -1.036252954189E+01 +/-   2.899612702261E-04
  > Utot/t                 =   3.905021699492E+00 +/-   2.887795830613E-04
* var[Eloc/t]              =   2.436555711116E-04 +/-   4.498821707483E-06
* Correlation length       =   9.682026465306E-01
* log10 Psi^2 range: -5.6359575090450074 -- -2.1890729382047946
* log10 Pgen range : -5.6359575090450074 -- -2.1890729382047946
* Site occupation (ave. no. electrons per config.):
  > Site_  ___eu____  ___ed____
      1        0.504      0.499
      2        0.501      0.501
      3        0.497      0.499
      4        0.499      0.502
      5        0.497      0.499
      6        0.502      0.499
* Pair-correlation analysis (ave. no. pairs per config.):
  > Shell  nsite  ___dh____  __eueu___  __eued___
      0      1        0          0          1.027
      1      4        1.055      1.481      3.532
      2      4        0.149      0.844      1.104
      3      4        0.075      0.422      0.554
      4      4        0.232      2.171      1.852
      5      4        0.114      1.083      0.932

Optimization #8:
* Method          : lls
* Target function : energy
* No. of configs. : 50048
* No. of params.  : 18
* Before optimization:
  -9.4052E-01   2.9814E-01  -1.0439E-01  -7.3907E-02  -1.6947E-02  -1.3798E-02
  -1.2557E-01  -1.3205E-01   7.8472E-02   2.9225E-02   1.5934E-01  -5.7651E-02
   5.1060E-02  -5.2536E-02  -6.9725E-02  -8.8634E-02   3.9814E-02  -3.1875E-04
  > E    =  -2.306999319358E+02 +/-   6.831873206216E-05
  > varE =   2.335964950883E-04
* Computing derivatives.
  Done. [total walltime: 1.92s]
* Optimizing manipulation constant:
  #igrid a___________ E____________________________________ varE____________
     1     Infinity    -2.30699932E+02 +/-   6.83187321E-05   2.33596495E-04
     2     1.0000E+06  -2.30699932E+02 +/-   6.83187316E-05   2.33596492E-04
     3     2.1544E+05  -2.30699932E+02 +/-   6.83187297E-05   2.33596479E-04
     4     4.6416E+04  -2.30699932E+02 +/-   6.83187213E-05   2.33596421E-04
     5     1.0000E+04  -2.30699932E+02 +/-   6.83186821E-05   2.33596153E-04
     6     2.1544E+03  -2.30699932E+02 +/-   6.83185002E-05   2.33594910E-04
     7     4.6416E+02  -2.30699932E+02 +/-   6.83176577E-05   2.33589148E-04
     8     1.0000E+02  -2.30699932E+02 +/-   6.83137802E-05   2.33562634E-04
     9     2.1544E+01  -2.30699933E+02 +/-   6.82964709E-05   2.33444288E-04
    10     4.6416E+00  -2.30699936E+02 +/-   6.82300698E-05   2.32990578E-04
    11     1.0000E+00  -2.30699941E+02 +/-   6.81799474E-05   2.32648389E-04
    12     2.1544E-01  -2.30699938E+02 +/-   6.89531111E-05   2.37954794E-04
    13     4.6416E-02  -2.30699928E+02 +/-   6.99799657E-05   2.45094845E-04
    14     1.0000E-02  -2.30699923E+02 +/-   7.03785083E-05   2.47894472E-04
    15     2.1544E-03  -2.30699922E+02 +/-   7.04781854E-05   2.48597155E-04
    16     4.6416E-04  -2.30699922E+02 +/-   7.05003939E-05   2.48753852E-04
    17     1.0000E-04  -2.30699922E+02 +/-   7.05052137E-05   2.48787865E-04
    18     2.1544E-05  -2.30699922E+02 +/-   7.05062537E-05   2.48795205E-04
    19     4.6416E-06  -2.30699922E+02 +/-   7.05064778E-05   2.48796787E-04
    20     1.0000E-06  -2.30699922E+02 +/-   7.05065261E-05   2.48797127E-04
    21     0.0000E+00  -2.30699922E+02 +/-   7.05065394E-05   2.48797221E-04
* Iteration # 1: E =  -2.306999411103E+02 +/-   6.817994737698E-05
* Convergence: exiting.
* After optimization:
  -9.3725E-01   2.9241E-01  -9.9360E-02  -7.1123E-02  -1.5908E-02  -1.3094E-02
  -1.2242E-01  -1.3300E-01   7.4374E-02   2.9109E-02   1.5266E-01  -5.5105E-02
   4.9686E-02  -5.1002E-02  -6.9681E-02  -8.7627E-02   4.0425E-02   4.7988E-03
  > Energy =  -2.306999411103E+02 +/-   6.817994737698E-05
  > varE =   2.326483894671E-04

VMC #9:
* Size of Hilbert space =   4.0000E+02
* Deterministic energy evaluation:
  > Deterministic Etot/t = -230.70003106468741
    - Ttot/t = -10.363118059763959
    - Utot/t = 3.9055788492244514
* Number of equil. steps   = 1000
* Running VMC equilibration.
  Done. [total walltime: 0.01s]
* Equil. acc.ratio (%)     =  40.6475
* Sample config after equilibration:
  +-----+
  |  0  |
  |2   2|
  |d   0|
  |  u  |
  +-----+
* Number of accum. steps   = 500480 x 10
* Running VMC accumulation.
  Done. [total walltime: 3.53s]
* Acceptance ratio (%)     =  40.7911
* Etot/t                   =  -2.307000437863E+02 +/-   2.225419713186E-05
  > Ttot/t                 =  -1.036305884912E+01 +/-   2.946519060814E-04
  > Utot/t                 =   3.905506916967E+00 +/-   2.936418614169E-04
* var[Eloc/t]              =   2.485273170831E-04 +/-   5.154254173620E-06
* Correlation length       =   9.973244292019E-01
* log10 Psi^2 range: -5.6531726522753782 -- -2.1898970477879023
* log10 Pgen range : -5.6531726522753782 -- -2.1898970477879023
* Site occupation (ave. no. electrons per config.):
  > Site_  ___eu____  ___ed____
      1        0.498      0.500
      2        0.498      0.500
      3        0.501      0.500
      4        0.503      0.498
      5        0.500      0.501
      6        0.501      0.501
* Pair-correlation analysis (ave. no. pairs per config.):
  > Shell  nsite  ___dh____  __eueu___  __eued___
      0      1        0          0          1.030
      1      4        1.061      1.478      3.526
      2      4        0.152      0.843      1.103
      3      4        0.073      0.423      0.552
      4      4        0.230      2.170      1.859
      5      4        0.117      1.086      0.930

Optimization #9:
* Method          : lls
* Target function : energy
* No. of configs. : 50048
* No. of params.  : 18
* Before optimization:
  -9.3725E-01   2.9241E-01  -9.9360E-02  -7.1123E-02  -1.5908E-02  -1.3094E-02
  -1.2242E-01  -1.3300E-01   7.4374E-02   2.9109E-02   1.5266E-01  -5.5105E-02
   4.9686E-02  -5.1002E-02  -6.9681E-02  -8.7627E-02   4.0425E-02   4.7988E-03
  > E    =  -2.307000846690E+02 +/-   7.011939569333E-05
  > varE =   2.460724856432E-04
* Computing derivatives.
  Done. [total walltime: 1.94s]
* Optimizing manipulation constant:
  #igrid a___________ E____________________________________ varE____________
     1     Infinity    -2.30700085E+02 +/-   7.01193957E-05   2.46072486E-04
     2     1.0000E+06  -2.30700085E+02 +/-   7.01193951E-05   2.46072481E-04
     3     2.1544E+05  -2.30700085E+02 +/-   7.01193929E-05   2.46072466E-04
     4     4.6416E+04  -2.30700085E+02 +/-   7.01193828E-05   2.46072395E-04
     5     1.0000E+04  -2.30700085E+02 +/-   7.01193358E-05   2.46072065E-04
     6     2.1544E+03  -2.30700085E+02 +/-   7.01191177E-05   2.46070534E-04
     7     4.6416E+02  -2.30700085E+02 +/-   7.01181080E-05   2.46063448E-04
     8     1.0000E+02  -2.30700085E+02 +/-   7.01134769E-05   2.46030946E-04
     9     2.1544E+01  -2.30700085E+02 +/-   7.00931107E-05   2.45888034E-04
    10     4.6416E+00  -2.30700088E+02 +/-   7.00175770E-05   2.45358373E-04
    11     1.0000E+00  -2.30700092E+02 +/-   6.98487268E-05   2.44176416E-04
    12     2.1544E-01  -2.30700096E+02 +/-   6.96856531E-05   2.43037605E-04
    13     4.6416E-02  -2.30700098E+02 +/-   6.96107899E-05   2.42515695E-04
    14     1.0000E-02  -2.30700098E+02 +/-   6.95893350E-05   2.42366226E-04
    15     2.1544E-03  -2.30700098E+02 +/-   6.95843459E-05   2.42331475E-04
    16     4.6416E-04  -2.30700098E+02 +/-   6.95832522E-05   2.42323857E-04
    17     1.0000E-04  -2.30700098E+02 +/-   6.95830156E-05   2.42322210E-04
    18     2.1544E-05  -2.30700098E+02 +/-   6.95829646E-05   2.42321854E-04
    19     4.6416E-06  -2.30700098E+02 +/-   6.95829537E-05   2.42321778E-04
    20     1.0000E-06  -2.30700098E+02 +/-   6.95829513E-05   2.42321761E-04
    21     0.0000E+00  -2.30700098E+02 +/-   6.95829506E-05   2.42321757E-04
* Iteration # 1: E =  -2.307000984559E+02 +/-   6.958295063570E-05
* Diminishing returns: exiting.
* After optimization:
  -9.3147E-01   2.9257E-01  -1.0142E-01  -7.4359E-02  -1.6567E-02  -1.5198E-02
  -1.2543E-01  -1.3062E-01   7.5493E-02   3.0521E-02   1.4891E-01  -4.7666E-02
   4.7551E-02  -4.7711E-02  -6.9561E-02  -8.5378E-02   4.0636E-02   2.1523E-03
  > Energy =  -2.307000984559E+02 +/-   6.958295063570E-05
  > varE =   2.423217567354E-04

VMC #10:
* Size of Hilbert space =   4.0000E+02
* Deterministic energy evaluation:
  > Deterministic Etot/t = -230.70003411291293
    - Ttot/t = -10.363418449858230
    - Utot/t = 3.9058761910931943
* Number of equil. steps   = 1000
* Running VMC equilibration.
  Done. [total walltime: 0.01s]
* Equil. acc.ratio (%)     =  40.8217
* Sample config after equilibration:
  +-----+
  |  u  |
  |d   d|
  |u   2|
  |  0  |
  +-----+
* Number of accum. steps   = 500480 x 10
* Running VMC accumulation.
  Done. [total walltime: 3.51s]
* Acceptance ratio (%)     =  40.9212
* Etot/t                   =  -2.306999931795E+02 +/-   2.437291162971E-05
  > Ttot/t                 =  -1.036344936998E+01 +/-   2.912470397689E-04
  > Utot/t                 =   3.905948044620E+00 +/-   2.901918696883E-04
* var[Eloc/t]              =   2.923301043233E-04 +/-   5.380624110625E-05
* Correlation length       =   1.017016533338E+00
* log10 Psi^2 range: -5.6309943548448143 -- -2.1817325303089508
* log10 Pgen range : -5.6309943548448143 -- -2.1817325303089508
* Site occupation (ave. no. electrons per config.):
  > Site_  ___eu____  ___ed____
      1        0.503      0.495
      2        0.500      0.502
      3        0.499      0.502
      4        0.497      0.499
      5        0.500      0.503
      6        0.501      0.499
* Pair-correlation analysis (ave. no. pairs per config.):
  > Shell  nsite  ___dh____  __eueu___  __eued___
      0      1        0          0          1.038
      1      4        1.071      1.479      3.516
      2      4        0.156      0.833      1.104
      3      4        0.077      0.424      0.555
      4      4        0.233      2.178      1.861
      5      4        0.117      1.085      0.926

Optimization #10:
* Method          : lls
* Target function : energy
* No. of configs. : 50048
* No. of params.  : 18
* Before optimization:
  -9.3147E-01   2.9257E-01  -1.0142E-01  -7.4359E-02  -1.6567E-02  -1.5198E-02
  -1.2543E-01  -1.3062E-01   7.5493E-02   3.0521E-02   1.4891E-01  -4.7666E-02
   4.7551E-02  -4.7711E-02  -6.9561E-02  -8.5378E-02   4.0636E-02   2.1523E-03
  > E    =  -2.306998367105E+02 +/-   6.738814474069E-05
  > varE =   2.272760783581E-04
* Computing derivatives.
  Done. [total walltime: 1.94s]
* Optimizing manipulation constant:
  #igrid a___________ E____________________________________ varE____________
     1     Infinity    -2.30699837E+02 +/-   6.73881447E-05   2.27276078E-04
     2     1.0000E+06  -2.30699837E+02 +/-   6.73881440E-05   2.27276073E-04
     3     2.1544E+05  -2.30699837E+02 +/-   6.73881413E-05   2.27276055E-04
     4     4.6416E+04  -2.30699837E+02 +/-   6.73881285E-05   2.27275969E-04
     5     1.0000E+04  -2.30699837E+02 +/-   6.73880696E-05   2.27275571E-04
     6     2.1544E+03  -2.30699837E+02 +/-   6.73877962E-05   2.27273728E-04
     7     4.6416E+02  -2.30699837E+02 +/-   6.73865335E-05   2.27265211E-04
     8     1.0000E+02  -2.30699837E+02 +/-   6.73808032E-05   2.27226560E-04
     9     2.1544E+01  -2.30699836E+02 +/-   6.73567902E-05   2.27064632E-04
    10     4.6416E+00  -2.30699835E+02 +/-   6.72847754E-05   2.26579357E-04
    11     1.0000E+00  -2.30699832E+02 +/-   6.72294145E-05   2.26206659E-04
    12     2.1544E-01  -2.30699829E+02 +/-   6.73571419E-05   2.27067004E-04
    13     4.6416E-02  -2.30699827E+02 +/-   6.74909941E-05   2.27970356E-04
    14     1.0000E-02  -2.30699826E+02 +/-   6.75377615E-05   2.28286406E-04
    15     2.1544E-03  -2.30699826E+02 +/-   6.75491268E-05   2.28363245E-04
    16     4.6416E-04  -2.30699826E+02 +/-   6.75516423E-05   2.28380254E-04
    17     1.0000E-04  -2.30699826E+02 +/-   6.75521875E-05   2.28383940E-04
    18     2.1544E-05  -2.30699826E+02 +/-   6.75523051E-05   2.28384735E-04
    19     4.6416E-06  -2.30699826E+02 +/-   6.75523304E-05   2.28384906E-04
    20     1.0000E-06  -2.30699826E+02 +/-   6.75523359E-05   2.28384943E-04
    21     0.0000E+00  -2.30699826E+02 +/-   6.75523374E-05   2.28384953E-04
* Iteration # 1: E =  -2.306998367105E+02 +/-   6.738814474069E-05
* Convergence: exiting.
* After optimization:
  -9.3147E-01   2.9257E-01  -1.0142E-01  -7.4359E-02  -1.6567E-02  -1.5198E-02
  -1.2543E-01  -1.3062E-01   7.5493E-02   3.0521E-02   1.4891E-01  -4.7666E-02
   4.7551E-02  -4.7711E-02  -6.9561E-02  -8.5378E-02   4.0636E-02   2.1523E-03
  > Energy =  -2.306998367105E+02 +/-   6.738814474069E-05
  > varE =   2.272760783581E-04

VMC #11:
* Size of Hilbert space =   4.0000E+02
* Deterministic energy evaluation:
  > Deterministic Etot/t = -230.70003411291293
    - Ttot/t = -10.363418449858230
    - Utot/t = 3.9058761910931943
* Number of equil. steps   = 1000
* Running VMC equilibration.
  Done. [total walltime: 0.01s]
* Equil. acc.ratio (%)     =  40.9428
* Sample config after equilibration:
  +-----+
  |  0  |
  |2   2|
  |0   d|
  |  u  |
  +-----+
* Number of accum. steps   = 500480 x 10
* Running VMC accumulation.
  Done. [total walltime: 3.52s]
* Acceptance ratio (%)     =  40.9252
* Etot/t                   =  -2.307000529931E+02 +/-   2.244654779451E-05
  > Ttot/t                 =  -1.036302382698E+01 +/-   2.939679087632E-04
  > Utot/t                 =   3.905462688060E+00 +/-   2.926394460446E-04
* var[Eloc/t]              =   2.459346849752E-04 +/-   5.052054396017E-06
* Correlation length       =   1.025335652736E+00
* log10 Psi^2 range: -5.6309947580305781 -- -2.1817408610651721
* log10 Pgen range : -5.6309947580305781 -- -2.1817408610651721
* Site occupation (ave. no. electrons per config.):
  > Site_  ___eu____  ___ed____
      1        0.502      0.499
      2        0.500      0.500
      3        0.499      0.498
      4        0.500      0.498
      5        0.496      0.503
      6        0.502      0.501
* Pair-correlation analysis (ave. no. pairs per config.):
  > Shell  nsite  ___dh____  __eueu___  __eued___
      0      1        0          0          1.033
      1      4        1.063      1.476      3.528
      2      4        0.153      0.840      1.104
      3      4        0.078      0.422      0.550
      4      4        0.231      2.174      1.858
      5      4        0.114      1.088      0.928

Optimization #11:
* Method          : lls
* Target function : energy
* No. of configs. : 50048
* No. of params.  : 18
* Before optimization:
  -9.3147E-01   2.9257E-01  -1.0142E-01  -7.4359E-02  -1.6567E-02  -1.5198E-02
  -1.2543E-01  -1.3062E-01   7.5493E-02   3.0521E-02   1.4891E-01  -4.7666E-02
   4.7551E-02  -4.7711E-02  -6.9561E-02  -8.5378E-02   4.0636E-02   2.1523E-03
  > E    =  -2.307000828354E+02 +/-   6.956000755866E-05
  > varE =   2.421619851213E-04
* Computing derivatives.
  Done. [total walltime: 1.93s]
* Optimizing manipulation constant:
  #igrid a___________ E____________________________________ varE____________
     1     Infinity    -2.30700083E+02 +/-   6.95600076E-05   2.42161985E-04
     2     1.0000E+06  -2.30700083E+02 +/-   6.95600076E-05   2.42161985E-04
     3     2.1544E+05  -2.30700083E+02 +/-   6.95600076E-05   2.42161986E-04
     4     4.6416E+04  -2.30700083E+02 +/-   6.95600080E-05   2.42161988E-04
     5     1.0000E+04  -2.30700083E+02 +/-   6.95600095E-05   2.42161999E-04
     6     2.1544E+03  -2.30700083E+02 +/-   6.95600167E-05   2.42162049E-04
     7     4.6416E+02  -2.30700083E+02 +/-   6.95600502E-05   2.42162282E-04
     8     1.0000E+02  -2.30700083E+02 +/-   6.95602101E-05   2.42163395E-04
     9     2.1544E+01  -2.30700083E+02 +/-   6.95610383E-05   2.42169162E-04
    10     4.6416E+00  -2.30700084E+02 +/-   6.95658956E-05   2.42202984E-04
    11     1.0000E+00  -2.30700086E+02 +/-   6.95877716E-05   2.42355336E-04
    12     2.1544E-01  -2.30700088E+02 +/-   6.96274035E-05   2.42631468E-04
    13     4.6416E-02  -2.30700089E+02 +/-   6.96525905E-05   2.42807040E-04
    14     1.0000E-02  -2.30700089E+02 +/-   6.96604742E-05   2.42862007E-04
    15     2.1544E-03  -2.30700089E+02 +/-   6.96623423E-05   2.42875033E-04
    16     4.6416E-04  -2.30700089E+02 +/-   6.96627534E-05   2.42877900E-04
    17     1.0000E-04  -2.30700089E+02 +/-   6.96628424E-05   2.42878521E-04
    18     2.1544E-05  -2.30700089E+02 +/-   6.96628616E-05   2.42878654E-04
    19     4.6416E-06  -2.30700089E+02 +/-   6.96628658E-05   2.42878683E-04
    20     1.0000E-06  -2.30700089E+02 +/-   6.96628667E-05   2.42878689E-04
    21     0.0000E+00  -2.30700089E+02 +/-   6.96628669E-05   2.42878691E-04
* Iteration # 1: E =  -2.307000889417E+02 +/-   6.966286690115E-05
* Convergence: exiting.
* After optimization:
  -9.2308E-01   2.8632E-01  -9.8009E-02  -7.2422E-02  -1.6771E-02  -1.4271E-02
  -1.1987E-01  -1.3140E-01   7.3181E-02   2.9945E-02   1.4704E-01  -4.8376E-02
   4.8605E-02  -4.8246E-02  -6.9994E-02  -8.5502E-02   4.0881E-02   5.5705E-03
  > Energy =  -2.307000889417E+02 +/-   6.966286690115E-05
  > varE =   2.428786911656E-04

VMC #12:
* Size of Hilbert space =   4.0000E+02
* Deterministic energy evaluation:
  > Deterministic Etot/t = -230.70003348424905
    - Ttot/t = -10.363350980947938
    - Utot/t = 3.9058093508467682
* Number of equil. steps   = 1000
* Running VMC equilibration.
  Done. [total walltime: 0.01s]
* Equil. acc.ratio (%)     =  40.6668
* Sample config after equilibration:
  +-----+
  |  d  |
  |0   u|
  |2   2|
  |  0  |
  +-----+
* Number of accum. steps   = 500480 x 10
* Running VMC accumulation.
  Done. [total walltime: 3.52s]
* Acceptance ratio (%)     =  40.8449
* Etot/t                   =  -2.307000187715E+02 +/-   2.170321425909E-05
  > Ttot/t                 =  -1.036294419496E+01 +/-   2.904919411154E-04
  > Utot/t                 =   3.905417277640E+00 +/-   2.897324667863E-04
* var[Eloc/t]              =   2.412681741914E-04 +/-   4.123475812969E-06
* Correlation length       =   9.770905323196E-01
* log10 Psi^2 range: -6.6201831167454621 -- -2.1778989400875477
* log10 Pgen range : -6.6201831167454621 -- -2.1778989400875477
* Site occupation (ave. no. electrons per config.):
  > Site_  ___eu____  ___ed____
      1        0.499      0.502
      2        0.502      0.499
      3        0.500      0.498
      4        0.499      0.500
      5        0.500      0.498
      6        0.500      0.503
* Pair-correlation analysis (ave. no. pairs per config.):
  > Shell  nsite  ___dh____  __eueu___  __eued___
      0      1        0          0          1.030
      1      4        1.056      1.479      3.531
      2      4        0.149      0.841      1.109
      3      4        0.074      0.422      0.555
      4      4        0.232      2.172      1.851
      5      4        0.116      1.087      0.925

VDAGGER finished.
Total VDAGGER walltime: 2m22s

Run ended: Fri Sep 26 18:49:07 CEST 2025
