Run started: Fri Sep 26 18:37:28 CEST 2025
Using VDAGGER_ARCH = gnu7_fkfamd_cluster
Running 1x128 MPI processes.

                               xx
                              +##
                               #X
                               Xx
                          X##XxXxxX##x
                           +   Xx  ++
                               ##
                              +##
                              +##
     ++++         ++          +##
   xX+++##+      ####         +##
  Xx    ###      +X##          ##
 xX    X##+        ##          #X
 +    x##X         #x          #X
      ###         +#           x+
     X##+         #+
     ###         Xx                    _______
     ##X       +X+   __________________VDAGGER
     +##x    +xX     2nd quantized variational
       +xxxxx+       ______quantum Monte Carlo

* Running 128 MPI processes.
* Input file: "input.casl"

############# Start of input file dump #############
General:
  Random seed: timer

Plan:
  VMC-optimization:
    Minimum cycles: 5
    Convergence cycles: 3

System:
  Read Hamiltonian: FCIDUMP_loc_benzene
  Read orbitals: LTSC_benzene
  Complex orbitals: F
  Geometry:
    r_5: [ 0.00000000000000, 2.63994739601739 ]
    r_4: [ 2.28626150960564, 1.31997369800870 ]
    r_6: [ 2.28626150960564, -1.31997369800870 ]
    r_2: [ 0.00000000000000, -2.63994739601739 ]
    r_3: [ -2.28626150960564, -1.31997369800870 ]
    r_1: [ -2.28626150960564, 1.31997369800870 ]

VMC:
  nstep: 500000
  nconfig: 50000

Optimization:
  max_niter: 1

Jastrow: wfn.casl

Multideterminants: wfn.casl
############## End of input file dump ##############

General setup:
* Random seed: 2062122454 (from timer)

* Loaded integrals for system with nelec=6, ms2=0, norb=6
* INFO: setting number of electrons from integrals file.
* Analysis of Hamiltonian connecitivity performed:
  - T_ii (local, 1-site): 6 (i) values
  - U_iiii [opp] (local, 1-site): 6 (i) values
  - U_kkii [opp] (local, 2-site): 30 contribs. from 6 (i) values
  - U_kkii [par] (local, 2-site): 15 contribs. from 5 (i) values
  - T_ji (single, 2-site): 30 contribs. from 6 (i) values
  - U_kkji [opp] (single, 2/3-site): 180 contribs. from 30 (i,j) pairs
  - U_kkji [par] (single, 3-site): 150 contribs. from 30 (i,j) pairs
  - U_lkji [opp] (double, 2/3/4-site): 900 contribs. from 30 (i,j) pairs
  - U_lkji [par] (double, 4-site): 170 contribs. from 20 (i,j) pairs
  - Max. no. wfn. ratios in Eloc: 255
* Reading override orbitals from file "LTSC_benzene".
* Site labels:
  +-----+
  |  5  |
  |1   4|
  |3   6|
  |  2  |
  +-----+
* Automatically set Site kinds:
  [ 1, 1, 1, 1, 1, 1 ]
  +-----+
  |  1  |
  |1   1|
  |1   1|
  |  1  |
  +-----+
* Maximum Site kind: 1
* Number of site-pair kinds with Tij=0: 0
* Automatically set Site pair kinds:
  Site 1: [ 0, 4, 1, -5, -1, -2 ]
  Site 2: [ 4, 0, 1, -4, -3, -1 ]
  Site 3: [ 1, 1, 0, -2, -4, -5 ]
  Site 4: [ -5, -4, -2, 0, 1, 1 ]
  Site 5: [ -1, -3, -4, 1, 0, 4 ]
  Site 6: [ -2, -1, -5, 1, 4, 0 ]
  For site 1 of kind 1:
  +--------+
  |   -1   |
  | 0    -5|
  | 1    -2|
  |    4   |
  +--------+
* Maximum (unsigned) Site pair kind: 5
General system setup:
* Number of sites       : 6
* Number of electrons   : 6
* Spin imbalance MS2    : 0
* Filling               : 0.500000
* Number of orbitals in pool: 6
* Using real-valued orbitals
* Using double-precision arithmetic for orbitals

Trial wave function setup:
* Jastrow parameter file: "wfn.casl"
* Multideterminant parameter file: "wfn.casl"
* Not using a backflow transformation
* Not using wave function manipulation

VMC #1:
* Size of Hilbert space =   4.0000E+02
* Deterministic energy evaluation:
  > Deterministic Etot/t = -230.65818550902489
    - Ttot/t = -10.228832681253445
    - Utot/t = 3.8131390263764646
* Number of equil. steps   = 1000
* Running VMC equilibration.
  Done. [total walltime: 0.03s]
* Equil. acc.ratio (%)     =  26.1826
* Sample config after equilibration:
  +-----+
  |  d  |
  |u   d|
  |2   u|
  |  0  |
  +-----+
* Number of accum. steps   = 500480 x 10
* Running VMC accumulation.
  Done. [total walltime: 5.42s]
* Acceptance ratio (%)     =  26.0674
* Etot/t                   =  -2.306584491338E+02 +/-   2.143099087031E-04
  > Ttot/t                 =  -1.022952388057E+01 +/-   4.581297702551E-04
  > Utot/t                 =   3.813566600970E+00 +/-   2.608484974613E-04
* var[Eloc/t]              =   2.248474138988E-02 +/-   9.889915062550E-05
* Correlation length       =   1.022311703716E+00
* log10 Psi^2 range: -5.9228670022106424 -- -1.5850318869464006
* log10 Pgen range : -5.9228670022106424 -- -1.5850318869464006
* Site occupation (ave. no. electrons per config.):
  > Site_  ___eu____  ___ed____
      1        0.497      0.498
      2        0.501      0.500
      3        0.501      0.500
      4        0.499      0.500
      5        0.501      0.504
      6        0.501      0.498
* Pair-correlation analysis (ave. no. pairs per config.):
  > Shell  nsite  ___dh____  __eueu___  __eued___
      0      1        0          0          0.706
      1      4        0.746      1.532      3.747
      2      4        0.074      0.841      1.132
      3      4        0.036      0.411      0.583
      4      4        0.102      2.149      1.891
      5      4        0.054      1.066      0.941

Optimization #1:
* Method          : lls
* Target function : energy
* No. of configs. : 50048
* No. of params.  : 19
* Before optimization:
  -7.8279E-01   3.1727E-01  -2.3343E-01  -2.3507E-01  -5.6056E-02  -5.3380E-02
  -4.8966E-02  -9.2881E-02   9.2187E-02   1.2817E-01   9.6342E-02   1.2120E-01
   7.6836E-03  -1.3364E-03  -1.6347E-01  -1.6347E-01   1.0802E-01   8.5008E-02
   7.1306E-02
  > E    =  -2.306582417577E+02 +/-   6.688542771327E-04
  > varE =   2.238977577205E-02
* Computing derivatives.
  Done. [total walltime: 2.90s]
* Optimizing manipulation constant:
  #igrid a___________ E____________________________________ varE____________
     1     Infinity    -2.30658242E+02 +/-   6.68854277E-04   2.23897758E-02
     2     1.0000E+06  -2.30658242E+02 +/-   6.68853907E-04   2.23897510E-02
     3     2.1544E+05  -2.30658242E+02 +/-   6.68852558E-04   2.23896607E-02
     4     4.6416E+04  -2.30658243E+02 +/-   6.68846298E-04   2.23892416E-02
     5     1.0000E+04  -2.30658246E+02 +/-   6.68817242E-04   2.23872963E-02
     6     2.1544E+03  -2.30658262E+02 +/-   6.68682412E-04   2.23782709E-02
     7     4.6416E+02  -2.30658337E+02 +/-   6.68057350E-04   2.23364536E-02
     8     1.0000E+02  -2.30658680E+02 +/-   6.65172394E-04   2.21439535E-02
     9     2.1544E+01  -2.30660222E+02 +/-   6.52120825E-04   2.12834910E-02
    10     4.6416E+00  -2.30666390E+02 +/-   5.97804580E-04   1.78856696E-02
    11     1.0000E+00  -2.30682968E+02 +/-   4.25422692E-04   9.05791060E-03
    12     2.1544E-01  -2.30698647E+02 +/-   1.44976944E-04   1.05192460E-03
    13     4.6416E-02  -2.30698331E+02 +/-   1.60850782E-04   1.29489061E-03
    14     1.0000E-02  -2.30696113E+02 +/-   2.19414950E-04   2.40945688E-03
    15     2.1544E-03  -2.30695426E+02 +/-   2.34363582E-04   2.74895090E-03
    16     4.6416E-04  -2.30695266E+02 +/-   2.37690118E-04   2.82754144E-03
    17     1.0000E-04  -2.30695231E+02 +/-   2.38411714E-04   2.84473559E-03
    18     2.1544E-05  -2.30695224E+02 +/-   2.38567405E-04   2.84845223E-03
    19     4.6416E-06  -2.30695222E+02 +/-   2.38600958E-04   2.84925352E-03
    20     1.0000E-06  -2.30695222E+02 +/-   2.38608188E-04   2.84942618E-03
    21     0.0000E+00  -2.30695222E+02 +/-   2.38610173E-04   2.84947360E-03
  ParMin   1.0336E-01  -2.30699636E+02 +/-   1.10137911E-04   6.07100233E-04
  # Using parabolic minimum
* Iteration # 1: E =  -2.306996358266E+02 +/-   1.101379113747E-04
* Reached maximum number of iterations: exiting.
* After optimization:
  -6.1903E-01   1.7313E-01  -8.3893E-02  -2.6396E-02  -3.0135E-02  -3.1086E-02
   1.4534E-02  -6.4585E-02   4.6508E-02   5.5779E-02   9.8461E-02  -1.1472E-02
   2.6234E-02  -4.1962E-02  -4.5205E-02  -7.3573E-02   2.5588E-02   3.2217E-02
  -9.7253E-03
  > Energy =  -2.306996358266E+02 +/-   1.101379113747E-04
  > varE =   6.071002333557E-04

VMC #2:
* Size of Hilbert space =   4.0000E+02
* Deterministic energy evaluation:
  > Deterministic Etot/t = -230.69962532926817
    - Ttot/t = -10.365049510178933
    - Utot/t = 3.9079160350586748
* Number of equil. steps   = 1000
* Running VMC equilibration.
  Done. [total walltime: 0.02s]
* Equil. acc.ratio (%)     =  40.0904
* Sample config after equilibration:
  +-----+
  |  d  |
  |0   u|
  |u   2|
  |  d  |
  +-----+
* Number of accum. steps   = 500480 x 10
* Running VMC accumulation.
  Done. [total walltime: 5.19s]
* Acceptance ratio (%)     =  40.0417
* Etot/t                   =  -2.306995843865E+02 +/-   3.582206932110E-05
  > Ttot/t                 =  -1.036514611196E+01 +/-   2.896133184772E-04
  > Utot/t                 =   3.908053579557E+00 +/-   2.906321505627E-04
* var[Eloc/t]              =   6.579827388305E-04 +/-   1.035191507426E-05
* Correlation length       =   9.760533722763E-01
* log10 Psi^2 range: -5.0899936910674466 -- -1.8184721542297724
* log10 Pgen range : -5.0899936910674466 -- -1.8184721542297724
* Site occupation (ave. no. electrons per config.):
  > Site_  ___eu____  ___ed____
      1        0.500      0.496
      2        0.502      0.503
      3        0.501      0.501
      4        0.499      0.500
      5        0.497      0.502
      6        0.500      0.498
* Pair-correlation analysis (ave. no. pairs per config.):
  > Shell  nsite  ___dh____  __eueu___  __eued___
      0      1        0          0          1.036
      1      4        1.064      1.486      3.521
      2      4        0.153      0.840      1.102
      3      4        0.078      0.418      0.559
      4      4        0.234      2.175      1.857
      5      4        0.117      1.082      0.925

Optimization #2:
* Method          : lls
* Target function : energy
* No. of configs. : 50048
* No. of params.  : 19
* Before optimization:
  -6.1903E-01   1.7313E-01  -8.3893E-02  -2.6396E-02  -3.0135E-02  -3.1086E-02
   1.4534E-02  -6.4585E-02   4.6508E-02   5.5779E-02   9.8461E-02  -1.1472E-02
   2.6234E-02  -4.1962E-02  -4.5205E-02  -7.3573E-02   2.5588E-02   3.2217E-02
  -9.7253E-03
  > E    =  -2.306996988104E+02 +/-   1.131740718950E-04
  > varE =   6.410333292513E-04
* Computing derivatives.
  Done. [total walltime: 2.92s]
* Optimizing manipulation constant:
  #igrid a___________ E____________________________________ varE____________
     1     Infinity    -2.30699699E+02 +/-   1.13174072E-04   6.41033329E-04
     2     1.0000E+06  -2.30699699E+02 +/-   1.13174002E-04   6.41032534E-04
     3     2.1544E+05  -2.30699699E+02 +/-   1.13173746E-04   6.41029639E-04
     4     4.6416E+04  -2.30699699E+02 +/-   1.13172560E-04   6.41016203E-04
     5     1.0000E+04  -2.30699699E+02 +/-   1.13167055E-04   6.40953846E-04
     6     2.1544E+03  -2.30699699E+02 +/-   1.13141520E-04   6.40664625E-04
     7     4.6416E+02  -2.30699700E+02 +/-   1.13023329E-04   6.39326810E-04
     8     1.0000E+02  -2.30699706E+02 +/-   1.12481829E-04   6.33215400E-04
     9     2.1544E+01  -2.30699728E+02 +/-   1.10112296E-04   6.06817874E-04
    10     4.6416E+00  -2.30699807E+02 +/-   1.01527009E-04   5.15881445E-04
    11     1.0000E+00  -2.30699933E+02 +/-   8.46866110E-05   3.58935351E-04
    12     2.1544E-01  -2.30699669E+02 +/-   8.99235828E-05   4.04700677E-04
    13     4.6416E-02  -2.30697924E+02 +/-   1.52160696E-04   1.15875521E-03
    14     1.0000E-02  -2.30696034E+02 +/-   1.99872954E-04   1.99937744E-03
    15     2.1544E-03  -2.30695321E+02 +/-   2.15135812E-04   2.31639248E-03
    16     4.6416E-04  -2.30695144E+02 +/-   2.18760575E-04   2.39510655E-03
    17     1.0000E-04  -2.30695105E+02 +/-   2.19558652E-04   2.41261398E-03
    18     2.1544E-05  -2.30695096E+02 +/-   2.19731406E-04   2.41641206E-03
    19     4.6416E-06  -2.30695095E+02 +/-   2.19768662E-04   2.41723156E-03
    20     1.0000E-06  -2.30695094E+02 +/-   2.19776690E-04   2.41740817E-03
    21     0.0000E+00  -2.30695094E+02 +/-   2.19778895E-04   2.41745667E-03
  ParMin   1.1906E+00  -2.30699923E+02 +/-   8.65217140E-05   3.74659678E-04
  # Using grid point #11
* Iteration # 1: E =  -2.306999328058E+02 +/-   8.468661097569E-05
* Reached maximum number of iterations: exiting.
* After optimization:
  -8.2573E-01   2.6310E-01  -1.0519E-01  -5.6117E-02  -2.0324E-02  -2.1718E-02
  -1.0243E-01  -9.2105E-02   7.2876E-02   4.3601E-02   1.1471E-01  -1.8663E-02
   2.3944E-02  -3.2590E-02  -5.5635E-02  -8.1996E-02   3.8778E-02   3.5835E-03
  -4.4905E-03
  > Energy =  -2.306999328058E+02 +/-   8.468661097569E-05
  > varE =   3.589353513872E-04

VMC #3:
* Size of Hilbert space =   4.0000E+02
* Deterministic energy evaluation:
  > Deterministic Etot/t = -230.69990274180188
    - Ttot/t = -10.364069147821674
    - Utot/t = 3.9066582601676978
* Number of equil. steps   = 1000
* Running VMC equilibration.
  Done. [total walltime: 0.02s]
* Equil. acc.ratio (%)     =  40.7048
* Sample config after equilibration:
  +-----+
  |  d  |
  |u   u|
  |d   d|
  |  u  |
  +-----+
* Number of accum. steps   = 500480 x 10
* Running VMC accumulation.
  Done. [total walltime: 5.18s]
* Acceptance ratio (%)     =  40.7500
* Etot/t                   =  -2.306999210671E+02 +/-   2.739398738985E-05
  > Ttot/t                 =  -1.036385458143E+01 +/-   2.897844328096E-04
  > Utot/t                 =   3.906425368530E+00 +/-   2.906060610574E-04
* var[Eloc/t]              =   3.716386372627E-04 +/-   4.631972514230E-06
* Correlation length       =   1.010593198774E+00
* log10 Psi^2 range: -5.3820411592750563 -- -2.0250341950142912
* log10 Pgen range : -5.3820411592750563 -- -2.0250341950142912
* Site occupation (ave. no. electrons per config.):
  > Site_  ___eu____  ___ed____
      1        0.495      0.506
      2        0.496      0.507
      3        0.503      0.493
      4        0.496      0.501
      5        0.504      0.499
      6        0.506      0.495
* Pair-correlation analysis (ave. no. pairs per config.):
  > Shell  nsite  ___dh____  __eueu___  __eued___
      0      1        0          0          1.023
      1      4        1.045      1.487      3.536
      2      4        0.148      0.841      1.101
      3      4        0.073      0.425      0.559
      4      4        0.234      2.167      1.856
      5      4        0.116      1.080      0.925

Optimization #3:
* Method          : lls
* Target function : energy
* No. of configs. : 50048
* No. of params.  : 19
* Before optimization:
  -8.2573E-01   2.6310E-01  -1.0519E-01  -5.6117E-02  -2.0324E-02  -2.1718E-02
  -1.0243E-01  -9.2105E-02   7.2876E-02   4.3601E-02   1.1471E-01  -1.8663E-02
   2.3944E-02  -3.2590E-02  -5.5635E-02  -8.1996E-02   3.8778E-02   3.5835E-03
  -4.4905E-03
  > E    =  -2.306999545088E+02 +/-   8.491725001959E-05
  > varE =   3.608930926333E-04
* Computing derivatives.
  Done. [total walltime: 2.88s]
* Optimizing manipulation constant:
  #igrid a___________ E____________________________________ varE____________
     1     Infinity    -2.30699955E+02 +/-   8.49172500E-05   3.60893093E-04
     2     1.0000E+06  -2.30699955E+02 +/-   8.49172180E-05   3.60892820E-04
     3     2.1544E+05  -2.30699955E+02 +/-   8.49171013E-05   3.60891829E-04
     4     4.6416E+04  -2.30699955E+02 +/-   8.49165599E-05   3.60887227E-04
     5     1.0000E+04  -2.30699955E+02 +/-   8.49140471E-05   3.60865869E-04
     6     2.1544E+03  -2.30699955E+02 +/-   8.49023913E-05   3.60766806E-04
     7     4.6416E+02  -2.30699955E+02 +/-   8.48484488E-05   3.60308527E-04
     8     1.0000E+02  -2.30699957E+02 +/-   8.46014519E-05   3.58213839E-04
     9     2.1544E+01  -2.30699965E+02 +/-   8.35234804E-05   3.49143445E-04
    10     4.6416E+00  -2.30699995E+02 +/-   7.96590459E-05   3.17582766E-04
    11     1.0000E+00  -2.30700048E+02 +/-   7.21087754E-05   2.60233359E-04
    12     2.1544E-01  -2.30700077E+02 +/-   6.74174944E-05   2.27474093E-04
    13     4.6416E-02  -2.30700078E+02 +/-   6.66822666E-05   2.22539667E-04
    14     1.0000E-02  -2.30700077E+02 +/-   6.66663137E-05   2.22433200E-04
    15     2.1544E-03  -2.30700076E+02 +/-   6.66751070E-05   2.22491882E-04
    16     4.6416E-04  -2.30700076E+02 +/-   6.66776627E-05   2.22508939E-04
    17     1.0000E-04  -2.30700076E+02 +/-   6.66782451E-05   2.22512826E-04
    18     2.1544E-05  -2.30700076E+02 +/-   6.66783720E-05   2.22513673E-04
    19     4.6416E-06  -2.30700076E+02 +/-   6.66783994E-05   2.22513856E-04
    20     1.0000E-06  -2.30700076E+02 +/-   6.66784053E-05   2.22513895E-04
    21     0.0000E+00  -2.30700076E+02 +/-   6.66784070E-05   2.22513906E-04
* Iteration # 1: E =  -2.307000779073E+02 +/-   6.668226659901E-05
* Reached maximum number of iterations: exiting.
* After optimization:
  -1.0836E+00   3.5035E-01  -1.0559E-01  -7.1824E-02   3.9825E-03   2.4419E-03
  -2.0821E-01  -1.4218E-01   7.6395E-02   2.0197E-02   1.2861E-01  -3.8590E-02
   3.3859E-02  -3.6727E-02  -7.1884E-02  -9.1818E-02   4.9226E-02  -1.7226E-02
   8.1497E-03
  > Energy =  -2.307000779073E+02 +/-   6.668226659901E-05
  > varE =   2.225396671236E-04

VMC #4:
* Size of Hilbert space =   4.0000E+02
* Deterministic energy evaluation:
  > Deterministic Etot/t = -230.70005841567229
    - Ttot/t = -10.363035362737417
    - Utot/t = 3.9054688012130145
* Number of equil. steps   = 1000
* Running VMC equilibration.
  Done. [total walltime: 0.02s]
* Equil. acc.ratio (%)     =  41.7260
* Sample config after equilibration:
  +-----+
  |  u  |
  |d   d|
  |u   u|
  |  d  |
  +-----+
* Number of accum. steps   = 500480 x 10
* Running VMC accumulation.
  Done. [total walltime: 5.18s]
* Acceptance ratio (%)     =  41.6631
* Etot/t                   =  -2.307000580104E+02 +/-   2.162267806478E-05
  > Ttot/t                 =  -1.036309048770E+01 +/-   2.950648602236E-04
  > Utot/t                 =   3.905524331435E+00 +/-   2.940797438241E-04
* var[Eloc/t]              =   2.402139468890E-04 +/-   1.064635067748E-05
* Correlation length       =   9.741088128986E-01
* log10 Psi^2 range: -6.5372409286037785 -- -2.3223097583014276
* log10 Pgen range : -6.5372409286037785 -- -2.3223097583014276
* Site occupation (ave. no. electrons per config.):
  > Site_  ___eu____  ___ed____
      1        0.498      0.502
      2        0.504      0.499
      3        0.498      0.501
      4        0.497      0.501
      5        0.502      0.498
      6        0.501      0.499
* Pair-correlation analysis (ave. no. pairs per config.):
  > Shell  nsite  ___dh____  __eueu___  __eued___
      0      1        0          0          1.029
      1      4        1.064      1.467      3.534
      2      4        0.151      0.836      1.106
      3      4        0.076      0.420      0.556
      4      4        0.228      2.186      1.850
      5      4        0.112      1.090      0.925

Optimization #4:
* Method          : lls
* Target function : energy
* No. of configs. : 50048
* No. of params.  : 19
* Before optimization:
  -1.0836E+00   3.5035E-01  -1.0559E-01  -7.1824E-02   3.9825E-03   2.4419E-03
  -2.0821E-01  -1.4218E-01   7.6395E-02   2.0197E-02   1.2861E-01  -3.8590E-02
   3.3859E-02  -3.6727E-02  -7.1884E-02  -9.1818E-02   4.9226E-02  -1.7226E-02
   8.1497E-03
  > E    =  -2.307000838701E+02 +/-   6.771208735553E-05
  > varE =   2.294664151873E-04
* Computing derivatives.
  Done. [total walltime: 2.90s]
* Optimizing manipulation constant:
  #igrid a___________ E____________________________________ varE____________
     1     Infinity    -2.30700084E+02 +/-   6.77120874E-05   2.29466415E-04
     2     1.0000E+06  -2.30700084E+02 +/-   6.77120835E-05   2.29466389E-04
     3     2.1544E+05  -2.30700084E+02 +/-   6.77120692E-05   2.29466292E-04
     4     4.6416E+04  -2.30700084E+02 +/-   6.77120033E-05   2.29465845E-04
     5     1.0000E+04  -2.30700084E+02 +/-   6.77116970E-05   2.29463770E-04
     6     2.1544E+03  -2.30700084E+02 +/-   6.77102765E-05   2.29454142E-04
     7     4.6416E+02  -2.30700084E+02 +/-   6.77037031E-05   2.29409593E-04
     8     1.0000E+02  -2.30700084E+02 +/-   6.76736123E-05   2.29205716E-04
     9     2.1544E+01  -2.30700086E+02 +/-   6.75423892E-05   2.28317691E-04
    10     4.6416E+00  -2.30700090E+02 +/-   6.70698721E-05   2.25134309E-04
    11     1.0000E+00  -2.30700099E+02 +/-   6.60664734E-05   2.18448455E-04
    12     2.1544E-01  -2.30700103E+02 +/-   6.51079160E-05   2.12155510E-04
    13     4.6416E-02  -2.30700083E+02 +/-   6.52226223E-05   2.12903715E-04
    14     1.0000E-02  -2.30700037E+02 +/-   6.72348170E-05   2.26243016E-04
    15     2.1544E-03  -2.30700010E+02 +/-   6.87014139E-05   2.36220768E-04
    16     4.6416E-04  -2.30700002E+02 +/-   6.91500363E-05   2.39315899E-04
    17     1.0000E-04  -2.30700000E+02 +/-   6.92549995E-05   2.40042968E-04
    18     2.1544E-05  -2.30699999E+02 +/-   6.92780272E-05   2.40202626E-04
    19     4.6416E-06  -2.30699999E+02 +/-   6.92830079E-05   2.40237166E-04
    20     1.0000E-06  -2.30699999E+02 +/-   6.92840819E-05   2.40244614E-04
    21     0.0000E+00  -2.30699999E+02 +/-   6.92843769E-05   2.40246660E-04
  ParMin   3.2114E-01  -2.30700104E+02 +/-   6.53079224E-05   2.13460962E-04
  # Using grid point #12
* Iteration # 1: E =  -2.307001030160E+02 +/-   6.510791597955E-05
* Reached maximum number of iterations: exiting.
* After optimization:
  -1.0979E+00   3.4793E-01  -9.6661E-02  -6.7079E-02   9.3134E-03   9.4105E-03
  -2.1001E-01  -1.4698E-01   6.6577E-02   1.8026E-02   1.1843E-01  -4.3287E-02
   3.3188E-02  -3.5735E-02  -7.3430E-02  -9.0060E-02   5.1450E-02  -1.3434E-02
   1.1002E-02
  > Energy =  -2.307001030160E+02 +/-   6.510791597955E-05
  > varE =   2.121555101147E-04

VMC #5:
* Size of Hilbert space =   4.0000E+02
* Deterministic energy evaluation:
  > Deterministic Etot/t = -230.70007327328526
    - Ttot/t = -10.363440527225940
    - Utot/t = 3.9058591080886016
* Number of equil. steps   = 1000
* Running VMC equilibration.
  Done. [total walltime: 0.02s]
* Equil. acc.ratio (%)     =  41.9470
* Sample config after equilibration:
  +-----+
  |  0  |
  |2   d|
  |u   0|
  |  2  |
  +-----+
* Number of accum. steps   = 500480 x 10
* Running VMC accumulation.
  Done. [total walltime: 5.17s]
* Acceptance ratio (%)     =  41.8515
* Etot/t                   =  -2.307000875539E+02 +/-   2.090325932647E-05
  > Ttot/t                 =  -1.036355804378E+01 +/-   2.898441894312E-04
  > Utot/t                 =   3.905962343998E+00 +/-   2.898855561895E-04
* var[Eloc/t]              =   2.141041211193E-04 +/-   5.132152650801E-06
* Correlation length       =   1.021385568347E+00
* log10 Psi^2 range: -6.5334407510934476 -- -2.3519113133084395
* log10 Pgen range : -6.5334407510934476 -- -2.3519113133084395
* Site occupation (ave. no. electrons per config.):
  > Site_  ___eu____  ___ed____
      1        0.502      0.500
      2        0.501      0.500
      3        0.498      0.499
      4        0.498      0.499
      5        0.501      0.501
      6        0.501      0.501
* Pair-correlation analysis (ave. no. pairs per config.):
  > Shell  nsite  ___dh____  __eueu___  __eued___
      0      1        0          0          1.033
      1      4        1.066      1.483      3.516
      2      4        0.152      0.844      1.097
      3      4        0.075      0.424      0.555
      4      4        0.229      2.169      1.864
      5      4        0.113      1.080      0.933

Optimization #5:
* Method          : lls
* Target function : energy
* No. of configs. : 50048
* No. of params.  : 19
* Before optimization:
  -1.0979E+00   3.4793E-01  -9.6661E-02  -6.7079E-02   9.3134E-03   9.4105E-03
  -2.1001E-01  -1.4698E-01   6.6577E-02   1.8026E-02   1.1843E-01  -4.3287E-02
   3.3188E-02  -3.5735E-02  -7.3430E-02  -9.0060E-02   5.1450E-02  -1.3434E-02
   1.1002E-02
  > E    =  -2.307001152916E+02 +/-   6.347069316163E-05
  > varE =   2.016198139077E-04
* Computing derivatives.
  Done. [total walltime: 2.89s]
* Optimizing manipulation constant:
  #igrid a___________ E____________________________________ varE____________
     1     Infinity    -2.30700115E+02 +/-   6.34706932E-05   2.01619814E-04
     2     1.0000E+06  -2.30700115E+02 +/-   6.34706921E-05   2.01619807E-04
     3     2.1544E+05  -2.30700115E+02 +/-   6.34706881E-05   2.01619781E-04
     4     4.6416E+04  -2.30700115E+02 +/-   6.34706694E-05   2.01619663E-04
     5     1.0000E+04  -2.30700115E+02 +/-   6.34705831E-05   2.01619114E-04
     6     2.1544E+03  -2.30700115E+02 +/-   6.34701824E-05   2.01616569E-04
     7     4.6416E+02  -2.30700115E+02 +/-   6.34683291E-05   2.01604795E-04
     8     1.0000E+02  -2.30700115E+02 +/-   6.34598560E-05   2.01550969E-04
     9     2.1544E+01  -2.30700115E+02 +/-   6.34231332E-05   2.01317771E-04
    10     4.6416E+00  -2.30700115E+02 +/-   6.32947981E-05   2.00503872E-04
    11     1.0000E+00  -2.30700115E+02 +/-   6.30553378E-05   1.98989628E-04
    12     2.1544E-01  -2.30700114E+02 +/-   6.28948421E-05   1.97977935E-04
    13     4.6416E-02  -2.30700113E+02 +/-   6.28475779E-05   1.97680493E-04
    14     1.0000E-02  -2.30700113E+02 +/-   6.28369393E-05   1.97613574E-04
    15     2.1544E-03  -2.30700113E+02 +/-   6.28346341E-05   1.97599075E-04
    16     4.6416E-04  -2.30700113E+02 +/-   6.28341369E-05   1.97595948E-04
    17     1.0000E-04  -2.30700113E+02 +/-   6.28340298E-05   1.97595275E-04
    18     2.1544E-05  -2.30700113E+02 +/-   6.28340067E-05   1.97595129E-04
    19     4.6416E-06  -2.30700113E+02 +/-   6.28340017E-05   1.97595098E-04
    20     1.0000E-06  -2.30700113E+02 +/-   6.28340007E-05   1.97595091E-04
    21     0.0000E+00  -2.30700113E+02 +/-   6.28340004E-05   1.97595090E-04
* Iteration # 1: E =  -2.307001149107E+02 +/-   6.305533781325E-05
* Reached maximum number of iterations: exiting.
* After optimization:
  -1.1147E+00   3.5255E-01  -9.5262E-02  -6.8002E-02   1.2130E-02   1.1929E-02
  -2.1712E-01  -1.4997E-01   6.4763E-02   1.6544E-02   1.1587E-01  -4.2851E-02
   3.2644E-02  -3.4850E-02  -7.4433E-02  -8.9994E-02   5.2588E-02  -1.4023E-02
   1.2337E-02
  > Energy =  -2.307001149107E+02 +/-   6.305533781325E-05
  > varE =   1.989896281672E-04

VMC #6:
* Size of Hilbert space =   4.0000E+02
* Deterministic energy evaluation:
  > Deterministic Etot/t = -230.70007451980825
    - Ttot/t = -10.363398375794649
    - Utot/t = 3.9058157101342683
* Number of equil. steps   = 1000
* Running VMC equilibration.
  Done. [total walltime: 0.02s]
* Equil. acc.ratio (%)     =  41.9664
* Sample config after equilibration:
  +-----+
  |  u  |
  |d   2|
  |u   0|
  |  d  |
  +-----+
* Number of accum. steps   = 500480 x 10
* Running VMC accumulation.
  Done. [total walltime: 5.18s]
* Acceptance ratio (%)     =  41.9089
* Etot/t                   =  -2.307000771017E+02 +/-   2.037674196738E-05
  > Ttot/t                 =  -1.036319081893E+01 +/-   2.930649036400E-04
  > Utot/t                 =   3.905605571332E+00 +/-   2.927909683747E-04
* var[Eloc/t]              =   2.070397485428E-04 +/-   3.404615748145E-06
* Correlation length       =   1.003696679693E+00
* log10 Psi^2 range: -6.5396074915446079 -- -2.3717492566010954
* log10 Pgen range : -6.5396074915446079 -- -2.3717492566010954
* Site occupation (ave. no. electrons per config.):
  > Site_  ___eu____  ___ed____
      1        0.500      0.500
      2        0.498      0.498
      3        0.506      0.500
      4        0.496      0.503
      5        0.502      0.498
      6        0.497      0.501
* Pair-correlation analysis (ave. no. pairs per config.):
  > Shell  nsite  ___dh____  __eueu___  __eued___
      0      1        0          0          1.028
      1      4        1.060      1.478      3.529
      2      4        0.152      0.844      1.107
      3      4        0.075      0.420      0.552
      4      4        0.229      2.171      1.855
      5      4        0.116      1.087      0.928

Optimization #6:
* Method          : lls
* Target function : energy
* No. of configs. : 50048
* No. of params.  : 19
* Before optimization:
  -1.1147E+00   3.5255E-01  -9.5262E-02  -6.8002E-02   1.2130E-02   1.1929E-02
  -2.1712E-01  -1.4997E-01   6.4763E-02   1.6544E-02   1.1587E-01  -4.2851E-02
   3.2644E-02  -3.4850E-02  -7.4433E-02  -8.9994E-02   5.2588E-02  -1.4023E-02
   1.2337E-02
  > E    =  -2.307000185340E+02 +/-   6.097130894521E-05
  > varE =   1.860534657493E-04
* Computing derivatives.
  Done. [total walltime: 2.89s]
* Optimizing manipulation constant:
  #igrid a___________ E____________________________________ varE____________
     1     Infinity    -2.30700019E+02 +/-   6.09713089E-05   1.86053466E-04
     2     1.0000E+06  -2.30700019E+02 +/-   6.09713084E-05   1.86053462E-04
     3     2.1544E+05  -2.30700019E+02 +/-   6.09713063E-05   1.86053449E-04
     4     4.6416E+04  -2.30700019E+02 +/-   6.09712964E-05   1.86053389E-04
     5     1.0000E+04  -2.30700019E+02 +/-   6.09712510E-05   1.86053112E-04
     6     2.1544E+03  -2.30700019E+02 +/-   6.09710399E-05   1.86051824E-04
     7     4.6416E+02  -2.30700019E+02 +/-   6.09700642E-05   1.86045869E-04
     8     1.0000E+02  -2.30700018E+02 +/-   6.09656127E-05   1.86018703E-04
     9     2.1544E+01  -2.30700018E+02 +/-   6.09465006E-05   1.85902092E-04
    10     4.6416E+00  -2.30700018E+02 +/-   6.08823586E-05   1.85510999E-04
    11     1.0000E+00  -2.30700015E+02 +/-   6.07816928E-05   1.84898041E-04
    12     2.1544E-01  -2.30700012E+02 +/-   6.07565660E-05   1.84745201E-04
    13     4.6416E-02  -2.30700009E+02 +/-   6.07702639E-05   1.84828514E-04
    14     1.0000E-02  -2.30700009E+02 +/-   6.07760312E-05   1.84863597E-04
    15     2.1544E-03  -2.30700008E+02 +/-   6.07774392E-05   1.84872163E-04
    16     4.6416E-04  -2.30700008E+02 +/-   6.07777505E-05   1.84874057E-04
    17     1.0000E-04  -2.30700008E+02 +/-   6.07778179E-05   1.84874467E-04
    18     2.1544E-05  -2.30700008E+02 +/-   6.07778325E-05   1.84874555E-04
    19     4.6416E-06  -2.30700008E+02 +/-   6.07778356E-05   1.84874574E-04
    20     1.0000E-06  -2.30700008E+02 +/-   6.07778363E-05   1.84874578E-04
    21     0.0000E+00  -2.30700008E+02 +/-   6.07778365E-05   1.84874580E-04
* Iteration # 1: E =  -2.307000185340E+02 +/-   6.097130894521E-05
* Reached maximum number of iterations: exiting.
* After optimization:
  -1.1147E+00   3.5255E-01  -9.5262E-02  -6.8002E-02   1.2130E-02   1.1929E-02
  -2.1712E-01  -1.4997E-01   6.4763E-02   1.6544E-02   1.1587E-01  -4.2851E-02
   3.2644E-02  -3.4850E-02  -7.4433E-02  -8.9994E-02   5.2588E-02  -1.4023E-02
   1.2337E-02
  > Energy =  -2.307000185340E+02 +/-   6.097130894521E-05
  > varE =   1.860534657493E-04

VMC #7:
* Size of Hilbert space =   4.0000E+02
* Deterministic energy evaluation:
  > Deterministic Etot/t = -230.70007451980825
    - Ttot/t = -10.363398375794649
    - Utot/t = 3.9058157101342683
* Number of equil. steps   = 1000
* Running VMC equilibration.
  Done. [total walltime: 0.02s]
* Equil. acc.ratio (%)     =  42.0422
* Sample config after equilibration:
  +-----+
  |  u  |
  |d   2|
  |u   0|
  |  d  |
  +-----+
* Number of accum. steps   = 500480 x 10
* Running VMC accumulation.
  Done. [total walltime: 5.17s]
* Acceptance ratio (%)     =  41.9140
* Etot/t                   =  -2.307000568366E+02 +/-   2.033898061931E-05
  > Ttot/t                 =  -1.036302195853E+01 +/-   2.950314369650E-04
  > Utot/t                 =   3.905456976063E+00 +/-   2.945697050478E-04
* var[Eloc/t]              =   2.058989248852E-04 +/-   1.420964418459E-06
* Correlation length       =   1.005520694270E+00
* log10 Psi^2 range: -6.5396065454304555 -- -2.3717221433654023
* log10 Pgen range : -6.5396065454304555 -- -2.3717221433654023
* Site occupation (ave. no. electrons per config.):
  > Site_  ___eu____  ___ed____
      1        0.500      0.498
      2        0.501      0.502
      3        0.500      0.500
      4        0.502      0.500
      5        0.501      0.501
      6        0.497      0.500
* Pair-correlation analysis (ave. no. pairs per config.):
  > Shell  nsite  ___dh____  __eueu___  __eued___
      0      1        0          0          1.023
      1      4        1.047      1.484      3.539
      2      4        0.147      0.840      1.106
      3      4        0.073      0.423      0.559
      4      4        0.231      2.172      1.851
      5      4        0.116      1.081      0.922

VDAGGER finished.
Total VDAGGER walltime: 2m

Run ended: Fri Sep 26 18:40:00 CEST 2025
