Run started: Fri Sep 26 18:46:52 CEST 2025
Using VDAGGER_ARCH = gnu7_fkfamd_cluster
Running 1x128 MPI processes.

                               xx
                              +##
                               #X
                               Xx
                          X##XxXxxX##x
                           +   Xx  ++
                               ##
                              +##
                              +##
     ++++         ++          +##
   xX+++##+      ####         +##
  Xx    ###      +X##          ##
 xX    X##+        ##          #X
 +    x##X         #x          #X
      ###         +#           x+
     X##+         #+
     ###         Xx                    _______
     ##X       +X+   __________________VDAGGER
     +##x    +xX     2nd quantized variational
       +xxxxx+       ______quantum Monte Carlo

* Running 128 MPI processes.
* Input file: "input.casl"

############# Start of input file dump #############
General:
  Random seed: timer

Plan:
  VMC-optimization:
    Minimum cycles: 10
    Convergence cycles: 5

System:
  Read Hamiltonian: FCIDUMP_loc_benzene
  Read orbitals: LTSC_benzene
  Complex orbitals: F
  Geometry:
    r_5: [ 0.00000000000000, 2.63994739601739 ]
    r_4: [ 2.28626150960564, 1.31997369800870 ]
    r_6: [ 2.28626150960564, -1.31997369800870 ]
    r_2: [ 0.00000000000000, -2.63994739601739 ]
    r_3: [ -2.28626150960564, -1.31997369800870 ]
    r_1: [ -2.28626150960564, 1.31997369800870 ]

VMC:
  nstep: 500000
  nconfig: 50000

Jastrow: wfn.casl

Multideterminants: wfn.casl
############## End of input file dump ##############

General setup:
* Random seed: 1896915555 (from timer)

* Loaded integrals for system with nelec=6, ms2=0, norb=6
* INFO: setting number of electrons from integrals file.
* Analysis of Hamiltonian connecitivity performed:
  - T_ii (local, 1-site): 6 (i) values
  - U_iiii [opp] (local, 1-site): 6 (i) values
  - U_kkii [opp] (local, 2-site): 30 contribs. from 6 (i) values
  - U_kkii [par] (local, 2-site): 15 contribs. from 5 (i) values
  - T_ji (single, 2-site): 30 contribs. from 6 (i) values
  - U_kkji [opp] (single, 2/3-site): 180 contribs. from 30 (i,j) pairs
  - U_kkji [par] (single, 3-site): 150 contribs. from 30 (i,j) pairs
  - U_lkji [opp] (double, 2/3/4-site): 900 contribs. from 30 (i,j) pairs
  - U_lkji [par] (double, 4-site): 170 contribs. from 20 (i,j) pairs
  - Max. no. wfn. ratios in Eloc: 255
* Reading override orbitals from file "LTSC_benzene".
* Site labels:
  +-----+
  |  5  |
  |1   4|
  |3   6|
  |  2  |
  +-----+
* Automatically set Site kinds:
  [ 1, 1, 1, 1, 1, 1 ]
  +-----+
  |  1  |
  |1   1|
  |1   1|
  |  1  |
  +-----+
* Maximum Site kind: 1
* Number of site-pair kinds with Tij=0: 0
* Automatically set Site pair kinds:
  Site 1: [ 0, 4, 1, -5, -1, -2 ]
  Site 2: [ 4, 0, 1, -4, -3, -1 ]
  Site 3: [ 1, 1, 0, -2, -4, -5 ]
  Site 4: [ -5, -4, -2, 0, 1, 1 ]
  Site 5: [ -1, -3, -4, 1, 0, 4 ]
  Site 6: [ -2, -1, -5, 1, 4, 0 ]
  For site 1 of kind 1:
  +--------+
  |   -1   |
  | 0    -5|
  | 1    -2|
  |    4   |
  +--------+
* Maximum (unsigned) Site pair kind: 5
General system setup:
* Number of sites       : 6
* Number of electrons   : 6
* Spin imbalance MS2    : 0
* Filling               : 0.500000
* Number of orbitals in pool: 6
* Using real-valued orbitals
* Using double-precision arithmetic for orbitals

Trial wave function setup:
* Jastrow parameter file: "wfn.casl"
* Multideterminant parameter file: "wfn.casl"
* Not using a backflow transformation
* Not using wave function manipulation

VMC #1:
* Size of Hilbert space =   4.0000E+02
* Deterministic energy evaluation:
  > Deterministic Etot/t = -230.70007451980825
    - Ttot/t = -10.363398375794649
    - Utot/t = 3.9058157101342683
* Number of equil. steps   = 1000
* Running VMC equilibration.
  Done. [total walltime: 0.03s]
* Equil. acc.ratio (%)     =  42.0246
* Sample config after equilibration:
  +-----+
  |  u  |
  |d   d|
  |d   u|
  |  u  |
  +-----+
* Number of accum. steps   = 500480 x 10
* Running VMC accumulation.
  Done. [total walltime: 7.13s]
* Acceptance ratio (%)     =  41.9261
* Etot/t                   =  -2.307000704803E+02 +/-   2.005452602904E-05
  > Ttot/t                 =  -1.036322650122E+01 +/-   2.851618246612E-04
  > Utot/t                 =   3.905647875024E+00 +/-   2.847903518432E-04
* var[Eloc/t]              =   2.056409443623E-04 +/-   2.995733492212E-06
* Correlation length       =   9.788179881967E-01
* log10 Psi^2 range: -6.5396063780042981 -- -2.3716529961364841
* log10 Pgen range : -6.5396063780042981 -- -2.3716529961364841
* Site occupation (ave. no. electrons per config.):
  > Site_  ___eu____  ___ed____
      1        0.499      0.497
      2        0.500      0.500
      3        0.498      0.501
      4        0.500      0.503
      5        0.502      0.499
      6        0.501      0.501
* Pair-correlation analysis (ave. no. pairs per config.):
  > Shell  nsite  ___dh____  __eueu___  __eued___
      0      1        0          0          1.035
      1      4        1.070      1.476      3.523
      2      4        0.153      0.843      1.103
      3      4        0.075      0.425      0.552
      4      4        0.235      2.169      1.859
      5      4        0.116      1.086      0.929

Optimization #1:
* Method          : lls
* Target function : energy
* No. of configs. : 50048
* No. of params.  : 19
* Before optimization:
  -1.1147E+00   3.5255E-01  -9.5262E-02  -6.8002E-02   1.2130E-02   1.1929E-02
  -2.1712E-01  -1.4997E-01   6.4763E-02   1.6544E-02   1.1587E-01  -4.2851E-02
   3.2644E-02  -3.4850E-02  -7.4433E-02  -8.9994E-02   5.2588E-02  -1.4023E-02
   1.2337E-02
  > E    =  -2.307000410390E+02 +/-   6.337296432823E-05
  > varE =   2.009994047526E-04
* Computing derivatives.
  Done. [total walltime: 3.80s]
* Optimizing manipulation constant:
  #igrid a___________ E____________________________________ varE____________
     1     Infinity    -2.30700041E+02 +/-   6.33729643E-05   2.00999405E-04
     2     1.0000E+06  -2.30700041E+02 +/-   6.33729641E-05   2.00999403E-04
     3     2.1544E+05  -2.30700041E+02 +/-   6.33729633E-05   2.00999398E-04
     4     4.6416E+04  -2.30700041E+02 +/-   6.33729597E-05   2.00999375E-04
     5     1.0000E+04  -2.30700041E+02 +/-   6.33729426E-05   2.00999267E-04
     6     2.1544E+03  -2.30700041E+02 +/-   6.33728636E-05   2.00998766E-04
     7     4.6416E+02  -2.30700041E+02 +/-   6.33724980E-05   2.00996447E-04
     8     1.0000E+02  -2.30700041E+02 +/-   6.33708214E-05   2.00985812E-04
     9     2.1544E+01  -2.30700041E+02 +/-   6.33634553E-05   2.00939090E-04
    10     4.6416E+00  -2.30700042E+02 +/-   6.33362305E-05   2.00766455E-04
    11     1.0000E+00  -2.30700044E+02 +/-   6.32763550E-05   2.00387042E-04
    12     2.1544E-01  -2.30700047E+02 +/-   6.32245492E-05   2.00059053E-04
    13     4.6416E-02  -2.30700048E+02 +/-   6.32057108E-05   1.99939852E-04
    14     1.0000E-02  -2.30700049E+02 +/-   6.32009953E-05   1.99910020E-04
    15     2.1544E-03  -2.30700049E+02 +/-   6.31999384E-05   1.99903334E-04
    16     4.6416E-04  -2.30700049E+02 +/-   6.31997086E-05   1.99901880E-04
    17     1.0000E-04  -2.30700049E+02 +/-   6.31996589E-05   1.99901566E-04
    18     2.1544E-05  -2.30700049E+02 +/-   6.31996483E-05   1.99901498E-04
    19     4.6416E-06  -2.30700049E+02 +/-   6.31996459E-05   1.99901484E-04
    20     1.0000E-06  -2.30700049E+02 +/-   6.31996455E-05   1.99901481E-04
    21     0.0000E+00  -2.30700049E+02 +/-   6.31996453E-05   1.99901480E-04
* Iteration # 1: E =  -2.307000488372E+02 +/-   6.319964531545E-05
* Convergence: exiting.
* After optimization:
  -1.1120E+00   3.4787E-01  -9.1242E-02  -6.6208E-02   1.2924E-02   1.3499E-02
  -2.1283E-01  -1.5244E-01   6.1519E-02   1.5400E-02   1.1628E-01  -4.6374E-02
   3.4848E-02  -3.6458E-02  -7.5696E-02  -9.0870E-02   5.3180E-02  -1.1110E-02
   1.3020E-02
  > Energy =  -2.307000488372E+02 +/-   6.319964531545E-05
  > varE =   1.999014797680E-04

VMC #2:
* Size of Hilbert space =   4.0000E+02
* Deterministic energy evaluation:
  > Deterministic Etot/t = -230.70007457618973
    - Ttot/t = -10.363214922321596
    - Utot/t = 3.9056322002798209
* Number of equil. steps   = 1000
* Running VMC equilibration.
  Done. [total walltime: 0.02s]
* Equil. acc.ratio (%)     =  42.0007
* Sample config after equilibration:
  +-----+
  |  u  |
  |d   d|
  |u   u|
  |  d  |
  +-----+
* Number of accum. steps   = 500480 x 10
* Running VMC accumulation.
  Done. [total walltime: 7.00s]
* Acceptance ratio (%)     =  41.8640
* Etot/t                   =  -2.307000728025E+02 +/-   2.069810472856E-05
  > Ttot/t                 =  -1.036249243319E+01 +/-   2.913094762610E-04
  > Utot/t                 =   3.904911484809E+00 +/-   2.901120208008E-04
* var[Eloc/t]              =   2.143737814425E-04 +/-   6.683455851285E-06
* Correlation length       =   1.000175514810E+00
* log10 Psi^2 range: -6.5481714835703988 -- -2.3758396487836908
* log10 Pgen range : -6.5481714835703988 -- -2.3758396487836908
* Site occupation (ave. no. electrons per config.):
  > Site_  ___eu____  ___ed____
      1        0.501      0.498
      2        0.502      0.499
      3        0.496      0.500
      4        0.503      0.499
      5        0.502      0.498
      6        0.496      0.505
* Pair-correlation analysis (ave. no. pairs per config.):
  > Shell  nsite  ___dh____  __eueu___  __eued___
      0      1        0          0          1.028
      1      4        1.058      1.486      3.521
      2      4        0.151      0.846      1.101
      3      4        0.074      0.424      0.551
      4      4        0.228      2.163      1.869
      5      4        0.117      1.080      0.930

Optimization #2:
* Method          : lls
* Target function : energy
* No. of configs. : 50048
* No. of params.  : 19
* Before optimization:
  -1.1120E+00   3.4787E-01  -9.1242E-02  -6.6208E-02   1.2924E-02   1.3499E-02
  -2.1283E-01  -1.5244E-01   6.1519E-02   1.5400E-02   1.1628E-01  -4.6374E-02
   3.4848E-02  -3.6458E-02  -7.5696E-02  -9.0870E-02   5.3180E-02  -1.1110E-02
   1.3020E-02
  > E    =  -2.307000589971E+02 +/-   6.473038513668E-05
  > varE =   2.097022590897E-04
* Computing derivatives.
  Done. [total walltime: 3.79s]
* Optimizing manipulation constant:
  #igrid a___________ E____________________________________ varE____________
     1     Infinity    -2.30700059E+02 +/-   6.47303851E-05   2.09702259E-04
     2     1.0000E+06  -2.30700059E+02 +/-   6.47303848E-05   2.09702257E-04
     3     2.1544E+05  -2.30700059E+02 +/-   6.47303834E-05   2.09702248E-04
     4     4.6416E+04  -2.30700059E+02 +/-   6.47303773E-05   2.09702208E-04
     5     1.0000E+04  -2.30700059E+02 +/-   6.47303486E-05   2.09702022E-04
     6     2.1544E+03  -2.30700059E+02 +/-   6.47302156E-05   2.09701160E-04
     7     4.6416E+02  -2.30700059E+02 +/-   6.47295998E-05   2.09697171E-04
     8     1.0000E+02  -2.30700059E+02 +/-   6.47267789E-05   2.09678894E-04
     9     2.1544E+01  -2.30700059E+02 +/-   6.47144403E-05   2.09598961E-04
    10     4.6416E+00  -2.30700060E+02 +/-   6.46706138E-05   2.09315164E-04
    11     1.0000E+00  -2.30700063E+02 +/-   6.46374474E-05   2.09100524E-04
    12     2.1544E-01  -2.30700066E+02 +/-   6.51635230E-05   2.12518058E-04
    13     4.6416E-02  -2.30700053E+02 +/-   6.69275306E-05   2.24179724E-04
    14     1.0000E-02  -2.30699827E+02 +/-   8.35970965E-05   3.49759174E-04
    15     2.1544E-03  -2.30697040E+02 +/-   1.95632354E-04   1.91543795E-03
    16     4.6416E-04  -2.30681914E+02 +/-   4.51491806E-04   1.02020271E-02
    17     1.0000E-04  -2.30651698E+02 +/-   7.12889201E-04   2.54349448E-02
    18     2.1544E-05  -2.30621874E+02 +/-   8.79434178E-04   3.87073471E-02
    19     4.6416E-06  -2.30593742E+02 +/-   9.95647964E-04   4.96133265E-02
    20     1.0000E-06  -2.30590771E+02 +/-   1.00623186E-03   5.06737284E-02
    21     0.0000E+00  -2.30590967E+02 +/-   1.00554224E-03   5.06042937E-02
  ParMin   3.9875E-01  -2.30700065E+02 +/-   6.48391495E-05   2.10407563E-04
  # Using parabolic minimum
* Iteration # 1: E =  -2.307000654208E+02 +/-   6.483914948063E-05
* Convergence: exiting.
* After optimization:
  -1.0967E+00   3.4482E-01  -9.3802E-02  -6.7878E-02   1.0572E-02   1.0938E-02
  -2.0701E-01  -1.5009E-01   6.4403E-02   1.7104E-02   1.2180E-01  -4.6075E-02
   3.5973E-02  -3.8215E-02  -7.4517E-02  -9.0261E-02   5.1963E-02  -1.1427E-02
   1.1296E-02
  > Energy =  -2.307000654208E+02 +/-   6.483914948063E-05
  > varE =   2.104075628033E-04

VMC #3:
* Size of Hilbert space =   4.0000E+02
* Deterministic energy evaluation:
  > Deterministic Etot/t = -230.70007274215644
    - Ttot/t = -10.363860536285054
    - Utot/t = 3.9062796482765050
* Number of equil. steps   = 1000
* Running VMC equilibration.
  Done. [total walltime: 0.02s]
* Equil. acc.ratio (%)     =  41.9413
* Sample config after equilibration:
  +-----+
  |  0  |
  |2   u|
  |d   d|
  |  u  |
  +-----+
* Number of accum. steps   = 500480 x 10
* Running VMC accumulation.
  Done. [total walltime: 6.99s]
* Acceptance ratio (%)     =  41.8897
* Etot/t                   =  -2.307000862715E+02 +/-   2.016917089879E-05
  > Ttot/t                 =  -1.036387133245E+01 +/-   2.875862082805E-04
  > Utot/t                 =   3.906276915120E+00 +/-   2.879737981274E-04
* var[Eloc/t]              =   2.079778537165E-04 +/-   1.661758929613E-06
* Correlation length       =   9.789166757537E-01
* log10 Psi^2 range: -5.8897774096085325 -- -2.3583737912816107
* log10 Pgen range : -5.8897774096085325 -- -2.3583737912816107
* Site occupation (ave. no. electrons per config.):
  > Site_  ___eu____  ___ed____
      1        0.500      0.500
      2        0.499      0.497
      3        0.502      0.500
      4        0.498      0.499
      5        0.502      0.499
      6        0.499      0.505
* Pair-correlation analysis (ave. no. pairs per config.):
  > Shell  nsite  ___dh____  __eueu___  __eued___
      0      1        0          0          1.032
      1      4        1.066      1.477      3.523
      2      4        0.153      0.841      1.106
      3      4        0.075      0.421      0.551
      4      4        0.229      2.172      1.858
      5      4        0.115      1.089      0.929

Optimization #3:
* Method          : lls
* Target function : energy
* No. of configs. : 50048
* No. of params.  : 19
* Before optimization:
  -1.0967E+00   3.4482E-01  -9.3802E-02  -6.7878E-02   1.0572E-02   1.0938E-02
  -2.0701E-01  -1.5009E-01   6.4403E-02   1.7104E-02   1.2180E-01  -4.6075E-02
   3.5973E-02  -3.8215E-02  -7.4517E-02  -9.0261E-02   5.1963E-02  -1.1427E-02
   1.1296E-02
  > E    =  -2.307000677115E+02 +/-   6.440667647241E-05
  > varE =   2.076101132699E-04
* Computing derivatives.
  Done. [total walltime: 3.78s]
* Optimizing manipulation constant:
  #igrid a___________ E____________________________________ varE____________
     1     Infinity    -2.30700068E+02 +/-   6.44066765E-05   2.07610113E-04
     2     1.0000E+06  -2.30700068E+02 +/-   6.44066761E-05   2.07610111E-04
     3     2.1544E+05  -2.30700068E+02 +/-   6.44066748E-05   2.07610102E-04
     4     4.6416E+04  -2.30700068E+02 +/-   6.44066686E-05   2.07610063E-04
     5     1.0000E+04  -2.30700068E+02 +/-   6.44066401E-05   2.07609879E-04
     6     2.1544E+03  -2.30700068E+02 +/-   6.44065077E-05   2.07609025E-04
     7     4.6416E+02  -2.30700068E+02 +/-   6.44058950E-05   2.07605075E-04
     8     1.0000E+02  -2.30700068E+02 +/-   6.44030912E-05   2.07587000E-04
     9     2.1544E+01  -2.30700068E+02 +/-   6.43908759E-05   2.07508262E-04
    10     4.6416E+00  -2.30700067E+02 +/-   6.43469028E-05   2.07224940E-04
    11     1.0000E+00  -2.30700066E+02 +/-   6.42506054E-05   2.06605165E-04
    12     2.1544E-01  -2.30700061E+02 +/-   6.42024095E-05   2.06295323E-04
    13     4.6416E-02  -2.30700045E+02 +/-   6.47867838E-05   2.10067840E-04
    14     1.0000E-02  -2.30699899E+02 +/-   7.43025872E-05   2.76308725E-04
    15     2.1544E-03  -2.30689386E+02 +/-   3.52463622E-04   6.21749329E-03
    16     4.6416E-04  -2.30539770E+02 +/-   1.18167594E-03   6.98849262E-02
    17     1.0000E-04  -2.30489531E+02 +/-   1.27679187E-03   8.15881231E-02
    18     2.1544E-05  -2.30479292E+02 +/-   1.29071324E-03   8.33769983E-02
    19     4.6416E-06  -2.30477121E+02 +/-   1.29344673E-03   8.37305257E-02
    20     1.0000E-06  -2.30476655E+02 +/-   1.29402371E-03   8.38052440E-02
    21     0.0000E+00  -2.30476527E+02 +/-   1.29418142E-03   8.38256728E-02
* Iteration # 1: E =  -2.307000677115E+02 +/-   6.440667647241E-05
* Convergence: exiting.
* After optimization:
  -1.0967E+00   3.4482E-01  -9.3802E-02  -6.7878E-02   1.0572E-02   1.0938E-02
  -2.0701E-01  -1.5009E-01   6.4403E-02   1.7104E-02   1.2180E-01  -4.6075E-02
   3.5973E-02  -3.8215E-02  -7.4517E-02  -9.0261E-02   5.1963E-02  -1.1427E-02
   1.1296E-02
  > Energy =  -2.307000677115E+02 +/-   6.440667647241E-05
  > varE =   2.076101132699E-04

VMC #4:
* Size of Hilbert space =   4.0000E+02
* Deterministic energy evaluation:
  > Deterministic Etot/t = -230.70007274215644
    - Ttot/t = -10.363860536285054
    - Utot/t = 3.9062796482765050
* Number of equil. steps   = 1000
* Running VMC equilibration.
  Done. [total walltime: 0.02s]
* Equil. acc.ratio (%)     =  41.8646
* Sample config after equilibration:
  +-----+
  |  u  |
  |d   d|
  |2   u|
  |  0  |
  +-----+
* Number of accum. steps   = 500480 x 10
* Running VMC accumulation.
  Done. [total walltime: 6.93s]
* Acceptance ratio (%)     =  41.8850
* Etot/t                   =  -2.307000797751E+02 +/-   1.993098209142E-05
  > Ttot/t                 =  -1.036395849537E+01 +/-   2.889286993764E-04
  > Utot/t                 =   3.906370574378E+00 +/-   2.898768375845E-04
* var[Eloc/t]              =   2.084064444002E-04 +/-   3.783571577562E-06
* Correlation length       =   9.539661850623E-01
* log10 Psi^2 range: -6.5463331285441777 -- -2.3583275043529612
* log10 Pgen range : -6.5463331285441777 -- -2.3583275043529612
* Site occupation (ave. no. electrons per config.):
  > Site_  ___eu____  ___ed____
      1        0.500      0.500
      2        0.499      0.498
      3        0.504      0.500
      4        0.500      0.499
      5        0.500      0.501
      6        0.497      0.502
* Pair-correlation analysis (ave. no. pairs per config.):
  > Shell  nsite  ___dh____  __eueu___  __eued___
      0      1        0          0          1.032
      1      4        1.062      1.477      3.526
      2      4        0.152      0.841      1.108
      3      4        0.074      0.420      0.554
      4      4        0.231      2.173      1.853
      5      4        0.116      1.089      0.927

Optimization #4:
* Method          : lls
* Target function : energy
* No. of configs. : 50048
* No. of params.  : 19
* Before optimization:
  -1.0967E+00   3.4482E-01  -9.3802E-02  -6.7878E-02   1.0572E-02   1.0938E-02
  -2.0701E-01  -1.5009E-01   6.4403E-02   1.7104E-02   1.2180E-01  -4.6075E-02
   3.5973E-02  -3.8215E-02  -7.4517E-02  -9.0261E-02   5.1963E-02  -1.1427E-02
   1.1296E-02
  > E    =  -2.307000882993E+02 +/-   6.271418112617E-05
  > varE =   1.968422130050E-04
* Computing derivatives.
  Done. [total walltime: 3.77s]
* Optimizing manipulation constant:
  #igrid a___________ E____________________________________ varE____________
     1     Infinity    -2.30700088E+02 +/-   6.27141811E-05   1.96842213E-04
     2     1.0000E+06  -2.30700088E+02 +/-   6.27141805E-05   1.96842209E-04
     3     2.1544E+05  -2.30700088E+02 +/-   6.27141784E-05   1.96842196E-04
     4     4.6416E+04  -2.30700088E+02 +/-   6.27141685E-05   1.96842134E-04
     5     1.0000E+04  -2.30700088E+02 +/-   6.27141227E-05   1.96841846E-04
     6     2.1544E+03  -2.30700088E+02 +/-   6.27139101E-05   1.96840512E-04
     7     4.6416E+02  -2.30700088E+02 +/-   6.27129248E-05   1.96834327E-04
     8     1.0000E+02  -2.30700088E+02 +/-   6.27083868E-05   1.96805841E-04
     9     2.1544E+01  -2.30700088E+02 +/-   6.26880610E-05   1.96678280E-04
    10     4.6416E+00  -2.30700088E+02 +/-   6.26075602E-05   1.96173475E-04
    11     1.0000E+00  -2.30700088E+02 +/-   6.24080375E-05   1.94925106E-04
    12     2.1544E-01  -2.30700086E+02 +/-   6.22776479E-05   1.94111440E-04
    13     4.6416E-02  -2.30700083E+02 +/-   6.23452853E-05   1.94533303E-04
    14     1.0000E-02  -2.30700082E+02 +/-   6.24020322E-05   1.94887594E-04
    15     2.1544E-03  -2.30700081E+02 +/-   6.24187547E-05   1.94992060E-04
    16     4.6416E-04  -2.30700081E+02 +/-   6.24226201E-05   1.95016211E-04
    17     1.0000E-04  -2.30700081E+02 +/-   6.24234658E-05   1.95021495E-04
    18     2.1544E-05  -2.30700081E+02 +/-   6.24236485E-05   1.95022637E-04
    19     4.6416E-06  -2.30700081E+02 +/-   6.24236880E-05   1.95022883E-04
    20     1.0000E-06  -2.30700081E+02 +/-   6.24236965E-05   1.95022936E-04
    21     0.0000E+00  -2.30700081E+02 +/-   6.24236988E-05   1.95022951E-04
* Iteration # 1: E =  -2.307000881275E+02 +/-   6.240803750805E-05
* Convergence: exiting.
* After optimization:
  -1.1087E+00   3.4859E-01  -9.2976E-02  -6.7593E-02   1.1588E-02   1.1656E-02
  -2.1110E-01  -1.5138E-01   6.4078E-02   1.6018E-02   1.2097E-01  -4.6371E-02
   3.5253E-02  -3.7964E-02  -7.5027E-02  -9.0509E-02   5.2277E-02  -1.2358E-02
   1.1853E-02
  > Energy =  -2.307000881275E+02 +/-   6.240803750805E-05
  > varE =   1.949251059113E-04

VMC #5:
* Size of Hilbert space =   4.0000E+02
* Deterministic energy evaluation:
  > Deterministic Etot/t = -230.70007457242068
    - Ttot/t = -10.363517377049526
    - Utot/t = 3.9059346587766939
* Number of equil. steps   = 1000
* Running VMC equilibration.
  Done. [total walltime: 0.02s]
* Equil. acc.ratio (%)     =  41.9880
* Sample config after equilibration:
  +-----+
  |  0  |
  |2   u|
  |d   d|
  |  u  |
  +-----+
* Number of accum. steps   = 500480 x 10
* Running VMC accumulation.
  Done. [total walltime: 6.94s]
* Acceptance ratio (%)     =  41.8713
* Etot/t                   =  -2.307000749178E+02 +/-   1.971195024644E-05
  > Ttot/t                 =  -1.036345443601E+01 +/-   2.920015523496E-04
  > Utot/t                 =   3.905871372355E+00 +/-   2.920067612737E-04
* var[Eloc/t]              =   2.059471000676E-04 +/-   2.465164010638E-06
* Correlation length       =   9.442570469155E-01
* log10 Psi^2 range: -5.9087355165122064 -- -2.3706403691448514
* log10 Pgen range : -5.9087355165122064 -- -2.3706403691448514
* Site occupation (ave. no. electrons per config.):
  > Site_  ___eu____  ___ed____
      1        0.503      0.503
      2        0.501      0.500
      3        0.501      0.499
      4        0.496      0.503
      5        0.499      0.498
      6        0.500      0.497
* Pair-correlation analysis (ave. no. pairs per config.):
  > Shell  nsite  ___dh____  __eueu___  __eued___
      0      1        0          0          1.031
      1      4        1.064      1.476      3.526
      2      4        0.151      0.844      1.104
      3      4        0.075      0.421      0.554
      4      4        0.230      2.174      1.854
      5      4        0.114      1.086      0.931

Optimization #5:
* Method          : lls
* Target function : energy
* No. of configs. : 50048
* No. of params.  : 19
* Before optimization:
  -1.1087E+00   3.4859E-01  -9.2976E-02  -6.7593E-02   1.1588E-02   1.1656E-02
  -2.1110E-01  -1.5138E-01   6.4078E-02   1.6018E-02   1.2097E-01  -4.6371E-02
   3.5253E-02  -3.7964E-02  -7.5027E-02  -9.0509E-02   5.2277E-02  -1.2358E-02
   1.1853E-02
  > E    =  -2.306999827193E+02 +/-   6.293694070599E-05
  > varE =   1.982430560797E-04
* Computing derivatives.
  Done. [total walltime: 3.79s]
* Optimizing manipulation constant:
  #igrid a___________ E____________________________________ varE____________
     1     Infinity    -2.30699983E+02 +/-   6.29369407E-05   1.98243056E-04
     2     1.0000E+06  -2.30699983E+02 +/-   6.29369406E-05   1.98243055E-04
     3     2.1544E+05  -2.30699983E+02 +/-   6.29369403E-05   1.98243053E-04
     4     4.6416E+04  -2.30699983E+02 +/-   6.29369386E-05   1.98243043E-04
     5     1.0000E+04  -2.30699983E+02 +/-   6.29369311E-05   1.98242996E-04
     6     2.1544E+03  -2.30699983E+02 +/-   6.29368961E-05   1.98242775E-04
     7     4.6416E+02  -2.30699983E+02 +/-   6.29367351E-05   1.98241761E-04
     8     1.0000E+02  -2.30699983E+02 +/-   6.29360119E-05   1.98237205E-04
     9     2.1544E+01  -2.30699983E+02 +/-   6.29331375E-05   1.98219097E-04
    10     4.6416E+00  -2.30699983E+02 +/-   6.29269577E-05   1.98180171E-04
    11     1.0000E+00  -2.30699982E+02 +/-   6.29415328E-05   1.98271986E-04
    12     2.1544E-01  -2.30699981E+02 +/-   6.30002940E-05   1.98642366E-04
    13     4.6416E-02  -2.30699981E+02 +/-   6.30416451E-05   1.98903215E-04
    14     1.0000E-02  -2.30699981E+02 +/-   6.30546089E-05   1.98985027E-04
    15     2.1544E-03  -2.30699981E+02 +/-   6.30576733E-05   1.99004369E-04
    16     4.6416E-04  -2.30699981E+02 +/-   6.30583474E-05   1.99008624E-04
    17     1.0000E-04  -2.30699981E+02 +/-   6.30584932E-05   1.99009544E-04
    18     2.1544E-05  -2.30699981E+02 +/-   6.30585247E-05   1.99009743E-04
    19     4.6416E-06  -2.30699981E+02 +/-   6.30585315E-05   1.99009786E-04
    20     1.0000E-06  -2.30699981E+02 +/-   6.30585329E-05   1.99009795E-04
    21     0.0000E+00  -2.30699981E+02 +/-   6.30585333E-05   1.99009797E-04
* Iteration # 1: E =  -2.306999827131E+02 +/-   6.293313745636E-05
* Convergence: exiting.
* After optimization:
  -1.1087E+00   3.4843E-01  -9.2874E-02  -6.7329E-02   1.1619E-02   1.1779E-02
  -2.1093E-01  -1.5143E-01   6.4005E-02   1.6008E-02   1.2094E-01  -4.6525E-02
   3.5247E-02  -3.8053E-02  -7.4998E-02  -9.0565E-02   5.2283E-02  -1.2240E-02
   1.1858E-02
  > Energy =  -2.306999827131E+02 +/-   6.293313745636E-05
  > varE =   1.982190973350E-04

VMC #6:
* Size of Hilbert space =   4.0000E+02
* Deterministic energy evaluation:
  > Deterministic Etot/t = -230.70007457782518
    - Ttot/t = -10.363509392500521
    - Utot/t = 3.9059266688232617
* Number of equil. steps   = 1000
* Running VMC equilibration.
  Done. [total walltime: 0.02s]
* Equil. acc.ratio (%)     =  42.0225
* Sample config after equilibration:
  +-----+
  |  d  |
  |2   u|
  |0   0|
  |  2  |
  +-----+
* Number of accum. steps   = 500480 x 10
* Running VMC accumulation.
  Done. [total walltime: 6.95s]
* Acceptance ratio (%)     =  41.8838
* Etot/t                   =  -2.307000758871E+02 +/-   2.032865806266E-05
  > Ttot/t                 =  -1.036358530851E+01 +/-   2.931104456102E-04
  > Utot/t                 =   3.906001275565E+00 +/-   2.932144572721E-04
* var[Eloc/t]              =   2.076451962633E-04 +/-   3.531898180960E-06
* Correlation length       =   9.960525700507E-01
* log10 Psi^2 range: -6.5524956632386457 -- -2.3707920499334740
* log10 Pgen range : -6.5524956632386457 -- -2.3707920499334740
* Site occupation (ave. no. electrons per config.):
  > Site_  ___eu____  ___ed____
      1        0.501      0.502
      2        0.500      0.498
      3        0.500      0.503
      4        0.499      0.498
      5        0.500      0.499
      6        0.501      0.500
* Pair-correlation analysis (ave. no. pairs per config.):
  > Shell  nsite  ___dh____  __eueu___  __eued___
      0      1        0          0          1.033
      1      4        1.062      1.483      3.522
      2      4        0.152      0.844      1.105
      3      4        0.073      0.422      0.552
      4      4        0.234      2.166      1.854
      5      4        0.116      1.085      0.933

Optimization #6:
* Method          : lls
* Target function : energy
* No. of configs. : 50048
* No. of params.  : 19
* Before optimization:
  -1.1087E+00   3.4843E-01  -9.2874E-02  -6.7329E-02   1.1619E-02   1.1779E-02
  -2.1093E-01  -1.5143E-01   6.4005E-02   1.6008E-02   1.2094E-01  -4.6525E-02
   3.5247E-02  -3.8053E-02  -7.4998E-02  -9.0565E-02   5.2283E-02  -1.2240E-02
   1.1858E-02
  > E    =  -2.307000679607E+02 +/-   6.440388832235E-05
  > varE =   2.075921388718E-04
* Computing derivatives.
  Done. [total walltime: 3.81s]
* Optimizing manipulation constant:
  #igrid a___________ E____________________________________ varE____________
     1     Infinity    -2.30700068E+02 +/-   6.44038883E-05   2.07592139E-04
     2     1.0000E+06  -2.30700068E+02 +/-   6.44038878E-05   2.07592135E-04
     3     2.1544E+05  -2.30700068E+02 +/-   6.44038857E-05   2.07592122E-04
     4     4.6416E+04  -2.30700068E+02 +/-   6.44038762E-05   2.07592061E-04
     5     1.0000E+04  -2.30700068E+02 +/-   6.44038321E-05   2.07591776E-04
     6     2.1544E+03  -2.30700068E+02 +/-   6.44036273E-05   2.07590456E-04
     7     4.6416E+02  -2.30700068E+02 +/-   6.44026796E-05   2.07584347E-04
     8     1.0000E+02  -2.30700068E+02 +/-   6.43983332E-05   2.07556329E-04
     9     2.1544E+01  -2.30700068E+02 +/-   6.43792129E-05   2.07433098E-04
    10     4.6416E+00  -2.30700068E+02 +/-   6.43074113E-05   2.06970659E-04
    11     1.0000E+00  -2.30700069E+02 +/-   6.41324628E-05   2.05846062E-04
    12     2.1544E-01  -2.30700064E+02 +/-   6.41551903E-05   2.05991985E-04
    13     4.6416E-02  -2.30699907E+02 +/-   7.24903273E-05   2.62994610E-04
    14     1.0000E-02  -2.30698650E+02 +/-   1.28060653E-04   8.20763717E-04
    15     2.1544E-03  -2.30696089E+02 +/-   1.99826610E-04   1.99845038E-03
    16     4.6416E-04  -2.30694636E+02 +/-   2.30906130E-04   2.66844129E-03
    17     1.0000E-04  -2.30694220E+02 +/-   2.39051228E-04   2.86001747E-03
    18     2.1544E-05  -2.30694124E+02 +/-   2.40887831E-04   2.90413266E-03
    19     4.6416E-06  -2.30694103E+02 +/-   2.41287489E-04   2.91377716E-03
    20     1.0000E-06  -2.30694098E+02 +/-   2.41373779E-04   2.91586160E-03
    21     0.0000E+00  -2.30694097E+02 +/-   2.41397486E-04   2.91643440E-03
  ParMin   1.5358E+00  -2.30700069E+02 +/-   6.41905829E-05   2.06219327E-04
  # Using grid point #11
* Iteration # 1: E =  -2.307000689453E+02 +/-   6.413246282088E-05
* Convergence: exiting.
* After optimization:
  -1.1183E+00   3.5202E-01  -9.2957E-02  -6.7513E-02   1.3167E-02   1.2886E-02
  -2.1541E-01  -1.5185E-01   6.3288E-02   1.5240E-02   1.1864E-01  -4.5939E-02
   3.4068E-02  -3.7042E-02  -7.5225E-02  -9.0598E-02   5.3085E-02  -1.3172E-02
   1.2678E-02
  > Energy =  -2.307000689453E+02 +/-   6.413246282088E-05
  > varE =   2.058460620674E-04

VMC #7:
* Size of Hilbert space =   4.0000E+02
* Deterministic energy evaluation:
  > Deterministic Etot/t = -230.70007490608441
    - Ttot/t = -10.363231628925666
    - Utot/t = 3.9056485769891083
* Number of equil. steps   = 1000
* Running VMC equilibration.
  Done. [total walltime: 0.03s]
* Equil. acc.ratio (%)     =  42.0091
* Sample config after equilibration:
  +-----+
  |  d  |
  |u   d|
  |d   u|
  |  u  |
  +-----+
* Number of accum. steps   = 500480 x 10
* Running VMC accumulation.
  Done. [total walltime: 6.95s]
* Acceptance ratio (%)     =  41.8845
* Etot/t                   =  -2.307000467493E+02 +/-   2.033946431358E-05
  > Ttot/t                 =  -1.036330671069E+01 +/-   2.915149519767E-04
  > Utot/t                 =   3.905751815495E+00 +/-   2.908819534041E-04
* var[Eloc/t]              =   2.088677973936E-04 +/-   4.267382108501E-06
* Correlation length       =   9.912752463205E-01
* log10 Psi^2 range: -6.5497884450701349 -- -2.3792101415663636
* log10 Pgen range : -6.5497884450701349 -- -2.3792101415663636
* Site occupation (ave. no. electrons per config.):
  > Site_  ___eu____  ___ed____
      1        0.497      0.502
      2        0.503      0.501
      3        0.500      0.495
      4        0.500      0.498
      5        0.499      0.503
      6        0.500      0.501
* Pair-correlation analysis (ave. no. pairs per config.):
  > Shell  nsite  ___dh____  __eueu___  __eued___
      0      1        0          0          1.038
      1      4        1.072      1.483      3.512
      2      4        0.155      0.837      1.099
      3      4        0.078      0.422      0.557
      4      4        0.230      2.178      1.866
      5      4        0.117      1.081      0.928

Optimization #7:
* Method          : lls
* Target function : energy
* No. of configs. : 50048
* No. of params.  : 19
* Before optimization:
  -1.1183E+00   3.5202E-01  -9.2957E-02  -6.7513E-02   1.3167E-02   1.2886E-02
  -2.1541E-01  -1.5185E-01   6.3288E-02   1.5240E-02   1.1864E-01  -4.5939E-02
   3.4068E-02  -3.7042E-02  -7.5225E-02  -9.0598E-02   5.3085E-02  -1.3172E-02
   1.2678E-02
  > E    =  -2.307000303298E+02 +/-   6.541588084629E-05
  > varE =   2.141672767432E-04
* Computing derivatives.
  Done. [total walltime: 3.81s]
* Optimizing manipulation constant:
  #igrid a___________ E____________________________________ varE____________
     1     Infinity    -2.30700030E+02 +/-   6.54158808E-05   2.14167277E-04
     2     1.0000E+06  -2.30700030E+02 +/-   6.54158807E-05   2.14167276E-04
     3     2.1544E+05  -2.30700030E+02 +/-   6.54158801E-05   2.14167272E-04
     4     4.6416E+04  -2.30700030E+02 +/-   6.54158775E-05   2.14167255E-04
     5     1.0000E+04  -2.30700030E+02 +/-   6.54158652E-05   2.14167174E-04
     6     2.1544E+03  -2.30700030E+02 +/-   6.54158083E-05   2.14166802E-04
     7     4.6416E+02  -2.30700030E+02 +/-   6.54155448E-05   2.14165076E-04
     8     1.0000E+02  -2.30700030E+02 +/-   6.54143323E-05   2.14157137E-04
     9     2.1544E+01  -2.30700030E+02 +/-   6.54089255E-05   2.14121736E-04
    10     4.6416E+00  -2.30700031E+02 +/-   6.53877775E-05   2.13983299E-04
    11     1.0000E+00  -2.30700031E+02 +/-   6.53337951E-05   2.13630127E-04
    12     2.1544E-01  -2.30700030E+02 +/-   6.52747063E-05   2.13243882E-04
    13     4.6416E-02  -2.30700030E+02 +/-   6.52493094E-05   2.13077978E-04
    14     1.0000E-02  -2.30700030E+02 +/-   6.52429217E-05   2.13036261E-04
    15     2.1544E-03  -2.30700030E+02 +/-   6.52415171E-05   2.13027087E-04
    16     4.6416E-04  -2.30700030E+02 +/-   6.52412136E-05   2.13025105E-04
    17     1.0000E-04  -2.30700030E+02 +/-   6.52411481E-05   2.13024678E-04
    18     2.1544E-05  -2.30700030E+02 +/-   6.52411340E-05   2.13024586E-04
    19     4.6416E-06  -2.30700030E+02 +/-   6.52411310E-05   2.13024566E-04
    20     1.0000E-06  -2.30700030E+02 +/-   6.52411303E-05   2.13024562E-04
    21     0.0000E+00  -2.30700030E+02 +/-   6.52411302E-05   2.13024561E-04
* Iteration # 1: E =  -2.307000307678E+02 +/-   6.533379510216E-05
* Convergence: exiting.
* After optimization:
  -1.1111E+00   3.5012E-01  -9.3323E-02  -6.8311E-02   1.2085E-02   1.1848E-02
  -2.1341E-01  -1.5055E-01   6.3640E-02   1.6002E-02   1.1833E-01  -4.4627E-02
   3.3880E-02  -3.6359E-02  -7.5214E-02  -9.0252E-02   5.2813E-02  -1.2905E-02
   1.2297E-02
  > Energy =  -2.307000307678E+02 +/-   6.533379510216E-05
  > varE =   2.136301273521E-04

VMC #8:
* Size of Hilbert space =   4.0000E+02
* Deterministic energy evaluation:
  > Deterministic Etot/t = -230.70007492657956
    - Ttot/t = -10.363249887034177
    - Utot/t = 3.9056668146024824
* Number of equil. steps   = 1000
* Running VMC equilibration.
  Done. [total walltime: 0.02s]
* Equil. acc.ratio (%)     =  41.9048
* Sample config after equilibration:
  +-----+
  |  d  |
  |u   u|
  |d   d|
  |  u  |
  +-----+
* Number of accum. steps   = 500480 x 10
* Running VMC accumulation.
  Done. [total walltime: 6.95s]
* Acceptance ratio (%)     =  41.8806
* Etot/t                   =  -2.307000972933E+02 +/-   2.013787034489E-05
  > Ttot/t                 =  -1.036320516815E+01 +/-   2.887858822427E-04
  > Utot/t                 =   3.905599729027E+00 +/-   2.883861130241E-04
* var[Eloc/t]              =   2.058725822675E-04 +/-   4.205106379578E-06
* Correlation length       =   9.858601131482E-01
* log10 Psi^2 range: -6.5471074382179948 -- -2.3704427701613566
* log10 Pgen range : -6.5471074382179948 -- -2.3704427701613566
* Site occupation (ave. no. electrons per config.):
  > Site_  ___eu____  ___ed____
      1        0.500      0.495
      2        0.502      0.499
      3        0.498      0.503
      4        0.498      0.499
      5        0.503      0.501
      6        0.500      0.504
* Pair-correlation analysis (ave. no. pairs per config.):
  > Shell  nsite  ___dh____  __eueu___  __eued___
      0      1        0          0          1.032
      1      4        1.060      1.484      3.522
      2      4        0.147      0.843      1.104
      3      4        0.076      0.426      0.554
      4      4        0.232      2.168      1.862
      5      4        0.115      1.079      0.926

Optimization #8:
* Method          : lls
* Target function : energy
* No. of configs. : 50048
* No. of params.  : 19
* Before optimization:
  -1.1111E+00   3.5012E-01  -9.3323E-02  -6.8311E-02   1.2085E-02   1.1848E-02
  -2.1341E-01  -1.5055E-01   6.3640E-02   1.6002E-02   1.1833E-01  -4.4627E-02
   3.3880E-02  -3.6359E-02  -7.5214E-02  -9.0252E-02   5.2813E-02  -1.2905E-02
   1.2297E-02
  > E    =  -2.307001911623E+02 +/-   6.555403542764E-05
  > varE =   2.150728499573E-04
* Computing derivatives.
  Done. [total walltime: 3.78s]
* Optimizing manipulation constant:
  #igrid a___________ E____________________________________ varE____________
     1     Infinity    -2.30700191E+02 +/-   6.55540354E-05   2.15072850E-04
     2     1.0000E+06  -2.30700191E+02 +/-   6.55540352E-05   2.15072848E-04
     3     2.1544E+05  -2.30700191E+02 +/-   6.55540343E-05   2.15072842E-04
     4     4.6416E+04  -2.30700191E+02 +/-   6.55540301E-05   2.15072815E-04
     5     1.0000E+04  -2.30700191E+02 +/-   6.55540109E-05   2.15072689E-04
     6     2.1544E+03  -2.30700191E+02 +/-   6.55539215E-05   2.15072103E-04
     7     4.6416E+02  -2.30700191E+02 +/-   6.55535087E-05   2.15069394E-04
     8     1.0000E+02  -2.30700191E+02 +/-   6.55516318E-05   2.15057079E-04
     9     2.1544E+01  -2.30700191E+02 +/-   6.55437135E-05   2.15005126E-04
    10     4.6416E+00  -2.30700191E+02 +/-   6.55198419E-05   2.14848541E-04
    11     1.0000E+00  -2.30700190E+02 +/-   6.55189398E-05   2.14842625E-04
    12     2.1544E-01  -2.30700186E+02 +/-   6.57493017E-05   2.16356036E-04
    13     4.6416E-02  -2.30700181E+02 +/-   6.61029817E-05   2.18689950E-04
    14     1.0000E-02  -2.30700179E+02 +/-   6.62527464E-05   2.19682013E-04
    15     2.1544E-03  -2.30700179E+02 +/-   6.62908398E-05   2.19934707E-04
    16     4.6416E-04  -2.30700179E+02 +/-   6.62993531E-05   2.19991200E-04
    17     1.0000E-04  -2.30700179E+02 +/-   6.63012019E-05   2.20003469E-04
    18     2.1544E-05  -2.30700179E+02 +/-   6.63016008E-05   2.20006117E-04
    19     4.6416E-06  -2.30700179E+02 +/-   6.63016868E-05   2.20006688E-04
    20     1.0000E-06  -2.30700179E+02 +/-   6.63017054E-05   2.20006811E-04
    21     0.0000E+00  -2.30700179E+02 +/-   6.63017105E-05   2.20006844E-04
* Iteration # 1: E =  -2.307001911623E+02 +/-   6.555403542764E-05
* Convergence: exiting.
* After optimization:
  -1.1111E+00   3.5012E-01  -9.3323E-02  -6.8311E-02   1.2085E-02   1.1848E-02
  -2.1341E-01  -1.5055E-01   6.3640E-02   1.6002E-02   1.1833E-01  -4.4627E-02
   3.3880E-02  -3.6359E-02  -7.5214E-02  -9.0252E-02   5.2813E-02  -1.2905E-02
   1.2297E-02
  > Energy =  -2.307001911623E+02 +/-   6.555403542764E-05
  > varE =   2.150728499573E-04

VMC #9:
* Size of Hilbert space =   4.0000E+02
* Deterministic energy evaluation:
  > Deterministic Etot/t = -230.70007492657956
    - Ttot/t = -10.363249887034177
    - Utot/t = 3.9056668146024824
* Number of equil. steps   = 1000
* Running VMC equilibration.
  Done. [total walltime: 0.02s]
* Equil. acc.ratio (%)     =  41.9534
* Sample config after equilibration:
  +-----+
  |  u  |
  |u   d|
  |d   u|
  |  d  |
  +-----+
* Number of accum. steps   = 500480 x 10
* Running VMC accumulation.
  Done. [total walltime: 6.92s]
* Acceptance ratio (%)     =  41.9103
* Etot/t                   =  -2.307000840893E+02 +/-   2.052622187572E-05
  > Ttot/t                 =  -1.036335625247E+01 +/-   2.879075153965E-04
  > Utot/t                 =   3.905764017332E+00 +/-   2.871503209955E-04
* var[Eloc/t]              =   2.075287310815E-04 +/-   3.425179096939E-06
* Correlation length       =   1.016076798250E+00
* log10 Psi^2 range: -6.5471092917333715 -- -2.3704117876082869
* log10 Pgen range : -6.5471092917333715 -- -2.3704117876082869
* Site occupation (ave. no. electrons per config.):
  > Site_  ___eu____  ___ed____
      1        0.502      0.498
      2        0.498      0.495
      3        0.500      0.505
      4        0.502      0.499
      5        0.500      0.500
      6        0.498      0.503
* Pair-correlation analysis (ave. no. pairs per config.):
  > Shell  nsite  ___dh____  __eueu___  __eued___
      0      1        0          0          1.029
      1      4        1.060      1.478      3.530
      2      4        0.152      0.846      1.108
      3      4        0.075      0.419      0.547
      4      4        0.229      2.167      1.858
      5      4        0.118      1.090      0.928

Optimization #9:
* Method          : lls
* Target function : energy
* No. of configs. : 50048
* No. of params.  : 19
* Before optimization:
  -1.1111E+00   3.5012E-01  -9.3323E-02  -6.8311E-02   1.2085E-02   1.1848E-02
  -2.1341E-01  -1.5055E-01   6.3640E-02   1.6002E-02   1.1833E-01  -4.4627E-02
   3.3880E-02  -3.6359E-02  -7.5214E-02  -9.0252E-02   5.2813E-02  -1.2905E-02
   1.2297E-02
  > E    =  -2.307001049028E+02 +/-   6.352180838741E-05
  > varE =   2.019446880071E-04
* Computing derivatives.
  Done. [total walltime: 3.78s]
* Optimizing manipulation constant:
  #igrid a___________ E____________________________________ varE____________
     1     Infinity    -2.30700105E+02 +/-   6.35218084E-05   2.01944688E-04
     2     1.0000E+06  -2.30700105E+02 +/-   6.35218084E-05   2.01944688E-04
     3     2.1544E+05  -2.30700105E+02 +/-   6.35218084E-05   2.01944688E-04
     4     4.6416E+04  -2.30700105E+02 +/-   6.35218085E-05   2.01944688E-04
     5     1.0000E+04  -2.30700105E+02 +/-   6.35218087E-05   2.01944690E-04
     6     2.1544E+03  -2.30700105E+02 +/-   6.35218099E-05   2.01944697E-04
     7     4.6416E+02  -2.30700105E+02 +/-   6.35218152E-05   2.01944732E-04
     8     1.0000E+02  -2.30700105E+02 +/-   6.35218396E-05   2.01944887E-04
     9     2.1544E+01  -2.30700105E+02 +/-   6.35219415E-05   2.01945535E-04
    10     4.6416E+00  -2.30700105E+02 +/-   6.35222179E-05   2.01947292E-04
    11     1.0000E+00  -2.30700105E+02 +/-   6.35240439E-05   2.01958902E-04
    12     2.1544E-01  -2.30700103E+02 +/-   6.35834385E-05   2.02336739E-04
    13     4.6416E-02  -2.30700100E+02 +/-   6.37446100E-05   2.03363807E-04
    14     1.0000E-02  -2.30700099E+02 +/-   6.38334431E-05   2.03931009E-04
    15     2.1544E-03  -2.30700099E+02 +/-   6.38580243E-05   2.04088100E-04
    16     4.6416E-04  -2.30700099E+02 +/-   6.38636309E-05   2.04123938E-04
    17     1.0000E-04  -2.30700099E+02 +/-   6.38648539E-05   2.04131757E-04
    18     2.1544E-05  -2.30700099E+02 +/-   6.38651181E-05   2.04133446E-04
    19     4.6416E-06  -2.30700099E+02 +/-   6.38651750E-05   2.04133810E-04
    20     1.0000E-06  -2.30700099E+02 +/-   6.38651873E-05   2.04133888E-04
    21     0.0000E+00  -2.30700099E+02 +/-   6.38651907E-05   2.04133910E-04
* Iteration # 1: E =  -2.307001049028E+02 +/-   6.352180838741E-05
* Convergence: exiting.
* After optimization:
  -1.1111E+00   3.5012E-01  -9.3323E-02  -6.8311E-02   1.2085E-02   1.1848E-02
  -2.1341E-01  -1.5055E-01   6.3640E-02   1.6002E-02   1.1833E-01  -4.4627E-02
   3.3880E-02  -3.6359E-02  -7.5214E-02  -9.0252E-02   5.2813E-02  -1.2905E-02
   1.2297E-02
  > Energy =  -2.307001049028E+02 +/-   6.352180838741E-05
  > varE =   2.019446880071E-04

VMC #10:
* Size of Hilbert space =   4.0000E+02
* Deterministic energy evaluation:
  > Deterministic Etot/t = -230.70007492657956
    - Ttot/t = -10.363249887034177
    - Utot/t = 3.9056668146024824
* Number of equil. steps   = 1000
* Running VMC equilibration.
  Done. [total walltime: 0.02s]
* Equil. acc.ratio (%)     =  41.8236
* Sample config after equilibration:
  +-----+
  |  u  |
  |u   d|
  |d   d|
  |  u  |
  +-----+
* Number of accum. steps   = 500480 x 10
* Running VMC accumulation.
  Done. [total walltime: 6.96s]
* Acceptance ratio (%)     =  41.8724
* Etot/t                   =  -2.307001019756E+02 +/-   2.071600086720E-05
  > Ttot/t                 =  -1.036313363037E+01 +/-   2.885705827156E-04
  > Utot/t                 =   3.905523508886E+00 +/-   2.887734298388E-04
* var[Eloc/t]              =   2.108701391975E-04 +/-   5.542446259974E-06
* Correlation length       =   1.018552650814E+00
* log10 Psi^2 range: -7.0063583547871930 -- -2.3700250363588657
* log10 Pgen range : -7.0063583547871930 -- -2.3700250363588657
* Site occupation (ave. no. electrons per config.):
  > Site_  ___eu____  ___ed____
      1        0.504      0.501
      2        0.501      0.501
      3        0.495      0.499
      4        0.501      0.503
      5        0.497      0.497
      6        0.502      0.500
* Pair-correlation analysis (ave. no. pairs per config.):
  > Shell  nsite  ___dh____  __eueu___  __eued___
      0      1        0          0          1.030
      1      4        1.060      1.477      3.528
      2      4        0.150      0.846      1.108
      3      4        0.074      0.419      0.553
      4      4        0.228      2.172      1.853
      5      4        0.116      1.087      0.928

Optimization #10:
* Method          : lls
* Target function : energy
* No. of configs. : 50048
* No. of params.  : 19
* Before optimization:
  -1.1111E+00   3.5012E-01  -9.3323E-02  -6.8311E-02   1.2085E-02   1.1848E-02
  -2.1341E-01  -1.5055E-01   6.3640E-02   1.6002E-02   1.1833E-01  -4.4627E-02
   3.3880E-02  -3.6359E-02  -7.5214E-02  -9.0252E-02   5.2813E-02  -1.2905E-02
   1.2297E-02
  > E    =  -2.307000760855E+02 +/-   6.896152869179E-05
  > varE =   2.380128952125E-04
* Computing derivatives.
  Done. [total walltime: 3.78s]
* Optimizing manipulation constant:
  #igrid a___________ E____________________________________ varE____________
     1     Infinity    -2.30700076E+02 +/-   6.89615287E-05   2.38012895E-04
     2     1.0000E+06  -2.30700076E+02 +/-   6.89615205E-05   2.38012838E-04
     3     2.1544E+05  -2.30700076E+02 +/-   6.89614905E-05   2.38012632E-04
     4     4.6416E+04  -2.30700076E+02 +/-   6.89613516E-05   2.38011673E-04
     5     1.0000E+04  -2.30700076E+02 +/-   6.89607067E-05   2.38007221E-04
     6     2.1544E+03  -2.30700076E+02 +/-   6.89577162E-05   2.37986579E-04
     7     4.6416E+02  -2.30700076E+02 +/-   6.89438928E-05   2.37891174E-04
     8     1.0000E+02  -2.30700076E+02 +/-   6.88809393E-05   2.37456930E-04
     9     2.1544E+01  -2.30700076E+02 +/-   6.86127229E-05   2.35611257E-04
    10     4.6416E+00  -2.30700077E+02 +/-   6.77358839E-05   2.29627730E-04
    11     1.0000E+00  -2.30700075E+02 +/-   6.63690952E-05   2.20454273E-04
    12     2.1544E-01  -2.30700072E+02 +/-   6.56777806E-05   2.15885595E-04
    13     4.6416E-02  -2.30700070E+02 +/-   6.55188503E-05   2.14842038E-04
    14     1.0000E-02  -2.30700069E+02 +/-   6.54871872E-05   2.14634436E-04
    15     2.1544E-03  -2.30700069E+02 +/-   6.54805783E-05   2.14591117E-04
    16     4.6416E-04  -2.30700069E+02 +/-   6.54791657E-05   2.14581858E-04
    17     1.0000E-04  -2.30700069E+02 +/-   6.54788619E-05   2.14579867E-04
    18     2.1544E-05  -2.30700069E+02 +/-   6.54787964E-05   2.14579438E-04
    19     4.6416E-06  -2.30700069E+02 +/-   6.54787823E-05   2.14579345E-04
    20     1.0000E-06  -2.30700069E+02 +/-   6.54787793E-05   2.14579325E-04
    21     0.0000E+00  -2.30700069E+02 +/-   6.54787785E-05   2.14579320E-04
* Iteration # 1: E =  -2.307000753815E+02 +/-   6.636909518873E-05
* Convergence: exiting.
* After optimization:
  -1.1574E+00   3.7014E-01  -9.5941E-02  -7.4601E-02   1.7087E-02   1.6125E-02
  -2.3646E-01  -1.5484E-01   6.4643E-02   1.3251E-02   1.1582E-01  -4.2099E-02
   3.1774E-02  -3.3716E-02  -7.6674E-02  -8.9667E-02   5.4566E-02  -2.0300E-02
   1.4652E-02
  > Energy =  -2.307000753815E+02 +/-   6.636909518873E-05
  > varE =   2.204542729348E-04

VMC #11:
* Size of Hilbert space =   4.0000E+02
* Deterministic energy evaluation:
  > Deterministic Etot/t = -230.70007334947505
    - Ttot/t = -10.363297874766717
    - Utot/t = 3.9057163794395922
* Number of equil. steps   = 1000
* Running VMC equilibration.
  Done. [total walltime: 0.02s]
* Equil. acc.ratio (%)     =  42.2391
* Sample config after equilibration:
  +-----+
  |  u  |
  |d   u|
  |u   d|
  |  d  |
  +-----+
* Number of accum. steps   = 500480 x 10
* Running VMC accumulation.
  Done. [total walltime: 6.91s]
* Acceptance ratio (%)     =  42.1755
* Etot/t                   =  -2.307000582083E+02 +/-   2.000411752888E-05
  > Ttot/t                 =  -1.036312950114E+01 +/-   2.897774492460E-04
  > Utot/t                 =   3.905563147025E+00 +/-   2.888297167323E-04
* var[Eloc/t]              =   2.058599370448E-04 +/-   2.852282015801E-06
* Correlation length       =   9.728674796773E-01
* log10 Psi^2 range: -5.9721230065634971 -- -2.4125449834860677
* log10 Pgen range : -5.9721230065634971 -- -2.4125449834860677
* Site occupation (ave. no. electrons per config.):
  > Site_  ___eu____  ___ed____
      1        0.503      0.500
      2        0.501      0.501
      3        0.496      0.499
      4        0.500      0.500
      5        0.501      0.501
      6        0.499      0.500
* Pair-correlation analysis (ave. no. pairs per config.):
  > Shell  nsite  ___dh____  __eueu___  __eued___
      0      1        0          0          1.032
      1      4        1.058      1.487      3.523
      2      4        0.150      0.842      1.102
      3      4        0.074      0.425      0.555
      4      4        0.235      2.166      1.860
      5      4        0.117      1.080      0.928

Optimization #11:
* Method          : lls
* Target function : energy
* No. of configs. : 50048
* No. of params.  : 19
* Before optimization:
  -1.1574E+00   3.7014E-01  -9.5941E-02  -7.4601E-02   1.7087E-02   1.6125E-02
  -2.3646E-01  -1.5484E-01   6.4643E-02   1.3251E-02   1.1582E-01  -4.2099E-02
   3.1774E-02  -3.3716E-02  -7.6674E-02  -8.9667E-02   5.4566E-02  -2.0300E-02
   1.4652E-02
  > E    =  -2.307000393073E+02 +/-   6.277776779001E-05
  > varE =   1.972415767450E-04
* Computing derivatives.
  Done. [total walltime: 3.77s]
* Optimizing manipulation constant:
  #igrid a___________ E____________________________________ varE____________
     1     Infinity    -2.30700039E+02 +/-   6.27777678E-05   1.97241577E-04
     2     1.0000E+06  -2.30700039E+02 +/-   6.27777676E-05   1.97241576E-04
     3     2.1544E+05  -2.30700039E+02 +/-   6.27777671E-05   1.97241572E-04
     4     4.6416E+04  -2.30700039E+02 +/-   6.27777645E-05   1.97241556E-04
     5     1.0000E+04  -2.30700039E+02 +/-   6.27777526E-05   1.97241481E-04
     6     2.1544E+03  -2.30700039E+02 +/-   6.27776976E-05   1.97241135E-04
     7     4.6416E+02  -2.30700039E+02 +/-   6.27774446E-05   1.97239546E-04
     8     1.0000E+02  -2.30700039E+02 +/-   6.27763271E-05   1.97232524E-04
     9     2.1544E+01  -2.30700040E+02 +/-   6.27722443E-05   1.97206870E-04
    10     4.6416E+00  -2.30700041E+02 +/-   6.27692194E-05   1.97187864E-04
    11     1.0000E+00  -2.30700043E+02 +/-   6.28374013E-05   1.97616480E-04
    12     2.1544E-01  -2.30700044E+02 +/-   6.30142701E-05   1.98730510E-04
    13     4.6416E-02  -2.30700044E+02 +/-   6.31286702E-05   1.99452741E-04
    14     1.0000E-02  -2.30700044E+02 +/-   6.31639138E-05   1.99675505E-04
    15     2.1544E-03  -2.30700044E+02 +/-   6.31722199E-05   1.99728024E-04
    16     4.6416E-04  -2.30700044E+02 +/-   6.31740458E-05   1.99739570E-04
    17     1.0000E-04  -2.30700044E+02 +/-   6.31744409E-05   1.99742068E-04
    18     2.1544E-05  -2.30700044E+02 +/-   6.31745262E-05   1.99742607E-04
    19     4.6416E-06  -2.30700044E+02 +/-   6.31745445E-05   1.99742723E-04
    20     1.0000E-06  -2.30700044E+02 +/-   6.31745485E-05   1.99742748E-04
    21     0.0000E+00  -2.30700044E+02 +/-   6.31745496E-05   1.99742755E-04
* Iteration # 1: E =  -2.307000439600E+02 +/-   6.301427012828E-05
* Convergence: exiting.
* After optimization:
  -1.1250E+00   3.5210E-01  -9.0529E-02  -6.5573E-02   1.5086E-02   1.5359E-02
  -2.1923E-01  -1.5330E-01   6.1109E-02   1.3845E-02   1.1417E-01  -4.5391E-02
   3.3312E-02  -3.5592E-02  -7.6159E-02  -9.0792E-02   5.4103E-02  -1.2235E-02
   1.3599E-02
  > Energy =  -2.307000439600E+02 +/-   6.301427012828E-05
  > varE =   1.987305103055E-04

VMC #12:
* Size of Hilbert space =   4.0000E+02
* Deterministic energy evaluation:
  > Deterministic Etot/t = -230.70007456904440
    - Ttot/t = -10.363251679105351
    - Utot/t = 3.9056689642088576
* Number of equil. steps   = 1000
* Running VMC equilibration.
  Done. [total walltime: 0.02s]
* Equil. acc.ratio (%)     =  42.0961
* Sample config after equilibration:
  +-----+
  |  d  |
  |d   u|
  |u   u|
  |  d  |
  +-----+
* Number of accum. steps   = 500480 x 10
* Running VMC accumulation.
  Done. [total walltime: 6.92s]
* Acceptance ratio (%)     =  41.9602
* Etot/t                   =  -2.307000714458E+02 +/-   2.048718027549E-05
  > Ttot/t                 =  -1.036317507450E+01 +/-   2.900077631652E-04
  > Utot/t                 =   3.905595482816E+00 +/-   2.895241607368E-04
* var[Eloc/t]              =   2.095838615828E-04 +/-   2.785649194187E-06
* Correlation length       =   1.002289699314E+00
* log10 Psi^2 range: -5.9468849153616601 -- -2.3890465039812603
* log10 Pgen range : -5.9468849153616601 -- -2.3890465039812603
* Site occupation (ave. no. electrons per config.):
  > Site_  ___eu____  ___ed____
      1        0.501      0.498
      2        0.501      0.499
      3        0.499      0.500
      4        0.501      0.502
      5        0.498      0.503
      6        0.500      0.497
* Pair-correlation analysis (ave. no. pairs per config.):
  > Shell  nsite  ___dh____  __eueu___  __eued___
      0      1        0          0          1.032
      1      4        1.058      1.482      3.528
      2      4        0.151      0.844      1.105
      3      4        0.074      0.423      0.552
      4      4        0.232      2.168      1.858
      5      4        0.120      1.082      0.925

VDAGGER finished.
Total VDAGGER walltime: 4m41s

Run ended: Fri Sep 26 18:52:04 CEST 2025
