Run started: Sat Sep 27 09:39:20 CEST 2025
Using VDAGGER_ARCH = gnu7_fkfamd_cluster
Running 1x128 MPI processes.

                               xx
                              +##
                               #X
                               Xx
                          X##XxXxxX##x
                           +   Xx  ++
                               ##
                              +##
                              +##
     ++++         ++          +##
   xX+++##+      ####         +##
  Xx    ###      +X##          ##
 xX    X##+        ##          #X
 +    x##X         #x          #X
      ###         +#           x+
     X##+         #+
     ###         Xx                    _______
     ##X       +X+   __________________VDAGGER
     +##x    +xX     2nd quantized variational
       +xxxxx+       ______quantum Monte Carlo

* Running 128 MPI processes.
* Input file: "input.casl"

############# Start of input file dump #############
General:
  Random seed: timer

Plan:
  VMC-optimization:
    Minimum cycles: 7
    Convergence cycles: 3

System:
  Read Hamiltonian: FCIDUMP_loc_benzene
  Read orbitals: LTSC_benzene
  Complex orbitals: F
  Geometry:
    r_5: [ 0.00000000000000, 2.63994739601739 ]
    r_4: [ 2.28626150960564, 1.31997369800870 ]
    r_6: [ 2.28626150960564, -1.31997369800870 ]
    r_2: [ 0.00000000000000, -2.63994739601739 ]
    r_3: [ -2.28626150960564, -1.31997369800870 ]
    r_1: [ -2.28626150960564, 1.31997369800870 ]

VMC:
  nstep: 500000
  nconfig: 50000

Optimization:
  max_niter: 1

Jastrow: wfn.casl

Backflow: wfn.casl

Multideterminants: wfn.casl
############## End of input file dump ##############

General setup:
* Random seed: 179647240 (from timer)

* Loaded integrals for system with nelec=6, ms2=0, norb=6
* INFO: setting number of electrons from integrals file.
* Analysis of Hamiltonian connecitivity performed:
  - T_ii (local, 1-site): 6 (i) values
  - U_iiii [opp] (local, 1-site): 6 (i) values
  - U_kkii [opp] (local, 2-site): 30 contribs. from 6 (i) values
  - U_kkii [par] (local, 2-site): 15 contribs. from 5 (i) values
  - T_ji (single, 2-site): 30 contribs. from 6 (i) values
  - U_kkji [opp] (single, 2/3-site): 180 contribs. from 30 (i,j) pairs
  - U_kkji [par] (single, 3-site): 150 contribs. from 30 (i,j) pairs
  - U_lkji [opp] (double, 2/3/4-site): 900 contribs. from 30 (i,j) pairs
  - U_lkji [par] (double, 4-site): 170 contribs. from 20 (i,j) pairs
  - Max. no. wfn. ratios in Eloc: 255
* Reading override orbitals from file "LTSC_benzene".
* Site labels:
  +-----+
  |  5  |
  |1   4|
  |3   6|
  |  2  |
  +-----+
* Automatically set Site kinds:
  [ 1, 1, 1, 1, 1, 1 ]
  +-----+
  |  1  |
  |1   1|
  |1   1|
  |  1  |
  +-----+
* Maximum Site kind: 1
* Number of site-pair kinds with Tij=0: 0
* Automatically set Site pair kinds:
  Site 1: [ 0, 4, 1, -5, -1, -2 ]
  Site 2: [ 4, 0, 1, -4, -3, -1 ]
  Site 3: [ 1, 1, 0, -2, -4, -5 ]
  Site 4: [ -5, -4, -2, 0, 1, 1 ]
  Site 5: [ -1, -3, -4, 1, 0, 4 ]
  Site 6: [ -2, -1, -5, 1, 4, 0 ]
  For site 1 of kind 1:
  +--------+
  |   -1   |
  | 0    -5|
  | 1    -2|
  |    4   |
  +--------+
* Maximum (unsigned) Site pair kind: 5
General system setup:
* Number of sites       : 6
* Number of electrons   : 6
* Spin imbalance MS2    : 0
* Filling               : 0.500000
* Number of orbitals in pool: 6
* Using real-valued orbitals
* Using double-precision arithmetic for orbitals

Trial wave function setup:
* Jastrow parameter file: "wfn.casl"
* Multideterminant parameter file: "wfn.casl"
* Backflow parameter file: "wfn.casl"
* Not using wave function manipulation

VMC #1:
* Size of Hilbert space =   4.0000E+02
* Deterministic energy evaluation:
  > Deterministic Etot/t = -230.67777217736096
    - Ttot/t = -10.290679595236195
    - Utot/t = 3.8553992720231016
* Number of equil. steps   = 1000
* Running VMC equilibration.
  Done. [total walltime: 0.06s]
* Equil. acc.ratio (%)     =  24.1146
* Sample config after equilibration:
  +-----+
  |  0  |
  |d   2|
  |u   0|
  |  2  |
  +-----+
* Number of accum. steps   = 500480 x 10
* Running VMC accumulation.
  Done. [total walltime: 5.04s]
* Acceptance ratio (%)     =  24.0097
* Etot/t                   =  -2.306777496755E+02 +/-   1.545738915559E-04
  > Ttot/t                 =  -1.029072166766E+01 +/-   3.684109974518E-04
  > Utot/t                 =   3.855463846097E+00 +/-   2.833623880290E-04
* var[Eloc/t]              =   1.191186408025E-02 +/-   3.075262258765E-04
* Correlation length       =   1.003874169234E+00
* log10 Psi^2 range: -7.9142357468523468 -- -3.1493880860423760
* log10 Pgen range : -7.9142357468523468 -- -3.1493880860423760
* Site occupation (ave. no. electrons per config.):
  > Site_  ___eu____  ___ed____
      1        0.498      0.499
      2        0.502      0.500
      3        0.500      0.501
      4        0.501      0.502
      5        0.502      0.498
      6        0.497      0.499
* Pair-correlation analysis (ave. no. pairs per config.):
  > Shell  nsite  ___dh____  __eueu___  __eued___
      0      1        0          0          0.839
      1      4        0.843      1.530      3.676
      2      4        0.076      0.840      1.171
      3      4        0.037      0.413      0.594
      4      4        0.174      2.145      1.819
      5      4        0.093      1.071      0.901

Optimization #1:
* Method          : lls
* Target function : energy
* No. of configs. : 50048
* No. of params.  : 38
* Before optimization:
  -7.7814E-01   3.7993E-01  -4.0004E-02  -3.7072E-02   7.3250E-02   7.3064E-02
  -2.3909E-01  -2.4749E-01   6.5376E-03   4.1963E-02   4.7370E-03   3.9250E-02
   6.8472E-05   1.0732E-04  -1.6347E-01  -1.6347E-01   1.0802E-01   6.3839E-01
  -1.5413E-02  -3.6816E-02  -3.7436E-02  -4.7667E-02  -4.7778E-02  -4.3350E-03
  -1.6268E-02  -1.5322E-02  -2.4658E-02  -2.5230E-02   1.6536E-01   1.5966E-01
   1.5903E-01   8.8721E-02   8.9744E-02   7.2507E-02   1.6322E-01   1.6366E-01
   1.1279E-01   1.1265E-01
  > E    =  -2.306776561153E+02 +/-   4.552769867599E-04
  > varE =   1.037380603612E-02
* Computing derivatives.
  Done. [total walltime: 11.3s]
* Optimizing manipulation constant:
  #igrid a___________ E____________________________________ varE____________
     1     Infinity    -2.30677656E+02 +/-   4.55276987E-04   1.03738060E-02
     2     1.0000E+06  -2.30677656E+02 +/-   4.55276749E-04   1.03737952E-02
     3     2.1544E+05  -2.30677656E+02 +/-   4.55275883E-04   1.03737557E-02
     4     4.6416E+04  -2.30677657E+02 +/-   4.55271862E-04   1.03735725E-02
     5     1.0000E+04  -2.30677658E+02 +/-   4.55253201E-04   1.03727221E-02
     6     2.1544E+03  -2.30677666E+02 +/-   4.55166622E-04   1.03687772E-02
     7     4.6416E+02  -2.30677703E+02 +/-   4.54765610E-04   1.03505150E-02
     8     1.0000E+02  -2.30677870E+02 +/-   4.52922141E-04   1.02667699E-02
     9     2.1544E+01  -2.30678613E+02 +/-   4.44713909E-04   9.89801601E-03
    10     4.6416E+00  -2.30681536E+02 +/-   4.11788875E-04   8.48664325E-03
    11     1.0000E+00  -2.30689710E+02 +/-   3.06430024E-04   4.69947514E-03
    12     2.1544E-01  -2.30698736E+02 +/-   1.22517071E-04   7.51242138E-04
    13     4.6416E-02  -2.30695995E+02 +/-   3.15301662E-04   4.97552883E-03
    14     1.0000E-02  -2.30576060E+02 +/-   1.56069834E-03   1.21905882E-01
    15     2.1544E-03  -2.30148751E+02 +/-   2.61338955E-03   3.41818077E-01
    16     4.6416E-04  -2.29517348E+02 +/-   2.40678091E-03   2.89907762E-01
    17     1.0000E-04  -2.29506270E+02 +/-   2.38555365E-03   2.84816472E-01
    18     2.1544E-05  -2.29504023E+02 +/-   2.38113618E-03   2.83762626E-01
    19     4.6416E-06  -2.29503546E+02 +/-   2.38019173E-03   2.83537567E-01
    20     1.0000E-06  -2.29503443E+02 +/-   2.37998859E-03   2.83489172E-01
    21     0.0000E+00  -2.29503415E+02 +/-   2.37993282E-03   2.83475888E-01
  ParMin   1.4845E-01  -2.30699576E+02 +/-   1.06059389E-04   5.62969630E-04
  # Using parabolic minimum
* Iteration # 1: E =  -2.306995756928E+02 +/-   1.060593887783E-04
* Reached maximum number of iterations: exiting.
* After optimization:
  -8.2258E-01   4.1163E-01   1.6264E-03   3.7526E-02   1.1123E-01   1.0468E-01
  -2.7417E-01  -2.8731E-01  -3.9480E-02   3.7173E-02  -4.4403E-02   2.9256E-02
  -1.3631E-02  -4.7036E-03  -1.5227E-02  -4.5252E-02   5.9963E-03   6.2175E-01
  -2.4573E-02  -7.0170E-02  -5.7745E-02  -6.3110E-02  -6.1008E-02  -6.7618E-03
  -2.8097E-02  -2.6767E-02  -6.0398E-02  -6.4791E-02   1.5789E-01   1.3509E-01
   1.4561E-01   7.6261E-02   6.9704E-02   4.2010E-02   1.7874E-01   1.7716E-01
   8.4253E-02   7.9074E-02
  > Energy =  -2.306995756928E+02 +/-   1.060593887783E-04
  > varE =   5.629696299106E-04

VMC #2:
* Size of Hilbert space =   4.0000E+02
* Deterministic energy evaluation:
  > Deterministic Etot/t = -230.69947632594679
    - Ttot/t = -10.356798948816058
    - Utot/t = 3.8998144770171881
* Number of equil. steps   = 1000
* Running VMC equilibration.
  Done. [total walltime: 0.04s]
* Equil. acc.ratio (%)     =  26.4392
* Sample config after equilibration:
  +-----+
  |  d  |
  |u   d|
  |0   u|
  |  2  |
  +-----+
* Number of accum. steps   = 500480 x 10
* Running VMC accumulation.
  Done. [total walltime: 4.55s]
* Acceptance ratio (%)     =  26.3339
* Etot/t                   =  -2.306995167432E+02 +/-   3.321303096368E-05
  > Ttot/t                 =  -1.035692530971E+01 +/-   3.015635697119E-04
  > Utot/t                 =   3.899900420811E+00 +/-   2.944767860883E-04
* var[Eloc/t]              =   5.418602778596E-04 +/-   2.849188908732E-06
* Correlation length       =   1.018864504485E+00
* log10 Psi^2 range: -7.5793844063003419 -- -3.3156541680992508
* log10 Pgen range : -7.5793844063003419 -- -3.3156541680992508
* Site occupation (ave. no. electrons per config.):
  > Site_  ___eu____  ___ed____
      1        0.498      0.500
      2        0.502      0.500
      3        0.501      0.500
      4        0.502      0.499
      5        0.499      0.501
      6        0.498      0.500
* Pair-correlation analysis (ave. no. pairs per config.):
  > Shell  nsite  ___dh____  __eueu___  __eued___
      0      1        0          0          1.020
      1      4        1.059      1.464      3.544
      2      4        0.145      0.828      1.125
      3      4        0.074      0.410      0.567
      4      4        0.224      2.200      1.833
      5      4        0.114      1.098      0.912

Optimization #2:
* Method          : lls
* Target function : energy
* No. of configs. : 50048
* No. of params.  : 38
* Before optimization:
  -8.2258E-01   4.1163E-01   1.6264E-03   3.7526E-02   1.1123E-01   1.0468E-01
  -2.7417E-01  -2.8731E-01  -3.9480E-02   3.7173E-02  -4.4403E-02   2.9256E-02
  -1.3631E-02  -4.7036E-03  -1.5227E-02  -4.5252E-02   5.9963E-03   6.2175E-01
  -2.4573E-02  -7.0170E-02  -5.7745E-02  -6.3110E-02  -6.1008E-02  -6.7618E-03
  -2.8097E-02  -2.6767E-02  -6.0398E-02  -6.4791E-02   1.5789E-01   1.3509E-01
   1.4561E-01   7.6261E-02   6.9704E-02   4.2010E-02   1.7874E-01   1.7716E-01
   8.4253E-02   7.9074E-02
  > E    =  -2.306995819856E+02 +/-   1.041198438788E-04
  > varE =   5.425674596781E-04
* Computing derivatives.
  Done. [total walltime: 11.3s]
* Optimizing manipulation constant:
  #igrid a___________ E____________________________________ varE____________
     1     Infinity    -2.30699582E+02 +/-   1.04119844E-04   5.42567460E-04
     2     1.0000E+06  -2.30699582E+02 +/-   1.04119758E-04   5.42566565E-04
     3     2.1544E+05  -2.30699582E+02 +/-   1.04119445E-04   5.42563308E-04
     4     4.6416E+04  -2.30699582E+02 +/-   1.04117994E-04   5.42548184E-04
     5     1.0000E+04  -2.30699582E+02 +/-   1.04111250E-04   5.42477900E-04
     6     2.1544E+03  -2.30699582E+02 +/-   1.04079764E-04   5.42149828E-04
     7     4.6416E+02  -2.30699584E+02 +/-   1.03929662E-04   5.40587196E-04
     8     1.0000E+02  -2.30699593E+02 +/-   1.03148851E-04   5.32494982E-04
     9     2.1544E+01  -2.30699613E+02 +/-   9.98030038E-05   4.98510089E-04
    10     4.6416E+00  -2.30680723E+02 +/-   5.42826827E-04   1.47471919E-02
    11     1.0000E+00  -2.30041963E+02 +/-   2.55946164E-03   3.27856635E-01
    12     2.1544E-01  -2.30005973E+02 +/-   2.58881261E-03   3.35419231E-01
    13     4.6416E-02  -2.30017330E+02 +/-   5.48815359E-05   1.50743725E-04
    14     1.0000E-02  -2.30016696E+02 +/-   4.56831296E-05   1.04447590E-04
    15     2.1544E-03  -2.30016760E+02 +/-   4.50063053E-05   1.01375603E-04
    16     4.6416E-04  -2.30016748E+02 +/-   4.46110497E-05   9.96028148E-05
    17     1.0000E-04  -2.30016747E+02 +/-   4.45152498E-05   9.91754903E-05
    18     2.1544E-05  -2.30016747E+02 +/-   4.44957339E-05   9.90885507E-05
    19     4.6416E-06  -2.30016747E+02 +/-   4.44916063E-05   9.90701678E-05
    20     1.0000E-06  -2.30016747E+02 +/-   4.44907209E-05   9.90662246E-05
    21     0.0000E+00  -2.30016747E+02 +/-   4.44904780E-05   9.90651429E-05
  ParMin   4.6311E+01  -2.30699606E+02 +/-   1.01799839E-04   5.18657792E-04
  # Using grid point #9
* Iteration # 1: E =  -2.306996130340E+02 +/-   9.980300380330E-05
* Reached maximum number of iterations: exiting.
* After optimization:
  -9.9233E-01   4.0389E-01  -2.3605E-03   3.2374E-02   1.0522E-01   9.8694E-02
  -2.6685E-01  -2.7787E-01  -3.7203E-02   3.8087E-02  -4.2138E-02   2.9252E-02
  -1.3080E-02  -4.7716E-03  -1.7565E-02  -4.6700E-02   7.9085E-03   6.8410E-01
  -2.3208E-02  -7.0500E-02  -5.7069E-02  -6.5503E-02  -6.3363E-02  -5.0169E-03
  -2.6615E-02  -2.5205E-02  -6.1302E-02  -6.6220E-02   1.5916E-01   1.3474E-01
   1.4496E-01   7.7057E-02   7.1357E-02   4.7734E-02   1.7586E-01   1.7399E-01
   8.5072E-02   8.0082E-02
  > Energy =  -2.306996130340E+02 +/-   9.980300380330E-05
  > varE =   4.985100891073E-04

VMC #3:
* Size of Hilbert space =   4.0000E+02
* Deterministic energy evaluation:
  > Deterministic Etot/t = -230.69946547453608
    - Ttot/t = -10.354234463563795
    - Utot/t = 3.8972608431755389
* Number of equil. steps   = 1000
* Running VMC equilibration.
  Done. [total walltime: 0.04s]
* Equil. acc.ratio (%)     =  31.5427
* Sample config after equilibration:
  +-----+
  |  d  |
  |u   u|
  |d   d|
  |  u  |
  +-----+
* Number of accum. steps   = 500480 x 10
* Running VMC accumulation.
  Done. [total walltime: 4.54s]
* Acceptance ratio (%)     =  31.5469
* Etot/t                   =  -2.306994897952E+02 +/-   3.174722958783E-05
  > Ttot/t                 =  -1.035453647674E+01 +/-   3.025798276455E-04
  > Utot/t                 =   3.897538535585E+00 +/-   2.895185776501E-04
* var[Eloc/t]              =   4.990623824560E-04 +/-   2.923726305226E-06
* Correlation length       =   1.010749550648E+00
* log10 Psi^2 range: -7.6063626676697469 -- -3.3068091544839842
* log10 Pgen range : -7.6063626676697469 -- -3.3068091544839842
* Site occupation (ave. no. electrons per config.):
  > Site_  ___eu____  ___ed____
      1        0.500      0.501
      2        0.503      0.503
      3        0.497      0.498
      4        0.499      0.501
      5        0.499      0.500
      6        0.502      0.496
* Pair-correlation analysis (ave. no. pairs per config.):
  > Shell  nsite  ___dh____  __eueu___  __eued___
      0      1        0          0          0.998
      1      4        1.035      1.462      3.564
      2      4        0.145      0.823      1.123
      3      4        0.071      0.413      0.568
      4      4        0.215      2.201      1.837
      5      4        0.108      1.101      0.911

Optimization #3:
* Method          : lls
* Target function : energy
* No. of configs. : 50048
* No. of params.  : 38
* Before optimization:
  -9.9233E-01   4.0389E-01  -2.3605E-03   3.2374E-02   1.0522E-01   9.8694E-02
  -2.6685E-01  -2.7787E-01  -3.7203E-02   3.8087E-02  -4.2138E-02   2.9252E-02
  -1.3080E-02  -4.7716E-03  -1.7565E-02  -4.6700E-02   7.9085E-03   6.8410E-01
  -2.3208E-02  -7.0500E-02  -5.7069E-02  -6.5503E-02  -6.3363E-02  -5.0169E-03
  -2.6615E-02  -2.5205E-02  -6.1302E-02  -6.6220E-02   1.5916E-01   1.3474E-01
   1.4496E-01   7.7057E-02   7.1357E-02   4.7734E-02   1.7586E-01   1.7399E-01
   8.5072E-02   8.0082E-02
  > E    =  -2.306994577652E+02 +/-   1.005881529653E-04
  > varE =   5.063844887215E-04
* Computing derivatives.
  Done. [total walltime: 11.3s]
* Optimizing manipulation constant:
  #igrid a___________ E____________________________________ varE____________
     1     Infinity    -2.30699458E+02 +/-   1.00588153E-04   5.06384489E-04
     2     1.0000E+06  -2.30699458E+02 +/-   1.00588076E-04   5.06383713E-04
     3     2.1544E+05  -2.30699458E+02 +/-   1.00587796E-04   5.06380891E-04
     4     4.6416E+04  -2.30699458E+02 +/-   1.00586498E-04   5.06367827E-04
     5     1.0000E+04  -2.30699458E+02 +/-   1.00580546E-04   5.06307903E-04
     6     2.1544E+03  -2.30699458E+02 +/-   1.00554447E-04   5.06045177E-04
     7     4.6416E+02  -2.30699457E+02 +/-   1.00466996E-04   5.05165363E-04
     8     1.0000E+02  -2.30699397E+02 +/-   1.01262123E-04   5.13193067E-04
     9     2.1544E+01  -2.30696648E+02 +/-   2.02155576E-04   2.04530545E-03
    10     4.6416E+00  -2.30581749E+02 +/-   1.26730523E-03   8.03802182E-02
    11     1.0000E+00  -2.30158925E+02 +/-   2.37538056E-03   2.82392478E-01
    12     2.1544E-01  -2.30022038E+02 +/-   2.51772330E-03   3.17250800E-01
    13     4.6416E-02  -2.30008352E+02 +/-   2.52829609E-03   3.19920886E-01
    14     1.0000E-02  -2.30007081E+02 +/-   2.52918964E-03   3.20147058E-01
    15     2.1544E-03  -2.30006884E+02 +/-   2.52931844E-03   3.20179667E-01
    16     4.6416E-04  -2.30006845E+02 +/-   2.52934334E-03   3.20185970E-01
    17     1.0000E-04  -2.30006836E+02 +/-   2.52934857E-03   3.20187295E-01
    18     2.1544E-05  -2.30006835E+02 +/-   2.52934969E-03   3.20187579E-01
    19     4.6416E-06  -2.30006834E+02 +/-   2.52934994E-03   3.20187640E-01
    20     1.0000E-06  -2.30006834E+02 +/-   2.52934999E-03   3.20187653E-01
    21     0.0000E+00  -2.30006834E+02 +/-   2.52935000E-03   3.20187657E-01
* Iteration # 1: E =  -2.306994580917E+02 +/-   1.005544468497E-04
* Reached maximum number of iterations: exiting.
* After optimization:
  -9.9844E-01   4.0381E-01  -2.3988E-03   3.2323E-02   1.0516E-01   9.8634E-02
  -2.6678E-01  -2.7778E-01  -3.7181E-02   3.8094E-02  -4.2112E-02   2.9247E-02
  -1.3073E-02  -4.7740E-03  -1.7590E-02  -4.6715E-02   7.9278E-03   6.8630E-01
  -2.3244E-02  -7.0651E-02  -5.7180E-02  -6.5670E-02  -6.3525E-02  -5.0091E-03
  -2.6651E-02  -2.5237E-02  -6.1442E-02  -6.6377E-02   1.5917E-01   1.3474E-01
   1.4496E-01   7.7063E-02   7.1372E-02   4.7785E-02   1.7583E-01   1.7396E-01
   8.5079E-02   8.0091E-02
  > Energy =  -2.306994580917E+02 +/-   1.005544468497E-04
  > varE =   5.060451765075E-04

VMC #4:
* Size of Hilbert space =   4.0000E+02
* Deterministic energy evaluation:
  > Deterministic Etot/t = -230.69946583341138
    - Ttot/t = -10.354233354991486
    - Utot/t = 3.8972593757278884
* Number of equil. steps   = 1000
* Running VMC equilibration.
  Done. [total walltime: 0.04s]
* Equil. acc.ratio (%)     =  31.7180
* Sample config after equilibration:
  +-----+
  |  d  |
  |u   2|
  |d   0|
  |  u  |
  +-----+
* Number of accum. steps   = 500480 x 10
* Running VMC accumulation.
  Done. [total walltime: 4.54s]
* Acceptance ratio (%)     =  31.7227
* Etot/t                   =  -2.306994547387E+02 +/-   3.136939701524E-05
  > Ttot/t                 =  -1.035410690740E+01 +/-   3.042853461267E-04
  > Utot/t                 =   3.897144023218E+00 +/-   2.922955110060E-04
* var[Eloc/t]              =   4.961976435143E-04 +/-   3.754196966651E-06
* Correlation length       =   9.925316650336E-01
* log10 Psi^2 range: -7.1157566847645679 -- -3.3066883535301943
* log10 Pgen range : -7.1157566847645679 -- -3.3066883535301943
* Site occupation (ave. no. electrons per config.):
  > Site_  ___eu____  ___ed____
      1        0.501      0.501
      2        0.497      0.503
      3        0.500      0.498
      4        0.494      0.502
      5        0.505      0.497
      6        0.504      0.500
* Pair-correlation analysis (ave. no. pairs per config.):
  > Shell  nsite  ___dh____  __eueu___  __eued___
      0      1        0          0          0.999
      1      4        1.033      1.464      3.566
      2      4        0.143      0.830      1.123
      3      4        0.070      0.409      0.571
      4      4        0.217      2.201      1.827
      5      4        0.110      1.097      0.914

Optimization #4:
* Method          : lls
* Target function : energy
* No. of configs. : 50048
* No. of params.  : 38
* Before optimization:
  -9.9844E-01   4.0381E-01  -2.3988E-03   3.2323E-02   1.0516E-01   9.8634E-02
  -2.6678E-01  -2.7778E-01  -3.7181E-02   3.8094E-02  -4.2112E-02   2.9247E-02
  -1.3073E-02  -4.7740E-03  -1.7590E-02  -4.6715E-02   7.9278E-03   6.8630E-01
  -2.3244E-02  -7.0651E-02  -5.7180E-02  -6.5670E-02  -6.3525E-02  -5.0091E-03
  -2.6651E-02  -2.5237E-02  -6.1442E-02  -6.6377E-02   1.5917E-01   1.3474E-01
   1.4496E-01   7.7063E-02   7.1372E-02   4.7785E-02   1.7583E-01   1.7396E-01
   8.5079E-02   8.0091E-02
  > E    =  -2.306995729012E+02 +/-   9.927265583704E-05
  > varE =   4.932260527364E-04
* Computing derivatives.
  Done. [total walltime: 11.3s]
* Optimizing manipulation constant:
  #igrid a___________ E____________________________________ varE____________
     1     Infinity    -2.30699573E+02 +/-   9.92726558E-05   4.93226053E-04
     2     1.0000E+06  -2.30699573E+02 +/-   9.92725847E-05   4.93225346E-04
     3     2.1544E+05  -2.30699573E+02 +/-   9.92723269E-05   4.93222784E-04
     4     4.6416E+04  -2.30699573E+02 +/-   9.92711515E-05   4.93211105E-04
     5     1.0000E+04  -2.30699573E+02 +/-   9.92661579E-05   4.93161487E-04
     6     2.1544E+03  -2.30699572E+02 +/-   9.92530104E-05   4.93030859E-04
     7     4.6416E+02  -2.30699556E+02 +/-   9.94562316E-05   4.95051894E-04
     8     1.0000E+02  -2.30698926E+02 +/-   1.23597642E-04   7.64552117E-04
     9     2.1544E+01  -2.30625946E+02 +/-   1.01882455E-03   5.19499970E-02
    10     4.6416E+00  -2.30015625E+02 +/-   2.54083438E-03   3.23101848E-01
    11     1.0000E+00  -2.30005971E+02 +/-   2.54805105E-03   3.24939851E-01
    12     2.1544E-01  -2.30005970E+02 +/-   2.54791724E-03   3.24905723E-01
    13     4.6416E-02  -2.30031484E+02 +/-   2.98870500E-05   4.47046631E-05
    14     1.0000E-02  -2.30031488E+02 +/-   2.99589483E-05   4.49200110E-05
    15     2.1544E-03  -2.30031489E+02 +/-   2.99722664E-05   4.49599577E-05
    16     4.6416E-04  -2.30031490E+02 +/-   2.99750267E-05   4.49682395E-05
    17     1.0000E-04  -2.30031490E+02 +/-   2.99756163E-05   4.49700085E-05
    18     2.1544E-05  -2.30031490E+02 +/-   2.99757431E-05   4.49703889E-05
    19     4.6416E-06  -2.30031490E+02 +/-   2.99757704E-05   4.49704708E-05
    20     1.0000E-06  -2.30031490E+02 +/-   2.99757763E-05   4.49704884E-05
    21     0.0000E+00  -2.30031490E+02 +/-   2.99757779E-05   4.49704933E-05
* Iteration # 1: E =  -2.306995729479E+02 +/-   9.926615794093E-05
* Reached maximum number of iterations: exiting.
* After optimization:
  -1.0018E+00   4.0379E-01  -2.4072E-03   3.2313E-02   1.0515E-01   9.8621E-02
  -2.6676E-01  -2.7776E-01  -3.7175E-02   3.8095E-02  -4.2107E-02   2.9247E-02
  -1.3071E-02  -4.7746E-03  -1.7595E-02  -4.6718E-02   7.9317E-03   6.8747E-01
  -2.3275E-02  -7.0757E-02  -5.7263E-02  -6.5774E-02  -6.3626E-02  -5.0128E-03
  -2.6687E-02  -2.5271E-02  -6.1536E-02  -6.6479E-02   1.5917E-01   1.3474E-01
   1.4496E-01   7.7064E-02   7.1375E-02   4.7797E-02   1.7583E-01   1.7395E-01
   8.5080E-02   8.0093E-02
  > Energy =  -2.306995729479E+02 +/-   9.926615794093E-05
  > varE =   4.931614865830E-04

VMC #5:
* Size of Hilbert space =   4.0000E+02
* Deterministic energy evaluation:
  > Deterministic Etot/t = -230.69946590393758
    - Ttot/t = -10.354232908779011
    - Utot/t = 3.8972588589892490
* Number of equil. steps   = 1000
* Running VMC equilibration.
  Done. [total walltime: 0.04s]
* Equil. acc.ratio (%)     =  31.8333
* Sample config after equilibration:
  +-----+
  |  0  |
  |u   d|
  |d   u|
  |  2  |
  +-----+
* Number of accum. steps   = 500480 x 10
* Running VMC accumulation.
  Done. [total walltime: 4.53s]
* Acceptance ratio (%)     =  31.8527
* Etot/t                   =  -2.306995080983E+02 +/-   3.128973469153E-05
  > Ttot/t                 =  -1.035468074705E+01 +/-   3.004515558364E-04
  > Utot/t                 =   3.897664503059E+00 +/-   2.873045121047E-04
* var[Eloc/t]              =   4.963850123470E-04 +/-   2.409404406276E-06
* Correlation length       =   9.871242667361E-01
* log10 Psi^2 range: -7.3212660505606513 -- -3.3066608924235448
* log10 Pgen range : -7.3212660505606513 -- -3.3066608924235448
* Site occupation (ave. no. electrons per config.):
  > Site_  ___eu____  ___ed____
      1        0.496      0.500
      2        0.498      0.504
      3        0.502      0.499
      4        0.498      0.498
      5        0.504      0.501
      6        0.503      0.497
* Pair-correlation analysis (ave. no. pairs per config.):
  > Shell  nsite  ___dh____  __eueu___  __eued___
      0      1        0          0          0.997
      1      4        1.030      1.465      3.569
      2      4        0.139      0.828      1.121
      3      4        0.069      0.413      0.572
      4      4        0.216      2.200      1.832
      5      4        0.108      1.095      0.909

Optimization #5:
* Method          : lls
* Target function : energy
* No. of configs. : 50048
* No. of params.  : 38
* Before optimization:
  -1.0018E+00   4.0379E-01  -2.4072E-03   3.2313E-02   1.0515E-01   9.8621E-02
  -2.6676E-01  -2.7776E-01  -3.7175E-02   3.8095E-02  -4.2107E-02   2.9247E-02
  -1.3071E-02  -4.7746E-03  -1.7595E-02  -4.6718E-02   7.9317E-03   6.8747E-01
  -2.3275E-02  -7.0757E-02  -5.7263E-02  -6.5774E-02  -6.3626E-02  -5.0128E-03
  -2.6687E-02  -2.5271E-02  -6.1536E-02  -6.6479E-02   1.5917E-01   1.3474E-01
   1.4496E-01   7.7064E-02   7.1375E-02   4.7797E-02   1.7583E-01   1.7395E-01
   8.5080E-02   8.0093E-02
  > E    =  -2.306994302152E+02 +/-   9.968368563866E-05
  > varE =   4.973188273102E-04
* Computing derivatives.
  Done. [total walltime: 11.3s]
* Optimizing manipulation constant:
  #igrid a___________ E____________________________________ varE____________
     1     Infinity    -2.30699430E+02 +/-   9.96836856E-05   4.97318827E-04
     2     1.0000E+06  -2.30699430E+02 +/-   9.96836113E-05   4.97318086E-04
     3     2.1544E+05  -2.30699430E+02 +/-   9.96833407E-05   4.97315385E-04
     4     4.6416E+04  -2.30699430E+02 +/-   9.96820846E-05   4.97302852E-04
     5     1.0000E+04  -2.30699430E+02 +/-   9.96762549E-05   4.97244687E-04
     6     2.1544E+03  -2.30699431E+02 +/-   9.96492103E-05   4.96974894E-04
     7     4.6416E+02  -2.30699432E+02 +/-   9.95239911E-05   4.95726682E-04
     8     1.0000E+02  -2.30699440E+02 +/-   9.89493636E-05   4.90018794E-04
     9     2.1544E+01  -2.30699473E+02 +/-   9.64149159E-05   4.65238000E-04
    10     4.6416E+00  -2.30699589E+02 +/-   8.68843015E-05   3.77806439E-04
    11     1.0000E+00  -2.30699822E+02 +/-   6.58595146E-05   2.17081982E-04
    12     2.1544E-01  -2.30700015E+02 +/-   5.31144383E-05   1.41192592E-04
    13     4.6416E-02  -2.30700063E+02 +/-   5.47294308E-05   1.49909305E-04
    14     1.0000E-02  -2.30700065E+02 +/-   5.64174383E-05   1.59299148E-04
    15     2.1544E-03  -2.30700065E+02 +/-   5.68890829E-05   1.61973733E-04
    16     4.6416E-04  -2.30700065E+02 +/-   5.69964246E-05   1.62585553E-04
    17     1.0000E-04  -2.30700065E+02 +/-   5.70198246E-05   1.62719080E-04
    18     2.1544E-05  -2.30700065E+02 +/-   5.70248788E-05   1.62747928E-04
    19     4.6416E-06  -2.30700065E+02 +/-   5.70259683E-05   1.62754147E-04
    20     1.0000E-06  -2.30700065E+02 +/-   5.70262030E-05   1.62755487E-04
    21     0.0000E+00  -2.30700065E+02 +/-   5.70262675E-05   1.62755855E-04
  ParMin   2.3458E-02  -2.30700065E+02 +/-   5.57035799E-05   1.55293379E-04
  # Using grid point #13
* Iteration # 1: E =  -2.307000627530E+02 +/-   5.472943083887E-05
* Reached maximum number of iterations: exiting.
* After optimization:
  -7.9903E-01   3.0805E-01  -5.8732E-02  -3.7799E-02   2.9490E-02   2.2571E-02
  -1.8348E-01  -1.4503E-01   3.9191E-03   4.7282E-02  -1.3283E-02   3.4310E-02
  -1.7799E-02   6.5969E-04  -3.9606E-02  -5.0580E-02   2.8426E-02   7.6942E-01
   4.2334E-02   2.0427E-02   2.9511E-02  -1.6814E-02  -1.6867E-02   3.0263E-02
   3.0343E-02   2.8083E-02   1.0637E-02   5.0963E-03   1.8297E-01   1.3201E-01
   1.2891E-01   8.0922E-02   9.0892E-02   1.2580E-01   1.3682E-01   1.1870E-01
   9.7430E-02   9.8126E-02
  > Energy =  -2.307000627530E+02 +/-   5.472943083887E-05
  > varE =   1.499093049061E-04

VMC #6:
* Size of Hilbert space =   4.0000E+02
* Deterministic energy evaluation:
  > Deterministic Etot/t = -230.70012731497422
    - Ttot/t = -10.361667662065535
    - Utot/t = 3.9040322012392132
* Number of equil. steps   = 1000
* Running VMC equilibration.
  Done. [total walltime: 0.04s]
* Equil. acc.ratio (%)     =  43.4466
* Sample config after equilibration:
  +-----+
  |  u  |
  |d   d|
  |2   u|
  |  0  |
  +-----+
* Number of accum. steps   = 500480 x 10
* Running VMC accumulation.
  Done. [total walltime: 4.53s]
* Acceptance ratio (%)     =  43.2827
* Etot/t                   =  -2.307001402815E+02 +/-   1.759112631920E-05
  > Ttot/t                 =  -1.036111840532E+01 +/-   2.856658570532E-04
  > Utot/t                 =   3.903469978192E+00 +/-   2.836480735410E-04
* var[Eloc/t]              =   1.517431593278E-04 +/-   6.228417296758E-07
* Correlation length       =   1.020621938961E+00
* log10 Psi^2 range: -7.4917410826444728 -- -3.2578357709006927
* log10 Pgen range : -7.4917410826444728 -- -3.2578357709006927
* Site occupation (ave. no. electrons per config.):
  > Site_  ___eu____  ___ed____
      1        0.499      0.498
      2        0.499      0.497
      3        0.501      0.500
      4        0.502      0.500
      5        0.500      0.499
      6        0.499      0.505
* Pair-correlation analysis (ave. no. pairs per config.):
  > Shell  nsite  ___dh____  __eueu___  __eued___
      0      1        0          0          1.019
      1      4        1.041      1.479      3.547
      2      4        0.142      0.849      1.115
      3      4        0.072      0.416      0.555
      4      4        0.227      2.172      1.840
      5      4        0.118      1.085      0.924

Optimization #6:
* Method          : lls
* Target function : energy
* No. of configs. : 50048
* No. of params.  : 38
* Before optimization:
  -7.9903E-01   3.0805E-01  -5.8732E-02  -3.7799E-02   2.9490E-02   2.2571E-02
  -1.8348E-01  -1.4503E-01   3.9191E-03   4.7282E-02  -1.3283E-02   3.4310E-02
  -1.7799E-02   6.5969E-04  -3.9606E-02  -5.0580E-02   2.8426E-02   7.6942E-01
   4.2334E-02   2.0427E-02   2.9511E-02  -1.6814E-02  -1.6867E-02   3.0263E-02
   3.0343E-02   2.8083E-02   1.0637E-02   5.0963E-03   1.8297E-01   1.3201E-01
   1.2891E-01   8.0922E-02   9.0892E-02   1.2580E-01   1.3682E-01   1.1870E-01
   9.7430E-02   9.8126E-02
  > E    =  -2.307000991345E+02 +/-   5.467985334181E-05
  > varE =   1.496378326195E-04
* Computing derivatives.
  Done. [total walltime: 11.2s]
* Optimizing manipulation constant:
  #igrid a___________ E____________________________________ varE____________
     1     Infinity    -2.30700099E+02 +/-   5.46798533E-05   1.49637833E-04
     2     1.0000E+06  -2.30700099E+02 +/-   5.46797919E-05   1.49637496E-04
     3     2.1544E+05  -2.30700099E+02 +/-   5.46795680E-05   1.49636271E-04
     4     4.6416E+04  -2.30700099E+02 +/-   5.46785291E-05   1.49630585E-04
     5     1.0000E+04  -2.30700099E+02 +/-   5.46737072E-05   1.49604195E-04
     6     2.1544E+03  -2.30700099E+02 +/-   5.46513382E-05   1.49481803E-04
     7     4.6416E+02  -2.30700100E+02 +/-   5.45477714E-05   1.48915791E-04
     8     1.0000E+02  -2.30700103E+02 +/-   5.40726018E-05   1.46332658E-04
     9     2.1544E+01  -2.30700114E+02 +/-   5.19793217E-05   1.35222183E-04
    10     4.6416E+00  -2.30700156E+02 +/-   4.41432216E-05   9.75247348E-05
    11     1.0000E+00  -2.30700238E+02 +/-   2.62088970E-05   3.43782855E-05
    12     2.1544E-01  -2.30700282E+02 +/-   1.24188539E-05   7.71879958E-06
    13     4.6416E-02  -2.30700283E+02 +/-   1.29127354E-05   8.34494025E-06
    14     1.0000E-02  -2.30700281E+02 +/-   1.40192601E-05   9.83641663E-06
    15     2.1544E-03  -2.30700281E+02 +/-   1.43154587E-05   1.02564546E-05
    16     4.6416E-04  -2.30700281E+02 +/-   1.43820315E-05   1.03520699E-05
    17     1.0000E-04  -2.30700281E+02 +/-   1.43965030E-05   1.03729133E-05
    18     2.1544E-05  -2.30700281E+02 +/-   1.43996267E-05   1.03774153E-05
    19     4.6416E-06  -2.30700281E+02 +/-   1.44003000E-05   1.03783857E-05
    20     1.0000E-06  -2.30700281E+02 +/-   1.44004451E-05   1.03785948E-05
    21     0.0000E+00  -2.30700281E+02 +/-   1.44004849E-05   1.03786522E-05
  ParMin   9.6706E-02  -2.30700284E+02 +/-   1.20610738E-05   7.28045755E-06
  # Using parabolic minimum
* Iteration # 1: E =  -2.307002840771E+02 +/-   1.206107375847E-05
* Reached maximum number of iterations: exiting.
* After optimization:
  -7.6236E-01   3.0026E-01  -5.6365E-02  -4.7515E-02   1.6764E-02   1.4357E-02
  -1.4537E-01  -1.5925E-01   1.8945E-02   4.0048E-02   5.5324E-02  -5.1995E-03
   2.2886E-02  -2.9208E-02  -3.3533E-02  -3.8558E-02   1.7928E-02   7.8056E-01
   5.6188E-02   4.7542E-03   1.6570E-02  -2.6342E-02  -2.6521E-02   4.4434E-02
   1.1559E-02   1.5711E-02  -4.5510E-03  -1.0561E-02   1.7855E-01   8.8179E-02
   9.1746E-02   4.4105E-02   5.2008E-02   1.3318E-01   9.2210E-02   8.8152E-02
   6.0533E-02   6.0904E-02
  > Energy =  -2.307002840771E+02 +/-   1.206107375847E-05
  > varE =   7.280457546378E-06

VMC #7:
* Size of Hilbert space =   4.0000E+02
* Deterministic energy evaluation:
  > Deterministic Etot/t = -230.70026790845890
    - Ttot/t = -10.364312169815550
    - Utot/t = 3.9065361155045464
* Number of equil. steps   = 1000
* Running VMC equilibration.
  Done. [total walltime: 0.04s]
* Equil. acc.ratio (%)     =  43.5553
* Sample config after equilibration:
  +-----+
  |  u  |
  |d   d|
  |2   u|
  |  0  |
  +-----+
* Number of accum. steps   = 500480 x 10
* Running VMC accumulation.
  Done. [total walltime: 4.51s]
* Acceptance ratio (%)     =  43.7458
* Etot/t                   =  -2.307002624698E+02 +/-   3.790941690396E-06
  > Ttot/t                 =  -1.036452111601E+01 +/-   2.860947170249E-04
  > Utot/t                 =   3.906750500451E+00 +/-   2.885169647082E-04
* var[Eloc/t]              =   7.313896745707E-06 +/-   2.590067434620E-08
* Correlation length       =   9.834043184823E-01
* log10 Psi^2 range: -7.5155125977955448 -- -3.3383055794538730
* log10 Pgen range : -7.5155125977955448 -- -3.3383055794538730
* Site occupation (ave. no. electrons per config.):
  > Site_  ___eu____  ___ed____
      1        0.497      0.501
      2        0.501      0.500
      3        0.501      0.499
      4        0.501      0.500
      5        0.499      0.501
      6        0.501      0.499
* Pair-correlation analysis (ave. no. pairs per config.):
  > Shell  nsite  ___dh____  __eueu___  __eued___
      0      1        0          0          1.034
      1      4        1.063      1.475      3.529
      2      4        0.151      0.839      1.111
      3      4        0.076      0.420      0.556
      4      4        0.234      2.179      1.848
      5      4        0.119      1.087      0.922

Optimization #7:
* Method          : lls
* Target function : energy
* No. of configs. : 50048
* No. of params.  : 38
* Before optimization:
  -7.6236E-01   3.0026E-01  -5.6365E-02  -4.7515E-02   1.6764E-02   1.4357E-02
  -1.4537E-01  -1.5925E-01   1.8945E-02   4.0048E-02   5.5324E-02  -5.1995E-03
   2.2886E-02  -2.9208E-02  -3.3533E-02  -3.8558E-02   1.7928E-02   7.8056E-01
   5.6188E-02   4.7542E-03   1.6570E-02  -2.6342E-02  -2.6521E-02   4.4434E-02
   1.1559E-02   1.5711E-02  -4.5510E-03  -1.0561E-02   1.7855E-01   8.8179E-02
   9.1746E-02   4.4105E-02   5.2008E-02   1.3318E-01   9.2210E-02   8.8152E-02
   6.0533E-02   6.0904E-02
  > E    =  -2.307002608326E+02 +/-   1.210413582866E-05
  > varE =   7.332537692934E-06
* Computing derivatives.
  Done. [total walltime: 11.2s]
* Optimizing manipulation constant:
  #igrid a___________ E____________________________________ varE____________
     1     Infinity    -2.30700261E+02 +/-   1.21041358E-05   7.33253769E-06
     2     1.0000E+06  -2.30700261E+02 +/-   1.21041277E-05   7.33252781E-06
     3     2.1544E+05  -2.30700261E+02 +/-   1.21040980E-05   7.33249184E-06
     4     4.6416E+04  -2.30700261E+02 +/-   1.21039602E-05   7.33232485E-06
     5     1.0000E+04  -2.30700261E+02 +/-   1.21033205E-05   7.33154990E-06
     6     2.1544E+03  -2.30700261E+02 +/-   1.21003531E-05   7.32795530E-06
     7     4.6416E+02  -2.30700261E+02 +/-   1.20866129E-05   7.31132267E-06
     8     1.0000E+02  -2.30700261E+02 +/-   1.20235466E-05   7.23522278E-06
     9     2.1544E+01  -2.30700262E+02 +/-   1.17451485E-05   6.90404724E-06
    10     4.6416E+00  -2.30700264E+02 +/-   1.06907666E-05   5.72011056E-06
    11     1.0000E+00  -2.30700269E+02 +/-   8.12438261E-06   3.30344791E-06
    12     2.1544E-01  -2.30700275E+02 +/-   5.41499265E-06   1.46751474E-06
    13     4.6416E-02  -2.30700278E+02 +/-   4.43323232E-06   9.83620812E-07
    14     1.0000E-02  -2.30700279E+02 +/-   4.26206676E-06   9.09132583E-07
    15     2.1544E-03  -2.30700279E+02 +/-   4.23232195E-06   8.96487257E-07
    16     4.6416E-04  -2.30700279E+02 +/-   4.22634881E-06   8.93958590E-07
    17     1.0000E-04  -2.30700279E+02 +/-   4.22508336E-06   8.93423333E-07
    18     2.1544E-05  -2.30700279E+02 +/-   4.22481173E-06   8.93308462E-07
    19     4.6416E-06  -2.30700279E+02 +/-   4.22475326E-06   8.93283735E-07
    20     1.0000E-06  -2.30700279E+02 +/-   4.22474066E-06   8.93278408E-07
    21     0.0000E+00  -2.30700279E+02 +/-   4.22473720E-06   8.93276946E-07
* Iteration # 1: E =  -2.307002794576E+02 +/-   4.224737204183E-06
* Reached maximum number of iterations: exiting.
* After optimization:
  -7.6304E-01   3.0132E-01  -6.7190E-02  -5.8646E-02   1.3676E-02   1.0541E-02
  -1.3917E-01  -1.6010E-01   3.2661E-02   3.5710E-02   7.6750E-02  -1.5944E-02
   2.7712E-02  -3.4448E-02  -3.1674E-02  -3.5896E-02   1.6227E-02   7.8041E-01
   5.5482E-02  -6.9642E-03   5.2669E-03  -2.4996E-02  -2.5222E-02   5.0266E-02
   4.8725E-04   5.4194E-03  -6.8428E-03  -1.3781E-02   1.6900E-01   6.0786E-02
   6.5142E-02   3.3288E-02   4.2449E-02   1.3473E-01   6.5246E-02   6.2734E-02
   4.7785E-02   4.8219E-02
  > Energy =  -2.307002794576E+02 +/-   4.224737204183E-06
  > varE =   8.932769456336E-07

VMC #8:
* Size of Hilbert space =   4.0000E+02
* Deterministic energy evaluation:
  > Deterministic Etot/t = -230.70027797825662
    - Ttot/t = -10.363523302169689
    - Utot/t = 3.9057371780609240
* Number of equil. steps   = 1000
* Running VMC equilibration.
  Done. [total walltime: 0.04s]
* Equil. acc.ratio (%)     =  43.7017
* Sample config after equilibration:
  +-----+
  |  d  |
  |u   d|
  |u   u|
  |  d  |
  +-----+
* Number of accum. steps   = 500480 x 10
* Running VMC accumulation.
  Done. [total walltime: 4.51s]
* Acceptance ratio (%)     =  43.8276
* Etot/t                   =  -2.307002776909E+02 +/-   1.348036296765E-06
  > Ttot/t                 =  -1.036380895854E+01 +/-   2.854642164942E-04
  > Utot/t                 =   3.906023121937E+00 +/-   2.861192963299E-04
* var[Eloc/t]              =   9.216807388506E-07 +/-   9.255995286479E-09
* Correlation length       =   9.867551173124E-01
* log10 Psi^2 range: -6.9223552301985780 -- -3.3806835635061985
* log10 Pgen range : -6.9223552301985780 -- -3.3806835635061985
* Site occupation (ave. no. electrons per config.):
  > Site_  ___eu____  ___ed____
      1        0.498      0.500
      2        0.502      0.501
      3        0.500      0.500
      4        0.502      0.499
      5        0.498      0.501
      6        0.500      0.498
* Pair-correlation analysis (ave. no. pairs per config.):
  > Shell  nsite  ___dh____  __eueu___  __eued___
      0      1        0          0          1.036
      1      4        1.068      1.476      3.523
      2      4        0.151      0.839      1.108
      3      4        0.076      0.420      0.556
      4      4        0.236      2.178      1.850
      5      4        0.116      1.086      0.927

Optimization #8:
* Method          : lls
* Target function : energy
* No. of configs. : 50048
* No. of params.  : 38
* Before optimization:
  -7.6304E-01   3.0132E-01  -6.7190E-02  -5.8646E-02   1.3676E-02   1.0541E-02
  -1.3917E-01  -1.6010E-01   3.2661E-02   3.5710E-02   7.6750E-02  -1.5944E-02
   2.7712E-02  -3.4448E-02  -3.1674E-02  -3.5896E-02   1.6227E-02   7.8041E-01
   5.5482E-02  -6.9642E-03   5.2669E-03  -2.4996E-02  -2.5222E-02   5.0266E-02
   4.8725E-04   5.4194E-03  -6.8428E-03  -1.3781E-02   1.6900E-01   6.0786E-02
   6.5142E-02   3.3288E-02   4.2449E-02   1.3473E-01   6.5246E-02   6.2734E-02
   4.7785E-02   4.8219E-02
  > E    =  -2.307002703922E+02 +/-   4.258354184422E-06
  > varE =   9.075494298565E-07
* Computing derivatives.
  Done. [total walltime: 11.2s]
* Optimizing manipulation constant:
  #igrid a___________ E____________________________________ varE____________
     1     Infinity    -2.30700270E+02 +/-   4.25835418E-06   9.07549430E-07
     2     1.0000E+06  -2.30700270E+02 +/-   4.25835257E-06   9.07548741E-07
     3     2.1544E+05  -2.30700270E+02 +/-   4.25834668E-06   9.07546233E-07
     4     4.6416E+04  -2.30700270E+02 +/-   4.25831938E-06   9.07534593E-07
     5     1.0000E+04  -2.30700270E+02 +/-   4.25819263E-06   9.07480570E-07
     6     2.1544E+03  -2.30700270E+02 +/-   4.25760469E-06   9.07229988E-07
     7     4.6416E+02  -2.30700270E+02 +/-   4.25488315E-06   9.06070524E-07
     8     1.0000E+02  -2.30700270E+02 +/-   4.24241003E-06   9.00766048E-07
     9     2.1544E+01  -2.30700271E+02 +/-   4.18777622E-06   8.77715281E-07
    10     4.6416E+00  -2.30700271E+02 +/-   3.99135146E-06   7.97309006E-07
    11     1.0000E+00  -2.30700272E+02 +/-   3.70898354E-06   6.88488258E-07
    12     2.1544E-01  -2.30700273E+02 +/-   4.62789155E-06   1.07189704E-06
    13     4.6416E-02  -2.30700273E+02 +/-   6.06965430E-06   1.84380352E-06
    14     1.0000E-02  -2.30700273E+02 +/-   6.59045337E-06   2.17378861E-06
    15     2.1544E-03  -2.30700273E+02 +/-   6.71520520E-06   2.25686355E-06
    16     4.6416E-04  -2.30700273E+02 +/-   6.74267742E-06   2.27536720E-06
    17     1.0000E-04  -2.30700273E+02 +/-   6.74862380E-06   2.27938227E-06
    18     2.1544E-05  -2.30700273E+02 +/-   6.74990619E-06   2.28024862E-06
    19     4.6416E-06  -2.30700273E+02 +/-   6.75018254E-06   2.28043533E-06
    20     1.0000E-06  -2.30700273E+02 +/-   6.75024208E-06   2.28047556E-06
    21     0.0000E+00  -2.30700273E+02 +/-   6.75025843E-06   2.28048661E-06
* Iteration # 1: E =  -2.307002720829E+02 +/-   3.708983535061E-06
* Reached maximum number of iterations: exiting.
* After optimization:
  -7.5513E-01   3.0120E-01  -6.9018E-02  -5.9731E-02   1.2946E-02   9.7111E-03
  -1.3945E-01  -1.5913E-01   3.4507E-02   3.6302E-02   7.7990E-02  -1.5928E-02
   2.7324E-02  -3.4039E-02  -3.1496E-02  -3.7103E-02   1.5940E-02   7.8296E-01
   5.4617E-02  -8.3877E-03   5.1178E-03  -2.6749E-02  -2.6985E-02   5.0519E-02
  -7.8644E-04   4.0691E-03  -8.4598E-03  -1.5589E-02   1.6388E-01   5.9218E-02
   6.3688E-02   2.9497E-02   3.8892E-02   1.3053E-01   6.3708E-02   5.9556E-02
   4.4307E-02   4.4732E-02
  > Energy =  -2.307002720829E+02 +/-   3.708983535061E-06
  > varE =   6.884882579933E-07

VMC #9:
* Size of Hilbert space =   4.0000E+02
* Deterministic energy evaluation:
  > Deterministic Etot/t = -230.70027823045149
    - Ttot/t = -10.363428011514465
    - Utot/t = 3.9056416352108689
* Number of equil. steps   = 1000
* Running VMC equilibration.
  Done. [total walltime: 0.04s]
* Equil. acc.ratio (%)     =  43.6724
* Sample config after equilibration:
  +-----+
  |  u  |
  |u   d|
  |d   d|
  |  u  |
  +-----+
* Number of accum. steps   = 500480 x 10
* Running VMC accumulation.
  Done. [total walltime: 4.50s]
* Acceptance ratio (%)     =  43.7624
* Etot/t                   =  -2.307002779960E+02 +/-   1.201131256734E-06
  > Ttot/t                 =  -1.036311370626E+01 +/-   2.912247747199E-04
  > Utot/t                 =   3.905327564455E+00 +/-   2.916782865422E-04
* var[Eloc/t]              =   7.077613168352E-07 +/-   5.321233927118E-09
* Correlation length       =   1.020189482809E+00
* log10 Psi^2 range: -7.5066925727332938 -- -3.3403577926068988
* log10 Pgen range : -7.5066925727332938 -- -3.3403577926068988
* Site occupation (ave. no. electrons per config.):
  > Site_  ___eu____  ___ed____
      1        0.499      0.500
      2        0.501      0.499
      3        0.500      0.503
      4        0.502      0.497
      5        0.503      0.498
      6        0.495      0.502
* Pair-correlation analysis (ave. no. pairs per config.):
  > Shell  nsite  ___dh____  __eueu___  __eued___
      0      1        0          0          1.029
      1      4        1.058      1.482      3.527
      2      4        0.150      0.842      1.104
      3      4        0.076      0.424      0.551
      4      4        0.231      2.166      1.862
      5      4        0.116      1.086      0.927

Optimization #9:
* Method          : lls
* Target function : energy
* No. of configs. : 50048
* No. of params.  : 38
* Before optimization:
  -7.5513E-01   3.0120E-01  -6.9018E-02  -5.9731E-02   1.2946E-02   9.7111E-03
  -1.3945E-01  -1.5913E-01   3.4507E-02   3.6302E-02   7.7990E-02  -1.5928E-02
   2.7324E-02  -3.4039E-02  -3.1496E-02  -3.7103E-02   1.5940E-02   7.8296E-01
   5.4617E-02  -8.3877E-03   5.1178E-03  -2.6749E-02  -2.6985E-02   5.0519E-02
  -7.8644E-04   4.0691E-03  -8.4598E-03  -1.5589E-02   1.6388E-01   5.9218E-02
   6.3688E-02   2.9497E-02   3.8892E-02   1.3053E-01   6.3708E-02   5.9556E-02
   4.4307E-02   4.4732E-02
  > E    =  -2.307002768776E+02 +/-   3.822730621819E-06
  > varE =   7.313649072811E-07
* Computing derivatives.
  Done. [total walltime: 11.2s]
* Optimizing manipulation constant:
  #igrid a___________ E____________________________________ varE____________
     1     Infinity    -2.30700277E+02 +/-   3.82273062E-06   7.31364907E-07
     2     1.0000E+06  -2.30700277E+02 +/-   3.82272972E-06   7.31364564E-07
     3     2.1544E+05  -2.30700277E+02 +/-   3.82272646E-06   7.31363314E-07
     4     4.6416E+04  -2.30700277E+02 +/-   3.82271130E-06   7.31357513E-07
     5     1.0000E+04  -2.30700277E+02 +/-   3.82264094E-06   7.31330593E-07
     6     2.1544E+03  -2.30700277E+02 +/-   3.82231467E-06   7.31205755E-07
     7     4.6416E+02  -2.30700277E+02 +/-   3.82080627E-06   7.30628758E-07
     8     1.0000E+02  -2.30700277E+02 +/-   3.81393275E-06   7.28002365E-07
     9     2.1544E+01  -2.30700277E+02 +/-   3.78455993E-06   7.16832192E-07
    10     4.6416E+00  -2.30700277E+02 +/-   3.68689312E-06   6.80311516E-07
    11     1.0000E+00  -2.30700276E+02 +/-   3.51897027E-06   6.19751979E-07
    12     2.1544E-01  -2.30700277E+02 +/-   3.39689020E-06   5.77497017E-07
    13     4.6416E-02  -2.30700277E+02 +/-   3.37841349E-06   5.71231743E-07
    14     1.0000E-02  -2.30700277E+02 +/-   3.39359957E-06   5.76378694E-07
    15     2.1544E-03  -2.30700277E+02 +/-   3.39979360E-06   5.78484638E-07
    16     4.6416E-04  -2.30700277E+02 +/-   3.40131866E-06   5.79003742E-07
    17     1.0000E-04  -2.30700277E+02 +/-   3.40165681E-06   5.79118874E-07
    18     2.1544E-05  -2.30700277E+02 +/-   3.40173011E-06   5.79143834E-07
    19     4.6416E-06  -2.30700277E+02 +/-   3.40174593E-06   5.79149218E-07
    20     1.0000E-06  -2.30700277E+02 +/-   3.40174934E-06   5.79150379E-07
    21     0.0000E+00  -2.30700277E+02 +/-   3.40175027E-06   5.79150697E-07
* Iteration # 1: E =  -2.307002774584E+02 +/-   3.401750273092E-06
* Reached maximum number of iterations: exiting.
* After optimization:
  -7.6030E-01   3.0131E-01  -7.0084E-02  -6.0417E-02   1.3034E-02   9.2948E-03
  -1.3917E-01  -1.5768E-01   3.5779E-02   3.6104E-02   7.7824E-02  -1.4572E-02
   2.6024E-02  -3.3343E-02  -3.0669E-02  -3.6205E-02   1.5718E-02   7.8123E-01
   5.5031E-02  -1.2328E-02   1.2143E-03  -2.6138E-02  -2.6354E-02   5.2248E-02
  -4.6102E-03   2.0671E-04  -9.0322E-03  -1.6136E-02   1.6473E-01   5.2665E-02
   5.6729E-02   2.9186E-02   3.8718E-02   1.3466E-01   5.7416E-02   5.2806E-02
   4.3117E-02   4.3702E-02
  > Energy =  -2.307002774584E+02 +/-   3.401750273092E-06
  > varE =   5.791506974602E-07

VMC #10:
* Size of Hilbert space =   4.0000E+02
* Deterministic energy evaluation:
  > Deterministic Etot/t = -230.70027842448570
    - Ttot/t = -10.363258182990025
    - Utot/t = 3.9054716126521756
* Number of equil. steps   = 1000
* Running VMC equilibration.
  Done. [total walltime: 0.04s]
* Equil. acc.ratio (%)     =  43.8702
* Sample config after equilibration:
  +-----+
  |  u  |
  |d   d|
  |u   u|
  |  d  |
  +-----+
* Number of accum. steps   = 500480 x 10
* Running VMC accumulation.
  Done. [total walltime: 4.51s]
* Acceptance ratio (%)     =  43.8350
* Etot/t                   =  -2.307002775745E+02 +/-   1.084399256171E-06
  > Ttot/t                 =  -1.036344197578E+01 +/-   2.940018287034E-04
  > Utot/t                 =   3.905656255207E+00 +/-   2.941223612937E-04
* var[Eloc/t]              =   5.818381593062E-07 +/-   5.878356696648E-09
* Correlation length       =   1.011493155643E+00
* log10 Psi^2 range: -7.5512186026041643 -- -3.3796345754532973
* log10 Pgen range : -7.5512186026041643 -- -3.3796345754532973
* Site occupation (ave. no. electrons per config.):
  > Site_  ___eu____  ___ed____
      1        0.500      0.498
      2        0.500      0.499
      3        0.500      0.502
      4        0.498      0.496
      5        0.499      0.503
      6        0.502      0.502
* Pair-correlation analysis (ave. no. pairs per config.):
  > Shell  nsite  ___dh____  __eueu___  __eued___
      0      1        0          0          1.030
      1      4        1.062      1.472      3.531
      2      4        0.154      0.836      1.104
      3      4        0.077      0.420      0.553
      4      4        0.227      2.182      1.856
      5      4        0.114      1.090      0.926

Optimization #10:
* Method          : lls
* Target function : energy
* No. of configs. : 50048
* No. of params.  : 38
* Before optimization:
  -7.6030E-01   3.0131E-01  -7.0084E-02  -6.0417E-02   1.3034E-02   9.2948E-03
  -1.3917E-01  -1.5768E-01   3.5779E-02   3.6104E-02   7.7824E-02  -1.4572E-02
   2.6024E-02  -3.3343E-02  -3.0669E-02  -3.6205E-02   1.5718E-02   7.8123E-01
   5.5031E-02  -1.2328E-02   1.2143E-03  -2.6138E-02  -2.6354E-02   5.2248E-02
  -4.6102E-03   2.0671E-04  -9.0322E-03  -1.6136E-02   1.6473E-01   5.2665E-02
   5.6729E-02   2.9186E-02   3.8718E-02   1.3466E-01   5.7416E-02   5.2806E-02
   4.3117E-02   4.3702E-02
  > E    =  -2.307002736363E+02 +/-   3.411185347382E-06
  > varE =   5.823678106124E-07
* Computing derivatives.
  Done. [total walltime: 11.2s]
* Optimizing manipulation constant:
  #igrid a___________ E____________________________________ varE____________
     1     Infinity    -2.30700274E+02 +/-   3.41118535E-06   5.82367811E-07
     2     1.0000E+06  -2.30700274E+02 +/-   3.41118504E-06   5.82367707E-07
     3     2.1544E+05  -2.30700274E+02 +/-   3.41118393E-06   5.82367325E-07
     4     4.6416E+04  -2.30700274E+02 +/-   3.41117861E-06   5.82365509E-07
     5     1.0000E+04  -2.30700274E+02 +/-   3.41115091E-06   5.82356052E-07
     6     2.1544E+03  -2.30700274E+02 +/-   3.41095784E-06   5.82290132E-07
     7     4.6416E+02  -2.30700274E+02 +/-   3.40870146E-06   5.81520005E-07
     8     1.0000E+02  -2.30700274E+02 +/-   3.37880035E-06   5.71362572E-07
     9     2.1544E+01  -2.30700272E+02 +/-   5.64870766E-06   1.59692649E-06
    10     4.6416E+00  -2.30699927E+02 +/-   7.32893899E-05   2.68824557E-04
    11     1.0000E+00  -2.30692407E+02 +/-   3.48229640E-04   6.06901476E-03
    12     2.1544E-01  -2.30698643E+02 +/-   1.59395478E-04   1.27156545E-03
    13     4.6416E-02  -2.29262222E+02 +/-   2.62020810E-03   3.43604067E-01
    14     1.0000E-02  -2.29265451E+02 +/-   2.61296549E-03   3.41707158E-01
    15     2.1544E-03  -2.29265630E+02 +/-   2.61274569E-03   3.41649670E-01
    16     4.6416E-04  -2.29265675E+02 +/-   2.61272266E-03   3.41643647E-01
    17     1.0000E-04  -2.29265684E+02 +/-   2.61271891E-03   3.41642667E-01
    18     2.1544E-05  -2.29265687E+02 +/-   2.61271816E-03   3.41642471E-01
    19     4.6416E-06  -2.29265687E+02 +/-   2.61271800E-03   3.41642430E-01
    20     1.0000E-06  -2.29265687E+02 +/-   2.61271797E-03   3.41642421E-01
    21     0.0000E+00  -2.29265687E+02 +/-   2.61271796E-03   3.41642418E-01
  ParMin   2.1110E+02  -2.30700274E+02 +/-   3.40136528E-06   5.79019615E-07
  # Using grid point #8
* Iteration # 1: E =  -2.307002736608E+02 +/-   3.378800350300E-06
* Reached maximum number of iterations: exiting.
* After optimization:
  -7.4007E-01   3.0130E-01  -7.0124E-02  -6.0451E-02   1.3018E-02   9.2749E-03
  -1.3916E-01  -1.5767E-01   3.5811E-02   3.6104E-02   7.7842E-02  -1.4564E-02
   2.6014E-02  -3.3335E-02  -3.0649E-02  -3.6192E-02   1.5705E-02   7.7341E-01
   5.4515E-02  -1.2253E-02   1.1613E-03  -2.5884E-02  -2.6097E-02   5.1782E-02
  -4.6114E-03   1.5364E-04  -8.9586E-03  -1.5992E-02   1.6470E-01   5.2542E-02
   5.6606E-02   2.9101E-02   3.8634E-02   1.3466E-01   5.7293E-02   5.2666E-02
   4.3031E-02   4.3615E-02
  > Energy =  -2.307002736608E+02 +/-   3.378800350300E-06
  > varE =   5.713625723661E-07

VMC #11:
* Size of Hilbert space =   4.0000E+02
* Deterministic energy evaluation:
  > Deterministic Etot/t = -230.70027843658633
    - Ttot/t = -10.363227486185947
    - Utot/t = 3.9054409037475231
* Number of equil. steps   = 1000
* Running VMC equilibration.
  Done. [total walltime: 0.04s]
* Equil. acc.ratio (%)     =  43.5861
* Sample config after equilibration:
  +-----+
  |  u  |
  |d   u|
  |d   0|
  |  2  |
  +-----+
* Number of accum. steps   = 500480 x 10
* Running VMC accumulation.
  Done. [total walltime: 4.51s]
* Acceptance ratio (%)     =  43.5848
* Etot/t                   =  -2.307002796126E+02 +/-   1.062282082347E-06
  > Ttot/t                 =  -1.036343965279E+01 +/-   2.885639473415E-04
  > Utot/t                 =   3.905651894285E+00 +/-   2.886053802582E-04
* var[Eloc/t]              =   5.702895459922E-07 +/-   2.302919915291E-09
* Correlation length       =   9.903096908458E-01
* log10 Psi^2 range: -7.5613247511465795 -- -3.3797113630970124
* log10 Pgen range : -7.5613247511465795 -- -3.3797113630970124
* Site occupation (ave. no. electrons per config.):
  > Site_  ___eu____  ___ed____
      1        0.497      0.499
      2        0.497      0.499
      3        0.501      0.500
      4        0.504      0.501
      5        0.502      0.497
      6        0.499      0.503
* Pair-correlation analysis (ave. no. pairs per config.):
  > Shell  nsite  ___dh____  __eueu___  __eued___
      0      1        0          0          1.029
      1      4        1.056      1.477      3.531
      2      4        0.152      0.841      1.108
      3      4        0.076      0.420      0.549
      4      4        0.230      2.170      1.854
      5      4        0.113      1.092      0.929

VDAGGER finished.
Total VDAGGER walltime: 4m33s

Run ended: Sat Sep 27 09:44:08 CEST 2025
