Run started: Sat Sep 27 09:58:51 CEST 2025
Using VDAGGER_ARCH = gnu7_fkfamd_cluster
Running 1x128 MPI processes.

                               xx
                              +##
                               #X
                               Xx
                          X##XxXxxX##x
                           +   Xx  ++
                               ##
                              +##
                              +##
     ++++         ++          +##
   xX+++##+      ####         +##
  Xx    ###      +X##          ##
 xX    X##+        ##          #X
 +    x##X         #x          #X
      ###         +#           x+
     X##+         #+
     ###         Xx                    _______
     ##X       +X+   __________________VDAGGER
     +##x    +xX     2nd quantized variational
       +xxxxx+       ______quantum Monte Carlo

* Running 128 MPI processes.
* Input file: "input.casl"

############# Start of input file dump #############
General:
  Random seed: timer

Plan:
  VMC-optimization:
    Minimum cycles: 10
    Convergence cycles: 5

System:
  Read Hamiltonian: FCIDUMP_loc_benzene
  Read orbitals: LTSC_benzene
  Complex orbitals: F
  Geometry:
    r_5: [ 0.00000000000000, 2.63994739601739 ]
    r_4: [ 2.28626150960564, 1.31997369800870 ]
    r_6: [ 2.28626150960564, -1.31997369800870 ]
    r_2: [ 0.00000000000000, -2.63994739601739 ]
    r_3: [ -2.28626150960564, -1.31997369800870 ]
    r_1: [ -2.28626150960564, 1.31997369800870 ]

VMC:
  nstep: 500000
  nconfig: 50000

Jastrow: wfn.casl

Backflow: wfn.casl

Multideterminants: wfn.casl
############## End of input file dump ##############

General setup:
* Random seed: 180818200 (from timer)

* Loaded integrals for system with nelec=6, ms2=0, norb=6
* INFO: setting number of electrons from integrals file.
* Analysis of Hamiltonian connecitivity performed:
  - T_ii (local, 1-site): 6 (i) values
  - U_iiii [opp] (local, 1-site): 6 (i) values
  - U_kkii [opp] (local, 2-site): 30 contribs. from 6 (i) values
  - U_kkii [par] (local, 2-site): 15 contribs. from 5 (i) values
  - T_ji (single, 2-site): 30 contribs. from 6 (i) values
  - U_kkji [opp] (single, 2/3-site): 180 contribs. from 30 (i,j) pairs
  - U_kkji [par] (single, 3-site): 150 contribs. from 30 (i,j) pairs
  - U_lkji [opp] (double, 2/3/4-site): 900 contribs. from 30 (i,j) pairs
  - U_lkji [par] (double, 4-site): 170 contribs. from 20 (i,j) pairs
  - Max. no. wfn. ratios in Eloc: 255
* Reading override orbitals from file "LTSC_benzene".
* Site labels:
  +-----+
  |  5  |
  |1   4|
  |3   6|
  |  2  |
  +-----+
* Automatically set Site kinds:
  [ 1, 1, 1, 1, 1, 1 ]
  +-----+
  |  1  |
  |1   1|
  |1   1|
  |  1  |
  +-----+
* Maximum Site kind: 1
* Number of site-pair kinds with Tij=0: 0
* Automatically set Site pair kinds:
  Site 1: [ 0, 4, 1, -5, -1, -2 ]
  Site 2: [ 4, 0, 1, -4, -3, -1 ]
  Site 3: [ 1, 1, 0, -2, -4, -5 ]
  Site 4: [ -5, -4, -2, 0, 1, 1 ]
  Site 5: [ -1, -3, -4, 1, 0, 4 ]
  Site 6: [ -2, -1, -5, 1, 4, 0 ]
  For site 1 of kind 1:
  +--------+
  |   -1   |
  | 0    -5|
  | 1    -2|
  |    4   |
  +--------+
* Maximum (unsigned) Site pair kind: 5
General system setup:
* Number of sites       : 6
* Number of electrons   : 6
* Spin imbalance MS2    : 0
* Filling               : 0.500000
* Number of orbitals in pool: 6
* Using real-valued orbitals
* Using double-precision arithmetic for orbitals

Trial wave function setup:
* Jastrow parameter file: "wfn.casl"
* Multideterminant parameter file: "wfn.casl"
* Backflow parameter file: "wfn.casl"
* Not using wave function manipulation

VMC #1:
* Size of Hilbert space =   4.0000E+02
* Deterministic energy evaluation:
  > Deterministic Etot/t = -230.70027843658633
    - Ttot/t = -10.363227486185947
    - Utot/t = 3.9054409037475231
* Number of equil. steps   = 1000
* Running VMC equilibration.
  Done. [total walltime: 0.07s]
* Equil. acc.ratio (%)     =  43.6158
* Sample config after equilibration:
  +-----+
  |  2  |
  |0   2|
  |u   0|
  |  d  |
  +-----+
* Number of accum. steps   = 500480 x 10
* Running VMC accumulation.
  Done. [total walltime: 5.03s]
* Acceptance ratio (%)     =  43.5903
* Etot/t                   =  -2.307002792687E+02 +/-   1.076476789591E-06
  > Ttot/t                 =  -1.036339073527E+01 +/-   2.872766716572E-04
  > Utot/t                 =   3.905603320697E+00 +/-   2.873312166753E-04
* var[Eloc/t]              =   5.705746395382E-07 +/-   7.308331931014E-09
* Correlation length       =   1.016444342544E+00
* log10 Psi^2 range: -7.5515722254618218 -- -3.3797113630970244
* log10 Pgen range : -7.5515722254618218 -- -3.3797113630970244
* Site occupation (ave. no. electrons per config.):
  > Site_  ___eu____  ___ed____
      1        0.502      0.502
      2        0.499      0.501
      3        0.499      0.500
      4        0.501      0.503
      5        0.499      0.496
      6        0.500      0.497
* Pair-correlation analysis (ave. no. pairs per config.):
  > Shell  nsite  ___dh____  __eueu___  __eued___
      0      1        0          0          1.028
      1      4        1.057      1.476      3.531
      2      4        0.149      0.843      1.110
      3      4        0.077      0.417      0.551
      4      4        0.230      2.177      1.850
      5      4        0.115      1.087      0.929

Optimization #1:
* Method          : lls
* Target function : energy
* No. of configs. : 50048
* No. of params.  : 38
* Before optimization:
  -7.4007E-01   3.0130E-01  -7.0124E-02  -6.0451E-02   1.3018E-02   9.2749E-03
  -1.3916E-01  -1.5767E-01   3.5811E-02   3.6104E-02   7.7842E-02  -1.4564E-02
   2.6014E-02  -3.3335E-02  -3.0649E-02  -3.6192E-02   1.5705E-02   7.7341E-01
   5.4515E-02  -1.2253E-02   1.1613E-03  -2.5884E-02  -2.6097E-02   5.1782E-02
  -4.6114E-03   1.5364E-04  -8.9586E-03  -1.5992E-02   1.6470E-01   5.2542E-02
   5.6606E-02   2.9101E-02   3.8634E-02   1.3466E-01   5.7293E-02   5.2666E-02
   4.3031E-02   4.3615E-02
  > E    =  -2.307002789808E+02 +/-   3.368156121578E-06
  > varE =   5.677683177977E-07
* Computing derivatives.
  Done. [total walltime: 10.8s]
* Optimizing manipulation constant:
  #igrid a___________ E____________________________________ varE____________
     1     Infinity    -2.30700279E+02 +/-   3.36815612E-06   5.67768318E-07
     2     1.0000E+06  -2.30700279E+02 +/-   3.36815590E-06   5.67768242E-07
     3     2.1544E+05  -2.30700279E+02 +/-   3.36815508E-06   5.67767967E-07
     4     4.6416E+04  -2.30700279E+02 +/-   3.36815129E-06   5.67766688E-07
     5     1.0000E+04  -2.30700279E+02 +/-   3.36813369E-06   5.67760756E-07
     6     2.1544E+03  -2.30700279E+02 +/-   3.36805208E-06   5.67733241E-07
     7     4.6416E+02  -2.30700279E+02 +/-   3.36767453E-06   5.67605965E-07
     8     1.0000E+02  -2.30700279E+02 +/-   3.36594902E-06   5.67024461E-07
     9     2.1544E+01  -2.30700279E+02 +/-   3.35847754E-06   5.64509980E-07
    10     4.6416E+00  -2.30700279E+02 +/-   3.33234112E-06   5.55757882E-07
    11     1.0000E+00  -2.30700279E+02 +/-   3.28534847E-06   5.40193818E-07
    12     2.1544E-01  -2.30700278E+02 +/-   3.31777027E-06   5.50908345E-07
    13     4.6416E-02  -2.30700278E+02 +/-   3.45994502E-06   5.99135595E-07
    14     1.0000E-02  -2.30700278E+02 +/-   3.53196755E-06   6.24338530E-07
    15     2.1544E-03  -2.30700278E+02 +/-   3.55108908E-06   6.31116976E-07
    16     4.6416E-04  -2.30700278E+02 +/-   3.55540361E-06   6.32651506E-07
    17     1.0000E-04  -2.30700278E+02 +/-   3.55634251E-06   6.32985685E-07
    18     2.1544E-05  -2.30700278E+02 +/-   3.55654522E-06   6.33057849E-07
    19     4.6416E-06  -2.30700278E+02 +/-   3.55658892E-06   6.33073404E-07
    20     1.0000E-06  -2.30700278E+02 +/-   3.55659833E-06   6.33076756E-07
    21     0.0000E+00  -2.30700278E+02 +/-   3.55660092E-06   6.33077676E-07
* Iteration # 1: E =  -2.307002787924E+02 +/-   3.285348473540E-06
* Convergence: exiting.
* After optimization:
  -7.3462E-01   3.0032E-01  -7.0849E-02  -6.1124E-02   1.2422E-02   8.6379E-03
  -1.3862E-01  -1.5739E-01   3.6213E-02   3.6192E-02   7.8009E-02  -1.4379E-02
   2.5960E-02  -3.3173E-02  -3.0266E-02  -3.5650E-02   1.5459E-02   7.7479E-01
   5.6443E-02  -1.2529E-02   8.0762E-04  -2.5983E-02  -2.6191E-02   5.3893E-02
  -5.0106E-03  -3.5384E-04  -9.0772E-03  -1.6168E-02   1.6433E-01   5.0018E-02
   5.4104E-02   2.6648E-02   3.6142E-02   1.3468E-01   5.4588E-02   4.9915E-02
   4.0694E-02   4.1234E-02
  > Energy =  -2.307002787924E+02 +/-   3.285348473540E-06
  > varE =   5.401938183299E-07

VMC #2:
* Size of Hilbert space =   4.0000E+02
* Deterministic energy evaluation:
  > Deterministic Etot/t = -230.70027846077167
    - Ttot/t = -10.363215115032521
    - Utot/t = 3.9054285084087481
* Number of equil. steps   = 1000
* Running VMC equilibration.
  Done. [total walltime: 0.04s]
* Equil. acc.ratio (%)     =  43.5427
* Sample config after equilibration:
  +-----+
  |  d  |
  |d   u|
  |u   u|
  |  d  |
  +-----+
* Number of accum. steps   = 500480 x 10
* Running VMC accumulation.
  Done. [total walltime: 4.50s]
* Acceptance ratio (%)     =  43.5673
* Etot/t                   =  -2.307002781086E+02 +/-   1.027251095122E-06
  > Ttot/t                 =  -1.036305060285E+01 +/-   2.929691797328E-04
  > Utot/t                 =   3.905264348434E+00 +/-   2.929918324891E-04
* var[Eloc/t]              =   5.360603640975E-07 +/-   7.639993491841E-09
* Correlation length       =   9.852042029148E-01
* log10 Psi^2 range: -7.5546573568548840 -- -3.3818309803758009
* log10 Pgen range : -7.5546573568548840 -- -3.3818309803758009
* Site occupation (ave. no. electrons per config.):
  > Site_  ___eu____  ___ed____
      1        0.499      0.504
      2        0.493      0.507
      3        0.505      0.496
      4        0.498      0.503
      5        0.504      0.495
      6        0.501      0.495
* Pair-correlation analysis (ave. no. pairs per config.):
  > Shell  nsite  ___dh____  __eueu___  __eued___
      0      1        0          0          1.030
      1      4        1.057      1.482      3.529
      2      4        0.152      0.842      1.106
      3      4        0.075      0.422      0.552
      4      4        0.233      2.168      1.855
      5      4        0.116      1.086      0.928

Optimization #2:
* Method          : lls
* Target function : energy
* No. of configs. : 50048
* No. of params.  : 38
* Before optimization:
  -7.3462E-01   3.0032E-01  -7.0849E-02  -6.1124E-02   1.2422E-02   8.6379E-03
  -1.3862E-01  -1.5739E-01   3.6213E-02   3.6192E-02   7.8009E-02  -1.4379E-02
   2.5960E-02  -3.3173E-02  -3.0266E-02  -3.5650E-02   1.5459E-02   7.7479E-01
   5.6443E-02  -1.2529E-02   8.0762E-04  -2.5983E-02  -2.6191E-02   5.3893E-02
  -5.0106E-03  -3.5384E-04  -9.0772E-03  -1.6168E-02   1.6433E-01   5.0018E-02
   5.4104E-02   2.6648E-02   3.6142E-02   1.3468E-01   5.4588E-02   4.9915E-02
   4.0694E-02   4.1234E-02
  > E    =  -2.307002794777E+02 +/-   3.262206597188E-06
  > varE =   5.326104097471E-07
* Computing derivatives.
  Done. [total walltime: 11.1s]
* Optimizing manipulation constant:
  #igrid a___________ E____________________________________ varE____________
     1     Infinity    -2.30700279E+02 +/-   3.26220660E-06   5.32610410E-07
     2     1.0000E+06  -2.30700279E+02 +/-   3.26220648E-06   5.32610370E-07
     3     2.1544E+05  -2.30700279E+02 +/-   3.26220604E-06   5.32610227E-07
     4     4.6416E+04  -2.30700279E+02 +/-   3.26220399E-06   5.32609560E-07
     5     1.0000E+04  -2.30700279E+02 +/-   3.26219451E-06   5.32606463E-07
     6     2.1544E+03  -2.30700279E+02 +/-   3.26215040E-06   5.32592061E-07
     7     4.6416E+02  -2.30700279E+02 +/-   3.26194397E-06   5.32524656E-07
     8     1.0000E+02  -2.30700279E+02 +/-   3.26095108E-06   5.32200519E-07
     9     2.1544E+01  -2.30700279E+02 +/-   3.25595343E-06   5.30570496E-07
    10     4.6416E+00  -2.30700279E+02 +/-   3.26498035E-06   5.33516518E-07
    11     1.0000E+00  -2.30700279E+02 +/-   3.50608828E-06   6.15222800E-07
    12     2.1544E-01  -2.30700280E+02 +/-   3.83997563E-06   7.37978421E-07
    13     4.6416E-02  -2.30700270E+02 +/-   1.39369415E-05   9.72124031E-06
    14     1.0000E-02  -2.30700262E+02 +/-   1.79926012E-05   1.62022241E-05
    15     2.1544E-03  -2.30700260E+02 +/-   1.88773020E-05   1.78347315E-05
    16     4.6416E-04  -2.30700259E+02 +/-   1.90666665E-05   1.81943383E-05
    17     1.0000E-04  -2.30700259E+02 +/-   1.91073866E-05   1.82721356E-05
    18     2.1544E-05  -2.30700259E+02 +/-   1.91161558E-05   1.82889111E-05
    19     4.6416E-06  -2.30700259E+02 +/-   1.91180448E-05   1.82925259E-05
    20     1.0000E-06  -2.30700259E+02 +/-   1.91184518E-05   1.82933047E-05
    21     0.0000E+00  -2.30700259E+02 +/-   1.91185636E-05   1.82935186E-05
* Iteration # 1: E =  -2.307002794744E+02 +/-   3.255953430723E-06
* Convergence: exiting.
* After optimization:
  -7.2671E-01   3.0031E-01  -7.0980E-02  -6.1227E-02   1.2396E-02   8.5929E-03
  -1.3863E-01  -1.5738E-01   3.6320E-02   3.6178E-02   7.8076E-02  -1.4365E-02
   2.5919E-02  -3.3154E-02  -3.0208E-02  -3.5623E-02   1.5418E-02   7.7191E-01
   5.6278E-02  -1.2650E-02   6.7015E-04  -2.5905E-02  -2.6111E-02   5.3834E-02
  -5.1417E-03  -5.1264E-04  -9.0981E-03  -1.6167E-02   1.6414E-01   4.9637E-02
   5.3723E-02   2.6394E-02   3.5893E-02   1.3461E-01   5.4217E-02   4.9482E-02
   4.0432E-02   4.0969E-02
  > Energy =  -2.307002794744E+02 +/-   3.255953430723E-06
  > varE =   5.305704963236E-07

VMC #3:
* Size of Hilbert space =   4.0000E+02
* Deterministic energy evaluation:
  > Deterministic Etot/t = -230.70027846257071
    - Ttot/t = -10.363210289972249
    - Utot/t = 3.9054236815494452
* Number of equil. steps   = 1000
* Running VMC equilibration.
  Done. [total walltime: 0.04s]
* Equil. acc.ratio (%)     =  43.7664
* Sample config after equilibration:
  +-----+
  |  d  |
  |u   u|
  |d   d|
  |  u  |
  +-----+
* Number of accum. steps   = 500480 x 10
* Running VMC accumulation.
  Done. [total walltime: 4.48s]
* Acceptance ratio (%)     =  43.4522
* Etot/t                   =  -2.307002790592E+02 +/-   1.033068960143E-06
  > Ttot/t                 =  -1.036281971296E+01 +/-   2.920654712852E-04
  > Utot/t                 =   3.905032507868E+00 +/-   2.920723728723E-04
* var[Eloc/t]              =   5.414029568504E-07 +/-   5.955404913164E-09
* Correlation length       =   9.865627857329E-01
* log10 Psi^2 range: -7.5544984734279330 -- -3.3817313227899941
* log10 Pgen range : -7.5544984734279330 -- -3.3817313227899941
* Site occupation (ave. no. electrons per config.):
  > Site_  ___eu____  ___ed____
      1        0.501      0.500
      2        0.502      0.499
      3        0.496      0.502
      4        0.500      0.499
      5        0.501      0.501
      6        0.501      0.499
* Pair-correlation analysis (ave. no. pairs per config.):
  > Shell  nsite  ___dh____  __eueu___  __eued___
      0      1        0          0          1.028
      1      4        1.055      1.483      3.527
      2      4        0.150      0.842      1.103
      3      4        0.076      0.423      0.552
      4      4        0.231      2.168      1.861
      5      4        0.115      1.083      0.929

Optimization #3:
* Method          : lls
* Target function : energy
* No. of configs. : 50048
* No. of params.  : 38
* Before optimization:
  -7.2671E-01   3.0031E-01  -7.0980E-02  -6.1227E-02   1.2396E-02   8.5929E-03
  -1.3863E-01  -1.5738E-01   3.6320E-02   3.6178E-02   7.8076E-02  -1.4365E-02
   2.5919E-02  -3.3154E-02  -3.0208E-02  -3.5623E-02   1.5418E-02   7.7191E-01
   5.6278E-02  -1.2650E-02   6.7015E-04  -2.5905E-02  -2.6111E-02   5.3834E-02
  -5.1417E-03  -5.1264E-04  -9.0981E-03  -1.6167E-02   1.6414E-01   4.9637E-02
   5.3723E-02   2.6394E-02   3.5893E-02   1.3461E-01   5.4217E-02   4.9482E-02
   4.0432E-02   4.0969E-02
  > E    =  -2.307002771627E+02 +/-   3.298994585780E-06
  > varE =   5.446906653837E-07
* Computing derivatives.
  Done. [total walltime: 11.1s]
* Optimizing manipulation constant:
  #igrid a___________ E____________________________________ varE____________
     1     Infinity    -2.30700277E+02 +/-   3.29899459E-06   5.44690665E-07
     2     1.0000E+06  -2.30700277E+02 +/-   3.29899442E-06   5.44690612E-07
     3     2.1544E+05  -2.30700277E+02 +/-   3.29899384E-06   5.44690418E-07
     4     4.6416E+04  -2.30700277E+02 +/-   3.29899111E-06   5.44689519E-07
     5     1.0000E+04  -2.30700277E+02 +/-   3.29897847E-06   5.44685344E-07
     6     2.1544E+03  -2.30700277E+02 +/-   3.29891984E-06   5.44665984E-07
     7     4.6416E+02  -2.30700277E+02 +/-   3.29864877E-06   5.44576477E-07
     8     1.0000E+02  -2.30700277E+02 +/-   3.29741302E-06   5.44168531E-07
     9     2.1544E+01  -2.30700277E+02 +/-   3.29212717E-06   5.42425292E-07
    10     4.6416E+00  -2.30700277E+02 +/-   3.27523042E-06   5.36871616E-07
    11     1.0000E+00  -2.30700277E+02 +/-   3.27595943E-06   5.37110640E-07
    12     2.1544E-01  -2.30700276E+02 +/-   3.40751035E-06   5.81113675E-07
    13     4.6416E-02  -2.30700275E+02 +/-   3.55080730E-06   6.31016819E-07
    14     1.0000E-02  -2.30700275E+02 +/-   3.72547184E-06   6.94623219E-07
    15     2.1544E-03  -2.30700273E+02 +/-   4.81780581E-06   1.16167678E-06
    16     4.6416E-04  -2.30700164E+02 +/-   3.37575524E-05   5.70333167E-05
    17     1.0000E-04  -2.30699666E+02 +/-   9.44528393E-05   4.46495167E-04
    18     2.1544E-05  -2.30698866E+02 +/-   1.40401570E-04   9.86576247E-04
    19     4.6416E-06  -2.30698663E+02 +/-   1.49708952E-04   1.12171432E-03
    20     1.0000E-06  -2.30698618E+02 +/-   1.51698819E-04   1.15173119E-03
    21     0.0000E+00  -2.30698605E+02 +/-   1.52244380E-04   1.16003012E-03
* Iteration # 1: E =  -2.307002771627E+02 +/-   3.298993837691E-06
* Convergence: exiting.
* After optimization:
  -7.2671E-01   3.0031E-01  -7.0980E-02  -6.1227E-02   1.2396E-02   8.5929E-03
  -1.3863E-01  -1.5738E-01   3.6320E-02   3.6178E-02   7.8076E-02  -1.4365E-02
   2.5919E-02  -3.3154E-02  -3.0208E-02  -3.5623E-02   1.5418E-02   7.7191E-01
   5.6278E-02  -1.2650E-02   6.7013E-04  -2.5905E-02  -2.6111E-02   5.3834E-02
  -5.1417E-03  -5.1267E-04  -9.0981E-03  -1.6167E-02   1.6414E-01   4.9637E-02
   5.3723E-02   2.6394E-02   3.5893E-02   1.3461E-01   5.4217E-02   4.9482E-02
   4.0432E-02   4.0969E-02
  > Energy =  -2.307002771627E+02 +/-   3.298993837691E-06
  > varE =   5.446904183527E-07

VMC #4:
* Size of Hilbert space =   4.0000E+02
* Deterministic energy evaluation:
  > Deterministic Etot/t = -230.70027846257082
    - Ttot/t = -10.363210289960069
    - Utot/t = 3.9054236815371013
* Number of equil. steps   = 1000
* Running VMC equilibration.
  Done. [total walltime: 0.04s]
* Equil. acc.ratio (%)     =  43.4897
* Sample config after equilibration:
  +-----+
  |  0  |
  |u   2|
  |d   d|
  |  u  |
  +-----+
* Number of accum. steps   = 500480 x 10
* Running VMC accumulation.
  Done. [total walltime: 4.49s]
* Acceptance ratio (%)     =  43.4767
* Etot/t                   =  -2.307002805447E+02 +/-   1.026557909176E-06
  > Ttot/t                 =  -1.036367389599E+01 +/-   2.923460868582E-04
  > Utot/t                 =   3.905885205361E+00 +/-   2.923522822607E-04
* var[Eloc/t]              =   5.431279799767E-07 +/-   4.173941439743E-09
* Correlation length       =   9.710720567479E-01
* log10 Psi^2 range: -7.5544986674794528 -- -3.3817314695530962
* log10 Pgen range : -7.5544986674794528 -- -3.3817314695530962
* Site occupation (ave. no. electrons per config.):
  > Site_  ___eu____  ___ed____
      1        0.497      0.501
      2        0.497      0.502
      3        0.505      0.501
      4        0.500      0.500
      5        0.500      0.500
      6        0.501      0.496
* Pair-correlation analysis (ave. no. pairs per config.):
  > Shell  nsite  ___dh____  __eueu___  __eued___
      0      1        0          0          1.032
      1      4        1.062      1.484      3.523
      2      4        0.153      0.845      1.104
      3      4        0.076      0.422      0.551
      4      4        0.234      2.165      1.860
      5      4        0.118      1.083      0.930

Optimization #4:
* Method          : lls
* Target function : energy
* No. of configs. : 50048
* No. of params.  : 38
* Before optimization:
  -7.2671E-01   3.0031E-01  -7.0980E-02  -6.1227E-02   1.2396E-02   8.5929E-03
  -1.3863E-01  -1.5738E-01   3.6320E-02   3.6178E-02   7.8076E-02  -1.4365E-02
   2.5919E-02  -3.3154E-02  -3.0208E-02  -3.5623E-02   1.5418E-02   7.7191E-01
   5.6278E-02  -1.2650E-02   6.7013E-04  -2.5905E-02  -2.6111E-02   5.3834E-02
  -5.1417E-03  -5.1267E-04  -9.0981E-03  -1.6167E-02   1.6414E-01   4.9637E-02
   5.3723E-02   2.6394E-02   3.5893E-02   1.3461E-01   5.4217E-02   4.9482E-02
   4.0432E-02   4.0969E-02
  > E    =  -2.307002824420E+02 +/-   3.339181476614E-06
  > varE =   5.580418530688E-07
* Computing derivatives.
  Done. [total walltime: 11.1s]
* Optimizing manipulation constant:
  #igrid a___________ E____________________________________ varE____________
     1     Infinity    -2.30700282E+02 +/-   3.33918148E-06   5.58041853E-07
     2     1.0000E+06  -2.30700282E+02 +/-   3.33918139E-06   5.58041825E-07
     3     2.1544E+05  -2.30700282E+02 +/-   3.33918108E-06   5.58041721E-07
     4     4.6416E+04  -2.30700282E+02 +/-   3.33917965E-06   5.58041241E-07
     5     1.0000E+04  -2.30700282E+02 +/-   3.33917298E-06   5.58039014E-07
     6     2.1544E+03  -2.30700282E+02 +/-   3.33914208E-06   5.58028687E-07
     7     4.6416E+02  -2.30700282E+02 +/-   3.33899938E-06   5.57980990E-07
     8     1.0000E+02  -2.30700282E+02 +/-   3.33835195E-06   5.57764626E-07
     9     2.1544E+01  -2.30700282E+02 +/-   3.33564052E-06   5.56858957E-07
    10     4.6416E+00  -2.30700282E+02 +/-   3.32745433E-06   5.54129069E-07
    11     1.0000E+00  -2.30700282E+02 +/-   3.32194737E-06   5.52296412E-07
    12     2.1544E-01  -2.30700283E+02 +/-   3.34893657E-06   5.61307146E-07
    13     4.6416E-02  -2.30700283E+02 +/-   3.37940490E-06   5.71567052E-07
    14     1.0000E-02  -2.30700283E+02 +/-   3.39045396E-06   5.75310670E-07
    15     2.1544E-03  -2.30700283E+02 +/-   3.39316386E-06   5.76230700E-07
    16     4.6416E-04  -2.30700283E+02 +/-   3.39376487E-06   5.76434845E-07
    17     1.0000E-04  -2.30700283E+02 +/-   3.39389517E-06   5.76479110E-07
    18     2.1544E-05  -2.30700283E+02 +/-   3.39392328E-06   5.76488660E-07
    19     4.6416E-06  -2.30700283E+02 +/-   3.39392934E-06   5.76490718E-07
    20     1.0000E-06  -2.30700283E+02 +/-   3.39393064E-06   5.76491161E-07
    21     0.0000E+00  -2.30700283E+02 +/-   3.39393100E-06   5.76491283E-07
* Iteration # 1: E =  -2.307002825096E+02 +/-   3.348936572104E-06
* Convergence: exiting.
* After optimization:
  -7.2797E-01   3.0086E-01  -7.1921E-02  -6.1456E-02   1.2577E-02   8.3388E-03
  -1.3961E-01  -1.5615E-01   3.6982E-02   3.6390E-02   7.6132E-02  -1.2207E-02
   2.3936E-02  -3.1709E-02  -2.9515E-02  -3.5845E-02   1.5161E-02   7.7158E-01
   5.5642E-02  -1.4586E-02  -5.8939E-04  -2.5430E-02  -2.5644E-02   5.4555E-02
  -6.4266E-03  -2.1107E-03  -9.3345E-03  -1.6438E-02   1.6241E-01   4.7051E-02
   5.0902E-02   2.6180E-02   3.5563E-02   1.3474E-01   5.2292E-02   4.5874E-02
   3.9629E-02   4.0127E-02
  > Energy =  -2.307002825096E+02 +/-   3.348936572104E-06
  > varE =   5.613071462545E-07

VMC #5:
* Size of Hilbert space =   4.0000E+02
* Deterministic energy evaluation:
  > Deterministic Etot/t = -230.70027845932040
    - Ttot/t = -10.363221953647189
    - Utot/t = 3.9054353484746831
* Number of equil. steps   = 1000
* Running VMC equilibration.
  Done. [total walltime: 0.04s]
* Equil. acc.ratio (%)     =  43.5693
* Sample config after equilibration:
  +-----+
  |  d  |
  |u   d|
  |d   u|
  |  u  |
  +-----+
* Number of accum. steps   = 500480 x 10
* Running VMC accumulation.
  Done. [total walltime: 4.48s]
* Acceptance ratio (%)     =  43.4763
* Etot/t                   =  -2.307002772135E+02 +/-   1.053868326031E-06
  > Ttot/t                 =  -1.036329785317E+01 +/-   2.958348142982E-04
  > Utot/t                 =   3.905512493825E+00 +/-   2.958869531211E-04
* var[Eloc/t]              =   5.476029407310E-07 +/-   5.162672480977E-09
* Correlation length       =   1.015064546620E+00
* log10 Psi^2 range: -6.9229679896357226 -- -3.3839399378231900
* log10 Pgen range : -6.9229679896357226 -- -3.3839399378231900
* Site occupation (ave. no. electrons per config.):
  > Site_  ___eu____  ___ed____
      1        0.502      0.495
      2        0.498      0.501
      3        0.501      0.502
      4        0.501      0.497
      5        0.499      0.502
      6        0.499      0.502
* Pair-correlation analysis (ave. no. pairs per config.):
  > Shell  nsite  ___dh____  __eueu___  __eued___
      0      1        0          0          1.027
      1      4        1.051      1.483      3.532
      2      4        0.148      0.842      1.107
      3      4        0.073      0.423      0.555
      4      4        0.234      2.166      1.852
      5      4        0.114      1.085      0.928

Optimization #5:
* Method          : lls
* Target function : energy
* No. of configs. : 50048
* No. of params.  : 38
* Before optimization:
  -7.2797E-01   3.0086E-01  -7.1921E-02  -6.1456E-02   1.2577E-02   8.3388E-03
  -1.3961E-01  -1.5615E-01   3.6982E-02   3.6390E-02   7.6132E-02  -1.2207E-02
   2.3936E-02  -3.1709E-02  -2.9515E-02  -3.5845E-02   1.5161E-02   7.7158E-01
   5.5642E-02  -1.4586E-02  -5.8939E-04  -2.5430E-02  -2.5644E-02   5.4555E-02
  -6.4266E-03  -2.1107E-03  -9.3345E-03  -1.6438E-02   1.6241E-01   4.7051E-02
   5.0902E-02   2.6180E-02   3.5563E-02   1.3474E-01   5.2292E-02   4.5874E-02
   3.9629E-02   4.0127E-02
  > E    =  -2.307002782687E+02 +/-   3.380101250944E-06
  > varE =   5.718026273862E-07
* Computing derivatives.
  Done. [total walltime: 11.1s]
* Optimizing manipulation constant:
  #igrid a___________ E____________________________________ varE____________
     1     Infinity    -2.30700278E+02 +/-   3.38010125E-06   5.71802627E-07
     2     1.0000E+06  -2.30700278E+02 +/-   3.38010109E-06   5.71802574E-07
     3     2.1544E+05  -2.30700278E+02 +/-   3.38010051E-06   5.71802377E-07
     4     4.6416E+04  -2.30700278E+02 +/-   3.38009782E-06   5.71801467E-07
     5     1.0000E+04  -2.30700278E+02 +/-   3.38008533E-06   5.71797242E-07
     6     2.1544E+03  -2.30700278E+02 +/-   3.38002743E-06   5.71777652E-07
     7     4.6416E+02  -2.30700278E+02 +/-   3.37975997E-06   5.71687167E-07
     8     1.0000E+02  -2.30700278E+02 +/-   3.37854609E-06   5.71276582E-07
     9     2.1544E+01  -2.30700278E+02 +/-   3.37346022E-06   5.69557945E-07
    10     4.6416E+00  -2.30700278E+02 +/-   3.35838542E-06   5.64479010E-07
    11     1.0000E+00  -2.30700278E+02 +/-   3.35111503E-06   5.62037635E-07
    12     2.1544E-01  -2.30700278E+02 +/-   3.42998370E-06   5.88804119E-07
    13     4.6416E-02  -2.30700279E+02 +/-   3.62148379E-06   6.56386768E-07
    14     1.0000E-02  -2.30700279E+02 +/-   3.74689002E-06   7.02633121E-07
    15     2.1544E-03  -2.30700279E+02 +/-   3.78493889E-06   7.16975757E-07
    16     4.6416E-04  -2.30700279E+02 +/-   3.79383754E-06   7.20351036E-07
    17     1.0000E-04  -2.30700279E+02 +/-   3.79578978E-06   7.21092587E-07
    18     2.1544E-05  -2.30700279E+02 +/-   3.79621203E-06   7.21253029E-07
    19     4.6416E-06  -2.30700279E+02 +/-   3.79630308E-06   7.21287627E-07
    20     1.0000E-06  -2.30700279E+02 +/-   3.79632270E-06   7.21295082E-07
    21     0.0000E+00  -2.30700279E+02 +/-   3.79632809E-06   7.21297129E-07
* Iteration # 1: E =  -2.307002782687E+02 +/-   3.380100511949E-06
* Convergence: exiting.
* After optimization:
  -7.2797E-01   3.0086E-01  -7.1921E-02  -6.1456E-02   1.2577E-02   8.3388E-03
  -1.3961E-01  -1.5615E-01   3.6982E-02   3.6390E-02   7.6132E-02  -1.2207E-02
   2.3936E-02  -3.1709E-02  -2.9515E-02  -3.5845E-02   1.5161E-02   7.7158E-01
   5.5642E-02  -1.4586E-02  -5.8940E-04  -2.5430E-02  -2.5644E-02   5.4555E-02
  -6.4266E-03  -2.1107E-03  -9.3345E-03  -1.6438E-02   1.6241E-01   4.7051E-02
   5.0902E-02   2.6180E-02   3.5563E-02   1.3474E-01   5.2292E-02   4.5874E-02
   3.9629E-02   4.0127E-02
  > Energy =  -2.307002782687E+02 +/-   3.380100511949E-06
  > varE =   5.718023773587E-07

VMC #6:
* Size of Hilbert space =   4.0000E+02
* Deterministic energy evaluation:
  > Deterministic Etot/t = -230.70027845932051
    - Ttot/t = -10.363221953601686
    - Utot/t = 3.9054353484290520
* Number of equil. steps   = 1000
* Running VMC equilibration.
  Done. [total walltime: 0.04s]
* Equil. acc.ratio (%)     =  43.5573
* Sample config after equilibration:
  +-----+
  |  d  |
  |u   u|
  |d   d|
  |  u  |
  +-----+
* Number of accum. steps   = 500480 x 10
* Running VMC accumulation.
  Done. [total walltime: 4.47s]
* Acceptance ratio (%)     =  43.4666
* Etot/t                   =  -2.307002772125E+02 +/-   1.044079799404E-06
  > Ttot/t                 =  -1.036349458838E+01 +/-   2.879685701326E-04
  > Utot/t                 =   3.905709229889E+00 +/-   2.880229188553E-04
* var[Eloc/t]              =   5.491671674493E-07 +/-   5.181520718856E-09
* Correlation length       =   9.934580859176E-01
* log10 Psi^2 range: -7.5557462349179438 -- -3.3839400341399717
* log10 Pgen range : -7.5557462349179438 -- -3.3839400341399717
* Site occupation (ave. no. electrons per config.):
  > Site_  ___eu____  ___ed____
      1        0.500      0.501
      2        0.498      0.498
      3        0.499      0.500
      4        0.499      0.500
      5        0.499      0.502
      6        0.504      0.498
* Pair-correlation analysis (ave. no. pairs per config.):
  > Shell  nsite  ___dh____  __eueu___  __eued___
      0      1        0          0          1.030
      1      4        1.055      1.480      3.533
      2      4        0.149      0.843      1.111
      3      4        0.073      0.421      0.554
      4      4        0.235      2.169      1.847
      5      4        0.119      1.088      0.925

Optimization #6:
* Method          : lls
* Target function : energy
* No. of configs. : 50048
* No. of params.  : 38
* Before optimization:
  -7.2797E-01   3.0086E-01  -7.1921E-02  -6.1456E-02   1.2577E-02   8.3388E-03
  -1.3961E-01  -1.5615E-01   3.6982E-02   3.6390E-02   7.6132E-02  -1.2207E-02
   2.3936E-02  -3.1709E-02  -2.9515E-02  -3.5845E-02   1.5161E-02   7.7158E-01
   5.5642E-02  -1.4586E-02  -5.8940E-04  -2.5430E-02  -2.5644E-02   5.4555E-02
  -6.4266E-03  -2.1107E-03  -9.3345E-03  -1.6438E-02   1.6241E-01   4.7051E-02
   5.0902E-02   2.6180E-02   3.5563E-02   1.3474E-01   5.2292E-02   4.5874E-02
   3.9629E-02   4.0127E-02
  > E    =  -2.307002806122E+02 +/-   3.411462467460E-06
  > varE =   5.824624360005E-07
* Computing derivatives.
  Done. [total walltime: 11.1s]
* Optimizing manipulation constant:
  #igrid a___________ E____________________________________ varE____________
     1     Infinity    -2.30700281E+02 +/-   3.41146247E-06   5.82462436E-07
     2     1.0000E+06  -2.30700281E+02 +/-   3.41146218E-06   5.82462338E-07
     3     2.1544E+05  -2.30700281E+02 +/-   3.41146113E-06   5.82461980E-07
     4     4.6416E+04  -2.30700281E+02 +/-   3.41145627E-06   5.82460320E-07
     5     1.0000E+04  -2.30700281E+02 +/-   3.41143369E-06   5.82452610E-07
     6     2.1544E+03  -2.30700281E+02 +/-   3.41132872E-06   5.82416764E-07
     7     4.6416E+02  -2.30700281E+02 +/-   3.41083762E-06   5.82249086E-07
     8     1.0000E+02  -2.30700281E+02 +/-   3.40847397E-06   5.81442391E-07
     9     2.1544E+01  -2.30700281E+02 +/-   3.39619155E-06   5.77259488E-07
    10     4.6416E+00  -2.30700281E+02 +/-   3.79793154E-06   7.21906564E-07
    11     1.0000E+00  -2.30700063E+02 +/-   6.02094636E-05   1.81432984E-04
    12     2.1544E-01  -2.30432683E+02 +/-   1.88052533E-03   1.76988522E-01
    13     4.6416E-02  -2.29269716E+02 +/-   2.68953842E-03   3.62028058E-01
    14     1.0000E-02  -2.29259374E+02 +/-   2.68376357E-03   3.60475069E-01
    15     2.1544E-03  -2.29257659E+02 +/-   2.68550306E-03   3.60942506E-01
    16     4.6416E-04  -2.29257148E+02 +/-   2.68601052E-03   3.61078928E-01
    17     1.0000E-04  -2.29257029E+02 +/-   2.68612800E-03   3.61110515E-01
    18     2.1544E-05  -2.29257003E+02 +/-   2.68615371E-03   3.61117429E-01
    19     4.6416E-06  -2.29256997E+02 +/-   2.68615927E-03   3.61118924E-01
    20     1.0000E-06  -2.29256996E+02 +/-   2.68616047E-03   3.61119246E-01
    21     0.0000E+00  -2.29256996E+02 +/-   2.68616080E-03   3.61119335E-01
* Iteration # 1: E =  -2.307002806519E+02 +/-   3.396191545223E-06
* Convergence: exiting.
* After optimization:
  -7.1676E-01   3.0083E-01  -7.2099E-02  -6.1618E-02   1.2533E-02   8.2820E-03
  -1.3966E-01  -1.5612E-01   3.7164E-02   3.6344E-02   7.6265E-02  -1.2208E-02
   2.3894E-02  -3.1660E-02  -2.9436E-02  -3.5832E-02   1.5121E-02   7.6766E-01
   5.5443E-02  -1.4755E-02  -7.6519E-04  -2.5451E-02  -2.5665E-02   5.4388E-02
  -6.6868E-03  -2.4071E-03  -9.4193E-03  -1.6482E-02   1.6220E-01   4.6499E-02
   5.0355E-02   2.5691E-02   3.5071E-02   1.3457E-01   5.1700E-02   4.5174E-02
   3.9213E-02   3.9706E-02
  > Energy =  -2.307002806519E+02 +/-   3.396191545223E-06
  > varE =   5.772594882088E-07

VMC #7:
* Size of Hilbert space =   4.0000E+02
* Deterministic energy evaluation:
  > Deterministic Etot/t = -230.70027846244005
    - Ttot/t = -10.363213852848560
    - Utot/t = 3.9054272445563822
* Number of equil. steps   = 1000
* Running VMC equilibration.
  Done. [total walltime: 0.04s]
* Equil. acc.ratio (%)     =  43.3130
* Sample config after equilibration:
  +-----+
  |  d  |
  |u   u|
  |2   d|
  |  0  |
  +-----+
* Number of accum. steps   = 500480 x 10
* Running VMC accumulation.
  Done. [total walltime: 4.48s]
* Acceptance ratio (%)     =  43.3200
* Etot/t                   =  -2.307002767681E+02 +/-   1.035765628983E-06
  > Ttot/t                 =  -1.036278243332E+01 +/-   2.867014056594E-04
  > Utot/t                 =   3.904997519436E+00 +/-   2.867282251523E-04
* var[Eloc/t]              =   5.406687758421E-07 +/-   3.029240866299E-09
* Correlation length       =   9.930667204984E-01
* log10 Psi^2 range: -7.5551896435804231 -- -3.3832671434124384
* log10 Pgen range : -7.5551896435804231 -- -3.3832671434124384
* Site occupation (ave. no. electrons per config.):
  > Site_  ___eu____  ___ed____
      1        0.501      0.500
      2        0.499      0.501
      3        0.501      0.498
      4        0.499      0.500
      5        0.500      0.499
      6        0.501      0.501
* Pair-correlation analysis (ave. no. pairs per config.):
  > Shell  nsite  ___dh____  __eueu___  __eued___
      0      1        0          0          1.030
      1      4        1.059      1.483      3.523
      2      4        0.151      0.842      1.106
      3      4        0.075      0.420      0.552
      4      4        0.229      2.171      1.858
      5      4        0.115      1.085      0.931

Optimization #7:
* Method          : lls
* Target function : energy
* No. of configs. : 50048
* No. of params.  : 38
* Before optimization:
  -7.1676E-01   3.0083E-01  -7.2099E-02  -6.1618E-02   1.2533E-02   8.2820E-03
  -1.3966E-01  -1.5612E-01   3.7164E-02   3.6344E-02   7.6265E-02  -1.2208E-02
   2.3894E-02  -3.1660E-02  -2.9436E-02  -3.5832E-02   1.5121E-02   7.6766E-01
   5.5443E-02  -1.4755E-02  -7.6519E-04  -2.5451E-02  -2.5665E-02   5.4388E-02
  -6.6868E-03  -2.4071E-03  -9.4193E-03  -1.6482E-02   1.6220E-01   4.6499E-02
   5.0355E-02   2.5691E-02   3.5071E-02   1.3457E-01   5.1700E-02   4.5174E-02
   3.9213E-02   3.9706E-02
  > E    =  -2.307002739339E+02 +/-   3.305276435476E-06
  > varE =   5.467670086568E-07
* Computing derivatives.
  Done. [total walltime: 11.1s]
* Optimizing manipulation constant:
  #igrid a___________ E____________________________________ varE____________
     1     Infinity    -2.30700274E+02 +/-   3.30527644E-06   5.46767009E-07
     2     1.0000E+06  -2.30700274E+02 +/-   3.30527607E-06   5.46766888E-07
     3     2.1544E+05  -2.30700274E+02 +/-   3.30527458E-06   5.46766396E-07
     4     4.6416E+04  -2.30700274E+02 +/-   3.30526446E-06   5.46763046E-07
     5     1.0000E+04  -2.30700274E+02 +/-   3.30514913E-06   5.46724891E-07
     6     2.1544E+03  -2.30700274E+02 +/-   3.30358560E-06   5.46207746E-07
     7     4.6416E+02  -2.30700274E+02 +/-   3.46658111E-06   6.01436055E-07
     8     1.0000E+02  -2.30700242E+02 +/-   2.49682163E-05   3.12005151E-05
     9     2.1544E+01  -2.30684740E+02 +/-   4.93890504E-04   1.22081000E-02
    10     4.6416E+00  -2.30006135E+02 +/-   2.58508979E-03   3.34455229E-01
    11     1.0000E+00  -2.30609946E+02 +/-   1.16327002E-03   6.77248099E-02
    12     2.1544E-01  -2.30387657E+02 +/-   2.06774667E-03   2.13984042E-01
    13     4.6416E-02  -2.29644486E+02 +/-   2.94346303E-03   4.33614602E-01
    14     1.0000E-02  -2.29799101E+02 +/-   2.92224777E-03   4.27386498E-01
    15     2.1544E-03  -2.29969972E+02 +/-   2.80911216E-03   3.94934329E-01
    16     4.6416E-04  -2.30023777E+02 +/-   2.75349761E-03   3.79451379E-01
    17     1.0000E-04  -2.30036348E+02 +/-   2.73905704E-03   3.75481792E-01
    18     2.1544E-05  -2.30039104E+02 +/-   2.73581720E-03   3.74594054E-01
    19     4.6416E-06  -2.30039700E+02 +/-   2.73511307E-03   3.74401255E-01
    20     1.0000E-06  -2.30039829E+02 +/-   2.73496108E-03   3.74359646E-01
    21     0.0000E+00  -2.30039864E+02 +/-   2.73491933E-03   3.74348216E-01
* Iteration # 1: E =  -2.307002739500E+02 +/-   3.303585596000E-06
* Convergence: exiting.
* After optimization:
  -7.0743E-01   3.0082E-01  -7.2101E-02  -6.1619E-02   1.2532E-02   8.2813E-03
  -1.3966E-01  -1.5612E-01   3.7165E-02   3.6344E-02   7.6266E-02  -1.2208E-02
   2.3894E-02  -3.1660E-02  -2.9436E-02  -3.5832E-02   1.5120E-02   7.6408E-01
   5.5185E-02  -1.4687E-02  -7.6114E-04  -2.5334E-02  -2.5546E-02   5.4136E-02
  -6.6564E-03  -2.3967E-03  -9.3763E-03  -1.6406E-02   1.6220E-01   4.6496E-02
   5.0352E-02   2.5687E-02   3.5067E-02   1.3457E-01   5.1697E-02   4.5169E-02
   3.9209E-02   3.9703E-02
  > Energy =  -2.307002739500E+02 +/-   3.303585596000E-06
  > varE =   5.462077460388E-07

VMC #8:
* Size of Hilbert space =   4.0000E+02
* Deterministic energy evaluation:
  > Deterministic Etot/t = -230.70027846272168
    - Ttot/t = -10.363207196184758
    - Utot/t = 3.9054205876109154
* Number of equil. steps   = 1000
* Running VMC equilibration.
  Done. [total walltime: 0.04s]
* Equil. acc.ratio (%)     =  43.1895
* Sample config after equilibration:
  +-----+
  |  0  |
  |2   u|
  |0   2|
  |  d  |
  +-----+
* Number of accum. steps   = 500480 x 10
* Running VMC accumulation.
  Done. [total walltime: 4.48s]
* Acceptance ratio (%)     =  43.0901
* Etot/t                   =  -2.307002778837E+02 +/-   1.046973984397E-06
  > Ttot/t                 =  -1.036364958351E+01 +/-   2.867765128019E-04
  > Utot/t                 =   3.905863553957E+00 +/-   2.867597682077E-04
* var[Eloc/t]              =   5.459426542047E-07 +/-   6.311353081913E-09
* Correlation length       =   1.004873702298E+00
* log10 Psi^2 range: -7.5552307532549188 -- -3.3832477413069615
* log10 Pgen range : -7.5552307532549188 -- -3.3832477413069615
* Site occupation (ave. no. electrons per config.):
  > Site_  ___eu____  ___ed____
      1        0.499      0.501
      2        0.501      0.502
      3        0.503      0.497
      4        0.501      0.498
      5        0.498      0.501
      6        0.498      0.500
* Pair-correlation analysis (ave. no. pairs per config.):
  > Shell  nsite  ___dh____  __eueu___  __eued___
      0      1        0          0          1.031
      1      4        1.061      1.473      3.535
      2      4        0.152      0.839      1.107
      3      4        0.075      0.421      0.557
      4      4        0.234      2.178      1.848
      5      4        0.117      1.089      0.923

Optimization #8:
* Method          : lls
* Target function : energy
* No. of configs. : 50048
* No. of params.  : 38
* Before optimization:
  -7.0743E-01   3.0082E-01  -7.2101E-02  -6.1619E-02   1.2532E-02   8.2813E-03
  -1.3966E-01  -1.5612E-01   3.7165E-02   3.6344E-02   7.6266E-02  -1.2208E-02
   2.3894E-02  -3.1660E-02  -2.9436E-02  -3.5832E-02   1.5120E-02   7.6408E-01
   5.5185E-02  -1.4687E-02  -7.6114E-04  -2.5334E-02  -2.5546E-02   5.4136E-02
  -6.6564E-03  -2.3967E-03  -9.3763E-03  -1.6406E-02   1.6220E-01   4.6496E-02
   5.0352E-02   2.5687E-02   3.5067E-02   1.3457E-01   5.1697E-02   4.5169E-02
   3.9209E-02   3.9703E-02
  > E    =  -2.307002734663E+02 +/-   3.249325073778E-06
  > varE =   5.284124611991E-07
* Computing derivatives.
  Done. [total walltime: 11.1s]
* Optimizing manipulation constant:
  #igrid a___________ E____________________________________ varE____________
     1     Infinity    -2.30700273E+02 +/-   3.24932507E-06   5.28412461E-07
     2     1.0000E+06  -2.30700273E+02 +/-   3.24932481E-06   5.28412377E-07
     3     2.1544E+05  -2.30700273E+02 +/-   3.24932387E-06   5.28412068E-07
     4     4.6416E+04  -2.30700273E+02 +/-   3.24931946E-06   5.28410637E-07
     5     1.0000E+04  -2.30700273E+02 +/-   3.24929904E-06   5.28403995E-07
     6     2.1544E+03  -2.30700273E+02 +/-   3.24920433E-06   5.28373192E-07
     7     4.6416E+02  -2.30700273E+02 +/-   3.24876642E-06   5.28230779E-07
     8     1.0000E+02  -2.30700273E+02 +/-   3.24676967E-06   5.27581656E-07
     9     2.1544E+01  -2.30700273E+02 +/-   3.23821268E-06   5.24804396E-07
    10     4.6416E+00  -2.30700274E+02 +/-   3.20952681E-06   5.15547567E-07
    11     1.0000E+00  -2.30700274E+02 +/-   3.16333743E-06   5.00815506E-07
    12     2.1544E-01  -2.30700274E+02 +/-   3.14845249E-06   4.96113467E-07
    13     4.6416E-02  -2.30700274E+02 +/-   3.15230848E-06   4.97329417E-07
    14     1.0000E-02  -2.30700274E+02 +/-   3.15436071E-06   4.97977175E-07
    15     2.1544E-03  -2.30700274E+02 +/-   3.15488478E-06   4.98142656E-07
    16     4.6416E-04  -2.30700274E+02 +/-   3.15500183E-06   4.98179621E-07
    17     1.0000E-04  -2.30700274E+02 +/-   3.15502724E-06   4.98187646E-07
    18     2.1544E-05  -2.30700274E+02 +/-   3.15503273E-06   4.98189378E-07
    19     4.6416E-06  -2.30700274E+02 +/-   3.15503391E-06   4.98189752E-07
    20     1.0000E-06  -2.30700274E+02 +/-   3.15503416E-06   4.98189832E-07
    21     0.0000E+00  -2.30700274E+02 +/-   3.15503423E-06   4.98189854E-07
* Iteration # 1: E =  -2.307002736568E+02 +/-   3.155034163578E-06
* Convergence: exiting.
* After optimization:
  -6.9925E-01   3.0084E-01  -7.3839E-02  -6.3412E-02   1.2127E-02   7.6813E-03
  -1.3981E-01  -1.5778E-01   3.9117E-02   3.5164E-02   8.0363E-02  -1.5246E-02
   2.5298E-02  -3.3130E-02  -2.9612E-02  -3.5471E-02   1.4654E-02   7.6645E-01
   5.5569E-02  -1.5339E-02  -1.3161E-03  -2.7296E-02  -2.7458E-02   5.5222E-02
  -8.2057E-03  -3.8075E-03  -1.0581E-02  -1.7970E-02   1.5722E-01   4.2092E-02
   4.6262E-02   1.8624E-02   2.8546E-02   1.2956E-01   4.6041E-02   4.0093E-02
   3.3423E-02   3.3847E-02
  > Energy =  -2.307002736568E+02 +/-   3.155034163578E-06
  > varE =   4.981898322148E-07

VMC #9:
* Size of Hilbert space =   4.0000E+02
* Deterministic energy evaluation:
  > Deterministic Etot/t = -230.70027846634929
    - Ttot/t = -10.363263436816359
    - Utot/t = 3.9054768246149374
* Number of equil. steps   = 1000
* Running VMC equilibration.
  Done. [total walltime: 0.04s]
* Equil. acc.ratio (%)     =  43.1004
* Sample config after equilibration:
  +-----+
  |  d  |
  |u   u|
  |d   d|
  |  u  |
  +-----+
* Number of accum. steps   = 500480 x 10
* Running VMC accumulation.
  Done. [total walltime: 4.47s]
* Acceptance ratio (%)     =  42.9409
* Etot/t                   =  -2.307002797572E+02 +/-   1.027383681448E-06
  > Ttot/t                 =  -1.036321977637E+01 +/-   2.897262335626E-04
  > Utot/t                 =   3.905431873266E+00 +/-   2.898559284362E-04
* var[Eloc/t]              =   5.476694944923E-07 +/-   1.528020068035E-08
* Correlation length       =   9.645694493403E-01
* log10 Psi^2 range: -7.5249064937413888 -- -3.3545140443890231
* log10 Pgen range : -7.5249064937413888 -- -3.3545140443890231
* Site occupation (ave. no. electrons per config.):
  > Site_  ___eu____  ___ed____
      1        0.498      0.501
      2        0.500      0.505
      3        0.500      0.495
      4        0.501      0.502
      5        0.502      0.499
      6        0.500      0.499
* Pair-correlation analysis (ave. no. pairs per config.):
  > Shell  nsite  ___dh____  __eueu___  __eued___
      0      1        0          0          1.033
      1      4        1.056      1.488      3.525
      2      4        0.150      0.843      1.102
      3      4        0.075      0.427      0.555
      4      4        0.237      2.162      1.860
      5      4        0.116      1.080      0.926

Optimization #9:
* Method          : lls
* Target function : energy
* No. of configs. : 50048
* No. of params.  : 38
* Before optimization:
  -6.9925E-01   3.0084E-01  -7.3839E-02  -6.3412E-02   1.2127E-02   7.6813E-03
  -1.3981E-01  -1.5778E-01   3.9117E-02   3.5164E-02   8.0363E-02  -1.5246E-02
   2.5298E-02  -3.3130E-02  -2.9612E-02  -3.5471E-02   1.4654E-02   7.6645E-01
   5.5569E-02  -1.5339E-02  -1.3161E-03  -2.7296E-02  -2.7458E-02   5.5222E-02
  -8.2057E-03  -3.8075E-03  -1.0581E-02  -1.7970E-02   1.5722E-01   4.2092E-02
   4.6262E-02   1.8624E-02   2.8546E-02   1.2956E-01   4.6041E-02   4.0093E-02
   3.3423E-02   3.3847E-02
  > E    =  -2.307002803749E+02 +/-   3.277446028193E-06
  > varE =   5.375982227042E-07
* Computing derivatives.
  Done. [total walltime: 11.1s]
* Optimizing manipulation constant:
  #igrid a___________ E____________________________________ varE____________
     1     Infinity    -2.30700280E+02 +/-   3.27744603E-06   5.37598223E-07
     2     1.0000E+06  -2.30700280E+02 +/-   3.27744585E-06   5.37598165E-07
     3     2.1544E+05  -2.30700280E+02 +/-   3.27744522E-06   5.37597957E-07
     4     4.6416E+04  -2.30700280E+02 +/-   3.27744227E-06   5.37596989E-07
     5     1.0000E+04  -2.30700280E+02 +/-   3.27742858E-06   5.37592498E-07
     6     2.1544E+03  -2.30700280E+02 +/-   3.27736503E-06   5.37571652E-07
     7     4.6416E+02  -2.30700280E+02 +/-   3.27707009E-06   5.37474900E-07
     8     1.0000E+02  -2.30700280E+02 +/-   3.27570074E-06   5.37025816E-07
     9     2.1544E+01  -2.30700280E+02 +/-   3.26931108E-06   5.34932791E-07
    10     4.6416E+00  -2.30700280E+02 +/-   3.23936983E-06   5.25179534E-07
    11     1.0000E+00  -2.30700283E+02 +/-   4.23074882E-06   8.95820942E-07
    12     2.1544E-01  -2.30700105E+02 +/-   6.22489124E-05   1.93932351E-04
    13     4.6416E-02  -2.30638420E+02 +/-   9.70032376E-04   4.70933067E-02
    14     1.0000E-02  -2.30120834E+02 +/-   2.48768822E-03   3.09726686E-01
    15     2.1544E-03  -2.30164315E+02 +/-   2.52189915E-03   3.18304044E-01
    16     4.6416E-04  -2.29779684E+02 +/-   2.90383958E-03   4.22018966E-01
    17     1.0000E-04  -2.29713879E+02 +/-   2.92178237E-03   4.27250379E-01
    18     2.1544E-05  -2.29700618E+02 +/-   2.92382361E-03   4.27847566E-01
    19     4.6416E-06  -2.29697803E+02 +/-   2.92418925E-03   4.27954581E-01
    20     1.0000E-06  -2.29697198E+02 +/-   2.92426468E-03   4.27976660E-01
    21     0.0000E+00  -2.29697032E+02 +/-   2.92428519E-03   4.27982663E-01
* Iteration # 1: E =  -2.307002804786E+02 +/-   3.239369831774E-06
* Convergence: exiting.
* After optimization:
  -6.8420E-01   3.0079E-01  -7.4190E-02  -6.3732E-02   1.1980E-02   7.5172E-03
  -1.3985E-01  -1.5739E-01   3.9461E-02   3.5200E-02   8.0400E-02  -1.4918E-02
   2.5053E-02  -3.2864E-02  -2.9422E-02  -3.5602E-02   1.4606E-02   7.6089E-01
   5.5039E-02  -1.5656E-02  -1.4843E-03  -2.7171E-02  -2.7342E-02   5.4990E-02
  -8.5819E-03  -4.2570E-03  -1.0658E-02  -1.7952E-02   1.5667E-01   4.1303E-02
   4.5451E-02   1.8183E-02   2.8047E-02   1.2953E-01   4.5246E-02   3.8835E-02
   3.2955E-02   3.3377E-02
  > Energy =  -2.307002804786E+02 +/-   3.239369831774E-06
  > varE =   5.251795341619E-07

VMC #10:
* Size of Hilbert space =   4.0000E+02
* Deterministic energy evaluation:
  > Deterministic Etot/t = -230.70027847737103
    - Ttot/t = -10.363241980389123
    - Utot/t = 3.9054553571659598
* Number of equil. steps   = 1000
* Running VMC equilibration.
  Done. [total walltime: 0.04s]
* Equil. acc.ratio (%)     =  42.5562
* Sample config after equilibration:
  +-----+
  |  u  |
  |d   d|
  |u   u|
  |  d  |
  +-----+
* Number of accum. steps   = 500480 x 10
* Running VMC accumulation.
  Done. [total walltime: 4.48s]
* Acceptance ratio (%)     =  42.5813
* Etot/t                   =  -2.307002777304E+02 +/-   1.006356593967E-06
  > Ttot/t                 =  -1.036328810874E+01 +/-   2.909643445422E-04
  > Utot/t                 =   3.905502232373E+00 +/-   2.910217680541E-04
* var[Eloc/t]              =   5.189716469973E-07 +/-   6.903528995607E-09
* Correlation length       =   9.766678425859E-01
* log10 Psi^2 range: -7.5285347752059044 -- -3.3537158735412556
* log10 Pgen range : -7.5285347752059044 -- -3.3537158735412556
* Site occupation (ave. no. electrons per config.):
  > Site_  ___eu____  ___ed____
      1        0.502      0.502
      2        0.497      0.500
      3        0.498      0.500
      4        0.499      0.496
      5        0.502      0.499
      6        0.502      0.504
* Pair-correlation analysis (ave. no. pairs per config.):
  > Shell  nsite  ___dh____  __eueu___  __eued___
      0      1        0          0          1.031
      1      4        1.063      1.481      3.522
      2      4        0.151      0.840      1.110
      3      4        0.075      0.419      0.551
      4      4        0.229      2.169      1.857
      5      4        0.115      1.090      0.928

VDAGGER finished.
Total VDAGGER walltime: 4m

Run ended: Sat Sep 27 10:03:07 CEST 2025
