Run started: Fri Oct  3 11:04:20 CEST 2025
Using VDAGGER_ARCH = gnu7_fkfamd_cluster
Running 1x128 MPI processes.

                               xx
                              +##
                               #X
                               Xx
                          X##XxXxxX##x
                           +   Xx  ++
                               ##
                              +##
                              +##
     ++++         ++          +##
   xX+++##+      ####         +##
  Xx    ###      +X##          ##
 xX    X##+        ##          #X
 +    x##X         #x          #X
      ###         +#           x+
     X##+         #+
     ###         Xx                    _______
     ##X       +X+   __________________VDAGGER
     +##x    +xX     2nd quantized variational
       +xxxxx+       ______quantum Monte Carlo

* Running 128 MPI processes.
* Input file: "input.casl"

############# Start of input file dump #############
General:
  Random seed: timer

Plan:
  VMC-optimization:
    Minimum cycles: 10
    Convergence cycles: 5

System:
  Read Hamiltonian: FCIDUMP_loc_naphthalene
  Read orbitals: LTSC_naphthalene
  Complex orbitals: F
  Site kinds: [ 1, 2, 3, 1, 3, 3, 2, 3, 2, 2 ]
  Geometry:
    r_1: [ 0.00000000000000, 1.34347620379600 ]
    r_4: [ 0.00000000000000, -1.34347620379600 ]
    r_3: [ 2.34629842880300, 2.63976101399600 ]
    r_5: [ -2.34629842880300, -2.63976101399600 ]
    r_6: [ -2.34629842880300, 2.63976101399600 ]
    r_8: [ 2.34629842880300, -2.63976101399600 ]
    r_9: [ 4.58120036880600, 1.33647725770700 ]
    r_2: [ -4.58120036880600, -1.33647725770700 ]
    r_7: [ -4.58120036880600, 1.33647725770700 ]
    r_10: [ 4.58120036880600, -1.33647725770700 ]
    Tolerance: 0.05

VMC:
  nstep: 1000000
  nconfig: 500000

Jastrow: wfn.casl

Backflow: wfn.casl

Multideterminants: wfn.casl
############## End of input file dump ##############

General setup:
* Random seed: 1632710809 (from timer)

* Loaded integrals for system with nelec=10, ms2=0, norb=10
* INFO: setting number of electrons from integrals file.
* Analysis of Hamiltonian connecitivity performed:
  - T_ii (local, 1-site): 10 (i) values
  - U_iiii [opp] (local, 1-site): 10 (i) values
  - U_kkii [opp] (local, 2-site): 90 contribs. from 10 (i) values
  - U_kkii [par] (local, 2-site): 45 contribs. from 9 (i) values
  - T_ji (single, 2-site): 90 contribs. from 10 (i) values
  - U_kkji [opp] (single, 2/3-site): 900 contribs. from 90 (i,j) pairs
  - U_kkji [par] (single, 3-site): 810 contribs. from 90 (i,j) pairs
  - U_lkji [opp] (double, 2/3/4-site): 8100 contribs. from 90 (i,j) pairs
  - U_lkji [par] (double, 4-site): 1740 contribs. from 72 (i,j) pairs
  - Max. no. wfn. ratios in Eloc: 1467
* Reading override orbitals from file "LTSC_naphthalene".
* Site labels:
  +--------------+
  |    6     3   |
  | 7     1     9|
  | 2     4    10|
  |    5     8   |
  +--------------+
* Read-in Site kinds:
  [ 1, 2, 3, 1, 3, 3, 2, 3, 2, 2 ]
  +---------+
  |  3   3  |
  |2   1   2|
  |2   1   2|
  |  3   3  |
  +---------+
* Maximum Site kind: 3
* Number of site-pair kinds with Tij=0: 0
* Automatically set Site pair kinds:
  Site 1: [ 0, -7, -4, 3, -8, -4, -9, 8, 9, -7 ]
  Site 2: [ -7, 0, 12, -9, 1, 10, 2, 14, 16, -15 ]
  Site 3: [ -4, 12, 0, -8, -11, 5, -13, -6, -1, 10 ]
  Site 4: [ 3, -9, -8, 0, -4, -8, -7, 4, 7, -9 ]
  Site 5: [ -8, 1, -11, -4, 0, 6, 10, -5, -12, -14 ]
  Site 6: [ -4, 10, 5, -8, 6, 0, 1, 11, 14, 12 ]
  Site 7: [ -9, 2, -13, -7, 10, 1, 0, -12, 15, -16 ]
  Site 8: [ 8, 14, -6, 4, -5, 11, -12, 0, 10, -1 ]
  Site 9: [ 9, 16, -1, 7, -12, 14, 15, 10, 0, -2 ]
  Site 10: [ -7, -15, 10, -9, -14, 12, -16, -1, -2, 0 ]
  For site 1 of kind 1:
  +--------------+
  |   -4    -4   |
  |-9     0     9|
  |-7     3    -7|
  |   -8     8   |
  +--------------+
  For site 2 of kind 2:
  +-------------------+
  |     10      12    |
  |  2      -7      16|
  |  0      -9     -15|
  |      1      14    |
  +-------------------+
  For site 3 of kind 3:
  +-------------------+
  |      5       0    |
  |-13      -4      -1|
  | 12      -8      10|
  |    -11      -6    |
  +-------------------+
* Maximum (unsigned) Site pair kind: 16
General system setup:
* Number of sites       : 10
* Number of electrons   : 10
* Spin imbalance MS2    : 0
* Filling               : 0.500000
* Number of orbitals in pool: 10
* Using real-valued orbitals
* Using double-precision arithmetic for orbitals

Trial wave function setup:
* Jastrow parameter file: "wfn.casl"
* Multideterminant parameter file: "wfn.casl"
* Backflow parameter file: "wfn.casl"
* Not using wave function manipulation

VMC #1:
* Size of Hilbert space =   6.3504E+04
* Deterministic energy evaluation:
  > Deterministic Etot/t = -383.34364908814098
    - Ttot/t = -23.315907426336686
    - Utot/t = 9.4866040153660407
* Number of equil. steps   = 1000
* Running VMC equilibration.
  Done. [total walltime: 0.11s]
* Equil. acc.ratio (%)     =  11.3864
* Sample config after equilibration:
  +---------+
  |  d   2  |
  |u   d   0|
  |d   u   u|
  |  u   d  |
  +---------+
* Number of accum. steps   = 1000192 x 10
* Running VMC accumulation.
    [walltime: 1m elapsed, 42.4s remaining]
  Done. [total walltime: 1m42s]
* Acceptance ratio (%)     =  11.3658
* Etot/t                   =  -3.833436710216E+02 +/-   1.067359907231E-04
  > Ttot/t                 =  -2.331548589543E+01 +/-   5.556687701531E-04
  > Utot/t                 =   9.486160550998E+00 +/-   4.687376507790E-04
* var[Eloc/t]              =   4.623861241636E-03 +/-   9.330644076310E-06
* Correlation length       =   2.464338459558E+00
* log10 Psi^2 range: -16.113165468671966 -- -9.3773220358729343
* log10 Pgen range : -16.113165468671966 -- -9.3773220358729343
* Site occupation (ave. no. electrons per config.):
  > Site_  ___eu____  ___ed____
      1        0.501      0.501
      2        0.503      0.503
      3        0.496      0.497
      4        0.500      0.502
      5        0.496      0.496
      6        0.496      0.497
      7        0.504      0.503
      8        0.497      0.495
      9        0.504      0.502
     10        0.503      0.504
* Pair-correlation analysis (ave. no. pairs per config.):
  > Shell  nsite  ___dh____  __eueu___  __eued___
      0      1        0          0          1.561
      1      1        0.733      0.679      2.606
      2      1        0.252      0.639      1.166
      3      1        0.143      0.290      0.589
      4      1        0.476      1.326      2.248
      5      1        0.095      1.025      0.935
      6      1        0.113      0.808      1.127
      7      1        0.247      1.783      2.195
      8      1        0.206      2.142      1.842
      9      1        0.212      2.182      1.866
     10      1        0.189      2.207      1.802
     11      1        0.089      0.950      1.022
     12      1        0.190      2.076      1.915
     13      1        0.048      0.471      0.525
     14      1        0.146      1.412      1.573
     15      1        0.099      1.057      0.966
     16      1        0.103      0.954      1.062

Optimization #1:
* Method          : lls
* Target function : energy
* No. of configs. : 500096
* No. of params.  : 126
* Before optimization:
   8.2068E-01   6.5076E-01   8.5218E-01   4.4876E-01   4.0245E-01   7.8643E-01
  -4.1448E+00  -2.1202E+00  -2.1115E+00  -4.1473E-01  -3.5849E-01  -2.0706E+00
  -2.0657E+00  -2.3810E+00  -2.3785E+00  -1.9790E+00  -1.9755E+00   1.3449E-01
   1.2499E-01  -5.8773E-01  -2.8427E-01  -2.8819E-01  -2.4397E-01  -2.4332E-01
  -2.4438E-01  -2.4285E-01   1.2658E+00  -1.7667E+00  -4.6264E-01  -3.4937E-01
   2.2611E+01  -1.8492E+01   1.2862E+01  -1.0767E+01   3.3022E+00  -2.8757E+00
   3.2419E+00  -2.8988E+00   1.1288E+01  -9.2270E+00   1.3015E+01  -1.0624E+01
   1.1263E+01  -9.2634E+00   1.4589E+00  -1.5659E+00   3.3953E+00  -2.8081E+00
   1.6937E+00  -1.4031E+00   1.6603E+00  -1.4193E+00   1.6607E+00  -1.4191E+00
  -4.2355E-02  -3.6695E-02   2.5329E-03  -2.5207E-03   6.3953E-03   1.6242E+00
   1.8101E+00   1.6174E+00  -2.3246E-01  -3.0925E-01  -3.5977E-01  -3.0067E-01
   2.5058E-02  -1.2719E-01  -8.3500E-02   5.1983E-02   1.1343E-01   1.2252E-01
   1.8969E-02  -1.1592E-02  -3.9795E-03  -3.8271E-03   5.3897E-02   4.0989E-02
   2.4228E-01   1.5175E-01  -2.7100E-02   2.3880E-02   4.6896E-02  -8.0334E-02
  -6.0784E-02   1.8182E-02   3.5297E-02   4.3232E-02   7.2189E-03  -1.1034E-02
   4.1189E-02   4.1564E-02   3.2680E-02   1.6979E-02  -1.0275E-01  -1.5998E-01
  -1.8198E-01  -1.6610E-01  -2.1919E-02  -5.9359E-02  -4.5824E-02   1.6969E-02
   4.1091E-02   1.1058E-02   1.2385E-02  -2.7344E-03   7.5701E-03   7.5252E-03
   3.3386E-02   1.7502E-02   4.8978E-02   2.5811E-02  -3.6694E-02  -1.3910E-02
  -5.2910E-03  -3.5999E-02  -4.0794E-02  -1.6340E-03   3.5717E-03  -2.3530E-02
   9.2007E-03  -8.5278E-04   3.3967E-02   3.4344E-02   1.6775E-02   5.7234E-03
  > E    =  -3.833437145908E+02 +/-   9.628668214580E-05
  > varE =   4.636452607338E-03
* Computing derivatives.
    [walltime: 1m2s elapsed, 1h29m remaining]
    [walltime: 1h elapsed, 31m1s remaining]
  Done. [total walltime: 1h30m]
* Optimizing manipulation constant:
  #igrid a___________ E____________________________________ varE____________
     1     Infinity    -3.83343715E+02 +/-   9.62866821E-05   4.63645261E-03
     2     1.0000E+06  -3.83343715E+02 +/-   9.62866119E-05   4.63644585E-03
     3     2.1544E+05  -3.83343715E+02 +/-   9.62863563E-05   4.63642123E-03
     4     4.6416E+04  -3.83343715E+02 +/-   9.62851703E-05   4.63630701E-03
     5     1.0000E+04  -3.83343715E+02 +/-   9.62796762E-05   4.63577792E-03
     6     2.1544E+03  -3.83343719E+02 +/-   9.62544130E-05   4.63334545E-03
     7     4.6416E+02  -3.83343732E+02 +/-   9.61422716E-05   4.62255556E-03
     8     1.0000E+02  -3.83343782E+02 +/-   9.57311868E-05   4.58310985E-03
     9     2.1544E+01  -3.83343725E+02 +/-   9.60971974E-05   4.61822220E-03
    10     4.6416E+00  -3.83336930E+02 +/-   1.39676876E-04   9.75668778E-03
    11     1.0000E+00  -3.83047136E+02 +/-   6.56579658E-04   2.15589809E-01
    12     2.1544E-01  -3.82143397E+02 +/-   1.07693652E-03   5.80007473E-01
    13     4.6416E-02  -3.82143598E+02 +/-   3.41488466E-06   5.83183812E-06
    14     1.0000E-02  -3.82143795E+02 +/-   4.54572436E-06   1.03337887E-05
    15     2.1544E-03  -3.82143850E+02 +/-   4.81421014E-06   1.15905346E-05
    16     4.6416E-04  -3.82143862E+02 +/-   4.87308715E-06   1.18757689E-05
    17     1.0000E-04  -3.82143865E+02 +/-   4.88581879E-06   1.19379043E-05
    18     2.1544E-05  -3.82143865E+02 +/-   4.88856392E-06   1.19513228E-05
    19     4.6416E-06  -3.82143865E+02 +/-   4.88915543E-06   1.19542152E-05
    20     1.0000E-06  -3.82143866E+02 +/-   4.88928288E-06   1.19548384E-05
    21     0.0000E+00  -3.82143866E+02 +/-   4.88931787E-06   1.19550095E-05
* Iteration # 1: E =  -3.833437820533E+02 +/-   9.573118681787E-05
* Computing derivatives.
    [walltime: 1m1s elapsed, 1h30m remaining]
    [walltime: 1h elapsed, 30m44s remaining]
  Done. [total walltime: 1h30m]
* Optimizing manipulation constant:
  #igrid a___________ E____________________________________ varE____________
     1     Infinity    -3.83343782E+02 +/-   9.57311868E-05   4.58310985E-03
     2     1.0000E+06  -3.83343782E+02 +/-   9.57311172E-05   4.58310318E-03
     3     2.1544E+05  -3.83343782E+02 +/-   9.57308635E-05   4.58307889E-03
     4     4.6416E+04  -3.83343782E+02 +/-   9.57296860E-05   4.58296615E-03
     5     1.0000E+04  -3.83343783E+02 +/-   9.57242220E-05   4.58244300E-03
     6     2.1544E+03  -3.83343786E+02 +/-   9.56988915E-05   4.58001811E-03
     7     4.6416E+02  -3.83343800E+02 +/-   9.55820157E-05   4.56883791E-03
     8     1.0000E+02  -3.83343864E+02 +/-   9.50580865E-05   4.51888736E-03
     9     2.1544E+01  -3.83344054E+02 +/-   9.34956326E-05   4.37155583E-03
    10     4.6416E+00  -3.83320907E+02 +/-   2.12791958E-04   2.26445557E-02
    11     1.0000E+00  -3.80898261E+02 +/-   1.13490936E-03   6.44133278E-01
    12     2.1544E-01  -3.80939938E+02 +/-   1.13955152E-03   6.49413497E-01
    13     4.6416E-02  -3.83342135E+02 +/-   1.12432021E-04   6.32169316E-03
    14     1.0000E-02  -3.83339469E+02 +/-   1.19550004E-04   7.14747375E-03
    15     2.1544E-03  -3.83328412E+02 +/-   1.73441684E-04   1.50438967E-02
    16     4.6416E-04  -3.83324866E+02 +/-   1.87731102E-04   1.76248667E-02
    17     1.0000E-04  -3.83324039E+02 +/-   1.90917050E-04   1.82281591E-02
    18     2.1544E-05  -3.83323858E+02 +/-   1.91608248E-04   1.83603850E-02
    19     4.6416E-06  -3.83323819E+02 +/-   1.91757384E-04   1.83889772E-02
    20     1.0000E-06  -3.83323811E+02 +/-   1.91789525E-04   1.83951421E-02
    21     0.0000E+00  -3.83323809E+02 +/-   1.91798351E-04   1.83968353E-02
  ParMin   4.5835E+01  -3.83343950E+02 +/-   9.43539011E-05   4.45218398E-03
  # Using grid point #9
* Iteration # 2: E =  -3.833440538435E+02 +/-   9.349563258918E-05
* Computing derivatives.
    [walltime: 1m2s elapsed, 1h29m remaining]
    [walltime: 1h elapsed, 30m55s remaining]
  Done. [total walltime: 1h30m]
* Optimizing manipulation constant:
  #igrid a___________ E____________________________________ varE____________
     1     Infinity    -3.83344054E+02 +/-   9.34956326E-05   4.37155583E-03
     2     1.0000E+06  -3.83344054E+02 +/-   9.34955652E-05   4.37154953E-03
     3     2.1544E+05  -3.83344054E+02 +/-   9.34953196E-05   4.37152657E-03
     4     4.6416E+04  -3.83344054E+02 +/-   9.34941799E-05   4.37141999E-03
     5     1.0000E+04  -3.83344055E+02 +/-   9.34888904E-05   4.37092537E-03
     6     2.1544E+03  -3.83344058E+02 +/-   9.34643502E-05   4.36863099E-03
     7     4.6416E+02  -3.83344071E+02 +/-   9.33506920E-05   4.35801242E-03
     8     1.0000E+02  -3.83344134E+02 +/-   9.28284105E-05   4.30938414E-03
     9     2.1544E+01  -3.83344408E+02 +/-   9.05122753E-05   4.09702247E-03
    10     4.6416E+00  -3.83345414E+02 +/-   8.16459299E-05   3.33366888E-03
    11     1.0000E+00  -3.83347542E+02 +/-   6.01374130E-05   1.80860140E-03
    12     2.1544E-01  -3.83349223E+02 +/-   3.80787501E-05   7.25134802E-04
    13     4.6416E-02  -3.83349494E+02 +/-   3.53716090E-05   6.25695472E-04
    14     1.0000E-02  -3.83349361E+02 +/-   3.88183021E-05   7.53574947E-04
    15     2.1544E-03  -3.83349303E+02 +/-   4.00436828E-05   8.01902202E-04
    16     4.6416E-04  -3.83349289E+02 +/-   4.03354575E-05   8.13630751E-04
    17     1.0000E-04  -3.83349286E+02 +/-   4.03996689E-05   8.16223307E-04
    18     2.1544E-05  -3.83349285E+02 +/-   4.04135661E-05   8.16784956E-04
    19     4.6416E-06  -3.83349285E+02 +/-   4.04165631E-05   8.16906104E-04
    20     1.0000E-06  -3.83349285E+02 +/-   4.04172090E-05   8.16932211E-04
    21     0.0000E+00  -3.83349285E+02 +/-   4.04173863E-05   8.16939381E-04
  ParMin   3.6315E-02  -3.83349474E+02 +/-   3.60171157E-05   6.48740846E-04
  # Using grid point #13
* Iteration # 3: E =  -3.833494942640E+02 +/-   3.537160901147E-05
* Computing derivatives.
    [walltime: 1m2s elapsed, 1h29m remaining]
    [walltime: 1h elapsed, 30m40s remaining]
  Done. [total walltime: 1h30m]
* Optimizing manipulation constant:
  #igrid a___________ E____________________________________ varE____________
     1     Infinity    -3.83349494E+02 +/-   3.53716090E-05   6.25695472E-04
     2     1.0000E+06  -3.83349494E+02 +/-   3.53715895E-05   6.25694781E-04
     3     2.1544E+05  -3.83349494E+02 +/-   3.53715194E-05   6.25692301E-04
     4     4.6416E+04  -3.83349494E+02 +/-   3.53712176E-05   6.25681623E-04
     5     1.0000E+04  -3.83349494E+02 +/-   3.53703213E-05   6.25649916E-04
     6     2.1544E+03  -3.83349494E+02 +/-   3.53770459E-05   6.25887837E-04
     7     4.6416E+02  -3.83349477E+02 +/-   3.56594903E-05   6.35921699E-04
     8     1.0000E+02  -3.83348730E+02 +/-   4.85776960E-05   1.18012282E-03
     9     2.1544E+01  -3.83223364E+02 +/-   4.43156868E-04   9.82128580E-02
    10     4.6416E+00  -3.82694683E+02 +/-   9.07162105E-04   4.11550545E-01
    11     1.0000E+00  -3.81118868E+02 +/-   1.19454904E-03   7.13610694E-01
    12     2.1544E-01  -3.82144023E+02 +/-   1.07123531E-03   5.73882709E-01
    13     4.6416E-02  -3.82144845E+02 +/-   1.06417664E-03   5.66344683E-01
    14     1.0000E-02  -3.82146281E+02 +/-   1.05164545E-03   5.53085244E-01
    15     2.1544E-03  -3.82146767E+02 +/-   1.04733748E-03   5.48563202E-01
    16     4.6416E-04  -3.82146884E+02 +/-   1.04629556E-03   5.47472294E-01
    17     1.0000E-04  -3.82146910E+02 +/-   1.04606523E-03   5.47231286E-01
    18     2.1544E-05  -3.82146915E+02 +/-   1.04601533E-03   5.47179078E-01
    19     4.6416E-06  -3.82146917E+02 +/-   1.04600457E-03   5.47167818E-01
    20     1.0000E-06  -3.82146917E+02 +/-   1.04600225E-03   5.47165391E-01
    21     0.0000E+00  -3.82146917E+02 +/-   1.04600161E-03   5.47164724E-01
* Iteration # 4: E =  -3.833494942995E+02 +/-   3.537032129658E-05
* Convergence: exiting.
* After optimization:
   1.1984E+00   7.5246E-01   1.1700E+00   4.6243E-01   4.0341E-01   7.5040E-01
  -4.1472E+00  -2.1413E+00  -2.1265E+00  -4.2759E-01  -3.7843E-01  -2.1044E+00
  -2.0997E+00  -2.4006E+00  -2.3979E+00  -2.0087E+00  -2.0062E+00   9.3989E-02
   9.5965E-02  -5.8360E-01  -2.8687E-01  -2.8723E-01  -2.4917E-01  -2.4913E-01
  -2.4921E-01  -2.4890E-01   1.2697E+00  -1.7506E+00  -4.3094E-01  -3.0944E-01
   2.2580E+01  -1.8436E+01   1.2844E+01  -1.0719E+01   3.2888E+00  -2.8498E+00
   3.2400E+00  -2.8737E+00   1.1286E+01  -9.1857E+00   1.2994E+01  -1.0581E+01
   1.1250E+01  -9.2255E+00   1.4652E+00  -1.5446E+00   3.3755E+00  -2.7893E+00
   1.6878E+00  -1.3933E+00   1.6586E+00  -1.4064E+00   1.6586E+00  -1.4063E+00
  -4.4835E-02  -4.7917E-02   2.5698E-02  -5.7728E-04   1.2097E-02   1.6738E+00
   2.1045E+00   1.7279E+00  -1.3791E-01  -2.9830E-01  -2.9575E-01  -2.1350E-01
  -1.6053E-03  -1.2418E-01  -7.2147E-02   5.9711E-02   9.9020E-02   8.8652E-02
   6.0619E-02   2.4754E-02  -4.2247E-03  -3.6727E-03   4.9189E-02   8.9457E-02
   1.5141E-01   8.4025E-02  -3.2717E-03   4.4952E-02   3.4605E-04  -4.3570E-02
  -3.9705E-02  -3.9691E-03   3.2992E-02   4.4889E-02   4.0551E-02   3.3570E-02
   2.9572E-02   2.9769E-02   7.5495E-03   8.9449E-02  -5.3486E-02  -9.3631E-02
  -1.3990E-01  -1.0073E-01  -2.4039E-02  -4.8739E-02  -4.1351E-02   2.6278E-02
   3.6557E-02   5.4462E-03   3.9336E-02   1.2836E-02   5.0908E-03   4.8831E-03
   2.3370E-02   3.2602E-02   2.0286E-02   1.1735E-02  -8.4660E-03   5.3829E-03
  -2.3124E-02  -2.3473E-03  -3.0737E-02  -1.0625E-02   6.5590E-03  -8.8152E-03
   3.2506E-02   1.8453E-02   2.3591E-02   2.4011E-02   3.2582E-04   3.8481E-02
  > Energy =  -3.833494942995E+02 +/-   3.537032129658E-05
  > varE =   6.256499160361E-04

VMC #2:
* Size of Hilbert space =   6.3504E+04
* Deterministic energy evaluation:
  > Deterministic Etot/t = -383.34942083148832
    - Ttot/t = -23.357002041877170
    - Utot/t = 9.5219268875591343
* Number of equil. steps   = 1000
* Running VMC equilibration.
  Done. [total walltime: 0.11s]
* Equil. acc.ratio (%)     =  11.5095
* Sample config after equilibration:
  +---------+
  |  u   u  |
  |d   d   d|
  |u   u   u|
  |  d   d  |
  +---------+
* Number of accum. steps   = 1000192 x 10
* Running VMC accumulation.
    [walltime: 1m elapsed, 43.8s remaining]
  Done. [total walltime: 1m44s]
* Acceptance ratio (%)     =  11.4157
* Etot/t                   =  -3.833494040484E+02 +/-   2.836176604855E-05
  > Ttot/t                 =  -2.335683675992E+01 +/-   4.928605501601E-04
  > Utot/t                 =   9.521778388624E+00 +/-   4.808221593295E-04
* var[Eloc/t]              =   6.172474314003E-04 +/-   3.473027504841E-06
* Correlation length       =   1.303438743202E+00
* log10 Psi^2 range: -15.247489289999537 -- -8.7273405204110759
* log10 Pgen range : -15.247489289999537 -- -8.7273405204110759
* Site occupation (ave. no. electrons per config.):
  > Site_  ___eu____  ___ed____
      1        0.499      0.498
      2        0.501      0.500
      3        0.500      0.499
      4        0.498      0.499
      5        0.500      0.500
      6        0.499      0.499
      7        0.502      0.502
      8        0.500      0.498
      9        0.501      0.502
     10        0.501      0.502
* Pair-correlation analysis (ave. no. pairs per config.):
  > Shell  nsite  ___dh____  __eueu___  __eued___
      0      1        0          0          1.710
      1      1        0.819      0.706      2.506
      2      1        0.285      0.635      1.125
      3      1        0.160      0.296      0.563
      4      1        0.552      1.337      2.185
      5      1        0.116      1.028      0.960
      6      1        0.145      0.834      1.109
      7      1        0.291      1.793      2.142
      8      1        0.243      2.116      1.890
      9      1        0.238      2.141      1.894
     10      1        0.218      2.183      1.856
     11      1        0.112      0.971      1.025
     12      1        0.226      2.065      1.940
     13      1        0.059      0.477      0.520
     14      1        0.179      1.427      1.558
     15      1        0.112      1.041      0.972
     16      1        0.120      0.950      1.047

Optimization #2:
* Method          : lls
* Target function : energy
* No. of configs. : 500096
* No. of params.  : 126
* Before optimization:
   1.1984E+00   7.5246E-01   1.1700E+00   4.6243E-01   4.0341E-01   7.5040E-01
  -4.1472E+00  -2.1413E+00  -2.1265E+00  -4.2759E-01  -3.7843E-01  -2.1044E+00
  -2.0997E+00  -2.4006E+00  -2.3979E+00  -2.0087E+00  -2.0062E+00   9.3989E-02
   9.5965E-02  -5.8360E-01  -2.8687E-01  -2.8723E-01  -2.4917E-01  -2.4913E-01
  -2.4921E-01  -2.4890E-01   1.2697E+00  -1.7506E+00  -4.3094E-01  -3.0944E-01
   2.2580E+01  -1.8436E+01   1.2844E+01  -1.0719E+01   3.2888E+00  -2.8498E+00
   3.2400E+00  -2.8737E+00   1.1286E+01  -9.1857E+00   1.2994E+01  -1.0581E+01
   1.1250E+01  -9.2255E+00   1.4652E+00  -1.5446E+00   3.3755E+00  -2.7893E+00
   1.6878E+00  -1.3933E+00   1.6586E+00  -1.4064E+00   1.6586E+00  -1.4063E+00
  -4.4835E-02  -4.7917E-02   2.5698E-02  -5.7728E-04   1.2097E-02   1.6738E+00
   2.1045E+00   1.7279E+00  -1.3791E-01  -2.9830E-01  -2.9575E-01  -2.1350E-01
  -1.6053E-03  -1.2418E-01  -7.2147E-02   5.9711E-02   9.9020E-02   8.8652E-02
   6.0619E-02   2.4754E-02  -4.2247E-03  -3.6727E-03   4.9189E-02   8.9457E-02
   1.5141E-01   8.4025E-02  -3.2717E-03   4.4952E-02   3.4605E-04  -4.3570E-02
  -3.9705E-02  -3.9691E-03   3.2992E-02   4.4889E-02   4.0551E-02   3.3570E-02
   2.9572E-02   2.9769E-02   7.5495E-03   8.9449E-02  -5.3486E-02  -9.3631E-02
  -1.3990E-01  -1.0073E-01  -2.4039E-02  -4.8739E-02  -4.1351E-02   2.6278E-02
   3.6557E-02   5.4462E-03   3.9336E-02   1.2836E-02   5.0908E-03   4.8831E-03
   2.3370E-02   3.2602E-02   2.0286E-02   1.1735E-02  -8.4660E-03   5.3829E-03
  -2.3124E-02  -2.3473E-03  -3.0737E-02  -1.0625E-02   6.5590E-03  -8.8152E-03
   3.2506E-02   1.8453E-02   2.3591E-02   2.4011E-02   3.2582E-04   3.8481E-02
  > E    =  -3.833494253906E+02 +/-   3.505474377988E-05
  > varE =   6.145354989025E-04
* Computing derivatives.
    [walltime: 1m2s elapsed, 1h29m remaining]
    [walltime: 1h elapsed, 30m31s remaining]
  Done. [total walltime: 1h30m]
* Optimizing manipulation constant:
  #igrid a___________ E____________________________________ varE____________
     1     Infinity    -3.83349425E+02 +/-   3.50547438E-05   6.14535499E-04
     2     1.0000E+06  -3.83349425E+02 +/-   3.50547243E-05   6.14534816E-04
     3     2.1544E+05  -3.83349425E+02 +/-   3.50546533E-05   6.14532328E-04
     4     4.6416E+04  -3.83349425E+02 +/-   3.50543240E-05   6.14520781E-04
     5     1.0000E+04  -3.83349425E+02 +/-   3.50527960E-05   6.14467208E-04
     6     2.1544E+03  -3.83349426E+02 +/-   3.50457172E-05   6.14219053E-04
     7     4.6416E+02  -3.83349427E+02 +/-   3.50131517E-05   6.13078083E-04
     8     1.0000E+02  -3.83349432E+02 +/-   3.48682240E-05   6.08013238E-04
     9     2.1544E+01  -3.83349451E+02 +/-   3.43259958E-05   5.89250107E-04
    10     4.6416E+00  -3.83349410E+02 +/-   3.46543414E-05   6.00576976E-04
    11     1.0000E+00  -3.83347982E+02 +/-   5.62667780E-05   1.58327909E-03
    12     2.1544E-01  -3.83018118E+02 +/-   6.77623875E-04   2.29631138E-01
    13     4.6416E-02  -3.82181039E+02 +/-   6.15785665E-04   1.89632395E-01
    14     1.0000E-02  -3.82181066E+02 +/-   7.47025957E-06   2.79077463E-05
    15     2.1544E-03  -3.82181062E+02 +/-   7.47287881E-06   2.79273199E-05
    16     4.6416E-04  -3.82181061E+02 +/-   7.47361927E-06   2.79328546E-05
    17     1.0000E-04  -3.82181061E+02 +/-   7.47382652E-06   2.79344038E-05
    18     2.1544E-05  -3.82181061E+02 +/-   7.47387129E-06   2.79347385E-05
    19     4.6416E-06  -3.82181061E+02 +/-   7.47388095E-06   2.79348107E-05
    20     1.0000E-06  -3.82181061E+02 +/-   7.47388303E-06   2.79348262E-05
    21     0.0000E+00  -3.82181061E+02 +/-   7.47388360E-06   2.79348305E-05
  ParMin   2.8168E+01  -3.83349446E+02 +/-   3.44663121E-05   5.94077375E-04
  # Using grid point #9
* Iteration # 1: E =  -3.833494509100E+02 +/-   3.432599577351E-05
* Computing derivatives.
    [walltime: 1m2s elapsed, 1h29m remaining]
    [walltime: 1h elapsed, 30m23s remaining]
  Done. [total walltime: 1h30m]
* Optimizing manipulation constant:
  #igrid a___________ E____________________________________ varE____________
     1     Infinity    -3.83349451E+02 +/-   3.43259958E-05   5.89250107E-04
     2     1.0000E+06  -3.83349451E+02 +/-   3.43259772E-05   5.89249471E-04
     3     2.1544E+05  -3.83349451E+02 +/-   3.43259097E-05   5.89247154E-04
     4     4.6416E+04  -3.83349451E+02 +/-   3.43255965E-05   5.89236399E-04
     5     1.0000E+04  -3.83349451E+02 +/-   3.43241427E-05   5.89186487E-04
     6     2.1544E+03  -3.83349451E+02 +/-   3.43173992E-05   5.88955000E-04
     7     4.6416E+02  -3.83349452E+02 +/-   3.42861971E-05   5.87884509E-04
     8     1.0000E+02  -3.83349458E+02 +/-   3.41434631E-05   5.82999951E-04
     9     2.1544E+01  -3.83349481E+02 +/-   3.35232911E-05   5.62013408E-04
    10     4.6416E+00  -3.83349559E+02 +/-   3.13470349E-05   4.91412630E-04
    11     1.0000E+00  -3.83349691E+02 +/-   2.76127047E-05   3.81303925E-04
    12     2.1544E-01  -3.83349737E+02 +/-   2.67937585E-05   3.59021667E-04
    13     4.6416E-02  -3.83349734E+02 +/-   2.73374493E-05   3.73739812E-04
    14     1.0000E-02  -3.83349731E+02 +/-   2.75223763E-05   3.78813317E-04
    15     2.1544E-03  -3.83349731E+02 +/-   2.75647943E-05   3.79981884E-04
    16     4.6416E-04  -3.83349731E+02 +/-   2.75740369E-05   3.80236748E-04
    17     1.0000E-04  -3.83349731E+02 +/-   2.75760329E-05   3.80291796E-04
    18     2.1544E-05  -3.83349731E+02 +/-   2.75764631E-05   3.80303663E-04
    19     4.6416E-06  -3.83349731E+02 +/-   2.75765558E-05   3.80306219E-04
    20     1.0000E-06  -3.83349731E+02 +/-   2.75765758E-05   3.80306770E-04
    21     0.0000E+00  -3.83349731E+02 +/-   2.75765812E-05   3.80306921E-04
  ParMin   1.1532E-01  -3.83349736E+02 +/-   2.70519034E-05   3.65972992E-04
  # Using grid point #12
* Iteration # 2: E =  -3.833497370258E+02 +/-   2.679375852024E-05
* Computing derivatives.
    [walltime: 1m2s elapsed, 1h29m remaining]
    [walltime: 1h elapsed, 30m48s remaining]
  Done. [total walltime: 1h30m]
* Optimizing manipulation constant:
  #igrid a___________ E____________________________________ varE____________
     1     Infinity    -3.83349737E+02 +/-   2.67937585E-05   3.59021667E-04
     2     1.0000E+06  -3.83349737E+02 +/-   2.67937500E-05   3.59021438E-04
     3     2.1544E+05  -3.83349737E+02 +/-   2.67937190E-05   3.59020608E-04
     4     4.6416E+04  -3.83349737E+02 +/-   2.67935771E-05   3.59016804E-04
     5     1.0000E+04  -3.83349737E+02 +/-   2.67929560E-05   3.59000161E-04
     6     2.1544E+03  -3.83349737E+02 +/-   2.67908878E-05   3.58944739E-04
     7     4.6416E+02  -3.83349737E+02 +/-   2.67987181E-05   3.59154590E-04
     8     1.0000E+02  -3.83349723E+02 +/-   2.72069243E-05   3.70179426E-04
     9     2.1544E+01  -3.83349270E+02 +/-   3.85403298E-05   7.42821104E-04
    10     4.6416E+00  -3.83314191E+02 +/-   2.41772574E-04   2.92326003E-02
    11     1.0000E+00  -3.82945657E+02 +/-   7.60307953E-04   2.89089586E-01
    12     2.1544E-01  -3.82833581E+02 +/-   8.52640369E-04   3.63567591E-01
    13     4.6416E-02  -3.82156175E+02 +/-   1.08654706E-03   5.90405597E-01
    14     1.0000E-02  -3.82673604E+02 +/-   8.50139762E-04   3.61438190E-01
    15     2.1544E-03  -3.82863342E+02 +/-   7.24397737E-04   2.62426417E-01
    16     4.6416E-04  -3.82900125E+02 +/-   6.97162975E-04   2.43064766E-01
    17     1.0000E-04  -3.82907684E+02 +/-   6.91492995E-04   2.39127185E-01
    18     2.1544E-05  -3.82909294E+02 +/-   6.90283370E-04   2.38291308E-01
    19     4.6416E-06  -3.82909640E+02 +/-   6.90023347E-04   2.38111818E-01
    20     1.0000E-06  -3.82909715E+02 +/-   6.89967354E-04   2.38073176E-01
    21     0.0000E+00  -3.82909735E+02 +/-   6.89951980E-04   2.38062567E-01
* Iteration # 3: E =  -3.833497371123E+02 +/-   2.679088780396E-05
* Convergence: exiting.
* After optimization:
   1.4460E+00   9.2159E-01   1.3730E+00   3.5205E-01   3.1229E-01   6.8525E-01
  -4.0984E+00  -2.1660E+00  -2.1562E+00  -5.4076E-01  -5.2710E-01  -2.0834E+00
  -2.0776E+00  -2.4331E+00  -2.4302E+00  -1.9829E+00  -1.9781E+00  -5.9840E-04
  -3.3258E-03  -7.0472E-01  -3.4825E-01  -3.5068E-01  -3.0875E-01  -3.0981E-01
  -3.0881E-01  -3.0926E-01   1.5134E+00  -1.9210E+00  -3.8657E-01  -3.2508E-01
   2.2014E+01  -1.7925E+01   1.2782E+01  -1.0637E+01   3.7429E+00  -3.1953E+00
   3.7218E+00  -3.2097E+00   1.1008E+01  -8.9323E+00   1.2941E+01  -1.0497E+01
   1.0968E+01  -8.9706E+00   1.7289E+00  -1.7118E+00   3.8330E+00  -3.1313E+00
   1.9174E+00  -1.5641E+00   1.8867E+00  -1.5791E+00   1.8866E+00  -1.5789E+00
  -5.0659E-02  -6.5140E-02   3.4902E-02  -1.1525E-03   1.9229E-02   1.7930E+00
   2.3529E+00   1.8685E+00  -2.0740E-01  -3.7778E-01  -4.3023E-01  -2.9733E-01
   1.2601E-02  -7.6441E-02  -1.4956E-02   6.1769E-02   9.1877E-02   8.3819E-02
   7.2477E-02   2.1115E-02   1.8905E-03   3.4345E-03   2.9124E-02   1.7759E-01
   9.0143E-02  -3.0308E-02  -8.1439E-02  -8.6118E-03   5.5471E-03  -1.0596E-02
   1.9607E-02  -1.0519E-02   2.1876E-02   8.0606E-02   3.7407E-02   1.8842E-02
   2.4727E-02   2.5651E-02  -6.0344E-03   1.6932E-01  -6.9701E-02  -1.3168E-01
  -1.7387E-01  -1.2072E-01  -1.4494E-02  -2.8636E-02  -1.7968E-02   2.1477E-02
   2.1046E-02  -9.5044E-03   4.0562E-02   9.8410E-03   1.1105E-02   1.0983E-02
   6.9350E-03   5.9677E-02  -1.6332E-02  -4.9869E-02  -3.2260E-02  -8.5954E-03
  -1.7678E-02   4.8040E-03  -9.9392E-03  -1.5242E-02  -6.2129E-03  -3.1889E-03
   2.5660E-02   8.6197E-03   2.2064E-02   2.2638E-02  -9.5667E-03   5.8992E-02
  > Energy =  -3.833497371123E+02 +/-   2.679088780396E-05
  > varE =   3.589447388225E-04

VMC #3:
* Size of Hilbert space =   6.3504E+04
* Deterministic energy evaluation:
  > Deterministic Etot/t = -383.34972363079771
    - Ttot/t = -23.357857045430471
    - Utot/t = 9.5224790918030973
* Number of equil. steps   = 1000
* Running VMC equilibration.
  Done. [total walltime: 0.12s]
* Equil. acc.ratio (%)     =  11.2861
* Sample config after equilibration:
  +---------+
  |  2   d  |
  |0   d   u|
  |2   u   u|
  |  0   d  |
  +---------+
* Number of accum. steps   = 1000192 x 10
* Running VMC accumulation.
    [walltime: 1m elapsed, 44.9s remaining]
  Done. [total walltime: 1m44s]
* Acceptance ratio (%)     =  11.1563
* Etot/t                   =  -3.833497424225E+02 +/-   2.656921405867E-05
  > Ttot/t                 =  -2.335820658544E+01 +/-   5.419270278126E-04
  > Utot/t                 =   9.522809840145E+00 +/-   5.243152153560E-04
* var[Eloc/t]              =   3.622396717436E-04 +/-   4.804143061824E-06
* Correlation length       =   1.949147837781E+00
* log10 Psi^2 range: -14.520813731267822 -- -7.7323009104772602
* log10 Pgen range : -14.520813731267822 -- -7.7323009104772602
* Site occupation (ave. no. electrons per config.):
  > Site_  ___eu____  ___ed____
      1        0.499      0.498
      2        0.499      0.501
      3        0.501      0.500
      4        0.499      0.498
      5        0.501      0.500
      6        0.501      0.501
      7        0.501      0.501
      8        0.500      0.500
      9        0.499      0.502
     10        0.500      0.500
* Pair-correlation analysis (ave. no. pairs per config.):
  > Shell  nsite  ___dh____  __eueu___  __eued___
      0      1        0          0          1.706
      1      1        0.813      0.712      2.507
      2      1        0.281      0.636      1.120
      3      1        0.157      0.297      0.563
      4      1        0.544      1.342      2.193
      5      1        0.115      1.031      0.964
      6      1        0.140      0.841      1.114
      7      1        0.287      1.795      2.133
      8      1        0.241      2.115      1.893
      9      1        0.240      2.130      1.889
     10      1        0.219      2.173      1.858
     11      1        0.110      0.978      1.027
     12      1        0.225      2.060      1.944
     13      1        0.059      0.479      0.519
     14      1        0.177      1.431      1.557
     15      1        0.114      1.031      0.971
     16      1        0.120      0.950      1.040

Optimization #3:
* Method          : lls
* Target function : energy
* No. of configs. : 500096
* No. of params.  : 126
* Before optimization:
   1.4460E+00   9.2159E-01   1.3730E+00   3.5205E-01   3.1229E-01   6.8525E-01
  -4.0984E+00  -2.1660E+00  -2.1562E+00  -5.4076E-01  -5.2710E-01  -2.0834E+00
  -2.0776E+00  -2.4331E+00  -2.4302E+00  -1.9829E+00  -1.9781E+00  -5.9840E-04
  -3.3258E-03  -7.0472E-01  -3.4825E-01  -3.5068E-01  -3.0875E-01  -3.0981E-01
  -3.0881E-01  -3.0926E-01   1.5134E+00  -1.9210E+00  -3.8657E-01  -3.2508E-01
   2.2014E+01  -1.7925E+01   1.2782E+01  -1.0637E+01   3.7429E+00  -3.1953E+00
   3.7218E+00  -3.2097E+00   1.1008E+01  -8.9323E+00   1.2941E+01  -1.0497E+01
   1.0968E+01  -8.9706E+00   1.7289E+00  -1.7118E+00   3.8330E+00  -3.1313E+00
   1.9174E+00  -1.5641E+00   1.8867E+00  -1.5791E+00   1.8866E+00  -1.5789E+00
  -5.0659E-02  -6.5140E-02   3.4902E-02  -1.1525E-03   1.9229E-02   1.7930E+00
   2.3529E+00   1.8685E+00  -2.0740E-01  -3.7778E-01  -4.3023E-01  -2.9733E-01
   1.2601E-02  -7.6441E-02  -1.4956E-02   6.1769E-02   9.1877E-02   8.3819E-02
   7.2477E-02   2.1115E-02   1.8905E-03   3.4345E-03   2.9124E-02   1.7759E-01
   9.0143E-02  -3.0308E-02  -8.1439E-02  -8.6118E-03   5.5471E-03  -1.0596E-02
   1.9607E-02  -1.0519E-02   2.1876E-02   8.0606E-02   3.7407E-02   1.8842E-02
   2.4727E-02   2.5651E-02  -6.0344E-03   1.6932E-01  -6.9701E-02  -1.3168E-01
  -1.7387E-01  -1.2072E-01  -1.4494E-02  -2.8636E-02  -1.7968E-02   2.1477E-02
   2.1046E-02  -9.5044E-03   4.0562E-02   9.8410E-03   1.1105E-02   1.0983E-02
   6.9350E-03   5.9677E-02  -1.6332E-02  -4.9869E-02  -3.2260E-02  -8.5954E-03
  -1.7678E-02   4.8040E-03  -9.9392E-03  -1.5242E-02  -6.2129E-03  -3.1889E-03
   2.5660E-02   8.6197E-03   2.2064E-02   2.2638E-02  -9.5667E-03   5.8992E-02
  > E    =  -3.833497335142E+02 +/-   2.719739095562E-05
  > varE =   3.699200484116E-04
* Computing derivatives.
    [walltime: 1m1s elapsed, 1h29m remaining]
    [walltime: 1h elapsed, 30m38s remaining]
  Done. [total walltime: 1h30m]
* Optimizing manipulation constant:
  #igrid a___________ E____________________________________ varE____________
     1     Infinity    -3.83349734E+02 +/-   2.71973910E-05   3.69920048E-04
     2     1.0000E+06  -3.83349734E+02 +/-   2.71973823E-05   3.69919814E-04
     3     2.1544E+05  -3.83349734E+02 +/-   2.71973512E-05   3.69918968E-04
     4     4.6416E+04  -3.83349734E+02 +/-   2.71972124E-05   3.69915192E-04
     5     1.0000E+04  -3.83349734E+02 +/-   2.71966899E-05   3.69900977E-04
     6     2.1544E+03  -3.83349734E+02 +/-   2.71968850E-05   3.69906284E-04
     7     4.6416E+02  -3.83349732E+02 +/-   2.72546221E-05   3.71478524E-04
     8     1.0000E+02  -3.83349674E+02 +/-   2.88710620E-05   4.16849131E-04
     9     2.1544E+01  -3.83345470E+02 +/-   8.75312127E-05   3.83159212E-03
    10     4.6416E+00  -3.82192374E+02 +/-   1.07655125E-03   5.79592554E-01
    11     1.0000E+00  -3.80889312E+02 +/-   1.12271158E-03   6.30361653E-01
    12     2.1544E-01  -3.80876407E+02 +/-   1.11908540E-03   6.26296295E-01
    13     4.6416E-02  -3.82248927E+02 +/-   1.06436793E-03   5.66548301E-01
    14     1.0000E-02  -3.82143407E+02 +/-   1.08349948E-03   5.87098263E-01
    15     2.1544E-03  -3.82143718E+02 +/-   4.08334188E-06   8.33844114E-06
    16     4.6416E-04  -3.82144382E+02 +/-   6.79143988E-06   2.30662557E-05
    17     1.0000E-04  -3.82144630E+02 +/-   7.53603871E-06   2.84013917E-05
    18     2.1544E-05  -3.82144690E+02 +/-   7.70268586E-06   2.96713805E-05
    19     4.6416E-06  -3.82144703E+02 +/-   7.73886255E-06   2.99507462E-05
    20     1.0000E-06  -3.82144706E+02 +/-   7.74666992E-06   3.00112085E-05
    21     0.0000E+00  -3.82144707E+02 +/-   7.74881109E-06   3.00278009E-05
* Iteration # 1: E =  -3.833497335361E+02 +/-   2.719668986281E-05
* Convergence: exiting.
* After optimization:
   1.4475E+00   9.2304E-01   1.3745E+00   3.5200E-01   3.1225E-01   6.8525E-01
  -4.0986E+00  -2.1661E+00  -2.1563E+00  -5.4085E-01  -5.2719E-01  -2.0834E+00
  -2.0777E+00  -2.4332E+00  -2.4304E+00  -1.9830E+00  -1.9782E+00  -6.4229E-04
  -3.3695E-03  -7.0481E-01  -3.4830E-01  -3.5072E-01  -3.0879E-01  -3.0986E-01
  -3.0886E-01  -3.0930E-01   1.5137E+00  -1.9211E+00  -3.8657E-01  -3.2508E-01
   2.2015E+01  -1.7926E+01   1.2782E+01  -1.0637E+01   3.7434E+00  -3.1956E+00
   3.7223E+00  -3.2100E+00   1.1009E+01  -8.9327E+00   1.2941E+01  -1.0497E+01
   1.0968E+01  -8.9710E+00   1.7291E+00  -1.7120E+00   3.8335E+00  -3.1316E+00
   1.9176E+00  -1.5643E+00   1.8869E+00  -1.5793E+00   1.8868E+00  -1.5790E+00
  -5.0661E-02  -6.5142E-02   3.4903E-02  -1.1525E-03   1.9229E-02   1.7920E+00
   2.3517E+00   1.8674E+00  -2.0730E-01  -3.7758E-01  -4.3000E-01  -2.9717E-01
   1.2594E-02  -7.6393E-02  -1.4943E-02   6.1734E-02   9.1824E-02   8.3772E-02
   7.2444E-02   2.1103E-02   1.8889E-03   3.4321E-03   2.9107E-02   1.7751E-01
   9.0081E-02  -3.0302E-02  -8.1406E-02  -8.6166E-03   5.5449E-03  -1.0582E-02
   1.9602E-02  -1.0515E-02   2.1863E-02   8.0562E-02   3.7391E-02   1.8829E-02
   2.4711E-02   2.5634E-02  -6.0290E-03   1.6924E-01  -6.9704E-02  -1.3169E-01
  -1.7387E-01  -1.2072E-01  -1.4495E-02  -2.8632E-02  -1.7966E-02   2.1478E-02
   2.1045E-02  -9.5052E-03   4.0563E-02   9.8423E-03   1.1105E-02   1.0983E-02
   6.9336E-03   5.9681E-02  -1.6337E-02  -4.9873E-02  -3.2261E-02  -8.5984E-03
  -1.7679E-02   4.8084E-03  -9.9367E-03  -1.5241E-02  -6.2135E-03  -3.1893E-03
   2.5660E-02   8.6200E-03   2.2063E-02   2.2637E-02  -9.5666E-03   5.8994E-02
  > Energy =  -3.833497335361E+02 +/-   2.719668986281E-05
  > varE =   3.699009771010E-04

VMC #4:
* Size of Hilbert space =   6.3504E+04
* Deterministic energy evaluation:
  > Deterministic Etot/t = -383.34972365402518
    - Ttot/t = -23.357857377257279
    - Utot/t = 9.5224794004023501
* Number of equil. steps   = 1000
* Running VMC equilibration.
  Done. [total walltime: 0.11s]
* Equil. acc.ratio (%)     =  11.2396
* Sample config after equilibration:
  +---------+
  |  0   d  |
  |2   u   2|
  |0   u   d|
  |  d   u  |
  +---------+
* Number of accum. steps   = 1000192 x 10
* Running VMC accumulation.
    [walltime: 1m elapsed, 44.3s remaining]
  Done. [total walltime: 1m43s]
* Acceptance ratio (%)     =  11.1610
* Etot/t                   =  -3.833497338962E+02 +/-   2.573825586177E-05
  > Ttot/t                 =  -2.335874956639E+01 +/-   5.382675152653E-04
  > Utot/t                 =   9.523361347353E+00 +/-   5.209955522987E-04
* var[Eloc/t]              =   3.661282174109E-04 +/-   3.439886185110E-06
* Correlation length       =   1.809707570183E+00
* log10 Psi^2 range: -14.495617670802989 -- -7.7322536394420815
* log10 Pgen range : -14.495617670802989 -- -7.7322536394420815
* Site occupation (ave. no. electrons per config.):
  > Site_  ___eu____  ___ed____
      1        0.497      0.499
      2        0.503      0.498
      3        0.502      0.499
      4        0.498      0.499
      5        0.499      0.503
      6        0.501      0.501
      7        0.500      0.500
      8        0.500      0.501
      9        0.499      0.502
     10        0.501      0.499
* Pair-correlation analysis (ave. no. pairs per config.):
  > Shell  nsite  ___dh____  __eueu___  __eued___
      0      1        0          0          1.707
      1      1        0.816      0.710      2.506
      2      1        0.282      0.636      1.118
      3      1        0.156      0.296      0.563
      4      1        0.544      1.339      2.196
      5      1        0.115      1.034      0.962
      6      1        0.141      0.842      1.114
      7      1        0.287      1.790      2.133
      8      1        0.240      2.119      1.891
      9      1        0.239      2.131      1.887
     10      1        0.218      2.175      1.859
     11      1        0.110      0.977      1.030
     12      1        0.226      2.063      1.942
     13      1        0.059      0.476      0.520
     14      1        0.176      1.431      1.561
     15      1        0.114      1.032      0.968
     16      1        0.120      0.948      1.041

Optimization #4:
* Method          : lls
* Target function : energy
* No. of configs. : 500096
* No. of params.  : 126
* Before optimization:
   1.4475E+00   9.2304E-01   1.3745E+00   3.5200E-01   3.1225E-01   6.8525E-01
  -4.0986E+00  -2.1661E+00  -2.1563E+00  -5.4085E-01  -5.2719E-01  -2.0834E+00
  -2.0777E+00  -2.4332E+00  -2.4304E+00  -1.9830E+00  -1.9782E+00  -6.4229E-04
  -3.3695E-03  -7.0481E-01  -3.4830E-01  -3.5072E-01  -3.0879E-01  -3.0986E-01
  -3.0886E-01  -3.0930E-01   1.5137E+00  -1.9211E+00  -3.8657E-01  -3.2508E-01
   2.2015E+01  -1.7926E+01   1.2782E+01  -1.0637E+01   3.7434E+00  -3.1956E+00
   3.7223E+00  -3.2100E+00   1.1009E+01  -8.9327E+00   1.2941E+01  -1.0497E+01
   1.0968E+01  -8.9710E+00   1.7291E+00  -1.7120E+00   3.8335E+00  -3.1316E+00
   1.9176E+00  -1.5643E+00   1.8869E+00  -1.5793E+00   1.8868E+00  -1.5790E+00
  -5.0661E-02  -6.5142E-02   3.4903E-02  -1.1525E-03   1.9229E-02   1.7920E+00
   2.3517E+00   1.8674E+00  -2.0730E-01  -3.7758E-01  -4.3000E-01  -2.9717E-01
   1.2594E-02  -7.6393E-02  -1.4943E-02   6.1734E-02   9.1824E-02   8.3772E-02
   7.2444E-02   2.1103E-02   1.8889E-03   3.4321E-03   2.9107E-02   1.7751E-01
   9.0081E-02  -3.0302E-02  -8.1406E-02  -8.6166E-03   5.5449E-03  -1.0582E-02
   1.9602E-02  -1.0515E-02   2.1863E-02   8.0562E-02   3.7391E-02   1.8829E-02
   2.4711E-02   2.5634E-02  -6.0290E-03   1.6924E-01  -6.9704E-02  -1.3169E-01
  -1.7387E-01  -1.2072E-01  -1.4495E-02  -2.8632E-02  -1.7966E-02   2.1478E-02
   2.1045E-02  -9.5052E-03   4.0563E-02   9.8423E-03   1.1105E-02   1.0983E-02
   6.9336E-03   5.9681E-02  -1.6337E-02  -4.9873E-02  -3.2261E-02  -8.5984E-03
  -1.7679E-02   4.8084E-03  -9.9367E-03  -1.5241E-02  -6.2135E-03  -3.1893E-03
   2.5660E-02   8.6200E-03   2.2063E-02   2.2637E-02  -9.5666E-03   5.8994E-02
  > E    =  -3.833497480908E+02 +/-   2.703528489910E-05
  > varE =   3.655234818243E-04
* Computing derivatives.
    [walltime: 1m1s elapsed, 1h30m remaining]
    [walltime: 1h elapsed, 30m46s remaining]
  Done. [total walltime: 1h30m]
* Optimizing manipulation constant:
  #igrid a___________ E____________________________________ varE____________
     1     Infinity    -3.83349748E+02 +/-   2.70352849E-05   3.65523482E-04
     2     1.0000E+06  -3.83349748E+02 +/-   2.70352764E-05   3.65523252E-04
     3     2.1544E+05  -3.83349748E+02 +/-   2.70352455E-05   3.65522417E-04
     4     4.6416E+04  -3.83349748E+02 +/-   2.70351023E-05   3.65518543E-04
     5     1.0000E+04  -3.83349748E+02 +/-   2.70344397E-05   3.65500627E-04
     6     2.1544E+03  -3.83349748E+02 +/-   2.70314154E-05   3.65418856E-04
     7     4.6416E+02  -3.83349749E+02 +/-   2.70184399E-05   3.65068127E-04
     8     1.0000E+02  -3.83349750E+02 +/-   2.69771395E-05   3.63952894E-04
     9     2.1544E+01  -3.83349753E+02 +/-   2.68926618E-05   3.61677059E-04
    10     4.6416E+00  -3.83349520E+02 +/-   3.29792962E-05   5.43921402E-04
    11     1.0000E+00  -3.82185240E+02 +/-   1.07304675E-03   5.75825201E-01
    12     2.1544E-01  -3.82146255E+02 +/-   1.05157990E-03   5.53016303E-01
    13     4.6416E-02  -3.80940038E+02 +/-   9.97904924E-04   4.98002717E-01
    14     1.0000E-02  -3.80839151E+02 +/-   7.92245684E-04   3.13886867E-01
    15     2.1544E-03  -3.82148173E+02 +/-   1.03479057E-03   5.35498559E-01
    16     4.6416E-04  -3.82148209E+02 +/-   1.03481692E-03   5.35525827E-01
    17     1.0000E-04  -3.82148222E+02 +/-   1.03479194E-03   5.35499979E-01
    18     2.1544E-05  -3.82148225E+02 +/-   1.03478475E-03   5.35492531E-01
    19     4.6416E-06  -3.82148226E+02 +/-   1.03478311E-03   5.35490834E-01
    20     1.0000E-06  -3.82148226E+02 +/-   1.03478275E-03   5.35490465E-01
    21     0.0000E+00  -3.82148226E+02 +/-   1.03478265E-03   5.35490363E-01
  ParMin   4.5615E+01  -3.83349751E+02 +/-   2.69502524E-05   3.63227778E-04
  # Using grid point #9
* Iteration # 1: E =  -3.833497525667E+02 +/-   2.689266183186E-05
* Convergence: exiting.
* After optimization:
   1.3985E+00   8.6869E-01   1.3238E+00   3.8802E-01   3.4836E-01   6.8486E-01
  -4.1435E+00  -2.1522E+00  -2.1426E+00  -4.6802E-01  -4.5451E-01  -2.1057E+00
  -2.1000E+00  -2.4189E+00  -2.4161E+00  -2.0051E+00  -2.0004E+00   3.5770E-02
   3.3123E-02  -6.3189E-01  -3.1189E-01  -3.1428E-01  -2.7230E-01  -2.7332E-01
  -2.7239E-01  -2.7282E-01   1.3315E+00  -1.7754E+00  -3.8652E-01  -3.2506E-01
   2.2237E+01  -1.8104E+01   1.2711E+01  -1.0580E+01   3.3792E+00  -2.9043E+00
   3.3582E+00  -2.9187E+00   1.1120E+01  -9.0214E+00   1.2870E+01  -1.0440E+01
   1.1079E+01  -9.0598E+00   1.5470E+00  -1.5663E+00   3.4694E+00  -2.8405E+00
   1.7356E+00  -1.4187E+00   1.7047E+00  -1.4337E+00   1.7047E+00  -1.4334E+00
  -5.1455E-02  -6.6433E-02   3.5534E-02  -1.1168E-03   1.9527E-02   1.7461E+00
   2.3003E+00   1.8214E+00  -2.0681E-01  -3.7318E-01  -4.2458E-01  -2.9295E-01
   1.2581E-02  -7.1439E-02  -1.1512E-02   5.9471E-02   8.8583E-02   8.0864E-02
   7.3299E-02   2.0079E-02   1.4706E-03   2.9037E-03   2.7678E-02   1.8014E-01
   8.2489E-02  -3.5144E-02  -8.5083E-02  -1.2555E-02   6.2514E-03  -7.3352E-03
   2.2142E-02  -1.0455E-02   2.1418E-02   7.9250E-02   3.8145E-02   1.6654E-02
   2.2994E-02   2.3944E-02  -5.1262E-03   1.7023E-01  -7.1243E-02  -1.3332E-01
  -1.7461E-01  -1.2153E-01  -1.4787E-02  -2.7107E-02  -1.6657E-02   2.1550E-02
   2.0217E-02  -1.0120E-02   4.1057E-02   1.0185E-02   1.1079E-02   1.0957E-02
   6.3964E-03   6.1724E-02  -1.8928E-02  -5.2130E-02  -3.3711E-02  -1.0109E-02
  -1.7674E-02   6.3187E-03  -8.8232E-03  -1.4905E-02  -6.5121E-03  -3.2179E-03
   2.5668E-02   8.3493E-03   2.1768E-02   2.2334E-02  -9.4476E-03   6.0195E-02
  > Energy =  -3.833497525667E+02 +/-   2.689266183186E-05
  > varE =   3.616770588663E-04

VMC #5:
* Size of Hilbert space =   6.3504E+04
* Deterministic energy evaluation:
  > Deterministic Etot/t = -383.34972809175423
    - Ttot/t = -23.357847110332504
    - Utot/t = 9.5224646957486847
* Number of equil. steps   = 1000
* Running VMC equilibration.
  Done. [total walltime: 0.11s]
* Equil. acc.ratio (%)     =  11.3148
* Sample config after equilibration:
  +---------+
  |  d   d  |
  |u   d   u|
  |u   u   0|
  |  d   2  |
  +---------+
* Number of accum. steps   = 1000192 x 10
* Running VMC accumulation.
    [walltime: 1m elapsed, 45.2s remaining]
  Done. [total walltime: 1m44s]
* Acceptance ratio (%)     =  11.2502
* Etot/t                   =  -3.833497490373E+02 +/-   2.493528882481E-05
  > Ttot/t                 =  -2.335816903101E+01 +/-   5.205179619921E-04
  > Utot/t                 =   9.522765670834E+00 +/-   5.045901414631E-04
* var[Eloc/t]              =   3.572476844092E-04 +/-   2.333443299738E-06
* Correlation length       =   1.740775477332E+00
* log10 Psi^2 range: -14.210201447460282 -- -7.7031769421515657
* log10 Pgen range : -14.210201447460282 -- -7.7031769421515657
* Site occupation (ave. no. electrons per config.):
  > Site_  ___eu____  ___ed____
      1        0.499      0.498
      2        0.499      0.501
      3        0.500      0.501
      4        0.497      0.499
      5        0.501      0.500
      6        0.500      0.501
      7        0.502      0.499
      8        0.501      0.500
      9        0.501      0.499
     10        0.500      0.502
* Pair-correlation analysis (ave. no. pairs per config.):
  > Shell  nsite  ___dh____  __eueu___  __eued___
      0      1        0          0          1.706
      1      1        0.814      0.710      2.507
      2      1        0.282      0.636      1.119
      3      1        0.157      0.297      0.563
      4      1        0.543      1.342      2.194
      5      1        0.114      1.032      0.964
      6      1        0.141      0.842      1.114
      7      1        0.289      1.791      2.133
      8      1        0.240      2.116      1.895
      9      1        0.239      2.132      1.888
     10      1        0.220      2.175      1.857
     11      1        0.111      0.978      1.026
     12      1        0.225      2.059      1.947
     13      1        0.059      0.477      0.519
     14      1        0.177      1.431      1.556
     15      1        0.114      1.032      0.971
     16      1        0.120      0.950      1.040

Optimization #5:
* Method          : lls
* Target function : energy
* No. of configs. : 500096
* No. of params.  : 126
* Before optimization:
   1.3985E+00   8.6869E-01   1.3238E+00   3.8802E-01   3.4836E-01   6.8486E-01
  -4.1435E+00  -2.1522E+00  -2.1426E+00  -4.6802E-01  -4.5451E-01  -2.1057E+00
  -2.1000E+00  -2.4189E+00  -2.4161E+00  -2.0051E+00  -2.0004E+00   3.5770E-02
   3.3123E-02  -6.3189E-01  -3.1189E-01  -3.1428E-01  -2.7230E-01  -2.7332E-01
  -2.7239E-01  -2.7282E-01   1.3315E+00  -1.7754E+00  -3.8652E-01  -3.2506E-01
   2.2237E+01  -1.8104E+01   1.2711E+01  -1.0580E+01   3.3792E+00  -2.9043E+00
   3.3582E+00  -2.9187E+00   1.1120E+01  -9.0214E+00   1.2870E+01  -1.0440E+01
   1.1079E+01  -9.0598E+00   1.5470E+00  -1.5663E+00   3.4694E+00  -2.8405E+00
   1.7356E+00  -1.4187E+00   1.7047E+00  -1.4337E+00   1.7047E+00  -1.4334E+00
  -5.1455E-02  -6.6433E-02   3.5534E-02  -1.1168E-03   1.9527E-02   1.7461E+00
   2.3003E+00   1.8214E+00  -2.0681E-01  -3.7318E-01  -4.2458E-01  -2.9295E-01
   1.2581E-02  -7.1439E-02  -1.1512E-02   5.9471E-02   8.8583E-02   8.0864E-02
   7.3299E-02   2.0079E-02   1.4706E-03   2.9037E-03   2.7678E-02   1.8014E-01
   8.2489E-02  -3.5144E-02  -8.5083E-02  -1.2555E-02   6.2514E-03  -7.3352E-03
   2.2142E-02  -1.0455E-02   2.1418E-02   7.9250E-02   3.8145E-02   1.6654E-02
   2.2994E-02   2.3944E-02  -5.1262E-03   1.7023E-01  -7.1243E-02  -1.3332E-01
  -1.7461E-01  -1.2153E-01  -1.4787E-02  -2.7107E-02  -1.6657E-02   2.1550E-02
   2.0217E-02  -1.0120E-02   4.1057E-02   1.0185E-02   1.1079E-02   1.0957E-02
   6.3964E-03   6.1724E-02  -1.8928E-02  -5.2130E-02  -3.3711E-02  -1.0109E-02
  -1.7674E-02   6.3187E-03  -8.8232E-03  -1.4905E-02  -6.5121E-03  -3.2179E-03
   2.5668E-02   8.3493E-03   2.1768E-02   2.2334E-02  -9.4476E-03   6.0195E-02
  > E    =  -3.833497507864E+02 +/-   2.654668631615E-05
  > varE =   3.524309309333E-04
* Computing derivatives.
    [walltime: 1m2s elapsed, 1h29m remaining]
    [walltime: 1h elapsed, 30m17s remaining]
  Done. [total walltime: 1h30m]
* Optimizing manipulation constant:
  #igrid a___________ E____________________________________ varE____________
     1     Infinity    -3.83349751E+02 +/-   2.65466863E-05   3.52430931E-04
     2     1.0000E+06  -3.83349751E+02 +/-   2.65466778E-05   3.52430705E-04
     3     2.1544E+05  -3.83349751E+02 +/-   2.65466469E-05   3.52429884E-04
     4     4.6416E+04  -3.83349751E+02 +/-   2.65465046E-05   3.52426107E-04
     5     1.0000E+04  -3.83349751E+02 +/-   2.65458701E-05   3.52409260E-04
     6     2.1544E+03  -3.83349751E+02 +/-   2.65434829E-05   3.52345879E-04
     7     4.6416E+02  -3.83349751E+02 +/-   2.65444085E-05   3.52370454E-04
     8     1.0000E+02  -3.83349742E+02 +/-   2.68101137E-05   3.59460101E-04
     9     2.1544E+01  -3.83349407E+02 +/-   3.52290868E-05   6.20663423E-04
    10     4.6416E+00  -3.83298941E+02 +/-   2.86185895E-04   4.09590459E-02
    11     1.0000E+00  -3.83224414E+02 +/-   4.12252305E-04   8.49922970E-02
    12     2.1544E-01  -3.80929511E+02 +/-   1.09226866E-03   5.96639949E-01
    13     4.6416E-02  -3.80869894E+02 +/-   1.07477750E-03   5.77684226E-01
    14     1.0000E-02  -3.80863600E+02 +/-   1.07484924E-03   5.77761356E-01
    15     2.1544E-03  -3.80850747E+02 +/-   1.07473194E-03   5.77635255E-01
    16     4.6416E-04  -3.80843662E+02 +/-   1.07410397E-03   5.76960427E-01
    17     1.0000E-04  -3.80841854E+02 +/-   1.07392484E-03   5.76767997E-01
    18     2.1544E-05  -3.80841451E+02 +/-   1.07388420E-03   5.76724345E-01
    19     4.6416E-06  -3.80841363E+02 +/-   1.07387535E-03   5.76714839E-01
    20     1.0000E-06  -3.80841344E+02 +/-   1.07387344E-03   5.76712787E-01
    21     0.0000E+00  -3.80841339E+02 +/-   1.07387291E-03   5.76712223E-01
* Iteration # 1: E =  -3.833497508926E+02 +/-   2.654348288054E-05
* Convergence: exiting.
* After optimization:
   1.4009E+00   8.7114E-01   1.3263E+00   3.8809E-01   3.4843E-01   6.8486E-01
  -4.1439E+00  -2.1524E+00  -2.1427E+00  -4.6787E-01  -4.5436E-01  -2.1059E+00
  -2.1002E+00  -2.4190E+00  -2.4162E+00  -2.0053E+00  -2.0006E+00   3.5845E-02
   3.3198E-02  -6.3174E-01  -3.1182E-01  -3.1420E-01  -2.7222E-01  -2.7324E-01
  -2.7231E-01  -2.7274E-01   1.3311E+00  -1.7751E+00  -3.8651E-01  -3.2506E-01
   2.2239E+01  -1.8105E+01   1.2712E+01  -1.0580E+01   3.3784E+00  -2.9037E+00
   3.3574E+00  -2.9181E+00   1.1121E+01  -9.0222E+00   1.2871E+01  -1.0441E+01
   1.1080E+01  -9.0606E+00   1.5466E+00  -1.5660E+00   3.4687E+00  -2.8399E+00
   1.7352E+00  -1.4184E+00   1.7043E+00  -1.4334E+00   1.7043E+00  -1.4331E+00
  -5.1464E-02  -6.6446E-02   3.5540E-02  -1.1170E-03   1.9531E-02   1.7441E+00
   2.2977E+00   1.8193E+00  -2.0660E-01  -3.7278E-01  -4.2413E-01  -2.9264E-01
   1.2570E-02  -7.1324E-02  -1.1469E-02   5.9394E-02   8.8471E-02   8.0760E-02
   7.3232E-02   2.0048E-02   1.4700E-03   2.9012E-03   2.7641E-02   1.7999E-01
   8.2335E-02  -3.5153E-02  -8.5026E-02  -1.2578E-02   6.2457E-03  -7.2893E-03
   2.2145E-02  -1.0450E-02   2.1396E-02   7.9164E-02   3.8117E-02   1.6623E-02
   2.2960E-02   2.3908E-02  -5.1123E-03   1.7009E-01  -7.1256E-02  -1.3334E-01
  -1.7462E-01  -1.2154E-01  -1.4788E-02  -2.7093E-02  -1.6644E-02   2.1550E-02
   2.0210E-02  -1.0127E-02   4.1058E-02   1.0187E-02   1.1080E-02   1.0959E-02
   6.3910E-03   6.1741E-02  -1.8954E-02  -5.2155E-02  -3.3719E-02  -1.0123E-02
  -1.7676E-02   6.3362E-03  -8.8120E-03  -1.4905E-02  -6.5141E-03  -3.2198E-03
   2.5668E-02   8.3505E-03   2.1765E-02   2.2331E-02  -9.4478E-03   6.0210E-02
  > Energy =  -3.833497508926E+02 +/-   2.654348288054E-05
  > varE =   3.523458791372E-04

VMC #6:
* Size of Hilbert space =   6.3504E+04
* Deterministic energy evaluation:
  > Deterministic Etot/t = -383.34972819722560
    - Ttot/t = -23.357848668590037
    - Utot/t = 9.5224661485347646
* Number of equil. steps   = 1000
* Running VMC equilibration.
  Done. [total walltime: 0.11s]
* Equil. acc.ratio (%)     =  11.2889
* Sample config after equilibration:
  +---------+
  |  d   2  |
  |u   u   d|
  |0   0   u|
  |  2   d  |
  +---------+
* Number of accum. steps   = 1000192 x 10
* Running VMC accumulation.
    [walltime: 1m elapsed, 43.2s remaining]
  Done. [total walltime: 1m43s]
* Acceptance ratio (%)     =  11.2627
* Etot/t                   =  -3.833497396287E+02 +/-   2.509947175514E-05
  > Ttot/t                 =  -2.335869529158E+01 +/-   5.191110971254E-04
  > Utot/t                 =   9.523301340054E+00 +/-   5.030069320357E-04
* var[Eloc/t]              =   3.646488663569E-04 +/-   6.260791728451E-06
* Correlation length       =   1.727975862124E+00
* log10 Psi^2 range: -15.290771454995205 -- -7.7028304663300480
* log10 Pgen range : -15.290771454995205 -- -7.7028304663300480
* Site occupation (ave. no. electrons per config.):
  > Site_  ___eu____  ___ed____
      1        0.499      0.499
      2        0.501      0.500
      3        0.499      0.501
      4        0.499      0.499
      5        0.499      0.501
      6        0.500      0.500
      7        0.501      0.500
      8        0.499      0.500
      9        0.501      0.499
     10        0.501      0.500
* Pair-correlation analysis (ave. no. pairs per config.):
  > Shell  nsite  ___dh____  __eueu___  __eued___
      0      1        0          0          1.707
      1      1        0.814      0.711      2.505
      2      1        0.281      0.636      1.120
      3      1        0.156      0.298      0.564
      4      1        0.544      1.341      2.195
      5      1        0.115      1.029      0.962
      6      1        0.141      0.840      1.112
      7      1        0.288      1.793      2.137
      8      1        0.241      2.118      1.893
      9      1        0.240      2.133      1.891
     10      1        0.219      2.174      1.857
     11      1        0.110      0.976      1.027
     12      1        0.226      2.061      1.940
     13      1        0.058      0.477      0.519
     14      1        0.176      1.431      1.557
     15      1        0.114      1.032      0.970
     16      1        0.120      0.950      1.043

Optimization #6:
* Method          : lls
* Target function : energy
* No. of configs. : 500096
* No. of params.  : 126
* Before optimization:
   1.4009E+00   8.7114E-01   1.3263E+00   3.8809E-01   3.4843E-01   6.8486E-01
  -4.1439E+00  -2.1524E+00  -2.1427E+00  -4.6787E-01  -4.5436E-01  -2.1059E+00
  -2.1002E+00  -2.4190E+00  -2.4162E+00  -2.0053E+00  -2.0006E+00   3.5845E-02
   3.3198E-02  -6.3174E-01  -3.1182E-01  -3.1420E-01  -2.7222E-01  -2.7324E-01
  -2.7231E-01  -2.7274E-01   1.3311E+00  -1.7751E+00  -3.8651E-01  -3.2506E-01
   2.2239E+01  -1.8105E+01   1.2712E+01  -1.0580E+01   3.3784E+00  -2.9037E+00
   3.3574E+00  -2.9181E+00   1.1121E+01  -9.0222E+00   1.2871E+01  -1.0441E+01
   1.1080E+01  -9.0606E+00   1.5466E+00  -1.5660E+00   3.4687E+00  -2.8399E+00
   1.7352E+00  -1.4184E+00   1.7043E+00  -1.4334E+00   1.7043E+00  -1.4331E+00
  -5.1464E-02  -6.6446E-02   3.5540E-02  -1.1170E-03   1.9531E-02   1.7441E+00
   2.2977E+00   1.8193E+00  -2.0660E-01  -3.7278E-01  -4.2413E-01  -2.9264E-01
   1.2570E-02  -7.1324E-02  -1.1469E-02   5.9394E-02   8.8471E-02   8.0760E-02
   7.3232E-02   2.0048E-02   1.4700E-03   2.9012E-03   2.7641E-02   1.7999E-01
   8.2335E-02  -3.5153E-02  -8.5026E-02  -1.2578E-02   6.2457E-03  -7.2893E-03
   2.2145E-02  -1.0450E-02   2.1396E-02   7.9164E-02   3.8117E-02   1.6623E-02
   2.2960E-02   2.3908E-02  -5.1123E-03   1.7009E-01  -7.1256E-02  -1.3334E-01
  -1.7462E-01  -1.2154E-01  -1.4788E-02  -2.7093E-02  -1.6644E-02   2.1550E-02
   2.0210E-02  -1.0127E-02   4.1058E-02   1.0187E-02   1.1080E-02   1.0959E-02
   6.3910E-03   6.1741E-02  -1.8954E-02  -5.2155E-02  -3.3719E-02  -1.0123E-02
  -1.7676E-02   6.3362E-03  -8.8120E-03  -1.4905E-02  -6.5141E-03  -3.2198E-03
   2.5668E-02   8.3505E-03   2.1765E-02   2.2331E-02  -9.4478E-03   6.0210E-02
  > E    =  -3.833497195650E+02 +/-   2.715804621941E-05
  > varE =   3.688505429372E-04
* Computing derivatives.
    [walltime: 1m2s elapsed, 1h29m remaining]
    [walltime: 1h elapsed, 30m38s remaining]
  Done. [total walltime: 1h30m]
* Optimizing manipulation constant:
  #igrid a___________ E____________________________________ varE____________
     1     Infinity    -3.83349720E+02 +/-   2.71580462E-05   3.68850543E-04
     2     1.0000E+06  -3.83349720E+02 +/-   2.71580375E-05   3.68850306E-04
     3     2.1544E+05  -3.83349720E+02 +/-   2.71580057E-05   3.68849443E-04
     4     4.6416E+04  -3.83349720E+02 +/-   2.71578595E-05   3.68845472E-04
     5     1.0000E+04  -3.83349720E+02 +/-   2.71572059E-05   3.68827718E-04
     6     2.1544E+03  -3.83349720E+02 +/-   2.71547099E-05   3.68759923E-04
     7     4.6416E+02  -3.83349720E+02 +/-   2.71545802E-05   3.68756400E-04
     8     1.0000E+02  -3.83349711E+02 +/-   2.73914695E-05   3.75218330E-04
     9     2.1544E+01  -3.83349469E+02 +/-   3.35723412E-05   5.63659249E-04
    10     4.6416E+00  -3.83339790E+02 +/-   1.28672390E-04   8.27988143E-03
    11     1.0000E+00  -3.83280522E+02 +/-   3.29022731E-04   5.41383714E-02
    12     2.1544E-01  -3.83348169E+02 +/-   5.40162195E-05   1.45915609E-03
    13     4.6416E-02  -3.83287749E+02 +/-   3.25512690E-04   5.29894276E-02
    14     1.0000E-02  -3.83121760E+02 +/-   5.83620052E-04   1.70338881E-01
    15     2.1544E-03  -3.83030864E+02 +/-   6.70903444E-04   2.25098926E-01
    16     4.6416E-04  -3.83001715E+02 +/-   6.95730280E-04   2.42066779E-01
    17     1.0000E-04  -3.82994669E+02 +/-   7.01578129E-04   2.46153188E-01
    18     2.1544E-05  -3.82993110E+02 +/-   7.02865106E-04   2.47057104E-01
    19     4.6416E-06  -3.82992772E+02 +/-   7.03143680E-04   2.47252981E-01
    20     1.0000E-06  -3.82992699E+02 +/-   7.03203758E-04   2.47295234E-01
    21     0.0000E+00  -3.82992679E+02 +/-   7.03220259E-04   2.47306840E-01
* Iteration # 1: E =  -3.833497196781E+02 +/-   2.715470990099E-05
* Convergence: exiting.
* After optimization:
   1.3989E+00   8.6902E-01   1.3243E+00   3.8807E-01   3.4842E-01   6.8486E-01
  -4.1439E+00  -2.1524E+00  -2.1428E+00  -4.6791E-01  -4.5440E-01  -2.1059E+00
  -2.1002E+00  -2.4191E+00  -2.4163E+00  -2.0053E+00  -2.0006E+00   3.5828E-02
   3.3183E-02  -6.3178E-01  -3.1184E-01  -3.1422E-01  -2.7224E-01  -2.7326E-01
  -2.7233E-01  -2.7276E-01   1.3312E+00  -1.7752E+00  -3.8651E-01  -3.2507E-01
   2.2240E+01  -1.8105E+01   1.2712E+01  -1.0581E+01   3.3786E+00  -2.9039E+00
   3.3577E+00  -2.9183E+00   1.1121E+01  -9.0223E+00   1.2871E+01  -1.0441E+01
   1.1080E+01  -9.0606E+00   1.5467E+00  -1.5661E+00   3.4689E+00  -2.8401E+00
   1.7353E+00  -1.4185E+00   1.7045E+00  -1.4334E+00   1.7044E+00  -1.4332E+00
  -5.1472E-02  -6.6460E-02   3.5547E-02  -1.1174E-03   1.9534E-02   1.7459E+00
   2.3003E+00   1.8213E+00  -2.0687E-01  -3.7324E-01  -4.2465E-01  -2.9298E-01
   1.2581E-02  -7.1378E-02  -1.1452E-02   5.9446E-02   8.8557E-02   8.0837E-02
   7.3341E-02   2.0064E-02   1.4566E-03   2.8889E-03   2.7669E-02   1.8025E-01
   8.2368E-02  -3.5258E-02  -8.5185E-02  -1.2633E-02   6.2616E-03  -7.2691E-03
   2.2200E-02  -1.0471E-02   2.1419E-02   7.9253E-02   3.8181E-02   1.6631E-02
   2.2969E-02   2.3919E-02  -5.1181E-03   1.7034E-01  -7.1268E-02  -1.3335E-01
  -1.7462E-01  -1.2154E-01  -1.4793E-02  -2.7077E-02  -1.6629E-02   2.1553E-02
   2.0203E-02  -1.0131E-02   4.1062E-02   1.0191E-02   1.1075E-02   1.0953E-02
   6.3870E-03   6.1758E-02  -1.8979E-02  -5.2178E-02  -3.3731E-02  -1.0135E-02
  -1.7677E-02   6.3541E-03  -8.7977E-03  -1.4901E-02  -6.5164E-03  -3.2187E-03
   2.5669E-02   8.3527E-03   2.1761E-02   2.2327E-02  -9.4510E-03   6.0225E-02
  > Energy =  -3.833497196781E+02 +/-   2.715470990099E-05
  > varE =   3.687599232173E-04

VMC #7:
* Size of Hilbert space =   6.3504E+04
* Deterministic energy evaluation:
  > Deterministic Etot/t = -383.34972830410851
    - Ttot/t = -23.357850229408911
    - Utot/t = 9.5224676024707957
* Number of equil. steps   = 1000
* Running VMC equilibration.
  Done. [total walltime: 0.11s]
* Equil. acc.ratio (%)     =  11.2152
* Sample config after equilibration:
  +---------+
  |  u   0  |
  |2   0   2|
  |0   d   u|
  |  d   2  |
  +---------+
* Number of accum. steps   = 1000192 x 10
* Running VMC accumulation.
    [walltime: 1m elapsed, 43.8s remaining]
  Done. [total walltime: 1m42s]
* Acceptance ratio (%)     =  11.2550
* Etot/t                   =  -3.833497703652E+02 +/-   2.532508590715E-05
  > Ttot/t                 =  -2.335900276656E+01 +/-   5.285917050674E-04
  > Utot/t                 =   9.523578078479E+00 +/-   5.122466969334E-04
* var[Eloc/t]              =   3.628864118741E-04 +/-   3.431924710559E-06
* Correlation length       =   1.767724269441E+00
* log10 Psi^2 range: -14.605762491131337 -- -7.7025971031899081
* log10 Pgen range : -14.605762491131337 -- -7.7025971031899081
* Site occupation (ave. no. electrons per config.):
  > Site_  ___eu____  ___ed____
      1        0.498      0.497
      2        0.501      0.501
      3        0.501      0.502
      4        0.499      0.499
      5        0.499      0.500
      6        0.501      0.500
      7        0.500      0.500
      8        0.500      0.500
      9        0.501      0.500
     10        0.500      0.501
* Pair-correlation analysis (ave. no. pairs per config.):
  > Shell  nsite  ___dh____  __eueu___  __eued___
      0      1        0          0          1.710
      1      1        0.815      0.711      2.506
      2      1        0.282      0.640      1.117
      3      1        0.158      0.296      0.561
      4      1        0.545      1.341      2.191
      5      1        0.115      1.029      0.965
      6      1        0.141      0.843      1.111
      7      1        0.289      1.791      2.134
      8      1        0.241      2.116      1.894
      9      1        0.241      2.131      1.890
     10      1        0.221      2.169      1.861
     11      1        0.110      0.978      1.026
     12      1        0.226      2.063      1.943
     13      1        0.059      0.478      0.520
     14      1        0.178      1.431      1.557
     15      1        0.115      1.032      0.970
     16      1        0.121      0.949      1.043

Optimization #7:
* Method          : lls
* Target function : energy
* No. of configs. : 500096
* No. of params.  : 126
* Before optimization:
   1.3989E+00   8.6902E-01   1.3243E+00   3.8807E-01   3.4842E-01   6.8486E-01
  -4.1439E+00  -2.1524E+00  -2.1428E+00  -4.6791E-01  -4.5440E-01  -2.1059E+00
  -2.1002E+00  -2.4191E+00  -2.4163E+00  -2.0053E+00  -2.0006E+00   3.5828E-02
   3.3183E-02  -6.3178E-01  -3.1184E-01  -3.1422E-01  -2.7224E-01  -2.7326E-01
  -2.7233E-01  -2.7276E-01   1.3312E+00  -1.7752E+00  -3.8651E-01  -3.2507E-01
   2.2240E+01  -1.8105E+01   1.2712E+01  -1.0581E+01   3.3786E+00  -2.9039E+00
   3.3577E+00  -2.9183E+00   1.1121E+01  -9.0223E+00   1.2871E+01  -1.0441E+01
   1.1080E+01  -9.0606E+00   1.5467E+00  -1.5661E+00   3.4689E+00  -2.8401E+00
   1.7353E+00  -1.4185E+00   1.7045E+00  -1.4334E+00   1.7044E+00  -1.4332E+00
  -5.1472E-02  -6.6460E-02   3.5547E-02  -1.1174E-03   1.9534E-02   1.7459E+00
   2.3003E+00   1.8213E+00  -2.0687E-01  -3.7324E-01  -4.2465E-01  -2.9298E-01
   1.2581E-02  -7.1378E-02  -1.1452E-02   5.9446E-02   8.8557E-02   8.0837E-02
   7.3341E-02   2.0064E-02   1.4566E-03   2.8889E-03   2.7669E-02   1.8025E-01
   8.2368E-02  -3.5258E-02  -8.5185E-02  -1.2633E-02   6.2616E-03  -7.2691E-03
   2.2200E-02  -1.0471E-02   2.1419E-02   7.9253E-02   3.8181E-02   1.6631E-02
   2.2969E-02   2.3919E-02  -5.1181E-03   1.7034E-01  -7.1268E-02  -1.3335E-01
  -1.7462E-01  -1.2154E-01  -1.4793E-02  -2.7077E-02  -1.6629E-02   2.1553E-02
   2.0203E-02  -1.0131E-02   4.1062E-02   1.0191E-02   1.1075E-02   1.0953E-02
   6.3870E-03   6.1758E-02  -1.8979E-02  -5.2178E-02  -3.3731E-02  -1.0135E-02
  -1.7677E-02   6.3541E-03  -8.7977E-03  -1.4901E-02  -6.5164E-03  -3.2187E-03
   2.5669E-02   8.3527E-03   2.1761E-02   2.2327E-02  -9.4510E-03   6.0225E-02
  > E    =  -3.833497966103E+02 +/-   2.715892327527E-05
  > varE =   3.688743670190E-04
* Computing derivatives.
    [walltime: 1m2s elapsed, 1h29m remaining]
    [walltime: 1h elapsed, 30m21s remaining]
  Done. [total walltime: 1h30m]
* Optimizing manipulation constant:
  #igrid a___________ E____________________________________ varE____________
     1     Infinity    -3.83349797E+02 +/-   2.71589233E-05   3.68874367E-04
     2     1.0000E+06  -3.83349797E+02 +/-   2.71589157E-05   3.68874162E-04
     3     2.1544E+05  -3.83349797E+02 +/-   2.71588883E-05   3.68873416E-04
     4     4.6416E+04  -3.83349797E+02 +/-   2.71587619E-05   3.68869984E-04
     5     1.0000E+04  -3.83349797E+02 +/-   2.71582001E-05   3.68854722E-04
     6     2.1544E+03  -3.83349797E+02 +/-   2.71561199E-05   3.68798220E-04
     7     4.6416E+02  -3.83349797E+02 +/-   2.71578153E-05   3.68844271E-04
     8     1.0000E+02  -3.83349788E+02 +/-   2.74111035E-05   3.75756428E-04
     9     2.1544E+01  -3.83349514E+02 +/-   3.47491799E-05   6.03868673E-04
    10     4.6416E+00  -3.83340586E+02 +/-   1.23862763E-04   7.67246489E-03
    11     1.0000E+00  -3.80872103E+02 +/-   1.11225475E-03   6.18674083E-01
    12     2.1544E-01  -3.82171096E+02 +/-   7.86797506E-04   3.09584587E-01
    13     4.6416E-02  -3.82164473E+02 +/-   8.72946291E-04   3.81090769E-01
    14     1.0000E-02  -3.82381166E+02 +/-   9.53273121E-04   4.54452059E-01
    15     2.1544E-03  -3.81277658E+02 +/-   8.67350315E-04   3.76220505E-01
    16     4.6416E-04  -3.81148229E+02 +/-   1.11379240E-03   6.20385848E-01
    17     1.0000E-04  -3.81112916E+02 +/-   1.24698194E-03   7.77631253E-01
    18     2.1544E-05  -3.81103075E+02 +/-   1.27676670E-03   8.15223091E-01
    19     4.6416E-06  -3.81100825E+02 +/-   1.28317043E-03   8.23421237E-01
    20     1.0000E-06  -3.81100334E+02 +/-   1.28454871E-03   8.25191101E-01
    21     0.0000E+00  -3.81100199E+02 +/-   1.28492710E-03   8.25677329E-01
* Iteration # 1: E =  -3.833497966882E+02 +/-   2.715611992205E-05
* Convergence: exiting.
* After optimization:
   1.3990E+00   8.6909E-01   1.3243E+00   3.8856E-01   3.4891E-01   6.8486E-01
  -4.1483E+00  -2.1541E+00  -2.1445E+00  -4.6694E-01  -4.5342E-01  -2.1080E+00
  -2.1024E+00  -2.4208E+00  -2.4180E+00  -2.0075E+00  -2.0028E+00   3.6319E-02
   3.3676E-02  -6.3080E-01  -3.1135E-01  -3.1373E-01  -2.7175E-01  -2.7277E-01
  -2.7184E-01  -2.7227E-01   1.3288E+00  -1.7732E+00  -3.8652E-01  -3.2506E-01
   2.2261E+01  -1.8123E+01   1.2721E+01  -1.0587E+01   3.3737E+00  -2.9000E+00
   3.3528E+00  -2.9144E+00   1.1132E+01  -9.0310E+00   1.2880E+01  -1.0448E+01
   1.1091E+01  -9.0693E+00   1.5443E+00  -1.5642E+00   3.4640E+00  -2.8361E+00
   1.7328E+00  -1.4165E+00   1.7020E+00  -1.4315E+00   1.7020E+00  -1.4312E+00
  -5.1482E-02  -6.6472E-02   3.5554E-02  -1.1173E-03   1.9537E-02   1.7479E+00
   2.3030E+00   1.8234E+00  -2.0715E-01  -3.7370E-01  -4.2518E-01  -2.9335E-01
   1.2593E-02  -7.1422E-02  -1.1434E-02   5.9504E-02   8.8647E-02   8.0917E-02
   7.3449E-02   2.0077E-02   1.4533E-03   2.8862E-03   2.7705E-02   1.8052E-01
   8.2403E-02  -3.5345E-02  -8.5328E-02  -1.2690E-02   6.2750E-03  -7.2350E-03
   2.2254E-02  -1.0487E-02   2.1448E-02   7.9347E-02   3.8246E-02   1.6636E-02
   2.2986E-02   2.3937E-02  -5.1111E-03   1.7059E-01  -7.1279E-02  -1.3336E-01
  -1.7462E-01  -1.2154E-01  -1.4799E-02  -2.7058E-02  -1.6615E-02   2.1552E-02
   2.0195E-02  -1.0139E-02   4.1065E-02   1.0193E-02   1.1073E-02   1.0951E-02
   6.3847E-03   6.1775E-02  -1.9006E-02  -5.2196E-02  -3.3740E-02  -1.0151E-02
  -1.7678E-02   6.3754E-03  -8.7868E-03  -1.4899E-02  -6.5175E-03  -3.2210E-03
   2.5671E-02   8.3530E-03   2.1757E-02   2.2324E-02  -9.4494E-03   6.0239E-02
  > Energy =  -3.833497966882E+02 +/-   2.715611992205E-05
  > varE =   3.687982202760E-04

VMC #8:
* Size of Hilbert space =   6.3504E+04
* Deterministic energy evaluation:
  > Deterministic Etot/t = -383.34972839635122
    - Ttot/t = -23.357851494229038
    - Utot/t = 9.5224687750480843
* Number of equil. steps   = 1000
* Running VMC equilibration.
  Done. [total walltime: 0.11s]
* Equil. acc.ratio (%)     =  11.2718
* Sample config after equilibration:
  +---------+
  |  u   u  |
  |d   2   d|
  |u   0   u|
  |  d   d  |
  +---------+
* Number of accum. steps   = 1000192 x 10
* Running VMC accumulation.
    [walltime: 1m elapsed, 44.5s remaining]
  Done. [total walltime: 1m44s]
* Acceptance ratio (%)     =  11.2509
* Etot/t                   =  -3.833497357363E+02 +/-   2.528475202479E-05
  > Ttot/t                 =  -2.335878106580E+01 +/-   5.189772684238E-04
  > Utot/t                 =   9.523391006586E+00 +/-   5.027472158166E-04
* var[Eloc/t]              =   3.572992649285E-04 +/-   3.946004779457E-06
* Correlation length       =   1.789652252071E+00
* log10 Psi^2 range: -14.637203857701369 -- -7.7023325911088234
* log10 Pgen range : -14.637203857701369 -- -7.7023325911088234
* Site occupation (ave. no. electrons per config.):
  > Site_  ___eu____  ___ed____
      1        0.499      0.498
      2        0.501      0.501
      3        0.500      0.500
      4        0.499      0.499
      5        0.500      0.499
      6        0.500      0.501
      7        0.501      0.501
      8        0.499      0.500
      9        0.500      0.500
     10        0.501      0.501
* Pair-correlation analysis (ave. no. pairs per config.):
  > Shell  nsite  ___dh____  __eueu___  __eued___
      0      1        0          0          1.707
      1      1        0.815      0.709      2.505
      2      1        0.283      0.638      1.119
      3      1        0.157      0.297      0.564
      4      1        0.544      1.340      2.193
      5      1        0.115      1.030      0.960
      6      1        0.142      0.839      1.110
      7      1        0.289      1.793      2.136
      8      1        0.239      2.118      1.893
      9      1        0.238      2.136      1.894
     10      1        0.219      2.172      1.860
     11      1        0.111      0.973      1.026
     12      1        0.224      2.064      1.942
     13      1        0.059      0.477      0.520
     14      1        0.177      1.429      1.558
     15      1        0.114      1.034      0.972
     16      1        0.121      0.950      1.042

Optimization #8:
* Method          : lls
* Target function : energy
* No. of configs. : 500096
* No. of params.  : 126
* Before optimization:
   1.3990E+00   8.6909E-01   1.3243E+00   3.8856E-01   3.4891E-01   6.8486E-01
  -4.1483E+00  -2.1541E+00  -2.1445E+00  -4.6694E-01  -4.5342E-01  -2.1080E+00
  -2.1024E+00  -2.4208E+00  -2.4180E+00  -2.0075E+00  -2.0028E+00   3.6319E-02
   3.3676E-02  -6.3080E-01  -3.1135E-01  -3.1373E-01  -2.7175E-01  -2.7277E-01
  -2.7184E-01  -2.7227E-01   1.3288E+00  -1.7732E+00  -3.8652E-01  -3.2506E-01
   2.2261E+01  -1.8123E+01   1.2721E+01  -1.0587E+01   3.3737E+00  -2.9000E+00
   3.3528E+00  -2.9144E+00   1.1132E+01  -9.0310E+00   1.2880E+01  -1.0448E+01
   1.1091E+01  -9.0693E+00   1.5443E+00  -1.5642E+00   3.4640E+00  -2.8361E+00
   1.7328E+00  -1.4165E+00   1.7020E+00  -1.4315E+00   1.7020E+00  -1.4312E+00
  -5.1482E-02  -6.6472E-02   3.5554E-02  -1.1173E-03   1.9537E-02   1.7479E+00
   2.3030E+00   1.8234E+00  -2.0715E-01  -3.7370E-01  -4.2518E-01  -2.9335E-01
   1.2593E-02  -7.1422E-02  -1.1434E-02   5.9504E-02   8.8647E-02   8.0917E-02
   7.3449E-02   2.0077E-02   1.4533E-03   2.8862E-03   2.7705E-02   1.8052E-01
   8.2403E-02  -3.5345E-02  -8.5328E-02  -1.2690E-02   6.2750E-03  -7.2350E-03
   2.2254E-02  -1.0487E-02   2.1448E-02   7.9347E-02   3.8246E-02   1.6636E-02
   2.2986E-02   2.3937E-02  -5.1111E-03   1.7059E-01  -7.1279E-02  -1.3336E-01
  -1.7462E-01  -1.2154E-01  -1.4799E-02  -2.7058E-02  -1.6615E-02   2.1552E-02
   2.0195E-02  -1.0139E-02   4.1065E-02   1.0193E-02   1.1073E-02   1.0951E-02
   6.3847E-03   6.1775E-02  -1.9006E-02  -5.2196E-02  -3.3740E-02  -1.0151E-02
  -1.7678E-02   6.3754E-03  -8.7868E-03  -1.4899E-02  -6.5175E-03  -3.2210E-03
   2.5671E-02   8.3530E-03   2.1757E-02   2.2324E-02  -9.4494E-03   6.0239E-02
  > E    =  -3.833497187333E+02 +/-   2.681682735999E-05
  > varE =   3.596401524819E-04
* Computing derivatives.
    [walltime: 1m2s elapsed, 1h29m remaining]
    [walltime: 1h elapsed, 30m31s remaining]
  Done. [total walltime: 1h30m]
* Optimizing manipulation constant:
  #igrid a___________ E____________________________________ varE____________
     1     Infinity    -3.83349719E+02 +/-   2.68168274E-05   3.59640152E-04
     2     1.0000E+06  -3.83349719E+02 +/-   2.68168190E-05   3.59639928E-04
     3     2.1544E+05  -3.83349719E+02 +/-   2.68167886E-05   3.59639113E-04
     4     4.6416E+04  -3.83349719E+02 +/-   2.68166499E-05   3.59635393E-04
     5     1.0000E+04  -3.83349719E+02 +/-   2.68160565E-05   3.59619477E-04
     6     2.1544E+03  -3.83349719E+02 +/-   2.68143818E-05   3.59574560E-04
     7     4.6416E+02  -3.83349718E+02 +/-   2.68296306E-05   3.59983643E-04
     8     1.0000E+02  -3.83349699E+02 +/-   2.73860831E-05   3.75070775E-04
     9     2.1544E+01  -3.83349078E+02 +/-   4.17481489E-05   8.71621289E-04
    10     4.6416E+00  -3.83312206E+02 +/-   2.46295132E-04   3.03364695E-02
    11     1.0000E+00  -3.82904695E+02 +/-   7.82824241E-04   3.06465726E-01
    12     2.1544E-01  -3.82528478E+02 +/-   9.80267294E-04   4.80554233E-01
    13     4.6416E-02  -3.82489475E+02 +/-   9.94111545E-04   4.94223755E-01
    14     1.0000E-02  -3.83164030E+02 +/-   5.32050392E-04   1.41565985E-01
    15     2.1544E-03  -3.80884854E+02 +/-   1.10647161E-03   6.12257246E-01
    16     4.6416E-04  -3.80887497E+02 +/-   1.10912064E-03   6.15192393E-01
    17     1.0000E-04  -3.80887839E+02 +/-   1.10967319E-03   6.15805510E-01
    18     2.1544E-05  -3.80887905E+02 +/-   1.10979209E-03   6.15937480E-01
    19     4.6416E-06  -3.80887919E+02 +/-   1.10981770E-03   6.15965911E-01
    20     1.0000E-06  -3.80887922E+02 +/-   1.10982322E-03   6.15972036E-01
    21     0.0000E+00  -3.80887923E+02 +/-   1.10982474E-03   6.15973718E-01
* Iteration # 1: E =  -3.833497188161E+02 +/-   2.681438176156E-05
* Convergence: exiting.
* After optimization:
   1.3961E+00   8.6615E-01   1.3214E+00   3.8852E-01   3.4887E-01   6.8486E-01
  -4.1483E+00  -2.1542E+00  -2.1445E+00  -4.6699E-01  -4.5348E-01  -2.1081E+00
  -2.1024E+00  -2.4208E+00  -2.4180E+00  -2.0075E+00  -2.0028E+00   3.6288E-02
   3.3645E-02  -6.3086E-01  -3.1138E-01  -3.1376E-01  -2.7178E-01  -2.7280E-01
  -2.7187E-01  -2.7230E-01   1.3289E+00  -1.7733E+00  -3.8651E-01  -3.2507E-01
   2.2262E+01  -1.8123E+01   1.2721E+01  -1.0588E+01   3.3740E+00  -2.9002E+00
   3.3531E+00  -2.9146E+00   1.1132E+01  -9.0311E+00   1.2880E+01  -1.0448E+01
   1.1091E+01  -9.0694E+00   1.5444E+00  -1.5643E+00   3.4643E+00  -2.8364E+00
   1.7330E+00  -1.4167E+00   1.7022E+00  -1.4316E+00   1.7021E+00  -1.4314E+00
  -5.1490E-02  -6.6485E-02   3.5560E-02  -1.1173E-03   1.9540E-02   1.7507E+00
   2.3066E+00   1.8262E+00  -2.0751E-01  -3.7432E-01  -4.2589E-01  -2.9384E-01
   1.2613E-02  -7.1505E-02  -1.1427E-02   5.9592E-02   8.8777E-02   8.1028E-02
   7.3591E-02   2.0109E-02   1.4530E-03   2.8887E-03   2.7741E-02   1.8087E-01
   8.2473E-02  -3.5453E-02  -8.5513E-02  -1.2751E-02   6.2901E-03  -7.2128E-03
   2.2314E-02  -1.0508E-02   2.1485E-02   7.9471E-02   3.8323E-02   1.6652E-02
   2.3012E-02   2.3965E-02  -5.1129E-03   1.7091E-01  -7.1291E-02  -1.3337E-01
  -1.7463E-01  -1.2155E-01  -1.4802E-02  -2.7042E-02  -1.6603E-02   2.1555E-02
   2.0190E-02  -1.0146E-02   4.1071E-02   1.0199E-02   1.1072E-02   1.0951E-02
   6.3794E-03   6.1795E-02  -1.9031E-02  -5.2217E-02  -3.3752E-02  -1.0165E-02
  -1.7679E-02   6.3937E-03  -8.7758E-03  -1.4896E-02  -6.5171E-03  -3.2227E-03
   2.5672E-02   8.3547E-03   2.1755E-02   2.2320E-02  -9.4491E-03   6.0252E-02
  > Energy =  -3.833497188161E+02 +/-   2.681438176156E-05
  > varE =   3.595745596900E-04

VMC #9:
* Size of Hilbert space =   6.3504E+04
* Deterministic energy evaluation:
  > Deterministic Etot/t = -383.34972847630064
    - Ttot/t = -23.357852455427640
    - Utot/t = 9.5224696562972273
* Number of equil. steps   = 1000
* Running VMC equilibration.
  Done. [total walltime: 0.12s]
* Equil. acc.ratio (%)     =  11.2467
* Sample config after equilibration:
  +---------+
  |  u   u  |
  |d   d   2|
  |2   0   u|
  |  0   d  |
  +---------+
* Number of accum. steps   = 1000192 x 10
* Running VMC accumulation.
    [walltime: 1m elapsed, 43.8s remaining]
  Done. [total walltime: 1m43s]
* Acceptance ratio (%)     =  11.2327
* Etot/t                   =  -3.833497052414E+02 +/-   2.541693657351E-05
  > Ttot/t                 =  -2.335814917390E+01 +/-   5.228277685103E-04
  > Utot/t                 =   9.522789609512E+00 +/-   5.067737890327E-04
* var[Eloc/t]              =   3.678417789266E-04 +/-   5.593718585078E-06
* Correlation length       =   1.756583231614E+00
* log10 Psi^2 range: -14.589586306085730 -- -7.7019916493808633
* log10 Pgen range : -14.589586306085730 -- -7.7019916493808633
* Site occupation (ave. no. electrons per config.):
  > Site_  ___eu____  ___ed____
      1        0.499      0.499
      2        0.501      0.501
      3        0.501      0.499
      4        0.499      0.498
      5        0.500      0.501
      6        0.499      0.500
      7        0.501      0.500
      8        0.499      0.502
      9        0.500      0.501
     10        0.500      0.499
* Pair-correlation analysis (ave. no. pairs per config.):
  > Shell  nsite  ___dh____  __eueu___  __eued___
      0      1        0          0          1.705
      1      1        0.812      0.710      2.508
      2      1        0.281      0.638      1.118
      3      1        0.157      0.297      0.564
      4      1        0.543      1.341      2.195
      5      1        0.115      1.030      0.963
      6      1        0.142      0.842      1.109
      7      1        0.287      1.793      2.135
      8      1        0.239      2.118      1.895
      9      1        0.239      2.133      1.890
     10      1        0.219      2.170      1.862
     11      1        0.110      0.976      1.027
     12      1        0.225      2.061      1.941
     13      1        0.058      0.477      0.520
     14      1        0.176      1.432      1.557
     15      1        0.114      1.032      0.970
     16      1        0.120      0.949      1.042

Optimization #9:
* Method          : lls
* Target function : energy
* No. of configs. : 500096
* No. of params.  : 126
* Before optimization:
   1.3961E+00   8.6615E-01   1.3214E+00   3.8852E-01   3.4887E-01   6.8486E-01
  -4.1483E+00  -2.1542E+00  -2.1445E+00  -4.6699E-01  -4.5348E-01  -2.1081E+00
  -2.1024E+00  -2.4208E+00  -2.4180E+00  -2.0075E+00  -2.0028E+00   3.6288E-02
   3.3645E-02  -6.3086E-01  -3.1138E-01  -3.1376E-01  -2.7178E-01  -2.7280E-01
  -2.7187E-01  -2.7230E-01   1.3289E+00  -1.7733E+00  -3.8651E-01  -3.2507E-01
   2.2262E+01  -1.8123E+01   1.2721E+01  -1.0588E+01   3.3740E+00  -2.9002E+00
   3.3531E+00  -2.9146E+00   1.1132E+01  -9.0311E+00   1.2880E+01  -1.0448E+01
   1.1091E+01  -9.0694E+00   1.5444E+00  -1.5643E+00   3.4643E+00  -2.8364E+00
   1.7330E+00  -1.4167E+00   1.7022E+00  -1.4316E+00   1.7021E+00  -1.4314E+00
  -5.1490E-02  -6.6485E-02   3.5560E-02  -1.1173E-03   1.9540E-02   1.7507E+00
   2.3066E+00   1.8262E+00  -2.0751E-01  -3.7432E-01  -4.2589E-01  -2.9384E-01
   1.2613E-02  -7.1505E-02  -1.1427E-02   5.9592E-02   8.8777E-02   8.1028E-02
   7.3591E-02   2.0109E-02   1.4530E-03   2.8887E-03   2.7741E-02   1.8087E-01
   8.2473E-02  -3.5453E-02  -8.5513E-02  -1.2751E-02   6.2901E-03  -7.2128E-03
   2.2314E-02  -1.0508E-02   2.1485E-02   7.9471E-02   3.8323E-02   1.6652E-02
   2.3012E-02   2.3965E-02  -5.1129E-03   1.7091E-01  -7.1291E-02  -1.3337E-01
  -1.7463E-01  -1.2155E-01  -1.4802E-02  -2.7042E-02  -1.6603E-02   2.1555E-02
   2.0190E-02  -1.0146E-02   4.1071E-02   1.0199E-02   1.1072E-02   1.0951E-02
   6.3794E-03   6.1795E-02  -1.9031E-02  -5.2217E-02  -3.3752E-02  -1.0165E-02
  -1.7679E-02   6.3937E-03  -8.7758E-03  -1.4896E-02  -6.5171E-03  -3.2227E-03
   2.5672E-02   8.3547E-03   2.1755E-02   2.2320E-02  -9.4491E-03   6.0252E-02
  > E    =  -3.833497103860E+02 +/-   2.734396967743E-05
  > varE =   3.739181173571E-04
* Computing derivatives.
    [walltime: 1m1s elapsed, 1h30m remaining]
    [walltime: 1h elapsed, 30m37s remaining]
  Done. [total walltime: 1h30m]
* Optimizing manipulation constant:
  #igrid a___________ E____________________________________ varE____________
     1     Infinity    -3.83349710E+02 +/-   2.73439697E-05   3.73918117E-04
     2     1.0000E+06  -3.83349710E+02 +/-   2.73439610E-05   3.73917879E-04
     3     2.1544E+05  -3.83349710E+02 +/-   2.73439292E-05   3.73917011E-04
     4     4.6416E+04  -3.83349710E+02 +/-   2.73437819E-05   3.73912983E-04
     5     1.0000E+04  -3.83349710E+02 +/-   2.73430998E-05   3.73894327E-04
     6     2.1544E+03  -3.83349711E+02 +/-   2.73399656E-05   3.73808618E-04
     7     4.6416E+02  -3.83349711E+02 +/-   2.73261049E-05   3.73429689E-04
     8     1.0000E+02  -3.83349713E+02 +/-   2.72762620E-05   3.72068659E-04
     9     2.1544E+01  -3.83349710E+02 +/-   2.73348045E-05   3.73667500E-04
    10     4.6416E+00  -3.83349462E+02 +/-   3.34641368E-05   5.60031731E-04
    11     1.0000E+00  -3.83339546E+02 +/-   1.32309071E-04   8.75452562E-03
    12     2.1544E-01  -3.83190976E+02 +/-   5.06892124E-04   1.28494479E-01
    13     4.6416E-02  -3.82186281E+02 +/-   1.07199067E-03   5.74692316E-01
    14     1.0000E-02  -3.82156947E+02 +/-   1.07883463E-03   5.82053812E-01
    15     2.1544E-03  -3.82150438E+02 +/-   1.02410519E-03   5.24496400E-01
    16     4.6416E-04  -3.82156891E+02 +/-   9.79842612E-04   4.80137941E-01
    17     1.0000E-04  -3.82158655E+02 +/-   9.70827266E-04   4.71343270E-01
    18     2.1544E-05  -3.82159048E+02 +/-   9.69056292E-04   4.69625200E-01
    19     4.6416E-06  -3.82159133E+02 +/-   9.68684684E-04   4.69265090E-01
    20     1.0000E-06  -3.82159151E+02 +/-   9.68605104E-04   4.69187991E-01
    21     0.0000E+00  -3.82159156E+02 +/-   9.68583285E-04   4.69166853E-01
* Iteration # 1: E =  -3.833497126428E+02 +/-   2.727626204481E-05
* Convergence: exiting.
* After optimization:
   1.3618E+00   8.3125E-01   1.2879E+00   3.9179E-01   3.5219E-01   6.8476E-01
  -4.1140E+00  -2.1336E+00  -2.1241E+00  -4.6027E-01  -4.4684E-01  -2.0909E+00
  -2.0852E+00  -2.4002E+00  -2.3975E+00  -1.9903E+00  -1.9856E+00   3.9611E-02
   3.6991E-02  -6.2413E-01  -3.0802E-01  -3.1040E-01  -2.6840E-01  -2.6942E-01
  -2.6849E-01  -2.6893E-01   1.3120E+00  -1.7597E+00  -3.8641E-01  -3.2505E-01
   2.2089E+01  -1.7985E+01   1.2617E+01  -1.0505E+01   3.3401E+00  -2.8730E+00
   3.3193E+00  -2.8874E+00   1.1045E+01  -8.9619E+00   1.2776E+01  -1.0365E+01
   1.1005E+01  -9.0002E+00   1.5274E+00  -1.5507E+00   3.4304E+00  -2.8093E+00
   1.7161E+00  -1.4031E+00   1.6852E+00  -1.4180E+00   1.6851E+00  -1.4178E+00
  -5.1672E-02  -6.6744E-02   3.5696E-02  -1.1162E-03   1.9602E-02   1.7397E+00
   2.2930E+00   1.8140E+00  -2.0680E-01  -3.7243E-01  -4.2404E-01  -2.9238E-01
   1.2613E-02  -7.0266E-02  -1.0744E-02   5.9050E-02   8.7978E-02   8.0182E-02
   7.3639E-02   1.9854E-02   1.4037E-03   2.8202E-03   2.7394E-02   1.8120E-01
   8.0675E-02  -3.6410E-02  -8.5874E-02  -1.3415E-02   6.4209E-03  -6.4598E-03
   2.2667E-02  -1.0439E-02   2.1474E-02   7.9155E-02   3.8552E-02   1.6320E-02
   2.2691E-02   2.3644E-02  -5.0276E-03   1.7110E-01  -7.1456E-02  -1.3350E-01
  -1.7466E-01  -1.2161E-01  -1.4842E-02  -2.6664E-02  -1.6298E-02   2.1565E-02
   2.0045E-02  -1.0313E-02   4.1136E-02   1.0290E-02   1.1050E-02   1.0933E-02
   6.2279E-03   6.2181E-02  -1.9541E-02  -5.2689E-02  -3.3941E-02  -1.0412E-02
  -1.7660E-02   6.7229E-03  -8.5735E-03  -1.4797E-02  -6.5061E-03  -3.1791E-03
   2.5734E-02   8.4217E-03   2.1717E-02   2.2272E-02  -9.5168E-03   6.0567E-02
  > Energy =  -3.833497126428E+02 +/-   2.727626204481E-05
  > varE =   3.720686590378E-04

VMC #10:
* Size of Hilbert space =   6.3504E+04
* Deterministic energy evaluation:
  > Deterministic Etot/t = -383.34973061105052
    - Ttot/t = -23.357883061704491
    - Utot/t = 9.5224981278242442
* Number of equil. steps   = 1000
* Running VMC equilibration.
  Done. [total walltime: 0.11s]
* Equil. acc.ratio (%)     =  11.3744
* Sample config after equilibration:
  +---------+
  |  0   0  |
  |2   d   d|
  |d   u   u|
  |  u   2  |
  +---------+
* Number of accum. steps   = 1000192 x 10
* Running VMC accumulation.
    [walltime: 1m elapsed, 44.8s remaining]
  Done. [total walltime: 1m44s]
* Acceptance ratio (%)     =  11.2664
* Etot/t                   =  -3.833497581980E+02 +/-   2.534052348594E-05
  > Ttot/t                 =  -2.335791470693E+01 +/-   5.312686555002E-04
  > Utot/t                 =   9.522502186185E+00 +/-   5.150113281047E-04
* var[Eloc/t]              =   3.558369845584E-04 +/-   2.342241450760E-06
* Correlation length       =   1.804942852210E+00
* log10 Psi^2 range: -14.348670175711337 -- -7.6949134929702927
* log10 Pgen range : -14.348670175711337 -- -7.6949134929702927
* Site occupation (ave. no. electrons per config.):
  > Site_  ___eu____  ___ed____
      1        0.498      0.498
      2        0.501      0.501
      3        0.500      0.500
      4        0.500      0.498
      5        0.500      0.500
      6        0.500      0.499
      7        0.500      0.501
      8        0.499      0.501
      9        0.501      0.501
     10        0.502      0.499
* Pair-correlation analysis (ave. no. pairs per config.):
  > Shell  nsite  ___dh____  __eueu___  __eued___
      0      1        0          0          1.706
      1      1        0.812      0.711      2.507
      2      1        0.281      0.638      1.121
      3      1        0.157      0.298      0.563
      4      1        0.545      1.339      2.194
      5      1        0.114      1.031      0.962
      6      1        0.141      0.842      1.111
      7      1        0.288      1.795      2.133
      8      1        0.241      2.113      1.895
      9      1        0.240      2.134      1.891
     10      1        0.219      2.173      1.858
     11      1        0.110      0.977      1.024
     12      1        0.224      2.059      1.946
     13      1        0.059      0.477      0.519
     14      1        0.177      1.430      1.557
     15      1        0.113      1.033      0.972
     16      1        0.121      0.950      1.041

VDAGGER finished.
Total VDAGGER walltime: 1d2h

Run ended: Sat Oct  4 13:50:42 CEST 2025
