Run started: Fri Oct  3 15:52:21 CEST 2025
Using VDAGGER_ARCH = gnu7_fkfamd_cluster
Running 1x128 MPI processes.

                               xx
                              +##
                               #X
                               Xx
                          X##XxXxxX##x
                           +   Xx  ++
                               ##
                              +##
                              +##
     ++++         ++          +##
   xX+++##+      ####         +##
  Xx    ###      +X##          ##
 xX    X##+        ##          #X
 +    x##X         #x          #X
      ###         +#           x+
     X##+         #+
     ###         Xx                    _______
     ##X       +X+   __________________VDAGGER
     +##x    +xX     2nd quantized variational
       +xxxxx+       ______quantum Monte Carlo

* Running 128 MPI processes.
* Input file: "input.casl"

############# Start of input file dump #############
General:
  Random seed: timer

Plan:
  VMC-optimization:
    Minimum cycles: 7
    Convergence cycles: 3

System:
  Read Hamiltonian: FCIDUMP_loc_naphthalene
  Read orbitals: LTSC_naphthalene
  Complex orbitals: F
  Site kinds: [ 1, 2, 3, 1, 3, 3, 2, 3, 2, 2 ]
  Geometry:
    r_1: [ 0.00000000000000, 1.34347620379600 ]
    r_4: [ 0.00000000000000, -1.34347620379600 ]
    r_3: [ 2.34629842880300, 2.63976101399600 ]
    r_5: [ -2.34629842880300, -2.63976101399600 ]
    r_6: [ -2.34629842880300, 2.63976101399600 ]
    r_8: [ 2.34629842880300, -2.63976101399600 ]
    r_9: [ 4.58120036880600, 1.33647725770700 ]
    r_2: [ -4.58120036880600, -1.33647725770700 ]
    r_7: [ -4.58120036880600, 1.33647725770700 ]
    r_10: [ 4.58120036880600, -1.33647725770700 ]
    Tolerance: 0.05

VMC:
  nstep: 1000000
  nconfig: 250000

Optimization:
  max_niter: 1

Jastrow: wfn.casl

Multideterminants: wfn.casl
############## End of input file dump ##############

General setup:
* Random seed: 326313757 (from timer)

* Loaded integrals for system with nelec=10, ms2=0, norb=10
* INFO: setting number of electrons from integrals file.
* Analysis of Hamiltonian connecitivity performed:
  - T_ii (local, 1-site): 10 (i) values
  - U_iiii [opp] (local, 1-site): 10 (i) values
  - U_kkii [opp] (local, 2-site): 90 contribs. from 10 (i) values
  - U_kkii [par] (local, 2-site): 45 contribs. from 9 (i) values
  - T_ji (single, 2-site): 90 contribs. from 10 (i) values
  - U_kkji [opp] (single, 2/3-site): 900 contribs. from 90 (i,j) pairs
  - U_kkji [par] (single, 3-site): 810 contribs. from 90 (i,j) pairs
  - U_lkji [opp] (double, 2/3/4-site): 8100 contribs. from 90 (i,j) pairs
  - U_lkji [par] (double, 4-site): 1740 contribs. from 72 (i,j) pairs
  - Max. no. wfn. ratios in Eloc: 1467
* Reading override orbitals from file "LTSC_naphthalene".
* Site labels:
  +--------------+
  |    6     3   |
  | 7     1     9|
  | 2     4    10|
  |    5     8   |
  +--------------+
* Read-in Site kinds:
  [ 1, 2, 3, 1, 3, 3, 2, 3, 2, 2 ]
  +---------+
  |  3   3  |
  |2   1   2|
  |2   1   2|
  |  3   3  |
  +---------+
* Maximum Site kind: 3
* Number of site-pair kinds with Tij=0: 0
* Automatically set Site pair kinds:
  Site 1: [ 0, -7, -4, 3, -8, -4, -9, 8, 9, -7 ]
  Site 2: [ -7, 0, 12, -9, 1, 10, 2, 14, 16, -15 ]
  Site 3: [ -4, 12, 0, -8, -11, 5, -13, -6, -1, 10 ]
  Site 4: [ 3, -9, -8, 0, -4, -8, -7, 4, 7, -9 ]
  Site 5: [ -8, 1, -11, -4, 0, 6, 10, -5, -12, -14 ]
  Site 6: [ -4, 10, 5, -8, 6, 0, 1, 11, 14, 12 ]
  Site 7: [ -9, 2, -13, -7, 10, 1, 0, -12, 15, -16 ]
  Site 8: [ 8, 14, -6, 4, -5, 11, -12, 0, 10, -1 ]
  Site 9: [ 9, 16, -1, 7, -12, 14, 15, 10, 0, -2 ]
  Site 10: [ -7, -15, 10, -9, -14, 12, -16, -1, -2, 0 ]
  For site 1 of kind 1:
  +--------------+
  |   -4    -4   |
  |-9     0     9|
  |-7     3    -7|
  |   -8     8   |
  +--------------+
  For site 2 of kind 2:
  +-------------------+
  |     10      12    |
  |  2      -7      16|
  |  0      -9     -15|
  |      1      14    |
  +-------------------+
  For site 3 of kind 3:
  +-------------------+
  |      5       0    |
  |-13      -4      -1|
  | 12      -8      10|
  |    -11      -6    |
  +-------------------+
* Maximum (unsigned) Site pair kind: 16
General system setup:
* Number of sites       : 10
* Number of electrons   : 10
* Spin imbalance MS2    : 0
* Filling               : 0.500000
* Number of orbitals in pool: 10
* Using real-valued orbitals
* Using double-precision arithmetic for orbitals

Trial wave function setup:
* Jastrow parameter file: "wfn.casl"
* Multideterminant parameter file: "wfn.casl"
* Not using a backflow transformation
* Not using wave function manipulation

VMC #1:
* Size of Hilbert space =   6.3504E+04
* Deterministic energy evaluation:
  > Deterministic Etot/t = -383.32354925760995
    - Ttot/t = -23.264178422241748
    - Utot/t = 9.4549748418021586
* Number of equil. steps   = 1000
* Running VMC equilibration.
  Done. [total walltime: 0.05s]
* Equil. acc.ratio (%)     =  22.3590
* Sample config after equilibration:
  +---------+
  |  d   d  |
  |0   u   u|
  |2   d   d|
  |  u   u  |
  +---------+
* Number of accum. steps   = 1000448 x 10
* Running VMC accumulation.
    [walltime: 1m elapsed, 2m44s remaining]
  Done. [total walltime: 3m46s]
* Acceptance ratio (%)     =  22.3075
* Etot/t                   =  -3.833235795276E+02 +/-   1.174229985171E-04
  > Ttot/t                 =  -2.326411359574E+01 +/-   4.089796600139E-04
  > Utot/t                 =   9.454879745296E+00 +/-   3.444745097751E-04
* var[Eloc/t]              =   1.368171127038E-02 +/-   1.273168391141E-04
* Correlation length       =   1.008231894686E+00
* log10 Psi^2 range: -16.052306495552649 -- -9.2389588995141327
* log10 Pgen range : -16.052306495552649 -- -9.2389588995141327
* Site occupation (ave. no. electrons per config.):
  > Site_  ___eu____  ___ed____
      1        0.496      0.497
      2        0.501      0.501
      3        0.501      0.499
      4        0.497      0.496
      5        0.501      0.502
      6        0.500      0.500
      7        0.502      0.502
      8        0.499      0.501
      9        0.501      0.503
     10        0.503      0.501
* Pair-correlation analysis (ave. no. pairs per config.):
  > Shell  nsite  ___dh____  __eueu___  __eued___
      0      1        0          0          1.481
      1      1        0.682      0.817      2.537
      2      1        0.267      0.618      1.152
      3      1        0.139      0.303      0.561
      4      1        0.476      1.312      2.246
      5      1        0.084      1.045      0.941
      6      1        0.090      0.821      1.169
      7      1        0.215      1.788      2.173
      8      1        0.182      2.118      1.869
      9      1        0.204      2.116      1.866
     10      1        0.169      2.155      1.867
     11      1        0.079      0.971      1.025
     12      1        0.157      2.065      1.961
     13      1        0.042      0.466      0.535
     14      1        0.127      1.400      1.606
     15      1        0.088      1.054      0.958
     16      1        0.092      0.951      1.053

Optimization #1:
* Method          : lls
* Target function : energy
* No. of configs. : 250112
* No. of params.  : 63
* Before optimization:
   2.6999E+00   2.7146E+00   2.7101E+00   7.7031E-01   7.7312E-01   1.0037E+00
  -5.9427E+00  -2.6011E+00  -2.6094E+00   2.6980E-01   1.0627E-01  -3.0142E+00
  -3.0139E+00  -3.0217E+00  -3.0234E+00  -2.8580E+00  -2.8610E+00   4.5341E-01
   4.5400E-01  -1.2805E-02   8.1999E-03   8.8797E-03   8.2780E-02   8.4153E-02
   8.2321E-02   8.4616E-02   1.8972E-02  -6.1903E-01  -3.6452E-01  -4.7432E-01
   3.1848E+01  -2.5859E+01   1.6043E+01  -1.3350E+01   3.7055E-01  -6.5859E-01
   4.4534E-01  -5.6487E-01   1.5934E+01  -1.2918E+01   1.6187E+01  -1.3179E+01
   1.5848E+01  -1.3032E+01   3.2527E-02  -5.4012E-01   5.2294E-01  -5.0715E-01
   2.5636E-01  -2.6579E-01   2.1578E-01  -2.9324E-01   2.1533E-01  -2.9309E-01
  -1.4553E-01  -1.2998E-01   9.6253E-02  -8.3739E-02   7.9228E-02  -7.9173E-02
   6.8390E-02   6.7780E-02  -6.7106E-02
  > E    =  -3.833236495948E+02 +/-   2.368852043279E-04
  > varE =   1.403493484257E-02
* Computing derivatives.
    [walltime: 1m1s elapsed, 22m42s remaining]
  Done. [total walltime: 22m54s]
* Optimizing manipulation constant:
  #igrid a___________ E____________________________________ varE____________
     1     Infinity    -3.83323650E+02 +/-   2.36885204E-04   1.40349348E-02
     2     1.0000E+06  -3.83323650E+02 +/-   2.36885106E-04   1.40349232E-02
     3     2.1544E+05  -3.83323650E+02 +/-   2.36884746E-04   1.40348806E-02
     4     4.6416E+04  -3.83323650E+02 +/-   2.36883078E-04   1.40346829E-02
     5     1.0000E+04  -3.83323652E+02 +/-   2.36875337E-04   1.40337657E-02
     6     2.1544E+03  -3.83323660E+02 +/-   2.36839415E-04   1.40295095E-02
     7     4.6416E+02  -3.83323699E+02 +/-   2.36672858E-04   1.40097840E-02
     8     1.0000E+02  -3.83323877E+02 +/-   2.35903613E-04   1.39188615E-02
     9     2.1544E+01  -3.83324679E+02 +/-   2.32413210E-04   1.35100248E-02
    10     4.6416E+00  -3.83327961E+02 +/-   2.17712489E-04   1.18549906E-02
    11     1.0000E+00  -3.83337334E+02 +/-   1.69927152E-04   7.22204326E-03
    12     2.1544E-01  -3.83347306E+02 +/-   9.65253955E-05   2.33033152E-03
    13     4.6416E-02  -3.83348055E+02 +/-   8.68797071E-05   1.88786626E-03
    14     1.0000E-02  -3.83347010E+02 +/-   9.66526879E-05   2.33648180E-03
    15     2.1544E-03  -3.83346658E+02 +/-   9.97587388E-05   2.48906610E-03
    16     4.6416E-04  -3.83346575E+02 +/-   1.00477916E-04   2.52508365E-03
    17     1.0000E-04  -3.83346557E+02 +/-   1.00635206E-04   2.53299543E-03
    18     2.1544E-05  -3.83346553E+02 +/-   1.00669202E-04   2.53470709E-03
    19     4.6416E-06  -3.83346552E+02 +/-   1.00676531E-04   2.53507619E-03
    20     1.0000E-06  -3.83346552E+02 +/-   1.00678111E-04   2.53515573E-03
    21     0.0000E+00  -3.83346552E+02 +/-   1.00678544E-04   2.53517757E-03
  ParMin   5.2489E-02  -3.83348154E+02 +/-   8.59195552E-05   1.84636930E-03
  # Using parabolic minimum
* Iteration # 1: E =  -3.833481543786E+02 +/-   8.591955521787E-05
* Reached maximum number of iterations: exiting.
* After optimization:
   4.1789E+00   4.1897E+00   4.1858E+00  -5.5153E+00  -5.5135E+00   8.1309E-01
   1.7810E+01   3.0492E+00   3.0410E+00  -1.2112E+01  -1.2105E+01   8.8518E+00
   8.8570E+00   2.7307E+00   2.7314E+00   8.9451E+00   8.9441E+00  -5.7736E+00
  -5.7731E+00  -1.2263E+01  -6.1328E+00  -6.1327E+00  -6.0966E+00  -6.0968E+00
  -6.0967E+00  -6.0950E+00   3.0654E+01  -2.5019E+01  -3.1609E-01  -3.6832E-01
  -8.7225E+01   6.9458E+01  -1.2852E+01   9.8796E+00   6.1668E+01  -4.9557E+01
   6.1707E+01  -4.9579E+01  -4.3590E+01   3.4754E+01  -1.2728E+01   9.9802E+00
  -4.3664E+01   3.4685E+01   3.0693E+01  -2.4973E+01   6.1781E+01  -4.9504E+01
   3.0890E+01  -2.4751E+01   3.0859E+01  -2.4756E+01   3.0860E+01  -2.4757E+01
  -6.7528E-02  -4.6369E-02   2.9325E-02  -2.4455E-02   6.7587E-03  -1.2836E-02
   7.0476E-03   2.7874E-03  -1.5508E-02
  > Energy =  -3.833481543786E+02 +/-   8.591955521787E-05
  > varE =   1.846369295246E-03

VMC #2:
* Size of Hilbert space =   6.3504E+04
* Deterministic energy evaluation:
  > Deterministic Etot/t = -383.34778271295517
    - Ttot/t = -23.369785124692328
    - Utot/t = 9.5363480889073458
* Number of equil. steps   = 1000
* Running VMC equilibration.
  Done. [total walltime: 0.05s]
* Equil. acc.ratio (%)     =  28.0363
* Sample config after equilibration:
  +---------+
  |  d   u  |
  |u   d   u|
  |u   u   d|
  |  d   d  |
  +---------+
* Number of accum. steps   = 1000448 x 10
* Running VMC accumulation.
    [walltime: 1m elapsed, 2m26s remaining]
  Done. [total walltime: 3m27s]
* Acceptance ratio (%)     =  28.0927
* Etot/t                   =  -3.833477806637E+02 +/-   4.279712395950E-05
  > Ttot/t                 =  -2.336912967260E+01 +/-   3.660200762920E-04
  > Utot/t                 =   9.535694685981E+00 +/-   3.667517141700E-04
* var[Eloc/t]              =   1.856492372799E-03 +/-   1.086100763780E-05
* Correlation length       =   9.870303805626E-01
* log10 Psi^2 range: -14.465490734915955 -- -8.0241176606289937
* log10 Pgen range : -14.465490734915955 -- -8.0241176606289937
* Site occupation (ave. no. electrons per config.):
  > Site_  ___eu____  ___ed____
      1        0.495      0.498
      2        0.502      0.502
      3        0.501      0.500
      4        0.497      0.496
      5        0.498      0.500
      6        0.500      0.501
      7        0.503      0.500
      8        0.501      0.500
      9        0.502      0.501
     10        0.500      0.502
* Pair-correlation analysis (ave. no. pairs per config.):
  > Shell  nsite  ___dh____  __eueu___  __eued___
      0      1        0          0          1.766
      1      1        0.851      0.729      2.459
      2      1        0.287      0.654      1.107
      3      1        0.163      0.299      0.549
      4      1        0.573      1.348      2.147
      5      1        0.123      1.018      0.980
      6      1        0.160      0.853      1.086
      7      1        0.310      1.806      2.102
      8      1        0.253      2.084      1.923
      9      1        0.248      2.111      1.917
     10      1        0.232      2.146      1.902
     11      1        0.124      0.988      1.010
     12      1        0.241      2.045      1.971
     13      1        0.063      0.483      0.515
     14      1        0.191      1.449      1.543
     15      1        0.122      1.026      0.983
     16      1        0.127      0.959      1.040

Optimization #2:
* Method          : lls
* Target function : energy
* No. of configs. : 250112
* No. of params.  : 63
* Before optimization:
   4.1789E+00   4.1897E+00   4.1858E+00  -5.5153E+00  -5.5135E+00   8.1309E-01
   1.7810E+01   3.0492E+00   3.0410E+00  -1.2112E+01  -1.2105E+01   8.8518E+00
   8.8570E+00   2.7307E+00   2.7314E+00   8.9451E+00   8.9441E+00  -5.7736E+00
  -5.7731E+00  -1.2263E+01  -6.1328E+00  -6.1327E+00  -6.0966E+00  -6.0968E+00
  -6.0967E+00  -6.0950E+00   3.0654E+01  -2.5019E+01  -3.1609E-01  -3.6832E-01
  -8.7225E+01   6.9458E+01  -1.2852E+01   9.8796E+00   6.1668E+01  -4.9557E+01
   6.1707E+01  -4.9579E+01  -4.3590E+01   3.4754E+01  -1.2728E+01   9.9802E+00
  -4.3664E+01   3.4685E+01   3.0693E+01  -2.4973E+01   6.1781E+01  -4.9504E+01
   3.0890E+01  -2.4751E+01   3.0859E+01  -2.4756E+01   3.0860E+01  -2.4757E+01
  -6.7528E-02  -4.6369E-02   2.9325E-02  -2.4455E-02   6.7587E-03  -1.2836E-02
   7.0476E-03   2.7874E-03  -1.5508E-02
  > E    =  -3.833478691017E+02 +/-   8.555112712921E-05
  > varE =   1.830568565749E-03
* Computing derivatives.
    [walltime: 1m1s elapsed, 22m41s remaining]
  Done. [total walltime: 22m33s]
* Optimizing manipulation constant:
  #igrid a___________ E____________________________________ varE____________
     1     Infinity    -3.83347869E+02 +/-   8.55511271E-05   1.83056857E-03
     2     1.0000E+06  -3.83347869E+02 +/-   8.55511037E-05   1.83056756E-03
     3     2.1544E+05  -3.83347869E+02 +/-   8.55510183E-05   1.83056391E-03
     4     4.6416E+04  -3.83347869E+02 +/-   8.55506219E-05   1.83054694E-03
     5     1.0000E+04  -3.83347869E+02 +/-   8.55487821E-05   1.83046821E-03
     6     2.1544E+03  -3.83347870E+02 +/-   8.55402473E-05   1.83010299E-03
     7     4.6416E+02  -3.83347872E+02 +/-   8.55007285E-05   1.82841240E-03
     8     1.0000E+02  -3.83347881E+02 +/-   8.53193526E-05   1.82066327E-03
     9     2.1544E+01  -3.83347924E+02 +/-   8.45194727E-05   1.78668539E-03
    10     4.6416E+00  -3.83348085E+02 +/-   8.15325761E-05   1.66263477E-03
    11     1.0000E+00  -3.83348452E+02 +/-   7.50806318E-05   1.40990668E-03
    12     2.1544E-01  -3.83348742E+02 +/-   7.11081781E-05   1.26465956E-03
    13     4.6416E-02  -3.83348772E+02 +/-   7.15334099E-05   1.27983029E-03
    14     1.0000E-02  -3.83348756E+02 +/-   7.20835855E-05   1.29959278E-03
    15     2.1544E-03  -3.83348751E+02 +/-   7.22389001E-05   1.30519914E-03
    16     4.6416E-04  -3.83348750E+02 +/-   7.22695572E-05   1.30630719E-03
    17     1.0000E-04  -3.83348749E+02 +/-   7.22746366E-05   1.30649082E-03
    18     2.1544E-05  -3.83348749E+02 +/-   7.22755578E-05   1.30652413E-03
    19     4.6416E-06  -3.83348749E+02 +/-   7.22757458E-05   1.30653092E-03
    20     1.0000E-06  -3.83348749E+02 +/-   7.22757858E-05   1.30653237E-03
    21     0.0000E+00  -3.83348749E+02 +/-   7.22757968E-05   1.30653276E-03
* Iteration # 1: E =  -3.833487724769E+02 +/-   7.153340989100E-05
* Reached maximum number of iterations: exiting.
* After optimization:
  -6.9553E-01  -6.9446E-01  -6.9365E-01  -4.3357E+00  -4.3360E+00   7.0824E-01
   1.8042E+01   4.3936E+00   4.3891E+00  -9.5758E+00  -9.6250E+00   8.9309E+00
   8.9351E+00   4.0996E+00   4.0994E+00   9.0097E+00   9.0103E+00  -4.5882E+00
  -4.5889E+00  -9.7206E+00  -4.8638E+00  -4.8633E+00  -4.8341E+00  -4.8349E+00
  -4.8350E+00  -4.8352E+00   2.4237E+01  -1.9836E+01  -2.9687E-01  -3.2325E-01
  -8.8550E+01   7.0535E+01  -1.9916E+01   1.5568E+01   4.8859E+01  -3.9286E+01
   4.8912E+01  -3.9280E+01  -4.4234E+01   3.5307E+01  -1.9775E+01   1.5667E+01
  -4.4294E+01   3.5263E+01   2.4330E+01  -1.9775E+01   4.8965E+01  -3.9237E+01
   2.4484E+01  -1.9618E+01   2.4457E+01  -1.9619E+01   2.4457E+01  -1.9619E+01
  -8.5905E-02  -6.3824E-02   4.0624E-02  -3.5483E-02   2.2222E-02  -3.9534E-02
   1.5548E-02   4.2312E-03  -2.3216E-02
  > Energy =  -3.833487724769E+02 +/-   7.153340989100E-05
  > varE =   1.279830289876E-03

VMC #3:
* Size of Hilbert space =   6.3504E+04
* Deterministic energy evaluation:
  > Deterministic Etot/t = -383.34867648650192
    - Ttot/t = -23.364812472548003
    - Utot/t = 9.5304816632164151
* Number of equil. steps   = 1000
* Running VMC equilibration.
  Done. [total walltime: 0.05s]
* Equil. acc.ratio (%)     =  27.9098
* Sample config after equilibration:
  +---------+
  |  0   u  |
  |2   d   d|
  |2   u   u|
  |  0   d  |
  +---------+
* Number of accum. steps   = 1000448 x 10
* Running VMC accumulation.
    [walltime: 1m elapsed, 2m26s remaining]
  Done. [total walltime: 3m26s]
* Acceptance ratio (%)     =  27.8471
* Etot/t                   =  -3.833486362211E+02 +/-   3.904797271495E-05
  > Ttot/t                 =  -2.336489208491E+01 +/-   3.702330680451E-04
  > Utot/t                 =   9.530601540940E+00 +/-   3.687503442852E-04
* var[Eloc/t]              =   1.511093019825E-03 +/-   7.167294610556E-05
* Correlation length       =   1.009486006833E+00
* log10 Psi^2 range: -13.529220140666705 -- -6.9390806067442661
* log10 Pgen range : -13.529220140666705 -- -6.9390806067442661
* Site occupation (ave. no. electrons per config.):
  > Site_  ___eu____  ___ed____
      1        0.496      0.496
      2        0.500      0.502
      3        0.501      0.500
      4        0.497      0.498
      5        0.501      0.500
      6        0.499      0.502
      7        0.504      0.500
      8        0.501      0.499
      9        0.502      0.501
     10        0.500      0.503
* Pair-correlation analysis (ave. no. pairs per config.):
  > Shell  nsite  ___dh____  __eueu___  __eued___
      0      1        0          0          1.745
      1      1        0.832      0.723      2.484
      2      1        0.288      0.648      1.110
      3      1        0.164      0.295      0.552
      4      1        0.559      1.339      2.169
      5      1        0.119      1.030      0.966
      6      1        0.146      0.846      1.107
      7      1        0.302      1.795      2.120
      8      1        0.250      2.102      1.897
      9      1        0.251      2.119      1.896
     10      1        0.228      2.161      1.880
     11      1        0.114      0.979      1.026
     12      1        0.235      2.061      1.949
     13      1        0.062      0.479      0.519
     14      1        0.183      1.436      1.557
     15      1        0.120      1.035      0.974
     16      1        0.123      0.954      1.049

Optimization #3:
* Method          : lls
* Target function : energy
* No. of configs. : 250112
* No. of params.  : 63
* Before optimization:
  -6.9553E-01  -6.9446E-01  -6.9365E-01  -4.3357E+00  -4.3360E+00   7.0824E-01
   1.8042E+01   4.3936E+00   4.3891E+00  -9.5758E+00  -9.6250E+00   8.9309E+00
   8.9351E+00   4.0996E+00   4.0994E+00   9.0097E+00   9.0103E+00  -4.5882E+00
  -4.5889E+00  -9.7206E+00  -4.8638E+00  -4.8633E+00  -4.8341E+00  -4.8349E+00
  -4.8350E+00  -4.8352E+00   2.4237E+01  -1.9836E+01  -2.9687E-01  -3.2325E-01
  -8.8550E+01   7.0535E+01  -1.9916E+01   1.5568E+01   4.8859E+01  -3.9286E+01
   4.8912E+01  -3.9280E+01  -4.4234E+01   3.5307E+01  -1.9775E+01   1.5667E+01
  -4.4294E+01   3.5263E+01   2.4330E+01  -1.9775E+01   4.8965E+01  -3.9237E+01
   2.4484E+01  -1.9618E+01   2.4457E+01  -1.9619E+01   2.4457E+01  -1.9619E+01
  -8.5905E-02  -6.3824E-02   4.0624E-02  -3.5483E-02   2.2222E-02  -3.9534E-02
   1.5548E-02   4.2312E-03  -2.3216E-02
  > E    =  -3.833485790701E+02 +/-   7.873432976466E-05
  > varE =   1.550467969477E-03
* Computing derivatives.
    [walltime: 1m1s elapsed, 22m29s remaining]
  Done. [total walltime: 22m47s]
* Optimizing manipulation constant:
  #igrid a___________ E____________________________________ varE____________
     1     Infinity    -3.83348579E+02 +/-   7.87343298E-05   1.55046797E-03
     2     1.0000E+06  -3.83348579E+02 +/-   7.87343207E-05   1.55046761E-03
     3     2.1544E+05  -3.83348579E+02 +/-   7.87342875E-05   1.55046630E-03
     4     4.6416E+04  -3.83348579E+02 +/-   7.87341335E-05   1.55046024E-03
     5     1.0000E+04  -3.83348579E+02 +/-   7.87334189E-05   1.55043210E-03
     6     2.1544E+03  -3.83348579E+02 +/-   7.87301041E-05   1.55030155E-03
     7     4.6416E+02  -3.83348579E+02 +/-   7.87147608E-05   1.54969735E-03
     8     1.0000E+02  -3.83348581E+02 +/-   7.86444571E-05   1.54693037E-03
     9     2.1544E+01  -3.83348587E+02 +/-   7.83367066E-05   1.53484720E-03
    10     4.6416E+00  -3.83348609E+02 +/-   7.72212267E-05   1.49144733E-03
    11     1.0000E+00  -3.83348642E+02 +/-   7.49617458E-05   1.40544519E-03
    12     2.1544E-01  -3.83348646E+02 +/-   7.32780001E-05   1.34301773E-03
    13     4.6416E-02  -3.83348631E+02 +/-   7.27382473E-05   1.32330573E-03
    14     1.0000E-02  -3.83348621E+02 +/-   7.26231540E-05   1.31912133E-03
    15     2.1544E-03  -3.83348615E+02 +/-   7.25904172E-05   1.31793234E-03
    16     4.6416E-04  -3.83348607E+02 +/-   7.26217449E-05   1.31907014E-03
    17     1.0000E-04  -3.83348604E+02 +/-   7.26496680E-05   1.32008470E-03
    18     2.1544E-05  -3.83348603E+02 +/-   7.26576386E-05   1.32037437E-03
    19     4.6416E-06  -3.83348603E+02 +/-   7.26594594E-05   1.32044055E-03
    20     1.0000E-06  -3.83348603E+02 +/-   7.26598567E-05   1.32045499E-03
    21     0.0000E+00  -3.83348603E+02 +/-   7.26599661E-05   1.32045897E-03
* Iteration # 1: E =  -3.833486456324E+02 +/-   7.327800013358E-05
* Reached maximum number of iterations: exiting.
* After optimization:
  -1.1079E+00  -1.1068E+00  -1.1073E+00  -4.1897E+00  -4.1883E+00   7.4267E-01
   1.7864E+01   4.4316E+00   4.4269E+00  -9.3386E+00  -9.3890E+00   8.8535E+00
   8.8568E+00   4.1301E+00   4.1297E+00   8.9354E+00   8.9343E+00  -4.4505E+00
  -4.4508E+00  -9.4957E+00  -4.7483E+00  -4.7481E+00  -4.7139E+00  -4.7154E+00
  -4.7144E+00  -4.7147E+00   2.3652E+01  -1.9400E+01  -3.2301E-01  -3.3214E-01
  -8.7613E+01   6.9776E+01  -2.0017E+01   1.5633E+01   4.7730E+01  -3.8398E+01
   4.7776E+01  -3.8385E+01  -4.3774E+01   3.4924E+01  -1.9873E+01   1.5735E+01
  -4.3837E+01   3.4880E+01   2.3751E+01  -1.9333E+01   4.7841E+01  -3.8342E+01
   2.3922E+01  -1.9172E+01   2.3893E+01  -1.9175E+01   2.3893E+01  -1.9174E+01
  -8.7265E-02  -6.5210E-02   3.7564E-02  -3.0071E-02   1.9006E-02  -3.1894E-02
   1.6097E-02   7.0771E-03  -2.5654E-02
  > Energy =  -3.833486456324E+02 +/-   7.327800013358E-05
  > varE =   1.343017728408E-03

VMC #4:
* Size of Hilbert space =   6.3504E+04
* Deterministic energy evaluation:
  > Deterministic Etot/t = -383.34867947796346
    - Ttot/t = -23.365506956732268
    - Utot/t = 9.5311731559391006
* Number of equil. steps   = 1000
* Running VMC equilibration.
  Done. [total walltime: 0.05s]
* Equil. acc.ratio (%)     =  27.9690
* Sample config after equilibration:
  +---------+
  |  d   u  |
  |u   d   0|
  |2   2   2|
  |  0   0  |
  +---------+
* Number of accum. steps   = 1000448 x 10
* Running VMC accumulation.
    [walltime: 1m elapsed, 2m25s remaining]
  Done. [total walltime: 3m25s]
* Acceptance ratio (%)     =  27.8579
* Etot/t                   =  -3.833486998798E+02 +/-   3.625326934554E-05
  > Ttot/t                 =  -2.336515518666E+01 +/-   3.665388554491E-04
  > Utot/t                 =   9.530800984006E+00 +/-   3.649959639137E-04
* var[Eloc/t]              =   1.316220292251E-03 +/-   2.626268101864E-05
* Correlation length       =   9.989880509927E-01
* log10 Psi^2 range: -14.768797306079879 -- -7.2389456514645305
* log10 Pgen range : -14.768797306079879 -- -7.2389456514645305
* Site occupation (ave. no. electrons per config.):
  > Site_  ___eu____  ___ed____
      1        0.498      0.495
      2        0.501      0.502
      3        0.500      0.500
      4        0.497      0.497
      5        0.500      0.500
      6        0.500      0.502
      7        0.503      0.500
      8        0.499      0.499
      9        0.501      0.501
     10        0.502      0.502
* Pair-correlation analysis (ave. no. pairs per config.):
  > Shell  nsite  ___dh____  __eueu___  __eued___
      0      1        0          0          1.750
      1      1        0.837      0.721      2.480
      2      1        0.289      0.648      1.112
      3      1        0.164      0.296      0.551
      4      1        0.561      1.341      2.165
      5      1        0.120      1.026      0.966
      6      1        0.148      0.846      1.104
      7      1        0.302      1.799      2.119
      8      1        0.249      2.099      1.901
      9      1        0.250      2.118      1.902
     10      1        0.229      2.162      1.879
     11      1        0.116      0.978      1.023
     12      1        0.235      2.059      1.954
     13      1        0.061      0.479      0.519
     14      1        0.185      1.440      1.555
     15      1        0.122      1.033      0.974
     16      1        0.124      0.956      1.048

Optimization #4:
* Method          : lls
* Target function : energy
* No. of configs. : 250112
* No. of params.  : 63
* Before optimization:
  -1.1079E+00  -1.1068E+00  -1.1073E+00  -4.1897E+00  -4.1883E+00   7.4267E-01
   1.7864E+01   4.4316E+00   4.4269E+00  -9.3386E+00  -9.3890E+00   8.8535E+00
   8.8568E+00   4.1301E+00   4.1297E+00   8.9354E+00   8.9343E+00  -4.4505E+00
  -4.4508E+00  -9.4957E+00  -4.7483E+00  -4.7481E+00  -4.7139E+00  -4.7154E+00
  -4.7144E+00  -4.7147E+00   2.3652E+01  -1.9400E+01  -3.2301E-01  -3.3214E-01
  -8.7613E+01   6.9776E+01  -2.0017E+01   1.5633E+01   4.7730E+01  -3.8398E+01
   4.7776E+01  -3.8385E+01  -4.3774E+01   3.4924E+01  -1.9873E+01   1.5735E+01
  -4.3837E+01   3.4880E+01   2.3751E+01  -1.9333E+01   4.7841E+01  -3.8342E+01
   2.3922E+01  -1.9172E+01   2.3893E+01  -1.9175E+01   2.3893E+01  -1.9174E+01
  -8.7265E-02  -6.5210E-02   3.7564E-02  -3.0071E-02   1.9006E-02  -3.1894E-02
   1.6097E-02   7.0771E-03  -2.5654E-02
  > E    =  -3.833487086075E+02 +/-   7.373712139425E-05
  > varE =   1.359899730142E-03
* Computing derivatives.
    [walltime: 1m elapsed, 21m31s remaining]
  Done. [total walltime: 22m37s]
* Optimizing manipulation constant:
  #igrid a___________ E____________________________________ varE____________
     1     Infinity    -3.83348709E+02 +/-   7.37371214E-05   1.35989973E-03
     2     1.0000E+06  -3.83348709E+02 +/-   7.37371205E-05   1.35989970E-03
     3     2.1544E+05  -3.83348709E+02 +/-   7.37371175E-05   1.35989958E-03
     4     4.6416E+04  -3.83348709E+02 +/-   7.37371031E-05   1.35989906E-03
     5     1.0000E+04  -3.83348709E+02 +/-   7.37370366E-05   1.35989660E-03
     6     2.1544E+03  -3.83348709E+02 +/-   7.37367279E-05   1.35988522E-03
     7     4.6416E+02  -3.83348709E+02 +/-   7.37352997E-05   1.35983254E-03
     8     1.0000E+02  -3.83348709E+02 +/-   7.37287698E-05   1.35959170E-03
     9     2.1544E+01  -3.83348710E+02 +/-   7.37004708E-05   1.35854821E-03
    10     4.6416E+00  -3.83348715E+02 +/-   7.36028342E-05   1.35495105E-03
    11     1.0000E+00  -3.83348722E+02 +/-   7.34515427E-05   1.34938654E-03
    12     2.1544E-01  -3.83348722E+02 +/-   7.34574154E-05   1.34960232E-03
    13     4.6416E-02  -3.83348718E+02 +/-   7.35289959E-05   1.35223384E-03
    14     1.0000E-02  -3.83348716E+02 +/-   7.35910503E-05   1.35451722E-03
    15     2.1544E-03  -3.83348706E+02 +/-   7.41307780E-05   1.37445854E-03
    16     4.6416E-04  -3.83348591E+02 +/-   7.74387579E-05   1.49986194E-03
    17     1.0000E-04  -3.83348044E+02 +/-   8.91077420E-05   1.98593672E-03
    18     2.1544E-05  -3.83347401E+02 +/-   1.00474758E-04   2.52492493E-03
    19     4.6416E-06  -3.83347141E+02 +/-   1.04639917E-04   2.73860438E-03
    20     1.0000E-06  -3.83347075E+02 +/-   1.05667873E-04   2.79267543E-03
    21     0.0000E+00  -3.83347057E+02 +/-   1.05959362E-04   2.80810407E-03
  ParMin   4.5910E-01  -3.83348723E+02 +/-   7.34316222E-05   1.34865471E-03
  # Using parabolic minimum
* Iteration # 1: E =  -3.833487232161E+02 +/-   7.343162224030E-05
* Reached maximum number of iterations: exiting.
* After optimization:
  -1.1656E+00  -1.1643E+00  -1.1654E+00  -4.1824E+00  -4.1807E+00   7.3632E-01
   1.7892E+01   4.4578E+00   4.4538E+00  -9.3092E+00  -9.3609E+00   8.8660E+00
   8.8697E+00   4.1570E+00   4.1570E+00   8.9475E+00   8.9468E+00  -4.4412E+00
  -4.4417E+00  -9.4700E+00  -4.7359E+00  -4.7359E+00  -4.7012E+00  -4.7016E+00
  -4.7015E+00  -4.7018E+00   2.3584E+01  -1.9338E+01  -3.1783E-01  -3.2940E-01
  -8.7768E+01   6.9904E+01  -2.0166E+01   1.5755E+01   4.7588E+01  -3.8284E+01
   4.7634E+01  -3.8270E+01  -4.3851E+01   3.4989E+01  -2.0022E+01   1.5857E+01
  -4.3914E+01   3.4944E+01   2.3681E+01  -1.9273E+01   4.7699E+01  -3.8225E+01
   2.3851E+01  -1.9113E+01   2.3821E+01  -1.9117E+01   2.3821E+01  -1.9117E+01
  -8.6461E-02  -6.5454E-02   3.8659E-02  -3.3766E-02   1.9984E-02  -3.3109E-02
   1.5936E-02   4.9426E-03  -2.3876E-02
  > Energy =  -3.833487232161E+02 +/-   7.343162224030E-05
  > varE =   1.348654712963E-03

VMC #5:
* Size of Hilbert space =   6.3504E+04
* Deterministic energy evaluation:
  > Deterministic Etot/t = -383.34869103971204
    - Ttot/t = -23.365344462765236
    - Utot/t = 9.5309991002235019
* Number of equil. steps   = 1000
* Running VMC equilibration.
  Done. [total walltime: 0.05s]
* Equil. acc.ratio (%)     =  27.8566
* Sample config after equilibration:
  +---------+
  |  u   u  |
  |0   2   u|
  |2   0   d|
  |  d   d  |
  +---------+
* Number of accum. steps   = 1000448 x 10
* Running VMC accumulation.
    [walltime: 1m elapsed, 2m24s remaining]
  Done. [total walltime: 3m24s]
* Acceptance ratio (%)     =  27.8421
* Etot/t                   =  -3.833486867723E+02 +/-   3.746823343886E-05
  > Ttot/t                 =  -2.336495703878E+01 +/-   3.680106748834E-04
  > Utot/t                 =   9.530615943618E+00 +/-   3.669453650435E-04
* var[Eloc/t]              =   1.388943696534E-03 +/-   3.304677467652E-05
* Correlation length       =   1.011198260685E+00
* log10 Psi^2 range: -13.491445783768054 -- -7.1777389290462965
* log10 Pgen range : -13.491445783768054 -- -7.1777389290462965
* Site occupation (ave. no. electrons per config.):
  > Site_  ___eu____  ___ed____
      1        0.496      0.496
      2        0.503      0.502
      3        0.500      0.500
      4        0.497      0.497
      5        0.499      0.501
      6        0.502      0.500
      7        0.500      0.501
      8        0.502      0.501
      9        0.501      0.502
     10        0.501      0.501
* Pair-correlation analysis (ave. no. pairs per config.):
  > Shell  nsite  ___dh____  __eueu___  __eued___
      0      1        0          0          1.748
      1      1        0.841      0.717      2.482
      2      1        0.290      0.648      1.109
      3      1        0.164      0.294      0.551
      4      1        0.558      1.344      2.166
      5      1        0.120      1.028      0.967
      6      1        0.147      0.848      1.105
      7      1        0.304      1.796      2.116
      8      1        0.250      2.097      1.903
      9      1        0.251      2.118      1.898
     10      1        0.227      2.164      1.882
     11      1        0.115      0.982      1.024
     12      1        0.236      2.059      1.955
     13      1        0.062      0.478      0.516
     14      1        0.184      1.442      1.559
     15      1        0.123      1.033      0.972
     16      1        0.125      0.954      1.046

Optimization #5:
* Method          : lls
* Target function : energy
* No. of configs. : 250112
* No. of params.  : 63
* Before optimization:
  -1.1656E+00  -1.1643E+00  -1.1654E+00  -4.1824E+00  -4.1807E+00   7.3632E-01
   1.7892E+01   4.4578E+00   4.4538E+00  -9.3092E+00  -9.3609E+00   8.8660E+00
   8.8697E+00   4.1570E+00   4.1570E+00   8.9475E+00   8.9468E+00  -4.4412E+00
  -4.4417E+00  -9.4700E+00  -4.7359E+00  -4.7359E+00  -4.7012E+00  -4.7016E+00
  -4.7015E+00  -4.7018E+00   2.3584E+01  -1.9338E+01  -3.1783E-01  -3.2940E-01
  -8.7768E+01   6.9904E+01  -2.0166E+01   1.5755E+01   4.7588E+01  -3.8284E+01
   4.7634E+01  -3.8270E+01  -4.3851E+01   3.4989E+01  -2.0022E+01   1.5857E+01
  -4.3914E+01   3.4944E+01   2.3681E+01  -1.9273E+01   4.7699E+01  -3.8225E+01
   2.3851E+01  -1.9113E+01   2.3821E+01  -1.9117E+01   2.3821E+01  -1.9117E+01
  -8.6461E-02  -6.5454E-02   3.8659E-02  -3.3766E-02   1.9984E-02  -3.3109E-02
   1.5936E-02   4.9426E-03  -2.3876E-02
  > E    =  -3.833486124139E+02 +/-   7.228856177705E-05
  > varE =   1.306994312199E-03
* Computing derivatives.
    [walltime: 1m1s elapsed, 22m22s remaining]
  Done. [total walltime: 22m19s]
* Optimizing manipulation constant:
  #igrid a___________ E____________________________________ varE____________
     1     Infinity    -3.83348612E+02 +/-   7.22885618E-05   1.30699431E-03
     2     1.0000E+06  -3.83348612E+02 +/-   7.22885613E-05   1.30699430E-03
     3     2.1544E+05  -3.83348612E+02 +/-   7.22885597E-05   1.30699424E-03
     4     4.6416E+04  -3.83348612E+02 +/-   7.22885521E-05   1.30699396E-03
     5     1.0000E+04  -3.83348612E+02 +/-   7.22885169E-05   1.30699269E-03
     6     2.1544E+03  -3.83348612E+02 +/-   7.22883536E-05   1.30698678E-03
     7     4.6416E+02  -3.83348612E+02 +/-   7.22875971E-05   1.30695943E-03
     8     1.0000E+02  -3.83348613E+02 +/-   7.22841203E-05   1.30683371E-03
     9     2.1544E+01  -3.83348613E+02 +/-   7.22686971E-05   1.30627610E-03
    10     4.6416E+00  -3.83348614E+02 +/-   7.22098225E-05   1.30414861E-03
    11     1.0000E+00  -3.83348617E+02 +/-   7.20762896E-05   1.29932972E-03
    12     2.1544E-01  -3.83348615E+02 +/-   7.19954429E-05   1.29641649E-03
    13     4.6416E-02  -3.83348610E+02 +/-   7.20160763E-05   1.29715968E-03
    14     1.0000E-02  -3.83348606E+02 +/-   7.20329335E-05   1.29776702E-03
    15     2.1544E-03  -3.83348597E+02 +/-   7.20878237E-05   1.29974561E-03
    16     4.6416E-04  -3.83348580E+02 +/-   7.22377876E-05   1.30515894E-03
    17     1.0000E-04  -3.83348572E+02 +/-   7.23173828E-05   1.30803670E-03
    18     2.1544E-05  -3.83348570E+02 +/-   7.23386460E-05   1.30880601E-03
    19     4.6416E-06  -3.83348570E+02 +/-   7.23434462E-05   1.30897971E-03
    20     1.0000E-06  -3.83348570E+02 +/-   7.23444909E-05   1.30901752E-03
    21     0.0000E+00  -3.83348570E+02 +/-   7.23447784E-05   1.30902792E-03
* Iteration # 1: E =  -3.833486169406E+02 +/-   7.207628957624E-05
* Reached maximum number of iterations: exiting.
* After optimization:
  -1.1538E+00  -1.1539E+00  -1.1542E+00  -4.1849E+00  -4.1839E+00   7.3368E-01
   1.7893E+01   4.4566E+00   4.4528E+00  -9.3093E+00  -9.3624E+00   8.8647E+00
   8.8689E+00   4.1566E+00   4.1572E+00   8.9453E+00   8.9450E+00  -4.4428E+00
  -4.4435E+00  -9.4678E+00  -4.7348E+00  -4.7352E+00  -4.7005E+00  -4.7016E+00
  -4.7010E+00  -4.7016E+00   2.3583E+01  -1.9334E+01  -3.1754E-01  -3.2847E-01
  -8.7774E+01   6.9909E+01  -2.0170E+01   1.5760E+01   4.7582E+01  -3.8278E+01
   4.7630E+01  -3.8264E+01  -4.3853E+01   3.4992E+01  -2.0027E+01   1.5862E+01
  -4.3915E+01   3.4947E+01   2.3680E+01  -1.9269E+01   4.7692E+01  -3.8220E+01
   2.3847E+01  -1.9110E+01   2.3818E+01  -1.9114E+01   2.3818E+01  -1.9114E+01
  -8.5986E-02  -6.5590E-02   3.9306E-02  -3.2444E-02   2.0275E-02  -3.3392E-02
   1.5822E-02   5.0761E-03  -2.5565E-02
  > Energy =  -3.833486169406E+02 +/-   7.207628957624E-05
  > varE =   1.299329718820E-03

VMC #6:
* Size of Hilbert space =   6.3504E+04
* Deterministic energy evaluation:
  > Deterministic Etot/t = -383.34869112240881
    - Ttot/t = -23.365315939388175
    - Utot/t = 9.5309704941496527
* Number of equil. steps   = 1000
* Running VMC equilibration.
  Done. [total walltime: 0.05s]
* Equil. acc.ratio (%)     =  27.8998
* Sample config after equilibration:
  +---------+
  |  u   u  |
  |d   d   d|
  |u   u   d|
  |  d   u  |
  +---------+
* Number of accum. steps   = 1000448 x 10
* Running VMC accumulation.
    [walltime: 1m elapsed, 2m17s remaining]
  Done. [total walltime: 3m18s]
* Acceptance ratio (%)     =  27.8482
* Etot/t                   =  -3.833486752620E+02 +/-   3.645705917101E-05
  > Ttot/t                 =  -2.336481654705E+01 +/-   3.677690811808E-04
  > Utot/t                 =   9.530486962158E+00 +/-   3.661065894555E-04
* var[Eloc/t]              =   1.320194440795E-03 +/-   2.008497196195E-05
* Correlation length       =   1.007209670636E+00
* log10 Psi^2 range: -14.337040137022573 -- -7.1493293267322748
* log10 Pgen range : -14.337040137022573 -- -7.1493293267322748
* Site occupation (ave. no. electrons per config.):
  > Site_  ___eu____  ___ed____
      1        0.498      0.497
      2        0.502      0.501
      3        0.499      0.501
      4        0.497      0.496
      5        0.499      0.501
      6        0.500      0.501
      7        0.502      0.501
      8        0.501      0.499
      9        0.501      0.501
     10        0.501      0.503
* Pair-correlation analysis (ave. no. pairs per config.):
  > Shell  nsite  ___dh____  __eueu___  __eued___
      0      1        0          0          1.750
      1      1        0.838      0.722      2.478
      2      1        0.291      0.646      1.109
      3      1        0.163      0.296      0.552
      4      1        0.561      1.340      2.167
      5      1        0.120      1.027      0.965
      6      1        0.148      0.845      1.102
      7      1        0.305      1.798      2.118
      8      1        0.248      2.102      1.903
      9      1        0.251      2.121      1.902
     10      1        0.226      2.161      1.884
     11      1        0.115      0.980      1.022
     12      1        0.235      2.054      1.957
     13      1        0.061      0.479      0.518
     14      1        0.186      1.439      1.554
     15      1        0.122      1.034      0.973
     16      1        0.125      0.956      1.046

Optimization #6:
* Method          : lls
* Target function : energy
* No. of configs. : 250112
* No. of params.  : 63
* Before optimization:
  -1.1538E+00  -1.1539E+00  -1.1542E+00  -4.1849E+00  -4.1839E+00   7.3368E-01
   1.7893E+01   4.4566E+00   4.4528E+00  -9.3093E+00  -9.3624E+00   8.8647E+00
   8.8689E+00   4.1566E+00   4.1572E+00   8.9453E+00   8.9450E+00  -4.4428E+00
  -4.4435E+00  -9.4678E+00  -4.7348E+00  -4.7352E+00  -4.7005E+00  -4.7016E+00
  -4.7010E+00  -4.7016E+00   2.3583E+01  -1.9334E+01  -3.1754E-01  -3.2847E-01
  -8.7774E+01   6.9909E+01  -2.0170E+01   1.5760E+01   4.7582E+01  -3.8278E+01
   4.7630E+01  -3.8264E+01  -4.3853E+01   3.4992E+01  -2.0027E+01   1.5862E+01
  -4.3915E+01   3.4947E+01   2.3680E+01  -1.9269E+01   4.7692E+01  -3.8220E+01
   2.3847E+01  -1.9110E+01   2.3818E+01  -1.9114E+01   2.3818E+01  -1.9114E+01
  -8.5986E-02  -6.5590E-02   3.9306E-02  -3.2444E-02   2.0275E-02  -3.3392E-02
   1.5822E-02   5.0761E-03  -2.5565E-02
  > E    =  -3.833486642589E+02 +/-   7.332359583137E-05
  > varE =   1.344689577578E-03
* Computing derivatives.
    [walltime: 1m1s elapsed, 21m54s remaining]
  Done. [total walltime: 22m44s]
* Optimizing manipulation constant:
  #igrid a___________ E____________________________________ varE____________
     1     Infinity    -3.83348664E+02 +/-   7.33235958E-05   1.34468958E-03
     2     1.0000E+06  -3.83348664E+02 +/-   7.33235957E-05   1.34468957E-03
     3     2.1544E+05  -3.83348664E+02 +/-   7.33235950E-05   1.34468955E-03
     4     4.6416E+04  -3.83348664E+02 +/-   7.33235920E-05   1.34468944E-03
     5     1.0000E+04  -3.83348664E+02 +/-   7.33235779E-05   1.34468892E-03
     6     2.1544E+03  -3.83348664E+02 +/-   7.33235128E-05   1.34468653E-03
     7     4.6416E+02  -3.83348664E+02 +/-   7.33232118E-05   1.34467549E-03
     8     1.0000E+02  -3.83348664E+02 +/-   7.33218405E-05   1.34462520E-03
     9     2.1544E+01  -3.83348665E+02 +/-   7.33160011E-05   1.34441103E-03
    10     4.6416E+00  -3.83348667E+02 +/-   7.32976884E-05   1.34373951E-03
    11     1.0000E+00  -3.83348672E+02 +/-   7.32885043E-05   1.34340279E-03
    12     2.1544E-01  -3.83348674E+02 +/-   7.33584690E-05   1.34596897E-03
    13     4.6416E-02  -3.83348674E+02 +/-   7.34272279E-05   1.34849330E-03
    14     1.0000E-02  -3.83348674E+02 +/-   7.34513276E-05   1.34937863E-03
    15     2.1544E-03  -3.83348674E+02 +/-   7.34588971E-05   1.34965677E-03
    16     4.6416E-04  -3.83348673E+02 +/-   7.34698167E-05   1.35005805E-03
    17     1.0000E-04  -3.83348671E+02 +/-   7.35777896E-05   1.35402911E-03
    18     2.1544E-05  -3.83348657E+02 +/-   7.40182713E-05   1.37028974E-03
    19     4.6416E-06  -3.83348626E+02 +/-   7.48406786E-05   1.40090912E-03
    20     1.0000E-06  -3.83348607E+02 +/-   7.53224813E-05   1.41900448E-03
    21     0.0000E+00  -3.83348600E+02 +/-   7.55051408E-05   1.42589509E-03
* Iteration # 1: E =  -3.833486742598E+02 +/-   7.335846901548E-05
* Reached maximum number of iterations: exiting.
* After optimization:
  -9.7742E-01  -9.7383E-01  -9.7581E-01  -4.2320E+00  -4.2295E+00   7.1998E-01
   1.7904E+01   4.4232E+00   4.4180E+00  -9.3867E+00  -9.4402E+00   8.8678E+00
   8.8708E+00   4.1248E+00   4.1241E+00   8.9474E+00   8.9465E+00  -4.4883E+00
  -4.4879E+00  -9.5384E+00  -4.7711E+00  -4.7706E+00  -4.7391E+00  -4.7393E+00
  -4.7397E+00  -4.7400E+00   2.3766E+01  -1.9471E+01  -3.1006E-01  -3.2308E-01
  -8.7848E+01   6.9973E+01  -2.0027E+01   1.5651E+01   4.7940E+01  -3.8558E+01
   4.7987E+01  -3.8543E+01  -4.3889E+01   3.5025E+01  -1.9886E+01   1.5753E+01
  -4.3949E+01   3.4980E+01   2.3862E+01  -1.9406E+01   4.8047E+01  -3.8504E+01
   2.4025E+01  -1.9252E+01   2.3997E+01  -1.9255E+01   2.3998E+01  -1.9255E+01
  -8.4393E-02  -6.4665E-02   4.0230E-02  -3.3162E-02   2.2107E-02  -3.4997E-02
   1.5724E-02   6.1125E-03  -2.1178E-02
  > Energy =  -3.833486742598E+02 +/-   7.335846901548E-05
  > varE =   1.345968968151E-03

VMC #7:
* Size of Hilbert space =   6.3504E+04
* Deterministic energy evaluation:
  > Deterministic Etot/t = -383.34869650478612
    - Ttot/t = -23.365329283811604
    - Utot/t = 9.5309784561957187
* Number of equil. steps   = 1000
* Running VMC equilibration.
  Done. [total walltime: 0.05s]
* Equil. acc.ratio (%)     =  27.8751
* Sample config after equilibration:
  +---------+
  |  2   d  |
  |d   d   u|
  |u   u   u|
  |  0   d  |
  +---------+
* Number of accum. steps   = 1000448 x 10
* Running VMC accumulation.
    [walltime: 1m elapsed, 2m17s remaining]
  Done. [total walltime: 3m18s]
* Acceptance ratio (%)     =  27.8343
* Etot/t                   =  -3.833486466683E+02 +/-   3.643843306131E-05
  > Ttot/t                 =  -2.336524754061E+01 +/-   3.655446868579E-04
  > Utot/t                 =   9.530946549452E+00 +/-   3.639863534872E-04
* var[Eloc/t]              =   1.332309294068E-03 +/-   1.636931286150E-05
* Correlation length       =   9.970314296319E-01
* log10 Psi^2 range: -13.648860987891210 -- -7.0482678889544026
* log10 Pgen range : -13.648860987891210 -- -7.0482678889544026
* Site occupation (ave. no. electrons per config.):
  > Site_  ___eu____  ___ed____
      1        0.498      0.497
      2        0.502      0.502
      3        0.499      0.501
      4        0.495      0.499
      5        0.500      0.498
      6        0.500      0.500
      7        0.503      0.500
      8        0.500      0.499
      9        0.502      0.503
     10        0.500      0.501
* Pair-correlation analysis (ave. no. pairs per config.):
  > Shell  nsite  ___dh____  __eueu___  __eued___
      0      1        0          0          1.750
      1      1        0.839      0.718      2.479
      2      1        0.290      0.650      1.108
      3      1        0.162      0.297      0.553
      4      1        0.559      1.340      2.168
      5      1        0.121      1.025      0.962
      6      1        0.147      0.846      1.101
      7      1        0.304      1.798      2.122
      8      1        0.249      2.099      1.900
      9      1        0.251      2.124      1.902
     10      1        0.228      2.158      1.883
     11      1        0.114      0.977      1.022
     12      1        0.236      2.058      1.950
     13      1        0.062      0.479      0.519
     14      1        0.182      1.440      1.556
     15      1        0.123      1.035      0.973
     16      1        0.124      0.955      1.050

VDAGGER finished.
Total VDAGGER walltime: 4h37m

Run ended: Fri Oct  3 20:30:01 CEST 2025
