Run started: Fri Sep 26 10:27:35 CEST 2025
Using VDAGGER_ARCH = gnu7_fkfamd_cluster
Running 1x128 MPI processes.

                               xx
                              +##
                               #X
                               Xx
                          X##XxXxxX##x
                           +   Xx  ++
                               ##
                              +##
                              +##
     ++++         ++          +##
   xX+++##+      ####         +##
  Xx    ###      +X##          ##
 xX    X##+        ##          #X
 +    x##X         #x          #X
      ###         +#           x+
     X##+         #+
     ###         Xx                    _______
     ##X       +X+   __________________VDAGGER
     +##x    +xX     2nd quantized variational
       +xxxxx+       ______quantum Monte Carlo

* Running 128 MPI processes.
* Input file: "input.casl"

############# Start of input file dump #############
General:
  Random seed: timer

Plan:
  VMC-optimization:
    Minimum cycles: 7
    Convergence cycles: 3

System:
  Read Hamiltonian: FCIDUMP_loc_benzene
  Read orbitals: LTSC_benzene
  Complex orbitals: F
  Geometry:
    r_5: [ 0.00000000000000, 2.63994739601739 ]
    r_4: [ 2.28626150960564, 1.31997369800870 ]
    r_6: [ 2.28626150960564, -1.31997369800870 ]
    r_2: [ 0.00000000000000, -2.63994739601739 ]
    r_3: [ -2.28626150960564, -1.31997369800870 ]
    r_1: [ -2.28626150960564, 1.31997369800870 ]

VMC:
  nstep: 500000
  nconfig: 50000

Optimization:
  max_niter: 1

Jastrow: wfn.casl

Backflow: wfn.casl
############## End of input file dump ##############

General setup:
* Random seed: 96141783 (from timer)

* Loaded integrals for system with nelec=6, ms2=0, norb=6
* INFO: setting number of electrons from integrals file.
* Analysis of Hamiltonian connecitivity performed:
  - T_ii (local, 1-site): 6 (i) values
  - U_iiii [opp] (local, 1-site): 6 (i) values
  - U_kkii [opp] (local, 2-site): 30 contribs. from 6 (i) values
  - U_kkii [par] (local, 2-site): 15 contribs. from 5 (i) values
  - T_ji (single, 2-site): 30 contribs. from 6 (i) values
  - U_kkji [opp] (single, 2/3-site): 180 contribs. from 30 (i,j) pairs
  - U_kkji [par] (single, 3-site): 150 contribs. from 30 (i,j) pairs
  - U_lkji [opp] (double, 2/3/4-site): 900 contribs. from 30 (i,j) pairs
  - U_lkji [par] (double, 4-site): 170 contribs. from 20 (i,j) pairs
  - Max. no. wfn. ratios in Eloc: 255
* Reading override orbitals from file "LTSC_benzene".
* Site labels:
  +-----+
  |  5  |
  |1   4|
  |3   6|
  |  2  |
  +-----+
* Automatically set Site kinds:
  [ 1, 1, 1, 1, 1, 1 ]
  +-----+
  |  1  |
  |1   1|
  |1   1|
  |  1  |
  +-----+
* Maximum Site kind: 1
* Number of site-pair kinds with Tij=0: 0
* Automatically set Site pair kinds:
  Site 1: [ 0, 4, 1, -5, -1, -2 ]
  Site 2: [ 4, 0, 1, -4, -3, -1 ]
  Site 3: [ 1, 1, 0, -2, -4, -5 ]
  Site 4: [ -5, -4, -2, 0, 1, 1 ]
  Site 5: [ -1, -3, -4, 1, 0, 4 ]
  Site 6: [ -2, -1, -5, 1, 4, 0 ]
  For site 1 of kind 1:
  +--------+
  |   -1   |
  | 0    -5|
  | 1    -2|
  |    4   |
  +--------+
* Maximum (unsigned) Site pair kind: 5
General system setup:
* Number of sites       : 6
* Number of electrons   : 6
* Spin imbalance MS2    : 0
* Filling               : 0.500000
* Number of orbitals in pool: 6
* Using real-valued orbitals
* Using double-precision arithmetic for orbitals

Trial wave function setup:
* Jastrow parameter file: "wfn.casl"
* Not using multideterminants
* Backflow parameter file: "wfn.casl"
* Not using wave function manipulation

VMC #1:
* Size of Hilbert space =   4.0000E+02
* Deterministic energy evaluation:
  > Deterministic Etot/t = -230.69830578499372
    - Ttot/t = -10.365258458354216
    - Utot/t = 3.9094445275083873
* Number of equil. steps   = 1000
* Running VMC equilibration.
  Done. [total walltime: 0.03s]
* Equil. acc.ratio (%)     =  40.8309
* Sample config after equilibration:
  +-----+
  |  2  |
  |u   0|
  |d   u|
  |  d  |
  +-----+
* Number of accum. steps   = 500480 x 10
* Running VMC accumulation.
  Done. [total walltime: 2.32s]
* Acceptance ratio (%)     =  40.8014
* Etot/t                   =  -2.306983166779E+02 +/-   5.966842570784E-05
  > Ttot/t                 =  -1.036537392012E+01 +/-   2.915970940850E-04
  > Utot/t                 =   3.909549096454E+00 +/-   2.868668432988E-04
* var[Eloc/t]              =   1.806713393455E-03 +/-   1.988454891021E-05
* Correlation length       =   9.862491050177E-01
* log10 Psi^2 range: -6.0077179079402026 -- -1.9356133022601529
* log10 Pgen range : -6.0077179079402026 -- -1.9356133022601529
* Site occupation (ave. no. electrons per config.):
  > Site_  ___eu____  ___ed____
      1        0.496      0.498
      2        0.495      0.503
      3        0.505      0.500
      4        0.499      0.498
      5        0.503      0.503
      6        0.502      0.498
* Pair-correlation analysis (ave. no. pairs per config.):
  > Shell  nsite  ___dh____  __eueu___  __eued___
      0      1        0          0          1.046
      1      4        1.081      1.487      3.500
      2      4        0.158      0.844      1.095
      3      4        0.079      0.426      0.551
      4      4        0.237      2.165      1.875
      5      4        0.119      1.079      0.933

Optimization #1:
* Method          : lls
* Target function : energy
* No. of configs. : 50048
* No. of params.  : 35
* Before optimization:
  -7.8279E-01   3.1727E-01  -2.3343E-01  -2.3507E-01  -5.6056E-02  -5.3380E-02
  -4.8966E-02  -9.2881E-02   9.2187E-02   1.2817E-01   9.6342E-02   1.2120E-01
   7.6836E-03  -1.3364E-03   1.0000E+00   0.0000E+00   0.0000E+00   0.0000E+00
   0.0000E+00   0.0000E+00   0.0000E+00   0.0000E+00   0.0000E+00   0.0000E+00
   0.0000E+00   0.0000E+00   0.0000E+00   0.0000E+00   0.0000E+00   0.0000E+00
   0.0000E+00   0.0000E+00   0.0000E+00   0.0000E+00   0.0000E+00
  > E    =  -2.306981802161E+02 +/-   1.874820725357E-04
  > varE =   1.759163553435E-03
* Computing derivatives.
  Done. [total walltime: 3.76s]
* Optimizing manipulation constant:
  #igrid a___________ E____________________________________ varE____________
     1     Infinity    -2.30698180E+02 +/-   1.87482073E-04   1.75916355E-03
     2     1.0000E+06  -2.30698180E+02 +/-   1.87481881E-04   1.75915997E-03
     3     2.1544E+05  -2.30698180E+02 +/-   1.87481315E-04   1.75914934E-03
     4     4.6416E+04  -2.30698180E+02 +/-   1.87481341E-04   1.75914982E-03
     5     1.0000E+04  -2.30698181E+02 +/-   1.87537445E-04   1.76020283E-03
     6     2.1544E+03  -2.30698176E+02 +/-   1.89009530E-04   1.78794490E-03
     7     4.6416E+02  -2.30697145E+02 +/-   2.38841149E-04   2.85499288E-03
     8     1.0000E+02  -2.30618183E+02 +/-   1.05929894E-03   5.61595740E-02
     9     2.1544E+01  -2.30089385E+02 +/-   2.32824366E-03   2.71296121E-01
    10     4.6416E+00  -2.30032220E+02 +/-   1.26592707E-03   8.02054905E-02
    11     1.0000E+00  -2.30033031E+02 +/-   1.22853309E-03   7.55371241E-02
    12     2.1544E-01  -2.30032748E+02 +/-   1.17955041E-03   6.96337431E-02
    13     4.6416E-02  -2.30033003E+02 +/-   1.22998363E-03   7.57156044E-02
    14     1.0000E-02  -2.30032734E+02 +/-   1.22955774E-03   7.56631790E-02
    15     2.1544E-03  -2.30032734E+02 +/-   1.22954326E-03   7.56613961E-02
    16     4.6416E-04  -2.30032735E+02 +/-   1.22953987E-03   7.56609792E-02
    17     1.0000E-04  -2.30032735E+02 +/-   1.22953909E-03   7.56608840E-02
    18     2.1544E-05  -2.30032735E+02 +/-   1.22953893E-03   7.56608632E-02
    19     4.6416E-06  -2.30032735E+02 +/-   1.22953889E-03   7.56608587E-02
    20     1.0000E-06  -2.30032735E+02 +/-   1.22953888E-03   7.56608577E-02
    21     0.0000E+00  -2.30032735E+02 +/-   1.22953888E-03   7.56608575E-02
  ParMin   2.1372E+04  -2.30698180E+02 +/-   1.87489423E-04   1.75930149E-03
  # Using parabolic minimum
* Iteration # 1: E =  -2.306981803708E+02 +/-   1.874894226559E-04
* Reached maximum number of iterations: exiting.
* After optimization:
  -7.8480E-01   3.1711E-01  -2.3346E-01  -2.3546E-01  -5.6291E-02  -5.3377E-02
  -4.8472E-02  -9.3229E-02   9.2310E-02   1.2808E-01   9.7592E-02   1.2034E-01
   8.4347E-03  -1.8489E-03   9.9912E-01  -5.6107E-03   4.1456E-04   4.7432E-04
  -1.4135E-03  -1.4135E-03  -9.6293E-03   2.2518E-04   4.1303E-04  -3.0054E-05
   1.4074E-04  -1.4630E-04  -4.3132E-06   1.8357E-04   2.1180E-04   4.1021E-05
  -4.1682E-03  -1.9588E-04   1.2005E-04   1.5947E-03   1.5947E-03
  > Energy =  -2.306981803708E+02 +/-   1.874894226559E-04
  > varE =   1.759301490006E-03

VMC #2:
* Size of Hilbert space =   4.0000E+02
* Deterministic energy evaluation:
  > Deterministic Etot/t = -230.69830591057854
    - Ttot/t = -10.365249044329223
    - Utot/t = 3.9094349878985648
* Number of equil. steps   = 1000
* Running VMC equilibration.
  Done. [total walltime: 0.01s]
* Equil. acc.ratio (%)     =  40.8311
* Sample config after equilibration:
  +-----+
  |  d  |
  |0   u|
  |2   d|
  |  u  |
  +-----+
* Number of accum. steps   = 500480 x 10
* Running VMC accumulation.
  Done. [total walltime: 1.68s]
* Acceptance ratio (%)     =  40.7296
* Etot/t                   =  -2.306983060809E+02 +/-   6.133207414756E-05
  > Ttot/t                 =  -1.036546248019E+01 +/-   2.967024223751E-04
  > Utot/t                 =   3.909648253477E+00 +/-   2.892207723589E-04
* var[Eloc/t]              =   1.814757480424E-03 +/-   1.398396046973E-05
* Correlation length       =   1.037393293110E+00
* log10 Psi^2 range: -5.9745851310302083 -- -1.9069976023110324
* log10 Pgen range : -5.9745851310302083 -- -1.9069976023110324
* Site occupation (ave. no. electrons per config.):
  > Site_  ___eu____  ___ed____
      1        0.501      0.501
      2        0.501      0.500
      3        0.502      0.499
      4        0.498      0.502
      5        0.497      0.499
      6        0.502      0.498
* Pair-correlation analysis (ave. no. pairs per config.):
  > Shell  nsite  ___dh____  __eueu___  __eued___
      0      1        0          0          1.051
      1      4        1.086      1.496      3.483
      2      4        0.160      0.851      1.096
      3      4        0.078      0.423      0.546
      4      4        0.237      2.153      1.880
      5      4        0.121      1.077      0.944

Optimization #2:
* Method          : lls
* Target function : energy
* No. of configs. : 50048
* No. of params.  : 35
* Before optimization:
  -7.8480E-01   3.1711E-01  -2.3346E-01  -2.3546E-01  -5.6291E-02  -5.3377E-02
  -4.8472E-02  -9.3229E-02   9.2310E-02   1.2808E-01   9.7592E-02   1.2034E-01
   8.4347E-03  -1.8489E-03   9.9912E-01  -5.6107E-03   4.1456E-04   4.7432E-04
  -1.4135E-03  -1.4135E-03  -9.6293E-03   2.2518E-04   4.1303E-04  -3.0054E-05
   1.4074E-04  -1.4630E-04  -4.3132E-06   1.8357E-04   2.1180E-04   4.1021E-05
  -4.1682E-03  -1.9588E-04   1.2005E-04   1.5947E-03   1.5947E-03
  > E    =  -2.306981257386E+02 +/-   1.894993956980E-04
  > varE =   1.797224729502E-03
* Computing derivatives.
  Done. [total walltime: 3.80s]
* Optimizing manipulation constant:
  #igrid a___________ E____________________________________ varE____________
     1     Infinity    -2.30698126E+02 +/-   1.89499396E-04   1.79722473E-03
     2     1.0000E+06  -2.30698126E+02 +/-   1.89499195E-04   1.79722093E-03
     3     2.1544E+05  -2.30698126E+02 +/-   1.89498465E-04   1.79720708E-03
     4     4.6416E+04  -2.30698126E+02 +/-   1.89495080E-04   1.79714288E-03
     5     1.0000E+04  -2.30698126E+02 +/-   1.89479418E-04   1.79684581E-03
     6     2.1544E+03  -2.30698127E+02 +/-   1.89407565E-04   1.79548329E-03
     7     4.6416E+02  -2.30698134E+02 +/-   1.89078667E-04   1.78925315E-03
     8     1.0000E+02  -2.30698098E+02 +/-   1.88242334E-04   1.77345971E-03
     9     2.1544E+01  -2.30690483E+02 +/-   3.54220676E-04   6.27963705E-03
    10     4.6416E+00  -2.30496643E+02 +/-   1.59943185E-03   1.28031905E-01
    11     1.0000E+00  -2.29702234E+02 +/-   2.70977059E-03   3.67495289E-01
    12     2.1544E-01  -2.29380627E+02 +/-   2.55598242E-03   3.26965893E-01
    13     4.6416E-02  -2.29358000E+02 +/-   2.51216391E-03   3.15851302E-01
    14     1.0000E-02  -2.29375237E+02 +/-   2.46893359E-03   3.05074244E-01
    15     2.1544E-03  -2.29422474E+02 +/-   2.46360398E-03   3.03758557E-01
    16     4.6416E-04  -2.29485115E+02 +/-   2.49579214E-03   3.11747911E-01
    17     1.0000E-04  -2.29513364E+02 +/-   2.51036293E-03   3.15398595E-01
    18     2.1544E-05  -2.29520772E+02 +/-   2.51402343E-03   3.16319065E-01
    19     4.6416E-06  -2.29522441E+02 +/-   2.51483732E-03   3.16523908E-01
    20     1.0000E-06  -2.29522804E+02 +/-   2.51501384E-03   3.16568345E-01
    21     0.0000E+00  -2.29522903E+02 +/-   2.51506239E-03   3.16580566E-01
  ParMin   7.6525E+02  -2.30698131E+02 +/-   1.89243731E-04   1.79237853E-03
  # Using grid point #7
* Iteration # 1: E =  -2.306981335271E+02 +/-   1.890786669760E-04
* Reached maximum number of iterations: exiting.
* After optimization:
  -7.7995E-01   3.1699E-01  -2.3308E-01  -2.3498E-01  -5.5990E-02  -5.3144E-02
  -4.8783E-02  -9.3511E-02   9.2153E-02   1.2789E-01   9.7145E-02   1.2036E-01
   8.2254E-03  -1.7200E-03   1.0014E+00  -3.0319E-02   1.6861E-02   1.6907E-02
  -4.8288E-03  -4.8290E-03  -3.7992E-02   1.4134E-02   1.4287E-02  -2.7121E-04
  -1.3083E-04  -2.4445E-02   2.0695E-02   2.0849E-02  -2.5443E-04  -3.9602E-04
  -3.2363E-02   1.7906E-02   1.8165E-02   4.1445E-03   4.1440E-03
  > Energy =  -2.306981335271E+02 +/-   1.890786669760E-04
  > varE =   1.789253150902E-03

VMC #3:
* Size of Hilbert space =   4.0000E+02
* Deterministic energy evaluation:
  > Deterministic Etot/t = -230.69831252439394
    - Ttot/t = -10.365288667231326
    - Utot/t = 3.9094679969852324
* Number of equil. steps   = 1000
* Running VMC equilibration.
  Done. [total walltime: 0.01s]
* Equil. acc.ratio (%)     =  40.7854
* Sample config after equilibration:
  +-----+
  |  2  |
  |0   0|
  |2   2|
  |  0  |
  +-----+
* Number of accum. steps   = 500480 x 10
* Running VMC accumulation.
  Done. [total walltime: 1.67s]
* Acceptance ratio (%)     =  40.8151
* Etot/t                   =  -2.306982616683E+02 +/-   5.943939439229E-05
  > Ttot/t                 =  -1.036519615602E+01 +/-   2.987998115714E-04
  > Utot/t                 =   3.909426341856E+00 +/-   2.927951762398E-04
* var[Eloc/t]              =   1.783016505680E-03 +/-   9.367688686986E-06
* Correlation length       =   9.916995480410E-01
* log10 Psi^2 range: -5.7611063319762108 -- -1.6881955266986863
* log10 Pgen range : -5.7611063319762108 -- -1.6881955266986863
* Site occupation (ave. no. electrons per config.):
  > Site_  ___eu____  ___ed____
      1        0.503      0.497
      2        0.501      0.496
      3        0.499      0.503
      4        0.500      0.499
      5        0.498      0.502
      6        0.499      0.503
* Pair-correlation analysis (ave. no. pairs per config.):
  > Shell  nsite  ___dh____  __eueu___  __eued___
      0      1        0          0          1.048
      1      4        1.083      1.486      3.497
      2      4        0.157      0.847      1.098
      3      4        0.077      0.425      0.545
      4      4        0.237      2.158      1.875
      5      4        0.118      1.084      0.937

Optimization #3:
* Method          : lls
* Target function : energy
* No. of configs. : 50048
* No. of params.  : 35
* Before optimization:
  -7.7995E-01   3.1699E-01  -2.3308E-01  -2.3498E-01  -5.5990E-02  -5.3144E-02
  -4.8783E-02  -9.3511E-02   9.2153E-02   1.2789E-01   9.7145E-02   1.2036E-01
   8.2254E-03  -1.7200E-03   1.0014E+00  -3.0319E-02   1.6861E-02   1.6907E-02
  -4.8288E-03  -4.8290E-03  -3.7992E-02   1.4134E-02   1.4287E-02  -2.7121E-04
  -1.3083E-04  -2.4445E-02   2.0695E-02   2.0849E-02  -2.5443E-04  -3.9602E-04
  -3.2363E-02   1.7906E-02   1.8165E-02   4.1445E-03   4.1440E-03
  > E    =  -2.306984089390E+02 +/-   1.884960916779E-04
  > varE =   1.778244306167E-03
* Computing derivatives.
  Done. [total walltime: 3.78s]
* Optimizing manipulation constant:
  #igrid a___________ E____________________________________ varE____________
     1     Infinity    -2.30698409E+02 +/-   1.88496092E-04   1.77824431E-03
     2     1.0000E+06  -2.30698409E+02 +/-   1.88495894E-04   1.77824058E-03
     3     2.1544E+05  -2.30698409E+02 +/-   1.88495184E-04   1.77822718E-03
     4     4.6416E+04  -2.30698409E+02 +/-   1.88492089E-04   1.77816879E-03
     5     1.0000E+04  -2.30698409E+02 +/-   1.88482051E-04   1.77797939E-03
     6     2.1544E+03  -2.30698411E+02 +/-   1.88528469E-04   1.77885524E-03
     7     4.6416E+02  -2.30698408E+02 +/-   1.91044431E-04   1.82665063E-03
     8     1.0000E+02  -2.30694959E+02 +/-   3.25866109E-04   5.31453311E-03
     9     2.1544E+01  -2.30393416E+02 +/-   2.00695678E-03   2.01587114E-01
    10     4.6416E+00  -2.30006939E+02 +/-   2.56826428E-03   3.30115678E-01
    11     1.0000E+00  -2.30019110E+02 +/-   2.02645186E-03   2.05522470E-01
    12     2.1544E-01  -2.30012307E+02 +/-   2.32158504E-03   2.69746563E-01
    13     4.6416E-02  -2.30011007E+02 +/-   2.38533082E-03   2.84763267E-01
    14     1.0000E-02  -2.30006856E+02 +/-   2.67213451E-04   3.57357877E-03
    15     2.1544E-03  -2.30006640E+02 +/-   1.60715631E-05   1.29271552E-05
    16     4.6416E-04  -2.30006612E+02 +/-   1.59121228E-05   1.26719360E-05
    17     1.0000E-04  -2.30006607E+02 +/-   1.58861012E-05   1.26305242E-05
    18     2.1544E-05  -2.30006606E+02 +/-   1.58808696E-05   1.26222067E-05
    19     4.6416E-06  -2.30006605E+02 +/-   1.58797598E-05   1.26204426E-05
    20     1.0000E-06  -2.30006605E+02 +/-   1.58795215E-05   1.26200638E-05
    21     0.0000E+00  -2.30006605E+02 +/-   1.58794561E-05   1.26199598E-05
  ParMin   3.9531E+03  -2.30698410E+02 +/-   1.88482881E-04   1.77799507E-03
  # Using grid point #6
* Iteration # 1: E =  -2.306984106681E+02 +/-   1.885284686642E-04
* Reached maximum number of iterations: exiting.
* After optimization:
  -8.1227E-01   3.1694E-01  -2.3298E-01  -2.3487E-01  -5.5938E-02  -5.3101E-02
  -4.8852E-02  -9.3539E-02   9.2119E-02   1.2784E-01   9.7073E-02   1.2034E-01
   8.1968E-03  -1.7032E-03   1.0158E+00  -3.2129E-02   1.6680E-02   1.6725E-02
  -5.1198E-03  -5.1200E-03  -3.9591E-02   1.4130E-02   1.4278E-02  -6.9728E-04
  -5.6119E-04  -2.4638E-02   2.0700E-02   2.0847E-02   1.8746E-04   5.2152E-05
  -3.2288E-02   1.8110E-02   1.8357E-02   4.3657E-03   4.3651E-03
  > Energy =  -2.306984106681E+02 +/-   1.885284686642E-04
  > varE =   1.778855238051E-03

VMC #4:
* Size of Hilbert space =   4.0000E+02
* Deterministic energy evaluation:
  > Deterministic Etot/t = -230.69831406919536
    - Ttot/t = -10.365215434512050
    - Utot/t = 3.9093932194645777
* Number of equil. steps   = 1000
* Running VMC equilibration.
  Done. [total walltime: 0.01s]
* Equil. acc.ratio (%)     =  39.8013
* Sample config after equilibration:
  +-----+
  |  0  |
  |0   2|
  |u   2|
  |  d  |
  +-----+
* Number of accum. steps   = 500480 x 10
* Running VMC accumulation.
  Done. [total walltime: 1.67s]
* Acceptance ratio (%)     =  39.7825
* Etot/t                   =  -2.306984080112E+02 +/-   6.117083096501E-05
  > Ttot/t                 =  -1.036524055217E+01 +/-   2.897994201460E-04
  > Utot/t                 =   3.909324395033E+00 +/-   2.841259291642E-04
* var[Eloc/t]              =   1.829699099419E-03 +/-   1.522301275732E-05
* Correlation length       =   1.023518773627E+00
* log10 Psi^2 range: -5.7575103071554308 -- -1.6886977881996199
* log10 Pgen range : -5.7575103071554308 -- -1.6886977881996199
* Site occupation (ave. no. electrons per config.):
  > Site_  ___eu____  ___ed____
      1        0.500      0.498
      2        0.498      0.499
      3        0.499      0.503
      4        0.501      0.498
      5        0.499      0.501
      6        0.501      0.503
* Pair-correlation analysis (ave. no. pairs per config.):
  > Shell  nsite  ___dh____  __eueu___  __eued___
      0      1        0          0          1.052
      1      4        1.091      1.487      3.488
      2      4        0.158      0.850      1.099
      3      4        0.079      0.420      0.549
      4      4        0.238      2.162      1.871
      5      4        0.120      1.080      0.941

Optimization #4:
* Method          : lls
* Target function : energy
* No. of configs. : 50048
* No. of params.  : 35
* Before optimization:
  -8.1227E-01   3.1694E-01  -2.3298E-01  -2.3487E-01  -5.5938E-02  -5.3101E-02
  -4.8852E-02  -9.3539E-02   9.2119E-02   1.2784E-01   9.7073E-02   1.2034E-01
   8.1968E-03  -1.7032E-03   1.0158E+00  -3.2129E-02   1.6680E-02   1.6725E-02
  -5.1198E-03  -5.1200E-03  -3.9591E-02   1.4130E-02   1.4278E-02  -6.9728E-04
  -5.6119E-04  -2.4638E-02   2.0700E-02   2.0847E-02   1.8746E-04   5.2152E-05
  -3.2288E-02   1.8110E-02   1.8357E-02   4.3657E-03   4.3651E-03
  > E    =  -2.306983250261E+02 +/-   1.895996471994E-04
  > varE =   1.799126816165E-03
* Computing derivatives.
  Done. [total walltime: 3.66s]
* Optimizing manipulation constant:
  #igrid a___________ E____________________________________ varE____________
     1     Infinity    -2.30698325E+02 +/-   1.89599647E-04   1.79912682E-03
     2     1.0000E+06  -2.30698325E+02 +/-   1.89599445E-04   1.79912298E-03
     3     2.1544E+05  -2.30698325E+02 +/-   1.89598709E-04   1.79910901E-03
     4     4.6416E+04  -2.30698325E+02 +/-   1.89595282E-04   1.79904398E-03
     5     1.0000E+04  -2.30698325E+02 +/-   1.89579190E-04   1.79873861E-03
     6     2.1544E+03  -2.30698327E+02 +/-   1.89500420E-04   1.79724416E-03
     7     4.6416E+02  -2.30698331E+02 +/-   1.89045493E-04   1.78862535E-03
     8     1.0000E+02  -2.30698297E+02 +/-   1.85724206E-04   1.72632971E-03
     9     2.1544E+01  -2.30581688E+02 +/-   1.18090966E-03   6.97943191E-02
    10     4.6416E+00  -2.29967466E+02 +/-   2.31767076E-03   2.68837724E-01
    11     1.0000E+00  -2.30018933E+02 +/-   2.16942938E-03   2.35547099E-01
    12     2.1544E-01  -2.30016565E+02 +/-   2.14554260E-03   2.30388613E-01
    13     4.6416E-02  -2.30016669E+02 +/-   2.13982550E-03   2.29162443E-01
    14     1.0000E-02  -2.30016687E+02 +/-   2.13893120E-03   2.28970936E-01
    15     2.1544E-03  -2.30016691E+02 +/-   2.13875729E-03   2.28933704E-01
    16     4.6416E-04  -2.30016692E+02 +/-   2.13872071E-03   2.28925873E-01
    17     1.0000E-04  -2.30016692E+02 +/-   2.13871287E-03   2.28924194E-01
    18     2.1544E-05  -2.30016692E+02 +/-   2.13871119E-03   2.28923833E-01
    19     4.6416E-06  -2.30016692E+02 +/-   2.13871082E-03   2.28923756E-01
    20     1.0000E-06  -2.30016692E+02 +/-   2.13871075E-03   2.28923739E-01
    21     0.0000E+00  -2.30016692E+02 +/-   2.13871072E-03   2.28923734E-01
  ParMin   7.3707E+02  -2.30698329E+02 +/-   1.89278579E-04   1.79303869E-03
  # Using grid point #7
* Iteration # 1: E =  -2.306983314376E+02 +/-   1.890454928277E-04
* Reached maximum number of iterations: exiting.
* After optimization:
  -8.2523E-01   3.1752E-01  -2.3235E-01  -2.3411E-01  -5.5637E-02  -5.2890E-02
  -5.0156E-02  -9.3472E-02   9.1764E-02   1.2765E-01   9.6309E-02   1.2044E-01
   7.9129E-03  -1.5213E-03   1.0092E+00  -2.3974E-02   8.5568E-03   8.5751E-03
  -6.3400E-03  -6.3401E-03  -2.7846E-02   7.3499E-03   7.4163E-03  -3.8156E-03
  -3.7553E-03  -9.6449E-03   1.5838E-02   1.5905E-02   3.2230E-03   3.1615E-03
  -1.4036E-02   1.4478E-02   1.4588E-02   5.5320E-03   5.5313E-03
  > Energy =  -2.306983314376E+02 +/-   1.890454928277E-04
  > varE =   1.788625351444E-03

VMC #5:
* Size of Hilbert space =   4.0000E+02
* Deterministic energy evaluation:
  > Deterministic Etot/t = -230.69832189974744
    - Ttot/t = -10.365310122003276
    - Utot/t = 3.9094800764037374
* Number of equil. steps   = 1000
* Running VMC equilibration.
  Done. [total walltime: 0.01s]
* Equil. acc.ratio (%)     =  39.3518
* Sample config after equilibration:
  +-----+
  |  u  |
  |d   d|
  |u   u|
  |  d  |
  +-----+
* Number of accum. steps   = 500480 x 10
* Running VMC accumulation.
  Done. [total walltime: 1.68s]
* Acceptance ratio (%)     =  39.4269
* Etot/t                   =  -2.306984281814E+02 +/-   5.950866856625E-05
  > Ttot/t                 =  -1.036567311220E+01 +/-   2.913101073041E-04
  > Utot/t                 =   3.909736785047E+00 +/-   2.851048536701E-04
* var[Eloc/t]              =   1.795756304505E-03 +/-   1.414117615089E-05
* Correlation length       =   9.869605513855E-01
* log10 Psi^2 range: -5.3532435307222244 -- -1.8182614009749243
* log10 Pgen range : -5.3532435307222244 -- -1.8182614009749243
* Site occupation (ave. no. electrons per config.):
  > Site_  ___eu____  ___ed____
      1        0.501      0.500
      2        0.498      0.497
      3        0.499      0.501
      4        0.504      0.495
      5        0.500      0.502
      6        0.499      0.506
* Pair-correlation analysis (ave. no. pairs per config.):
  > Shell  nsite  ___dh____  __eueu___  __eued___
      0      1        0          0          1.048
      1      4        1.083      1.489      3.497
      2      4        0.157      0.848      1.098
      3      4        0.078      0.423      0.547
      4      4        0.240      2.156      1.871
      5      4        0.117      1.084      0.939

Optimization #5:
* Method          : lls
* Target function : energy
* No. of configs. : 50048
* No. of params.  : 35
* Before optimization:
  -8.2523E-01   3.1752E-01  -2.3235E-01  -2.3411E-01  -5.5637E-02  -5.2890E-02
  -5.0156E-02  -9.3472E-02   9.1764E-02   1.2765E-01   9.6309E-02   1.2044E-01
   7.9129E-03  -1.5213E-03   1.0092E+00  -2.3974E-02   8.5568E-03   8.5751E-03
  -6.3400E-03  -6.3401E-03  -2.7846E-02   7.3499E-03   7.4163E-03  -3.8156E-03
  -3.7553E-03  -9.6449E-03   1.5838E-02   1.5905E-02   3.2230E-03   3.1615E-03
  -1.4036E-02   1.4478E-02   1.4588E-02   5.5320E-03   5.5313E-03
  > E    =  -2.306985307114E+02 +/-   1.900898987275E-04
  > varE =   1.808442920052E-03
* Computing derivatives.
  Done. [total walltime: 3.80s]
* Optimizing manipulation constant:
  #igrid a___________ E____________________________________ varE____________
     1     Infinity    -2.30698531E+02 +/-   1.90089899E-04   1.80844292E-03
     2     1.0000E+06  -2.30698531E+02 +/-   1.90089698E-04   1.80843909E-03
     3     2.1544E+05  -2.30698531E+02 +/-   1.90088959E-04   1.80842505E-03
     4     4.6416E+04  -2.30698531E+02 +/-   1.90085415E-04   1.80835760E-03
     5     1.0000E+04  -2.30698531E+02 +/-   1.90066390E-04   1.80799563E-03
     6     2.1544E+03  -2.30698532E+02 +/-   1.89922819E-04   1.80526525E-03
     7     4.6416E+02  -2.30698445E+02 +/-   1.90343421E-04   1.81326996E-03
     8     1.0000E+02  -2.30178539E+02 +/-   1.20494566E-03   7.26643926E-02
     9     2.1544E+01  -2.30057885E+02 +/-   2.13937323E-03   2.29065584E-01
    10     4.6416E+00  -2.30020209E+02 +/-   2.20572907E-03   2.43495569E-01
    11     1.0000E+00  -2.30016746E+02 +/-   2.16977744E-03   2.35622687E-01
    12     2.1544E-01  -2.28118936E+02 +/-   2.01419443E-01   2.03043696E+03
    13     4.6416E-02  -2.28998650E+02 +/-   8.74890430E-03   3.83084041E+00
    14     1.0000E-02  -2.29011768E+02 +/-   5.96696122E-03   1.78194033E+00
    15     2.1544E-03  -2.29013664E+02 +/-   5.57973147E-03   1.55816457E+00
    16     4.6416E-04  -2.29014038E+02 +/-   5.50450819E-03   1.51643490E+00
    17     1.0000E-04  -2.29014117E+02 +/-   5.48867755E-03   1.50772509E+00
    18     2.1544E-05  -2.29014134E+02 +/-   5.48528436E-03   1.50586146E+00
    19     4.6416E-06  -2.29014138E+02 +/-   5.48455412E-03   1.50546055E+00
    20     1.0000E-06  -2.29014138E+02 +/-   5.48439684E-03   1.50537421E+00
    21     0.0000E+00  -2.29014139E+02 +/-   5.48435365E-03   1.50535050E+00
  ParMin   4.5340E+03  -2.30698531E+02 +/-   1.90028819E-04   1.80728093E-03
  # Using grid point #6
* Iteration # 1: E =  -2.306985319914E+02 +/-   1.899228187067E-04
* Reached maximum number of iterations: exiting.
* After optimization:
  -8.3325E-01   3.1846E-01  -2.3205E-01  -2.3369E-01  -5.5460E-02  -5.2788E-02
  -5.1118E-02  -9.3432E-02   9.1507E-02   1.2765E-01   9.5699E-02   1.2069E-01
   7.6765E-03  -1.3621E-03   1.0041E+00  -4.2558E-03   7.8499E-04   7.8205E-04
  -4.9486E-03  -4.9486E-03  -6.4750E-03   2.9834E-04   2.9751E-04  -3.4776E-03
  -3.4778E-03   1.4860E-02   1.1142E-02   1.1144E-02   8.1354E-03   8.1342E-03
   1.2071E-02   1.0476E-02   1.0475E-02   9.4825E-03   9.4819E-03
  > Energy =  -2.306985319914E+02 +/-   1.899228187067E-04
  > varE =   1.805265245775E-03

VMC #6:
* Size of Hilbert space =   4.0000E+02
* Deterministic energy evaluation:
  > Deterministic Etot/t = -230.69832318274021
    - Ttot/t = -10.365375674411377
    - Utot/t = 3.9095443458190227
* Number of equil. steps   = 1000
* Running VMC equilibration.
  Done. [total walltime: 0.01s]
* Equil. acc.ratio (%)     =  39.1958
* Sample config after equilibration:
  +-----+
  |  0  |
  |d   2|
  |u   u|
  |  d  |
  +-----+
* Number of accum. steps   = 500480 x 10
* Running VMC accumulation.
  Done. [total walltime: 1.68s]
* Acceptance ratio (%)     =  39.2361
* Etot/t                   =  -2.306983008942E+02 +/-   6.081832792868E-05
  > Ttot/t                 =  -1.036545253536E+01 +/-   2.932536945161E-04
  > Utot/t                 =   3.909643495149E+00 +/-   2.884323883487E-04
* var[Eloc/t]              =   1.780732554283E-03 +/-   1.278078095830E-05
* Correlation length       =   1.039577761800E+00
* log10 Psi^2 range: -5.5425166650208668 -- -2.0065972619233166
* log10 Pgen range : -5.5425166650208668 -- -2.0065972619233166
* Site occupation (ave. no. electrons per config.):
  > Site_  ___eu____  ___ed____
      1        0.502      0.496
      2        0.499      0.500
      3        0.497      0.505
      4        0.501      0.496
      5        0.502      0.501
      6        0.500      0.502
* Pair-correlation analysis (ave. no. pairs per config.):
  > Shell  nsite  ___dh____  __eueu___  __eued___
      0      1        0          0          1.053
      1      4        1.089      1.487      3.488
      2      4        0.160      0.846      1.092
      3      4        0.080      0.421      0.550
      4      4        0.234      2.166      1.879
      5      4        0.119      1.079      0.938

Optimization #6:
* Method          : lls
* Target function : energy
* No. of configs. : 50048
* No. of params.  : 35
* Before optimization:
  -8.3325E-01   3.1846E-01  -2.3205E-01  -2.3369E-01  -5.5460E-02  -5.2788E-02
  -5.1118E-02  -9.3432E-02   9.1507E-02   1.2765E-01   9.5699E-02   1.2069E-01
   7.6765E-03  -1.3621E-03   1.0041E+00  -4.2558E-03   7.8499E-04   7.8205E-04
  -4.9486E-03  -4.9486E-03  -6.4750E-03   2.9834E-04   2.9751E-04  -3.4776E-03
  -3.4778E-03   1.4860E-02   1.1142E-02   1.1144E-02   8.1354E-03   8.1342E-03
   1.2071E-02   1.0476E-02   1.0475E-02   9.4825E-03   9.4819E-03
  > E    =  -2.306984091688E+02 +/-   1.894290912081E-04
  > varE =   1.795891432065E-03
* Computing derivatives.
  Done. [total walltime: 3.81s]
* Optimizing manipulation constant:
  #igrid a___________ E____________________________________ varE____________
     1     Infinity    -2.30698409E+02 +/-   1.89429091E-04   1.79589143E-03
     2     1.0000E+06  -2.30698409E+02 +/-   1.89428892E-04   1.79588765E-03
     3     2.1544E+05  -2.30698409E+02 +/-   1.89428166E-04   1.79587389E-03
     4     4.6416E+04  -2.30698409E+02 +/-   1.89424795E-04   1.79580998E-03
     5     1.0000E+04  -2.30698410E+02 +/-   1.89409110E-04   1.79551259E-03
     6     2.1544E+03  -2.30698411E+02 +/-   1.89335438E-04   1.79411610E-03
     7     4.6416E+02  -2.30698417E+02 +/-   1.88973712E-04   1.78726732E-03
     8     1.0000E+02  -2.30698440E+02 +/-   1.86788284E-04   1.74616787E-03
     9     2.1544E+01  -2.30663480E+02 +/-   6.88532782E-04   2.37266253E-02
    10     4.6416E+00  -2.29464586E+02 +/-   2.64658077E-03   3.50555700E-01
    11     1.0000E+00  -2.29327091E+02 +/-   2.58144581E-03   3.33512989E-01
    12     2.1544E-01  -2.29313325E+02 +/-   2.56318488E-03   3.28811192E-01
    13     4.6416E-02  -2.29301036E+02 +/-   2.59147164E-03   3.36108617E-01
    14     1.0000E-02  -2.29298254E+02 +/-   2.59735035E-03   3.37635261E-01
    15     2.1544E-03  -2.29298415E+02 +/-   2.59703968E-03   3.37554497E-01
    16     4.6416E-04  -2.29298539E+02 +/-   2.59678990E-03   3.37489570E-01
    17     1.0000E-04  -2.29298571E+02 +/-   2.59672512E-03   3.37472731E-01
    18     2.1544E-05  -2.29298578E+02 +/-   2.59671062E-03   3.37468963E-01
    19     4.6416E-06  -2.29298580E+02 +/-   2.59670747E-03   3.37468144E-01
    20     1.0000E-06  -2.29298580E+02 +/-   2.59670680E-03   3.37467968E-01
    21     0.0000E+00  -2.29298580E+02 +/-   2.59670661E-03   3.37467919E-01
  ParMin   2.1517E+02  -2.30698425E+02 +/-   1.88374473E-04   1.77595037E-03
  # Using grid point #8
* Iteration # 1: E =  -2.306984397569E+02 +/-   1.867882840003E-04
* Reached maximum number of iterations: exiting.
* After optimization:
  -8.4909E-01   3.1948E-01  -2.2964E-01  -2.3095E-01  -5.3987E-02  -5.1554E-02
  -5.2923E-02  -9.5057E-02   9.0185E-02   1.2710E-01   9.3353E-02   1.2089E-01
   6.9318E-03  -9.0881E-04   9.9402E-01   2.8933E-02  -9.8251E-06  -7.0381E-05
   1.2648E-03   1.2639E-03   2.4600E-02  -1.8925E-04  -3.5987E-04   3.8567E-03
   3.7048E-03   6.3197E-02   2.3547E-02   2.3379E-02   2.7560E-02   2.7713E-02
   5.7322E-02   2.2841E-02   2.2559E-02   3.0017E-02   3.0018E-02
  > Energy =  -2.306984397569E+02 +/-   1.867882840003E-04
  > varE =   1.746167865415E-03

VMC #7:
* Size of Hilbert space =   4.0000E+02
* Deterministic energy evaluation:
  > Deterministic Etot/t = -230.69835903452872
    - Ttot/t = -10.365843646277471
    - Utot/t = 3.9099764658965994
* Number of equil. steps   = 1000
* Running VMC equilibration.
  Done. [total walltime: 0.01s]
* Equil. acc.ratio (%)     =  39.0063
* Sample config after equilibration:
  +-----+
  |  0  |
  |2   u|
  |0   d|
  |  2  |
  +-----+
* Number of accum. steps   = 500480 x 10
* Running VMC accumulation.
  Done. [total walltime: 1.70s]
* Acceptance ratio (%)     =  38.9652
* Etot/t                   =  -2.306984638092E+02 +/-   5.966426356324E-05
  > Ttot/t                 =  -1.036566240576E+01 +/-   2.951898616118E-04
  > Utot/t                 =   3.909690450611E+00 +/-   2.896322953376E-04
* var[Eloc/t]              =   1.760832181639E-03 +/-   1.736198575784E-05
* Correlation length       =   1.011806183199E+00
* log10 Psi^2 range: -6.3962971193069835 -- -2.3306761178156732
* log10 Pgen range : -6.3962971193069835 -- -2.3306761178156732
* Site occupation (ave. no. electrons per config.):
  > Site_  ___eu____  ___ed____
      1        0.502      0.500
      2        0.496      0.504
      3        0.499      0.501
      4        0.498      0.498
      5        0.503      0.501
      6        0.502      0.497
* Pair-correlation analysis (ave. no. pairs per config.):
  > Shell  nsite  ___dh____  __eueu___  __eued___
      0      1        0          0          1.048
      1      4        1.087      1.489      3.489
      2      4        0.159      0.847      1.090
      3      4        0.078      0.429      0.549
      4      4        0.233      2.159      1.885
      5      4        0.117      1.077      0.938

Optimization #7:
* Method          : lls
* Target function : energy
* No. of configs. : 50048
* No. of params.  : 35
* Before optimization:
  -8.4909E-01   3.1948E-01  -2.2964E-01  -2.3095E-01  -5.3987E-02  -5.1554E-02
  -5.2923E-02  -9.5057E-02   9.0185E-02   1.2710E-01   9.3353E-02   1.2089E-01
   6.9318E-03  -9.0881E-04   9.9402E-01   2.8933E-02  -9.8251E-06  -7.0381E-05
   1.2648E-03   1.2639E-03   2.4600E-02  -1.8925E-04  -3.5987E-04   3.8567E-03
   3.7048E-03   6.3197E-02   2.3547E-02   2.3379E-02   2.7560E-02   2.7713E-02
   5.7322E-02   2.2841E-02   2.2559E-02   3.0017E-02   3.0018E-02
  > E    =  -2.306985830432E+02 +/-   1.866503399225E-04
  > varE =   1.743589710431E-03
* Computing derivatives.
  Done. [total walltime: 3.80s]
* Optimizing manipulation constant:
  #igrid a___________ E____________________________________ varE____________
     1     Infinity    -2.30698583E+02 +/-   1.86650340E-04   1.74358971E-03
     2     1.0000E+06  -2.30698583E+02 +/-   1.86650142E-04   1.74358602E-03
     3     2.1544E+05  -2.30698583E+02 +/-   1.86649422E-04   1.74357256E-03
     4     4.6416E+04  -2.30698583E+02 +/-   1.86646081E-04   1.74351014E-03
     5     1.0000E+04  -2.30698583E+02 +/-   1.86630601E-04   1.74322095E-03
     6     2.1544E+03  -2.30698585E+02 +/-   1.86559364E-04   1.74189043E-03
     7     4.6416E+02  -2.30698590E+02 +/-   1.86241532E-04   1.73596034E-03
     8     1.0000E+02  -2.30698608E+02 +/-   1.85023810E-04   1.71333373E-03
     9     2.1544E+01  -2.30698384E+02 +/-   1.88948614E-04   1.78679261E-03
    10     4.6416E+00  -2.30675037E+02 +/-   5.67072264E-04   1.60939830E-02
    11     1.0000E+00  -2.30073999E+02 +/-   2.48767844E-03   3.09724251E-01
    12     2.1544E-01  -2.29481081E+02 +/-   2.35406381E-03   2.77346818E-01
    13     4.6416E-02  -2.29405048E+02 +/-   2.16691124E-03   2.35000601E-01
    14     1.0000E-02  -2.30032943E+02 +/-   1.26854524E-03   8.05375931E-02
    15     2.1544E-03  -2.29424082E+02 +/-   3.20180414E-03   5.13069561E-01
    16     4.6416E-04  -2.28692984E+02 +/-   1.84035303E-03   1.69507536E-01
    17     1.0000E-04  -2.28668681E+02 +/-   1.80475237E-03   1.63012898E-01
    18     2.1544E-05  -2.28663786E+02 +/-   1.79752668E-03   1.61710201E-01
    19     4.6416E-06  -2.28662745E+02 +/-   1.79596214E-03   1.61428824E-01
    20     1.0000E-06  -2.28662521E+02 +/-   1.79562456E-03   1.61368144E-01
    21     0.0000E+00  -2.28662460E+02 +/-   1.79553183E-03   1.61351477E-01
  ParMin   1.8891E+02  -2.30698598E+02 +/-   1.85704115E-04   1.72595625E-03
  # Using grid point #8
* Iteration # 1: E =  -2.306986081492E+02 +/-   1.850238099220E-04
* Reached maximum number of iterations: exiting.
* After optimization:
  -8.4688E-01   3.2264E-01  -2.2859E-01  -2.2975E-01  -5.2656E-02  -5.0341E-02
  -5.8884E-02  -9.5425E-02   9.0883E-02   1.2599E-01   9.3587E-02   1.2016E-01
   6.5582E-03  -7.1262E-04   9.9330E-01  -8.3105E-03  -9.0000E-05  -1.8100E-04
  -1.2023E-02  -1.2023E-02  -1.3683E-02   1.5915E-04  -9.9613E-05  -8.2059E-03
  -8.4346E-03   2.8280E-02   3.3673E-02   3.3417E-02   2.1708E-02   2.1942E-02
   2.0249E-02   3.3042E-02   3.2610E-02   2.4756E-02   2.4757E-02
  > Energy =  -2.306986081492E+02 +/-   1.850238099220E-04
  > varE =   1.713333734793E-03

VMC #8:
* Size of Hilbert space =   4.0000E+02
* Deterministic energy evaluation:
  > Deterministic Etot/t = -230.69838484854543
    - Ttot/t = -10.365925788040398
    - Utot/t = 3.9100327936428183
* Number of equil. steps   = 1000
* Running VMC equilibration.
  Done. [total walltime: 0.01s]
* Equil. acc.ratio (%)     =  39.5652
* Sample config after equilibration:
  +-----+
  |  u  |
  |2   d|
  |0   d|
  |  u  |
  +-----+
* Number of accum. steps   = 500480 x 10
* Running VMC accumulation.
  Done. [total walltime: 1.63s]
* Acceptance ratio (%)     =  39.4049
* Etot/t                   =  -2.306984466969E+02 +/-   5.932504061162E-05
  > Ttot/t                 =  -1.036589942600E+01 +/-   2.922711665674E-04
  > Utot/t                 =   3.909944583193E+00 +/-   2.884056987678E-04
* var[Eloc/t]              =   1.719284304092E-03 +/-   1.127433116330E-05
* Correlation length       =   1.024507441036E+00
* log10 Psi^2 range: -6.1135621163134237 -- -2.0462106925094701
* log10 Pgen range : -6.1135621163134237 -- -2.0462106925094701
* Site occupation (ave. no. electrons per config.):
  > Site_  ___eu____  ___ed____
      1        0.500      0.501
      2        0.498      0.498
      3        0.501      0.502
      4        0.500      0.500
      5        0.498      0.498
      6        0.503      0.501
* Pair-correlation analysis (ave. no. pairs per config.):
  > Shell  nsite  ___dh____  __eueu___  __eued___
      0      1        0          0          1.052
      1      4        1.091      1.480      3.494
      2      4        0.160      0.849      1.102
      3      4        0.080      0.419      0.545
      4      4        0.237      2.165      1.867
      5      4        0.118      1.087      0.940

Optimization #8:
* Method          : lls
* Target function : energy
* No. of configs. : 50048
* No. of params.  : 35
* Before optimization:
  -8.4688E-01   3.2264E-01  -2.2859E-01  -2.2975E-01  -5.2656E-02  -5.0341E-02
  -5.8884E-02  -9.5425E-02   9.0883E-02   1.2599E-01   9.3587E-02   1.2016E-01
   6.5582E-03  -7.1262E-04   9.9330E-01  -8.3105E-03  -9.0000E-05  -1.8100E-04
  -1.2023E-02  -1.2023E-02  -1.3683E-02   1.5915E-04  -9.9613E-05  -8.2059E-03
  -8.4346E-03   2.8280E-02   3.3673E-02   3.3417E-02   2.1708E-02   2.1942E-02
   2.0249E-02   3.3042E-02   3.2610E-02   2.4756E-02   2.4757E-02
  > E    =  -2.306981286338E+02 +/-   1.859279015749E-04
  > varE =   1.730118550062E-03
* Computing derivatives.
  Done. [total walltime: 3.69s]
* Optimizing manipulation constant:
  #igrid a___________ E____________________________________ varE____________
     1     Infinity    -2.30698129E+02 +/-   1.85927902E-04   1.73011855E-03
     2     1.0000E+06  -2.30698129E+02 +/-   1.85927708E-04   1.73011495E-03
     3     2.1544E+05  -2.30698129E+02 +/-   1.85927004E-04   1.73010184E-03
     4     4.6416E+04  -2.30698129E+02 +/-   1.85923744E-04   1.73004118E-03
     5     1.0000E+04  -2.30698129E+02 +/-   1.85908804E-04   1.72976316E-03
     6     2.1544E+03  -2.30698130E+02 +/-   1.85843579E-04   1.72854961E-03
     7     4.6416E+02  -2.30698137E+02 +/-   1.85631359E-04   1.72460411E-03
     8     1.0000E+02  -2.30698168E+02 +/-   1.87347505E-04   1.75663914E-03
     9     2.1544E+01  -2.30689202E+02 +/-   4.44550503E-04   9.89074350E-03
    10     4.6416E+00  -2.30263130E+02 +/-   2.21386671E-03   2.45295548E-01
    11     1.0000E+00  -2.29356241E+02 +/-   2.78903965E-03   3.89310489E-01
    12     2.1544E-01  -2.30011611E+02 +/-   2.33648930E-03   2.73221153E-01
    13     4.6416E-02  -2.30010677E+02 +/-   2.38613400E-03   2.84955069E-01
    14     1.0000E-02  -2.30014990E+02 +/-   4.43132519E-05   9.82774704E-05
    15     2.1544E-03  -2.29235002E+02 +/-   8.32560951E-04   3.46911585E-02
    16     4.6416E-04  -2.29241554E+02 +/-   8.30074408E-04   3.44842493E-02
    17     1.0000E-04  -2.29242567E+02 +/-   8.29605889E-04   3.44453324E-02
    18     2.1544E-05  -2.29242772E+02 +/-   8.29508329E-04   3.44372314E-02
    19     4.6416E-06  -2.29242816E+02 +/-   8.29487466E-04   3.44354992E-02
    20     1.0000E-06  -2.29242825E+02 +/-   8.29482978E-04   3.44351266E-02
    21     0.0000E+00  -2.29242828E+02 +/-   8.29481746E-04   3.44350243E-02
  ParMin   2.1458E+02  -2.30698149E+02 +/-   1.85619594E-04   1.72438550E-03
  # Using grid point #8
* Iteration # 1: E =  -2.306981681254E+02 +/-   1.873475050217E-04
* Reached maximum number of iterations: exiting.
* After optimization:
  -6.9410E-01   3.2327E-01  -2.2662E-01  -2.2775E-01  -5.1488E-02  -4.9214E-02
  -6.0717E-02  -9.6998E-02   9.0160E-02   1.2522E-01   9.2789E-02   1.1950E-01
   6.4420E-03  -6.9146E-04   9.1213E-01  -8.0319E-03  -5.3919E-04  -6.2970E-04
  -1.2375E-02  -1.2375E-02  -1.3366E-02  -4.3935E-05  -2.9335E-04  -8.2141E-03
  -8.4347E-03   3.1476E-02   3.7331E-02   3.7061E-02   2.3869E-02   2.4115E-02
   2.2011E-02   3.6611E-02   3.6156E-02   2.7419E-02   2.7420E-02
  > Energy =  -2.306981681254E+02 +/-   1.873475050217E-04
  > varE =   1.756639138100E-03

VMC #9:
* Size of Hilbert space =   4.0000E+02
* Deterministic energy evaluation:
  > Deterministic Etot/t = -230.69841751270894
    - Ttot/t = -10.363916918157097
    - Utot/t = 3.9079912595959945
* Number of equil. steps   = 1000
* Running VMC equilibration.
  Done. [total walltime: 0.01s]
* Equil. acc.ratio (%)     =  41.7156
* Sample config after equilibration:
  +-----+
  |  d  |
  |d   d|
  |u   u|
  |  u  |
  +-----+
* Number of accum. steps   = 500480 x 10
* Running VMC accumulation.
  Done. [total walltime: 1.63s]
* Acceptance ratio (%)     =  41.8951
* Etot/t                   =  -2.306985431028E+02 +/-   6.097941619575E-05
  > Ttot/t                 =  -1.036418198398E+01 +/-   2.964775287502E-04
  > Utot/t                 =   3.908130735249E+00 +/-   2.864285372676E-04
* var[Eloc/t]              =   1.777171142328E-03 +/-   1.567312344074E-05
* Correlation length       =   1.047186413440E+00
* log10 Psi^2 range: -6.1472495513241485 -- -2.0638995220580867
* log10 Pgen range : -6.1472495513241485 -- -2.0638995220580867
* Site occupation (ave. no. electrons per config.):
  > Site_  ___eu____  ___ed____
      1        0.497      0.497
      2        0.500      0.496
      3        0.504      0.502
      4        0.498      0.499
      5        0.502      0.500
      6        0.500      0.505
* Pair-correlation analysis (ave. no. pairs per config.):
  > Shell  nsite  ___dh____  __eueu___  __eued___
      0      1        0          0          1.046
      1      4        1.082      1.488      3.497
      2      4        0.158      0.852      1.096
      3      4        0.078      0.423      0.546
      4      4        0.233      2.159      1.876
      5      4        0.119      1.079      0.939

Optimization #9:
* Method          : lls
* Target function : energy
* No. of configs. : 50048
* No. of params.  : 35
* Before optimization:
  -6.9410E-01   3.2327E-01  -2.2662E-01  -2.2775E-01  -5.1488E-02  -4.9214E-02
  -6.0717E-02  -9.6998E-02   9.0160E-02   1.2522E-01   9.2789E-02   1.1950E-01
   6.4420E-03  -6.9146E-04   9.1213E-01  -8.0319E-03  -5.3919E-04  -6.2970E-04
  -1.2375E-02  -1.2375E-02  -1.3366E-02  -4.3935E-05  -2.9335E-04  -8.2141E-03
  -8.4347E-03   3.1476E-02   3.7331E-02   3.7061E-02   2.3869E-02   2.4115E-02
   2.2011E-02   3.6611E-02   3.6156E-02   2.7419E-02   2.7420E-02
  > E    =  -2.306988122956E+02 +/-   1.879469373403E-04
  > varE =   1.767898117241E-03
* Computing derivatives.
  Done. [total walltime: 3.70s]
* Optimizing manipulation constant:
  #igrid a___________ E____________________________________ varE____________
     1     Infinity    -2.30698812E+02 +/-   1.87946937E-04   1.76789812E-03
     2     1.0000E+06  -2.30698812E+02 +/-   1.87946737E-04   1.76789435E-03
     3     2.1544E+05  -2.30698812E+02 +/-   1.87946007E-04   1.76788062E-03
     4     4.6416E+04  -2.30698812E+02 +/-   1.87942621E-04   1.76781691E-03
     5     1.0000E+04  -2.30698813E+02 +/-   1.87926897E-04   1.76752113E-03
     6     2.1544E+03  -2.30698814E+02 +/-   1.87853845E-04   1.76614722E-03
     7     4.6416E+02  -2.30698819E+02 +/-   1.87513220E-04   1.75974812E-03
     8     1.0000E+02  -2.30698844E+02 +/-   1.85898600E-04   1.72957326E-03
     9     2.1544E+01  -2.30698954E+02 +/-   1.77705663E-04   1.58048094E-03
    10     4.6416E+00  -2.30698056E+02 +/-   1.81132822E-04   1.64202979E-03
    11     1.0000E+00  -2.30115622E+02 +/-   1.49830713E-03   1.12353970E-01
    12     2.1544E-01  -2.29929251E+02 +/-   1.89269355E-03   1.79286394E-01
    13     4.6416E-02  -2.30656627E+02 +/-   8.69141892E-04   3.78066409E-02
    14     1.0000E-02  -2.29033168E+02 +/-   2.13312884E-03   2.27730343E-01
    15     2.1544E-03  -2.29033388E+02 +/-   2.08222689E-03   2.16991553E-01
    16     4.6416E-04  -2.29033520E+02 +/-   2.07716354E-03   2.15937519E-01
    17     1.0000E-04  -2.29033548E+02 +/-   2.07623019E-03   2.15743504E-01
    18     2.1544E-05  -2.29033554E+02 +/-   2.07603590E-03   2.15703130E-01
    19     4.6416E-06  -2.29033555E+02 +/-   2.07599436E-03   2.15694496E-01
    20     1.0000E-06  -2.29033555E+02 +/-   2.07598542E-03   2.15692639E-01
    21     0.0000E+00  -2.29033555E+02 +/-   2.07598297E-03   2.15692130E-01
  ParMin   3.8065E+01  -2.30698894E+02 +/-   1.82373715E-04   1.66460508E-03
  # Using grid point #9
* Iteration # 1: E =  -2.306989537692E+02 +/-   1.777056628915E-04
* Reached maximum number of iterations: exiting.
* After optimization:
  -7.2930E-01   3.2597E-01  -2.1734E-01  -2.1829E-01  -4.6303E-02  -4.4236E-02
  -6.7530E-02  -1.0378E-01   8.5736E-02   1.2240E-01   8.7975E-02   1.1720E-01
   5.8663E-03  -5.7704E-04   8.9608E-01   1.5219E-02  -2.6596E-03  -2.7659E-03
  -1.1306E-02  -1.1312E-02   7.2700E-03  -2.1524E-04  -4.9356E-04  -5.0952E-03
  -5.3527E-03   7.9974E-02   4.8543E-02   4.8232E-02   3.9577E-02   3.9873E-02
   6.3420E-02   4.8409E-02   4.7885E-02   4.4889E-02   4.4887E-02
  > Energy =  -2.306989537692E+02 +/-   1.777056628915E-04
  > varE =   1.580480937712E-03

VMC #10:
* Size of Hilbert space =   4.0000E+02
* Deterministic energy evaluation:
  > Deterministic Etot/t = -230.69858379691843
    - Ttot/t = -10.364556401825181
    - Utot/t = 3.9084644590546000
* Number of equil. steps   = 1000
* Running VMC equilibration.
  Done. [total walltime: 0.01s]
* Equil. acc.ratio (%)     =  41.8605
* Sample config after equilibration:
  +-----+
  |  0  |
  |u   2|
  |d   u|
  |  d  |
  +-----+
* Number of accum. steps   = 500480 x 10
* Running VMC accumulation.
  Done. [total walltime: 1.63s]
* Acceptance ratio (%)     =  41.8134
* Etot/t                   =  -2.306985633240E+02 +/-   5.641848679515E-05
  > Ttot/t                 =  -1.036439319738E+01 +/-   3.009803467190E-04
  > Utot/t                 =   3.908321727238E+00 +/-   2.934467452568E-04
* var[Eloc/t]              =   1.536824428022E-03 +/-   1.172654378290E-05
* Correlation length       =   1.036586000973E+00
* log10 Psi^2 range: -6.4745242743988243 -- -2.3997315779039203
* log10 Pgen range : -6.4745242743988243 -- -2.3997315779039203
* Site occupation (ave. no. electrons per config.):
  > Site_  ___eu____  ___ed____
      1        0.501      0.499
      2        0.500      0.503
      3        0.500      0.497
      4        0.497      0.501
      5        0.499      0.502
      6        0.502      0.497
* Pair-correlation analysis (ave. no. pairs per config.):
  > Shell  nsite  ___dh____  __eueu___  __eued___
      0      1        0          0          1.045
      1      4        1.086      1.475      3.503
      2      4        0.157      0.838      1.100
      3      4        0.077      0.423      0.554
      4      4        0.231      2.179      1.867
      5      4        0.116      1.085      0.932

VDAGGER finished.
Total VDAGGER walltime: 1m26s

Run ended: Fri Sep 26 10:29:16 CEST 2025
