Run started: Fri Sep 26 10:33:24 CEST 2025
Using VDAGGER_ARCH = gnu7_fkfamd_cluster
Running 1x128 MPI processes.

                               xx
                              +##
                               #X
                               Xx
                          X##XxXxxX##x
                           +   Xx  ++
                               ##
                              +##
                              +##
     ++++         ++          +##
   xX+++##+      ####         +##
  Xx    ###      +X##          ##
 xX    X##+        ##          #X
 +    x##X         #x          #X
      ###         +#           x+
     X##+         #+
     ###         Xx                    _______
     ##X       +X+   __________________VDAGGER
     +##x    +xX     2nd quantized variational
       +xxxxx+       ______quantum Monte Carlo

* Running 128 MPI processes.
* Input file: "input.casl"

############# Start of input file dump #############
General:
  Random seed: timer

Plan:
  VMC-optimization:
    Minimum cycles: 10
    Convergence cycles: 5

System:
  Read Hamiltonian: FCIDUMP_loc_benzene
  Read orbitals: LTSC_benzene
  Complex orbitals: F
  Geometry:
    r_5: [ 0.00000000000000, 2.63994739601739 ]
    r_4: [ 2.28626150960564, 1.31997369800870 ]
    r_6: [ 2.28626150960564, -1.31997369800870 ]
    r_2: [ 0.00000000000000, -2.63994739601739 ]
    r_3: [ -2.28626150960564, -1.31997369800870 ]
    r_1: [ -2.28626150960564, 1.31997369800870 ]

VMC:
  nstep: 500000
  nconfig: 50000

Jastrow: wfn.casl

Backflow: wfn.casl
############## End of input file dump ##############

General setup:
* Random seed: 96490882 (from timer)

* Loaded integrals for system with nelec=6, ms2=0, norb=6
* INFO: setting number of electrons from integrals file.
* Analysis of Hamiltonian connecitivity performed:
  - T_ii (local, 1-site): 6 (i) values
  - U_iiii [opp] (local, 1-site): 6 (i) values
  - U_kkii [opp] (local, 2-site): 30 contribs. from 6 (i) values
  - U_kkii [par] (local, 2-site): 15 contribs. from 5 (i) values
  - T_ji (single, 2-site): 30 contribs. from 6 (i) values
  - U_kkji [opp] (single, 2/3-site): 180 contribs. from 30 (i,j) pairs
  - U_kkji [par] (single, 3-site): 150 contribs. from 30 (i,j) pairs
  - U_lkji [opp] (double, 2/3/4-site): 900 contribs. from 30 (i,j) pairs
  - U_lkji [par] (double, 4-site): 170 contribs. from 20 (i,j) pairs
  - Max. no. wfn. ratios in Eloc: 255
* Reading override orbitals from file "LTSC_benzene".
* Site labels:
  +-----+
  |  5  |
  |1   4|
  |3   6|
  |  2  |
  +-----+
* Automatically set Site kinds:
  [ 1, 1, 1, 1, 1, 1 ]
  +-----+
  |  1  |
  |1   1|
  |1   1|
  |  1  |
  +-----+
* Maximum Site kind: 1
* Number of site-pair kinds with Tij=0: 0
* Automatically set Site pair kinds:
  Site 1: [ 0, 4, 1, -5, -1, -2 ]
  Site 2: [ 4, 0, 1, -4, -3, -1 ]
  Site 3: [ 1, 1, 0, -2, -4, -5 ]
  Site 4: [ -5, -4, -2, 0, 1, 1 ]
  Site 5: [ -1, -3, -4, 1, 0, 4 ]
  Site 6: [ -2, -1, -5, 1, 4, 0 ]
  For site 1 of kind 1:
  +--------+
  |   -1   |
  | 0    -5|
  | 1    -2|
  |    4   |
  +--------+
* Maximum (unsigned) Site pair kind: 5
General system setup:
* Number of sites       : 6
* Number of electrons   : 6
* Spin imbalance MS2    : 0
* Filling               : 0.500000
* Number of orbitals in pool: 6
* Using real-valued orbitals
* Using double-precision arithmetic for orbitals

Trial wave function setup:
* Jastrow parameter file: "wfn.casl"
* Not using multideterminants
* Backflow parameter file: "wfn.casl"
* Not using wave function manipulation

VMC #1:
* Size of Hilbert space =   4.0000E+02
* Deterministic energy evaluation:
  > Deterministic Etot/t = -230.69858379691843
    - Ttot/t = -10.364556401825181
    - Utot/t = 3.9084644590546000
* Number of equil. steps   = 1000
* Running VMC equilibration.
  Done. [total walltime: 0.03s]
* Equil. acc.ratio (%)     =  41.8354
* Sample config after equilibration:
  +-----+
  |  2  |
  |d   0|
  |0   u|
  |  2  |
  +-----+
* Number of accum. steps   = 500480 x 10
* Running VMC accumulation.
  Done. [total walltime: 2.25s]
* Acceptance ratio (%)     =  41.8186
* Etot/t                   =  -2.306986063519E+02 +/-   5.516030307281E-05
  > Ttot/t                 =  -1.036531663892E+01 +/-   2.913075546279E-04
  > Utot/t                 =   3.909202140874E+00 +/-   2.841375717196E-04
* var[Eloc/t]              =   1.556305931070E-03 +/-   1.043651503475E-05
* Correlation length       =   9.784644287976E-01
* log10 Psi^2 range: -6.4745242938800684 -- -2.3997315779039026
* log10 Pgen range : -6.4745242938800684 -- -2.3997315779039026
* Site occupation (ave. no. electrons per config.):
  > Site_  ___eu____  ___ed____
      1        0.501      0.499
      2        0.504      0.497
      3        0.500      0.502
      4        0.502      0.501
      5        0.495      0.501
      6        0.499      0.500
* Pair-correlation analysis (ave. no. pairs per config.):
  > Shell  nsite  ___dh____  __eueu___  __eued___
      0      1        0          0          1.048
      1      4        1.091      1.477      3.497
      2      4        0.158      0.843      1.102
      3      4        0.081      0.420      0.544
      4      4        0.231      2.172      1.872
      5      4        0.117      1.088      0.936

Optimization #1:
* Method          : lls
* Target function : energy
* No. of configs. : 50048
* No. of params.  : 35
* Before optimization:
  -7.2930E-01   3.2597E-01  -2.1734E-01  -2.1829E-01  -4.6303E-02  -4.4236E-02
  -6.7530E-02  -1.0378E-01   8.5736E-02   1.2240E-01   8.7975E-02   1.1720E-01
   5.8663E-03  -5.7704E-04   8.9608E-01   1.5219E-02  -2.6596E-03  -2.7659E-03
  -1.1306E-02  -1.1312E-02   7.2700E-03  -2.1524E-04  -4.9356E-04  -5.0952E-03
  -5.3527E-03   7.9974E-02   4.8543E-02   4.8232E-02   3.9577E-02   3.9873E-02
   6.3420E-02   4.8409E-02   4.7885E-02   4.4889E-02   4.4887E-02
  > E    =  -2.306984715298E+02 +/-   1.762359273114E-04
  > varE =   1.554445940665E-03
* Computing derivatives.
  Done. [total walltime: 3.84s]
* Optimizing manipulation constant:
  #igrid a___________ E____________________________________ varE____________
     1     Infinity    -2.30698472E+02 +/-   1.76235927E-04   1.55444594E-03
     2     1.0000E+06  -2.30698472E+02 +/-   1.76235742E-04   1.55444268E-03
     3     2.1544E+05  -2.30698472E+02 +/-   1.76235069E-04   1.55443080E-03
     4     4.6416E+04  -2.30698472E+02 +/-   1.76231943E-04   1.55437566E-03
     5     1.0000E+04  -2.30698472E+02 +/-   1.76217445E-04   1.55411992E-03
     6     2.1544E+03  -2.30698473E+02 +/-   1.76150364E-04   1.55293692E-03
     7     4.6416E+02  -2.30698478E+02 +/-   1.75843510E-04   1.54753120E-03
     8     1.0000E+02  -2.30698499E+02 +/-   1.74510011E-04   1.52414897E-03
     9     2.1544E+01  -2.30698556E+02 +/-   1.69898947E-04   1.44466816E-03
    10     4.6416E+00  -2.30698075E+02 +/-   1.72784780E-04   1.49416202E-03
    11     1.0000E+00  -2.30684766E+02 +/-   4.11980030E-04   8.49452418E-03
    12     2.1544E-01  -2.30234286E+02 +/-   2.27298566E-03   2.58571180E-01
    13     4.6416E-02  -2.29400495E+02 +/-   2.11807876E-03   2.24528222E-01
    14     1.0000E-02  -2.30029066E+02 +/-   1.63509086E-03   1.33804435E-01
    15     2.1544E-03  -2.30032739E+02 +/-   1.39231471E-03   9.70200628E-02
    16     4.6416E-04  -2.30032747E+02 +/-   1.39173722E-03   9.69395966E-02
    17     1.0000E-04  -2.30032747E+02 +/-   1.39170989E-03   9.69357905E-02
    18     2.1544E-05  -2.30032747E+02 +/-   1.39170539E-03   9.69351630E-02
    19     4.6416E-06  -2.30032747E+02 +/-   1.39170447E-03   9.69350351E-02
    20     1.0000E-06  -2.30032747E+02 +/-   1.39170428E-03   9.69350079E-02
    21     0.0000E+00  -2.30032747E+02 +/-   1.39170422E-03   9.69350005E-02
  ParMin   3.8250E+01  -2.30698532E+02 +/-   1.72173957E-04   1.48361648E-03
  # Using grid point #9
* Iteration # 1: E =  -2.306985556739E+02 +/-   1.698989471882E-04
* Computing derivatives.
  Done. [total walltime: 3.83s]
* Optimizing manipulation constant:
  #igrid a___________ E____________________________________ varE____________
     1     Infinity    -2.30698556E+02 +/-   1.69898947E-04   1.44466816E-03
     2     1.0000E+06  -2.30698556E+02 +/-   1.69898772E-04   1.44466518E-03
     3     2.1544E+05  -2.30698556E+02 +/-   1.69898132E-04   1.44465431E-03
     4     4.6416E+04  -2.30698556E+02 +/-   1.69895165E-04   1.44460385E-03
     5     1.0000E+04  -2.30698556E+02 +/-   1.69881394E-04   1.44436966E-03
     6     2.1544E+03  -2.30698557E+02 +/-   1.69817489E-04   1.44328319E-03
     7     4.6416E+02  -2.30698562E+02 +/-   1.69521202E-04   1.43825129E-03
     8     1.0000E+02  -2.30698584E+02 +/-   1.68153029E-04   1.41512927E-03
     9     2.1544E+01  -2.30698682E+02 +/-   1.61939939E-04   1.31248597E-03
    10     4.6416E+00  -2.30699074E+02 +/-   1.35424706E-04   9.17872865E-04
    11     1.0000E+00  -2.30697689E+02 +/-   1.88626309E-04   1.78070206E-03
    12     2.1544E-01  -2.30215725E+02 +/-   2.51436056E-03   3.16403907E-01
    13     4.6416E-02  -2.29833176E+02 +/-   2.19447780E-03   2.41017796E-01
    14     1.0000E-02  -2.29962803E+02 +/-   2.25969936E-03   2.55557160E-01
    15     2.1544E-03  -2.29986491E+02 +/-   2.26891479E-03   2.57645818E-01
    16     4.6416E-04  -2.29991387E+02 +/-   2.27064459E-03   2.58038822E-01
    17     1.0000E-04  -2.29992432E+02 +/-   2.27100564E-03   2.58120889E-01
    18     2.1544E-05  -2.29992657E+02 +/-   2.27108289E-03   2.58138450E-01
    19     4.6416E-06  -2.29992705E+02 +/-   2.27109951E-03   2.58142228E-01
    20     1.0000E-06  -2.29992716E+02 +/-   2.27110309E-03   2.58143041E-01
    21     0.0000E+00  -2.29992719E+02 +/-   2.27110407E-03   2.58143265E-01
  ParMin   6.9857E+00  -2.30698920E+02 +/-   1.46317479E-04   1.07146786E-03
  # Using grid point #10
* Iteration # 2: E =  -2.306990741240E+02 +/-   1.354247061973E-04
* Computing derivatives.
  Done. [total walltime: 3.85s]
* Optimizing manipulation constant:
  #igrid a___________ E____________________________________ varE____________
     1     Infinity    -2.30699074E+02 +/-   1.35424706E-04   9.17872865E-04
     2     1.0000E+06  -2.30699074E+02 +/-   1.35424572E-04   9.17871046E-04
     3     2.1544E+05  -2.30699074E+02 +/-   1.35424083E-04   9.17864419E-04
     4     4.6416E+04  -2.30699074E+02 +/-   1.35421814E-04   9.17833664E-04
     5     1.0000E+04  -2.30699074E+02 +/-   1.35411285E-04   9.17690941E-04
     6     2.1544E+03  -2.30699075E+02 +/-   1.35362448E-04   9.17029117E-04
     7     4.6416E+02  -2.30699078E+02 +/-   1.35136547E-04   9.13970887E-04
     8     1.0000E+02  -2.30699092E+02 +/-   1.34104463E-04   9.00063588E-04
     9     2.1544E+01  -2.30699149E+02 +/-   1.29636067E-04   8.41082160E-04
    10     4.6416E+00  -2.30699339E+02 +/-   1.13742218E-04   6.47485598E-04
    11     1.0000E+00  -2.30699686E+02 +/-   7.96374993E-05   3.17410987E-04
    12     2.1544E-01  -2.30688805E+02 +/-   3.81690970E-04   7.29139284E-03
    13     4.6416E-02  -2.30031446E+02 +/-   1.45654149E-03   1.06177488E-01
    14     1.0000E-02  -2.30031554E+02 +/-   1.46077969E-03   1.06796291E-01
    15     2.1544E-03  -2.30031788E+02 +/-   1.44795440E-03   1.04929233E-01
    16     4.6416E-04  -2.30031835E+02 +/-   1.44533310E-03   1.04549659E-01
    17     1.0000E-04  -2.30031845E+02 +/-   1.44477719E-03   1.04469251E-01
    18     2.1544E-05  -2.30031847E+02 +/-   1.44465785E-03   1.04451993E-01
    19     4.6416E-06  -2.30031848E+02 +/-   1.44463216E-03   1.04448278E-01
    20     1.0000E-06  -2.30031848E+02 +/-   1.44462663E-03   1.04447478E-01
    21     0.0000E+00  -2.30031848E+02 +/-   1.44462511E-03   1.04447258E-01
  ParMin   2.0365E+00  -2.30699520E+02 +/-   9.70964913E-05   4.71838962E-04
  # Using grid point #11
* Iteration # 3: E =  -2.306996855823E+02 +/-   7.963749933359E-05
* Computing derivatives.
  Done. [total walltime: 3.86s]
* Optimizing manipulation constant:
  #igrid a___________ E____________________________________ varE____________
     1     Infinity    -2.30699686E+02 +/-   7.96374993E-05   3.17410987E-04
     2     1.0000E+06  -2.30699686E+02 +/-   7.96374389E-05   3.17410506E-04
     3     2.1544E+05  -2.30699686E+02 +/-   7.96372189E-05   3.17408752E-04
     4     4.6416E+04  -2.30699686E+02 +/-   7.96361977E-05   3.17400612E-04
     5     1.0000E+04  -2.30699686E+02 +/-   7.96314582E-05   3.17362833E-04
     6     2.1544E+03  -2.30699686E+02 +/-   7.96094708E-05   3.17187600E-04
     7     4.6416E+02  -2.30699687E+02 +/-   7.95076558E-05   3.16376797E-04
     8     1.0000E+02  -2.30699691E+02 +/-   7.90402021E-05   3.12667551E-04
     9     2.1544E+01  -2.30699711E+02 +/-   7.69741581E-05   2.96535452E-04
    10     4.6416E+00  -2.30699788E+02 +/-   6.91324182E-05   2.39193969E-04
    11     1.0000E+00  -2.30699959E+02 +/-   5.10470358E-05   1.30415072E-04
    12     2.1544E-01  -2.30700060E+02 +/-   4.26745744E-05   9.11433789E-05
    13     4.6416E-02  -2.30700042E+02 +/-   4.93206580E-05   1.21743127E-04
    14     1.0000E-02  -2.30700026E+02 +/-   5.25607762E-05   1.38264366E-04
    15     2.1544E-03  -2.30700022E+02 +/-   5.33839789E-05   1.42629253E-04
    16     4.6416E-04  -2.30700021E+02 +/-   5.35677121E-05   1.43612725E-04
    17     1.0000E-04  -2.30700021E+02 +/-   5.36075985E-05   1.43826672E-04
    18     2.1544E-05  -2.30700021E+02 +/-   5.36162059E-05   1.43872862E-04
    19     4.6416E-06  -2.30700021E+02 +/-   5.36180609E-05   1.43882818E-04
    20     1.0000E-06  -2.30700021E+02 +/-   5.36184606E-05   1.43884963E-04
    21     0.0000E+00  -2.30700021E+02 +/-   5.36185704E-05   1.43885552E-04
  ParMin   1.4271E-01  -2.30700059E+02 +/-   4.42583496E-05   9.80340978E-05
  # Using grid point #12
* Iteration # 4: E =  -2.307000598571E+02 +/-   4.267457442732E-05
* Computing derivatives.
  Done. [total walltime: 3.87s]
* Optimizing manipulation constant:
  #igrid a___________ E____________________________________ varE____________
     1     Infinity    -2.30700060E+02 +/-   4.26745744E-05   9.11433789E-05
     2     1.0000E+06  -2.30700060E+02 +/-   4.26745639E-05   9.11433337E-05
     3     2.1544E+05  -2.30700060E+02 +/-   4.26745254E-05   9.11431693E-05
     4     4.6416E+04  -2.30700060E+02 +/-   4.26743467E-05   9.11424061E-05
     5     1.0000E+04  -2.30700060E+02 +/-   4.26735176E-05   9.11388645E-05
     6     2.1544E+03  -2.30700060E+02 +/-   4.26696731E-05   9.11224436E-05
     7     4.6416E+02  -2.30700060E+02 +/-   4.26519135E-05   9.10466071E-05
     8     1.0000E+02  -2.30700060E+02 +/-   4.25712767E-05   9.07026711E-05
     9     2.1544E+01  -2.30700062E+02 +/-   4.22323707E-05   8.92642684E-05
    10     4.6416E+00  -2.30700066E+02 +/-   4.11883764E-05   8.49055485E-05
    11     1.0000E+00  -2.30700072E+02 +/-   3.99579209E-05   7.99084107E-05
    12     2.1544E-01  -2.30700074E+02 +/-   4.01031274E-05   8.04902380E-05
    13     4.6416E-02  -2.30700074E+02 +/-   4.05368508E-05   8.22406890E-05
    14     1.0000E-02  -2.30700073E+02 +/-   4.06899501E-05   8.28630742E-05
    15     2.1544E-03  -2.30700073E+02 +/-   4.07269458E-05   8.30138225E-05
    16     4.6416E-04  -2.30700073E+02 +/-   4.07351206E-05   8.30471513E-05
    17     1.0000E-04  -2.30700073E+02 +/-   4.07368915E-05   8.30543722E-05
    18     2.1544E-05  -2.30700073E+02 +/-   4.07372735E-05   8.30559297E-05
    19     4.6416E-06  -2.30700073E+02 +/-   4.07373558E-05   8.30562654E-05
    20     1.0000E-06  -2.30700073E+02 +/-   4.07373735E-05   8.30563377E-05
    21     0.0000E+00  -2.30700073E+02 +/-   4.07373784E-05   8.30563576E-05
* Iteration # 5: E =  -2.307000740202E+02 +/-   4.010312743450E-05
* Reached maximum number of iterations: exiting.
* After optimization:
  -1.1047E+00   3.8758E-01  -4.2495E-02  -4.2668E-02   7.1694E-02   7.2214E-02
  -2.4979E-01  -2.5680E-01   1.1000E-02   3.0492E-02   1.2689E-02   2.9628E-02
   1.2027E-03  -6.9429E-04   7.3537E-01  -3.9654E-02  -4.8604E-02  -4.9209E-02
  -5.1807E-02  -5.2299E-02  -1.8034E-02  -2.3925E-02  -2.3811E-02  -2.7142E-02
  -2.6594E-02   1.3810E-01   1.4184E-01   1.4189E-01   8.5873E-02   8.5076E-02
   5.0199E-02   1.4885E-01   1.4949E-01   1.0842E-01   1.0845E-01
  > Energy =  -2.307000740202E+02 +/-   4.010312743450E-05
  > varE =   8.049023802121E-05

VMC #2:
* Size of Hilbert space =   4.0000E+02
* Deterministic energy evaluation:
  > Deterministic Etot/t = -230.70021273853573
    - Ttot/t = -10.363100493119646
    - Utot/t = 3.9053796087318005
* Number of equil. steps   = 1000
* Running VMC equilibration.
  Done. [total walltime: 0.01s]
* Equil. acc.ratio (%)     =  41.9991
* Sample config after equilibration:
  +-----+
  |  u  |
  |2   d|
  |0   d|
  |  u  |
  +-----+
* Number of accum. steps   = 500480 x 10
* Running VMC accumulation.
  Done. [total walltime: 1.71s]
* Acceptance ratio (%)     =  42.0556
* Etot/t                   =  -2.307002282030E+02 +/-   1.416839574456E-05
  > Ttot/t                 =  -1.036277772470E+01 +/-   2.948212918637E-04
  > Utot/t                 =   3.905041375850E+00 +/-   2.941759794366E-04
* var[Eloc/t]              =   1.021480943426E-04 +/-   1.070410897922E-05
* Correlation length       =   9.835531096693E-01
* log10 Psi^2 range: -7.1452555730142997 -- -3.2325567553715335
* log10 Pgen range : -7.1452555730142997 -- -3.2325567553715335
* Site occupation (ave. no. electrons per config.):
  > Site_  ___eu____  ___ed____
      1        0.498      0.500
      2        0.501      0.499
      3        0.501      0.499
      4        0.498      0.503
      5        0.502      0.498
      6        0.500      0.502
* Pair-correlation analysis (ave. no. pairs per config.):
  > Shell  nsite  ___dh____  __eueu___  __eued___
      0      1        0          0          1.030
      1      4        1.061      1.473      3.530
      2      4        0.154      0.839      1.106
      3      4        0.077      0.417      0.553
      4      4        0.229      2.181      1.853
      5      4        0.116      1.090      0.927

Optimization #2:
* Method          : lls
* Target function : energy
* No. of configs. : 50048
* No. of params.  : 35
* Before optimization:
  -1.1047E+00   3.8758E-01  -4.2495E-02  -4.2668E-02   7.1694E-02   7.2214E-02
  -2.4979E-01  -2.5680E-01   1.1000E-02   3.0492E-02   1.2689E-02   2.9628E-02
   1.2027E-03  -6.9429E-04   7.3537E-01  -3.9654E-02  -4.8604E-02  -4.9209E-02
  -5.1807E-02  -5.2299E-02  -1.8034E-02  -2.3925E-02  -2.3811E-02  -2.7142E-02
  -2.6594E-02   1.3810E-01   1.4184E-01   1.4189E-01   8.5873E-02   8.5076E-02
   5.0199E-02   1.4885E-01   1.4949E-01   1.0842E-01   1.0845E-01
  > E    =  -2.307002316648E+02 +/-   4.732700677557E-05
  > varE =   1.120997911041E-04
* Computing derivatives.
  Done. [total walltime: 3.88s]
* Optimizing manipulation constant:
  #igrid a___________ E____________________________________ varE____________
     1     Infinity    -2.30700232E+02 +/-   4.73270068E-05   1.12099791E-04
     2     1.0000E+06  -2.30700232E+02 +/-   4.73270027E-05   1.12099772E-04
     3     2.1544E+05  -2.30700232E+02 +/-   4.73269879E-05   1.12099701E-04
     4     4.6416E+04  -2.30700232E+02 +/-   4.73269189E-05   1.12099375E-04
     5     1.0000E+04  -2.30700232E+02 +/-   4.73265972E-05   1.12097851E-04
     6     2.1544E+03  -2.30700232E+02 +/-   4.73250704E-05   1.12090618E-04
     7     4.6416E+02  -2.30700232E+02 +/-   4.73172676E-05   1.12053659E-04
     8     1.0000E+02  -2.30700231E+02 +/-   4.72690968E-05   1.11825625E-04
     9     2.1544E+01  -2.30700210E+02 +/-   4.82285289E-05   1.16411198E-04
    10     4.6416E+00  -2.30696364E+02 +/-   2.41387116E-04   2.91618384E-03
    11     1.0000E+00  -2.30013694E+02 +/-   2.53598563E-03   3.21869855E-01
    12     2.1544E-01  -2.29269401E+02 +/-   2.63472642E-03   3.47422370E-01
    13     4.6416E-02  -2.29269598E+02 +/-   2.63357224E-03   3.47118051E-01
    14     1.0000E-02  -2.29270236E+02 +/-   2.63241621E-03   3.46813378E-01
    15     2.1544E-03  -2.29270497E+02 +/-   2.63194474E-03   3.46689157E-01
    16     4.6416E-04  -2.29270563E+02 +/-   2.63182484E-03   3.46657570E-01
    17     1.0000E-04  -2.29270578E+02 +/-   2.63179802E-03   3.46650506E-01
    18     2.1544E-05  -2.29270582E+02 +/-   2.63179220E-03   3.46648972E-01
    19     4.6416E-06  -2.29270582E+02 +/-   2.63179094E-03   3.46648641E-01
    20     1.0000E-06  -2.29270582E+02 +/-   2.63179067E-03   3.46648570E-01
    21     0.0000E+00  -2.29270582E+02 +/-   2.63179059E-03   3.46648550E-01
* Iteration # 1: E =  -2.307002316621E+02 +/-   4.732507043904E-05
* Convergence: exiting.
* After optimization:
  -1.1034E+00   3.8757E-01  -4.2494E-02  -4.2670E-02   7.1691E-02   7.2214E-02
  -2.4976E-01  -2.5678E-01   1.0998E-02   3.0505E-02   1.2701E-02   2.9633E-02
   1.2120E-03  -7.0066E-04   7.3488E-01  -3.9603E-02  -4.8577E-02  -4.9182E-02
  -5.1773E-02  -5.2265E-02  -1.8007E-02  -2.3910E-02  -2.3795E-02  -2.7131E-02
  -2.6581E-02   1.3816E-01   1.4183E-01   1.4188E-01   8.5888E-02   8.5089E-02
   5.0267E-02   1.4885E-01   1.4948E-01   1.0843E-01   1.0845E-01
  > Energy =  -2.307002316621E+02 +/-   4.732507043904E-05
  > varE =   1.120906183930E-04

VMC #3:
* Size of Hilbert space =   4.0000E+02
* Deterministic energy evaluation:
  > Deterministic Etot/t = -230.70021274388284
    - Ttot/t = -10.363100388058228
    - Utot/t = 3.9053794983232777
* Number of equil. steps   = 1000
* Running VMC equilibration.
  Done. [total walltime: 0.01s]
* Equil. acc.ratio (%)     =  41.9932
* Sample config after equilibration:
  +-----+
  |  u  |
  |u   d|
  |d   2|
  |  0  |
  +-----+
* Number of accum. steps   = 500480 x 10
* Running VMC accumulation.
  Done. [total walltime: 1.70s]
* Acceptance ratio (%)     =  42.0686
* Etot/t                   =  -2.307002046890E+02 +/-   1.424200509083E-05
  > Ttot/t                 =  -1.036342040592E+01 +/-   2.958065181347E-04
  > Utot/t                 =   3.905707571310E+00 +/-   2.955059117420E-04
* var[Eloc/t]              =   1.033569283968E-04 +/-   8.442517889527E-06
* Correlation length       =   9.821761998783E-01
* log10 Psi^2 range: -7.1396652169603696 -- -3.2329508983256630
* log10 Pgen range : -7.1396652169603696 -- -3.2329508983256630
* Site occupation (ave. no. electrons per config.):
  > Site_  ___eu____  ___ed____
      1        0.497      0.503
      2        0.499      0.499
      3        0.502      0.498
      4        0.501      0.501
      5        0.503      0.497
      6        0.499      0.501
* Pair-correlation analysis (ave. no. pairs per config.):
  > Shell  nsite  ___dh____  __eueu___  __eued___
      0      1        0          0          1.030
      1      4        1.054      1.484      3.529
      2      4        0.149      0.845      1.108
      3      4        0.074      0.421      0.552
      4      4        0.234      2.166      1.852
      5      4        0.116      1.085      0.928

Optimization #3:
* Method          : lls
* Target function : energy
* No. of configs. : 50048
* No. of params.  : 35
* Before optimization:
  -1.1034E+00   3.8757E-01  -4.2494E-02  -4.2670E-02   7.1691E-02   7.2214E-02
  -2.4976E-01  -2.5678E-01   1.0998E-02   3.0505E-02   1.2701E-02   2.9633E-02
   1.2120E-03  -7.0066E-04   7.3488E-01  -3.9603E-02  -4.8577E-02  -4.9182E-02
  -5.1773E-02  -5.2265E-02  -1.8007E-02  -2.3910E-02  -2.3795E-02  -2.7131E-02
  -2.6581E-02   1.3816E-01   1.4183E-01   1.4188E-01   8.5888E-02   8.5089E-02
   5.0267E-02   1.4885E-01   1.4948E-01   1.0843E-01   1.0845E-01
  > E    =  -2.307002250530E+02 +/-   4.632750332227E-05
  > varE =   1.074148976068E-04
* Computing derivatives.
  Done. [total walltime: 3.87s]
* Optimizing manipulation constant:
  #igrid a___________ E____________________________________ varE____________
     1     Infinity    -2.30700225E+02 +/-   4.63275033E-05   1.07414898E-04
     2     1.0000E+06  -2.30700225E+02 +/-   4.63274994E-05   1.07414879E-04
     3     2.1544E+05  -2.30700225E+02 +/-   4.63274844E-05   1.07414810E-04
     4     4.6416E+04  -2.30700225E+02 +/-   4.63274008E-05   1.07414422E-04
     5     1.0000E+04  -2.30700225E+02 +/-   4.63267150E-05   1.07411242E-04
     6     2.1544E+03  -2.30700225E+02 +/-   4.63180674E-05   1.07371146E-04
     7     4.6416E+02  -2.30700222E+02 +/-   4.65590004E-05   1.08491077E-04
     8     1.0000E+02  -2.30699308E+02 +/-   1.27202118E-04   8.09795596E-04
     9     2.1544E+01  -2.30548143E+02 +/-   1.47178560E-03   1.08411619E-01
    10     4.6416E+00  -2.30007698E+02 +/-   2.57021456E-03   3.30617233E-01
    11     1.0000E+00  -2.30005973E+02 +/-   2.57136512E-03   3.30913300E-01
    12     2.1544E-01  -2.29313072E+02 +/-   7.16003158E-04   2.56576338E-02
    13     4.6416E-02  -2.29283182E+02 +/-   7.85756299E-04   3.09002839E-02
    14     1.0000E-02  -2.29280628E+02 +/-   2.68344638E-03   3.60389866E-01
    15     2.1544E-03  -2.29280165E+02 +/-   2.68406484E-03   3.60556006E-01
    16     4.6416E-04  -2.29280069E+02 +/-   2.68419294E-03   3.60590422E-01
    17     1.0000E-04  -2.29280049E+02 +/-   2.68422031E-03   3.60597775E-01
    18     2.1544E-05  -2.29280044E+02 +/-   2.68422619E-03   3.60599357E-01
    19     4.6416E-06  -2.29280043E+02 +/-   2.68422746E-03   3.60599697E-01
    20     1.0000E-06  -2.29280043E+02 +/-   2.68422774E-03   3.60599770E-01
    21     0.0000E+00  -2.29280043E+02 +/-   2.68422781E-03   3.60599791E-01
  ParMin   4.6168E+03  -2.30700225E+02 +/-   4.63248285E-05   1.07402494E-04
  # Using grid point #6
* Iteration # 1: E =  -2.307002250367E+02 +/-   4.631806740329E-05
* Convergence: exiting.
* After optimization:
  -1.1255E+00   3.8757E-01  -4.2489E-02  -4.2665E-02   7.1696E-02   7.2218E-02
  -2.4974E-01  -2.5676E-01   1.0994E-02   3.0523E-02   1.2693E-02   2.9654E-02
   1.2090E-03  -6.9874E-04   7.4298E-01  -4.0009E-02  -4.9122E-02  -4.9733E-02
  -5.2351E-02  -5.2847E-02  -1.8188E-02  -2.4179E-02  -2.4063E-02  -2.7441E-02
  -2.6886E-02   1.3823E-01   1.4183E-01   1.4188E-01   8.5901E-02   8.5102E-02
   5.0336E-02   1.4885E-01   1.4948E-01   1.0843E-01   1.0846E-01
  > Energy =  -2.307002250367E+02 +/-   4.631806740329E-05
  > varE =   1.073711458405E-04

VMC #4:
* Size of Hilbert space =   4.0000E+02
* Deterministic energy evaluation:
  > Deterministic Etot/t = -230.70021276901971
    - Ttot/t = -10.363065181707766
    - Utot/t = 3.9053442668359382
* Number of equil. steps   = 1000
* Running VMC equilibration.
  Done. [total walltime: 0.01s]
* Equil. acc.ratio (%)     =  42.5250
* Sample config after equilibration:
  +-----+
  |  d  |
  |u   u|
  |d   d|
  |  u  |
  +-----+
* Number of accum. steps   = 500480 x 10
* Running VMC accumulation.
  Done. [total walltime: 1.71s]
* Acceptance ratio (%)     =  42.4712
* Etot/t                   =  -2.307002184629E+02 +/-   1.364771285582E-05
  > Ttot/t                 =  -1.036331439073E+01 +/-   2.892910728071E-04
  > Utot/t                 =   3.905587782081E+00 +/-   2.887944154649E-04
* var[Eloc/t]              =   9.360599109094E-05 +/-   7.230984041756E-06
* Correlation length       =   9.958704228517E-01
* log10 Psi^2 range: -7.1403351343697796 -- -3.2333430934587821
* log10 Pgen range : -7.1403351343697796 -- -3.2333430934587821
* Site occupation (ave. no. electrons per config.):
  > Site_  ___eu____  ___ed____
      1        0.497      0.500
      2        0.501      0.499
      3        0.503      0.500
      4        0.499      0.499
      5        0.500      0.500
      6        0.501      0.501
* Pair-correlation analysis (ave. no. pairs per config.):
  > Shell  nsite  ___dh____  __eueu___  __eued___
      0      1        0          0          1.030
      1      4        1.058      1.477      3.531
      2      4        0.148      0.841      1.109
      3      4        0.077      0.422      0.552
      4      4        0.234      2.172      1.854
      5      4        0.115      1.088      0.924

Optimization #4:
* Method          : lls
* Target function : energy
* No. of configs. : 50048
* No. of params.  : 35
* Before optimization:
  -1.1255E+00   3.8757E-01  -4.2489E-02  -4.2665E-02   7.1696E-02   7.2218E-02
  -2.4974E-01  -2.5676E-01   1.0994E-02   3.0523E-02   1.2693E-02   2.9654E-02
   1.2090E-03  -6.9874E-04   7.4298E-01  -4.0009E-02  -4.9122E-02  -4.9733E-02
  -5.2351E-02  -5.2847E-02  -1.8188E-02  -2.4179E-02  -2.4063E-02  -2.7441E-02
  -2.6886E-02   1.3823E-01   1.4183E-01   1.4188E-01   8.5901E-02   8.5102E-02
   5.0336E-02   1.4885E-01   1.4948E-01   1.0843E-01   1.0846E-01
  > E    =  -2.307002359735E+02 +/-   4.202868756051E-05
  > varE =   8.840531661070E-05
* Computing derivatives.
  Done. [total walltime: 3.88s]
* Optimizing manipulation constant:
  #igrid a___________ E____________________________________ varE____________
     1     Infinity    -2.30700236E+02 +/-   4.20286876E-05   8.84053166E-05
     2     1.0000E+06  -2.30700236E+02 +/-   4.20286845E-05   8.84053036E-05
     3     2.1544E+05  -2.30700236E+02 +/-   4.20286732E-05   8.84052562E-05
     4     4.6416E+04  -2.30700236E+02 +/-   4.20286209E-05   8.84050363E-05
     5     1.0000E+04  -2.30700236E+02 +/-   4.20283784E-05   8.84040161E-05
     6     2.1544E+03  -2.30700236E+02 +/-   4.20272547E-05   8.83992888E-05
     7     4.6416E+02  -2.30700236E+02 +/-   4.20220801E-05   8.83775220E-05
     8     1.0000E+02  -2.30700236E+02 +/-   4.19989294E-05   8.82801714E-05
     9     2.1544E+01  -2.30700237E+02 +/-   4.19082914E-05   8.78995471E-05
    10     4.6416E+00  -2.30700240E+02 +/-   4.17481546E-05   8.72290804E-05
    11     1.0000E+00  -2.30700240E+02 +/-   4.30980604E-05   9.29612978E-05
    12     2.1544E-01  -2.30700227E+02 +/-   4.72964386E-05   1.11955029E-04
    13     4.6416E-02  -2.30700218E+02 +/-   4.96705639E-05   1.23476670E-04
    14     1.0000E-02  -2.30700215E+02 +/-   5.03355530E-05   1.26805011E-04
    15     2.1544E-03  -2.30700214E+02 +/-   5.04879509E-05   1.27574013E-04
    16     4.6416E-04  -2.30700214E+02 +/-   5.05212355E-05   1.27742277E-04
    17     1.0000E-04  -2.30700214E+02 +/-   5.05284276E-05   1.27778650E-04
    18     2.1544E-05  -2.30700214E+02 +/-   5.05299781E-05   1.27786492E-04
    19     4.6416E-06  -2.30700214E+02 +/-   5.05303122E-05   1.27788182E-04
    20     1.0000E-06  -2.30700214E+02 +/-   5.05303842E-05   1.27788546E-04
    21     0.0000E+00  -2.30700214E+02 +/-   5.05304040E-05   1.27788646E-04
* Iteration # 1: E =  -2.307002396243E+02 +/-   4.174815464262E-05
* Convergence: exiting.
* After optimization:
  -1.1240E+00   3.8550E-01  -4.1441E-02  -4.2205E-02   7.2127E-02   7.2864E-02
  -2.4261E-01  -2.5170E-01   9.8260E-03   3.5726E-02   1.2682E-02   3.4373E-02
   2.0990E-03  -1.0904E-03   7.4430E-01  -2.9919E-02  -5.0623E-02  -5.1030E-02
  -5.5547E-02  -5.5886E-02  -1.3333E-02  -2.5109E-02  -2.4935E-02  -3.1005E-02
  -3.0368E-02   1.5670E-01   1.4398E-01   1.4421E-01   8.7834E-02   8.6876E-02
   6.7314E-02   1.5115E-01   1.5195E-01   1.0971E-01   1.0966E-01
  > Energy =  -2.307002396243E+02 +/-   4.174815464262E-05
  > varE =   8.722908040718E-05

VMC #5:
* Size of Hilbert space =   4.0000E+02
* Deterministic energy evaluation:
  > Deterministic Etot/t = -230.70021389571448
    - Ttot/t = -10.363255046400493
    - Utot/t = 3.9055330048339063
* Number of equil. steps   = 1000
* Running VMC equilibration.
  Done. [total walltime: 0.01s]
* Equil. acc.ratio (%)     =  42.8507
* Sample config after equilibration:
  +-----+
  |  u  |
  |d   d|
  |2   u|
  |  0  |
  +-----+
* Number of accum. steps   = 500480 x 10
* Running VMC accumulation.
  Done. [total walltime: 1.71s]
* Acceptance ratio (%)     =  42.6817
* Etot/t                   =  -2.307001896733E+02 +/-   1.307573116789E-05
  > Ttot/t                 =  -1.036329206951E+01 +/-   2.917546625498E-04
  > Utot/t                 =   3.905594250268E+00 +/-   2.915596285678E-04
* var[Eloc/t]              =   8.594679120139E-05 +/-   6.983724637321E-06
* Correlation length       =   9.956094866282E-01
* log10 Psi^2 range: -7.2141771651554345 -- -3.3234684969276533
* log10 Pgen range : -7.2141771651554345 -- -3.3234684969276533
* Site occupation (ave. no. electrons per config.):
  > Site_  ___eu____  ___ed____
      1        0.499      0.499
      2        0.499      0.499
      3        0.503      0.499
      4        0.503      0.501
      5        0.497      0.500
      6        0.498      0.501
* Pair-correlation analysis (ave. no. pairs per config.):
  > Shell  nsite  ___dh____  __eueu___  __eued___
      0      1        0          0          1.031
      1      4        1.056      1.481      3.532
      2      4        0.151      0.846      1.106
      3      4        0.074      0.420      0.553
      4      4        0.235      2.168      1.849
      5      4        0.118      1.086      0.928

Optimization #5:
* Method          : lls
* Target function : energy
* No. of configs. : 50048
* No. of params.  : 35
* Before optimization:
  -1.1240E+00   3.8550E-01  -4.1441E-02  -4.2205E-02   7.2127E-02   7.2864E-02
  -2.4261E-01  -2.5170E-01   9.8260E-03   3.5726E-02   1.2682E-02   3.4373E-02
   2.0990E-03  -1.0904E-03   7.4430E-01  -2.9919E-02  -5.0623E-02  -5.1030E-02
  -5.5547E-02  -5.5886E-02  -1.3333E-02  -2.5109E-02  -2.4935E-02  -3.1005E-02
  -3.0368E-02   1.5670E-01   1.4398E-01   1.4421E-01   8.7834E-02   8.6876E-02
   6.7314E-02   1.5115E-01   1.5195E-01   1.0971E-01   1.0966E-01
  > E    =  -2.307001722665E+02 +/-   4.048401783255E-05
  > varE =   8.202645486689E-05
* Computing derivatives.
  Done. [total walltime: 3.88s]
* Optimizing manipulation constant:
  #igrid a___________ E____________________________________ varE____________
     1     Infinity    -2.30700172E+02 +/-   4.04840178E-05   8.20264549E-05
     2     1.0000E+06  -2.30700172E+02 +/-   4.04840174E-05   8.20264529E-05
     3     2.1544E+05  -2.30700172E+02 +/-   4.04840156E-05   8.20264458E-05
     4     4.6416E+04  -2.30700172E+02 +/-   4.04840075E-05   8.20264128E-05
     5     1.0000E+04  -2.30700172E+02 +/-   4.04839697E-05   8.20262597E-05
     6     2.1544E+03  -2.30700172E+02 +/-   4.04837940E-05   8.20255480E-05
     7     4.6416E+02  -2.30700172E+02 +/-   4.04829729E-05   8.20222204E-05
     8     1.0000E+02  -2.30700172E+02 +/-   4.04790436E-05   8.20062990E-05
     9     2.1544E+01  -2.30700172E+02 +/-   4.04591646E-05   8.19257731E-05
    10     4.6416E+00  -2.30700173E+02 +/-   4.03926778E-05   8.16567364E-05
    11     1.0000E+00  -2.30700172E+02 +/-   4.07449083E-05   8.30870645E-05
    12     2.1544E-01  -2.30700170E+02 +/-   4.18124661E-05   8.74980337E-05
    13     4.6416E-02  -2.30700177E+02 +/-   4.11430956E-05   8.47189680E-05
    14     1.0000E-02  -2.30700180E+02 +/-   4.18826567E-05   8.77920462E-05
    15     2.1544E-03  -2.30699655E+02 +/-   1.01142212E-04   5.11978384E-04
    16     4.6416E-04  -2.30698169E+02 +/-   1.83031526E-04   1.67663500E-03
    17     1.0000E-04  -2.30697403E+02 +/-   2.13079139E-04   2.27231530E-03
    18     2.1544E-05  -2.30697197E+02 +/-   2.20464226E-04   2.43255677E-03
    19     4.6416E-06  -2.30697150E+02 +/-   2.22102899E-04   2.46885271E-03
    20     1.0000E-06  -2.30697140E+02 +/-   2.22458209E-04   2.47675815E-03
    21     0.0000E+00  -2.30697137E+02 +/-   2.22555921E-04   2.47893439E-03
  ParMin   2.1469E-02  -2.30700179E+02 +/-   4.12845415E-05   8.53024801E-05
  # Using grid point #14
* Iteration # 1: E =  -2.307001804869E+02 +/-   4.188265671874E-05
* Convergence: exiting.
* After optimization:
  -9.9930E-01   3.8825E-01  -3.2530E-02  -3.0555E-02   8.1162E-02   7.8736E-02
  -2.5231E-01  -2.5462E-01   7.8230E-03   3.1664E-02   2.4740E-03   3.9612E-02
  -3.5967E-03   2.5289E-03   6.8993E-01  -3.6467E-02  -4.9123E-02  -4.6619E-02
  -5.9188E-02  -5.9717E-02  -2.2804E-02  -2.8102E-02  -2.8420E-02  -3.1166E-02
  -3.2797E-02   1.5436E-01   1.5891E-01   1.5929E-01   8.9894E-02   8.9691E-02
   5.6299E-02   1.6235E-01   1.6091E-01   1.1794E-01   1.1656E-01
  > Energy =  -2.307001804869E+02 +/-   4.188265671874E-05
  > varE =   8.779204622383E-05

VMC #6:
* Size of Hilbert space =   4.0000E+02
* Deterministic energy evaluation:
  > Deterministic Etot/t = -230.70020902565000
    - Ttot/t = -10.362537569874508
    - Utot/t = 3.9048203983723520
* Number of equil. steps   = 1000
* Running VMC equilibration.
  Done. [total walltime: 0.01s]
* Equil. acc.ratio (%)     =  38.1263
* Sample config after equilibration:
  +-----+
  |  2  |
  |2   0|
  |d   u|
  |  0  |
  +-----+
* Number of accum. steps   = 500480 x 10
* Running VMC accumulation.
  Done. [total walltime: 1.70s]
* Acceptance ratio (%)     =  38.1592
* Etot/t                   =  -2.307002123018E+02 +/-   1.450208310921E-05
  > Ttot/t                 =  -1.036220858666E+01 +/-   2.916694262330E-04
  > Utot/t                 =   3.904488139011E+00 +/-   2.898037580858E-04
* var[Eloc/t]              =   1.042161460347E-04 +/-   5.470637784946E-06
* Correlation length       =   1.009979357874E+00
* log10 Psi^2 range: -7.1559701406184084 -- -3.2648834562317801
* log10 Pgen range : -7.1559701406184084 -- -3.2648834562317801
* Site occupation (ave. no. electrons per config.):
  > Site_  ___eu____  ___ed____
      1        0.500      0.497
      2        0.499      0.497
      3        0.500      0.503
      4        0.500      0.502
      5        0.502      0.500
      6        0.498      0.502
* Pair-correlation analysis (ave. no. pairs per config.):
  > Shell  nsite  ___dh____  __eueu___  __eued___
      0      1        0          0          1.030
      1      4        1.062      1.478      3.527
      2      4        0.151      0.843      1.109
      3      4        0.077      0.416      0.555
      4      4        0.231      2.177      1.851
      5      4        0.117      1.087      0.928

Optimization #6:
* Method          : lls
* Target function : energy
* No. of configs. : 50048
* No. of params.  : 35
* Before optimization:
  -9.9930E-01   3.8825E-01  -3.2530E-02  -3.0555E-02   8.1162E-02   7.8736E-02
  -2.5231E-01  -2.5462E-01   7.8230E-03   3.1664E-02   2.4740E-03   3.9612E-02
  -3.5967E-03   2.5289E-03   6.8993E-01  -3.6467E-02  -4.9123E-02  -4.6619E-02
  -5.9188E-02  -5.9717E-02  -2.2804E-02  -2.8102E-02  -2.8420E-02  -3.1166E-02
  -3.2797E-02   1.5436E-01   1.5891E-01   1.5929E-01   8.9894E-02   8.9691E-02
   5.6299E-02   1.6235E-01   1.6091E-01   1.1794E-01   1.1656E-01
  > E    =  -2.307002612123E+02 +/-   5.160560063793E-05
  > varE =   1.332847314849E-04
* Computing derivatives.
  Done. [total walltime: 3.88s]
* Optimizing manipulation constant:
  #igrid a___________ E____________________________________ varE____________
     1     Infinity    -2.30700261E+02 +/-   5.16056006E-05   1.33284731E-04
     2     1.0000E+06  -2.30700261E+02 +/-   5.16055918E-05   1.33284686E-04
     3     2.1544E+05  -2.30700261E+02 +/-   5.16055598E-05   1.33284520E-04
     4     4.6416E+04  -2.30700261E+02 +/-   5.16054109E-05   1.33283752E-04
     5     1.0000E+04  -2.30700261E+02 +/-   5.16047202E-05   1.33280184E-04
     6     2.1544E+03  -2.30700261E+02 +/-   5.16015170E-05   1.33263638E-04
     7     4.6416E+02  -2.30700261E+02 +/-   5.15867122E-05   1.33187181E-04
     8     1.0000E+02  -2.30700261E+02 +/-   5.15193511E-05   1.32839581E-04
     9     2.1544E+01  -2.30700263E+02 +/-   5.12357116E-05   1.31380912E-04
    10     4.6416E+00  -2.30700269E+02 +/-   5.04805708E-05   1.27536719E-04
    11     1.0000E+00  -2.30700259E+02 +/-   5.75271284E-05   1.65627375E-04
    12     2.1544E-01  -2.30699614E+02 +/-   1.26768257E-04   8.04280914E-04
    13     4.6416E-02  -2.30698168E+02 +/-   2.05244186E-04   2.10828080E-03
    14     1.0000E-02  -2.30697436E+02 +/-   2.34575160E-04   2.75391650E-03
    15     2.1544E-03  -2.30697238E+02 +/-   2.41844755E-04   2.92725175E-03
    16     4.6416E-04  -2.30697194E+02 +/-   2.43461109E-04   2.96651071E-03
    17     1.0000E-04  -2.30697184E+02 +/-   2.43811739E-04   2.97506153E-03
    18     2.1544E-05  -2.30697182E+02 +/-   2.43887392E-04   2.97690809E-03
    19     4.6416E-06  -2.30697181E+02 +/-   2.43903696E-04   2.97730612E-03
    20     1.0000E-06  -2.30697181E+02 +/-   2.43907209E-04   2.97739189E-03
    21     0.0000E+00  -2.30697181E+02 +/-   2.43908174E-04   2.97741544E-03
  ParMin   7.0800E+00  -2.30700266E+02 +/-   5.07054603E-05   1.28675596E-04
  # Using grid point #10
* Iteration # 1: E =  -2.307002692076E+02 +/-   5.048057082860E-05
* Convergence: exiting.
* After optimization:
  -9.3573E-01   3.8234E-01  -3.5122E-02  -3.2836E-02   7.7805E-02   7.5672E-02
  -2.3749E-01  -2.4226E-01   6.3485E-03   4.1235E-02   7.7071E-04   4.8081E-02
  -3.5520E-03   2.4780E-03   6.7380E-01  -2.1015E-02  -4.6879E-02  -4.4923E-02
  -5.5834E-02  -5.6273E-02  -1.3670E-02  -2.3635E-02  -2.3927E-02  -3.0886E-02
  -3.2325E-02   1.7926E-01   1.5420E-01   1.5455E-01   9.3128E-02   9.3139E-02
   8.3530E-02   1.6035E-01   1.5925E-01   1.1725E-01   1.1601E-01
  > Energy =  -2.307002692076E+02 +/-   5.048057082860E-05
  > varE =   1.275367193846E-04

VMC #7:
* Size of Hilbert space =   4.0000E+02
* Deterministic energy evaluation:
  > Deterministic Etot/t = -230.70021014320247
    - Ttot/t = -10.362569270494546
    - Utot/t = 3.9048509814399850
* Number of equil. steps   = 1000
* Running VMC equilibration.
  Done. [total walltime: 0.01s]
* Equil. acc.ratio (%)     =  37.6296
* Sample config after equilibration:
  +-----+
  |  d  |
  |u   u|
  |d   2|
  |  0  |
  +-----+
* Number of accum. steps   = 500480 x 10
* Running VMC accumulation.
  Done. [total walltime: 1.71s]
* Acceptance ratio (%)     =  37.6812
* Etot/t                   =  -2.307002449254E+02 +/-   1.529423279778E-05
  > Ttot/t                 =  -1.036235211193E+01 +/-   2.894560019736E-04
  > Utot/t                 =   3.904599040828E+00 +/-   2.874405009114E-04
* var[Eloc/t]              =   1.181999124421E-04 +/-   1.009810936087E-05
* Correlation length       =   9.904326875118E-01
* log10 Psi^2 range: -7.2533772819500744 -- -3.3997448009878384
* log10 Pgen range : -7.2533772819500744 -- -3.3997448009878384
* Site occupation (ave. no. electrons per config.):
  > Site_  ___eu____  ___ed____
      1        0.498      0.505
      2        0.498      0.500
      3        0.501      0.497
      4        0.495      0.504
      5        0.504      0.495
      6        0.504      0.500
* Pair-correlation analysis (ave. no. pairs per config.):
  > Shell  nsite  ___dh____  __eueu___  __eued___
      0      1        0          0          1.021
      1      4        1.043      1.478      3.544
      2      4        0.145      0.846      1.110
      3      4        0.073      0.421      0.553
      4      4        0.231      2.169      1.846
      5      4        0.115      1.087      0.926

Optimization #7:
* Method          : lls
* Target function : energy
* No. of configs. : 50048
* No. of params.  : 35
* Before optimization:
  -9.3573E-01   3.8234E-01  -3.5122E-02  -3.2836E-02   7.7805E-02   7.5672E-02
  -2.3749E-01  -2.4226E-01   6.3485E-03   4.1235E-02   7.7071E-04   4.8081E-02
  -3.5520E-03   2.4780E-03   6.7380E-01  -2.1015E-02  -4.6879E-02  -4.4923E-02
  -5.5834E-02  -5.6273E-02  -1.3670E-02  -2.3635E-02  -2.3927E-02  -3.0886E-02
  -3.2325E-02   1.7926E-01   1.5420E-01   1.5455E-01   9.3128E-02   9.3139E-02
   8.3530E-02   1.6035E-01   1.5925E-01   1.1725E-01   1.1601E-01
  > E    =  -2.307003053919E+02 +/-   5.122500812408E-05
  > varE =   1.313260249356E-04
* Computing derivatives.
  Done. [total walltime: 3.88s]
* Optimizing manipulation constant:
  #igrid a___________ E____________________________________ varE____________
     1     Infinity    -2.30700305E+02 +/-   5.12250081E-05   1.31326025E-04
     2     1.0000E+06  -2.30700305E+02 +/-   5.12250003E-05   1.31325985E-04
     3     2.1544E+05  -2.30700305E+02 +/-   5.12249718E-05   1.31325838E-04
     4     4.6416E+04  -2.30700305E+02 +/-   5.12248394E-05   1.31325160E-04
     5     1.0000E+04  -2.30700305E+02 +/-   5.12242252E-05   1.31322011E-04
     6     2.1544E+03  -2.30700305E+02 +/-   5.12213825E-05   1.31307435E-04
     7     4.6416E+02  -2.30700306E+02 +/-   5.12083605E-05   1.31240679E-04
     8     1.0000E+02  -2.30700306E+02 +/-   5.11516825E-05   1.30950323E-04
     9     2.1544E+01  -2.30700306E+02 +/-   5.09789079E-05   1.30067197E-04
    10     4.6416E+00  -2.30700206E+02 +/-   5.76340311E-05   1.66243518E-04
    11     1.0000E+00  -2.30630715E+02 +/-   1.02408895E-03   5.24882495E-02
    12     2.1544E-01  -2.29263313E+02 +/-   2.71987431E-03   3.70240903E-01
    13     4.6416E-02  -2.29254417E+02 +/-   2.70401556E-03   3.65935970E-01
    14     1.0000E-02  -2.29258081E+02 +/-   2.70158452E-03   3.65278276E-01
    15     2.1544E-03  -2.29261857E+02 +/-   2.69876193E-03   3.64515397E-01
    16     4.6416E-04  -2.29262242E+02 +/-   2.69846136E-03   3.64434206E-01
    17     1.0000E-04  -2.29262329E+02 +/-   2.69839312E-03   3.64415776E-01
    18     2.1544E-05  -2.29262348E+02 +/-   2.69837825E-03   3.64411759E-01
    19     4.6416E-06  -2.29262352E+02 +/-   2.69837504E-03   3.64410892E-01
    20     1.0000E-06  -2.29262353E+02 +/-   2.69837435E-03   3.64410705E-01
    21     0.0000E+00  -2.29262353E+02 +/-   2.69837416E-03   3.64410654E-01
  ParMin   4.6064E+01  -2.30700307E+02 +/-   5.10790345E-05   1.30578624E-04
  # Using parabolic minimum
* Iteration # 1: E =  -2.307003065257E+02 +/-   5.107903451358E-05
* Convergence: exiting.
* After optimization:
  -9.1998E-01   3.8127E-01  -3.5401E-02  -3.3216E-02   7.7259E-02   7.5285E-02
  -2.3544E-01  -2.4105E-01   6.0353E-03   4.2258E-02   9.3212E-04   4.8706E-02
  -3.2130E-03   2.2374E-03   6.6998E-01  -1.9133E-02  -4.6116E-02  -4.4259E-02
  -5.5285E-02  -5.5706E-02  -1.2508E-02  -2.2979E-02  -2.3219E-02  -3.0588E-02
  -3.1947E-02   1.8169E-01   1.5416E-01   1.5457E-01   9.3328E-02   9.3267E-02
   8.6016E-02   1.6035E-01   1.5940E-01   1.1721E-01   1.1600E-01
  > Energy =  -2.307003065257E+02 +/-   5.107903451358E-05
  > varE =   1.305786235948E-04

VMC #8:
* Size of Hilbert space =   4.0000E+02
* Deterministic energy evaluation:
  > Deterministic Etot/t = -230.70021028677672
    - Ttot/t = -10.362566678197169
    - Utot/t = 3.9048482455683464
* Number of equil. steps   = 1000
* Running VMC equilibration.
  Done. [total walltime: 0.01s]
* Equil. acc.ratio (%)     =  37.2277
* Sample config after equilibration:
  +-----+
  |  d  |
  |2   0|
  |0   u|
  |  2  |
  +-----+
* Number of accum. steps   = 500480 x 10
* Running VMC accumulation.
  Done. [total walltime: 1.71s]
* Acceptance ratio (%)     =  37.3340
* Etot/t                   =  -2.307002116306E+02 +/-   1.472141559644E-05
  > Ttot/t                 =  -1.036259048225E+01 +/-   2.921535269787E-04
  > Utot/t                 =   3.904870705707E+00 +/-   2.902733448042E-04
* var[Eloc/t]              =   1.049370792492E-04 +/-   7.957455050361E-06
* Correlation length       =   1.033610473959E+00
* log10 Psi^2 range: -7.2516123989432808 -- -3.4108629428625497
* log10 Pgen range : -7.2516123989432808 -- -3.4108629428625497
* Site occupation (ave. no. electrons per config.):
  > Site_  ___eu____  ___ed____
      1        0.501      0.500
      2        0.497      0.501
      3        0.498      0.502
      4        0.498      0.500
      5        0.503      0.502
      6        0.502      0.496
* Pair-correlation analysis (ave. no. pairs per config.):
  > Shell  nsite  ___dh____  __eueu___  __eued___
      0      1        0          0          1.024
      1      4        1.049      1.482      3.535
      2      4        0.146      0.841      1.108
      3      4        0.076      0.420      0.555
      4      4        0.232      2.173      1.852
      5      4        0.114      1.083      0.926

Optimization #8:
* Method          : lls
* Target function : energy
* No. of configs. : 50048
* No. of params.  : 35
* Before optimization:
  -9.1998E-01   3.8127E-01  -3.5401E-02  -3.3216E-02   7.7259E-02   7.5285E-02
  -2.3544E-01  -2.4105E-01   6.0353E-03   4.2258E-02   9.3212E-04   4.8706E-02
  -3.2130E-03   2.2374E-03   6.6998E-01  -1.9133E-02  -4.6116E-02  -4.4259E-02
  -5.5285E-02  -5.5706E-02  -1.2508E-02  -2.2979E-02  -2.3219E-02  -3.0588E-02
  -3.1947E-02   1.8169E-01   1.5416E-01   1.5457E-01   9.3328E-02   9.3267E-02
   8.6016E-02   1.6035E-01   1.5940E-01   1.1721E-01   1.1600E-01
  > E    =  -2.307002767814E+02 +/-   4.636601645990E-05
  > varE =   1.075935648771E-04
* Computing derivatives.
  Done. [total walltime: 3.84s]
* Optimizing manipulation constant:
  #igrid a___________ E____________________________________ varE____________
     1     Infinity    -2.30700277E+02 +/-   4.63660165E-05   1.07593565E-04
     2     1.0000E+06  -2.30700277E+02 +/-   4.63660109E-05   1.07593539E-04
     3     2.1544E+05  -2.30700277E+02 +/-   4.63659907E-05   1.07593445E-04
     4     4.6416E+04  -2.30700277E+02 +/-   4.63658969E-05   1.07593010E-04
     5     1.0000E+04  -2.30700277E+02 +/-   4.63654637E-05   1.07591000E-04
     6     2.1544E+03  -2.30700277E+02 +/-   4.63634949E-05   1.07581863E-04
     7     4.6416E+02  -2.30700277E+02 +/-   4.63552588E-05   1.07543644E-04
     8     1.0000E+02  -2.30700277E+02 +/-   4.63362950E-05   1.07455670E-04
     9     2.1544E+01  -2.30700271E+02 +/-   4.67373111E-05   1.09323662E-04
    10     4.6416E+00  -2.30699955E+02 +/-   7.87125361E-05   3.10080559E-04
    11     1.0000E+00  -2.30671859E+02 +/-   6.45930706E-04   2.08813507E-02
    12     2.1544E-01  -2.30177754E+02 +/-   2.37692880E-03   2.82760716E-01
    13     4.6416E-02  -2.30006084E+02 +/-   2.55431341E-03   3.26539027E-01
    14     1.0000E-02  -2.30006001E+02 +/-   2.55342275E-03   3.26311345E-01
    15     2.1544E-03  -2.30006020E+02 +/-   2.55266873E-03   3.26118657E-01
    16     4.6416E-04  -2.30006026E+02 +/-   2.55243998E-03   3.26060209E-01
    17     1.0000E-04  -2.30006027E+02 +/-   2.55238681E-03   3.26046626E-01
    18     2.1544E-05  -2.30006027E+02 +/-   2.55237517E-03   3.26043652E-01
    19     4.6416E-06  -2.30006028E+02 +/-   2.55237265E-03   3.26043008E-01
    20     1.0000E-06  -2.30006028E+02 +/-   2.55237211E-03   3.26042870E-01
    21     0.0000E+00  -2.30006028E+02 +/-   2.55237196E-03   3.26042832E-01
* Iteration # 1: E =  -2.307002767982E+02 +/-   4.635525881012E-05
* Convergence: exiting.
* After optimization:
  -9.2370E-01   3.8120E-01  -3.5403E-02  -3.3227E-02   7.7241E-02   7.5278E-02
  -2.3534E-01  -2.4100E-01   6.0066E-03   4.2331E-02   9.3237E-04   4.8751E-02
  -3.1912E-03   2.2220E-03   6.7139E-01  -1.9028E-02  -4.6185E-02  -4.4331E-02
  -5.5413E-02  -5.5836E-02  -1.2452E-02  -2.3007E-02  -2.3245E-02  -3.0664E-02
  -3.2020E-02   1.8185E-01   1.5420E-01   1.5461E-01   9.3310E-02   9.3245E-02
   8.6135E-02   1.6039E-01   1.5944E-01   1.1720E-01   1.1599E-01
  > Energy =  -2.307002767982E+02 +/-   4.635525881012E-05
  > varE =   1.075436438486E-04

VMC #9:
* Size of Hilbert space =   4.0000E+02
* Deterministic energy evaluation:
  > Deterministic Etot/t = -230.70021030674690
    - Ttot/t = -10.362566981761569
    - Utot/t = 3.9048485291625372
* Number of equil. steps   = 1000
* Running VMC equilibration.
  Done. [total walltime: 0.01s]
* Equil. acc.ratio (%)     =  37.5816
* Sample config after equilibration:
  +-----+
  |  2  |
  |0   0|
  |2   2|
  |  0  |
  +-----+
* Number of accum. steps   = 500480 x 10
* Running VMC accumulation.
  Done. [total walltime: 1.66s]
* Acceptance ratio (%)     =  37.4905
* Etot/t                   =  -2.307002039530E+02 +/-   1.512436387194E-05
  > Ttot/t                 =  -1.036243530851E+01 +/-   2.924796671088E-04
  > Utot/t                 =   3.904723209493E+00 +/-   2.904086023028E-04
* var[Eloc/t]              =   1.146314906422E-04 +/-   7.124426097039E-06
* Correlation length       =   9.987045347453E-01
* log10 Psi^2 range: -7.2519470159076382 -- -3.4113377585544291
* log10 Pgen range : -7.2519470159076382 -- -3.4113377585544291
* Site occupation (ave. no. electrons per config.):
  > Site_  ___eu____  ___ed____
      1        0.501      0.497
      2        0.501      0.501
      3        0.496      0.500
      4        0.498      0.502
      5        0.501      0.501
      6        0.503      0.498
* Pair-correlation analysis (ave. no. pairs per config.):
  > Shell  nsite  ___dh____  __eueu___  __eued___
      0      1        0          0          1.019
      1      4        1.042      1.477      3.546
      2      4        0.145      0.842      1.107
      3      4        0.073      0.422      0.560
      4      4        0.232      2.176      1.845
      5      4        0.114      1.083      0.924

Optimization #9:
* Method          : lls
* Target function : energy
* No. of configs. : 50048
* No. of params.  : 35
* Before optimization:
  -9.2370E-01   3.8120E-01  -3.5403E-02  -3.3227E-02   7.7241E-02   7.5278E-02
  -2.3534E-01  -2.4100E-01   6.0066E-03   4.2331E-02   9.3237E-04   4.8751E-02
  -3.1912E-03   2.2220E-03   6.7139E-01  -1.9028E-02  -4.6185E-02  -4.4331E-02
  -5.5413E-02  -5.5836E-02  -1.2452E-02  -2.3007E-02  -2.3245E-02  -3.0664E-02
  -3.2020E-02   1.8185E-01   1.5420E-01   1.5461E-01   9.3310E-02   9.3245E-02
   8.6135E-02   1.6039E-01   1.5944E-01   1.1720E-01   1.1599E-01
  > E    =  -2.307001513981E+02 +/-   3.498174927618E-05
  > varE =   6.124487781462E-05
* Computing derivatives.
  Done. [total walltime: 3.78s]
* Optimizing manipulation constant:
  #igrid a___________ E____________________________________ varE____________
     1     Infinity    -2.30700151E+02 +/-   3.49817493E-05   6.12448778E-05
     2     1.0000E+06  -2.30700151E+02 +/-   3.49817415E-05   6.12448507E-05
     3     2.1544E+05  -2.30700151E+02 +/-   3.49817134E-05   6.12447522E-05
     4     4.6416E+04  -2.30700151E+02 +/-   3.49815827E-05   6.12442946E-05
     5     1.0000E+04  -2.30700151E+02 +/-   3.49809762E-05   6.12421709E-05
     6     2.1544E+03  -2.30700151E+02 +/-   3.49781622E-05   6.12323181E-05
     7     4.6416E+02  -2.30700151E+02 +/-   3.49651252E-05   6.11866817E-05
     8     1.0000E+02  -2.30700152E+02 +/-   3.49051577E-05   6.09769833E-05
     9     2.1544E+01  -2.30700154E+02 +/-   3.46402239E-05   6.00548529E-05
    10     4.6416E+00  -2.30700163E+02 +/-   3.37801064E-05   5.71095520E-05
    11     1.0000E+00  -2.30700183E+02 +/-   3.38769730E-05   5.74375522E-05
    12     2.1544E-01  -2.30700154E+02 +/-   3.56022680E-05   6.34369155E-05
    13     4.6416E-02  -2.30648212E+02 +/-   8.65628301E-04   3.75015848E-02
    14     1.0000E-02  -2.30040660E+02 +/-   2.52040195E-03   3.17926217E-01
    15     2.1544E-03  -2.30012828E+02 +/-   2.30638700E-03   2.66226382E-01
    16     4.6416E-04  -2.30025870E+02 +/-   1.67002517E-03   1.39583074E-01
    17     1.0000E-04  -2.30027777E+02 +/-   1.55328714E-03   1.20750857E-01
    18     2.1544E-05  -2.30028034E+02 +/-   1.53648721E-03   1.18152965E-01
    19     4.6416E-06  -2.30028083E+02 +/-   1.53325441E-03   1.17656296E-01
    20     1.0000E-06  -2.30028093E+02 +/-   1.53257560E-03   1.17552140E-01
    21     0.0000E+00  -2.30028096E+02 +/-   1.53239028E-03   1.17523714E-01
  ParMin   1.2335E+00  -2.30700180E+02 +/-   3.36283536E-05   5.65975898E-05
  # Using grid point #11
* Iteration # 1: E =  -2.307001829162E+02 +/-   3.387697302142E-05
* Computing derivatives.
  Done. [total walltime: 3.79s]
* Optimizing manipulation constant:
  #igrid a___________ E____________________________________ varE____________
     1     Infinity    -2.30700183E+02 +/-   3.38769730E-05   5.74375522E-05
     2     1.0000E+06  -2.30700183E+02 +/-   3.38769702E-05   5.74375428E-05
     3     2.1544E+05  -2.30700183E+02 +/-   3.38769582E-05   5.74375019E-05
     4     4.6416E+04  -2.30700183E+02 +/-   3.38768634E-05   5.74371805E-05
     5     1.0000E+04  -2.30700183E+02 +/-   3.38755884E-05   5.74328573E-05
     6     2.1544E+03  -2.30700183E+02 +/-   3.38521286E-05   5.73533370E-05
     7     4.6416E+02  -2.30700179E+02 +/-   3.34892730E-05   5.61304039E-05
     8     1.0000E+02  -2.30699957E+02 +/-   5.53190502E-05   1.53156755E-04
     9     2.1544E+01  -2.30678045E+02 +/-   5.68072074E-04   1.61507839E-02
    10     4.6416E+00  -2.30299277E+02 +/-   2.17362913E-03   2.36459963E-01
    11     1.0000E+00  -2.30075767E+02 +/-   2.49680575E-03   3.12001181E-01
    12     2.1544E-01  -2.30682171E+02 +/-   5.53019077E-04   1.53061848E-02
    13     4.6416E-02  -2.30224356E+02 +/-   2.49622564E-03   3.11856218E-01
    14     1.0000E-02  -2.30052450E+02 +/-   2.75828009E-03   3.80770643E-01
    15     2.1544E-03  -2.30014051E+02 +/-   2.80134265E-03   3.92752713E-01
    16     4.6416E-04  -2.30005752E+02 +/-   2.80996748E-03   3.95174866E-01
    17     1.0000E-04  -2.30003963E+02 +/-   2.81179520E-03   3.95689108E-01
    18     2.1544E-05  -2.30003578E+02 +/-   2.81218755E-03   3.95799544E-01
    19     4.6416E-06  -2.30003494E+02 +/-   2.81227202E-03   3.95823320E-01
    20     1.0000E-06  -2.30003477E+02 +/-   2.81229021E-03   3.95828442E-01
    21     0.0000E+00  -2.30003472E+02 +/-   2.81229521E-03   3.95829848E-01
* Iteration # 2: E =  -2.307001829160E+02 +/-   3.387686338802E-05
* Convergence: exiting.
* After optimization:
  -8.0464E-01   3.7855E-01  -3.6054E-02  -3.5382E-02   7.6389E-02   7.5898E-02
  -2.4831E-01  -2.5143E-01   7.1232E-03   3.6997E-02   4.0725E-03   4.0491E-02
  -1.3828E-03   1.2010E-03   6.5497E-01  -2.3209E-02  -3.9007E-02  -3.8203E-02
  -5.9943E-02  -6.0290E-02  -1.6308E-02  -2.0826E-02  -2.0951E-02  -3.1092E-02
  -3.1687E-02   1.5862E-01   1.6781E-01   1.6818E-01   7.9534E-02   7.9173E-02
   5.2148E-02   1.6931E-01   1.6900E-01   1.1055E-01   1.0973E-01
  > Energy =  -2.307001829160E+02 +/-   3.387686338802E-05
  > varE =   5.743718046045E-05

VMC #10:
* Size of Hilbert space =   4.0000E+02
* Deterministic energy evaluation:
  > Deterministic Etot/t = -230.70020998167797
    - Ttot/t = -10.364061482562725
    - Utot/t = 3.9063433550326798
* Number of equil. steps   = 1000
* Running VMC equilibration.
  Done. [total walltime: 0.01s]
* Equil. acc.ratio (%)     =  32.8927
* Sample config after equilibration:
  +-----+
  |  0  |
  |u   d|
  |d   2|
  |  u  |
  +-----+
* Number of accum. steps   = 500480 x 10
* Running VMC accumulation.
  Done. [total walltime: 1.66s]
* Acceptance ratio (%)     =  32.8653
* Etot/t                   =  -2.307002014585E+02 +/-   1.515235854560E-05
  > Ttot/t                 =  -1.036413604419E+01 +/-   2.856666334031E-04
  > Utot/t                 =   3.906426439760E+00 +/-   2.872610535021E-04
* var[Eloc/t]              =   1.143889626784E-04 +/-   1.372309620635E-05
* Correlation length       =   1.004530394909E+00
* log10 Psi^2 range: -7.0392912897650985 -- -3.1923382251145029
* log10 Pgen range : -7.0392912897650985 -- -3.1923382251145029
* Site occupation (ave. no. electrons per config.):
  > Site_  ___eu____  ___ed____
      1        0.504      0.499
      2        0.500      0.499
      3        0.499      0.500
      4        0.500      0.501
      5        0.497      0.502
      6        0.500      0.497
* Pair-correlation analysis (ave. no. pairs per config.):
  > Shell  nsite  ___dh____  __eueu___  __eued___
      0      1        0          0          1.036
      1      4        1.066      1.475      3.527
      2      4        0.150      0.842      1.109
      3      4        0.076      0.419      0.554
      4      4        0.234      2.176      1.849
      5      4        0.116      1.089      0.925

Optimization #10:
* Method          : lls
* Target function : energy
* No. of configs. : 50048
* No. of params.  : 35
* Before optimization:
  -8.0464E-01   3.7855E-01  -3.6054E-02  -3.5382E-02   7.6389E-02   7.5898E-02
  -2.4831E-01  -2.5143E-01   7.1232E-03   3.6997E-02   4.0725E-03   4.0491E-02
  -1.3828E-03   1.2010E-03   6.5497E-01  -2.3209E-02  -3.9007E-02  -3.8203E-02
  -5.9943E-02  -6.0290E-02  -1.6308E-02  -2.0826E-02  -2.0951E-02  -3.1092E-02
  -3.1687E-02   1.5862E-01   1.6781E-01   1.6818E-01   7.9534E-02   7.9173E-02
   5.2148E-02   1.6931E-01   1.6900E-01   1.1055E-01   1.0973E-01
  > E    =  -2.307001867076E+02 +/-   4.129284490215E-05
  > varE =   8.533679675958E-05
* Computing derivatives.
  Done. [total walltime: 3.78s]
* Optimizing manipulation constant:
  #igrid a___________ E____________________________________ varE____________
     1     Infinity    -2.30700187E+02 +/-   4.12928449E-05   8.53367968E-05
     2     1.0000E+06  -2.30700187E+02 +/-   4.12928420E-05   8.53367846E-05
     3     2.1544E+05  -2.30700187E+02 +/-   4.12928313E-05   8.53367405E-05
     4     4.6416E+04  -2.30700187E+02 +/-   4.12927817E-05   8.53365355E-05
     5     1.0000E+04  -2.30700187E+02 +/-   4.12925516E-05   8.53355844E-05
     6     2.1544E+03  -2.30700187E+02 +/-   4.12914847E-05   8.53311749E-05
     7     4.6416E+02  -2.30700187E+02 +/-   4.12865588E-05   8.53108167E-05
     8     1.0000E+02  -2.30700187E+02 +/-   4.12642397E-05   8.52186054E-05
     9     2.1544E+01  -2.30700188E+02 +/-   4.11711266E-05   8.48344463E-05
    10     4.6416E+00  -2.30700191E+02 +/-   4.08839566E-05   8.36551274E-05
    11     1.0000E+00  -2.30700195E+02 +/-   4.04416850E-05   8.18549997E-05
    12     2.1544E-01  -2.30700199E+02 +/-   4.01639185E-05   8.07344481E-05
    13     4.6416E-02  -2.30700201E+02 +/-   4.00964684E-05   8.04635099E-05
    14     1.0000E-02  -2.30700201E+02 +/-   4.00872851E-05   8.04266568E-05
    15     2.1544E-03  -2.30700202E+02 +/-   4.00858779E-05   8.04210103E-05
    16     4.6416E-04  -2.30700202E+02 +/-   4.00856071E-05   8.04199238E-05
    17     1.0000E-04  -2.30700202E+02 +/-   4.00855503E-05   8.04196960E-05
    18     2.1544E-05  -2.30700202E+02 +/-   4.00855381E-05   8.04196472E-05
    19     4.6416E-06  -2.30700202E+02 +/-   4.00855355E-05   8.04196367E-05
    20     1.0000E-06  -2.30700202E+02 +/-   4.00855350E-05   8.04196345E-05
    21     0.0000E+00  -2.30700202E+02 +/-   4.00855348E-05   8.04196338E-05
* Iteration # 1: E =  -2.307002015591E+02 +/-   4.008553480569E-05
* Computing derivatives.
  Done. [total walltime: 3.78s]
* Optimizing manipulation constant:
  #igrid a___________ E____________________________________ varE____________
     1     Infinity    -2.30700202E+02 +/-   4.00855348E-05   8.04196338E-05
     2     1.0000E+06  -2.30700202E+02 +/-   4.00855341E-05   8.04196311E-05
     3     2.1544E+05  -2.30700202E+02 +/-   4.00855317E-05   8.04196213E-05
     4     4.6416E+04  -2.30700202E+02 +/-   4.00855203E-05   8.04195755E-05
     5     1.0000E+04  -2.30700202E+02 +/-   4.00854674E-05   8.04193632E-05
     6     2.1544E+03  -2.30700202E+02 +/-   4.00852222E-05   8.04183795E-05
     7     4.6416E+02  -2.30700202E+02 +/-   4.00840933E-05   8.04138499E-05
     8     1.0000E+02  -2.30700202E+02 +/-   4.00790422E-05   8.03935850E-05
     9     2.1544E+01  -2.30700201E+02 +/-   4.00591198E-05   8.03136810E-05
    10     4.6416E+00  -2.30700201E+02 +/-   4.00113346E-05   8.01221882E-05
    11     1.0000E+00  -2.30700205E+02 +/-   4.01903794E-05   8.08408626E-05
    12     2.1544E-01  -2.29383017E+02 +/-   2.56100521E-03   3.28252203E-01
    13     4.6416E-02  -2.30700138E+02 +/-   4.59395820E-05   1.05623561E-04
    14     1.0000E-02  -2.30700151E+02 +/-   4.43555512E-05   9.84651821E-05
    15     2.1544E-03  -2.30700153E+02 +/-   4.41029735E-05   9.73469771E-05
    16     4.6416E-04  -2.30700154E+02 +/-   4.40516714E-05   9.71206340E-05
    17     1.0000E-04  -2.30700154E+02 +/-   4.40407555E-05   9.70725076E-05
    18     2.1544E-05  -2.30700154E+02 +/-   4.40384101E-05   9.70621683E-05
    19     4.6416E-06  -2.30700154E+02 +/-   4.40379050E-05   9.70599421E-05
    20     1.0000E-06  -2.30700154E+02 +/-   4.40377962E-05   9.70594626E-05
    21     0.0000E+00  -2.30700154E+02 +/-   4.40377664E-05   9.70593309E-05
  ParMin   2.1544E+00  -2.30700202E+02 +/-   4.00039289E-05   8.00925315E-05
  # Using grid point #11
* Iteration # 2: E =  -2.307002048278E+02 +/-   4.019037939013E-05
* Convergence: exiting.
* After optimization:
  -8.1775E-01   3.7993E-01  -4.0006E-02  -3.7073E-02   7.3246E-02   7.3063E-02
  -2.3910E-01  -2.4750E-01   6.5406E-03   4.1956E-02   4.7494E-03   3.9235E-02
   7.5268E-05   1.0234E-04   6.5133E-01  -1.5738E-02  -3.7546E-02  -3.8180E-02
  -4.8642E-02  -4.8755E-02  -4.4334E-03  -1.6588E-02  -1.5621E-02  -2.5157E-02
  -2.5739E-02   1.6532E-01   1.5970E-01   1.5907E-01   8.8705E-02   8.9728E-02
   7.2453E-02   1.6325E-01   1.6368E-01   1.1279E-01   1.1265E-01
  > Energy =  -2.307002048278E+02 +/-   4.019037939013E-05
  > varE =   8.084086257273E-05

VMC #11:
* Size of Hilbert space =   4.0000E+02
* Deterministic energy evaluation:
  > Deterministic Etot/t = -230.70021453388614
    - Ttot/t = -10.363370964398788
    - Utot/t = 3.9056482846605225
* Number of equil. steps   = 1000
* Running VMC equilibration.
  Done. [total walltime: 0.01s]
* Equil. acc.ratio (%)     =  33.6839
* Sample config after equilibration:
  +-----+
  |  2  |
  |0   0|
  |2   2|
  |  0  |
  +-----+
* Number of accum. steps   = 500480 x 10
* Running VMC accumulation.
  Done. [total walltime: 1.66s]
* Acceptance ratio (%)     =  33.7057
* Etot/t                   =  -2.307001887044E+02 +/-   1.371149117488E-05
  > Ttot/t                 =  -1.036330602891E+01 +/-   2.838734503073E-04
  > Utot/t                 =   3.905609178681E+00 +/-   2.843100729129E-04
* var[Eloc/t]              =   9.357842989455E-05 +/-   6.402353434360E-06
* Correlation length       =   1.005496006086E+00
* log10 Psi^2 range: -7.1931921903870455 -- -3.3267314102478598
* log10 Pgen range : -7.1931921903870455 -- -3.3267314102478598
* Site occupation (ave. no. electrons per config.):
  > Site_  ___eu____  ___ed____
      1        0.499      0.498
      2        0.498      0.501
      3        0.502      0.499
      4        0.498      0.502
      5        0.500      0.501
      6        0.503      0.499
* Pair-correlation analysis (ave. no. pairs per config.):
  > Shell  nsite  ___dh____  __eueu___  __eued___
      0      1        0          0          1.030
      1      4        1.056      1.477      3.531
      2      4        0.151      0.840      1.109
      3      4        0.075      0.421      0.554
      4      4        0.230      2.177      1.852
      5      4        0.116      1.086      0.924

Optimization #11:
* Method          : lls
* Target function : energy
* No. of configs. : 50048
* No. of params.  : 35
* Before optimization:
  -8.1775E-01   3.7993E-01  -4.0006E-02  -3.7073E-02   7.3246E-02   7.3063E-02
  -2.3910E-01  -2.4750E-01   6.5406E-03   4.1956E-02   4.7494E-03   3.9235E-02
   7.5268E-05   1.0234E-04   6.5133E-01  -1.5738E-02  -3.7546E-02  -3.8180E-02
  -4.8642E-02  -4.8755E-02  -4.4334E-03  -1.6588E-02  -1.5621E-02  -2.5157E-02
  -2.5739E-02   1.6532E-01   1.5970E-01   1.5907E-01   8.8705E-02   8.9728E-02
   7.2453E-02   1.6325E-01   1.6368E-01   1.1279E-01   1.1265E-01
  > E    =  -2.307002465158E+02 +/-   5.363740758853E-05
  > varE =   1.439866692725E-04
* Computing derivatives.
  Done. [total walltime: 3.77s]
* Optimizing manipulation constant:
  #igrid a___________ E____________________________________ varE____________
     1     Infinity    -2.30700247E+02 +/-   5.36374076E-05   1.43986669E-04
     2     1.0000E+06  -2.30700247E+02 +/-   5.36374006E-05   1.43986632E-04
     3     2.1544E+05  -2.30700247E+02 +/-   5.36373706E-05   1.43986470E-04
     4     4.6416E+04  -2.30700247E+02 +/-   5.36371340E-05   1.43985201E-04
     5     1.0000E+04  -2.30700247E+02 +/-   5.36339586E-05   1.43968153E-04
     6     2.1544E+03  -2.30700247E+02 +/-   5.35824836E-05   1.43691940E-04
     7     4.6416E+02  -2.30700217E+02 +/-   5.69583385E-05   1.62368340E-04
     8     1.0000E+02  -2.30672246E+02 +/-   6.56433875E-04   2.15659551E-02
     9     2.1544E+01  -2.29281267E+02 +/-   2.74809705E-03   3.77964368E-01
    10     4.6416E+00  -2.29262632E+02 +/-   2.72316364E-03   3.71136959E-01
    11     1.0000E+00  -2.30005998E+02 +/-   2.56896073E-03   3.30294740E-01
    12     2.1544E-01  -2.30006007E+02 +/-   2.56878114E-03   3.30248561E-01
    13     4.6416E-02  -2.30006011E+02 +/-   2.56871672E-03   3.30231997E-01
    14     1.0000E-02  -2.30006003E+02 +/-   2.56898782E-03   3.30301706E-01
    15     2.1544E-03  -2.30005998E+02 +/-   2.56915109E-03   3.30343693E-01
    16     4.6416E-04  -2.30005996E+02 +/-   2.56919681E-03   3.30355451E-01
    17     1.0000E-04  -2.30005996E+02 +/-   2.56920725E-03   3.30358134E-01
    18     2.1544E-05  -2.30005996E+02 +/-   2.56920952E-03   3.30358719E-01
    19     4.6416E-06  -2.30005996E+02 +/-   2.56921001E-03   3.30358845E-01
    20     1.0000E-06  -2.30005996E+02 +/-   2.56921012E-03   3.30358873E-01
    21     0.0000E+00  -2.30005996E+02 +/-   2.56921015E-03   3.30358880E-01
  ParMin   4.5946E+03  -2.30700247E+02 +/-   5.36230762E-05   1.43909736E-04
  # Using grid point #6
* Iteration # 1: E =  -2.307002466355E+02 +/-   5.358248362434E-05
* Convergence: exiting.
* After optimization:
  -7.7814E-01   3.7993E-01  -4.0004E-02  -3.7072E-02   7.3250E-02   7.3064E-02
  -2.3909E-01  -2.4749E-01   6.5376E-03   4.1963E-02   4.7370E-03   3.9250E-02
   6.8472E-05   1.0732E-04   6.3839E-01  -1.5413E-02  -3.6816E-02  -3.7436E-02
  -4.7667E-02  -4.7778E-02  -4.3350E-03  -1.6268E-02  -1.5322E-02  -2.4658E-02
  -2.5230E-02   1.6536E-01   1.5966E-01   1.5903E-01   8.8721E-02   8.9744E-02
   7.2507E-02   1.6322E-01   1.6366E-01   1.1279E-01   1.1265E-01
  > Energy =  -2.307002466355E+02 +/-   5.358248362434E-05
  > varE =   1.436919395301E-04

VMC #12:
* Size of Hilbert space =   4.0000E+02
* Deterministic energy evaluation:
  > Deterministic Etot/t = -230.70021468708336
    - Ttot/t = -10.363253044214074
    - Utot/t = 3.9055302112785739
* Number of equil. steps   = 1000
* Running VMC equilibration.
  Done. [total walltime: 0.01s]
* Equil. acc.ratio (%)     =  32.5904
* Sample config after equilibration:
  +-----+
  |  0  |
  |u   2|
  |d   d|
  |  u  |
  +-----+
* Number of accum. steps   = 500480 x 10
* Running VMC accumulation.
  Done. [total walltime: 1.71s]
* Acceptance ratio (%)     =  32.5147
* Etot/t                   =  -2.307002185440E+02 +/-   1.447984735905E-05
  > Ttot/t                 =  -1.036367910629E+01 +/-   2.915130439031E-04
  > Utot/t                 =   3.905952416340E+00 +/-   2.917866798564E-04
* var[Eloc/t]              =   1.052667565428E-04 +/-   8.472841006736E-06
* Correlation length       =   9.968354007208E-01
* log10 Psi^2 range: -7.2006325628808296 -- -3.3271333824003997
* log10 Pgen range : -7.2006325628808296 -- -3.3271333824003997
* Site occupation (ave. no. electrons per config.):
  > Site_  ___eu____  ___ed____
      1        0.500      0.500
      2        0.500      0.501
      3        0.500      0.502
      4        0.499      0.501
      5        0.500      0.499
      6        0.501      0.497
* Pair-correlation analysis (ave. no. pairs per config.):
  > Shell  nsite  ___dh____  __eueu___  __eued___
      0      1        0          0          1.026
      1      4        1.053      1.478      3.535
      2      4        0.153      0.839      1.106
      3      4        0.073      0.421      0.557
      4      4        0.232      2.173      1.849
      5      4        0.115      1.088      0.927

VDAGGER finished.
Total VDAGGER walltime: 2m37s

Run ended: Fri Sep 26 10:36:16 CEST 2025
