Run started: Tue Sep 30 14:59:09 CEST 2025
Using VDAGGER_ARCH = gnu7_fkfamd_cluster
Running 1x128 MPI processes.

                               xx
                              +##
                               #X
                               Xx
                          X##XxXxxX##x
                           +   Xx  ++
                               ##
                              +##
                              +##
     ++++         ++          +##
   xX+++##+      ####         +##
  Xx    ###      +X##          ##
 xX    X##+        ##          #X
 +    x##X         #x          #X
      ###         +#           x+
     X##+         #+
     ###         Xx                    _______
     ##X       +X+   __________________VDAGGER
     +##x    +xX     2nd quantized variational
       +xxxxx+       ______quantum Monte Carlo

* Running 128 MPI processes.
* Input file: "input.casl"

############# Start of input file dump #############
General:
  Random seed: timer

Plan:
  VMC-optimization:
    Minimum cycles: 7
    Convergence cycles: 3

System:
  Read Hamiltonian: FCIDUMP_loc_naphthalene
  Read orbitals: LTSC_naphthalene
  Complex orbitals: F
  Site kinds: [ 1, 2, 3, 1, 3, 3, 2, 3, 2, 2 ]
  Geometry:
    r_1: [ 0.00000000000000, 1.34347620379600 ]
    r_4: [ 0.00000000000000, -1.34347620379600 ]
    r_3: [ 2.34629842880300, 2.63976101399600 ]
    r_5: [ -2.34629842880300, -2.63976101399600 ]
    r_6: [ -2.34629842880300, 2.63976101399600 ]
    r_8: [ 2.34629842880300, -2.63976101399600 ]
    r_9: [ 4.58120036880600, 1.33647725770700 ]
    r_2: [ -4.58120036880600, -1.33647725770700 ]
    r_7: [ -4.58120036880600, 1.33647725770700 ]
    r_10: [ 4.58120036880600, -1.33647725770700 ]
    Tolerance: 0.05

VMC:
  nstep: 1000000
  nconfig: 500000

Optimization:
  max_niter: 1

Jastrow: wfn.casl

Multideterminants: wfn.casl
############## End of input file dump ##############

General setup:
* Random seed: 1387533620 (from timer)

* Loaded integrals for system with nelec=10, ms2=0, norb=10
* INFO: setting number of electrons from integrals file.
* Analysis of Hamiltonian connecitivity performed:
  - T_ii (local, 1-site): 10 (i) values
  - U_iiii [opp] (local, 1-site): 10 (i) values
  - U_kkii [opp] (local, 2-site): 90 contribs. from 10 (i) values
  - U_kkii [par] (local, 2-site): 45 contribs. from 9 (i) values
  - T_ji (single, 2-site): 90 contribs. from 10 (i) values
  - U_kkji [opp] (single, 2/3-site): 900 contribs. from 90 (i,j) pairs
  - U_kkji [par] (single, 3-site): 810 contribs. from 90 (i,j) pairs
  - U_lkji [opp] (double, 2/3/4-site): 8100 contribs. from 90 (i,j) pairs
  - U_lkji [par] (double, 4-site): 1740 contribs. from 72 (i,j) pairs
  - Max. no. wfn. ratios in Eloc: 1467
* Reading override orbitals from file "LTSC_naphthalene".
* Site labels:
  +--------------+
  |    6     3   |
  | 7     1     9|
  | 2     4    10|
  |    5     8   |
  +--------------+
* Read-in Site kinds:
  [ 1, 2, 3, 1, 3, 3, 2, 3, 2, 2 ]
  +---------+
  |  3   3  |
  |2   1   2|
  |2   1   2|
  |  3   3  |
  +---------+
* Maximum Site kind: 3
* Number of site-pair kinds with Tij=0: 0
* Automatically set Site pair kinds:
  Site 1: [ 0, -7, -4, 3, -8, -4, -9, 8, 9, -7 ]
  Site 2: [ -7, 0, 12, -9, 1, 10, 2, 14, 16, -15 ]
  Site 3: [ -4, 12, 0, -8, -11, 5, -13, -6, -1, 10 ]
  Site 4: [ 3, -9, -8, 0, -4, -8, -7, 4, 7, -9 ]
  Site 5: [ -8, 1, -11, -4, 0, 6, 10, -5, -12, -14 ]
  Site 6: [ -4, 10, 5, -8, 6, 0, 1, 11, 14, 12 ]
  Site 7: [ -9, 2, -13, -7, 10, 1, 0, -12, 15, -16 ]
  Site 8: [ 8, 14, -6, 4, -5, 11, -12, 0, 10, -1 ]
  Site 9: [ 9, 16, -1, 7, -12, 14, 15, 10, 0, -2 ]
  Site 10: [ -7, -15, 10, -9, -14, 12, -16, -1, -2, 0 ]
  For site 1 of kind 1:
  +--------------+
  |   -4    -4   |
  |-9     0     9|
  |-7     3    -7|
  |   -8     8   |
  +--------------+
  For site 2 of kind 2:
  +-------------------+
  |     10      12    |
  |  2      -7      16|
  |  0      -9     -15|
  |      1      14    |
  +-------------------+
  For site 3 of kind 3:
  +-------------------+
  |      5       0    |
  |-13      -4      -1|
  | 12      -8      10|
  |    -11      -6    |
  +-------------------+
* Maximum (unsigned) Site pair kind: 16
General system setup:
* Number of sites       : 10
* Number of electrons   : 10
* Spin imbalance MS2    : 0
* Filling               : 0.500000
* Number of orbitals in pool: 10
* Using real-valued orbitals
* Using double-precision arithmetic for orbitals

Trial wave function setup:
* Jastrow parameter file: "wfn.casl"
* Multideterminant parameter file: "wfn.casl"
* Not using a backflow transformation
* Not using wave function manipulation

VMC #1:
* Size of Hilbert space =   6.3504E+04
* Deterministic energy evaluation:
  > Deterministic Etot/t = -383.34105534125979
    - Ttot/t = -23.336624425668191
    - Utot/t = 9.5099147615787611
* Number of equil. steps   = 1000
* Running VMC equilibration.
  Done. [total walltime: 0.01s]
* Equil. acc.ratio (%)     =  25.7267
* Sample config after equilibration:
  +---------+
  |  2   d  |
  |d   0   u|
  |u   u   d|
  |  0   2  |
  +---------+
* Number of accum. steps   = 1000192 x 10
* Running VMC accumulation.
  Done. [total walltime: 29.6s]
* Acceptance ratio (%)     =  25.6769
* Etot/t                   =  -3.833409527599E+02 +/-   7.683412236903E-05
  > Ttot/t                 =  -2.333576969049E+01 +/-   3.793613529431E-04
  > Utot/t                 =   9.509162607800E+00 +/-   3.576737127563E-04
* var[Eloc/t]              =   5.929978014048E-03 +/-   7.416123893461E-05
* Correlation length       =   9.957230557758E-01
* log10 Psi^2 range: -16.800445597745966 -- -9.4318238742404681
* log10 Pgen range : -16.800445597745966 -- -9.4318238742404681
* Site occupation (ave. no. electrons per config.):
  > Site_  ___eu____  ___ed____
      1        0.496      0.497
      2        0.502      0.500
      3        0.500      0.501
      4        0.496      0.495
      5        0.500      0.502
      6        0.501      0.499
      7        0.502      0.502
      8        0.499      0.501
      9        0.502      0.501
     10        0.502      0.501
* Pair-correlation analysis (ave. no. pairs per config.):
  > Shell  nsite  ___dh____  __eueu___  __eued___
      0      1        0          0          1.668
      1      1        0.791      0.751      2.496
      2      1        0.270      0.634      1.142
      3      1        0.143      0.295      0.569
      4      1        0.533      1.338      2.181
      5      1        0.117      1.045      0.938
      6      1        0.131      0.834      1.133
      7      1        0.257      1.776      2.174
      8      1        0.229      2.106      1.882
      9      1        0.246      2.126      1.848
     10      1        0.217      2.170      1.858
     11      1        0.102      0.955      1.059
     12      1        0.224      2.078      1.919
     13      1        0.054      0.476      0.528
     14      1        0.163      1.426      1.582
     15      1        0.116      1.040      0.958
     16      1        0.109      0.947      1.064

Optimization #1:
* Method          : lls
* Target function : energy
* No. of configs. : 500096
* No. of params.  : 56
* Before optimization:
   2.6999E+00   2.7146E+00   2.7101E+00   7.7031E-01   7.7312E-01   1.0037E+00
  -5.9427E+00  -2.6011E+00  -2.6094E+00   2.6980E-01   1.0627E-01  -3.0142E+00
  -3.0139E+00  -3.0217E+00  -3.0234E+00  -2.8580E+00  -2.8610E+00   4.5341E-01
   4.5400E-01  -1.2805E-02   8.1999E-03   8.8797E-03   8.2780E-02   8.4153E-02
   8.2321E-02   8.4616E-02   1.8972E-02  -6.1903E-01  -3.6452E-01  -4.7432E-01
   3.1848E+01  -2.5859E+01   1.6043E+01  -1.3350E+01   3.7055E-01  -6.5859E-01
   4.4534E-01  -5.6487E-01   1.5934E+01  -1.2918E+01   1.6187E+01  -1.3179E+01
   1.5848E+01  -1.3032E+01   3.2527E-02  -5.4012E-01   5.2294E-01  -5.0715E-01
   2.5636E-01  -2.6579E-01   2.1578E-01  -2.9324E-01   2.1533E-01  -2.9309E-01
  -1.4553E-01  -1.2998E-01
  > E    =  -3.833408818545E+02 +/-   1.080051114011E-04
  > varE =   5.833671894377E-03
* Computing derivatives.
    [walltime: 1m elapsed, 3m36s remaining]
  Done. [total walltime: 4m32s]
* Optimizing manipulation constant:
  #igrid a___________ E____________________________________ varE____________
     1     Infinity    -3.83340882E+02 +/-   1.08005111E-04   5.83367189E-03
     2     1.0000E+06  -3.83340882E+02 +/-   1.08005082E-04   5.83366875E-03
     3     2.1544E+05  -3.83340882E+02 +/-   1.08004976E-04   5.83365729E-03
     4     4.6416E+04  -3.83340882E+02 +/-   1.08004484E-04   5.83360409E-03
     5     1.0000E+04  -3.83340882E+02 +/-   1.08002198E-04   5.83335721E-03
     6     2.1544E+03  -3.83340884E+02 +/-   1.07991594E-04   5.83221172E-03
     7     4.6416E+02  -3.83340894E+02 +/-   1.07942443E-04   5.82690409E-03
     8     1.0000E+02  -3.83340938E+02 +/-   1.07715853E-04   5.80246639E-03
     9     2.1544E+01  -3.83341136E+02 +/-   1.06696192E-04   5.69313156E-03
    10     4.6416E+00  -3.83341933E+02 +/-   1.02554048E-04   5.25967603E-03
    11     1.0000E+00  -3.83344098E+02 +/-   9.07557514E-05   4.11909392E-03
    12     2.1544E-01  -3.83346404E+02 +/-   7.65214051E-05   2.92832485E-03
    13     4.6416E-02  -3.83347003E+02 +/-   7.19042503E-05   2.58560694E-03
    14     1.0000E-02  -3.83346881E+02 +/-   7.24160821E-05   2.62254791E-03
    15     2.1544E-03  -3.83346694E+02 +/-   7.36071291E-05   2.70952486E-03
    16     4.6416E-04  -3.83346623E+02 +/-   7.40747316E-05   2.74405969E-03
    17     1.0000E-04  -3.83346605E+02 +/-   7.41915638E-05   2.75272249E-03
    18     2.1544E-05  -3.83346601E+02 +/-   7.42175812E-05   2.75465347E-03
    19     4.6416E-06  -3.83346600E+02 +/-   7.42232269E-05   2.75507258E-03
    20     1.0000E-06  -3.83346600E+02 +/-   7.42244452E-05   2.75516302E-03
    21     0.0000E+00  -3.83346600E+02 +/-   7.42247798E-05   2.75518786E-03
  ParMin   2.7867E-02  -3.83346998E+02 +/-   7.17889057E-05   2.57731824E-03
  # Using grid point #13
* Iteration # 1: E =  -3.833470028493E+02 +/-   7.190425026699E-05
* Reached maximum number of iterations: exiting.
* After optimization:
   3.4412E-01   3.5655E-01   3.5353E-01  -4.5304E-01  -4.5129E-01   1.0444E+00
   1.2594E+00  -2.7302E-01  -2.8390E-01  -2.2301E+00  -2.2653E+00   6.0662E-01
   6.0809E-01  -6.1699E-01  -6.1784E-01   7.0808E-01   7.0564E-01  -7.2683E-01
  -7.2702E-01  -2.4163E+00  -1.2046E+00  -1.2051E+00  -1.1539E+00  -1.1523E+00
  -1.1537E+00  -1.1527E+00   6.1080E+00  -5.4998E+00  -4.0635E-01  -4.8868E-01
  -3.9910E+00   2.7679E+00   4.2504E+00  -3.8889E+00   1.2628E+01  -1.0420E+01
   1.2669E+01  -1.0408E+01  -1.9941E+00   1.3932E+00   4.3819E+00  -3.7769E+00
  -2.0752E+00   1.3224E+00   6.1289E+00  -5.4550E+00   1.2767E+01  -1.0348E+01
   6.3804E+00  -5.1741E+00   6.3439E+00  -5.1820E+00   6.3443E+00  -5.1822E+00
  -7.7658E-02  -6.1198E-02
  > Energy =  -3.833470028493E+02 +/-   7.190425026699E-05
  > varE =   2.585606944465E-03

VMC #2:
* Size of Hilbert space =   6.3504E+04
* Deterministic energy evaluation:
  > Deterministic Etot/t = -383.34703545636046
    - Ttot/t = -23.364913090928912
    - Utot/t = 9.5322233117387114
* Number of equil. steps   = 1000
* Running VMC equilibration.
  Done. [total walltime: 0.01s]
* Equil. acc.ratio (%)     =  27.2584
* Sample config after equilibration:
  +---------+
  |  d   u  |
  |u   d   0|
  |d   u   2|
  |  u   d  |
  +---------+
* Number of accum. steps   = 1000192 x 10
* Running VMC accumulation.
  Done. [total walltime: 30.0s]
* Acceptance ratio (%)     =  27.1772
* Etot/t                   =  -3.833469620305E+02 +/-   5.080535505968E-05
  > Ttot/t                 =  -2.336473914805E+01 +/-   3.671899881068E-04
  > Utot/t                 =   9.532122794657E+00 +/-   3.618493186153E-04
* var[Eloc/t]              =   2.565983694370E-03 +/-   1.796080686459E-05
* Correlation length       =   1.006116950685E+00
* log10 Psi^2 range: -17.632843388048762 -- -9.7702277456283522
* log10 Pgen range : -17.632843388048762 -- -9.7702277456283522
* Site occupation (ave. no. electrons per config.):
  > Site_  ___eu____  ___ed____
      1        0.498      0.498
      2        0.501      0.502
      3        0.501      0.499
      4        0.498      0.497
      5        0.500      0.500
      6        0.499      0.500
      7        0.502      0.500
      8        0.500      0.499
      9        0.500      0.502
     10        0.501      0.502
* Pair-correlation analysis (ave. no. pairs per config.):
  > Shell  nsite  ___dh____  __eueu___  __eued___
      0      1        0          0          1.751
      1      1        0.841      0.717      2.476
      2      1        0.287      0.649      1.109
      3      1        0.163      0.297      0.555
      4      1        0.561      1.353      2.157
      5      1        0.121      1.022      0.968
      6      1        0.151      0.845      1.099
      7      1        0.304      1.800      2.120
      8      1        0.250      2.096      1.910
      9      1        0.249      2.119      1.910
     10      1        0.228      2.157      1.885
     11      1        0.116      0.980      1.020
     12      1        0.236      2.050      1.957
     13      1        0.061      0.481      0.517
     14      1        0.184      1.445      1.549
     15      1        0.122      1.030      0.975
     16      1        0.124      0.958      1.042

Optimization #2:
* Method          : lls
* Target function : energy
* No. of configs. : 500096
* No. of params.  : 56
* Before optimization:
   3.4412E-01   3.5655E-01   3.5353E-01  -4.5304E-01  -4.5129E-01   1.0444E+00
   1.2594E+00  -2.7302E-01  -2.8390E-01  -2.2301E+00  -2.2653E+00   6.0662E-01
   6.0809E-01  -6.1699E-01  -6.1784E-01   7.0808E-01   7.0564E-01  -7.2683E-01
  -7.2702E-01  -2.4163E+00  -1.2046E+00  -1.2051E+00  -1.1539E+00  -1.1523E+00
  -1.1537E+00  -1.1527E+00   6.1080E+00  -5.4998E+00  -4.0635E-01  -4.8868E-01
  -3.9910E+00   2.7679E+00   4.2504E+00  -3.8889E+00   1.2628E+01  -1.0420E+01
   1.2669E+01  -1.0408E+01  -1.9941E+00   1.3932E+00   4.3819E+00  -3.7769E+00
  -2.0752E+00   1.3224E+00   6.1289E+00  -5.4550E+00   1.2767E+01  -1.0348E+01
   6.3804E+00  -5.1741E+00   6.3439E+00  -5.1820E+00   6.3443E+00  -5.1822E+00
  -7.7658E-02  -6.1198E-02
  > E    =  -3.833470310941E+02 +/-   7.173284861542E-05
  > varE =   2.573294762992E-03
* Computing derivatives.
    [walltime: 1m elapsed, 3m28s remaining]
  Done. [total walltime: 4m31s]
* Optimizing manipulation constant:
  #igrid a___________ E____________________________________ varE____________
     1     Infinity    -3.83347031E+02 +/-   7.17328486E-05   2.57329476E-03
     2     1.0000E+06  -3.83347031E+02 +/-   7.17328476E-05   2.57329469E-03
     3     2.1544E+05  -3.83347031E+02 +/-   7.17328440E-05   2.57329443E-03
     4     4.6416E+04  -3.83347031E+02 +/-   7.17328273E-05   2.57329323E-03
     5     1.0000E+04  -3.83347031E+02 +/-   7.17327496E-05   2.57328766E-03
     6     2.1544E+03  -3.83347031E+02 +/-   7.17323884E-05   2.57326175E-03
     7     4.6416E+02  -3.83347031E+02 +/-   7.17307036E-05   2.57314087E-03
     8     1.0000E+02  -3.83347032E+02 +/-   7.17227009E-05   2.57256675E-03
     9     2.1544E+01  -3.83347034E+02 +/-   7.16817611E-05   2.56963071E-03
    10     4.6416E+00  -3.83347045E+02 +/-   7.14348367E-05   2.55195783E-03
    11     1.0000E+00  -3.83346695E+02 +/-   7.35975240E-05   2.70881776E-03
    12     2.1544E-01  -3.81894645E+02 +/-   8.25699792E-04   3.40955524E-01
    13     4.6416E-02  -3.81872437E+02 +/-   8.18976391E-04   3.35425554E-01
    14     1.0000E-02  -3.83280794E+02 +/-   3.02583584E-04   4.57872020E-02
    15     2.1544E-03  -3.83166461E+02 +/-   4.58965001E-04   1.05344658E-01
    16     4.6416E-04  -3.83121423E+02 +/-   4.99732036E-04   1.24890028E-01
    17     1.0000E-04  -3.83110866E+02 +/-   5.08172869E-04   1.29144624E-01
    18     2.1544E-05  -3.83108556E+02 +/-   5.09968869E-04   1.30059090E-01
    19     4.6416E-06  -3.83108057E+02 +/-   5.10354700E-04   1.30255964E-01
    20     1.0000E-06  -3.83107949E+02 +/-   5.10437771E-04   1.30298371E-01
    21     0.0000E+00  -3.83107920E+02 +/-   5.10460584E-04   1.30310019E-01
  ParMin   9.5332E+00  -3.83347038E+02 +/-   7.16045034E-05   2.56409466E-03
  # Using grid point #10
* Iteration # 1: E =  -3.833470448679E+02 +/-   7.143483668172E-05
* Reached maximum number of iterations: exiting.
* After optimization:
   1.6801E+00   1.6935E+00   1.6899E+00  -1.0506E+00  -1.0482E+00   1.0441E+00
   2.3096E+00  -3.4439E-01  -3.5517E-01  -3.4209E+00  -3.4576E+00   1.1314E+00
   1.1325E+00  -6.8787E-01  -6.8892E-01   1.2324E+00   1.2295E+00  -1.3235E+00
  -1.3235E+00  -3.6078E+00  -1.8001E+00  -1.8003E+00  -1.7494E+00  -1.7475E+00
  -1.7494E+00  -1.7480E+00   9.0872E+00  -7.8821E+00  -4.0611E-01  -4.8938E-01
  -9.2400E+00   6.9667E+00   4.6042E+00  -4.1723E+00   1.8584E+01  -1.5185E+01
   1.8625E+01  -1.5173E+01  -4.6180E+00   3.4919E+00   4.7369E+00  -4.0608E+00
  -4.6979E+00   3.4227E+00   9.1081E+00  -7.8374E+00   1.8724E+01  -1.5115E+01
   9.3589E+00  -7.5577E+00   9.3225E+00  -7.5652E+00   9.3223E+00  -7.5652E+00
  -7.7367E-02  -6.1285E-02
  > Energy =  -3.833470448679E+02 +/-   7.143483668172E-05
  > varE =   2.551957827718E-03

VMC #3:
* Size of Hilbert space =   6.3504E+04
* Deterministic energy evaluation:
  > Deterministic Etot/t = -383.34704841748896
    - Ttot/t = -23.365394303648085
    - Utot/t = 9.5326915633295144
* Number of equil. steps   = 1000
* Running VMC equilibration.
  Done. [total walltime: 0.01s]
* Equil. acc.ratio (%)     =  27.2704
* Sample config after equilibration:
  +---------+
  |  d   0  |
  |0   2   2|
  |d   2   u|
  |  u   0  |
  +---------+
* Number of accum. steps   = 1000192 x 10
* Running VMC accumulation.
  Done. [total walltime: 29.8s]
* Acceptance ratio (%)     =  27.2111
* Etot/t                   =  -3.833469918228E+02 +/-   5.065723317890E-05
  > Ttot/t                 =  -2.336549489161E+01 +/-   3.660374059193E-04
  > Utot/t                 =   9.532848746045E+00 +/-   3.602580288163E-04
* var[Eloc/t]              =   2.547354331627E-03 +/-   2.063893301966E-05
* Correlation length       =   1.007573992863E+00
* log10 Psi^2 range: -16.620093240231729 -- -9.7646127569899583
* log10 Pgen range : -16.620093240231729 -- -9.7646127569899583
* Site occupation (ave. no. electrons per config.):
  > Site_  ___eu____  ___ed____
      1        0.497      0.498
      2        0.501      0.500
      3        0.500      0.500
      4        0.498      0.497
      5        0.500      0.500
      6        0.500      0.500
      7        0.501      0.501
      8        0.500      0.500
      9        0.502      0.502
     10        0.501      0.502
* Pair-correlation analysis (ave. no. pairs per config.):
  > Shell  nsite  ___dh____  __eueu___  __eued___
      0      1        0          0          1.754
      1      1        0.844      0.717      2.474
      2      1        0.287      0.649      1.108
      3      1        0.162      0.297      0.554
      4      1        0.561      1.353      2.157
      5      1        0.123      1.022      0.968
      6      1        0.152      0.847      1.098
      7      1        0.302      1.801      2.120
      8      1        0.251      2.094      1.909
      9      1        0.251      2.116      1.906
     10      1        0.228      2.157      1.888
     11      1        0.116      0.981      1.024
     12      1        0.239      2.053      1.953
     13      1        0.061      0.482      0.516
     14      1        0.185      1.445      1.550
     15      1        0.123      1.029      0.974
     16      1        0.124      0.956      1.045

Optimization #3:
* Method          : lls
* Target function : energy
* No. of configs. : 500096
* No. of params.  : 56
* Before optimization:
   1.6801E+00   1.6935E+00   1.6899E+00  -1.0506E+00  -1.0482E+00   1.0441E+00
   2.3096E+00  -3.4439E-01  -3.5517E-01  -3.4209E+00  -3.4576E+00   1.1314E+00
   1.1325E+00  -6.8787E-01  -6.8892E-01   1.2324E+00   1.2295E+00  -1.3235E+00
  -1.3235E+00  -3.6078E+00  -1.8001E+00  -1.8003E+00  -1.7494E+00  -1.7475E+00
  -1.7494E+00  -1.7480E+00   9.0872E+00  -7.8821E+00  -4.0611E-01  -4.8938E-01
  -9.2400E+00   6.9667E+00   4.6042E+00  -4.1723E+00   1.8584E+01  -1.5185E+01
   1.8625E+01  -1.5173E+01  -4.6180E+00   3.4919E+00   4.7369E+00  -4.0608E+00
  -4.6979E+00   3.4227E+00   9.1081E+00  -7.8374E+00   1.8724E+01  -1.5115E+01
   9.3589E+00  -7.5577E+00   9.3225E+00  -7.5652E+00   9.3223E+00  -7.5652E+00
  -7.7367E-02  -6.1285E-02
  > E    =  -3.833469354769E+02 +/-   7.191549139356E-05
  > varE =   2.586415447627E-03
* Computing derivatives.
    [walltime: 1m elapsed, 3m40s remaining]
  Done. [total walltime: 4m36s]
* Optimizing manipulation constant:
  #igrid a___________ E____________________________________ varE____________
     1     Infinity    -3.83346935E+02 +/-   7.19154914E-05   2.58641545E-03
     2     1.0000E+06  -3.83346935E+02 +/-   7.19154908E-05   2.58641540E-03
     3     2.1544E+05  -3.83346935E+02 +/-   7.19154885E-05   2.58641524E-03
     4     4.6416E+04  -3.83346935E+02 +/-   7.19154779E-05   2.58641448E-03
     5     1.0000E+04  -3.83346935E+02 +/-   7.19154287E-05   2.58641094E-03
     6     2.1544E+03  -3.83346936E+02 +/-   7.19152006E-05   2.58639453E-03
     7     4.6416E+02  -3.83346936E+02 +/-   7.19141437E-05   2.58631851E-03
     8     1.0000E+02  -3.83346936E+02 +/-   7.19092822E-05   2.58596884E-03
     9     2.1544E+01  -3.83346938E+02 +/-   7.18876266E-05   2.58441154E-03
    10     4.6416E+00  -3.83346947E+02 +/-   7.18032372E-05   2.57834738E-03
    11     1.0000E+00  -3.83346969E+02 +/-   7.15906678E-05   2.56310388E-03
    12     2.1544E-01  -3.83346991E+02 +/-   7.13765164E-05   2.54779263E-03
    13     4.6416E-02  -3.83346995E+02 +/-   7.13398841E-05   2.54517811E-03
    14     1.0000E-02  -3.83346955E+02 +/-   7.17718851E-05   2.57609626E-03
    15     2.1544E-03  -3.83340979E+02 +/-   1.09718367E-04   6.02021567E-03
    16     4.6416E-04  -3.82954832E+02 +/-   5.08560976E-04   1.29341962E-01
    17     1.0000E-04  -3.83301345E+02 +/-   2.20040933E-04   2.42136543E-02
    18     2.1544E-05  -3.83312572E+02 +/-   1.95228534E-04   1.90607491E-02
    19     4.6416E-06  -3.83314441E+02 +/-   1.90728714E-04   1.81922134E-02
    20     1.0000E-06  -3.83314824E+02 +/-   1.89792501E-04   1.80140547E-02
    21     0.0000E+00  -3.83314928E+02 +/-   1.89537406E-04   1.79656628E-02
  ParMin   8.5673E-02  -3.83346996E+02 +/-   7.13311206E-05   2.54455285E-03
  # Using parabolic minimum
* Iteration # 1: E =  -3.833469955051E+02 +/-   7.133112064534E-05
* Reached maximum number of iterations: exiting.
* After optimization:
   3.8372E+00   3.8526E+00   3.8482E+00  -1.6400E+00  -1.6366E+00   1.0326E+00
   2.5115E+00  -8.2507E-01  -8.3507E-01  -4.5723E+00  -4.6238E+00   1.2273E+00
   1.2281E+00  -1.1675E+00  -1.1690E+00   1.3259E+00   1.3227E+00  -1.9119E+00
  -1.9114E+00  -4.7630E+00  -2.3771E+00  -2.3766E+00  -2.3258E+00  -2.3245E+00
  -2.3265E+00  -2.3250E+00   1.1969E+01  -1.0181E+01  -3.9704E-01  -4.8966E-01
  -1.0251E+01   7.7797E+00   6.9740E+00  -6.0670E+00   2.4341E+01  -1.9788E+01
   2.4390E+01  -1.9776E+01  -5.1194E+00   3.8964E+00   7.1157E+00  -5.9586E+00
  -5.2004E+00   3.8331E+00   1.1998E+01  -1.0136E+01   2.4484E+01  -1.9719E+01
   1.2239E+01  -9.8619E+00   1.2198E+01  -9.8663E+00   1.2199E+01  -9.8666E+00
  -7.3090E-02  -6.0644E-02
  > Energy =  -3.833469955051E+02 +/-   7.133112064534E-05
  > varE =   2.544552846622E-03

VMC #4:
* Size of Hilbert space =   6.3504E+04
* Deterministic energy evaluation:
  > Deterministic Etot/t = -383.34709710536049
    - Ttot/t = -23.366470805318105
    - Utot/t = 9.5337193771279676
* Number of equil. steps   = 1000
* Running VMC equilibration.
  Done. [total walltime: 0.01s]
* Equil. acc.ratio (%)     =  27.3139
* Sample config after equilibration:
  +---------+
  |  d   d  |
  |u   u   u|
  |u   u   d|
  |  d   d  |
  +---------+
* Number of accum. steps   = 1000192 x 10
* Running VMC accumulation.
  Done. [total walltime: 29.8s]
* Acceptance ratio (%)     =  27.2825
* Etot/t                   =  -3.833470189860E+02 +/-   5.131434554687E-05
  > Ttot/t                 =  -2.336633194452E+01 +/-   3.713676088212E-04
  > Utot/t                 =   9.533658635686E+00 +/-   3.667631611188E-04
* var[Eloc/t]              =   2.494952386864E-03 +/-   2.519890865991E-05
* Correlation length       =   1.055598351249E+00
* log10 Psi^2 range: -16.760900799829358 -- -9.6477968038105661
* log10 Pgen range : -16.760900799829358 -- -9.6477968038105661
* Site occupation (ave. no. electrons per config.):
  > Site_  ___eu____  ___ed____
      1        0.499      0.496
      2        0.501      0.501
      3        0.500      0.501
      4        0.496      0.498
      5        0.500      0.501
      6        0.499      0.500
      7        0.502      0.501
      8        0.501      0.499
      9        0.501      0.501
     10        0.502      0.502
* Pair-correlation analysis (ave. no. pairs per config.):
  > Shell  nsite  ___dh____  __eueu___  __eued___
      0      1        0          0          1.757
      1      1        0.844      0.714      2.478
      2      1        0.291      0.649      1.105
      3      1        0.164      0.294      0.555
      4      1        0.562      1.349      2.159
      5      1        0.122      1.025      0.967
      6      1        0.152      0.846      1.099
      7      1        0.306      1.797      2.117
      8      1        0.251      2.101      1.905
      9      1        0.252      2.119      1.906
     10      1        0.228      2.160      1.886
     11      1        0.116      0.978      1.025
     12      1        0.239      2.060      1.949
     13      1        0.062      0.479      0.518
     14      1        0.186      1.439      1.554
     15      1        0.123      1.034      0.971
     16      1        0.126      0.953      1.048

Optimization #4:
* Method          : lls
* Target function : energy
* No. of configs. : 500096
* No. of params.  : 56
* Before optimization:
   3.8372E+00   3.8526E+00   3.8482E+00  -1.6400E+00  -1.6366E+00   1.0326E+00
   2.5115E+00  -8.2507E-01  -8.3507E-01  -4.5723E+00  -4.6238E+00   1.2273E+00
   1.2281E+00  -1.1675E+00  -1.1690E+00   1.3259E+00   1.3227E+00  -1.9119E+00
  -1.9114E+00  -4.7630E+00  -2.3771E+00  -2.3766E+00  -2.3258E+00  -2.3245E+00
  -2.3265E+00  -2.3250E+00   1.1969E+01  -1.0181E+01  -3.9704E-01  -4.8966E-01
  -1.0251E+01   7.7797E+00   6.9740E+00  -6.0670E+00   2.4341E+01  -1.9788E+01
   2.4390E+01  -1.9776E+01  -5.1194E+00   3.8964E+00   7.1157E+00  -5.9586E+00
  -5.2004E+00   3.8331E+00   1.1998E+01  -1.0136E+01   2.4484E+01  -1.9719E+01
   1.2239E+01  -9.8619E+00   1.2198E+01  -9.8663E+00   1.2199E+01  -9.8666E+00
  -7.3090E-02  -6.0644E-02
  > E    =  -3.833469706359E+02 +/-   7.077789128990E-05
  > varE =   2.505235860673E-03
* Computing derivatives.
    [walltime: 1m elapsed, 3m37s remaining]
  Done. [total walltime: 4m35s]
* Optimizing manipulation constant:
  #igrid a___________ E____________________________________ varE____________
     1     Infinity    -3.83346971E+02 +/-   7.07778913E-05   2.50523586E-03
     2     1.0000E+06  -3.83346971E+02 +/-   7.07778913E-05   2.50523586E-03
     3     2.1544E+05  -3.83346971E+02 +/-   7.07778911E-05   2.50523585E-03
     4     4.6416E+04  -3.83346971E+02 +/-   7.07778906E-05   2.50523581E-03
     5     1.0000E+04  -3.83346971E+02 +/-   7.07778881E-05   2.50523563E-03
     6     2.1544E+03  -3.83346971E+02 +/-   7.07778759E-05   2.50523477E-03
     7     4.6416E+02  -3.83346971E+02 +/-   7.07778125E-05   2.50523028E-03
     8     1.0000E+02  -3.83346971E+02 +/-   7.07773636E-05   2.50519851E-03
     9     2.1544E+01  -3.83346971E+02 +/-   7.07720568E-05   2.50482285E-03
    10     4.6416E+00  -3.83346972E+02 +/-   7.06932076E-05   2.49924456E-03
    11     1.0000E+00  -3.83346871E+02 +/-   7.09451207E-05   2.51708827E-03
    12     2.1544E-01  -3.83336682E+02 +/-   1.38745000E-04   9.62693551E-03
    13     4.6416E-02  -3.83296132E+02 +/-   2.37196512E-04   2.81364939E-02
    14     1.0000E-02  -3.83273614E+02 +/-   2.86651659E-04   4.10924750E-02
    15     2.1544E-03  -3.83265955E+02 +/-   3.01692888E-04   4.55180371E-02
    16     4.6416E-04  -3.83264166E+02 +/-   3.05083904E-04   4.65470294E-02
    17     1.0000E-04  -3.83263774E+02 +/-   3.05820888E-04   4.67721864E-02
    18     2.1544E-05  -3.83263689E+02 +/-   3.05979959E-04   4.68208554E-02
    19     4.6416E-06  -3.83263671E+02 +/-   3.06014243E-04   4.68313483E-02
    20     1.0000E-06  -3.83263667E+02 +/-   3.06021630E-04   4.68336093E-02
    21     0.0000E+00  -3.83263666E+02 +/-   3.06023658E-04   4.68342301E-02
  ParMin   9.8128E+00  -3.83346971E+02 +/-   7.07546756E-05   2.50359266E-03
  # Using grid point #10
* Iteration # 1: E =  -3.833469718215E+02 +/-   7.069320756566E-05
* Reached maximum number of iterations: exiting.
* After optimization:
   2.4230E+00   2.4384E+00   2.4337E+00  -1.4340E+00  -1.4304E+00   1.0324E+00
   3.1002E+00  -3.2393E-01  -3.3390E-01  -4.1577E+00  -4.2102E+00   1.5212E+00
   1.5222E+00  -6.6626E-01  -6.6760E-01   1.6198E+00   1.6166E+00  -1.7052E+00
  -1.7047E+00  -4.3486E+00  -2.1699E+00  -2.1695E+00  -2.1186E+00  -2.1171E+00
  -2.1194E+00  -2.1177E+00   1.0934E+01  -9.3514E+00  -3.9706E-01  -4.8977E-01
  -1.3195E+01   1.0135E+01   4.4655E+00  -4.0605E+00   2.2270E+01  -1.8131E+01
   2.2319E+01  -1.8119E+01  -6.5915E+00   5.0747E+00   4.6074E+00  -3.9523E+00
  -6.6725E+00   5.0113E+00   1.0963E+01  -9.3074E+00   2.2412E+01  -1.8062E+01
   1.1204E+01  -9.0334E+00   1.1163E+01  -9.0375E+00   1.1164E+01  -9.0381E+00
  -7.2983E-02  -6.0677E-02
  > Energy =  -3.833469718215E+02 +/-   7.069320756566E-05
  > varE =   2.499244560802E-03

VMC #5:
* Size of Hilbert space =   6.3504E+04
* Deterministic energy evaluation:
  > Deterministic Etot/t = -383.34709707647761
    - Ttot/t = -23.366697244692038
    - Utot/t = 9.5339458453847836
* Number of equil. steps   = 1000
* Running VMC equilibration.
  Done. [total walltime: 0.01s]
* Equil. acc.ratio (%)     =  27.2795
* Sample config after equilibration:
  +---------+
  |  u   d  |
  |d   u   u|
  |u   d   d|
  |  d   u  |
  +---------+
* Number of accum. steps   = 1000192 x 10
* Running VMC accumulation.
  Done. [total walltime: 29.5s]
* Acceptance ratio (%)     =  27.2994
* Etot/t                   =  -3.833470148173E+02 +/-   5.049947281007E-05
  > Ttot/t                 =  -2.336664103194E+01 +/-   3.644785048458E-04
  > Utot/t                 =   9.533971891781E+00 +/-   3.604077460923E-04
* var[Eloc/t]              =   2.496353464650E-03 +/-   2.292437693058E-05
* Correlation length       =   1.021764917505E+00
* log10 Psi^2 range: -16.228891123854140 -- -9.6424457181290606
* log10 Pgen range : -16.228891123854140 -- -9.6424457181290606
* Site occupation (ave. no. electrons per config.):
  > Site_  ___eu____  ___ed____
      1        0.497      0.497
      2        0.502      0.502
      3        0.500      0.500
      4        0.496      0.498
      5        0.500      0.499
      6        0.501      0.501
      7        0.501      0.501
      8        0.500      0.500
      9        0.501      0.502
     10        0.502      0.501
* Pair-correlation analysis (ave. no. pairs per config.):
  > Shell  nsite  ___dh____  __eueu___  __eued___
      0      1        0          0          1.762
      1      1        0.846      0.717      2.474
      2      1        0.290      0.650      1.106
      3      1        0.165      0.294      0.552
      4      1        0.565      1.348      2.155
      5      1        0.123      1.024      0.968
      6      1        0.152      0.847      1.100
      7      1        0.308      1.798      2.118
      8      1        0.253      2.098      1.905
      9      1        0.252      2.118      1.907
     10      1        0.231      2.159      1.886
     11      1        0.117      0.979      1.023
     12      1        0.240      2.057      1.954
     13      1        0.062      0.480      0.517
     14      1        0.186      1.444      1.553
     15      1        0.124      1.032      0.974
     16      1        0.126      0.956      1.045

Optimization #5:
* Method          : lls
* Target function : energy
* No. of configs. : 500096
* No. of params.  : 56
* Before optimization:
   2.4230E+00   2.4384E+00   2.4337E+00  -1.4340E+00  -1.4304E+00   1.0324E+00
   3.1002E+00  -3.2393E-01  -3.3390E-01  -4.1577E+00  -4.2102E+00   1.5212E+00
   1.5222E+00  -6.6626E-01  -6.6760E-01   1.6198E+00   1.6166E+00  -1.7052E+00
  -1.7047E+00  -4.3486E+00  -2.1699E+00  -2.1695E+00  -2.1186E+00  -2.1171E+00
  -2.1194E+00  -2.1177E+00   1.0934E+01  -9.3514E+00  -3.9706E-01  -4.8977E-01
  -1.3195E+01   1.0135E+01   4.4655E+00  -4.0605E+00   2.2270E+01  -1.8131E+01
   2.2319E+01  -1.8119E+01  -6.5915E+00   5.0747E+00   4.6074E+00  -3.9523E+00
  -6.6725E+00   5.0113E+00   1.0963E+01  -9.3074E+00   2.2412E+01  -1.8062E+01
   1.1204E+01  -9.0334E+00   1.1163E+01  -9.0375E+00   1.1164E+01  -9.0381E+00
  -7.2983E-02  -6.0677E-02
  > E    =  -3.833469275825E+02 +/-   7.065267060465E-05
  > varE =   2.496379144572E-03
* Computing derivatives.
    [walltime: 1m elapsed, 3m26s remaining]
  Done. [total walltime: 4m27s]
* Optimizing manipulation constant:
  #igrid a___________ E____________________________________ varE____________
     1     Infinity    -3.83346928E+02 +/-   7.06526706E-05   2.49637914E-03
     2     1.0000E+06  -3.83346928E+02 +/-   7.06526706E-05   2.49637915E-03
     3     2.1544E+05  -3.83346928E+02 +/-   7.06526707E-05   2.49637915E-03
     4     4.6416E+04  -3.83346928E+02 +/-   7.06526712E-05   2.49637919E-03
     5     1.0000E+04  -3.83346928E+02 +/-   7.06526734E-05   2.49637934E-03
     6     2.1544E+03  -3.83346928E+02 +/-   7.06526836E-05   2.49638007E-03
     7     4.6416E+02  -3.83346928E+02 +/-   7.06527312E-05   2.49638343E-03
     8     1.0000E+02  -3.83346928E+02 +/-   7.06529540E-05   2.49639917E-03
     9     2.1544E+01  -3.83346928E+02 +/-   7.06540230E-05   2.49647471E-03
    10     4.6416E+00  -3.83346929E+02 +/-   7.06593254E-05   2.49684944E-03
    11     1.0000E+00  -3.83346931E+02 +/-   7.06797492E-05   2.49829305E-03
    12     2.1544E-01  -3.83346933E+02 +/-   7.07080549E-05   2.50029448E-03
    13     4.6416E-02  -3.83346933E+02 +/-   7.06993175E-05   2.49967659E-03
    14     1.0000E-02  -3.83346927E+02 +/-   7.06351537E-05   2.49514144E-03
    15     2.1544E-03  -3.83346882E+02 +/-   7.08380858E-05   2.50949893E-03
    16     4.6416E-04  -3.83346824E+02 +/-   7.13414256E-05   2.54528811E-03
    17     1.0000E-04  -3.83346804E+02 +/-   7.15450806E-05   2.55984068E-03
    18     2.1544E-05  -3.83346799E+02 +/-   7.15953173E-05   2.56343682E-03
    19     4.6416E-06  -3.83346797E+02 +/-   7.16064581E-05   2.56423466E-03
    20     1.0000E-06  -3.83346797E+02 +/-   7.16088732E-05   2.56440763E-03
    21     0.0000E+00  -3.83346797E+02 +/-   7.16095375E-05   2.56445521E-03
  ParMin   9.5566E-02  -3.83346933E+02 +/-   7.07104063E-05   2.50046078E-03
  # Using parabolic minimum
* Iteration # 1: E =  -3.833469333767E+02 +/-   7.071040629184E-05
* Reached maximum number of iterations: exiting.
* After optimization:
   9.4525E-01   9.5925E-01   9.5496E-01  -9.4786E-01  -9.4421E-01   1.0348E+00
   2.6333E+00  -7.1766E-02  -8.1305E-02  -3.1851E+00  -3.2394E+00   1.2882E+00
   1.2884E+00  -4.1419E-01  -4.1565E-01   1.3864E+00   1.3827E+00  -1.2180E+00
  -1.2174E+00  -3.3774E+00  -1.6845E+00  -1.6838E+00  -1.6324E+00  -1.6309E+00
  -1.6328E+00  -1.6315E+00   8.5026E+00  -7.4084E+00  -3.9798E-01  -4.9018E-01
  -1.0856E+01   8.2637E+00   3.2052E+00  -3.0531E+00   1.7413E+01  -1.4246E+01
   1.7462E+01  -1.4232E+01  -5.4217E+00   4.1382E+00   3.3493E+00  -2.9458E+00
  -5.5034E+00   4.0765E+00   8.5336E+00  -7.3645E+00   1.7556E+01  -1.4177E+01
   8.7757E+00  -7.0911E+00   8.7345E+00  -7.0952E+00   8.7347E+00  -7.0953E+00
  -7.1394E-02  -6.1109E-02
  > Energy =  -3.833469333767E+02 +/-   7.071040629184E-05
  > varE =   2.500460775288E-03

VMC #6:
* Size of Hilbert space =   6.3504E+04
* Deterministic energy evaluation:
  > Deterministic Etot/t = -383.34709832699718
    - Ttot/t = -23.366987822498437
    - Utot/t = 9.5342351726715027
* Number of equil. steps   = 1000
* Running VMC equilibration.
  Done. [total walltime: 0.01s]
* Equil. acc.ratio (%)     =  27.3684
* Sample config after equilibration:
  +---------+
  |  d   u  |
  |u   d   d|
  |u   2   u|
  |  0   d  |
  +---------+
* Number of accum. steps   = 1000192 x 10
* Running VMC accumulation.
  Done. [total walltime: 29.6s]
* Acceptance ratio (%)     =  27.2854
* Etot/t                   =  -3.833471229727E+02 +/-   4.953783887868E-05
  > Ttot/t                 =  -2.336668059325E+01 +/-   3.655385400220E-04
  > Utot/t                 =   9.533903297731E+00 +/-   3.622247389209E-04
* var[Eloc/t]              =   2.487672921881E-03 +/-   1.092477794153E-05
* Correlation length       =   9.866524761748E-01
* log10 Psi^2 range: -16.324824425862651 -- -9.6459342926395006
* log10 Pgen range : -16.324824425862651 -- -9.6459342926395006
* Site occupation (ave. no. electrons per config.):
  > Site_  ___eu____  ___ed____
      1        0.497      0.498
      2        0.501      0.502
      3        0.499      0.500
      4        0.498      0.496
      5        0.500      0.501
      6        0.500      0.500
      7        0.502      0.502
      8        0.500      0.499
      9        0.501      0.501
     10        0.502      0.502
* Pair-correlation analysis (ave. no. pairs per config.):
  > Shell  nsite  ___dh____  __eueu___  __eued___
      0      1        0          0          1.762
      1      1        0.848      0.714      2.475
      2      1        0.291      0.650      1.105
      3      1        0.164      0.295      0.554
      4      1        0.563      1.348      2.159
      5      1        0.122      1.024      0.967
      6      1        0.152      0.845      1.100
      7      1        0.306      1.798      2.121
      8      1        0.251      2.101      1.904
      9      1        0.253      2.121      1.905
     10      1        0.231      2.159      1.885
     11      1        0.117      0.978      1.023
     12      1        0.240      2.058      1.952
     13      1        0.062      0.480      0.517
     14      1        0.188      1.442      1.552
     15      1        0.124      1.033      0.975
     16      1        0.128      0.955      1.045

Optimization #6:
* Method          : lls
* Target function : energy
* No. of configs. : 500096
* No. of params.  : 56
* Before optimization:
   9.4525E-01   9.5925E-01   9.5496E-01  -9.4786E-01  -9.4421E-01   1.0348E+00
   2.6333E+00  -7.1766E-02  -8.1305E-02  -3.1851E+00  -3.2394E+00   1.2882E+00
   1.2884E+00  -4.1419E-01  -4.1565E-01   1.3864E+00   1.3827E+00  -1.2180E+00
  -1.2174E+00  -3.3774E+00  -1.6845E+00  -1.6838E+00  -1.6324E+00  -1.6309E+00
  -1.6328E+00  -1.6315E+00   8.5026E+00  -7.4084E+00  -3.9798E-01  -4.9018E-01
  -1.0856E+01   8.2637E+00   3.2052E+00  -3.0531E+00   1.7413E+01  -1.4246E+01
   1.7462E+01  -1.4232E+01  -5.4217E+00   4.1382E+00   3.3493E+00  -2.9458E+00
  -5.5034E+00   4.0765E+00   8.5336E+00  -7.3645E+00   1.7556E+01  -1.4177E+01
   8.7757E+00  -7.0911E+00   8.7345E+00  -7.0952E+00   8.7347E+00  -7.0953E+00
  -7.1394E-02  -6.1109E-02
  > E    =  -3.833471855423E+02 +/-   7.088147864474E-05
  > varE =   2.512574329097E-03
* Computing derivatives.
    [walltime: 1m elapsed, 3m37s remaining]
  Done. [total walltime: 4m30s]
* Optimizing manipulation constant:
  #igrid a___________ E____________________________________ varE____________
     1     Infinity    -3.83347186E+02 +/-   7.08814786E-05   2.51257433E-03
     2     1.0000E+06  -3.83347186E+02 +/-   7.08814785E-05   2.51257432E-03
     3     2.1544E+05  -3.83347186E+02 +/-   7.08814782E-05   2.51257430E-03
     4     4.6416E+04  -3.83347186E+02 +/-   7.08814766E-05   2.51257418E-03
     5     1.0000E+04  -3.83347186E+02 +/-   7.08814691E-05   2.51257365E-03
     6     2.1544E+03  -3.83347186E+02 +/-   7.08814344E-05   2.51257119E-03
     7     4.6416E+02  -3.83347186E+02 +/-   7.08812759E-05   2.51255996E-03
     8     1.0000E+02  -3.83347186E+02 +/-   7.08805944E-05   2.51251164E-03
     9     2.1544E+01  -3.83347186E+02 +/-   7.08785751E-05   2.51236849E-03
    10     4.6416E+00  -3.83347187E+02 +/-   7.08938273E-05   2.51344987E-03
    11     1.0000E+00  -3.83347154E+02 +/-   7.19952414E-05   2.59215499E-03
    12     2.1544E-01  -3.83347011E+02 +/-   7.15614115E-05   2.56100943E-03
    13     4.6416E-02  -3.83346977E+02 +/-   7.55475551E-05   2.85426446E-03
    14     1.0000E-02  -3.83316970E+02 +/-   2.40187863E-04   2.88506431E-02
    15     2.1544E-03  -3.83022659E+02 +/-   6.83354291E-04   2.33531373E-01
    16     4.6416E-04  -3.82900725E+02 +/-   7.67389581E-04   2.94499918E-01
    17     1.0000E-04  -3.82874852E+02 +/-   7.82052968E-04   3.05862136E-01
    18     2.1544E-05  -3.82869331E+02 +/-   7.85062634E-04   3.08220837E-01
    19     4.6416E-06  -3.82868144E+02 +/-   7.85704268E-04   3.08724862E-01
    20     1.0000E-06  -3.82867888E+02 +/-   7.85842193E-04   3.08833261E-01
    21     0.0000E+00  -3.82867818E+02 +/-   7.85880049E-04   3.08863016E-01
  ParMin   9.6291E+00  -3.83347186E+02 +/-   7.08791620E-05   2.51241009E-03
  # Using grid point #10
* Iteration # 1: E =  -3.833471867484E+02 +/-   7.089382732046E-05
* Reached maximum number of iterations: exiting.
* After optimization:
   1.0265E+00   1.0404E+00   1.0361E+00  -9.5174E-01  -9.4809E-01   1.0341E+00
   2.5669E+00  -1.0831E-01  -1.1786E-01  -3.1917E+00  -3.2456E+00   1.2550E+00
   1.2553E+00  -4.5045E-01  -4.5182E-01   1.3531E+00   1.3495E+00  -1.2217E+00
  -1.2211E+00  -3.3834E+00  -1.6875E+00  -1.6869E+00  -1.6358E+00  -1.6341E+00
  -1.6360E+00  -1.6346E+00   8.5186E+00  -7.4203E+00  -3.9786E-01  -4.8985E-01
  -1.0526E+01   8.0002E+00   3.3859E+00  -3.1973E+00   1.7444E+01  -1.4271E+01
   1.7493E+01  -1.4257E+01  -5.2566E+00   4.0065E+00   3.5300E+00  -3.0900E+00
  -5.3384E+00   3.9450E+00   8.5494E+00  -7.3766E+00   1.7587E+01  -1.4202E+01
   8.7912E+00  -7.1037E+00   8.7501E+00  -7.1076E+00   8.7503E+00  -7.1078E+00
  -7.1544E-02  -6.1102E-02
  > Energy =  -3.833471867484E+02 +/-   7.089382732046E-05
  > varE =   2.513449865807E-03

VMC #7:
* Size of Hilbert space =   6.3504E+04
* Deterministic energy evaluation:
  > Deterministic Etot/t = -383.34709846105079
    - Ttot/t = -23.366877352776616
    - Utot/t = 9.5341245688960683
* Number of equil. steps   = 1000
* Running VMC equilibration.
  Done. [total walltime: 0.01s]
* Equil. acc.ratio (%)     =  27.3011
* Sample config after equilibration:
  +---------+
  |  d   0  |
  |u   2   d|
  |d   u   u|
  |  0   2  |
  +---------+
* Number of accum. steps   = 1000192 x 10
* Running VMC accumulation.
  Done. [total walltime: 29.7s]
* Acceptance ratio (%)     =  27.2866
* Etot/t                   =  -3.833471300396E+02 +/-   4.954117677241E-05
  > Ttot/t                 =  -2.336748042024E+01 +/-   3.713036469988E-04
  > Utot/t                 =   9.534696057788E+00 +/-   3.679229733407E-04
* var[Eloc/t]              =   2.496364757758E-03 +/-   1.479055052705E-05
* Correlation length       =   9.833496564874E-01
* log10 Psi^2 range: -16.700142139430245 -- -9.6397180215797942
* log10 Pgen range : -16.700142139430245 -- -9.6397180215797942
* Site occupation (ave. no. electrons per config.):
  > Site_  ___eu____  ___ed____
      1        0.497      0.498
      2        0.502      0.501
      3        0.501      0.500
      4        0.497      0.498
      5        0.499      0.500
      6        0.501      0.499
      7        0.500      0.502
      8        0.499      0.501
      9        0.501      0.502
     10        0.502      0.500
* Pair-correlation analysis (ave. no. pairs per config.):
  > Shell  nsite  ___dh____  __eueu___  __eued___
      0      1        0          0          1.760
      1      1        0.846      0.715      2.474
      2      1        0.290      0.649      1.105
      3      1        0.164      0.296      0.554
      4      1        0.564      1.348      2.161
      5      1        0.122      1.025      0.968
      6      1        0.152      0.847      1.099
      7      1        0.307      1.798      2.118
      8      1        0.252      2.103      1.905
      9      1        0.252      2.119      1.907
     10      1        0.230      2.158      1.887
     11      1        0.117      0.978      1.024
     12      1        0.241      2.059      1.949
     13      1        0.062      0.480      0.518
     14      1        0.187      1.440      1.553
     15      1        0.124      1.033      0.972
     16      1        0.126      0.953      1.047

Optimization #7:
* Method          : lls
* Target function : energy
* No. of configs. : 500096
* No. of params.  : 56
* Before optimization:
   1.0265E+00   1.0404E+00   1.0361E+00  -9.5174E-01  -9.4809E-01   1.0341E+00
   2.5669E+00  -1.0831E-01  -1.1786E-01  -3.1917E+00  -3.2456E+00   1.2550E+00
   1.2553E+00  -4.5045E-01  -4.5182E-01   1.3531E+00   1.3495E+00  -1.2217E+00
  -1.2211E+00  -3.3834E+00  -1.6875E+00  -1.6869E+00  -1.6358E+00  -1.6341E+00
  -1.6360E+00  -1.6346E+00   8.5186E+00  -7.4203E+00  -3.9786E-01  -4.8985E-01
  -1.0526E+01   8.0002E+00   3.3859E+00  -3.1973E+00   1.7444E+01  -1.4271E+01
   1.7493E+01  -1.4257E+01  -5.2566E+00   4.0065E+00   3.5300E+00  -3.0900E+00
  -5.3384E+00   3.9450E+00   8.5494E+00  -7.3766E+00   1.7587E+01  -1.4202E+01
   8.7912E+00  -7.1037E+00   8.7501E+00  -7.1076E+00   8.7503E+00  -7.1078E+00
  -7.1544E-02  -6.1102E-02
  > E    =  -3.833471256796E+02 +/-   7.068336851534E-05
  > varE =   2.498548921642E-03
* Computing derivatives.
    [walltime: 1m elapsed, 3m38s remaining]
  Done. [total walltime: 4m31s]
* Optimizing manipulation constant:
  #igrid a___________ E____________________________________ varE____________
     1     Infinity    -3.83347126E+02 +/-   7.06833685E-05   2.49854892E-03
     2     1.0000E+06  -3.83347126E+02 +/-   7.06833684E-05   2.49854892E-03
     3     2.1544E+05  -3.83347126E+02 +/-   7.06833681E-05   2.49854889E-03
     4     4.6416E+04  -3.83347126E+02 +/-   7.06833665E-05   2.49854878E-03
     5     1.0000E+04  -3.83347126E+02 +/-   7.06833592E-05   2.49854826E-03
     6     2.1544E+03  -3.83347126E+02 +/-   7.06833263E-05   2.49854593E-03
     7     4.6416E+02  -3.83347126E+02 +/-   7.06831936E-05   2.49853655E-03
     8     1.0000E+02  -3.83347126E+02 +/-   7.06830262E-05   2.49852472E-03
     9     2.1544E+01  -3.83347126E+02 +/-   7.06998975E-05   2.49971761E-03
    10     4.6416E+00  -3.83346743E+02 +/-   7.49238879E-05   2.80733339E-03
    11     1.0000E+00  -3.83030052E+02 +/-   5.52131574E-04   1.52453903E-01
    12     2.1544E-01  -3.83303205E+02 +/-   2.36840987E-04   2.80522116E-02
    13     4.6416E-02  -3.83311729E+02 +/-   2.05527031E-04   2.11247354E-02
    14     1.0000E-02  -3.83308568E+02 +/-   2.11035196E-04   2.22722024E-02
    15     2.1544E-03  -3.83301167E+02 +/-   2.31697407E-04   2.68469979E-02
    16     4.6416E-04  -3.83298367E+02 +/-   2.39195333E-04   2.86126961E-02
    17     1.0000E-04  -3.83297686E+02 +/-   2.40986379E-04   2.90427927E-02
    18     2.1544E-05  -3.83297535E+02 +/-   2.41380679E-04   2.91379095E-02
    19     4.6416E-06  -3.83297503E+02 +/-   2.41466022E-04   2.91585173E-02
    20     1.0000E-06  -3.83297496E+02 +/-   2.41484427E-04   2.91629625E-02
    21     0.0000E+00  -3.83297494E+02 +/-   2.41489483E-04   2.91641835E-02
  ParMin   4.6328E+01  -3.83347126E+02 +/-   7.06844159E-05   2.49862297E-03
  # Using grid point #9
* Iteration # 1: E =  -3.833471262851E+02 +/-   7.069989754132E-05
* Reached maximum number of iterations: exiting.
* After optimization:
   1.2163E+00   1.2301E+00   1.2258E+00  -9.2475E-01  -9.2106E-01   1.0337E+00
   2.2689E+00  -2.2996E-01  -2.3948E-01  -3.1372E+00  -3.1912E+00   1.1058E+00
   1.1062E+00  -5.7201E-01  -5.7345E-01   1.2041E+00   1.2005E+00  -1.1947E+00
  -1.1941E+00  -3.3289E+00  -1.6602E+00  -1.6596E+00  -1.6085E+00  -1.6069E+00
  -1.6087E+00  -1.6073E+00   8.3822E+00  -7.3111E+00  -3.9781E-01  -4.8972E-01
  -9.0399E+00   6.8109E+00   3.9938E+00  -3.6836E+00   1.7171E+01  -1.4052E+01
   1.7220E+01  -1.4039E+01  -4.5124E+00   3.4115E+00   4.1378E+00  -3.5766E+00
  -4.5942E+00   3.3497E+00   8.4132E+00  -7.2674E+00   1.7315E+01  -1.3984E+01
   8.6548E+00  -6.9946E+00   8.6138E+00  -6.9987E+00   8.6142E+00  -6.9987E+00
  -7.1587E-02  -6.1101E-02
  > Energy =  -3.833471262851E+02 +/-   7.069989754132E-05
  > varE =   2.499717609825E-03

VMC #8:
* Size of Hilbert space =   6.3504E+04
* Deterministic energy evaluation:
  > Deterministic Etot/t = -383.34709756351583
    - Ttot/t = -23.366824784968252
    - Utot/t = 9.5340728986227798
* Number of equil. steps   = 1000
* Running VMC equilibration.
  Done. [total walltime: 0.01s]
* Equil. acc.ratio (%)     =  27.3309
* Sample config after equilibration:
  +---------+
  |  d   0  |
  |d   u   2|
  |0   u   u|
  |  2   d  |
  +---------+
* Number of accum. steps   = 1000192 x 10
* Running VMC accumulation.
  Done. [total walltime: 29.8s]
* Acceptance ratio (%)     =  27.2829
* Etot/t                   =  -3.833470403784E+02 +/-   5.070773838121E-05
  > Ttot/t                 =  -2.336709578034E+01 +/-   3.721301277795E-04
  > Utot/t                 =   9.534401079120E+00 +/-   3.688306182184E-04
* var[Eloc/t]              =   2.526795450857E-03 +/-   2.367544956747E-05
* Correlation length       =   1.017798419581E+00
* log10 Psi^2 range: -15.947119976247622 -- -9.6367096028215595
* log10 Pgen range : -15.947119976247622 -- -9.6367096028215595
* Site occupation (ave. no. electrons per config.):
  > Site_  ___eu____  ___ed____
      1        0.497      0.497
      2        0.501      0.501
      3        0.501      0.500
      4        0.496      0.497
      5        0.500      0.501
      6        0.500      0.501
      7        0.502      0.500
      8        0.500      0.500
      9        0.500      0.501
     10        0.502      0.502
* Pair-correlation analysis (ave. no. pairs per config.):
  > Shell  nsite  ___dh____  __eueu___  __eued___
      0      1        0          0          1.761
      1      1        0.846      0.715      2.475
      2      1        0.291      0.648      1.105
      3      1        0.164      0.293      0.554
      4      1        0.562      1.349      2.161
      5      1        0.123      1.026      0.968
      6      1        0.152      0.846      1.102
      7      1        0.305      1.796      2.119
      8      1        0.252      2.104      1.901
      9      1        0.254      2.116      1.901
     10      1        0.229      2.161      1.886
     11      1        0.118      0.980      1.025
     12      1        0.240      2.058      1.951
     13      1        0.063      0.479      0.518
     14      1        0.187      1.441      1.554
     15      1        0.123      1.033      0.971
     16      1        0.126      0.953      1.046

VDAGGER finished.
Total VDAGGER walltime: 1h14m

Run ended: Tue Sep 30 16:13:32 CEST 2025
