Run started: Tue Sep 30 19:47:10 CEST 2025
Using VDAGGER_ARCH = gnu7_fkfamd_cluster
Running 1x128 MPI processes.

                               xx
                              +##
                               #X
                               Xx
                          X##XxXxxX##x
                           +   Xx  ++
                               ##
                              +##
                              +##
     ++++         ++          +##
   xX+++##+      ####         +##
  Xx    ###      +X##          ##
 xX    X##+        ##          #X
 +    x##X         #x          #X
      ###         +#           x+
     X##+         #+
     ###         Xx                    _______
     ##X       +X+   __________________VDAGGER
     +##x    +xX     2nd quantized variational
       +xxxxx+       ______quantum Monte Carlo

* Running 128 MPI processes.
* Input file: "input.casl"

############# Start of input file dump #############
General:
  Random seed: timer

Plan:
  VMC-optimization:
    Minimum cycles: 7
    Convergence cycles: 3

System:
  Read Hamiltonian: FCIDUMP_loc_naphthalene
  Read orbitals: LTSC_naphthalene
  Complex orbitals: F
  Site kinds: [ 1, 2, 3, 1, 3, 3, 2, 3, 2, 2 ]
  Geometry:
    r_1: [ 0.00000000000000, 1.34347620379600 ]
    r_4: [ 0.00000000000000, -1.34347620379600 ]
    r_3: [ 2.34629842880300, 2.63976101399600 ]
    r_5: [ -2.34629842880300, -2.63976101399600 ]
    r_6: [ -2.34629842880300, 2.63976101399600 ]
    r_8: [ 2.34629842880300, -2.63976101399600 ]
    r_9: [ 4.58120036880600, 1.33647725770700 ]
    r_2: [ -4.58120036880600, -1.33647725770700 ]
    r_7: [ -4.58120036880600, 1.33647725770700 ]
    r_10: [ 4.58120036880600, -1.33647725770700 ]
    Tolerance: 0.05

VMC:
  nstep: 1000000
  nconfig: 500000

Optimization:
  max_niter: 1

Jastrow: wfn.casl

Multideterminants: wfn.casl
############## End of input file dump ##############

General setup:
* Random seed: 266318928 (from timer)

* Loaded integrals for system with nelec=10, ms2=0, norb=10
* INFO: setting number of electrons from integrals file.
* Analysis of Hamiltonian connecitivity performed:
  - T_ii (local, 1-site): 10 (i) values
  - U_iiii [opp] (local, 1-site): 10 (i) values
  - U_kkii [opp] (local, 2-site): 90 contribs. from 10 (i) values
  - U_kkii [par] (local, 2-site): 45 contribs. from 9 (i) values
  - T_ji (single, 2-site): 90 contribs. from 10 (i) values
  - U_kkji [opp] (single, 2/3-site): 900 contribs. from 90 (i,j) pairs
  - U_kkji [par] (single, 3-site): 810 contribs. from 90 (i,j) pairs
  - U_lkji [opp] (double, 2/3/4-site): 8100 contribs. from 90 (i,j) pairs
  - U_lkji [par] (double, 4-site): 1740 contribs. from 72 (i,j) pairs
  - Max. no. wfn. ratios in Eloc: 1467
* Reading override orbitals from file "LTSC_naphthalene".
* Site labels:
  +--------------+
  |    6     3   |
  | 7     1     9|
  | 2     4    10|
  |    5     8   |
  +--------------+
* Read-in Site kinds:
  [ 1, 2, 3, 1, 3, 3, 2, 3, 2, 2 ]
  +---------+
  |  3   3  |
  |2   1   2|
  |2   1   2|
  |  3   3  |
  +---------+
* Maximum Site kind: 3
* Number of site-pair kinds with Tij=0: 0
* Automatically set Site pair kinds:
  Site 1: [ 0, -7, -4, 3, -8, -4, -9, 8, 9, -7 ]
  Site 2: [ -7, 0, 12, -9, 1, 10, 2, 14, 16, -15 ]
  Site 3: [ -4, 12, 0, -8, -11, 5, -13, -6, -1, 10 ]
  Site 4: [ 3, -9, -8, 0, -4, -8, -7, 4, 7, -9 ]
  Site 5: [ -8, 1, -11, -4, 0, 6, 10, -5, -12, -14 ]
  Site 6: [ -4, 10, 5, -8, 6, 0, 1, 11, 14, 12 ]
  Site 7: [ -9, 2, -13, -7, 10, 1, 0, -12, 15, -16 ]
  Site 8: [ 8, 14, -6, 4, -5, 11, -12, 0, 10, -1 ]
  Site 9: [ 9, 16, -1, 7, -12, 14, 15, 10, 0, -2 ]
  Site 10: [ -7, -15, 10, -9, -14, 12, -16, -1, -2, 0 ]
  For site 1 of kind 1:
  +--------------+
  |   -4    -4   |
  |-9     0     9|
  |-7     3    -7|
  |   -8     8   |
  +--------------+
  For site 2 of kind 2:
  +-------------------+
  |     10      12    |
  |  2      -7      16|
  |  0      -9     -15|
  |      1      14    |
  +-------------------+
  For site 3 of kind 3:
  +-------------------+
  |      5       0    |
  |-13      -4      -1|
  | 12      -8      10|
  |    -11      -6    |
  +-------------------+
* Maximum (unsigned) Site pair kind: 16
General system setup:
* Number of sites       : 10
* Number of electrons   : 10
* Spin imbalance MS2    : 0
* Filling               : 0.500000
* Number of orbitals in pool: 10
* Using real-valued orbitals
* Using double-precision arithmetic for orbitals

Trial wave function setup:
* Jastrow parameter file: "wfn.casl"
* Multideterminant parameter file: "wfn.casl"
* Not using a backflow transformation
* Not using wave function manipulation

VMC #1:
* Size of Hilbert space =   6.3504E+04
* Deterministic energy evaluation:
  > Deterministic Etot/t = -383.33748952609960
    - Ttot/t = -23.318919021453500
    - Utot/t = 9.4957751725241089
* Number of equil. steps   = 1000
* Running VMC equilibration.
  Done. [total walltime: 0.02s]
* Equil. acc.ratio (%)     =  25.1041
* Sample config after equilibration:
  +---------+
  |  2   0  |
  |0   d   u|
  |u   u   2|
  |  d   d  |
  +---------+
* Number of accum. steps   = 1000192 x 10
* Running VMC accumulation.
  Done. [total walltime: 53.8s]
* Acceptance ratio (%)     =  25.0331
* Etot/t                   =  -3.833375924887E+02 +/-   8.380380876686E-05
  > Ttot/t                 =  -2.331903288944E+01 +/-   3.927089861242E-04
  > Utot/t                 =   9.495786077877E+00 +/-   3.638907226686E-04
* var[Eloc/t]              =   6.981660959704E-03 +/-   1.039626117540E-04
* Correlation length       =   1.006125452872E+00
* log10 Psi^2 range: -16.112094769216121 -- -9.4318216623908313
* log10 Pgen range : -16.112094769216121 -- -9.4318216623908313
* Site occupation (ave. no. electrons per config.):
  > Site_  ___eu____  ___ed____
      1        0.497      0.497
      2        0.501      0.501
      3        0.500      0.501
      4        0.496      0.497
      5        0.501      0.500
      6        0.501      0.500
      7        0.500      0.502
      8        0.501      0.500
      9        0.501      0.500
     10        0.501      0.502
* Pair-correlation analysis (ave. no. pairs per config.):
  > Shell  nsite  ___dh____  __eueu___  __eued___
      0      1        0          0          1.620
      1      1        0.770      0.779      2.489
      2      1        0.262      0.652      1.126
      3      1        0.137      0.316      0.558
      4      1        0.533      1.322      2.206
      5      1        0.113      1.045      0.939
      6      1        0.126      0.859      1.111
      7      1        0.242      1.806      2.150
      8      1        0.222      2.076      1.917
      9      1        0.233      2.116      1.861
     10      1        0.206      2.136      1.887
     11      1        0.098      0.964      1.049
     12      1        0.209      2.061      1.935
     13      1        0.051      0.477      0.526
     14      1        0.153      1.431      1.577
     15      1        0.104      1.020      0.980
     16      1        0.099      0.943      1.068

Optimization #1:
* Method          : lls
* Target function : energy
* No. of configs. : 500096
* No. of params.  : 57
* Before optimization:
   2.6999E+00   2.7146E+00   2.7101E+00   7.7031E-01   7.7312E-01   1.0037E+00
  -5.9427E+00  -2.6011E+00  -2.6094E+00   2.6980E-01   1.0627E-01  -3.0142E+00
  -3.0139E+00  -3.0217E+00  -3.0234E+00  -2.8580E+00  -2.8610E+00   4.5341E-01
   4.5400E-01  -1.2805E-02   8.1999E-03   8.8797E-03   8.2780E-02   8.4153E-02
   8.2321E-02   8.4616E-02   1.8972E-02  -6.1903E-01  -3.6452E-01  -4.7432E-01
   3.1848E+01  -2.5859E+01   1.6043E+01  -1.3350E+01   3.7055E-01  -6.5859E-01
   4.4534E-01  -5.6487E-01   1.5934E+01  -1.2918E+01   1.6187E+01  -1.3179E+01
   1.5848E+01  -1.3032E+01   3.2527E-02  -5.4012E-01   5.2294E-01  -5.0715E-01
   2.5636E-01  -2.6579E-01   2.1578E-01  -2.9324E-01   2.1533E-01  -2.9309E-01
  -1.4553E-01  -1.2998E-01   9.6253E-02
  > E    =  -3.833376253414E+02 +/-   1.186529881054E-04
  > varE =   7.040617332198E-03
* Computing derivatives.
    [walltime: 1m elapsed, 12m remaining]
  Done. [total walltime: 12m38s]
* Optimizing manipulation constant:
  #igrid a___________ E____________________________________ varE____________
     1     Infinity    -3.83337625E+02 +/-   1.18652988E-04   7.04061733E-03
     2     1.0000E+06  -3.83337625E+02 +/-   1.18652954E-04   7.04061332E-03
     3     2.1544E+05  -3.83337625E+02 +/-   1.18652831E-04   7.04059871E-03
     4     4.6416E+04  -3.83337626E+02 +/-   1.18652260E-04   7.04053091E-03
     5     1.0000E+04  -3.83337626E+02 +/-   1.18649608E-04   7.04021621E-03
     6     2.1544E+03  -3.83337629E+02 +/-   1.18637303E-04   7.03875605E-03
     7     4.6416E+02  -3.83337643E+02 +/-   1.18580266E-04   7.03198961E-03
     8     1.0000E+02  -3.83337706E+02 +/-   1.18317156E-04   7.00081857E-03
     9     2.1544E+01  -3.83337989E+02 +/-   1.17129738E-04   6.86100481E-03
    10     4.6416E+00  -3.83339148E+02 +/-   1.12236990E-04   6.29978028E-03
    11     1.0000E+00  -3.83342499E+02 +/-   9.73868591E-05   4.74301064E-03
    12     2.1544E-01  -3.83346492E+02 +/-   7.64520666E-05   2.92302035E-03
    13     4.6416E-02  -3.83347617E+02 +/-   6.83660688E-05   2.33740838E-03
    14     1.0000E-02  -3.83347469E+02 +/-   6.83839075E-05   2.33862833E-03
    15     2.1544E-03  -3.83346929E+02 +/-   7.18489621E-05   2.58163225E-03
    16     4.6416E-04  -3.83346533E+02 +/-   7.45748409E-05   2.78123734E-03
    17     1.0000E-04  -3.83346404E+02 +/-   7.54693939E-05   2.84836149E-03
    18     2.1544E-05  -3.83346373E+02 +/-   7.56835923E-05   2.86455296E-03
    19     4.6416E-06  -3.83346366E+02 +/-   7.57308457E-05   2.86813107E-03
    20     1.0000E-06  -3.83346364E+02 +/-   7.57410789E-05   2.86890624E-03
    21     0.0000E+00  -3.83346364E+02 +/-   7.57438920E-05   2.86911936E-03
  ParMin   2.5652E-02  -3.83347628E+02 +/-   6.78371645E-05   2.30138222E-03
  # Using parabolic minimum
* Iteration # 1: E =  -3.833476278943E+02 +/-   6.783716448438E-05
* Reached maximum number of iterations: exiting.
* After optimization:
   5.8794E-01   6.0282E-01   5.9879E-01   4.0293E+00   4.0317E+00   9.2684E-01
  -1.6750E+01  -4.7522E+00  -4.7624E+00   6.8530E+00   6.7899E+00  -8.4286E+00
  -8.4271E+00  -5.0872E+00  -5.0889E+00  -8.3353E+00  -8.3380E+00   3.7439E+00
   3.7442E+00   6.6684E+00   3.3316E+00   3.3324E+00   3.3820E+00   3.3850E+00
   3.3821E+00   3.3839E+00  -1.6720E+01   1.2804E+01  -3.9464E-01  -4.0574E-01
   8.5830E+01  -6.9048E+01   2.6358E+01  -2.1531E+01  -3.2990E+01   2.6113E+01
  -3.2952E+01   2.6157E+01   4.2933E+01  -3.4496E+01   2.6493E+01  -2.1417E+01
   4.2857E+01  -3.4559E+01  -1.6665E+01   1.2877E+01  -3.2861E+01   2.6193E+01
  -1.6430E+01   1.3101E+01  -1.6464E+01   1.3090E+01  -1.6465E+01   1.3093E+01
  -7.4009E-02  -5.9912E-02   2.9950E-02
  > Energy =  -3.833476278943E+02 +/-   6.783716448438E-05
  > varE =   2.301382223206E-03

VMC #2:
* Size of Hilbert space =   6.3504E+04
* Deterministic energy evaluation:
  > Deterministic Etot/t = -383.34744233113520
    - Ttot/t = -23.365408237440246
    - Utot/t = 9.5323115834752201
* Number of equil. steps   = 1000
* Running VMC equilibration.
  Done. [total walltime: 0.02s]
* Equil. acc.ratio (%)     =  27.4935
* Sample config after equilibration:
  +---------+
  |  2   u  |
  |d   0   d|
  |u   2   d|
  |  0   u  |
  +---------+
* Number of accum. steps   = 1000192 x 10
* Running VMC accumulation.
  Done. [total walltime: 53.4s]
* Acceptance ratio (%)     =  27.4564
* Etot/t                   =  -3.833474780282E+02 +/-   4.809994152715E-05
  > Ttot/t                 =  -2.336468677699E+01 +/-   3.678345620271E-04
  > Utot/t                 =   9.531554425953E+00 +/-   3.635866422923E-04
* var[Eloc/t]              =   2.268483726481E-03 +/-   1.251145965605E-05
* Correlation length       =   1.020086042471E+00
* log10 Psi^2 range: -15.309411657218750 -- -8.6683162739918611
* log10 Pgen range : -15.309411657218750 -- -8.6683162739918611
* Site occupation (ave. no. electrons per config.):
  > Site_  ___eu____  ___ed____
      1        0.497      0.497
      2        0.502      0.501
      3        0.500      0.501
      4        0.496      0.498
      5        0.500      0.499
      6        0.500      0.500
      7        0.501      0.501
      8        0.501      0.500
      9        0.502      0.501
     10        0.501      0.502
* Pair-correlation analysis (ave. no. pairs per config.):
  > Shell  nsite  ___dh____  __eueu___  __eued___
      0      1        0          0          1.751
      1      1        0.845      0.719      2.473
      2      1        0.288      0.654      1.104
      3      1        0.162      0.293      0.556
      4      1        0.561      1.350      2.159
      5      1        0.122      1.026      0.966
      6      1        0.151      0.849      1.097
      7      1        0.303      1.801      2.113
      8      1        0.251      2.097      1.905
      9      1        0.248      2.115      1.907
     10      1        0.228      2.151      1.896
     11      1        0.116      0.979      1.025
     12      1        0.237      2.053      1.959
     13      1        0.062      0.482      0.517
     14      1        0.184      1.444      1.552
     15      1        0.122      1.028      0.978
     16      1        0.125      0.958      1.043

Optimization #2:
* Method          : lls
* Target function : energy
* No. of configs. : 500096
* No. of params.  : 57
* Before optimization:
   5.8794E-01   6.0282E-01   5.9879E-01   4.0293E+00   4.0317E+00   9.2684E-01
  -1.6750E+01  -4.7522E+00  -4.7624E+00   6.8530E+00   6.7899E+00  -8.4286E+00
  -8.4271E+00  -5.0872E+00  -5.0889E+00  -8.3353E+00  -8.3380E+00   3.7439E+00
   3.7442E+00   6.6684E+00   3.3316E+00   3.3324E+00   3.3820E+00   3.3850E+00
   3.3821E+00   3.3839E+00  -1.6720E+01   1.2804E+01  -3.9464E-01  -4.0574E-01
   8.5830E+01  -6.9048E+01   2.6358E+01  -2.1531E+01  -3.2990E+01   2.6113E+01
  -3.2952E+01   2.6157E+01   4.2933E+01  -3.4496E+01   2.6493E+01  -2.1417E+01
   4.2857E+01  -3.4559E+01  -1.6665E+01   1.2877E+01  -3.2861E+01   2.6193E+01
  -1.6430E+01   1.3101E+01  -1.6464E+01   1.3090E+01  -1.6465E+01   1.3093E+01
  -7.4009E-02  -5.9912E-02   2.9950E-02
  > E    =  -3.833474544943E+02 +/-   6.738389616990E-05
  > varE =   2.270730628106E-03
* Computing derivatives.
    [walltime: 1m elapsed, 12m15s remaining]
  Done. [total walltime: 12m40s]
* Optimizing manipulation constant:
  #igrid a___________ E____________________________________ varE____________
     1     Infinity    -3.83347454E+02 +/-   6.73838962E-05   2.27073063E-03
     2     1.0000E+06  -3.83347454E+02 +/-   6.73838942E-05   2.27073049E-03
     3     2.1544E+05  -3.83347454E+02 +/-   6.73838869E-05   2.27073001E-03
     4     4.6416E+04  -3.83347454E+02 +/-   6.73838533E-05   2.27072774E-03
     5     1.0000E+04  -3.83347455E+02 +/-   6.73836973E-05   2.27071722E-03
     6     2.1544E+03  -3.83347455E+02 +/-   6.73829734E-05   2.27066844E-03
     7     4.6416E+02  -3.83347455E+02 +/-   6.73796230E-05   2.27044264E-03
     8     1.0000E+02  -3.83347456E+02 +/-   6.73642746E-05   2.26940839E-03
     9     2.1544E+01  -3.83347462E+02 +/-   6.72971447E-05   2.26488762E-03
    10     4.6416E+00  -3.83347483E+02 +/-   6.70545741E-05   2.24858960E-03
    11     1.0000E+00  -3.83347532E+02 +/-   6.65821703E-05   2.21701829E-03
    12     2.1544E-01  -3.83347564E+02 +/-   6.64304390E-05   2.20692526E-03
    13     4.6416E-02  -3.83347528E+02 +/-   6.68711088E-05   2.23630188E-03
    14     1.0000E-02  -3.83347474E+02 +/-   6.73223486E-05   2.26658441E-03
    15     2.1544E-03  -3.83347444E+02 +/-   6.74310934E-05   2.27391269E-03
    16     4.6416E-04  -3.83347425E+02 +/-   6.74441625E-05   2.27479420E-03
    17     1.0000E-04  -3.83347418E+02 +/-   6.74576429E-05   2.27570364E-03
    18     2.1544E-05  -3.83347416E+02 +/-   6.74620320E-05   2.27599979E-03
    19     4.6416E-06  -3.83347415E+02 +/-   6.74630649E-05   2.27606948E-03
    20     1.0000E-06  -3.83347415E+02 +/-   6.74632917E-05   2.27608479E-03
    21     0.0000E+00  -3.83347415E+02 +/-   6.74633542E-05   2.27608901E-03
* Iteration # 1: E =  -3.833475638665E+02 +/-   6.643043899920E-05
* Reached maximum number of iterations: exiting.
* After optimization:
   2.0678E+00   2.0823E+00   2.0777E+00   3.5524E+00   3.5559E+00   8.6989E-01
  -1.6272E+01  -4.9469E+00  -4.9568E+00   5.9956E+00   5.8878E+00  -8.2054E+00
  -8.2046E+00  -5.2873E+00  -5.2890E+00  -8.1101E+00  -8.1130E+00   3.2649E+00
   3.2659E+00   5.8079E+00   2.9017E+00   2.9018E+00   2.9519E+00   2.9536E+00
   2.9509E+00   2.9532E+00  -1.4612E+01   1.1159E+01  -4.0514E-01  -3.5246E-01
   8.3300E+01  -6.6984E+01   2.7193E+01  -2.2181E+01  -2.8755E+01   2.2743E+01
  -2.8711E+01   2.2814E+01   4.1659E+01  -3.3449E+01   2.7341E+01  -2.2064E+01
   4.1584E+01  -3.3508E+01  -1.4539E+01   1.1237E+01  -2.8621E+01   2.2814E+01
  -1.4312E+01   1.1411E+01  -1.4350E+01   1.1404E+01  -1.4350E+01   1.1405E+01
  -7.4353E-02  -6.6427E-02   3.6985E-02
  > Energy =  -3.833475638665E+02 +/-   6.643043899920E-05
  > varE =   2.206925261123E-03

VMC #3:
* Size of Hilbert space =   6.3504E+04
* Deterministic energy evaluation:
  > Deterministic Etot/t = -383.34755572869324
    - Ttot/t = -23.365516178305626
    - Utot/t = 9.5323061267825118
* Number of equil. steps   = 1000
* Running VMC equilibration.
  Done. [total walltime: 0.02s]
* Equil. acc.ratio (%)     =  27.5616
* Sample config after equilibration:
  +---------+
  |  u   u  |
  |d   d   d|
  |u   2   d|
  |  0   u  |
  +---------+
* Number of accum. steps   = 1000192 x 10
* Running VMC accumulation.
  Done. [total walltime: 52.7s]
* Acceptance ratio (%)     =  27.5596
* Etot/t                   =  -3.833475504053E+02 +/-   4.671508730605E-05
  > Ttot/t                 =  -2.336629371516E+01 +/-   3.704825905936E-04
  > Utot/t                 =   9.533088987015E+00 +/-   3.679788601493E-04
* var[Eloc/t]              =   2.205542819249E-03 +/-   2.014954958733E-05
* Correlation length       =   9.896513295703E-01
* log10 Psi^2 range: -14.994304313855038 -- -8.0300900461705389
* log10 Pgen range : -14.994304313855038 -- -8.0300900461705389
* Site occupation (ave. no. electrons per config.):
  > Site_  ___eu____  ___ed____
      1        0.496      0.498
      2        0.501      0.502
      3        0.501      0.499
      4        0.498      0.498
      5        0.501      0.499
      6        0.500      0.499
      7        0.502      0.501
      8        0.499      0.500
      9        0.501      0.502
     10        0.502      0.501
* Pair-correlation analysis (ave. no. pairs per config.):
  > Shell  nsite  ___dh____  __eueu___  __eued___
      0      1        0          0          1.757
      1      1        0.846      0.718      2.470
      2      1        0.290      0.652      1.105
      3      1        0.162      0.297      0.554
      4      1        0.563      1.348      2.160
      5      1        0.123      1.025      0.965
      6      1        0.151      0.848      1.096
      7      1        0.304      1.804      2.118
      8      1        0.251      2.096      1.909
      9      1        0.252      2.117      1.907
     10      1        0.229      2.153      1.891
     11      1        0.117      0.979      1.022
     12      1        0.240      2.053      1.954
     13      1        0.063      0.480      0.517
     14      1        0.186      1.441      1.552
     15      1        0.122      1.031      0.977
     16      1        0.126      0.956      1.045

Optimization #3:
* Method          : lls
* Target function : energy
* No. of configs. : 500096
* No. of params.  : 57
* Before optimization:
   2.0678E+00   2.0823E+00   2.0777E+00   3.5524E+00   3.5559E+00   8.6989E-01
  -1.6272E+01  -4.9469E+00  -4.9568E+00   5.9956E+00   5.8878E+00  -8.2054E+00
  -8.2046E+00  -5.2873E+00  -5.2890E+00  -8.1101E+00  -8.1130E+00   3.2649E+00
   3.2659E+00   5.8079E+00   2.9017E+00   2.9018E+00   2.9519E+00   2.9536E+00
   2.9509E+00   2.9532E+00  -1.4612E+01   1.1159E+01  -4.0514E-01  -3.5246E-01
   8.3300E+01  -6.6984E+01   2.7193E+01  -2.2181E+01  -2.8755E+01   2.2743E+01
  -2.8711E+01   2.2814E+01   4.1659E+01  -3.3449E+01   2.7341E+01  -2.2064E+01
   4.1584E+01  -3.3508E+01  -1.4539E+01   1.1237E+01  -2.8621E+01   2.2814E+01
  -1.4312E+01   1.1411E+01  -1.4350E+01   1.1404E+01  -1.4350E+01   1.1405E+01
  -7.4353E-02  -6.6427E-02   3.6985E-02
  > E    =  -3.833475067908E+02 +/-   6.652825823056E-05
  > varE =   2.213429468474E-03
* Computing derivatives.
    [walltime: 1m elapsed, 11m57s remaining]
  Done. [total walltime: 12m36s]
* Optimizing manipulation constant:
  #igrid a___________ E____________________________________ varE____________
     1     Infinity    -3.83347507E+02 +/-   6.65282582E-05   2.21342947E-03
     2     1.0000E+06  -3.83347507E+02 +/-   6.65282582E-05   2.21342947E-03
     3     2.1544E+05  -3.83347507E+02 +/-   6.65282582E-05   2.21342946E-03
     4     4.6416E+04  -3.83347507E+02 +/-   6.65282579E-05   2.21342945E-03
     5     1.0000E+04  -3.83347507E+02 +/-   6.65282569E-05   2.21342938E-03
     6     2.1544E+03  -3.83347507E+02 +/-   6.65282521E-05   2.21342906E-03
     7     4.6416E+02  -3.83347507E+02 +/-   6.65282297E-05   2.21342757E-03
     8     1.0000E+02  -3.83347507E+02 +/-   6.65281284E-05   2.21342083E-03
     9     2.1544E+01  -3.83347508E+02 +/-   6.65277101E-05   2.21339299E-03
    10     4.6416E+00  -3.83347510E+02 +/-   6.65266816E-05   2.21332456E-03
    11     1.0000E+00  -3.83347516E+02 +/-   6.65310420E-05   2.21361470E-03
    12     2.1544E-01  -3.83347522E+02 +/-   6.65625559E-05   2.21571226E-03
    13     4.6416E-02  -3.83347524E+02 +/-   6.65998730E-05   2.21819735E-03
    14     1.0000E-02  -3.83347524E+02 +/-   6.66163148E-05   2.21929272E-03
    15     2.1544E-03  -3.83347524E+02 +/-   6.66274770E-05   2.22003651E-03
    16     4.6416E-04  -3.83347525E+02 +/-   6.66644663E-05   2.22250217E-03
    17     1.0000E-04  -3.83347520E+02 +/-   6.69039040E-05   2.23849590E-03
    18     2.1544E-05  -3.83347514E+02 +/-   6.70675094E-05   2.24945722E-03
    19     4.6416E-06  -3.83347512E+02 +/-   6.71250942E-05   2.25332169E-03
    20     1.0000E-06  -3.83347512E+02 +/-   6.71391661E-05   2.25426655E-03
    21     0.0000E+00  -3.83347511E+02 +/-   6.71431471E-05   2.25453389E-03
  ParMin   8.6443E-04  -3.83347525E+02 +/-   6.66422349E-05   2.22102009E-03
  # Using grid point #16
* Iteration # 1: E =  -3.833475249660E+02 +/-   6.666446626332E-05
* Reached maximum number of iterations: exiting.
* After optimization:
   1.0025E+01   1.0040E+01   1.0035E+01   8.6595E-01   8.6991E-01   8.6603E-01
  -1.3471E+01  -6.2263E+00  -6.2368E+00   6.3427E-01   5.2100E-01  -6.8066E+00
  -6.8061E+00  -6.5692E+00  -6.5717E+00  -6.7111E+00  -6.7152E+00   5.7940E-01
   5.8045E-01   4.4352E-01   2.1919E-01   2.1931E-01   2.6998E-01   2.7112E-01
   2.6948E-01   2.7133E-01  -1.2226E+00   4.5279E-01  -4.1547E-01  -3.3819E-01
   6.9273E+01  -5.5758E+01   3.3570E+01  -2.7280E+01  -1.9646E+00   1.3128E+00
  -1.9189E+00   1.3868E+00   3.4642E+01  -2.7831E+01   3.3723E+01  -2.7163E+01
   3.4566E+01  -2.7887E+01  -1.1469E+00   5.3024E-01  -1.8247E+00   1.3813E+00
  -9.1370E-01   6.9518E-01  -9.5422E-01   6.9039E-01  -9.5429E-01   6.9069E-01
  -7.1539E-02  -6.4301E-02   3.8033E-02
  > Energy =  -3.833475249660E+02 +/-   6.666446626332E-05
  > varE =   2.222502169589E-03

VMC #4:
* Size of Hilbert space =   6.3504E+04
* Deterministic energy evaluation:
  > Deterministic Etot/t = -383.34756943675347
    - Ttot/t = -23.366085562150669
    - Utot/t = 9.5328618025673943
* Number of equil. steps   = 1000
* Running VMC equilibration.
  Done. [total walltime: 0.02s]
* Equil. acc.ratio (%)     =  27.5853
* Sample config after equilibration:
  +---------+
  |  2   u  |
  |d   0   d|
  |u   d   2|
  |  0   u  |
  +---------+
* Number of accum. steps   = 1000192 x 10
* Running VMC accumulation.
  Done. [total walltime: 53.9s]
* Acceptance ratio (%)     =  27.5639
* Etot/t                   =  -3.833475942251E+02 +/-   4.762697818348E-05
  > Ttot/t                 =  -2.336621492824E+01 +/-   3.677944662166E-04
  > Utot/t                 =   9.532966380341E+00 +/-   3.646740380048E-04
* var[Eloc/t]              =   2.220317031166E-03 +/-   1.654137573354E-05
* Correlation length       =   1.021820099662E+00
* log10 Psi^2 range: -15.441181746619000 -- -7.9205737018826241
* log10 Pgen range : -15.441181746619000 -- -7.9205737018826241
* Site occupation (ave. no. electrons per config.):
  > Site_  ___eu____  ___ed____
      1        0.498      0.498
      2        0.501      0.502
      3        0.501      0.499
      4        0.496      0.497
      5        0.500      0.500
      6        0.500      0.501
      7        0.502      0.500
      8        0.501      0.499
      9        0.500      0.502
     10        0.500      0.501
* Pair-correlation analysis (ave. no. pairs per config.):
  > Shell  nsite  ___dh____  __eueu___  __eued___
      0      1        0          0          1.757
      1      1        0.845      0.718      2.473
      2      1        0.291      0.646      1.106
      3      1        0.163      0.297      0.552
      4      1        0.565      1.344      2.164
      5      1        0.122      1.027      0.967
      6      1        0.152      0.847      1.100
      7      1        0.306      1.797      2.117
      8      1        0.250      2.102      1.908
      9      1        0.251      2.119      1.904
     10      1        0.227      2.161      1.886
     11      1        0.117      0.980      1.024
     12      1        0.240      2.056      1.952
     13      1        0.062      0.479      0.518
     14      1        0.186      1.441      1.554
     15      1        0.123      1.031      0.972
     16      1        0.126      0.954      1.045

Optimization #4:
* Method          : lls
* Target function : energy
* No. of configs. : 500096
* No. of params.  : 57
* Before optimization:
   1.0025E+01   1.0040E+01   1.0035E+01   8.6595E-01   8.6991E-01   8.6603E-01
  -1.3471E+01  -6.2263E+00  -6.2368E+00   6.3427E-01   5.2100E-01  -6.8066E+00
  -6.8061E+00  -6.5692E+00  -6.5717E+00  -6.7111E+00  -6.7152E+00   5.7940E-01
   5.8045E-01   4.4352E-01   2.1919E-01   2.1931E-01   2.6998E-01   2.7112E-01
   2.6948E-01   2.7133E-01  -1.2226E+00   4.5279E-01  -4.1547E-01  -3.3819E-01
   6.9273E+01  -5.5758E+01   3.3570E+01  -2.7280E+01  -1.9646E+00   1.3128E+00
  -1.9189E+00   1.3868E+00   3.4642E+01  -2.7831E+01   3.3723E+01  -2.7163E+01
   3.4566E+01  -2.7887E+01  -1.1469E+00   5.3024E-01  -1.8247E+00   1.3813E+00
  -9.1370E-01   6.9518E-01  -9.5422E-01   6.9039E-01  -9.5429E-01   6.9069E-01
  -7.1539E-02  -6.4301E-02   3.8033E-02
  > E    =  -3.833476015415E+02 +/-   6.684962519683E-05
  > varE =   2.234865206228E-03
* Computing derivatives.
    [walltime: 1m elapsed, 11m29s remaining]
  Done. [total walltime: 12m38s]
* Optimizing manipulation constant:
  #igrid a___________ E____________________________________ varE____________
     1     Infinity    -3.83347602E+02 +/-   6.68496252E-05   2.23486521E-03
     2     1.0000E+06  -3.83347602E+02 +/-   6.68496252E-05   2.23486520E-03
     3     2.1544E+05  -3.83347602E+02 +/-   6.68496251E-05   2.23486520E-03
     4     4.6416E+04  -3.83347602E+02 +/-   6.68496247E-05   2.23486517E-03
     5     1.0000E+04  -3.83347602E+02 +/-   6.68496229E-05   2.23486505E-03
     6     2.1544E+03  -3.83347602E+02 +/-   6.68496130E-05   2.23486439E-03
     7     4.6416E+02  -3.83347602E+02 +/-   6.68495365E-05   2.23485928E-03
     8     1.0000E+02  -3.83347602E+02 +/-   6.68485275E-05   2.23479181E-03
     9     2.1544E+01  -3.83347602E+02 +/-   6.68304124E-05   2.23358077E-03
    10     4.6416E+00  -3.83347600E+02 +/-   6.65884330E-05   2.21743537E-03
    11     1.0000E+00  -3.83347359E+02 +/-   6.73976104E-05   2.27165501E-03
    12     2.1544E-01  -3.83346970E+02 +/-   6.91805765E-05   2.39343553E-03
    13     4.6416E-02  -3.83346895E+02 +/-   6.82358297E-05   2.32851122E-03
    14     1.0000E-02  -3.83345320E+02 +/-   8.09935398E-05   3.28060650E-03
    15     2.1544E-03  -3.83340110E+02 +/-   1.16478491E-04   6.78492185E-03
    16     4.6416E-04  -3.83335767E+02 +/-   1.39516523E-04   9.73429872E-03
    17     1.0000E-04  -3.83334230E+02 +/-   1.46794254E-04   1.07763452E-02
    18     2.1544E-05  -3.83333852E+02 +/-   1.48530070E-04   1.10327087E-02
    19     4.6416E-06  -3.83333768E+02 +/-   1.48912848E-04   1.10896470E-02
    20     1.0000E-06  -3.83333749E+02 +/-   1.48995736E-04   1.11019958E-02
    21     0.0000E+00  -3.83333744E+02 +/-   1.49018524E-04   1.11053920E-02
* Iteration # 1: E =  -3.833476019487E+02 +/-   6.683041237840E-05
* Reached maximum number of iterations: exiting.
* After optimization:
   9.9269E+00   9.9411E+00   9.9366E+00   9.0741E-01   9.1142E-01   8.6605E-01
  -1.3538E+01  -6.2187E+00  -6.2291E+00   7.1727E-01   6.0401E-01  -6.8404E+00
  -6.8399E+00  -6.5615E+00  -6.5639E+00  -6.7449E+00  -6.7490E+00   6.2092E-01
   6.2198E-01   5.2675E-01   2.6080E-01   2.6091E-01   3.1156E-01   3.1267E-01
   3.1104E-01   3.1289E-01  -1.4300E+00   6.1873E-01  -4.1536E-01  -3.3832E-01
   6.9611E+01  -5.6029E+01   3.3532E+01  -2.7249E+01  -2.3796E+00   1.6448E+00
  -2.3338E+00   1.7188E+00   3.4811E+01  -2.7966E+01   3.3685E+01  -2.7132E+01
   3.4735E+01  -2.8023E+01  -1.3544E+00   6.9619E-01  -2.2399E+00   1.7131E+00
  -1.1213E+00   8.6107E-01  -1.1618E+00   8.5634E-01  -1.1618E+00   8.5667E-01
  -7.1642E-02  -6.4273E-02   3.7989E-02
  > Energy =  -3.833476019487E+02 +/-   6.683041237840E-05
  > varE =   2.233580774519E-03

VMC #5:
* Size of Hilbert space =   6.3504E+04
* Deterministic energy evaluation:
  > Deterministic Etot/t = -383.34756970122874
    - Ttot/t = -23.366139335731191
    - Utot/t = 9.5329153116726992
* Number of equil. steps   = 1000
* Running VMC equilibration.
  Done. [total walltime: 0.02s]
* Equil. acc.ratio (%)     =  27.6136
* Sample config after equilibration:
  +---------+
  |  2   u  |
  |0   u   d|
  |2   d   u|
  |  d   0  |
  +---------+
* Number of accum. steps   = 1000192 x 10
* Running VMC accumulation.
  Done. [total walltime: 53.7s]
* Acceptance ratio (%)     =  27.5792
* Etot/t                   =  -3.833474370077E+02 +/-   4.956356238978E-05
  > Ttot/t                 =  -2.336616406105E+01 +/-   3.660138294581E-04
  > Utot/t                 =   9.533072730565E+00 +/-   3.634377740263E-04
* var[Eloc/t]              =   2.412531130032E-03 +/-   1.669682721804E-04
* Correlation length       =   1.018440070327E+00
* log10 Psi^2 range: -15.342652919238608 -- -7.9213746065498958
* log10 Pgen range : -15.342652919238608 -- -7.9213746065498958
* Site occupation (ave. no. electrons per config.):
  > Site_  ___eu____  ___ed____
      1        0.497      0.497
      2        0.502      0.501
      3        0.499      0.502
      4        0.497      0.498
      5        0.500      0.500
      6        0.500      0.499
      7        0.502      0.502
      8        0.500      0.499
      9        0.501      0.501
     10        0.501      0.501
* Pair-correlation analysis (ave. no. pairs per config.):
  > Shell  nsite  ___dh____  __eueu___  __eued___
      0      1        0          0          1.756
      1      1        0.844      0.719      2.474
      2      1        0.292      0.649      1.106
      3      1        0.163      0.297      0.553
      4      1        0.563      1.344      2.163
      5      1        0.121      1.025      0.966
      6      1        0.151      0.846      1.098
      7      1        0.305      1.801      2.117
      8      1        0.249      2.099      1.908
      9      1        0.252      2.119      1.905
     10      1        0.228      2.158      1.888
     11      1        0.116      0.979      1.023
     12      1        0.239      2.058      1.951
     13      1        0.062      0.481      0.519
     14      1        0.187      1.440      1.552
     15      1        0.123      1.032      0.974
     16      1        0.126      0.954      1.047

Optimization #5:
* Method          : lls
* Target function : energy
* No. of configs. : 500096
* No. of params.  : 57
* Before optimization:
   9.9269E+00   9.9411E+00   9.9366E+00   9.0741E-01   9.1142E-01   8.6605E-01
  -1.3538E+01  -6.2187E+00  -6.2291E+00   7.1727E-01   6.0401E-01  -6.8404E+00
  -6.8399E+00  -6.5615E+00  -6.5639E+00  -6.7449E+00  -6.7490E+00   6.2092E-01
   6.2198E-01   5.2675E-01   2.6080E-01   2.6091E-01   3.1156E-01   3.1267E-01
   3.1104E-01   3.1289E-01  -1.4300E+00   6.1873E-01  -4.1536E-01  -3.3832E-01
   6.9611E+01  -5.6029E+01   3.3532E+01  -2.7249E+01  -2.3796E+00   1.6448E+00
  -2.3338E+00   1.7188E+00   3.4811E+01  -2.7966E+01   3.3685E+01  -2.7132E+01
   3.4735E+01  -2.8023E+01  -1.3544E+00   6.9619E-01  -2.2399E+00   1.7131E+00
  -1.1213E+00   8.6107E-01  -1.1618E+00   8.5634E-01  -1.1618E+00   8.5667E-01
  -7.1642E-02  -6.4273E-02   3.7989E-02
  > E    =  -3.833474527039E+02 +/-   7.270658988873E-05
  > varE =   2.643631586452E-03
* Computing derivatives.
    [walltime: 1m elapsed, 12m11s remaining]
  Done. [total walltime: 12m44s]
* Optimizing manipulation constant:
  #igrid a___________ E____________________________________ varE____________
     1     Infinity    -3.83347453E+02 +/-   7.27065899E-05   2.64363159E-03
     2     1.0000E+06  -3.83347453E+02 +/-   7.27065895E-05   2.64363156E-03
     3     2.1544E+05  -3.83347453E+02 +/-   7.27065882E-05   2.64363146E-03
     4     4.6416E+04  -3.83347453E+02 +/-   7.27065819E-05   2.64363100E-03
     5     1.0000E+04  -3.83347453E+02 +/-   7.27065526E-05   2.64362887E-03
     6     2.1544E+03  -3.83347453E+02 +/-   7.27064168E-05   2.64361900E-03
     7     4.6416E+02  -3.83347453E+02 +/-   7.27057876E-05   2.64357325E-03
     8     1.0000E+02  -3.83347453E+02 +/-   7.27028917E-05   2.64336266E-03
     9     2.1544E+01  -3.83347455E+02 +/-   7.26899527E-05   2.64242186E-03
    10     4.6416E+00  -3.83347462E+02 +/-   7.26391011E-05   2.63872604E-03
    11     1.0000E+00  -3.83347477E+02 +/-   7.25146805E-05   2.62969425E-03
    12     2.1544E-01  -3.83347474E+02 +/-   7.24477802E-05   2.62484430E-03
    13     4.6416E-02  -3.83347450E+02 +/-   7.25134958E-05   2.62960832E-03
    14     1.0000E-02  -3.83347438E+02 +/-   7.25759913E-05   2.63414291E-03
    15     2.1544E-03  -3.83347437E+02 +/-   7.27062590E-05   2.64360752E-03
    16     4.6416E-04  -3.83347408E+02 +/-   7.42164741E-05   2.75457129E-03
    17     1.0000E-04  -3.83347045E+02 +/-   8.09090563E-05   3.27376613E-03
    18     2.1544E-05  -3.83346056E+02 +/-   9.34741210E-05   4.36954444E-03
    19     4.6416E-06  -3.83345378E+02 +/-   1.00645108E-04   5.06569131E-03
    20     1.0000E-06  -3.83345168E+02 +/-   1.02712506E-04   5.27594224E-03
    21     0.0000E+00  -3.83345105E+02 +/-   1.03322978E-04   5.33884379E-03
  ParMin   6.1490E-01  -3.83347480E+02 +/-   7.24751134E-05   2.62682528E-03
  # Using parabolic minimum
* Iteration # 1: E =  -3.833474802070E+02 +/-   7.247511337214E-05
* Reached maximum number of iterations: exiting.
* After optimization:
   9.9215E+00   9.9365E+00   9.9312E+00   8.8864E-01   8.9316E-01   8.4354E-01
  -1.3435E+01  -6.1715E+00  -6.1817E+00   7.1484E-01   5.7945E-01  -6.7958E+00
  -6.7948E+00  -6.5182E+00  -6.5201E+00  -6.6991E+00  -6.7033E+00   5.9964E-01
   6.0085E-01   5.1680E-01   2.5672E-01   2.5676E-01   3.0764E-01   3.1017E-01
   3.0752E-01   3.0903E-01  -1.4242E+00   6.2722E-01  -4.1445E-01  -3.1960E-01
   6.9046E+01  -5.5566E+01   3.3255E+01  -2.7020E+01  -2.3702E+00   1.6391E+00
  -2.3196E+00   1.7294E+00   3.4529E+01  -2.7729E+01   3.3409E+01  -2.6899E+01
   3.4454E+01  -2.7787E+01  -1.3453E+00   7.0998E-01  -2.2303E+00   1.7144E+00
  -1.1170E+00   8.6074E-01  -1.1573E+00   8.5499E-01  -1.1573E+00   8.5549E-01
  -6.4057E-02  -6.3114E-02   4.2280E-02
  > Energy =  -3.833474802070E+02 +/-   7.247511337214E-05
  > varE =   2.626825282790E-03

VMC #6:
* Size of Hilbert space =   6.3504E+04
* Deterministic energy evaluation:
  > Deterministic Etot/t = -383.34753972218573
    - Ttot/t = -23.366069337077320
    - Utot/t = 9.5328752920619255
* Number of equil. steps   = 1000
* Running VMC equilibration.
  Done. [total walltime: 0.02s]
* Equil. acc.ratio (%)     =  27.6209
* Sample config after equilibration:
  +---------+
  |  u   d  |
  |d   d   u|
  |u   u   d|
  |  d   u  |
  +---------+
* Number of accum. steps   = 1000192 x 10
* Running VMC accumulation.
  Done. [total walltime: 53.7s]
* Acceptance ratio (%)     =  27.5878
* Etot/t                   =  -3.833476279518E+02 +/-   4.719107740708E-05
  > Ttot/t                 =  -2.336574869063E+01 +/-   3.694224448556E-04
  > Utot/t                 =   9.532466415977E+00 +/-   3.657964978135E-04
* var[Eloc/t]              =   2.252679249806E-03 +/-   1.453658267832E-05
* Correlation length       =   9.887894029332E-01
* log10 Psi^2 range: -14.805016961620566 -- -7.7033109670022384
* log10 Pgen range : -14.805016961620566 -- -7.7033109670022384
* Site occupation (ave. no. electrons per config.):
  > Site_  ___eu____  ___ed____
      1        0.497      0.497
      2        0.501      0.501
      3        0.501      0.500
      4        0.497      0.497
      5        0.501      0.501
      6        0.501      0.499
      7        0.501      0.502
      8        0.500      0.499
      9        0.502      0.501
     10        0.500      0.502
* Pair-correlation analysis (ave. no. pairs per config.):
  > Shell  nsite  ___dh____  __eueu___  __eued___
      0      1        0          0          1.754
      1      1        0.844      0.718      2.475
      2      1        0.290      0.649      1.105
      3      1        0.163      0.296      0.553
      4      1        0.563      1.344      2.163
      5      1        0.121      1.028      0.967
      6      1        0.151      0.849      1.098
      7      1        0.305      1.798      2.116
      8      1        0.250      2.099      1.907
      9      1        0.252      2.118      1.903
     10      1        0.228      2.157      1.891
     11      1        0.117      0.980      1.023
     12      1        0.238      2.056      1.953
     13      1        0.062      0.480      0.519
     14      1        0.185      1.440      1.554
     15      1        0.122      1.032      0.973
     16      1        0.125      0.955      1.046

Optimization #6:
* Method          : lls
* Target function : energy
* No. of configs. : 500096
* No. of params.  : 57
* Before optimization:
   9.9215E+00   9.9365E+00   9.9312E+00   8.8864E-01   8.9316E-01   8.4354E-01
  -1.3435E+01  -6.1715E+00  -6.1817E+00   7.1484E-01   5.7945E-01  -6.7958E+00
  -6.7948E+00  -6.5182E+00  -6.5201E+00  -6.6991E+00  -6.7033E+00   5.9964E-01
   6.0085E-01   5.1680E-01   2.5672E-01   2.5676E-01   3.0764E-01   3.1017E-01
   3.0752E-01   3.0903E-01  -1.4242E+00   6.2722E-01  -4.1445E-01  -3.1960E-01
   6.9046E+01  -5.5566E+01   3.3255E+01  -2.7020E+01  -2.3702E+00   1.6391E+00
  -2.3196E+00   1.7294E+00   3.4529E+01  -2.7729E+01   3.3409E+01  -2.6899E+01
   3.4454E+01  -2.7787E+01  -1.3453E+00   7.0998E-01  -2.2303E+00   1.7144E+00
  -1.1170E+00   8.6074E-01  -1.1573E+00   8.5499E-01  -1.1573E+00   8.5549E-01
  -6.4057E-02  -6.3114E-02   4.2280E-02
  > E    =  -3.833475854379E+02 +/-   6.759040935929E-05
  > varE =   2.284670291168E-03
* Computing derivatives.
    [walltime: 1m elapsed, 12m36s remaining]
  Done. [total walltime: 12m49s]
* Optimizing manipulation constant:
  #igrid a___________ E____________________________________ varE____________
     1     Infinity    -3.83347585E+02 +/-   6.75904094E-05   2.28467029E-03
     2     1.0000E+06  -3.83347585E+02 +/-   6.75904090E-05   2.28467027E-03
     3     2.1544E+05  -3.83347585E+02 +/-   6.75904077E-05   2.28467018E-03
     4     4.6416E+04  -3.83347585E+02 +/-   6.75904017E-05   2.28466977E-03
     5     1.0000E+04  -3.83347585E+02 +/-   6.75903738E-05   2.28466789E-03
     6     2.1544E+03  -3.83347585E+02 +/-   6.75902444E-05   2.28465914E-03
     7     4.6416E+02  -3.83347585E+02 +/-   6.75896447E-05   2.28461860E-03
     8     1.0000E+02  -3.83347586E+02 +/-   6.75868819E-05   2.28443183E-03
     9     2.1544E+01  -3.83347587E+02 +/-   6.75744877E-05   2.28359406E-03
    10     4.6416E+00  -3.83347590E+02 +/-   6.75248326E-05   2.28023923E-03
    11     1.0000E+00  -3.83347599E+02 +/-   6.73903478E-05   2.27116547E-03
    12     2.1544E-01  -3.83347608E+02 +/-   6.72414840E-05   2.26114264E-03
    13     4.6416E-02  -3.83347610E+02 +/-   6.71853638E-05   2.25736989E-03
    14     1.0000E-02  -3.83347610E+02 +/-   6.71496696E-05   2.25497194E-03
    15     2.1544E-03  -3.83347612E+02 +/-   6.70426747E-05   2.24779161E-03
    16     4.6416E-04  -3.83347573E+02 +/-   6.68387794E-05   2.23414009E-03
    17     1.0000E-04  -3.83347427E+02 +/-   6.76395402E-05   2.28799291E-03
    18     2.1544E-05  -3.83347308E+02 +/-   6.84644378E-05   2.34413961E-03
    19     4.6416E-06  -3.83347270E+02 +/-   6.87482537E-05   2.36361492E-03
    20     1.0000E-06  -3.83347260E+02 +/-   6.88166974E-05   2.36832355E-03
    21     0.0000E+00  -3.83347258E+02 +/-   6.88359910E-05   2.36965171E-03
  ParMin   4.2896E-03  -3.83347611E+02 +/-   6.71066276E-05   2.25208205E-03
  # Using grid point #15
* Iteration # 1: E =  -3.833476120158E+02 +/-   6.704267468309E-05
* Reached maximum number of iterations: exiting.
* After optimization:
  -4.4249E+01  -4.4237E+01  -4.4241E+01   1.7676E+01   1.7679E+01   8.6644E-01
  -2.6447E+01   4.0974E+00   4.0872E+00   3.4262E+01   3.4144E+01  -1.3295E+01
  -1.3295E+01   3.7553E+00   3.7543E+00  -1.3200E+01  -1.3204E+01   1.7392E+01
   1.7393E+01   3.4069E+01   1.7033E+01   1.7034E+01   1.7083E+01   1.7084E+01
   1.7083E+01   1.7085E+01  -8.5275E+01   6.7699E+01  -4.1024E-01  -3.4469E-01
   1.3416E+02  -1.0766E+02  -1.8047E+01   1.4014E+01  -1.7009E+02   1.3581E+02
  -1.7004E+02   1.3588E+02   6.7085E+01  -5.3786E+01  -1.7895E+01   1.4130E+01
   6.7010E+01  -5.3843E+01  -8.5203E+01   6.7774E+01  -1.6995E+02   1.3588E+02
  -8.4975E+01   6.7943E+01  -8.5015E+01   6.7938E+01  -8.5015E+01   6.7938E+01
  -7.2034E-02  -6.4000E-02   3.6497E-02
  > Energy =  -3.833476120158E+02 +/-   6.704267468309E-05
  > varE =   2.247791607473E-03

VMC #7:
* Size of Hilbert space =   6.3504E+04
* Deterministic energy evaluation:
  > Deterministic Etot/t = -383.34756861842936
    - Ttot/t = -23.367023451288066
    - Utot/t = 9.5338005100290228
* Number of equil. steps   = 1000
* Running VMC equilibration.
  Done. [total walltime: 0.02s]
* Equil. acc.ratio (%)     =  27.6249
* Sample config after equilibration:
  +---------+
  |  2   u  |
  |0   d   d|
  |2   u   u|
  |  0   d  |
  +---------+
* Number of accum. steps   = 1000192 x 10
* Running VMC accumulation.
  Done. [total walltime: 53.9s]
* Acceptance ratio (%)     =  27.6271
* Etot/t                   =  -3.833474892519E+02 +/-   4.751825364130E-05
  > Ttot/t                 =  -2.336730112827E+01 +/-   3.647117430557E-04
  > Utot/t                 =   9.534157553532E+00 +/-   3.623387831468E-04
* var[Eloc/t]              =   2.210513661204E-03 +/-   1.086065567458E-05
* Correlation length       =   1.021671117336E+00
* log10 Psi^2 range: -15.382650350644521 -- -7.9441862550601243
* log10 Pgen range : -15.382650350644521 -- -7.9441862550601243
* Site occupation (ave. no. electrons per config.):
  > Site_  ___eu____  ___ed____
      1        0.496      0.498
      2        0.502      0.501
      3        0.501      0.501
      4        0.497      0.497
      5        0.500      0.499
      6        0.501      0.501
      7        0.501      0.501
      8        0.500      0.500
      9        0.501      0.501
     10        0.501      0.501
* Pair-correlation analysis (ave. no. pairs per config.):
  > Shell  nsite  ___dh____  __eueu___  __eued___
      0      1        0          0          1.760
      1      1        0.845      0.720      2.472
      2      1        0.293      0.648      1.103
      3      1        0.162      0.298      0.553
      4      1        0.565      1.346      2.163
      5      1        0.123      1.026      0.967
      6      1        0.152      0.848      1.099
      7      1        0.305      1.800      2.116
      8      1        0.251      2.099      1.908
      9      1        0.252      2.116      1.905
     10      1        0.229      2.157      1.889
     11      1        0.116      0.981      1.024
     12      1        0.240      2.056      1.952
     13      1        0.062      0.481      0.518
     14      1        0.186      1.440      1.555
     15      1        0.123      1.031      0.973
     16      1        0.126      0.954      1.044

Optimization #7:
* Method          : lls
* Target function : energy
* No. of configs. : 500096
* No. of params.  : 57
* Before optimization:
  -4.4249E+01  -4.4237E+01  -4.4241E+01   1.7676E+01   1.7679E+01   8.6644E-01
  -2.6447E+01   4.0974E+00   4.0872E+00   3.4262E+01   3.4144E+01  -1.3295E+01
  -1.3295E+01   3.7553E+00   3.7543E+00  -1.3200E+01  -1.3204E+01   1.7392E+01
   1.7393E+01   3.4069E+01   1.7033E+01   1.7034E+01   1.7083E+01   1.7084E+01
   1.7083E+01   1.7085E+01  -8.5275E+01   6.7699E+01  -4.1024E-01  -3.4469E-01
   1.3416E+02  -1.0766E+02  -1.8047E+01   1.4014E+01  -1.7009E+02   1.3581E+02
  -1.7004E+02   1.3588E+02   6.7085E+01  -5.3786E+01  -1.7895E+01   1.4130E+01
   6.7010E+01  -5.3843E+01  -8.5203E+01   6.7774E+01  -1.6995E+02   1.3588E+02
  -8.4975E+01   6.7943E+01  -8.5015E+01   6.7938E+01  -8.5015E+01   6.7938E+01
  -7.2034E-02  -6.4000E-02   3.6497E-02
  > E    =  -3.833475029118E+02 +/-   6.653787187339E-05
  > varE =   2.214069216405E-03
* Computing derivatives.
    [walltime: 1m elapsed, 12m47s remaining]
  Done. [total walltime: 12m53s]
* Optimizing manipulation constant:
  #igrid a___________ E____________________________________ varE____________
     1     Infinity    -3.83347503E+02 +/-   6.65378719E-05   2.21406922E-03
     2     1.0000E+06  -3.83347503E+02 +/-   6.65378718E-05   2.21406921E-03
     3     2.1544E+05  -3.83347503E+02 +/-   6.65378714E-05   2.21406918E-03
     4     4.6416E+04  -3.83347503E+02 +/-   6.65378697E-05   2.21406907E-03
     5     1.0000E+04  -3.83347503E+02 +/-   6.65378617E-05   2.21406854E-03
     6     2.1544E+03  -3.83347503E+02 +/-   6.65378245E-05   2.21406606E-03
     7     4.6416E+02  -3.83347503E+02 +/-   6.65376526E-05   2.21405462E-03
     8     1.0000E+02  -3.83347503E+02 +/-   6.65368693E-05   2.21400249E-03
     9     2.1544E+01  -3.83347503E+02 +/-   6.65335241E-05   2.21377988E-03
    10     4.6416E+00  -3.83347505E+02 +/-   6.65227036E-05   2.21305988E-03
    11     1.0000E+00  -3.83347507E+02 +/-   6.65117353E-05   2.21233015E-03
    12     2.1544E-01  -3.83347509E+02 +/-   6.65370060E-05   2.21401159E-03
    13     4.6416E-02  -3.83347509E+02 +/-   6.65717317E-05   2.21632318E-03
    14     1.0000E-02  -3.83347509E+02 +/-   6.65879607E-05   2.21740392E-03
    15     2.1544E-03  -3.83347509E+02 +/-   6.66074794E-05   2.21870407E-03
    16     4.6416E-04  -3.83347489E+02 +/-   6.69863837E-05   2.24401857E-03
    17     1.0000E-04  -3.83340723E+02 +/-   1.12515719E-04   6.33110885E-03
    18     2.1544E-05  -3.83347250E+02 +/-   6.82291335E-05   2.32805423E-03
    19     4.6416E-06  -3.83347321E+02 +/-   6.76896753E-05   2.29138593E-03
    20     1.0000E-06  -3.83347332E+02 +/-   6.76042404E-05   2.28560541E-03
    21     0.0000E+00  -3.83347335E+02 +/-   6.75822303E-05   2.28411739E-03
* Iteration # 1: E =  -3.833475092674E+02 +/-   6.653700597294E-05
* Reached maximum number of iterations: exiting.
* After optimization:
  -4.4278E+01  -4.4265E+01  -4.4269E+01   1.7693E+01   1.7697E+01   8.6405E-01
  -2.6478E+01   4.0975E+00   4.0875E+00   3.4289E+01   3.4178E+01  -1.3311E+01
  -1.3310E+01   3.7564E+00   3.7550E+00  -1.3216E+01  -1.3219E+01   1.7407E+01
   1.7408E+01   3.4103E+01   1.7049E+01   1.7049E+01   1.7098E+01   1.7100E+01
   1.7098E+01   1.7099E+01  -8.5363E+01   6.7765E+01  -4.1282E-01  -3.4096E-01
   1.3431E+02  -1.0779E+02  -1.8052E+01   1.4019E+01  -1.7025E+02   1.3594E+02
  -1.7020E+02   1.3601E+02   6.7161E+01  -5.3846E+01  -1.7899E+01   1.4134E+01
   6.7085E+01  -5.3902E+01  -8.5285E+01   6.7842E+01  -1.7011E+02   1.3600E+02
  -8.5055E+01   6.8007E+01  -8.5095E+01   6.8003E+01  -8.5096E+01   6.8004E+01
  -7.5307E-02  -6.4035E-02   3.7726E-02
  > Energy =  -3.833475092674E+02 +/-   6.653700597294E-05
  > varE =   2.214011590545E-03

VMC #8:
* Size of Hilbert space =   6.3504E+04
* Deterministic energy evaluation:
  > Deterministic Etot/t = -383.34757265409007
    - Ttot/t = -23.366309571962102
    - Utot/t = 9.5330825950423730
* Number of equil. steps   = 1000
* Running VMC equilibration.
  Done. [total walltime: 0.02s]
* Equil. acc.ratio (%)     =  27.5983
* Sample config after equilibration:
  +---------+
  |  0   u  |
  |2   2   d|
  |d   0   d|
  |  u   u  |
  +---------+
* Number of accum. steps   = 1000192 x 10
* Running VMC accumulation.
  Done. [total walltime: 54.2s]
* Acceptance ratio (%)     =  27.6030
* Etot/t                   =  -3.833476355960E+02 +/-   4.896272944914E-05
  > Ttot/t                 =  -2.336646029132E+01 +/-   3.689008757445E-04
  > Utot/t                 =   9.533170372600E+00 +/-   3.654448875386E-04
* var[Eloc/t]              =   2.481565474443E-03 +/-   2.185506975144E-04
* Correlation length       =   9.662486002437E-01
* log10 Psi^2 range: -16.824870287293777 -- -7.9213654223176215
* log10 Pgen range : -16.824870287293777 -- -7.9213654223176215
* Site occupation (ave. no. electrons per config.):
  > Site_  ___eu____  ___ed____
      1        0.496      0.498
      2        0.502      0.501
      3        0.500      0.500
      4        0.498      0.497
      5        0.500      0.499
      6        0.500      0.500
      7        0.501      0.502
      8        0.500      0.499
      9        0.501      0.502
     10        0.501      0.502
* Pair-correlation analysis (ave. no. pairs per config.):
  > Shell  nsite  ___dh____  __eueu___  __eued___
      0      1        0          0          1.756
      1      1        0.843      0.719      2.473
      2      1        0.290      0.650      1.107
      3      1        0.164      0.297      0.552
      4      1        0.565      1.345      2.161
      5      1        0.121      1.025      0.966
      6      1        0.151      0.847      1.097
      7      1        0.305      1.802      2.118
      8      1        0.251      2.098      1.908
      9      1        0.252      2.119      1.907
     10      1        0.228      2.156      1.888
     11      1        0.116      0.979      1.022
     12      1        0.238      2.056      1.954
     13      1        0.062      0.479      0.518
     14      1        0.186      1.440      1.553
     15      1        0.122      1.033      0.975
     16      1        0.126      0.955      1.045

Optimization #8:
* Method          : lls
* Target function : energy
* No. of configs. : 500096
* No. of params.  : 57
* Before optimization:
  -4.4278E+01  -4.4265E+01  -4.4269E+01   1.7693E+01   1.7697E+01   8.6405E-01
  -2.6478E+01   4.0975E+00   4.0875E+00   3.4289E+01   3.4178E+01  -1.3311E+01
  -1.3310E+01   3.7564E+00   3.7550E+00  -1.3216E+01  -1.3219E+01   1.7407E+01
   1.7408E+01   3.4103E+01   1.7049E+01   1.7049E+01   1.7098E+01   1.7100E+01
   1.7098E+01   1.7099E+01  -8.5363E+01   6.7765E+01  -4.1282E-01  -3.4096E-01
   1.3431E+02  -1.0779E+02  -1.8052E+01   1.4019E+01  -1.7025E+02   1.3594E+02
  -1.7020E+02   1.3601E+02   6.7161E+01  -5.3846E+01  -1.7899E+01   1.4134E+01
   6.7085E+01  -5.3902E+01  -8.5285E+01   6.7842E+01  -1.7011E+02   1.3600E+02
  -8.5055E+01   6.8007E+01  -8.5095E+01   6.8003E+01  -8.5096E+01   6.8004E+01
  -7.5307E-02  -6.4035E-02   3.7726E-02
  > E    =  -3.833475439847E+02 +/-   7.347186730102E-05
  > varE =   2.699575861416E-03
* Computing derivatives.
    [walltime: 1m elapsed, 12m42s remaining]
  Done. [total walltime: 12m56s]
* Optimizing manipulation constant:
  #igrid a___________ E____________________________________ varE____________
     1     Infinity    -3.83347544E+02 +/-   7.34718673E-05   2.69957586E-03
     2     1.0000E+06  -3.83347544E+02 +/-   7.34718633E-05   2.69957557E-03
     3     2.1544E+05  -3.83347544E+02 +/-   7.34718488E-05   2.69957451E-03
     4     4.6416E+04  -3.83347544E+02 +/-   7.34717816E-05   2.69956957E-03
     5     1.0000E+04  -3.83347544E+02 +/-   7.34714697E-05   2.69954664E-03
     6     2.1544E+03  -3.83347544E+02 +/-   7.34700222E-05   2.69944027E-03
     7     4.6416E+02  -3.83347545E+02 +/-   7.34633148E-05   2.69894741E-03
     8     1.0000E+02  -3.83347547E+02 +/-   7.34324197E-05   2.69667779E-03
     9     2.1544E+01  -3.83347557E+02 +/-   7.32939711E-05   2.68651881E-03
    10     4.6416E+00  -3.83347595E+02 +/-   7.27430179E-05   2.64628132E-03
    11     1.0000E+00  -3.83347670E+02 +/-   7.13087197E-05   2.54295491E-03
    12     2.1544E-01  -3.83347657E+02 +/-   6.99145820E-05   2.44449364E-03
    13     4.6416E-02  -3.83347575E+02 +/-   6.95363234E-05   2.41811432E-03
    14     1.0000E-02  -3.83347541E+02 +/-   6.94863942E-05   2.41464301E-03
    15     2.1544E-03  -3.83347538E+02 +/-   6.94757366E-05   2.41390237E-03
    16     4.6416E-04  -3.83347566E+02 +/-   6.94730624E-05   2.41371654E-03
    17     1.0000E-04  -3.83347641E+02 +/-   6.96546512E-05   2.42635099E-03
    18     2.1544E-05  -3.83347676E+02 +/-   7.00259905E-05   2.45229043E-03
    19     4.6416E-06  -3.83347681E+02 +/-   7.01717932E-05   2.46251299E-03
    20     1.0000E-06  -3.83347682E+02 +/-   7.02073445E-05   2.46500880E-03
    21     0.0000E+00  -3.83347682E+02 +/-   7.02173762E-05   2.46571329E-03
* Iteration # 1: E =  -3.833476818224E+02 +/-   7.021737623107E-05
* Reached maximum number of iterations: exiting.
* After optimization:
  -2.2964E+01  -2.2950E+01  -2.2955E+01   1.6753E+01   1.6757E+01   8.7718E-01
  -4.4064E+01  -5.6348E+00  -5.6430E+00   3.2411E+01   3.2284E+01  -2.2101E+01
  -2.2099E+01  -5.9833E+00  -5.9827E+00  -2.2004E+01  -2.2007E+01   1.6469E+01
   1.6470E+01   3.2209E+01   1.6105E+01   1.6105E+01   1.6157E+01   1.6158E+01
   1.6157E+01   1.6158E+01  -8.0618E+01   6.3968E+01  -4.0380E-01  -3.5580E-01
   2.2226E+02  -1.7815E+02   3.0656E+01  -2.4956E+01  -1.6079E+02   1.2836E+02
  -1.6073E+02   1.2844E+02   1.1114E+02  -8.9033E+01   3.0809E+01  -2.4836E+01
   1.1106E+02  -8.9092E+01  -8.0550E+01   6.4042E+01  -1.6064E+02   1.2844E+02
  -8.0325E+01   6.4220E+01  -8.0365E+01   6.4214E+01  -8.0365E+01   6.4214E+01
  -5.9003E-02  -6.1472E-02   3.4507E-02
  > Energy =  -3.833476818224E+02 +/-   7.021737623107E-05
  > varE =   2.465713288461E-03

VMC #9:
* Size of Hilbert space =   6.3504E+04
* Deterministic energy evaluation:
  > Deterministic Etot/t = -383.34751769943705
    - Ttot/t = -23.366567397483728
    - Utot/t = 9.5333953752170117
* Number of equil. steps   = 1000
* Running VMC equilibration.
  Done. [total walltime: 0.02s]
* Equil. acc.ratio (%)     =  27.5883
* Sample config after equilibration:
  +---------+
  |  d   2  |
  |u   u   0|
  |d   d   2|
  |  u   0  |
  +---------+
* Number of accum. steps   = 1000192 x 10
* Running VMC accumulation.
  Done. [total walltime: 53.7s]
* Acceptance ratio (%)     =  27.5857
* Etot/t                   =  -3.833474957745E+02 +/-   4.857377807128E-05
  > Ttot/t                 =  -2.336605455033E+01 +/-   3.658213369027E-04
  > Utot/t                 =   9.532904453080E+00 +/-   3.632978354783E-04
* var[Eloc/t]              =   2.377276515263E-03 +/-   7.618811102274E-05
* Correlation length       =   9.926758238071E-01
* log10 Psi^2 range: -15.102887960747093 -- -8.0636007590048671
* log10 Pgen range : -15.102887960747093 -- -8.0636007590048671
* Site occupation (ave. no. electrons per config.):
  > Site_  ___eu____  ___ed____
      1        0.497      0.496
      2        0.500      0.503
      3        0.500      0.501
      4        0.497      0.497
      5        0.502      0.500
      6        0.500      0.500
      7        0.502      0.502
      8        0.500      0.500
      9        0.501      0.501
     10        0.502      0.501
* Pair-correlation analysis (ave. no. pairs per config.):
  > Shell  nsite  ___dh____  __eueu___  __eued___
      0      1        0          0          1.756
      1      1        0.843      0.721      2.475
      2      1        0.290      0.650      1.106
      3      1        0.162      0.297      0.551
      4      1        0.563      1.345      2.161
      5      1        0.122      1.025      0.969
      6      1        0.150      0.850      1.099
      7      1        0.304      1.800      2.115
      8      1        0.252      2.094      1.906
      9      1        0.251      2.115      1.905
     10      1        0.229      2.157      1.889
     11      1        0.116      0.982      1.021
     12      1        0.238      2.054      1.958
     13      1        0.062      0.482      0.517
     14      1        0.187      1.441      1.552
     15      1        0.122      1.031      0.976
     16      1        0.126      0.957      1.043

Optimization #9:
* Method          : lls
* Target function : energy
* No. of configs. : 500096
* No. of params.  : 57
* Before optimization:
  -2.2964E+01  -2.2950E+01  -2.2955E+01   1.6753E+01   1.6757E+01   8.7718E-01
  -4.4064E+01  -5.6348E+00  -5.6430E+00   3.2411E+01   3.2284E+01  -2.2101E+01
  -2.2099E+01  -5.9833E+00  -5.9827E+00  -2.2004E+01  -2.2007E+01   1.6469E+01
   1.6470E+01   3.2209E+01   1.6105E+01   1.6105E+01   1.6157E+01   1.6158E+01
   1.6157E+01   1.6158E+01  -8.0618E+01   6.3968E+01  -4.0380E-01  -3.5580E-01
   2.2226E+02  -1.7815E+02   3.0656E+01  -2.4956E+01  -1.6079E+02   1.2836E+02
  -1.6073E+02   1.2844E+02   1.1114E+02  -8.9033E+01   3.0809E+01  -2.4836E+01
   1.1106E+02  -8.9092E+01  -8.0550E+01   6.4042E+01  -1.6064E+02   1.2844E+02
  -8.0325E+01   6.4220E+01  -8.0365E+01   6.4214E+01  -8.0365E+01   6.4214E+01
  -5.9003E-02  -6.1472E-02   3.4507E-02
  > E    =  -3.833474384391E+02 +/-   6.883950614150E-05
  > varE =   2.369893735153E-03
* Computing derivatives.
    [walltime: 1m elapsed, 12m24s remaining]
  Done. [total walltime: 12m49s]
* Optimizing manipulation constant:
  #igrid a___________ E____________________________________ varE____________
     1     Infinity    -3.83347438E+02 +/-   6.88395061E-05   2.36989374E-03
     2     1.0000E+06  -3.83347438E+02 +/-   6.88395057E-05   2.36989370E-03
     3     2.1544E+05  -3.83347438E+02 +/-   6.88395040E-05   2.36989359E-03
     4     4.6416E+04  -3.83347438E+02 +/-   6.88394963E-05   2.36989306E-03
     5     1.0000E+04  -3.83347438E+02 +/-   6.88394606E-05   2.36989060E-03
     6     2.1544E+03  -3.83347438E+02 +/-   6.88392951E-05   2.36987920E-03
     7     4.6416E+02  -3.83347439E+02 +/-   6.88385282E-05   2.36982640E-03
     8     1.0000E+02  -3.83347439E+02 +/-   6.88350053E-05   2.36958385E-03
     9     2.1544E+01  -3.83347440E+02 +/-   6.88194076E-05   2.36851010E-03
    10     4.6416E+00  -3.83347444E+02 +/-   6.87602454E-05   2.36443956E-03
    11     1.0000E+00  -3.83347454E+02 +/-   6.86263032E-05   2.35523686E-03
    12     2.1544E-01  -3.83347465E+02 +/-   6.85316690E-05   2.34874570E-03
    13     4.6416E-02  -3.83347469E+02 +/-   6.85292509E-05   2.34857995E-03
    14     1.0000E-02  -3.83347469E+02 +/-   6.85332924E-05   2.34885698E-03
    15     2.1544E-03  -3.83347469E+02 +/-   6.85215870E-05   2.34805468E-03
    16     4.6416E-04  -3.83347469E+02 +/-   6.85011894E-05   2.34665695E-03
    17     1.0000E-04  -3.83347468E+02 +/-   6.84938942E-05   2.34615714E-03
    18     2.1544E-05  -3.83347468E+02 +/-   6.84925353E-05   2.34606405E-03
    19     4.6416E-06  -3.83347468E+02 +/-   6.84922676E-05   2.34604572E-03
    20     1.0000E-06  -3.83347468E+02 +/-   6.84922113E-05   2.34604186E-03
    21     0.0000E+00  -3.83347468E+02 +/-   6.84921960E-05   2.34604081E-03
* Iteration # 1: E =  -3.833474694807E+02 +/-   6.852158703258E-05
* Reached maximum number of iterations: exiting.
* After optimization:
  -2.1894E+01  -2.1880E+01  -2.1884E+01   1.6412E+01   1.6417E+01   8.5419E-01
  -4.3732E+01  -5.8023E+00  -5.8127E+00   3.1750E+01   3.1623E+01  -2.1942E+01
  -2.1942E+01  -6.1457E+00  -6.1474E+00  -2.1847E+01  -2.1852E+01   1.6126E+01
   1.6128E+01   3.1559E+01   1.5777E+01   1.5777E+01   1.5827E+01   1.5829E+01
   1.5827E+01   1.5829E+01  -7.9007E+01   6.2690E+01  -4.1041E-01  -3.3282E-01
   2.2056E+02  -1.7679E+02   3.1426E+01  -2.5560E+01  -1.5755E+02   1.2578E+02
  -1.5749E+02   1.2586E+02   1.1029E+02  -8.8344E+01   3.1580E+01  -2.5443E+01
   1.1022E+02  -8.8400E+01  -7.8931E+01   6.2769E+01  -1.5741E+02   1.2585E+02
  -7.8705E+01   6.2929E+01  -7.8745E+01   6.2924E+01  -7.8745E+01   6.2924E+01
  -6.8238E-02  -6.4139E-02   3.9560E-02
  > Energy =  -3.833474694807E+02 +/-   6.852158703258E-05
  > varE =   2.348054684689E-03

VMC #10:
* Size of Hilbert space =   6.3504E+04
* Deterministic energy evaluation:
  > Deterministic Etot/t = -383.34756176338965
    - Ttot/t = -23.366310035258191
    - Utot/t = 9.5330939490388182
* Number of equil. steps   = 1000
* Running VMC equilibration.
  Done. [total walltime: 0.02s]
* Equil. acc.ratio (%)     =  27.5984
* Sample config after equilibration:
  +---------+
  |  u   d  |
  |2   0   u|
  |0   d   2|
  |  2   0  |
  +---------+
* Number of accum. steps   = 1000192 x 10
* Running VMC accumulation.
  Done. [total walltime: 54.0s]
* Acceptance ratio (%)     =  27.5998
* Etot/t                   =  -3.833475649973E+02 +/-   4.739767229072E-05
  > Ttot/t                 =  -2.336641331060E+01 +/-   3.719635411963E-04
  > Utot/t                 =   9.533193990494E+00 +/-   3.689811943216E-04
* var[Eloc/t]              =   2.231187520764E-03 +/-   2.231458668491E-05
* Correlation length       =   1.007073880263E+00
* log10 Psi^2 range: -14.655114300250462 -- -7.8127782351393291
* log10 Pgen range : -14.655114300250462 -- -7.8127782351393291
* Site occupation (ave. no. electrons per config.):
  > Site_  ___eu____  ___ed____
      1        0.498      0.498
      2        0.501      0.503
      3        0.499      0.500
      4        0.497      0.498
      5        0.500      0.499
      6        0.499      0.501
      7        0.502      0.500
      8        0.499      0.500
      9        0.502      0.500
     10        0.502      0.502
* Pair-correlation analysis (ave. no. pairs per config.):
  > Shell  nsite  ___dh____  __eueu___  __eued___
      0      1        0          0          1.757
      1      1        0.846      0.717      2.472
      2      1        0.291      0.650      1.105
      3      1        0.163      0.298      0.553
      4      1        0.565      1.345      2.163
      5      1        0.122      1.023      0.965
      6      1        0.152      0.847      1.094
      7      1        0.306      1.804      2.119
      8      1        0.251      2.097      1.909
      9      1        0.252      2.121      1.908
     10      1        0.228      2.156      1.890
     11      1        0.116      0.979      1.022
     12      1        0.240      2.052      1.953
     13      1        0.062      0.479      0.517
     14      1        0.185      1.442      1.552
     15      1        0.122      1.032      0.976
     16      1        0.125      0.956      1.045

VDAGGER finished.
Total VDAGGER walltime: 3h29m

Run ended: Tue Sep 30 23:17:08 CEST 2025
