Run started: Wed Oct  1 18:35:49 CEST 2025
Using VDAGGER_ARCH = gnu7_fkfamd_cluster
Running 1x128 MPI processes.

                               xx
                              +##
                               #X
                               Xx
                          X##XxXxxX##x
                           +   Xx  ++
                               ##
                              +##
                              +##
     ++++         ++          +##
   xX+++##+      ####         +##
  Xx    ###      +X##          ##
 xX    X##+        ##          #X
 +    x##X         #x          #X
      ###         +#           x+
     X##+         #+
     ###         Xx                    _______
     ##X       +X+   __________________VDAGGER
     +##x    +xX     2nd quantized variational
       +xxxxx+       ______quantum Monte Carlo

* Running 128 MPI processes.
* Input file: "input.casl"

############# Start of input file dump #############
General:
  Random seed: timer

Plan:
  VMC-optimization:
    Minimum cycles: 10
    Convergence cycles: 5

System:
  Read Hamiltonian: FCIDUMP_loc_naphthalene
  Read orbitals: LTSC_naphthalene
  Complex orbitals: F
  Site kinds: [ 1, 2, 3, 1, 3, 3, 2, 3, 2, 2 ]
  Geometry:
    r_1: [ 0.00000000000000, 1.34347620379600 ]
    r_4: [ 0.00000000000000, -1.34347620379600 ]
    r_3: [ 2.34629842880300, 2.63976101399600 ]
    r_5: [ -2.34629842880300, -2.63976101399600 ]
    r_6: [ -2.34629842880300, 2.63976101399600 ]
    r_8: [ 2.34629842880300, -2.63976101399600 ]
    r_9: [ 4.58120036880600, 1.33647725770700 ]
    r_2: [ -4.58120036880600, -1.33647725770700 ]
    r_7: [ -4.58120036880600, 1.33647725770700 ]
    r_10: [ 4.58120036880600, -1.33647725770700 ]
    Tolerance: 0.05

VMC:
  nstep: 1000000
  nconfig: 500000

Jastrow: wfn.casl

Multideterminants: wfn.casl
############## End of input file dump ##############

General setup:
* Random seed: 348742542 (from timer)

* Loaded integrals for system with nelec=10, ms2=0, norb=10
* INFO: setting number of electrons from integrals file.
* Analysis of Hamiltonian connecitivity performed:
  - T_ii (local, 1-site): 10 (i) values
  - U_iiii [opp] (local, 1-site): 10 (i) values
  - U_kkii [opp] (local, 2-site): 90 contribs. from 10 (i) values
  - U_kkii [par] (local, 2-site): 45 contribs. from 9 (i) values
  - T_ji (single, 2-site): 90 contribs. from 10 (i) values
  - U_kkji [opp] (single, 2/3-site): 900 contribs. from 90 (i,j) pairs
  - U_kkji [par] (single, 3-site): 810 contribs. from 90 (i,j) pairs
  - U_lkji [opp] (double, 2/3/4-site): 8100 contribs. from 90 (i,j) pairs
  - U_lkji [par] (double, 4-site): 1740 contribs. from 72 (i,j) pairs
  - Max. no. wfn. ratios in Eloc: 1467
* Reading override orbitals from file "LTSC_naphthalene".
* Site labels:
  +--------------+
  |    6     3   |
  | 7     1     9|
  | 2     4    10|
  |    5     8   |
  +--------------+
* Read-in Site kinds:
  [ 1, 2, 3, 1, 3, 3, 2, 3, 2, 2 ]
  +---------+
  |  3   3  |
  |2   1   2|
  |2   1   2|
  |  3   3  |
  +---------+
* Maximum Site kind: 3
* Number of site-pair kinds with Tij=0: 0
* Automatically set Site pair kinds:
  Site 1: [ 0, -7, -4, 3, -8, -4, -9, 8, 9, -7 ]
  Site 2: [ -7, 0, 12, -9, 1, 10, 2, 14, 16, -15 ]
  Site 3: [ -4, 12, 0, -8, -11, 5, -13, -6, -1, 10 ]
  Site 4: [ 3, -9, -8, 0, -4, -8, -7, 4, 7, -9 ]
  Site 5: [ -8, 1, -11, -4, 0, 6, 10, -5, -12, -14 ]
  Site 6: [ -4, 10, 5, -8, 6, 0, 1, 11, 14, 12 ]
  Site 7: [ -9, 2, -13, -7, 10, 1, 0, -12, 15, -16 ]
  Site 8: [ 8, 14, -6, 4, -5, 11, -12, 0, 10, -1 ]
  Site 9: [ 9, 16, -1, 7, -12, 14, 15, 10, 0, -2 ]
  Site 10: [ -7, -15, 10, -9, -14, 12, -16, -1, -2, 0 ]
  For site 1 of kind 1:
  +--------------+
  |   -4    -4   |
  |-9     0     9|
  |-7     3    -7|
  |   -8     8   |
  +--------------+
  For site 2 of kind 2:
  +-------------------+
  |     10      12    |
  |  2      -7      16|
  |  0      -9     -15|
  |      1      14    |
  +-------------------+
  For site 3 of kind 3:
  +-------------------+
  |      5       0    |
  |-13      -4      -1|
  | 12      -8      10|
  |    -11      -6    |
  +-------------------+
* Maximum (unsigned) Site pair kind: 16
General system setup:
* Number of sites       : 10
* Number of electrons   : 10
* Spin imbalance MS2    : 0
* Filling               : 0.500000
* Number of orbitals in pool: 10
* Using real-valued orbitals
* Using double-precision arithmetic for orbitals

Trial wave function setup:
* Jastrow parameter file: "wfn.casl"
* Multideterminant parameter file: "wfn.casl"
* Not using a backflow transformation
* Not using wave function manipulation

VMC #1:
* Size of Hilbert space =   6.3504E+04
* Deterministic energy evaluation:
  > Deterministic Etot/t = -383.34756176338965
    - Ttot/t = -23.366310035258191
    - Utot/t = 9.5330939490388182
* Number of equil. steps   = 1000
* Running VMC equilibration.
  Done. [total walltime: 0.02s]
* Equil. acc.ratio (%)     =  27.6412
* Sample config after equilibration:
  +---------+
  |  d   u  |
  |2   u   d|
  |u   d   0|
  |  0   2  |
  +---------+
* Number of accum. steps   = 1000192 x 10
* Running VMC accumulation.
  Done. [total walltime: 54.0s]
* Acceptance ratio (%)     =  27.6024
* Etot/t                   =  -3.833475933931E+02 +/-   4.770444224239E-05
  > Ttot/t                 =  -2.336649008100E+01 +/-   3.697686184828E-04
  > Utot/t                 =   9.533242365107E+00 +/-   3.674571726009E-04
* var[Eloc/t]              =   2.229709319394E-03 +/-   1.787921320412E-05
* Correlation length       =   1.020828467151E+00
* log10 Psi^2 range: -14.773530813256162 -- -7.8127687755555888
* log10 Pgen range : -14.773530813256162 -- -7.8127687755555888
* Site occupation (ave. no. electrons per config.):
  > Site_  ___eu____  ___ed____
      1        0.497      0.497
      2        0.502      0.501
      3        0.500      0.500
      4        0.497      0.496
      5        0.499      0.502
      6        0.501      0.499
      7        0.501      0.501
      8        0.500      0.501
      9        0.501      0.501
     10        0.501      0.502
* Pair-correlation analysis (ave. no. pairs per config.):
  > Shell  nsite  ___dh____  __eueu___  __eued___
      0      1        0          0          1.756
      1      1        0.843      0.720      2.475
      2      1        0.291      0.649      1.104
      3      1        0.162      0.297      0.552
      4      1        0.564      1.345      2.162
      5      1        0.122      1.025      0.969
      6      1        0.150      0.851      1.099
      7      1        0.305      1.800      2.114
      8      1        0.251      2.097      1.907
      9      1        0.251      2.116      1.905
     10      1        0.230      2.155      1.889
     11      1        0.117      0.981      1.023
     12      1        0.239      2.056      1.954
     13      1        0.062      0.481      0.517
     14      1        0.186      1.442      1.553
     15      1        0.123      1.030      0.973
     16      1        0.125      0.954      1.045

Optimization #1:
* Method          : lls
* Target function : energy
* No. of configs. : 500096
* No. of params.  : 57
* Before optimization:
  -2.1894E+01  -2.1880E+01  -2.1884E+01   1.6412E+01   1.6417E+01   8.5419E-01
  -4.3732E+01  -5.8023E+00  -5.8127E+00   3.1750E+01   3.1623E+01  -2.1942E+01
  -2.1942E+01  -6.1457E+00  -6.1474E+00  -2.1847E+01  -2.1852E+01   1.6126E+01
   1.6128E+01   3.1559E+01   1.5777E+01   1.5777E+01   1.5827E+01   1.5829E+01
   1.5827E+01   1.5829E+01  -7.9007E+01   6.2690E+01  -4.1041E-01  -3.3282E-01
   2.2056E+02  -1.7679E+02   3.1426E+01  -2.5560E+01  -1.5755E+02   1.2578E+02
  -1.5749E+02   1.2586E+02   1.1029E+02  -8.8344E+01   3.1580E+01  -2.5443E+01
   1.1022E+02  -8.8400E+01  -7.8931E+01   6.2769E+01  -1.5741E+02   1.2585E+02
  -7.8705E+01   6.2929E+01  -7.8745E+01   6.2924E+01  -7.8745E+01   6.2924E+01
  -6.8238E-02  -6.4139E-02   3.9560E-02
  > E    =  -3.833475667362E+02 +/-   6.694945780363E-05
  > varE =   2.241545244170E-03
* Computing derivatives.
    [walltime: 1m elapsed, 12m43s remaining]
  Done. [total walltime: 12m43s]
* Optimizing manipulation constant:
  #igrid a___________ E____________________________________ varE____________
     1     Infinity    -3.83347567E+02 +/-   6.69494578E-05   2.24154524E-03
     2     1.0000E+06  -3.83347567E+02 +/-   6.69494575E-05   2.24154522E-03
     3     2.1544E+05  -3.83347567E+02 +/-   6.69494563E-05   2.24154514E-03
     4     4.6416E+04  -3.83347567E+02 +/-   6.69494508E-05   2.24154478E-03
     5     1.0000E+04  -3.83347567E+02 +/-   6.69494254E-05   2.24154308E-03
     6     2.1544E+03  -3.83347567E+02 +/-   6.69493075E-05   2.24153518E-03
     7     4.6416E+02  -3.83347567E+02 +/-   6.69487613E-05   2.24149860E-03
     8     1.0000E+02  -3.83347567E+02 +/-   6.69462484E-05   2.24133034E-03
     9     2.1544E+01  -3.83347567E+02 +/-   6.69350462E-05   2.24058031E-03
    10     4.6416E+00  -3.83347569E+02 +/-   6.68912318E-05   2.23764799E-03
    11     1.0000E+00  -3.83347574E+02 +/-   6.67792453E-05   2.23016191E-03
    12     2.1544E-01  -3.83347578E+02 +/-   6.66617225E-05   2.22231923E-03
    13     4.6416E-02  -3.83347579E+02 +/-   6.66199756E-05   2.21953664E-03
    14     1.0000E-02  -3.83347579E+02 +/-   6.66142744E-05   2.21915677E-03
    15     2.1544E-03  -3.83347579E+02 +/-   6.66253812E-05   2.21989685E-03
    16     4.6416E-04  -3.83347579E+02 +/-   6.66810124E-05   2.22360556E-03
    17     1.0000E-04  -3.83347567E+02 +/-   6.70854920E-05   2.25066366E-03
    18     2.1544E-05  -3.83347554E+02 +/-   6.73930220E-05   2.27134572E-03
    19     4.6416E-06  -3.83347548E+02 +/-   6.75087071E-05   2.27915028E-03
    20     1.0000E-06  -3.83347547E+02 +/-   6.75375837E-05   2.28110050E-03
    21     0.0000E+00  -3.83347546E+02 +/-   6.75457966E-05   2.28165531E-03
* Iteration # 1: E =  -3.833475794104E+02 +/-   6.662538118833E-05
* Diminishing returns: exiting.
* After optimization:
  -2.7513E+01  -2.7498E+01  -2.7503E+01   1.6957E+01   1.6962E+01   8.6623E-01
  -4.0303E+01  -3.5518E+00  -3.5622E+00   3.2817E+01   3.2706E+01  -2.0223E+01
  -2.0222E+01  -3.8925E+00  -3.8940E+00  -2.0129E+01  -2.0132E+01   1.6672E+01
   1.6673E+01   3.2632E+01   1.6313E+01   1.6313E+01   1.6362E+01   1.6365E+01
   1.6362E+01   1.6364E+01  -8.1682E+01   6.4821E+01  -4.1269E-01  -3.4119E-01
   2.0344E+02  -1.6309E+02   2.0193E+01  -1.6578E+01  -1.6289E+02   1.3005E+02
  -1.6284E+02   1.3012E+02   1.0173E+02  -8.1499E+01   2.0346E+01  -1.6463E+01
   1.0165E+02  -8.1555E+01  -8.1607E+01   6.4897E+01  -1.6275E+02   1.3012E+02
  -8.1376E+01   6.5064E+01  -8.1416E+01   6.5060E+01  -8.1416E+01   6.5060E+01
  -7.5392E-02  -6.4492E-02   3.7746E-02
  > Energy =  -3.833475794104E+02 +/-   6.662538118833E-05
  > varE =   2.219896847621E-03

VMC #2:
* Size of Hilbert space =   6.3504E+04
* Deterministic energy evaluation:
  > Deterministic Etot/t = -383.34757260995207
    - Ttot/t = -23.366098478544515
    - Utot/t = 9.5328715457627258
* Number of equil. steps   = 1000
* Running VMC equilibration.
  Done. [total walltime: 0.02s]
* Equil. acc.ratio (%)     =  27.6186
* Sample config after equilibration:
  +---------+
  |  d   u  |
  |0   u   d|
  |2   u   d|
  |  d   u  |
  +---------+
* Number of accum. steps   = 1000192 x 10
* Running VMC accumulation.
  Done. [total walltime: 52.6s]
* Acceptance ratio (%)     =  27.5729
* Etot/t                   =  -3.833475483335E+02 +/-   4.666076355912E-05
  > Ttot/t                 =  -2.336574345920E+01 +/-   3.700112441052E-04
  > Utot/t                 =   9.532540802902E+00 +/-   3.677011136556E-04
* var[Eloc/t]              =   2.189809801323E-03 +/-   2.612638975527E-05
* Correlation length       =   9.944447605270E-01
* log10 Psi^2 range: -14.601953688358257 -- -7.9282560053036661
* log10 Pgen range : -14.601953688358257 -- -7.9282560053036661
* Site occupation (ave. no. electrons per config.):
  > Site_  ___eu____  ___ed____
      1        0.497      0.498
      2        0.501      0.501
      3        0.499      0.501
      4        0.497      0.497
      5        0.500      0.501
      6        0.500      0.498
      7        0.501      0.503
      8        0.499      0.501
      9        0.501      0.501
     10        0.502      0.501
* Pair-correlation analysis (ave. no. pairs per config.):
  > Shell  nsite  ___dh____  __eueu___  __eued___
      0      1        0          0          1.754
      1      1        0.844      0.719      2.473
      2      1        0.291      0.650      1.106
      3      1        0.161      0.299      0.553
      4      1        0.563      1.344      2.164
      5      1        0.121      1.025      0.966
      6      1        0.150      0.849      1.098
      7      1        0.305      1.801      2.116
      8      1        0.250      2.097      1.907
      9      1        0.250      2.118      1.907
     10      1        0.229      2.156      1.888
     11      1        0.116      0.980      1.022
     12      1        0.238      2.055      1.954
     13      1        0.062      0.481      0.518
     14      1        0.185      1.440      1.553
     15      1        0.122      1.031      0.975
     16      1        0.125      0.956      1.045

Optimization #2:
* Method          : lls
* Target function : energy
* No. of configs. : 500096
* No. of params.  : 57
* Before optimization:
  -2.7513E+01  -2.7498E+01  -2.7503E+01   1.6957E+01   1.6962E+01   8.6623E-01
  -4.0303E+01  -3.5518E+00  -3.5622E+00   3.2817E+01   3.2706E+01  -2.0223E+01
  -2.0222E+01  -3.8925E+00  -3.8940E+00  -2.0129E+01  -2.0132E+01   1.6672E+01
   1.6673E+01   3.2632E+01   1.6313E+01   1.6313E+01   1.6362E+01   1.6365E+01
   1.6362E+01   1.6364E+01  -8.1682E+01   6.4821E+01  -4.1269E-01  -3.4119E-01
   2.0344E+02  -1.6309E+02   2.0193E+01  -1.6578E+01  -1.6289E+02   1.3005E+02
  -1.6284E+02   1.3012E+02   1.0173E+02  -8.1499E+01   2.0346E+01  -1.6463E+01
   1.0165E+02  -8.1555E+01  -8.1607E+01   6.4897E+01  -1.6275E+02   1.3012E+02
  -8.1376E+01   6.5064E+01  -8.1416E+01   6.5060E+01  -8.1416E+01   6.5060E+01
  -7.5392E-02  -6.4492E-02   3.7746E-02
  > E    =  -3.833475608563E+02 +/-   6.593665957542E-05
  > varE =   2.174238911718E-03
* Computing derivatives.
    [walltime: 1m elapsed, 11m48s remaining]
  Done. [total walltime: 12m20s]
* Optimizing manipulation constant:
  #igrid a___________ E____________________________________ varE____________
     1     Infinity    -3.83347561E+02 +/-   6.59366596E-05   2.17423891E-03
     2     1.0000E+06  -3.83347561E+02 +/-   6.59366595E-05   2.17423891E-03
     3     2.1544E+05  -3.83347561E+02 +/-   6.59366592E-05   2.17423889E-03
     4     4.6416E+04  -3.83347561E+02 +/-   6.59366580E-05   2.17423881E-03
     5     1.0000E+04  -3.83347561E+02 +/-   6.59366523E-05   2.17423843E-03
     6     2.1544E+03  -3.83347561E+02 +/-   6.59366257E-05   2.17423668E-03
     7     4.6416E+02  -3.83347561E+02 +/-   6.59365026E-05   2.17422856E-03
     8     1.0000E+02  -3.83347561E+02 +/-   6.59359378E-05   2.17419131E-03
     9     2.1544E+01  -3.83347561E+02 +/-   6.59334451E-05   2.17402692E-03
    10     4.6416E+00  -3.83347561E+02 +/-   6.59240705E-05   2.17340875E-03
    11     1.0000E+00  -3.83347561E+02 +/-   6.59024526E-05   2.17198357E-03
    12     2.1544E-01  -3.83347562E+02 +/-   6.58825824E-05   2.17067402E-03
    13     4.6416E-02  -3.83347562E+02 +/-   6.58754026E-05   2.17020093E-03
    14     1.0000E-02  -3.83347562E+02 +/-   6.58743926E-05   2.17013438E-03
    15     2.1544E-03  -3.83347562E+02 +/-   6.58777921E-05   2.17035838E-03
    16     4.6416E-04  -3.83347561E+02 +/-   6.58932399E-05   2.17137636E-03
    17     1.0000E-04  -3.83347557E+02 +/-   6.59543983E-05   2.17540893E-03
    18     2.1544E-05  -3.83347548E+02 +/-   6.60954492E-05   2.18472359E-03
    19     4.6416E-06  -3.83347545E+02 +/-   6.61347326E-05   2.18732131E-03
    20     1.0000E-06  -3.83347545E+02 +/-   6.61449307E-05   2.18799595E-03
    21     0.0000E+00  -3.83347544E+02 +/-   6.61478610E-05   2.18818981E-03
* Iteration # 1: E =  -3.833475620941E+02 +/-   6.587540258306E-05
* Convergence: exiting.
* After optimization:
  -2.7522E+01  -2.7509E+01  -2.7513E+01   1.6961E+01   1.6964E+01   8.6698E-01
  -4.0303E+01  -3.5512E+00  -3.5609E+00   3.2822E+01   3.2713E+01  -2.0224E+01
  -2.0223E+01  -3.8898E+00  -3.8908E+00  -2.0131E+01  -2.0134E+01   1.6676E+01
   1.6676E+01   3.2640E+01   1.6317E+01   1.6318E+01   1.6365E+01   1.6367E+01
   1.6365E+01   1.6367E+01  -8.1700E+01   6.4834E+01  -4.1612E-01  -3.3936E-01
   2.0345E+02  -1.6310E+02   2.0184E+01  -1.6569E+01  -1.6292E+02   1.3008E+02
  -1.6287E+02   1.3015E+02   1.0173E+02  -8.1503E+01   2.0336E+01  -1.6456E+01
   1.0166E+02  -8.1557E+01  -8.1623E+01   6.4910E+01  -1.6278E+02   1.3014E+02
  -8.1390E+01   6.5074E+01  -8.1430E+01   6.5071E+01  -8.1430E+01   6.5071E+01
  -7.6389E-02  -6.4791E-02   3.8131E-02
  > Energy =  -3.833475620941E+02 +/-   6.587540258306E-05
  > varE =   2.170200931332E-03

VMC #3:
* Size of Hilbert space =   6.3504E+04
* Deterministic energy evaluation:
  > Deterministic Etot/t = -383.34757191909694
    - Ttot/t = -23.366026417318182
    - Utot/t = 9.5328001753916620
* Number of equil. steps   = 1000
* Running VMC equilibration.
  Done. [total walltime: 0.02s]
* Equil. acc.ratio (%)     =  27.6270
* Sample config after equilibration:
  +---------+
  |  d   d  |
  |u   u   u|
  |d   0   2|
  |  u   d  |
  +---------+
* Number of accum. steps   = 1000192 x 10
* Running VMC accumulation.
  Done. [total walltime: 53.4s]
* Acceptance ratio (%)     =  27.5919
* Etot/t                   =  -3.833475726976E+02 +/-   4.661673794992E-05
  > Ttot/t                 =  -2.336606793471E+01 +/-   3.650692349428E-04
  > Utot/t                 =   9.532840914212E+00 +/-   3.633191454666E-04
* var[Eloc/t]              =   2.210555097178E-03 +/-   1.753203930753E-05
* Correlation length       =   9.832541604393E-01
* log10 Psi^2 range: -14.515145409795908 -- -7.9260744158326455
* log10 Pgen range : -14.515145409795908 -- -7.9260744158326455
* Site occupation (ave. no. electrons per config.):
  > Site_  ___eu____  ___ed____
      1        0.497      0.497
      2        0.501      0.502
      3        0.500      0.499
      4        0.497      0.496
      5        0.500      0.500
      6        0.500      0.500
      7        0.502      0.501
      8        0.500      0.501
      9        0.501      0.502
     10        0.502      0.501
* Pair-correlation analysis (ave. no. pairs per config.):
  > Shell  nsite  ___dh____  __eueu___  __eued___
      0      1        0          0          1.757
      1      1        0.845      0.720      2.474
      2      1        0.291      0.649      1.106
      3      1        0.163      0.296      0.552
      4      1        0.564      1.342      2.162
      5      1        0.121      1.026      0.967
      6      1        0.151      0.847      1.100
      7      1        0.307      1.797      2.116
      8      1        0.250      2.100      1.905
      9      1        0.250      2.119      1.904
     10      1        0.229      2.158      1.887
     11      1        0.117      0.979      1.024
     12      1        0.238      2.058      1.954
     13      1        0.062      0.480      0.517
     14      1        0.186      1.442      1.553
     15      1        0.123      1.032      0.975
     16      1        0.126      0.955      1.046

Optimization #3:
* Method          : lls
* Target function : energy
* No. of configs. : 500096
* No. of params.  : 57
* Before optimization:
  -2.7522E+01  -2.7509E+01  -2.7513E+01   1.6961E+01   1.6964E+01   8.6698E-01
  -4.0303E+01  -3.5512E+00  -3.5609E+00   3.2822E+01   3.2713E+01  -2.0224E+01
  -2.0223E+01  -3.8898E+00  -3.8908E+00  -2.0131E+01  -2.0134E+01   1.6676E+01
   1.6676E+01   3.2640E+01   1.6317E+01   1.6318E+01   1.6365E+01   1.6367E+01
   1.6365E+01   1.6367E+01  -8.1700E+01   6.4834E+01  -4.1612E-01  -3.3936E-01
   2.0345E+02  -1.6310E+02   2.0184E+01  -1.6569E+01  -1.6292E+02   1.3008E+02
  -1.6287E+02   1.3015E+02   1.0173E+02  -8.1503E+01   2.0336E+01  -1.6456E+01
   1.0166E+02  -8.1557E+01  -8.1623E+01   6.4910E+01  -1.6278E+02   1.3014E+02
  -8.1390E+01   6.5074E+01  -8.1430E+01   6.5071E+01  -8.1430E+01   6.5071E+01
  -7.6389E-02  -6.4791E-02   3.8131E-02
  > E    =  -3.833475549974E+02 +/-   6.646281909983E-05
  > varE =   2.209077222755E-03
* Computing derivatives.
    [walltime: 1m elapsed, 11m42s remaining]
  Done. [total walltime: 12m37s]
* Optimizing manipulation constant:
  #igrid a___________ E____________________________________ varE____________
     1     Infinity    -3.83347555E+02 +/-   6.64628191E-05   2.20907722E-03
     2     1.0000E+06  -3.83347555E+02 +/-   6.64628191E-05   2.20907722E-03
     3     2.1544E+05  -3.83347555E+02 +/-   6.64628190E-05   2.20907721E-03
     4     4.6416E+04  -3.83347555E+02 +/-   6.64628185E-05   2.20907718E-03
     5     1.0000E+04  -3.83347555E+02 +/-   6.64628164E-05   2.20907705E-03
     6     2.1544E+03  -3.83347555E+02 +/-   6.64628068E-05   2.20907640E-03
     7     4.6416E+02  -3.83347555E+02 +/-   6.64627619E-05   2.20907342E-03
     8     1.0000E+02  -3.83347555E+02 +/-   6.64625552E-05   2.20905968E-03
     9     2.1544E+01  -3.83347555E+02 +/-   6.64616222E-05   2.20899766E-03
    10     4.6416E+00  -3.83347555E+02 +/-   6.64576959E-05   2.20873667E-03
    11     1.0000E+00  -3.83347555E+02 +/-   6.64416994E-05   2.20767350E-03
    12     2.1544E-01  -3.83347554E+02 +/-   6.63717967E-05   2.20303060E-03
    13     4.6416E-02  -3.83347505E+02 +/-   6.63908252E-05   2.20429398E-03
    14     1.0000E-02  -3.83346920E+02 +/-   6.98246493E-05   2.43820887E-03
    15     2.1544E-03  -3.83344494E+02 +/-   8.47836410E-05   3.59482297E-03
    16     4.6416E-04  -3.83342060E+02 +/-   9.80018992E-05   4.80310815E-03
    17     1.0000E-04  -3.83341204E+02 +/-   1.02291506E-04   5.23278060E-03
    18     2.1544E-05  -3.83340996E+02 +/-   1.03304364E-04   5.33692033E-03
    19     4.6416E-06  -3.83340951E+02 +/-   1.03526938E-04   5.35994238E-03
    20     1.0000E-06  -3.83340941E+02 +/-   1.03575094E-04   5.36492988E-03
    21     0.0000E+00  -3.83340938E+02 +/-   1.03588331E-04   5.36630126E-03
* Iteration # 1: E =  -3.833475554888E+02 +/-   6.644169942048E-05
* Convergence: exiting.
* After optimization:
  -2.7059E+01  -2.7045E+01  -2.7050E+01   1.6724E+01   1.6728E+01   8.6660E-01
  -3.9821E+01  -3.5461E+00  -3.5560E+00   3.2349E+01   3.2238E+01  -1.9982E+01
  -1.9981E+01  -3.8859E+00  -3.8870E+00  -1.9888E+01  -1.9892E+01   1.6439E+01
   1.6439E+01   3.2163E+01   1.6079E+01   1.6079E+01   1.6128E+01   1.6129E+01
   1.6128E+01   1.6130E+01  -8.0513E+01   6.3883E+01  -4.1577E-01  -3.3988E-01
   2.0104E+02  -1.6117E+02   2.0164E+01  -1.6554E+01  -1.6054E+02   1.2818E+02
  -1.6050E+02   1.2825E+02   1.0052E+02  -8.0537E+01   2.0317E+01  -1.6440E+01
   1.0045E+02  -8.0593E+01  -8.0435E+01   6.3961E+01  -1.6040E+02   1.2824E+02
  -8.0203E+01   6.4125E+01  -8.0243E+01   6.4121E+01  -8.0243E+01   6.4121E+01
  -7.5948E-02  -6.4807E-02   3.8218E-02
  > Energy =  -3.833475554888E+02 +/-   6.644169942048E-05
  > varE =   2.207673502885E-03

VMC #4:
* Size of Hilbert space =   6.3504E+04
* Deterministic energy evaluation:
  > Deterministic Etot/t = -383.34757237400117
    - Ttot/t = -23.366012011037544
    - Utot/t = 9.5327853142066754
* Number of equil. steps   = 1000
* Running VMC equilibration.
  Done. [total walltime: 0.02s]
* Equil. acc.ratio (%)     =  27.6122
* Sample config after equilibration:
  +---------+
  |  u   d  |
  |d   d   0|
  |u   u   2|
  |  d   u  |
  +---------+
* Number of accum. steps   = 1000192 x 10
* Running VMC accumulation.
  Done. [total walltime: 53.4s]
* Acceptance ratio (%)     =  27.5876
* Etot/t                   =  -3.833475566790E+02 +/-   4.817347777019E-05
  > Ttot/t                 =  -2.336657443324E+01 +/-   3.663590052005E-04
  > Utot/t                 =   9.533363431439E+00 +/-   3.627724253327E-04
* var[Eloc/t]              =   2.323967903936E-03 +/-   6.053728882267E-05
* Correlation length       =   9.987786526073E-01
* log10 Psi^2 range: -15.383076795438019 -- -7.9338732211628153
* log10 Pgen range : -15.383076795438019 -- -7.9338732211628153
* Site occupation (ave. no. electrons per config.):
  > Site_  ___eu____  ___ed____
      1        0.497      0.497
      2        0.502      0.501
      3        0.501      0.499
      4        0.498      0.498
      5        0.499      0.500
      6        0.500      0.500
      7        0.501      0.501
      8        0.498      0.501
      9        0.501      0.502
     10        0.502      0.500
* Pair-correlation analysis (ave. no. pairs per config.):
  > Shell  nsite  ___dh____  __eueu___  __eued___
      0      1        0          0          1.757
      1      1        0.844      0.718      2.473
      2      1        0.291      0.649      1.106
      3      1        0.163      0.297      0.553
      4      1        0.564      1.346      2.162
      5      1        0.121      1.024      0.967
      6      1        0.152      0.848      1.097
      7      1        0.305      1.800      2.118
      8      1        0.250      2.099      1.909
      9      1        0.251      2.120      1.907
     10      1        0.230      2.157      1.887
     11      1        0.117      0.979      1.022
     12      1        0.238      2.057      1.953
     13      1        0.062      0.480      0.517
     14      1        0.187      1.441      1.551
     15      1        0.122      1.032      0.975
     16      1        0.125      0.955      1.046

Optimization #4:
* Method          : lls
* Target function : energy
* No. of configs. : 500096
* No. of params.  : 57
* Before optimization:
  -2.7059E+01  -2.7045E+01  -2.7050E+01   1.6724E+01   1.6728E+01   8.6660E-01
  -3.9821E+01  -3.5461E+00  -3.5560E+00   3.2349E+01   3.2238E+01  -1.9982E+01
  -1.9981E+01  -3.8859E+00  -3.8870E+00  -1.9888E+01  -1.9892E+01   1.6439E+01
   1.6439E+01   3.2163E+01   1.6079E+01   1.6079E+01   1.6128E+01   1.6129E+01
   1.6128E+01   1.6130E+01  -8.0513E+01   6.3883E+01  -4.1577E-01  -3.3988E-01
   2.0104E+02  -1.6117E+02   2.0164E+01  -1.6554E+01  -1.6054E+02   1.2818E+02
  -1.6050E+02   1.2825E+02   1.0052E+02  -8.0537E+01   2.0317E+01  -1.6440E+01
   1.0045E+02  -8.0593E+01  -8.0435E+01   6.3961E+01  -1.6040E+02   1.2824E+02
  -8.0203E+01   6.4125E+01  -8.0243E+01   6.4121E+01  -8.0243E+01   6.4121E+01
  -7.5948E-02  -6.4807E-02   3.8218E-02
  > E    =  -3.833475804695E+02 +/-   6.845633500818E-05
  > varE =   2.343584783277E-03
* Computing derivatives.
    [walltime: 1m elapsed, 12m34s remaining]
  Done. [total walltime: 12m45s]
* Optimizing manipulation constant:
  #igrid a___________ E____________________________________ varE____________
     1     Infinity    -3.83347580E+02 +/-   6.84563350E-05   2.34358478E-03
     2     1.0000E+06  -3.83347580E+02 +/-   6.84563350E-05   2.34358479E-03
     3     2.1544E+05  -3.83347580E+02 +/-   6.84563351E-05   2.34358479E-03
     4     4.6416E+04  -3.83347580E+02 +/-   6.84563356E-05   2.34358483E-03
     5     1.0000E+04  -3.83347580E+02 +/-   6.84563379E-05   2.34358498E-03
     6     2.1544E+03  -3.83347580E+02 +/-   6.84563484E-05   2.34358570E-03
     7     4.6416E+02  -3.83347580E+02 +/-   6.84563972E-05   2.34358904E-03
     8     1.0000E+02  -3.83347581E+02 +/-   6.84566223E-05   2.34360445E-03
     9     2.1544E+01  -3.83347581E+02 +/-   6.84576343E-05   2.34367375E-03
    10     4.6416E+00  -3.83347581E+02 +/-   6.84616126E-05   2.34394615E-03
    11     1.0000E+00  -3.83347583E+02 +/-   6.84695827E-05   2.34449193E-03
    12     2.1544E-01  -3.83347584E+02 +/-   6.84681661E-05   2.34439492E-03
    13     4.6416E-02  -3.83347583E+02 +/-   6.84654289E-05   2.34420748E-03
    14     1.0000E-02  -3.83347584E+02 +/-   6.84860356E-05   2.34561881E-03
    15     2.1544E-03  -3.83347585E+02 +/-   6.86008788E-05   2.35349207E-03
    16     4.6416E-04  -3.83347575E+02 +/-   6.96043037E-05   2.42284465E-03
    17     1.0000E-04  -3.83347516E+02 +/-   7.15360613E-05   2.55919530E-03
    18     2.1544E-05  -3.83347453E+02 +/-   7.30196028E-05   2.66644305E-03
    19     4.6416E-06  -3.83347430E+02 +/-   7.35187084E-05   2.70301913E-03
    20     1.0000E-06  -3.83347424E+02 +/-   7.36391413E-05   2.71188215E-03
    21     0.0000E+00  -3.83347422E+02 +/-   7.36731079E-05   2.71438447E-03
  ParMin   4.2938E-03  -3.83347584E+02 +/-   6.85256919E-05   2.34833602E-03
  # Using grid point #15
* Iteration # 1: E =  -3.833475845682E+02 +/-   6.860087884557E-05
* Convergence: exiting.
* After optimization:
  -2.8064E+01  -2.8049E+01  -2.8054E+01   1.6532E+01   1.6536E+01   8.7729E-01
  -3.8068E+01  -2.8667E+00  -2.8766E+00   3.1953E+01   3.1848E+01  -1.9103E+01
  -1.9102E+01  -3.2062E+00  -3.2076E+00  -1.9009E+01  -1.9013E+01   1.6249E+01
   1.6250E+01   3.1768E+01   1.5881E+01   1.5881E+01   1.5931E+01   1.5933E+01
   1.5931E+01   1.5932E+01  -7.9508E+01   6.3076E+01  -4.1145E-01  -3.5360E-01
   1.9230E+02  -1.5419E+02   1.6795E+01  -1.3863E+01  -1.5855E+02   1.2658E+02
  -1.5850E+02   1.2664E+02   9.6158E+01  -7.7050E+01   1.6947E+01  -1.3750E+01
   9.6081E+01  -7.7106E+01  -7.9436E+01   6.3149E+01  -1.5841E+02   1.2664E+02
  -7.9205E+01   6.3325E+01  -7.9246E+01   6.3321E+01  -7.9246E+01   6.3321E+01
  -7.5064E-02  -6.4236E-02   3.4858E-02
  > Energy =  -3.833475845682E+02 +/-   6.860087884557E-05
  > varE =   2.353492072928E-03

VMC #5:
* Size of Hilbert space =   6.3504E+04
* Deterministic energy evaluation:
  > Deterministic Etot/t = -383.34757001184181
    - Ttot/t = -23.366084459042511
    - Utot/t = 9.5328601243708455
* Number of equil. steps   = 1000
* Running VMC equilibration.
  Done. [total walltime: 0.02s]
* Equil. acc.ratio (%)     =  27.6998
* Sample config after equilibration:
  +---------+
  |  u   u  |
  |d   2   d|
  |u   0   u|
  |  d   d  |
  +---------+
* Number of accum. steps   = 1000192 x 10
* Running VMC accumulation.
  Done. [total walltime: 53.5s]
* Acceptance ratio (%)     =  27.5728
* Etot/t                   =  -3.833475697128E+02 +/-   4.738919453620E-05
  > Ttot/t                 =  -2.336581211285E+01 +/-   3.708392990200E-04
  > Utot/t                 =   9.532588077158E+00 +/-   3.684004403237E-04
* var[Eloc/t]              =   2.238549132467E-03 +/-   1.818340167104E-05
* Correlation length       =   1.003403011119E+00
* log10 Psi^2 range: -15.270227515682352 -- -8.0578073625328255
* log10 Pgen range : -15.270227515682352 -- -8.0578073625328255
* Site occupation (ave. no. electrons per config.):
  > Site_  ___eu____  ___ed____
      1        0.497      0.497
      2        0.501      0.501
      3        0.500      0.501
      4        0.498      0.496
      5        0.500      0.500
      6        0.500      0.501
      7        0.501      0.500
      8        0.499      0.500
      9        0.502      0.500
     10        0.502      0.503
* Pair-correlation analysis (ave. no. pairs per config.):
  > Shell  nsite  ___dh____  __eueu___  __eued___
      0      1        0          0          1.755
      1      1        0.842      0.720      2.476
      2      1        0.291      0.649      1.106
      3      1        0.162      0.297      0.552
      4      1        0.562      1.342      2.165
      5      1        0.122      1.026      0.966
      6      1        0.150      0.849      1.099
      7      1        0.305      1.799      2.116
      8      1        0.250      2.099      1.904
      9      1        0.252      2.116      1.904
     10      1        0.229      2.157      1.888
     11      1        0.116      0.980      1.024
     12      1        0.238      2.057      1.954
     13      1        0.062      0.480      0.518
     14      1        0.185      1.441      1.555
     15      1        0.123      1.033      0.973
     16      1        0.126      0.954      1.046

Optimization #5:
* Method          : lls
* Target function : energy
* No. of configs. : 500096
* No. of params.  : 57
* Before optimization:
  -2.8064E+01  -2.8049E+01  -2.8054E+01   1.6532E+01   1.6536E+01   8.7729E-01
  -3.8068E+01  -2.8667E+00  -2.8766E+00   3.1953E+01   3.1848E+01  -1.9103E+01
  -1.9102E+01  -3.2062E+00  -3.2076E+00  -1.9009E+01  -1.9013E+01   1.6249E+01
   1.6250E+01   3.1768E+01   1.5881E+01   1.5881E+01   1.5931E+01   1.5933E+01
   1.5931E+01   1.5932E+01  -7.9508E+01   6.3076E+01  -4.1145E-01  -3.5360E-01
   1.9230E+02  -1.5419E+02   1.6795E+01  -1.3863E+01  -1.5855E+02   1.2658E+02
  -1.5850E+02   1.2664E+02   9.6158E+01  -7.7050E+01   1.6947E+01  -1.3750E+01
   9.6081E+01  -7.7106E+01  -7.9436E+01   6.3149E+01  -1.5841E+02   1.2664E+02
  -7.9205E+01   6.3325E+01  -7.9246E+01   6.3321E+01  -7.9246E+01   6.3321E+01
  -7.5064E-02  -6.4236E-02   3.4858E-02
  > E    =  -3.833475302737E+02 +/-   6.682138253427E-05
  > varE =   2.232977231223E-03
* Computing derivatives.
    [walltime: 1m elapsed, 12m23s remaining]
  Done. [total walltime: 12m32s]
* Optimizing manipulation constant:
  #igrid a___________ E____________________________________ varE____________
     1     Infinity    -3.83347530E+02 +/-   6.68213825E-05   2.23297723E-03
     2     1.0000E+06  -3.83347530E+02 +/-   6.68213823E-05   2.23297721E-03
     3     2.1544E+05  -3.83347530E+02 +/-   6.68213813E-05   2.23297715E-03
     4     4.6416E+04  -3.83347530E+02 +/-   6.68213769E-05   2.23297686E-03
     5     1.0000E+04  -3.83347530E+02 +/-   6.68213565E-05   2.23297549E-03
     6     2.1544E+03  -3.83347530E+02 +/-   6.68212617E-05   2.23296916E-03
     7     4.6416E+02  -3.83347530E+02 +/-   6.68208228E-05   2.23293982E-03
     8     1.0000E+02  -3.83347530E+02 +/-   6.68188077E-05   2.23280515E-03
     9     2.1544E+01  -3.83347530E+02 +/-   6.68099087E-05   2.23221046E-03
    10     4.6416E+00  -3.83347531E+02 +/-   6.67763256E-05   2.22996690E-03
    11     1.0000E+00  -3.83347532E+02 +/-   6.66973316E-05   2.22469408E-03
    12     2.1544E-01  -3.83347532E+02 +/-   6.66090439E-05   2.21880829E-03
    13     4.6416E-02  -3.83347531E+02 +/-   6.64835327E-05   2.21045439E-03
    14     1.0000E-02  -3.83347514E+02 +/-   6.61218597E-05   2.18646989E-03
    15     2.1544E-03  -3.83347239E+02 +/-   6.65450658E-05   2.21454800E-03
    16     4.6416E-04  -3.83345708E+02 +/-   7.51851937E-05   2.82694934E-03
    17     1.0000E-04  -3.83344181E+02 +/-   8.40386019E-05   3.53192131E-03
    18     2.1544E-05  -3.83343673E+02 +/-   8.68636462E-05   3.77337086E-03
    19     4.6416E-06  -3.83343552E+02 +/-   8.75246790E-05   3.83102013E-03
    20     1.0000E-06  -3.83343525E+02 +/-   8.76696158E-05   3.84371862E-03
    21     0.0000E+00  -3.83343518E+02 +/-   8.77095826E-05   3.84722397E-03
* Iteration # 1: E =  -3.833475323312E+02 +/-   6.660904387897E-05
* Convergence: exiting.
* After optimization:
  -2.6570E+01  -2.6557E+01  -2.6561E+01   1.6349E+01   1.6353E+01   8.6628E-01
  -3.8813E+01  -3.4161E+00  -3.4260E+00   3.1600E+01   3.1491E+01  -1.9478E+01
  -1.9477E+01  -3.7554E+00  -3.7566E+00  -1.9384E+01  -1.9388E+01   1.6065E+01
   1.6066E+01   3.1416E+01   1.5705E+01   1.5705E+01   1.5753E+01   1.5755E+01
   1.5754E+01   1.5755E+01  -7.8638E+01   6.2386E+01  -4.1247E-01  -3.4204E-01
   1.9599E+02  -1.5714E+02   1.9513E+01  -1.6033E+01  -1.5680E+02   1.2518E+02
  -1.5675E+02   1.2525E+02   9.8003E+01  -7.8521E+01   1.9666E+01  -1.5920E+01
   9.7928E+01  -7.8576E+01  -7.8563E+01   6.2461E+01  -1.5666E+02   1.2525E+02
  -7.8332E+01   6.2628E+01  -7.8373E+01   6.2625E+01  -7.8372E+01   6.2624E+01
  -7.6433E-02  -6.4606E-02   3.6735E-02
  > Energy =  -3.833475323312E+02 +/-   6.660904387897E-05
  > varE =   2.218808292649E-03

VMC #6:
* Size of Hilbert space =   6.3504E+04
* Deterministic energy evaluation:
  > Deterministic Etot/t = -383.34757215820093
    - Ttot/t = -23.366298606729679
    - Utot/t = 9.5330721256990092
* Number of equil. steps   = 1000
* Running VMC equilibration.
  Done. [total walltime: 0.02s]
* Equil. acc.ratio (%)     =  27.6062
* Sample config after equilibration:
  +---------+
  |  d   u  |
  |u   0   2|
  |0   2   d|
  |  2   0  |
  +---------+
* Number of accum. steps   = 1000192 x 10
* Running VMC accumulation.
  Done. [total walltime: 53.5s]
* Acceptance ratio (%)     =  27.5982
* Etot/t                   =  -3.833476065941E+02 +/-   4.772766646880E-05
  > Ttot/t                 =  -2.336644022613E+01 +/-   3.704908997316E-04
  > Utot/t                 =   9.533179309237E+00 +/-   3.677454773752E-04
* var[Eloc/t]              =   2.322360977577E-03 +/-   6.515536914684E-05
* Correlation length       =   9.810565761065E-01
* log10 Psi^2 range: -14.809285576243468 -- -7.9362534988846445
* log10 Pgen range : -14.809285576243468 -- -7.9362534988846445
* Site occupation (ave. no. electrons per config.):
  > Site_  ___eu____  ___ed____
      1        0.498      0.499
      2        0.501      0.502
      3        0.500      0.500
      4        0.497      0.496
      5        0.500      0.500
      6        0.500      0.500
      7        0.501      0.501
      8        0.500      0.500
      9        0.502      0.501
     10        0.500      0.502
* Pair-correlation analysis (ave. no. pairs per config.):
  > Shell  nsite  ___dh____  __eueu___  __eued___
      0      1        0          0          1.754
      1      1        0.843      0.719      2.473
      2      1        0.291      0.649      1.105
      3      1        0.162      0.298      0.553
      4      1        0.562      1.345      2.166
      5      1        0.122      1.025      0.965
      6      1        0.151      0.848      1.097
      7      1        0.304      1.800      2.120
      8      1        0.249      2.101      1.907
      9      1        0.251      2.119      1.905
     10      1        0.228      2.156      1.888
     11      1        0.116      0.979      1.023
     12      1        0.239      2.056      1.951
     13      1        0.062      0.479      0.518
     14      1        0.184      1.439      1.556
     15      1        0.122      1.033      0.972
     16      1        0.125      0.954      1.046

Optimization #6:
* Method          : lls
* Target function : energy
* No. of configs. : 500096
* No. of params.  : 57
* Before optimization:
  -2.6570E+01  -2.6557E+01  -2.6561E+01   1.6349E+01   1.6353E+01   8.6628E-01
  -3.8813E+01  -3.4161E+00  -3.4260E+00   3.1600E+01   3.1491E+01  -1.9478E+01
  -1.9477E+01  -3.7554E+00  -3.7566E+00  -1.9384E+01  -1.9388E+01   1.6065E+01
   1.6066E+01   3.1416E+01   1.5705E+01   1.5705E+01   1.5753E+01   1.5755E+01
   1.5754E+01   1.5755E+01  -7.8638E+01   6.2386E+01  -4.1247E-01  -3.4204E-01
   1.9599E+02  -1.5714E+02   1.9513E+01  -1.6033E+01  -1.5680E+02   1.2518E+02
  -1.5675E+02   1.2525E+02   9.8003E+01  -7.8521E+01   1.9666E+01  -1.5920E+01
   9.7928E+01  -7.8576E+01  -7.8563E+01   6.2461E+01  -1.5666E+02   1.2525E+02
  -7.8332E+01   6.2628E+01  -7.8373E+01   6.2625E+01  -7.8372E+01   6.2624E+01
  -7.6433E-02  -6.4606E-02   3.6735E-02
  > E    =  -3.833476730576E+02 +/-   6.794363574179E-05
  > varE =   2.308611987320E-03
* Computing derivatives.
    [walltime: 1m elapsed, 12m4s remaining]
  Done. [total walltime: 12m32s]
* Optimizing manipulation constant:
  #igrid a___________ E____________________________________ varE____________
     1     Infinity    -3.83347673E+02 +/-   6.79436357E-05   2.30861199E-03
     2     1.0000E+06  -3.83347673E+02 +/-   6.79436357E-05   2.30861199E-03
     3     2.1544E+05  -3.83347673E+02 +/-   6.79436357E-05   2.30861199E-03
     4     4.6416E+04  -3.83347673E+02 +/-   6.79436357E-05   2.30861199E-03
     5     1.0000E+04  -3.83347673E+02 +/-   6.79436357E-05   2.30861198E-03
     6     2.1544E+03  -3.83347673E+02 +/-   6.79436353E-05   2.30861196E-03
     7     4.6416E+02  -3.83347673E+02 +/-   6.79436338E-05   2.30861186E-03
     8     1.0000E+02  -3.83347673E+02 +/-   6.79436260E-05   2.30861133E-03
     9     2.1544E+01  -3.83347673E+02 +/-   6.79435718E-05   2.30860764E-03
    10     4.6416E+00  -3.83347673E+02 +/-   6.79429819E-05   2.30856755E-03
    11     1.0000E+00  -3.83347673E+02 +/-   6.79369771E-05   2.30815951E-03
    12     2.1544E-01  -3.83347672E+02 +/-   6.79161827E-05   2.30674675E-03
    13     4.6416E-02  -3.83347671E+02 +/-   6.78986143E-05   2.30555349E-03
    14     1.0000E-02  -3.83347670E+02 +/-   6.78956780E-05   2.30535409E-03
    15     2.1544E-03  -3.83347668E+02 +/-   6.79233045E-05   2.30723055E-03
    16     4.6416E-04  -3.83347539E+02 +/-   6.97791711E-05   2.43503380E-03
    17     1.0000E-04  -3.83340746E+02 +/-   1.38876885E-04   9.64524610E-03
    18     2.1544E-05  -3.83346914E+02 +/-   7.89307919E-05   3.11563304E-03
    19     4.6416E-06  -3.83347097E+02 +/-   7.64295649E-05   2.92129998E-03
    20     1.0000E-06  -3.83347128E+02 +/-   7.59993244E-05   2.88850314E-03
    21     0.0000E+00  -3.83347136E+02 +/-   7.58866650E-05   2.87994580E-03
* Iteration # 1: E =  -3.833476731460E+02 +/-   6.794298186589E-05
* Convergence: exiting.
* After optimization:
  -2.6581E+01  -2.6568E+01  -2.6573E+01   1.6351E+01   1.6355E+01   8.6815E-01
  -3.8813E+01  -3.4149E+00  -3.4247E+00   3.1602E+01   3.1493E+01  -1.9477E+01
  -1.9476E+01  -3.7543E+00  -3.7555E+00  -1.9383E+01  -1.9387E+01   1.6067E+01
   1.6068E+01   3.1418E+01   1.5706E+01   1.5706E+01   1.5755E+01   1.5756E+01
   1.5755E+01   1.5756E+01  -7.8640E+01   6.2387E+01  -4.1188E-01  -3.4372E-01
   1.9600E+02  -1.5714E+02   1.9512E+01  -1.6033E+01  -1.5681E+02   1.2519E+02
  -1.5676E+02   1.2526E+02   9.8005E+01  -7.8523E+01   1.9665E+01  -1.5920E+01
   9.7929E+01  -7.8578E+01  -7.8566E+01   6.2462E+01  -1.5667E+02   1.2525E+02
  -7.8335E+01   6.2630E+01  -7.8375E+01   6.2627E+01  -7.8375E+01   6.2626E+01
  -7.6348E-02  -6.4494E-02   3.6297E-02
  > Energy =  -3.833476731460E+02 +/-   6.794298186589E-05
  > varE =   2.308567552298E-03

VMC #7:
* Size of Hilbert space =   6.3504E+04
* Deterministic energy evaluation:
  > Deterministic Etot/t = -383.34757200173306
    - Ttot/t = -23.366303964732239
    - Utot/t = 9.5330776401694166
* Number of equil. steps   = 1000
* Running VMC equilibration.
  Done. [total walltime: 0.02s]
* Equil. acc.ratio (%)     =  27.6285
* Sample config after equilibration:
  +---------+
  |  d   0  |
  |u   2   d|
  |u   2   d|
  |  0   u  |
  +---------+
* Number of accum. steps   = 1000192 x 10
* Running VMC accumulation.
  Done. [total walltime: 52.6s]
* Acceptance ratio (%)     =  27.5929
* Etot/t                   =  -3.833476051129E+02 +/-   4.716591518516E-05
  > Ttot/t                 =  -2.336620051143E+01 +/-   3.699327976253E-04
  > Utot/t                 =   9.532941075674E+00 +/-   3.672717031927E-04
* var[Eloc/t]              =   2.214838818253E-03 +/-   1.910285675093E-05
* Correlation length       =   1.004610658184E+00
* log10 Psi^2 range: -14.217419224873654 -- -7.9565904762475030
* log10 Pgen range : -14.217419224873654 -- -7.9565904762475030
* Site occupation (ave. no. electrons per config.):
  > Site_  ___eu____  ___ed____
      1        0.496      0.498
      2        0.500      0.502
      3        0.501      0.500
      4        0.497      0.497
      5        0.501      0.500
      6        0.501      0.501
      7        0.501      0.501
      8        0.501      0.500
      9        0.501      0.500
     10        0.502      0.502
* Pair-correlation analysis (ave. no. pairs per config.):
  > Shell  nsite  ___dh____  __eueu___  __eued___
      0      1        0          0          1.754
      1      1        0.843      0.720      2.476
      2      1        0.290      0.647      1.106
      3      1        0.163      0.297      0.552
      4      1        0.563      1.346      2.164
      5      1        0.121      1.026      0.969
      6      1        0.150      0.849      1.100
      7      1        0.304      1.799      2.115
      8      1        0.250      2.100      1.908
      9      1        0.251      2.115      1.904
     10      1        0.228      2.158      1.887
     11      1        0.116      0.981      1.025
     12      1        0.239      2.056      1.952
     13      1        0.062      0.480      0.517
     14      1        0.186      1.441      1.552
     15      1        0.122      1.031      0.973
     16      1        0.124      0.954      1.046

Optimization #7:
* Method          : lls
* Target function : energy
* No. of configs. : 500096
* No. of params.  : 57
* Before optimization:
  -2.6581E+01  -2.6568E+01  -2.6573E+01   1.6351E+01   1.6355E+01   8.6815E-01
  -3.8813E+01  -3.4149E+00  -3.4247E+00   3.1602E+01   3.1493E+01  -1.9477E+01
  -1.9476E+01  -3.7543E+00  -3.7555E+00  -1.9383E+01  -1.9387E+01   1.6067E+01
   1.6068E+01   3.1418E+01   1.5706E+01   1.5706E+01   1.5755E+01   1.5756E+01
   1.5755E+01   1.5756E+01  -7.8640E+01   6.2387E+01  -4.1188E-01  -3.4372E-01
   1.9600E+02  -1.5714E+02   1.9512E+01  -1.6033E+01  -1.5681E+02   1.2519E+02
  -1.5676E+02   1.2526E+02   9.8005E+01  -7.8523E+01   1.9665E+01  -1.5920E+01
   9.7929E+01  -7.8578E+01  -7.8566E+01   6.2462E+01  -1.5667E+02   1.2525E+02
  -7.8335E+01   6.2630E+01  -7.8375E+01   6.2627E+01  -7.8375E+01   6.2626E+01
  -7.6348E-02  -6.4494E-02   3.6297E-02
  > E    =  -3.833475741961E+02 +/-   6.608987746010E-05
  > varE =   2.184355267048E-03
* Computing derivatives.
    [walltime: 1m elapsed, 12m51s remaining]
  Done. [total walltime: 12m49s]
* Optimizing manipulation constant:
  #igrid a___________ E____________________________________ varE____________
     1     Infinity    -3.83347574E+02 +/-   6.60898775E-05   2.18435527E-03
     2     1.0000E+06  -3.83347574E+02 +/-   6.60898774E-05   2.18435526E-03
     3     2.1544E+05  -3.83347574E+02 +/-   6.60898772E-05   2.18435525E-03
     4     4.6416E+04  -3.83347574E+02 +/-   6.60898761E-05   2.18435518E-03
     5     1.0000E+04  -3.83347574E+02 +/-   6.60898711E-05   2.18435485E-03
     6     2.1544E+03  -3.83347574E+02 +/-   6.60898497E-05   2.18435343E-03
     7     4.6416E+02  -3.83347574E+02 +/-   6.60897873E-05   2.18434931E-03
     8     1.0000E+02  -3.83347574E+02 +/-   6.60903562E-05   2.18438691E-03
     9     2.1544E+01  -3.83347574E+02 +/-   6.61212856E-05   2.18643192E-03
    10     4.6416E+00  -3.83347529E+02 +/-   6.58887773E-05   2.17108226E-03
    11     1.0000E+00  -3.83347495E+02 +/-   6.58715620E-05   2.16994789E-03
    12     2.1544E-01  -3.83347319E+02 +/-   6.65656272E-05   2.21591674E-03
    13     4.6416E-02  -3.83347175E+02 +/-   6.72879621E-05   2.26426958E-03
    14     1.0000E-02  -3.83347201E+02 +/-   6.71887601E-05   2.25759812E-03
    15     2.1544E-03  -3.83347339E+02 +/-   6.66893029E-05   2.22415851E-03
    16     4.6416E-04  -3.83347414E+02 +/-   6.66381429E-05   2.22074735E-03
    17     1.0000E-04  -3.83347431E+02 +/-   6.67062006E-05   2.22528577E-03
    18     2.1544E-05  -3.83347434E+02 +/-   6.67295946E-05   2.22684687E-03
    19     4.6416E-06  -3.83347434E+02 +/-   6.67351365E-05   2.22721676E-03
    20     1.0000E-06  -3.83347435E+02 +/-   6.67363548E-05   2.22729809E-03
    21     0.0000E+00  -3.83347435E+02 +/-   6.67366909E-05   2.22732052E-03
* Iteration # 1: E =  -3.833475742083E+02 +/-   6.609035619137E-05
* Convergence: exiting.
* After optimization:
  -2.6540E+01  -2.6526E+01  -2.6531E+01   1.6320E+01   1.6324E+01   8.6811E-01
  -3.8732E+01  -3.4051E+00  -3.4149E+00   3.1541E+01   3.1432E+01  -1.9437E+01
  -1.9436E+01  -3.7445E+00  -3.7458E+00  -1.9343E+01  -1.9347E+01   1.6036E+01
   1.6037E+01   3.1357E+01   1.5675E+01   1.5676E+01   1.5724E+01   1.5726E+01
   1.5724E+01   1.5726E+01  -7.8488E+01   6.2265E+01  -4.1189E-01  -3.4369E-01
   1.9559E+02  -1.5682E+02   1.9463E+01  -1.5994E+01  -1.5650E+02   1.2494E+02
  -1.5645E+02   1.2501E+02   9.7804E+01  -7.8362E+01   1.9616E+01  -1.5881E+01
   9.7728E+01  -7.8418E+01  -7.8414E+01   6.2340E+01  -1.5636E+02   1.2501E+02
  -7.8183E+01   6.2508E+01  -7.8223E+01   6.2505E+01  -7.8223E+01   6.2504E+01
  -7.6349E-02  -6.4497E-02   3.6308E-02
  > Energy =  -3.833475742083E+02 +/-   6.609035619137E-05
  > varE =   2.184386912528E-03

VMC #8:
* Size of Hilbert space =   6.3504E+04
* Deterministic energy evaluation:
  > Deterministic Etot/t = -383.34757201394950
    - Ttot/t = -23.366299832457553
    - Utot/t = 9.5330734956783942
* Number of equil. steps   = 1000
* Running VMC equilibration.
  Done. [total walltime: 0.02s]
* Equil. acc.ratio (%)     =  27.5537
* Sample config after equilibration:
  +---------+
  |  0   2  |
  |2   2   0|
  |0   0   0|
  |  2   2  |
  +---------+
* Number of accum. steps   = 1000192 x 10
* Running VMC accumulation.
  Done. [total walltime: 53.9s]
* Acceptance ratio (%)     =  27.6030
* Etot/t                   =  -3.833476325992E+02 +/-   4.739236018107E-05
  > Ttot/t                 =  -2.336665140468E+01 +/-   3.709094464440E-04
  > Utot/t                 =   9.533364482756E+00 +/-   3.683244089976E-04
* var[Eloc/t]              =   2.212818013923E-03 +/-   1.935188296166E-05
* Correlation length       =   1.015206414749E+00
* log10 Psi^2 range: -15.059089014916291 -- -7.9561178437096780
* log10 Pgen range : -15.059089014916291 -- -7.9561178437096780
* Site occupation (ave. no. electrons per config.):
  > Site_  ___eu____  ___ed____
      1        0.497      0.497
      2        0.502      0.502
      3        0.501      0.499
      4        0.496      0.498
      5        0.500      0.499
      6        0.501      0.499
      7        0.500      0.502
      8        0.500      0.500
      9        0.502      0.502
     10        0.501      0.500
* Pair-correlation analysis (ave. no. pairs per config.):
  > Shell  nsite  ___dh____  __eueu___  __eued___
      0      1        0          0          1.758
      1      1        0.843      0.721      2.474
      2      1        0.293      0.648      1.105
      3      1        0.163      0.297      0.552
      4      1        0.564      1.344      2.163
      5      1        0.122      1.025      0.968
      6      1        0.151      0.848      1.098
      7      1        0.305      1.802      2.117
      8      1        0.252      2.097      1.906
      9      1        0.252      2.118      1.905
     10      1        0.230      2.156      1.888
     11      1        0.115      0.981      1.023
     12      1        0.241      2.054      1.952
     13      1        0.062      0.481      0.517
     14      1        0.186      1.441      1.554
     15      1        0.123      1.032      0.974
     16      1        0.126      0.955      1.046

Optimization #8:
* Method          : lls
* Target function : energy
* No. of configs. : 500096
* No. of params.  : 57
* Before optimization:
  -2.6540E+01  -2.6526E+01  -2.6531E+01   1.6320E+01   1.6324E+01   8.6811E-01
  -3.8732E+01  -3.4051E+00  -3.4149E+00   3.1541E+01   3.1432E+01  -1.9437E+01
  -1.9436E+01  -3.7445E+00  -3.7458E+00  -1.9343E+01  -1.9347E+01   1.6036E+01
   1.6037E+01   3.1357E+01   1.5675E+01   1.5676E+01   1.5724E+01   1.5726E+01
   1.5724E+01   1.5726E+01  -7.8488E+01   6.2265E+01  -4.1189E-01  -3.4369E-01
   1.9559E+02  -1.5682E+02   1.9463E+01  -1.5994E+01  -1.5650E+02   1.2494E+02
  -1.5645E+02   1.2501E+02   9.7804E+01  -7.8362E+01   1.9616E+01  -1.5881E+01
   9.7728E+01  -7.8418E+01  -7.8414E+01   6.2340E+01  -1.5636E+02   1.2501E+02
  -7.8183E+01   6.2508E+01  -7.8223E+01   6.2505E+01  -7.8223E+01   6.2504E+01
  -7.6349E-02  -6.4497E-02   3.6308E-02
  > E    =  -3.833475601725E+02 +/-   6.643149634405E-05
  > varE =   2.206995515051E-03
* Computing derivatives.
    [walltime: 1m elapsed, 12m33s remaining]
  Done. [total walltime: 12m43s]
* Optimizing manipulation constant:
  #igrid a___________ E____________________________________ varE____________
     1     Infinity    -3.83347560E+02 +/-   6.64314963E-05   2.20699552E-03
     2     1.0000E+06  -3.83347560E+02 +/-   6.64314963E-05   2.20699551E-03
     3     2.1544E+05  -3.83347560E+02 +/-   6.64314961E-05   2.20699550E-03
     4     4.6416E+04  -3.83347560E+02 +/-   6.64314951E-05   2.20699544E-03
     5     1.0000E+04  -3.83347560E+02 +/-   6.64314908E-05   2.20699515E-03
     6     2.1544E+03  -3.83347560E+02 +/-   6.64314706E-05   2.20699381E-03
     7     4.6416E+02  -3.83347560E+02 +/-   6.64313773E-05   2.20698761E-03
     8     1.0000E+02  -3.83347560E+02 +/-   6.64309507E-05   2.20695926E-03
     9     2.1544E+01  -3.83347560E+02 +/-   6.64291040E-05   2.20683656E-03
    10     4.6416E+00  -3.83347561E+02 +/-   6.64226982E-05   2.20641097E-03
    11     1.0000E+00  -3.83347561E+02 +/-   6.64114519E-05   2.20566388E-03
    12     2.1544E-01  -3.83347562E+02 +/-   6.64059351E-05   2.20529744E-03
    13     4.6416E-02  -3.83347562E+02 +/-   6.64045519E-05   2.20520557E-03
    14     1.0000E-02  -3.83347562E+02 +/-   6.64028259E-05   2.20509094E-03
    15     2.1544E-03  -3.83347562E+02 +/-   6.63965882E-05   2.20467668E-03
    16     4.6416E-04  -3.83347561E+02 +/-   6.63748277E-05   2.20323182E-03
    17     1.0000E-04  -3.83347559E+02 +/-   6.63529789E-05   2.20178157E-03
    18     2.1544E-05  -3.83347558E+02 +/-   6.63468900E-05   2.20137749E-03
    19     4.6416E-06  -3.83347557E+02 +/-   6.63455837E-05   2.20129080E-03
    20     1.0000E-06  -3.83347557E+02 +/-   6.63453038E-05   2.20127223E-03
    21     0.0000E+00  -3.83347557E+02 +/-   6.63452270E-05   2.20126714E-03
* Iteration # 1: E =  -3.833475622944E+02 +/-   6.640455188867E-05
* Convergence: exiting.
* After optimization:
  -2.6504E+01  -2.6490E+01  -2.6494E+01   1.6313E+01   1.6317E+01   8.6279E-01
  -3.8733E+01  -3.4083E+00  -3.4180E+00   3.1534E+01   3.1420E+01  -1.9439E+01
  -1.9439E+01  -3.7502E+00  -3.7515E+00  -1.9344E+01  -1.9347E+01   1.6027E+01
   1.6028E+01   3.1348E+01   1.5671E+01   1.5671E+01   1.5719E+01   1.5722E+01
   1.5721E+01   1.5722E+01  -7.8472E+01   6.2255E+01  -4.1238E-01  -3.4018E-01
   1.9558E+02  -1.5680E+02   1.9473E+01  -1.6002E+01  -1.5646E+02   1.2492E+02
  -1.5642E+02   1.2499E+02   9.7797E+01  -7.8353E+01   1.9627E+01  -1.5887E+01
   9.7721E+01  -7.8409E+01  -7.8395E+01   6.2331E+01  -1.5633E+02   1.2498E+02
  -7.8165E+01   6.2494E+01  -7.8205E+01   6.2490E+01  -7.8205E+01   6.2491E+01
  -7.5957E-02  -6.4035E-02   3.7661E-02
  > Energy =  -3.833475622944E+02 +/-   6.640455188867E-05
  > varE =   2.205205573961E-03

VMC #9:
* Size of Hilbert space =   6.3504E+04
* Deterministic energy evaluation:
  > Deterministic Etot/t = -383.34757249129893
    - Ttot/t = -23.365961537786699
    - Utot/t = 9.5327347236579882
* Number of equil. steps   = 1000
* Running VMC equilibration.
  Done. [total walltime: 0.02s]
* Equil. acc.ratio (%)     =  27.6327
* Sample config after equilibration:
  +---------+
  |  d   d  |
  |u   2   u|
  |d   0   0|
  |  u   2  |
  +---------+
* Number of accum. steps   = 1000192 x 10
* Running VMC accumulation.
  Done. [total walltime: 53.9s]
* Acceptance ratio (%)     =  27.5886
* Etot/t                   =  -3.833475827485E+02 +/-   4.748256348365E-05
  > Ttot/t                 =  -2.336629907074E+01 +/-   3.701360814859E-04
  > Utot/t                 =   9.533061999459E+00 +/-   3.668138500035E-04
* var[Eloc/t]              =   2.215288557037E-03 +/-   2.956923827607E-05
* Correlation length       =   1.017938141662E+00
* log10 Psi^2 range: -14.658292207622450 -- -7.9023094414417336
* log10 Pgen range : -14.658292207622450 -- -7.9023094414417336
* Site occupation (ave. no. electrons per config.):
  > Site_  ___eu____  ___ed____
      1        0.497      0.498
      2        0.501      0.501
      3        0.500      0.501
      4        0.498      0.497
      5        0.501      0.501
      6        0.499      0.500
      7        0.501      0.501
      8        0.500      0.500
      9        0.501      0.502
     10        0.502      0.500
* Pair-correlation analysis (ave. no. pairs per config.):
  > Shell  nsite  ___dh____  __eueu___  __eued___
      0      1        0          0          1.756
      1      1        0.845      0.719      2.472
      2      1        0.291      0.647      1.107
      3      1        0.162      0.298      0.553
      4      1        0.566      1.343      2.164
      5      1        0.122      1.026      0.966
      6      1        0.152      0.847      1.098
      7      1        0.305      1.799      2.118
      8      1        0.250      2.101      1.908
      9      1        0.250      2.121      1.907
     10      1        0.228      2.159      1.886
     11      1        0.116      0.980      1.023
     12      1        0.239      2.055      1.952
     13      1        0.062      0.481      0.518
     14      1        0.185      1.439      1.553
     15      1        0.122      1.031      0.973
     16      1        0.124      0.955      1.045

Optimization #9:
* Method          : lls
* Target function : energy
* No. of configs. : 500096
* No. of params.  : 57
* Before optimization:
  -2.6504E+01  -2.6490E+01  -2.6494E+01   1.6313E+01   1.6317E+01   8.6279E-01
  -3.8733E+01  -3.4083E+00  -3.4180E+00   3.1534E+01   3.1420E+01  -1.9439E+01
  -1.9439E+01  -3.7502E+00  -3.7515E+00  -1.9344E+01  -1.9347E+01   1.6027E+01
   1.6028E+01   3.1348E+01   1.5671E+01   1.5671E+01   1.5719E+01   1.5722E+01
   1.5721E+01   1.5722E+01  -7.8472E+01   6.2255E+01  -4.1238E-01  -3.4018E-01
   1.9558E+02  -1.5680E+02   1.9473E+01  -1.6002E+01  -1.5646E+02   1.2492E+02
  -1.5642E+02   1.2499E+02   9.7797E+01  -7.8353E+01   1.9627E+01  -1.5887E+01
   9.7721E+01  -7.8409E+01  -7.8395E+01   6.2331E+01  -1.5633E+02   1.2498E+02
  -7.8165E+01   6.2494E+01  -7.8205E+01   6.2490E+01  -7.8205E+01   6.2491E+01
  -7.5957E-02  -6.4035E-02   3.7661E-02
  > E    =  -3.833475859021E+02 +/-   6.621206528514E-05
  > varE =   2.192439662270E-03
* Computing derivatives.
    [walltime: 1m elapsed, 12m31s remaining]
  Done. [total walltime: 12m36s]
* Optimizing manipulation constant:
  #igrid a___________ E____________________________________ varE____________
     1     Infinity    -3.83347586E+02 +/-   6.62120653E-05   2.19243966E-03
     2     1.0000E+06  -3.83347586E+02 +/-   6.62120653E-05   2.19243966E-03
     3     2.1544E+05  -3.83347586E+02 +/-   6.62120653E-05   2.19243966E-03
     4     4.6416E+04  -3.83347586E+02 +/-   6.62120652E-05   2.19243965E-03
     5     1.0000E+04  -3.83347586E+02 +/-   6.62120647E-05   2.19243962E-03
     6     2.1544E+03  -3.83347586E+02 +/-   6.62120624E-05   2.19243947E-03
     7     4.6416E+02  -3.83347586E+02 +/-   6.62120518E-05   2.19243877E-03
     8     1.0000E+02  -3.83347586E+02 +/-   6.62120035E-05   2.19243557E-03
     9     2.1544E+01  -3.83347586E+02 +/-   6.62117924E-05   2.19242159E-03
    10     4.6416E+00  -3.83347586E+02 +/-   6.62110339E-05   2.19237136E-03
    11     1.0000E+00  -3.83347587E+02 +/-   6.62096341E-05   2.19227866E-03
    12     2.1544E-01  -3.83347587E+02 +/-   6.62097149E-05   2.19228401E-03
    13     4.6416E-02  -3.83347587E+02 +/-   6.62086482E-05   2.19221337E-03
    14     1.0000E-02  -3.83347586E+02 +/-   6.61932608E-05   2.19119452E-03
    15     2.1544E-03  -3.83347580E+02 +/-   6.61112098E-05   2.18576562E-03
    16     4.6416E-04  -3.83347003E+02 +/-   6.91626652E-05   2.39219634E-03
    17     1.0000E-04  -3.83345402E+02 +/-   8.68682713E-05   3.77377270E-03
    18     2.1544E-05  -3.83346818E+02 +/-   7.51422949E-05   2.82372429E-03
    19     4.6416E-06  -3.83346939E+02 +/-   7.39995326E-05   2.73849111E-03
    20     1.0000E-06  -3.83346961E+02 +/-   7.37840670E-05   2.72256691E-03
    21     0.0000E+00  -3.83346967E+02 +/-   7.37265804E-05   2.71832615E-03
* Iteration # 1: E =  -3.833475869750E+02 +/-   6.620971491498E-05
* Convergence: exiting.
* After optimization:
  -2.6436E+01  -2.6421E+01  -2.6426E+01   1.6307E+01   1.6311E+01   8.6037E-01
  -3.8772E+01  -3.4345E+00  -3.4442E+00   3.1520E+01   3.1407E+01  -1.9458E+01
  -1.9457E+01  -3.7758E+00  -3.7772E+00  -1.9363E+01  -1.9366E+01   1.6020E+01
   1.6021E+01   3.1334E+01   1.5664E+01   1.5664E+01   1.5713E+01   1.5714E+01
   1.5713E+01   1.5715E+01  -7.8441E+01   6.2230E+01  -4.1098E-01  -3.3849E-01
   1.9577E+02  -1.5696E+02   1.9599E+01  -1.6101E+01  -1.5640E+02   1.2487E+02
  -1.5636E+02   1.2494E+02   9.7892E+01  -7.8429E+01   1.9753E+01  -1.5987E+01
   9.7816E+01  -7.8485E+01  -7.8364E+01   6.2307E+01  -1.5626E+02   1.2493E+02
  -7.8134E+01   6.2471E+01  -7.8174E+01   6.2467E+01  -7.8174E+01   6.2467E+01
  -7.5698E-02  -6.4162E-02   3.7988E-02
  > Energy =  -3.833475869750E+02 +/-   6.620971491498E-05
  > varE =   2.192284012291E-03

VMC #10:
* Size of Hilbert space =   6.3504E+04
* Deterministic energy evaluation:
  > Deterministic Etot/t = -383.34757273811107
    - Ttot/t = -23.366035351152192
    - Utot/t = 9.5328082902113884
* Number of equil. steps   = 1000
* Running VMC equilibration.
  Done. [total walltime: 0.02s]
* Equil. acc.ratio (%)     =  27.5867
* Sample config after equilibration:
  +---------+
  |  0   d  |
  |2   u   u|
  |u   u   d|
  |  d   d  |
  +---------+
* Number of accum. steps   = 1000192 x 10
* Running VMC accumulation.
  Done. [total walltime: 53.9s]
* Acceptance ratio (%)     =  27.6021
* Etot/t                   =  -3.833476283564E+02 +/-   4.702265580169E-05
  > Ttot/t                 =  -2.336574547296E+01 +/-   3.724696619640E-04
  > Utot/t                 =   9.532462793740E+00 +/-   3.715440994951E-04
* var[Eloc/t]              =   2.218278034931E-03 +/-   1.820884553607E-05
* Correlation length       =   9.969691178514E-01
* log10 Psi^2 range: -14.537007101446898 -- -7.8908765990725600
* log10 Pgen range : -14.537007101446898 -- -7.8908765990725600
* Site occupation (ave. no. electrons per config.):
  > Site_  ___eu____  ___ed____
      1        0.498      0.498
      2        0.501      0.502
      3        0.500      0.498
      4        0.498      0.496
      5        0.500      0.500
      6        0.500      0.500
      7        0.501      0.501
      8        0.501      0.500
      9        0.502      0.503
     10        0.500      0.502
* Pair-correlation analysis (ave. no. pairs per config.):
  > Shell  nsite  ___dh____  __eueu___  __eued___
      0      1        0          0          1.754
      1      1        0.842      0.718      2.476
      2      1        0.291      0.650      1.106
      3      1        0.163      0.297      0.553
      4      1        0.564      1.345      2.162
      5      1        0.122      1.024      0.965
      6      1        0.151      0.846      1.098
      7      1        0.305      1.800      2.119
      8      1        0.250      2.099      1.906
      9      1        0.252      2.119      1.906
     10      1        0.228      2.158      1.887
     11      1        0.116      0.979      1.022
     12      1        0.237      2.054      1.954
     13      1        0.062      0.479      0.516
     14      1        0.185      1.442      1.555
     15      1        0.123      1.032      0.975
     16      1        0.124      0.957      1.045

VDAGGER finished.
Total VDAGGER walltime: 3h26m

Run ended: Wed Oct  1 22:02:32 CEST 2025
