Run started: Thu Sep 25 19:07:37 CEST 2025
Using VDAGGER_ARCH = gnu7_fkfamd_cluster
Running 1x128 MPI processes.

                               xx
                              +##
                               #X
                               Xx
                          X##XxXxxX##x
                           +   Xx  ++
                               ##
                              +##
                              +##
     ++++         ++          +##
   xX+++##+      ####         +##
  Xx    ###      +X##          ##
 xX    X##+        ##          #X
 +    x##X         #x          #X
      ###         +#           x+
     X##+         #+
     ###         Xx                    _______
     ##X       +X+   __________________VDAGGER
     +##x    +xX     2nd quantized variational
       +xxxxx+       ______quantum Monte Carlo

* Running 128 MPI processes.
* Input file: "input.casl"

############# Start of input file dump #############
General:
  Random seed: timer

Plan:
  VMC-optimization:
    Minimum cycles: 10
    Convergence cycles: 5

System:
  Read Hamiltonian: FCIDUMP_loc_benzene
  Read orbitals: LTSC_benzene
  Complex orbitals: F
  Geometry:
    r_5: [ 0.00000000000000, 2.63994739601739 ]
    r_4: [ 2.28626150960564, 1.31997369800870 ]
    r_6: [ 2.28626150960564, -1.31997369800870 ]
    r_2: [ 0.00000000000000, -2.63994739601739 ]
    r_3: [ -2.28626150960564, -1.31997369800870 ]
    r_1: [ -2.28626150960564, 1.31997369800870 ]
    Tolerance: 0.05

VMC:
  nstep: 500000
  nconfig: 50000

Jastrow: wfn.casl
############## End of input file dump ##############

General setup:
* Random seed: 40958568 (from timer)

* Loaded integrals for system with nelec=6, ms2=0, norb=6
* INFO: setting number of electrons from integrals file.
* Analysis of Hamiltonian connecitivity performed:
  - T_ii (local, 1-site): 6 (i) values
  - U_iiii [opp] (local, 1-site): 6 (i) values
  - U_kkii [opp] (local, 2-site): 30 contribs. from 6 (i) values
  - U_kkii [par] (local, 2-site): 15 contribs. from 5 (i) values
  - T_ji (single, 2-site): 30 contribs. from 6 (i) values
  - U_kkji [opp] (single, 2/3-site): 180 contribs. from 30 (i,j) pairs
  - U_kkji [par] (single, 3-site): 150 contribs. from 30 (i,j) pairs
  - U_lkji [opp] (double, 2/3/4-site): 900 contribs. from 30 (i,j) pairs
  - U_lkji [par] (double, 4-site): 170 contribs. from 20 (i,j) pairs
  - Max. no. wfn. ratios in Eloc: 255
* Reading override orbitals from file "LTSC_benzene".
* Site labels:
  +-----+
  |  5  |
  |1   4|
  |3   6|
  |  2  |
  +-----+
* Automatically set Site kinds:
  [ 1, 1, 1, 1, 1, 1 ]
  +-----+
  |  1  |
  |1   1|
  |1   1|
  |  1  |
  +-----+
* Maximum Site kind: 1
* Number of site-pair kinds with Tij=0: 0
* Automatically set Site pair kinds:
  Site 1: [ 0, 4, 1, -5, -1, -2 ]
  Site 2: [ 4, 0, 1, -4, -3, -1 ]
  Site 3: [ 1, 1, 0, -2, -4, -5 ]
  Site 4: [ -5, -4, -2, 0, 1, 1 ]
  Site 5: [ -1, -3, -4, 1, 0, 4 ]
  Site 6: [ -2, -1, -5, 1, 4, 0 ]
  For site 1 of kind 1:
  +--------+
  |   -1   |
  | 0    -5|
  | 1    -2|
  |    4   |
  +--------+
* Maximum (unsigned) Site pair kind: 5
General system setup:
* Number of sites       : 6
* Number of electrons   : 6
* Spin imbalance MS2    : 0
* Filling               : 0.500000
* Number of orbitals in pool: 6
* Using real-valued orbitals
* Using double-precision arithmetic for orbitals

Trial wave function setup:
* Jastrow parameter file: "wfn.casl"
* Not using multideterminants
* Not using a backflow transformation
* Not using wave function manipulation

VMC #1:
* Size of Hilbert space =   4.0000E+02
* Deterministic energy evaluation:
  > Deterministic Etot/t = -230.69824300371442
    - Ttot/t = -10.365683394323126
    - Utot/t = 3.9099322447566167
* Number of equil. steps   = 1000
* Running VMC equilibration.
  Done. [total walltime: 0.01s]
* Equil. acc.ratio (%)     =  40.9447
* Sample config after equilibration:
  +-----+
  |  u  |
  |d   u|
  |0   d|
  |  2  |
  +-----+
* Number of accum. steps   = 500480 x 10
* Running VMC accumulation.
  Done. [total walltime: 1.45s]
* Acceptance ratio (%)     =  40.9432
* Etot/t                   =  -2.306982472672E+02 +/-   6.070065031309E-05
  > Ttot/t                 =  -1.036615352019E+01 +/-   2.952276790126E-04
  > Utot/t                 =   3.910398107111E+00 +/-   2.902329737043E-04
* var[Eloc/t]              =   1.869145256573E-03 +/-   1.172492837561E-05
* Correlation length       =   9.865755809115E-01
* log10 Psi^2 range: -6.3373573156892631 -- -2.2755862758273744
* log10 Pgen range : -6.3373573156892631 -- -2.2755862758273744
* Site occupation (ave. no. electrons per config.):
  > Site_  ___eu____  ___ed____
      1        0.499      0.504
      2        0.500      0.501
      3        0.498      0.498
      4        0.498      0.500
      5        0.503      0.498
      6        0.501      0.498
* Pair-correlation analysis (ave. no. pairs per config.):
  > Shell  nsite  ___dh____  __eueu___  __eued___
      0      1        0          0          1.052
      1      4        1.090      1.494      3.484
      2      4        0.161      0.843      1.096
      3      4        0.080      0.425      0.548
      4      4        0.238      2.159      1.885
      5      4        0.124      1.078      0.936

Optimization #1:
* Method          : lls
* Target function : energy
* No. of configs. : 50048
* No. of params.  : 13
* Before optimization:
  -1.0717E+00   3.7027E-01  -1.7682E-01  -1.8286E-01  -4.1960E-03  -8.4519E-02
  -1.2098E-01   5.0140E-02   8.8372E-02   6.8175E-02   1.0730E-01  -2.4644E-02
  -2.4392E-02
  > E    =  -2.306983998726E+02 +/-   1.954228944756E-04
  > varE =   1.911338509430E-03
* Computing derivatives.
  Done. [total walltime: 0.42s]
* Optimizing manipulation constant:
  #igrid a___________ E____________________________________ varE____________
     1     Infinity    -2.30698400E+02 +/-   1.95422894E-04   1.91133851E-03
     2     1.0000E+06  -2.30698400E+02 +/-   1.95422894E-04   1.91133850E-03
     3     2.1544E+05  -2.30698400E+02 +/-   1.95422892E-04   1.91133847E-03
     4     4.6416E+04  -2.30698400E+02 +/-   1.95422884E-04   1.91133831E-03
     5     1.0000E+04  -2.30698400E+02 +/-   1.95422846E-04   1.91133757E-03
     6     2.1544E+03  -2.30698400E+02 +/-   1.95422671E-04   1.91133413E-03
     7     4.6416E+02  -2.30698400E+02 +/-   1.95421857E-04   1.91131822E-03
     8     1.0000E+02  -2.30698400E+02 +/-   1.95418122E-04   1.91124516E-03
     9     2.1544E+01  -2.30698400E+02 +/-   1.95401587E-04   1.91092173E-03
    10     4.6416E+00  -2.30698399E+02 +/-   1.95338573E-04   1.90968946E-03
    11     1.0000E+00  -2.30698399E+02 +/-   1.95185572E-04   1.90669906E-03
    12     2.1544E-01  -2.30698398E+02 +/-   1.95021861E-04   1.90350191E-03
    13     4.6416E-02  -2.30698398E+02 +/-   1.94949626E-04   1.90209208E-03
    14     1.0000E-02  -2.30698397E+02 +/-   1.94930779E-04   1.90172434E-03
    15     2.1544E-03  -2.30698397E+02 +/-   1.94926561E-04   1.90164203E-03
    16     4.6416E-04  -2.30698397E+02 +/-   1.94925645E-04   1.90162416E-03
    17     1.0000E-04  -2.30698397E+02 +/-   1.94925447E-04   1.90162030E-03
    18     2.1544E-05  -2.30698397E+02 +/-   1.94925405E-04   1.90161947E-03
    19     4.6416E-06  -2.30698397E+02 +/-   1.94925396E-04   1.90161929E-03
    20     1.0000E-06  -2.30698397E+02 +/-   1.94925394E-04   1.90161926E-03
    21     0.0000E+00  -2.30698397E+02 +/-   1.94925393E-04   1.90161925E-03
* Iteration # 1: E =  -2.306983998726E+02 +/-   1.954228939931E-04
* Convergence: exiting.
* After optimization:
  -1.0717E+00   3.7027E-01  -1.7682E-01  -1.8286E-01  -4.1960E-03  -8.4519E-02
  -1.2098E-01   5.0140E-02   8.8372E-02   6.8175E-02   1.0730E-01  -2.4644E-02
  -2.4392E-02
  > Energy =  -2.306983998726E+02 +/-   1.954228939931E-04
  > varE =   1.911338499991E-03

VMC #2:
* Size of Hilbert space =   4.0000E+02
* Deterministic energy evaluation:
  > Deterministic Etot/t = -230.69824300371394
    - Ttot/t = -10.365683394333406
    - Utot/t = 3.9099322447673401
* Number of equil. steps   = 1000
* Running VMC equilibration.
  Done. [total walltime: 0.01s]
* Equil. acc.ratio (%)     =  40.9424
* Sample config after equilibration:
  +-----+
  |  2  |
  |d   0|
  |d   u|
  |  u  |
  +-----+
* Number of accum. steps   = 500480 x 10
* Running VMC accumulation.
  Done. [total walltime: 0.94s]
* Acceptance ratio (%)     =  40.9163
* Etot/t                   =  -2.306982199297E+02 +/-   6.143665670864E-05
  > Ttot/t                 =  -1.036558884834E+01 +/-   2.895257594816E-04
  > Utot/t                 =   3.909860772855E+00 +/-   2.844239693561E-04
* var[Eloc/t]              =   1.869793279476E-03 +/-   1.026614823354E-05
* Correlation length       =   1.010295178959E+00
* log10 Psi^2 range: -6.3373573551382227 -- -2.2755862701338718
* log10 Pgen range : -6.3373573551382227 -- -2.2755862701338718
* Site occupation (ave. no. electrons per config.):
  > Site_  ___eu____  ___ed____
      1        0.496      0.503
      2        0.500      0.499
      3        0.504      0.497
      4        0.500      0.499
      5        0.501      0.502
      6        0.499      0.500
* Pair-correlation analysis (ave. no. pairs per config.):
  > Shell  nsite  ___dh____  __eueu___  __eued___
      0      1        0          0          1.050
      1      4        1.085      1.492      3.490
      2      4        0.159      0.846      1.094
      3      4        0.081      0.424      0.548
      4      4        0.236      2.161      1.881
      5      4        0.121      1.077      0.936

Optimization #2:
* Method          : lls
* Target function : energy
* No. of configs. : 50048
* No. of params.  : 13
* Before optimization:
  -1.0717E+00   3.7027E-01  -1.7682E-01  -1.8286E-01  -4.1960E-03  -8.4519E-02
  -1.2098E-01   5.0140E-02   8.8372E-02   6.8175E-02   1.0730E-01  -2.4644E-02
  -2.4392E-02
  > E    =  -2.306982685889E+02 +/-   1.945562136640E-04
  > varE =   1.894422915537E-03
* Computing derivatives.
  Done. [total walltime: 0.42s]
* Optimizing manipulation constant:
  #igrid a___________ E____________________________________ varE____________
     1     Infinity    -2.30698269E+02 +/-   1.94556214E-04   1.89442292E-03
     2     1.0000E+06  -2.30698269E+02 +/-   1.94556214E-04   1.89442291E-03
     3     2.1544E+05  -2.30698269E+02 +/-   1.94556213E-04   1.89442290E-03
     4     4.6416E+04  -2.30698269E+02 +/-   1.94556210E-04   1.89442285E-03
     5     1.0000E+04  -2.30698269E+02 +/-   1.94556198E-04   1.89442262E-03
     6     2.1544E+03  -2.30698269E+02 +/-   1.94556143E-04   1.89442154E-03
     7     4.6416E+02  -2.30698269E+02 +/-   1.94555886E-04   1.89441654E-03
     8     1.0000E+02  -2.30698269E+02 +/-   1.94554717E-04   1.89439377E-03
     9     2.1544E+01  -2.30698269E+02 +/-   1.94549736E-04   1.89429678E-03
    10     4.6416E+00  -2.30698270E+02 +/-   1.94534129E-04   1.89399285E-03
    11     1.0000E+00  -2.30698272E+02 +/-   1.94526718E-04   1.89384855E-03
    12     2.1544E-01  -2.30698273E+02 +/-   1.94586895E-04   1.89502047E-03
    13     4.6416E-02  -2.30698274E+02 +/-   1.94643555E-04   1.89612421E-03
    14     1.0000E-02  -2.30698274E+02 +/-   1.94662473E-04   1.89649280E-03
    15     2.1544E-03  -2.30698275E+02 +/-   1.94667001E-04   1.89658104E-03
    16     4.6416E-04  -2.30698275E+02 +/-   1.94668000E-04   1.89660049E-03
    17     1.0000E-04  -2.30698275E+02 +/-   1.94668216E-04   1.89660471E-03
    18     2.1544E-05  -2.30698275E+02 +/-   1.94668262E-04   1.89660561E-03
    19     4.6416E-06  -2.30698275E+02 +/-   1.94668272E-04   1.89660581E-03
    20     1.0000E-06  -2.30698275E+02 +/-   1.94668275E-04   1.89660585E-03
    21     0.0000E+00  -2.30698275E+02 +/-   1.94668275E-04   1.89660586E-03
* Iteration # 1: E =  -2.306982745251E+02 +/-   1.946682724556E-04
* Convergence: exiting.
* After optimization:
  -1.0918E+00   3.7650E-01  -1.7808E-01  -1.8626E-01  -2.4463E-03  -8.7555E-02
  -1.2597E-01   5.1177E-02   8.8754E-02   7.2155E-02   1.0822E-01  -2.4534E-02
  -2.6644E-02
  > Energy =  -2.306982745251E+02 +/-   1.946682724556E-04
  > varE =   1.896605810384E-03

VMC #3:
* Size of Hilbert space =   4.0000E+02
* Deterministic energy evaluation:
  > Deterministic Etot/t = -230.69824295799796
    - Ttot/t = -10.365393527752632
    - Utot/t = 3.9096424239025289
* Number of equil. steps   = 1000
* Running VMC equilibration.
  Done. [total walltime: 0.01s]
* Equil. acc.ratio (%)     =  40.7936
* Sample config after equilibration:
  +-----+
  |  u  |
  |0   d|
  |2   u|
  |  d  |
  +-----+
* Number of accum. steps   = 500480 x 10
* Running VMC accumulation.
  Done. [total walltime: 0.95s]
* Acceptance ratio (%)     =  40.8590
* Etot/t                   =  -2.306981848384E+02 +/-   6.096079666014E-05
  > Ttot/t                 =  -1.036487114562E+01 +/-   2.980995115173E-04
  > Utot/t                 =   3.909178161228E+00 +/-   2.908291868765E-04
* var[Eloc/t]              =   1.850791106169E-03 +/-   1.186664642479E-05
* Correlation length       =   1.004917920510E+00
* log10 Psi^2 range: -5.8548562950315484 -- -2.2997176245920636
* log10 Pgen range : -5.8548562950315484 -- -2.2997176245920636
* Site occupation (ave. no. electrons per config.):
  > Site_  ___eu____  ___ed____
      1        0.495      0.501
      2        0.501      0.499
      3        0.501      0.500
      4        0.494      0.504
      5        0.506      0.499
      6        0.503      0.497
* Pair-correlation analysis (ave. no. pairs per config.):
  > Shell  nsite  ___dh____  __eueu___  __eued___
      0      1        0          0          1.045
      1      4        1.079      1.490      3.496
      2      4        0.157      0.846      1.093
      3      4        0.079      0.424      0.551
      4      4        0.234      2.165      1.878
      5      4        0.121      1.075      0.937

Optimization #3:
* Method          : lls
* Target function : energy
* No. of configs. : 50048
* No. of params.  : 13
* Before optimization:
  -1.0918E+00   3.7650E-01  -1.7808E-01  -1.8626E-01  -2.4463E-03  -8.7555E-02
  -1.2597E-01   5.1177E-02   8.8754E-02   7.2155E-02   1.0822E-01  -2.4534E-02
  -2.6644E-02
  > E    =  -2.306980053879E+02 +/-   1.899387310856E-04
  > varE =   1.805567760956E-03
* Computing derivatives.
  Done. [total walltime: 0.42s]
* Optimizing manipulation constant:
  #igrid a___________ E____________________________________ varE____________
     1     Infinity    -2.30698005E+02 +/-   1.89938731E-04   1.80556776E-03
     2     1.0000E+06  -2.30698005E+02 +/-   1.89938732E-04   1.80556778E-03
     3     2.1544E+05  -2.30698005E+02 +/-   1.89938735E-04   1.80556784E-03
     4     4.6416E+04  -2.30698005E+02 +/-   1.89938749E-04   1.80556811E-03
     5     1.0000E+04  -2.30698005E+02 +/-   1.89938816E-04   1.80556938E-03
     6     2.1544E+03  -2.30698005E+02 +/-   1.89939126E-04   1.80557526E-03
     7     4.6416E+02  -2.30698005E+02 +/-   1.89940561E-04   1.80560255E-03
     8     1.0000E+02  -2.30698005E+02 +/-   1.89947174E-04   1.80572829E-03
     9     2.1544E+01  -2.30698005E+02 +/-   1.89976891E-04   1.80629333E-03
    10     4.6416E+00  -2.30698005E+02 +/-   1.90096749E-04   1.80857327E-03
    11     1.0000E+00  -2.30698004E+02 +/-   1.90432499E-04   1.81496753E-03
    12     2.1544E-01  -2.30698003E+02 +/-   1.90872446E-04   1.82336327E-03
    13     4.6416E-02  -2.30698002E+02 +/-   1.91108349E-04   1.82787312E-03
    14     1.0000E-02  -2.30698001E+02 +/-   1.91177743E-04   1.82920081E-03
    15     2.1544E-03  -2.30698001E+02 +/-   1.91193925E-04   1.82951050E-03
    16     4.6416E-04  -2.30698001E+02 +/-   1.91197474E-04   1.82957842E-03
    17     1.0000E-04  -2.30698001E+02 +/-   1.91198242E-04   1.82959311E-03
    18     2.1544E-05  -2.30698001E+02 +/-   1.91198408E-04   1.82959628E-03
    19     4.6416E-06  -2.30698001E+02 +/-   1.91198443E-04   1.82959696E-03
    20     1.0000E-06  -2.30698001E+02 +/-   1.91198451E-04   1.82959711E-03
    21     0.0000E+00  -2.30698001E+02 +/-   1.91198453E-04   1.82959715E-03
* Iteration # 1: E =  -2.306980053879E+02 +/-   1.899387319363E-04
* Convergence: exiting.
* After optimization:
  -1.0918E+00   3.7650E-01  -1.7808E-01  -1.8626E-01  -2.4463E-03  -8.7555E-02
  -1.2597E-01   5.1177E-02   8.8754E-02   7.2155E-02   1.0822E-01  -2.4534E-02
  -2.6644E-02
  > Energy =  -2.306980053879E+02 +/-   1.899387319363E-04
  > varE =   1.805567777129E-03

VMC #4:
* Size of Hilbert space =   4.0000E+02
* Deterministic energy evaluation:
  > Deterministic Etot/t = -230.69824295799901
    - Ttot/t = -10.365393527677851
    - Utot/t = 3.9096424238267193
* Number of equil. steps   = 1000
* Running VMC equilibration.
  Done. [total walltime: 0.01s]
* Equil. acc.ratio (%)     =  40.8208
* Sample config after equilibration:
  +-----+
  |  d  |
  |2   u|
  |0   d|
  |  u  |
  +-----+
* Number of accum. steps   = 500480 x 10
* Running VMC accumulation.
  Done. [total walltime: 0.94s]
* Acceptance ratio (%)     =  40.8576
* Etot/t                   =  -2.306982245325E+02 +/-   6.195840834764E-05
  > Ttot/t                 =  -1.036534189006E+01 +/-   2.986397031513E-04
  > Utot/t                 =   3.909609211672E+00 +/-   2.928544491468E-04
* var[Eloc/t]              =   1.854581274505E-03 +/-   1.951032800285E-05
* Correlation length       =   1.035956123462E+00
* log10 Psi^2 range: -6.3808645358146761 -- -2.2997176136508886
* log10 Pgen range : -6.3808645358146761 -- -2.2997176136508886
* Site occupation (ave. no. electrons per config.):
  > Site_  ___eu____  ___ed____
      1        0.498      0.500
      2        0.499      0.503
      3        0.498      0.498
      4        0.500      0.502
      5        0.503      0.501
      6        0.502      0.497
* Pair-correlation analysis (ave. no. pairs per config.):
  > Shell  nsite  ___dh____  __eueu___  __eued___
      0      1        0          0          1.047
      1      4        1.083      1.487      3.494
      2      4        0.161      0.846      1.086
      3      4        0.078      0.426      0.552
      4      4        0.232      2.164      1.882
      5      4        0.118      1.077      0.940

Optimization #4:
* Method          : lls
* Target function : energy
* No. of configs. : 50048
* No. of params.  : 13
* Before optimization:
  -1.0918E+00   3.7650E-01  -1.7808E-01  -1.8626E-01  -2.4463E-03  -8.7555E-02
  -1.2597E-01   5.1177E-02   8.8754E-02   7.2155E-02   1.0822E-01  -2.4534E-02
  -2.6644E-02
  > E    =  -2.306978290466E+02 +/-   1.904188926566E-04
  > varE =   1.814708183053E-03
* Computing derivatives.
  Done. [total walltime: 0.42s]
* Optimizing manipulation constant:
  #igrid a___________ E____________________________________ varE____________
     1     Infinity    -2.30697829E+02 +/-   1.90418893E-04   1.81470818E-03
     2     1.0000E+06  -2.30697829E+02 +/-   1.90418893E-04   1.81470820E-03
     3     2.1544E+05  -2.30697829E+02 +/-   1.90418896E-04   1.81470825E-03
     4     4.6416E+04  -2.30697829E+02 +/-   1.90418910E-04   1.81470851E-03
     5     1.0000E+04  -2.30697829E+02 +/-   1.90418973E-04   1.81470971E-03
     6     2.1544E+03  -2.30697829E+02 +/-   1.90419266E-04   1.81471529E-03
     7     4.6416E+02  -2.30697829E+02 +/-   1.90420622E-04   1.81474115E-03
     8     1.0000E+02  -2.30697829E+02 +/-   1.90426882E-04   1.81486046E-03
     9     2.1544E+01  -2.30697829E+02 +/-   1.90455177E-04   1.81539984E-03
    10     4.6416E+00  -2.30697830E+02 +/-   1.90572080E-04   1.81762913E-03
    11     1.0000E+00  -2.30697832E+02 +/-   1.90922312E-04   1.82431613E-03
    12     2.1544E-01  -2.30697832E+02 +/-   1.91423480E-04   1.83390630E-03
    13     4.6416E-02  -2.30697832E+02 +/-   1.91704221E-04   1.83928944E-03
    14     1.0000E-02  -2.30697832E+02 +/-   1.91787346E-04   1.84088486E-03
    15     2.1544E-03  -2.30697832E+02 +/-   1.91806731E-04   1.84125701E-03
    16     4.6416E-04  -2.30697832E+02 +/-   1.91810982E-04   1.84133863E-03
    17     1.0000E-04  -2.30697832E+02 +/-   1.91811901E-04   1.84135628E-03
    18     2.1544E-05  -2.30697832E+02 +/-   1.91812099E-04   1.84136008E-03
    19     4.6416E-06  -2.30697832E+02 +/-   1.91812142E-04   1.84136090E-03
    20     1.0000E-06  -2.30697832E+02 +/-   1.91812151E-04   1.84136108E-03
    21     0.0000E+00  -2.30697832E+02 +/-   1.91812154E-04   1.84136113E-03
* Iteration # 1: E =  -2.306978316555E+02 +/-   1.909223124646E-04
* Convergence: exiting.
* After optimization:
  -1.0902E+00   3.7644E-01  -1.7975E-01  -1.8605E-01  -2.8130E-03  -8.7335E-02
  -1.2543E-01   5.1030E-02   8.8527E-02   7.1510E-02   1.0751E-01  -2.4103E-02
  -2.6041E-02
  > Energy =  -2.306978316555E+02 +/-   1.909223124646E-04
  > varE =   1.824316133652E-03

VMC #5:
* Size of Hilbert space =   4.0000E+02
* Deterministic energy evaluation:
  > Deterministic Etot/t = -230.69824284081548
    - Ttot/t = -10.365204817828563
    - Utot/t = 3.9094538311609850
* Number of equil. steps   = 1000
* Running VMC equilibration.
  Done. [total walltime: 0.01s]
* Equil. acc.ratio (%)     =  40.6764
* Sample config after equilibration:
  +-----+
  |  u  |
  |d   d|
  |2   u|
  |  0  |
  +-----+
* Number of accum. steps   = 500480 x 10
* Running VMC accumulation.
  Done. [total walltime: 0.94s]
* Acceptance ratio (%)     =  40.7927
* Etot/t                   =  -2.306982711343E+02 +/-   6.027382827835E-05
  > Ttot/t                 =  -1.036517111868E+01 +/-   2.911730339331E-04
  > Utot/t                 =   3.909391838300E+00 +/-   2.844825556926E-04
* var[Eloc/t]              =   1.902855504940E-03 +/-   1.335979430154E-05
* Correlation length       =   9.555171117533E-01
* log10 Psi^2 range: -5.8542125533063301 -- -2.2964546282497831
* log10 Pgen range : -5.8542125533063301 -- -2.2964546282497831
* Site occupation (ave. no. electrons per config.):
  > Site_  ___eu____  ___ed____
      1        0.499      0.503
      2        0.498      0.505
      3        0.504      0.499
      4        0.503      0.497
      5        0.497      0.499
      6        0.499      0.497
* Pair-correlation analysis (ave. no. pairs per config.):
  > Shell  nsite  ___dh____  __eueu___  __eued___
      0      1        0          0          1.046
      1      4        1.080      1.496      3.488
      2      4        0.158      0.851      1.091
      3      4        0.078      0.426      0.545
      4      4        0.236      2.150      1.884
      5      4        0.117      1.077      0.945

Optimization #5:
* Method          : lls
* Target function : energy
* No. of configs. : 50048
* No. of params.  : 13
* Before optimization:
  -1.0902E+00   3.7644E-01  -1.7975E-01  -1.8605E-01  -2.8130E-03  -8.7335E-02
  -1.2543E-01   5.1030E-02   8.8527E-02   7.1510E-02   1.0751E-01  -2.4103E-02
  -2.6041E-02
  > E    =  -2.306982669963E+02 +/-   1.903962407878E-04
  > varE =   1.814276460275E-03
* Computing derivatives.
  Done. [total walltime: 0.42s]
* Optimizing manipulation constant:
  #igrid a___________ E____________________________________ varE____________
     1     Infinity    -2.30698267E+02 +/-   1.90396241E-04   1.81427646E-03
     2     1.0000E+06  -2.30698267E+02 +/-   1.90396241E-04   1.81427646E-03
     3     2.1544E+05  -2.30698267E+02 +/-   1.90396241E-04   1.81427647E-03
     4     4.6416E+04  -2.30698267E+02 +/-   1.90396243E-04   1.81427651E-03
     5     1.0000E+04  -2.30698267E+02 +/-   1.90396252E-04   1.81427668E-03
     6     2.1544E+03  -2.30698267E+02 +/-   1.90396295E-04   1.81427748E-03
     7     4.6416E+02  -2.30698267E+02 +/-   1.90396491E-04   1.81428122E-03
     8     1.0000E+02  -2.30698267E+02 +/-   1.90397406E-04   1.81429868E-03
     9     2.1544E+01  -2.30698267E+02 +/-   1.90401760E-04   1.81438164E-03
    10     4.6416E+00  -2.30698268E+02 +/-   1.90422538E-04   1.81477766E-03
    11     1.0000E+00  -2.30698270E+02 +/-   1.90494313E-04   1.81614600E-03
    12     2.1544E-01  -2.30698272E+02 +/-   1.90586292E-04   1.81790025E-03
    13     4.6416E-02  -2.30698272E+02 +/-   1.90627036E-04   1.81867760E-03
    14     1.0000E-02  -2.30698272E+02 +/-   1.90637712E-04   1.81888131E-03
    15     2.1544E-03  -2.30698273E+02 +/-   1.90640119E-04   1.81892724E-03
    16     4.6416E-04  -2.30698273E+02 +/-   1.90640643E-04   1.81893724E-03
    17     1.0000E-04  -2.30698273E+02 +/-   1.90640756E-04   1.81893940E-03
    18     2.1544E-05  -2.30698273E+02 +/-   1.90640780E-04   1.81893986E-03
    19     4.6416E-06  -2.30698273E+02 +/-   1.90640786E-04   1.81893996E-03
    20     1.0000E-06  -2.30698273E+02 +/-   1.90640787E-04   1.81893999E-03
    21     0.0000E+00  -2.30698273E+02 +/-   1.90640787E-04   1.81893999E-03
* Iteration # 1: E =  -2.306982725157E+02 +/-   1.906407870589E-04
* Convergence: exiting.
* After optimization:
  -1.0770E+00   3.7088E-01  -1.7604E-01  -1.8362E-01  -1.4480E-03  -8.5867E-02
  -1.1971E-01   4.9071E-02   8.9057E-02   6.6411E-02   1.1128E-01  -2.8736E-02
  -2.4631E-02
  > Energy =  -2.306982725157E+02 +/-   1.906407870589E-04
  > varE =   1.818939992188E-03

VMC #6:
* Size of Hilbert space =   4.0000E+02
* Deterministic energy evaluation:
  > Deterministic Etot/t = -230.69824233847888
    - Ttot/t = -10.365375950198318
    - Utot/t = 3.9096254658673577
* Number of equil. steps   = 1000
* Running VMC equilibration.
  Done. [total walltime: 0.01s]
* Equil. acc.ratio (%)     =  40.8823
* Sample config after equilibration:
  +-----+
  |  u  |
  |d   0|
  |u   2|
  |  d  |
  +-----+
* Number of accum. steps   = 500480 x 10
* Running VMC accumulation.
  Done. [total walltime: 0.94s]
* Acceptance ratio (%)     =  40.8793
* Etot/t                   =  -2.306982432116E+02 +/-   6.096887670781E-05
  > Ttot/t                 =  -1.036579735710E+01 +/-   2.975289215264E-04
  > Utot/t                 =   3.910045999623E+00 +/-   2.891975008918E-04
* var[Eloc/t]              =   1.896916056909E-03 +/-   1.187981314375E-05
* Correlation length       =   9.807425134158E-01
* log10 Psi^2 range: -6.3446216226648566 -- -2.2785394640735119
* log10 Pgen range : -6.3446216226648566 -- -2.2785394640735119
* Site occupation (ave. no. electrons per config.):
  > Site_  ___eu____  ___ed____
      1        0.499      0.501
      2        0.500      0.500
      3        0.497      0.498
      4        0.503      0.499
      5        0.502      0.500
      6        0.499      0.502
* Pair-correlation analysis (ave. no. pairs per config.):
  > Shell  nsite  ___dh____  __eueu___  __eued___
      0      1        0          0          1.050
      1      4        1.082      1.494      3.492
      2      4        0.155      0.848      1.097
      3      4        0.081      0.424      0.548
      4      4        0.238      2.158      1.877
      5      4        0.121      1.077      0.936

Optimization #6:
* Method          : lls
* Target function : energy
* No. of configs. : 50048
* No. of params.  : 13
* Before optimization:
  -1.0770E+00   3.7088E-01  -1.7604E-01  -1.8362E-01  -1.4480E-03  -8.5867E-02
  -1.1971E-01   4.9071E-02   8.9057E-02   6.6411E-02   1.1128E-01  -2.8736E-02
  -2.4631E-02
  > E    =  -2.306983730242E+02 +/-   1.974611095869E-04
  > varE =   1.951416052676E-03
* Computing derivatives.
  Done. [total walltime: 0.42s]
* Optimizing manipulation constant:
  #igrid a___________ E____________________________________ varE____________
     1     Infinity    -2.30698373E+02 +/-   1.97461110E-04   1.95141605E-03
     2     1.0000E+06  -2.30698373E+02 +/-   1.97461108E-04   1.95141603E-03
     3     2.1544E+05  -2.30698373E+02 +/-   1.97461104E-04   1.95141595E-03
     4     4.6416E+04  -2.30698373E+02 +/-   1.97461085E-04   1.95141556E-03
     5     1.0000E+04  -2.30698373E+02 +/-   1.97460994E-04   1.95141376E-03
     6     2.1544E+03  -2.30698373E+02 +/-   1.97460571E-04   1.95140542E-03
     7     4.6416E+02  -2.30698373E+02 +/-   1.97458616E-04   1.95136677E-03
     8     1.0000E+02  -2.30698373E+02 +/-   1.97449627E-04   1.95118911E-03
     9     2.1544E+01  -2.30698374E+02 +/-   1.97409679E-04   1.95039965E-03
    10     4.6416E+00  -2.30698375E+02 +/-   1.97255424E-04   1.94735278E-03
    11     1.0000E+00  -2.30698379E+02 +/-   1.96873266E-04   1.93981457E-03
    12     2.1544E-01  -2.30698383E+02 +/-   1.96462616E-04   1.93173066E-03
    13     4.6416E-02  -2.30698384E+02 +/-   1.96277279E-04   1.92808771E-03
    14     1.0000E-02  -2.30698384E+02 +/-   1.96226880E-04   1.92709765E-03
    15     2.1544E-03  -2.30698385E+02 +/-   1.96215384E-04   1.92687188E-03
    16     4.6416E-04  -2.30698385E+02 +/-   1.96212876E-04   1.92682261E-03
    17     1.0000E-04  -2.30698385E+02 +/-   1.96212334E-04   1.92681197E-03
    18     2.1544E-05  -2.30698385E+02 +/-   1.96212218E-04   1.92680968E-03
    19     4.6416E-06  -2.30698385E+02 +/-   1.96212192E-04   1.92680918E-03
    20     1.0000E-06  -2.30698385E+02 +/-   1.96212187E-04   1.92680908E-03
    21     0.0000E+00  -2.30698385E+02 +/-   1.96212185E-04   1.92680905E-03
* Iteration # 1: E =  -2.306983845762E+02 +/-   1.962121854505E-04
* Diminishing returns: exiting.
* After optimization:
  -1.0803E+00   3.7183E-01  -1.7513E-01  -1.8622E-01  -4.3144E-03  -8.4408E-02
  -1.2436E-01   5.0724E-02   8.9041E-02   7.3095E-02   1.0836E-01  -2.3732E-02
  -2.7392E-02
  > Energy =  -2.306983845762E+02 +/-   1.962121854505E-04
  > varE =   1.926809048605E-03

VMC #7:
* Size of Hilbert space =   4.0000E+02
* Deterministic energy evaluation:
  > Deterministic Etot/t = -230.69824212266735
    - Ttot/t = -10.365451443236356
    - Utot/t = 3.9097011747168828
* Number of equil. steps   = 1000
* Running VMC equilibration.
  Done. [total walltime: 0.01s]
* Equil. acc.ratio (%)     =  40.8539
* Sample config after equilibration:
  +-----+
  |  d  |
  |d   u|
  |0   u|
  |  2  |
  +-----+
* Number of accum. steps   = 500480 x 10
* Running VMC accumulation.
  Done. [total walltime: 0.94s]
* Acceptance ratio (%)     =  40.9094
* Etot/t                   =  -2.306982018980E+02 +/-   6.099269535239E-05
  > Ttot/t                 =  -1.036562824713E+01 +/-   2.979870668694E-04
  > Utot/t                 =   3.909918203342E+00 +/-   2.918570311857E-04
* var[Eloc/t]              =   1.842882552205E-03 +/-   1.930303683011E-05
* Correlation length       =   1.010286897129E+00
* log10 Psi^2 range: -6.3571005496876802 -- -2.2879582656666253
* log10 Pgen range : -6.3571005496876802 -- -2.2879582656666253
* Site occupation (ave. no. electrons per config.):
  > Site_  ___eu____  ___ed____
      1        0.499      0.499
      2        0.501      0.502
      3        0.502      0.499
      4        0.500      0.502
      5        0.500      0.499
      6        0.498      0.498
* Pair-correlation analysis (ave. no. pairs per config.):
  > Shell  nsite  ___dh____  __eueu___  __eued___
      0      1        0          0          1.053
      1      4        1.088      1.494      3.485
      2      4        0.159      0.850      1.093
      3      4        0.079      0.426      0.548
      4      4        0.239      2.155      1.883
      5      4        0.123      1.076      0.939

Optimization #7:
* Method          : lls
* Target function : energy
* No. of configs. : 50048
* No. of params.  : 13
* Before optimization:
  -1.0803E+00   3.7183E-01  -1.7513E-01  -1.8622E-01  -4.3144E-03  -8.4408E-02
  -1.2436E-01   5.0724E-02   8.9041E-02   7.3095E-02   1.0836E-01  -2.3732E-02
  -2.7392E-02
  > E    =  -2.306984426958E+02 +/-   1.936547268833E-04
  > varE =   1.876907765569E-03
* Computing derivatives.
  Done. [total walltime: 0.42s]
* Optimizing manipulation constant:
  #igrid a___________ E____________________________________ varE____________
     1     Infinity    -2.30698443E+02 +/-   1.93654727E-04   1.87690777E-03
     2     1.0000E+06  -2.30698443E+02 +/-   1.93654727E-04   1.87690777E-03
     3     2.1544E+05  -2.30698443E+02 +/-   1.93654727E-04   1.87690778E-03
     4     4.6416E+04  -2.30698443E+02 +/-   1.93654729E-04   1.87690781E-03
     5     1.0000E+04  -2.30698443E+02 +/-   1.93654739E-04   1.87690799E-03
     6     2.1544E+03  -2.30698443E+02 +/-   1.93654782E-04   1.87690883E-03
     7     4.6416E+02  -2.30698443E+02 +/-   1.93654981E-04   1.87691269E-03
     8     1.0000E+02  -2.30698443E+02 +/-   1.93655901E-04   1.87693052E-03
     9     2.1544E+01  -2.30698443E+02 +/-   1.93660074E-04   1.87701142E-03
    10     4.6416E+00  -2.30698443E+02 +/-   1.93677156E-04   1.87734256E-03
    11     1.0000E+00  -2.30698443E+02 +/-   1.93720347E-04   1.87817996E-03
    12     2.1544E-01  -2.30698442E+02 +/-   1.93755073E-04   1.87885338E-03
    13     4.6416E-02  -2.30698442E+02 +/-   1.93762624E-04   1.87899983E-03
    14     1.0000E-02  -2.30698441E+02 +/-   1.93763516E-04   1.87901713E-03
    15     2.1544E-03  -2.30698441E+02 +/-   1.93763643E-04   1.87901960E-03
    16     4.6416E-04  -2.30698441E+02 +/-   1.93763667E-04   1.87902006E-03
    17     1.0000E-04  -2.30698441E+02 +/-   1.93763672E-04   1.87902016E-03
    18     2.1544E-05  -2.30698441E+02 +/-   1.93763673E-04   1.87902018E-03
    19     4.6416E-06  -2.30698441E+02 +/-   1.93763673E-04   1.87902018E-03
    20     1.0000E-06  -2.30698441E+02 +/-   1.93763673E-04   1.87902018E-03
    21     0.0000E+00  -2.30698441E+02 +/-   1.93763673E-04   1.87902018E-03
* Iteration # 1: E =  -2.306984428338E+02 +/-   1.936771558700E-04
* Convergence: exiting.
* After optimization:
  -1.0805E+00   3.7187E-01  -1.7518E-01  -1.8611E-01  -4.0447E-03  -8.4252E-02
  -1.2440E-01   5.0457E-02   8.8591E-02   7.3109E-02   1.0799E-01  -2.3483E-02
  -2.7440E-02
  > Energy =  -2.306984428338E+02 +/-   1.936771558700E-04
  > varE =   1.877342555648E-03

VMC #8:
* Size of Hilbert space =   4.0000E+02
* Deterministic energy evaluation:
  > Deterministic Etot/t = -230.69824237750319
    - Ttot/t = -10.365466205543097
    - Utot/t = 3.9097156821878114
* Number of equil. steps   = 1000
* Running VMC equilibration.
  Done. [total walltime: 0.01s]
* Equil. acc.ratio (%)     =  40.8536
* Sample config after equilibration:
  +-----+
  |  u  |
  |d   d|
  |u   u|
  |  d  |
  +-----+
* Number of accum. steps   = 500480 x 10
* Running VMC accumulation.
  Done. [total walltime: 0.94s]
* Acceptance ratio (%)     =  40.8766
* Etot/t                   =  -2.306981356838E+02 +/-   6.046582659172E-05
  > Ttot/t                 =  -1.036520005958E+01 +/-   2.941803312819E-04
  > Utot/t                 =   3.909556229814E+00 +/-   2.892558324447E-04
* var[Eloc/t]              =   1.858370666007E-03 +/-   1.812517573024E-05
* Correlation length       =   9.846329701331E-01
* log10 Psi^2 range: -6.3572710348722152 -- -2.2883699064782816
* log10 Pgen range : -6.3572710348722152 -- -2.2883699064782816
* Site occupation (ave. no. electrons per config.):
  > Site_  ___eu____  ___ed____
      1        0.499      0.500
      2        0.502      0.496
      3        0.502      0.504
      4        0.501      0.502
      5        0.498      0.501
      6        0.498      0.497
* Pair-correlation analysis (ave. no. pairs per config.):
  > Shell  nsite  ___dh____  __eueu___  __eued___
      0      1        0          0          1.050
      1      4        1.085      1.493      3.486
      2      4        0.159      0.851      1.096
      3      4        0.079      0.423      0.546
      4      4        0.235      2.155      1.880
      5      4        0.122      1.078      0.943

Optimization #8:
* Method          : lls
* Target function : energy
* No. of configs. : 50048
* No. of params.  : 13
* Before optimization:
  -1.0805E+00   3.7187E-01  -1.7518E-01  -1.8611E-01  -4.0447E-03  -8.4252E-02
  -1.2440E-01   5.0457E-02   8.8591E-02   7.3109E-02   1.0799E-01  -2.3483E-02
  -2.7440E-02
  > E    =  -2.306978958064E+02 +/-   1.910967237358E-04
  > varE =   1.827650753104E-03
* Computing derivatives.
  Done. [total walltime: 0.42s]
* Optimizing manipulation constant:
  #igrid a___________ E____________________________________ varE____________
     1     Infinity    -2.30697896E+02 +/-   1.91096724E-04   1.82765075E-03
     2     1.0000E+06  -2.30697896E+02 +/-   1.91096725E-04   1.82765077E-03
     3     2.1544E+05  -2.30697896E+02 +/-   1.91096728E-04   1.82765083E-03
     4     4.6416E+04  -2.30697896E+02 +/-   1.91096742E-04   1.82765111E-03
     5     1.0000E+04  -2.30697896E+02 +/-   1.91096809E-04   1.82765239E-03
     6     2.1544E+03  -2.30697896E+02 +/-   1.91097121E-04   1.82765836E-03
     7     4.6416E+02  -2.30697896E+02 +/-   1.91098568E-04   1.82768602E-03
     8     1.0000E+02  -2.30697896E+02 +/-   1.91105247E-04   1.82781379E-03
     9     2.1544E+01  -2.30697896E+02 +/-   1.91135539E-04   1.82839329E-03
    10     4.6416E+00  -2.30697898E+02 +/-   1.91261753E-04   1.83080880E-03
    11     1.0000E+00  -2.30697901E+02 +/-   1.91639001E-04   1.83803817E-03
    12     2.1544E-01  -2.30697904E+02 +/-   1.92161806E-04   1.84808045E-03
    13     4.6416E-02  -2.30697904E+02 +/-   1.92447620E-04   1.85358205E-03
    14     1.0000E-02  -2.30697904E+02 +/-   1.92531760E-04   1.85520323E-03
    15     2.1544E-03  -2.30697904E+02 +/-   1.92551366E-04   1.85558108E-03
    16     4.6416E-04  -2.30697904E+02 +/-   1.92555665E-04   1.85566393E-03
    17     1.0000E-04  -2.30697904E+02 +/-   1.92556595E-04   1.85568185E-03
    18     2.1544E-05  -2.30697904E+02 +/-   1.92556795E-04   1.85568571E-03
    19     4.6416E-06  -2.30697904E+02 +/-   1.92556838E-04   1.85568655E-03
    20     1.0000E-06  -2.30697904E+02 +/-   1.92556847E-04   1.85568673E-03
    21     0.0000E+00  -2.30697904E+02 +/-   1.92556850E-04   1.85568678E-03
* Iteration # 1: E =  -2.306979036838E+02 +/-   1.921618062713E-04
* Convergence: exiting.
* After optimization:
  -1.0706E+00   3.7033E-01  -1.7825E-01  -1.8427E-01  -3.4423E-03  -8.2694E-02
  -1.1968E-01   4.9936E-02   8.7536E-02   6.9981E-02   1.0634E-01  -2.4670E-02
  -2.5926E-02
  > Energy =  -2.306979036838E+02 +/-   1.921618062713E-04
  > varE =   1.848080445141E-03

VMC #9:
* Size of Hilbert space =   4.0000E+02
* Deterministic energy evaluation:
  > Deterministic Etot/t = -230.69824305043585
    - Ttot/t = -10.365319195084950
    - Utot/t = 3.9095679987970051
* Number of equil. steps   = 1000
* Running VMC equilibration.
  Done. [total walltime: 0.01s]
* Equil. acc.ratio (%)     =  40.8701
* Sample config after equilibration:
  +-----+
  |  2  |
  |u   d|
  |0   0|
  |  2  |
  +-----+
* Number of accum. steps   = 500480 x 10
* Running VMC accumulation.
  Done. [total walltime: 0.94s]
* Acceptance ratio (%)     =  40.8506
* Etot/t                   =  -2.306981879912E+02 +/-   5.990210288139E-05
  > Ttot/t                 =  -1.036561636553E+01 +/-   2.907271609509E-04
  > Utot/t                 =   3.909920228425E+00 +/-   2.839625500539E-04
* var[Eloc/t]              =   1.883629346006E-03 +/-   1.972769657817E-05
* Correlation length       =   9.534005903767E-01
* log10 Psi^2 range: -5.8193218095135144 -- -2.2712044687119359
* log10 Pgen range : -5.8193218095135144 -- -2.2712044687119359
* Site occupation (ave. no. electrons per config.):
  > Site_  ___eu____  ___ed____
      1        0.501      0.502
      2        0.499      0.502
      3        0.498      0.498
      4        0.503      0.498
      5        0.498      0.499
      6        0.501      0.500
* Pair-correlation analysis (ave. no. pairs per config.):
  > Shell  nsite  ___dh____  __eueu___  __eued___
      0      1        0          0          1.050
      1      4        1.080      1.500      3.486
      2      4        0.158      0.854      1.090
      3      4        0.078      0.426      0.546
      4      4        0.241      2.146      1.880
      5      4        0.119      1.075      0.948

Optimization #9:
* Method          : lls
* Target function : energy
* No. of configs. : 50048
* No. of params.  : 13
* Before optimization:
  -1.0706E+00   3.7033E-01  -1.7825E-01  -1.8427E-01  -3.4423E-03  -8.2694E-02
  -1.1968E-01   4.9936E-02   8.7536E-02   6.9981E-02   1.0634E-01  -2.4670E-02
  -2.5926E-02
  > E    =  -2.306979103534E+02 +/-   1.947472816681E-04
  > varE =   1.898145658033E-03
* Computing derivatives.
  Done. [total walltime: 0.42s]
* Optimizing manipulation constant:
  #igrid a___________ E____________________________________ varE____________
     1     Infinity    -2.30697910E+02 +/-   1.94747282E-04   1.89814566E-03
     2     1.0000E+06  -2.30697910E+02 +/-   1.94747282E-04   1.89814565E-03
     3     2.1544E+05  -2.30697910E+02 +/-   1.94747281E-04   1.89814564E-03
     4     4.6416E+04  -2.30697910E+02 +/-   1.94747278E-04   1.89814559E-03
     5     1.0000E+04  -2.30697910E+02 +/-   1.94747265E-04   1.89814533E-03
     6     2.1544E+03  -2.30697910E+02 +/-   1.94747204E-04   1.89814415E-03
     7     4.6416E+02  -2.30697910E+02 +/-   1.94746923E-04   1.89813866E-03
     8     1.0000E+02  -2.30697910E+02 +/-   1.94745635E-04   1.89811357E-03
     9     2.1544E+01  -2.30697910E+02 +/-   1.94740060E-04   1.89800488E-03
    10     4.6416E+00  -2.30697911E+02 +/-   1.94720999E-04   1.89763335E-03
    11     1.0000E+00  -2.30697911E+02 +/-   1.94696294E-04   1.89715187E-03
    12     2.1544E-01  -2.30697911E+02 +/-   1.94723484E-04   1.89768179E-03
    13     4.6416E-02  -2.30697911E+02 +/-   1.94761942E-04   1.89843146E-03
    14     1.0000E-02  -2.30697911E+02 +/-   1.94775951E-04   1.89870457E-03
    15     2.1544E-03  -2.30697911E+02 +/-   1.94779381E-04   1.89877143E-03
    16     4.6416E-04  -2.30697911E+02 +/-   1.94780141E-04   1.89878625E-03
    17     1.0000E-04  -2.30697911E+02 +/-   1.94780306E-04   1.89878947E-03
    18     2.1544E-05  -2.30697911E+02 +/-   1.94780341E-04   1.89879016E-03
    19     4.6416E-06  -2.30697911E+02 +/-   1.94780349E-04   1.89879031E-03
    20     1.0000E-06  -2.30697911E+02 +/-   1.94780351E-04   1.89879034E-03
    21     0.0000E+00  -2.30697911E+02 +/-   1.94780351E-04   1.89879035E-03
* Iteration # 1: E =  -2.306979113669E+02 +/-   1.947619424706E-04
* Convergence: exiting.
* After optimization:
  -1.0844E+00   3.7498E-01  -1.7825E-01  -1.8690E-01  -2.2575E-03  -8.7501E-02
  -1.2124E-01   5.0249E-02   8.7266E-02   6.8745E-02   1.1187E-01  -2.7556E-02
  -2.4929E-02
  > Energy =  -2.306979113669E+02 +/-   1.947619424706E-04
  > varE =   1.898431458029E-03

VMC #10:
* Size of Hilbert space =   4.0000E+02
* Deterministic energy evaluation:
  > Deterministic Etot/t = -230.69824220294143
    - Ttot/t = -10.365093314467879
    - Utot/t = 3.9093429656743406
* Number of equil. steps   = 1000
* Running VMC equilibration.
  Done. [total walltime: 0.01s]
* Equil. acc.ratio (%)     =  40.8629
* Sample config after equilibration:
  +-----+
  |  2  |
  |0   u|
  |d   d|
  |  u  |
  +-----+
* Number of accum. steps   = 500480 x 10
* Running VMC accumulation.
  Done. [total walltime: 0.94s]
* Acceptance ratio (%)     =  40.7956
* Etot/t                   =  -2.306982615545E+02 +/-   6.180956154302E-05
  > Ttot/t                 =  -1.036526490101E+01 +/-   2.925905981143E-04
  > Utot/t                 =   3.909495200623E+00 +/-   2.859205846364E-04
* var[Eloc/t]              =   1.917255108851E-03 +/-   1.474421939756E-05
* Correlation length       =   9.972823870720E-01
* log10 Psi^2 range: -6.3687339566590566 -- -2.2849810382374485
* log10 Pgen range : -6.3687339566590566 -- -2.2849810382374485
* Site occupation (ave. no. electrons per config.):
  > Site_  ___eu____  ___ed____
      1        0.500      0.498
      2        0.500      0.500
      3        0.499      0.503
      4        0.502      0.504
      5        0.498      0.499
      6        0.500      0.497
* Pair-correlation analysis (ave. no. pairs per config.):
  > Shell  nsite  ___dh____  __eueu___  __eued___
      0      1        0          0          1.043
      1      4        1.078      1.486      3.501
      2      4        0.155      0.848      1.099
      3      4        0.081      0.420      0.547
      4      4        0.235      2.164      1.872
      5      4        0.119      1.082      0.938

VDAGGER finished.
Total VDAGGER walltime: 32.5s

Run ended: Thu Sep 25 19:08:39 CEST 2025
