Run started: Fri Sep 26 09:02:15 CEST 2025
Using VDAGGER_ARCH = gnu7_fkfamd_cluster
Running 1x128 MPI processes.

                               xx
                              +##
                               #X
                               Xx
                          X##XxXxxX##x
                           +   Xx  ++
                               ##
                              +##
                              +##
     ++++         ++          +##
   xX+++##+      ####         +##
  Xx    ###      +X##          ##
 xX    X##+        ##          #X
 +    x##X         #x          #X
      ###         +#           x+
     X##+         #+
     ###         Xx                    _______
     ##X       +X+   __________________VDAGGER
     +##x    +xX     2nd quantized variational
       +xxxxx+       ______quantum Monte Carlo

* Running 128 MPI processes.
* Input file: "input.casl"

############# Start of input file dump #############
General:
  Random seed: timer

Plan:
  VMC-optimization:
    Minimum cycles: 10
    Convergence cycles: 5

System:
  Read Hamiltonian: FCIDUMP_loc_benzene
  Read orbitals: LTSC_benzene
  Complex orbitals: F
  Geometry:
    r_5: [ 0.00000000000000, 2.63994739601739 ]
    r_4: [ 2.28626150960564, 1.31997369800870 ]
    r_6: [ 2.28626150960564, -1.31997369800870 ]
    r_2: [ 0.00000000000000, -2.63994739601739 ]
    r_3: [ -2.28626150960564, -1.31997369800870 ]
    r_1: [ -2.28626150960564, 1.31997369800870 ]
    Tolerance: 0.05

VMC:
  nstep: 500000
  nconfig: 50000

Jastrow: wfn.casl
############## End of input file dump ##############

General setup:
* Random seed: 91036701 (from timer)

* Loaded integrals for system with nelec=6, ms2=0, norb=6
* INFO: setting number of electrons from integrals file.
* Analysis of Hamiltonian connecitivity performed:
  - T_ii (local, 1-site): 6 (i) values
  - U_iiii [opp] (local, 1-site): 6 (i) values
  - U_kkii [opp] (local, 2-site): 30 contribs. from 6 (i) values
  - U_kkii [par] (local, 2-site): 15 contribs. from 5 (i) values
  - T_ji (single, 2-site): 30 contribs. from 6 (i) values
  - U_kkji [opp] (single, 2/3-site): 180 contribs. from 30 (i,j) pairs
  - U_kkji [par] (single, 3-site): 150 contribs. from 30 (i,j) pairs
  - U_lkji [opp] (double, 2/3/4-site): 900 contribs. from 30 (i,j) pairs
  - U_lkji [par] (double, 4-site): 170 contribs. from 20 (i,j) pairs
  - Max. no. wfn. ratios in Eloc: 255
* Reading override orbitals from file "LTSC_benzene".
* Site labels:
  +-----+
  |  5  |
  |1   4|
  |3   6|
  |  2  |
  +-----+
* Automatically set Site kinds:
  [ 1, 1, 1, 1, 1, 1 ]
  +-----+
  |  1  |
  |1   1|
  |1   1|
  |  1  |
  +-----+
* Maximum Site kind: 1
* Number of site-pair kinds with Tij=0: 0
* Automatically set Site pair kinds:
  Site 1: [ 0, 4, 1, -5, -1, -2 ]
  Site 2: [ 4, 0, 1, -4, -3, -1 ]
  Site 3: [ 1, 1, 0, -2, -4, -5 ]
  Site 4: [ -5, -4, -2, 0, 1, 1 ]
  Site 5: [ -1, -3, -4, 1, 0, 4 ]
  Site 6: [ -2, -1, -5, 1, 4, 0 ]
  For site 1 of kind 1:
  +--------+
  |   -1   |
  | 0    -5|
  | 1    -2|
  |    4   |
  +--------+
* Maximum (unsigned) Site pair kind: 5
General system setup:
* Number of sites       : 6
* Number of electrons   : 6
* Spin imbalance MS2    : 0
* Filling               : 0.500000
* Number of orbitals in pool: 6
* Using real-valued orbitals
* Using double-precision arithmetic for orbitals

Trial wave function setup:
* Jastrow parameter file: "wfn.casl"
* Not using multideterminants
* Not using a backflow transformation
* Not using wave function manipulation

VMC #1:
* Size of Hilbert space =   4.0000E+02
* Deterministic energy evaluation:
  > Deterministic Etot/t = -230.69824220294143
    - Ttot/t = -10.365093314467879
    - Utot/t = 3.9093429656743406
* Number of equil. steps   = 1000
* Running VMC equilibration.
  Done. [total walltime: 0.01s]
* Equil. acc.ratio (%)     =  40.6771
* Sample config after equilibration:
  +-----+
  |  u  |
  |0   d|
  |2   u|
  |  d  |
  +-----+
* Number of accum. steps   = 500480 x 10
* Running VMC accumulation.
  Done. [total walltime: 1.49s]
* Acceptance ratio (%)     =  40.8007
* Etot/t                   =  -2.306982904279E+02 +/-   6.083923597638E-05
  > Ttot/t                 =  -1.036472450187E+01 +/-   2.967674463392E-04
  > Utot/t                 =   3.908925928110E+00 +/-   2.891304411601E-04
* var[Eloc/t]              =   1.911618005395E-03 +/-   1.831231668409E-05
* Correlation length       =   9.690654670185E-01
* log10 Psi^2 range: -6.3648116536668322 -- -2.2849810382374516
* log10 Pgen range : -6.3648116536668322 -- -2.2849810382374516
* Site occupation (ave. no. electrons per config.):
  > Site_  ___eu____  ___ed____
      1        0.501      0.497
      2        0.503      0.500
      3        0.497      0.498
      4        0.502      0.501
      5        0.499      0.502
      6        0.499      0.502
* Pair-correlation analysis (ave. no. pairs per config.):
  > Shell  nsite  ___dh____  __eueu___  __eued___
      0      1        0          0          1.046
      1      4        1.082      1.492      3.490
      2      4        0.158      0.846      1.091
      3      4        0.079      0.426      0.550
      4      4        0.235      2.160      1.882
      5      4        0.115      1.077      0.941

Optimization #1:
* Method          : lls
* Target function : energy
* No. of configs. : 50048
* No. of params.  : 14
* Before optimization:
  -1.0844E+00   3.7498E-01  -1.7825E-01  -1.8690E-01  -2.2575E-03   0.0000E+00
  -8.7501E-02  -1.2124E-01   5.0249E-02   8.7266E-02   6.8745E-02   1.1187E-01
  -2.7556E-02  -2.4929E-02
  > E    =  -2.306986337379E+02 +/-   2.004767022007E-04
  > varE =   2.011474569854E-03
* Computing derivatives.
  Done. [total walltime: 0.45s]
* Optimizing manipulation constant:
  #igrid a___________ E____________________________________ varE____________
     1     Infinity    -2.30698634E+02 +/-   2.00476702E-04   2.01147457E-03
     2     1.0000E+06  -2.30698634E+02 +/-   2.00476687E-04   2.01147427E-03
     3     2.1544E+05  -2.30698634E+02 +/-   2.00476632E-04   2.01147317E-03
     4     4.6416E+04  -2.30698634E+02 +/-   2.00476378E-04   2.01146806E-03
     5     1.0000E+04  -2.30698634E+02 +/-   2.00475198E-04   2.01144438E-03
     6     2.1544E+03  -2.30698634E+02 +/-   2.00469724E-04   2.01133454E-03
     7     4.6416E+02  -2.30698634E+02 +/-   2.00444426E-04   2.01082693E-03
     8     1.0000E+02  -2.30698634E+02 +/-   2.00329307E-04   2.00851789E-03
     9     2.1544E+01  -2.30698634E+02 +/-   1.99840640E-04   1.99873100E-03
    10     4.6416E+00  -2.30698632E+02 +/-   1.98268831E-04   1.96741337E-03
    11     1.0000E+00  -2.30698615E+02 +/-   1.95955479E-04   1.92177063E-03
    12     2.1544E-01  -2.30698587E+02 +/-   1.94918919E-04   1.90149294E-03
    13     4.6416E-02  -2.30698573E+02 +/-   1.94696631E-04   1.89715842E-03
    14     1.0000E-02  -2.30698570E+02 +/-   1.94650436E-04   1.89625827E-03
    15     2.1544E-03  -2.30698569E+02 +/-   1.94640526E-04   1.89606519E-03
    16     4.6416E-04  -2.30698569E+02 +/-   1.94638391E-04   1.89602361E-03
    17     1.0000E-04  -2.30698569E+02 +/-   1.94637932E-04   1.89601465E-03
    18     2.1544E-05  -2.30698569E+02 +/-   1.94637833E-04   1.89601272E-03
    19     4.6416E-06  -2.30698569E+02 +/-   1.94637811E-04   1.89601230E-03
    20     1.0000E-06  -2.30698569E+02 +/-   1.94637807E-04   1.89601221E-03
    21     0.0000E+00  -2.30698569E+02 +/-   1.94637805E-04   1.89601219E-03
  ParMin   7.3343E+00  -2.30698633E+02 +/-   1.98889749E-04   1.97975536E-03
  # Using grid point #10
* Iteration # 1: E =  -2.306986319296E+02 +/-   1.982688311064E-04
* Convergence: exiting.
* After optimization:
  -1.0197E+00   3.6264E-01  -1.9012E-01  -1.9645E-01  -1.3701E-02  -1.2173E-02
  -8.0888E-02  -1.1476E-01   5.9429E-02   9.6918E-02   7.2776E-02   1.1635E-01
  -2.1465E-02  -1.8533E-02
  > Energy =  -2.306986319296E+02 +/-   1.982688311064E-04
  > varE =   1.967413374826E-03

VMC #2:
* Size of Hilbert space =   4.0000E+02
* Deterministic energy evaluation:
  > Deterministic Etot/t = -230.69826966777470
    - Ttot/t = -10.365166546585725
    - Utot/t = 3.9093887329589201
* Number of equil. steps   = 1000
* Running VMC equilibration.
  Done. [total walltime: 0.01s]
* Equil. acc.ratio (%)     =  40.7699
* Sample config after equilibration:
  +-----+
  |  0  |
  |u   2|
  |2   d|
  |  0  |
  +-----+
* Number of accum. steps   = 500480 x 10
* Running VMC accumulation.
  Done. [total walltime: 0.94s]
* Acceptance ratio (%)     =  40.8028
* Etot/t                   =  -2.306982077306E+02 +/-   6.029292917672E-05
  > Ttot/t                 =  -1.036489136857E+01 +/-   2.997151187923E-04
  > Utot/t                 =   3.909175492223E+00 +/-   2.940619039269E-04
* var[Eloc/t]              =   1.850630950686E-03 +/-   1.392889558874E-05
* Correlation length       =   9.831044744973E-01
* log10 Psi^2 range: -5.7614447037964869 -- -2.2093981355095309
* log10 Pgen range : -5.7614447037964869 -- -2.2093981355095309
* Site occupation (ave. no. electrons per config.):
  > Site_  ___eu____  ___ed____
      1        0.498      0.501
      2        0.500      0.501
      3        0.498      0.500
      4        0.501      0.502
      5        0.503      0.499
      6        0.500      0.496
* Pair-correlation analysis (ave. no. pairs per config.):
  > Shell  nsite  ___dh____  __eueu___  __eued___
      0      1        0          0          1.048
      1      4        1.086      1.484      3.495
      2      4        0.156      0.841      1.101
      3      4        0.080      0.426      0.548
      4      4        0.234      2.166      1.877
      5      4        0.119      1.084      0.931

Optimization #2:
* Method          : lls
* Target function : energy
* No. of configs. : 50048
* No. of params.  : 14
* Before optimization:
  -1.0197E+00   3.6264E-01  -1.9012E-01  -1.9645E-01  -1.3701E-02  -1.2173E-02
  -8.0888E-02  -1.1476E-01   5.9429E-02   9.6918E-02   7.2776E-02   1.1635E-01
  -2.1465E-02  -1.8533E-02
  > E    =  -2.306981044724E+02 +/-   1.909404268644E-04
  > varE =   1.824662326395E-03
* Computing derivatives.
  Done. [total walltime: 0.46s]
* Optimizing manipulation constant:
  #igrid a___________ E____________________________________ varE____________
     1     Infinity    -2.30698104E+02 +/-   1.90940427E-04   1.82466233E-03
     2     1.0000E+06  -2.30698104E+02 +/-   1.90940420E-04   1.82466219E-03
     3     2.1544E+05  -2.30698104E+02 +/-   1.90940394E-04   1.82466170E-03
     4     4.6416E+04  -2.30698104E+02 +/-   1.90940276E-04   1.82465944E-03
     5     1.0000E+04  -2.30698104E+02 +/-   1.90939725E-04   1.82464892E-03
     6     2.1544E+03  -2.30698105E+02 +/-   1.90937173E-04   1.82460014E-03
     7     4.6416E+02  -2.30698105E+02 +/-   1.90925382E-04   1.82437480E-03
     8     1.0000E+02  -2.30698106E+02 +/-   1.90871847E-04   1.82335183E-03
     9     2.1544E+01  -2.30698109E+02 +/-   1.90646880E-04   1.81905626E-03
    10     4.6416E+00  -2.30698121E+02 +/-   1.89956171E-04   1.80589934E-03
    11     1.0000E+00  -2.30698140E+02 +/-   1.89143525E-04   1.79048086E-03
    12     2.1544E-01  -2.30698148E+02 +/-   1.89124574E-04   1.79012210E-03
    13     4.6416E-02  -2.30698149E+02 +/-   1.89276855E-04   1.79300603E-03
    14     1.0000E-02  -2.30698149E+02 +/-   1.89329272E-04   1.79399925E-03
    15     2.1544E-03  -2.30698149E+02 +/-   1.89341766E-04   1.79423603E-03
    16     4.6416E-04  -2.30698149E+02 +/-   1.89344517E-04   1.79428817E-03
    17     1.0000E-04  -2.30698149E+02 +/-   1.89345113E-04   1.79429946E-03
    18     2.1544E-05  -2.30698149E+02 +/-   1.89345241E-04   1.79430190E-03
    19     4.6416E-06  -2.30698149E+02 +/-   1.89345269E-04   1.79430242E-03
    20     1.0000E-06  -2.30698149E+02 +/-   1.89345275E-04   1.79430253E-03
    21     0.0000E+00  -2.30698149E+02 +/-   1.89345276E-04   1.79430256E-03
* Iteration # 1: E =  -2.306981489334E+02 +/-   1.892768550765E-04
* Diminishing returns: exiting.
* After optimization:
  -8.0978E-01   3.2162E-01  -2.2670E-01  -2.2854E-01  -4.8409E-02  -4.9901E-02
  -5.4864E-02  -9.0856E-02   8.6162E-02   1.2456E-01   8.7041E-02   1.2691E-01
  -2.7267E-03  -8.3875E-04
  > Energy =  -2.306981489334E+02 +/-   1.892768550765E-04
  > varE =   1.793006028320E-03

VMC #3:
* Size of Hilbert space =   4.0000E+02
* Deterministic energy evaluation:
  > Deterministic Etot/t = -230.69830647597004
    - Ttot/t = -10.365145182303513
    - Utot/t = 3.9093305604813486
* Number of equil. steps   = 1000
* Running VMC equilibration.
  Done. [total walltime: 0.01s]
* Equil. acc.ratio (%)     =  40.7189
* Sample config after equilibration:
  +-----+
  |  u  |
  |d   d|
  |2   0|
  |  u  |
  +-----+
* Number of accum. steps   = 500480 x 10
* Running VMC accumulation.
  Done. [total walltime: 0.95s]
* Acceptance ratio (%)     =  40.7928
* Etot/t                   =  -2.306983881341E+02 +/-   6.039621748582E-05
  > Ttot/t                 =  -1.036516729492E+01 +/-   3.015729679652E-04
  > Utot/t                 =   3.909271015076E+00 +/-   2.939282437836E-04
* var[Eloc/t]              =   1.841907664250E-03 +/-   1.873332098786E-05
* Correlation length       =   9.911476433982E-01
* log10 Psi^2 range: -5.4927172214457753 -- -1.9625349292725942
* log10 Pgen range : -5.4927172214457753 -- -1.9625349292725942
* Site occupation (ave. no. electrons per config.):
  > Site_  ___eu____  ___ed____
      1        0.501      0.499
      2        0.502      0.500
      3        0.499      0.500
      4        0.501      0.499
      5        0.499      0.500
      6        0.498      0.503
* Pair-correlation analysis (ave. no. pairs per config.):
  > Shell  nsite  ___dh____  __eueu___  __eued___
      0      1        0          0          1.048
      1      4        1.086      1.491      3.488
      2      4        0.158      0.849      1.093
      3      4        0.078      0.427      0.546
      4      4        0.236      2.155      1.883
      5      4        0.117      1.078      0.942

Optimization #3:
* Method          : lls
* Target function : energy
* No. of configs. : 50048
* No. of params.  : 14
* Before optimization:
  -8.0978E-01   3.2162E-01  -2.2670E-01  -2.2854E-01  -4.8409E-02  -4.9901E-02
  -5.4864E-02  -9.0856E-02   8.6162E-02   1.2456E-01   8.7041E-02   1.2691E-01
  -2.7267E-03  -8.3875E-04
  > E    =  -2.306984273717E+02 +/-   1.915993718040E-04
  > varE =   1.837278059111E-03
* Computing derivatives.
  Done. [total walltime: 0.46s]
* Optimizing manipulation constant:
  #igrid a___________ E____________________________________ varE____________
     1     Infinity    -2.30698427E+02 +/-   1.91599372E-04   1.83727806E-03
     2     1.0000E+06  -2.30698427E+02 +/-   1.91599371E-04   1.83727804E-03
     3     2.1544E+05  -2.30698427E+02 +/-   1.91599367E-04   1.83727796E-03
     4     4.6416E+04  -2.30698427E+02 +/-   1.91599348E-04   1.83727760E-03
     5     1.0000E+04  -2.30698427E+02 +/-   1.91599261E-04   1.83727594E-03
     6     2.1544E+03  -2.30698427E+02 +/-   1.91598860E-04   1.83726824E-03
     7     4.6416E+02  -2.30698427E+02 +/-   1.91597000E-04   1.83723257E-03
     8     1.0000E+02  -2.30698428E+02 +/-   1.91588463E-04   1.83706885E-03
     9     2.1544E+01  -2.30698428E+02 +/-   1.91550779E-04   1.83634624E-03
    10     4.6416E+00  -2.30698430E+02 +/-   1.91408409E-04   1.83361754E-03
    11     1.0000E+00  -2.30698434E+02 +/-   1.91064014E-04   1.82702513E-03
    12     2.1544E-01  -2.30698437E+02 +/-   1.90675522E-04   1.81960287E-03
    13     4.6416E-02  -2.30698438E+02 +/-   1.90482846E-04   1.81592735E-03
    14     1.0000E-02  -2.30698438E+02 +/-   1.90427729E-04   1.81487660E-03
    15     2.1544E-03  -2.30698438E+02 +/-   1.90414973E-04   1.81463347E-03
    16     4.6416E-04  -2.30698438E+02 +/-   1.90412180E-04   1.81458025E-03
    17     1.0000E-04  -2.30698438E+02 +/-   1.90411577E-04   1.81456874E-03
    18     2.1544E-05  -2.30698438E+02 +/-   1.90411446E-04   1.81456626E-03
    19     4.6416E-06  -2.30698438E+02 +/-   1.90411418E-04   1.81456573E-03
    20     1.0000E-06  -2.30698438E+02 +/-   1.90411412E-04   1.81456561E-03
    21     0.0000E+00  -2.30698438E+02 +/-   1.90411411E-04   1.81456558E-03
* Iteration # 1: E =  -2.306984381864E+02 +/-   1.904114106960E-04
* Diminishing returns: exiting.
* After optimization:
  -7.9378E-01   3.1775E-01  -2.2974E-01  -2.2777E-01  -5.2612E-02  -5.2481E-02
  -5.2738E-02  -9.1876E-02   8.8920E-02   1.2862E-01   8.9230E-02   1.2659E-01
   1.0048E-03   5.3938E-04
  > Energy =  -2.306984381864E+02 +/-   1.904114106960E-04
  > varE =   1.814565578418E-03

VMC #4:
* Size of Hilbert space =   4.0000E+02
* Deterministic energy evaluation:
  > Deterministic Etot/t = -230.69830588677871
    - Ttot/t = -10.365345552428893
    - Utot/t = 3.9095315197980804
* Number of equil. steps   = 1000
* Running VMC equilibration.
  Done. [total walltime: 0.01s]
* Equil. acc.ratio (%)     =  40.7255
* Sample config after equilibration:
  +-----+
  |  0  |
  |2   2|
  |0   d|
  |  u  |
  +-----+
* Number of accum. steps   = 500480 x 10
* Running VMC accumulation.
  Done. [total walltime: 0.95s]
* Acceptance ratio (%)     =  40.8547
* Etot/t                   =  -2.306983530669E+02 +/-   5.992849774075E-05
  > Ttot/t                 =  -1.036552258729E+01 +/-   2.975663946612E-04
  > Utot/t                 =   3.909661374426E+00 +/-   2.915202431736E-04
* var[Eloc/t]              =   1.799859549260E-03 +/-   1.016348448703E-05
* Correlation length       =   9.986536479444E-01
* log10 Psi^2 range: -6.0108159127728173 -- -1.9481237861998766
* log10 Pgen range : -6.0108159127728173 -- -1.9481237861998766
* Site occupation (ave. no. electrons per config.):
  > Site_  ___eu____  ___ed____
      1        0.500      0.505
      2        0.501      0.498
      3        0.498      0.499
      4        0.504      0.498
      5        0.500      0.498
      6        0.498      0.502
* Pair-correlation analysis (ave. no. pairs per config.):
  > Shell  nsite  ___dh____  __eueu___  __eued___
      0      1        0          0          1.045
      1      4        1.080      1.492      3.494
      2      4        0.158      0.851      1.094
      3      4        0.078      0.422      0.545
      4      4        0.232      2.155      1.880
      5      4        0.116      1.080      0.943

Optimization #4:
* Method          : lls
* Target function : energy
* No. of configs. : 50048
* No. of params.  : 14
* Before optimization:
  -7.9378E-01   3.1775E-01  -2.2974E-01  -2.2777E-01  -5.2612E-02  -5.2481E-02
  -5.2738E-02  -9.1876E-02   8.8920E-02   1.2862E-01   8.9230E-02   1.2659E-01
   1.0048E-03   5.3938E-04
  > E    =  -2.306982736381E+02 +/-   1.889895760738E-04
  > varE =   1.787567412102E-03
* Computing derivatives.
  Done. [total walltime: 0.45s]
* Optimizing manipulation constant:
  #igrid a___________ E____________________________________ varE____________
     1     Infinity    -2.30698274E+02 +/-   1.88989576E-04   1.78756741E-03
     2     1.0000E+06  -2.30698274E+02 +/-   1.88989576E-04   1.78756742E-03
     3     2.1544E+05  -2.30698274E+02 +/-   1.88989578E-04   1.78756745E-03
     4     4.6416E+04  -2.30698274E+02 +/-   1.88989585E-04   1.78756758E-03
     5     1.0000E+04  -2.30698274E+02 +/-   1.88989616E-04   1.78756817E-03
     6     2.1544E+03  -2.30698274E+02 +/-   1.88989763E-04   1.78757095E-03
     7     4.6416E+02  -2.30698274E+02 +/-   1.88990442E-04   1.78758379E-03
     8     1.0000E+02  -2.30698274E+02 +/-   1.88993571E-04   1.78764298E-03
     9     2.1544E+01  -2.30698274E+02 +/-   1.89007628E-04   1.78790891E-03
    10     4.6416E+00  -2.30698274E+02 +/-   1.89064482E-04   1.78898469E-03
    11     1.0000E+00  -2.30698273E+02 +/-   1.89229348E-04   1.79210608E-03
    12     2.1544E-01  -2.30698273E+02 +/-   1.89468111E-04   1.79663136E-03
    13     4.6416E-02  -2.30698272E+02 +/-   1.89608716E-04   1.79929893E-03
    14     1.0000E-02  -2.30698272E+02 +/-   1.89651698E-04   1.80011477E-03
    15     2.1544E-03  -2.30698272E+02 +/-   1.89661821E-04   1.80030696E-03
    16     4.6416E-04  -2.30698272E+02 +/-   1.89664047E-04   1.80034921E-03
    17     1.0000E-04  -2.30698272E+02 +/-   1.89664528E-04   1.80035835E-03
    18     2.1544E-05  -2.30698272E+02 +/-   1.89664632E-04   1.80036032E-03
    19     4.6416E-06  -2.30698272E+02 +/-   1.89664654E-04   1.80036075E-03
    20     1.0000E-06  -2.30698272E+02 +/-   1.89664659E-04   1.80036084E-03
    21     0.0000E+00  -2.30698272E+02 +/-   1.89664661E-04   1.80036086E-03
* Iteration # 1: E =  -2.306982736381E+02 +/-   1.889895760738E-04
* Convergence: exiting.
* After optimization:
  -7.9378E-01   3.1775E-01  -2.2974E-01  -2.2777E-01  -5.2612E-02  -5.2481E-02
  -5.2738E-02  -9.1876E-02   8.8920E-02   1.2862E-01   8.9230E-02   1.2659E-01
   1.0048E-03   5.3938E-04
  > Energy =  -2.306982736381E+02 +/-   1.889895760738E-04
  > varE =   1.787567412102E-03

VMC #5:
* Size of Hilbert space =   4.0000E+02
* Deterministic energy evaluation:
  > Deterministic Etot/t = -230.69830588677871
    - Ttot/t = -10.365345552428893
    - Utot/t = 3.9095315197980804
* Number of equil. steps   = 1000
* Running VMC equilibration.
  Done. [total walltime: 0.01s]
* Equil. acc.ratio (%)     =  40.8823
* Sample config after equilibration:
  +-----+
  |  d  |
  |u   d|
  |u   u|
  |  d  |
  +-----+
* Number of accum. steps   = 500480 x 10
* Running VMC accumulation.
  Done. [total walltime: 0.94s]
* Acceptance ratio (%)     =  40.8245
* Etot/t                   =  -2.306982767748E+02 +/-   5.889216901085E-05
  > Ttot/t                 =  -1.036530606527E+01 +/-   3.030156023627E-04
  > Utot/t                 =   3.909521144577E+00 +/-   2.945028909977E-04
* var[Eloc/t]              =   1.788975410554E-03 +/-   1.664864709223E-05
* Correlation length       =   9.702808396331E-01
* log10 Psi^2 range: -5.4739229926160551 -- -1.9481237861999074
* log10 Pgen range : -5.4739229926160551 -- -1.9481237861999074
* Site occupation (ave. no. electrons per config.):
  > Site_  ___eu____  ___ed____
      1        0.499      0.499
      2        0.504      0.497
      3        0.501      0.503
      4        0.495      0.499
      5        0.501      0.501
      6        0.499      0.501
* Pair-correlation analysis (ave. no. pairs per config.):
  > Shell  nsite  ___dh____  __eueu___  __eued___
      0      1        0          0          1.044
      1      4        1.077      1.497      3.491
      2      4        0.156      0.848      1.090
      3      4        0.080      0.428      0.547
      4      4        0.236      2.152      1.886
      5      4        0.115      1.075      0.941

Optimization #5:
* Method          : lls
* Target function : energy
* No. of configs. : 50048
* No. of params.  : 14
* Before optimization:
  -7.9378E-01   3.1775E-01  -2.2974E-01  -2.2777E-01  -5.2612E-02  -5.2481E-02
  -5.2738E-02  -9.1876E-02   8.8920E-02   1.2862E-01   8.9230E-02   1.2659E-01
   1.0048E-03   5.3938E-04
  > E    =  -2.306981516904E+02 +/-   1.857491978494E-04
  > varE =   1.726794357782E-03
* Computing derivatives.
  Done. [total walltime: 0.45s]
* Optimizing manipulation constant:
  #igrid a___________ E____________________________________ varE____________
     1     Infinity    -2.30698152E+02 +/-   1.85749198E-04   1.72679436E-03
     2     1.0000E+06  -2.30698152E+02 +/-   1.85749199E-04   1.72679437E-03
     3     2.1544E+05  -2.30698152E+02 +/-   1.85749201E-04   1.72679441E-03
     4     4.6416E+04  -2.30698152E+02 +/-   1.85749212E-04   1.72679462E-03
     5     1.0000E+04  -2.30698152E+02 +/-   1.85749264E-04   1.72679559E-03
     6     2.1544E+03  -2.30698152E+02 +/-   1.85749505E-04   1.72680006E-03
     7     4.6416E+02  -2.30698152E+02 +/-   1.85750621E-04   1.72682081E-03
     8     1.0000E+02  -2.30698152E+02 +/-   1.85755775E-04   1.72691666E-03
     9     2.1544E+01  -2.30698152E+02 +/-   1.85779159E-04   1.72735146E-03
    10     4.6416E+00  -2.30698154E+02 +/-   1.85876853E-04   1.72916864E-03
    11     1.0000E+00  -2.30698156E+02 +/-   1.86174945E-04   1.73471923E-03
    12     2.1544E-01  -2.30698158E+02 +/-   1.86612955E-04   1.74289133E-03
    13     4.6416E-02  -2.30698159E+02 +/-   1.86867184E-04   1.74764335E-03
    14     1.0000E-02  -2.30698159E+02 +/-   1.86944100E-04   1.74908233E-03
    15     2.1544E-03  -2.30698159E+02 +/-   1.86962158E-04   1.74942025E-03
    16     4.6416E-04  -2.30698159E+02 +/-   1.86966124E-04   1.74949448E-03
    17     1.0000E-04  -2.30698159E+02 +/-   1.86966982E-04   1.74951054E-03
    18     2.1544E-05  -2.30698159E+02 +/-   1.86967167E-04   1.74951400E-03
    19     4.6416E-06  -2.30698159E+02 +/-   1.86967207E-04   1.74951475E-03
    20     1.0000E-06  -2.30698159E+02 +/-   1.86967216E-04   1.74951491E-03
    21     0.0000E+00  -2.30698159E+02 +/-   1.86967218E-04   1.74951495E-03
* Iteration # 1: E =  -2.306981583299E+02 +/-   1.866129553503E-04
* Convergence: exiting.
* After optimization:
  -7.9635E-01   3.2037E-01  -2.3183E-01  -2.3244E-01  -5.2220E-02  -5.1346E-02
  -5.2910E-02  -9.1300E-02   8.9352E-02   1.2680E-01   8.9753E-02   1.2499E-01
   1.7334E-03   2.5661E-04
  > Energy =  -2.306981583299E+02 +/-   1.866129553503E-04
  > varE =   1.742891326193E-03

VMC #6:
* Size of Hilbert space =   4.0000E+02
* Deterministic energy evaluation:
  > Deterministic Etot/t = -230.69830666875808
    - Ttot/t = -10.365135590641186
    - Utot/t = 3.9093207760309476
* Number of equil. steps   = 1000
* Running VMC equilibration.
  Done. [total walltime: 0.01s]
* Equil. acc.ratio (%)     =  40.7936
* Sample config after equilibration:
  +-----+
  |  0  |
  |u   2|
  |d   2|
  |  0  |
  +-----+
* Number of accum. steps   = 500480 x 10
* Running VMC accumulation.
  Done. [total walltime: 0.94s]
* Acceptance ratio (%)     =  40.7780
* Etot/t                   =  -2.306983963396E+02 +/-   6.075694922788E-05
  > Ttot/t                 =  -1.036561443693E+01 +/-   2.933074286595E-04
  > Utot/t                 =   3.909709951549E+00 +/-   2.871069204270E-04
* var[Eloc/t]              =   1.860444202157E-03 +/-   2.052534348725E-05
* Correlation length       =   9.930291448136E-01
* log10 Psi^2 range: -6.0192734090631550 -- -1.9471302153125947
* log10 Pgen range : -6.0192734090631550 -- -1.9471302153125947
* Site occupation (ave. no. electrons per config.):
  > Site_  ___eu____  ___ed____
      1        0.497      0.502
      2        0.500      0.500
      3        0.504      0.497
      4        0.498      0.504
      5        0.500      0.499
      6        0.501      0.498
* Pair-correlation analysis (ave. no. pairs per config.):
  > Shell  nsite  ___dh____  __eueu___  __eued___
      0      1        0          0          1.042
      1      4        1.077      1.483      3.504
      2      4        0.160      0.841      1.097
      3      4        0.078      0.423      0.550
      4      4        0.232      2.167      1.872
      5      4        0.116      1.087      0.935

Optimization #6:
* Method          : lls
* Target function : energy
* No. of configs. : 50048
* No. of params.  : 14
* Before optimization:
  -7.9635E-01   3.2037E-01  -2.3183E-01  -2.3244E-01  -5.2220E-02  -5.1346E-02
  -5.2910E-02  -9.1300E-02   8.9352E-02   1.2680E-01   8.9753E-02   1.2499E-01
   1.7334E-03   2.5661E-04
  > E    =  -2.306985915927E+02 +/-   1.955694032881E-04
  > varE =   1.914205449916E-03
* Computing derivatives.
  Done. [total walltime: 0.46s]
* Optimizing manipulation constant:
  #igrid a___________ E____________________________________ varE____________
     1     Infinity    -2.30698592E+02 +/-   1.95569403E-04   1.91420545E-03
     2     1.0000E+06  -2.30698592E+02 +/-   1.95569402E-04   1.91420542E-03
     3     2.1544E+05  -2.30698592E+02 +/-   1.95569395E-04   1.91420529E-03
     4     4.6416E+04  -2.30698592E+02 +/-   1.95569366E-04   1.91420472E-03
     5     1.0000E+04  -2.30698592E+02 +/-   1.95569230E-04   1.91420207E-03
     6     2.1544E+03  -2.30698592E+02 +/-   1.95568601E-04   1.91418975E-03
     7     4.6416E+02  -2.30698592E+02 +/-   1.95565687E-04   1.91413270E-03
     8     1.0000E+02  -2.30698592E+02 +/-   1.95552305E-04   1.91387076E-03
     9     2.1544E+01  -2.30698592E+02 +/-   1.95493125E-04   1.91271254E-03
    10     4.6416E+00  -2.30698592E+02 +/-   1.95267990E-04   1.90830962E-03
    11     1.0000E+00  -2.30698594E+02 +/-   1.94714486E-04   1.89750642E-03
    12     2.1544E-01  -2.30698595E+02 +/-   1.94081150E-04   1.88518268E-03
    13     4.6416E-02  -2.30698595E+02 +/-   1.93767243E-04   1.87908941E-03
    14     1.0000E-02  -2.30698595E+02 +/-   1.93677899E-04   1.87735697E-03
    15     2.1544E-03  -2.30698595E+02 +/-   1.93657266E-04   1.87695698E-03
    16     4.6416E-04  -2.30698595E+02 +/-   1.93652751E-04   1.87686946E-03
    17     1.0000E-04  -2.30698595E+02 +/-   1.93651775E-04   1.87685054E-03
    18     2.1544E-05  -2.30698595E+02 +/-   1.93651564E-04   1.87684646E-03
    19     4.6416E-06  -2.30698595E+02 +/-   1.93651519E-04   1.87684558E-03
    20     1.0000E-06  -2.30698595E+02 +/-   1.93651509E-04   1.87684539E-03
    21     0.0000E+00  -2.30698595E+02 +/-   1.93651506E-04   1.87684534E-03
* Iteration # 1: E =  -2.306985949953E+02 +/-   1.936515089775E-04
* Convergence: exiting.
* After optimization:
  -7.6985E-01   3.1270E-01  -2.3373E-01  -2.2914E-01  -5.7696E-02  -5.5370E-02
  -4.7567E-02  -9.1253E-02   9.2421E-02   1.3066E-01   9.3702E-02   1.2131E-01
   7.4553E-03   4.3549E-04
  > Energy =  -2.306985949953E+02 +/-   1.936515089775E-04
  > varE =   1.876845389995E-03

VMC #7:
* Size of Hilbert space =   4.0000E+02
* Deterministic energy evaluation:
  > Deterministic Etot/t = -230.69830350760333
    - Ttot/t = -10.365580231322244
    - Utot/t = 3.9097685778668088
* Number of equil. steps   = 1000
* Running VMC equilibration.
  Done. [total walltime: 0.01s]
* Equil. acc.ratio (%)     =  41.0766
* Sample config after equilibration:
  +-----+
  |  2  |
  |0   0|
  |u   2|
  |  d  |
  +-----+
* Number of accum. steps   = 500480 x 10
* Running VMC accumulation.
  Done. [total walltime: 0.94s]
* Acceptance ratio (%)     =  40.8784
* Etot/t                   =  -2.306983155440E+02 +/-   6.025804620484E-05
  > Ttot/t                 =  -1.036585252570E+01 +/-   2.931169177540E-04
  > Utot/t                 =   3.910028835857E+00 +/-   2.881309800099E-04
* var[Eloc/t]              =   1.805855499715E-03 +/-   1.974209457428E-05
* Correlation length       =   1.006314714506E+00
* log10 Psi^2 range: -5.9789718864344525 -- -1.9235003803588138
* log10 Pgen range : -5.9789718864344525 -- -1.9235003803588138
* Site occupation (ave. no. electrons per config.):
  > Site_  ___eu____  ___ed____
      1        0.497      0.501
      2        0.495      0.501
      3        0.505      0.498
      4        0.497      0.499
      5        0.501      0.498
      6        0.505      0.502
* Pair-correlation analysis (ave. no. pairs per config.):
  > Shell  nsite  ___dh____  __eueu___  __eued___
      0      1        0          0          1.048
      1      4        1.079      1.497      3.491
      2      4        0.157      0.850      1.100
      3      4        0.080      0.424      0.543
      4      4        0.239      2.149      1.880
      5      4        0.120      1.080      0.938

Optimization #7:
* Method          : lls
* Target function : energy
* No. of configs. : 50048
* No. of params.  : 14
* Before optimization:
  -7.6985E-01   3.1270E-01  -2.3373E-01  -2.2914E-01  -5.7696E-02  -5.5370E-02
  -4.7567E-02  -9.1253E-02   9.2421E-02   1.3066E-01   9.3702E-02   1.2131E-01
   7.4553E-03   4.3549E-04
  > E    =  -2.306978921684E+02 +/-   1.847325193453E-04
  > varE =   1.707943238161E-03
* Computing derivatives.
  Done. [total walltime: 0.46s]
* Optimizing manipulation constant:
  #igrid a___________ E____________________________________ varE____________
     1     Infinity    -2.30697892E+02 +/-   1.84732519E-04   1.70794324E-03
     2     1.0000E+06  -2.30697892E+02 +/-   1.84732520E-04   1.70794325E-03
     3     2.1544E+05  -2.30697892E+02 +/-   1.84732523E-04   1.70794331E-03
     4     4.6416E+04  -2.30697892E+02 +/-   1.84732538E-04   1.70794358E-03
     5     1.0000E+04  -2.30697892E+02 +/-   1.84732605E-04   1.70794483E-03
     6     2.1544E+03  -2.30697892E+02 +/-   1.84732918E-04   1.70795061E-03
     7     4.6416E+02  -2.30697892E+02 +/-   1.84734371E-04   1.70797747E-03
     8     1.0000E+02  -2.30697892E+02 +/-   1.84741116E-04   1.70810220E-03
     9     2.1544E+01  -2.30697893E+02 +/-   1.84772419E-04   1.70868109E-03
    10     4.6416E+00  -2.30697894E+02 +/-   1.84913329E-04   1.71128822E-03
    11     1.0000E+00  -2.30697897E+02 +/-   1.85401229E-04   1.72033072E-03
    12     2.1544E-01  -2.30697897E+02 +/-   1.86179576E-04   1.73480554E-03
    13     4.6416E-02  -2.30697897E+02 +/-   1.86639760E-04   1.74339205E-03
    14     1.0000E-02  -2.30697897E+02 +/-   1.86778921E-04   1.74599282E-03
    15     2.1544E-03  -2.30697896E+02 +/-   1.86811565E-04   1.74660318E-03
    16     4.6416E-04  -2.30697896E+02 +/-   1.86818733E-04   1.74673722E-03
    17     1.0000E-04  -2.30697896E+02 +/-   1.86820284E-04   1.74676622E-03
    18     2.1544E-05  -2.30697896E+02 +/-   1.86820619E-04   1.74677247E-03
    19     4.6416E-06  -2.30697896E+02 +/-   1.86820691E-04   1.74677382E-03
    20     1.0000E-06  -2.30697896E+02 +/-   1.86820706E-04   1.74677411E-03
    21     0.0000E+00  -2.30697896E+02 +/-   1.86820710E-04   1.74677419E-03
* Iteration # 1: E =  -2.306978966568E+02 +/-   1.854012289533E-04
* Convergence: exiting.
* After optimization:
  -7.9088E-01   3.1840E-01  -2.3257E-01  -2.3080E-01  -5.3672E-02  -5.2189E-02
  -5.0588E-02  -9.2467E-02   8.9715E-02   1.2702E-01   9.1843E-02   1.2048E-01
   5.1036E-03  -5.1479E-04
  > Energy =  -2.306978966568E+02 +/-   1.854012289533E-04
  > varE =   1.720330718424E-03

VMC #8:
* Size of Hilbert space =   4.0000E+02
* Deterministic energy evaluation:
  > Deterministic Etot/t = -230.69830620931799
    - Ttot/t = -10.365327159307936
    - Utot/t = 3.9095128041378557
* Number of equil. steps   = 1000
* Running VMC equilibration.
  Done. [total walltime: 0.01s]
* Equil. acc.ratio (%)     =  40.7090
* Sample config after equilibration:
  +-----+
  |  u  |
  |d   u|
  |u   d|
  |  d  |
  +-----+
* Number of accum. steps   = 500480 x 10
* Running VMC accumulation.
  Done. [total walltime: 0.94s]
* Acceptance ratio (%)     =  40.8413
* Etot/t                   =  -2.306982990187E+02 +/-   5.960372368350E-05
  > Ttot/t                 =  -1.036561851634E+01 +/-   2.931541978778E-04
  > Utot/t                 =   3.909811351872E+00 +/-   2.877497769740E-04
* var[Eloc/t]              =   1.792836776398E-03 +/-   1.154519337362E-05
* Correlation length       =   9.917284226522E-01
* log10 Psi^2 range: -6.0133713496394865 -- -1.9450328928839311
* log10 Pgen range : -6.0133713496394865 -- -1.9450328928839311
* Site occupation (ave. no. electrons per config.):
  > Site_  ___eu____  ___ed____
      1        0.497      0.496
      2        0.499      0.499
      3        0.501      0.503
      4        0.500      0.500
      5        0.504      0.499
      6        0.499      0.502
* Pair-correlation analysis (ave. no. pairs per config.):
  > Shell  nsite  ___dh____  __eueu___  __eued___
      0      1        0          0          1.051
      1      4        1.078      1.495      3.492
      2      4        0.155      0.848      1.100
      3      4        0.081      0.421      0.549
      4      4        0.239      2.160      1.874
      5      4        0.122      1.076      0.934

Optimization #8:
* Method          : lls
* Target function : energy
* No. of configs. : 50048
* No. of params.  : 14
* Before optimization:
  -7.9088E-01   3.1840E-01  -2.3257E-01  -2.3080E-01  -5.3672E-02  -5.2189E-02
  -5.0588E-02  -9.2467E-02   8.9715E-02   1.2702E-01   9.1843E-02   1.2048E-01
   5.1036E-03  -5.1479E-04
  > E    =  -2.306983231215E+02 +/-   1.918179746122E-04
  > varE =   1.841472887714E-03
* Computing derivatives.
  Done. [total walltime: 0.45s]
* Optimizing manipulation constant:
  #igrid a___________ E____________________________________ varE____________
     1     Infinity    -2.30698323E+02 +/-   1.91817975E-04   1.84147289E-03
     2     1.0000E+06  -2.30698323E+02 +/-   1.91817974E-04   1.84147288E-03
     3     2.1544E+05  -2.30698323E+02 +/-   1.91817973E-04   1.84147286E-03
     4     4.6416E+04  -2.30698323E+02 +/-   1.91817967E-04   1.84147275E-03
     5     1.0000E+04  -2.30698323E+02 +/-   1.91817941E-04   1.84147225E-03
     6     2.1544E+03  -2.30698323E+02 +/-   1.91817820E-04   1.84146991E-03
     7     4.6416E+02  -2.30698323E+02 +/-   1.91817257E-04   1.84145911E-03
     8     1.0000E+02  -2.30698323E+02 +/-   1.91814683E-04   1.84140969E-03
     9     2.1544E+01  -2.30698323E+02 +/-   1.91803493E-04   1.84119485E-03
    10     4.6416E+00  -2.30698324E+02 +/-   1.91764012E-04   1.84043694E-03
    11     1.0000E+00  -2.30698327E+02 +/-   1.91691628E-04   1.83904781E-03
    12     2.1544E-01  -2.30698330E+02 +/-   1.91659430E-04   1.83843006E-03
    13     4.6416E-02  -2.30698331E+02 +/-   1.91664261E-04   1.83852275E-03
    14     1.0000E-02  -2.30698331E+02 +/-   1.91668065E-04   1.83859572E-03
    15     2.1544E-03  -2.30698331E+02 +/-   1.91669093E-04   1.83861544E-03
    16     4.6416E-04  -2.30698331E+02 +/-   1.91669326E-04   1.83861990E-03
    17     1.0000E-04  -2.30698331E+02 +/-   1.91669376E-04   1.83862087E-03
    18     2.1544E-05  -2.30698331E+02 +/-   1.91669387E-04   1.83862108E-03
    19     4.6416E-06  -2.30698331E+02 +/-   1.91669389E-04   1.83862113E-03
    20     1.0000E-06  -2.30698331E+02 +/-   1.91669390E-04   1.83862114E-03
    21     0.0000E+00  -2.30698331E+02 +/-   1.91669390E-04   1.83862114E-03
* Iteration # 1: E =  -2.306983314508E+02 +/-   1.916693901269E-04
* Convergence: exiting.
* After optimization:
  -7.8102E-01   3.1701E-01  -2.3366E-01  -2.3570E-01  -5.6425E-02  -5.3501E-02
  -4.8548E-02  -9.2755E-02   9.2376E-02   1.2818E-01   9.6560E-02   1.2095E-01
   8.1541E-03  -1.2772E-03
  > Energy =  -2.306983314508E+02 +/-   1.916693901269E-04
  > varE =   1.838621139025E-03

VMC #9:
* Size of Hilbert space =   4.0000E+02
* Deterministic energy evaluation:
  > Deterministic Etot/t = -230.69830552626738
    - Ttot/t = -10.365267120078011
    - Utot/t = 3.9094534479584868
* Number of equil. steps   = 1000
* Running VMC equilibration.
  Done. [total walltime: 0.01s]
* Equil. acc.ratio (%)     =  40.7298
* Sample config after equilibration:
  +-----+
  |  u  |
  |2   d|
  |0   d|
  |  u  |
  +-----+
* Number of accum. steps   = 500480 x 10
* Running VMC accumulation.
  Done. [total walltime: 0.94s]
* Acceptance ratio (%)     =  40.8231
* Etot/t                   =  -2.306983213071E+02 +/-   5.976198228009E-05
  > Ttot/t                 =  -1.036561245793E+01 +/-   2.917015986988E-04
  > Utot/t                 =   3.909783005024E+00 +/-   2.848783559924E-04
* var[Eloc/t]              =   1.811603946816E-03 +/-   1.907819525106E-05
* Correlation length       =   9.866734854146E-01
* log10 Psi^2 range: -6.0057765413092836 -- -1.9335129803234046
* log10 Pgen range : -6.0057765413092836 -- -1.9335129803234046
* Site occupation (ave. no. electrons per config.):
  > Site_  ___eu____  ___ed____
      1        0.497      0.506
      2        0.503      0.500
      3        0.503      0.499
      4        0.500      0.499
      5        0.499      0.500
      6        0.499      0.496
* Pair-correlation analysis (ave. no. pairs per config.):
  > Shell  nsite  ___dh____  __eueu___  __eued___
      0      1        0          0          1.048
      1      4        1.083      1.492      3.492
      2      4        0.156      0.848      1.095
      3      4        0.081      0.426      0.546
      4      4        0.236      2.159      1.882
      5      4        0.119      1.075      0.937

Optimization #9:
* Method          : lls
* Target function : energy
* No. of configs. : 50048
* No. of params.  : 14
* Before optimization:
  -7.8102E-01   3.1701E-01  -2.3366E-01  -2.3570E-01  -5.6425E-02  -5.3501E-02
  -4.8548E-02  -9.2755E-02   9.2376E-02   1.2818E-01   9.6560E-02   1.2095E-01
   8.1541E-03  -1.2772E-03
  > E    =  -2.306983354691E+02 +/-   1.900827653286E-04
  > varE =   1.808307193717E-03
* Computing derivatives.
  Done. [total walltime: 0.45s]
* Optimizing manipulation constant:
  #igrid a___________ E____________________________________ varE____________
     1     Infinity    -2.30698335E+02 +/-   1.90082765E-04   1.80830719E-03
     2     1.0000E+06  -2.30698335E+02 +/-   1.90082765E-04   1.80830719E-03
     3     2.1544E+05  -2.30698335E+02 +/-   1.90082765E-04   1.80830718E-03
     4     4.6416E+04  -2.30698335E+02 +/-   1.90082762E-04   1.80830714E-03
     5     1.0000E+04  -2.30698335E+02 +/-   1.90082752E-04   1.80830694E-03
     6     2.1544E+03  -2.30698335E+02 +/-   1.90082703E-04   1.80830600E-03
     7     4.6416E+02  -2.30698335E+02 +/-   1.90082475E-04   1.80830167E-03
     8     1.0000E+02  -2.30698335E+02 +/-   1.90081433E-04   1.80828185E-03
     9     2.1544E+01  -2.30698335E+02 +/-   1.90076895E-04   1.80819551E-03
    10     4.6416E+00  -2.30698336E+02 +/-   1.90060693E-04   1.80788725E-03
    11     1.0000E+00  -2.30698335E+02 +/-   1.90027885E-04   1.80726316E-03
    12     2.1544E-01  -2.30698335E+02 +/-   1.90000230E-04   1.80673718E-03
    13     4.6416E-02  -2.30698334E+02 +/-   1.89989096E-04   1.80652543E-03
    14     1.0000E-02  -2.30698334E+02 +/-   1.89986153E-04   1.80646946E-03
    15     2.1544E-03  -2.30698334E+02 +/-   1.89985486E-04   1.80645678E-03
    16     4.6416E-04  -2.30698334E+02 +/-   1.89985341E-04   1.80645402E-03
    17     1.0000E-04  -2.30698334E+02 +/-   1.89985309E-04   1.80645342E-03
    18     2.1544E-05  -2.30698334E+02 +/-   1.89985303E-04   1.80645329E-03
    19     4.6416E-06  -2.30698334E+02 +/-   1.89985301E-04   1.80645326E-03
    20     1.0000E-06  -2.30698334E+02 +/-   1.89985301E-04   1.80645326E-03
    21     0.0000E+00  -2.30698334E+02 +/-   1.89985301E-04   1.80645326E-03
* Iteration # 1: E =  -2.306983355224E+02 +/-   1.900606926759E-04
* Convergence: exiting.
* After optimization:
  -7.8279E-01   3.1727E-01  -2.3343E-01  -2.3507E-01  -5.6056E-02  -5.3380E-02
  -4.8966E-02  -9.2881E-02   9.2187E-02   1.2817E-01   9.6342E-02   1.2120E-01
   7.6836E-03  -1.3364E-03
  > Energy =  -2.306983355224E+02 +/-   1.900606926759E-04
  > varE =   1.807887252233E-03

VMC #10:
* Size of Hilbert space =   4.0000E+02
* Deterministic energy evaluation:
  > Deterministic Etot/t = -230.69830578499372
    - Ttot/t = -10.365258458354216
    - Utot/t = 3.9094445275083873
* Number of equil. steps   = 1000
* Running VMC equilibration.
  Done. [total walltime: 0.01s]
* Equil. acc.ratio (%)     =  40.7357
* Sample config after equilibration:
  +-----+
  |  u  |
  |0   d|
  |2   d|
  |  u  |
  +-----+
* Number of accum. steps   = 500480 x 10
* Running VMC accumulation.
  Done. [total walltime: 0.93s]
* Acceptance ratio (%)     =  40.8019
* Etot/t                   =  -2.306983062484E+02 +/-   6.090041324926E-05
  > Ttot/t                 =  -1.036511514997E+01 +/-   2.932881570950E-04
  > Utot/t                 =   3.909300755805E+00 +/-   2.877116682980E-04
* var[Eloc/t]              =   1.801309595921E-03 +/-   2.020384537011E-05
* Correlation length       =   1.030478283205E+00
* log10 Psi^2 range: -6.0030693923383263 -- -1.9356133022601689
* log10 Pgen range : -6.0030693923383263 -- -1.9356133022601689
* Site occupation (ave. no. electrons per config.):
  > Site_  ___eu____  ___ed____
      1        0.500      0.498
      2        0.501      0.500
      3        0.501      0.500
      4        0.502      0.500
      5        0.497      0.500
      6        0.499      0.502
* Pair-correlation analysis (ave. no. pairs per config.):
  > Shell  nsite  ___dh____  __eueu___  __eued___
      0      1        0          0          1.047
      1      4        1.081      1.494      3.491
      2      4        0.159      0.850      1.090
      3      4        0.079      0.423      0.547
      4      4        0.236      2.157      1.879
      5      4        0.116      1.077      0.947

VDAGGER finished.
Total VDAGGER walltime: 32.3s

Run ended: Fri Sep 26 09:03:17 CEST 2025
