Run started: Thu Oct  2 13:13:49 CEST 2025
Using VDAGGER_ARCH = gnu7_fkfamd_cluster
Running 1x128 MPI processes.

                               xx
                              +##
                               #X
                               Xx
                          X##XxXxxX##x
                           +   Xx  ++
                               ##
                              +##
                              +##
     ++++         ++          +##
   xX+++##+      ####         +##
  Xx    ###      +X##          ##
 xX    X##+        ##          #X
 +    x##X         #x          #X
      ###         +#           x+
     X##+         #+
     ###         Xx                    _______
     ##X       +X+   __________________VDAGGER
     +##x    +xX     2nd quantized variational
       +xxxxx+       ______quantum Monte Carlo

* Running 128 MPI processes.
* Input file: "input.casl"

############# Start of input file dump #############
General:
  Random seed: timer

Plan:
  VMC-optimization:
    Minimum cycles: 7
    Convergence cycles: 3

System:
  Read Hamiltonian: FCIDUMP_loc_naphthalene
  Read orbitals: LTSC_naphthalene
  Complex orbitals: F
  Site kinds: [ 1, 2, 3, 1, 3, 3, 2, 3, 2, 2 ]
  Geometry:
    r_1: [ 0.00000000000000, 1.34347620379600 ]
    r_4: [ 0.00000000000000, -1.34347620379600 ]
    r_3: [ 2.34629842880300, 2.63976101399600 ]
    r_5: [ -2.34629842880300, -2.63976101399600 ]
    r_6: [ -2.34629842880300, 2.63976101399600 ]
    r_8: [ 2.34629842880300, -2.63976101399600 ]
    r_9: [ 4.58120036880600, 1.33647725770700 ]
    r_2: [ -4.58120036880600, -1.33647725770700 ]
    r_7: [ -4.58120036880600, 1.33647725770700 ]
    r_10: [ 4.58120036880600, -1.33647725770700 ]
    Tolerance: 0.05

VMC:
  nstep: 1000000
  nconfig: 500000

Optimization:
  max_niter: 1

Jastrow: wfn.casl

Backflow: wfn.casl

Multideterminants: wfn.casl
############## End of input file dump ##############

General setup:
* Random seed: 1554013836 (from timer)

* Loaded integrals for system with nelec=10, ms2=0, norb=10
* INFO: setting number of electrons from integrals file.
* Analysis of Hamiltonian connecitivity performed:
  - T_ii (local, 1-site): 10 (i) values
  - U_iiii [opp] (local, 1-site): 10 (i) values
  - U_kkii [opp] (local, 2-site): 90 contribs. from 10 (i) values
  - U_kkii [par] (local, 2-site): 45 contribs. from 9 (i) values
  - T_ji (single, 2-site): 90 contribs. from 10 (i) values
  - U_kkji [opp] (single, 2/3-site): 900 contribs. from 90 (i,j) pairs
  - U_kkji [par] (single, 3-site): 810 contribs. from 90 (i,j) pairs
  - U_lkji [opp] (double, 2/3/4-site): 8100 contribs. from 90 (i,j) pairs
  - U_lkji [par] (double, 4-site): 1740 contribs. from 72 (i,j) pairs
  - Max. no. wfn. ratios in Eloc: 1467
* Reading override orbitals from file "LTSC_naphthalene".
* Site labels:
  +--------------+
  |    6     3   |
  | 7     1     9|
  | 2     4    10|
  |    5     8   |
  +--------------+
* Read-in Site kinds:
  [ 1, 2, 3, 1, 3, 3, 2, 3, 2, 2 ]
  +---------+
  |  3   3  |
  |2   1   2|
  |2   1   2|
  |  3   3  |
  +---------+
* Maximum Site kind: 3
* Number of site-pair kinds with Tij=0: 0
* Automatically set Site pair kinds:
  Site 1: [ 0, -7, -4, 3, -8, -4, -9, 8, 9, -7 ]
  Site 2: [ -7, 0, 12, -9, 1, 10, 2, 14, 16, -15 ]
  Site 3: [ -4, 12, 0, -8, -11, 5, -13, -6, -1, 10 ]
  Site 4: [ 3, -9, -8, 0, -4, -8, -7, 4, 7, -9 ]
  Site 5: [ -8, 1, -11, -4, 0, 6, 10, -5, -12, -14 ]
  Site 6: [ -4, 10, 5, -8, 6, 0, 1, 11, 14, 12 ]
  Site 7: [ -9, 2, -13, -7, 10, 1, 0, -12, 15, -16 ]
  Site 8: [ 8, 14, -6, 4, -5, 11, -12, 0, 10, -1 ]
  Site 9: [ 9, 16, -1, 7, -12, 14, 15, 10, 0, -2 ]
  Site 10: [ -7, -15, 10, -9, -14, 12, -16, -1, -2, 0 ]
  For site 1 of kind 1:
  +--------------+
  |   -4    -4   |
  |-9     0     9|
  |-7     3    -7|
  |   -8     8   |
  +--------------+
  For site 2 of kind 2:
  +-------------------+
  |     10      12    |
  |  2      -7      16|
  |  0      -9     -15|
  |      1      14    |
  +-------------------+
  For site 3 of kind 3:
  +-------------------+
  |      5       0    |
  |-13      -4      -1|
  | 12      -8      10|
  |    -11      -6    |
  +-------------------+
* Maximum (unsigned) Site pair kind: 16
General system setup:
* Number of sites       : 10
* Number of electrons   : 10
* Spin imbalance MS2    : 0
* Filling               : 0.500000
* Number of orbitals in pool: 10
* Using real-valued orbitals
* Using double-precision arithmetic for orbitals

Trial wave function setup:
* Jastrow parameter file: "wfn.casl"
* Multideterminant parameter file: "wfn.casl"
* Backflow parameter file: "wfn.casl"
* Not using wave function manipulation

VMC #1:
* Size of Hilbert space =   6.3504E+04
* Deterministic energy evaluation:
  > Deterministic Etot/t = -383.29984781721066
    - Ttot/t = -23.228258631893453
    - Utot/t = 9.4427564918530429
* Number of equil. steps   = 1000
* Running VMC equilibration.
  Done. [total walltime: 0.12s]
* Equil. acc.ratio (%)     =  15.9224
* Sample config after equilibration:
  +---------+
  |  2   u  |
  |0   d   d|
  |u   u   d|
  |  d   u  |
  +---------+
* Number of accum. steps   = 1000192 x 10
* Running VMC accumulation.
    [walltime: 1m elapsed, 46.9s remaining]
  Done. [total walltime: 1m46s]
* Acceptance ratio (%)     =  15.9046
* Etot/t                   =  -3.832998502678E+02 +/-   1.361256559656E-04
  > Ttot/t                 =  -2.322804522762E+01 +/-   4.066594177856E-04
  > Utot/t                 =   9.442540636901E+00 +/-   3.440693582327E-04
* var[Eloc/t]              =   1.852090584808E-02 +/-   5.482686519121E-04
* Correlation length       =   1.000693603292E+00
* log10 Psi^2 range: -18.001068640933831 -- -11.360827944822317
* log10 Pgen range : -18.001068640933831 -- -11.360827944822317
* Site occupation (ave. no. electrons per config.):
  > Site_  ___eu____  ___ed____
      1        0.496      0.498
      2        0.503      0.500
      3        0.501      0.499
      4        0.498      0.495
      5        0.499      0.501
      6        0.500      0.500
      7        0.500      0.503
      8        0.500      0.500
      9        0.500      0.503
     10        0.502      0.501
* Pair-correlation analysis (ave. no. pairs per config.):
  > Shell  nsite  ___dh____  __eueu___  __eued___
      0      1        0          0          1.415
      1      1        0.631      0.907      2.496
      2      1        0.249      0.545      1.240
      3      1        0.120      0.329      0.559
      4      1        0.493      1.234      2.307
      5      1        0.077      1.027      0.964
      6      1        0.085      0.842      1.147
      7      1        0.196      1.785      2.181
      8      1        0.172      2.121      1.869
      9      1        0.181      2.154      1.831
     10      1        0.149      2.209      1.807
     11      1        0.078      0.931      1.063
     12      1        0.148      2.098      1.913
     13      1        0.039      0.458      0.541
     14      1        0.118      1.374      1.625
     15      1        0.074      1.062      0.952
     16      1        0.075      0.926      1.089

Optimization #1:
* Method          : lls
* Target function : energy
* No. of configs. : 500096
* No. of params.  : 126
* Before optimization:
   2.7064E+00   2.6919E+00   2.8667E+00   8.5635E-01   8.1190E-01   9.5111E-01
  -6.8787E+00  -3.1248E+00  -3.1343E+00   2.1200E-01   2.9044E-01  -3.3911E+00
  -3.3865E+00  -3.4369E+00  -3.4368E+00  -3.2794E+00  -3.2848E+00   5.3548E-01
   5.2661E-01  -6.0909E-03   1.3619E-02   1.3453E-02   6.9976E-02   7.0925E-02
   6.9717E-02   7.0705E-02  -1.6642E-01  -7.7371E-01  -5.4942E-01  -4.3308E-01
   3.6526E+01  -2.9646E+01   1.8398E+01  -1.5315E+01   5.0877E-01  -7.1246E-01
   4.1593E-01  -7.1192E-01   1.8228E+01  -1.4847E+01   1.8559E+01  -1.5116E+01
   1.8211E+01  -1.4897E+01   6.8896E-03  -5.1176E-01   5.9529E-01  -5.9105E-01
   2.9105E-01  -3.0242E-01   2.6437E-01  -3.4023E-01   2.6472E-01  -3.3971E-01
  -1.4553E-01  -1.2998E-01   9.6253E-02  -8.3739E-02   7.9228E-02   1.0023E+00
   1.0098E+00   9.2380E-01  -8.9059E-02  -1.2919E-01  -1.9635E-01  -1.6015E-01
   3.8040E-02  -8.5158E-02  -6.7298E-02   4.4344E-02   7.3869E-02   8.2904E-02
  -1.7731E-02  -2.0452E-02   1.1895E-02   1.1750E-02   2.3570E-02  -9.8124E-03
   2.0752E-01   1.5267E-01   2.7509E-02   5.4443E-02   5.5118E-02  -8.9062E-02
  -7.0040E-02   2.7928E-02   2.8805E-02   3.4752E-02  -2.0749E-02  -2.6093E-02
   4.0042E-02   3.9486E-02   3.4822E-02  -4.7540E-02  -7.3535E-02  -1.3684E-01
  -1.8797E-01  -1.6206E-01   3.2406E-03  -7.1347E-02  -4.7422E-02   3.1989E-02
   5.6925E-02   3.4287E-02  -9.9585E-03  -1.2725E-02   7.8541E-03   6.6376E-03
   1.0876E-02  -6.4135E-03   1.1356E-01   8.2270E-02   5.3548E-03   5.5260E-03
   2.9005E-02  -8.8954E-02  -5.8076E-02   1.8843E-02   1.7255E-02  -4.0947E-03
  -1.4802E-02  -2.2373E-02   3.4073E-02   3.4199E-02   2.1097E-02  -4.6076E-02
  > E    =  -3.832997739269E+02 +/-   1.907725767718E-04
  > varE =   1.820058186497E-02
* Computing derivatives.
    [walltime: 1m1s elapsed, 1h30m remaining]
    [walltime: 1h elapsed, 31m33s remaining]
  Done. [total walltime: 1h31m]
* Optimizing manipulation constant:
  #igrid a___________ E____________________________________ varE____________
     1     Infinity    -3.83299774E+02 +/-   1.90772577E-04   1.82005819E-02
     2     1.0000E+06  -3.83299774E+02 +/-   1.90772505E-04   1.82005682E-02
     3     2.1544E+05  -3.83299774E+02 +/-   1.90772244E-04   1.82005184E-02
     4     4.6416E+04  -3.83299775E+02 +/-   1.90771033E-04   1.82002872E-02
     5     1.0000E+04  -3.83299777E+02 +/-   1.90765411E-04   1.81992145E-02
     6     2.1544E+03  -3.83299790E+02 +/-   1.90739346E-04   1.81942418E-02
     7     4.6416E+02  -3.83299849E+02 +/-   1.90619019E-04   1.81712935E-02
     8     1.0000E+02  -3.83300115E+02 +/-   1.90074217E-04   1.80675723E-02
     9     2.1544E+01  -3.83301216E+02 +/-   1.87811493E-04   1.76399647E-02
    10     4.6416E+00  -3.83304507E+02 +/-   1.81287817E-04   1.64357914E-02
    11     1.0000E+00  -3.83310579E+02 +/-   1.77622295E-04   1.57778687E-02
    12     2.1544E-01  -3.83328952E+02 +/-   1.55488235E-04   1.20906165E-02
    13     4.6416E-02  -3.83337960E+02 +/-   1.37795225E-04   9.49558482E-03
    14     1.0000E-02  -3.83337434E+02 +/-   1.40935389E-04   9.93329875E-03
    15     2.1544E-03  -3.83337024E+02 +/-   1.42462920E-04   1.01497902E-02
    16     4.6416E-04  -3.83336919E+02 +/-   1.42833482E-04   1.02026603E-02
    17     1.0000E-04  -3.83336896E+02 +/-   1.42915194E-04   1.02143371E-02
    18     2.1544E-05  -3.83336891E+02 +/-   1.42932884E-04   1.02168660E-02
    19     4.6416E-06  -3.83336890E+02 +/-   1.42936700E-04   1.02174114E-02
    20     1.0000E-06  -3.83336890E+02 +/-   1.42937522E-04   1.02175289E-02
    21     0.0000E+00  -3.83336890E+02 +/-   1.42937748E-04   1.02175612E-02
  ParMin   2.3470E-02  -3.83337873E+02 +/-   1.39054217E-04   9.66989386E-03
  # Using grid point #13
* Iteration # 1: E =  -3.833379596472E+02 +/-   1.377952249965E-04
* Reached maximum number of iterations: exiting.
* After optimization:
   1.1892E+00   1.3001E+00   1.2600E+00   3.5574E-01   3.6165E-01   8.0398E-01
  -3.9818E+00  -2.0602E+00  -2.0666E+00  -5.1246E-01  -4.7867E-01  -1.9730E+00
  -1.9703E+00  -2.3503E+00  -2.3489E+00  -1.8809E+00  -1.8791E+00   8.0074E-02
   7.1442E-02  -7.0988E-01  -3.4204E-01  -3.4753E-01  -2.9507E-01  -2.9266E-01
  -2.9564E-01  -2.9171E-01   1.5596E+00  -1.9563E+00  -4.3640E-01  -3.5702E-01
   2.1621E+01  -1.7673E+01   1.2618E+01  -1.0557E+01   3.7979E+00  -3.2703E+00
   3.7416E+00  -3.2740E+00   1.0794E+01  -8.8286E+00   1.2770E+01  -1.0406E+01
   1.0772E+01  -8.8722E+00   1.7129E+00  -1.7685E+00   3.8938E+00  -3.1843E+00
   1.9421E+00  -1.5919E+00   1.9058E+00  -1.6162E+00   1.9060E+00  -1.6155E+00
  -2.9157E-02  -2.3797E-02  -7.6082E-03  -3.1028E-03   3.9760E-03   1.3194E+00
   1.2739E+00   1.2560E+00  -1.9944E-01  -2.1488E-01  -3.4466E-01  -2.8927E-01
   5.6218E-02  -9.4693E-02  -6.3719E-02   6.0570E-02   1.1213E-01   1.0981E-01
  -1.8193E-02  -3.1735E-02   3.4255E-03   3.8398E-03   4.5642E-02   2.9168E-03
   2.4568E-01   1.4816E-01  -1.4215E-02   1.9838E-02   7.2347E-02  -9.4235E-02
  -6.5076E-02   3.3237E-02   3.6927E-02   3.4801E-02  -1.7425E-02  -2.7263E-02
   5.1708E-02   5.2328E-02   3.2655E-02  -1.9716E-02  -1.5105E-01  -1.9980E-01
  -2.3881E-01  -2.3492E-01  -1.9437E-03  -6.6335E-02  -4.4794E-02   2.5909E-02
   5.5961E-02   1.7487E-02  -1.3355E-02  -1.9568E-02   1.3732E-02   1.3274E-02
   3.6295E-02   8.0006E-04   7.7809E-02   3.8978E-02  -3.8297E-02  -1.7298E-02
   1.6124E-02  -7.6173E-02  -5.2964E-02   9.3921E-03   6.9647E-03  -2.9044E-02
  -1.1817E-02  -1.2052E-02   4.9695E-02   5.0337E-02   1.9409E-02  -1.6641E-02
  > Energy =  -3.833379596472E+02 +/-   1.377952249965E-04
  > varE =   9.495584818222E-03

VMC #2:
* Size of Hilbert space =   6.3504E+04
* Deterministic energy evaluation:
  > Deterministic Etot/t = -383.33794972390172
    - Ttot/t = -23.297141400696049
    - Utot/t = 9.4735373539646321
* Number of equil. steps   = 1000
* Running VMC equilibration.
  Done. [total walltime: 0.12s]
* Equil. acc.ratio (%)     =  13.2287
* Sample config after equilibration:
  +---------+
  |  0   2  |
  |0   2   0|
  |2   d   2|
  |  u   0  |
  +---------+
* Number of accum. steps   = 1000192 x 10
* Running VMC accumulation.
    [walltime: 1m elapsed, 46.1s remaining]
  Done. [total walltime: 1m45s]
* Acceptance ratio (%)     =  13.1667
* Etot/t                   =  -3.833380521452E+02 +/-   1.152701805950E-04
  > Ttot/t                 =  -2.329742002507E+01 +/-   4.698966730395E-04
  > Utot/t                 =   9.473713557214E+00 +/-   3.874503596648E-04
* var[Eloc/t]              =   9.540818576814E-03 +/-   1.972886780307E-05
* Correlation length       =   1.392937678522E+00
* log10 Psi^2 range: -17.075736337358297 -- -9.4798049086306690
* log10 Pgen range : -17.075736337358297 -- -9.4798049086306690
* Site occupation (ave. no. electrons per config.):
  > Site_  ___eu____  ___ed____
      1        0.500      0.503
      2        0.506      0.506
      3        0.493      0.492
      4        0.503      0.502
      5        0.492      0.493
      6        0.494      0.492
      7        0.506      0.507
      8        0.492      0.493
      9        0.506      0.507
     10        0.507      0.505
* Pair-correlation analysis (ave. no. pairs per config.):
  > Shell  nsite  ___dh____  __eueu___  __eued___
      0      1        0          0          1.515
      1      1        0.706      0.677      2.630
      2      1        0.250      0.646      1.181
      3      1        0.134      0.290      0.600
      4      1        0.440      1.312      2.271
      5      1        0.089      1.015      0.916
      6      1        0.105      0.789      1.120
      7      1        0.237      1.791      2.217
      8      1        0.191      2.142      1.821
      9      1        0.206      2.206      1.867
     10      1        0.181      2.212      1.790
     11      1        0.083      0.933      1.010
     12      1        0.180      2.080      1.908
     13      1        0.046      0.467      0.527
     14      1        0.140      1.403      1.578
     15      1        0.096      1.074      0.974
     16      1        0.101      0.962      1.075

Optimization #2:
* Method          : lls
* Target function : energy
* No. of configs. : 500096
* No. of params.  : 126
* Before optimization:
   1.1892E+00   1.3001E+00   1.2600E+00   3.5574E-01   3.6165E-01   8.0398E-01
  -3.9818E+00  -2.0602E+00  -2.0666E+00  -5.1246E-01  -4.7867E-01  -1.9730E+00
  -1.9703E+00  -2.3503E+00  -2.3489E+00  -1.8809E+00  -1.8791E+00   8.0074E-02
   7.1442E-02  -7.0988E-01  -3.4204E-01  -3.4753E-01  -2.9507E-01  -2.9266E-01
  -2.9564E-01  -2.9171E-01   1.5596E+00  -1.9563E+00  -4.3640E-01  -3.5702E-01
   2.1621E+01  -1.7673E+01   1.2618E+01  -1.0557E+01   3.7979E+00  -3.2703E+00
   3.7416E+00  -3.2740E+00   1.0794E+01  -8.8286E+00   1.2770E+01  -1.0406E+01
   1.0772E+01  -8.8722E+00   1.7129E+00  -1.7685E+00   3.8938E+00  -3.1843E+00
   1.9421E+00  -1.5919E+00   1.9058E+00  -1.6162E+00   1.9060E+00  -1.6155E+00
  -2.9157E-02  -2.3797E-02  -7.6082E-03  -3.1028E-03   3.9760E-03   1.3194E+00
   1.2739E+00   1.2560E+00  -1.9944E-01  -2.1488E-01  -3.4466E-01  -2.8927E-01
   5.6218E-02  -9.4693E-02  -6.3719E-02   6.0570E-02   1.1213E-01   1.0981E-01
  -1.8193E-02  -3.1735E-02   3.4255E-03   3.8398E-03   4.5642E-02   2.9168E-03
   2.4568E-01   1.4816E-01  -1.4215E-02   1.9838E-02   7.2347E-02  -9.4235E-02
  -6.5076E-02   3.3237E-02   3.6927E-02   3.4801E-02  -1.7425E-02  -2.7263E-02
   5.1708E-02   5.2328E-02   3.2655E-02  -1.9716E-02  -1.5105E-01  -1.9980E-01
  -2.3881E-01  -2.3492E-01  -1.9437E-03  -6.6335E-02  -4.4794E-02   2.5909E-02
   5.5961E-02   1.7487E-02  -1.3355E-02  -1.9568E-02   1.3732E-02   1.3274E-02
   3.6295E-02   8.0006E-04   7.7809E-02   3.8978E-02  -3.8297E-02  -1.7298E-02
   1.6124E-02  -7.6173E-02  -5.2964E-02   9.3921E-03   6.9647E-03  -2.9044E-02
  -1.1817E-02  -1.2052E-02   4.9695E-02   5.0337E-02   1.9409E-02  -1.6641E-02
  > E    =  -3.833380844763E+02 +/-   1.382506386751E-04
  > varE =   9.558454417994E-03
* Computing derivatives.
    [walltime: 1m1s elapsed, 1h30m remaining]
    [walltime: 1h elapsed, 31m28s remaining]
  Done. [total walltime: 1h31m]
* Optimizing manipulation constant:
  #igrid a___________ E____________________________________ varE____________
     1     Infinity    -3.83338084E+02 +/-   1.38250639E-04   9.55845442E-03
     2     1.0000E+06  -3.83338084E+02 +/-   1.38250522E-04   9.55843835E-03
     3     2.1544E+05  -3.83338085E+02 +/-   1.38250100E-04   9.55837988E-03
     4     4.6416E+04  -3.83338085E+02 +/-   1.38248141E-04   9.55810909E-03
     5     1.0000E+04  -3.83338086E+02 +/-   1.38239149E-04   9.55686579E-03
     6     2.1544E+03  -3.83338093E+02 +/-   1.38199517E-04   9.55138677E-03
     7     4.6416E+02  -3.83338114E+02 +/-   1.38060469E-04   9.53217635E-03
     8     1.0000E+02  -3.83338056E+02 +/-   1.38342845E-04   9.57120872E-03
     9     2.1544E+01  -3.83334715E+02 +/-   1.56454882E-04   1.22414149E-02
    10     4.6416E+00  -3.83244835E+02 +/-   4.04520859E-04   8.18342720E-02
    11     1.0000E+00  -3.82602161E+02 +/-   9.51769923E-04   4.53019957E-01
    12     2.1544E-01  -3.82393163E+02 +/-   1.02586611E-03   5.26301673E-01
    13     4.6416E-02  -3.82683636E+02 +/-   9.11320353E-04   4.15332122E-01
    14     1.0000E-02  -3.82836270E+02 +/-   8.24330080E-04   3.39825274E-01
    15     2.1544E-03  -3.82809675E+02 +/-   8.41088697E-04   3.53783012E-01
    16     4.6416E-04  -3.82793435E+02 +/-   8.50962117E-04   3.62137779E-01
    17     1.0000E-04  -3.82789239E+02 +/-   8.53469074E-04   3.64274658E-01
    18     2.1544E-05  -3.82788300E+02 +/-   8.54027694E-04   3.64751670E-01
    19     4.6416E-06  -3.82788096E+02 +/-   8.54148913E-04   3.64855222E-01
    20     1.0000E-06  -3.82788052E+02 +/-   8.54175070E-04   3.64877568E-01
    21     0.0000E+00  -3.82788040E+02 +/-   8.54182255E-04   3.64883706E-01
  ParMin   6.6053E+02  -3.83338107E+02 +/-   1.38104517E-04   9.53825977E-03
  # Using grid point #7
* Iteration # 1: E =  -3.833381139157E+02 +/-   1.380604688357E-04
* Reached maximum number of iterations: exiting.
* After optimization:
   1.1694E+00   1.2794E+00   1.2402E+00   3.5766E-01   3.6331E-01   8.0395E-01
  -3.9846E+00  -2.0600E+00  -2.0663E+00  -5.0908E-01  -4.7517E-01  -1.9745E+00
  -1.9717E+00  -2.3500E+00  -2.3485E+00  -1.8823E+00  -1.8805E+00   8.1816E-02
   7.3176E-02  -7.0640E-01  -3.4031E-01  -3.4580E-01  -2.9337E-01  -2.9097E-01
  -2.9394E-01  -2.9001E-01   1.5509E+00  -1.9496E+00  -4.3648E-01  -3.5703E-01
   2.1635E+01  -1.7685E+01   1.2617E+01  -1.0556E+01   3.7810E+00  -3.2569E+00
   3.7247E+00  -3.2606E+00   1.0802E+01  -8.8345E+00   1.2768E+01  -1.0406E+01
   1.0779E+01  -8.8781E+00   1.7044E+00  -1.7618E+00   3.8769E+00  -3.1709E+00
   1.9337E+00  -1.5852E+00   1.8974E+00  -1.6095E+00   1.8976E+00  -1.6088E+00
  -2.9198E-02  -2.3834E-02  -7.5827E-03  -3.1012E-03   3.9834E-03   1.3299E+00
   1.2848E+00   1.2662E+00  -2.0094E-01  -2.1669E-01  -3.4723E-01  -2.9139E-01
   5.6501E-02  -9.5497E-02  -6.4226E-02   6.0963E-02   1.1292E-01   1.1064E-01
  -1.8213E-02  -3.1916E-02   3.4235E-03   3.8385E-03   4.6012E-02   3.0415E-03
   2.4750E-01   1.4929E-01  -1.4395E-02   1.9989E-02   7.2812E-02  -9.4880E-02
  -6.5531E-02   3.3445E-02   3.7208E-02   3.5056E-02  -1.7482E-02  -2.7432E-02
   5.2064E-02   5.2688E-02   3.2908E-02  -1.9778E-02  -1.5084E-01  -1.9963E-01
  -2.3863E-01  -2.3467E-01  -2.0467E-03  -6.6306E-02  -4.4785E-02   2.5855E-02
   5.5870E-02   1.7461E-02  -1.3256E-02  -1.9509E-02   1.3702E-02   1.3244E-02
   3.6290E-02   8.5759E-04   7.7719E-02   3.8954E-02  -3.8350E-02  -1.7323E-02
   1.6055E-02  -7.6019E-02  -5.2917E-02   9.3511E-03   6.9485E-03  -2.9032E-02
  -1.1744E-02  -1.2023E-02   4.9643E-02   5.0285E-02   1.9408E-02  -1.6576E-02
  > Energy =  -3.833381139157E+02 +/-   1.380604688357E-04
  > varE =   9.532176354102E-03

VMC #3:
* Size of Hilbert space =   6.3504E+04
* Deterministic energy evaluation:
  > Deterministic Etot/t = -383.33797932714964
    - Ttot/t = -23.297222794856477
    - Utot/t = 9.4735891448773781
* Number of equil. steps   = 1000
* Running VMC equilibration.
  Done. [total walltime: 0.12s]
* Equil. acc.ratio (%)     =  13.1267
* Sample config after equilibration:
  +---------+
  |  u   u  |
  |d   d   d|
  |u   u   d|
  |  d   u  |
  +---------+
* Number of accum. steps   = 1000192 x 10
* Running VMC accumulation.
    [walltime: 1m elapsed, 46.3s remaining]
  Done. [total walltime: 1m46s]
* Acceptance ratio (%)     =  13.0918
* Etot/t                   =  -3.833379772284E+02 +/-   1.161183522908E-04
  > Ttot/t                 =  -2.329707374082E+01 +/-   4.759259920625E-04
  > Utot/t                 =   9.473442189747E+00 +/-   3.917864823563E-04
* var[Eloc/t]              =   9.530950350409E-03 +/-   1.199783902249E-05
* Correlation length       =   1.414975429468E+00
* log10 Psi^2 range: -16.934168540207001 -- -9.4800379278299562
* log10 Pgen range : -16.934168540207001 -- -9.4800379278299562
* Site occupation (ave. no. electrons per config.):
  > Site_  ___eu____  ___ed____
      1        0.502      0.501
      2        0.506      0.507
      3        0.493      0.492
      4        0.504      0.503
      5        0.492      0.492
      6        0.492      0.493
      7        0.507      0.506
      8        0.493      0.494
      9        0.506      0.506
     10        0.506      0.505
* Pair-correlation analysis (ave. no. pairs per config.):
  > Shell  nsite  ___dh____  __eueu___  __eued___
      0      1        0          0          1.513
      1      1        0.704      0.674      2.632
      2      1        0.248      0.645      1.183
      3      1        0.134      0.292      0.602
      4      1        0.442      1.315      2.269
      5      1        0.089      1.014      0.917
      6      1        0.104      0.790      1.120
      7      1        0.237      1.796      2.215
      8      1        0.195      2.138      1.823
      9      1        0.206      2.205      1.870
     10      1        0.180      2.212      1.788
     11      1        0.082      0.934      1.009
     12      1        0.178      2.078      1.910
     13      1        0.046      0.469      0.526
     14      1        0.140      1.403      1.575
     15      1        0.094      1.073      0.974
     16      1        0.101      0.961      1.073

Optimization #3:
* Method          : lls
* Target function : energy
* No. of configs. : 500096
* No. of params.  : 126
* Before optimization:
   1.1694E+00   1.2794E+00   1.2402E+00   3.5766E-01   3.6331E-01   8.0395E-01
  -3.9846E+00  -2.0600E+00  -2.0663E+00  -5.0908E-01  -4.7517E-01  -1.9745E+00
  -1.9717E+00  -2.3500E+00  -2.3485E+00  -1.8823E+00  -1.8805E+00   8.1816E-02
   7.3176E-02  -7.0640E-01  -3.4031E-01  -3.4580E-01  -2.9337E-01  -2.9097E-01
  -2.9394E-01  -2.9001E-01   1.5509E+00  -1.9496E+00  -4.3648E-01  -3.5703E-01
   2.1635E+01  -1.7685E+01   1.2617E+01  -1.0556E+01   3.7810E+00  -3.2569E+00
   3.7247E+00  -3.2606E+00   1.0802E+01  -8.8345E+00   1.2768E+01  -1.0406E+01
   1.0779E+01  -8.8781E+00   1.7044E+00  -1.7618E+00   3.8769E+00  -3.1709E+00
   1.9337E+00  -1.5852E+00   1.8974E+00  -1.6095E+00   1.8976E+00  -1.6088E+00
  -2.9198E-02  -2.3834E-02  -7.5827E-03  -3.1012E-03   3.9834E-03   1.3299E+00
   1.2848E+00   1.2662E+00  -2.0094E-01  -2.1669E-01  -3.4723E-01  -2.9139E-01
   5.6501E-02  -9.5497E-02  -6.4226E-02   6.0963E-02   1.1292E-01   1.1064E-01
  -1.8213E-02  -3.1916E-02   3.4235E-03   3.8385E-03   4.6012E-02   3.0415E-03
   2.4750E-01   1.4929E-01  -1.4395E-02   1.9989E-02   7.2812E-02  -9.4880E-02
  -6.5531E-02   3.3445E-02   3.7208E-02   3.5056E-02  -1.7482E-02  -2.7432E-02
   5.2064E-02   5.2688E-02   3.2908E-02  -1.9778E-02  -1.5084E-01  -1.9963E-01
  -2.3863E-01  -2.3467E-01  -2.0467E-03  -6.6306E-02  -4.4785E-02   2.5855E-02
   5.5870E-02   1.7461E-02  -1.3256E-02  -1.9509E-02   1.3702E-02   1.3244E-02
   3.6290E-02   8.5759E-04   7.7719E-02   3.8954E-02  -3.8350E-02  -1.7323E-02
   1.6055E-02  -7.6019E-02  -5.2917E-02   9.3511E-03   6.9485E-03  -2.9032E-02
  -1.1744E-02  -1.2023E-02   4.9643E-02   5.0285E-02   1.9408E-02  -1.6576E-02
  > E    =  -3.833380008350E+02 +/-   1.381008165456E-04
  > varE =   9.537748661497E-03
* Computing derivatives.
    [walltime: 1m2s elapsed, 1h30m remaining]
    [walltime: 1h elapsed, 31m31s remaining]
  Done. [total walltime: 1h31m]
* Optimizing manipulation constant:
  #igrid a___________ E____________________________________ varE____________
     1     Infinity    -3.83338001E+02 +/-   1.38100817E-04   9.53774866E-03
     2     1.0000E+06  -3.83338001E+02 +/-   1.38100700E-04   9.53773263E-03
     3     2.1544E+05  -3.83338001E+02 +/-   1.38100278E-04   9.53767428E-03
     4     4.6416E+04  -3.83338001E+02 +/-   1.38098322E-04   9.53740414E-03
     5     1.0000E+04  -3.83338003E+02 +/-   1.38089353E-04   9.53616534E-03
     6     2.1544E+03  -3.83338009E+02 +/-   1.38050063E-04   9.53073944E-03
     7     4.6416E+02  -3.83338029E+02 +/-   1.37917812E-04   9.51248743E-03
     8     1.0000E+02  -3.83337943E+02 +/-   1.38357192E-04   9.57319399E-03
     9     2.1544E+01  -3.83333666E+02 +/-   1.61028492E-04   1.29675770E-02
    10     4.6416E+00  -3.83164023E+02 +/-   5.29406969E-04   1.40162776E-01
    11     1.0000E+00  -3.82157068E+02 +/-   1.07540833E-03   5.78362560E-01
    12     2.1544E-01  -3.82184151E+02 +/-   1.43099959E-05   1.02407650E-04
    13     4.6416E-02  -3.82180907E+02 +/-   1.53810847E-05   1.18311594E-04
    14     1.0000E-02  -3.82181432E+02 +/-   1.38057877E-05   9.53181847E-05
    15     2.1544E-03  -3.82181208E+02 +/-   1.39000953E-05   9.66248735E-05
    16     4.6416E-04  -3.82181148E+02 +/-   1.39347244E-05   9.71069129E-05
    17     1.0000E-04  -3.82181135E+02 +/-   1.39427530E-05   9.72188431E-05
    18     2.1544E-05  -3.82181132E+02 +/-   1.39445081E-05   9.72433204E-05
    19     4.6416E-06  -3.82181131E+02 +/-   1.39448874E-05   9.72486106E-05
    20     1.0000E-06  -3.82181131E+02 +/-   1.39449692E-05   9.72497511E-05
    21     0.0000E+00  -3.82181131E+02 +/-   1.39449916E-05   9.72500643E-05
  ParMin   7.4679E+02  -3.83338021E+02 +/-   1.37971345E-04   9.51987354E-03
  # Using grid point #7
* Iteration # 1: E =  -3.833380290473E+02 +/-   1.379178116593E-04
* Reached maximum number of iterations: exiting.
* After optimization:
   1.1819E+00   1.2909E+00   1.2526E+00   3.5035E-01   3.5575E-01   8.0387E-01
  -3.9835E+00  -2.0670E+00  -2.0734E+00  -5.2414E-01  -4.9013E-01  -1.9740E+00
  -1.9712E+00  -2.3570E+00  -2.3555E+00  -1.8818E+00  -1.8800E+00   7.4321E-02
   6.5673E-02  -7.2137E-01  -3.4781E-01  -3.5329E-01  -3.0089E-01  -2.9849E-01
  -3.0146E-01  -2.9754E-01   1.5884E+00  -1.9798E+00  -4.3653E-01  -3.5704E-01
   2.1631E+01  -1.7681E+01   1.2652E+01  -1.0584E+01   3.8563E+00  -3.3172E+00
   3.8001E+00  -3.3210E+00   1.0799E+01  -8.8327E+00   1.2804E+01  -1.0434E+01
   1.0777E+01  -8.8763E+00   1.7421E+00  -1.7919E+00   3.9523E+00  -3.2313E+00
   1.9713E+00  -1.6154E+00   1.9351E+00  -1.6396E+00   1.9353E+00  -1.6389E+00
  -2.9242E-02  -2.3875E-02  -7.5580E-03  -3.0985E-03   3.9916E-03   1.3411E+00
   1.2962E+00   1.2770E+00  -2.0255E-01  -2.1863E-01  -3.5002E-01  -2.9366E-01
   5.6801E-02  -9.6351E-02  -6.4775E-02   6.1398E-02   1.1378E-01   1.1154E-01
  -1.8235E-02  -3.2121E-02   3.4052E-03   3.8227E-03   4.6417E-02   3.1505E-03
   2.4945E-01   1.5050E-01  -1.4643E-02   2.0132E-02   7.3314E-02  -9.5555E-02
  -6.5995E-02   3.3679E-02   3.7490E-02   3.5322E-02  -1.7544E-02  -2.7621E-02
   5.2431E-02   5.3061E-02   3.3173E-02  -1.9848E-02  -1.5064E-01  -1.9950E-01
  -2.3849E-01  -2.3443E-01  -2.1610E-03  -6.6288E-02  -4.4781E-02   2.5800E-02
   5.5782E-02   1.7441E-02  -1.3157E-02  -1.9454E-02   1.3661E-02   1.3205E-02
   3.6304E-02   9.0350E-04   7.7619E-02   3.8919E-02  -3.8467E-02  -1.7370E-02
   1.5982E-02  -7.5859E-02  -5.2850E-02   9.3101E-03   6.9169E-03  -2.9035E-02
  -1.1670E-02  -1.1997E-02   4.9583E-02   5.0225E-02   1.9409E-02  -1.6508E-02
  > Energy =  -3.833380290473E+02 +/-   1.379178116593E-04
  > varE =   9.512487433430E-03

VMC #4:
* Size of Hilbert space =   6.3504E+04
* Deterministic energy evaluation:
  > Deterministic Etot/t = -383.33800762547111
    - Ttot/t = -23.297299114563881
    - Utot/t = 9.4736371662630852
* Number of equil. steps   = 1000
* Running VMC equilibration.
  Done. [total walltime: 0.12s]
* Equil. acc.ratio (%)     =  13.0204
* Sample config after equilibration:
  +---------+
  |  u   2  |
  |d   d   u|
  |u   0   d|
  |  d   u  |
  +---------+
* Number of accum. steps   = 1000192 x 10
* Running VMC accumulation.
    [walltime: 1m elapsed, 46.1s remaining]
  Done. [total walltime: 1m46s]
* Acceptance ratio (%)     =  13.0140
* Etot/t                   =  -3.833379701813E+02 +/-   1.168684241810E-04
  > Ttot/t                 =  -2.329679263350E+01 +/-   4.767745046199E-04
  > Utot/t                 =   9.473168129465E+00 +/-   3.916184177919E-04
* var[Eloc/t]              =   9.492178147022E-03 +/-   1.666469178432E-05
* Correlation length       =   1.439169254817E+00
* log10 Psi^2 range: -16.452748892404788 -- -9.4799511268219945
* log10 Pgen range : -16.452748892404788 -- -9.4799511268219945
* Site occupation (ave. no. electrons per config.):
  > Site_  ___eu____  ___ed____
      1        0.503      0.503
      2        0.507      0.506
      3        0.491      0.494
      4        0.501      0.503
      5        0.493      0.491
      6        0.492      0.493
      7        0.507      0.506
      8        0.493      0.492
      9        0.508      0.506
     10        0.505      0.506
* Pair-correlation analysis (ave. no. pairs per config.):
  > Shell  nsite  ___dh____  __eueu___  __eued___
      0      1        0          0          1.512
      1      1        0.705      0.674      2.633
      2      1        0.248      0.645      1.185
      3      1        0.134      0.291      0.601
      4      1        0.442      1.314      2.269
      5      1        0.089      1.013      0.916
      6      1        0.104      0.787      1.120
      7      1        0.235      1.794      2.219
      8      1        0.195      2.139      1.821
      9      1        0.205      2.207      1.869
     10      1        0.180      2.216      1.786
     11      1        0.082      0.934      1.009
     12      1        0.177      2.079      1.908
     13      1        0.046      0.468      0.526
     14      1        0.139      1.404      1.577
     15      1        0.095      1.075      0.973
     16      1        0.101      0.961      1.075

Optimization #4:
* Method          : lls
* Target function : energy
* No. of configs. : 500096
* No. of params.  : 126
* Before optimization:
   1.1819E+00   1.2909E+00   1.2526E+00   3.5035E-01   3.5575E-01   8.0387E-01
  -3.9835E+00  -2.0670E+00  -2.0734E+00  -5.2414E-01  -4.9013E-01  -1.9740E+00
  -1.9712E+00  -2.3570E+00  -2.3555E+00  -1.8818E+00  -1.8800E+00   7.4321E-02
   6.5673E-02  -7.2137E-01  -3.4781E-01  -3.5329E-01  -3.0089E-01  -2.9849E-01
  -3.0146E-01  -2.9754E-01   1.5884E+00  -1.9798E+00  -4.3653E-01  -3.5704E-01
   2.1631E+01  -1.7681E+01   1.2652E+01  -1.0584E+01   3.8563E+00  -3.3172E+00
   3.8001E+00  -3.3210E+00   1.0799E+01  -8.8327E+00   1.2804E+01  -1.0434E+01
   1.0777E+01  -8.8763E+00   1.7421E+00  -1.7919E+00   3.9523E+00  -3.2313E+00
   1.9713E+00  -1.6154E+00   1.9351E+00  -1.6396E+00   1.9353E+00  -1.6389E+00
  -2.9242E-02  -2.3875E-02  -7.5580E-03  -3.0985E-03   3.9916E-03   1.3411E+00
   1.2962E+00   1.2770E+00  -2.0255E-01  -2.1863E-01  -3.5002E-01  -2.9366E-01
   5.6801E-02  -9.6351E-02  -6.4775E-02   6.1398E-02   1.1378E-01   1.1154E-01
  -1.8235E-02  -3.2121E-02   3.4052E-03   3.8227E-03   4.6417E-02   3.1505E-03
   2.4945E-01   1.5050E-01  -1.4643E-02   2.0132E-02   7.3314E-02  -9.5555E-02
  -6.5995E-02   3.3679E-02   3.7490E-02   3.5322E-02  -1.7544E-02  -2.7621E-02
   5.2431E-02   5.3061E-02   3.3173E-02  -1.9848E-02  -1.5064E-01  -1.9950E-01
  -2.3849E-01  -2.3443E-01  -2.1610E-03  -6.6288E-02  -4.4781E-02   2.5800E-02
   5.5782E-02   1.7441E-02  -1.3157E-02  -1.9454E-02   1.3661E-02   1.3205E-02
   3.6304E-02   9.0350E-04   7.7619E-02   3.8919E-02  -3.8467E-02  -1.7370E-02
   1.5982E-02  -7.5859E-02  -5.2850E-02   9.3101E-03   6.9169E-03  -2.9035E-02
  -1.1670E-02  -1.1997E-02   4.9583E-02   5.0225E-02   1.9409E-02  -1.6508E-02
  > E    =  -3.833380174169E+02 +/-   1.378666996225E-04
  > varE =   9.505438126180E-03
* Computing derivatives.
    [walltime: 1m1s elapsed, 1h30m remaining]
    [walltime: 1h elapsed, 31m35s remaining]
  Done. [total walltime: 1h31m]
* Optimizing manipulation constant:
  #igrid a___________ E____________________________________ varE____________
     1     Infinity    -3.83338017E+02 +/-   1.37866700E-04   9.50543813E-03
     2     1.0000E+06  -3.83338017E+02 +/-   1.37866584E-04   9.50542217E-03
     3     2.1544E+05  -3.83338018E+02 +/-   1.37866163E-04   9.50536408E-03
     4     4.6416E+04  -3.83338018E+02 +/-   1.37864207E-04   9.50509444E-03
     5     1.0000E+04  -3.83338019E+02 +/-   1.37855134E-04   9.50384341E-03
     6     2.1544E+03  -3.83338026E+02 +/-   1.37813094E-04   9.49804776E-03
     7     4.6416E+02  -3.83338057E+02 +/-   1.37619525E-04   9.47138498E-03
     8     1.0000E+02  -3.83338193E+02 +/-   1.36754053E-04   9.35263084E-03
     9     2.1544E+01  -3.83338708E+02 +/-   1.33387930E-04   8.89787801E-03
    10     4.6416E+00  -3.83339369E+02 +/-   1.27984590E-04   8.19160013E-03
    11     1.0000E+00  -3.83321205E+02 +/-   2.06696077E-04   2.13657355E-02
    12     2.1544E-01  -3.82455299E+02 +/-   9.98791553E-04   4.98888052E-01
    13     4.6416E-02  -3.82147146E+02 +/-   1.04683537E-03   5.48037353E-01
    14     1.0000E-02  -3.82149889E+02 +/-   1.02116599E-03   5.21490099E-01
    15     2.1544E-03  -3.82150472E+02 +/-   1.01563202E-03   5.15853221E-01
    16     4.6416E-04  -3.82150596E+02 +/-   1.01445374E-03   5.14656988E-01
    17     1.0000E-04  -3.82150623E+02 +/-   1.01420063E-03   5.14400207E-01
    18     2.1544E-05  -3.82150629E+02 +/-   1.01414614E-03   5.14344930E-01
    19     4.6416E-06  -3.82150630E+02 +/-   1.01413440E-03   5.14333023E-01
    20     1.0000E-06  -3.82150630E+02 +/-   1.01413187E-03   5.14330458E-01
    21     0.0000E+00  -3.82150630E+02 +/-   1.01413118E-03   5.14329753E-01
  ParMin   9.4693E+00  -3.83339213E+02 +/-   1.29833018E-04   8.42992447E-03
  # Using grid point #10
* Iteration # 1: E =  -3.833393694283E+02 +/-   1.279845900514E-04
* Reached maximum number of iterations: exiting.
* After optimization:
   5.8907E-01   6.2146E-01   6.6088E-01   4.0763E-01   3.9334E-01   8.0210E-01
  -3.7435E+00  -1.9168E+00  -1.9184E+00  -4.4603E-01  -4.0194E-01  -1.8582E+00
  -1.8546E+00  -2.1967E+00  -2.1951E+00  -1.7661E+00  -1.7644E+00   1.1827E-01
   1.0894E-01  -6.3520E-01  -3.0558E-01  -3.1040E-01  -2.6108E-01  -2.5913E-01
  -2.6156E-01  -2.5841E-01   1.3784E+00  -1.8309E+00  -4.4498E-01  -3.5821E-01
   2.0506E+01  -1.6794E+01   1.1895E+01  -9.9866E+00   3.4689E+00  -3.0093E+00
   3.4107E+00  -3.0206E+00   1.0237E+01  -8.3861E+00   1.2047E+01  -9.8388E+00
   1.0213E+01  -8.4278E+00   1.5457E+00  -1.6386E+00   3.5642E+00  -2.9291E+00
   1.7772E+00  -1.4645E+00   1.7424E+00  -1.4855E+00   1.7425E+00  -1.4850E+00
  -3.2473E-02  -2.6725E-02  -5.2794E-03  -2.8466E-03   4.5522E-03   1.4870E+00
   1.4901E+00   1.4268E+00  -2.1337E-01  -2.4593E-01  -3.6655E-01  -3.0554E-01
   5.0020E-02  -1.1052E-01  -7.3384E-02   6.0602E-02   1.1963E-01   1.1966E-01
  -9.8129E-03  -2.9909E-02   5.8751E-04   1.0091E-03   5.2096E-02   9.3603E-03
   2.6541E-01   1.6426E-01  -1.9938E-02   2.3488E-02   7.2154E-02  -9.6870E-02
  -6.8505E-02   3.2576E-02   4.0536E-02   3.8309E-02  -1.1982E-02  -2.6216E-02
   5.2337E-02   5.3055E-02   3.5488E-02  -1.4908E-02  -1.3209E-01  -1.8446E-01
  -2.2050E-01  -2.1164E-01  -1.0356E-02  -6.4448E-02  -4.5056E-02   2.1742E-02
   4.9718E-02   1.5119E-02  -5.9076E-03  -1.4653E-02   1.1204E-02   1.0832E-02
   3.7362E-02   4.1800E-03   7.0734E-02   3.7232E-02  -4.1486E-02  -1.8334E-02
   9.9685E-03  -6.3547E-02  -4.8963E-02   6.2810E-03   6.1069E-03  -2.8147E-02
  -5.8888E-03  -9.1773E-03   4.5180E-02   4.5722E-02   1.9768E-02  -1.1374E-02
  > Energy =  -3.833393694283E+02 +/-   1.279845900514E-04
  > varE =   8.191600130622E-03

VMC #5:
* Size of Hilbert space =   6.3504E+04
* Deterministic energy evaluation:
  > Deterministic Etot/t = -383.33938176954990
    - Ttot/t = -23.300551705040469
    - Utot/t = 9.4755156126608675
* Number of equil. steps   = 1000
* Running VMC equilibration.
  Done. [total walltime: 0.12s]
* Equil. acc.ratio (%)     =  12.1934
* Sample config after equilibration:
  +---------+
  |  d   0  |
  |u   2   d|
  |d   2   0|
  |  u   u  |
  +---------+
* Number of accum. steps   = 1000192 x 10
* Running VMC accumulation.
    [walltime: 1m elapsed, 44.3s remaining]
  Done. [total walltime: 1m43s]
* Acceptance ratio (%)     =  12.1999
* Etot/t                   =  -3.833396037712E+02 +/-   1.263010051289E-04
  > Ttot/t                 =  -2.330152889951E+01 +/-   5.303683806279E-04
  > Utot/t                 =   9.476270805450E+00 +/-   4.315826572991E-04
* var[Eloc/t]              =   8.205784231975E-03 +/-   9.399710724725E-06
* Correlation length       =   1.944360979860E+00
* log10 Psi^2 range: -16.508401893375172 -- -9.5106597888188098
* log10 Pgen range : -16.508401893375172 -- -9.5106597888188098
* Site occupation (ave. no. electrons per config.):
  > Site_  ___eu____  ___ed____
      1        0.502      0.502
      2        0.504      0.506
      3        0.494      0.494
      4        0.503      0.501
      5        0.494      0.493
      6        0.494      0.494
      7        0.505      0.505
      8        0.492      0.496
      9        0.505      0.504
     10        0.507      0.504
* Pair-correlation analysis (ave. no. pairs per config.):
  > Shell  nsite  ___dh____  __eueu___  __eued___
      0      1        0          0          1.520
      1      1        0.709      0.674      2.628
      2      1        0.247      0.641      1.178
      3      1        0.137      0.291      0.598
      4      1        0.450      1.319      2.267
      5      1        0.091      1.020      0.922
      6      1        0.107      0.795      1.124
      7      1        0.238      1.789      2.210
      8      1        0.196      2.144      1.830
      9      1        0.205      2.200      1.867
     10      1        0.181      2.212      1.790
     11      1        0.084      0.940      1.015
     12      1        0.179      2.077      1.912
     13      1        0.047      0.469      0.526
     14      1        0.140      1.405      1.576
     15      1        0.094      1.068      0.969
     16      1        0.101      0.957      1.068

Optimization #5:
* Method          : lls
* Target function : energy
* No. of configs. : 500096
* No. of params.  : 126
* Before optimization:
   5.8907E-01   6.2146E-01   6.6088E-01   4.0763E-01   3.9334E-01   8.0210E-01
  -3.7435E+00  -1.9168E+00  -1.9184E+00  -4.4603E-01  -4.0194E-01  -1.8582E+00
  -1.8546E+00  -2.1967E+00  -2.1951E+00  -1.7661E+00  -1.7644E+00   1.1827E-01
   1.0894E-01  -6.3520E-01  -3.0558E-01  -3.1040E-01  -2.6108E-01  -2.5913E-01
  -2.6156E-01  -2.5841E-01   1.3784E+00  -1.8309E+00  -4.4498E-01  -3.5821E-01
   2.0506E+01  -1.6794E+01   1.1895E+01  -9.9866E+00   3.4689E+00  -3.0093E+00
   3.4107E+00  -3.0206E+00   1.0237E+01  -8.3861E+00   1.2047E+01  -9.8388E+00
   1.0213E+01  -8.4278E+00   1.5457E+00  -1.6386E+00   3.5642E+00  -2.9291E+00
   1.7772E+00  -1.4645E+00   1.7424E+00  -1.4855E+00   1.7425E+00  -1.4850E+00
  -3.2473E-02  -2.6725E-02  -5.2794E-03  -2.8466E-03   4.5522E-03   1.4870E+00
   1.4901E+00   1.4268E+00  -2.1337E-01  -2.4593E-01  -3.6655E-01  -3.0554E-01
   5.0020E-02  -1.1052E-01  -7.3384E-02   6.0602E-02   1.1963E-01   1.1966E-01
  -9.8129E-03  -2.9909E-02   5.8751E-04   1.0091E-03   5.2096E-02   9.3603E-03
   2.6541E-01   1.6426E-01  -1.9938E-02   2.3488E-02   7.2154E-02  -9.6870E-02
  -6.8505E-02   3.2576E-02   4.0536E-02   3.8309E-02  -1.1982E-02  -2.6216E-02
   5.2337E-02   5.3055E-02   3.5488E-02  -1.4908E-02  -1.3209E-01  -1.8446E-01
  -2.2050E-01  -2.1164E-01  -1.0356E-02  -6.4448E-02  -4.5056E-02   2.1742E-02
   4.9718E-02   1.5119E-02  -5.9076E-03  -1.4653E-02   1.1204E-02   1.0832E-02
   3.7362E-02   4.1800E-03   7.0734E-02   3.7232E-02  -4.1486E-02  -1.8334E-02
   9.9685E-03  -6.3547E-02  -4.8963E-02   6.2810E-03   6.1069E-03  -2.8147E-02
  -5.8888E-03  -9.1773E-03   4.5180E-02   4.5722E-02   1.9768E-02  -1.1374E-02
  > E    =  -3.833395790922E+02 +/-   1.280371790522E-04
  > varE =   8.198333387673E-03
* Computing derivatives.
    [walltime: 1m1s elapsed, 1h30m remaining]
    [walltime: 1h elapsed, 31m43s remaining]
  Done. [total walltime: 1h31m]
* Optimizing manipulation constant:
  #igrid a___________ E____________________________________ varE____________
     1     Infinity    -3.83339579E+02 +/-   1.28037179E-04   8.19833339E-03
     2     1.0000E+06  -3.83339579E+02 +/-   1.28037075E-04   8.19832007E-03
     3     2.1544E+05  -3.83339579E+02 +/-   1.28036696E-04   8.19827158E-03
     4     4.6416E+04  -3.83339579E+02 +/-   1.28034940E-04   8.19804662E-03
     5     1.0000E+04  -3.83339581E+02 +/-   1.28026806E-04   8.19700501E-03
     6     2.1544E+03  -3.83339586E+02 +/-   1.27989472E-04   8.19222502E-03
     7     4.6416E+02  -3.83339611E+02 +/-   1.27825286E-04   8.17122040E-03
     8     1.0000E+02  -3.83339694E+02 +/-   1.27263233E-04   8.09952004E-03
     9     2.1544E+01  -3.83339338E+02 +/-   1.29382323E-04   8.37149978E-03
    10     4.6416E+00  -3.83295928E+02 +/-   2.94560296E-04   4.33912134E-02
    11     1.0000E+00  -3.81138430E+02 +/-   1.19021208E-03   7.08438395E-01
    12     2.1544E-01  -3.80873386E+02 +/-   1.12765219E-03   6.35921800E-01
    13     4.6416E-02  -3.80868435E+02 +/-   1.11970777E-03   6.26993105E-01
    14     1.0000E-02  -3.80868930E+02 +/-   1.12000817E-03   6.27329570E-01
    15     2.1544E-03  -3.82241655E+02 +/-   1.06160909E-03   5.63615124E-01
    16     4.6416E-04  -3.82143558E+02 +/-   1.08036944E-03   5.83711110E-01
    17     1.0000E-04  -3.82143450E+02 +/-   1.08034093E-03   5.83680313E-01
    18     2.1544E-05  -3.82143443E+02 +/-   1.08033193E-03   5.83670585E-01
    19     4.6416E-06  -3.82143441E+02 +/-   1.08032993E-03   5.83668417E-01
    20     1.0000E-06  -3.82143441E+02 +/-   1.08032949E-03   5.83667947E-01
    21     0.0000E+00  -3.82143441E+02 +/-   1.08032937E-03   5.83667818E-01
  ParMin   1.6113E+02  -3.83339660E+02 +/-   1.27493459E-04   8.12885151E-03
  # Using grid point #8
* Iteration # 1: E =  -3.833396937966E+02 +/-   1.272632329813E-04
* Reached maximum number of iterations: exiting.
* After optimization:
   6.2332E-01   6.5136E-01   6.9455E-01   4.0844E-01   3.9328E-01   8.0180E-01
  -3.7424E+00  -1.9166E+00  -1.9180E+00  -4.4575E-01  -4.0131E-01  -1.8580E+00
  -1.8543E+00  -2.1960E+00  -2.1944E+00  -1.7658E+00  -1.7641E+00   1.1849E-01
   1.0914E-01  -6.3455E-01  -3.0530E-01  -3.1011E-01  -2.6090E-01  -2.5898E-01
  -2.6137E-01  -2.5826E-01   1.3769E+00  -1.8303E+00  -4.4526E-01  -3.5814E-01
   2.0503E+01  -1.6792E+01   1.1893E+01  -9.9850E+00   3.4673E+00  -3.0080E+00
   3.4090E+00  -3.0196E+00   1.0235E+01  -8.3851E+00   1.2045E+01  -9.8374E+00
   1.0212E+01  -8.4266E+00   1.5448E+00  -1.6379E+00   3.5625E+00  -2.9281E+00
   1.7764E+00  -1.4639E+00   1.7416E+00  -1.4849E+00   1.7417E+00  -1.4843E+00
  -3.2680E-02  -2.6894E-02  -5.1478E-03  -2.8379E-03   4.5883E-03   1.4615E+00
   1.4680E+00   1.4034E+00  -2.0956E-01  -2.4225E-01  -3.5953E-01  -2.9967E-01
   4.8529E-02  -1.0880E-01  -7.2263E-02   5.9179E-02   1.1726E-01   1.1741E-01
  -8.9722E-03  -2.9011E-02   4.6178E-04   8.8136E-04   5.1215E-02   9.6805E-03
   2.6007E-01   1.6117E-01  -1.9781E-02   2.2985E-02   7.0375E-02  -9.4631E-02
  -6.7080E-02   3.1605E-02   3.9781E-02   3.7573E-02  -1.1362E-02  -2.5489E-02
   5.1155E-02   5.1856E-02   3.4798E-02  -1.4130E-02  -1.3137E-01  -1.8382E-01
  -2.1974E-01  -2.1071E-01  -1.0667E-02  -6.4300E-02  -4.5087E-02   2.1594E-02
   4.9521E-02   1.5009E-02  -5.4888E-03  -1.4386E-02   1.1108E-02   1.0743E-02
   3.7347E-02   4.4154E-03   7.0299E-02   3.7108E-02  -4.1505E-02  -1.8379E-02
   9.6798E-03  -6.2855E-02  -4.8780E-02   6.0676E-03   6.1009E-03  -2.8097E-02
  -5.5920E-03  -9.0181E-03   4.4965E-02   4.5502E-02   1.9744E-02  -1.1075E-02
  > Energy =  -3.833396937966E+02 +/-   1.272632329813E-04
  > varE =   8.099520043758E-03

VMC #6:
* Size of Hilbert space =   6.3504E+04
* Deterministic energy evaluation:
  > Deterministic Etot/t = -383.33949710625183
    - Ttot/t = -23.300897436984901
    - Utot/t = 9.4757460079033358
* Number of equil. steps   = 1000
* Running VMC equilibration.
  Done. [total walltime: 0.12s]
* Equil. acc.ratio (%)     =  12.2913
* Sample config after equilibration:
  +---------+
  |  2   0  |
  |d   u   d|
  |2   2   u|
  |  0   0  |
  +---------+
* Number of accum. steps   = 1000192 x 10
* Running VMC accumulation.
    [walltime: 1m elapsed, 45.3s remaining]
  Done. [total walltime: 1m45s]
* Acceptance ratio (%)     =  12.3070
* Etot/t                   =  -3.833394990993E+02 +/-   1.211538235344E-04
  > Ttot/t                 =  -2.330064309133E+01 +/-   5.182021261714E-04
  > Utot/t                 =   9.475489669166E+00 +/-   4.237802459175E-04
* var[Eloc/t]              =   8.104723137301E-03 +/-   1.649721964325E-05
* Correlation length       =   1.811421183930E+00
* log10 Psi^2 range: -16.425078567262766 -- -9.5087175212157113
* log10 Pgen range : -16.425078567262766 -- -9.5087175212157113
* Site occupation (ave. no. electrons per config.):
  > Site_  ___eu____  ___ed____
      1        0.501      0.503
      2        0.505      0.503
      3        0.495      0.493
      4        0.502      0.501
      5        0.494      0.495
      6        0.495      0.495
      7        0.505      0.506
      8        0.493      0.495
      9        0.505      0.505
     10        0.505      0.504
* Pair-correlation analysis (ave. no. pairs per config.):
  > Shell  nsite  ___dh____  __eueu___  __eued___
      0      1        0          0          1.518
      1      1        0.709      0.677      2.627
      2      1        0.246      0.640      1.178
      3      1        0.137      0.291      0.598
      4      1        0.450      1.320      2.268
      5      1        0.090      1.021      0.924
      6      1        0.105      0.797      1.125
      7      1        0.237      1.789      2.207
      8      1        0.195      2.143      1.831
      9      1        0.205      2.197      1.866
     10      1        0.181      2.211      1.792
     11      1        0.083      0.941      1.016
     12      1        0.179      2.076      1.912
     13      1        0.046      0.469      0.525
     14      1        0.139      1.407      1.576
     15      1        0.096      1.063      0.969
     16      1        0.099      0.958      1.067

Optimization #6:
* Method          : lls
* Target function : energy
* No. of configs. : 500096
* No. of params.  : 126
* Before optimization:
   6.2332E-01   6.5136E-01   6.9455E-01   4.0844E-01   3.9328E-01   8.0180E-01
  -3.7424E+00  -1.9166E+00  -1.9180E+00  -4.4575E-01  -4.0131E-01  -1.8580E+00
  -1.8543E+00  -2.1960E+00  -2.1944E+00  -1.7658E+00  -1.7641E+00   1.1849E-01
   1.0914E-01  -6.3455E-01  -3.0530E-01  -3.1011E-01  -2.6090E-01  -2.5898E-01
  -2.6137E-01  -2.5826E-01   1.3769E+00  -1.8303E+00  -4.4526E-01  -3.5814E-01
   2.0503E+01  -1.6792E+01   1.1893E+01  -9.9850E+00   3.4673E+00  -3.0080E+00
   3.4090E+00  -3.0196E+00   1.0235E+01  -8.3851E+00   1.2045E+01  -9.8374E+00
   1.0212E+01  -8.4266E+00   1.5448E+00  -1.6379E+00   3.5625E+00  -2.9281E+00
   1.7764E+00  -1.4639E+00   1.7416E+00  -1.4849E+00   1.7417E+00  -1.4843E+00
  -3.2680E-02  -2.6894E-02  -5.1478E-03  -2.8379E-03   4.5883E-03   1.4615E+00
   1.4680E+00   1.4034E+00  -2.0956E-01  -2.4225E-01  -3.5953E-01  -2.9967E-01
   4.8529E-02  -1.0880E-01  -7.2263E-02   5.9179E-02   1.1726E-01   1.1741E-01
  -8.9722E-03  -2.9011E-02   4.6178E-04   8.8136E-04   5.1215E-02   9.6805E-03
   2.6007E-01   1.6117E-01  -1.9781E-02   2.2985E-02   7.0375E-02  -9.4631E-02
  -6.7080E-02   3.1605E-02   3.9781E-02   3.7573E-02  -1.1362E-02  -2.5489E-02
   5.1155E-02   5.1856E-02   3.4798E-02  -1.4130E-02  -1.3137E-01  -1.8382E-01
  -2.1974E-01  -2.1071E-01  -1.0667E-02  -6.4300E-02  -4.5087E-02   2.1594E-02
   4.9521E-02   1.5009E-02  -5.4888E-03  -1.4386E-02   1.1108E-02   1.0743E-02
   3.7347E-02   4.4154E-03   7.0299E-02   3.7108E-02  -4.1505E-02  -1.8379E-02
   9.6798E-03  -6.2855E-02  -4.8780E-02   6.0676E-03   6.1009E-03  -2.8097E-02
  -5.5920E-03  -9.0181E-03   4.4965E-02   4.5502E-02   1.9744E-02  -1.1075E-02
  > E    =  -3.833395699278E+02 +/-   1.272763405793E-04
  > varE =   8.101188565244E-03
* Computing derivatives.
    [walltime: 1m1s elapsed, 1h30m remaining]
    [walltime: 1h elapsed, 31m37s remaining]
  Done. [total walltime: 1h31m]
* Optimizing manipulation constant:
  #igrid a___________ E____________________________________ varE____________
     1     Infinity    -3.83339570E+02 +/-   1.27276341E-04   8.10118857E-03
     2     1.0000E+06  -3.83339570E+02 +/-   1.27276238E-04   8.10117548E-03
     3     2.1544E+05  -3.83339570E+02 +/-   1.27275864E-04   8.10112783E-03
     4     4.6416E+04  -3.83339570E+02 +/-   1.27274126E-04   8.10090669E-03
     5     1.0000E+04  -3.83339571E+02 +/-   1.27266064E-04   8.09988044E-03
     6     2.1544E+03  -3.83339577E+02 +/-   1.27228674E-04   8.09512176E-03
     7     4.6416E+02  -3.83339603E+02 +/-   1.27055781E-04   8.07313544E-03
     8     1.0000E+02  -3.83339722E+02 +/-   1.26267295E-04   7.97324541E-03
     9     2.1544E+01  -3.83340219E+02 +/-   1.22901149E-04   7.55379622E-03
    10     4.6416E+00  -3.83341506E+02 +/-   1.13492246E-04   6.44148151E-03
    11     1.0000E+00  -3.83314306E+02 +/-   2.30746982E-04   2.66271963E-02
    12     2.1544E-01  -3.82721343E+02 +/-   8.87245356E-04   3.93677733E-01
    13     4.6416E-02  -3.82332259E+02 +/-   1.03632325E-03   5.37086037E-01
    14     1.0000E-02  -3.82279418E+02 +/-   1.04892031E-03   5.50222530E-01
    15     2.1544E-03  -3.82272202E+02 +/-   1.05046428E-03   5.51843532E-01
    16     4.6416E-04  -3.82271120E+02 +/-   1.05068518E-03   5.52075656E-01
    17     1.0000E-04  -3.82270920E+02 +/-   1.05072515E-03   5.52117657E-01
    18     2.1544E-05  -3.82270879E+02 +/-   1.05073337E-03   5.52126291E-01
    19     4.6416E-06  -3.82270870E+02 +/-   1.05073512E-03   5.52128132E-01
    20     1.0000E-06  -3.82270868E+02 +/-   1.05073549E-03   5.52128527E-01
    21     0.0000E+00  -3.82270868E+02 +/-   1.05073560E-03   5.52128636E-01
  ParMin   9.3247E+00  -3.83340871E+02 +/-   1.18317430E-04   7.00085106E-03
  # Using grid point #10
* Iteration # 1: E =  -3.833415058399E+02 +/-   1.134922462664E-04
* Reached maximum number of iterations: exiting.
* After optimization:
   4.0565E-01   3.5165E-01   4.6288E-01   4.6055E-01   4.2994E-01   8.0148E-01
  -3.7738E+00  -1.9038E+00  -1.9006E+00  -3.7118E-01  -3.1876E-01  -1.8780E+00
  -1.8736E+00  -2.1740E+00  -2.1720E+00  -1.7868E+00  -1.7843E+00   1.6025E-01
   1.5040E-01  -5.5291E-01  -2.6531E-01  -2.6961E-01  -2.2290E-01  -2.2159E-01
  -2.2337E-01  -2.2082E-01   1.1764E+00  -1.6838E+00  -4.5663E-01  -3.5633E-01
   2.0722E+01  -1.6976E+01   1.1816E+01  -9.9276E+00   3.0944E+00  -2.7111E+00
   3.0342E+00  -2.7288E+00   1.0343E+01  -8.4735E+00   1.1967E+01  -9.7825E+00
   1.0319E+01  -8.5134E+00   1.3546E+00  -1.4888E+00   3.1894E+00  -2.6365E+00
   1.5899E+00  -1.3178E+00   1.5560E+00  -1.3365E+00   1.5565E+00  -1.3361E+00
  -3.6361E-02  -3.0154E-02  -2.4986E-03  -2.5622E-03   4.9796E-03   1.5511E+00
   1.6224E+00   1.5107E+00  -2.1839E-01  -2.6639E-01  -3.6142E-01  -3.0298E-01
   3.9899E-02  -1.1907E-01  -7.8966E-02   5.6974E-02   1.1837E-01   1.2149E-01
   1.5131E-03  -2.4192E-02  -2.4890E-03  -2.0350E-03   5.5978E-02   1.8725E-02
   2.6134E-01   1.6551E-01  -2.0961E-02   2.4621E-02   6.4593E-02  -9.1224E-02
  -6.7069E-02   2.7090E-02   4.0669E-02   3.9712E-02  -4.7453E-03  -2.1352E-02
   4.8783E-02   4.9488E-02   3.5492E-02  -4.9535E-03  -1.1911E-01  -1.7194E-01
  -2.0342E-01  -1.9247E-01  -1.6767E-02  -6.2287E-02  -4.6007E-02   1.9286E-02
   4.5585E-02   1.3013E-02   1.8527E-03  -1.0060E-02   8.9562E-03   8.7923E-03
   3.7626E-02   8.6390E-03   6.1543E-02   3.4163E-02  -3.9586E-02  -1.8132E-02
   3.7619E-03  -5.1200E-02  -4.6115E-02   2.5303E-03   5.5672E-03  -2.6806E-02
   2.7409E-04  -6.1810E-03   4.0980E-02   4.1430E-02   1.9266E-02  -4.8768E-03
  > Energy =  -3.833415058399E+02 +/-   1.134922462664E-04
  > varE =   6.441481508331E-03

VMC #7:
* Size of Hilbert space =   6.3504E+04
* Deterministic energy evaluation:
  > Deterministic Etot/t = -383.34143681321888
    - Ttot/t = -23.307670815880410
    - Utot/t = 9.4805796798317790
* Number of equil. steps   = 1000
* Running VMC equilibration.
  Done. [total walltime: 0.12s]
* Equil. acc.ratio (%)     =  11.8780
* Sample config after equilibration:
  +---------+
  |  2   u  |
  |d   0   d|
  |u   u   0|
  |  2   d  |
  +---------+
* Number of accum. steps   = 1000192 x 10
* Running VMC accumulation.
    [walltime: 1m elapsed, 44.5s remaining]
  Done. [total walltime: 1m44s]
* Acceptance ratio (%)     =  11.8526
* Etot/t                   =  -3.833413384107E+02 +/-   1.161073223868E-04
  > Ttot/t                 =  -2.330727268533E+01 +/-   5.412216336949E-04
  > Utot/t                 =   9.480279951702E+00 +/-   4.475141261354E-04
* var[Eloc/t]              =   6.437921839394E-03 +/-   1.335015564368E-05
* Correlation length       =   2.094386819689E+00
* log10 Psi^2 range: -16.399802523307670 -- -9.5006569038281423
* log10 Pgen range : -16.399802523307670 -- -9.5006569038281423
* Site occupation (ave. no. electrons per config.):
  > Site_  ___eu____  ___ed____
      1        0.502      0.502
      2        0.503      0.505
      3        0.495      0.495
      4        0.503      0.502
      5        0.496      0.495
      6        0.494      0.496
      7        0.505      0.503
      8        0.496      0.495
      9        0.504      0.505
     10        0.504      0.504
* Pair-correlation analysis (ave. no. pairs per config.):
  > Shell  nsite  ___dh____  __eueu___  __eued___
      0      1        0          0          1.535
      1      1        0.719      0.673      2.620
      2      1        0.247      0.638      1.174
      3      1        0.140      0.292      0.596
      4      1        0.460      1.328      2.261
      5      1        0.092      1.022      0.929
      6      1        0.109      0.800      1.126
      7      1        0.240      1.787      2.206
      8      1        0.201      2.145      1.837
      9      1        0.209      2.192      1.866
     10      1        0.183      2.212      1.791
     11      1        0.086      0.946      1.018
     12      1        0.183      2.075      1.912
     13      1        0.048      0.468      0.525
     14      1        0.142      1.407      1.573
     15      1        0.095      1.063      0.966
     16      1        0.100      0.954      1.064

Optimization #7:
* Method          : lls
* Target function : energy
* No. of configs. : 500096
* No. of params.  : 126
* Before optimization:
   4.0565E-01   3.5165E-01   4.6288E-01   4.6055E-01   4.2994E-01   8.0148E-01
  -3.7738E+00  -1.9038E+00  -1.9006E+00  -3.7118E-01  -3.1876E-01  -1.8780E+00
  -1.8736E+00  -2.1740E+00  -2.1720E+00  -1.7868E+00  -1.7843E+00   1.6025E-01
   1.5040E-01  -5.5291E-01  -2.6531E-01  -2.6961E-01  -2.2290E-01  -2.2159E-01
  -2.2337E-01  -2.2082E-01   1.1764E+00  -1.6838E+00  -4.5663E-01  -3.5633E-01
   2.0722E+01  -1.6976E+01   1.1816E+01  -9.9276E+00   3.0944E+00  -2.7111E+00
   3.0342E+00  -2.7288E+00   1.0343E+01  -8.4735E+00   1.1967E+01  -9.7825E+00
   1.0319E+01  -8.5134E+00   1.3546E+00  -1.4888E+00   3.1894E+00  -2.6365E+00
   1.5899E+00  -1.3178E+00   1.5560E+00  -1.3365E+00   1.5565E+00  -1.3361E+00
  -3.6361E-02  -3.0154E-02  -2.4986E-03  -2.5622E-03   4.9796E-03   1.5511E+00
   1.6224E+00   1.5107E+00  -2.1839E-01  -2.6639E-01  -3.6142E-01  -3.0298E-01
   3.9899E-02  -1.1907E-01  -7.8966E-02   5.6974E-02   1.1837E-01   1.2149E-01
   1.5131E-03  -2.4192E-02  -2.4890E-03  -2.0350E-03   5.5978E-02   1.8725E-02
   2.6134E-01   1.6551E-01  -2.0961E-02   2.4621E-02   6.4593E-02  -9.1224E-02
  -6.7069E-02   2.7090E-02   4.0669E-02   3.9712E-02  -4.7453E-03  -2.1352E-02
   4.8783E-02   4.9488E-02   3.5492E-02  -4.9535E-03  -1.1911E-01  -1.7194E-01
  -2.0342E-01  -1.9247E-01  -1.6767E-02  -6.2287E-02  -4.6007E-02   1.9286E-02
   4.5585E-02   1.3013E-02   1.8527E-03  -1.0060E-02   8.9562E-03   8.7923E-03
   3.7626E-02   8.6390E-03   6.1543E-02   3.4163E-02  -3.9586E-02  -1.8132E-02
   3.7619E-03  -5.1200E-02  -4.6115E-02   2.5303E-03   5.5672E-03  -2.6806E-02
   2.7409E-04  -6.1810E-03   4.0980E-02   4.1430E-02   1.9266E-02  -4.8768E-03
  > E    =  -3.833413342677E+02 +/-   1.134539092285E-04
  > varE =   6.437130451411E-03
* Computing derivatives.
    [walltime: 1m2s elapsed, 1h30m remaining]
    [walltime: 1h elapsed, 31m33s remaining]
  Done. [total walltime: 1h31m]
* Optimizing manipulation constant:
  #igrid a___________ E____________________________________ varE____________
     1     Infinity    -3.83341334E+02 +/-   1.13453909E-04   6.43713045E-03
     2     1.0000E+06  -3.83341334E+02 +/-   1.13453821E-04   6.43712044E-03
     3     2.1544E+05  -3.83341334E+02 +/-   1.13453500E-04   6.43708398E-03
     4     4.6416E+04  -3.83341335E+02 +/-   1.13452008E-04   6.43691476E-03
     5     1.0000E+04  -3.83341336E+02 +/-   1.13445089E-04   6.43612962E-03
     6     2.1544E+03  -3.83341340E+02 +/-   1.13413022E-04   6.43249153E-03
     7     4.6416E+02  -3.83341361E+02 +/-   1.13265228E-04   6.41573751E-03
     8     1.0000E+02  -3.83341453E+02 +/-   1.12601190E-04   6.34073122E-03
     9     2.1544E+01  -3.83341816E+02 +/-   1.09936546E-04   6.04418235E-03
    10     4.6416E+00  -3.83342506E+02 +/-   1.04360864E-04   5.44664050E-03
    11     1.0000E+00  -3.83301288E+02 +/-   2.69133972E-04   3.62235009E-02
    12     2.1544E-01  -3.82384857E+02 +/-   1.02368871E-03   5.24069893E-01
    13     4.6416E-02  -3.82156484E+02 +/-   9.56550352E-04   4.57582127E-01
    14     1.0000E-02  -3.82185969E+02 +/-   4.07306778E-05   8.29653321E-04
    15     2.1544E-03  -3.82182287E+02 +/-   3.96320953E-05   7.85502276E-04
    16     4.6416E-04  -3.82181206E+02 +/-   3.65973998E-05   6.69813415E-04
    17     1.0000E-04  -3.82180998E+02 +/-   3.59203621E-05   6.45260071E-04
    18     2.1544E-05  -3.82180954E+02 +/-   3.57743320E-05   6.40024275E-04
    19     4.6416E-06  -3.82180945E+02 +/-   3.57428720E-05   6.38899093E-04
    20     1.0000E-06  -3.82180943E+02 +/-   3.57360936E-05   6.38656791E-04
    21     0.0000E+00  -3.82180942E+02 +/-   3.57342318E-05   6.38590249E-04
  ParMin   9.7473E+00  -3.83342209E+02 +/-   1.06929020E-04   5.71800534E-03
  # Using grid point #10
* Iteration # 1: E =  -3.833425063177E+02 +/-   1.043608638331E-04
* Reached maximum number of iterations: exiting.
* After optimization:
   9.1546E-01   7.9255E-01   9.5871E-01   4.1298E-01   3.7162E-01   7.9357E-01
  -4.1727E+00  -2.1637E+00  -2.1569E+00  -4.8187E-01  -4.2663E-01  -2.0811E+00
  -2.0765E+00  -2.4284E+00  -2.4261E+00  -1.9896E+00  -1.9866E+00   1.0340E-01
   9.3816E-02  -6.5853E-01  -3.1893E-01  -3.2301E-01  -2.7767E-01  -2.7681E-01
  -2.7828E-01  -2.7636E-01   1.4425E+00  -1.9049E+00  -4.6128E-01  -3.5226E-01
   2.2745E+01  -1.8600E+01   1.3102E+01  -1.0960E+01   3.6459E+00  -3.1523E+00
   3.5849E+00  -3.1731E+00   1.1355E+01  -9.2827E+00   1.3254E+01  -1.0815E+01
   1.1331E+01  -9.3204E+00   1.6302E+00  -1.7062E+00   3.7396E+00  -3.0816E+00
   1.8657E+00  -1.5401E+00   1.8321E+00  -1.5574E+00   1.8325E+00  -1.5571E+00
  -3.9627E-02  -3.3951E-02   2.5096E-04  -2.6329E-03   5.7270E-03   1.6562E+00
   1.7978E+00   1.6332E+00  -2.3507E-01  -3.0166E-01  -3.7224E-01  -3.1313E-01
   3.2480E-02  -1.2832E-01  -8.5118E-02   5.5122E-02   1.1965E-01   1.2842E-01
   1.0222E-02  -1.9271E-02  -3.1828E-03  -3.2339E-03   5.7361E-02   3.0760E-02
   2.6294E-01   1.6667E-01  -2.7168E-02   2.5694E-02   5.5752E-02  -8.9014E-02
  -6.6369E-02   2.4359E-02   3.7583E-02   4.3409E-02   2.7802E-03  -1.6644E-02
   4.5677E-02   4.6161E-02   3.6111E-02   6.3841E-03  -1.0872E-01  -1.6475E-01
  -1.8968E-01  -1.7638E-01  -2.0341E-02  -6.0581E-02  -4.5775E-02   1.7212E-02
   4.2798E-02   1.2530E-02   6.9753E-03  -5.9830E-03   8.1122E-03   8.0270E-03
   3.5292E-02   1.2965E-02   5.5149E-02   3.0158E-02  -3.9584E-02  -1.5736E-02
  -2.7196E-03  -4.2563E-02  -4.2658E-02   8.3323E-04   3.6348E-03  -2.4800E-02
   5.9046E-03  -2.8277E-03   3.6286E-02   3.6669E-02   1.8230E-02   9.3831E-04
  > Energy =  -3.833425063177E+02 +/-   1.043608638331E-04
  > varE =   5.446640504222E-03

VMC #8:
* Size of Hilbert space =   6.3504E+04
* Deterministic energy evaluation:
  > Deterministic Etot/t = -383.34259773172232
    - Ttot/t = -23.311978241925360
    - Utot/t = 9.4837261873733318
* Number of equil. steps   = 1000
* Running VMC equilibration.
  Done. [total walltime: 0.12s]
* Equil. acc.ratio (%)     =  11.3334
* Sample config after equilibration:
  +---------+
  |  0   u  |
  |0   2   d|
  |2   u   d|
  |  d   u  |
  +---------+
* Number of accum. steps   = 1000192 x 10
* Running VMC accumulation.
    [walltime: 1m elapsed, 44.2s remaining]
  Done. [total walltime: 1m43s]
* Acceptance ratio (%)     =  11.3449
* Etot/t                   =  -3.833424964846E+02 +/-   1.198085884950E-04
  > Ttot/t                 =  -2.331153225266E+01 +/-   5.891352111370E-04
  > Utot/t                 =   9.483381445228E+00 +/-   4.900082150620E-04
* var[Eloc/t]              =   5.431913584383E-03 +/-   8.350694236298E-06
* Correlation length       =   2.643056381684E+00
* log10 Psi^2 range: -16.436995691397641 -- -9.4536541946568633
* log10 Pgen range : -16.436995691397641 -- -9.4536541946568633
* Site occupation (ave. no. electrons per config.):
  > Site_  ___eu____  ___ed____
      1        0.501      0.502
      2        0.504      0.503
      3        0.497      0.496
      4        0.502      0.502
      5        0.495      0.495
      6        0.496      0.496
      7        0.502      0.504
      8        0.496      0.497
      9        0.502      0.503
     10        0.504      0.502
* Pair-correlation analysis (ave. no. pairs per config.):
  > Shell  nsite  ___dh____  __eueu___  __eued___
      0      1        0          0          1.546
      1      1        0.724      0.675      2.615
      2      1        0.249      0.635      1.169
      3      1        0.142      0.291      0.593
      4      1        0.468      1.330      2.256
      5      1        0.094      1.024      0.933
      6      1        0.111      0.804      1.130
      7      1        0.244      1.783      2.201
      8      1        0.203      2.147      1.843
      9      1        0.210      2.188      1.866
     10      1        0.186      2.210      1.792
     11      1        0.088      0.948      1.020
     12      1        0.184      2.076      1.914
     13      1        0.048      0.470      0.525
     14      1        0.144      1.410      1.572
     15      1        0.097      1.057      0.964
     16      1        0.100      0.953      1.061

Optimization #8:
* Method          : lls
* Target function : energy
* No. of configs. : 500096
* No. of params.  : 126
* Before optimization:
   9.1546E-01   7.9255E-01   9.5871E-01   4.1298E-01   3.7162E-01   7.9357E-01
  -4.1727E+00  -2.1637E+00  -2.1569E+00  -4.8187E-01  -4.2663E-01  -2.0811E+00
  -2.0765E+00  -2.4284E+00  -2.4261E+00  -1.9896E+00  -1.9866E+00   1.0340E-01
   9.3816E-02  -6.5853E-01  -3.1893E-01  -3.2301E-01  -2.7767E-01  -2.7681E-01
  -2.7828E-01  -2.7636E-01   1.4425E+00  -1.9049E+00  -4.6128E-01  -3.5226E-01
   2.2745E+01  -1.8600E+01   1.3102E+01  -1.0960E+01   3.6459E+00  -3.1523E+00
   3.5849E+00  -3.1731E+00   1.1355E+01  -9.2827E+00   1.3254E+01  -1.0815E+01
   1.1331E+01  -9.3204E+00   1.6302E+00  -1.7062E+00   3.7396E+00  -3.0816E+00
   1.8657E+00  -1.5401E+00   1.8321E+00  -1.5574E+00   1.8325E+00  -1.5571E+00
  -3.9627E-02  -3.3951E-02   2.5096E-04  -2.6329E-03   5.7270E-03   1.6562E+00
   1.7978E+00   1.6332E+00  -2.3507E-01  -3.0166E-01  -3.7224E-01  -3.1313E-01
   3.2480E-02  -1.2832E-01  -8.5118E-02   5.5122E-02   1.1965E-01   1.2842E-01
   1.0222E-02  -1.9271E-02  -3.1828E-03  -3.2339E-03   5.7361E-02   3.0760E-02
   2.6294E-01   1.6667E-01  -2.7168E-02   2.5694E-02   5.5752E-02  -8.9014E-02
  -6.6369E-02   2.4359E-02   3.7583E-02   4.3409E-02   2.7802E-03  -1.6644E-02
   4.5677E-02   4.6161E-02   3.6111E-02   6.3841E-03  -1.0872E-01  -1.6475E-01
  -1.8968E-01  -1.7638E-01  -2.0341E-02  -6.0581E-02  -4.5775E-02   1.7212E-02
   4.2798E-02   1.2530E-02   6.9753E-03  -5.9830E-03   8.1122E-03   8.0270E-03
   3.5292E-02   1.2965E-02   5.5149E-02   3.0158E-02  -3.9584E-02  -1.5736E-02
  -2.7196E-03  -4.2563E-02  -4.2658E-02   8.3323E-04   3.6348E-03  -2.4800E-02
   5.9046E-03  -2.8277E-03   3.6286E-02   3.6669E-02   1.8230E-02   9.3831E-04
  > E    =  -3.833425439271E+02 +/-   1.043187235813E-04
  > varE =   5.442242754839E-03
* Computing derivatives.
    [walltime: 1m2s elapsed, 1h30m remaining]
    [walltime: 1h elapsed, 31m39s remaining]
  Done. [total walltime: 1h31m]
* Optimizing manipulation constant:
  #igrid a___________ E____________________________________ varE____________
     1     Infinity    -3.83342544E+02 +/-   1.04318724E-04   5.44224275E-03
     2     1.0000E+06  -3.83342544E+02 +/-   1.04318645E-04   5.44223456E-03
     3     2.1544E+05  -3.83342544E+02 +/-   1.04318359E-04   5.44220470E-03
     4     4.6416E+04  -3.83342544E+02 +/-   1.04317031E-04   5.44206614E-03
     5     1.0000E+04  -3.83342545E+02 +/-   1.04310869E-04   5.44142324E-03
     6     2.1544E+03  -3.83342549E+02 +/-   1.04282309E-04   5.43844398E-03
     7     4.6416E+02  -3.83342566E+02 +/-   1.04150648E-04   5.42472005E-03
     8     1.0000E+02  -3.83342643E+02 +/-   1.03558921E-04   5.36325456E-03
     9     2.1544E+01  -3.83342945E+02 +/-   1.01227851E-04   5.12452266E-03
    10     4.6416E+00  -3.83343230E+02 +/-   9.91455607E-05   4.91586477E-03
    11     1.0000E+00  -3.83315609E+02 +/-   2.35054884E-04   2.76307033E-02
    12     2.1544E-01  -3.82747796E+02 +/-   8.91797310E-04   3.97727570E-01
    13     4.6416E-02  -3.82820285E+02 +/-   8.53200698E-04   3.64045599E-01
    14     1.0000E-02  -3.80780030E+02 +/-   1.10376000E-03   6.09260019E-01
    15     2.1544E-03  -3.80742317E+02 +/-   1.07377289E-03   5.76604800E-01
    16     4.6416E-04  -3.82938339E+02 +/-   6.58448695E-04   2.16818963E-01
    17     1.0000E-04  -3.82985929E+02 +/-   6.25078850E-04   1.95399294E-01
    18     2.1544E-05  -3.82995562E+02 +/-   6.17883146E-04   1.90926442E-01
    19     4.6416E-06  -3.82997608E+02 +/-   6.16334126E-04   1.89970345E-01
    20     1.0000E-06  -3.82998047E+02 +/-   6.16000469E-04   1.89764717E-01
    21     0.0000E+00  -3.82998167E+02 +/-   6.15908853E-04   1.89708274E-01
  ParMin   9.8434E+00  -3.83343234E+02 +/-   9.89836449E-05   4.89982156E-03
  # Using parabolic minimum
* Iteration # 1: E =  -3.833432336334E+02 +/-   9.898364485833E-05
* Reached maximum number of iterations: exiting.
* After optimization:
   8.8888E-01   7.3532E-01   9.2382E-01   4.5217E-01   4.0723E-01   7.8908E-01
  -4.1736E+00  -2.1293E+00  -2.1211E+00  -4.0678E-01  -3.5082E-01  -2.0839E+00
  -2.0791E+00  -2.3915E+00  -2.3890E+00  -1.9924E+00  -1.9891E+00   1.3938E-01
   1.2974E-01  -5.8109E-01  -2.8062E-01  -2.8460E-01  -2.4000E-01  -2.3929E-01
  -2.4050E-01  -2.3881E-01   1.2495E+00  -1.7527E+00  -4.6222E-01  -3.5042E-01
   2.2756E+01  -1.8609E+01   1.2917E+01  -1.0812E+01   3.2662E+00  -2.8481E+00
   3.2052E+00  -2.8701E+00   1.1360E+01  -9.2860E+00   1.3070E+01  -1.0668E+01
   1.1336E+01  -9.3228E+00   1.4411E+00  -1.5525E+00   3.3594E+00  -2.7792E+00
   1.6759E+00  -1.3887E+00   1.6424E+00  -1.4053E+00   1.6428E+00  -1.4050E+00
  -4.1142E-02  -3.5496E-02   1.6615E-03  -2.5806E-03   6.1301E-03   1.5695E+00
   1.7343E+00   1.5588E+00  -2.2383E-01  -2.9479E-01  -3.4904E-01  -2.9252E-01
   2.6620E-02  -1.2389E-01  -8.1754E-02   5.0999E-02   1.1143E-01   1.2007E-01
   1.5126E-02  -1.3570E-02  -3.1845E-03  -3.0780E-03   5.3003E-02   3.4954E-02
   2.4055E-01   1.5169E-01  -2.5612E-02   2.3918E-02   4.7921E-02  -8.0770E-02
  -6.0886E-02   1.9265E-02   3.4722E-02   4.1161E-02   5.3776E-03  -1.2271E-02
   4.1388E-02   4.1796E-02   3.2581E-02   1.1992E-02  -1.0452E-01  -1.6148E-01
  -1.8431E-01  -1.6956E-01  -2.1078E-02  -6.0459E-02  -4.6387E-02   1.7293E-02
   4.2141E-02   1.2086E-02   1.0365E-02  -4.0610E-03   8.0022E-03   7.9377E-03
   3.4218E-02   1.5495E-02   5.2017E-02   2.8288E-02  -3.7245E-02  -1.4219E-02
  -4.2347E-03  -3.8659E-02  -4.1821E-02  -7.1412E-04   3.7585E-03  -2.4063E-02
   8.0445E-03  -1.5980E-03   3.4992E-02   3.5379E-02   1.7405E-02   3.6978E-03
  > Energy =  -3.833432336334E+02 +/-   9.898364485833E-05
  > varE =   4.899821559867E-03

VMC #9:
* Size of Hilbert space =   6.3504E+04
* Deterministic energy evaluation:
  > Deterministic Etot/t = -383.34328704148481
    - Ttot/t = -23.314429315308292
    - Utot/t = 9.4854879509937540
* Number of equil. steps   = 1000
* Running VMC equilibration.
  Done. [total walltime: 0.12s]
* Equil. acc.ratio (%)     =  11.5923
* Sample config after equilibration:
  +---------+
  |  0   u  |
  |2   2   d|
  |d   0   0|
  |  u   2  |
  +---------+
* Number of accum. steps   = 1000192 x 10
* Running VMC accumulation.
    [walltime: 1m elapsed, 45.7s remaining]
  Done. [total walltime: 1m44s]
* Acceptance ratio (%)     =  11.5662
* Etot/t                   =  -3.833433754534E+02 +/-   1.073398677395E-04
  > Ttot/t                 =  -2.331474353304E+01 +/-   5.519515237741E-04
  > Utot/t                 =   9.485713756577E+00 +/-   4.636061408772E-04
* var[Eloc/t]              =   4.904005519281E-03 +/-   9.739142871077E-06
* Correlation length       =   2.349927901934E+00
* log10 Psi^2 range: -16.546790585898520 -- -9.4173271903463771
* log10 Pgen range : -16.546790585898520 -- -9.4173271903463771
* Site occupation (ave. no. electrons per config.):
  > Site_  ___eu____  ___ed____
      1        0.501      0.501
      2        0.502      0.504
      3        0.496      0.496
      4        0.501      0.502
      5        0.497      0.495
      6        0.495      0.497
      7        0.505      0.502
      8        0.495      0.497
      9        0.503      0.504
     10        0.504      0.503
* Pair-correlation analysis (ave. no. pairs per config.):
  > Shell  nsite  ___dh____  __eueu___  __eued___
      0      1        0          0          1.556
      1      1        0.729      0.678      2.609
      2      1        0.250      0.636      1.170
      3      1        0.143      0.291      0.591
      4      1        0.474      1.329      2.249
      5      1        0.095      1.025      0.933
      6      1        0.113      0.805      1.127
      7      1        0.244      1.786      2.198
      8      1        0.206      2.143      1.843
      9      1        0.211      2.183      1.867
     10      1        0.189      2.209      1.794
     11      1        0.089      0.948      1.022
     12      1        0.187      2.079      1.912
     13      1        0.049      0.470      0.525
     14      1        0.146      1.409      1.575
     15      1        0.096      1.060      0.965
     16      1        0.102      0.951      1.064

Optimization #9:
* Method          : lls
* Target function : energy
* No. of configs. : 500096
* No. of params.  : 126
* Before optimization:
   8.8888E-01   7.3532E-01   9.2382E-01   4.5217E-01   4.0723E-01   7.8908E-01
  -4.1736E+00  -2.1293E+00  -2.1211E+00  -4.0678E-01  -3.5082E-01  -2.0839E+00
  -2.0791E+00  -2.3915E+00  -2.3890E+00  -1.9924E+00  -1.9891E+00   1.3938E-01
   1.2974E-01  -5.8109E-01  -2.8062E-01  -2.8460E-01  -2.4000E-01  -2.3929E-01
  -2.4050E-01  -2.3881E-01   1.2495E+00  -1.7527E+00  -4.6222E-01  -3.5042E-01
   2.2756E+01  -1.8609E+01   1.2917E+01  -1.0812E+01   3.2662E+00  -2.8481E+00
   3.2052E+00  -2.8701E+00   1.1360E+01  -9.2860E+00   1.3070E+01  -1.0668E+01
   1.1336E+01  -9.3228E+00   1.4411E+00  -1.5525E+00   3.3594E+00  -2.7792E+00
   1.6759E+00  -1.3887E+00   1.6424E+00  -1.4053E+00   1.6428E+00  -1.4050E+00
  -4.1142E-02  -3.5496E-02   1.6615E-03  -2.5806E-03   6.1301E-03   1.5695E+00
   1.7343E+00   1.5588E+00  -2.2383E-01  -2.9479E-01  -3.4904E-01  -2.9252E-01
   2.6620E-02  -1.2389E-01  -8.1754E-02   5.0999E-02   1.1143E-01   1.2007E-01
   1.5126E-02  -1.3570E-02  -3.1845E-03  -3.0780E-03   5.3003E-02   3.4954E-02
   2.4055E-01   1.5169E-01  -2.5612E-02   2.3918E-02   4.7921E-02  -8.0770E-02
  -6.0886E-02   1.9265E-02   3.4722E-02   4.1161E-02   5.3776E-03  -1.2271E-02
   4.1388E-02   4.1796E-02   3.2581E-02   1.1992E-02  -1.0452E-01  -1.6148E-01
  -1.8431E-01  -1.6956E-01  -2.1078E-02  -6.0459E-02  -4.6387E-02   1.7293E-02
   4.2141E-02   1.2086E-02   1.0365E-02  -4.0610E-03   8.0022E-03   7.9377E-03
   3.4218E-02   1.5495E-02   5.2017E-02   2.8288E-02  -3.7245E-02  -1.4219E-02
  -4.2347E-03  -3.8659E-02  -4.1821E-02  -7.1412E-04   3.7585E-03  -2.4063E-02
   8.0445E-03  -1.5980E-03   3.4992E-02   3.5379E-02   1.7405E-02   3.6978E-03
  > E    =  -3.833433556669E+02 +/-   9.904284149786E-05
  > varE =   4.905683936492E-03
* Computing derivatives.
    [walltime: 1m1s elapsed, 1h30m remaining]
    [walltime: 1h elapsed, 31m44s remaining]
  Done. [total walltime: 1h31m]
* Optimizing manipulation constant:
  #igrid a___________ E____________________________________ varE____________
     1     Infinity    -3.83343356E+02 +/-   9.90428415E-05   4.90568394E-03
     2     1.0000E+06  -3.83343356E+02 +/-   9.90427738E-05   4.90567723E-03
     3     2.1544E+05  -3.83343356E+02 +/-   9.90425273E-05   4.90565281E-03
     4     4.6416E+04  -3.83343356E+02 +/-   9.90413871E-05   4.90553987E-03
     5     1.0000E+04  -3.83343356E+02 +/-   9.90361826E-05   4.90502432E-03
     6     2.1544E+03  -3.83343359E+02 +/-   9.90139096E-05   4.90281831E-03
     7     4.6416E+02  -3.83343367E+02 +/-   9.89512954E-05   4.89661940E-03
     8     1.0000E+02  -3.83343287E+02 +/-   9.95573336E-05   4.95678286E-03
     9     2.1544E+01  -3.83339777E+02 +/-   1.23929211E-04   7.68069911E-03
    10     4.6416E+00  -3.82987727E+02 +/-   7.20413859E-04   2.59547888E-01
    11     1.0000E+00  -3.82156036E+02 +/-   9.57242623E-04   4.58244686E-01
    12     2.1544E-01  -3.80446273E+02 +/-   6.59415390E-05   2.17456072E-03
    13     4.6416E-02  -3.82156669E+02 +/-   9.70439927E-04   4.70967234E-01
    14     1.0000E-02  -3.82165204E+02 +/-   8.84206835E-04   3.90985918E-01
    15     2.1544E-03  -3.82163693E+02 +/-   8.59155257E-04   3.69144740E-01
    16     4.6416E-04  -3.82163017E+02 +/-   8.54303250E-04   3.64987086E-01
    17     1.0000E-04  -3.82162852E+02 +/-   8.53286924E-04   3.64119185E-01
    18     2.1544E-05  -3.82162816E+02 +/-   8.53069344E-04   3.63933514E-01
    19     4.6416E-06  -3.82162808E+02 +/-   8.53022543E-04   3.63893584E-01
    20     1.0000E-06  -3.82162806E+02 +/-   8.53012461E-04   3.63884982E-01
    21     0.0000E+00  -3.82162805E+02 +/-   8.53009697E-04   3.63882624E-01
  ParMin   8.7468E+02  -3.83343363E+02 +/-   9.89806739E-05   4.89952743E-03
  # Using grid point #7
* Iteration # 1: E =  -3.833433668728E+02 +/-   9.895129540883E-05
* Reached maximum number of iterations: exiting.
* After optimization:
   8.8440E-01   7.3015E-01   9.1911E-01   4.5414E-01   4.0914E-01   7.8899E-01
  -4.1600E+00  -2.1206E+00  -2.1124E+00  -4.0288E-01  -3.4691E-01  -2.0772E+00
  -2.0724E+00  -2.3828E+00  -2.3803E+00  -1.9857E+00  -1.9823E+00   1.4130E-01
   1.3166E-01  -5.7713E-01  -2.7865E-01  -2.8264E-01  -2.3804E-01  -2.3735E-01
  -2.3855E-01  -2.3686E-01   1.2396E+00  -1.7449E+00  -4.6224E-01  -3.5037E-01
   2.2689E+01  -1.8555E+01   1.2873E+01  -1.0777E+01   3.2466E+00  -2.8323E+00
   3.1856E+00  -2.8544E+00   1.1327E+01  -9.2589E+00   1.3026E+01  -1.0633E+01
   1.1302E+01  -9.2957E+00   1.4313E+00  -1.5446E+00   3.3398E+00  -2.7635E+00
   1.6660E+00  -1.3808E+00   1.6326E+00  -1.3974E+00   1.6329E+00  -1.3971E+00
  -4.1186E-02  -3.5537E-02   1.6935E-03  -2.5785E-03   6.1392E-03   1.5567E+00
   1.7207E+00   1.5463E+00  -2.2207E-01  -2.9258E-01  -3.4611E-01  -2.9006E-01
   2.6331E-02  -1.2288E-01  -8.1083E-02   5.0563E-02   1.1047E-01   1.1904E-01
   1.5139E-02  -1.3368E-02  -3.1673E-03  -3.0578E-03   5.2544E-02   3.4850E-02
   2.3836E-01   1.5027E-01  -2.5395E-02   2.3692E-02   4.7441E-02  -7.9999E-02
  -6.0326E-02   1.9038E-02   3.4421E-02   4.0837E-02   5.3992E-03  -1.2116E-02
   4.0999E-02   4.1404E-02   3.2289E-02   1.2060E-02  -1.0445E-01  -1.6143E-01
  -1.8421E-01  -1.6944E-01  -2.1100E-02  -6.0431E-02  -4.6386E-02   1.7289E-02
   4.2118E-02   1.2061E-02   1.0443E-02  -4.0062E-03   7.9946E-03   7.9311E-03
   3.4183E-02   1.5564E-02   5.1909E-02   2.8213E-02  -3.7211E-02  -1.4210E-02
  -4.2714E-03  -3.8556E-02  -4.1790E-02  -7.5052E-04   3.7586E-03  -2.4045E-02
   8.0856E-03  -1.5698E-03   3.4956E-02   3.5342E-02   1.7381E-02   3.7650E-03
  > Energy =  -3.833433668728E+02 +/-   9.895129540883E-05
  > varE =   4.896619401994E-03

VMC #10:
* Size of Hilbert space =   6.3504E+04
* Deterministic energy evaluation:
  > Deterministic Etot/t = -383.34329833059616
    - Ttot/t = -23.314470608401574
    - Utot/t = 9.4855179549756681
* Number of equil. steps   = 1000
* Running VMC equilibration.
  Done. [total walltime: 0.12s]
* Equil. acc.ratio (%)     =  11.6168
* Sample config after equilibration:
  +---------+
  |  d   d  |
  |u   u   u|
  |d   d   d|
  |  u   u  |
  +---------+
* Number of accum. steps   = 1000192 x 10
* Running VMC accumulation.
    [walltime: 1m elapsed, 45.3s remaining]
  Done. [total walltime: 1m45s]
* Acceptance ratio (%)     =  11.6202
* Etot/t                   =  -3.833433250897E+02 +/-   1.042638431436E-04
  > Ttot/t                 =  -2.331490355830E+01 +/-   5.342076859029E-04
  > Utot/t                 =   9.485924145836E+00 +/-   4.513612648668E-04
* var[Eloc/t]              =   4.881639257129E-03 +/-   1.461204948086E-05
* Correlation length       =   2.227332999547E+00
* log10 Psi^2 range: -16.835740835694761 -- -9.4159602829477063
* log10 Pgen range : -16.835740835694761 -- -9.4159602829477063
* Site occupation (ave. no. electrons per config.):
  > Site_  ___eu____  ___ed____
      1        0.501      0.501
      2        0.504      0.503
      3        0.497      0.496
      4        0.502      0.502
      5        0.496      0.496
      6        0.495      0.497
      7        0.503      0.503
      8        0.494      0.496
      9        0.503      0.503
     10        0.505      0.502
* Pair-correlation analysis (ave. no. pairs per config.):
  > Shell  nsite  ___dh____  __eueu___  __eued___
      0      1        0          0          1.556
      1      1        0.730      0.678      2.607
      2      1        0.251      0.638      1.167
      3      1        0.143      0.292      0.591
      4      1        0.473      1.330      2.250
      5      1        0.094      1.023      0.934
      6      1        0.112      0.807      1.126
      7      1        0.247      1.787      2.196
      8      1        0.205      2.143      1.844
      9      1        0.212      2.183      1.870
     10      1        0.187      2.206      1.799
     11      1        0.089      0.948      1.019
     12      1        0.187      2.074      1.917
     13      1        0.048      0.471      0.524
     14      1        0.146      1.410      1.572
     15      1        0.097      1.057      0.967
     16      1        0.102      0.955      1.060

Optimization #10:
* Method          : lls
* Target function : energy
* No. of configs. : 500096
* No. of params.  : 126
* Before optimization:
   8.8440E-01   7.3015E-01   9.1911E-01   4.5414E-01   4.0914E-01   7.8899E-01
  -4.1600E+00  -2.1206E+00  -2.1124E+00  -4.0288E-01  -3.4691E-01  -2.0772E+00
  -2.0724E+00  -2.3828E+00  -2.3803E+00  -1.9857E+00  -1.9823E+00   1.4130E-01
   1.3166E-01  -5.7713E-01  -2.7865E-01  -2.8264E-01  -2.3804E-01  -2.3735E-01
  -2.3855E-01  -2.3686E-01   1.2396E+00  -1.7449E+00  -4.6224E-01  -3.5037E-01
   2.2689E+01  -1.8555E+01   1.2873E+01  -1.0777E+01   3.2466E+00  -2.8323E+00
   3.1856E+00  -2.8544E+00   1.1327E+01  -9.2589E+00   1.3026E+01  -1.0633E+01
   1.1302E+01  -9.2957E+00   1.4313E+00  -1.5446E+00   3.3398E+00  -2.7635E+00
   1.6660E+00  -1.3808E+00   1.6326E+00  -1.3974E+00   1.6329E+00  -1.3971E+00
  -4.1186E-02  -3.5537E-02   1.6935E-03  -2.5785E-03   6.1392E-03   1.5567E+00
   1.7207E+00   1.5463E+00  -2.2207E-01  -2.9258E-01  -3.4611E-01  -2.9006E-01
   2.6331E-02  -1.2288E-01  -8.1083E-02   5.0563E-02   1.1047E-01   1.1904E-01
   1.5139E-02  -1.3368E-02  -3.1673E-03  -3.0578E-03   5.2544E-02   3.4850E-02
   2.3836E-01   1.5027E-01  -2.5395E-02   2.3692E-02   4.7441E-02  -7.9999E-02
  -6.0326E-02   1.9038E-02   3.4421E-02   4.0837E-02   5.3992E-03  -1.2116E-02
   4.0999E-02   4.1404E-02   3.2289E-02   1.2060E-02  -1.0445E-01  -1.6143E-01
  -1.8421E-01  -1.6944E-01  -2.1100E-02  -6.0431E-02  -4.6386E-02   1.7289E-02
   4.2118E-02   1.2061E-02   1.0443E-02  -4.0062E-03   7.9946E-03   7.9311E-03
   3.4183E-02   1.5564E-02   5.1909E-02   2.8213E-02  -3.7211E-02  -1.4210E-02
  -4.2714E-03  -3.8556E-02  -4.1790E-02  -7.5052E-04   3.7586E-03  -2.4045E-02
   8.0856E-03  -1.5698E-03   3.4956E-02   3.5342E-02   1.7381E-02   3.7650E-03
  > E    =  -3.833433366161E+02 +/-   9.885856997257E-05
  > varE =   4.887446638130E-03
* Computing derivatives.
    [walltime: 1m2s elapsed, 1h30m remaining]
    [walltime: 1h elapsed, 31m39s remaining]
  Done. [total walltime: 1h31m]
* Optimizing manipulation constant:
  #igrid a___________ E____________________________________ varE____________
     1     Infinity    -3.83343337E+02 +/-   9.88585700E-05   4.88744664E-03
     2     1.0000E+06  -3.83343337E+02 +/-   9.88584958E-05   4.88743930E-03
     3     2.1544E+05  -3.83343337E+02 +/-   9.88582257E-05   4.88741260E-03
     4     4.6416E+04  -3.83343337E+02 +/-   9.88569724E-05   4.88728868E-03
     5     1.0000E+04  -3.83343338E+02 +/-   9.88511591E-05   4.88671390E-03
     6     2.1544E+03  -3.83343341E+02 +/-   9.88242667E-05   4.88405541E-03
     7     4.6416E+02  -3.83343357E+02 +/-   9.87013836E-05   4.87191679E-03
     8     1.0000E+02  -3.83343424E+02 +/-   9.81718595E-05   4.81978222E-03
     9     2.1544E+01  -3.83343629E+02 +/-   9.65064367E-05   4.65764026E-03
    10     4.6416E+00  -3.83343162E+02 +/-   9.96359472E-05   4.96461401E-03
    11     1.0000E+00  -3.83332832E+02 +/-   1.57086552E-04   1.23404614E-02
    12     2.1544E-01  -3.83260084E+02 +/-   3.53295111E-04   6.24207001E-02
    13     4.6416E-02  -3.82994539E+02 +/-   6.73166843E-04   2.26620302E-01
    14     1.0000E-02  -3.82260285E+02 +/-   9.56993533E-04   4.58006232E-01
    15     2.1544E-03  -3.82211148E+02 +/-   9.55023833E-04   4.56122819E-01
    16     4.6416E-04  -3.82204222E+02 +/-   9.54158209E-04   4.55296344E-01
    17     1.0000E-04  -3.82202858E+02 +/-   9.53961560E-04   4.55108693E-01
    18     2.1544E-05  -3.82202570E+02 +/-   9.53918795E-04   4.55067890E-01
    19     4.6416E-06  -3.82202508E+02 +/-   9.53909563E-04   4.55059082E-01
    20     1.0000E-06  -3.82202495E+02 +/-   9.53907574E-04   4.55057184E-01
    21     0.0000E+00  -3.82202491E+02 +/-   9.53907027E-04   4.55056662E-01
  ParMin   2.9008E+01  -3.83343579E+02 +/-   9.69194374E-05   4.69759044E-03
  # Using grid point #9
* Iteration # 1: E =  -3.833436293028E+02 +/-   9.650643673911E-05
* Reached maximum number of iterations: exiting.
* After optimization:
   8.5011E-01   6.8281E-01   8.8276E-01   4.4874E-01   4.0256E-01   7.8690E-01
  -4.1472E+00  -2.1212E+00  -2.1126E+00  -4.1485E-01  -3.5866E-01  -2.0716E+00
  -2.0667E+00  -2.3823E+00  -2.3797E+00  -1.9800E+00  -1.9765E+00   1.3461E-01
   1.2509E-01  -5.8809E-01  -2.8441E-01  -2.8834E-01  -2.4404E-01  -2.4338E-01
  -2.4446E-01  -2.4290E-01   1.2668E+00  -1.7674E+00  -4.6257E-01  -3.4961E-01
   2.2623E+01  -1.8502E+01   1.2869E+01  -1.0772E+01   3.3037E+00  -2.8771E+00
   3.2433E+00  -2.9000E+00   1.1294E+01  -9.2318E+00   1.3022E+01  -1.0629E+01
   1.1269E+01  -9.2683E+00   1.4595E+00  -1.5667E+00   3.3969E+00  -2.8092E+00
   1.6945E+00  -1.4037E+00   1.6610E+00  -1.4200E+00   1.6615E+00  -1.4198E+00
  -4.2133E-02  -3.6479E-02   2.3812E-03  -2.5290E-03   6.3447E-03   1.6009E+00
   1.7814E+00   1.5928E+00  -2.2860E-01  -3.0382E-01  -3.5475E-01  -2.9642E-01
   2.5085E-02  -1.2545E-01  -8.2458E-02   5.1472E-02   1.1202E-01   1.2103E-01
   1.8195E-02  -1.1715E-02  -3.8233E-03  -3.6649E-03   5.3060E-02   3.9657E-02
   2.4010E-01   1.5063E-01  -2.6368E-02   2.3865E-02   4.6644E-02  -7.9689E-02
  -6.0285E-02   1.8237E-02   3.4873E-02   4.2537E-02   6.8111E-03  -1.1140E-02
   4.0823E-02   4.1186E-02   3.2330E-02   1.5868E-02  -1.0290E-01  -1.6016E-01
  -1.8235E-01  -1.6657E-01  -2.1771E-02  -5.9536E-02  -4.5909E-02   1.7072E-02
   4.1198E-02   1.1203E-02   1.2136E-02  -2.9201E-03   7.6518E-03   7.6030E-03
   3.3464E-02   1.7259E-02   4.9613E-02   2.6270E-02  -3.6668E-02  -1.3855E-02
  -5.1069E-03  -3.6463E-02  -4.0982E-02  -1.4665E-03   3.5651E-03  -2.3608E-02
   9.0138E-03  -1.0053E-03   3.4132E-02   3.4506E-02   1.6899E-02   5.3745E-03
  > Energy =  -3.833436293028E+02 +/-   9.650643673911E-05
  > varE =   4.657640261304E-03

VMC #11:
* Size of Hilbert space =   6.3504E+04
* Deterministic energy evaluation:
  > Deterministic Etot/t = -383.34359210900118
    - Ttot/t = -23.315680692409352
    - Utot/t = 9.4864342605783811
* Number of equil. steps   = 1000
* Running VMC equilibration.
  Done. [total walltime: 0.12s]
* Equil. acc.ratio (%)     =  11.5750
* Sample config after equilibration:
  +---------+
  |  0   u  |
  |2   2   d|
  |d   u   u|
  |  0   d  |
  +---------+
* Number of accum. steps   = 1000192 x 10
* Running VMC accumulation.
    [walltime: 1m elapsed, 43.9s remaining]
  Done. [total walltime: 1m43s]
* Acceptance ratio (%)     =  11.4397
* Etot/t                   =  -3.833436440853E+02 +/-   1.081400256326E-04
  > Ttot/t                 =  -2.331598824724E+01 +/-   5.636881008275E-04
  > Utot/t                 =   9.486689839245E+00 +/-   4.751724827824E-04
* var[Eloc/t]              =   4.677801440570E-03 +/-   8.571966504487E-06
* Correlation length       =   2.500429013786E+00
* log10 Psi^2 range: -16.456139479111965 -- -9.3857674284822821
* log10 Pgen range : -16.456139479111965 -- -9.3857674284822821
* Site occupation (ave. no. electrons per config.):
  > Site_  ___eu____  ___ed____
      1        0.502      0.502
      2        0.503      0.504
      3        0.496      0.496
      4        0.502      0.500
      5        0.496      0.496
      6        0.496      0.497
      7        0.502      0.503
      8        0.496      0.497
      9        0.503      0.503
     10        0.503      0.503
* Pair-correlation analysis (ave. no. pairs per config.):
  > Shell  nsite  ___dh____  __eueu___  __eued___
      0      1        0          0          1.561
      1      1        0.732      0.677      2.605
      2      1        0.252      0.636      1.164
      3      1        0.144      0.290      0.591
      4      1        0.477      1.331      2.248
      5      1        0.095      1.027      0.934
      6      1        0.113      0.808      1.128
      7      1        0.248      1.785      2.194
      8      1        0.208      2.144      1.845
      9      1        0.212      2.183      1.868
     10      1        0.188      2.206      1.800
     11      1        0.090      0.948      1.023
     12      1        0.187      2.079      1.914
     13      1        0.049      0.470      0.523
     14      1        0.147      1.408      1.575
     15      1        0.097      1.058      0.964
     16      1        0.103      0.950      1.061

Optimization #11:
* Method          : lls
* Target function : energy
* No. of configs. : 500096
* No. of params.  : 126
* Before optimization:
   8.5011E-01   6.8281E-01   8.8276E-01   4.4874E-01   4.0256E-01   7.8690E-01
  -4.1472E+00  -2.1212E+00  -2.1126E+00  -4.1485E-01  -3.5866E-01  -2.0716E+00
  -2.0667E+00  -2.3823E+00  -2.3797E+00  -1.9800E+00  -1.9765E+00   1.3461E-01
   1.2509E-01  -5.8809E-01  -2.8441E-01  -2.8834E-01  -2.4404E-01  -2.4338E-01
  -2.4446E-01  -2.4290E-01   1.2668E+00  -1.7674E+00  -4.6257E-01  -3.4961E-01
   2.2623E+01  -1.8502E+01   1.2869E+01  -1.0772E+01   3.3037E+00  -2.8771E+00
   3.2433E+00  -2.9000E+00   1.1294E+01  -9.2318E+00   1.3022E+01  -1.0629E+01
   1.1269E+01  -9.2683E+00   1.4595E+00  -1.5667E+00   3.3969E+00  -2.8092E+00
   1.6945E+00  -1.4037E+00   1.6610E+00  -1.4200E+00   1.6615E+00  -1.4198E+00
  -4.2133E-02  -3.6479E-02   2.3812E-03  -2.5290E-03   6.3447E-03   1.6009E+00
   1.7814E+00   1.5928E+00  -2.2860E-01  -3.0382E-01  -3.5475E-01  -2.9642E-01
   2.5085E-02  -1.2545E-01  -8.2458E-02   5.1472E-02   1.1202E-01   1.2103E-01
   1.8195E-02  -1.1715E-02  -3.8233E-03  -3.6649E-03   5.3060E-02   3.9657E-02
   2.4010E-01   1.5063E-01  -2.6368E-02   2.3865E-02   4.6644E-02  -7.9689E-02
  -6.0285E-02   1.8237E-02   3.4873E-02   4.2537E-02   6.8111E-03  -1.1140E-02
   4.0823E-02   4.1186E-02   3.2330E-02   1.5868E-02  -1.0290E-01  -1.6016E-01
  -1.8235E-01  -1.6657E-01  -2.1771E-02  -5.9536E-02  -4.5909E-02   1.7072E-02
   4.1198E-02   1.1203E-02   1.2136E-02  -2.9201E-03   7.6518E-03   7.6030E-03
   3.3464E-02   1.7259E-02   4.9613E-02   2.6270E-02  -3.6668E-02  -1.3855E-02
  -5.1069E-03  -3.6463E-02  -4.0982E-02  -1.4665E-03   3.5651E-03  -2.3608E-02
   9.0138E-03  -1.0053E-03   3.4132E-02   3.4506E-02   1.6899E-02   5.3745E-03
  > E    =  -3.833437123437E+02 +/-   9.667007542901E-05
  > varE =   4.673448871660E-03
* Computing derivatives.
    [walltime: 1m1s elapsed, 1h30m remaining]
    [walltime: 1h elapsed, 31m41s remaining]
  Done. [total walltime: 1h31m]
* Optimizing manipulation constant:
  #igrid a___________ E____________________________________ varE____________
     1     Infinity    -3.83343712E+02 +/-   9.66700754E-05   4.67344887E-03
     2     1.0000E+06  -3.83343712E+02 +/-   9.66700047E-05   4.67344203E-03
     3     2.1544E+05  -3.83343712E+02 +/-   9.66697471E-05   4.67341712E-03
     4     4.6416E+04  -3.83343713E+02 +/-   9.66685521E-05   4.67330159E-03
     5     1.0000E+04  -3.83343713E+02 +/-   9.66630235E-05   4.67276706E-03
     6     2.1544E+03  -3.83343716E+02 +/-   9.66377441E-05   4.67032332E-03
     7     4.6416E+02  -3.83343730E+02 +/-   9.65286120E-05   4.65978097E-03
     8     1.0000E+02  -3.83343769E+02 +/-   9.61960608E-05   4.62772941E-03
     9     2.1544E+01  -3.83343507E+02 +/-   9.81563317E-05   4.81825765E-03
    10     4.6416E+00  -3.83331935E+02 +/-   1.65373261E-04   1.36767831E-02
    11     1.0000E+00  -3.82990466E+02 +/-   7.09803977E-04   2.51959210E-01
    12     2.1544E-01  -3.82299488E+02 +/-   1.04775684E-03   5.49002583E-01
    13     4.6416E-02  -3.82192831E+02 +/-   1.07067561E-03   5.73283180E-01
    14     1.0000E-02  -3.82179242E+02 +/-   1.07319869E-03   5.75988288E-01
    15     2.1544E-03  -3.82176934E+02 +/-   1.07362296E-03   5.76443785E-01
    16     4.6416E-04  -3.82176515E+02 +/-   1.07370152E-03   5.76528154E-01
    17     1.0000E-04  -3.82176432E+02 +/-   1.07371736E-03   5.76545155E-01
    18     2.1544E-05  -3.82176414E+02 +/-   1.07372070E-03   5.76548752E-01
    19     4.6416E-06  -3.82176410E+02 +/-   1.07372142E-03   5.76549523E-01
    20     1.0000E-06  -3.82176409E+02 +/-   1.07372158E-03   5.76549689E-01
    21     0.0000E+00  -3.82176409E+02 +/-   1.07372162E-03   5.76549735E-01
  ParMin   1.7617E+02  -3.83343752E+02 +/-   9.63442050E-05   4.64199401E-03
  # Using grid point #8
* Iteration # 1: E =  -3.833437688789E+02 +/-   9.619606075631E-05
* Reached maximum number of iterations: exiting.
* After optimization:
   8.2068E-01   6.5076E-01   8.5218E-01   4.4876E-01   4.0245E-01   7.8643E-01
  -4.1448E+00  -2.1202E+00  -2.1115E+00  -4.1473E-01  -3.5849E-01  -2.0706E+00
  -2.0657E+00  -2.3810E+00  -2.3785E+00  -1.9790E+00  -1.9755E+00   1.3449E-01
   1.2499E-01  -5.8773E-01  -2.8427E-01  -2.8819E-01  -2.4397E-01  -2.4332E-01
  -2.4438E-01  -2.4285E-01   1.2658E+00  -1.7667E+00  -4.6264E-01  -3.4937E-01
   2.2611E+01  -1.8492E+01   1.2862E+01  -1.0767E+01   3.3022E+00  -2.8757E+00
   3.2419E+00  -2.8988E+00   1.1288E+01  -9.2270E+00   1.3015E+01  -1.0624E+01
   1.1263E+01  -9.2634E+00   1.4589E+00  -1.5659E+00   3.3953E+00  -2.8081E+00
   1.6937E+00  -1.4031E+00   1.6603E+00  -1.4193E+00   1.6607E+00  -1.4191E+00
  -4.2355E-02  -3.6695E-02   2.5329E-03  -2.5207E-03   6.3953E-03   1.6242E+00
   1.8101E+00   1.6174E+00  -2.3246E-01  -3.0925E-01  -3.5977E-01  -3.0067E-01
   2.5058E-02  -1.2719E-01  -8.3500E-02   5.1983E-02   1.1343E-01   1.2252E-01
   1.8969E-02  -1.1592E-02  -3.9795E-03  -3.8271E-03   5.3897E-02   4.0989E-02
   2.4228E-01   1.5175E-01  -2.7100E-02   2.3880E-02   4.6896E-02  -8.0334E-02
  -6.0784E-02   1.8182E-02   3.5297E-02   4.3232E-02   7.2189E-03  -1.1034E-02
   4.1189E-02   4.1564E-02   3.2680E-02   1.6979E-02  -1.0275E-01  -1.5998E-01
  -1.8198E-01  -1.6610E-01  -2.1919E-02  -5.9359E-02  -4.5824E-02   1.6969E-02
   4.1091E-02   1.1058E-02   1.2385E-02  -2.7344E-03   7.5701E-03   7.5252E-03
   3.3386E-02   1.7502E-02   4.8978E-02   2.5811E-02  -3.6694E-02  -1.3910E-02
  -5.2910E-03  -3.5999E-02  -4.0794E-02  -1.6340E-03   3.5717E-03  -2.3530E-02
   9.2007E-03  -8.5278E-04   3.3967E-02   3.4344E-02   1.6775E-02   5.7234E-03
  > Energy =  -3.833437688789E+02 +/-   9.619606075631E-05
  > varE =   4.627729405998E-03

VMC #12:
* Size of Hilbert space =   6.3504E+04
* Deterministic energy evaluation:
  > Deterministic Etot/t = -383.34364908814098
    - Ttot/t = -23.315907426336686
    - Utot/t = 9.4866040153660407
* Number of equil. steps   = 1000
* Running VMC equilibration.
  Done. [total walltime: 0.12s]
* Equil. acc.ratio (%)     =  11.4304
* Sample config after equilibration:
  +---------+
  |  2   u  |
  |0   d   0|
  |2   d   2|
  |  0   u  |
  +---------+
* Number of accum. steps   = 1000192 x 10
* Running VMC accumulation.
    [walltime: 1m elapsed, 44.3s remaining]
  Done. [total walltime: 1m43s]
* Acceptance ratio (%)     =  11.3552
* Etot/t                   =  -3.833434835044E+02 +/-   1.084558419092E-04
  > Ttot/t                 =  -2.331517679866E+01 +/-   5.675955602134E-04
  > Utot/t                 =   9.486038971405E+00 +/-   4.782765119221E-04
* var[Eloc/t]              =   4.614368260856E-03 +/-   6.479313391121E-06
* Correlation length       =   2.549629204196E+00
* log10 Psi^2 range: -16.444466042059872 -- -9.3773220358728580
* log10 Pgen range : -16.444466042059872 -- -9.3773220358728580
* Site occupation (ave. no. electrons per config.):
  > Site_  ___eu____  ___ed____
      1        0.502      0.501
      2        0.503      0.502
      3        0.495      0.497
      4        0.499      0.502
      5        0.497      0.497
      6        0.497      0.497
      7        0.502      0.503
      8        0.497      0.495
      9        0.504      0.503
     10        0.504      0.504
* Pair-correlation analysis (ave. no. pairs per config.):
  > Shell  nsite  ___dh____  __eueu___  __eued___
      0      1        0          0          1.557
      1      1        0.729      0.680      2.608
      2      1        0.250      0.637      1.166
      3      1        0.144      0.290      0.589
      4      1        0.473      1.331      2.249
      5      1        0.095      1.024      0.937
      6      1        0.113      0.808      1.128
      7      1        0.246      1.784      2.192
      8      1        0.206      2.143      1.846
      9      1        0.213      2.178      1.865
     10      1        0.189      2.205      1.801
     11      1        0.089      0.953      1.021
     12      1        0.187      2.075      1.919
     13      1        0.049      0.470      0.522
     14      1        0.145      1.416      1.573
     15      1        0.097      1.056      0.966
     16      1        0.103      0.952      1.059

VDAGGER finished.
Total VDAGGER walltime: 21h42m

Run ended: Fri Oct  3 10:57:09 CEST 2025
