Run started: Tue Sep 30 14:41:42 CEST 2025
Using VDAGGER_ARCH = gnu7_fkfamd_cluster
Running 1x128 MPI processes.

                               xx
                              +##
                               #X
                               Xx
                          X##XxXxxX##x
                           +   Xx  ++
                               ##
                              +##
                              +##
     ++++         ++          +##
   xX+++##+      ####         +##
  Xx    ###      +X##          ##
 xX    X##+        ##          #X
 +    x##X         #x          #X
      ###         +#           x+
     X##+         #+
     ###         Xx                    _______
     ##X       +X+   __________________VDAGGER
     +##x    +xX     2nd quantized variational
       +xxxxx+       ______quantum Monte Carlo

* Running 128 MPI processes.
* Input file: "input.casl"

############# Start of input file dump #############
General:
  Random seed: timer

Plan:
  VMC-optimization:
    Minimum cycles: 7
    Convergence cycles: 3

System:
  Read Hamiltonian: FCIDUMP_loc_naphthalene
  Read orbitals: LTSC_naphthalene
  Complex orbitals: F
  Site kinds: [ 1, 2, 3, 1, 3, 3, 2, 3, 2, 2 ]
  Geometry:
    r_1: [ 0.00000000000000, 1.34347620379600 ]
    r_4: [ 0.00000000000000, -1.34347620379600 ]
    r_3: [ 2.34629842880300, 2.63976101399600 ]
    r_5: [ -2.34629842880300, -2.63976101399600 ]
    r_6: [ -2.34629842880300, 2.63976101399600 ]
    r_8: [ 2.34629842880300, -2.63976101399600 ]
    r_9: [ 4.58120036880600, 1.33647725770700 ]
    r_2: [ -4.58120036880600, -1.33647725770700 ]
    r_7: [ -4.58120036880600, 1.33647725770700 ]
    r_10: [ 4.58120036880600, -1.33647725770700 ]
    Tolerance: 0.05

VMC:
  nstep: 1000000
  nconfig: 500000

Optimization:
  max_niter: 1

Jastrow: wfn.casl

Backflow: wfn.casl
############## End of input file dump ##############

General setup:
* Random seed: 247940306 (from timer)

* Loaded integrals for system with nelec=10, ms2=0, norb=10
* INFO: setting number of electrons from integrals file.
* Analysis of Hamiltonian connecitivity performed:
  - T_ii (local, 1-site): 10 (i) values
  - U_iiii [opp] (local, 1-site): 10 (i) values
  - U_kkii [opp] (local, 2-site): 90 contribs. from 10 (i) values
  - U_kkii [par] (local, 2-site): 45 contribs. from 9 (i) values
  - T_ji (single, 2-site): 90 contribs. from 10 (i) values
  - U_kkji [opp] (single, 2/3-site): 900 contribs. from 90 (i,j) pairs
  - U_kkji [par] (single, 3-site): 810 contribs. from 90 (i,j) pairs
  - U_lkji [opp] (double, 2/3/4-site): 8100 contribs. from 90 (i,j) pairs
  - U_lkji [par] (double, 4-site): 1740 contribs. from 72 (i,j) pairs
  - Max. no. wfn. ratios in Eloc: 1467
* Reading override orbitals from file "LTSC_naphthalene".
* Site labels:
  +--------------+
  |    6     3   |
  | 7     1     9|
  | 2     4    10|
  |    5     8   |
  +--------------+
* Read-in Site kinds:
  [ 1, 2, 3, 1, 3, 3, 2, 3, 2, 2 ]
  +---------+
  |  3   3  |
  |2   1   2|
  |2   1   2|
  |  3   3  |
  +---------+
* Maximum Site kind: 3
* Number of site-pair kinds with Tij=0: 0
* Automatically set Site pair kinds:
  Site 1: [ 0, -7, -4, 3, -8, -4, -9, 8, 9, -7 ]
  Site 2: [ -7, 0, 12, -9, 1, 10, 2, 14, 16, -15 ]
  Site 3: [ -4, 12, 0, -8, -11, 5, -13, -6, -1, 10 ]
  Site 4: [ 3, -9, -8, 0, -4, -8, -7, 4, 7, -9 ]
  Site 5: [ -8, 1, -11, -4, 0, 6, 10, -5, -12, -14 ]
  Site 6: [ -4, 10, 5, -8, 6, 0, 1, 11, 14, 12 ]
  Site 7: [ -9, 2, -13, -7, 10, 1, 0, -12, 15, -16 ]
  Site 8: [ 8, 14, -6, 4, -5, 11, -12, 0, 10, -1 ]
  Site 9: [ 9, 16, -1, 7, -12, 14, 15, 10, 0, -2 ]
  Site 10: [ -7, -15, 10, -9, -14, 12, -16, -1, -2, 0 ]
  For site 1 of kind 1:
  +--------------+
  |   -4    -4   |
  |-9     0     9|
  |-7     3    -7|
  |   -8     8   |
  +--------------+
  For site 2 of kind 2:
  +-------------------+
  |     10      12    |
  |  2      -7      16|
  |  0      -9     -15|
  |      1      14    |
  +-------------------+
  For site 3 of kind 3:
  +-------------------+
  |      5       0    |
  |-13      -4      -1|
  | 12      -8      10|
  |    -11      -6    |
  +-------------------+
* Maximum (unsigned) Site pair kind: 16
General system setup:
* Number of sites       : 10
* Number of electrons   : 10
* Spin imbalance MS2    : 0
* Filling               : 0.500000
* Number of orbitals in pool: 10
* Using real-valued orbitals
* Using double-precision arithmetic for orbitals

Trial wave function setup:
* Jastrow parameter file: "wfn.casl"
* Not using multideterminants
* Backflow parameter file: "wfn.casl"
* Not using wave function manipulation

VMC #1:
* Size of Hilbert space =   6.3504E+04
* Deterministic energy evaluation:
  > Deterministic Etot/t = -383.34508403286367
    - Ttot/t = -23.368973702636943
    - Utot/t = 9.5382353469434822
* Number of equil. steps   = 1000
* Running VMC equilibration.
  Done. [total walltime: 0.03s]
* Equil. acc.ratio (%)     =  27.1205
* Sample config after equilibration:
  +---------+
  |  u   0  |
  |d   u   d|
  |u   2   2|
  |  d   0  |
  +---------+
* Number of accum. steps   = 1000192 x 10
* Running VMC accumulation.
  Done. [total walltime: 27.7s]
* Acceptance ratio (%)     =  27.1710
* Etot/t                   =  -3.833450784307E+02 +/-   6.212292568342E-05
  > Ttot/t                 =  -2.336841757682E+01 +/-   3.719140178856E-04
  > Utot/t                 =   9.537684823303E+00 +/-   3.664835425196E-04
* var[Eloc/t]              =   3.821728606846E-03 +/-   1.804771448746E-05
* Correlation length       =   1.010013862855E+00
* log10 Psi^2 range: -16.071182080378563 -- -9.6430848495917090
* log10 Pgen range : -16.071182080378563 -- -9.6430848495917090
* Site occupation (ave. no. electrons per config.):
  > Site_  ___eu____  ___ed____
      1        0.496      0.497
      2        0.502      0.501
      3        0.500      0.501
      4        0.497      0.497
      5        0.500      0.501
      6        0.501      0.500
      7        0.501      0.501
      8        0.501      0.500
      9        0.502      0.502
     10        0.500      0.501
* Pair-correlation analysis (ave. no. pairs per config.):
  > Shell  nsite  ___dh____  __eueu___  __eued___
      0      1        0          0          1.778
      1      1        0.859      0.714      2.466
      2      1        0.294      0.656      1.095
      3      1        0.168      0.292      0.550
      4      1        0.568      1.358      2.145
      5      1        0.124      1.021      0.976
      6      1        0.156      0.851      1.095
      7      1        0.316      1.803      2.100
      8      1        0.255      2.094      1.915
      9      1        0.254      2.108      1.919
     10      1        0.233      2.150      1.903
     11      1        0.120      0.987      1.016
     12      1        0.243      2.048      1.966
     13      1        0.064      0.482      0.515
     14      1        0.190      1.450      1.544
     15      1        0.121      1.026      0.988
     16      1        0.134      0.960      1.029

Optimization #1:
* Method          : lls
* Target function : energy
* No. of configs. : 500096
* No. of params.  : 121
* Before optimization:
   2.6999E+00   2.7146E+00   2.7101E+00   7.7031E-01   7.7312E-01   1.0037E+00
  -5.9427E+00  -2.6011E+00  -2.6094E+00   2.6980E-01   1.0627E-01  -3.0142E+00
  -3.0139E+00  -3.0217E+00  -3.0234E+00  -2.8580E+00  -2.8610E+00   4.5341E-01
   4.5400E-01  -1.2805E-02   8.1999E-03   8.8797E-03   8.2780E-02   8.4153E-02
   8.2321E-02   8.4616E-02   1.8972E-02  -6.1903E-01  -3.6452E-01  -4.7432E-01
   3.1848E+01  -2.5859E+01   1.6043E+01  -1.3350E+01   3.7055E-01  -6.5859E-01
   4.4534E-01  -5.6487E-01   1.5934E+01  -1.2918E+01   1.6187E+01  -1.3179E+01
   1.5848E+01  -1.3032E+01   3.2527E-02  -5.4012E-01   5.2294E-01  -5.0715E-01
   2.5636E-01  -2.6579E-01   2.1578E-01  -2.9324E-01   2.1533E-01  -2.9309E-01
   1.0000E+00   1.0000E+00   1.0000E+00   0.0000E+00   0.0000E+00   0.0000E+00
   0.0000E+00   0.0000E+00   0.0000E+00   0.0000E+00   0.0000E+00   0.0000E+00
   0.0000E+00   0.0000E+00   0.0000E+00   0.0000E+00   0.0000E+00   0.0000E+00
   0.0000E+00   0.0000E+00   0.0000E+00   0.0000E+00   0.0000E+00   0.0000E+00
   0.0000E+00   0.0000E+00   0.0000E+00   0.0000E+00   0.0000E+00   0.0000E+00
   0.0000E+00   0.0000E+00   0.0000E+00   0.0000E+00   0.0000E+00   0.0000E+00
   0.0000E+00   0.0000E+00   0.0000E+00   0.0000E+00   0.0000E+00   0.0000E+00
   0.0000E+00   0.0000E+00   0.0000E+00   0.0000E+00   0.0000E+00   0.0000E+00
   0.0000E+00   0.0000E+00   0.0000E+00   0.0000E+00   0.0000E+00   0.0000E+00
   0.0000E+00   0.0000E+00   0.0000E+00   0.0000E+00   0.0000E+00   0.0000E+00
   0.0000E+00   0.0000E+00   0.0000E+00   0.0000E+00   0.0000E+00   0.0000E+00
   0.0000E+00
  > E    =  -3.833451358586E+02 +/-   8.763124678180E-05
  > varE =   3.840354912866E-03
* Computing derivatives.
    [walltime: 1m elapsed, 22m8s remaining]
  Done. [total walltime: 23m]
* Optimizing manipulation constant:
  #igrid a___________ E____________________________________ varE____________
     1     Infinity    -3.83345136E+02 +/-   8.76312468E-05   3.84035491E-03
     2     1.0000E+06  -3.83345136E+02 +/-   8.76311689E-05   3.84034809E-03
     3     2.1544E+05  -3.83345136E+02 +/-   8.76308869E-05   3.84032337E-03
     4     4.6416E+04  -3.83345136E+02 +/-   8.76296141E-05   3.84021181E-03
     5     1.0000E+04  -3.83345136E+02 +/-   8.76244723E-05   3.83976117E-03
     6     2.1544E+03  -3.83345138E+02 +/-   8.76171952E-05   3.83912342E-03
     7     4.6416E+02  -3.83345098E+02 +/-   8.81595736E-05   3.88680133E-03
     8     1.0000E+02  -3.83333820E+02 +/-   1.72582516E-04   1.48952218E-02
     9     2.1544E+01  -3.82251953E+02 +/-   7.69779169E-04   2.96336870E-01
    10     4.6416E+00  -3.82204109E+02 +/-   8.05853272E-04   3.24762090E-01
    11     1.0000E+00  -3.82152311E+02 +/-   9.98290020E-04   4.98387154E-01
    12     2.1544E-01  -3.80963708E+02 +/-   8.21502151E-04   3.37497679E-01
    13     4.6416E-02  -3.82180336E+02 +/-   4.68739198E-04   1.09879311E-01
    14     1.0000E-02  -3.82180375E+02 +/-   4.68742452E-04   1.09880836E-01
    15     2.1544E-03  -3.82180411E+02 +/-   4.68242702E-04   1.09646662E-01
    16     4.6416E-04  -3.82180419E+02 +/-   4.68114865E-04   1.09586800E-01
    17     1.0000E-04  -3.82180421E+02 +/-   4.68086426E-04   1.09573485E-01
    18     2.1544E-05  -3.82180422E+02 +/-   4.68080258E-04   1.09570598E-01
    19     4.6416E-06  -3.82180422E+02 +/-   4.68078927E-04   1.09569975E-01
    20     1.0000E-06  -3.82180422E+02 +/-   4.68078641E-04   1.09569840E-01
    21     0.0000E+00  -3.82180422E+02 +/-   4.68078562E-04   1.09569803E-01
  ParMin   4.4501E+03  -3.83345137E+02 +/-   8.76188814E-05   3.83927119E-03
  # Using grid point #6
* Iteration # 1: E =  -3.833451376362E+02 +/-   8.761719522113E-05
* Reached maximum number of iterations: exiting.
* After optimization:
   2.7025E+00   2.7171E+00   2.7074E+00   7.6942E-01   7.7223E-01   1.0036E+00
  -5.9481E+00  -2.6048E+00  -2.6131E+00   2.6792E-01   1.0448E-01  -3.0169E+00
  -3.0166E+00  -3.0254E+00  -3.0270E+00  -2.8607E+00  -2.8637E+00   4.5251E-01
   4.5310E-01  -1.4663E-02   7.2712E-03   7.9505E-03   8.1846E-02   8.3219E-02
   8.1387E-02   8.3681E-02   1.9237E-02  -6.1857E-01  -3.6460E-01  -4.7433E-01
   3.1851E+01  -2.5857E+01   1.6044E+01  -1.3348E+01   3.7137E-01  -6.5751E-01
   4.4609E-01  -5.6383E-01   1.5936E+01  -1.2917E+01   1.6189E+01  -1.3177E+01
   1.5850E+01  -1.3031E+01   3.2910E-02  -5.3955E-01   5.2373E-01  -5.0608E-01
   2.5676E-01  -2.6526E-01   2.1618E-01  -2.9271E-01   2.1573E-01  -2.9256E-01
   9.9824E-01   1.0011E+00   9.9870E-01  -4.6804E-03   1.7170E-03  -1.4876E-02
  -6.6205E-03   1.0715E-03   6.7968E-03   4.0549E-03  -2.3315E-03  -1.8269E-03
   5.9278E-03   6.6925E-03  -1.2281E-02  -3.4785E-03  -3.4787E-03   8.9705E-03
   5.0011E-03  -5.0285E-03   2.5594E-04  -8.3837E-03   1.1647E-04  -3.4961E-03
   4.7911E-03  -2.0645E-03  -1.3343E-04  -1.0350E-05   8.2307E-03   1.8224E-02
   1.5941E-05   5.9269E-05   5.8990E-05   2.2781E-04   1.8629E-02   9.1910E-06
  -1.0098E-03  -1.2259E-02  -4.9811E-03  -4.0860E-03   2.1553E-04   3.8275E-03
  -1.5868E-03  -1.6458E-03   1.3615E-03  -1.2152E-04  -7.5564E-03  -5.5494E-07
  -7.3589E-07   1.0610E-02   1.0644E-03  -4.0532E-04  -2.5022E-03  -5.7889E-03
   1.7297E-03  -8.6549E-03  -1.8040E-03  -2.3006E-03   6.0863E-04   1.6857E-04
   3.6612E-03   1.1411E-02   4.7405E-03   3.5379E-03   3.5382E-03   1.8689E-03
   1.4693E-02
  > Energy =  -3.833451376362E+02 +/-   8.761719522113E-05
  > varE =   3.839123419407E-03

VMC #2:
* Size of Hilbert space =   6.3504E+04
* Deterministic energy evaluation:
  > Deterministic Etot/t = -383.34508597613490
    - Ttot/t = -23.368987122921443
    - Utot/t = 9.5382468239568556
* Number of equil. steps   = 1000
* Running VMC equilibration.
  Done. [total walltime: 0.04s]
* Equil. acc.ratio (%)     =  26.9349
* Sample config after equilibration:
  +---------+
  |  0   2  |
  |2   2   0|
  |0   u   2|
  |  d   0  |
  +---------+
* Number of accum. steps   = 1000192 x 10
* Running VMC accumulation.
  Done. [total walltime: 29.2s]
* Acceptance ratio (%)     =  26.8940
* Etot/t                   =  -3.833450687972E+02 +/-   6.174979751452E-05
  > Ttot/t                 =  -2.336917022516E+01 +/-   3.692124918860E-04
  > Utot/t                 =   9.538447104887E+00 +/-   3.631797924077E-04
* var[Eloc/t]              =   3.784031316741E-03 +/-   1.175578842951E-05
* Correlation length       =   1.007858888326E+00
* log10 Psi^2 range: -16.357532781921417 -- -9.6017516742232054
* log10 Pgen range : -16.357532781921417 -- -9.6017516742232054
* Site occupation (ave. no. electrons per config.):
  > Site_  ___eu____  ___ed____
      1        0.497      0.496
      2        0.503      0.501
      3        0.500      0.500
      4        0.497      0.497
      5        0.500      0.500
      6        0.501      0.502
      7        0.500      0.501
      8        0.500      0.500
      9        0.501      0.501
     10        0.502      0.501
* Pair-correlation analysis (ave. no. pairs per config.):
  > Shell  nsite  ___dh____  __eueu___  __eued___
      0      1        0          0          1.779
      1      1        0.858      0.714      2.466
      2      1        0.294      0.654      1.095
      3      1        0.168      0.293      0.550
      4      1        0.570      1.359      2.143
      5      1        0.123      1.021      0.977
      6      1        0.156      0.851      1.095
      7      1        0.316      1.805      2.100
      8      1        0.257      2.091      1.918
      9      1        0.254      2.109      1.920
     10      1        0.233      2.150      1.902
     11      1        0.120      0.989      1.014
     12      1        0.243      2.046      1.968
     13      1        0.065      0.481      0.513
     14      1        0.192      1.451      1.543
     15      1        0.121      1.025      0.988
     16      1        0.134      0.961      1.028

Optimization #2:
* Method          : lls
* Target function : energy
* No. of configs. : 500096
* No. of params.  : 121
* Before optimization:
   2.7025E+00   2.7171E+00   2.7074E+00   7.6942E-01   7.7223E-01   1.0036E+00
  -5.9481E+00  -2.6048E+00  -2.6131E+00   2.6792E-01   1.0448E-01  -3.0169E+00
  -3.0166E+00  -3.0254E+00  -3.0270E+00  -2.8607E+00  -2.8637E+00   4.5251E-01
   4.5310E-01  -1.4663E-02   7.2712E-03   7.9505E-03   8.1846E-02   8.3219E-02
   8.1387E-02   8.3681E-02   1.9237E-02  -6.1857E-01  -3.6460E-01  -4.7433E-01
   3.1851E+01  -2.5857E+01   1.6044E+01  -1.3348E+01   3.7137E-01  -6.5751E-01
   4.4609E-01  -5.6383E-01   1.5936E+01  -1.2917E+01   1.6189E+01  -1.3177E+01
   1.5850E+01  -1.3031E+01   3.2910E-02  -5.3955E-01   5.2373E-01  -5.0608E-01
   2.5676E-01  -2.6526E-01   2.1618E-01  -2.9271E-01   2.1573E-01  -2.9256E-01
   9.9824E-01   1.0011E+00   9.9870E-01  -4.6804E-03   1.7170E-03  -1.4876E-02
  -6.6205E-03   1.0715E-03   6.7968E-03   4.0549E-03  -2.3315E-03  -1.8269E-03
   5.9278E-03   6.6925E-03  -1.2281E-02  -3.4785E-03  -3.4787E-03   8.9705E-03
   5.0011E-03  -5.0285E-03   2.5594E-04  -8.3837E-03   1.1647E-04  -3.4961E-03
   4.7911E-03  -2.0645E-03  -1.3343E-04  -1.0350E-05   8.2307E-03   1.8224E-02
   1.5941E-05   5.9269E-05   5.8990E-05   2.2781E-04   1.8629E-02   9.1910E-06
  -1.0098E-03  -1.2259E-02  -4.9811E-03  -4.0860E-03   2.1553E-04   3.8275E-03
  -1.5868E-03  -1.6458E-03   1.3615E-03  -1.2152E-04  -7.5564E-03  -5.5494E-07
  -7.3589E-07   1.0610E-02   1.0644E-03  -4.0532E-04  -2.5022E-03  -5.7889E-03
   1.7297E-03  -8.6549E-03  -1.8040E-03  -2.3006E-03   6.0863E-04   1.6857E-04
   3.6612E-03   1.1411E-02   4.7405E-03   3.5379E-03   3.5382E-03   1.8689E-03
   1.4693E-02
  > E    =  -3.833450731593E+02 +/-   8.686107323435E-05
  > varE =   3.773147326932E-03
* Computing derivatives.
    [walltime: 1m elapsed, 23m22s remaining]
  Done. [total walltime: 24m27s]
* Optimizing manipulation constant:
  #igrid a___________ E____________________________________ varE____________
     1     Infinity    -3.83345073E+02 +/-   8.68610732E-05   3.77314733E-03
     2     1.0000E+06  -3.83345073E+02 +/-   8.68609950E-05   3.77314053E-03
     3     2.1544E+05  -3.83345073E+02 +/-   8.68607133E-05   3.77311605E-03
     4     4.6416E+04  -3.83345073E+02 +/-   8.68594665E-05   3.77300774E-03
     5     1.0000E+04  -3.83345074E+02 +/-   8.68549941E-05   3.77261921E-03
     6     2.1544E+03  -3.83345077E+02 +/-   8.68624506E-05   3.77326699E-03
     7     4.6416E+02  -3.83345085E+02 +/-   8.75485647E-05   3.83311141E-03
     8     1.0000E+02  -3.83342352E+02 +/-   1.20733356E-04   7.28967094E-03
     9     2.1544E+01  -3.82981690E+02 +/-   7.35331253E-04   2.70407934E-01
    10     4.6416E+00  -3.82146497E+02 +/-   1.07928459E-03   5.82539435E-01
    11     1.0000E+00  -3.82171941E+02 +/-   7.64129480E-04   2.92002985E-01
    12     2.1544E-01  -3.82167529E+02 +/-   8.10876100E-04   3.28823146E-01
    13     4.6416E-02   1.12554735E+14 +/-   2.15487438E+11   2.32218757E+28
    14     1.0000E-02   5.98860807E+13 +/-   1.13359275E+11   6.42639621E+27
    15     2.1544E-03   5.30678029E+13 +/-   1.00288574E+11   5.02986459E+27
    16     4.6416E-04   5.17392475E+13 +/-   9.77465606E+10   4.77811228E+27
    17     1.0000E-04   5.14590391E+13 +/-   9.72106275E+10   4.72586024E+27
    18     2.1544E-05   5.13989436E+13 +/-   9.70956969E+10   4.71469223E+27
    19     4.6416E-06   5.13860094E+13 +/-   9.70709611E+10   4.71229033E+27
    20     1.0000E-06   5.13832240E+13 +/-   9.70656344E+10   4.71177317E+27
    21     0.0000E+00   5.13824582E+13 +/-   9.70641698E+10   4.71163099E+27
  ParMin   9.9679E+02  -3.83345081E+02 +/-   8.69597572E-05   3.78172563E-03
  # Using grid point #7
* Iteration # 1: E =  -3.833450846415E+02 +/-   8.754856468278E-05
* Reached maximum number of iterations: exiting.
* After optimization:
   2.5442E+00   2.5599E+00   2.5537E+00   7.8836E-01   7.9117E-01   1.0034E+00
  -5.9867E+00  -2.6053E+00  -2.6137E+00   3.0545E-01   1.4237E-01  -3.0360E+00
  -3.0358E+00  -3.0258E+00  -3.0274E+00  -2.8799E+00  -2.8829E+00   4.7133E-01
   4.7192E-01   2.2975E-02   2.6068E-02   2.6737E-02   1.0064E-01   1.0200E-01
   1.0018E-01   1.0247E-01  -7.5479E-02  -5.4359E-01  -3.6485E-01  -4.7433E-01
   3.2040E+01  -2.6007E+01   1.6045E+01  -1.3348E+01   1.8313E-01  -5.0673E-01
   2.5763E-01  -4.1321E-01   1.6030E+01  -1.2992E+01   1.6189E+01  -1.3177E+01
   1.5944E+01  -1.3106E+01  -6.1246E-02  -4.6404E-01   3.3539E-01  -3.5539E-01
   1.6261E-01  -1.8989E-01   1.2202E-01  -2.1736E-01   1.2157E-01  -2.1722E-01
   1.0598E+00   1.0605E+00   1.0568E+00  -5.6514E-03   4.6742E-04  -1.7147E-02
  -7.7776E-03   1.1069E-03   6.7128E-03   4.6588E-03  -1.6454E-03  -2.0084E-03
   5.7538E-03   6.6242E-03  -1.2118E-02  -3.8464E-03  -3.8473E-03   8.9316E-03
   5.0295E-03  -5.2724E-03  -4.4231E-04  -9.0957E-03   2.9704E-04  -4.0488E-03
   4.4945E-03  -2.1992E-03   6.4195E-04  -1.8154E-05   8.2297E-03   1.9207E-02
   1.3294E-03  -5.7561E-06  -5.5596E-06  -4.3725E-04   1.9719E-02  -9.3742E-04
  -1.8650E-03  -1.4492E-02  -6.1149E-03  -3.7914E-03   3.3376E-04   4.1816E-03
  -1.1784E-03  -1.7915E-03   1.2969E-03   2.9251E-04  -7.1903E-03  -4.6567E-04
  -4.6581E-04   9.8773E-03   1.1954E-03  -9.1929E-04  -2.8649E-03  -6.9607E-03
   1.4063E-03  -8.6873E-03  -1.8445E-03  -2.3551E-03   9.7088E-04   7.6945E-05
   3.6222E-03   1.2204E-02   5.5309E-03   3.1697E-03   3.1707E-03   1.0253E-03
   1.5087E-02
  > Energy =  -3.833450846415E+02 +/-   8.754856468278E-05
  > varE =   3.833111405121E-03

VMC #3:
* Size of Hilbert space =   6.3504E+04
* Deterministic energy evaluation:
  > Deterministic Etot/t = -383.34509150338306
    - Ttot/t = -23.367343135778530
    - Utot/t = 9.5365973095657637
* Number of equil. steps   = 1000
* Running VMC equilibration.
  Done. [total walltime: 0.04s]
* Equil. acc.ratio (%)     =  24.9306
* Sample config after equilibration:
  +---------+
  |  u   2  |
  |d   d   u|
  |u   u   0|
  |  d   d  |
  +---------+
* Number of accum. steps   = 1000192 x 10
* Running VMC accumulation.
  Done. [total walltime: 29.5s]
* Acceptance ratio (%)     =  24.8566
* Etot/t                   =  -3.833451398971E+02 +/-   6.176121886475E-05
  > Ttot/t                 =  -2.336744404328E+01 +/-   3.719966759256E-04
  > Utot/t                 =   9.536649823371E+00 +/-   3.659032194176E-04
* var[Eloc/t]              =   3.881129718655E-03 +/-   1.978911304854E-05
* Correlation length       =   9.830077338995E-01
* log10 Psi^2 range: -16.429667782352979 -- -9.5935866565743808
* log10 Pgen range : -16.429667782352979 -- -9.5935866565743808
* Site occupation (ave. no. electrons per config.):
  > Site_  ___eu____  ___ed____
      1        0.497      0.497
      2        0.502      0.502
      3        0.501      0.500
      4        0.497      0.498
      5        0.500      0.499
      6        0.501      0.500
      7        0.501      0.502
      8        0.499      0.499
      9        0.501      0.500
     10        0.502      0.502
* Pair-correlation analysis (ave. no. pairs per config.):
  > Shell  nsite  ___dh____  __eueu___  __eued___
      0      1        0          0          1.774
      1      1        0.856      0.712      2.469
      2      1        0.293      0.657      1.097
      3      1        0.168      0.294      0.551
      4      1        0.567      1.357      2.146
      5      1        0.123      1.020      0.974
      6      1        0.155      0.849      1.092
      7      1        0.315      1.805      2.105
      8      1        0.255      2.091      1.916
      9      1        0.253      2.113      1.919
     10      1        0.231      2.150      1.901
     11      1        0.120      0.985      1.014
     12      1        0.241      2.047      1.966
     13      1        0.064      0.483      0.514
     14      1        0.191      1.448      1.543
     15      1        0.121      1.026      0.989
     16      1        0.133      0.962      1.030

Optimization #3:
* Method          : lls
* Target function : energy
* No. of configs. : 500096
* No. of params.  : 121
* Before optimization:
   2.5442E+00   2.5599E+00   2.5537E+00   7.8836E-01   7.9117E-01   1.0034E+00
  -5.9867E+00  -2.6053E+00  -2.6137E+00   3.0545E-01   1.4237E-01  -3.0360E+00
  -3.0358E+00  -3.0258E+00  -3.0274E+00  -2.8799E+00  -2.8829E+00   4.7133E-01
   4.7192E-01   2.2975E-02   2.6068E-02   2.6737E-02   1.0064E-01   1.0200E-01
   1.0018E-01   1.0247E-01  -7.5479E-02  -5.4359E-01  -3.6485E-01  -4.7433E-01
   3.2040E+01  -2.6007E+01   1.6045E+01  -1.3348E+01   1.8313E-01  -5.0673E-01
   2.5763E-01  -4.1321E-01   1.6030E+01  -1.2992E+01   1.6189E+01  -1.3177E+01
   1.5944E+01  -1.3106E+01  -6.1246E-02  -4.6404E-01   3.3539E-01  -3.5539E-01
   1.6261E-01  -1.8989E-01   1.2202E-01  -2.1736E-01   1.2157E-01  -2.1722E-01
   1.0598E+00   1.0605E+00   1.0568E+00  -5.6514E-03   4.6742E-04  -1.7147E-02
  -7.7776E-03   1.1069E-03   6.7128E-03   4.6588E-03  -1.6454E-03  -2.0084E-03
   5.7538E-03   6.6242E-03  -1.2118E-02  -3.8464E-03  -3.8473E-03   8.9316E-03
   5.0295E-03  -5.2724E-03  -4.4231E-04  -9.0957E-03   2.9704E-04  -4.0488E-03
   4.4945E-03  -2.1992E-03   6.4195E-04  -1.8154E-05   8.2297E-03   1.9207E-02
   1.3294E-03  -5.7561E-06  -5.5596E-06  -4.3725E-04   1.9719E-02  -9.3742E-04
  -1.8650E-03  -1.4492E-02  -6.1149E-03  -3.7914E-03   3.3376E-04   4.1816E-03
  -1.1784E-03  -1.7915E-03   1.2969E-03   2.9251E-04  -7.1903E-03  -4.6567E-04
  -4.6581E-04   9.8773E-03   1.1954E-03  -9.1929E-04  -2.8649E-03  -6.9607E-03
   1.4063E-03  -8.6873E-03  -1.8445E-03  -2.3551E-03   9.7088E-04   7.6945E-05
   3.6222E-03   1.2204E-02   5.5309E-03   3.1697E-03   3.1707E-03   1.0253E-03
   1.5087E-02
  > E    =  -3.833450989549E+02 +/-   8.821667854448E-05
  > varE =   3.891838276218E-03
* Computing derivatives.
    [walltime: 1m elapsed, 23m30s remaining]
  Done. [total walltime: 24m28s]
* Optimizing manipulation constant:
  #igrid a___________ E____________________________________ varE____________
     1     Infinity    -3.83345099E+02 +/-   8.82166785E-05   3.89183828E-03
     2     1.0000E+06  -3.83345099E+02 +/-   8.82165979E-05   3.89183116E-03
     3     2.1544E+05  -3.83345099E+02 +/-   8.82163045E-05   3.89180527E-03
     4     4.6416E+04  -3.83345099E+02 +/-   8.82149445E-05   3.89168527E-03
     5     1.0000E+04  -3.83345100E+02 +/-   8.82086729E-05   3.89113194E-03
     6     2.1544E+03  -3.83345102E+02 +/-   8.81804516E-05   3.88864250E-03
     7     4.6416E+02  -3.83345114E+02 +/-   8.80685692E-05   3.87878102E-03
     8     1.0000E+02  -3.83345161E+02 +/-   8.79756601E-05   3.87060139E-03
     9     2.1544E+01  -3.83344222E+02 +/-   1.04210995E-04   5.43100834E-03
    10     4.6416E+00  -3.83071561E+02 +/-   6.59198571E-04   2.17313094E-01
    11     1.0000E+00  -3.82159817E+02 +/-   9.27581668E-04   4.30286474E-01
    12     2.1544E-01  -3.80450109E+02 +/-   8.67283004E-04   3.76162114E-01
    13     4.6416E-02  -3.80451784E+02 +/-   8.56826901E-04   3.67146648E-01
    14     1.0000E-02  -3.80527863E+02 +/-   8.42510852E-04   3.54980411E-01
    15     2.1544E-03  -3.80601419E+02 +/-   8.63185615E-04   3.72616232E-01
    16     4.6416E-04  -3.80609038E+02 +/-   8.67651058E-04   3.76481450E-01
    17     1.0000E-04  -3.80610320E+02 +/-   8.68445987E-04   3.77171619E-01
    18     2.1544E-05  -3.80610581E+02 +/-   8.68609510E-04   3.77313670E-01
    19     4.6416E-06  -3.80610636E+02 +/-   8.68644383E-04   3.77343968E-01
    20     1.0000E-06  -3.80610648E+02 +/-   8.68651880E-04   3.77350482E-01
    21     0.0000E+00  -3.80610652E+02 +/-   8.68653938E-04   3.77352270E-01
  ParMin   2.0099E+02  -3.83345133E+02 +/-   8.79523615E-05   3.86855156E-03
  # Using grid point #8
* Iteration # 1: E =  -3.833451605275E+02 +/-   8.797566006414E-05
* Reached maximum number of iterations: exiting.
* After optimization:
   2.5742E+00   2.5855E+00   2.5950E+00   8.1246E-01   8.1531E-01   1.0022E+00
  -6.2061E+00  -2.6918E+00  -2.7002E+00   3.5217E-01   1.9073E-01  -3.1450E+00
  -3.1448E+00  -3.1116E+00  -3.1132E+00  -2.9893E+00  -2.9922E+00   4.9495E-01
   4.9554E-01   7.0202E-02   4.9564E-02   5.0200E-02   1.2413E-01   1.2547E-01
   1.2368E-01   1.2593E-01  -1.9730E-01  -4.4953E-01  -3.6604E-01  -4.7434E-01
   3.3114E+01  -2.6863E+01   1.6462E+01  -1.3681E+01  -5.5198E-02  -3.1481E-01
   1.8343E-02  -2.2208E-01   1.6567E+01  -1.3420E+01   1.6607E+01  -1.3508E+01
   1.6481E+01  -1.3533E+01  -1.8054E-01  -3.6752E-01   9.6597E-02  -1.6389E-01
   4.3332E-02  -9.4015E-02   2.6788E-03  -1.2161E-01   2.2313E-03  -1.2147E-01
   1.1160E+00   1.1081E+00   1.0995E+00  -3.9754E-03  -1.8740E-03  -2.0944E-02
  -8.4103E-03   7.5565E-04   2.3894E-03   4.5880E-03   2.8704E-03  -2.7564E-03
   2.5056E-03   4.5119E-03  -7.9306E-03  -3.9203E-03  -3.9201E-03   6.7328E-03
   2.4731E-03   7.8828E-04   3.5202E-04  -6.3194E-03   5.1996E-03  -6.0845E-03
  -1.2095E-03  -4.8399E-03   5.2369E-03  -2.9537E-04   5.7208E-03   1.9437E-02
   8.2243E-03   8.6632E-04   8.6249E-04  -3.7819E-03   1.9001E-02  -2.7690E-04
  -1.2870E-03  -2.1221E-02  -8.1423E-03  -2.5239E-03  -6.5793E-04   3.9978E-03
   1.3232E-03  -2.6989E-03   6.3339E-04   2.3876E-03  -5.4358E-03  -1.8492E-03
  -1.8496E-03   6.7305E-03   7.3447E-04   2.4124E-03   2.8096E-05  -8.3613E-03
   3.6767E-03  -8.8318E-03  -4.3528E-03  -4.8216E-03   3.4276E-03  -5.2461E-04
   3.5080E-03   1.6031E-02   9.2981E-03   2.5379E-03   2.5365E-03  -2.8202E-03
   1.5783E-02
  > Energy =  -3.833451605275E+02 +/-   8.797566006414E-05
  > varE =   3.870601394670E-03

VMC #4:
* Size of Hilbert space =   6.3504E+04
* Deterministic energy evaluation:
  > Deterministic Etot/t = -383.34514713436840
    - Ttot/t = -23.366546923024643
    - Utot/t = 9.5357454658266452
* Number of equil. steps   = 1000
* Running VMC equilibration.
  Done. [total walltime: 0.04s]
* Equil. acc.ratio (%)     =  23.4505
* Sample config after equilibration:
  +---------+
  |  0   0  |
  |2   u   2|
  |u   d   d|
  |  d   u  |
  +---------+
* Number of accum. steps   = 1000192 x 10
* Running VMC accumulation.
  Done. [total walltime: 29.6s]
* Acceptance ratio (%)     =  23.3601
* Etot/t                   =  -3.833450396957E+02 +/-   6.257707424876E-05
  > Ttot/t                 =  -2.336647203930E+01 +/-   3.659323995617E-04
  > Utot/t                 =   9.535778020657E+00 +/-   3.581971411886E-04
* var[Eloc/t]              =   3.848067182401E-03 +/-   1.982182596395E-05
* Correlation length       =   1.017820606244E+00
* log10 Psi^2 range: -17.112025382868595 -- -9.6134163463025057
* log10 Pgen range : -17.112025382868595 -- -9.6134163463025057
* Site occupation (ave. no. electrons per config.):
  > Site_  ___eu____  ___ed____
      1        0.495      0.497
      2        0.500      0.501
      3        0.501      0.501
      4        0.498      0.497
      5        0.501      0.500
      6        0.501      0.500
      7        0.501      0.501
      8        0.500      0.501
      9        0.501      0.501
     10        0.501      0.500
* Pair-correlation analysis (ave. no. pairs per config.):
  > Shell  nsite  ___dh____  __eueu___  __eued___
      0      1        0          0          1.764
      1      1        0.849      0.713      2.475
      2      1        0.291      0.654      1.098
      3      1        0.166      0.292      0.552
      4      1        0.562      1.359      2.151
      5      1        0.121      1.023      0.976
      6      1        0.153      0.851      1.097
      7      1        0.311      1.804      2.100
      8      1        0.253      2.094      1.914
      9      1        0.251      2.108      1.917
     10      1        0.230      2.151      1.899
     11      1        0.118      0.988      1.017
     12      1        0.239      2.047      1.967
     13      1        0.063      0.483      0.514
     14      1        0.188      1.449      1.544
     15      1        0.119      1.024      0.989
     16      1        0.132      0.961      1.026

Optimization #4:
* Method          : lls
* Target function : energy
* No. of configs. : 500096
* No. of params.  : 121
* Before optimization:
   2.5742E+00   2.5855E+00   2.5950E+00   8.1246E-01   8.1531E-01   1.0022E+00
  -6.2061E+00  -2.6918E+00  -2.7002E+00   3.5217E-01   1.9073E-01  -3.1450E+00
  -3.1448E+00  -3.1116E+00  -3.1132E+00  -2.9893E+00  -2.9922E+00   4.9495E-01
   4.9554E-01   7.0202E-02   4.9564E-02   5.0200E-02   1.2413E-01   1.2547E-01
   1.2368E-01   1.2593E-01  -1.9730E-01  -4.4953E-01  -3.6604E-01  -4.7434E-01
   3.3114E+01  -2.6863E+01   1.6462E+01  -1.3681E+01  -5.5198E-02  -3.1481E-01
   1.8343E-02  -2.2208E-01   1.6567E+01  -1.3420E+01   1.6607E+01  -1.3508E+01
   1.6481E+01  -1.3533E+01  -1.8054E-01  -3.6752E-01   9.6597E-02  -1.6389E-01
   4.3332E-02  -9.4015E-02   2.6788E-03  -1.2161E-01   2.2313E-03  -1.2147E-01
   1.1160E+00   1.1081E+00   1.0995E+00  -3.9754E-03  -1.8740E-03  -2.0944E-02
  -8.4103E-03   7.5565E-04   2.3894E-03   4.5880E-03   2.8704E-03  -2.7564E-03
   2.5056E-03   4.5119E-03  -7.9306E-03  -3.9203E-03  -3.9201E-03   6.7328E-03
   2.4731E-03   7.8828E-04   3.5202E-04  -6.3194E-03   5.1996E-03  -6.0845E-03
  -1.2095E-03  -4.8399E-03   5.2369E-03  -2.9537E-04   5.7208E-03   1.9437E-02
   8.2243E-03   8.6632E-04   8.6249E-04  -3.7819E-03   1.9001E-02  -2.7690E-04
  -1.2870E-03  -2.1221E-02  -8.1423E-03  -2.5239E-03  -6.5793E-04   3.9978E-03
   1.3232E-03  -2.6989E-03   6.3339E-04   2.3876E-03  -5.4358E-03  -1.8492E-03
  -1.8496E-03   6.7305E-03   7.3447E-04   2.4124E-03   2.8096E-05  -8.3613E-03
   3.6767E-03  -8.8318E-03  -4.3528E-03  -4.8216E-03   3.4276E-03  -5.2461E-04
   3.5080E-03   1.6031E-02   9.2981E-03   2.5379E-03   2.5365E-03  -2.8202E-03
   1.5783E-02
  > E    =  -3.833451072346E+02 +/-   8.759242408299E-05
  > varE =   3.836952931912E-03
* Computing derivatives.
    [walltime: 1m elapsed, 23m11s remaining]
  Done. [total walltime: 24m32s]
* Optimizing manipulation constant:
  #igrid a___________ E____________________________________ varE____________
     1     Infinity    -3.83345107E+02 +/-   8.75924241E-05   3.83695293E-03
     2     1.0000E+06  -3.83345107E+02 +/-   8.75923446E-05   3.83694596E-03
     3     2.1544E+05  -3.83345107E+02 +/-   8.75920613E-05   3.83692115E-03
     4     4.6416E+04  -3.83345107E+02 +/-   8.75908777E-05   3.83681746E-03
     5     1.0000E+04  -3.83345108E+02 +/-   8.75882135E-05   3.83658406E-03
     6     2.1544E+03  -3.83345108E+02 +/-   8.76378798E-05   3.84093630E-03
     7     4.6416E+02  -3.83345033E+02 +/-   8.94934971E-05   4.00531188E-03
     8     1.0000E+02  -3.83323729E+02 +/-   2.16608042E-04   2.34640262E-02
     9     2.1544E+01  -3.81517525E+02 +/-   1.21765390E-03   7.41482843E-01
    10     4.6416E+00  -3.80892343E+02 +/-   1.11062066E-03   6.16857535E-01
    11     1.0000E+00  -3.80444318E+02 +/-   1.85440241E-05   1.71973427E-04
    12     2.1544E-01  -3.82196099E+02 +/-   8.94738500E-04   4.00355345E-01
    13     4.6416E-02  -3.82351919E+02 +/-   7.73923880E-04   2.99536586E-01
    14     1.0000E-02  -3.82297811E+02 +/-   7.32526441E-04   2.68349006E-01
    15     2.1544E-03  -3.82625255E+02 +/-   9.29780015E-04   4.32328430E-01
    16     4.6416E-04  -3.82662994E+02 +/-   9.49050243E-04   4.50434649E-01
    17     1.0000E-04  -3.82670889E+02 +/-   9.53661263E-04   4.54822211E-01
    18     2.1544E-05  -3.82672559E+02 +/-   9.54689525E-04   4.55803542E-01
    19     4.6416E-06  -3.82672917E+02 +/-   9.54912871E-04   4.56016834E-01
    20     1.0000E-06  -3.82672995E+02 +/-   9.54961077E-04   4.56062876E-01
    21     0.0000E+00  -3.82673016E+02 +/-   9.54974319E-04   4.56075525E-01
* Iteration # 1: E =  -3.833451078330E+02 +/-   8.758821352529E-05
* Reached maximum number of iterations: exiting.
* After optimization:
   2.5802E+00   2.5912E+00   2.6009E+00   8.1290E-01   8.1574E-01   1.0022E+00
  -6.2065E+00  -2.6915E+00  -2.6999E+00   3.5302E-01   1.9160E-01  -3.1452E+00
  -3.1450E+00  -3.1113E+00  -3.1129E+00  -2.9895E+00  -2.9924E+00   4.9538E-01
   4.9596E-01   7.1056E-02   4.9990E-02   5.0626E-02   1.2455E-01   1.2590E-01
   1.2410E-01   1.2636E-01  -1.9946E-01  -4.4783E-01  -3.6605E-01  -4.7434E-01
   3.3115E+01  -2.6864E+01   1.6460E+01  -1.3679E+01  -5.9477E-02  -3.1137E-01
   1.4054E-02  -2.1865E-01   1.6568E+01  -1.3421E+01   1.6606E+01  -1.3507E+01
   1.6482E+01  -1.3534E+01  -1.8268E-01  -3.6580E-01   9.2314E-02  -1.6046E-01
   4.1192E-02  -9.2299E-02   5.3727E-04  -1.1990E-01   8.9817E-05  -1.1975E-01
   1.1119E+00   1.1041E+00   1.0955E+00  -3.9153E-03  -1.8765E-03  -2.0944E-02
  -8.3835E-03   7.6199E-04   2.3182E-03   4.5603E-03   2.9147E-03  -2.7586E-03
   2.4668E-03   4.5058E-03  -7.8463E-03  -3.8857E-03  -3.8855E-03   6.6556E-03
   2.4784E-03   8.9796E-04   4.0551E-04  -6.3375E-03   5.2451E-03  -6.0990E-03
  -1.2917E-03  -4.8738E-03   5.3018E-03  -3.0676E-04   5.6677E-03   1.9438E-02
   8.2953E-03   8.7541E-04   8.7158E-04  -3.8137E-03   1.8965E-02  -2.4819E-04
  -1.2783E-03  -2.1279E-02  -8.1427E-03  -2.4939E-03  -6.8308E-04   3.9881E-03
   1.3738E-03  -2.7132E-03   6.2339E-04   2.4247E-03  -5.4051E-03  -1.8454E-03
  -1.8457E-03   6.6732E-03   7.6076E-04   2.4876E-03   8.7783E-05  -8.3924E-03
   3.7322E-03  -8.8435E-03  -4.4028E-03  -4.8695E-03   3.5042E-03  -5.3948E-04
   3.4951E-03   1.6125E-02   9.3702E-03   2.5345E-03   2.5332E-03  -2.8711E-03
   1.5827E-02
  > Energy =  -3.833451078330E+02 +/-   8.758821352529E-05
  > varE =   3.836584057010E-03

VMC #5:
* Size of Hilbert space =   6.3504E+04
* Deterministic energy evaluation:
  > Deterministic Etot/t = -383.34514775756213
    - Ttot/t = -23.366541390179968
    - Utot/t = 9.5357393097880898
* Number of equil. steps   = 1000
* Running VMC equilibration.
  Done. [total walltime: 0.04s]
* Equil. acc.ratio (%)     =  23.3857
* Sample config after equilibration:
  +---------+
  |  d   2  |
  |u   0   2|
  |d   d   0|
  |  u   u  |
  +---------+
* Number of accum. steps   = 1000192 x 10
* Running VMC accumulation.
  Done. [total walltime: 29.5s]
* Acceptance ratio (%)     =  23.4567
* Etot/t                   =  -3.833449950466E+02 +/-   6.159333641677E-05
  > Ttot/t                 =  -2.336643644200E+01 +/-   3.660783077638E-04
  > Utot/t                 =   9.535787072556E+00 +/-   3.583855575217E-04
* var[Eloc/t]              =   3.847549668412E-03 +/-   3.604270684190E-05
* Correlation length       =   9.862036402043E-01
* log10 Psi^2 range: -17.523054555463315 -- -9.6140063470201351
* log10 Pgen range : -17.523054555463315 -- -9.6140063470201351
* Site occupation (ave. no. electrons per config.):
  > Site_  ___eu____  ___ed____
      1        0.497      0.497
      2        0.501      0.500
      3        0.499      0.501
      4        0.497      0.497
      5        0.499      0.502
      6        0.500      0.499
      7        0.501      0.502
      8        0.501      0.500
      9        0.502      0.501
     10        0.500      0.501
* Pair-correlation analysis (ave. no. pairs per config.):
  > Shell  nsite  ___dh____  __eueu___  __eued___
      0      1        0          0          1.768
      1      1        0.851      0.713      2.472
      2      1        0.292      0.655      1.097
      3      1        0.166      0.293      0.554
      4      1        0.564      1.359      2.150
      5      1        0.123      1.021      0.975
      6      1        0.154      0.851      1.095
      7      1        0.312      1.805      2.103
      8      1        0.254      2.094      1.913
      9      1        0.252      2.110      1.918
     10      1        0.232      2.149      1.900
     11      1        0.119      0.986      1.016
     12      1        0.239      2.048      1.966
     13      1        0.063      0.483      0.515
     14      1        0.190      1.447      1.542
     15      1        0.119      1.026      0.988
     16      1        0.132      0.959      1.029

Optimization #5:
* Method          : lls
* Target function : energy
* No. of configs. : 500096
* No. of params.  : 121
* Before optimization:
   2.5802E+00   2.5912E+00   2.6009E+00   8.1290E-01   8.1574E-01   1.0022E+00
  -6.2065E+00  -2.6915E+00  -2.6999E+00   3.5302E-01   1.9160E-01  -3.1452E+00
  -3.1450E+00  -3.1113E+00  -3.1129E+00  -2.9895E+00  -2.9924E+00   4.9538E-01
   4.9596E-01   7.1056E-02   4.9990E-02   5.0626E-02   1.2455E-01   1.2590E-01
   1.2410E-01   1.2636E-01  -1.9946E-01  -4.4783E-01  -3.6605E-01  -4.7434E-01
   3.3115E+01  -2.6864E+01   1.6460E+01  -1.3679E+01  -5.9477E-02  -3.1137E-01
   1.4054E-02  -2.1865E-01   1.6568E+01  -1.3421E+01   1.6606E+01  -1.3507E+01
   1.6482E+01  -1.3534E+01  -1.8268E-01  -3.6580E-01   9.2314E-02  -1.6046E-01
   4.1192E-02  -9.2299E-02   5.3727E-04  -1.1990E-01   8.9817E-05  -1.1975E-01
   1.1119E+00   1.1041E+00   1.0955E+00  -3.9153E-03  -1.8765E-03  -2.0944E-02
  -8.3835E-03   7.6199E-04   2.3182E-03   4.5603E-03   2.9147E-03  -2.7586E-03
   2.4668E-03   4.5058E-03  -7.8463E-03  -3.8857E-03  -3.8855E-03   6.6556E-03
   2.4784E-03   8.9796E-04   4.0551E-04  -6.3375E-03   5.2451E-03  -6.0990E-03
  -1.2917E-03  -4.8738E-03   5.3018E-03  -3.0676E-04   5.6677E-03   1.9438E-02
   8.2953E-03   8.7541E-04   8.7158E-04  -3.8137E-03   1.8965E-02  -2.4819E-04
  -1.2783E-03  -2.1279E-02  -8.1427E-03  -2.4939E-03  -6.8308E-04   3.9881E-03
   1.3738E-03  -2.7132E-03   6.2339E-04   2.4247E-03  -5.4051E-03  -1.8454E-03
  -1.8457E-03   6.6732E-03   7.6076E-04   2.4876E-03   8.7783E-05  -8.3924E-03
   3.7322E-03  -8.8435E-03  -4.4028E-03  -4.8695E-03   3.5042E-03  -5.3948E-04
   3.4951E-03   1.6125E-02   9.3702E-03   2.5345E-03   2.5332E-03  -2.8711E-03
   1.5827E-02
  > E    =  -3.833449782000E+02 +/-   8.789838242950E-05
  > varE =   3.863804524922E-03
* Computing derivatives.
    [walltime: 1m elapsed, 23m37s remaining]
  Done. [total walltime: 24m32s]
* Optimizing manipulation constant:
  #igrid a___________ E____________________________________ varE____________
     1     Infinity    -3.83344978E+02 +/-   8.78983824E-05   3.86380452E-03
     2     1.0000E+06  -3.83344978E+02 +/-   8.78983024E-05   3.86379749E-03
     3     2.1544E+05  -3.83344978E+02 +/-   8.78980111E-05   3.86377188E-03
     4     4.6416E+04  -3.83344978E+02 +/-   8.78966589E-05   3.86365300E-03
     5     1.0000E+04  -3.83344979E+02 +/-   8.78903796E-05   3.86310099E-03
     6     2.1544E+03  -3.83344982E+02 +/-   8.78611787E-05   3.86053444E-03
     7     4.6416E+02  -3.83344994E+02 +/-   8.77244568E-05   3.84852893E-03
     8     1.0000E+02  -3.83345052E+02 +/-   8.70654114E-05   3.79092065E-03
     9     2.1544E+01  -3.83345309E+02 +/-   8.36898449E-05   3.50266746E-03
    10     4.6416E+00  -3.83337322E+02 +/-   1.37483236E-04   9.45263461E-03
    11     1.0000E+00  -3.80991898E+02 +/-   9.77718982E-04   4.78058973E-01
    12     2.1544E-01  -3.81039260E+02 +/-   8.54725277E-04   3.65347783E-01
    13     4.6416E-02  -3.81281953E+02 +/-   9.24038070E-04   4.27005147E-01
    14     1.0000E-02  -3.81219982E+02 +/-   9.34239630E-04   4.36485633E-01
    15     2.1544E-03  -3.81200823E+02 +/-   9.34685235E-04   4.36902114E-01
    16     4.6416E-04  -3.81196307E+02 +/-   9.33326159E-04   4.35632485E-01
    17     1.0000E-04  -3.81195305E+02 +/-   9.32863439E-04   4.35200640E-01
    18     2.1544E-05  -3.81195088E+02 +/-   9.32753744E-04   4.35098296E-01
    19     4.6416E-06  -3.81195041E+02 +/-   9.32729621E-04   4.35075791E-01
    20     1.0000E-06  -3.81195031E+02 +/-   9.32724401E-04   4.35070921E-01
    21     0.0000E+00  -3.81195028E+02 +/-   9.32722966E-04   4.35069583E-01
  ParMin   4.4213E+01  -3.83345145E+02 +/-   8.59331120E-05   3.69295878E-03
  # Using grid point #9
* Iteration # 1: E =  -3.833453085396E+02 +/-   8.368984493186E-05
* Reached maximum number of iterations: exiting.
* After optimization:
   2.6242E+00   2.5324E+00   2.6157E+00   8.2874E-01   8.3169E-01   9.9764E-01
  -6.2707E+00  -2.7122E+00  -2.7207E+00   3.7677E-01   2.2310E-01  -3.1737E+00
  -3.1737E+00  -3.1290E+00  -3.1304E+00  -3.0199E+00  -3.0226E+00   5.0895E-01
   5.0956E-01   9.6974E-02   6.2574E-02   6.3160E-02   1.3711E-01   1.3829E-01
   1.3665E-01   1.3873E-01  -2.8168E-01  -3.9704E-01  -3.7172E-01  -4.7426E-01
   3.3346E+01  -2.7034E+01   1.6503E+01  -1.3708E+01  -1.9993E-01  -1.9284E-01
  -1.3125E-01  -1.0379E-01   1.6682E+01  -1.3507E+01   1.6651E+01  -1.3534E+01
   1.6600E+01  -1.3617E+01  -2.5415E-01  -3.0425E-01  -4.9754E-02  -4.3629E-02
  -2.9426E-02  -3.3445E-02  -7.0685E-02  -6.1758E-02  -7.1148E-02  -6.1492E-02
   1.0942E+00   1.1030E+00   1.0667E+00   1.9861E-02  -1.9290E-04  -4.0111E-02
  -5.0115E-03   3.4220E-03  -2.5535E-02  -5.8782E-03   2.1613E-02  -3.0801E-03
  -1.0138E-02   8.0724E-03   1.7217E-02   7.9454E-03   7.9343E-03  -1.4132E-02
   7.4506E-03   5.9291E-02   2.9145E-02  -2.1306E-02   3.7858E-02  -2.1673E-02
  -4.5342E-02  -3.0797E-02   4.1204E-02  -4.9613E-03  -6.6803E-03   4.9721E-02
   5.1218E-02   9.2203E-03   9.2444E-03  -2.2809E-02   3.1801E-02   1.5067E-02
   7.2675E-03  -3.4137E-02  -4.7756E-03   9.1041E-03  -1.1337E-02  -4.0819E-03
   1.9963E-02  -4.1950E-03  -3.1667E-03   1.6194E-02   1.0542E-02   1.8698E-03
   1.8898E-03  -1.7561E-02   9.2674E-03   4.3171E-02   3.0223E-02  -1.9202E-02
   3.1349E-02  -1.4121E-02  -3.1132E-02  -2.7760E-02   3.7468E-02  -6.0388E-03
  -2.1847E-04   5.4591E-02   4.1656E-02   3.2207E-03   3.2258E-03  -2.5553E-02
   3.1819E-02
  > Energy =  -3.833453085396E+02 +/-   8.368984493186E-05
  > varE =   3.502667455413E-03

VMC #6:
* Size of Hilbert space =   6.3504E+04
* Deterministic energy evaluation:
  > Deterministic Etot/t = -383.34547231142841
    - Ttot/t = -23.367260797761684
    - Utot/t = 9.5361341635035952
* Number of equil. steps   = 1000
* Running VMC equilibration.
  Done. [total walltime: 0.04s]
* Equil. acc.ratio (%)     =  22.9863
* Sample config after equilibration:
  +---------+
  |  2   d  |
  |u   0   u|
  |d   d   d|
  |  u   u  |
  +---------+
* Number of accum. steps   = 1000192 x 10
* Running VMC accumulation.
  Done. [total walltime: 29.7s]
* Acceptance ratio (%)     =  22.9468
* Etot/t                   =  -3.833453682607E+02 +/-   5.875525488819E-05
  > Ttot/t                 =  -2.336788851834E+01 +/-   3.733783416449E-04
  > Utot/t                 =   9.536865934702E+00 +/-   3.674067869786E-04
* var[Eloc/t]              =   3.490968878230E-03 +/-   1.881401982356E-05
* Correlation length       =   9.890786529389E-01
* log10 Psi^2 range: -17.217249526580279 -- -9.9956469012052036
* log10 Pgen range : -17.217249526580279 -- -9.9956469012052036
* Site occupation (ave. no. electrons per config.):
  > Site_  ___eu____  ___ed____
      1        0.497      0.495
      2        0.502      0.502
      3        0.499      0.501
      4        0.497      0.498
      5        0.501      0.499
      6        0.500      0.500
      7        0.501      0.501
      8        0.499      0.500
      9        0.502      0.501
     10        0.503      0.502
* Pair-correlation analysis (ave. no. pairs per config.):
  > Shell  nsite  ___dh____  __eueu___  __eued___
      0      1        0          0          1.773
      1      1        0.857      0.711      2.469
      2      1        0.292      0.657      1.100
      3      1        0.167      0.292      0.552
      4      1        0.564      1.358      2.146
      5      1        0.123      1.020      0.973
      6      1        0.154      0.848      1.094
      7      1        0.314      1.805      2.105
      8      1        0.255      2.090      1.911
      9      1        0.252      2.113      1.919
     10      1        0.231      2.152      1.899
     11      1        0.119      0.983      1.016
     12      1        0.241      2.049      1.964
     13      1        0.064      0.483      0.513
     14      1        0.190      1.451      1.543
     15      1        0.121      1.026      0.991
     16      1        0.132      0.963      1.031

Optimization #6:
* Method          : lls
* Target function : energy
* No. of configs. : 500096
* No. of params.  : 121
* Before optimization:
   2.6242E+00   2.5324E+00   2.6157E+00   8.2874E-01   8.3169E-01   9.9764E-01
  -6.2707E+00  -2.7122E+00  -2.7207E+00   3.7677E-01   2.2310E-01  -3.1737E+00
  -3.1737E+00  -3.1290E+00  -3.1304E+00  -3.0199E+00  -3.0226E+00   5.0895E-01
   5.0956E-01   9.6974E-02   6.2574E-02   6.3160E-02   1.3711E-01   1.3829E-01
   1.3665E-01   1.3873E-01  -2.8168E-01  -3.9704E-01  -3.7172E-01  -4.7426E-01
   3.3346E+01  -2.7034E+01   1.6503E+01  -1.3708E+01  -1.9993E-01  -1.9284E-01
  -1.3125E-01  -1.0379E-01   1.6682E+01  -1.3507E+01   1.6651E+01  -1.3534E+01
   1.6600E+01  -1.3617E+01  -2.5415E-01  -3.0425E-01  -4.9754E-02  -4.3629E-02
  -2.9426E-02  -3.3445E-02  -7.0685E-02  -6.1758E-02  -7.1148E-02  -6.1492E-02
   1.0942E+00   1.1030E+00   1.0667E+00   1.9861E-02  -1.9290E-04  -4.0111E-02
  -5.0115E-03   3.4220E-03  -2.5535E-02  -5.8782E-03   2.1613E-02  -3.0801E-03
  -1.0138E-02   8.0724E-03   1.7217E-02   7.9454E-03   7.9343E-03  -1.4132E-02
   7.4506E-03   5.9291E-02   2.9145E-02  -2.1306E-02   3.7858E-02  -2.1673E-02
  -4.5342E-02  -3.0797E-02   4.1204E-02  -4.9613E-03  -6.6803E-03   4.9721E-02
   5.1218E-02   9.2203E-03   9.2444E-03  -2.2809E-02   3.1801E-02   1.5067E-02
   7.2675E-03  -3.4137E-02  -4.7756E-03   9.1041E-03  -1.1337E-02  -4.0819E-03
   1.9963E-02  -4.1950E-03  -3.1667E-03   1.6194E-02   1.0542E-02   1.8698E-03
   1.8898E-03  -1.7561E-02   9.2674E-03   4.3171E-02   3.0223E-02  -1.9202E-02
   3.1349E-02  -1.4121E-02  -3.1132E-02  -2.7760E-02   3.7468E-02  -6.0388E-03
  -2.1847E-04   5.4591E-02   4.1656E-02   3.2207E-03   3.2258E-03  -2.5553E-02
   3.1819E-02
  > E    =  -3.833454286260E+02 +/-   8.327176619585E-05
  > varE =   3.467759204645E-03
* Computing derivatives.
    [walltime: 1m elapsed, 23m40s remaining]
  Done. [total walltime: 24m37s]
* Optimizing manipulation constant:
  #igrid a___________ E____________________________________ varE____________
     1     Infinity    -3.83345429E+02 +/-   8.32717662E-05   3.46775920E-03
     2     1.0000E+06  -3.83345429E+02 +/-   8.32716931E-05   3.46775311E-03
     3     2.1544E+05  -3.83345429E+02 +/-   8.32714268E-05   3.46773093E-03
     4     4.6416E+04  -3.83345429E+02 +/-   8.32701907E-05   3.46762799E-03
     5     1.0000E+04  -3.83345429E+02 +/-   8.32644549E-05   3.46715029E-03
     6     2.1544E+03  -3.83345432E+02 +/-   8.32378626E-05   3.46493602E-03
     7     4.6416E+02  -3.83345442E+02 +/-   8.31150954E-05   3.45472272E-03
     8     1.0000E+02  -3.83345491E+02 +/-   8.25593153E-05   3.40867461E-03
     9     2.1544E+01  -3.83345694E+02 +/-   8.02617693E-05   3.22159423E-03
    10     4.6416E+00  -3.83346234E+02 +/-   7.46079897E-05   2.78371043E-03
    11     1.0000E+00  -3.83340939E+02 +/-   1.27207153E-04   8.09238328E-03
    12     2.1544E-01  -3.83256572E+02 +/-   3.98121637E-04   7.92656349E-02
    13     4.6416E-02  -3.83160282E+02 +/-   5.52520378E-04   1.52668691E-01
    14     1.0000E-02  -3.83152003E+02 +/-   5.64270277E-04   1.59231039E-01
    15     2.1544E-03  -3.83236121E+02 +/-   4.45008376E-04   9.90352383E-02
    16     4.6416E-04  -3.83265967E+02 +/-   3.89541893E-04   7.58860107E-02
    17     1.0000E-04  -3.83267219E+02 +/-   3.86865169E-04   7.48466972E-02
    18     2.1544E-05  -3.83267161E+02 +/-   3.86968286E-04   7.48866026E-02
    19     4.6416E-06  -3.83267133E+02 +/-   3.87023710E-04   7.49080556E-02
    20     1.0000E-06  -3.83267126E+02 +/-   3.87037205E-04   7.49132797E-02
    21     0.0000E+00  -3.83267124E+02 +/-   3.87041008E-04   7.49147518E-02
  ParMin   8.6728E+00  -3.83345985E+02 +/-   7.70273279E-05   2.96717421E-03
  # Using grid point #10
* Iteration # 1: E =  -3.833462341270E+02 +/-   7.460798967616E-05
* Reached maximum number of iterations: exiting.
* After optimization:
   2.6070E+00   2.6373E+00   2.7191E+00   7.9172E-01   7.9432E-01   9.7714E-01
  -6.2795E+00  -2.7800E+00  -2.7884E+00   2.6011E-01   1.3707E-01  -3.1675E+00
  -3.1673E+00  -3.1824E+00  -3.1828E+00  -3.0193E+00  -3.0208E+00   4.5772E-01
   4.5729E-01  -1.0232E-02   7.5017E-03   7.4367E-03   8.1362E-02   8.2166E-02
   8.0798E-02   8.2298E-02  -6.8501E-02  -6.2927E-01  -3.9355E-01  -4.7179E-01
   3.3274E+01  -2.6966E+01   1.6727E+01  -1.3889E+01   3.3442E-01  -6.0342E-01
   3.7998E-01  -5.2682E-01   1.6646E+01  -1.3476E+01   1.6880E+01  -1.3705E+01
   1.6571E+01  -1.3576E+01   7.0512E-03  -4.9922E-01   4.7549E-01  -4.5924E-01
   2.3628E-01  -2.3941E-01   1.9254E-01  -2.7067E-01   1.9205E-01  -2.7045E-01
   1.1788E+00   1.1613E+00   1.1208E+00  -3.0601E-02  -5.3128E-02  -4.8178E-02
  -3.4658E-02   6.0239E-03  -5.9739E-03   1.2649E-02  -3.5196E-03   2.2791E-03
  -5.9618E-03  -1.1546E-02  -1.2494E-02  -1.4840E-03  -1.7995E-03   1.1770E-02
   1.0677E-02   1.2424E-03  -1.8934E-02   2.8736E-02   4.7718E-02  -4.6941E-02
  -2.5323E-02  -4.8428E-02   2.4688E-02   2.2968E-02   1.5745E-02   7.8844E-02
   6.9352E-02   8.5482E-04   8.8125E-04  -5.6926E-03   7.2305E-02  -2.1192E-02
  -2.8109E-02  -3.1095E-02  -2.8456E-02   6.2099E-03   1.1262E-02   1.2470E-02
  -7.0991E-03  -3.7904E-03  -1.4161E-03  -4.0041E-03  -1.2714E-02  -9.5764E-03
  -9.6024E-03  -3.8719E-03   1.5122E-04  -2.2712E-02  -1.3896E-02   2.9025E-02
   3.2565E-02  -4.2060E-02  -1.0903E-02  -4.4964E-02   1.6884E-02   1.4748E-02
   1.7952E-02   7.8046E-02   6.0884E-02  -7.0498E-03  -7.0431E-03  -1.9422E-02
   5.6360E-02
  > Energy =  -3.833462341270E+02 +/-   7.460798967616E-05
  > varE =   2.783710431563E-03

VMC #7:
* Size of Hilbert space =   6.3504E+04
* Deterministic energy evaluation:
  > Deterministic Etot/t = -383.34628741723236
    - Ttot/t = -23.363772664769680
    - Utot/t = 9.5318309247075721
* Number of equil. steps   = 1000
* Running VMC equilibration.
  Done. [total walltime: 0.04s]
* Equil. acc.ratio (%)     =  21.0652
* Sample config after equilibration:
  +---------+
  |  2   0  |
  |0   d   2|
  |u   u   2|
  |  d   0  |
  +---------+
* Number of accum. steps   = 1000192 x 10
* Running VMC accumulation.
  Done. [total walltime: 29.8s]
* Acceptance ratio (%)     =  20.9859
* Etot/t                   =  -3.833462855695E+02 +/-   5.307977528795E-05
  > Ttot/t                 =  -2.336431024948E+01 +/-   3.679260597190E-04
  > Utot/t                 =   9.532370357229E+00 +/-   3.577447425167E-04
* var[Eloc/t]              =   2.782641520504E-03 +/-   1.331159071553E-05
* Correlation length       =   1.012708060547E+00
* log10 Psi^2 range: -16.610163672564624 -- -9.5849737773382504
* log10 Pgen range : -16.610163672564624 -- -9.5849737773382504
* Site occupation (ave. no. electrons per config.):
  > Site_  ___eu____  ___ed____
      1        0.496      0.496
      2        0.501      0.502
      3        0.501      0.499
      4        0.496      0.496
      5        0.500      0.499
      6        0.501      0.499
      7        0.501      0.503
      8        0.501      0.502
      9        0.501      0.502
     10        0.502      0.501
* Pair-correlation analysis (ave. no. pairs per config.):
  > Shell  nsite  ___dh____  __eueu___  __eued___
      0      1        0          0          1.762
      1      1        0.850      0.708      2.482
      2      1        0.290      0.657      1.101
      3      1        0.167      0.289      0.551
      4      1        0.558      1.357      2.147
      5      1        0.121      1.022      0.974
      6      1        0.154      0.849      1.096
      7      1        0.310      1.802      2.101
      8      1        0.251      2.090      1.911
      9      1        0.250      2.110      1.914
     10      1        0.228      2.157      1.898
     11      1        0.118      0.986      1.016
     12      1        0.236      2.052      1.968
     13      1        0.063      0.483      0.515
     14      1        0.188      1.449      1.545
     15      1        0.118      1.028      0.990
     16      1        0.131      0.961      1.031

Optimization #7:
* Method          : lls
* Target function : energy
* No. of configs. : 500096
* No. of params.  : 121
* Before optimization:
   2.6070E+00   2.6373E+00   2.7191E+00   7.9172E-01   7.9432E-01   9.7714E-01
  -6.2795E+00  -2.7800E+00  -2.7884E+00   2.6011E-01   1.3707E-01  -3.1675E+00
  -3.1673E+00  -3.1824E+00  -3.1828E+00  -3.0193E+00  -3.0208E+00   4.5772E-01
   4.5729E-01  -1.0232E-02   7.5017E-03   7.4367E-03   8.1362E-02   8.2166E-02
   8.0798E-02   8.2298E-02  -6.8501E-02  -6.2927E-01  -3.9355E-01  -4.7179E-01
   3.3274E+01  -2.6966E+01   1.6727E+01  -1.3889E+01   3.3442E-01  -6.0342E-01
   3.7998E-01  -5.2682E-01   1.6646E+01  -1.3476E+01   1.6880E+01  -1.3705E+01
   1.6571E+01  -1.3576E+01   7.0512E-03  -4.9922E-01   4.7549E-01  -4.5924E-01
   2.3628E-01  -2.3941E-01   1.9254E-01  -2.7067E-01   1.9205E-01  -2.7045E-01
   1.1788E+00   1.1613E+00   1.1208E+00  -3.0601E-02  -5.3128E-02  -4.8178E-02
  -3.4658E-02   6.0239E-03  -5.9739E-03   1.2649E-02  -3.5196E-03   2.2791E-03
  -5.9618E-03  -1.1546E-02  -1.2494E-02  -1.4840E-03  -1.7995E-03   1.1770E-02
   1.0677E-02   1.2424E-03  -1.8934E-02   2.8736E-02   4.7718E-02  -4.6941E-02
  -2.5323E-02  -4.8428E-02   2.4688E-02   2.2968E-02   1.5745E-02   7.8844E-02
   6.9352E-02   8.5482E-04   8.8125E-04  -5.6926E-03   7.2305E-02  -2.1192E-02
  -2.8109E-02  -3.1095E-02  -2.8456E-02   6.2099E-03   1.1262E-02   1.2470E-02
  -7.0991E-03  -3.7904E-03  -1.4161E-03  -4.0041E-03  -1.2714E-02  -9.5764E-03
  -9.6024E-03  -3.8719E-03   1.5122E-04  -2.2712E-02  -1.3896E-02   2.9025E-02
   3.2565E-02  -4.2060E-02  -1.0903E-02  -4.4964E-02   1.6884E-02   1.4748E-02
   1.7952E-02   7.8046E-02   6.0884E-02  -7.0498E-03  -7.0431E-03  -1.9422E-02
   5.6360E-02
  > E    =  -3.833462187424E+02 +/-   7.454329368548E-05
  > varE =   2.778884760193E-03
* Computing derivatives.
    [walltime: 1m elapsed, 23m49s remaining]
  Done. [total walltime: 24m42s]
* Optimizing manipulation constant:
  #igrid a___________ E____________________________________ varE____________
     1     Infinity    -3.83346219E+02 +/-   7.45432937E-05   2.77888476E-03
     2     1.0000E+06  -3.83346219E+02 +/-   7.45432317E-05   2.77888014E-03
     3     2.1544E+05  -3.83346219E+02 +/-   7.45430061E-05   2.77886332E-03
     4     4.6416E+04  -3.83346219E+02 +/-   7.45419589E-05   2.77878524E-03
     5     1.0000E+04  -3.83346219E+02 +/-   7.45371005E-05   2.77842303E-03
     6     2.1544E+03  -3.83346221E+02 +/-   7.45146011E-05   2.77674592E-03
     7     4.6416E+02  -3.83346230E+02 +/-   7.44112664E-05   2.76904984E-03
     8     1.0000E+02  -3.83346267E+02 +/-   7.39550964E-05   2.73520320E-03
     9     2.1544E+01  -3.83346413E+02 +/-   7.23302231E-05   2.61633283E-03
    10     4.6416E+00  -3.83346355E+02 +/-   7.63175070E-05   2.91274008E-03
    11     1.0000E+00  -3.83316166E+02 +/-   2.49298744E-04   3.10808983E-02
    12     2.1544E-01  -3.83110811E+02 +/-   6.28927632E-04   1.97812956E-01
    13     4.6416E-02  -3.82935779E+02 +/-   7.98113241E-04   3.18553523E-01
    14     1.0000E-02  -3.82961880E+02 +/-   7.78850862E-04   3.03362567E-01
    15     2.1544E-03  -3.83156336E+02 +/-   5.75611297E-04   1.65695990E-01
    16     4.6416E-04  -3.83292640E+02 +/-   3.20997584E-04   5.15296163E-02
    17     1.0000E-04  -3.83323085E+02 +/-   2.19908594E-04   2.41845374E-02
    18     2.1544E-05  -3.83328590E+02 +/-   1.95912099E-04   1.91944599E-02
    19     4.6416E-06  -3.83329696E+02 +/-   1.90718088E-04   1.81901864E-02
    20     1.0000E-06  -3.83329931E+02 +/-   1.89599765E-04   1.79774864E-02
    21     0.0000E+00  -3.83329995E+02 +/-   1.89292740E-04   1.79193105E-02
  ParMin   1.6299E+01  -3.83346460E+02 +/-   7.18953494E-05   2.58496685E-03
  # Using parabolic minimum
* Iteration # 1: E =  -3.833464595640E+02 +/-   7.189534937367E-05
* Reached maximum number of iterations: exiting.
* After optimization:
   2.4407E+00   2.4940E+00   2.5644E+00   7.9665E-01   7.9972E-01   9.7354E-01
  -6.2674E+00  -2.7723E+00  -2.7814E+00   2.6466E-01   1.5103E-01  -3.1572E+00
  -3.1572E+00  -3.1705E+00  -3.1711E+00  -3.0111E+00  -3.0127E+00   4.6282E-01
   4.6227E-01  -3.5958E-03   1.1172E-02   1.0739E-02   8.4605E-02   8.5108E-02
   8.4049E-02   8.5217E-02  -7.4651E-02  -6.4154E-01  -4.0003E-01  -4.7255E-01
   3.3288E+01  -2.6996E+01   1.6737E+01  -1.3913E+01   3.4383E-01  -6.1637E-01
   3.8391E-01  -5.4415E-01   1.6652E+01  -1.3493E+01   1.6892E+01  -1.3728E+01
   1.6580E+01  -1.3590E+01   1.0029E-02  -5.0359E-01   4.8296E-01  -4.7393E-01
   2.3968E-01  -2.4675E-01   1.9661E-01  -2.7830E-01   1.9613E-01  -2.7809E-01
   1.2142E+00   1.1930E+00   1.1485E+00  -4.9691E-02  -8.4343E-02  -5.9087E-02
  -4.7160E-02   1.0864E-02  -1.6378E-02   9.5768E-03  -2.5571E-04   7.9219E-03
   6.1340E-03  -1.6359E-02  -1.3444E-02   2.2438E-03   1.9084E-03   8.5055E-03
   1.4478E-02   7.6571E-03  -2.1189E-02   1.6045E-02   4.1562E-02  -3.6880E-02
  -3.1691E-02  -4.7332E-02   3.0449E-02   2.3601E-02   1.7062E-02   7.3495E-02
   6.6299E-02   6.4511E-03   6.4996E-03  -8.4331E-03   7.2889E-02  -3.4407E-02
  -4.9820E-02  -4.0092E-02  -3.8083E-02   9.9052E-03   4.6274E-03   1.0687E-02
  -5.6537E-03   5.5063E-04   9.9945E-03  -6.0130E-03  -1.3336E-02  -7.3924E-03
  -7.4070E-03  -8.9160E-03   2.6677E-03  -1.9994E-02  -1.5309E-02   1.4601E-02
   2.3678E-02  -3.2533E-02  -1.4754E-02  -4.2321E-02   1.9805E-02   1.4225E-02
   1.9448E-02   7.3466E-02   5.6439E-02  -3.1996E-03  -3.2108E-03  -2.3534E-02
   5.4555E-02
  > Energy =  -3.833464595640E+02 +/-   7.189534937367E-05
  > varE =   2.584966849142E-03

VMC #8:
* Size of Hilbert space =   6.3504E+04
* Deterministic energy evaluation:
  > Deterministic Etot/t = -383.34652284201042
    - Ttot/t = -23.363322372578551
    - Utot/t = 9.5311452077384491
* Number of equil. steps   = 1000
* Running VMC equilibration.
  Done. [total walltime: 0.04s]
* Equil. acc.ratio (%)     =  19.9502
* Sample config after equilibration:
  +---------+
  |  2   2  |
  |0   0   d|
  |2   u   0|
  |  0   2  |
  +---------+
* Number of accum. steps   = 1000192 x 10
* Running VMC accumulation.
  Done. [total walltime: 29.8s]
* Acceptance ratio (%)     =  19.9290
* Etot/t                   =  -3.833465624258E+02 +/-   5.208285541801E-05
  > Ttot/t                 =  -2.336328626915E+01 +/-   3.680257820223E-04
  > Utot/t                 =   9.531069520575E+00 +/-   3.588614887200E-04
* var[Eloc/t]              =   2.605919631613E-03 +/-   7.236466590508E-06
* Correlation length       =   1.041146710495E+00
* log10 Psi^2 range: -16.811972173737736 -- -9.7363471743411125
* log10 Pgen range : -16.811972173737736 -- -9.7363471743411125
* Site occupation (ave. no. electrons per config.):
  > Site_  ___eu____  ___ed____
      1        0.496      0.495
      2        0.502      0.501
      3        0.500      0.501
      4        0.496      0.497
      5        0.500      0.500
      6        0.499      0.500
      7        0.502      0.502
      8        0.500      0.500
      9        0.502      0.502
     10        0.502      0.501
* Pair-correlation analysis (ave. no. pairs per config.):
  > Shell  nsite  ___dh____  __eueu___  __eued___
      0      1        0          0          1.756
      1      1        0.846      0.707      2.487
      2      1        0.288      0.657      1.105
      3      1        0.166      0.289      0.552
      4      1        0.556      1.356      2.150
      5      1        0.121      1.020      0.973
      6      1        0.153      0.847      1.096
      7      1        0.308      1.803      2.104
      8      1        0.251      2.091      1.907
      9      1        0.250      2.111      1.913
     10      1        0.227      2.160      1.893
     11      1        0.117      0.986      1.016
     12      1        0.237      2.048      1.968
     13      1        0.062      0.485      0.515
     14      1        0.187      1.448      1.544
     15      1        0.117      1.028      0.991
     16      1        0.130      0.964      1.031

Optimization #8:
* Method          : lls
* Target function : energy
* No. of configs. : 500096
* No. of params.  : 121
* Before optimization:
   2.4407E+00   2.4940E+00   2.5644E+00   7.9665E-01   7.9972E-01   9.7354E-01
  -6.2674E+00  -2.7723E+00  -2.7814E+00   2.6466E-01   1.5103E-01  -3.1572E+00
  -3.1572E+00  -3.1705E+00  -3.1711E+00  -3.0111E+00  -3.0127E+00   4.6282E-01
   4.6227E-01  -3.5958E-03   1.1172E-02   1.0739E-02   8.4605E-02   8.5108E-02
   8.4049E-02   8.5217E-02  -7.4651E-02  -6.4154E-01  -4.0003E-01  -4.7255E-01
   3.3288E+01  -2.6996E+01   1.6737E+01  -1.3913E+01   3.4383E-01  -6.1637E-01
   3.8391E-01  -5.4415E-01   1.6652E+01  -1.3493E+01   1.6892E+01  -1.3728E+01
   1.6580E+01  -1.3590E+01   1.0029E-02  -5.0359E-01   4.8296E-01  -4.7393E-01
   2.3968E-01  -2.4675E-01   1.9661E-01  -2.7830E-01   1.9613E-01  -2.7809E-01
   1.2142E+00   1.1930E+00   1.1485E+00  -4.9691E-02  -8.4343E-02  -5.9087E-02
  -4.7160E-02   1.0864E-02  -1.6378E-02   9.5768E-03  -2.5571E-04   7.9219E-03
   6.1340E-03  -1.6359E-02  -1.3444E-02   2.2438E-03   1.9084E-03   8.5055E-03
   1.4478E-02   7.6571E-03  -2.1189E-02   1.6045E-02   4.1562E-02  -3.6880E-02
  -3.1691E-02  -4.7332E-02   3.0449E-02   2.3601E-02   1.7062E-02   7.3495E-02
   6.6299E-02   6.4511E-03   6.4996E-03  -8.4331E-03   7.2889E-02  -3.4407E-02
  -4.9820E-02  -4.0092E-02  -3.8083E-02   9.9052E-03   4.6274E-03   1.0687E-02
  -5.6537E-03   5.5063E-04   9.9945E-03  -6.0130E-03  -1.3336E-02  -7.3924E-03
  -7.4070E-03  -8.9160E-03   2.6677E-03  -1.9994E-02  -1.5309E-02   1.4601E-02
   2.3678E-02  -3.2533E-02  -1.4754E-02  -4.2321E-02   1.9805E-02   1.4225E-02
   1.9448E-02   7.3466E-02   5.6439E-02  -3.1996E-03  -3.2108E-03  -2.3534E-02
   5.4555E-02
  > E    =  -3.833465534441E+02 +/-   7.235221456530E-05
  > varE =   2.617924021175E-03
* Computing derivatives.
    [walltime: 1m elapsed, 23m45s remaining]
  Done. [total walltime: 24m49s]
* Optimizing manipulation constant:
  #igrid a___________ E____________________________________ varE____________
     1     Infinity    -3.83346553E+02 +/-   7.23522146E-05   2.61792402E-03
     2     1.0000E+06  -3.83346553E+02 +/-   7.23521555E-05   2.61791975E-03
     3     2.1544E+05  -3.83346553E+02 +/-   7.23519405E-05   2.61790419E-03
     4     4.6416E+04  -3.83346554E+02 +/-   7.23509435E-05   2.61783204E-03
     5     1.0000E+04  -3.83346554E+02 +/-   7.23463349E-05   2.61749855E-03
     6     2.1544E+03  -3.83346556E+02 +/-   7.23253518E-05   2.61598043E-03
     7     4.6416E+02  -3.83346563E+02 +/-   7.22367549E-05   2.60957532E-03
     8     1.0000E+02  -3.83346593E+02 +/-   7.20177280E-05   2.59377448E-03
     9     2.1544E+01  -3.83346447E+02 +/-   7.67523594E-05   2.94602787E-03
    10     4.6416E+00  -3.83257017E+02 +/-   3.82316218E-04   7.30968771E-02
    11     1.0000E+00  -3.82525318E+02 +/-   9.72193194E-04   4.72670539E-01
    12     2.1544E-01  -3.82188559E+02 +/-   1.40001999E-05   9.80216158E-05
    13     4.6416E-02  -3.80827423E+02 +/-   1.10604239E-03   6.11782327E-01
    14     1.0000E-02  -3.82146079E+02 +/-   1.05947986E-03   5.61356544E-01
    15     2.1544E-03  -3.82149148E+02 +/-   1.03143033E-03   5.32026391E-01
    16     4.6416E-04  -3.82150148E+02 +/-   1.02228115E-03   5.22629700E-01
    17     1.0000E-04  -3.82150399E+02 +/-   1.01998375E-03   5.20283297E-01
    18     2.1544E-05  -3.82150455E+02 +/-   1.01947010E-03   5.19759413E-01
    19     4.6416E-06  -3.82150467E+02 +/-   1.01935852E-03   5.19645653E-01
    20     1.0000E-06  -3.82150470E+02 +/-   1.01933445E-03   5.19621104E-01
    21     0.0000E+00  -3.82150471E+02 +/-   1.01932783E-03   5.19614359E-01
  ParMin   1.6850E+02  -3.83346579E+02 +/-   7.20912271E-05   2.59907144E-03
  # Using grid point #8
* Iteration # 1: E =  -3.833465929157E+02 +/-   7.201772795325E-05
* Reached maximum number of iterations: exiting.
* After optimization:
   2.4299E+00   2.4828E+00   2.5542E+00   8.2050E-01   8.2360E-01   9.7302E-01
  -6.2958E+00  -2.7634E+00  -2.7726E+00   3.1113E-01   1.9912E-01  -3.1707E+00
  -3.1707E+00  -3.1608E+00  -3.1615E+00  -3.0250E+00  -3.0265E+00   4.8660E-01
   4.8605E-01   4.3269E-02   3.4642E-02   3.4182E-02   1.0799E-01   1.0846E-01
   1.0744E-01   1.0857E-01  -1.9232E-01  -5.5005E-01  -4.0107E-01  -4.7271E-01
   3.3433E+01  -2.7114E+01   1.6693E+01  -1.3880E+01   1.1253E-01  -4.3133E-01
   1.5156E-01  -3.5979E-01   1.6724E+01  -1.3552E+01   1.6849E+01  -1.3694E+01
   1.6653E+01  -1.3649E+01  -1.0599E-01  -4.1072E-01   2.5123E-01  -2.8917E-01
   1.2376E-01  -1.5438E-01   8.0826E-02  -1.8596E-01   8.0344E-02  -1.8576E-01
   1.1785E+00   1.1572E+00   1.1133E+00  -4.9847E-02  -8.4783E-02  -5.9223E-02
  -4.7453E-02   1.1304E-02  -1.7134E-02   8.9105E-03   4.5774E-04   8.1869E-03
   6.7844E-03  -1.6389E-02  -1.3313E-02   2.7114E-03   2.3910E-03   8.0837E-03
   1.4465E-02   7.9493E-03  -2.1162E-02   1.3715E-02   3.9177E-02  -3.4420E-02
  -3.1326E-02  -4.5410E-02   3.0191E-02   2.2811E-02   1.6584E-02   7.0088E-02
   6.3191E-02   6.6242E-03   6.6758E-03  -7.7926E-03   7.0237E-02  -3.5407E-02
  -5.1720E-02  -4.1896E-02  -3.9534E-02   1.0520E-02   3.9490E-03   1.0558E-02
  -5.3296E-03   8.8577E-04   1.0814E-02  -6.1508E-03  -1.3537E-02  -7.1866E-03
  -7.2003E-03  -9.4917E-03   2.8511E-03  -2.0130E-02  -1.5851E-02   1.2483E-02
   2.2240E-02  -3.1428E-02  -1.5059E-02  -4.1800E-02   2.0084E-02   1.4043E-02
   1.9574E-02   7.2769E-02   5.5524E-02  -3.1326E-03  -3.1449E-03  -2.3635E-02
   5.3978E-02
  > Energy =  -3.833465929157E+02 +/-   7.201772795325E-05
  > varE =   2.593774478876E-03

VMC #9:
* Size of Hilbert space =   6.3504E+04
* Deterministic energy evaluation:
  > Deterministic Etot/t = -383.34656230891045
    - Ttot/t = -23.363026978597148
    - Utot/t = 9.5308103468570096
* Number of equil. steps   = 1000
* Running VMC equilibration.
  Done. [total walltime: 0.04s]
* Equil. acc.ratio (%)     =  20.7162
* Sample config after equilibration:
  +---------+
  |  u   u  |
  |d   d   d|
  |0   u   u|
  |  2   d  |
  +---------+
* Number of accum. steps   = 1000192 x 10
* Running VMC accumulation.
  Done. [total walltime: 29.8s]
* Acceptance ratio (%)     =  20.7472
* Etot/t                   =  -3.833466260330E+02 +/-   5.109531802608E-05
  > Ttot/t                 =  -2.336341854806E+01 +/-   3.683040200807E-04
  > Utot/t                 =   9.531138192271E+00 +/-   3.598685186299E-04
* var[Eloc/t]              =   2.581765239957E-03 +/-   1.478930998085E-05
* Correlation length       =   1.011413719662E+00
* log10 Psi^2 range: -17.450991418772823 -- -9.7421666882813494
* log10 Pgen range : -17.450991418772823 -- -9.7421666882813494
* Site occupation (ave. no. electrons per config.):
  > Site_  ___eu____  ___ed____
      1        0.496      0.496
      2        0.502      0.502
      3        0.500      0.501
      4        0.495      0.497
      5        0.501      0.500
      6        0.500      0.500
      7        0.501      0.502
      8        0.500      0.500
      9        0.502      0.501
     10        0.502      0.502
* Pair-correlation analysis (ave. no. pairs per config.):
  > Shell  nsite  ___dh____  __eueu___  __eued___
      0      1        0          0          1.755
      1      1        0.845      0.709      2.487
      2      1        0.287      0.657      1.105
      3      1        0.167      0.289      0.551
      4      1        0.557      1.356      2.148
      5      1        0.121      1.020      0.974
      6      1        0.152      0.848      1.097
      7      1        0.308      1.801      2.103
      8      1        0.252      2.089      1.906
      9      1        0.248      2.109      1.913
     10      1        0.228      2.159      1.894
     11      1        0.117      0.985      1.016
     12      1        0.236      2.051      1.967
     13      1        0.062      0.484      0.515
     14      1        0.186      1.451      1.545
     15      1        0.118      1.028      0.990
     16      1        0.130      0.962      1.033

Optimization #9:
* Method          : lls
* Target function : energy
* No. of configs. : 500096
* No. of params.  : 121
* Before optimization:
   2.4299E+00   2.4828E+00   2.5542E+00   8.2050E-01   8.2360E-01   9.7302E-01
  -6.2958E+00  -2.7634E+00  -2.7726E+00   3.1113E-01   1.9912E-01  -3.1707E+00
  -3.1707E+00  -3.1608E+00  -3.1615E+00  -3.0250E+00  -3.0265E+00   4.8660E-01
   4.8605E-01   4.3269E-02   3.4642E-02   3.4182E-02   1.0799E-01   1.0846E-01
   1.0744E-01   1.0857E-01  -1.9232E-01  -5.5005E-01  -4.0107E-01  -4.7271E-01
   3.3433E+01  -2.7114E+01   1.6693E+01  -1.3880E+01   1.1253E-01  -4.3133E-01
   1.5156E-01  -3.5979E-01   1.6724E+01  -1.3552E+01   1.6849E+01  -1.3694E+01
   1.6653E+01  -1.3649E+01  -1.0599E-01  -4.1072E-01   2.5123E-01  -2.8917E-01
   1.2376E-01  -1.5438E-01   8.0826E-02  -1.8596E-01   8.0344E-02  -1.8576E-01
   1.1785E+00   1.1572E+00   1.1133E+00  -4.9847E-02  -8.4783E-02  -5.9223E-02
  -4.7453E-02   1.1304E-02  -1.7134E-02   8.9105E-03   4.5774E-04   8.1869E-03
   6.7844E-03  -1.6389E-02  -1.3313E-02   2.7114E-03   2.3910E-03   8.0837E-03
   1.4465E-02   7.9493E-03  -2.1162E-02   1.3715E-02   3.9177E-02  -3.4420E-02
  -3.1326E-02  -4.5410E-02   3.0191E-02   2.2811E-02   1.6584E-02   7.0088E-02
   6.3191E-02   6.6242E-03   6.6758E-03  -7.7926E-03   7.0237E-02  -3.5407E-02
  -5.1720E-02  -4.1896E-02  -3.9534E-02   1.0520E-02   3.9490E-03   1.0558E-02
  -5.3296E-03   8.8577E-04   1.0814E-02  -6.1508E-03  -1.3537E-02  -7.1866E-03
  -7.2003E-03  -9.4917E-03   2.8511E-03  -2.0130E-02  -1.5851E-02   1.2483E-02
   2.2240E-02  -3.1428E-02  -1.5059E-02  -4.1800E-02   2.0084E-02   1.4043E-02
   1.9574E-02   7.2769E-02   5.5524E-02  -3.1326E-03  -3.1449E-03  -2.3635E-02
   5.3978E-02
  > E    =  -3.833466955050E+02 +/-   7.193582586754E-05
  > varE =   2.587878298875E-03
* Computing derivatives.
    [walltime: 1m elapsed, 23m48s remaining]
  Done. [total walltime: 24m46s]
* Optimizing manipulation constant:
  #igrid a___________ E____________________________________ varE____________
     1     Infinity    -3.83346696E+02 +/-   7.19358259E-05   2.58787830E-03
     2     1.0000E+06  -3.83346696E+02 +/-   7.19357675E-05   2.58787410E-03
     3     2.1544E+05  -3.83346696E+02 +/-   7.19355549E-05   2.58785880E-03
     4     4.6416E+04  -3.83346696E+02 +/-   7.19345697E-05   2.58778792E-03
     5     1.0000E+04  -3.83346696E+02 +/-   7.19300313E-05   2.58746140E-03
     6     2.1544E+03  -3.83346698E+02 +/-   7.19097005E-05   2.58599893E-03
     7     4.6416E+02  -3.83346704E+02 +/-   7.18310445E-05   2.58034481E-03
     8     1.0000E+02  -3.83346723E+02 +/-   7.17994094E-05   2.57807249E-03
     9     2.1544E+01  -3.83346289E+02 +/-   8.03531844E-05   3.22893696E-03
    10     4.6416E+00  -3.83281356E+02 +/-   3.43890895E-04   5.91418268E-02
    11     1.0000E+00  -3.82163879E+02 +/-   1.07702135E-03   5.80098853E-01
    12     2.1544E-01  -3.80508399E+02 +/-   2.44756437E-04   2.99586077E-02
    13     4.6416E-02  -3.80744031E+02 +/-   1.07281549E-03   5.75577027E-01
    14     1.0000E-02  -3.80668030E+02 +/-   1.04874877E-03   5.50042583E-01
    15     2.1544E-03  -3.80638229E+02 +/-   1.03934416E-03   5.40221846E-01
    16     4.6416E-04  -3.80630970E+02 +/-   1.03702655E-03   5.37815278E-01
    17     1.0000E-04  -3.80629366E+02 +/-   1.03651260E-03   5.37282325E-01
    18     2.1544E-05  -3.80629019E+02 +/-   1.03640118E-03   5.37166822E-01
    19     4.6416E-06  -3.80628944E+02 +/-   1.03637715E-03   5.37141906E-01
    20     1.0000E-06  -3.80628928E+02 +/-   1.03637197E-03   5.37136537E-01
    21     0.0000E+00  -3.80628923E+02 +/-   1.03637054E-03   5.37135062E-01
  ParMin   2.0309E+02  -3.83346713E+02 +/-   7.17573812E-05   2.57505520E-03
  # Using grid point #8
* Iteration # 1: E =  -3.833467226382E+02 +/-   7.179940935486E-05
* Reached maximum number of iterations: exiting.
* After optimization:
   2.3584E+00   2.4112E+00   2.4835E+00   8.1981E-01   8.2295E-01   9.7244E-01
  -6.2898E+00  -2.7618E+00  -2.7710E+00   3.0861E-01   1.9820E-01  -3.1670E+00
  -3.1671E+00  -3.1585E+00  -3.1592E+00  -3.0217E+00  -3.0232E+00   4.8584E-01
   4.8529E-01   4.1140E-02   3.3617E-02   3.3128E-02   1.0689E-01   1.0732E-01
   1.0634E-01   1.0743E-01  -1.8734E-01  -5.5668E-01  -4.0207E-01  -4.7284E-01
   3.3407E+01  -2.7094E+01   1.6687E+01  -1.3876E+01   1.2646E-01  -4.4256E-01
   1.6448E-01  -3.7170E-01   1.6711E+01  -1.3542E+01   1.6842E+01  -1.3690E+01
   1.6640E+01  -1.3638E+01  -9.9340E-02  -4.1596E-01   2.6472E-01  -3.0068E-01
   1.3046E-01  -1.6014E-01   8.7668E-02  -1.9177E-01   8.7190E-02  -1.9156E-01
   1.2170E+00   1.1945E+00   1.1482E+00  -5.3085E-02  -9.0590E-02  -6.3009E-02
  -5.0559E-02   1.2445E-02  -1.8963E-02   8.8615E-03   1.0632E-03   9.0137E-03
   7.8710E-03  -1.7399E-02  -1.4050E-02   3.2994E-03   2.9758E-03   8.1948E-03
   1.5406E-02   8.6710E-03  -2.2598E-02   1.2358E-02   3.9219E-02  -3.3892E-02
  -3.2888E-02  -4.6244E-02   3.1598E-02   2.3579E-02   1.7157E-02   7.0949E-02
   6.3971E-02   7.3399E-03   7.3874E-03  -7.7843E-03   7.2066E-02  -3.6491E-02
  -5.3753E-02  -4.3619E-02  -4.0947E-02   1.1167E-02   3.2510E-03   1.0427E-02
  -5.0390E-03   1.2210E-03   1.1696E-02  -6.3179E-03  -1.3752E-02  -6.9959E-03
  -7.0183E-03  -1.0122E-02   3.0290E-03  -2.0350E-02  -1.6504E-02   1.0446E-02
   2.0682E-02  -3.0036E-02  -1.5303E-02  -4.1194E-02   2.0232E-02   1.3900E-02
   1.9717E-02   7.1836E-02   5.4481E-02  -2.9513E-03  -2.9638E-03  -2.3896E-02
   5.3365E-02
  > Energy =  -3.833467226382E+02 +/-   7.179940935486E-05
  > varE =   2.578072486751E-03

VMC #10:
* Size of Hilbert space =   6.3504E+04
* Deterministic energy evaluation:
  > Deterministic Etot/t = -383.34658995093105
    - Ttot/t = -23.362580753239666
    - Utot/t = 9.5303364794788958
* Number of equil. steps   = 1000
* Running VMC equilibration.
  Done. [total walltime: 0.04s]
* Equil. acc.ratio (%)     =  19.9680
* Sample config after equilibration:
  +---------+
  |  u   d  |
  |d   u   2|
  |2   0   0|
  |  0   2  |
  +---------+
* Number of accum. steps   = 1000192 x 10
* Running VMC accumulation.
  Done. [total walltime: 29.6s]
* Acceptance ratio (%)     =  19.8760
* Etot/t                   =  -3.833465803629E+02 +/-   5.016021566153E-05
  > Ttot/t                 =  -2.336258305342E+01 +/-   3.747978357622E-04
  > Utot/t                 =   9.530348367806E+00 +/-   3.652860993692E-04
* var[Eloc/t]              =   2.545472300724E-03 +/-   6.752239259688E-06
* Correlation length       =   9.886300139917E-01
* log10 Psi^2 range: -16.215785433991627 -- -9.7477491385208985
* log10 Pgen range : -16.215785433991627 -- -9.7477491385208985
* Site occupation (ave. no. electrons per config.):
  > Site_  ___eu____  ___ed____
      1        0.495      0.495
      2        0.502      0.501
      3        0.500      0.501
      4        0.497      0.496
      5        0.500      0.500
      6        0.501      0.501
      7        0.501      0.502
      8        0.500      0.500
      9        0.502      0.501
     10        0.501      0.503
* Pair-correlation analysis (ave. no. pairs per config.):
  > Shell  nsite  ___dh____  __eueu___  __eued___
      0      1        0          0          1.754
      1      1        0.845      0.708      2.488
      2      1        0.287      0.657      1.104
      3      1        0.166      0.288      0.552
      4      1        0.556      1.358      2.148
      5      1        0.120      1.021      0.975
      6      1        0.152      0.849      1.097
      7      1        0.308      1.804      2.100
      8      1        0.251      2.089      1.909
      9      1        0.249      2.107      1.914
     10      1        0.227      2.159      1.893
     11      1        0.117      0.986      1.015
     12      1        0.236      2.049      1.969
     13      1        0.062      0.484      0.515
     14      1        0.186      1.451      1.544
     15      1        0.118      1.027      0.989
     16      1        0.129      0.963      1.032

Optimization #10:
* Method          : lls
* Target function : energy
* No. of configs. : 500096
* No. of params.  : 121
* Before optimization:
   2.3584E+00   2.4112E+00   2.4835E+00   8.1981E-01   8.2295E-01   9.7244E-01
  -6.2898E+00  -2.7618E+00  -2.7710E+00   3.0861E-01   1.9820E-01  -3.1670E+00
  -3.1671E+00  -3.1585E+00  -3.1592E+00  -3.0217E+00  -3.0232E+00   4.8584E-01
   4.8529E-01   4.1140E-02   3.3617E-02   3.3128E-02   1.0689E-01   1.0732E-01
   1.0634E-01   1.0743E-01  -1.8734E-01  -5.5668E-01  -4.0207E-01  -4.7284E-01
   3.3407E+01  -2.7094E+01   1.6687E+01  -1.3876E+01   1.2646E-01  -4.4256E-01
   1.6448E-01  -3.7170E-01   1.6711E+01  -1.3542E+01   1.6842E+01  -1.3690E+01
   1.6640E+01  -1.3638E+01  -9.9340E-02  -4.1596E-01   2.6472E-01  -3.0068E-01
   1.3046E-01  -1.6014E-01   8.7668E-02  -1.9177E-01   8.7190E-02  -1.9156E-01
   1.2170E+00   1.1945E+00   1.1482E+00  -5.3085E-02  -9.0590E-02  -6.3009E-02
  -5.0559E-02   1.2445E-02  -1.8963E-02   8.8615E-03   1.0632E-03   9.0137E-03
   7.8710E-03  -1.7399E-02  -1.4050E-02   3.2994E-03   2.9758E-03   8.1948E-03
   1.5406E-02   8.6710E-03  -2.2598E-02   1.2358E-02   3.9219E-02  -3.3892E-02
  -3.2888E-02  -4.6244E-02   3.1598E-02   2.3579E-02   1.7157E-02   7.0949E-02
   6.3971E-02   7.3399E-03   7.3874E-03  -7.7843E-03   7.2066E-02  -3.6491E-02
  -5.3753E-02  -4.3619E-02  -4.0947E-02   1.1167E-02   3.2510E-03   1.0427E-02
  -5.0390E-03   1.2210E-03   1.1696E-02  -6.3179E-03  -1.3752E-02  -6.9959E-03
  -7.0183E-03  -1.0122E-02   3.0290E-03  -2.0350E-02  -1.6504E-02   1.0446E-02
   2.0682E-02  -3.0036E-02  -1.5303E-02  -4.1194E-02   2.0232E-02   1.3900E-02
   1.9717E-02   7.1836E-02   5.4481E-02  -2.9513E-03  -2.9638E-03  -2.3896E-02
   5.3365E-02
  > E    =  -3.833466030230E+02 +/-   7.131617196390E-05
  > varE =   2.543486447445E-03
* Computing derivatives.
    [walltime: 1m elapsed, 23m43s remaining]
  Done. [total walltime: 24m47s]
* Optimizing manipulation constant:
  #igrid a___________ E____________________________________ varE____________
     1     Infinity    -3.83346603E+02 +/-   7.13161720E-05   2.54348645E-03
     2     1.0000E+06  -3.83346603E+02 +/-   7.13161132E-05   2.54348226E-03
     3     2.1544E+05  -3.83346603E+02 +/-   7.13158992E-05   2.54346699E-03
     4     4.6416E+04  -3.83346603E+02 +/-   7.13149077E-05   2.54339627E-03
     5     1.0000E+04  -3.83346603E+02 +/-   7.13103374E-05   2.54307028E-03
     6     2.1544E+03  -3.83346605E+02 +/-   7.12898142E-05   2.54160670E-03
     7     4.6416E+02  -3.83346612E+02 +/-   7.12093189E-05   2.53587034E-03
     8     1.0000E+02  -3.83346631E+02 +/-   7.11484063E-05   2.53153382E-03
     9     2.1544E+01  -3.83346264E+02 +/-   7.87420406E-05   3.10074971E-03
    10     4.6416E+00  -3.83222633E+02 +/-   4.53335517E-04   1.02776275E-01
    11     1.0000E+00  -3.83330611E+02 +/-   1.82688247E-04   1.66907017E-02
    12     2.1544E-01  -3.83289056E+02 +/-   3.22087032E-04   5.18799870E-02
    13     4.6416E-02  -3.83166845E+02 +/-   5.29808211E-04   1.40375317E-01
    14     1.0000E-02  -3.83065118E+02 +/-   6.32952734E-04   2.00353042E-01
    15     2.1544E-03  -3.83004912E+02 +/-   6.82507604E-04   2.32953033E-01
    16     4.6416E-04  -3.82984859E+02 +/-   6.98215877E-04   2.43799506E-01
    17     1.0000E-04  -3.82979994E+02 +/-   7.01990793E-04   2.46442845E-01
    18     2.1544E-05  -3.82978917E+02 +/-   7.02824820E-04   2.47028784E-01
    19     4.6416E-06  -3.82978683E+02 +/-   7.03005499E-04   2.47155810E-01
    20     1.0000E-06  -3.82978633E+02 +/-   7.03044471E-04   2.47183214E-01
    21     0.0000E+00  -3.82978619E+02 +/-   7.03055176E-04   2.47190742E-01
  ParMin   2.0033E+02  -3.83346621E+02 +/-   7.11281380E-05   2.53009169E-03
  # Using grid point #8
* Iteration # 1: E =  -3.833466312172E+02 +/-   7.114840627347E-05
* Reached maximum number of iterations: exiting.
* After optimization:
   2.2318E+00   2.2844E+00   2.3585E+00   8.3034E-01   8.3346E-01   9.7190E-01
  -6.2705E+00  -2.7423E+00  -2.7516E+00   3.2858E-01   2.1973E-01  -3.1566E+00
  -3.1568E+00  -3.1382E+00  -3.1389E+00  -3.0117E+00  -3.0132E+00   4.9636E-01
   4.9580E-01   6.1509E-02   4.3838E-02   4.3319E-02   1.1704E-01   1.1742E-01
   1.1649E-01   1.1753E-01  -2.3888E-01  -5.1788E-01  -4.0308E-01  -4.7299E-01
   3.3315E+01  -2.7022E+01   1.6591E+01  -1.3800E+01   2.7159E-02  -3.6305E-01
   6.4163E-02  -2.9288E-01   1.6665E+01  -1.3506E+01   1.6746E+01  -1.3614E+01
   1.6594E+01  -1.3602E+01  -1.4931E-01  -3.7585E-01   1.6495E-01  -2.2146E-01
   8.0502E-02  -1.2053E-01   3.7922E-02  -1.5220E-01   3.7392E-02  -1.5198E-01
   1.2546E+00   1.2308E+00   1.1821E+00  -5.6589E-02  -9.6189E-02  -6.6537E-02
  -5.3896E-02   1.3620E-02  -2.0390E-02   8.7909E-03   1.5115E-03   1.0063E-02
   8.7368E-03  -1.8456E-02  -1.4772E-02   3.9158E-03   3.5870E-03   8.4596E-03
   1.6345E-02   9.4625E-03  -2.3717E-02   1.0882E-02   3.9076E-02  -3.3251E-02
  -3.4263E-02  -4.6986E-02   3.2991E-02   2.4377E-02   1.7528E-02   7.1683E-02
   6.4614E-02   8.0824E-03   8.1191E-03  -7.6162E-03   7.3774E-02  -3.7716E-02
  -5.5509E-02  -4.5085E-02  -4.2482E-02   1.1817E-02   2.9142E-03   1.0276E-02
  -4.9266E-03   1.7053E-03   1.2319E-02  -6.4949E-03  -1.3938E-02  -6.8125E-03
  -6.8338E-03  -1.0627E-02   3.1584E-03  -2.0466E-02  -1.6866E-02   8.4198E-03
   1.9088E-02  -2.8650E-02  -1.5423E-02  -4.0609E-02   2.0354E-02   1.3785E-02
   1.9678E-02   7.0921E-02   5.3431E-02  -2.7701E-03  -2.7866E-03  -2.4057E-02
   5.2690E-02
  > Energy =  -3.833466312172E+02 +/-   7.114840627347E-05
  > varE =   2.531533818816E-03

VMC #11:
* Size of Hilbert space =   6.3504E+04
* Deterministic energy evaluation:
  > Deterministic Etot/t = -383.34661817926525
    - Ttot/t = -23.362199629908567
    - Utot/t = 9.5299271278136519
* Number of equil. steps   = 1000
* Running VMC equilibration.
  Done. [total walltime: 0.04s]
* Equil. acc.ratio (%)     =  19.0527
* Sample config after equilibration:
  +---------+
  |  d   u  |
  |u   u   d|
  |0   d   2|
  |  2   0  |
  +---------+
* Number of accum. steps   = 1000192 x 10
* Running VMC accumulation.
  Done. [total walltime: 29.9s]
* Acceptance ratio (%)     =  19.0968
* Etot/t                   =  -3.833465631242E+02 +/-   5.036863620659E-05
  > Ttot/t                 =  -2.336183111282E+01 +/-   3.719768935101E-04
  > Utot/t                 =   9.529613665626E+00 +/-   3.620146955769E-04
* var[Eloc/t]              =   2.531152928798E-03 +/-   7.899002493479E-06
* Correlation length       =   1.002502293855E+00
* log10 Psi^2 range: -17.360233859808730 -- -9.7530827957333432
* log10 Pgen range : -17.360233859808730 -- -9.7530827957333432
* Site occupation (ave. no. electrons per config.):
  > Site_  ___eu____  ___ed____
      1        0.496      0.496
      2        0.501      0.501
      3        0.501      0.500
      4        0.495      0.496
      5        0.501      0.500
      6        0.501      0.500
      7        0.502      0.502
      8        0.502      0.501
      9        0.502      0.502
     10        0.500      0.502
* Pair-correlation analysis (ave. no. pairs per config.):
  > Shell  nsite  ___dh____  __eueu___  __eued___
      0      1        0          0          1.750
      1      1        0.842      0.708      2.491
      2      1        0.287      0.654      1.104
      3      1        0.166      0.288      0.552
      4      1        0.554      1.357      2.153
      5      1        0.120      1.024      0.976
      6      1        0.152      0.849      1.099
      7      1        0.305      1.801      2.101
      8      1        0.251      2.091      1.906
      9      1        0.248      2.108      1.908
     10      1        0.225      2.162      1.894
     11      1        0.116      0.989      1.018
     12      1        0.234      2.050      1.969
     13      1        0.062      0.484      0.515
     14      1        0.186      1.448      1.547
     15      1        0.117      1.027      0.987
     16      1        0.129      0.961      1.030

VDAGGER finished.
Total VDAGGER walltime: 5h4m

Run ended: Tue Sep 30 19:46:42 CEST 2025
