Run started: Thu Sep  4 09:17:33 CEST 2025
Using VDAGGER_ARCH = gnu7_fkfamd_cluster
Running 8x128 MPI processes.

                               xx
                              +##
                               #X
                               Xx
                          X##XxXxxX##x
                           +   Xx  ++
                               ##
                              +##
                              +##
     ++++         ++          +##
   xX+++##+      ####         +##
  Xx    ###      +X##          ##
 xX    X##+        ##          #X
 +    x##X         #x          #X
      ###         +#           x+
     X##+         #+
     ###         Xx                    _______
     ##X       +X+   __________________VDAGGER
     +##x    +xX     2nd quantized variational
       +xxxxx+       ______quantum Monte Carlo

* Running 1024 MPI processes.
* Input file: "input.casl"

############# Start of input file dump #############
General:
  Random seed: timer

Plan:
  VMC-optimization:
    Minimum cycles: 5
    Convergence cycles: 3

System:
  Read Hamiltonian: FCIDUMP_loc
  Read orbitals: LTSC.mat
  Complex orbitals: F
  Geometry:
    r_14: [ 2.30715201389900, -1.36612962809100 ]
    r_19: [ -2.30715201389900, -1.36612962809100 ]
    r_9: [ 2.30715201389900, 1.36612962809100 ]
    r_1: [ -2.30715201389900, 1.36612962809100 ]
    r_11: [ 0.00000000000000, -2.64819012780300 ]
    r_5: [ 0.00000000000000, 2.64819012780300 ]
    r_21: [ 6.92052984475300, 1.36731216695600 ]
    r_20: [ -6.92052984475300, 1.36731216695600 ]
    r_22: [ 6.92052984475300, -1.36731216695600 ]
    r_2: [ -6.92052984475300, -1.36731216695600 ]
    r_17: [ 4.65052830966800, 2.64933873056800 ]
    r_18: [ -4.65052830966800, 2.64933873056800 ]
    r_12: [ 4.65052830966800, -2.64933873056800 ]
    r_6: [ -4.65052830966800, -2.64933873056800 ]
    r_7: [ 11.51783390367000, 1.35551508476500 ]
    r_16: [ -11.51783390367000, 1.35551508476500 ]
    r_4: [ 11.51783390367000, -1.35551508476500 ]
    r_3: [ -11.51783390367000, -1.35551508476500 ]
    r_15: [ 9.31130451375400, 2.65735609478700 ]
    r_8: [ -9.31130451375400, 2.65735609478700 ]
    r_13: [ 9.31130451375400, -2.65735609478700 ]
    r_10: [ -9.31130451375400, -2.65735609478700 ]
    Tolerance: 0.05

VMC:
  nstep: 500000
  nconfig: 100000

Optimization:
  max_niter: 3

Jastrow: wfn.casl

Backflow: wfn.casl
############## End of input file dump ##############

General setup:
* Random seed: 2109623902 (from timer)

* Loaded integrals for system with nelec=22, ms2=0, norb=22
* INFO: setting number of electrons from integrals file.
* Analysis of Hamiltonian connecitivity performed:
  - T_ii (local, 1-site): 22 (i) values
  - U_iiii [opp] (local, 1-site): 22 (i) values
  - U_kkii [opp] (local, 2-site): 462 contribs. from 22 (i) values
  - U_kkii [par] (local, 2-site): 231 contribs. from 21 (i) values
  - T_ji (single, 2-site): 462 contribs. from 22 (i) values
  - U_kkji [opp] (single, 2/3-site): 10164 contribs. from 462 (i,j) pairs
  - U_kkji [par] (single, 3-site): 9702 contribs. from 462 (i,j) pairs
  - U_lkji [opp] (double, 2/3/4-site): 212836 contribs. from 462 (i,j) pairs
  - U_lkji [par] (double, 4-site): 50050 contribs. from 420 (i,j) pairs
  - Max. no. wfn. ratios in Eloc: 18543
* Reading override orbitals from file "LTSC.mat".
* Site labels:
  +--------------------------------+
  |    8    18     5    17    15   |
  |16    20     1     9    21     7|
  | 3     2    19    14    22     4|
  |   10     6    11    12    13   |
  +--------------------------------+
* Automatically set Site kinds:
  [ 1, 2, 3, 3, 4, 5, 3, 6, 1, 6, 4, 5, 6, 1, 6, 3, 5, 5, 1, 2, 2, 2 ]
  +---------------------+
  |  6   5   4   5   6  |
  |3   2   1   1   2   3|
  |3   2   1   1   2   3|
  |  6   5   4   5   6  |
  +---------------------+
* Maximum Site kind: 6
* Number of site-pair kinds with Tij=0: 0
* Automatically set Site pair kinds:
  Site 1: [ 0, -15, -34, -48, -6, -18, -55, -65, 21, 30, -19, -28, 45, -17, -42, -36, 38, 7, 2, -22, -32, 31 ]
  Site 2: [ -15, 0, -20, -57, 25, 5, -52, -16, 31, -8, 37, -39, 56, -32, -50, -14, 40, -23, -22, 3, -41, 47 ]
  Site 3: [ -34, -20, 0, -62, 43, 67, -64, 27, 48, 1, 44, -59, 63, -55, -60, 4, 51, 29, -36, -14, -52, 57 ]
  Site 4: [ -48, -57, -62, 0, -43, 59, 4, 60, 34, 63, -44, -66, 1, -36, -27, -64, -29, -51, -55, -52, -14, 20 ]
  Site 5: [ -6, 25, 43, -43, 0, -26, -44, 46, -6, -33, 9, -26, 33, 19, 46, 44, -12, -12, -19, 37, -37, 25 ]
  Site 6: [ -18, 5, 67, 59, -26, 0, 51, 24, -28, -13, 12, -49, -53, 38, 54, -29, -35, -10, -7, 23, 40, -39 ]
  Site 7: [ -55, -52, -64, 4, -44, 51, 0, 63, 36, 60, -43, 29, 27, -34, -1, -62, 66, -59, -48, -57, -20, 14 ]
  Site 8: [ -65, -16, 27, 60, 46, 24, 63, 0, -42, 11, -33, 54, -58, 45, 61, 1, -53, 13, 30, -8, 56, -50 ]
  Site 9: [ 21, 31, 48, 34, -6, -28, 36, -42, 0, -45, -19, -18, -30, -2, -65, 55, 7, 38, 17, 32, 22, -15 ]
  Site 10: [ 30, -8, 1, 63, -33, -13, 60, 11, -45, 0, 46, 53, -61, 42, 58, 27, -54, -24, -65, -16, 50, -56 ]
  Site 11: [ -19, 37, 44, -44, 9, 12, -43, -33, -19, 46, 0, 12, -46, 6, -33, 43, 26, 26, -6, 25, -25, 37 ]
  Site 12: [ -28, -39, -59, -66, -26, -49, 29, 54, -18, 53, 12, 0, 13, 7, 24, -51, -10, -35, -38, -40, -23, 5 ]
  Site 13: [ 45, 56, 63, 1, 33, -53, 27, -58, -30, -61, -46, 13, 0, -65, -11, 60, 24, 54, 42, 50, -16, 8 ]
  Site 14: [ -17, -32, -55, -36, 19, 38, -34, 45, -2, 42, 6, 7, -65, 0, -30, -48, -18, -28, -21, -31, -15, 22 ]
  Site 15: [ -42, -50, -60, -27, 46, 54, -1, 61, -65, 58, -33, 24, -11, -30, 0, -63, 13, -53, -45, -56, 8, -16 ]
  Site 16: [ -36, -14, 4, -64, 44, -29, -62, 1, 55, 27, 43, -51, 60, -48, -63, 0, 59, -68, -34, -20, -57, 52 ]
  Site 17: [ 38, 40, 51, -29, -12, -35, 66, -53, 7, -54, 26, -10, 24, -18, 13, 59, 0, -49, 28, 39, 5, -23 ]
  Site 18: [ 7, -23, 29, -51, -12, -10, -59, 13, 38, -24, 26, -35, 54, -28, -53, -68, -49, 0, 18, -5, -39, 40 ]
  Site 19: [ 2, -22, -36, -55, -19, -7, -48, 30, 17, -65, -6, -38, 42, -21, -45, -34, 28, 18, 0, -15, -31, 32 ]
  Site 20: [ -22, 3, -14, -52, 37, 23, -57, -8, 32, -16, 25, -40, 50, -31, -56, -20, 39, -5, -15, 0, -47, 41 ]
  Site 21: [ -32, -41, -52, -14, -37, 40, -20, 56, 22, 50, -25, -23, -16, -15, 8, -57, 5, -39, -31, -47, 0, -3 ]
  Site 22: [ 31, 47, 57, 20, 25, -39, 14, -50, -15, -56, 37, 5, 8, 22, -16, 52, -23, 40, 32, 41, -3, 0 ]
  For site 1 of kind 1:
  +-------------------------------------------+
  |    -65       7      -6      38     -42    |
  |-36     -22       0      21     -32     -55|
  |-34     -15       2     -17      31     -48|
  |     30     -18     -19     -28      45    |
  +-------------------------------------------+
  For site 2 of kind 2:
  +-------------------------------------------+
  |    -16     -23      25      40     -50    |
  |-14       3     -15      31     -41     -52|
  |-20       0     -22     -32      47     -57|
  |     -8       5      37     -39      56    |
  +-------------------------------------------+
  For site 3 of kind 3:
  +-------------------------------------------+
  |     27      29      43      51     -60    |
  |  4     -14     -34      48     -52     -64|
  |  0     -20     -36     -55      57     -62|
  |      1      67      44     -59      63    |
  +-------------------------------------------+
  For site 5 of kind 4:
  +-------------------------------------------+
  |     46     -12       0     -12      46    |
  | 44      37      -6      -6     -37     -44|
  | 43      25     -19      19      25     -43|
  |    -33     -26       9     -26      33    |
  +-------------------------------------------+
  For site 6 of kind 5:
  +-------------------------------------------+
  |     24     -10     -26     -35      54    |
  |-29      23     -18     -28      40      51|
  | 67       5      -7      38     -39      59|
  |    -13       0      12     -49     -53    |
  +-------------------------------------------+
  For site 8 of kind 6:
  +-------------------------------------------+
  |      0      13      46     -53      61    |
  |  1      -8     -65     -42      56      63|
  | 27     -16      30      45     -50      60|
  |     11      24     -33      54     -58    |
  +-------------------------------------------+
* Maximum (unsigned) Site pair kind: 68
General system setup:
* Number of sites       : 22
* Number of electrons   : 22
* Spin imbalance MS2    : 0
* Filling               : 0.500000
* Number of orbitals in pool: 22
* Using real-valued orbitals
* Using double-precision arithmetic for orbitals

Trial wave function setup:
* Jastrow parameter file: "wfn.casl"
* Not using multideterminants
* Backflow parameter file: "wfn.casl"
* Not using wave function manipulation

VMC #1:
* Size of Hilbert space =   4.9763E+11
* Number of equil. steps   = 1000
* Running VMC equilibration.
  Done. [total walltime: 0.23s]
* Equil. acc.ratio (%)     =  13.1727
* Sample config after equilibration:
  +---------------------+
  |  u   d   u   u   2  |
  |d   d   u   d   0   d|
  |0   u   d   u   d   u|
  |  2   u   d   u   d  |
  +---------------------+
* Number of accum. steps   = 501760 x 10
* Running VMC accumulation.
    [walltime: 1m elapsed, 55.7s remaining]
  Done. [total walltime: 1m56s]
* Acceptance ratio (%)     =  13.1373
* Etot/t                   =  -8.412678672947E+02 +/-   1.033302619817E-04
  > Ttot/t                 =  -7.559454634360E+01 +/-   9.203220022751E-04
  > Utot/t                 =   3.302782093544E+01 +/-   9.090624861772E-04
* var[Eloc/t]              =   5.439967845216E-03 +/-   4.228763165070E-05
* Correlation length       =   9.848152497945E-01
* log10 Psi^2 range: -22.835881098849466 -- -11.787491255464190
* log10 Pgen range : -22.835881098849466 -- -11.787491255464190
* Site occupation (ave. no. electrons per config.):
  > Site_  ___eu____  ___ed____
      1        0.499      0.497
      2        0.499      0.496
      3        0.502      0.500
      4        0.501      0.501
      5        0.502      0.504
      6        0.502      0.504
      7        0.502      0.501
      8        0.499      0.498
      9        0.498      0.496
     10        0.497      0.502
     11        0.506      0.503
     12        0.504      0.503
     13        0.500      0.501
     14        0.496      0.498
     15        0.497      0.499
     16        0.502      0.503
     17        0.504      0.505
     18        0.502      0.503
     19        0.496      0.497
     20        0.498      0.496
     21        0.500      0.494
     22        0.494      0.498
* Pair-correlation analysis (ave. no. pairs per config.):
  > Shell  nsite  ___dh____  __eueu___  __eued___
      0      1        0          0          3.814
      1      0        0.906      0.510      2.604
      2      0        0.279      0.696      1.065
      3      0        0.259      0.721      1.058
      4      0        0.231      0.754      1.073
      5      0        0.746      0.883      2.414
      6      0        0.645      1.136      2.293
      7      0        0.550      1.353      2.187
      8      0        0.448      1.543      2.094
      9      0        0.071      0.410      0.581
     10      0        0.141      0.833      1.144
     11      0        0.138      0.848      1.094
     12      0        0.229      2.114      1.927
     13      0        0.225      2.087      1.919
     14      0        0.265      1.898      2.058
     15      0        0.302      1.862      2.055
     16      0        0.236      2.048      1.935
     17      0        0.155      0.929      1.029
     18      0        0.246      2.100      1.919
     19      0        0.249      2.123      1.901
     20      0        0.237      2.102      1.914
     21      0        0.140      1.039      0.951
     22      0        0.271      2.077      1.904
     23      0        0.242      2.132      1.885
     24      0        0.218      1.960      2.059
     25      0        0.250      2.052      1.949
     26      0        0.222      1.961      2.097
     27      0        0.208      2.150      1.886
     28      0        0.255      2.043      1.958
     29      0        0.222      2.074      1.961
     30      0        0.249      2.012      1.959
     31      0        0.286      1.924      2.020
     32      0        0.283      2.008      1.941
     33      0        0.219      1.994      2.029
     34      0        0.257      1.949      2.032
     35      0        0.111      1.003      1.021
     36      0        0.259      2.017      1.961
     37      0        0.256      1.896      2.095
     38      0        0.253      1.939      2.065
     39      0        0.249      1.980      2.012
     40      0        0.249      2.009      1.983
     41      0        0.137      0.981      0.993
     42      0        0.253      1.974      1.988
     43      0        0.226      2.040      1.994
     44      0        0.225      1.988      2.049
     45      0        0.254      1.986      1.976
     46      0        0.219      2.030      1.994
     47      0        0.139      0.990      0.980
     48      0        0.254      1.982      2.006
     49      0        0.110      1.022      1.004
     50      0        0.244      1.983      1.980
     51      0        0.221      2.019      2.018
     52      0        0.245      1.990      1.996
     53      0        0.216      2.012      2.009
     54      0        0.215      2.014      2.008
     55      0        0.256      2.001      1.981
     56      0        0.241      1.980      1.988
     57      0        0.246      1.997      1.988
     58      0        0.106      0.996      0.998
     59      0        0.221      2.016      2.023
     60      0        0.218      2.004      2.000
     61      0        0.107      0.996      0.997
     62      0        0.111      1.005      1.006
     63      0        0.216      2.004      2.003
     64      0        0.110      1.006      1.008
     65      0        0.248      1.959      2.015
     66      0        0.120      0.928      1.076
     67      0        0.061      0.461      0.537
     68      0        0.060      0.464      0.538

Optimization #1:
* Method          : lls
* Target function : energy
* No. of configs. : 100352
* No. of params.  : 362
* Before optimization:
  -2.3085E+00  -2.7609E+00  -2.6768E+00  -2.4163E+00  -2.5778E+00  -2.9112E+00
   5.5471E-01   5.3247E-01   2.7254E-01   3.1123E-01   8.6316E-01   4.1847E-01
   3.8597E-01   4.8717E-01   4.8771E-01   4.8155E-01   5.0772E-01   4.2292E-01
   4.2345E-01   3.2817E-02  -5.4274E-03   4.0891E-01   2.5490E-01   2.5352E-01
   1.5739E-01   1.6492E-01   1.8939E-01   1.9822E-01   3.4200E-02   3.5518E-02
   1.8229E-01   1.8721E-01   3.0505E-02   1.0109E-01   9.4676E-02   9.4826E-02
   8.8512E-02   2.1249E-01   2.1734E-01   1.8824E-01   1.8189E-01   1.8718E-01
   8.7814E-02   6.8085E-02  -3.3864E-02  -2.7488E-02  -6.1623E-02  -6.2979E-02
  -2.0654E-02  -2.0191E-02   4.9348E-01   4.8837E-01  -5.0843E-02  -5.2840E-02
  -1.9668E-02  -2.5763E-02  -4.9657E-02  -4.7633E-02  -8.4466E-02  -8.4400E-02
  -7.1898E-02  -7.2106E-02  -2.4032E-02  -2.2982E-02  -3.6503E-02  -3.4742E-02
  -2.8772E-03  -6.8989E-03  -6.9385E-03   7.6388E-03   7.4100E-03   8.5589E-03
   8.3333E-03  -1.2294E-03  -1.3420E-03  -2.1233E-03  -2.1805E-03  -1.4967E-03
  -1.9345E-04  -2.9345E-04  -3.3416E-03  -3.4174E-03  -2.6436E-03  -2.6291E-03
  -9.3649E-04  -1.0632E-03  -1.9643E-01  -5.3431E-01  -9.4043E-02  -1.9662E-01
  -1.1791E-01  -2.0394E-01  -4.5729E-01  -4.3268E-01  -2.4968E-01  -2.9204E-01
  -2.6756E-01  -2.9562E-01  -2.7267E-01  -2.6967E-01  -2.0248E-01  -2.4819E-01
   1.4549E-02  -5.8171E-02   1.9956E-02  -1.7698E-02  -2.2717E-01  -2.0635E-01
  -1.2380E-01  -1.2962E-01  -7.5440E-02  -8.4173E-02  -9.6650E-02  -1.0522E-01
  -3.0584E-04  -3.9205E-02  -8.0963E-02  -9.6468E-02   7.0746E-03  -4.3994E-02
  -2.4684E-02  -6.5485E-02  -5.7818E-03  -7.6224E-02  -5.7105E-02  -1.3817E-01
  -6.4347E-02  -9.6569E-02  -6.4393E-02  -8.7996E-02  -3.2997E-03  -6.2318E-02
   1.0504E-02   1.2649E-02   4.5241E-02   2.0005E-02   1.1905E-02  -7.1805E-04
  -2.1483E-01  -2.4707E-01   3.4137E-02   1.7878E-02   1.3626E-02   1.1092E-02
   2.5755E-02   2.3031E-02   4.7990E-02   3.8279E-02   3.7773E-02   3.4935E-02
   9.4750E-03   1.1434E-02   1.7444E-02   2.0890E-02  -4.2340E-03  -6.1160E-04
   3.3570E-03   3.6406E-03  -3.9749E-03  -4.3698E-03  -4.4554E-03  -4.5748E-03
   5.0341E-04   6.0774E-04   1.1229E-03   9.6732E-04   9.9201E-04   9.7113E-04
   1.8635E-04   1.3621E-04   1.6349E-03   1.6317E-03   1.1512E-03   1.3835E-03
   5.8028E-04   4.9376E-04   8.1646E-01   1.0083E+00   7.8913E-01   8.7673E-01
   1.0073E+00   9.6736E-01  -4.2491E-01  -2.5926E-01  -2.2822E-01  -3.5580E-01
  -2.7182E-01  -1.9920E-01  -2.1997E-01  -3.1385E-01  -4.4965E-02   2.3417E-02
  -2.1976E-01   1.7443E-02   5.1403E-04  -1.1675E-01  -2.6261E-02  -1.7672E-02
  -3.4764E-02  -1.9166E-02   4.5559E-03  -9.8722E-02   2.1745E-02   3.6802E-02
  -3.8149E-02  -3.0865E-02   7.2717E-03   4.9981E-03  -9.2868E-02   1.2444E-02
   1.2889E-02   4.6567E-03   2.3817E-02   3.0287E-03  -1.9261E-02   1.1897E-02
  -1.5704E-02   1.7782E-03  -2.7691E-05   1.7732E-03  -1.0168E-05   4.9373E-04
   7.7383E-04   1.6382E-04   4.7934E-04  -2.4538E-04   2.0966E-05  -4.0329E-01
  -1.6278E-01  -2.1791E-01  -3.2989E-01  -7.3598E-02  -5.0747E-02  -6.0690E-02
  -2.4480E-01  -3.2886E-02  -4.8540E-02  -1.6433E-01   5.7398E-02   4.6363E-02
  -8.8563E-02  -1.0049E-02   1.0907E-02   2.0549E-03   5.4757E-03   1.5133E-02
  -3.3481E-02  -1.9732E-02  -1.5128E-02   7.6206E-02  -4.4284E-03  -2.4956E-02
  -2.7255E-03  -5.9089E-02  -1.2390E-02  -2.6007E-02  -4.0498E-03   6.7029E-03
   7.4715E-03  -2.5846E-03   6.1173E-03  -1.7201E-03   1.4442E-03   6.4146E-04
  -1.7163E-04  -2.8599E-04  -8.2547E-05  -4.7302E-05  -3.8498E-05  -3.6199E-04
   7.5810E-04   6.4355E-04  -3.5603E-01  -2.1503E-01  -1.7409E-01  -3.3079E-01
  -1.2651E-01  -1.0796E-01  -1.3327E-01  -2.4017E-01  -5.2168E-03   4.1525E-02
  -1.5501E-01  -3.0278E-02  -3.7242E-02  -9.8340E-02  -1.0822E-03  -1.4135E-02
  -1.3182E-02  -1.9171E-02   3.3078E-03  -1.1454E-01   6.2840E-02   7.9991E-02
  -7.6744E-02  -4.7302E-03   2.4156E-02   1.5644E-02  -9.0517E-02   2.3659E-02
   3.4146E-02   1.1633E-02   1.5093E-02  -3.2453E-03  -1.0250E-02   8.4481E-03
  -6.8557E-03   1.2213E-03  -4.2956E-04   9.9982E-04  -3.3263E-04   5.9332E-04
   4.5603E-04   9.8385E-05   1.0159E-03  -1.2790E-04  -2.4187E-04  -5.4932E-01
  -1.4894E-01  -2.1192E-01  -4.0982E-01  -8.4189E-02  -4.5199E-02  -4.5970E-02
  -2.3376E-01  -1.2877E-03  -3.1176E-02  -1.0478E-01   1.4880E-02   7.6997E-03
  -5.8812E-02   1.1881E-02   7.2608E-03   2.4677E-02   3.6296E-03   1.0862E-02
  -4.5739E-02   1.6185E-02   2.5941E-02   3.3183E-02   1.6639E-02  -1.0678E-02
   7.8665E-03  -5.4018E-02  -4.4743E-03  -7.4722E-03   2.8622E-04   6.7643E-04
   5.8398E-04   3.9537E-03   6.0765E-03   9.3350E-03   9.2503E-04   4.7498E-04
  -1.0518E-03  -4.4806E-04  -3.2583E-05  -4.4570E-04  -3.8998E-05  -7.3556E-05
   1.1554E-03   6.4640E-04
  > E    =  -8.412678075329E+02 +/-   2.321920991202E-04
  > varE =   5.410294525539E-03
* Computing derivatives.
    [walltime: 2m44s elapsed, 2h12m remaining]
    [walltime: 1h1m elapsed, 1h12m remaining]
  Done. [total walltime: 2h14m]
* Optimizing manipulation constant:
  #igrid a___________ E____________________________________ varE____________
     1     Infinity    -8.41267808E+02 +/-   2.32192099E-04   5.41029453E-03
     2     1.0000E+06  -8.41267808E+02 +/-   2.32192045E-04   5.41029199E-03
     3     2.1544E+05  -8.41267808E+02 +/-   2.32191847E-04   5.41028277E-03
     4     4.6416E+04  -8.41267808E+02 +/-   2.32190932E-04   5.41024013E-03
     5     1.0000E+04  -8.41267808E+02 +/-   2.32186755E-04   5.41004547E-03
     6     2.1544E+03  -8.41267809E+02 +/-   2.32168870E-04   5.40921205E-03
     7     4.6416E+02  -8.41267811E+02 +/-   2.32118210E-04   5.40685170E-03
     8     1.0000E+02  -8.41267776E+02 +/-   2.32664764E-04   5.43234400E-03
     9     2.1544E+01  -8.41264555E+02 +/-   2.84260367E-04   8.10883864E-03
    10     4.6416E+00  -8.40871427E+02 +/-   1.77407594E-03   3.15842411E-01
    11     1.0000E+00  -8.38634286E+02 +/-   3.49000184E-03   1.22229869E+00
    12     2.1544E-01  -8.38548195E+02 +/-   3.51046665E-03   1.23667544E+00
    13     4.6416E-02  -8.38548192E+02 +/-   3.51182909E-03   1.23763555E+00
    14     1.0000E-02  -8.38548198E+02 +/-   3.51243324E-03   1.23806142E+00
    15     2.1544E-03  -8.38548199E+02 +/-   3.51259249E-03   1.23817368E+00
    16     4.6416E-04  -8.38548200E+02 +/-   3.51262842E-03   1.23819901E+00
    17     1.0000E-04  -8.38548200E+02 +/-   3.51263624E-03   1.23820453E+00
    18     2.1544E-05  -8.38548200E+02 +/-   3.51263793E-03   1.23820572E+00
    19     4.6416E-06  -8.38548200E+02 +/-   3.51263829E-03   1.23820597E+00
    20     1.0000E-06  -8.38548200E+02 +/-   3.51263837E-03   1.23820603E+00
    21     0.0000E+00  -8.38548200E+02 +/-   3.51263839E-03   1.23820604E+00
  ParMin   9.1071E+02  -8.41267810E+02 +/-   2.32143626E-04   5.40803584E-03
  # Using grid point #7
* Iteration # 1: E =  -8.412678108751E+02 +/-   2.321182099370E-04
* Convergence: exiting.
* After optimization:
  -2.3303E+00  -2.7827E+00  -2.6982E+00  -2.4380E+00  -2.5995E+00  -2.9327E+00
   5.5493E-01   5.3286E-01   2.7269E-01   3.1134E-01   8.6324E-01   4.1872E-01
   3.8621E-01   4.8752E-01   4.8804E-01   4.8160E-01   5.0779E-01   4.2301E-01
   4.2352E-01   3.3005E-02  -5.3050E-03   4.0892E-01   2.5510E-01   2.5372E-01
   1.5748E-01   1.6501E-01   1.8942E-01   1.9823E-01   3.4287E-02   3.5608E-02
   1.8236E-01   1.8726E-01   3.0780E-02   1.0119E-01   9.4778E-02   9.5046E-02
   8.8735E-02   2.1256E-01   2.1738E-01   1.8859E-01   1.8201E-01   1.8731E-01
   8.7939E-02   6.8216E-02  -3.3802E-02  -2.7432E-02  -6.1502E-02  -6.2857E-02
  -2.0523E-02  -2.0061E-02   4.9354E-01   4.8844E-01  -5.0691E-02  -5.2694E-02
  -1.9675E-02  -2.5758E-02  -4.9699E-02  -4.7680E-02  -8.4355E-02  -8.4289E-02
  -7.1739E-02  -7.1943E-02  -2.4079E-02  -2.3026E-02  -3.6654E-02  -3.4896E-02
  -2.9164E-03  -7.0872E-03  -7.1286E-03   7.8509E-03   7.6144E-03   8.7837E-03
   8.5556E-03  -1.2628E-03  -1.3814E-03  -2.1818E-03  -2.2440E-03  -1.5395E-03
  -1.9993E-04  -3.0310E-04  -3.4346E-03  -3.5140E-03  -2.7176E-03  -2.7036E-03
  -9.6443E-04  -1.0898E-03  -1.9686E-01  -5.3440E-01  -9.4101E-02  -1.9669E-01
  -1.1796E-01  -2.0398E-01  -4.5747E-01  -4.3273E-01  -2.4979E-01  -2.9216E-01
  -2.6773E-01  -2.9583E-01  -2.7271E-01  -2.6972E-01  -2.0255E-01  -2.4824E-01
   1.4469E-02  -5.8265E-02   1.9906E-02  -1.7759E-02  -2.2720E-01  -2.0631E-01
  -1.2389E-01  -1.2972E-01  -7.5475E-02  -8.4221E-02  -9.6677E-02  -1.0523E-01
  -3.5188E-04  -3.9255E-02  -8.0998E-02  -9.6484E-02   6.9434E-03  -4.4130E-02
  -2.4725E-02  -6.5539E-02  -5.8932E-03  -7.6341E-02  -5.7154E-02  -1.3816E-01
  -6.4532E-02  -9.6760E-02  -6.4452E-02  -8.8059E-02  -3.3561E-03  -6.2386E-02
   1.0475E-02   1.2619E-02   4.5190E-02   1.9943E-02   1.1848E-02  -7.8803E-04
  -2.1491E-01  -2.4701E-01   3.4070E-02   1.7805E-02   1.3626E-02   1.1095E-02
   2.5783E-02   2.3059E-02   4.7937E-02   3.8218E-02   3.7701E-02   3.4859E-02
   9.5035E-03   1.1457E-02   1.7514E-02   2.0958E-02  -4.2111E-03  -5.9229E-04
   3.4496E-03   3.7396E-03  -4.0824E-03  -4.4903E-03  -4.5748E-03  -4.6989E-03
   5.1762E-04   6.2541E-04   1.1564E-03   9.9646E-04   1.0198E-03   9.9592E-04
   1.9150E-04   1.4110E-04   1.6825E-03   1.6762E-03   1.1845E-03   1.4219E-03
   5.9556E-04   5.0698E-04   8.2470E-01   1.0187E+00   7.9742E-01   8.8547E-01
   1.0176E+00   9.7737E-01  -4.2908E-01  -2.6181E-01  -2.3041E-01  -3.5936E-01
  -2.7440E-01  -2.0103E-01  -2.2215E-01  -3.1696E-01  -4.5353E-02   2.3654E-02
  -2.2195E-01   1.7554E-02   5.0713E-04  -1.1793E-01  -2.6503E-02  -1.7828E-02
  -3.5035E-02  -1.9385E-02   4.5339E-03  -9.9559E-02   2.1848E-02   3.7188E-02
  -3.8517E-02  -3.1187E-02   7.3595E-03   5.0497E-03  -9.3582E-02   1.2551E-02
   1.2981E-02   4.6938E-03   2.4056E-02   3.0676E-03  -1.9443E-02   1.2024E-02
  -1.5832E-02   1.8432E-03  -1.8166E-05   1.8442E-03  -1.5263E-05   5.2543E-04
   7.9742E-04   1.6832E-04   5.0112E-04  -2.4600E-04   2.6486E-05  -4.0705E-01
  -1.6451E-01  -2.2013E-01  -3.3305E-01  -7.4290E-02  -5.1330E-02  -6.1315E-02
  -2.4723E-01  -3.3192E-02  -4.9050E-02  -1.6592E-01   5.7995E-02   4.6857E-02
  -8.9430E-02  -1.0115E-02   1.1055E-02   2.0661E-03   5.5379E-03   1.5320E-02
  -3.3733E-02  -1.9872E-02  -1.5260E-02   7.7033E-02  -4.4597E-03  -2.5227E-02
  -2.7569E-03  -5.9507E-02  -1.2512E-02  -2.6296E-02  -4.0865E-03   6.7624E-03
   7.5548E-03  -2.5960E-03   6.2148E-03  -1.7402E-03   1.4925E-03   6.7333E-04
  -1.6850E-04  -3.0042E-04  -8.7459E-05  -6.2390E-05  -3.6045E-05  -3.7426E-04
   7.9264E-04   6.6552E-04  -3.5567E-01  -2.1499E-01  -1.7394E-01  -3.3054E-01
  -1.2634E-01  -1.0785E-01  -1.3322E-01  -2.4000E-01  -5.1502E-03   4.1467E-02
  -1.5488E-01  -3.0384E-02  -3.7251E-02  -9.8270E-02  -1.1081E-03  -1.4064E-02
  -1.3087E-02  -1.9226E-02   3.2247E-03  -1.1430E-01   6.2674E-02   7.9972E-02
  -7.6745E-02  -4.7525E-03   2.4161E-02   1.5637E-02  -9.0163E-02   2.3651E-02
   3.4119E-02   1.1604E-02   1.5084E-02  -3.2304E-03  -1.0256E-02   8.4508E-03
  -6.8308E-03   1.2535E-03  -4.4130E-04   1.0301E-03  -3.4800E-04   6.2095E-04
   4.6596E-04   1.0149E-04   1.0459E-03  -1.1793E-04  -2.3852E-04  -5.4882E-01
  -1.4906E-01  -2.1188E-01  -4.0944E-01  -8.4122E-02  -4.5360E-02  -4.6001E-02
  -2.3362E-01  -1.2516E-03  -3.1243E-02  -1.0463E-01   1.4856E-02   7.7145E-03
  -5.8712E-02   1.1878E-02   7.3350E-03   2.4661E-02   3.6023E-03   1.0893E-02
  -4.5601E-02   1.6197E-02   2.5923E-02   3.3212E-02   1.6645E-02  -1.0708E-02
   7.8579E-03  -5.3750E-02  -4.4603E-03  -7.4835E-03   2.6955E-04   6.6569E-04
   6.0238E-04   3.9547E-03   6.1196E-03   9.3208E-03   9.3892E-04   4.8395E-04
  -1.0714E-03  -4.5865E-04  -3.0904E-05  -4.6207E-04  -3.9264E-05  -6.7874E-05
   1.1914E-03   6.6641E-04
  > Energy =  -8.412678108751E+02 +/-   2.321182099370E-04
  > varE =   5.406851698346E-03

VMC #2:
* Size of Hilbert space =   4.9763E+11
* Number of equil. steps   = 1000
* Running VMC equilibration.
  Done. [total walltime: 0.23s]
* Equil. acc.ratio (%)     =  13.0855
* Sample config after equilibration:
  +---------------------+
  |  0   d   0   u   u  |
  |d   u   d   2   d   d|
  |2   u   u   u   u   u|
  |  0   2   d   d   d  |
  +---------------------+
* Number of accum. steps   = 501760 x 10
* Running VMC accumulation.
    [walltime: 1m elapsed, 55.3s remaining]
  Done. [total walltime: 1m55s]
* Acceptance ratio (%)     =  13.0507
* Etot/t                   =  -8.412678396455E+02 +/-   1.031134905338E-04
  > Ttot/t                 =  -7.559502148727E+01 +/-   9.445155338097E-04
  > Utot/t                 =   3.302832372832E+01 +/-   9.367289968046E-04
* var[Eloc/t]              =   5.467423588342E-03 +/-   6.222885081944E-05
* Correlation length       =   9.757628778215E-01
* log10 Psi^2 range: -22.841051533765057 -- -11.794652830797549
* log10 Pgen range : -22.841051533765057 -- -11.794652830797549
* Site occupation (ave. no. electrons per config.):
  > Site_  ___eu____  ___ed____
      1        0.497      0.502
      2        0.498      0.500
      3        0.503      0.498
      4        0.500      0.502
      5        0.502      0.502
      6        0.504      0.501
      7        0.502      0.502
      8        0.502      0.498
      9        0.497      0.496
     10        0.499      0.501
     11        0.500      0.502
     12        0.505      0.506
     13        0.501      0.500
     14        0.498      0.497
     15        0.499      0.500
     16        0.499      0.504
     17        0.503      0.503
     18        0.502      0.501
     19        0.499      0.498
     20        0.498      0.498
     21        0.496      0.498
     22        0.499      0.494
* Pair-correlation analysis (ave. no. pairs per config.):
  > Shell  nsite  ___dh____  __eueu___  __eued___
      0      1        0          0          3.812
      1      0        0.905      0.510      2.605
      2      0        0.279      0.701      1.068
      3      0        0.259      0.723      1.061
      4      0        0.225      0.755      1.073
      5      0        0.743      0.890      2.413
      6      0        0.644      1.131      2.286
      7      0        0.548      1.357      2.192
      8      0        0.452      1.546      2.097
      9      0        0.071      0.404      0.577
     10      0        0.139      0.833      1.143
     11      0        0.138      0.854      1.094
     12      0        0.229      2.099      1.918
     13      0        0.225      2.086      1.921
     14      0        0.263      1.897      2.059
     15      0        0.301      1.868      2.061
     16      0        0.239      2.054      1.938
     17      0        0.156      0.932      1.032
     18      0        0.249      2.096      1.923
     19      0        0.249      2.118      1.890
     20      0        0.235      2.099      1.917
     21      0        0.140      1.043      0.956
     22      0        0.271      2.084      1.907
     23      0        0.241      2.132      1.888
     24      0        0.217      1.965      2.059
     25      0        0.247      2.044      1.943
     26      0        0.217      1.956      2.084
     27      0        0.210      2.146      1.885
     28      0        0.253      2.040      1.967
     29      0        0.221      2.069      1.960
     30      0        0.249      2.012      1.970
     31      0        0.286      1.936      2.020
     32      0        0.280      2.019      1.948
     33      0        0.220      1.989      2.018
     34      0        0.258      1.954      2.026
     35      0        0.110      1.003      1.021
     36      0        0.258      2.013      1.965
     37      0        0.256      1.884      2.088
     38      0        0.255      1.938      2.067
     39      0        0.250      1.974      2.021
     40      0        0.250      2.014      1.980
     41      0        0.138      0.979      0.999
     42      0        0.255      1.975      1.997
     43      0        0.222      2.025      1.987
     44      0        0.224      1.979      2.030
     45      0        0.253      1.995      1.978
     46      0        0.218      2.020      1.989
     47      0        0.138      0.999      0.978
     48      0        0.252      1.978      2.009
     49      0        0.109      1.025      1.001
     50      0        0.244      1.992      1.984
     51      0        0.216      2.024      2.012
     52      0        0.245      1.987      1.999
     53      0        0.217      2.021      2.004
     54      0        0.218      2.007      2.014
     55      0        0.254      2.008      1.980
     56      0        0.245      1.979      1.996
     57      0        0.244      2.001      1.986
     58      0        0.106      1.000      1.000
     59      0        0.220      2.007      2.024
     60      0        0.216      2.005      1.999
     61      0        0.108      1.001      0.996
     62      0        0.109      1.007      1.000
     63      0        0.217      1.997      2.008
     64      0        0.109      1.000      1.006
     65      0        0.245      1.969      2.022
     66      0        0.119      0.929      1.076
     67      0        0.061      0.461      0.535
     68      0        0.058      0.462      0.537

Optimization #2:
* Method          : lls
* Target function : energy
* No. of configs. : 100352
* No. of params.  : 362
* Before optimization:
  -2.3303E+00  -2.7827E+00  -2.6982E+00  -2.4380E+00  -2.5995E+00  -2.9327E+00
   5.5493E-01   5.3286E-01   2.7269E-01   3.1134E-01   8.6324E-01   4.1872E-01
   3.8621E-01   4.8752E-01   4.8804E-01   4.8160E-01   5.0779E-01   4.2301E-01
   4.2352E-01   3.3005E-02  -5.3050E-03   4.0892E-01   2.5510E-01   2.5372E-01
   1.5748E-01   1.6501E-01   1.8942E-01   1.9823E-01   3.4287E-02   3.5608E-02
   1.8236E-01   1.8726E-01   3.0780E-02   1.0119E-01   9.4778E-02   9.5046E-02
   8.8735E-02   2.1256E-01   2.1738E-01   1.8859E-01   1.8201E-01   1.8731E-01
   8.7939E-02   6.8216E-02  -3.3802E-02  -2.7432E-02  -6.1502E-02  -6.2857E-02
  -2.0523E-02  -2.0061E-02   4.9354E-01   4.8844E-01  -5.0691E-02  -5.2694E-02
  -1.9675E-02  -2.5758E-02  -4.9699E-02  -4.7680E-02  -8.4355E-02  -8.4289E-02
  -7.1739E-02  -7.1943E-02  -2.4079E-02  -2.3026E-02  -3.6654E-02  -3.4896E-02
  -2.9164E-03  -7.0872E-03  -7.1286E-03   7.8509E-03   7.6144E-03   8.7837E-03
   8.5556E-03  -1.2628E-03  -1.3814E-03  -2.1818E-03  -2.2440E-03  -1.5395E-03
  -1.9993E-04  -3.0310E-04  -3.4346E-03  -3.5140E-03  -2.7176E-03  -2.7036E-03
  -9.6443E-04  -1.0898E-03  -1.9686E-01  -5.3440E-01  -9.4101E-02  -1.9669E-01
  -1.1796E-01  -2.0398E-01  -4.5747E-01  -4.3273E-01  -2.4979E-01  -2.9216E-01
  -2.6773E-01  -2.9583E-01  -2.7271E-01  -2.6972E-01  -2.0255E-01  -2.4824E-01
   1.4469E-02  -5.8265E-02   1.9906E-02  -1.7759E-02  -2.2720E-01  -2.0631E-01
  -1.2389E-01  -1.2972E-01  -7.5475E-02  -8.4221E-02  -9.6677E-02  -1.0523E-01
  -3.5188E-04  -3.9255E-02  -8.0998E-02  -9.6484E-02   6.9434E-03  -4.4130E-02
  -2.4725E-02  -6.5539E-02  -5.8932E-03  -7.6341E-02  -5.7154E-02  -1.3816E-01
  -6.4532E-02  -9.6760E-02  -6.4452E-02  -8.8059E-02  -3.3561E-03  -6.2386E-02
   1.0475E-02   1.2619E-02   4.5190E-02   1.9943E-02   1.1848E-02  -7.8803E-04
  -2.1491E-01  -2.4701E-01   3.4070E-02   1.7805E-02   1.3626E-02   1.1095E-02
   2.5783E-02   2.3059E-02   4.7937E-02   3.8218E-02   3.7701E-02   3.4859E-02
   9.5035E-03   1.1457E-02   1.7514E-02   2.0958E-02  -4.2111E-03  -5.9229E-04
   3.4496E-03   3.7396E-03  -4.0824E-03  -4.4903E-03  -4.5748E-03  -4.6989E-03
   5.1762E-04   6.2541E-04   1.1564E-03   9.9646E-04   1.0198E-03   9.9592E-04
   1.9150E-04   1.4110E-04   1.6825E-03   1.6762E-03   1.1845E-03   1.4219E-03
   5.9556E-04   5.0698E-04   8.2470E-01   1.0187E+00   7.9742E-01   8.8547E-01
   1.0176E+00   9.7737E-01  -4.2908E-01  -2.6181E-01  -2.3041E-01  -3.5936E-01
  -2.7440E-01  -2.0103E-01  -2.2215E-01  -3.1696E-01  -4.5353E-02   2.3654E-02
  -2.2195E-01   1.7554E-02   5.0713E-04  -1.1793E-01  -2.6503E-02  -1.7828E-02
  -3.5035E-02  -1.9385E-02   4.5339E-03  -9.9559E-02   2.1848E-02   3.7188E-02
  -3.8517E-02  -3.1187E-02   7.3595E-03   5.0497E-03  -9.3582E-02   1.2551E-02
   1.2981E-02   4.6938E-03   2.4056E-02   3.0676E-03  -1.9443E-02   1.2024E-02
  -1.5832E-02   1.8432E-03  -1.8166E-05   1.8442E-03  -1.5263E-05   5.2543E-04
   7.9742E-04   1.6832E-04   5.0112E-04  -2.4600E-04   2.6486E-05  -4.0705E-01
  -1.6451E-01  -2.2013E-01  -3.3305E-01  -7.4290E-02  -5.1330E-02  -6.1315E-02
  -2.4723E-01  -3.3192E-02  -4.9050E-02  -1.6592E-01   5.7995E-02   4.6857E-02
  -8.9430E-02  -1.0115E-02   1.1055E-02   2.0661E-03   5.5379E-03   1.5320E-02
  -3.3733E-02  -1.9872E-02  -1.5260E-02   7.7033E-02  -4.4597E-03  -2.5227E-02
  -2.7569E-03  -5.9507E-02  -1.2512E-02  -2.6296E-02  -4.0865E-03   6.7624E-03
   7.5548E-03  -2.5960E-03   6.2148E-03  -1.7402E-03   1.4925E-03   6.7333E-04
  -1.6850E-04  -3.0042E-04  -8.7459E-05  -6.2390E-05  -3.6045E-05  -3.7426E-04
   7.9264E-04   6.6552E-04  -3.5567E-01  -2.1499E-01  -1.7394E-01  -3.3054E-01
  -1.2634E-01  -1.0785E-01  -1.3322E-01  -2.4000E-01  -5.1502E-03   4.1467E-02
  -1.5488E-01  -3.0384E-02  -3.7251E-02  -9.8270E-02  -1.1081E-03  -1.4064E-02
  -1.3087E-02  -1.9226E-02   3.2247E-03  -1.1430E-01   6.2674E-02   7.9972E-02
  -7.6745E-02  -4.7525E-03   2.4161E-02   1.5637E-02  -9.0163E-02   2.3651E-02
   3.4119E-02   1.1604E-02   1.5084E-02  -3.2304E-03  -1.0256E-02   8.4508E-03
  -6.8308E-03   1.2535E-03  -4.4130E-04   1.0301E-03  -3.4800E-04   6.2095E-04
   4.6596E-04   1.0149E-04   1.0459E-03  -1.1793E-04  -2.3852E-04  -5.4882E-01
  -1.4906E-01  -2.1188E-01  -4.0944E-01  -8.4122E-02  -4.5360E-02  -4.6001E-02
  -2.3362E-01  -1.2516E-03  -3.1243E-02  -1.0463E-01   1.4856E-02   7.7145E-03
  -5.8712E-02   1.1878E-02   7.3350E-03   2.4661E-02   3.6023E-03   1.0893E-02
  -4.5601E-02   1.6197E-02   2.5923E-02   3.3212E-02   1.6645E-02  -1.0708E-02
   7.8579E-03  -5.3750E-02  -4.4603E-03  -7.4835E-03   2.6955E-04   6.6569E-04
   6.0238E-04   3.9547E-03   6.1196E-03   9.3208E-03   9.3892E-04   4.8395E-04
  -1.0714E-03  -4.5865E-04  -3.0904E-05  -4.6207E-04  -3.9264E-05  -6.7874E-05
   1.1914E-03   6.6641E-04
  > E    =  -8.412680187283E+02 +/-   2.328932482946E-04
  > varE =   5.443018731439E-03
* Computing derivatives.
    [walltime: 2m44s elapsed, 2h12m remaining]
    [walltime: 1h2m elapsed, 1h10m remaining]
  Done. [total walltime: 2h13m]
* Optimizing manipulation constant:
  #igrid a___________ E____________________________________ varE____________
     1     Infinity    -8.41268019E+02 +/-   2.32893248E-04   5.44301873E-03
     2     1.0000E+06  -8.41268019E+02 +/-   2.32893197E-04   5.44301633E-03
     3     2.1544E+05  -8.41268019E+02 +/-   2.32893010E-04   5.44300758E-03
     4     4.6416E+04  -8.41268019E+02 +/-   2.32892141E-04   5.44296698E-03
     5     1.0000E+04  -8.41268019E+02 +/-   2.32888111E-04   5.44277861E-03
     6     2.1544E+03  -8.41268020E+02 +/-   2.32869454E-04   5.44190660E-03
     7     4.6416E+02  -8.41268024E+02 +/-   2.32783882E-04   5.43790787E-03
     8     1.0000E+02  -8.41268044E+02 +/-   2.32407886E-04   5.42035528E-03
     9     2.1544E+01  -8.41268109E+02 +/-   2.31063330E-04   5.35781961E-03
    10     4.6416E+00  -8.41268102E+02 +/-   2.30418948E-04   5.32797786E-03
    11     1.0000E+00  -8.41269090E+02 +/-   2.13349271E-04   4.56781343E-03
    12     2.1544E-01  -8.41157399E+02 +/-   9.79027953E-04   9.61869638E-02
    13     4.6416E-02  -8.40692508E+02 +/-   2.10420175E-03   4.44325039E-01
    14     1.0000E-02  -8.40491208E+02 +/-   2.40212241E-03   5.79050317E-01
    15     2.1544E-03  -8.40442238E+02 +/-   2.46628806E-03   6.10398744E-01
    16     4.6416E-04  -8.40431433E+02 +/-   2.48007195E-03   6.17240756E-01
    17     1.0000E-04  -8.40429093E+02 +/-   2.48303933E-03   6.18718684E-01
    18     2.1544E-05  -8.40428589E+02 +/-   2.48367853E-03   6.19037271E-01
    19     4.6416E-06  -8.40428480E+02 +/-   2.48381623E-03   6.19105917E-01
    20     1.0000E-06  -8.40428456E+02 +/-   2.48384590E-03   6.19120707E-01
    21     0.0000E+00  -8.40428450E+02 +/-   2.48385405E-03   6.19124768E-01
  ParMin   2.1248E+00  -8.41268362E+02 +/-   2.25455733E-04   5.10092102E-03
  # Using grid point #11
* Iteration # 1: E =  -8.412690903290E+02 +/-   2.133492706130E-04
* Computing derivatives.
    [walltime: 2m45s elapsed, 2h12m remaining]
    [walltime: 1h2m elapsed, 1h10m remaining]
  Done. [total walltime: 2h13m]
* Optimizing manipulation constant:
  #igrid a___________ E____________________________________ varE____________
     1     Infinity    -8.41269090E+02 +/-   2.13349271E-04   4.56781343E-03
     2     1.0000E+06  -8.41269090E+02 +/-   2.13349256E-04   4.56781283E-03
     3     2.1544E+05  -8.41269090E+02 +/-   2.13349205E-04   4.56781062E-03
     4     4.6416E+04  -8.41269090E+02 +/-   2.13348966E-04   4.56780037E-03
     5     1.0000E+04  -8.41269090E+02 +/-   2.13347860E-04   4.56775302E-03
     6     2.1544E+03  -8.41269091E+02 +/-   2.13342822E-04   4.56753729E-03
     7     4.6416E+02  -8.41269092E+02 +/-   2.13321495E-04   4.56662417E-03
     8     1.0000E+02  -8.41269093E+02 +/-   2.13274425E-04   4.56460909E-03
     9     2.1544E+01  -8.41268866E+02 +/-   2.17312585E-04   4.73909906E-03
    10     4.6416E+00  -8.41234828E+02 +/-   5.76964840E-04   3.34060194E-02
    11     1.0000E+00  -8.40355906E+02 +/-   2.58902178E-03   6.72662846E-01
    12     2.1544E-01  -8.39122536E+02 +/-   3.52101856E-03   1.24412112E+00
    13     4.6416E-02  -8.38833814E+02 +/-   3.62306546E-03   1.31728090E+00
    14     1.0000E-02  -8.38769860E+02 +/-   3.63532215E-03   1.32620859E+00
    15     2.1544E-03  -8.38800063E+02 +/-   3.63163578E-03   1.32352030E+00
    16     4.6416E-04  -8.38807752E+02 +/-   3.63037761E-03   1.32260339E+00
    17     1.0000E-04  -8.38809474E+02 +/-   3.63008435E-03   1.32238972E+00
    18     2.1544E-05  -8.38809848E+02 +/-   3.63002012E-03   1.32234293E+00
    19     4.6416E-06  -8.38809929E+02 +/-   3.63000624E-03   1.32233281E+00
    20     1.0000E-06  -8.38809946E+02 +/-   3.63000324E-03   1.32233063E+00
    21     0.0000E+00  -8.38809951E+02 +/-   3.63000242E-03   1.32233003E+00
  ParMin   2.1363E+02  -8.41269093E+02 +/-   2.13296192E-04   4.56554089E-03
  # Using grid point #8
* Iteration # 2: E =  -8.412690928657E+02 +/-   2.132744246555E-04
* Convergence: exiting.
* After optimization:
  -2.7794E+00  -3.3274E+00  -3.0710E+00  -2.9117E+00  -3.0846E+00  -3.3637E+00
   6.4117E-01   6.6200E-01   3.1232E-01   3.4939E-01   9.0820E-01   4.7831E-01
   4.3965E-01   5.7933E-01   5.7581E-01   5.0159E-01   5.3343E-01   4.5324E-01
   4.4486E-01   7.6992E-02   2.3927E-02   4.3094E-01   3.0799E-01   3.0667E-01
   1.8319E-01   1.8832E-01   2.0725E-01   2.1180E-01   5.9171E-02   5.8601E-02
   2.0943E-01   2.1186E-01   9.6008E-02   1.2691E-01   1.2051E-01   1.4730E-01
   1.4499E-01   2.3801E-01   2.3490E-01   2.7413E-01   2.1246E-01   2.1783E-01
   1.2287E-01   1.0529E-01  -1.5798E-02  -1.0231E-02  -3.1547E-02  -3.2176E-02
   1.3704E-02   1.3126E-02   5.3416E-01   5.3426E-01  -1.3893E-02  -1.7652E-02
  -1.8108E-02  -2.2286E-02  -6.1033E-02  -5.9877E-02  -5.7880E-02  -5.7908E-02
  -3.2848E-02  -3.2899E-02  -3.5937E-02  -3.4086E-02  -7.3644E-02  -7.2408E-02
  -1.0350E-02  -5.3434E-02  -5.3998E-02   5.9605E-02   5.8331E-02   6.4780E-02
   6.3188E-02  -9.8420E-03  -9.4113E-03  -1.6472E-02  -1.6750E-02  -1.2041E-02
  -1.6270E-03  -1.3527E-03  -2.6534E-02  -2.5784E-02  -2.1792E-02  -2.1599E-02
  -7.6394E-03  -7.7410E-03  -3.1947E-01  -5.5302E-01  -1.0982E-01  -2.1549E-01
  -1.4051E-01  -2.1878E-01  -5.1061E-01  -4.5558E-01  -2.8023E-01  -3.2785E-01
  -3.1214E-01  -3.4693E-01  -2.8189E-01  -2.8409E-01  -2.1954E-01  -2.6189E-01
  -5.5636E-03  -7.9193E-02   6.1344E-03  -3.0008E-02  -2.4557E-01  -2.1036E-01
  -1.4804E-01  -1.5736E-01  -8.5831E-02  -9.7139E-02  -1.0792E-01  -1.1228E-01
  -1.1278E-02  -5.1733E-02  -9.5873E-02  -1.0660E-01  -2.3215E-02  -7.7208E-02
  -3.7401E-02  -8.0003E-02  -3.4060E-02  -1.0660E-01  -7.4592E-02  -1.3973E-01
  -1.1091E-01  -1.4534E-01  -7.7849E-02  -1.0518E-01  -2.1516E-02  -7.8973E-02
   2.3003E-03   5.1832E-03   3.1136E-02   3.7365E-03  -3.0235E-03  -1.7496E-02
  -2.4920E-01  -2.4543E-01   1.7422E-02  -1.4080E-03   1.1088E-02   9.5652E-03
   3.2252E-02   2.9028E-02   3.6152E-02   2.4202E-02   1.9878E-02   1.4921E-02
   1.6590E-02   1.7107E-02   3.6049E-02   3.8556E-02  -3.2776E-05   1.9578E-03
   2.6635E-02   2.8039E-02  -2.9216E-02  -3.3652E-02  -3.2286E-02  -3.3936E-02
   3.6933E-03   4.7541E-03   9.0378E-03   7.7802E-03   7.1479E-03   7.3536E-03
   1.6279E-03   1.1855E-03   1.3134E-02   1.2967E-02   8.7291E-03   1.1155E-02
   4.7037E-03   3.4510E-03   8.6013E-01   1.1278E+00   8.8484E-01   9.2341E-01
   1.0989E+00   1.0592E+00  -3.7522E-01  -2.2546E-01  -2.0318E-01  -3.1553E-01
  -2.4918E-01  -1.3852E-01  -2.1057E-01  -3.0909E-01  -3.1840E-02   3.4707E-02
  -2.0077E-01   1.1851E-02  -9.1820E-03  -1.2445E-01  -2.7516E-02  -2.1956E-02
  -1.4677E-02  -2.4724E-02  -6.0670E-03  -7.8993E-02   9.4494E-04   4.4588E-02
  -5.0469E-02  -3.0916E-02   8.6095E-03  -2.5271E-03  -5.3424E-02   6.6132E-03
   2.9529E-03   3.0609E-03   2.2393E-02   4.2328E-03  -1.6113E-02   1.0976E-02
  -9.4484E-03   8.7554E-03  -7.1055E-03   9.9924E-03   5.7773E-04   4.9612E-03
   2.9131E-03   5.0717E-03  -3.6689E-04  -2.3098E-03  -4.3355E-04  -3.3440E-01
  -1.6243E-01  -2.3147E-01  -2.7307E-01  -7.0657E-02  -5.4841E-02  -6.4326E-02
  -2.5462E-01  -2.7199E-02  -4.6600E-02  -1.3465E-01   7.2406E-02   5.5670E-02
  -9.4272E-02  -8.6731E-03   1.7604E-02  -7.7471E-03   3.6843E-03   2.6142E-02
  -1.9574E-02   8.8238E-03  -8.6602E-03   9.1706E-02   4.6733E-03  -3.0976E-02
  -7.4324E-03  -2.4724E-02  -1.1948E-02  -3.7555E-02  -5.0598E-03   1.2752E-03
   1.2429E-02   3.1288E-03   9.9532E-03   1.0962E-04   9.8698E-03  -4.7540E-04
  -6.9137E-03  -2.1902E-03   1.3821E-03  -1.2932E-03   8.8139E-04  -4.2942E-03
   4.0197E-03   5.1341E-03  -2.3314E-01  -1.9382E-01  -1.2778E-01  -2.2723E-01
  -8.9714E-02  -7.2885E-02  -1.2338E-01  -1.9762E-01  -1.2421E-03   3.9097E-02
  -1.0272E-01  -4.5223E-02  -4.9025E-02  -8.1986E-02  -5.1399E-03  -9.5793E-03
   7.3936E-03  -3.4329E-02  -2.5271E-02  -7.4687E-02   2.4703E-02   8.0296E-02
  -8.7777E-02  -1.6630E-03   2.6171E-02   9.4984E-03  -1.3011E-02   2.2986E-02
   2.4848E-02   7.8465E-03   7.7335E-03  -3.0779E-03  -7.8252E-03   9.8692E-03
   7.6962E-03   7.0743E-03  -7.4511E-03   5.4773E-03  -6.2373E-04   3.0728E-03
   3.0969E-03   2.8193E-03   5.5863E-03  -7.1484E-04  -1.9938E-03  -4.1436E-01
  -1.6227E-01  -2.0194E-01  -2.8769E-01  -8.0918E-02  -7.8609E-02  -5.6656E-02
  -2.1202E-01   1.9021E-03  -3.5333E-02  -4.6266E-02   1.8088E-02   9.1637E-03
  -4.0537E-02   1.0944E-02   1.8049E-02   1.0065E-02  -8.4713E-03   1.1220E-02
  -1.8299E-02   3.2934E-02   2.8965E-02   3.5540E-02   2.4231E-02  -1.3693E-02
   4.5503E-03   1.1613E-02   2.5648E-03  -1.1505E-02  -6.1825E-04  -9.3325E-03
   4.4234E-03   1.0545E-02   1.2119E-02   1.4321E-02   8.6969E-03   7.3410E-04
  -1.1145E-02  -3.1233E-03  -1.7606E-03  -2.4736E-03   6.6637E-05  -1.8151E-03
   9.0046E-03   4.7121E-03
  > Energy =  -8.412690928657E+02 +/-   2.132744246555E-04
  > varE =   4.564609086247E-03

VMC #3:
* Size of Hilbert space =   4.9763E+11
* Number of equil. steps   = 1000
* Running VMC equilibration.
  Done. [total walltime: 0.23s]
* Equil. acc.ratio (%)     =  12.9822
* Sample config after equilibration:
  +---------------------+
  |  d   u   u   u   u  |
  |u   2   u   d   d   0|
  |d   0   d   d   0   2|
  |  u   d   2   2   0  |
  +---------------------+
* Number of accum. steps   = 501760 x 10
* Running VMC accumulation.
    [walltime: 1m elapsed, 54.7s remaining]
  Done. [total walltime: 1m55s]
* Acceptance ratio (%)     =  12.9371
* Etot/t                   =  -8.412687391565E+02 +/-   9.607538211266E-05
  > Ttot/t                 =  -7.560228030454E+01 +/-   9.347547035872E-04
  > Utot/t                 =   3.303468303457E+01 +/-   9.336213970749E-04
* var[Eloc/t]              =   4.686659666630E-03 +/-   5.919117582326E-05
* Correlation length       =   9.882273296158E-01
* log10 Psi^2 range: -24.876751190175519 -- -13.831750652834291
* log10 Pgen range : -24.876751190175519 -- -13.831750652834291
* Site occupation (ave. no. electrons per config.):
  > Site_  ___eu____  ___ed____
      1        0.498      0.496
      2        0.497      0.493
      3        0.501      0.499
      4        0.501      0.501
      5        0.504      0.506
      6        0.502      0.505
      7        0.502      0.500
      8        0.503      0.499
      9        0.498      0.498
     10        0.500      0.502
     11        0.502      0.504
     12        0.504      0.502
     13        0.499      0.501
     14        0.495      0.500
     15        0.500      0.500
     16        0.499      0.503
     17        0.500      0.504
     18        0.502      0.504
     19        0.500      0.496
     20        0.498      0.497
     21        0.499      0.495
     22        0.497      0.497
* Pair-correlation analysis (ave. no. pairs per config.):
  > Shell  nsite  ___dh____  __eueu___  __eued___
      0      1        0          0          3.832
      1      0        0.920      0.514      2.589
      2      0        0.282      0.696      1.065
      3      0        0.262      0.719      1.055
      4      0        0.232      0.755      1.065
      5      0        0.747      0.882      2.411
      6      0        0.640      1.144      2.293
      7      0        0.550      1.353      2.187
      8      0        0.455      1.548      2.090
      9      0        0.070      0.410      0.581
     10      0        0.141      0.829      1.141
     11      0        0.138      0.859      1.095
     12      0        0.228      2.108      1.929
     13      0        0.226      2.087      1.926
     14      0        0.268      1.893      2.054
     15      0        0.309      1.859      2.053
     16      0        0.240      2.051      1.940
     17      0        0.157      0.929      1.032
     18      0        0.245      2.102      1.921
     19      0        0.247      2.126      1.902
     20      0        0.238      2.095      1.915
     21      0        0.143      1.037      0.953
     22      0        0.272      2.083      1.901
     23      0        0.240      2.129      1.887
     24      0        0.219      1.967      2.058
     25      0        0.245      2.055      1.952
     26      0        0.222      1.958      2.092
     27      0        0.214      2.139      1.894
     28      0        0.252      2.043      1.962
     29      0        0.225      2.066      1.957
     30      0        0.253      2.013      1.972
     31      0        0.292      1.927      2.013
     32      0        0.282      2.013      1.945
     33      0        0.219      2.003      2.031
     34      0        0.260      1.954      2.025
     35      0        0.110      1.001      1.019
     36      0        0.259      2.019      1.963
     37      0        0.259      1.890      2.092
     38      0        0.259      1.933      2.061
     39      0        0.249      1.972      2.017
     40      0        0.246      2.013      1.982
     41      0        0.139      0.976      0.993
     42      0        0.253      1.984      1.998
     43      0        0.227      2.030      1.997
     44      0        0.229      1.986      2.041
     45      0        0.253      1.998      1.984
     46      0        0.220      2.035      1.999
     47      0        0.140      0.993      0.975
     48      0        0.262      1.977      1.998
     49      0        0.108      1.025      0.999
     50      0        0.247      1.987      1.989
     51      0        0.222      2.020      2.011
     52      0        0.251      1.985      1.990
     53      0        0.221      2.015      2.008
     54      0        0.222      2.007      2.014
     55      0        0.261      1.996      1.981
     56      0        0.247      1.987      1.991
     57      0        0.251      1.991      1.985
     58      0        0.110      1.004      1.000
     59      0        0.223      2.010      2.018
     60      0        0.224      2.001      2.006
     61      0        0.110      1.001      1.001
     62      0        0.112      1.004      1.002
     63      0        0.222      2.002      2.005
     64      0        0.114      1.001      1.002
     65      0        0.255      1.961      2.021
     66      0        0.122      0.925      1.070
     67      0        0.060      0.462      0.536
     68      0        0.060      0.465      0.535

Optimization #3:
* Method          : lls
* Target function : energy
* No. of configs. : 100352
* No. of params.  : 362
* Before optimization:
  -2.7794E+00  -3.3274E+00  -3.0710E+00  -2.9117E+00  -3.0846E+00  -3.3637E+00
   6.4117E-01   6.6200E-01   3.1232E-01   3.4939E-01   9.0820E-01   4.7831E-01
   4.3965E-01   5.7933E-01   5.7581E-01   5.0159E-01   5.3343E-01   4.5324E-01
   4.4486E-01   7.6992E-02   2.3927E-02   4.3094E-01   3.0799E-01   3.0667E-01
   1.8319E-01   1.8832E-01   2.0725E-01   2.1180E-01   5.9171E-02   5.8601E-02
   2.0943E-01   2.1186E-01   9.6008E-02   1.2691E-01   1.2051E-01   1.4730E-01
   1.4499E-01   2.3801E-01   2.3490E-01   2.7413E-01   2.1246E-01   2.1783E-01
   1.2287E-01   1.0529E-01  -1.5798E-02  -1.0231E-02  -3.1547E-02  -3.2176E-02
   1.3704E-02   1.3126E-02   5.3416E-01   5.3426E-01  -1.3893E-02  -1.7652E-02
  -1.8108E-02  -2.2286E-02  -6.1033E-02  -5.9877E-02  -5.7880E-02  -5.7908E-02
  -3.2848E-02  -3.2899E-02  -3.5937E-02  -3.4086E-02  -7.3644E-02  -7.2408E-02
  -1.0350E-02  -5.3434E-02  -5.3998E-02   5.9605E-02   5.8331E-02   6.4780E-02
   6.3188E-02  -9.8420E-03  -9.4113E-03  -1.6472E-02  -1.6750E-02  -1.2041E-02
  -1.6270E-03  -1.3527E-03  -2.6534E-02  -2.5784E-02  -2.1792E-02  -2.1599E-02
  -7.6394E-03  -7.7410E-03  -3.1947E-01  -5.5302E-01  -1.0982E-01  -2.1549E-01
  -1.4051E-01  -2.1878E-01  -5.1061E-01  -4.5558E-01  -2.8023E-01  -3.2785E-01
  -3.1214E-01  -3.4693E-01  -2.8189E-01  -2.8409E-01  -2.1954E-01  -2.6189E-01
  -5.5636E-03  -7.9193E-02   6.1344E-03  -3.0008E-02  -2.4557E-01  -2.1036E-01
  -1.4804E-01  -1.5736E-01  -8.5831E-02  -9.7139E-02  -1.0792E-01  -1.1228E-01
  -1.1278E-02  -5.1733E-02  -9.5873E-02  -1.0660E-01  -2.3215E-02  -7.7208E-02
  -3.7401E-02  -8.0003E-02  -3.4060E-02  -1.0660E-01  -7.4592E-02  -1.3973E-01
  -1.1091E-01  -1.4534E-01  -7.7849E-02  -1.0518E-01  -2.1516E-02  -7.8973E-02
   2.3003E-03   5.1832E-03   3.1136E-02   3.7365E-03  -3.0235E-03  -1.7496E-02
  -2.4920E-01  -2.4543E-01   1.7422E-02  -1.4080E-03   1.1088E-02   9.5652E-03
   3.2252E-02   2.9028E-02   3.6152E-02   2.4202E-02   1.9878E-02   1.4921E-02
   1.6590E-02   1.7107E-02   3.6049E-02   3.8556E-02  -3.2776E-05   1.9578E-03
   2.6635E-02   2.8039E-02  -2.9216E-02  -3.3652E-02  -3.2286E-02  -3.3936E-02
   3.6933E-03   4.7541E-03   9.0378E-03   7.7802E-03   7.1479E-03   7.3536E-03
   1.6279E-03   1.1855E-03   1.3134E-02   1.2967E-02   8.7291E-03   1.1155E-02
   4.7037E-03   3.4510E-03   8.6013E-01   1.1278E+00   8.8484E-01   9.2341E-01
   1.0989E+00   1.0592E+00  -3.7522E-01  -2.2546E-01  -2.0318E-01  -3.1553E-01
  -2.4918E-01  -1.3852E-01  -2.1057E-01  -3.0909E-01  -3.1840E-02   3.4707E-02
  -2.0077E-01   1.1851E-02  -9.1820E-03  -1.2445E-01  -2.7516E-02  -2.1956E-02
  -1.4677E-02  -2.4724E-02  -6.0670E-03  -7.8993E-02   9.4494E-04   4.4588E-02
  -5.0469E-02  -3.0916E-02   8.6095E-03  -2.5271E-03  -5.3424E-02   6.6132E-03
   2.9529E-03   3.0609E-03   2.2393E-02   4.2328E-03  -1.6113E-02   1.0976E-02
  -9.4484E-03   8.7554E-03  -7.1055E-03   9.9924E-03   5.7773E-04   4.9612E-03
   2.9131E-03   5.0717E-03  -3.6689E-04  -2.3098E-03  -4.3355E-04  -3.3440E-01
  -1.6243E-01  -2.3147E-01  -2.7307E-01  -7.0657E-02  -5.4841E-02  -6.4326E-02
  -2.5462E-01  -2.7199E-02  -4.6600E-02  -1.3465E-01   7.2406E-02   5.5670E-02
  -9.4272E-02  -8.6731E-03   1.7604E-02  -7.7471E-03   3.6843E-03   2.6142E-02
  -1.9574E-02   8.8238E-03  -8.6602E-03   9.1706E-02   4.6733E-03  -3.0976E-02
  -7.4324E-03  -2.4724E-02  -1.1948E-02  -3.7555E-02  -5.0598E-03   1.2752E-03
   1.2429E-02   3.1288E-03   9.9532E-03   1.0962E-04   9.8698E-03  -4.7540E-04
  -6.9137E-03  -2.1902E-03   1.3821E-03  -1.2932E-03   8.8139E-04  -4.2942E-03
   4.0197E-03   5.1341E-03  -2.3314E-01  -1.9382E-01  -1.2778E-01  -2.2723E-01
  -8.9714E-02  -7.2885E-02  -1.2338E-01  -1.9762E-01  -1.2421E-03   3.9097E-02
  -1.0272E-01  -4.5223E-02  -4.9025E-02  -8.1986E-02  -5.1399E-03  -9.5793E-03
   7.3936E-03  -3.4329E-02  -2.5271E-02  -7.4687E-02   2.4703E-02   8.0296E-02
  -8.7777E-02  -1.6630E-03   2.6171E-02   9.4984E-03  -1.3011E-02   2.2986E-02
   2.4848E-02   7.8465E-03   7.7335E-03  -3.0779E-03  -7.8252E-03   9.8692E-03
   7.6962E-03   7.0743E-03  -7.4511E-03   5.4773E-03  -6.2373E-04   3.0728E-03
   3.0969E-03   2.8193E-03   5.5863E-03  -7.1484E-04  -1.9938E-03  -4.1436E-01
  -1.6227E-01  -2.0194E-01  -2.8769E-01  -8.0918E-02  -7.8609E-02  -5.6656E-02
  -2.1202E-01   1.9021E-03  -3.5333E-02  -4.6266E-02   1.8088E-02   9.1637E-03
  -4.0537E-02   1.0944E-02   1.8049E-02   1.0065E-02  -8.4713E-03   1.1220E-02
  -1.8299E-02   3.2934E-02   2.8965E-02   3.5540E-02   2.4231E-02  -1.3693E-02
   4.5503E-03   1.1613E-02   2.5648E-03  -1.1505E-02  -6.1825E-04  -9.3325E-03
   4.4234E-03   1.0545E-02   1.2119E-02   1.4321E-02   8.6969E-03   7.3410E-04
  -1.1145E-02  -3.1233E-03  -1.7606E-03  -2.4736E-03   6.6637E-05  -1.8151E-03
   9.0046E-03   4.7121E-03
  > E    =  -8.412686339832E+02 +/-   2.163092763630E-04
  > varE =   4.695440279538E-03
* Computing derivatives.
    [walltime: 2m43s elapsed, 2h10m remaining]
    [walltime: 1h2m elapsed, 1h10m remaining]
  Done. [total walltime: 2h13m]
srun: Job step aborted: Waiting up to 32 seconds for job step to finish.
slurmstepd: error: *** JOB 780203 ON alnode238 CANCELLED AT 2025-09-05T09:17:35 DUE TO TIME LIMIT ***
slurmstepd: error: *** STEP 780203.0 ON alnode238 CANCELLED AT 2025-09-05T09:17:35 DUE TO TIME LIMIT ***
