Run started: Thu Aug 21 23:43:26 CEST 2025
Using VDAGGER_ARCH = gnu7_fkfamd_cluster
Running 8x128 MPI processes.

                               xx
                              +##
                               #X
                               Xx
                          X##XxXxxX##x
                           +   Xx  ++
                               ##
                              +##
                              +##
     ++++         ++          +##
   xX+++##+      ####         +##
  Xx    ###      +X##          ##
 xX    X##+        ##          #X
 +    x##X         #x          #X
      ###         +#           x+
     X##+         #+
     ###         Xx                    _______
     ##X       +X+   __________________VDAGGER
     +##x    +xX     2nd quantized variational
       +xxxxx+       ______quantum Monte Carlo

* Running 1024 MPI processes.
* Input file: "input.casl"

############# Start of input file dump #############
General:
  Random seed: timer

Plan:
  VMC-optimization:
    Minimum cycles: 5
    Convergence cycles: 3

System:
  Read Hamiltonian: FCIDUMP_loc
  Read orbitals: LTSC.mat
  Complex orbitals: F
  Geometry:
    r_14: [ 2.30715201389900, -1.36612962809100 ]
    r_19: [ -2.30715201389900, -1.36612962809100 ]
    r_9: [ 2.30715201389900, 1.36612962809100 ]
    r_1: [ -2.30715201389900, 1.36612962809100 ]
    r_11: [ 0.00000000000000, -2.64819012780300 ]
    r_5: [ 0.00000000000000, 2.64819012780300 ]
    r_21: [ 6.92052984475300, 1.36731216695600 ]
    r_20: [ -6.92052984475300, 1.36731216695600 ]
    r_22: [ 6.92052984475300, -1.36731216695600 ]
    r_2: [ -6.92052984475300, -1.36731216695600 ]
    r_17: [ 4.65052830966800, 2.64933873056800 ]
    r_18: [ -4.65052830966800, 2.64933873056800 ]
    r_12: [ 4.65052830966800, -2.64933873056800 ]
    r_6: [ -4.65052830966800, -2.64933873056800 ]
    r_7: [ 11.51783390367000, 1.35551508476500 ]
    r_16: [ -11.51783390367000, 1.35551508476500 ]
    r_4: [ 11.51783390367000, -1.35551508476500 ]
    r_3: [ -11.51783390367000, -1.35551508476500 ]
    r_15: [ 9.31130451375400, 2.65735609478700 ]
    r_8: [ -9.31130451375400, 2.65735609478700 ]
    r_13: [ 9.31130451375400, -2.65735609478700 ]
    r_10: [ -9.31130451375400, -2.65735609478700 ]
    Tolerance: 0.05

VMC:
  nstep: 500000
  nconfig: 100000

Optimization:
  max_niter: 1

Jastrow: wfn.casl

Backflow: wfn.casl
############## End of input file dump ##############

General setup:
* Random seed: 942157948 (from timer)

* Loaded integrals for system with nelec=22, ms2=0, norb=22
* INFO: setting number of electrons from integrals file.
* Analysis of Hamiltonian connecitivity performed:
  - T_ii (local, 1-site): 22 (i) values
  - U_iiii [opp] (local, 1-site): 22 (i) values
  - U_kkii [opp] (local, 2-site): 462 contribs. from 22 (i) values
  - U_kkii [par] (local, 2-site): 231 contribs. from 21 (i) values
  - T_ji (single, 2-site): 462 contribs. from 22 (i) values
  - U_kkji [opp] (single, 2/3-site): 10164 contribs. from 462 (i,j) pairs
  - U_kkji [par] (single, 3-site): 9702 contribs. from 462 (i,j) pairs
  - U_lkji [opp] (double, 2/3/4-site): 212836 contribs. from 462 (i,j) pairs
  - U_lkji [par] (double, 4-site): 50050 contribs. from 420 (i,j) pairs
  - Max. no. wfn. ratios in Eloc: 18543
* Reading override orbitals from file "LTSC.mat".
* Site labels:
  +--------------------------------+
  |    8    18     5    17    15   |
  |16    20     1     9    21     7|
  | 3     2    19    14    22     4|
  |   10     6    11    12    13   |
  +--------------------------------+
* Automatically set Site kinds:
  [ 1, 2, 3, 3, 4, 5, 3, 6, 1, 6, 4, 5, 6, 1, 6, 3, 5, 5, 1, 2, 2, 2 ]
  +---------------------+
  |  6   5   4   5   6  |
  |3   2   1   1   2   3|
  |3   2   1   1   2   3|
  |  6   5   4   5   6  |
  +---------------------+
* Number of site-pair kinds with Tij=0: 0
* Automatically set Site pair kinds:
  Site 1: [ 0, -15, -34, -48, -6, -18, -55, -65, 21, 30, -19, -28, 45, -17, -42, -36, 38, 7, 2, -22, -32, 31 ]
  Site 2: [ -15, 0, -20, -57, 25, 5, -52, -16, 31, -8, 37, -39, 56, -32, -50, -14, 40, -23, -22, 3, -41, 47 ]
  Site 3: [ -34, -20, 0, -62, 43, 67, -64, 27, 48, 1, 44, -59, 63, -55, -60, 4, 51, 29, -36, -14, -52, 57 ]
  Site 4: [ -48, -57, -62, 0, -43, 59, 4, 60, 34, 63, -44, -66, 1, -36, -27, -64, -29, -51, -55, -52, -14, 20 ]
  Site 5: [ -6, 25, 43, -43, 0, -26, -44, 46, -6, -33, 9, -26, 33, 19, 46, 44, -12, -12, -19, 37, -37, 25 ]
  Site 6: [ -18, 5, 67, 59, -26, 0, 51, 24, -28, -13, 12, -49, -53, 38, 54, -29, -35, -10, -7, 23, 40, -39 ]
  Site 7: [ -55, -52, -64, 4, -44, 51, 0, 63, 36, 60, -43, 29, 27, -34, -1, -62, 66, -59, -48, -57, -20, 14 ]
  Site 8: [ -65, -16, 27, 60, 46, 24, 63, 0, -42, 11, -33, 54, -58, 45, 61, 1, -53, 13, 30, -8, 56, -50 ]
  Site 9: [ 21, 31, 48, 34, -6, -28, 36, -42, 0, -45, -19, -18, -30, -2, -65, 55, 7, 38, 17, 32, 22, -15 ]
  Site 10: [ 30, -8, 1, 63, -33, -13, 60, 11, -45, 0, 46, 53, -61, 42, 58, 27, -54, -24, -65, -16, 50, -56 ]
  Site 11: [ -19, 37, 44, -44, 9, 12, -43, -33, -19, 46, 0, 12, -46, 6, -33, 43, 26, 26, -6, 25, -25, 37 ]
  Site 12: [ -28, -39, -59, -66, -26, -49, 29, 54, -18, 53, 12, 0, 13, 7, 24, -51, -10, -35, -38, -40, -23, 5 ]
  Site 13: [ 45, 56, 63, 1, 33, -53, 27, -58, -30, -61, -46, 13, 0, -65, -11, 60, 24, 54, 42, 50, -16, 8 ]
  Site 14: [ -17, -32, -55, -36, 19, 38, -34, 45, -2, 42, 6, 7, -65, 0, -30, -48, -18, -28, -21, -31, -15, 22 ]
  Site 15: [ -42, -50, -60, -27, 46, 54, -1, 61, -65, 58, -33, 24, -11, -30, 0, -63, 13, -53, -45, -56, 8, -16 ]
  Site 16: [ -36, -14, 4, -64, 44, -29, -62, 1, 55, 27, 43, -51, 60, -48, -63, 0, 59, -68, -34, -20, -57, 52 ]
  Site 17: [ 38, 40, 51, -29, -12, -35, 66, -53, 7, -54, 26, -10, 24, -18, 13, 59, 0, -49, 28, 39, 5, -23 ]
  Site 18: [ 7, -23, 29, -51, -12, -10, -59, 13, 38, -24, 26, -35, 54, -28, -53, -68, -49, 0, 18, -5, -39, 40 ]
  Site 19: [ 2, -22, -36, -55, -19, -7, -48, 30, 17, -65, -6, -38, 42, -21, -45, -34, 28, 18, 0, -15, -31, 32 ]
  Site 20: [ -22, 3, -14, -52, 37, 23, -57, -8, 32, -16, 25, -40, 50, -31, -56, -20, 39, -5, -15, 0, -47, 41 ]
  Site 21: [ -32, -41, -52, -14, -37, 40, -20, 56, 22, 50, -25, -23, -16, -15, 8, -57, 5, -39, -31, -47, 0, -3 ]
  Site 22: [ 31, 47, 57, 20, 25, -39, 14, -50, -15, -56, 37, 5, 8, 22, -16, 52, -23, 40, 32, 41, -3, 0 ]
  For site 1 of kind 1:
  +-------------------------------------------+
  |    -65       7      -6      38     -42    |
  |-36     -22       0      21     -32     -55|
  |-34     -15       2     -17      31     -48|
  |     30     -18     -19     -28      45    |
  +-------------------------------------------+
  For site 2 of kind 2:
  +-------------------------------------------+
  |    -16     -23      25      40     -50    |
  |-14       3     -15      31     -41     -52|
  |-20       0     -22     -32      47     -57|
  |     -8       5      37     -39      56    |
  +-------------------------------------------+
  For site 3 of kind 3:
  +-------------------------------------------+
  |     27      29      43      51     -60    |
  |  4     -14     -34      48     -52     -64|
  |  0     -20     -36     -55      57     -62|
  |      1      67      44     -59      63    |
  +-------------------------------------------+
  For site 5 of kind 4:
  +-------------------------------------------+
  |     46     -12       0     -12      46    |
  | 44      37      -6      -6     -37     -44|
  | 43      25     -19      19      25     -43|
  |    -33     -26       9     -26      33    |
  +-------------------------------------------+
  For site 6 of kind 5:
  +-------------------------------------------+
  |     24     -10     -26     -35      54    |
  |-29      23     -18     -28      40      51|
  | 67       5      -7      38     -39      59|
  |    -13       0      12     -49     -53    |
  +-------------------------------------------+
  For site 8 of kind 6:
  +-------------------------------------------+
  |      0      13      46     -53      61    |
  |  1      -8     -65     -42      56      63|
  | 27     -16      30      45     -50      60|
  |     11      24     -33      54     -58    |
  +-------------------------------------------+
General system setup:
* Number of sites       : 22
* Number of electrons   : 22
* Spin imbalance MS2    : 0
* Filling               : 0.500000
* Number of orbitals in pool: 22
* Using real-valued orbitals
* Using double-precision arithmetic for orbitals

Trial wave function setup:
* Jastrow parameter file: "wfn.casl"
* Not using multideterminants
* Backflow parameter file: "wfn.casl"
* Not using wave function manipulation

VMC #1:
* Size of Hilbert space =   4.9763E+11
* Number of equil. steps   = 1000
* Running VMC equilibration.
  Done. [total walltime: 0.01s]
* Equil. acc.ratio (%)     =  12.8645
* Sample config after equilibration:
  +---------------------+
  |  2   u   2   d   u  |
  |d   d   d   0   2   2|
  |0   u   u   2   u   d|
  |  u   d   0   0   0  |
  +---------------------+
* Number of accum. steps   = 501760 x 10
* Running VMC accumulation.
  Done. [total walltime: 54.0s]
* Acceptance ratio (%)     =  12.8307
* Etot/t                   =  -8.409760731922E+02 +/-   6.352823294032E-04
  > Ttot/t                 =  -7.584313543980E+01 +/-   9.382023141051E-04
  > Utot/t                 =   3.356820413410E+01 +/-   1.121970545276E-03
* var[Eloc/t]              =   2.004464382204E-01 +/-   3.638134810353E-04
* Correlation length       =   1.010255547700E+00

Optimization #1:
* Method          : lls
* Target function : energy
* No. of configs. : 100352
* No. of params.  : 137
* Before optimization:
   0.0000E+00   0.0000E+00   0.0000E+00   0.0000E+00   0.0000E+00   0.0000E+00
   0.0000E+00   0.0000E+00   0.0000E+00   0.0000E+00   0.0000E+00   0.0000E+00
   0.0000E+00   0.0000E+00   0.0000E+00   0.0000E+00   0.0000E+00   0.0000E+00
   0.0000E+00   0.0000E+00   0.0000E+00   0.0000E+00   0.0000E+00   0.0000E+00
   0.0000E+00   0.0000E+00   0.0000E+00   0.0000E+00   0.0000E+00   0.0000E+00
   0.0000E+00   0.0000E+00   0.0000E+00   0.0000E+00   0.0000E+00   0.0000E+00
   0.0000E+00   0.0000E+00   0.0000E+00   0.0000E+00   0.0000E+00   0.0000E+00
   0.0000E+00   0.0000E+00   0.0000E+00   0.0000E+00   0.0000E+00   0.0000E+00
   0.0000E+00   0.0000E+00   0.0000E+00   0.0000E+00   0.0000E+00   0.0000E+00
   0.0000E+00   0.0000E+00   0.0000E+00   0.0000E+00   0.0000E+00   0.0000E+00
   0.0000E+00   0.0000E+00   0.0000E+00   0.0000E+00   0.0000E+00   0.0000E+00
   0.0000E+00   0.0000E+00   0.0000E+00   0.0000E+00   0.0000E+00   0.0000E+00
   0.0000E+00   0.0000E+00   0.0000E+00   0.0000E+00   0.0000E+00   0.0000E+00
   0.0000E+00   0.0000E+00   0.0000E+00   0.0000E+00   0.0000E+00   0.0000E+00
   0.0000E+00   0.0000E+00   0.0000E+00   0.0000E+00   0.0000E+00   0.0000E+00
   0.0000E+00   0.0000E+00   0.0000E+00   0.0000E+00   0.0000E+00   0.0000E+00
   0.0000E+00   0.0000E+00   0.0000E+00   0.0000E+00   0.0000E+00   0.0000E+00
   0.0000E+00   0.0000E+00   0.0000E+00   0.0000E+00   0.0000E+00   0.0000E+00
   0.0000E+00   0.0000E+00   0.0000E+00   0.0000E+00   0.0000E+00   0.0000E+00
   0.0000E+00   0.0000E+00   0.0000E+00   0.0000E+00   0.0000E+00   0.0000E+00
   0.0000E+00   0.0000E+00   0.0000E+00   0.0000E+00   0.0000E+00   0.0000E+00
   0.0000E+00   0.0000E+00   0.0000E+00   0.0000E+00   0.0000E+00   0.0000E+00
   0.0000E+00   0.0000E+00   0.0000E+00   0.0000E+00   0.0000E+00
  > E    =  -8.409762599349E+02 +/-   1.415838095372E-03
  > varE =   2.011653695549E-01
* Computing derivatives.
    [walltime: 1m9s elapsed, 9m12s remaining]
  Done. [total walltime: 10m19s]
* Optimizing manipulation constant:
  #igrid a___________ E____________________________________ varE____________
     1     Infinity    -8.40976260E+02 +/-   1.41583810E-03   2.01165370E-01
     2     1.0000E+06  -8.40976260E+02 +/-   1.41583702E-03   2.01165063E-01
     3     2.1544E+05  -8.40976262E+02 +/-   1.41583309E-03   2.01163947E-01
     4     4.6416E+04  -8.40976269E+02 +/-   1.41581486E-03   2.01158766E-01
     5     1.0000E+04  -8.40976300E+02 +/-   1.41573024E-03   2.01134722E-01
     6     2.1544E+03  -8.40976445E+02 +/-   1.41533770E-03   2.01023199E-01
     7     4.6416E+02  -8.40977117E+02 +/-   1.41352018E-03   2.00507239E-01
     8     1.0000E+02  -8.40980199E+02 +/-   1.40517981E-03   1.98148065E-01
     9     2.1544E+01  -8.40993706E+02 +/-   1.36839626E-03   1.87909955E-01
    10     4.6416E+00  -8.41043239E+02 +/-   1.22946407E-03   1.51690268E-01
    11     1.0000E+00  -8.41147686E+02 +/-   8.98178965E-04   8.09565127E-02
    12     2.1544E-01  -8.41216049E+02 +/-   6.43878789E-04   4.16039216E-02
    13     4.6416E-02  -8.41224098E+02 +/-   6.50575115E-04   4.24737813E-02
    14     1.0000E-02  -8.41223366E+02 +/-   6.71009012E-04   4.51837985E-02
    15     2.1544E-03  -8.41223020E+02 +/-   6.76720798E-04   4.59563026E-02
    16     4.6416E-04  -8.41222935E+02 +/-   6.78016959E-04   4.61325165E-02
    17     1.0000E-04  -8.41222916E+02 +/-   6.78299301E-04   4.61709459E-02
    18     2.1544E-05  -8.41222912E+02 +/-   6.78360274E-04   4.61792470E-02
    19     4.6416E-06  -8.41222911E+02 +/-   6.78373417E-04   4.61810364E-02
    20     1.0000E-06  -8.41222911E+02 +/-   6.78376249E-04   4.61814219E-02
    21     0.0000E+00  -8.41222911E+02 +/-   6.78377027E-04   4.61815278E-02
  ParMin   2.4733E-02  -8.41223826E+02 +/-   6.61584135E-04   4.39234249E-02
  # Using grid point #13
* Iteration # 1: E =  -8.412240977998E+02 +/-   6.505751145112E-04
* Reached maximum number of iterations: exiting.
* After optimization:
  -1.1642E+00  -1.1779E+00  -1.1689E+00  -1.1449E+00  -1.1322E+00  -1.1495E+00
   2.8221E-01   2.6830E-01   2.4931E-01   2.2415E-01   3.4784E-01   2.5724E-01
   2.3588E-01   2.9065E-01   2.8146E-01   3.0065E-01   2.9420E-01   2.9272E-01
   2.8387E-01   4.3449E-02   4.5852E-02   4.8739E-02   1.4684E-01   1.4260E-01
   1.0924E-01   1.1208E-01   5.7899E-02   5.9108E-02   2.5408E-02   2.6340E-02
   8.4969E-02   7.8750E-02   3.0949E-02   9.8055E-02   9.5289E-02   9.6709E-02
   9.2825E-02   1.1538E-01   1.1299E-01   8.2245E-02   7.7152E-02   7.8674E-02
   8.1988E-02   7.3314E-02  -3.7035E-03   9.2830E-04  -2.4164E-02  -2.5472E-02
   2.6274E-02   2.0437E-02   1.4680E-01   1.4049E-01  -1.0552E-02  -1.7595E-02
  -1.4451E-02  -2.0386E-02  -1.2188E-02  -1.5203E-02  -4.9143E-02  -4.8832E-02
  -4.7999E-02  -4.9654E-02  -3.2539E-03  -3.4844E-03  -2.1800E-02  -2.2282E-02
   9.6689E-03   2.1356E-02  -1.4119E-01  -9.7187E-02  -9.3627E-02  -4.8906E-02
  -1.0228E-01   1.1489E-02  -1.7981E-01  -4.3203E-02  -9.8903E-02  -6.3078E-02
  -1.0695E-01  -8.0733E-02  -1.1871E-01  -6.0592E-02  -1.3302E-01  -2.0038E-02
   3.7395E-02  -2.2538E-02   2.9628E-02  -8.8664E-03  -2.2916E-02  -2.0070E-02
  -5.0314E-02  -2.8128E-03  -2.9825E-02   2.2730E-02  -3.8500E-02   1.8805E-03
   3.5990E-03  -5.0586E-04  -4.2952E-02  -1.1075E-02   5.8287E-03  -2.5961E-02
  -3.0029E-02  -2.5953E-02  -2.6899E-02  -8.5605E-03  -7.6858E-02  -2.5477E-02
  -3.1343E-02  -1.7079E-02  -3.1175E-02  -4.6786E-03  -3.1463E-02   3.2503E-02
   2.1614E-02   4.4785E-02   2.9235E-02   2.1820E-02   1.8970E-02  -3.7319E-03
  -1.1397E-01   2.6290E-02   2.8133E-02   5.5842E-02   2.6033E-02   1.8212E-02
   2.3704E-02   4.0383E-02   4.3322E-02   5.3869E-02   5.1880E-02   5.4273E-02
   4.8600E-02   3.3912E-02   4.1928E-02   3.7869E-02   4.3649E-02
  > Energy =  -8.412240977998E+02 +/-   6.505751145112E-04
  > varE =   4.247378125096E-02

VMC #2:
* Size of Hilbert space =   4.9763E+11
* Number of equil. steps   = 1000
* Running VMC equilibration.
  Done. [total walltime: 0.01s]
* Equil. acc.ratio (%)     =   8.7686
* Sample config after equilibration:
  +---------------------+
  |  2   u   d   d   u  |
  |0   0   u   d   u   2|
  |2   d   0   u   u   0|
  |  u   d   2   d   d  |
  +---------------------+
* Number of accum. steps   = 501760 x 10
* Running VMC accumulation.
  Done. [total walltime: 54.6s]
* Acceptance ratio (%)     =   8.7399
* Etot/t                   =  -8.412264967352E+02 +/-   2.909376631120E-04
  > Ttot/t                 =  -7.564812556443E+01 +/-   1.053548894693E-03
  > Utot/t                 =   3.312277071577E+01 +/-   1.072014456883E-03
* var[Eloc/t]              =   4.217340762888E-02 +/-   1.067900610847E-04
* Correlation length       =   1.007064380384E+00

Optimization #2:
* Method          : lls
* Target function : energy
* No. of configs. : 100352
* No. of params.  : 137
* Before optimization:
  -1.1642E+00  -1.1779E+00  -1.1689E+00  -1.1449E+00  -1.1322E+00  -1.1495E+00
   2.8221E-01   2.6830E-01   2.4931E-01   2.2415E-01   3.4784E-01   2.5724E-01
   2.3588E-01   2.9065E-01   2.8146E-01   3.0065E-01   2.9420E-01   2.9272E-01
   2.8387E-01   4.3449E-02   4.5852E-02   4.8739E-02   1.4684E-01   1.4260E-01
   1.0924E-01   1.1208E-01   5.7899E-02   5.9108E-02   2.5408E-02   2.6340E-02
   8.4969E-02   7.8750E-02   3.0949E-02   9.8055E-02   9.5289E-02   9.6709E-02
   9.2825E-02   1.1538E-01   1.1299E-01   8.2245E-02   7.7152E-02   7.8674E-02
   8.1988E-02   7.3314E-02  -3.7035E-03   9.2830E-04  -2.4164E-02  -2.5472E-02
   2.6274E-02   2.0437E-02   1.4680E-01   1.4049E-01  -1.0552E-02  -1.7595E-02
  -1.4451E-02  -2.0386E-02  -1.2188E-02  -1.5203E-02  -4.9143E-02  -4.8832E-02
  -4.7999E-02  -4.9654E-02  -3.2539E-03  -3.4844E-03  -2.1800E-02  -2.2282E-02
   9.6689E-03   2.1356E-02  -1.4119E-01  -9.7187E-02  -9.3627E-02  -4.8906E-02
  -1.0228E-01   1.1489E-02  -1.7981E-01  -4.3203E-02  -9.8903E-02  -6.3078E-02
  -1.0695E-01  -8.0733E-02  -1.1871E-01  -6.0592E-02  -1.3302E-01  -2.0038E-02
   3.7395E-02  -2.2538E-02   2.9628E-02  -8.8664E-03  -2.2916E-02  -2.0070E-02
  -5.0314E-02  -2.8128E-03  -2.9825E-02   2.2730E-02  -3.8500E-02   1.8805E-03
   3.5990E-03  -5.0586E-04  -4.2952E-02  -1.1075E-02   5.8287E-03  -2.5961E-02
  -3.0029E-02  -2.5953E-02  -2.6899E-02  -8.5605E-03  -7.6858E-02  -2.5477E-02
  -3.1343E-02  -1.7079E-02  -3.1175E-02  -4.6786E-03  -3.1463E-02   3.2503E-02
   2.1614E-02   4.4785E-02   2.9235E-02   2.1820E-02   1.8970E-02  -3.7319E-03
  -1.1397E-01   2.6290E-02   2.8133E-02   5.5842E-02   2.6033E-02   1.8212E-02
   2.3704E-02   4.0383E-02   4.3322E-02   5.3869E-02   5.1880E-02   5.4273E-02
   4.8600E-02   3.3912E-02   4.1928E-02   3.7869E-02   4.3649E-02
  > E    =  -8.412275496849E+02 +/-   6.466830928694E-04
  > varE =   4.196710831627E-02
* Computing derivatives.
    [walltime: 1m13s elapsed, 10m48s remaining]
  Done. [total walltime: 11m49s]
* Optimizing manipulation constant:
  #igrid a___________ E____________________________________ varE____________
     1     Infinity    -8.41227550E+02 +/-   6.46683093E-04   4.19671083E-02
     2     1.0000E+06  -8.41227550E+02 +/-   6.46682461E-04   4.19670263E-02
     3     2.1544E+05  -8.41227550E+02 +/-   6.46680158E-04   4.19667275E-02
     4     4.6416E+04  -8.41227551E+02 +/-   6.46669473E-04   4.19653406E-02
     5     1.0000E+04  -8.41227556E+02 +/-   6.46619883E-04   4.19589046E-02
     6     2.1544E+03  -8.41227579E+02 +/-   6.46389885E-04   4.19290609E-02
     7     4.6416E+02  -8.41227683E+02 +/-   6.45326128E-04   4.17911700E-02
     8     1.0000E+02  -8.41228161E+02 +/-   6.40469149E-04   4.11644638E-02
     9     2.1544E+01  -8.41230193E+02 +/-   6.19536925E-04   3.85177070E-02
    10     4.6416E+00  -8.41236841E+02 +/-   5.48011497E-04   3.01373715E-02
    11     1.0000E+00  -8.41247423E+02 +/-   4.24756487E-04   1.81053145E-02
    12     2.1544E-01  -8.41252911E+02 +/-   3.62905407E-04   1.32163919E-02
    13     4.6416E-02  -8.41254031E+02 +/-   3.54973989E-04   1.26450076E-02
    14     1.0000E-02  -8.41254214E+02 +/-   3.54638893E-04   1.26211451E-02
    15     2.1544E-03  -8.41254249E+02 +/-   3.54663109E-04   1.26228688E-02
    16     4.6416E-04  -8.41254256E+02 +/-   3.54673254E-04   1.26235909E-02
    17     1.0000E-04  -8.41254258E+02 +/-   3.54675673E-04   1.26237631E-02
    18     2.1544E-05  -8.41254258E+02 +/-   3.54676205E-04   1.26238009E-02
    19     4.6416E-06  -8.41254258E+02 +/-   3.54676320E-04   1.26238091E-02
    20     1.0000E-06  -8.41254258E+02 +/-   3.54676345E-04   1.26238109E-02
    21     0.0000E+00  -8.41254258E+02 +/-   3.54676352E-04   1.26238114E-02
* Iteration # 1: E =  -8.412542580094E+02 +/-   3.546763516664E-04
* Reached maximum number of iterations: exiting.
* After optimization:
  -2.7185E+00  -2.7364E+00  -2.7226E+00  -2.7059E+00  -2.6936E+00  -2.7076E+00
   5.8984E-01   5.7747E-01   4.8718E-01   4.4243E-01   7.4493E-01   4.9164E-01
   4.7068E-01   5.5445E-01   5.4816E-01   5.9307E-01   5.8133E-01   5.7715E-01
   5.6601E-01   4.8603E-02   5.8895E-02   1.2277E-01   2.9055E-01   2.8639E-01
   2.1343E-01   2.1377E-01   1.5176E-01   1.5111E-01   5.6424E-02   6.0404E-02
   1.9970E-01   1.9717E-01   6.0818E-02   2.0318E-01   1.9883E-01   1.7932E-01
   1.7915E-01   2.6066E-01   2.5973E-01   1.6424E-01   1.6480E-01   1.6615E-01
   1.5513E-01   1.4823E-01   1.9157E-03   2.0876E-03  -5.3817E-02  -5.8476E-02
   3.3404E-02   3.2513E-02   3.4258E-01   3.3592E-01  -2.5607E-02  -2.6769E-02
  -2.5632E-02  -2.6574E-02  -1.9218E-02  -1.9618E-02  -9.5079E-02  -9.4257E-02
  -9.2535E-02  -9.0969E-02  -8.3862E-03  -1.1275E-02  -2.4959E-02  -2.3539E-02
   2.0183E-02  -1.0797E-01  -3.1549E-01  -2.2518E-01  -2.1058E-01  -1.6126E-01
  -2.0898E-01  -1.6969E-01  -3.9564E-01  -1.5428E-01  -2.2611E-01  -2.0440E-01
  -2.5092E-01  -2.3721E-01  -2.7280E-01  -2.0988E-01  -2.8200E-01  -6.8265E-02
   2.8866E-02  -8.6393E-02   1.9007E-02  -7.2983E-02  -7.7067E-02  -1.3559E-01
  -1.6730E-01  -1.0284E-01  -1.2460E-01  -3.4844E-02  -1.0092E-01  -3.0712E-02
  -2.1580E-02  -8.6506E-02  -1.2056E-01  -3.9452E-02  -1.7548E-02  -1.1649E-01
  -9.3771E-02  -1.0596E-01  -8.3043E-02  -1.0410E-01  -1.8440E-01  -8.8390E-02
  -9.5779E-02  -8.4036E-02  -9.9701E-02  -8.2402E-02  -8.1783E-02  -4.9816E-03
   2.2503E-03   3.2876E-02   3.2483E-02  -2.6356E-02  -3.1381E-03  -1.2688E-01
  -2.5430E-01   9.6177E-03   1.5897E-02   2.8735E-02   4.2869E-03   1.4331E-03
   1.6361E-02   4.6970E-02   5.1675E-02   5.0276E-02   4.8902E-02   4.0652E-03
   1.1230E-02   1.2213E-02   2.0147E-02  -1.4160E-02  -8.3061E-03
  > Energy =  -8.412542580094E+02 +/-   3.546763516664E-04
  > varE =   1.262381139382E-02

VMC #3:
* Size of Hilbert space =   4.9763E+11
* Number of equil. steps   = 1000
* Running VMC equilibration.
  Done. [total walltime: 0.01s]
* Equil. acc.ratio (%)     =   8.0254
* Sample config after equilibration:
  +---------------------+
  |  2   d   0   d   d  |
  |d   0   u   u   u   u|
  |u   u   2   2   d   d|
  |  d   d   0   u   u  |
  +---------------------+
* Number of accum. steps   = 501760 x 10
* Running VMC accumulation.
  Done. [total walltime: 52.4s]
* Acceptance ratio (%)     =   7.9962
* Etot/t                   =  -8.412536135497E+02 +/-   1.588238479707E-04
  > Ttot/t                 =  -7.562496917047E+01 +/-   9.926550559636E-04
  > Utot/t                 =   3.307249750725E+01 +/-   9.930067943412E-04
* var[Eloc/t]              =   1.249997695669E-02 +/-   5.051568935524E-05
* Correlation length       =   1.012554136044E+00

Optimization #3:
* Method          : lls
* Target function : energy
* No. of configs. : 100352
* No. of params.  : 137
* Before optimization:
  -2.7185E+00  -2.7364E+00  -2.7226E+00  -2.7059E+00  -2.6936E+00  -2.7076E+00
   5.8984E-01   5.7747E-01   4.8718E-01   4.4243E-01   7.4493E-01   4.9164E-01
   4.7068E-01   5.5445E-01   5.4816E-01   5.9307E-01   5.8133E-01   5.7715E-01
   5.6601E-01   4.8603E-02   5.8895E-02   1.2277E-01   2.9055E-01   2.8639E-01
   2.1343E-01   2.1377E-01   1.5176E-01   1.5111E-01   5.6424E-02   6.0404E-02
   1.9970E-01   1.9717E-01   6.0818E-02   2.0318E-01   1.9883E-01   1.7932E-01
   1.7915E-01   2.6066E-01   2.5973E-01   1.6424E-01   1.6480E-01   1.6615E-01
   1.5513E-01   1.4823E-01   1.9157E-03   2.0876E-03  -5.3817E-02  -5.8476E-02
   3.3404E-02   3.2513E-02   3.4258E-01   3.3592E-01  -2.5607E-02  -2.6769E-02
  -2.5632E-02  -2.6574E-02  -1.9218E-02  -1.9618E-02  -9.5079E-02  -9.4257E-02
  -9.2535E-02  -9.0969E-02  -8.3862E-03  -1.1275E-02  -2.4959E-02  -2.3539E-02
   2.0183E-02  -1.0797E-01  -3.1549E-01  -2.2518E-01  -2.1058E-01  -1.6126E-01
  -2.0898E-01  -1.6969E-01  -3.9564E-01  -1.5428E-01  -2.2611E-01  -2.0440E-01
  -2.5092E-01  -2.3721E-01  -2.7280E-01  -2.0988E-01  -2.8200E-01  -6.8265E-02
   2.8866E-02  -8.6393E-02   1.9007E-02  -7.2983E-02  -7.7067E-02  -1.3559E-01
  -1.6730E-01  -1.0284E-01  -1.2460E-01  -3.4844E-02  -1.0092E-01  -3.0712E-02
  -2.1580E-02  -8.6506E-02  -1.2056E-01  -3.9452E-02  -1.7548E-02  -1.1649E-01
  -9.3771E-02  -1.0596E-01  -8.3043E-02  -1.0410E-01  -1.8440E-01  -8.8390E-02
  -9.5779E-02  -8.4036E-02  -9.9701E-02  -8.2402E-02  -8.1783E-02  -4.9816E-03
   2.2503E-03   3.2876E-02   3.2483E-02  -2.6356E-02  -3.1381E-03  -1.2688E-01
  -2.5430E-01   9.6177E-03   1.5897E-02   2.8735E-02   4.2869E-03   1.4331E-03
   1.6361E-02   4.6970E-02   5.1675E-02   5.0276E-02   4.8902E-02   4.0652E-03
   1.1230E-02   1.2213E-02   2.0147E-02  -1.4160E-02  -8.3061E-03
  > E    =  -8.412541313100E+02 +/-   3.555939267040E-04
  > varE =   1.268921342921E-02
* Computing derivatives.
    [walltime: 1m13s elapsed, 10m47s remaining]
  Done. [total walltime: 11m49s]
* Optimizing manipulation constant:
  #igrid a___________ E____________________________________ varE____________
     1     Infinity    -8.41254131E+02 +/-   3.55593927E-04   1.26892134E-02
     2     1.0000E+06  -8.41254131E+02 +/-   3.55593918E-04   1.26892128E-02
     3     2.1544E+05  -8.41254131E+02 +/-   3.55593888E-04   1.26892107E-02
     4     4.6416E+04  -8.41254131E+02 +/-   3.55593747E-04   1.26892006E-02
     5     1.0000E+04  -8.41254131E+02 +/-   3.55593094E-04   1.26891540E-02
     6     2.1544E+03  -8.41254132E+02 +/-   3.55590067E-04   1.26889380E-02
     7     4.6416E+02  -8.41254133E+02 +/-   3.55576101E-04   1.26879413E-02
     8     1.0000E+02  -8.41254141E+02 +/-   3.55513050E-04   1.26834420E-02
     9     2.1544E+01  -8.41254175E+02 +/-   3.55255362E-04   1.26650619E-02
    10     4.6416E+00  -8.41254292E+02 +/-   3.54581467E-04   1.26170579E-02
    11     1.0000E+00  -8.41254506E+02 +/-   3.54771671E-04   1.26305976E-02
    12     2.1544E-01  -8.41254640E+02 +/-   3.57471909E-04   1.28235973E-02
    13     4.6416E-02  -8.41254671E+02 +/-   3.59528622E-04   1.29715828E-02
    14     1.0000E-02  -8.41254675E+02 +/-   3.60192712E-04   1.30195471E-02
    15     2.1544E-03  -8.41254675E+02 +/-   3.60351360E-04   1.30310185E-02
    16     4.6416E-04  -8.41254676E+02 +/-   3.60386348E-04   1.30335491E-02
    17     1.0000E-04  -8.41254676E+02 +/-   3.60393924E-04   1.30340972E-02
    18     2.1544E-05  -8.41254676E+02 +/-   3.60395558E-04   1.30342154E-02
    19     4.6416E-06  -8.41254676E+02 +/-   3.60395911E-04   1.30342408E-02
    20     1.0000E-06  -8.41254676E+02 +/-   3.60395986E-04   1.30342463E-02
    21     0.0000E+00  -8.41254676E+02 +/-   3.60396007E-04   1.30342478E-02
* Iteration # 1: E =  -8.412546755689E+02 +/-   3.603960072515E-04
* Reached maximum number of iterations: exiting.
* After optimization:
  -2.9600E+00  -2.9782E+00  -2.9643E+00  -2.9480E+00  -2.9345E+00  -2.9511E+00
   6.3725E-01   6.2883E-01   5.2579E-01   4.7400E-01   8.1445E-01   5.3177E-01
   5.0936E-01   5.9958E-01   5.9414E-01   6.3230E-01   6.2079E-01   6.2504E-01
   6.1217E-01   4.8459E-02   6.0507E-02   1.3667E-01   3.0860E-01   3.0576E-01
   2.3252E-01   2.2870E-01   1.6152E-01   1.6562E-01   5.8483E-02   6.2006E-02
   2.1483E-01   2.1377E-01   6.9337E-02   2.1661E-01   2.1073E-01   1.9685E-01
   1.9562E-01   2.8587E-01   2.8529E-01   1.8483E-01   1.7699E-01   1.8039E-01
   1.6755E-01   1.6094E-01  -1.7565E-04   1.7430E-03  -5.9857E-02  -6.1489E-02
   3.4672E-02   2.9944E-02   3.7773E-01   3.7352E-01  -2.8052E-02  -3.1808E-02
  -2.5741E-02  -3.0833E-02  -2.3714E-02  -2.4080E-02  -1.0009E-01  -9.9503E-02
  -9.6852E-02  -9.6180E-02  -1.3738E-02  -1.4188E-02  -2.5939E-02  -2.5313E-02
   2.3031E-02  -1.4747E-01  -3.4144E-01  -2.4931E-01  -2.3143E-01  -1.8459E-01
  -2.2056E-01  -2.2558E-01  -4.1752E-01  -1.7650E-01  -2.5518E-01  -2.3046E-01
  -2.7617E-01  -2.6132E-01  -3.0153E-01  -2.4439E-01  -3.0011E-01  -8.0312E-02
   3.0906E-02  -8.4692E-02   8.4675E-03  -8.1406E-02  -8.3463E-02  -1.4761E-01
  -1.8260E-01  -1.1650E-01  -1.4189E-01  -4.7498E-02  -9.8856E-02  -3.1921E-02
  -2.1559E-02  -1.0084E-01  -1.2541E-01  -4.4420E-02  -1.8986E-02  -1.2130E-01
  -1.0254E-01  -1.1882E-01  -9.0034E-02  -1.2835E-01  -1.9187E-01  -1.0576E-01
  -1.0863E-01  -9.2015E-02  -1.0925E-01  -9.3059E-02  -9.1876E-02  -7.6756E-03
  -1.7452E-03   3.1206E-02   3.3550E-02  -2.9196E-02  -6.7164E-03  -1.5701E-01
  -2.7050E-01   9.3599E-03   1.7483E-02   2.5067E-02   2.2782E-03   5.3016E-03
   1.3277E-02   4.6076E-02   5.6349E-02   4.9583E-02   5.1017E-02   2.0795E-03
   6.7436E-03   1.5654E-02   1.9767E-02  -1.9542E-02  -1.5037E-02
  > Energy =  -8.412546755689E+02 +/-   3.603960072515E-04
  > varE =   1.303424782356E-02

VMC #4:
* Size of Hilbert space =   4.9763E+11
* Number of equil. steps   = 1000
* Running VMC equilibration.
  Done. [total walltime: 0.01s]
* Equil. acc.ratio (%)     =   7.8751
* Sample config after equilibration:
  +---------------------+
  |  u   2   d   d   0  |
  |0   d   2   u   u   2|
  |2   u   0   d   d   d|
  |  0   d   u   u   u  |
  +---------------------+
* Number of accum. steps   = 501760 x 10
* Running VMC accumulation.
  Done. [total walltime: 53.7s]
* Acceptance ratio (%)     =   7.8576
* Etot/t                   =  -8.412536745051E+02 +/-   1.604538853904E-04
  > Ttot/t                 =  -7.561657991573E+01 +/-   1.005116859585E-03
  > Utot/t                 =   3.306404729718E+01 +/-   9.913760616186E-04
* var[Eloc/t]              =   1.296838119360E-02 +/-   4.922837834798E-05
* Correlation length       =   9.961179014119E-01

Optimization #4:
* Method          : lls
* Target function : energy
* No. of configs. : 100352
* No. of params.  : 137
* Before optimization:
  -2.9600E+00  -2.9782E+00  -2.9643E+00  -2.9480E+00  -2.9345E+00  -2.9511E+00
   6.3725E-01   6.2883E-01   5.2579E-01   4.7400E-01   8.1445E-01   5.3177E-01
   5.0936E-01   5.9958E-01   5.9414E-01   6.3230E-01   6.2079E-01   6.2504E-01
   6.1217E-01   4.8459E-02   6.0507E-02   1.3667E-01   3.0860E-01   3.0576E-01
   2.3252E-01   2.2870E-01   1.6152E-01   1.6562E-01   5.8483E-02   6.2006E-02
   2.1483E-01   2.1377E-01   6.9337E-02   2.1661E-01   2.1073E-01   1.9685E-01
   1.9562E-01   2.8587E-01   2.8529E-01   1.8483E-01   1.7699E-01   1.8039E-01
   1.6755E-01   1.6094E-01  -1.7565E-04   1.7430E-03  -5.9857E-02  -6.1489E-02
   3.4672E-02   2.9944E-02   3.7773E-01   3.7352E-01  -2.8052E-02  -3.1808E-02
  -2.5741E-02  -3.0833E-02  -2.3714E-02  -2.4080E-02  -1.0009E-01  -9.9503E-02
  -9.6852E-02  -9.6180E-02  -1.3738E-02  -1.4188E-02  -2.5939E-02  -2.5313E-02
   2.3031E-02  -1.4747E-01  -3.4144E-01  -2.4931E-01  -2.3143E-01  -1.8459E-01
  -2.2056E-01  -2.2558E-01  -4.1752E-01  -1.7650E-01  -2.5518E-01  -2.3046E-01
  -2.7617E-01  -2.6132E-01  -3.0153E-01  -2.4439E-01  -3.0011E-01  -8.0312E-02
   3.0906E-02  -8.4692E-02   8.4675E-03  -8.1406E-02  -8.3463E-02  -1.4761E-01
  -1.8260E-01  -1.1650E-01  -1.4189E-01  -4.7498E-02  -9.8856E-02  -3.1921E-02
  -2.1559E-02  -1.0084E-01  -1.2541E-01  -4.4420E-02  -1.8986E-02  -1.2130E-01
  -1.0254E-01  -1.1882E-01  -9.0034E-02  -1.2835E-01  -1.9187E-01  -1.0576E-01
  -1.0863E-01  -9.2015E-02  -1.0925E-01  -9.3059E-02  -9.1876E-02  -7.6756E-03
  -1.7452E-03   3.1206E-02   3.3550E-02  -2.9196E-02  -6.7164E-03  -1.5701E-01
  -2.7050E-01   9.3599E-03   1.7483E-02   2.5067E-02   2.2782E-03   5.3016E-03
   1.3277E-02   4.6076E-02   5.6349E-02   4.9583E-02   5.1017E-02   2.0795E-03
   6.7436E-03   1.5654E-02   1.9767E-02  -1.9542E-02  -1.5037E-02
  > E    =  -8.412541205480E+02 +/-   3.625355984890E-04
  > varE =   1.318947010236E-02
* Computing derivatives.
    [walltime: 1m13s elapsed, 10m46s remaining]
  Done. [total walltime: 11m49s]
* Optimizing manipulation constant:
  #igrid a___________ E____________________________________ varE____________
     1     Infinity    -8.41254121E+02 +/-   3.62535598E-04   1.31894701E-02
     2     1.0000E+06  -8.41254121E+02 +/-   3.62535598E-04   1.31894701E-02
     3     2.1544E+05  -8.41254121E+02 +/-   3.62535598E-04   1.31894700E-02
     4     4.6416E+04  -8.41254121E+02 +/-   3.62535594E-04   1.31894698E-02
     5     1.0000E+04  -8.41254121E+02 +/-   3.62535579E-04   1.31894687E-02
     6     2.1544E+03  -8.41254121E+02 +/-   3.62535508E-04   1.31894635E-02
     7     4.6416E+02  -8.41254121E+02 +/-   3.62535180E-04   1.31894397E-02
     8     1.0000E+02  -8.41254122E+02 +/-   3.62533738E-04   1.31893347E-02
     9     2.1544E+01  -8.41254125E+02 +/-   3.62528553E-04   1.31889574E-02
    10     4.6416E+00  -8.41254136E+02 +/-   3.62526574E-04   1.31888135E-02
    11     1.0000E+00  -8.41254158E+02 +/-   3.62635309E-04   1.31967263E-02
    12     2.1544E-01  -8.41254172E+02 +/-   3.62923746E-04   1.32177278E-02
    13     4.6416E-02  -8.41254173E+02 +/-   3.63115114E-04   1.32316707E-02
    14     1.0000E-02  -8.41254173E+02 +/-   3.63174366E-04   1.32359893E-02
    15     2.1544E-03  -8.41254173E+02 +/-   3.63188333E-04   1.32370074E-02
    16     4.6416E-04  -8.41254173E+02 +/-   3.63191403E-04   1.32372312E-02
    17     1.0000E-04  -8.41254173E+02 +/-   3.63192068E-04   1.32372796E-02
    18     2.1544E-05  -8.41254173E+02 +/-   3.63192211E-04   1.32372900E-02
    19     4.6416E-06  -8.41254173E+02 +/-   3.63192242E-04   1.32372923E-02
    20     1.0000E-06  -8.41254173E+02 +/-   3.63192248E-04   1.32372928E-02
    21     0.0000E+00  -8.41254173E+02 +/-   3.63192250E-04   1.32372929E-02
* Iteration # 1: E =  -8.412541733268E+02 +/-   3.631151139717E-04
* Reached maximum number of iterations: exiting.
* After optimization:
  -2.9512E+00  -2.9619E+00  -2.9590E+00  -2.9404E+00  -2.9243E+00  -2.9384E+00
   6.4587E-01   6.3201E-01   5.2738E-01   4.7299E-01   8.1454E-01   5.3039E-01
   5.1262E-01   5.9357E-01   5.8765E-01   6.3450E-01   6.2110E-01   6.1835E-01
   6.0932E-01   4.8597E-02   5.6689E-02   1.3056E-01   3.1348E-01   3.0994E-01
   2.2668E-01   2.2685E-01   1.6082E-01   1.6439E-01   6.1320E-02   6.2920E-02
   2.1121E-01   2.0857E-01   6.8043E-02   2.2037E-01   2.1421E-01   1.9434E-01
   1.9641E-01   2.8182E-01   2.8272E-01   1.7960E-01   1.8046E-01   1.8100E-01
   1.6560E-01   1.5662E-01  -5.4653E-03  -3.7888E-03  -6.2616E-02  -6.0438E-02
   3.6243E-02   3.0706E-02   3.7681E-01   3.7199E-01  -2.7825E-02  -3.1306E-02
  -3.0750E-02  -3.4675E-02  -2.3740E-02  -2.6445E-02  -9.9312E-02  -1.0085E-01
  -9.7070E-02  -9.6464E-02  -9.9895E-03  -1.3708E-02  -2.7304E-02  -2.6489E-02
   2.2313E-02  -1.5094E-01  -3.4262E-01  -2.5131E-01  -2.2968E-01  -1.8682E-01
  -2.1944E-01  -2.2257E-01  -4.1113E-01  -1.7823E-01  -2.5336E-01  -2.2538E-01
  -2.7017E-01  -2.6030E-01  -2.9706E-01  -2.4213E-01  -2.9619E-01  -8.0902E-02
   3.2898E-02  -8.4733E-02   1.2908E-02  -9.1325E-02  -7.5156E-02  -1.5079E-01
  -1.8517E-01  -1.1735E-01  -1.4046E-01  -5.1498E-02  -9.5403E-02  -3.3546E-02
  -2.1778E-02  -1.0342E-01  -1.1710E-01  -4.3248E-02  -1.9045E-02  -1.2630E-01
  -1.0260E-01  -1.2024E-01  -8.9282E-02  -1.2570E-01  -1.8950E-01  -1.0318E-01
  -1.0844E-01  -9.4089E-02  -1.1032E-01  -9.1742E-02  -8.8376E-02  -1.0413E-02
   3.5197E-03   3.1485E-02   3.3946E-02  -3.1731E-02  -6.1153E-03  -1.6305E-01
  -2.6441E-01   9.9645E-03   1.6091E-02   2.5224E-02   7.1758E-03   3.3607E-03
   1.5451E-02   4.7902E-02   5.4955E-02   5.0198E-02   5.0235E-02   9.9521E-04
   6.0565E-03   1.3903E-02   2.0892E-02  -1.9100E-02  -1.5973E-02
  > Energy =  -8.412541733268E+02 +/-   3.631151139717E-04
  > varE =   1.323167070974E-02

VMC #5:
* Size of Hilbert space =   4.9763E+11
* Number of equil. steps   = 1000
* Running VMC equilibration.
  Done. [total walltime: 0.01s]
* Equil. acc.ratio (%)     =   7.8695
* Sample config after equilibration:
  +---------------------+
  |  u   u   2   u   u  |
  |d   d   d   0   d   d|
  |u   0   u   2   2   d|
  |  d   2   0   0   u  |
  +---------------------+
* Number of accum. steps   = 501760 x 10
* Running VMC accumulation.
  Done. [total walltime: 54.2s]
* Acceptance ratio (%)     =   7.8334
* Etot/t                   =  -8.412538446301E+02 +/-   1.601894326182E-04
  > Ttot/t                 =  -7.561452502175E+01 +/-   9.904915603739E-04
  > Utot/t                 =   3.306182227812E+01 +/-   9.855372534102E-04
* var[Eloc/t]              =   1.314215115121E-02 +/-   8.304551856595E-05
* Correlation length       =   9.797094680110E-01

Optimization #5:
* Method          : lls
* Target function : energy
* No. of configs. : 100352
* No. of params.  : 137
* Before optimization:
  -2.9512E+00  -2.9619E+00  -2.9590E+00  -2.9404E+00  -2.9243E+00  -2.9384E+00
   6.4587E-01   6.3201E-01   5.2738E-01   4.7299E-01   8.1454E-01   5.3039E-01
   5.1262E-01   5.9357E-01   5.8765E-01   6.3450E-01   6.2110E-01   6.1835E-01
   6.0932E-01   4.8597E-02   5.6689E-02   1.3056E-01   3.1348E-01   3.0994E-01
   2.2668E-01   2.2685E-01   1.6082E-01   1.6439E-01   6.1320E-02   6.2920E-02
   2.1121E-01   2.0857E-01   6.8043E-02   2.2037E-01   2.1421E-01   1.9434E-01
   1.9641E-01   2.8182E-01   2.8272E-01   1.7960E-01   1.8046E-01   1.8100E-01
   1.6560E-01   1.5662E-01  -5.4653E-03  -3.7888E-03  -6.2616E-02  -6.0438E-02
   3.6243E-02   3.0706E-02   3.7681E-01   3.7199E-01  -2.7825E-02  -3.1306E-02
  -3.0750E-02  -3.4675E-02  -2.3740E-02  -2.6445E-02  -9.9312E-02  -1.0085E-01
  -9.7070E-02  -9.6464E-02  -9.9895E-03  -1.3708E-02  -2.7304E-02  -2.6489E-02
   2.2313E-02  -1.5094E-01  -3.4262E-01  -2.5131E-01  -2.2968E-01  -1.8682E-01
  -2.1944E-01  -2.2257E-01  -4.1113E-01  -1.7823E-01  -2.5336E-01  -2.2538E-01
  -2.7017E-01  -2.6030E-01  -2.9706E-01  -2.4213E-01  -2.9619E-01  -8.0902E-02
   3.2898E-02  -8.4733E-02   1.2908E-02  -9.1325E-02  -7.5156E-02  -1.5079E-01
  -1.8517E-01  -1.1735E-01  -1.4046E-01  -5.1498E-02  -9.5403E-02  -3.3546E-02
  -2.1778E-02  -1.0342E-01  -1.1710E-01  -4.3248E-02  -1.9045E-02  -1.2630E-01
  -1.0260E-01  -1.2024E-01  -8.9282E-02  -1.2570E-01  -1.8950E-01  -1.0318E-01
  -1.0844E-01  -9.4089E-02  -1.1032E-01  -9.1742E-02  -8.8376E-02  -1.0413E-02
   3.5197E-03   3.1485E-02   3.3946E-02  -3.1731E-02  -6.1153E-03  -1.6305E-01
  -2.6441E-01   9.9645E-03   1.6091E-02   2.5224E-02   7.1758E-03   3.3607E-03
   1.5451E-02   4.7902E-02   5.4955E-02   5.0198E-02   5.0235E-02   9.9521E-04
   6.0565E-03   1.3903E-02   2.0892E-02  -1.9100E-02  -1.5973E-02
  > E    =  -8.412537143084E+02 +/-   3.613669644567E-04
  > varE =   1.310457460128E-02
* Computing derivatives.
    [walltime: 1m13s elapsed, 10m47s remaining]
  Done. [total walltime: 11m49s]
* Optimizing manipulation constant:
  #igrid a___________ E____________________________________ varE____________
     1     Infinity    -8.41253714E+02 +/-   3.61366964E-04   1.31045746E-02
     2     1.0000E+06  -8.41253714E+02 +/-   3.61366964E-04   1.31045745E-02
     3     2.1544E+05  -8.41253714E+02 +/-   3.61366961E-04   1.31045743E-02
     4     4.6416E+04  -8.41253714E+02 +/-   3.61366947E-04   1.31045733E-02
     5     1.0000E+04  -8.41253714E+02 +/-   3.61366883E-04   1.31045687E-02
     6     2.1544E+03  -8.41253714E+02 +/-   3.61366585E-04   1.31045471E-02
     7     4.6416E+02  -8.41253714E+02 +/-   3.61365210E-04   1.31044474E-02
     8     1.0000E+02  -8.41253715E+02 +/-   3.61358959E-04   1.31039940E-02
     9     2.1544E+01  -8.41253717E+02 +/-   3.61332520E-04   1.31020766E-02
    10     4.6416E+00  -8.41253723E+02 +/-   3.61248438E-04   1.30959796E-02
    11     1.0000E+00  -8.41253733E+02 +/-   3.61105379E-04   1.30856093E-02
    12     2.1544E-01  -8.41253724E+02 +/-   3.60741290E-04   1.30592351E-02
    13     4.6416E-02  -8.41253690E+02 +/-   3.60163167E-04   1.30174113E-02
    14     1.0000E-02  -8.41253666E+02 +/-   3.59899078E-04   1.29983282E-02
    15     2.1544E-03  -8.41253658E+02 +/-   3.59831050E-04   1.29934148E-02
    16     4.6416E-04  -8.41253657E+02 +/-   3.59815840E-04   1.29923164E-02
    17     1.0000E-04  -8.41253656E+02 +/-   3.59812538E-04   1.29920779E-02
    18     2.1544E-05  -8.41253656E+02 +/-   3.59811825E-04   1.29920264E-02
    19     4.6416E-06  -8.41253656E+02 +/-   3.59811671E-04   1.29920154E-02
    20     1.0000E-06  -8.41253656E+02 +/-   3.59811638E-04   1.29920130E-02
    21     0.0000E+00  -8.41253656E+02 +/-   3.59811629E-04   1.29920123E-02
* Iteration # 1: E =  -8.412537325627E+02 +/-   3.611053790176E-04
* Reached maximum number of iterations: exiting.
* After optimization:
  -2.9751E+00  -2.9896E+00  -2.9839E+00  -2.9622E+00  -2.9496E+00  -2.9648E+00
   6.5012E-01   6.3601E-01   5.2965E-01   4.7828E-01   8.2100E-01   5.3347E-01
   5.1497E-01   5.9753E-01   5.9159E-01   6.3634E-01   6.2286E-01   6.2212E-01
   6.1227E-01   5.0119E-02   6.1517E-02   1.3359E-01   3.1359E-01   3.1098E-01
   2.2996E-01   2.3023E-01   1.6239E-01   1.6519E-01   6.3006E-02   6.5674E-02
   2.1237E-01   2.1135E-01   6.9510E-02   2.2122E-01   2.1546E-01   1.9699E-01
   1.9765E-01   2.8333E-01   2.8452E-01   1.8068E-01   1.7995E-01   1.8304E-01
   1.6988E-01   1.6133E-01  -3.4776E-03  -1.0643E-03  -6.0130E-02  -6.0122E-02
   3.6556E-02   3.2603E-02   3.8223E-01   3.7621E-01  -2.6078E-02  -2.9509E-02
  -3.0252E-02  -3.3416E-02  -2.2996E-02  -2.4233E-02  -9.8479E-02  -9.9754E-02
  -9.7174E-02  -9.6031E-02  -1.2358E-02  -1.3803E-02  -2.6179E-02  -2.4765E-02
   2.2380E-02  -1.5358E-01  -3.4555E-01  -2.5338E-01  -2.3123E-01  -1.9043E-01
  -2.2304E-01  -2.2805E-01  -4.1618E-01  -1.7910E-01  -2.5516E-01  -2.2869E-01
  -2.7341E-01  -2.6150E-01  -2.9958E-01  -2.4360E-01  -2.9740E-01  -8.2102E-02
   2.9611E-02  -8.6535E-02   1.1161E-02  -9.1719E-02  -7.8199E-02  -1.4985E-01
  -1.8525E-01  -1.1874E-01  -1.4295E-01  -5.1767E-02  -9.6100E-02  -3.3798E-02
  -2.1845E-02  -1.0475E-01  -1.1904E-01  -4.4239E-02  -1.8894E-02  -1.2795E-01
  -1.0363E-01  -1.2024E-01  -8.9894E-02  -1.2815E-01  -1.9022E-01  -1.0294E-01
  -1.0803E-01  -9.4427E-02  -1.1089E-01  -9.3918E-02  -9.1025E-02  -1.0454E-02
   2.8651E-03   3.1871E-02   3.3826E-02  -3.2805E-02  -7.8565E-03  -1.6391E-01
  -2.6656E-01   9.0986E-03   1.5977E-02   2.5810E-02   7.1869E-03   2.6043E-03
   1.5031E-02   4.7271E-02   5.4879E-02   5.0118E-02   5.0709E-02   1.7008E-03
   7.1839E-03   1.2719E-02   2.0130E-02  -1.8466E-02  -1.4278E-02
  > Energy =  -8.412537325627E+02 +/-   3.611053790176E-04
  > varE =   1.308560925290E-02

VMC #6:
* Size of Hilbert space =   4.9763E+11
* Number of equil. steps   = 1000
* Running VMC equilibration.
  Done. [total walltime: 0.01s]
* Equil. acc.ratio (%)     =   7.8586
* Sample config after equilibration:
  +---------------------+
  |  2   2   2   2   2  |
  |0   0   0   u   0   0|
  |2   u   u   d   2   u|
  |  0   d   d   0   d  |
  +---------------------+
* Number of accum. steps   = 501760 x 10
* Running VMC accumulation.
  Done. [total walltime: 54.5s]
* Acceptance ratio (%)     =   7.8321
* Etot/t                   =  -8.412542042811E+02 +/-   1.592057248648E-04
  > Ttot/t                 =  -7.561502845746E+01 +/-   1.001706727223E-03
  > Utot/t                 =   3.306196606282E+01 +/-   9.954436214209E-04
* var[Eloc/t]              =   1.330322082275E-02 +/-   1.966951501970E-04
* Correlation length       =   9.559971497801E-01

Optimization #6:
* Method          : lls
* Target function : energy
* No. of configs. : 100352
* No. of params.  : 137
* Before optimization:
  -2.9751E+00  -2.9896E+00  -2.9839E+00  -2.9622E+00  -2.9496E+00  -2.9648E+00
   6.5012E-01   6.3601E-01   5.2965E-01   4.7828E-01   8.2100E-01   5.3347E-01
   5.1497E-01   5.9753E-01   5.9159E-01   6.3634E-01   6.2286E-01   6.2212E-01
   6.1227E-01   5.0119E-02   6.1517E-02   1.3359E-01   3.1359E-01   3.1098E-01
   2.2996E-01   2.3023E-01   1.6239E-01   1.6519E-01   6.3006E-02   6.5674E-02
   2.1237E-01   2.1135E-01   6.9510E-02   2.2122E-01   2.1546E-01   1.9699E-01
   1.9765E-01   2.8333E-01   2.8452E-01   1.8068E-01   1.7995E-01   1.8304E-01
   1.6988E-01   1.6133E-01  -3.4776E-03  -1.0643E-03  -6.0130E-02  -6.0122E-02
   3.6556E-02   3.2603E-02   3.8223E-01   3.7621E-01  -2.6078E-02  -2.9509E-02
  -3.0252E-02  -3.3416E-02  -2.2996E-02  -2.4233E-02  -9.8479E-02  -9.9754E-02
  -9.7174E-02  -9.6031E-02  -1.2358E-02  -1.3803E-02  -2.6179E-02  -2.4765E-02
   2.2380E-02  -1.5358E-01  -3.4555E-01  -2.5338E-01  -2.3123E-01  -1.9043E-01
  -2.2304E-01  -2.2805E-01  -4.1618E-01  -1.7910E-01  -2.5516E-01  -2.2869E-01
  -2.7341E-01  -2.6150E-01  -2.9958E-01  -2.4360E-01  -2.9740E-01  -8.2102E-02
   2.9611E-02  -8.6535E-02   1.1161E-02  -9.1719E-02  -7.8199E-02  -1.4985E-01
  -1.8525E-01  -1.1874E-01  -1.4295E-01  -5.1767E-02  -9.6100E-02  -3.3798E-02
  -2.1845E-02  -1.0475E-01  -1.1904E-01  -4.4239E-02  -1.8894E-02  -1.2795E-01
  -1.0363E-01  -1.2024E-01  -8.9894E-02  -1.2815E-01  -1.9022E-01  -1.0294E-01
  -1.0803E-01  -9.4427E-02  -1.1089E-01  -9.3918E-02  -9.1025E-02  -1.0454E-02
   2.8651E-03   3.1871E-02   3.3826E-02  -3.2805E-02  -7.8565E-03  -1.6391E-01
  -2.6656E-01   9.0986E-03   1.5977E-02   2.5810E-02   7.1869E-03   2.6043E-03
   1.5031E-02   4.7271E-02   5.4879E-02   5.0118E-02   5.0709E-02   1.7008E-03
   7.1839E-03   1.2719E-02   2.0130E-02  -1.8466E-02  -1.4278E-02
  > E    =  -8.412539041043E+02 +/-   3.633788872909E-04
  > varE =   1.325090113681E-02
* Computing derivatives.
    [walltime: 1m13s elapsed, 10m48s remaining]
  Done. [total walltime: 11m49s]
* Optimizing manipulation constant:
  #igrid a___________ E____________________________________ varE____________
     1     Infinity    -8.41253904E+02 +/-   3.63378887E-04   1.32509011E-02
     2     1.0000E+06  -8.41253904E+02 +/-   3.63378885E-04   1.32509010E-02
     3     2.1544E+05  -8.41253904E+02 +/-   3.63378879E-04   1.32509005E-02
     4     4.6416E+04  -8.41253904E+02 +/-   3.63378848E-04   1.32508983E-02
     5     1.0000E+04  -8.41253904E+02 +/-   3.63378706E-04   1.32508879E-02
     6     2.1544E+03  -8.41253904E+02 +/-   3.63378046E-04   1.32508398E-02
     7     4.6416E+02  -8.41253904E+02 +/-   3.63374993E-04   1.32506171E-02
     8     1.0000E+02  -8.41253905E+02 +/-   3.63360989E-04   1.32495958E-02
     9     2.1544E+01  -8.41253908E+02 +/-   3.63299451E-04   1.32451084E-02
    10     4.6416E+00  -8.41253918E+02 +/-   3.63071263E-04   1.32284751E-02
    11     1.0000E+00  -8.41253939E+02 +/-   3.62551575E-04   1.31906326E-02
    12     2.1544E-01  -8.41253957E+02 +/-   3.62027206E-04   1.31525042E-02
    13     4.6416E-02  -8.41253963E+02 +/-   3.61786053E-04   1.31349878E-02
    14     1.0000E-02  -8.41253964E+02 +/-   3.61717234E-04   1.31299912E-02
    15     2.1544E-03  -8.41253964E+02 +/-   3.61701192E-04   1.31288266E-02
    16     4.6416E-04  -8.41253964E+02 +/-   3.61697672E-04   1.31285711E-02
    17     1.0000E-04  -8.41253964E+02 +/-   3.61696911E-04   1.31285158E-02
    18     2.1544E-05  -8.41253964E+02 +/-   3.61696747E-04   1.31285039E-02
    19     4.6416E-06  -8.41253964E+02 +/-   3.61696711E-04   1.31285013E-02
    20     1.0000E-06  -8.41253964E+02 +/-   3.61696704E-04   1.31285008E-02
    21     0.0000E+00  -8.41253964E+02 +/-   3.61696702E-04   1.31285006E-02
* Iteration # 1: E =  -8.412539644065E+02 +/-   3.616967015106E-04
* Reached maximum number of iterations: exiting.
* After optimization:
  -2.9590E+00  -2.9714E+00  -2.9644E+00  -2.9476E+00  -2.9332E+00  -2.9527E+00
   6.4015E-01   6.3226E-01   5.2028E-01   4.7388E-01   8.1439E-01   5.3118E-01
   5.1170E-01   5.9718E-01   5.9193E-01   6.3235E-01   6.1993E-01   6.2163E-01
   6.0810E-01   4.9966E-02   6.4212E-02   1.3050E-01   3.1036E-01   3.0480E-01
   2.3075E-01   2.3100E-01   1.6280E-01   1.6304E-01   6.5043E-02   6.6364E-02
   2.1263E-01   2.1131E-01   6.5444E-02   2.1689E-01   2.1277E-01   1.9408E-01
   1.9344E-01   2.8248E-01   2.8123E-01   1.8007E-01   1.7659E-01   1.7965E-01
   1.7129E-01   1.6359E-01  -1.0720E-03  -4.0480E-04  -5.8073E-02  -6.0373E-02
   3.4576E-02   3.0743E-02   3.7518E-01   3.7355E-01  -2.7177E-02  -3.1777E-02
  -2.8544E-02  -2.9470E-02  -2.0044E-02  -2.0277E-02  -9.6720E-02  -9.6051E-02
  -9.3844E-02  -9.5976E-02  -1.1426E-02  -1.0542E-02  -2.5410E-02  -2.2734E-02
   2.2765E-02  -1.4636E-01  -3.4472E-01  -2.4823E-01  -2.3106E-01  -1.9627E-01
  -2.1260E-01  -2.1840E-01  -4.1691E-01  -1.8392E-01  -2.4770E-01  -2.2927E-01
  -2.7550E-01  -2.6169E-01  -2.9911E-01  -2.4372E-01  -2.9602E-01  -7.9752E-02
   2.8909E-02  -8.9897E-02   1.0485E-02  -7.9623E-02  -8.4444E-02  -1.4573E-01
  -1.8379E-01  -1.1731E-01  -1.3980E-01  -5.1530E-02  -9.7402E-02  -3.8389E-02
  -2.0526E-02  -1.0315E-01  -1.1968E-01  -4.2447E-02  -1.9966E-02  -1.2423E-01
  -1.0380E-01  -1.1529E-01  -9.0997E-02  -1.2780E-01  -1.8858E-01  -1.0315E-01
  -1.0550E-01  -9.5399E-02  -1.0536E-01  -9.9668E-02  -8.5817E-02  -1.0319E-02
  -7.7227E-04   3.1045E-02   3.5373E-02  -2.9180E-02  -8.2946E-03  -1.5526E-01
  -2.7200E-01   1.1301E-02   1.5361E-02   2.6394E-02   4.8161E-03   2.1653E-03
   1.2669E-02   4.4587E-02   5.4591E-02   4.8957E-02   5.0623E-02   7.7266E-04
   5.9383E-03   1.3013E-02   1.9431E-02  -1.7574E-02  -1.5040E-02
  > Energy =  -8.412539644065E+02 +/-   3.616967015106E-04
  > varE =   1.312850061373E-02

VMC #7:
* Size of Hilbert space =   4.9763E+11
* Number of equil. steps   = 1000
* Running VMC equilibration.
  Done. [total walltime: 0.01s]
* Equil. acc.ratio (%)     =   7.8842
* Sample config after equilibration:
  +---------------------+
  |  u   0   2   u   d  |
  |d   2   d   0   d   u|
  |d   u   0   u   2   u|
  |  u   d   2   0   d  |
  +---------------------+
* Number of accum. steps   = 501760 x 10
* Running VMC accumulation.
  Done. [total walltime: 52.1s]
* Acceptance ratio (%)     =   7.8471
* Etot/t                   =  -8.412541101290E+02 +/-   1.605199610306E-04
  > Ttot/t                 =  -7.561634380798E+01 +/-   1.012824668362E-03
  > Utot/t                 =   3.306337556543E+01 +/-   1.000663687854E-03
* var[Eloc/t]              =   1.309868692281E-02 +/-   7.249348924550E-05
* Correlation length       =   9.870209387176E-01

Optimization #7:
* Method          : lls
* Target function : energy
* No. of configs. : 100352
* No. of params.  : 137
* Before optimization:
  -2.9590E+00  -2.9714E+00  -2.9644E+00  -2.9476E+00  -2.9332E+00  -2.9527E+00
   6.4015E-01   6.3226E-01   5.2028E-01   4.7388E-01   8.1439E-01   5.3118E-01
   5.1170E-01   5.9718E-01   5.9193E-01   6.3235E-01   6.1993E-01   6.2163E-01
   6.0810E-01   4.9966E-02   6.4212E-02   1.3050E-01   3.1036E-01   3.0480E-01
   2.3075E-01   2.3100E-01   1.6280E-01   1.6304E-01   6.5043E-02   6.6364E-02
   2.1263E-01   2.1131E-01   6.5444E-02   2.1689E-01   2.1277E-01   1.9408E-01
   1.9344E-01   2.8248E-01   2.8123E-01   1.8007E-01   1.7659E-01   1.7965E-01
   1.7129E-01   1.6359E-01  -1.0720E-03  -4.0480E-04  -5.8073E-02  -6.0373E-02
   3.4576E-02   3.0743E-02   3.7518E-01   3.7355E-01  -2.7177E-02  -3.1777E-02
  -2.8544E-02  -2.9470E-02  -2.0044E-02  -2.0277E-02  -9.6720E-02  -9.6051E-02
  -9.3844E-02  -9.5976E-02  -1.1426E-02  -1.0542E-02  -2.5410E-02  -2.2734E-02
   2.2765E-02  -1.4636E-01  -3.4472E-01  -2.4823E-01  -2.3106E-01  -1.9627E-01
  -2.1260E-01  -2.1840E-01  -4.1691E-01  -1.8392E-01  -2.4770E-01  -2.2927E-01
  -2.7550E-01  -2.6169E-01  -2.9911E-01  -2.4372E-01  -2.9602E-01  -7.9752E-02
   2.8909E-02  -8.9897E-02   1.0485E-02  -7.9623E-02  -8.4444E-02  -1.4573E-01
  -1.8379E-01  -1.1731E-01  -1.3980E-01  -5.1530E-02  -9.7402E-02  -3.8389E-02
  -2.0526E-02  -1.0315E-01  -1.1968E-01  -4.2447E-02  -1.9966E-02  -1.2423E-01
  -1.0380E-01  -1.1529E-01  -9.0997E-02  -1.2780E-01  -1.8858E-01  -1.0315E-01
  -1.0550E-01  -9.5399E-02  -1.0536E-01  -9.9668E-02  -8.5817E-02  -1.0319E-02
  -7.7227E-04   3.1045E-02   3.5373E-02  -2.9180E-02  -8.2946E-03  -1.5526E-01
  -2.7200E-01   1.1301E-02   1.5361E-02   2.6394E-02   4.8161E-03   2.1653E-03
   1.2669E-02   4.4587E-02   5.4591E-02   4.8957E-02   5.0623E-02   7.7266E-04
   5.9383E-03   1.3013E-02   1.9431E-02  -1.7574E-02  -1.5040E-02
  > E    =  -8.412541225043E+02 +/-   3.638975529531E-04
  > varE =   1.328875524755E-02
* Computing derivatives.
    [walltime: 1m13s elapsed, 10m46s remaining]
  Done. [total walltime: 11m49s]
* Optimizing manipulation constant:
  #igrid a___________ E____________________________________ varE____________
     1     Infinity    -8.41254123E+02 +/-   3.63897553E-04   1.32887552E-02
     2     1.0000E+06  -8.41254123E+02 +/-   3.63897553E-04   1.32887552E-02
     3     2.1544E+05  -8.41254123E+02 +/-   3.63897552E-04   1.32887552E-02
     4     4.6416E+04  -8.41254123E+02 +/-   3.63897547E-04   1.32887548E-02
     5     1.0000E+04  -8.41254123E+02 +/-   3.63897525E-04   1.32887532E-02
     6     2.1544E+03  -8.41254123E+02 +/-   3.63897424E-04   1.32887458E-02
     7     4.6416E+02  -8.41254123E+02 +/-   3.63896956E-04   1.32887117E-02
     8     1.0000E+02  -8.41254124E+02 +/-   3.63894872E-04   1.32885594E-02
     9     2.1544E+01  -8.41254127E+02 +/-   3.63886831E-04   1.32879721E-02
    10     4.6416E+00  -8.41254140E+02 +/-   3.63873129E-04   1.32869715E-02
    11     1.0000E+00  -8.41254165E+02 +/-   3.63937473E-04   1.32916710E-02
    12     2.1544E-01  -8.41254184E+02 +/-   3.64129490E-04   1.33057003E-02
    13     4.6416E-02  -8.41254190E+02 +/-   3.64255683E-04   1.33149244E-02
    14     1.0000E-02  -8.41254192E+02 +/-   3.64295909E-04   1.33178654E-02
    15     2.1544E-03  -8.41254192E+02 +/-   3.64305567E-04   1.33185715E-02
    16     4.6416E-04  -8.41254192E+02 +/-   3.64307701E-04   1.33187276E-02
    17     1.0000E-04  -8.41254192E+02 +/-   3.64308163E-04   1.33187614E-02
    18     2.1544E-05  -8.41254192E+02 +/-   3.64308263E-04   1.33187686E-02
    19     4.6416E-06  -8.41254192E+02 +/-   3.64308284E-04   1.33187702E-02
    20     1.0000E-06  -8.41254192E+02 +/-   3.64308289E-04   1.33187706E-02
    21     0.0000E+00  -8.41254192E+02 +/-   3.64308290E-04   1.33187706E-02
* Iteration # 1: E =  -8.412541920534E+02 +/-   3.643082900262E-04
* Reached maximum number of iterations: exiting.
* After optimization:
  -2.9792E+00  -2.9926E+00  -2.9834E+00  -2.9634E+00  -2.9546E+00  -2.9693E+00
   6.4452E-01   6.3535E-01   5.2839E-01   4.7854E-01   8.2398E-01   5.3390E-01
   5.1585E-01   6.0476E-01   5.9688E-01   6.3353E-01   6.2013E-01   6.2151E-01
   6.0955E-01   4.8885E-02   5.8590E-02   1.3859E-01   3.1277E-01   3.0811E-01
   2.2794E-01   2.2774E-01   1.6701E-01   1.6788E-01   5.9448E-02   6.2394E-02
   2.1742E-01   2.1443E-01   7.0990E-02   2.1673E-01   2.1281E-01   2.0067E-01
   1.9697E-01   2.8488E-01   2.8343E-01   1.8754E-01   1.7767E-01   1.7941E-01
   1.6907E-01   1.6135E-01   3.2308E-03   3.5439E-03  -6.0942E-02  -6.2029E-02
   3.2871E-02   3.2172E-02   3.8665E-01   3.8164E-01  -2.5996E-02  -2.7286E-02
  -2.4876E-02  -2.7496E-02  -2.4070E-02  -2.1763E-02  -9.7613E-02  -9.6416E-02
  -9.6716E-02  -9.6194E-02  -1.2749E-02  -1.3051E-02  -2.6966E-02  -2.5137E-02
   2.3118E-02  -1.5157E-01  -3.3521E-01  -2.5199E-01  -2.3148E-01  -1.9269E-01
  -2.2232E-01  -2.3655E-01  -4.0669E-01  -1.7985E-01  -2.5836E-01  -2.3067E-01
  -2.7436E-01  -2.5720E-01  -3.0100E-01  -2.4424E-01  -2.9596E-01  -7.9237E-02
   3.3532E-02  -8.1873E-02   5.5494E-03  -9.0531E-02  -8.0939E-02  -1.5031E-01
  -1.8559E-01  -1.1492E-01  -1.4133E-01  -5.6401E-02  -9.3571E-02  -3.0796E-02
  -2.1222E-02  -1.0623E-01  -1.2219E-01  -4.5507E-02  -1.7591E-02  -1.2284E-01
  -1.0592E-01  -1.2211E-01  -9.1603E-02  -1.3241E-01  -1.8838E-01  -1.0646E-01
  -1.1048E-01  -9.1704E-02  -1.1069E-01  -9.1842E-02  -9.0628E-02  -8.9670E-03
  -3.3482E-03   3.2296E-02   3.3936E-02  -2.9623E-02  -5.9400E-03  -1.7054E-01
  -2.6762E-01   8.3643E-03   1.3525E-02   2.1296E-02   3.1151E-03   4.4936E-03
   1.2693E-02   4.6948E-02   5.4774E-02   4.9894E-02   5.1541E-02   2.0594E-03
   6.6815E-03   1.3795E-02   1.9429E-02  -2.0224E-02  -1.6034E-02
  > Energy =  -8.412541920534E+02 +/-   3.643082900262E-04
  > varE =   1.331877064480E-02

VMC #8:
* Size of Hilbert space =   4.9763E+11
* Number of equil. steps   = 1000
* Running VMC equilibration.
  Done. [total walltime: 0.01s]
* Equil. acc.ratio (%)     =   7.8646
* Sample config after equilibration:
  +---------------------+
  |  2   2   2   u   d  |
  |0   0   d   0   d   2|
  |0   u   u   2   d   0|
  |  2   d   0   u   u  |
  +---------------------+
* Number of accum. steps   = 501760 x 10
* Running VMC accumulation.
  Done. [total walltime: 54.1s]
* Acceptance ratio (%)     =   7.8324
* Etot/t                   =  -8.412538589258E+02 +/-   1.639881156911E-04
  > Ttot/t                 =  -7.561525616768E+01 +/-   9.867827413164E-04
  > Utot/t                 =   3.306253912834E+01 +/-   9.765657253551E-04
* var[Eloc/t]              =   1.329898755955E-02 +/-   2.081053627484E-04
* Correlation length       =   1.014617171662E+00

Optimization #8:
* Method          : lls
* Target function : energy
* No. of configs. : 100352
* No. of params.  : 137
* Before optimization:
  -2.9792E+00  -2.9926E+00  -2.9834E+00  -2.9634E+00  -2.9546E+00  -2.9693E+00
   6.4452E-01   6.3535E-01   5.2839E-01   4.7854E-01   8.2398E-01   5.3390E-01
   5.1585E-01   6.0476E-01   5.9688E-01   6.3353E-01   6.2013E-01   6.2151E-01
   6.0955E-01   4.8885E-02   5.8590E-02   1.3859E-01   3.1277E-01   3.0811E-01
   2.2794E-01   2.2774E-01   1.6701E-01   1.6788E-01   5.9448E-02   6.2394E-02
   2.1742E-01   2.1443E-01   7.0990E-02   2.1673E-01   2.1281E-01   2.0067E-01
   1.9697E-01   2.8488E-01   2.8343E-01   1.8754E-01   1.7767E-01   1.7941E-01
   1.6907E-01   1.6135E-01   3.2308E-03   3.5439E-03  -6.0942E-02  -6.2029E-02
   3.2871E-02   3.2172E-02   3.8665E-01   3.8164E-01  -2.5996E-02  -2.7286E-02
  -2.4876E-02  -2.7496E-02  -2.4070E-02  -2.1763E-02  -9.7613E-02  -9.6416E-02
  -9.6716E-02  -9.6194E-02  -1.2749E-02  -1.3051E-02  -2.6966E-02  -2.5137E-02
   2.3118E-02  -1.5157E-01  -3.3521E-01  -2.5199E-01  -2.3148E-01  -1.9269E-01
  -2.2232E-01  -2.3655E-01  -4.0669E-01  -1.7985E-01  -2.5836E-01  -2.3067E-01
  -2.7436E-01  -2.5720E-01  -3.0100E-01  -2.4424E-01  -2.9596E-01  -7.9237E-02
   3.3532E-02  -8.1873E-02   5.5494E-03  -9.0531E-02  -8.0939E-02  -1.5031E-01
  -1.8559E-01  -1.1492E-01  -1.4133E-01  -5.6401E-02  -9.3571E-02  -3.0796E-02
  -2.1222E-02  -1.0623E-01  -1.2219E-01  -4.5507E-02  -1.7591E-02  -1.2284E-01
  -1.0592E-01  -1.2211E-01  -9.1603E-02  -1.3241E-01  -1.8838E-01  -1.0646E-01
  -1.1048E-01  -9.1704E-02  -1.1069E-01  -9.1842E-02  -9.0628E-02  -8.9670E-03
  -3.3482E-03   3.2296E-02   3.3936E-02  -2.9623E-02  -5.9400E-03  -1.7054E-01
  -2.6762E-01   8.3643E-03   1.3525E-02   2.1296E-02   3.1151E-03   4.4936E-03
   1.2693E-02   4.6948E-02   5.4774E-02   4.9894E-02   5.1541E-02   2.0594E-03
   6.6815E-03   1.3795E-02   1.9429E-02  -2.0224E-02  -1.6034E-02
  > E    =  -8.412538101603E+02 +/-   3.595860774900E-04
  > varE =   1.297572906825E-02
* Computing derivatives.
    [walltime: 1m13s elapsed, 10m48s remaining]
  Done. [total walltime: 11m50s]
* Optimizing manipulation constant:
  #igrid a___________ E____________________________________ varE____________
     1     Infinity    -8.41253810E+02 +/-   3.59586077E-04   1.29757291E-02
     2     1.0000E+06  -8.41253810E+02 +/-   3.59586076E-04   1.29757290E-02
     3     2.1544E+05  -8.41253810E+02 +/-   3.59586070E-04   1.29757285E-02
     4     4.6416E+04  -8.41253810E+02 +/-   3.59586043E-04   1.29757266E-02
     5     1.0000E+04  -8.41253810E+02 +/-   3.59585917E-04   1.29757175E-02
     6     2.1544E+03  -8.41253810E+02 +/-   3.59585335E-04   1.29756755E-02
     7     4.6416E+02  -8.41253810E+02 +/-   3.59582643E-04   1.29754812E-02
     8     1.0000E+02  -8.41253811E+02 +/-   3.59570358E-04   1.29745946E-02
     9     2.1544E+01  -8.41253814E+02 +/-   3.59517591E-04   1.29707868E-02
    10     4.6416E+00  -8.41253823E+02 +/-   3.59339463E-04   1.29579369E-02
    11     1.0000E+00  -8.41253840E+02 +/-   3.59038707E-04   1.29362552E-02
    12     2.1544E-01  -8.41253850E+02 +/-   3.58885792E-04   1.29252384E-02
    13     4.6416E-02  -8.41253851E+02 +/-   3.58872034E-04   1.29242475E-02
    14     1.0000E-02  -8.41253851E+02 +/-   3.58876000E-04   1.29245331E-02
    15     2.1544E-03  -8.41253851E+02 +/-   3.58877478E-04   1.29246396E-02
    16     4.6416E-04  -8.41253851E+02 +/-   3.58877831E-04   1.29246650E-02
    17     1.0000E-04  -8.41253851E+02 +/-   3.58877909E-04   1.29246706E-02
    18     2.1544E-05  -8.41253851E+02 +/-   3.58877926E-04   1.29246718E-02
    19     4.6416E-06  -8.41253851E+02 +/-   3.58877929E-04   1.29246721E-02
    20     1.0000E-06  -8.41253851E+02 +/-   3.58877930E-04   1.29246721E-02
    21     0.0000E+00  -8.41253851E+02 +/-   3.58877930E-04   1.29246722E-02
* Iteration # 1: E =  -8.412538513647E+02 +/-   3.588720340781E-04
* Reached maximum number of iterations: exiting.
* After optimization:
  -2.9917E+00  -3.0090E+00  -2.9955E+00  -2.9842E+00  -2.9646E+00  -2.9881E+00
   6.4880E-01   6.4273E-01   5.2735E-01   4.8037E-01   8.1985E-01   5.3770E-01
   5.1553E-01   6.0254E-01   6.0018E-01   6.3895E-01   6.2522E-01   6.2395E-01
   6.1515E-01   5.1025E-02   6.2132E-02   1.3629E-01   3.1461E-01   3.1074E-01
   2.2970E-01   2.3196E-01   1.6229E-01   1.6802E-01   6.1501E-02   6.5152E-02
   2.1590E-01   2.1459E-01   7.0210E-02   2.1974E-01   2.1550E-01   1.9812E-01
   1.9856E-01   2.8643E-01   2.8800E-01   1.8430E-01   1.7911E-01   1.7992E-01
   1.7294E-01   1.6491E-01  -1.1713E-03   3.4078E-03  -5.9741E-02  -6.0971E-02
   3.6892E-02   3.1887E-02   3.8077E-01   3.7750E-01  -2.5982E-02  -2.8877E-02
  -2.5365E-02  -3.0728E-02  -2.0525E-02  -1.9649E-02  -9.9039E-02  -1.0053E-01
  -9.7100E-02  -9.4951E-02  -1.0673E-02  -1.0074E-02  -2.5117E-02  -2.1956E-02
   2.3083E-02  -1.5751E-01  -3.4934E-01  -2.4908E-01  -2.3119E-01  -1.8951E-01
  -2.2369E-01  -2.2857E-01  -4.1144E-01  -1.8065E-01  -2.5697E-01  -2.3370E-01
  -2.7649E-01  -2.6621E-01  -3.0266E-01  -2.4507E-01  -3.0077E-01  -8.3210E-02
   3.1094E-02  -8.6937E-02   8.6258E-03  -8.6911E-02  -8.4383E-02  -1.5183E-01
  -1.8303E-01  -1.1652E-01  -1.4235E-01  -5.2697E-02  -9.7537E-02  -3.3762E-02
  -2.3187E-02  -1.0253E-01  -1.2461E-01  -4.4205E-02  -2.1192E-02  -1.2480E-01
  -1.0381E-01  -1.2123E-01  -9.0600E-02  -1.2916E-01  -1.9058E-01  -1.0224E-01
  -1.1025E-01  -9.1779E-02  -1.0815E-01  -9.5959E-02  -9.3434E-02  -9.0388E-03
  -1.4345E-03   3.1814E-02   3.2384E-02  -3.0995E-02  -5.4640E-03  -1.6260E-01
  -2.6889E-01   8.6295E-03   1.5771E-02   2.3877E-02   5.2036E-03   4.3510E-03
   1.0700E-02   4.8379E-02   5.5786E-02   4.8756E-02   5.0016E-02   1.0437E-03
   4.5054E-03   1.3431E-02   1.8203E-02  -1.8066E-02  -1.3013E-02
  > Energy =  -8.412538513647E+02 +/-   3.588720340781E-04
  > varE =   1.292424746051E-02

VMC #9:
* Size of Hilbert space =   4.9763E+11
* Number of equil. steps   = 1000
* Running VMC equilibration.
  Done. [total walltime: 0.01s]
* Equil. acc.ratio (%)     =   7.8779
* Sample config after equilibration:
  +---------------------+
  |  2   2   u   2   0  |
  |0   0   d   0   d   2|
  |2   2   2   u   u   u|
  |  0   0   0   d   d  |
  +---------------------+
* Number of accum. steps   = 501760 x 10
* Running VMC accumulation.
  Done. [total walltime: 54.1s]
* Acceptance ratio (%)     =   7.8367
* Etot/t                   =  -8.412542317685E+02 +/-   1.614627352252E-04
  > Ttot/t                 =  -7.561325421066E+01 +/-   1.011487829761E-03
  > Utot/t                 =   3.306016432865E+01 +/-   9.988160182505E-04
* var[Eloc/t]              =   1.297007113256E-02 +/-   6.745462816443E-05
* Correlation length       =   1.008551986930E+00

Optimization #9:
* Method          : lls
* Target function : energy
* No. of configs. : 100352
* No. of params.  : 137
* Before optimization:
  -2.9917E+00  -3.0090E+00  -2.9955E+00  -2.9842E+00  -2.9646E+00  -2.9881E+00
   6.4880E-01   6.4273E-01   5.2735E-01   4.8037E-01   8.1985E-01   5.3770E-01
   5.1553E-01   6.0254E-01   6.0018E-01   6.3895E-01   6.2522E-01   6.2395E-01
   6.1515E-01   5.1025E-02   6.2132E-02   1.3629E-01   3.1461E-01   3.1074E-01
   2.2970E-01   2.3196E-01   1.6229E-01   1.6802E-01   6.1501E-02   6.5152E-02
   2.1590E-01   2.1459E-01   7.0210E-02   2.1974E-01   2.1550E-01   1.9812E-01
   1.9856E-01   2.8643E-01   2.8800E-01   1.8430E-01   1.7911E-01   1.7992E-01
   1.7294E-01   1.6491E-01  -1.1713E-03   3.4078E-03  -5.9741E-02  -6.0971E-02
   3.6892E-02   3.1887E-02   3.8077E-01   3.7750E-01  -2.5982E-02  -2.8877E-02
  -2.5365E-02  -3.0728E-02  -2.0525E-02  -1.9649E-02  -9.9039E-02  -1.0053E-01
  -9.7100E-02  -9.4951E-02  -1.0673E-02  -1.0074E-02  -2.5117E-02  -2.1956E-02
   2.3083E-02  -1.5751E-01  -3.4934E-01  -2.4908E-01  -2.3119E-01  -1.8951E-01
  -2.2369E-01  -2.2857E-01  -4.1144E-01  -1.8065E-01  -2.5697E-01  -2.3370E-01
  -2.7649E-01  -2.6621E-01  -3.0266E-01  -2.4507E-01  -3.0077E-01  -8.3210E-02
   3.1094E-02  -8.6937E-02   8.6258E-03  -8.6911E-02  -8.4383E-02  -1.5183E-01
  -1.8303E-01  -1.1652E-01  -1.4235E-01  -5.2697E-02  -9.7537E-02  -3.3762E-02
  -2.3187E-02  -1.0253E-01  -1.2461E-01  -4.4205E-02  -2.1192E-02  -1.2480E-01
  -1.0381E-01  -1.2123E-01  -9.0600E-02  -1.2916E-01  -1.9058E-01  -1.0224E-01
  -1.1025E-01  -9.1779E-02  -1.0815E-01  -9.5959E-02  -9.3434E-02  -9.0388E-03
  -1.4345E-03   3.1814E-02   3.2384E-02  -3.0995E-02  -5.4640E-03  -1.6260E-01
  -2.6889E-01   8.6295E-03   1.5771E-02   2.3877E-02   5.2036E-03   4.3510E-03
   1.0700E-02   4.8379E-02   5.5786E-02   4.8756E-02   5.0016E-02   1.0437E-03
   4.5054E-03   1.3431E-02   1.8203E-02  -1.8066E-02  -1.3013E-02
  > E    =  -8.412541768909E+02 +/-   3.617139342909E-04
  > varE =   1.312975163955E-02
* Computing derivatives.
    [walltime: 1m13s elapsed, 10m48s remaining]
  Done. [total walltime: 11m49s]
* Optimizing manipulation constant:
  #igrid a___________ E____________________________________ varE____________
     1     Infinity    -8.41254177E+02 +/-   3.61713934E-04   1.31297516E-02
     2     1.0000E+06  -8.41254177E+02 +/-   3.61713933E-04   1.31297515E-02
     3     2.1544E+05  -8.41254177E+02 +/-   3.61713928E-04   1.31297512E-02
     4     4.6416E+04  -8.41254177E+02 +/-   3.61713905E-04   1.31297495E-02
     5     1.0000E+04  -8.41254177E+02 +/-   3.61713799E-04   1.31297418E-02
     6     2.1544E+03  -8.41254177E+02 +/-   3.61713306E-04   1.31297060E-02
     7     4.6416E+02  -8.41254177E+02 +/-   3.61711026E-04   1.31295405E-02
     8     1.0000E+02  -8.41254178E+02 +/-   3.61700600E-04   1.31287836E-02
     9     2.1544E+01  -8.41254181E+02 +/-   3.61655324E-04   1.31254970E-02
    10     4.6416E+00  -8.41254194E+02 +/-   3.61495121E-04   1.31138712E-02
    11     1.0000E+00  -8.41254219E+02 +/-   3.61175273E-04   1.30906754E-02
    12     2.1544E-01  -8.41254239E+02 +/-   3.60930002E-04   1.30729018E-02
    13     4.6416E-02  -8.41254246E+02 +/-   3.60868975E-04   1.30684814E-02
    14     1.0000E-02  -8.41254248E+02 +/-   3.60863181E-04   1.30680618E-02
    15     2.1544E-03  -8.41254248E+02 +/-   3.60862816E-04   1.30680353E-02
    16     4.6416E-04  -8.41254248E+02 +/-   3.60862790E-04   1.30680334E-02
    17     1.0000E-04  -8.41254248E+02 +/-   3.60862787E-04   1.30680332E-02
    18     2.1544E-05  -8.41254248E+02 +/-   3.60862786E-04   1.30680332E-02
    19     4.6416E-06  -8.41254248E+02 +/-   3.60862786E-04   1.30680332E-02
    20     1.0000E-06  -8.41254248E+02 +/-   3.60862786E-04   1.30680332E-02
    21     0.0000E+00  -8.41254248E+02 +/-   3.60862786E-04   1.30680332E-02
* Iteration # 1: E =  -8.412542479705E+02 +/-   3.608627859730E-04
* Reached maximum number of iterations: exiting.
* After optimization:
  -2.9907E+00  -3.0057E+00  -3.0016E+00  -2.9808E+00  -2.9638E+00  -2.9864E+00
   6.4296E-01   6.3326E-01   5.3172E-01   4.8023E-01   8.2698E-01   5.3150E-01
   5.0955E-01   6.0075E-01   5.9415E-01   6.4051E-01   6.2890E-01   6.2538E-01
   6.1390E-01   4.7611E-02   6.1160E-02   1.4422E-01   3.1656E-01   3.1248E-01
   2.2823E-01   2.2883E-01   1.7076E-01   1.7275E-01   6.2676E-02   6.6609E-02
   2.1838E-01   2.1917E-01   6.6538E-02   2.1999E-01   2.1786E-01   2.0218E-01
   1.9875E-01   2.8795E-01   2.8619E-01   1.7766E-01   1.7800E-01   1.8412E-01
   1.7154E-01   1.6210E-01  -2.2299E-03   1.2772E-03  -6.0256E-02  -6.0562E-02
   3.8705E-02   3.3942E-02   3.8867E-01   3.8295E-01  -2.4107E-02  -2.6456E-02
  -2.6285E-02  -2.9970E-02  -2.1048E-02  -2.2374E-02  -9.9392E-02  -9.9063E-02
  -9.4699E-02  -9.6872E-02  -1.1038E-02  -1.2409E-02  -2.6654E-02  -2.5104E-02
   2.4025E-02  -1.4457E-01  -3.4199E-01  -2.5173E-01  -2.3525E-01  -1.9572E-01
  -2.1779E-01  -2.3352E-01  -4.2347E-01  -1.8136E-01  -2.5121E-01  -2.3036E-01
  -2.7583E-01  -2.6911E-01  -3.0260E-01  -2.5050E-01  -2.9837E-01  -7.7668E-02
   3.0930E-02  -8.8348E-02   1.3016E-02  -9.2711E-02  -8.3687E-02  -1.5233E-01
  -1.8379E-01  -1.1789E-01  -1.3994E-01  -5.6151E-02  -9.7376E-02  -3.6159E-02
  -1.9733E-02  -1.0943E-01  -1.2274E-01  -4.2196E-02  -1.9505E-02  -1.2876E-01
  -1.0392E-01  -1.2022E-01  -9.3297E-02  -1.3075E-01  -1.8857E-01  -9.8864E-02
  -1.0700E-01  -9.6469E-02  -1.0776E-01  -9.7771E-02  -8.8345E-02  -1.1327E-02
  -1.8505E-04   3.0577E-02   3.4245E-02  -3.2078E-02  -7.4100E-03  -1.6456E-01
  -2.7190E-01   7.4154E-03   1.5310E-02   2.4657E-02   4.2338E-03   2.2454E-03
   1.3230E-02   4.8264E-02   5.4782E-02   5.0760E-02   4.9608E-02   1.4224E-03
   5.9414E-03   1.4899E-02   2.1332E-02  -1.9891E-02  -1.4316E-02
  > Energy =  -8.412542479705E+02 +/-   3.608627859730E-04
  > varE =   1.306803315652E-02

VMC #10:
* Size of Hilbert space =   4.9763E+11
* Number of equil. steps   = 1000
* Running VMC equilibration.
  Done. [total walltime: 0.01s]
* Equil. acc.ratio (%)     =   7.8946
* Sample config after equilibration:
  +---------------------+
  |  d   d   d   0   2  |
  |u   u   u   u   2   d|
  |u   d   0   2   d   0|
  |  d   2   0   u   u  |
  +---------------------+
* Number of accum. steps   = 501760 x 10
* Running VMC accumulation.
  Done. [total walltime: 54.3s]
* Acceptance ratio (%)     =   7.8543
* Etot/t                   =  -8.412537037787E+02 +/-   1.598697107302E-04
  > Ttot/t                 =  -7.561758685800E+01 +/-   1.010474560199E-03
  > Utot/t                 =   3.306502496575E+01 +/-   1.001704664478E-03
* var[Eloc/t]              =   1.307237125546E-02 +/-   6.630409524592E-05
* Correlation length       =   9.810113716035E-01

Optimization #10:
* Method          : lls
* Target function : energy
* No. of configs. : 100352
* No. of params.  : 137
* Before optimization:
  -2.9907E+00  -3.0057E+00  -3.0016E+00  -2.9808E+00  -2.9638E+00  -2.9864E+00
   6.4296E-01   6.3326E-01   5.3172E-01   4.8023E-01   8.2698E-01   5.3150E-01
   5.0955E-01   6.0075E-01   5.9415E-01   6.4051E-01   6.2890E-01   6.2538E-01
   6.1390E-01   4.7611E-02   6.1160E-02   1.4422E-01   3.1656E-01   3.1248E-01
   2.2823E-01   2.2883E-01   1.7076E-01   1.7275E-01   6.2676E-02   6.6609E-02
   2.1838E-01   2.1917E-01   6.6538E-02   2.1999E-01   2.1786E-01   2.0218E-01
   1.9875E-01   2.8795E-01   2.8619E-01   1.7766E-01   1.7800E-01   1.8412E-01
   1.7154E-01   1.6210E-01  -2.2299E-03   1.2772E-03  -6.0256E-02  -6.0562E-02
   3.8705E-02   3.3942E-02   3.8867E-01   3.8295E-01  -2.4107E-02  -2.6456E-02
  -2.6285E-02  -2.9970E-02  -2.1048E-02  -2.2374E-02  -9.9392E-02  -9.9063E-02
  -9.4699E-02  -9.6872E-02  -1.1038E-02  -1.2409E-02  -2.6654E-02  -2.5104E-02
   2.4025E-02  -1.4457E-01  -3.4199E-01  -2.5173E-01  -2.3525E-01  -1.9572E-01
  -2.1779E-01  -2.3352E-01  -4.2347E-01  -1.8136E-01  -2.5121E-01  -2.3036E-01
  -2.7583E-01  -2.6911E-01  -3.0260E-01  -2.5050E-01  -2.9837E-01  -7.7668E-02
   3.0930E-02  -8.8348E-02   1.3016E-02  -9.2711E-02  -8.3687E-02  -1.5233E-01
  -1.8379E-01  -1.1789E-01  -1.3994E-01  -5.6151E-02  -9.7376E-02  -3.6159E-02
  -1.9733E-02  -1.0943E-01  -1.2274E-01  -4.2196E-02  -1.9505E-02  -1.2876E-01
  -1.0392E-01  -1.2022E-01  -9.3297E-02  -1.3075E-01  -1.8857E-01  -9.8864E-02
  -1.0700E-01  -9.6469E-02  -1.0776E-01  -9.7771E-02  -8.8345E-02  -1.1327E-02
  -1.8505E-04   3.0577E-02   3.4245E-02  -3.2078E-02  -7.4100E-03  -1.6456E-01
  -2.7190E-01   7.4154E-03   1.5310E-02   2.4657E-02   4.2338E-03   2.2454E-03
   1.3230E-02   4.8264E-02   5.4782E-02   5.0760E-02   4.9608E-02   1.4224E-03
   5.9414E-03   1.4899E-02   2.1332E-02  -1.9891E-02  -1.4316E-02
  > E    =  -8.412538767288E+02 +/-   3.610082928988E-04
  > varE =   1.307857385378E-02
* Computing derivatives.
    [walltime: 1m13s elapsed, 10m46s remaining]
  Done. [total walltime: 11m49s]
* Optimizing manipulation constant:
  #igrid a___________ E____________________________________ varE____________
     1     Infinity    -8.41253877E+02 +/-   3.61008293E-04   1.30785739E-02
     2     1.0000E+06  -8.41253877E+02 +/-   3.61008292E-04   1.30785738E-02
     3     2.1544E+05  -8.41253877E+02 +/-   3.61008288E-04   1.30785735E-02
     4     4.6416E+04  -8.41253877E+02 +/-   3.61008269E-04   1.30785722E-02
     5     1.0000E+04  -8.41253877E+02 +/-   3.61008184E-04   1.30785660E-02
     6     2.1544E+03  -8.41253877E+02 +/-   3.61007788E-04   1.30785373E-02
     7     4.6416E+02  -8.41253877E+02 +/-   3.61005956E-04   1.30784045E-02
     8     1.0000E+02  -8.41253877E+02 +/-   3.60997602E-04   1.30777992E-02
     9     2.1544E+01  -8.41253879E+02 +/-   3.60961774E-04   1.30752035E-02
    10     4.6416E+00  -8.41253887E+02 +/-   3.60841921E-04   1.30665220E-02
    11     1.0000E+00  -8.41253900E+02 +/-   3.60648577E-04   1.30525234E-02
    12     2.1544E-01  -8.41253905E+02 +/-   3.60551892E-04   1.30455259E-02
    13     4.6416E-02  -8.41253902E+02 +/-   3.60515379E-04   1.30428837E-02
    14     1.0000E-02  -8.41253900E+02 +/-   3.60500311E-04   1.30417935E-02
    15     2.1544E-03  -8.41253900E+02 +/-   3.60496248E-04   1.30414995E-02
    16     4.6416E-04  -8.41253900E+02 +/-   3.60495324E-04   1.30414327E-02
    17     1.0000E-04  -8.41253900E+02 +/-   3.60495122E-04   1.30414181E-02
    18     2.1544E-05  -8.41253900E+02 +/-   3.60495079E-04   1.30414149E-02
    19     4.6416E-06  -8.41253900E+02 +/-   3.60495069E-04   1.30414143E-02
    20     1.0000E-06  -8.41253900E+02 +/-   3.60495067E-04   1.30414141E-02
    21     0.0000E+00  -8.41253900E+02 +/-   3.60495067E-04   1.30414141E-02
* Iteration # 1: E =  -8.412539046895E+02 +/-   3.605518923445E-04
* Reached maximum number of iterations: exiting.
* After optimization:
  -2.9644E+00  -2.9800E+00  -2.9705E+00  -2.9567E+00  -2.9394E+00  -2.9599E+00
   6.3630E-01   6.3255E-01   5.2503E-01   4.7524E-01   8.1952E-01   5.3416E-01
   5.1174E-01   6.0237E-01   5.9887E-01   6.3409E-01   6.2445E-01   6.2244E-01
   6.1149E-01   4.4751E-02   5.9720E-02   1.4221E-01   3.1467E-01   3.1059E-01
   2.3301E-01   2.3174E-01   1.6443E-01   1.6727E-01   5.8985E-02   6.3647E-02
   2.1553E-01   2.1311E-01   6.8202E-02   2.1469E-01   2.1154E-01   1.9407E-01
   1.9490E-01   2.8467E-01   2.8234E-01   1.8222E-01   1.7582E-01   1.8086E-01
   1.6996E-01   1.6136E-01  -2.7941E-03  -3.2611E-04  -6.1217E-02  -6.2476E-02
   3.1772E-02   3.1896E-02   3.8394E-01   3.7983E-01  -2.6200E-02  -2.7824E-02
  -2.8657E-02  -3.1612E-02  -2.3893E-02  -2.6715E-02  -1.0008E-01  -9.8173E-02
  -9.5665E-02  -9.6427E-02  -1.3934E-02  -1.4300E-02  -2.6135E-02  -2.5037E-02
   2.0821E-02  -1.4721E-01  -3.3733E-01  -2.4757E-01  -2.3182E-01  -1.8684E-01
  -2.2135E-01  -2.3301E-01  -4.1272E-01  -1.7886E-01  -2.5556E-01  -2.3527E-01
  -2.7593E-01  -2.6078E-01  -3.0171E-01  -2.4385E-01  -2.9763E-01  -7.9678E-02
   3.7126E-02  -8.3095E-02   1.0471E-02  -9.3998E-02  -8.2739E-02  -1.5229E-01
  -1.8365E-01  -1.1832E-01  -1.4167E-01  -5.4856E-02  -9.6371E-02  -3.0879E-02
  -2.2915E-02  -1.0488E-01  -1.2034E-01  -4.3292E-02  -1.7912E-02  -1.2212E-01
  -1.0418E-01  -1.2000E-01  -8.8916E-02  -1.2790E-01  -1.8911E-01  -1.0319E-01
  -1.0697E-01  -9.0825E-02  -1.1055E-01  -9.3372E-02  -9.1246E-02  -9.8103E-03
   2.5534E-03   3.3156E-02   3.4519E-02  -3.0702E-02  -5.5456E-03  -1.6604E-01
  -2.6728E-01   8.8035E-03   1.5331E-02   2.4327E-02   5.4350E-03   4.9051E-03
   1.5070E-02   4.8337E-02   5.4129E-02   5.0776E-02   5.0075E-02   2.1986E-03
   7.3510E-03   1.3845E-02   1.9412E-02  -1.8351E-02  -1.2820E-02
  > Energy =  -8.412539046895E+02 +/-   3.605518923445E-04
  > varE =   1.304552588613E-02

VMC #11:
* Size of Hilbert space =   4.9763E+11
* Number of equil. steps   = 1000
* Running VMC equilibration.
  Done. [total walltime: 0.01s]
* Equil. acc.ratio (%)     =   7.8799
* Sample config after equilibration:
  +---------------------+
  |  u   d   u   d   d  |
  |u   2   0   u   u   u|
  |d   0   0   d   d   u|
  |  d   2   2   u   d  |
  +---------------------+
* Number of accum. steps   = 501760 x 10
* Running VMC accumulation.
  Done. [total walltime: 54.2s]
* Acceptance ratio (%)     =   7.8392
* Etot/t                   =  -8.412540882274E+02 +/-   1.617579244470E-04
  > Ttot/t                 =  -7.561768366794E+01 +/-   9.989645033232E-04
  > Utot/t                 =   3.306473732706E+01 +/-   9.943001002198E-04
* var[Eloc/t]              =   1.315561319691E-02 +/-   5.358727770684E-05
* Correlation length       =   9.979667512393E-01

Optimization #11:
* Method          : lls
* Target function : energy
* No. of configs. : 100352
* No. of params.  : 137
* Before optimization:
  -2.9644E+00  -2.9800E+00  -2.9705E+00  -2.9567E+00  -2.9394E+00  -2.9599E+00
   6.3630E-01   6.3255E-01   5.2503E-01   4.7524E-01   8.1952E-01   5.3416E-01
   5.1174E-01   6.0237E-01   5.9887E-01   6.3409E-01   6.2445E-01   6.2244E-01
   6.1149E-01   4.4751E-02   5.9720E-02   1.4221E-01   3.1467E-01   3.1059E-01
   2.3301E-01   2.3174E-01   1.6443E-01   1.6727E-01   5.8985E-02   6.3647E-02
   2.1553E-01   2.1311E-01   6.8202E-02   2.1469E-01   2.1154E-01   1.9407E-01
   1.9490E-01   2.8467E-01   2.8234E-01   1.8222E-01   1.7582E-01   1.8086E-01
   1.6996E-01   1.6136E-01  -2.7941E-03  -3.2611E-04  -6.1217E-02  -6.2476E-02
   3.1772E-02   3.1896E-02   3.8394E-01   3.7983E-01  -2.6200E-02  -2.7824E-02
  -2.8657E-02  -3.1612E-02  -2.3893E-02  -2.6715E-02  -1.0008E-01  -9.8173E-02
  -9.5665E-02  -9.6427E-02  -1.3934E-02  -1.4300E-02  -2.6135E-02  -2.5037E-02
   2.0821E-02  -1.4721E-01  -3.3733E-01  -2.4757E-01  -2.3182E-01  -1.8684E-01
  -2.2135E-01  -2.3301E-01  -4.1272E-01  -1.7886E-01  -2.5556E-01  -2.3527E-01
  -2.7593E-01  -2.6078E-01  -3.0171E-01  -2.4385E-01  -2.9763E-01  -7.9678E-02
   3.7126E-02  -8.3095E-02   1.0471E-02  -9.3998E-02  -8.2739E-02  -1.5229E-01
  -1.8365E-01  -1.1832E-01  -1.4167E-01  -5.4856E-02  -9.6371E-02  -3.0879E-02
  -2.2915E-02  -1.0488E-01  -1.2034E-01  -4.3292E-02  -1.7912E-02  -1.2212E-01
  -1.0418E-01  -1.2000E-01  -8.8916E-02  -1.2790E-01  -1.8911E-01  -1.0319E-01
  -1.0697E-01  -9.0825E-02  -1.1055E-01  -9.3372E-02  -9.1246E-02  -9.8103E-03
   2.5534E-03   3.3156E-02   3.4519E-02  -3.0702E-02  -5.5456E-03  -1.6604E-01
  -2.6728E-01   8.8035E-03   1.5331E-02   2.4327E-02   5.4350E-03   4.9051E-03
   1.5070E-02   4.8337E-02   5.4129E-02   5.0776E-02   5.0075E-02   2.1986E-03
   7.3510E-03   1.3845E-02   1.9412E-02  -1.8351E-02  -1.2820E-02
  > E    =  -8.412543012158E+02 +/-   3.602853319962E-04
  > varE =   1.302624358836E-02
* Computing derivatives.
    [walltime: 1m13s elapsed, 10m49s remaining]
  Done. [total walltime: 11m49s]
* Optimizing manipulation constant:
  #igrid a___________ E____________________________________ varE____________
     1     Infinity    -8.41254301E+02 +/-   3.60285332E-04   1.30262436E-02
     2     1.0000E+06  -8.41254301E+02 +/-   3.60285331E-04   1.30262435E-02
     3     2.1544E+05  -8.41254301E+02 +/-   3.60285328E-04   1.30262433E-02
     4     4.6416E+04  -8.41254301E+02 +/-   3.60285314E-04   1.30262423E-02
     5     1.0000E+04  -8.41254301E+02 +/-   3.60285249E-04   1.30262376E-02
     6     2.1544E+03  -8.41254301E+02 +/-   3.60284947E-04   1.30262158E-02
     7     4.6416E+02  -8.41254301E+02 +/-   3.60283552E-04   1.30261149E-02
     8     1.0000E+02  -8.41254302E+02 +/-   3.60277168E-04   1.30256533E-02
     9     2.1544E+01  -8.41254303E+02 +/-   3.60249421E-04   1.30236470E-02
    10     4.6416E+00  -8.41254309E+02 +/-   3.60150919E-04   1.30165259E-02
    11     1.0000E+00  -8.41254320E+02 +/-   3.59953001E-04   1.30022236E-02
    12     2.1544E-01  -8.41254329E+02 +/-   3.59801943E-04   1.29913129E-02
    13     4.6416E-02  -8.41254331E+02 +/-   3.59768186E-04   1.29888752E-02
    14     1.0000E-02  -8.41254332E+02 +/-   3.59766873E-04   1.29887804E-02
    15     2.1544E-03  -8.41254332E+02 +/-   3.59767279E-04   1.29888097E-02
    16     4.6416E-04  -8.41254332E+02 +/-   3.59767407E-04   1.29888190E-02
    17     1.0000E-04  -8.41254332E+02 +/-   3.59767437E-04   1.29888211E-02
    18     2.1544E-05  -8.41254332E+02 +/-   3.59767443E-04   1.29888216E-02
    19     4.6416E-06  -8.41254332E+02 +/-   3.59767444E-04   1.29888217E-02
    20     1.0000E-06  -8.41254332E+02 +/-   3.59767445E-04   1.29888217E-02
    21     0.0000E+00  -8.41254332E+02 +/-   3.59767445E-04   1.29888217E-02
* Iteration # 1: E =  -8.412543319442E+02 +/-   3.597674448059E-04
* Reached maximum number of iterations: exiting.
* After optimization:
  -2.9863E+00  -2.9987E+00  -2.9895E+00  -2.9751E+00  -2.9636E+00  -2.9748E+00
   6.4307E-01   6.3363E-01   5.3057E-01   4.7888E-01   8.2181E-01   5.3202E-01
   5.1411E-01   6.0000E-01   5.9394E-01   6.3566E-01   6.2384E-01   6.2232E-01
   6.1068E-01   5.7142E-02   5.9098E-02   1.3431E-01   3.1356E-01   3.0881E-01
   2.3029E-01   2.3165E-01   1.7065E-01   1.7345E-01   5.9613E-02   6.3590E-02
   2.2046E-01   2.2008E-01   7.2273E-02   2.2041E-01   2.1741E-01   2.0438E-01
   2.0035E-01   2.8331E-01   2.8539E-01   1.8223E-01   1.7897E-01   1.8048E-01
   1.6986E-01   1.6256E-01   1.3808E-04   2.8109E-03  -5.9948E-02  -6.2836E-02
   3.7703E-02   3.5514E-02   3.8222E-01   3.7860E-01  -2.5679E-02  -2.2949E-02
  -2.4259E-02  -3.0655E-02  -2.3315E-02  -2.3424E-02  -9.9320E-02  -9.7343E-02
  -9.6044E-02  -9.4685E-02  -1.2160E-02  -1.3544E-02  -2.7739E-02  -2.3037E-02
   2.2360E-02  -1.5121E-01  -3.4490E-01  -2.5391E-01  -2.2988E-01  -1.8741E-01
  -2.2260E-01  -2.2928E-01  -4.1272E-01  -1.7583E-01  -2.5707E-01  -2.3247E-01
  -2.7197E-01  -2.6308E-01  -2.9946E-01  -2.4305E-01  -2.9928E-01  -8.7726E-02
   2.9390E-02  -8.6187E-02   1.0808E-02  -9.0886E-02  -7.8096E-02  -1.5084E-01
  -1.8384E-01  -1.1784E-01  -1.4369E-01  -5.3903E-02  -1.0087E-01  -3.1906E-02
  -2.1088E-02  -1.0699E-01  -1.2613E-01  -4.7104E-02  -1.8536E-02  -1.2727E-01
  -1.0423E-01  -1.2581E-01  -9.0385E-02  -1.2649E-01  -1.9014E-01  -1.0525E-01
  -1.0532E-01  -9.2725E-02  -1.1056E-01  -9.3090E-02  -9.1836E-02  -9.8482E-03
  -2.3831E-03   3.2245E-02   3.5284E-02  -3.2381E-02  -6.0307E-03  -1.6562E-01
  -2.6824E-01   5.0139E-03   1.3957E-02   2.5064E-02   2.6632E-03   4.8475E-03
   1.4933E-02   4.7000E-02   5.5367E-02   4.8818E-02   5.0428E-02   1.1415E-03
   7.5690E-03   1.3983E-02   1.9578E-02  -1.9824E-02  -1.3964E-02
  > Energy =  -8.412543319442E+02 +/-   3.597674448059E-04
  > varE =   1.298882171446E-02

VMC #12:
* Size of Hilbert space =   4.9763E+11
* Number of equil. steps   = 1000
* Running VMC equilibration.
  Done. [total walltime: 0.01s]
* Equil. acc.ratio (%)     =   7.8853
* Sample config after equilibration:
  +---------------------+
  |  u   d   u   u   2  |
  |d   u   d   d   0   d|
  |u   d   0   u   d   0|
  |  d   u   2   u   2  |
  +---------------------+
* Number of accum. steps   = 501760 x 10
* Running VMC accumulation.
  Done. [total walltime: 54.3s]
* Acceptance ratio (%)     =   7.8563
* Etot/t                   =  -8.412538561680E+02 +/-   1.634953156119E-04
  > Ttot/t                 =  -7.561612936362E+01 +/-   1.014457701587E-03
  > Utot/t                 =   3.306341508207E+01 +/-   1.005864196431E-03
* var[Eloc/t]              =   1.309100311733E-02 +/-   8.507149264314E-05
* Correlation length       =   1.024551369928E+00

Optimization #12:
* Method          : lls
* Target function : energy
* No. of configs. : 100352
* No. of params.  : 137
* Before optimization:
  -2.9863E+00  -2.9987E+00  -2.9895E+00  -2.9751E+00  -2.9636E+00  -2.9748E+00
   6.4307E-01   6.3363E-01   5.3057E-01   4.7888E-01   8.2181E-01   5.3202E-01
   5.1411E-01   6.0000E-01   5.9394E-01   6.3566E-01   6.2384E-01   6.2232E-01
   6.1068E-01   5.7142E-02   5.9098E-02   1.3431E-01   3.1356E-01   3.0881E-01
   2.3029E-01   2.3165E-01   1.7065E-01   1.7345E-01   5.9613E-02   6.3590E-02
   2.2046E-01   2.2008E-01   7.2273E-02   2.2041E-01   2.1741E-01   2.0438E-01
   2.0035E-01   2.8331E-01   2.8539E-01   1.8223E-01   1.7897E-01   1.8048E-01
   1.6986E-01   1.6256E-01   1.3808E-04   2.8109E-03  -5.9948E-02  -6.2836E-02
   3.7703E-02   3.5514E-02   3.8222E-01   3.7860E-01  -2.5679E-02  -2.2949E-02
  -2.4259E-02  -3.0655E-02  -2.3315E-02  -2.3424E-02  -9.9320E-02  -9.7343E-02
  -9.6044E-02  -9.4685E-02  -1.2160E-02  -1.3544E-02  -2.7739E-02  -2.3037E-02
   2.2360E-02  -1.5121E-01  -3.4490E-01  -2.5391E-01  -2.2988E-01  -1.8741E-01
  -2.2260E-01  -2.2928E-01  -4.1272E-01  -1.7583E-01  -2.5707E-01  -2.3247E-01
  -2.7197E-01  -2.6308E-01  -2.9946E-01  -2.4305E-01  -2.9928E-01  -8.7726E-02
   2.9390E-02  -8.6187E-02   1.0808E-02  -9.0886E-02  -7.8096E-02  -1.5084E-01
  -1.8384E-01  -1.1784E-01  -1.4369E-01  -5.3903E-02  -1.0087E-01  -3.1906E-02
  -2.1088E-02  -1.0699E-01  -1.2613E-01  -4.7104E-02  -1.8536E-02  -1.2727E-01
  -1.0423E-01  -1.2581E-01  -9.0385E-02  -1.2649E-01  -1.9014E-01  -1.0525E-01
  -1.0532E-01  -9.2725E-02  -1.1056E-01  -9.3090E-02  -9.1836E-02  -9.8482E-03
  -2.3831E-03   3.2245E-02   3.5284E-02  -3.2381E-02  -6.0307E-03  -1.6562E-01
  -2.6824E-01   5.0139E-03   1.3957E-02   2.5064E-02   2.6632E-03   4.8475E-03
   1.4933E-02   4.7000E-02   5.5367E-02   4.8818E-02   5.0428E-02   1.1415E-03
   7.5690E-03   1.3983E-02   1.9578E-02  -1.9824E-02  -1.3964E-02
  > E    =  -8.412538946950E+02 +/-   3.589091973515E-04
  > varE =   1.292692436015E-02
* Computing derivatives.
    [walltime: 1m13s elapsed, 10m44s remaining]
  Done. [total walltime: 11m48s]
* Optimizing manipulation constant:
  #igrid a___________ E____________________________________ varE____________
     1     Infinity    -8.41253895E+02 +/-   3.58909197E-04   1.29269244E-02
     2     1.0000E+06  -8.41253895E+02 +/-   3.58909197E-04   1.29269243E-02
     3     2.1544E+05  -8.41253895E+02 +/-   3.58909194E-04   1.29269241E-02
     4     4.6416E+04  -8.41253895E+02 +/-   3.58909181E-04   1.29269232E-02
     5     1.0000E+04  -8.41253895E+02 +/-   3.58909121E-04   1.29269188E-02
     6     2.1544E+03  -8.41253895E+02 +/-   3.58908841E-04   1.29268987E-02
     7     4.6416E+02  -8.41253895E+02 +/-   3.58907550E-04   1.29268057E-02
     8     1.0000E+02  -8.41253896E+02 +/-   3.58901685E-04   1.29263832E-02
     9     2.1544E+01  -8.41253898E+02 +/-   3.58876948E-04   1.29246014E-02
    10     4.6416E+00  -8.41253908E+02 +/-   3.58799946E-04   1.29190557E-02
    11     1.0000E+00  -8.41253927E+02 +/-   3.58707764E-04   1.29124183E-02
    12     2.1544E-01  -8.41253940E+02 +/-   3.58710667E-04   1.29126273E-02
    13     4.6416E-02  -8.41253943E+02 +/-   3.58726173E-04   1.29137437E-02
    14     1.0000E-02  -8.41253943E+02 +/-   3.58729238E-04   1.29139643E-02
    15     2.1544E-03  -8.41253943E+02 +/-   3.58729745E-04   1.29140008E-02
    16     4.6416E-04  -8.41253943E+02 +/-   3.58729844E-04   1.29140079E-02
    17     1.0000E-04  -8.41253943E+02 +/-   3.58729865E-04   1.29140094E-02
    18     2.1544E-05  -8.41253943E+02 +/-   3.58729869E-04   1.29140098E-02
    19     4.6416E-06  -8.41253943E+02 +/-   3.58729870E-04   1.29140098E-02
    20     1.0000E-06  -8.41253943E+02 +/-   3.58729870E-04   1.29140098E-02
    21     0.0000E+00  -8.41253943E+02 +/-   3.58729870E-04   1.29140098E-02
* Iteration # 1: E =  -8.412539431168E+02 +/-   3.587292379020E-04
* Reached maximum number of iterations: exiting.
* After optimization:
  -2.9636E+00  -2.9867E+00  -2.9781E+00  -2.9573E+00  -2.9437E+00  -2.9609E+00
   6.3905E-01   6.2862E-01   5.2683E-01   4.7943E-01   8.2161E-01   5.2934E-01
   5.1129E-01   5.9948E-01   5.9742E-01   6.3358E-01   6.2021E-01   6.2629E-01
   6.1317E-01   4.9277E-02   6.3463E-02   1.2967E-01   3.1277E-01   3.0583E-01
   2.3214E-01   2.3012E-01   1.6941E-01   1.6964E-01   5.7874E-02   6.1001E-02
   2.1860E-01   2.1650E-01   6.7624E-02   2.1675E-01   2.1054E-01   1.9621E-01
   1.9741E-01   2.8582E-01   2.8549E-01   1.8282E-01   1.7730E-01   1.7866E-01
   1.7127E-01   1.6263E-01   1.3154E-03   1.7803E-03  -6.3267E-02  -6.2701E-02
   3.3251E-02   2.8868E-02   3.7969E-01   3.7614E-01  -2.5067E-02  -2.9475E-02
  -2.5413E-02  -2.9402E-02  -2.3868E-02  -2.4146E-02  -9.7983E-02  -9.8148E-02
  -9.4960E-02  -9.4416E-02  -1.2152E-02  -1.2663E-02  -2.7558E-02  -2.3882E-02
   2.2160E-02  -1.4801E-01  -3.4073E-01  -2.4785E-01  -2.3344E-01  -1.8619E-01
  -2.2055E-01  -2.2869E-01  -4.1174E-01  -1.7433E-01  -2.5237E-01  -2.3144E-01
  -2.7719E-01  -2.6056E-01  -3.0184E-01  -2.4533E-01  -2.9851E-01  -7.9039E-02
   3.1115E-02  -8.5285E-02   9.0620E-03  -8.5037E-02  -7.8765E-02  -1.4956E-01
  -1.8283E-01  -1.1797E-01  -1.4280E-01  -5.4873E-02  -9.8938E-02  -2.9276E-02
  -2.1650E-02  -1.0527E-01  -1.2433E-01  -4.1903E-02  -1.9891E-02  -1.2131E-01
  -1.0528E-01  -1.1840E-01  -9.2206E-02  -1.2861E-01  -1.8990E-01  -1.0289E-01
  -1.0707E-01  -8.9469E-02  -1.1004E-01  -9.4119E-02  -9.2328E-02  -1.0688E-02
  -2.1873E-03   3.1454E-02   3.5169E-02  -2.9111E-02  -7.3299E-03  -1.6361E-01
  -2.6929E-01   8.1610E-03   1.4484E-02   2.2853E-02   4.5687E-03   5.2517E-03
   1.3815E-02   4.5919E-02   5.5852E-02   5.0979E-02   5.2185E-02   1.0155E-03
   7.5354E-03   1.4316E-02   1.8758E-02  -1.9263E-02  -1.6490E-02
  > Energy =  -8.412539431168E+02 +/-   3.587292379020E-04
  > varE =   1.291396431905E-02

VMC #13:
* Size of Hilbert space =   4.9763E+11
* Number of equil. steps   = 1000
* Running VMC equilibration.
  Done. [total walltime: 0.01s]
* Equil. acc.ratio (%)     =   7.8758
* Sample config after equilibration:
  +---------------------+
  |  u   u   0   u   2  |
  |d   d   2   d   d   0|
  |u   0   u   2   0   0|
  |  d   2   0   2   2  |
  +---------------------+
* Number of accum. steps   = 501760 x 10
* Running VMC accumulation.
  Done. [total walltime: 54.2s]
* Acceptance ratio (%)     =   7.8475
* Etot/t                   =  -8.412538360873E+02 +/-   1.631959867040E-04
  > Ttot/t                 =  -7.561766193972E+01 +/-   9.981221943958E-04
  > Utot/t                 =   3.306496773891E+01 +/-   9.910324881187E-04
* var[Eloc/t]              =   1.316530040167E-02 +/-   5.363033769045E-05
* Correlation length       =   1.015042466740E+00

VDAGGER finished.
Total VDAGGER walltime: 5h13m

Run ended: Fri Aug 22 04:57:49 CEST 2025
