Run started: Mon Aug 25 17:21:01 CEST 2025
Using VDAGGER_ARCH = gnu7_fkfamd_cluster
Running 8x128 MPI processes.

                               xx
                              +##
                               #X
                               Xx
                          X##XxXxxX##x
                           +   Xx  ++
                               ##
                              +##
                              +##
     ++++         ++          +##
   xX+++##+      ####         +##
  Xx    ###      +X##          ##
 xX    X##+        ##          #X
 +    x##X         #x          #X
      ###         +#           x+
     X##+         #+
     ###         Xx                    _______
     ##X       +X+   __________________VDAGGER
     +##x    +xX     2nd quantized variational
       +xxxxx+       ______quantum Monte Carlo

* Running 1024 MPI processes.
* Input file: "input.casl"

############# Start of input file dump #############
General:
  Random seed: timer

Plan:
  VMC-optimization:
    Minimum cycles: 10
    Convergence cycles: 5

System:
  Read Hamiltonian: FCIDUMP_loc
  Read orbitals: LTSC.mat
  Complex orbitals: F
  Geometry:
    r_14: [ 2.30715201389900, -1.36612962809100 ]
    r_19: [ -2.30715201389900, -1.36612962809100 ]
    r_9: [ 2.30715201389900, 1.36612962809100 ]
    r_1: [ -2.30715201389900, 1.36612962809100 ]
    r_11: [ 0.00000000000000, -2.64819012780300 ]
    r_5: [ 0.00000000000000, 2.64819012780300 ]
    r_21: [ 6.92052984475300, 1.36731216695600 ]
    r_20: [ -6.92052984475300, 1.36731216695600 ]
    r_22: [ 6.92052984475300, -1.36731216695600 ]
    r_2: [ -6.92052984475300, -1.36731216695600 ]
    r_17: [ 4.65052830966800, 2.64933873056800 ]
    r_18: [ -4.65052830966800, 2.64933873056800 ]
    r_12: [ 4.65052830966800, -2.64933873056800 ]
    r_6: [ -4.65052830966800, -2.64933873056800 ]
    r_7: [ 11.51783390367000, 1.35551508476500 ]
    r_16: [ -11.51783390367000, 1.35551508476500 ]
    r_4: [ 11.51783390367000, -1.35551508476500 ]
    r_3: [ -11.51783390367000, -1.35551508476500 ]
    r_15: [ 9.31130451375400, 2.65735609478700 ]
    r_8: [ -9.31130451375400, 2.65735609478700 ]
    r_13: [ 9.31130451375400, -2.65735609478700 ]
    r_10: [ -9.31130451375400, -2.65735609478700 ]
    Tolerance: 0.05

VMC:
  nstep: 500000
  nconfig: 100000

Optimization:
  max_niter: 1

Jastrow: wfn.casl

Backflow: wfn.casl
############## End of input file dump ##############

General setup:
* Random seed: 1274631665 (from timer)

* Loaded integrals for system with nelec=22, ms2=0, norb=22
* INFO: setting number of electrons from integrals file.
* Analysis of Hamiltonian connecitivity performed:
  - T_ii (local, 1-site): 22 (i) values
  - U_iiii [opp] (local, 1-site): 22 (i) values
  - U_kkii [opp] (local, 2-site): 462 contribs. from 22 (i) values
  - U_kkii [par] (local, 2-site): 231 contribs. from 21 (i) values
  - T_ji (single, 2-site): 462 contribs. from 22 (i) values
  - U_kkji [opp] (single, 2/3-site): 10164 contribs. from 462 (i,j) pairs
  - U_kkji [par] (single, 3-site): 9702 contribs. from 462 (i,j) pairs
  - U_lkji [opp] (double, 2/3/4-site): 212836 contribs. from 462 (i,j) pairs
  - U_lkji [par] (double, 4-site): 50050 contribs. from 420 (i,j) pairs
  - Max. no. wfn. ratios in Eloc: 18543
* Reading override orbitals from file "LTSC.mat".
* Site labels:
  +--------------------------------+
  |    8    18     5    17    15   |
  |16    20     1     9    21     7|
  | 3     2    19    14    22     4|
  |   10     6    11    12    13   |
  +--------------------------------+
* Automatically set Site kinds:
  [ 1, 2, 3, 3, 4, 5, 3, 6, 1, 6, 4, 5, 6, 1, 6, 3, 5, 5, 1, 2, 2, 2 ]
  +---------------------+
  |  6   5   4   5   6  |
  |3   2   1   1   2   3|
  |3   2   1   1   2   3|
  |  6   5   4   5   6  |
  +---------------------+
* Number of site-pair kinds with Tij=0: 0
* Automatically set Site pair kinds:
  Site 1: [ 0, -15, -34, -48, -6, -18, -55, -65, 21, 30, -19, -28, 45, -17, -42, -36, 38, 7, 2, -22, -32, 31 ]
  Site 2: [ -15, 0, -20, -57, 25, 5, -52, -16, 31, -8, 37, -39, 56, -32, -50, -14, 40, -23, -22, 3, -41, 47 ]
  Site 3: [ -34, -20, 0, -62, 43, 67, -64, 27, 48, 1, 44, -59, 63, -55, -60, 4, 51, 29, -36, -14, -52, 57 ]
  Site 4: [ -48, -57, -62, 0, -43, 59, 4, 60, 34, 63, -44, -66, 1, -36, -27, -64, -29, -51, -55, -52, -14, 20 ]
  Site 5: [ -6, 25, 43, -43, 0, -26, -44, 46, -6, -33, 9, -26, 33, 19, 46, 44, -12, -12, -19, 37, -37, 25 ]
  Site 6: [ -18, 5, 67, 59, -26, 0, 51, 24, -28, -13, 12, -49, -53, 38, 54, -29, -35, -10, -7, 23, 40, -39 ]
  Site 7: [ -55, -52, -64, 4, -44, 51, 0, 63, 36, 60, -43, 29, 27, -34, -1, -62, 66, -59, -48, -57, -20, 14 ]
  Site 8: [ -65, -16, 27, 60, 46, 24, 63, 0, -42, 11, -33, 54, -58, 45, 61, 1, -53, 13, 30, -8, 56, -50 ]
  Site 9: [ 21, 31, 48, 34, -6, -28, 36, -42, 0, -45, -19, -18, -30, -2, -65, 55, 7, 38, 17, 32, 22, -15 ]
  Site 10: [ 30, -8, 1, 63, -33, -13, 60, 11, -45, 0, 46, 53, -61, 42, 58, 27, -54, -24, -65, -16, 50, -56 ]
  Site 11: [ -19, 37, 44, -44, 9, 12, -43, -33, -19, 46, 0, 12, -46, 6, -33, 43, 26, 26, -6, 25, -25, 37 ]
  Site 12: [ -28, -39, -59, -66, -26, -49, 29, 54, -18, 53, 12, 0, 13, 7, 24, -51, -10, -35, -38, -40, -23, 5 ]
  Site 13: [ 45, 56, 63, 1, 33, -53, 27, -58, -30, -61, -46, 13, 0, -65, -11, 60, 24, 54, 42, 50, -16, 8 ]
  Site 14: [ -17, -32, -55, -36, 19, 38, -34, 45, -2, 42, 6, 7, -65, 0, -30, -48, -18, -28, -21, -31, -15, 22 ]
  Site 15: [ -42, -50, -60, -27, 46, 54, -1, 61, -65, 58, -33, 24, -11, -30, 0, -63, 13, -53, -45, -56, 8, -16 ]
  Site 16: [ -36, -14, 4, -64, 44, -29, -62, 1, 55, 27, 43, -51, 60, -48, -63, 0, 59, -68, -34, -20, -57, 52 ]
  Site 17: [ 38, 40, 51, -29, -12, -35, 66, -53, 7, -54, 26, -10, 24, -18, 13, 59, 0, -49, 28, 39, 5, -23 ]
  Site 18: [ 7, -23, 29, -51, -12, -10, -59, 13, 38, -24, 26, -35, 54, -28, -53, -68, -49, 0, 18, -5, -39, 40 ]
  Site 19: [ 2, -22, -36, -55, -19, -7, -48, 30, 17, -65, -6, -38, 42, -21, -45, -34, 28, 18, 0, -15, -31, 32 ]
  Site 20: [ -22, 3, -14, -52, 37, 23, -57, -8, 32, -16, 25, -40, 50, -31, -56, -20, 39, -5, -15, 0, -47, 41 ]
  Site 21: [ -32, -41, -52, -14, -37, 40, -20, 56, 22, 50, -25, -23, -16, -15, 8, -57, 5, -39, -31, -47, 0, -3 ]
  Site 22: [ 31, 47, 57, 20, 25, -39, 14, -50, -15, -56, 37, 5, 8, 22, -16, 52, -23, 40, 32, 41, -3, 0 ]
  For site 1 of kind 1:
  +-------------------------------------------+
  |    -65       7      -6      38     -42    |
  |-36     -22       0      21     -32     -55|
  |-34     -15       2     -17      31     -48|
  |     30     -18     -19     -28      45    |
  +-------------------------------------------+
  For site 2 of kind 2:
  +-------------------------------------------+
  |    -16     -23      25      40     -50    |
  |-14       3     -15      31     -41     -52|
  |-20       0     -22     -32      47     -57|
  |     -8       5      37     -39      56    |
  +-------------------------------------------+
  For site 3 of kind 3:
  +-------------------------------------------+
  |     27      29      43      51     -60    |
  |  4     -14     -34      48     -52     -64|
  |  0     -20     -36     -55      57     -62|
  |      1      67      44     -59      63    |
  +-------------------------------------------+
  For site 5 of kind 4:
  +-------------------------------------------+
  |     46     -12       0     -12      46    |
  | 44      37      -6      -6     -37     -44|
  | 43      25     -19      19      25     -43|
  |    -33     -26       9     -26      33    |
  +-------------------------------------------+
  For site 6 of kind 5:
  +-------------------------------------------+
  |     24     -10     -26     -35      54    |
  |-29      23     -18     -28      40      51|
  | 67       5      -7      38     -39      59|
  |    -13       0      12     -49     -53    |
  +-------------------------------------------+
  For site 8 of kind 6:
  +-------------------------------------------+
  |      0      13      46     -53      61    |
  |  1      -8     -65     -42      56      63|
  | 27     -16      30      45     -50      60|
  |     11      24     -33      54     -58    |
  +-------------------------------------------+
General system setup:
* Number of sites       : 22
* Number of electrons   : 22
* Spin imbalance MS2    : 0
* Filling               : 0.500000
* Number of orbitals in pool: 22
* Using real-valued orbitals
* Using double-precision arithmetic for orbitals

Trial wave function setup:
* Jastrow parameter file: "wfn.casl"
* Not using multideterminants
* Backflow parameter file: "wfn.casl"
* Not using wave function manipulation

VMC #1:
* Size of Hilbert space =   4.9763E+11
* Number of equil. steps   = 1000
* Running VMC equilibration.
  Done. [total walltime: 0.10s]
* Equil. acc.ratio (%)     =   7.8772
* Sample config after equilibration:
  +---------------------+
  |  u   d   u   0   0  |
  |d   u   d   d   u   2|
  |d   2   u   0   2   d|
  |  u   d   u   d   u  |
  +---------------------+
* Number of accum. steps   = 501760 x 10
* Running VMC accumulation.
    [walltime: 1m elapsed, 37.2s remaining]
  Done. [total walltime: 1m37s]
* Acceptance ratio (%)     =   7.8516
* Etot/t                   =  -8.412538610399E+02 +/-   1.617908242234E-04
  > Ttot/t                 =  -7.561684840802E+01 +/-   1.004264655848E-03
  > Utot/t                 =   3.306412925460E+01 +/-   9.958770036726E-04
* var[Eloc/t]              =   1.314317831185E-02 +/-   7.163520493774E-05
* Correlation length       =   9.993173132419E-01

Optimization #1:
* Method          : lls
* Target function : energy
* No. of configs. : 100352
* No. of params.  : 203
* Before optimization:
  -2.9636E+00  -2.9867E+00  -2.9781E+00  -2.9573E+00  -2.9437E+00  -2.9609E+00
   6.3905E-01   6.2862E-01   5.2683E-01   4.7943E-01   8.2161E-01   5.2934E-01
   5.1129E-01   5.9948E-01   5.9742E-01   6.3358E-01   6.2021E-01   6.2629E-01
   6.1317E-01   4.9277E-02   6.3463E-02   1.2967E-01   3.1277E-01   3.0583E-01
   2.3214E-01   2.3012E-01   1.6941E-01   1.6964E-01   5.7874E-02   6.1001E-02
   2.1860E-01   2.1650E-01   6.7624E-02   2.1675E-01   2.1054E-01   1.9621E-01
   1.9741E-01   2.8582E-01   2.8549E-01   1.8282E-01   1.7730E-01   1.7866E-01
   1.7127E-01   1.6263E-01   1.3154E-03   1.7803E-03  -6.3267E-02  -6.2701E-02
   3.3251E-02   2.8868E-02   3.7969E-01   3.7614E-01  -2.5067E-02  -2.9475E-02
  -2.5413E-02  -2.9402E-02  -2.3868E-02  -2.4146E-02  -9.7983E-02  -9.8148E-02
  -9.4960E-02  -9.4416E-02  -1.2152E-02  -1.2663E-02  -2.7558E-02  -2.3882E-02
   2.2160E-02  -1.4801E-01  -3.4073E-01  -2.4785E-01  -2.3344E-01  -1.8619E-01
  -2.2055E-01  -2.2869E-01  -4.1174E-01  -1.7433E-01  -2.5237E-01  -2.3144E-01
  -2.7719E-01  -2.6056E-01  -3.0184E-01  -2.4533E-01  -2.9851E-01  -7.9039E-02
   3.1115E-02  -8.5285E-02   9.0620E-03  -8.5037E-02  -7.8765E-02  -1.4956E-01
  -1.8283E-01  -1.1797E-01  -1.4280E-01  -5.4873E-02  -9.8938E-02  -2.9276E-02
  -2.1650E-02  -1.0527E-01  -1.2433E-01  -4.1903E-02  -1.9891E-02  -1.2131E-01
  -1.0528E-01  -1.1840E-01  -9.2206E-02  -1.2861E-01  -1.8990E-01  -1.0289E-01
  -1.0707E-01  -8.9469E-02  -1.1004E-01  -9.4119E-02  -9.2328E-02  -1.0688E-02
  -2.1873E-03   3.1454E-02   3.5169E-02  -2.9111E-02  -7.3299E-03  -1.6361E-01
  -2.6929E-01   8.1610E-03   1.4484E-02   2.2853E-02   4.5687E-03   5.2517E-03
   1.3815E-02   4.5919E-02   5.5852E-02   5.0979E-02   5.2185E-02   1.0155E-03
   7.5354E-03   1.4316E-02   1.8758E-02  -1.9263E-02  -1.6490E-02   1.0000E+00
   1.0000E+00   1.0000E+00   1.0000E+00   1.0000E+00   1.0000E+00   0.0000E+00
   0.0000E+00   0.0000E+00   0.0000E+00   0.0000E+00   0.0000E+00   0.0000E+00
   0.0000E+00   0.0000E+00   0.0000E+00   0.0000E+00   0.0000E+00   0.0000E+00
   0.0000E+00   0.0000E+00   0.0000E+00   0.0000E+00   0.0000E+00   0.0000E+00
   0.0000E+00   0.0000E+00   0.0000E+00   0.0000E+00   0.0000E+00   0.0000E+00
   0.0000E+00   0.0000E+00   0.0000E+00   0.0000E+00   0.0000E+00   0.0000E+00
   0.0000E+00   0.0000E+00   0.0000E+00   0.0000E+00   0.0000E+00   0.0000E+00
   0.0000E+00   0.0000E+00   0.0000E+00   0.0000E+00   0.0000E+00   0.0000E+00
   0.0000E+00   0.0000E+00   0.0000E+00   0.0000E+00   0.0000E+00   0.0000E+00
   0.0000E+00   0.0000E+00   0.0000E+00   0.0000E+00   0.0000E+00   0.0000E+00
   0.0000E+00   0.0000E+00   0.0000E+00   0.0000E+00   0.0000E+00
  > E    =  -8.412540144242E+02 +/-   3.620447499304E-04
  > varE =   1.315377898836E-02
* Computing derivatives.
    [walltime: 1m56s elapsed, 1h1m remaining]
    [walltime: 1h elapsed, 1m55s remaining]
  Done. [total walltime: 1h2m]
* Optimizing manipulation constant:
  #igrid a___________ E____________________________________ varE____________
     1     Infinity    -8.41254014E+02 +/-   3.62044750E-04   1.31537790E-02
     2     1.0000E+06  -8.41254014E+02 +/-   3.62044528E-04   1.31537629E-02
     3     2.1544E+05  -8.41254015E+02 +/-   3.62043722E-04   1.31537043E-02
     4     4.6416E+04  -8.41254015E+02 +/-   3.62039977E-04   1.31534322E-02
     5     1.0000E+04  -8.41254016E+02 +/-   3.62022600E-04   1.31521695E-02
     6     2.1544E+03  -8.41254023E+02 +/-   3.61941991E-04   1.31463132E-02
     7     4.6416E+02  -8.41254054E+02 +/-   3.61568958E-04   1.31192288E-02
     8     1.0000E+02  -8.41254195E+02 +/-   3.59861274E-04   1.29955977E-02
     9     2.1544E+01  -8.41254814E+02 +/-   3.52422206E-04   1.24638600E-02
    10     4.6416E+00  -8.41256893E+02 +/-   3.27875646E-04   1.07880848E-02
    11     1.0000E+00  -8.41135058E+02 +/-   9.65339480E-04   9.35160530E-02
    12     2.1544E-01  -8.41258864E+02 +/-   3.21836334E-04   1.03943223E-02
    13     4.6416E-02  -8.41258158E+02 +/-   3.49563977E-04   1.22625100E-02
    14     1.0000E-02  -8.41257026E+02 +/-   3.68100575E-04   1.35974986E-02
    15     2.1544E-03  -8.41256695E+02 +/-   3.73068415E-04   1.39669956E-02
    16     4.6416E-04  -8.41256619E+02 +/-   3.74190077E-04   1.40511078E-02
    17     1.0000E-04  -8.41256603E+02 +/-   3.74434186E-04   1.40694467E-02
    18     2.1544E-05  -8.41256599E+02 +/-   3.74486892E-04   1.40734078E-02
    19     4.6416E-06  -8.41256598E+02 +/-   3.74498252E-04   1.40742617E-02
    20     1.0000E-06  -8.41256598E+02 +/-   3.74500700E-04   1.40744457E-02
    21     0.0000E+00  -8.41256598E+02 +/-   3.74501372E-04   1.40744962E-02
  ParMin   1.0096E-01  -8.41258977E+02 +/-   3.32488638E-04   1.10937826E-02
  # Using parabolic minimum
* Iteration # 1: E =  -8.412589773118E+02 +/-   3.324886384065E-04
* Reached maximum number of iterations: exiting.
* After optimization:
  -2.7408E+00  -2.7566E+00  -2.7620E+00  -2.7318E+00  -2.7154E+00  -2.7489E+00
   7.3194E-01   7.1823E-01   3.3987E-01   3.0411E-01   4.9269E-01   4.8004E-01
   4.7151E-01   5.0353E-01   5.0354E-01   5.5392E-01   5.4399E-01   4.0980E-01
   4.0726E-01   2.0087E-02   2.7454E-02   1.2488E-01   2.6401E-01   2.6108E-01
   1.6863E-01   1.7056E-01   5.3023E-02   5.7180E-02   2.7696E-02   2.5264E-02
   8.4558E-02   8.5158E-02   1.5973E-02   1.2773E-01   1.2332E-01   1.0917E-01
   1.0064E-01   1.9794E-01   1.9962E-01   1.6554E-01   1.8737E-01   1.8576E-01
   8.9363E-02   8.0729E-02  -6.1423E-02  -5.9724E-02  -6.7251E-02  -6.7880E-02
  -3.5095E-03  -7.4872E-03   2.5867E-01   2.5198E-01  -5.0321E-02  -5.4017E-02
  -7.2353E-02  -7.7128E-02  -5.3962E-02  -5.4215E-02  -9.7694E-02  -9.9625E-02
  -8.8334E-02  -9.0386E-02  -1.8596E-02  -1.7227E-02  -4.6535E-02  -4.4801E-02
   7.7417E-03  -2.1145E-01  -5.1656E-01  -1.2343E-01  -2.1329E-01  -8.3981E-02
  -2.1230E-01  -1.7879E-01  -2.7026E-01  -2.7352E-01  -3.0303E-01  -2.4946E-01
  -2.8849E-01  -2.9391E-01  -2.8011E-01  -1.9519E-01  -2.2614E-01  -6.7938E-03
  -5.3080E-02  -1.0349E-02  -3.2078E-02   8.8602E-03  -1.4408E-01  -1.2989E-01
  -1.3445E-01  -8.2236E-02  -8.7815E-02   1.1512E-02  -6.4379E-02   2.0186E-03
  -2.8955E-02   1.0360E-03  -8.2868E-02   7.9041E-03  -2.2408E-02  -4.5500E-02
  -7.8230E-02  -2.4308E-02  -8.2284E-02  -5.6454E-02  -1.3320E-01  -6.1661E-02
  -9.0721E-02  -8.2619E-02  -8.9512E-02  -4.7531E-03  -7.1986E-02   3.8110E-02
   1.3982E-02   4.4424E-02   2.4709E-02   1.7777E-03  -4.4717E-03  -5.4686E-02
  -2.1066E-01   3.0094E-02   2.0873E-02   5.1346E-02   2.4661E-02   3.1017E-02
   2.2037E-02   5.3762E-02   4.9100E-02   4.7368E-02   4.5634E-02   6.8491E-03
   6.7490E-03   2.6768E-02   2.4689E-02  -9.0229E-03  -5.8497E-03   1.1116E+00
   1.1153E+00   1.1052E+00   1.1130E+00   1.1120E+00   1.1061E+00  -1.4579E-01
   1.5447E-01   7.1191E-02   2.9737E-02  -6.9123E-02   2.3228E-02   2.1670E-03
  -1.5824E-01   1.3644E-01   1.3605E-01   2.2743E-01  -8.9698E-04  -2.4266E-03
   5.8799E-03  -1.2926E-02  -1.1537E-01   2.1028E-01   1.4206E-01   1.3127E-01
   4.3457E-02   9.7402E-02   7.1079E-02  -7.7213E-02   1.7390E-01   1.6938E-01
   2.6599E-01   2.8663E-02   1.3522E-02   5.4479E-03  -1.1879E-02  -1.3158E-01
   1.8291E-01   1.0899E-01   1.0265E-01   3.4363E-03   6.4299E-02   3.1954E-02
  -1.0838E-01   1.7807E-01   1.7833E-01   2.6774E-01  -3.4591E-02  -1.5441E-02
   6.3002E-03  -9.5148E-03  -1.7767E-01   2.2107E-01   1.5777E-01   1.6607E-01
   2.1357E-02   7.9474E-02   5.9141E-02  -5.4908E-02   2.0876E-01   2.0304E-01
   2.8610E-01  -6.9702E-03  -3.0254E-03   3.8733E-03  -8.7839E-03
  > Energy =  -8.412589773118E+02 +/-   3.324886384065E-04
  > varE =   1.109378260746E-02

VMC #2:
* Size of Hilbert space =   4.9763E+11
* Number of equil. steps   = 1000
* Running VMC equilibration.
  Done. [total walltime: 0.10s]
* Equil. acc.ratio (%)     =   6.3645
* Sample config after equilibration:
  +---------------------+
  |  u   d   d   u   u  |
  |0   2   u   d   d   d|
  |u   d   u   u   2   u|
  |  d   0   d   u   d  |
  +---------------------+
* Number of accum. steps   = 501760 x 10
* Running VMC accumulation.
    [walltime: 1m elapsed, 41.6s remaining]
  Done. [total walltime: 1m41s]
* Acceptance ratio (%)     =   6.3396
* Etot/t                   =  -8.412585597614E+02 +/-   1.538968547329E-04
  > Ttot/t                 =  -7.561125165437E+01 +/-   1.060846881136E-03
  > Utot/t                 =   3.305383377950E+01 +/-   1.057617341075E-03
* var[Eloc/t]              =   1.101485446934E-02 +/-   4.371149341884E-05
* Correlation length       =   1.078888990059E+00

Optimization #2:
* Method          : lls
* Target function : energy
* No. of configs. : 100352
* No. of params.  : 203
* Before optimization:
  -2.7408E+00  -2.7566E+00  -2.7620E+00  -2.7318E+00  -2.7154E+00  -2.7489E+00
   7.3194E-01   7.1823E-01   3.3987E-01   3.0411E-01   4.9269E-01   4.8004E-01
   4.7151E-01   5.0353E-01   5.0354E-01   5.5392E-01   5.4399E-01   4.0980E-01
   4.0726E-01   2.0087E-02   2.7454E-02   1.2488E-01   2.6401E-01   2.6108E-01
   1.6863E-01   1.7056E-01   5.3023E-02   5.7180E-02   2.7696E-02   2.5264E-02
   8.4558E-02   8.5158E-02   1.5973E-02   1.2773E-01   1.2332E-01   1.0917E-01
   1.0064E-01   1.9794E-01   1.9962E-01   1.6554E-01   1.8737E-01   1.8576E-01
   8.9363E-02   8.0729E-02  -6.1423E-02  -5.9724E-02  -6.7251E-02  -6.7880E-02
  -3.5095E-03  -7.4872E-03   2.5867E-01   2.5198E-01  -5.0321E-02  -5.4017E-02
  -7.2353E-02  -7.7128E-02  -5.3962E-02  -5.4215E-02  -9.7694E-02  -9.9625E-02
  -8.8334E-02  -9.0386E-02  -1.8596E-02  -1.7227E-02  -4.6535E-02  -4.4801E-02
   7.7417E-03  -2.1145E-01  -5.1656E-01  -1.2343E-01  -2.1329E-01  -8.3981E-02
  -2.1230E-01  -1.7879E-01  -2.7026E-01  -2.7352E-01  -3.0303E-01  -2.4946E-01
  -2.8849E-01  -2.9391E-01  -2.8011E-01  -1.9519E-01  -2.2614E-01  -6.7938E-03
  -5.3080E-02  -1.0349E-02  -3.2078E-02   8.8602E-03  -1.4408E-01  -1.2989E-01
  -1.3445E-01  -8.2236E-02  -8.7815E-02   1.1512E-02  -6.4379E-02   2.0186E-03
  -2.8955E-02   1.0360E-03  -8.2868E-02   7.9041E-03  -2.2408E-02  -4.5500E-02
  -7.8230E-02  -2.4308E-02  -8.2284E-02  -5.6454E-02  -1.3320E-01  -6.1661E-02
  -9.0721E-02  -8.2619E-02  -8.9512E-02  -4.7531E-03  -7.1986E-02   3.8110E-02
   1.3982E-02   4.4424E-02   2.4709E-02   1.7777E-03  -4.4717E-03  -5.4686E-02
  -2.1066E-01   3.0094E-02   2.0873E-02   5.1346E-02   2.4661E-02   3.1017E-02
   2.2037E-02   5.3762E-02   4.9100E-02   4.7368E-02   4.5634E-02   6.8491E-03
   6.7490E-03   2.6768E-02   2.4689E-02  -9.0229E-03  -5.8497E-03   1.1116E+00
   1.1153E+00   1.1052E+00   1.1130E+00   1.1120E+00   1.1061E+00  -1.4579E-01
   1.5447E-01   7.1191E-02   2.9737E-02  -6.9123E-02   2.3228E-02   2.1670E-03
  -1.5824E-01   1.3644E-01   1.3605E-01   2.2743E-01  -8.9698E-04  -2.4266E-03
   5.8799E-03  -1.2926E-02  -1.1537E-01   2.1028E-01   1.4206E-01   1.3127E-01
   4.3457E-02   9.7402E-02   7.1079E-02  -7.7213E-02   1.7390E-01   1.6938E-01
   2.6599E-01   2.8663E-02   1.3522E-02   5.4479E-03  -1.1879E-02  -1.3158E-01
   1.8291E-01   1.0899E-01   1.0265E-01   3.4363E-03   6.4299E-02   3.1954E-02
  -1.0838E-01   1.7807E-01   1.7833E-01   2.6774E-01  -3.4591E-02  -1.5441E-02
   6.3002E-03  -9.5148E-03  -1.7767E-01   2.2107E-01   1.5777E-01   1.6607E-01
   2.1357E-02   7.9474E-02   5.9141E-02  -5.4908E-02   2.0876E-01   2.0304E-01
   2.8610E-01  -6.9702E-03  -3.0254E-03   3.8733E-03  -8.7839E-03
  > E    =  -8.412586568264E+02 +/-   3.321794502987E-04
  > varE =   1.107315952197E-02
* Computing derivatives.
    [walltime: 2m1s elapsed, 1h4m remaining]
    [walltime: 1h elapsed, 5m23s remaining]
  Done. [total walltime: 1h6m]
* Optimizing manipulation constant:
  #igrid a___________ E____________________________________ varE____________
     1     Infinity    -8.41258657E+02 +/-   3.32179450E-04   1.10731595E-02
     2     1.0000E+06  -8.41258657E+02 +/-   3.32179296E-04   1.10731492E-02
     3     2.1544E+05  -8.41258657E+02 +/-   3.32178734E-04   1.10731117E-02
     4     4.6416E+04  -8.41258657E+02 +/-   3.32176124E-04   1.10729378E-02
     5     1.0000E+04  -8.41258658E+02 +/-   3.32164014E-04   1.10721304E-02
     6     2.1544E+03  -8.41258662E+02 +/-   3.32107860E-04   1.10683871E-02
     7     4.6416E+02  -8.41258682E+02 +/-   3.31848411E-04   1.10511002E-02
     8     1.0000E+02  -8.41258771E+02 +/-   3.30669560E-04   1.09727243E-02
     9     2.1544E+01  -8.41259144E+02 +/-   3.25730230E-04   1.06473655E-02
    10     4.6416E+00  -8.41259712E+02 +/-   3.19021196E-04   1.02132770E-02
    11     1.0000E+00  -8.41199806E+02 +/-   8.00667740E-04   6.43325392E-02
    12     2.1544E-01  -8.40703267E+02 +/-   2.13596220E-03   4.57839393E-01
    13     4.6416E-02  -8.40496728E+02 +/-   2.43070750E-03   5.92913628E-01
    14     1.0000E-02  -8.40588567E+02 +/-   2.22924134E-03   4.98700965E-01
    15     2.1544E-03  -8.40522706E+02 +/-   2.21626721E-03   4.92913003E-01
    16     4.6416E-04  -8.40466371E+02 +/-   2.24646919E-03   5.06438793E-01
    17     1.0000E-04  -8.40450055E+02 +/-   2.25582537E-03   5.10666049E-01
    18     2.1544E-05  -8.40446308E+02 +/-   2.25798076E-03   5.11642377E-01
    19     4.6416E-06  -8.40445490E+02 +/-   2.25845160E-03   5.11855774E-01
    20     1.0000E-06  -8.40445313E+02 +/-   2.25855333E-03   5.11901890E-01
    21     0.0000E+00  -8.40445264E+02 +/-   2.25858129E-03   5.11914563E-01
  ParMin   9.8554E+00  -8.41259571E+02 +/-   3.20072953E-04   1.02807308E-02
  # Using grid point #10
* Iteration # 1: E =  -8.412597119791E+02 +/-   3.190211961449E-04
* Reached maximum number of iterations: exiting.
* After optimization:
  -2.9316E+00  -2.9798E+00  -2.9584E+00  -2.9838E+00  -2.9907E+00  -3.0320E+00
   7.1699E-01   7.0326E-01   3.2361E-01   2.8285E-01   4.8291E-01   4.8127E-01
   4.7649E-01   5.0540E-01   5.0665E-01   5.5189E-01   5.4309E-01   3.9882E-01
   3.9712E-01   3.6667E-03   1.3453E-02   1.2222E-01   2.6378E-01   2.6097E-01
   1.6708E-01   1.6878E-01   5.1249E-02   5.6250E-02   2.7394E-02   2.5053E-02
   8.3287E-02   8.4467E-02   1.5135E-02   1.2657E-01   1.2182E-01   1.0722E-01
   9.9530E-02   1.9289E-01   1.9508E-01   1.6577E-01   1.8760E-01   1.8602E-01
   8.6650E-02   7.7788E-02  -6.0947E-02  -5.9048E-02  -6.6754E-02  -6.7164E-02
  -4.2474E-03  -7.6845E-03   2.6052E-01   2.5337E-01  -5.0724E-02  -5.4306E-02
  -7.1947E-02  -7.7309E-02  -5.4502E-02  -5.4770E-02  -9.6768E-02  -9.8636E-02
  -8.7548E-02  -8.9800E-02  -1.8538E-02  -1.7170E-02  -4.7352E-02  -4.5610E-02
   6.7357E-03  -2.0783E-01  -5.0590E-01  -1.0482E-01  -2.1539E-01  -5.9880E-02
  -2.2031E-01  -1.7257E-01  -2.8345E-01  -2.7861E-01  -3.0043E-01  -2.5326E-01
  -2.8947E-01  -2.9245E-01  -2.8112E-01  -1.8680E-01  -2.2956E-01   2.2743E-02
  -5.8529E-02   1.2914E-02  -4.2762E-02   1.1758E-02  -1.4535E-01  -1.2959E-01
  -1.3436E-01  -8.0804E-02  -8.6756E-02   1.5126E-02  -6.7291E-02   2.7482E-03
  -3.0008E-02   4.2339E-03  -8.4619E-02   8.4004E-03  -2.3030E-02  -4.3564E-02
  -7.7791E-02  -2.1325E-02  -8.0640E-02  -5.0165E-02  -1.3252E-01  -6.1907E-02
  -8.9951E-02  -8.2071E-02  -8.9048E-02   6.7204E-04  -7.3054E-02   3.8123E-02
   1.3645E-02   4.4918E-02   2.3558E-02   2.8122E-03  -5.3141E-03  -5.4427E-02
  -2.0964E-01   3.0819E-02   2.0952E-02   5.1866E-02   2.4011E-02   3.1152E-02
   2.2876E-02   5.3563E-02   4.8074E-02   4.6613E-02   4.4839E-02   6.6175E-03
   6.7259E-03   2.6945E-02   2.5032E-02  -8.7721E-03  -5.5964E-03   1.2264E+00
   1.2487E+00   1.2192E+00   1.2586E+00   1.2722E+00   1.2762E+00  -1.6630E-01
   1.0767E-01  -4.0530E-03  -2.6887E-02  -8.5988E-02   2.8547E-02   1.8912E-03
  -1.9739E-01   9.3854E-02   8.7429E-02   2.0687E-01  -1.1389E-03  -1.3023E-03
   1.4447E-02  -1.6398E-02  -1.2105E-01   1.7187E-01   8.5712E-02   9.2235E-02
   5.2258E-02   1.1376E-01   8.2438E-02  -9.1608E-02   1.3540E-01   1.2612E-01
   2.5445E-01   3.1858E-02   1.6148E-02   1.5160E-02  -1.5089E-02  -1.2541E-01
   1.2540E-01   3.8491E-02   5.0141E-02   2.8791E-03   6.7501E-02   3.2614E-02
  -1.1645E-01   1.2019E-01   1.1535E-01   2.1756E-01  -3.3108E-02  -1.4433E-02
   1.3928E-02  -1.1172E-02  -1.6695E-01   1.6558E-01   9.1792E-02   1.2100E-01
   2.5030E-02   8.4151E-02   6.1343E-02  -5.7829E-02   1.5139E-01   1.4261E-01
   2.3661E-01  -7.1118E-03  -3.3038E-03   1.1719E-02  -1.0574E-02
  > Energy =  -8.412597119791E+02 +/-   3.190211961449E-04
  > varE =   1.021327699128E-02

VMC #3:
* Size of Hilbert space =   4.9763E+11
* Number of equil. steps   = 1000
* Running VMC equilibration.
  Done. [total walltime: 0.10s]
* Equil. acc.ratio (%)     =   5.4987
* Sample config after equilibration:
  +---------------------+
  |  u   2   u   u   u  |
  |d   d   0   d   d   d|
  |d   u   d   u   2   u|
  |  u   u   d   d   0  |
  +---------------------+
* Number of accum. steps   = 501760 x 10
* Running VMC accumulation.
    [walltime: 1m elapsed, 41.5s remaining]
  Done. [total walltime: 1m41s]
* Acceptance ratio (%)     =   5.4646
* Etot/t                   =  -8.412597490083E+02 +/-   1.584739088308E-04
  > Ttot/t                 =  -7.559736362858E+01 +/-   1.123527738870E-03
  > Utot/t                 =   3.303875650677E+01 +/-   1.098620639046E-03
* var[Eloc/t]              =   1.039788281232E-02 +/-   5.666100341940E-05
* Correlation length       =   1.211899645527E+00

Optimization #3:
* Method          : lls
* Target function : energy
* No. of configs. : 100352
* No. of params.  : 203
* Before optimization:
  -2.9316E+00  -2.9798E+00  -2.9584E+00  -2.9838E+00  -2.9907E+00  -3.0320E+00
   7.1699E-01   7.0326E-01   3.2361E-01   2.8285E-01   4.8291E-01   4.8127E-01
   4.7649E-01   5.0540E-01   5.0665E-01   5.5189E-01   5.4309E-01   3.9882E-01
   3.9712E-01   3.6667E-03   1.3453E-02   1.2222E-01   2.6378E-01   2.6097E-01
   1.6708E-01   1.6878E-01   5.1249E-02   5.6250E-02   2.7394E-02   2.5053E-02
   8.3287E-02   8.4467E-02   1.5135E-02   1.2657E-01   1.2182E-01   1.0722E-01
   9.9530E-02   1.9289E-01   1.9508E-01   1.6577E-01   1.8760E-01   1.8602E-01
   8.6650E-02   7.7788E-02  -6.0947E-02  -5.9048E-02  -6.6754E-02  -6.7164E-02
  -4.2474E-03  -7.6845E-03   2.6052E-01   2.5337E-01  -5.0724E-02  -5.4306E-02
  -7.1947E-02  -7.7309E-02  -5.4502E-02  -5.4770E-02  -9.6768E-02  -9.8636E-02
  -8.7548E-02  -8.9800E-02  -1.8538E-02  -1.7170E-02  -4.7352E-02  -4.5610E-02
   6.7357E-03  -2.0783E-01  -5.0590E-01  -1.0482E-01  -2.1539E-01  -5.9880E-02
  -2.2031E-01  -1.7257E-01  -2.8345E-01  -2.7861E-01  -3.0043E-01  -2.5326E-01
  -2.8947E-01  -2.9245E-01  -2.8112E-01  -1.8680E-01  -2.2956E-01   2.2743E-02
  -5.8529E-02   1.2914E-02  -4.2762E-02   1.1758E-02  -1.4535E-01  -1.2959E-01
  -1.3436E-01  -8.0804E-02  -8.6756E-02   1.5126E-02  -6.7291E-02   2.7482E-03
  -3.0008E-02   4.2339E-03  -8.4619E-02   8.4004E-03  -2.3030E-02  -4.3564E-02
  -7.7791E-02  -2.1325E-02  -8.0640E-02  -5.0165E-02  -1.3252E-01  -6.1907E-02
  -8.9951E-02  -8.2071E-02  -8.9048E-02   6.7204E-04  -7.3054E-02   3.8123E-02
   1.3645E-02   4.4918E-02   2.3558E-02   2.8122E-03  -5.3141E-03  -5.4427E-02
  -2.0964E-01   3.0819E-02   2.0952E-02   5.1866E-02   2.4011E-02   3.1152E-02
   2.2876E-02   5.3563E-02   4.8074E-02   4.6613E-02   4.4839E-02   6.6175E-03
   6.7259E-03   2.6945E-02   2.5032E-02  -8.7721E-03  -5.5964E-03   1.2264E+00
   1.2487E+00   1.2192E+00   1.2586E+00   1.2722E+00   1.2762E+00  -1.6630E-01
   1.0767E-01  -4.0530E-03  -2.6887E-02  -8.5988E-02   2.8547E-02   1.8912E-03
  -1.9739E-01   9.3854E-02   8.7429E-02   2.0687E-01  -1.1389E-03  -1.3023E-03
   1.4447E-02  -1.6398E-02  -1.2105E-01   1.7187E-01   8.5712E-02   9.2235E-02
   5.2258E-02   1.1376E-01   8.2438E-02  -9.1608E-02   1.3540E-01   1.2612E-01
   2.5445E-01   3.1858E-02   1.6148E-02   1.5160E-02  -1.5089E-02  -1.2541E-01
   1.2540E-01   3.8491E-02   5.0141E-02   2.8791E-03   6.7501E-02   3.2614E-02
  -1.1645E-01   1.2019E-01   1.1535E-01   2.1756E-01  -3.3108E-02  -1.4433E-02
   1.3928E-02  -1.1172E-02  -1.6695E-01   1.6558E-01   9.1792E-02   1.2100E-01
   2.5030E-02   8.4151E-02   6.1343E-02  -5.7829E-02   1.5139E-01   1.4261E-01
   2.3661E-01  -7.1118E-03  -3.3038E-03   1.1719E-02  -1.0574E-02
  > E    =  -8.412593972366E+02 +/-   3.229827941792E-04
  > varE =   1.046850842922E-02
* Computing derivatives.
    [walltime: 2m2s elapsed, 1h4m remaining]
    [walltime: 1h1m elapsed, 4m42s remaining]
  Done. [total walltime: 1h5m]
* Optimizing manipulation constant:
  #igrid a___________ E____________________________________ varE____________
     1     Infinity    -8.41259397E+02 +/-   3.22982794E-04   1.04685084E-02
     2     1.0000E+06  -8.41259397E+02 +/-   3.22982659E-04   1.04684997E-02
     3     2.1544E+05  -8.41259397E+02 +/-   3.22982168E-04   1.04684678E-02
     4     4.6416E+04  -8.41259397E+02 +/-   3.22979888E-04   1.04683200E-02
     5     1.0000E+04  -8.41259398E+02 +/-   3.22969313E-04   1.04676345E-02
     6     2.1544E+03  -8.41259402E+02 +/-   3.22920390E-04   1.04644635E-02
     7     4.6416E+02  -8.41259420E+02 +/-   3.22696813E-04   1.04499782E-02
     8     1.0000E+02  -8.41259496E+02 +/-   3.21731691E-04   1.03875641E-02
     9     2.1544E+01  -8.41259761E+02 +/-   3.18611039E-04   1.01870320E-02
    10     4.6416E+00  -8.41259481E+02 +/-   3.25922769E-04   1.06599566E-02
    11     1.0000E+00  -8.41246717E+02 +/-   4.74379707E-04   2.25828234E-02
    12     2.1544E-01  -8.41230787E+02 +/-   6.02843427E-04   3.64699436E-02
    13     4.6416E-02  -8.41231504E+02 +/-   5.94414267E-04   3.54572036E-02
    14     1.0000E-02  -8.41232620E+02 +/-   5.84828301E-04   3.43228067E-02
    15     2.1544E-03  -8.41232899E+02 +/-   5.82371560E-04   3.40350466E-02
    16     4.6416E-04  -8.41232961E+02 +/-   5.81826729E-04   3.39713941E-02
    17     1.0000E-04  -8.41232974E+02 +/-   5.81708671E-04   3.39576093E-02
    18     2.1544E-05  -8.41232977E+02 +/-   5.81683205E-04   3.39546362E-02
    19     4.6416E-06  -8.41232977E+02 +/-   5.81677717E-04   3.39539955E-02
    20     1.0000E-06  -8.41232978E+02 +/-   5.81676535E-04   3.39538575E-02
    21     0.0000E+00  -8.41232978E+02 +/-   5.81676210E-04   3.39538195E-02
* Iteration # 1: E =  -8.412597607630E+02 +/-   3.186110386977E-04
* Reached maximum number of iterations: exiting.
* After optimization:
  -2.9988E+00  -3.0493E+00  -3.0022E+00  -3.0690E+00  -3.0777E+00  -3.1166E+00
   7.1090E-01   6.9831E-01   3.2285E-01   2.7953E-01   4.8478E-01   4.8071E-01
   4.7728E-01   5.0558E-01   5.0728E-01   5.5144E-01   5.4295E-01   3.9699E-01
   3.9559E-01   2.2991E-03   1.2340E-02   1.2285E-01   2.6382E-01   2.6103E-01
   1.6674E-01   1.6844E-01   5.1881E-02   5.6825E-02   2.7453E-02   2.5116E-02
   8.3737E-02   8.5031E-02   1.5137E-02   1.2680E-01   1.2195E-01   1.0734E-01
   9.9764E-02   1.9212E-01   1.9413E-01   1.6580E-01   1.8766E-01   1.8594E-01
   8.5823E-02   7.7031E-02  -6.0761E-02  -5.8780E-02  -6.6725E-02  -6.7041E-02
  -4.0919E-03  -7.4190E-03   2.6229E-01   2.5512E-01  -5.0719E-02  -5.4272E-02
  -7.1587E-02  -7.6945E-02  -5.4620E-02  -5.4790E-02  -9.6797E-02  -9.8555E-02
  -8.7565E-02  -8.9709E-02  -1.8594E-02  -1.7321E-02  -4.7309E-02  -4.5661E-02
   6.7000E-03  -2.0573E-01  -5.0314E-01  -1.0351E-01  -2.1587E-01  -5.6963E-02
  -2.2078E-01  -1.7273E-01  -2.8564E-01  -2.7945E-01  -3.0008E-01  -2.5384E-01
  -2.8960E-01  -2.9196E-01  -2.8124E-01  -1.8565E-01  -2.2975E-01   2.6793E-02
  -6.0099E-02   1.5535E-02  -4.4789E-02   1.1947E-02  -1.4545E-01  -1.2960E-01
  -1.3444E-01  -8.0584E-02  -8.6505E-02   1.4933E-02  -6.7810E-02   2.8222E-03
  -3.0209E-02   4.0707E-03  -8.4889E-02   8.3547E-03  -2.3236E-02  -4.3460E-02
  -7.7818E-02  -2.1075E-02  -8.0614E-02  -4.9373E-02  -1.3232E-01  -6.1900E-02
  -8.9814E-02  -8.1934E-02  -8.9032E-02   1.7207E-03  -7.2958E-02   3.8022E-02
   1.3552E-02   4.4976E-02   2.3404E-02   2.8149E-03  -5.6099E-03  -5.5882E-02
  -2.0994E-01   3.0854E-02   2.0944E-02   5.1739E-02   2.3804E-02   3.1192E-02
   2.3011E-02   5.3510E-02   4.7948E-02   4.6598E-02   4.4842E-02   6.6862E-03
   6.7913E-03   2.6889E-02   2.4982E-02  -8.8052E-03  -5.6002E-03   1.2676E+00
   1.2922E+00   1.2444E+00   1.3112E+00   1.3270E+00   1.3323E+00  -1.7650E-01
   9.6806E-02  -2.5376E-02  -4.3431E-02  -9.2438E-02   2.9590E-02   1.2288E-03
  -2.1072E-01   8.3521E-02   7.5131E-02   2.0141E-01  -1.1709E-03  -6.8911E-04
   1.5920E-02  -1.7505E-02  -1.2540E-01   1.6392E-01   7.1184E-02   8.0686E-02
   5.4283E-02   1.1875E-01   8.5965E-02  -9.6552E-02   1.2666E-01   1.1555E-01
   2.5110E-01   3.2964E-02   1.7025E-02   1.6935E-02  -1.6092E-02  -1.2698E-01
   1.1344E-01   2.3379E-02   3.8725E-02   2.1244E-03   6.7572E-02   3.2203E-02
  -1.1907E-01   1.0852E-01   1.0261E-01   2.0655E-01  -3.2749E-02  -1.4131E-02
   1.4878E-02  -1.1472E-02  -1.6696E-01   1.5412E-01   7.8225E-02   1.1003E-01
   2.5331E-02   8.4680E-02   6.1434E-02  -5.8714E-02   1.3983E-01   1.3006E-01
   2.2543E-01  -7.1457E-03  -3.3640E-03   1.2848E-02  -1.0889E-02
  > Energy =  -8.412597607630E+02 +/-   3.186110386977E-04
  > varE =   1.018703197189E-02

VMC #4:
* Size of Hilbert space =   4.9763E+11
* Number of equil. steps   = 1000
* Running VMC equilibration.
  Done. [total walltime: 0.10s]
* Equil. acc.ratio (%)     =   5.2798
* Sample config after equilibration:
  +---------------------+
  |  u   2   2   d   d  |
  |d   u   0   d   u   u|
  |u   d   0   d   u   0|
  |  d   u   u   d   2  |
  +---------------------+
* Number of accum. steps   = 501760 x 10
* Running VMC accumulation.
    [walltime: 1m elapsed, 41.5s remaining]
  Done. [total walltime: 1m41s]
* Acceptance ratio (%)     =   5.2482
* Etot/t                   =  -8.412601842139E+02 +/-   1.542575281792E-04
  > Ttot/t                 =  -7.559480969305E+01 +/-   1.217734551506E-03
  > Utot/t                 =   3.303576736565E+01 +/-   1.189781728885E-03
* var[Eloc/t]              =   9.974954581858E-03 +/-   4.819173454813E-05
* Correlation length       =   1.196955061759E+00

Optimization #4:
* Method          : lls
* Target function : energy
* No. of configs. : 100352
* No. of params.  : 203
* Before optimization:
  -2.9988E+00  -3.0493E+00  -3.0022E+00  -3.0690E+00  -3.0777E+00  -3.1166E+00
   7.1090E-01   6.9831E-01   3.2285E-01   2.7953E-01   4.8478E-01   4.8071E-01
   4.7728E-01   5.0558E-01   5.0728E-01   5.5144E-01   5.4295E-01   3.9699E-01
   3.9559E-01   2.2991E-03   1.2340E-02   1.2285E-01   2.6382E-01   2.6103E-01
   1.6674E-01   1.6844E-01   5.1881E-02   5.6825E-02   2.7453E-02   2.5116E-02
   8.3737E-02   8.5031E-02   1.5137E-02   1.2680E-01   1.2195E-01   1.0734E-01
   9.9764E-02   1.9212E-01   1.9413E-01   1.6580E-01   1.8766E-01   1.8594E-01
   8.5823E-02   7.7031E-02  -6.0761E-02  -5.8780E-02  -6.6725E-02  -6.7041E-02
  -4.0919E-03  -7.4190E-03   2.6229E-01   2.5512E-01  -5.0719E-02  -5.4272E-02
  -7.1587E-02  -7.6945E-02  -5.4620E-02  -5.4790E-02  -9.6797E-02  -9.8555E-02
  -8.7565E-02  -8.9709E-02  -1.8594E-02  -1.7321E-02  -4.7309E-02  -4.5661E-02
   6.7000E-03  -2.0573E-01  -5.0314E-01  -1.0351E-01  -2.1587E-01  -5.6963E-02
  -2.2078E-01  -1.7273E-01  -2.8564E-01  -2.7945E-01  -3.0008E-01  -2.5384E-01
  -2.8960E-01  -2.9196E-01  -2.8124E-01  -1.8565E-01  -2.2975E-01   2.6793E-02
  -6.0099E-02   1.5535E-02  -4.4789E-02   1.1947E-02  -1.4545E-01  -1.2960E-01
  -1.3444E-01  -8.0584E-02  -8.6505E-02   1.4933E-02  -6.7810E-02   2.8222E-03
  -3.0209E-02   4.0707E-03  -8.4889E-02   8.3547E-03  -2.3236E-02  -4.3460E-02
  -7.7818E-02  -2.1075E-02  -8.0614E-02  -4.9373E-02  -1.3232E-01  -6.1900E-02
  -8.9814E-02  -8.1934E-02  -8.9032E-02   1.7207E-03  -7.2958E-02   3.8022E-02
   1.3552E-02   4.4976E-02   2.3404E-02   2.8149E-03  -5.6099E-03  -5.5882E-02
  -2.0994E-01   3.0854E-02   2.0944E-02   5.1739E-02   2.3804E-02   3.1192E-02
   2.3011E-02   5.3510E-02   4.7948E-02   4.6598E-02   4.4842E-02   6.6862E-03
   6.7913E-03   2.6889E-02   2.4982E-02  -8.8052E-03  -5.6002E-03   1.2676E+00
   1.2922E+00   1.2444E+00   1.3112E+00   1.3270E+00   1.3323E+00  -1.7650E-01
   9.6806E-02  -2.5376E-02  -4.3431E-02  -9.2438E-02   2.9590E-02   1.2288E-03
  -2.1072E-01   8.3521E-02   7.5131E-02   2.0141E-01  -1.1709E-03  -6.8911E-04
   1.5920E-02  -1.7505E-02  -1.2540E-01   1.6392E-01   7.1184E-02   8.0686E-02
   5.4283E-02   1.1875E-01   8.5965E-02  -9.6552E-02   1.2666E-01   1.1555E-01
   2.5110E-01   3.2964E-02   1.7025E-02   1.6935E-02  -1.6092E-02  -1.2698E-01
   1.1344E-01   2.3379E-02   3.8725E-02   2.1244E-03   6.7572E-02   3.2203E-02
  -1.1907E-01   1.0852E-01   1.0261E-01   2.0655E-01  -3.2749E-02  -1.4131E-02
   1.4878E-02  -1.1472E-02  -1.6696E-01   1.5412E-01   7.8225E-02   1.1003E-01
   2.5331E-02   8.4680E-02   6.1434E-02  -5.8714E-02   1.3983E-01   1.3006E-01
   2.2543E-01  -7.1457E-03  -3.3640E-03   1.2848E-02  -1.0889E-02
  > E    =  -8.412595340708E+02 +/-   3.158684334878E-04
  > varE =   1.001240677669E-02
* Computing derivatives.
    [walltime: 2m1s elapsed, 1h4m remaining]
    [walltime: 1h1m elapsed, 4m43s remaining]
  Done. [total walltime: 1h6m]
* Optimizing manipulation constant:
  #igrid a___________ E____________________________________ varE____________
     1     Infinity    -8.41259534E+02 +/-   3.15868433E-04   1.00124068E-02
     2     1.0000E+06  -8.41259534E+02 +/-   3.15868308E-04   1.00123988E-02
     3     2.1544E+05  -8.41259534E+02 +/-   3.15867851E-04   1.00123698E-02
     4     4.6416E+04  -8.41259534E+02 +/-   3.15865734E-04   1.00122357E-02
     5     1.0000E+04  -8.41259535E+02 +/-   3.15856041E-04   1.00116212E-02
     6     2.1544E+03  -8.41259538E+02 +/-   3.15813834E-04   1.00089457E-02
     7     4.6416E+02  -8.41259549E+02 +/-   3.15677370E-04   1.00002978E-02
     8     1.0000E+02  -8.41259515E+02 +/-   3.16324198E-04   1.00413213E-02
     9     2.1544E+01  -8.41256212E+02 +/-   3.60797207E-04   1.30632840E-02
    10     4.6416E+00  -8.41008279E+02 +/-   1.47216668E-03   2.17490355E-01
    11     1.0000E+00  -8.39137322E+02 +/-   3.28572512E-03   1.08339915E+00
    12     2.1544E-01  -8.38634194E+02 +/-   3.40209078E-03   1.16149629E+00
    13     4.6416E-02  -8.38642558E+02 +/-   3.40187806E-03   1.16135105E+00
    14     1.0000E-02  -8.38841637E+02 +/-   3.36496418E-03   1.13628408E+00
    15     2.1544E-03  -8.39098661E+02 +/-   3.30533921E-03   1.09637243E+00
    16     4.6416E-04  -8.39206000E+02 +/-   3.27466967E-03   1.07612080E+00
    17     1.0000E-04  -8.39233409E+02 +/-   3.26615525E-03   1.07053207E+00
    18     2.1544E-05  -8.39239542E+02 +/-   3.26420889E-03   1.06925655E+00
    19     4.6416E-06  -8.39240875E+02 +/-   3.26378408E-03   1.06897825E+00
    20     1.0000E-06  -8.39241162E+02 +/-   3.26369229E-03   1.06891813E+00
    21     0.0000E+00  -8.39241241E+02 +/-   3.26366707E-03   1.06890161E+00
  ParMin   6.9275E+02  -8.41259545E+02 +/-   3.15722906E-04   1.00031830E-02
  # Using grid point #7
* Iteration # 1: E =  -8.412595491740E+02 +/-   3.156773700405E-04
* Reached maximum number of iterations: exiting.
* After optimization:
  -3.0178E+00  -3.0683E+00  -3.0195E+00  -3.0890E+00  -3.0974E+00  -3.1361E+00
   7.1061E-01   6.9812E-01   3.2279E-01   2.7940E-01   4.8480E-01   4.8069E-01
   4.7732E-01   5.0560E-01   5.0733E-01   5.5142E-01   5.4293E-01   3.9692E-01
   3.9551E-01   2.2402E-03   1.2306E-02   1.2285E-01   2.6382E-01   2.6104E-01
   1.6672E-01   1.6842E-01   5.1909E-02   5.6842E-02   2.7446E-02   2.5114E-02
   8.3760E-02   8.5043E-02   1.5127E-02   1.2680E-01   1.2194E-01   1.0733E-01
   9.9763E-02   1.9209E-01   1.9408E-01   1.6581E-01   1.8767E-01   1.8594E-01
   8.5784E-02   7.6995E-02  -6.0751E-02  -5.8771E-02  -6.6730E-02  -6.7042E-02
  -4.0893E-03  -7.4149E-03   2.6234E-01   2.5517E-01  -5.0721E-02  -5.4269E-02
  -7.1575E-02  -7.6930E-02  -5.4625E-02  -5.4788E-02  -9.6799E-02  -9.8553E-02
  -8.7566E-02  -8.9708E-02  -1.8594E-02  -1.7322E-02  -4.7309E-02  -4.5662E-02
   6.6978E-03  -2.0563E-01  -5.0303E-01  -1.0346E-01  -2.1589E-01  -5.6837E-02
  -2.2082E-01  -1.7274E-01  -2.8575E-01  -2.7950E-01  -3.0005E-01  -2.5388E-01
  -2.8961E-01  -2.9195E-01  -2.8125E-01  -1.8559E-01  -2.2978E-01   2.6962E-02
  -6.0165E-02   1.5642E-02  -4.4880E-02   1.1970E-02  -1.4547E-01  -1.2960E-01
  -1.3444E-01  -8.0572E-02  -8.6490E-02   1.4935E-02  -6.7844E-02   2.8292E-03
  -3.0216E-02   4.0817E-03  -8.4907E-02   8.3600E-03  -2.3240E-02  -4.3441E-02
  -7.7813E-02  -2.1052E-02  -8.0604E-02  -4.9322E-02  -1.3232E-01  -6.1903E-02
  -8.9810E-02  -8.1928E-02  -8.9028E-02   1.7720E-03  -7.2961E-02   3.8019E-02
   1.3543E-02   4.4984E-02   2.3402E-02   2.8148E-03  -5.6255E-03  -5.5910E-02
  -2.0994E-01   3.0858E-02   2.0944E-02   5.1737E-02   2.3794E-02   3.1195E-02
   2.3016E-02   5.3510E-02   4.7944E-02   4.6595E-02   4.4840E-02   6.6888E-03
   6.7920E-03   2.6886E-02   2.4979E-02  -8.8042E-03  -5.6007E-03   1.2797E+00
   1.3044E+00   1.2552E+00   1.3242E+00   1.3402E+00   1.3455E+00  -1.7841E-01
   9.7042E-02  -2.6574E-02  -4.4622E-02  -9.3490E-02   2.9841E-02   1.1702E-03
  -2.1304E-01   8.3729E-02   7.5150E-02   2.0272E-01  -1.1776E-03  -6.6165E-04
   1.6086E-02  -1.7696E-02  -1.2663E-01   1.6485E-01   7.1063E-02   8.0738E-02
   5.4788E-02   1.1991E-01   8.6780E-02  -9.7565E-02   1.2729E-01   1.1599E-01
   2.5288E-01   3.3288E-02   1.7202E-02   1.7129E-02  -1.6266E-02  -1.2710E-01
   1.1291E-01   2.2727E-02   3.8184E-02   2.0810E-03   6.7551E-02   3.2163E-02
  -1.1920E-01   1.0803E-01   1.0207E-01   2.0606E-01  -3.2738E-02  -1.4119E-02
   1.4905E-02  -1.1485E-02  -1.6700E-01   1.5360E-01   7.7625E-02   1.0952E-01
   2.5339E-02   8.4674E-02   6.1410E-02  -5.8770E-02   1.3935E-01   1.2954E-01
   2.2493E-01  -7.1460E-03  -3.3636E-03   1.2884E-02  -1.0906E-02
  > Energy =  -8.412595491740E+02 +/-   3.156773700405E-04
  > varE =   1.000029777066E-02

VMC #5:
* Size of Hilbert space =   4.9763E+11
* Number of equil. steps   = 1000
* Running VMC equilibration.
  Done. [total walltime: 0.10s]
* Equil. acc.ratio (%)     =   5.2378
* Sample config after equilibration:
  +---------------------+
  |  2   u   u   u   u  |
  |0   d   d   2   d   d|
  |2   0   0   d   d   d|
  |  u   d   u   u   u  |
  +---------------------+
* Number of accum. steps   = 501760 x 10
* Running VMC accumulation.
    [walltime: 1m elapsed, 41.9s remaining]
  Done. [total walltime: 1m42s]
* Acceptance ratio (%)     =   5.1998
* Etot/t                   =  -8.412600152954E+02 +/-   1.574107390793E-04
  > Ttot/t                 =  -7.559335848351E+01 +/-   1.210735264339E-03
  > Utot/t                 =   3.303448507459E+01 +/-   1.180605661628E-03
* var[Eloc/t]              =   9.919644855330E-03 +/-   4.350373266728E-05
* Correlation length       =   1.253339217062E+00

Optimization #5:
* Method          : lls
* Target function : energy
* No. of configs. : 100352
* No. of params.  : 203
* Before optimization:
  -3.0178E+00  -3.0683E+00  -3.0195E+00  -3.0890E+00  -3.0974E+00  -3.1361E+00
   7.1061E-01   6.9812E-01   3.2279E-01   2.7940E-01   4.8480E-01   4.8069E-01
   4.7732E-01   5.0560E-01   5.0733E-01   5.5142E-01   5.4293E-01   3.9692E-01
   3.9551E-01   2.2402E-03   1.2306E-02   1.2285E-01   2.6382E-01   2.6104E-01
   1.6672E-01   1.6842E-01   5.1909E-02   5.6842E-02   2.7446E-02   2.5114E-02
   8.3760E-02   8.5043E-02   1.5127E-02   1.2680E-01   1.2194E-01   1.0733E-01
   9.9763E-02   1.9209E-01   1.9408E-01   1.6581E-01   1.8767E-01   1.8594E-01
   8.5784E-02   7.6995E-02  -6.0751E-02  -5.8771E-02  -6.6730E-02  -6.7042E-02
  -4.0893E-03  -7.4149E-03   2.6234E-01   2.5517E-01  -5.0721E-02  -5.4269E-02
  -7.1575E-02  -7.6930E-02  -5.4625E-02  -5.4788E-02  -9.6799E-02  -9.8553E-02
  -8.7566E-02  -8.9708E-02  -1.8594E-02  -1.7322E-02  -4.7309E-02  -4.5662E-02
   6.6978E-03  -2.0563E-01  -5.0303E-01  -1.0346E-01  -2.1589E-01  -5.6837E-02
  -2.2082E-01  -1.7274E-01  -2.8575E-01  -2.7950E-01  -3.0005E-01  -2.5388E-01
  -2.8961E-01  -2.9195E-01  -2.8125E-01  -1.8559E-01  -2.2978E-01   2.6962E-02
  -6.0165E-02   1.5642E-02  -4.4880E-02   1.1970E-02  -1.4547E-01  -1.2960E-01
  -1.3444E-01  -8.0572E-02  -8.6490E-02   1.4935E-02  -6.7844E-02   2.8292E-03
  -3.0216E-02   4.0817E-03  -8.4907E-02   8.3600E-03  -2.3240E-02  -4.3441E-02
  -7.7813E-02  -2.1052E-02  -8.0604E-02  -4.9322E-02  -1.3232E-01  -6.1903E-02
  -8.9810E-02  -8.1928E-02  -8.9028E-02   1.7720E-03  -7.2961E-02   3.8019E-02
   1.3543E-02   4.4984E-02   2.3402E-02   2.8148E-03  -5.6255E-03  -5.5910E-02
  -2.0994E-01   3.0858E-02   2.0944E-02   5.1737E-02   2.3794E-02   3.1195E-02
   2.3016E-02   5.3510E-02   4.7944E-02   4.6595E-02   4.4840E-02   6.6888E-03
   6.7920E-03   2.6886E-02   2.4979E-02  -8.8042E-03  -5.6007E-03   1.2797E+00
   1.3044E+00   1.2552E+00   1.3242E+00   1.3402E+00   1.3455E+00  -1.7841E-01
   9.7042E-02  -2.6574E-02  -4.4622E-02  -9.3490E-02   2.9841E-02   1.1702E-03
  -2.1304E-01   8.3729E-02   7.5150E-02   2.0272E-01  -1.1776E-03  -6.6165E-04
   1.6086E-02  -1.7696E-02  -1.2663E-01   1.6485E-01   7.1063E-02   8.0738E-02
   5.4788E-02   1.1991E-01   8.6780E-02  -9.7565E-02   1.2729E-01   1.1599E-01
   2.5288E-01   3.3288E-02   1.7202E-02   1.7129E-02  -1.6266E-02  -1.2710E-01
   1.1291E-01   2.2727E-02   3.8184E-02   2.0810E-03   6.7551E-02   3.2163E-02
  -1.1920E-01   1.0803E-01   1.0207E-01   2.0606E-01  -3.2738E-02  -1.4119E-02
   1.4905E-02  -1.1485E-02  -1.6700E-01   1.5360E-01   7.7625E-02   1.0952E-01
   2.5339E-02   8.4674E-02   6.1410E-02  -5.8770E-02   1.3935E-01   1.2954E-01
   2.2493E-01  -7.1460E-03  -3.3636E-03   1.2884E-02  -1.0906E-02
  > E    =  -8.412603736259E+02 +/-   3.153472742726E-04
  > varE =   9.979394593108E-03
* Computing derivatives.
    [walltime: 2m2s elapsed, 1h4m remaining]
    [walltime: 1h elapsed, 5m23s remaining]
  Done. [total walltime: 1h6m]
* Optimizing manipulation constant:
  #igrid a___________ E____________________________________ varE____________
     1     Infinity    -8.41260374E+02 +/-   3.15347274E-04   9.97939459E-03
     2     1.0000E+06  -8.41260374E+02 +/-   3.15347148E-04   9.97938663E-03
     3     2.1544E+05  -8.41260374E+02 +/-   3.15346690E-04   9.97935763E-03
     4     4.6416E+04  -8.41260374E+02 +/-   3.15344564E-04   9.97922305E-03
     5     1.0000E+04  -8.41260375E+02 +/-   3.15334702E-04   9.97859888E-03
     6     2.1544E+03  -8.41260378E+02 +/-   3.15289082E-04   9.97571184E-03
     7     4.6416E+02  -8.41260393E+02 +/-   3.15080681E-04   9.96252866E-03
     8     1.0000E+02  -8.41260460E+02 +/-   3.14183718E-04   9.90588730E-03
     9     2.1544E+01  -8.41260678E+02 +/-   3.11416631E-04   9.73216885E-03
    10     4.6416E+00  -8.41259578E+02 +/-   3.29668031E-04   1.09063568E-02
    11     1.0000E+00  -8.41183800E+02 +/-   8.85672233E-04   7.87176446E-02
    12     2.1544E-01  -8.40585660E+02 +/-   2.31464634E-03   5.37644641E-01
    13     4.6416E-02  -8.40042980E+02 +/-   2.92520415E-03   8.58693931E-01
    14     1.0000E-02  -8.39886812E+02 +/-   3.05220500E-03   9.34874753E-01
    15     2.1544E-03  -8.39851556E+02 +/-   3.07855498E-03   9.51086155E-01
    16     4.6416E-04  -8.39843890E+02 +/-   3.08417755E-03   9.54563393E-01
    17     1.0000E-04  -8.39842235E+02 +/-   3.08538631E-03   9.55311770E-01
    18     2.1544E-05  -8.39841879E+02 +/-   3.08564661E-03   9.55472967E-01
    19     4.6416E-06  -8.39841802E+02 +/-   3.08570268E-03   9.55507694E-01
    20     1.0000E-06  -8.39841785E+02 +/-   3.08571476E-03   9.55515176E-01
    21     0.0000E+00  -8.39841781E+02 +/-   3.08571808E-03   9.55517230E-01
  ParMin   3.6090E+01  -8.41260584E+02 +/-   3.12561128E-04   9.80383429E-03
  # Using grid point #9
* Iteration # 1: E =  -8.412606783049E+02 +/-   3.114166306116E-04
* Reached maximum number of iterations: exiting.
* After optimization:
  -3.0884E+00  -3.1369E+00  -3.0748E+00  -3.1699E+00  -3.1822E+00  -3.2152E+00
   7.0299E-01   6.9129E-01   3.2162E-01   2.7671E-01   4.8738E-01   4.7952E-01
   4.7756E-01   5.0616E-01   5.0809E-01   5.5116E-01   5.4278E-01   3.9564E-01
   3.9441E-01   9.5503E-04   1.1465E-02   1.2305E-01   2.6404E-01   2.6117E-01
   1.6659E-01   1.6820E-01   5.2416E-02   5.7300E-02   2.7228E-02   2.4939E-02
   8.4121E-02   8.5528E-02   1.4950E-02   1.2672E-01   1.2159E-01   1.0709E-01
   9.9740E-02   1.9099E-01   1.9300E-01   1.6589E-01   1.8766E-01   1.8572E-01
   8.4871E-02   7.6188E-02  -6.0555E-02  -5.8513E-02  -6.6814E-02  -6.7061E-02
  -4.1161E-03  -7.5025E-03   2.6384E-01   2.5646E-01  -5.0751E-02  -5.4396E-02
  -7.1240E-02  -7.6610E-02  -5.4664E-02  -5.4796E-02  -9.6676E-02  -9.8467E-02
  -8.7459E-02  -8.9567E-02  -1.8539E-02  -1.7306E-02  -4.7241E-02  -4.5656E-02
   6.5656E-03  -2.0223E-01  -4.9983E-01  -1.0255E-01  -2.1583E-01  -5.4488E-02
  -2.2154E-01  -1.7395E-01  -2.8853E-01  -2.8003E-01  -2.9942E-01  -2.5450E-01
  -2.8986E-01  -2.9165E-01  -2.8146E-01  -1.8500E-01  -2.3024E-01   3.0819E-02
  -6.1582E-02   1.7668E-02  -4.6827E-02   1.2369E-02  -1.4580E-01  -1.2966E-01
  -1.3455E-01  -8.0438E-02  -8.6233E-02   1.4820E-02  -6.8425E-02   3.0630E-03
  -3.0333E-02   4.1430E-03  -8.5126E-02   8.5508E-03  -2.3365E-02  -4.3029E-02
  -7.7622E-02  -2.0547E-02  -8.0560E-02  -4.8265E-02  -1.3189E-01  -6.2005E-02
  -8.9783E-02  -8.1758E-02  -8.8944E-02   2.9724E-03  -7.2878E-02   3.7967E-02
   1.3408E-02   4.5182E-02   2.3262E-02   2.9386E-03  -5.9329E-03  -5.6804E-02
  -2.1001E-01   3.1007E-02   2.0980E-02   5.1655E-02   2.3580E-02   3.1175E-02
   2.3080E-02   5.3483E-02   4.7791E-02   4.6489E-02   4.4760E-02   6.6849E-03
   6.7563E-03   2.6813E-02   2.4973E-02  -8.7416E-03  -5.5342E-03   1.3249E+00
   1.3493E+00   1.2889E+00   1.3773E+00   1.3968E+00   1.4003E+00  -1.9115E-01
   8.6066E-02  -4.7280E-02  -6.1715E-02  -1.0087E-01   2.9780E-02  -5.8578E-04
  -2.2661E-01   7.4381E-02   6.4166E-02   1.9626E-01  -1.1284E-03  -2.7088E-04
   1.6898E-02  -1.8689E-02  -1.3260E-01   1.5763E-01   5.7403E-02   7.0005E-02
   5.6521E-02   1.2409E-01   8.9535E-02  -1.0241E-01   1.1977E-01   1.0656E-01
   2.4846E-01   3.4559E-02   1.8002E-02   1.8324E-02  -1.7144E-02  -1.2938E-01
   1.0193E-01   9.3951E-03   2.7498E-02   1.1022E-03   6.6722E-02   3.1052E-02
  -1.2122E-01   9.8452E-02   9.1398E-02   1.9513E-01  -3.2501E-02  -1.3832E-02
   1.5329E-02  -1.1593E-02  -1.6712E-01   1.4327E-01   6.5586E-02   9.9034E-02
   2.5439E-02   8.4280E-02   6.0906E-02  -5.9274E-02   1.2984E-01   1.1910E-01
   2.1373E-01  -7.1288E-03  -3.4265E-03   1.3411E-02  -1.1093E-02
  > Energy =  -8.412606783049E+02 +/-   3.114166306116E-04
  > varE =   9.732168854024E-03

VMC #6:
* Size of Hilbert space =   4.9763E+11
* Number of equil. steps   = 1000
* Running VMC equilibration.
  Done. [total walltime: 0.10s]
* Equil. acc.ratio (%)     =   5.0346
* Sample config after equilibration:
  +---------------------+
  |  u   u   u   2   d  |
  |d   2   d   d   u   u|
  |d   d   0   d   0   d|
  |  u   u   u   u   d  |
  +---------------------+
* Number of accum. steps   = 501760 x 10
* Running VMC accumulation.
    [walltime: 1m elapsed, 41.3s remaining]
  Done. [total walltime: 1m41s]
* Acceptance ratio (%)     =   5.0048
* Etot/t                   =  -8.412604906188E+02 +/-   1.536360147031E-04
  > Ttot/t                 =  -7.559448516413E+01 +/-   1.199084675390E-03
  > Utot/t                 =   3.303513643181E+01 +/-   1.165568239280E-03
* var[Eloc/t]              =   9.797806956244E-03 +/-   1.033390103302E-04
* Correlation length       =   1.208796585179E+00

Optimization #6:
* Method          : lls
* Target function : energy
* No. of configs. : 100352
* No. of params.  : 203
* Before optimization:
  -3.0884E+00  -3.1369E+00  -3.0748E+00  -3.1699E+00  -3.1822E+00  -3.2152E+00
   7.0299E-01   6.9129E-01   3.2162E-01   2.7671E-01   4.8738E-01   4.7952E-01
   4.7756E-01   5.0616E-01   5.0809E-01   5.5116E-01   5.4278E-01   3.9564E-01
   3.9441E-01   9.5503E-04   1.1465E-02   1.2305E-01   2.6404E-01   2.6117E-01
   1.6659E-01   1.6820E-01   5.2416E-02   5.7300E-02   2.7228E-02   2.4939E-02
   8.4121E-02   8.5528E-02   1.4950E-02   1.2672E-01   1.2159E-01   1.0709E-01
   9.9740E-02   1.9099E-01   1.9300E-01   1.6589E-01   1.8766E-01   1.8572E-01
   8.4871E-02   7.6188E-02  -6.0555E-02  -5.8513E-02  -6.6814E-02  -6.7061E-02
  -4.1161E-03  -7.5025E-03   2.6384E-01   2.5646E-01  -5.0751E-02  -5.4396E-02
  -7.1240E-02  -7.6610E-02  -5.4664E-02  -5.4796E-02  -9.6676E-02  -9.8467E-02
  -8.7459E-02  -8.9567E-02  -1.8539E-02  -1.7306E-02  -4.7241E-02  -4.5656E-02
   6.5656E-03  -2.0223E-01  -4.9983E-01  -1.0255E-01  -2.1583E-01  -5.4488E-02
  -2.2154E-01  -1.7395E-01  -2.8853E-01  -2.8003E-01  -2.9942E-01  -2.5450E-01
  -2.8986E-01  -2.9165E-01  -2.8146E-01  -1.8500E-01  -2.3024E-01   3.0819E-02
  -6.1582E-02   1.7668E-02  -4.6827E-02   1.2369E-02  -1.4580E-01  -1.2966E-01
  -1.3455E-01  -8.0438E-02  -8.6233E-02   1.4820E-02  -6.8425E-02   3.0630E-03
  -3.0333E-02   4.1430E-03  -8.5126E-02   8.5508E-03  -2.3365E-02  -4.3029E-02
  -7.7622E-02  -2.0547E-02  -8.0560E-02  -4.8265E-02  -1.3189E-01  -6.2005E-02
  -8.9783E-02  -8.1758E-02  -8.8944E-02   2.9724E-03  -7.2878E-02   3.7967E-02
   1.3408E-02   4.5182E-02   2.3262E-02   2.9386E-03  -5.9329E-03  -5.6804E-02
  -2.1001E-01   3.1007E-02   2.0980E-02   5.1655E-02   2.3580E-02   3.1175E-02
   2.3080E-02   5.3483E-02   4.7791E-02   4.6489E-02   4.4760E-02   6.6849E-03
   6.7563E-03   2.6813E-02   2.4973E-02  -8.7416E-03  -5.5342E-03   1.3249E+00
   1.3493E+00   1.2889E+00   1.3773E+00   1.3968E+00   1.4003E+00  -1.9115E-01
   8.6066E-02  -4.7280E-02  -6.1715E-02  -1.0087E-01   2.9780E-02  -5.8578E-04
  -2.2661E-01   7.4381E-02   6.4166E-02   1.9626E-01  -1.1284E-03  -2.7088E-04
   1.6898E-02  -1.8689E-02  -1.3260E-01   1.5763E-01   5.7403E-02   7.0005E-02
   5.6521E-02   1.2409E-01   8.9535E-02  -1.0241E-01   1.1977E-01   1.0656E-01
   2.4846E-01   3.4559E-02   1.8002E-02   1.8324E-02  -1.7144E-02  -1.2938E-01
   1.0193E-01   9.3951E-03   2.7498E-02   1.1022E-03   6.6722E-02   3.1052E-02
  -1.2122E-01   9.8452E-02   9.1398E-02   1.9513E-01  -3.2501E-02  -1.3832E-02
   1.5329E-02  -1.1593E-02  -1.6712E-01   1.4327E-01   6.5586E-02   9.9034E-02
   2.5439E-02   8.4280E-02   6.0906E-02  -5.9274E-02   1.2984E-01   1.1910E-01
   2.1373E-01  -7.1288E-03  -3.4265E-03   1.3411E-02  -1.1093E-02
  > E    =  -8.412604754013E+02 +/-   3.116957407319E-04
  > varE =   9.749621769686E-03
* Computing derivatives.
    [walltime: 2m1s elapsed, 1h4m remaining]
    [walltime: 1h1m elapsed, 4m43s remaining]
  Done. [total walltime: 1h6m]
* Optimizing manipulation constant:
  #igrid a___________ E____________________________________ varE____________
     1     Infinity    -8.41260475E+02 +/-   3.11695741E-04   9.74962177E-03
     2     1.0000E+06  -8.41260475E+02 +/-   3.11695621E-04   9.74961426E-03
     3     2.1544E+05  -8.41260475E+02 +/-   3.11695186E-04   9.74958705E-03
     4     4.6416E+04  -8.41260476E+02 +/-   3.11693205E-04   9.74946316E-03
     5     1.0000E+04  -8.41260476E+02 +/-   3.11684842E-04   9.74893996E-03
     6     2.1544E+03  -8.41260478E+02 +/-   3.11663816E-04   9.74762468E-03
     7     4.6416E+02  -8.41260465E+02 +/-   3.11946959E-04   9.76534399E-03
     8     1.0000E+02  -8.41259823E+02 +/-   3.22761880E-04   1.04541928E-02
     9     2.1544E+01  -8.41206865E+02 +/-   7.56840564E-04   5.74823923E-02
    10     4.6416E+00  -8.39454140E+02 +/-   3.31894659E-03   1.10541807E+00
    11     1.0000E+00  -8.38552409E+02 +/-   3.64314904E-03   1.33192543E+00
    12     2.1544E-01  -8.38548242E+02 +/-   3.64889522E-03   1.33613031E+00
    13     4.6416E-02  -8.38548225E+02 +/-   3.65118258E-03   1.33780598E+00
    14     1.0000E-02  -8.38548232E+02 +/-   3.65180638E-03   1.33826315E+00
    15     2.1544E-03  -8.38548234E+02 +/-   3.65194729E-03   1.33836643E+00
    16     4.6416E-04  -8.38548235E+02 +/-   3.65197789E-03   1.33838885E+00
    17     1.0000E-04  -8.38548235E+02 +/-   3.65198449E-03   1.33839369E+00
    18     2.1544E-05  -8.38548235E+02 +/-   3.65198591E-03   1.33839473E+00
    19     4.6416E-06  -8.38548235E+02 +/-   3.65198622E-03   1.33839496E+00
    20     1.0000E-06  -8.38548235E+02 +/-   3.65198628E-03   1.33839501E+00
    21     0.0000E+00  -8.38548235E+02 +/-   3.65198630E-03   1.33839502E+00
  ParMin   3.8281E+03  -8.41260477E+02 +/-   3.11671928E-04   9.74813211E-03
  # Using grid point #6
* Iteration # 1: E =  -8.412604780886E+02 +/-   3.116638156559E-04
* Reached maximum number of iterations: exiting.
* After optimization:
  -3.0985E+00  -3.1470E+00  -3.0846E+00  -3.1801E+00  -3.1924E+00  -3.2254E+00
   7.0292E-01   6.9124E-01   3.2162E-01   2.7669E-01   4.8741E-01   4.7952E-01
   4.7756E-01   5.0617E-01   5.0810E-01   5.5115E-01   5.4278E-01   3.9562E-01
   3.9440E-01   9.4647E-04   1.1461E-02   1.2306E-01   2.6404E-01   2.6117E-01
   1.6659E-01   1.6820E-01   5.2424E-02   5.7308E-02   2.7228E-02   2.4939E-02
   8.4127E-02   8.5534E-02   1.4948E-02   1.2672E-01   1.2159E-01   1.0709E-01
   9.9742E-02   1.9098E-01   1.9299E-01   1.6589E-01   1.8766E-01   1.8572E-01
   8.4864E-02   7.6183E-02  -6.0553E-02  -5.8509E-02  -6.6814E-02  -6.7062E-02
  -4.1148E-03  -7.5000E-03   2.6387E-01   2.5648E-01  -5.0751E-02  -5.4395E-02
  -7.1235E-02  -7.6605E-02  -5.4665E-02  -5.4797E-02  -9.6676E-02  -9.8465E-02
  -8.7459E-02  -8.9565E-02  -1.8540E-02  -1.7307E-02  -4.7240E-02  -4.5656E-02
   6.5662E-03  -2.0218E-01  -4.9978E-01  -1.0255E-01  -2.1583E-01  -5.4471E-02
  -2.2155E-01  -1.7397E-01  -2.8855E-01  -2.8004E-01  -2.9942E-01  -2.5451E-01
  -2.8986E-01  -2.9164E-01  -2.8146E-01  -1.8499E-01  -2.3024E-01   3.0854E-02
  -6.1599E-02   1.7687E-02  -4.6848E-02   1.2367E-02  -1.4580E-01  -1.2966E-01
  -1.3455E-01  -8.0436E-02  -8.6231E-02   1.4815E-02  -6.8430E-02   3.0638E-03
  -3.0334E-02   4.1390E-03  -8.5128E-02   8.5518E-03  -2.3365E-02  -4.3027E-02
  -7.7622E-02  -2.0544E-02  -8.0559E-02  -4.8256E-02  -1.3189E-01  -6.2007E-02
  -8.9782E-02  -8.1756E-02  -8.8943E-02   2.9815E-03  -7.2879E-02   3.7965E-02
   1.3406E-02   4.5183E-02   2.3262E-02   2.9384E-03  -5.9372E-03  -5.6824E-02
  -2.1001E-01   3.1007E-02   2.0980E-02   5.1653E-02   2.3577E-02   3.1176E-02
   2.3082E-02   5.3482E-02   4.7790E-02   4.6488E-02   4.4760E-02   6.6854E-03
   6.7566E-03   2.6812E-02   2.4973E-02  -8.7419E-03  -5.5343E-03   1.3316E+00
   1.3561E+00   1.2952E+00   1.3843E+00   1.4039E+00   1.4075E+00  -1.9218E-01
   8.6338E-02  -4.7727E-02  -6.2200E-02  -1.0143E-01   2.9907E-02  -6.1749E-04
  -2.2783E-01   7.4623E-02   6.4342E-02   1.9710E-01  -1.1325E-03  -2.6413E-04
   1.6979E-02  -1.8788E-02  -1.3330E-01   1.5828E-01   5.7519E-02   7.0196E-02
   5.6800E-02   1.2471E-01   8.9974E-02  -1.0295E-01   1.2024E-01   1.0695E-01
   2.4956E-01   3.4735E-02   1.8100E-02   1.8416E-02  -1.7233E-02  -1.2942E-01
   1.0181E-01   9.2571E-03   2.7377E-02   1.0877E-03   6.6707E-02   3.1034E-02
  -1.2125E-01   9.8354E-02   9.1292E-02   1.9501E-01  -3.2498E-02  -1.3830E-02
   1.5329E-02  -1.1594E-02  -1.6713E-01   1.4316E-01   6.5463E-02   9.8916E-02
   2.5434E-02   8.4269E-02   6.0894E-02  -5.9284E-02   1.2974E-01   1.1900E-01
   2.1360E-01  -7.1288E-03  -3.4269E-03   1.3413E-02  -1.1094E-02
  > Energy =  -8.412604780886E+02 +/-   3.116638156559E-04
  > varE =   9.747624684486E-03

VMC #7:
* Size of Hilbert space =   4.9763E+11
* Number of equil. steps   = 1000
* Running VMC equilibration.
  Done. [total walltime: 0.10s]
* Equil. acc.ratio (%)     =   5.0137
* Sample config after equilibration:
  +---------------------+
  |  d   u   2   d   2  |
  |u   d   0   0   0   u|
  |u   2   2   2   u   u|
  |  0   d   0   d   d  |
  +---------------------+
* Number of accum. steps   = 501760 x 10
* Running VMC accumulation.
    [walltime: 1m elapsed, 39.8s remaining]
  Done. [total walltime: 1m40s]
* Acceptance ratio (%)     =   4.9811
* Etot/t                   =  -8.412604837618E+02 +/-   1.599514997343E-04
  > Ttot/t                 =  -7.559401193486E+01 +/-   1.266002907201E-03
  > Utot/t                 =   3.303467005953E+01 +/-   1.231699505608E-03
* var[Eloc/t]              =   9.713826809479E-03 +/-   3.444301746884E-05
* Correlation length       =   1.321546088293E+00

Optimization #7:
* Method          : lls
* Target function : energy
* No. of configs. : 100352
* No. of params.  : 203
* Before optimization:
  -3.0985E+00  -3.1470E+00  -3.0846E+00  -3.1801E+00  -3.1924E+00  -3.2254E+00
   7.0292E-01   6.9124E-01   3.2162E-01   2.7669E-01   4.8741E-01   4.7952E-01
   4.7756E-01   5.0617E-01   5.0810E-01   5.5115E-01   5.4278E-01   3.9562E-01
   3.9440E-01   9.4647E-04   1.1461E-02   1.2306E-01   2.6404E-01   2.6117E-01
   1.6659E-01   1.6820E-01   5.2424E-02   5.7308E-02   2.7228E-02   2.4939E-02
   8.4127E-02   8.5534E-02   1.4948E-02   1.2672E-01   1.2159E-01   1.0709E-01
   9.9742E-02   1.9098E-01   1.9299E-01   1.6589E-01   1.8766E-01   1.8572E-01
   8.4864E-02   7.6183E-02  -6.0553E-02  -5.8509E-02  -6.6814E-02  -6.7062E-02
  -4.1148E-03  -7.5000E-03   2.6387E-01   2.5648E-01  -5.0751E-02  -5.4395E-02
  -7.1235E-02  -7.6605E-02  -5.4665E-02  -5.4797E-02  -9.6676E-02  -9.8465E-02
  -8.7459E-02  -8.9565E-02  -1.8540E-02  -1.7307E-02  -4.7240E-02  -4.5656E-02
   6.5662E-03  -2.0218E-01  -4.9978E-01  -1.0255E-01  -2.1583E-01  -5.4471E-02
  -2.2155E-01  -1.7397E-01  -2.8855E-01  -2.8004E-01  -2.9942E-01  -2.5451E-01
  -2.8986E-01  -2.9164E-01  -2.8146E-01  -1.8499E-01  -2.3024E-01   3.0854E-02
  -6.1599E-02   1.7687E-02  -4.6848E-02   1.2367E-02  -1.4580E-01  -1.2966E-01
  -1.3455E-01  -8.0436E-02  -8.6231E-02   1.4815E-02  -6.8430E-02   3.0638E-03
  -3.0334E-02   4.1390E-03  -8.5128E-02   8.5518E-03  -2.3365E-02  -4.3027E-02
  -7.7622E-02  -2.0544E-02  -8.0559E-02  -4.8256E-02  -1.3189E-01  -6.2007E-02
  -8.9782E-02  -8.1756E-02  -8.8943E-02   2.9815E-03  -7.2879E-02   3.7965E-02
   1.3406E-02   4.5183E-02   2.3262E-02   2.9384E-03  -5.9372E-03  -5.6824E-02
  -2.1001E-01   3.1007E-02   2.0980E-02   5.1653E-02   2.3577E-02   3.1176E-02
   2.3082E-02   5.3482E-02   4.7790E-02   4.6488E-02   4.4760E-02   6.6854E-03
   6.7566E-03   2.6812E-02   2.4973E-02  -8.7419E-03  -5.5343E-03   1.3316E+00
   1.3561E+00   1.2952E+00   1.3843E+00   1.4039E+00   1.4075E+00  -1.9218E-01
   8.6338E-02  -4.7727E-02  -6.2200E-02  -1.0143E-01   2.9907E-02  -6.1749E-04
  -2.2783E-01   7.4623E-02   6.4342E-02   1.9710E-01  -1.1325E-03  -2.6413E-04
   1.6979E-02  -1.8788E-02  -1.3330E-01   1.5828E-01   5.7519E-02   7.0196E-02
   5.6800E-02   1.2471E-01   8.9974E-02  -1.0295E-01   1.2024E-01   1.0695E-01
   2.4956E-01   3.4735E-02   1.8100E-02   1.8416E-02  -1.7233E-02  -1.2942E-01
   1.0181E-01   9.2571E-03   2.7377E-02   1.0877E-03   6.6707E-02   3.1034E-02
  -1.2125E-01   9.8354E-02   9.1292E-02   1.9501E-01  -3.2498E-02  -1.3830E-02
   1.5329E-02  -1.1594E-02  -1.6713E-01   1.4316E-01   6.5463E-02   9.8916E-02
   2.5434E-02   8.4269E-02   6.0894E-02  -5.9284E-02   1.2974E-01   1.1900E-01
   2.1360E-01  -7.1288E-03  -3.4269E-03   1.3413E-02  -1.1094E-02
  > E    =  -8.412605185168E+02 +/-   3.123108658288E-04
  > varE =   9.788141094550E-03
* Computing derivatives.
    [walltime: 2m2s elapsed, 1h4m remaining]
    [walltime: 1h1m elapsed, 4m42s remaining]
  Done. [total walltime: 1h5m]
* Optimizing manipulation constant:
  #igrid a___________ E____________________________________ varE____________
     1     Infinity    -8.41260519E+02 +/-   3.12310866E-04   9.78814109E-03
     2     1.0000E+06  -8.41260519E+02 +/-   3.12310745E-04   9.78813351E-03
     3     2.1544E+05  -8.41260519E+02 +/-   3.12310304E-04   9.78810591E-03
     4     4.6416E+04  -8.41260519E+02 +/-   3.12308270E-04   9.78797840E-03
     5     1.0000E+04  -8.41260519E+02 +/-   3.12299038E-04   9.78739972E-03
     6     2.1544E+03  -8.41260522E+02 +/-   3.12260686E-04   9.78499599E-03
     7     4.6416E+02  -8.41260531E+02 +/-   3.12178644E-04   9.77985493E-03
     8     1.0000E+02  -8.41260443E+02 +/-   3.13876154E-04   9.88650244E-03
     9     2.1544E+01  -8.41254603E+02 +/-   3.90635151E-04   1.53132958E-02
    10     4.6416E+00  -8.40836400E+02 +/-   1.83509687E-03   3.37943441E-01
    11     1.0000E+00  -8.38982521E+02 +/-   3.59740958E-03   1.29869093E+00
    12     2.1544E-01  -8.39663721E+02 +/-   3.06029005E-03   9.39834130E-01
    13     4.6416E-02  -8.40475439E+02 +/-   2.24409236E-03   5.05367705E-01
    14     1.0000E-02  -8.40622388E+02 +/-   1.97553294E-03   3.91646802E-01
    15     2.1544E-03  -8.40649216E+02 +/-   1.91685911E-03   3.68728255E-01
    16     4.6416E-04  -8.40654842E+02 +/-   1.90426170E-03   3.63897688E-01
    17     1.0000E-04  -8.40656048E+02 +/-   1.90155054E-03   3.62862241E-01
    18     2.1544E-05  -8.40656307E+02 +/-   1.90096658E-03   3.62639408E-01
    19     4.6416E-06  -8.40656363E+02 +/-   1.90084078E-03   3.62591411E-01
    20     1.0000E-06  -8.40656375E+02 +/-   1.90081367E-03   3.62581071E-01
    21     0.0000E+00  -8.40656379E+02 +/-   1.90080623E-03   3.62578232E-01
  ParMin   8.7948E+02  -8.41260527E+02 +/-   3.12209187E-04   9.78176871E-03
  # Using grid point #7
* Iteration # 1: E =  -8.412605306089E+02 +/-   3.121786442605E-04
* Reached maximum number of iterations: exiting.
* After optimization:
  -3.0746E+00  -3.1228E+00  -3.0592E+00  -3.1570E+00  -3.1693E+00  -3.2017E+00
   7.0258E-01   6.9099E-01   3.2156E-01   2.7656E-01   4.8751E-01   4.7947E-01
   4.7760E-01   5.0617E-01   5.0812E-01   5.5113E-01   5.4276E-01   3.9555E-01
   3.9432E-01   8.9514E-04   1.1425E-02   1.2309E-01   2.6404E-01   2.6117E-01
   1.6657E-01   1.6818E-01   5.2446E-02   5.7324E-02   2.7224E-02   2.4942E-02
   8.4140E-02   8.5545E-02   1.4934E-02   1.2672E-01   1.2158E-01   1.0707E-01
   9.9733E-02   1.9094E-01   1.9294E-01   1.6589E-01   1.8766E-01   1.8572E-01
   8.4813E-02   7.6134E-02  -6.0552E-02  -5.8506E-02  -6.6814E-02  -6.7063E-02
  -4.1170E-03  -7.4956E-03   2.6393E-01   2.5655E-01  -5.0752E-02  -5.4393E-02
  -7.1226E-02  -7.6592E-02  -5.4671E-02  -5.4801E-02  -9.6671E-02  -9.8455E-02
  -8.7456E-02  -8.9556E-02  -1.8542E-02  -1.7311E-02  -4.7240E-02  -4.5658E-02
   6.5626E-03  -2.0207E-01  -4.9970E-01  -1.0250E-01  -2.1582E-01  -5.4341E-02
  -2.2156E-01  -1.7399E-01  -2.8864E-01  -2.8008E-01  -2.9939E-01  -2.5454E-01
  -2.8987E-01  -2.9162E-01  -2.8147E-01  -1.8494E-01  -2.3026E-01   3.1021E-02
  -6.1663E-02   1.7786E-02  -4.6935E-02   1.2372E-02  -1.4584E-01  -1.2966E-01
  -1.3455E-01  -8.0425E-02  -8.6215E-02   1.4814E-02  -6.8458E-02   3.0711E-03
  -3.0343E-02   4.1513E-03  -8.5137E-02   8.5577E-03  -2.3362E-02  -4.3007E-02
  -7.7615E-02  -2.0522E-02  -8.0548E-02  -4.8198E-02  -1.3188E-01  -6.2009E-02
  -8.9773E-02  -8.1754E-02  -8.8943E-02   3.0366E-03  -7.2878E-02   3.7962E-02
   1.3399E-02   4.5190E-02   2.3255E-02   2.9429E-03  -5.9512E-03  -5.6870E-02
  -2.1002E-01   3.1009E-02   2.0982E-02   5.1648E-02   2.3569E-02   3.1177E-02
   2.3086E-02   5.3476E-02   4.7782E-02   4.6485E-02   4.4758E-02   6.6906E-03
   6.7595E-03   2.6811E-02   2.4974E-02  -8.7422E-03  -5.5334E-03   1.3158E+00
   1.3398E+00   1.2787E+00   1.3684E+00   1.3878E+00   1.3909E+00  -1.9014E-01
   8.4582E-02  -4.8174E-02  -6.2215E-02  -1.0040E-01   2.9502E-02  -6.8314E-04
  -2.2540E-01   7.3099E-02   6.2848E-02   1.9402E-01  -1.1224E-03  -2.2552E-04
   1.6788E-02  -1.8591E-02  -1.3176E-01   1.5573E-01   5.5972E-02   6.8621E-02
   5.6109E-02   1.2324E-01   8.8896E-02  -1.0180E-01   1.1820E-01   1.0497E-01
   2.4588E-01   3.4328E-02   1.7904E-02   1.8229E-02  -1.7049E-02  -1.2952E-01
   1.0127E-01   8.5890E-03   2.6834E-02   1.0434E-03   6.6676E-02   3.0986E-02
  -1.2137E-01   9.7871E-02   9.0756E-02   1.9448E-01  -3.2491E-02  -1.3819E-02
   1.5349E-02  -1.1606E-02  -1.6718E-01   1.4264E-01   6.4862E-02   9.8400E-02
   2.5436E-02   8.4254E-02   6.0867E-02  -5.9333E-02   1.2927E-01   1.1847E-01
   2.1309E-01  -7.1318E-03  -3.4237E-03   1.3447E-02  -1.1106E-02
  > Energy =  -8.412605306089E+02 +/-   3.121786442605E-04
  > varE =   9.779854931321E-03

VMC #8:
* Size of Hilbert space =   4.9763E+11
* Number of equil. steps   = 1000
* Running VMC equilibration.
  Done. [total walltime: 0.10s]
* Equil. acc.ratio (%)     =   5.0603
* Sample config after equilibration:
  +---------------------+
  |  2   0   d   d   d  |
  |0   d   2   u   u   u|
  |u   u   d   0   d   d|
  |  d   u   u   2   u  |
  +---------------------+
* Number of accum. steps   = 501760 x 10
* Running VMC accumulation.
    [walltime: 1m elapsed, 39.5s remaining]
  Done. [total walltime: 1m39s]
* Acceptance ratio (%)     =   5.0371
* Etot/t                   =  -8.412603946600E+02 +/-   1.578357798891E-04
  > Ttot/t                 =  -7.559579649165E+01 +/-   1.262856155186E-03
  > Utot/t                 =   3.303654371812E+01 +/-   1.238952711123E-03
* var[Eloc/t]              =   9.672177075884E-03 +/-   3.624261185379E-05
* Correlation length       =   1.292357652609E+00

Optimization #8:
* Method          : lls
* Target function : energy
* No. of configs. : 100352
* No. of params.  : 203
* Before optimization:
  -3.0746E+00  -3.1228E+00  -3.0592E+00  -3.1570E+00  -3.1693E+00  -3.2017E+00
   7.0258E-01   6.9099E-01   3.2156E-01   2.7656E-01   4.8751E-01   4.7947E-01
   4.7760E-01   5.0617E-01   5.0812E-01   5.5113E-01   5.4276E-01   3.9555E-01
   3.9432E-01   8.9514E-04   1.1425E-02   1.2309E-01   2.6404E-01   2.6117E-01
   1.6657E-01   1.6818E-01   5.2446E-02   5.7324E-02   2.7224E-02   2.4942E-02
   8.4140E-02   8.5545E-02   1.4934E-02   1.2672E-01   1.2158E-01   1.0707E-01
   9.9733E-02   1.9094E-01   1.9294E-01   1.6589E-01   1.8766E-01   1.8572E-01
   8.4813E-02   7.6134E-02  -6.0552E-02  -5.8506E-02  -6.6814E-02  -6.7063E-02
  -4.1170E-03  -7.4956E-03   2.6393E-01   2.5655E-01  -5.0752E-02  -5.4393E-02
  -7.1226E-02  -7.6592E-02  -5.4671E-02  -5.4801E-02  -9.6671E-02  -9.8455E-02
  -8.7456E-02  -8.9556E-02  -1.8542E-02  -1.7311E-02  -4.7240E-02  -4.5658E-02
   6.5626E-03  -2.0207E-01  -4.9970E-01  -1.0250E-01  -2.1582E-01  -5.4341E-02
  -2.2156E-01  -1.7399E-01  -2.8864E-01  -2.8008E-01  -2.9939E-01  -2.5454E-01
  -2.8987E-01  -2.9162E-01  -2.8147E-01  -1.8494E-01  -2.3026E-01   3.1021E-02
  -6.1663E-02   1.7786E-02  -4.6935E-02   1.2372E-02  -1.4584E-01  -1.2966E-01
  -1.3455E-01  -8.0425E-02  -8.6215E-02   1.4814E-02  -6.8458E-02   3.0711E-03
  -3.0343E-02   4.1513E-03  -8.5137E-02   8.5577E-03  -2.3362E-02  -4.3007E-02
  -7.7615E-02  -2.0522E-02  -8.0548E-02  -4.8198E-02  -1.3188E-01  -6.2009E-02
  -8.9773E-02  -8.1754E-02  -8.8943E-02   3.0366E-03  -7.2878E-02   3.7962E-02
   1.3399E-02   4.5190E-02   2.3255E-02   2.9429E-03  -5.9512E-03  -5.6870E-02
  -2.1002E-01   3.1009E-02   2.0982E-02   5.1648E-02   2.3569E-02   3.1177E-02
   2.3086E-02   5.3476E-02   4.7782E-02   4.6485E-02   4.4758E-02   6.6906E-03
   6.7595E-03   2.6811E-02   2.4974E-02  -8.7422E-03  -5.5334E-03   1.3158E+00
   1.3398E+00   1.2787E+00   1.3684E+00   1.3878E+00   1.3909E+00  -1.9014E-01
   8.4582E-02  -4.8174E-02  -6.2215E-02  -1.0040E-01   2.9502E-02  -6.8314E-04
  -2.2540E-01   7.3099E-02   6.2848E-02   1.9402E-01  -1.1224E-03  -2.2552E-04
   1.6788E-02  -1.8591E-02  -1.3176E-01   1.5573E-01   5.5972E-02   6.8621E-02
   5.6109E-02   1.2324E-01   8.8896E-02  -1.0180E-01   1.1820E-01   1.0497E-01
   2.4588E-01   3.4328E-02   1.7904E-02   1.8229E-02  -1.7049E-02  -1.2952E-01
   1.0127E-01   8.5890E-03   2.6834E-02   1.0434E-03   6.6676E-02   3.0986E-02
  -1.2137E-01   9.7871E-02   9.0756E-02   1.9448E-01  -3.2491E-02  -1.3819E-02
   1.5349E-02  -1.1606E-02  -1.6718E-01   1.4264E-01   6.4862E-02   9.8400E-02
   2.5436E-02   8.4254E-02   6.0867E-02  -5.9333E-02   1.2927E-01   1.1847E-01
   2.1309E-01  -7.1318E-03  -3.4237E-03   1.3447E-02  -1.1106E-02
  > E    =  -8.412602819407E+02 +/-   3.115272768761E-04
  > varE =   9.739085757753E-03
* Computing derivatives.
    [walltime: 2m2s elapsed, 1h4m remaining]
srun: Job step aborted: Waiting up to 32 seconds for job step to finish.
slurmstepd: error: *** STEP 777316.0 ON alnode238 CANCELLED AT 2025-08-26T17:21:24 DUE TO TIME LIMIT ***
slurmstepd: error: *** JOB 777316 ON alnode238 CANCELLED AT 2025-08-26T17:21:24 DUE TO TIME LIMIT ***
