Run started: Wed Aug 27 08:29:30 CEST 2025
Using VDAGGER_ARCH = gnu7_fkfamd_cluster
Running 8x128 MPI processes.

                               xx
                              +##
                               #X
                               Xx
                          X##XxXxxX##x
                           +   Xx  ++
                               ##
                              +##
                              +##
     ++++         ++          +##
   xX+++##+      ####         +##
  Xx    ###      +X##          ##
 xX    X##+        ##          #X
 +    x##X         #x          #X
      ###         +#           x+
     X##+         #+
     ###         Xx                    _______
     ##X       +X+   __________________VDAGGER
     +##x    +xX     2nd quantized variational
       +xxxxx+       ______quantum Monte Carlo

* Running 1024 MPI processes.
* Input file: "input.casl"

############# Start of input file dump #############
General:
  Random seed: timer

Plan:
  VMC-optimization:
    Minimum cycles: 5
    Convergence cycles: 3

System:
  Read Hamiltonian: FCIDUMP_loc
  Read orbitals: LTSC.mat
  Complex orbitals: F
  Geometry:
    r_14: [ 2.30715201389900, -1.36612962809100 ]
    r_19: [ -2.30715201389900, -1.36612962809100 ]
    r_9: [ 2.30715201389900, 1.36612962809100 ]
    r_1: [ -2.30715201389900, 1.36612962809100 ]
    r_11: [ 0.00000000000000, -2.64819012780300 ]
    r_5: [ 0.00000000000000, 2.64819012780300 ]
    r_21: [ 6.92052984475300, 1.36731216695600 ]
    r_20: [ -6.92052984475300, 1.36731216695600 ]
    r_22: [ 6.92052984475300, -1.36731216695600 ]
    r_2: [ -6.92052984475300, -1.36731216695600 ]
    r_17: [ 4.65052830966800, 2.64933873056800 ]
    r_18: [ -4.65052830966800, 2.64933873056800 ]
    r_12: [ 4.65052830966800, -2.64933873056800 ]
    r_6: [ -4.65052830966800, -2.64933873056800 ]
    r_7: [ 11.51783390367000, 1.35551508476500 ]
    r_16: [ -11.51783390367000, 1.35551508476500 ]
    r_4: [ 11.51783390367000, -1.35551508476500 ]
    r_3: [ -11.51783390367000, -1.35551508476500 ]
    r_15: [ 9.31130451375400, 2.65735609478700 ]
    r_8: [ -9.31130451375400, 2.65735609478700 ]
    r_13: [ 9.31130451375400, -2.65735609478700 ]
    r_10: [ -9.31130451375400, -2.65735609478700 ]
    Tolerance: 0.05

VMC:
  nstep: 500000
  nconfig: 100000

Optimization:
  max_niter: 1

Jastrow: wfn.casl

Backflow: wfn.casl
############## End of input file dump ##############

General setup:
* Random seed: 1415540171 (from timer)

* Loaded integrals for system with nelec=22, ms2=0, norb=22
* INFO: setting number of electrons from integrals file.
* Analysis of Hamiltonian connecitivity performed:
  - T_ii (local, 1-site): 22 (i) values
  - U_iiii [opp] (local, 1-site): 22 (i) values
  - U_kkii [opp] (local, 2-site): 462 contribs. from 22 (i) values
  - U_kkii [par] (local, 2-site): 231 contribs. from 21 (i) values
  - T_ji (single, 2-site): 462 contribs. from 22 (i) values
  - U_kkji [opp] (single, 2/3-site): 10164 contribs. from 462 (i,j) pairs
  - U_kkji [par] (single, 3-site): 9702 contribs. from 462 (i,j) pairs
  - U_lkji [opp] (double, 2/3/4-site): 212836 contribs. from 462 (i,j) pairs
  - U_lkji [par] (double, 4-site): 50050 contribs. from 420 (i,j) pairs
  - Max. no. wfn. ratios in Eloc: 18543
* Reading override orbitals from file "LTSC.mat".
* Site labels:
  +--------------------------------+
  |    8    18     5    17    15   |
  |16    20     1     9    21     7|
  | 3     2    19    14    22     4|
  |   10     6    11    12    13   |
  +--------------------------------+
* Automatically set Site kinds:
  [ 1, 2, 3, 3, 4, 5, 3, 6, 1, 6, 4, 5, 6, 1, 6, 3, 5, 5, 1, 2, 2, 2 ]
  +---------------------+
  |  6   5   4   5   6  |
  |3   2   1   1   2   3|
  |3   2   1   1   2   3|
  |  6   5   4   5   6  |
  +---------------------+
* Number of site-pair kinds with Tij=0: 0
* Automatically set Site pair kinds:
  Site 1: [ 0, -15, -34, -48, -6, -18, -55, -65, 21, 30, -19, -28, 45, -17, -42, -36, 38, 7, 2, -22, -32, 31 ]
  Site 2: [ -15, 0, -20, -57, 25, 5, -52, -16, 31, -8, 37, -39, 56, -32, -50, -14, 40, -23, -22, 3, -41, 47 ]
  Site 3: [ -34, -20, 0, -62, 43, 67, -64, 27, 48, 1, 44, -59, 63, -55, -60, 4, 51, 29, -36, -14, -52, 57 ]
  Site 4: [ -48, -57, -62, 0, -43, 59, 4, 60, 34, 63, -44, -66, 1, -36, -27, -64, -29, -51, -55, -52, -14, 20 ]
  Site 5: [ -6, 25, 43, -43, 0, -26, -44, 46, -6, -33, 9, -26, 33, 19, 46, 44, -12, -12, -19, 37, -37, 25 ]
  Site 6: [ -18, 5, 67, 59, -26, 0, 51, 24, -28, -13, 12, -49, -53, 38, 54, -29, -35, -10, -7, 23, 40, -39 ]
  Site 7: [ -55, -52, -64, 4, -44, 51, 0, 63, 36, 60, -43, 29, 27, -34, -1, -62, 66, -59, -48, -57, -20, 14 ]
  Site 8: [ -65, -16, 27, 60, 46, 24, 63, 0, -42, 11, -33, 54, -58, 45, 61, 1, -53, 13, 30, -8, 56, -50 ]
  Site 9: [ 21, 31, 48, 34, -6, -28, 36, -42, 0, -45, -19, -18, -30, -2, -65, 55, 7, 38, 17, 32, 22, -15 ]
  Site 10: [ 30, -8, 1, 63, -33, -13, 60, 11, -45, 0, 46, 53, -61, 42, 58, 27, -54, -24, -65, -16, 50, -56 ]
  Site 11: [ -19, 37, 44, -44, 9, 12, -43, -33, -19, 46, 0, 12, -46, 6, -33, 43, 26, 26, -6, 25, -25, 37 ]
  Site 12: [ -28, -39, -59, -66, -26, -49, 29, 54, -18, 53, 12, 0, 13, 7, 24, -51, -10, -35, -38, -40, -23, 5 ]
  Site 13: [ 45, 56, 63, 1, 33, -53, 27, -58, -30, -61, -46, 13, 0, -65, -11, 60, 24, 54, 42, 50, -16, 8 ]
  Site 14: [ -17, -32, -55, -36, 19, 38, -34, 45, -2, 42, 6, 7, -65, 0, -30, -48, -18, -28, -21, -31, -15, 22 ]
  Site 15: [ -42, -50, -60, -27, 46, 54, -1, 61, -65, 58, -33, 24, -11, -30, 0, -63, 13, -53, -45, -56, 8, -16 ]
  Site 16: [ -36, -14, 4, -64, 44, -29, -62, 1, 55, 27, 43, -51, 60, -48, -63, 0, 59, -68, -34, -20, -57, 52 ]
  Site 17: [ 38, 40, 51, -29, -12, -35, 66, -53, 7, -54, 26, -10, 24, -18, 13, 59, 0, -49, 28, 39, 5, -23 ]
  Site 18: [ 7, -23, 29, -51, -12, -10, -59, 13, 38, -24, 26, -35, 54, -28, -53, -68, -49, 0, 18, -5, -39, 40 ]
  Site 19: [ 2, -22, -36, -55, -19, -7, -48, 30, 17, -65, -6, -38, 42, -21, -45, -34, 28, 18, 0, -15, -31, 32 ]
  Site 20: [ -22, 3, -14, -52, 37, 23, -57, -8, 32, -16, 25, -40, 50, -31, -56, -20, 39, -5, -15, 0, -47, 41 ]
  Site 21: [ -32, -41, -52, -14, -37, 40, -20, 56, 22, 50, -25, -23, -16, -15, 8, -57, 5, -39, -31, -47, 0, -3 ]
  Site 22: [ 31, 47, 57, 20, 25, -39, 14, -50, -15, -56, 37, 5, 8, 22, -16, 52, -23, 40, 32, 41, -3, 0 ]
  For site 1 of kind 1:
  +-------------------------------------------+
  |    -65       7      -6      38     -42    |
  |-36     -22       0      21     -32     -55|
  |-34     -15       2     -17      31     -48|
  |     30     -18     -19     -28      45    |
  +-------------------------------------------+
  For site 2 of kind 2:
  +-------------------------------------------+
  |    -16     -23      25      40     -50    |
  |-14       3     -15      31     -41     -52|
  |-20       0     -22     -32      47     -57|
  |     -8       5      37     -39      56    |
  +-------------------------------------------+
  For site 3 of kind 3:
  +-------------------------------------------+
  |     27      29      43      51     -60    |
  |  4     -14     -34      48     -52     -64|
  |  0     -20     -36     -55      57     -62|
  |      1      67      44     -59      63    |
  +-------------------------------------------+
  For site 5 of kind 4:
  +-------------------------------------------+
  |     46     -12       0     -12      46    |
  | 44      37      -6      -6     -37     -44|
  | 43      25     -19      19      25     -43|
  |    -33     -26       9     -26      33    |
  +-------------------------------------------+
  For site 6 of kind 5:
  +-------------------------------------------+
  |     24     -10     -26     -35      54    |
  |-29      23     -18     -28      40      51|
  | 67       5      -7      38     -39      59|
  |    -13       0      12     -49     -53    |
  +-------------------------------------------+
  For site 8 of kind 6:
  +-------------------------------------------+
  |      0      13      46     -53      61    |
  |  1      -8     -65     -42      56      63|
  | 27     -16      30      45     -50      60|
  |     11      24     -33      54     -58    |
  +-------------------------------------------+
General system setup:
* Number of sites       : 22
* Number of electrons   : 22
* Spin imbalance MS2    : 0
* Filling               : 0.500000
* Number of orbitals in pool: 22
* Using real-valued orbitals
* Using double-precision arithmetic for orbitals

Trial wave function setup:
* Jastrow parameter file: "wfn.casl"
* Not using multideterminants
* Backflow parameter file: "wfn.casl"
* Not using wave function manipulation

VMC #1:
* Size of Hilbert space =   4.9763E+11
* Number of equil. steps   = 1000
* Running VMC equilibration.
  Done. [total walltime: 0.10s]
* Equil. acc.ratio (%)     =   5.0676
* Sample config after equilibration:
  +---------------------+
  |  d   d   d   d   d  |
  |u   u   2   u   u   u|
  |u   d   0   2   d   2|
  |  d   u   0   u   0  |
  +---------------------+
* Number of accum. steps   = 501760 x 10
* Running VMC accumulation.
    [walltime: 1m elapsed, 43.0s remaining]
  Done. [total walltime: 1m43s]
* Acceptance ratio (%)     =   5.0313
* Etot/t                   =  -8.412606896806E+02 +/-   1.560268890555E-04
  > Ttot/t                 =  -7.559720686628E+01 +/-   1.217984668541E-03
  > Utot/t                 =   3.303765907215E+01 +/-   1.184106256882E-03
* var[Eloc/t]              =   9.732896574879E-03 +/-   4.529155569422E-05
* Correlation length       =   1.255026300423E+00

Optimization #1:
* Method          : lls
* Target function : energy
* No. of configs. : 100352
* No. of params.  : 203
* Before optimization:
  -3.0746E+00  -3.1228E+00  -3.0592E+00  -3.1570E+00  -3.1693E+00  -3.2017E+00
   7.0258E-01   6.9099E-01   3.2156E-01   2.7656E-01   4.8751E-01   4.7947E-01
   4.7760E-01   5.0617E-01   5.0812E-01   5.5113E-01   5.4276E-01   3.9555E-01
   3.9432E-01   8.9514E-04   1.1425E-02   1.2309E-01   2.6404E-01   2.6117E-01
   1.6657E-01   1.6818E-01   5.2446E-02   5.7324E-02   2.7224E-02   2.4942E-02
   8.4140E-02   8.5545E-02   1.4934E-02   1.2672E-01   1.2158E-01   1.0707E-01
   9.9733E-02   1.9094E-01   1.9294E-01   1.6589E-01   1.8766E-01   1.8572E-01
   8.4813E-02   7.6134E-02  -6.0552E-02  -5.8506E-02  -6.6814E-02  -6.7063E-02
  -4.1170E-03  -7.4956E-03   2.6393E-01   2.5655E-01  -5.0752E-02  -5.4393E-02
  -7.1226E-02  -7.6592E-02  -5.4671E-02  -5.4801E-02  -9.6671E-02  -9.8455E-02
  -8.7456E-02  -8.9556E-02  -1.8542E-02  -1.7311E-02  -4.7240E-02  -4.5658E-02
   6.5626E-03  -2.0207E-01  -4.9970E-01  -1.0250E-01  -2.1582E-01  -5.4341E-02
  -2.2156E-01  -1.7399E-01  -2.8864E-01  -2.8008E-01  -2.9939E-01  -2.5454E-01
  -2.8987E-01  -2.9162E-01  -2.8147E-01  -1.8494E-01  -2.3026E-01   3.1021E-02
  -6.1663E-02   1.7786E-02  -4.6935E-02   1.2372E-02  -1.4584E-01  -1.2966E-01
  -1.3455E-01  -8.0425E-02  -8.6215E-02   1.4814E-02  -6.8458E-02   3.0711E-03
  -3.0343E-02   4.1513E-03  -8.5137E-02   8.5577E-03  -2.3362E-02  -4.3007E-02
  -7.7615E-02  -2.0522E-02  -8.0548E-02  -4.8198E-02  -1.3188E-01  -6.2009E-02
  -8.9773E-02  -8.1754E-02  -8.8943E-02   3.0366E-03  -7.2878E-02   3.7962E-02
   1.3399E-02   4.5190E-02   2.3255E-02   2.9429E-03  -5.9512E-03  -5.6870E-02
  -2.1002E-01   3.1009E-02   2.0982E-02   5.1648E-02   2.3569E-02   3.1177E-02
   2.3086E-02   5.3476E-02   4.7782E-02   4.6485E-02   4.4758E-02   6.6906E-03
   6.7595E-03   2.6811E-02   2.4974E-02  -8.7422E-03  -5.5334E-03   1.3158E+00
   1.3398E+00   1.2787E+00   1.3684E+00   1.3878E+00   1.3909E+00  -1.9014E-01
   8.4582E-02  -4.8174E-02  -6.2215E-02  -1.0040E-01   2.9502E-02  -6.8314E-04
  -2.2540E-01   7.3099E-02   6.2848E-02   1.9402E-01  -1.1224E-03  -2.2552E-04
   1.6788E-02  -1.8591E-02  -1.3176E-01   1.5573E-01   5.5972E-02   6.8621E-02
   5.6109E-02   1.2324E-01   8.8896E-02  -1.0180E-01   1.1820E-01   1.0497E-01
   2.4588E-01   3.4328E-02   1.7904E-02   1.8229E-02  -1.7049E-02  -1.2952E-01
   1.0127E-01   8.5890E-03   2.6834E-02   1.0434E-03   6.6676E-02   3.0986E-02
  -1.2137E-01   9.7871E-02   9.0756E-02   1.9448E-01  -3.2491E-02  -1.3819E-02
   1.5349E-02  -1.1606E-02  -1.6718E-01   1.4264E-01   6.4862E-02   9.8400E-02
   2.5436E-02   8.4254E-02   6.0867E-02  -5.9333E-02   1.2927E-01   1.1847E-01
   2.1309E-01  -7.1318E-03  -3.4237E-03   1.3447E-02  -1.1106E-02
  > E    =  -8.412605591956E+02 +/-   3.131086442141E-04
  > varE =   9.838211340285E-03
* Computing derivatives.
    [walltime: 2m3s elapsed, 1h5m remaining]
    [walltime: 1h1m elapsed, 5m26s remaining]
  Done. [total walltime: 1h6m]
* Optimizing manipulation constant:
  #igrid a___________ E____________________________________ varE____________
     1     Infinity    -8.41260559E+02 +/-   3.13108644E-04   9.83821134E-03
     2     1.0000E+06  -8.41260559E+02 +/-   3.13108521E-04   9.83820359E-03
     3     2.1544E+05  -8.41260559E+02 +/-   3.13108072E-04   9.83817540E-03
     4     4.6416E+04  -8.41260559E+02 +/-   3.13106000E-04   9.83804520E-03
     5     1.0000E+04  -8.41260560E+02 +/-   3.13096606E-04   9.83745485E-03
     6     2.1544E+03  -8.41260563E+02 +/-   3.13057756E-04   9.83501369E-03
     7     4.6416E+02  -8.41260571E+02 +/-   3.12977145E-04   9.82994941E-03
     8     1.0000E+02  -8.41260506E+02 +/-   3.14615422E-04   9.93312836E-03
     9     2.1544E+01  -8.41256733E+02 +/-   3.71633876E-04   1.38597891E-02
    10     4.6416E+00  -8.41134912E+02 +/-   1.09771678E-03   1.20922366E-01
    11     1.0000E+00  -8.40426296E+02 +/-   2.52568399E-03   6.40153396E-01
    12     2.1544E-01  -8.40113263E+02 +/-   2.87187085E-03   8.27667389E-01
    13     4.6416E-02  -8.40642280E+02 +/-   2.23549746E-03   5.01503992E-01
    14     1.0000E-02  -8.40889986E+02 +/-   1.75997118E-03   3.10840174E-01
    15     2.1544E-03  -8.40940805E+02 +/-   1.63133702E-03   2.67062811E-01
    16     4.6416E-04  -8.40951218E+02 +/-   1.60287777E-03   2.57826078E-01
    17     1.0000E-04  -8.40953431E+02 +/-   1.59672280E-03   2.55849802E-01
    18     2.1544E-05  -8.40953906E+02 +/-   1.59539578E-03   2.55424712E-01
    19     4.6416E-06  -8.40954008E+02 +/-   1.59510984E-03   2.55333162E-01
    20     1.0000E-06  -8.40954030E+02 +/-   1.59504824E-03   2.55313439E-01
    21     0.0000E+00  -8.40954036E+02 +/-   1.59503132E-03   2.55308023E-01
  ParMin   8.4782E+02  -8.41260567E+02 +/-   3.13003874E-04   9.83162844E-03
  # Using grid point #7
* Iteration # 1: E =  -8.412605710851E+02 +/-   3.129771454745E-04
* Reached maximum number of iterations: exiting.
* After optimization:
  -3.0991E+00  -3.1465E+00  -3.0807E+00  -3.1820E+00  -3.1940E+00  -3.2261E+00
   7.0222E-01   6.9076E-01   3.2153E-01   2.7646E-01   4.8765E-01   4.7944E-01
   4.7764E-01   5.0618E-01   5.0815E-01   5.5109E-01   5.4272E-01   3.9549E-01
   3.9426E-01   8.4261E-04   1.1411E-02   1.2312E-01   2.6404E-01   2.6117E-01
   1.6657E-01   1.6816E-01   5.2478E-02   5.7350E-02   2.7205E-02   2.4933E-02
   8.4163E-02   8.5563E-02   1.4922E-02   1.2671E-01   1.2157E-01   1.0706E-01
   9.9731E-02   1.9090E-01   1.9289E-01   1.6588E-01   1.8765E-01   1.8570E-01
   8.4777E-02   7.6101E-02  -6.0552E-02  -5.8502E-02  -6.6818E-02  -6.7066E-02
  -4.1192E-03  -7.4916E-03   2.6400E-01   2.5662E-01  -5.0754E-02  -5.4392E-02
  -7.1217E-02  -7.6578E-02  -5.4675E-02  -5.4802E-02  -9.6664E-02  -9.8448E-02
  -8.7454E-02  -8.9546E-02  -1.8544E-02  -1.7314E-02  -4.7239E-02  -4.5657E-02
   6.5615E-03  -2.0193E-01  -4.9953E-01  -1.0248E-01  -2.1581E-01  -5.4210E-02
  -2.2157E-01  -1.7402E-01  -2.8875E-01  -2.8011E-01  -2.9936E-01  -2.5458E-01
  -2.8988E-01  -2.9160E-01  -2.8147E-01  -1.8489E-01  -2.3030E-01   3.1185E-02
  -6.1720E-02   1.7877E-02  -4.7022E-02   1.2394E-02  -1.4583E-01  -1.2966E-01
  -1.3455E-01  -8.0416E-02  -8.6208E-02   1.4820E-02  -6.8498E-02   3.0876E-03
  -3.0344E-02   4.1608E-03  -8.5162E-02   8.5603E-03  -2.3367E-02  -4.2994E-02
  -7.7612E-02  -2.0505E-02  -8.0538E-02  -4.8145E-02  -1.3188E-01  -6.2010E-02
  -8.9761E-02  -8.1742E-02  -8.8936E-02   3.0814E-03  -7.2892E-02   3.7965E-02
   1.3395E-02   4.5197E-02   2.3247E-02   2.9485E-03  -5.9611E-03  -5.6937E-02
  -2.1004E-01   3.1014E-02   2.0984E-02   5.1646E-02   2.3558E-02   3.1177E-02
   2.3091E-02   5.3473E-02   4.7772E-02   4.6480E-02   4.4753E-02   6.6910E-03
   6.7596E-03   2.6808E-02   2.4972E-02  -8.7431E-03  -5.5325E-03   1.3318E+00
   1.3557E+00   1.2924E+00   1.3855E+00   1.4049E+00   1.4080E+00  -1.9265E-01
   8.4897E-02  -4.9735E-02  -6.3632E-02  -1.0181E-01   2.9789E-02  -8.0342E-04
  -2.2843E-01   7.3377E-02   6.2901E-02   1.9570E-01  -1.1371E-03  -2.0941E-04
   1.7003E-02  -1.8834E-02  -1.3339E-01   1.5697E-01   5.5794E-02   6.8712E-02
   5.6739E-02   1.2474E-01   8.9942E-02  -1.0314E-01   1.1904E-01   1.0556E-01
   2.4823E-01   3.4746E-02   1.8146E-02   1.8487E-02  -1.7265E-02  -1.2967E-01
   1.0073E-01   7.9237E-03   2.6322E-02   9.8322E-04   6.6638E-02   3.0929E-02
  -1.2151E-01   9.7397E-02   9.0240E-02   1.9402E-01  -3.2478E-02  -1.3805E-02
   1.5374E-02  -1.1614E-02  -1.6723E-01   1.4214E-01   6.4271E-02   9.7895E-02
   2.5418E-02   8.4233E-02   6.0834E-02  -5.9410E-02   1.2881E-01   1.1797E-01
   2.1262E-01  -7.1327E-03  -3.4202E-03   1.3492E-02  -1.1117E-02
  > Energy =  -8.412605710851E+02 +/-   3.129771454745E-04
  > varE =   9.829949411080E-03

VMC #2:
* Size of Hilbert space =   4.9763E+11
* Number of equil. steps   = 1000
* Running VMC equilibration.
  Done. [total walltime: 0.10s]
* Equil. acc.ratio (%)     =   5.0215
* Sample config after equilibration:
  +---------------------+
  |  d   0   0   d   u  |
  |0   2   d   u   0   2|
  |2   u   u   u   d   d|
  |  u   d   d   2   u  |
  +---------------------+
* Number of accum. steps   = 501760 x 10
* Running VMC accumulation.
    [walltime: 1m elapsed, 41.3s remaining]
  Done. [total walltime: 1m41s]
* Acceptance ratio (%)     =   4.9771
* Etot/t                   =  -8.412604468853E+02 +/-   1.575045623452E-04
  > Ttot/t                 =  -7.559246629416E+01 +/-   1.244398302583E-03
  > Utot/t                 =   3.303316129533E+01 +/-   1.213443276411E-03
* var[Eloc/t]              =   9.665524161519E-03 +/-   5.060515156980E-05
* Correlation length       =   1.287825150625E+00

Optimization #2:
* Method          : lls
* Target function : energy
* No. of configs. : 100352
* No. of params.  : 203
* Before optimization:
  -3.0991E+00  -3.1465E+00  -3.0807E+00  -3.1820E+00  -3.1940E+00  -3.2261E+00
   7.0222E-01   6.9076E-01   3.2153E-01   2.7646E-01   4.8765E-01   4.7944E-01
   4.7764E-01   5.0618E-01   5.0815E-01   5.5109E-01   5.4272E-01   3.9549E-01
   3.9426E-01   8.4261E-04   1.1411E-02   1.2312E-01   2.6404E-01   2.6117E-01
   1.6657E-01   1.6816E-01   5.2478E-02   5.7350E-02   2.7205E-02   2.4933E-02
   8.4163E-02   8.5563E-02   1.4922E-02   1.2671E-01   1.2157E-01   1.0706E-01
   9.9731E-02   1.9090E-01   1.9289E-01   1.6588E-01   1.8765E-01   1.8570E-01
   8.4777E-02   7.6101E-02  -6.0552E-02  -5.8502E-02  -6.6818E-02  -6.7066E-02
  -4.1192E-03  -7.4916E-03   2.6400E-01   2.5662E-01  -5.0754E-02  -5.4392E-02
  -7.1217E-02  -7.6578E-02  -5.4675E-02  -5.4802E-02  -9.6664E-02  -9.8448E-02
  -8.7454E-02  -8.9546E-02  -1.8544E-02  -1.7314E-02  -4.7239E-02  -4.5657E-02
   6.5615E-03  -2.0193E-01  -4.9953E-01  -1.0248E-01  -2.1581E-01  -5.4210E-02
  -2.2157E-01  -1.7402E-01  -2.8875E-01  -2.8011E-01  -2.9936E-01  -2.5458E-01
  -2.8988E-01  -2.9160E-01  -2.8147E-01  -1.8489E-01  -2.3030E-01   3.1185E-02
  -6.1720E-02   1.7877E-02  -4.7022E-02   1.2394E-02  -1.4583E-01  -1.2966E-01
  -1.3455E-01  -8.0416E-02  -8.6208E-02   1.4820E-02  -6.8498E-02   3.0876E-03
  -3.0344E-02   4.1608E-03  -8.5162E-02   8.5603E-03  -2.3367E-02  -4.2994E-02
  -7.7612E-02  -2.0505E-02  -8.0538E-02  -4.8145E-02  -1.3188E-01  -6.2010E-02
  -8.9761E-02  -8.1742E-02  -8.8936E-02   3.0814E-03  -7.2892E-02   3.7965E-02
   1.3395E-02   4.5197E-02   2.3247E-02   2.9485E-03  -5.9611E-03  -5.6937E-02
  -2.1004E-01   3.1014E-02   2.0984E-02   5.1646E-02   2.3558E-02   3.1177E-02
   2.3091E-02   5.3473E-02   4.7772E-02   4.6480E-02   4.4753E-02   6.6910E-03
   6.7596E-03   2.6808E-02   2.4972E-02  -8.7431E-03  -5.5325E-03   1.3318E+00
   1.3557E+00   1.2924E+00   1.3855E+00   1.4049E+00   1.4080E+00  -1.9265E-01
   8.4897E-02  -4.9735E-02  -6.3632E-02  -1.0181E-01   2.9789E-02  -8.0342E-04
  -2.2843E-01   7.3377E-02   6.2901E-02   1.9570E-01  -1.1371E-03  -2.0941E-04
   1.7003E-02  -1.8834E-02  -1.3339E-01   1.5697E-01   5.5794E-02   6.8712E-02
   5.6739E-02   1.2474E-01   8.9942E-02  -1.0314E-01   1.1904E-01   1.0556E-01
   2.4823E-01   3.4746E-02   1.8146E-02   1.8487E-02  -1.7265E-02  -1.2967E-01
   1.0073E-01   7.9237E-03   2.6322E-02   9.8322E-04   6.6638E-02   3.0929E-02
  -1.2151E-01   9.7397E-02   9.0240E-02   1.9402E-01  -3.2478E-02  -1.3805E-02
   1.5374E-02  -1.1614E-02  -1.6723E-01   1.4214E-01   6.4271E-02   9.7895E-02
   2.5418E-02   8.4233E-02   6.0834E-02  -5.9410E-02   1.2881E-01   1.1797E-01
   2.1262E-01  -7.1327E-03  -3.4202E-03   1.3492E-02  -1.1117E-02
  > E    =  -8.412607880773E+02 +/-   3.070352314477E-04
  > varE =   9.460246597955E-03
* Computing derivatives.
    [walltime: 2m2s elapsed, 1h4m remaining]
    [walltime: 1h1m elapsed, 5m26s remaining]
  Done. [total walltime: 1h6m]
* Optimizing manipulation constant:
  #igrid a___________ E____________________________________ varE____________
     1     Infinity    -8.41260788E+02 +/-   3.07035231E-04   9.46024660E-03
     2     1.0000E+06  -8.41260788E+02 +/-   3.07035115E-04   9.46023940E-03
     3     2.1544E+05  -8.41260788E+02 +/-   3.07034691E-04   9.46021332E-03
     4     4.6416E+04  -8.41260788E+02 +/-   3.07032767E-04   9.46009471E-03
     5     1.0000E+04  -8.41260789E+02 +/-   3.07024695E-04   9.45959730E-03
     6     2.1544E+03  -8.41260791E+02 +/-   3.07005753E-04   9.45843013E-03
     7     4.6416E+02  -8.41260776E+02 +/-   3.07316394E-04   9.47758067E-03
     8     1.0000E+02  -8.41260063E+02 +/-   3.19031319E-04   1.02139251E-02
     9     2.1544E+01  -8.41192967E+02 +/-   8.27099379E-04   6.86501391E-02
    10     4.6416E+00  -8.38936988E+02 +/-   3.53026724E-03   1.25066558E+00
    11     1.0000E+00  -8.38548365E+02 +/-   3.64061089E-03   1.33007019E+00
    12     2.1544E-01   2.97515672E+49 +/-   6.28454799E+46   3.96345677E+98
    13     4.6416E-02   2.89598300E+49 +/-   6.28454799E+46   3.96345677E+98
    14     1.0000E-02   2.87135764E+49 +/-   6.28454799E+46   3.96345677E+98
    15     2.1544E-03   2.86612624E+49 +/-   6.28454799E+46   3.96345677E+98
    16     4.6416E-04   2.86500456E+49 +/-   6.28454799E+46   3.96345677E+98
    17     1.0000E-04   2.86476316E+49 +/-   6.28454799E+46   3.96345677E+98
    18     2.1544E-05   2.86471117E+49 +/-   6.28454799E+46   3.96345677E+98
    19     4.6416E-06   2.86469997E+49 +/-   6.28454799E+46   3.96345677E+98
    20     1.0000E-06   2.86469755E+49 +/-   6.28454799E+46   3.96345677E+98
    21     0.0000E+00   2.86469689E+49 +/-   6.28454799E+46   3.96345677E+98
  ParMin   3.9478E+03  -8.41260790E+02 +/-   3.07013010E-04   9.45887730E-03
  # Using grid point #6
* Iteration # 1: E =  -8.412607906716E+02 +/-   3.070057530384E-04
* Reached maximum number of iterations: exiting.
* After optimization:
  -3.1093E+00  -3.1567E+00  -3.0908E+00  -3.1924E+00  -3.2043E+00  -3.2364E+00
   7.0217E-01   6.9072E-01   3.2153E-01   2.7643E-01   4.8767E-01   4.7944E-01
   4.7765E-01   5.0619E-01   5.0815E-01   5.5109E-01   5.4271E-01   3.9547E-01
   3.9424E-01   8.3838E-04   1.1405E-02   1.2313E-01   2.6404E-01   2.6117E-01
   1.6656E-01   1.6816E-01   5.2481E-02   5.7354E-02   2.7204E-02   2.4932E-02
   8.4165E-02   8.5566E-02   1.4921E-02   1.2671E-01   1.2157E-01   1.0707E-01
   9.9733E-02   1.9089E-01   1.9288E-01   1.6588E-01   1.8764E-01   1.8570E-01
   8.4768E-02   7.6093E-02  -6.0550E-02  -5.8499E-02  -6.6817E-02  -6.7065E-02
  -4.1189E-03  -7.4900E-03   2.6402E-01   2.5664E-01  -5.0754E-02  -5.4391E-02
  -7.1213E-02  -7.6574E-02  -5.4674E-02  -5.4802E-02  -9.6663E-02  -9.8446E-02
  -8.7453E-02  -8.9544E-02  -1.8543E-02  -1.7314E-02  -4.7237E-02  -4.5657E-02
   6.5620E-03  -2.0191E-01  -4.9950E-01  -1.0247E-01  -2.1581E-01  -5.4194E-02
  -2.2158E-01  -1.7402E-01  -2.8877E-01  -2.8012E-01  -2.9936E-01  -2.5459E-01
  -2.8988E-01  -2.9159E-01  -2.8147E-01  -1.8488E-01  -2.3029E-01   3.1217E-02
  -6.1737E-02   1.7895E-02  -4.7040E-02   1.2392E-02  -1.4583E-01  -1.2966E-01
  -1.3455E-01  -8.0414E-02  -8.6204E-02   1.4818E-02  -6.8500E-02   3.0893E-03
  -3.0344E-02   4.1601E-03  -8.5162E-02   8.5606E-03  -2.3368E-02  -4.2991E-02
  -7.7611E-02  -2.0502E-02  -8.0537E-02  -4.8136E-02  -1.3187E-01  -6.2010E-02
  -8.9759E-02  -8.1740E-02  -8.8935E-02   3.0918E-03  -7.2890E-02   3.7964E-02
   1.3394E-02   4.5197E-02   2.3246E-02   2.9490E-03  -5.9633E-03  -5.6948E-02
  -2.1004E-01   3.1014E-02   2.0984E-02   5.1644E-02   2.3556E-02   3.1176E-02
   2.3092E-02   5.3472E-02   4.7771E-02   4.6479E-02   4.4753E-02   6.6911E-03
   6.7596E-03   2.6807E-02   2.4972E-02  -8.7436E-03  -5.5331E-03   1.3387E+00
   1.3626E+00   1.2989E+00   1.3926E+00   1.4122E+00   1.4152E+00  -1.9368E-01
   8.5179E-02  -5.0196E-02  -6.4110E-02  -1.0237E-01   2.9930E-02  -8.2668E-04
  -2.2966E-01   7.3615E-02   6.3072E-02   1.9656E-01  -1.1419E-03  -2.0475E-04
   1.7097E-02  -1.8935E-02  -1.3408E-01   1.5763E-01   5.5911E-02   6.8936E-02
   5.7028E-02   1.2537E-01   9.0397E-02  -1.0368E-01   1.1952E-01   1.0595E-01
   2.4936E-01   3.4925E-02   1.8241E-02   1.8592E-02  -1.7356E-02  -1.2968E-01
   1.0062E-01   7.7911E-03   2.6221E-02   9.7467E-04   6.6632E-02   3.0918E-02
  -1.2153E-01   9.7296E-02   9.0129E-02   1.9392E-01  -3.2476E-02  -1.3803E-02
   1.5383E-02  -1.1615E-02  -1.6722E-01   1.4203E-01   6.4152E-02   9.7798E-02
   2.5418E-02   8.4229E-02   6.0827E-02  -5.9415E-02   1.2871E-01   1.1787E-01
   2.1251E-01  -7.1326E-03  -3.4205E-03   1.3501E-02  -1.1119E-02
  > Energy =  -8.412607906716E+02 +/-   3.070057530384E-04
  > varE =   9.458430131273E-03

VMC #3:
* Size of Hilbert space =   4.9763E+11
* Number of equil. steps   = 1000
* Running VMC equilibration.
  Done. [total walltime: 0.10s]
* Equil. acc.ratio (%)     =   4.9928
* Sample config after equilibration:
  +---------------------+
  |  u   2   0   u   d  |
  |d   d   d   u   u   2|
  |0   u   2   0   d   d|
  |  2   0   2   0   u  |
  +---------------------+
* Number of accum. steps   = 501760 x 10
* Running VMC accumulation.
    [walltime: 1m elapsed, 43.0s remaining]
  Done. [total walltime: 1m43s]
* Acceptance ratio (%)     =   4.9553
* Etot/t                   =  -8.412605540033E+02 +/-   1.563562970276E-04
  > Ttot/t                 =  -7.559376364097E+01 +/-   1.216628746639E-03
  > Utot/t                 =   3.303435152420E+01 +/-   1.181994019389E-03
* var[Eloc/t]              =   9.690180707989E-03 +/-   5.183833973904E-05
* Correlation length       =   1.265886923371E+00

Optimization #3:
* Method          : lls
* Target function : energy
* No. of configs. : 100352
* No. of params.  : 203
* Before optimization:
  -3.1093E+00  -3.1567E+00  -3.0908E+00  -3.1924E+00  -3.2043E+00  -3.2364E+00
   7.0217E-01   6.9072E-01   3.2153E-01   2.7643E-01   4.8767E-01   4.7944E-01
   4.7765E-01   5.0619E-01   5.0815E-01   5.5109E-01   5.4271E-01   3.9547E-01
   3.9424E-01   8.3838E-04   1.1405E-02   1.2313E-01   2.6404E-01   2.6117E-01
   1.6656E-01   1.6816E-01   5.2481E-02   5.7354E-02   2.7204E-02   2.4932E-02
   8.4165E-02   8.5566E-02   1.4921E-02   1.2671E-01   1.2157E-01   1.0707E-01
   9.9733E-02   1.9089E-01   1.9288E-01   1.6588E-01   1.8764E-01   1.8570E-01
   8.4768E-02   7.6093E-02  -6.0550E-02  -5.8499E-02  -6.6817E-02  -6.7065E-02
  -4.1189E-03  -7.4900E-03   2.6402E-01   2.5664E-01  -5.0754E-02  -5.4391E-02
  -7.1213E-02  -7.6574E-02  -5.4674E-02  -5.4802E-02  -9.6663E-02  -9.8446E-02
  -8.7453E-02  -8.9544E-02  -1.8543E-02  -1.7314E-02  -4.7237E-02  -4.5657E-02
   6.5620E-03  -2.0191E-01  -4.9950E-01  -1.0247E-01  -2.1581E-01  -5.4194E-02
  -2.2158E-01  -1.7402E-01  -2.8877E-01  -2.8012E-01  -2.9936E-01  -2.5459E-01
  -2.8988E-01  -2.9159E-01  -2.8147E-01  -1.8488E-01  -2.3029E-01   3.1217E-02
  -6.1737E-02   1.7895E-02  -4.7040E-02   1.2392E-02  -1.4583E-01  -1.2966E-01
  -1.3455E-01  -8.0414E-02  -8.6204E-02   1.4818E-02  -6.8500E-02   3.0893E-03
  -3.0344E-02   4.1601E-03  -8.5162E-02   8.5606E-03  -2.3368E-02  -4.2991E-02
  -7.7611E-02  -2.0502E-02  -8.0537E-02  -4.8136E-02  -1.3187E-01  -6.2010E-02
  -8.9759E-02  -8.1740E-02  -8.8935E-02   3.0918E-03  -7.2890E-02   3.7964E-02
   1.3394E-02   4.5197E-02   2.3246E-02   2.9490E-03  -5.9633E-03  -5.6948E-02
  -2.1004E-01   3.1014E-02   2.0984E-02   5.1644E-02   2.3556E-02   3.1176E-02
   2.3092E-02   5.3472E-02   4.7771E-02   4.6479E-02   4.4753E-02   6.6911E-03
   6.7596E-03   2.6807E-02   2.4972E-02  -8.7436E-03  -5.5331E-03   1.3387E+00
   1.3626E+00   1.2989E+00   1.3926E+00   1.4122E+00   1.4152E+00  -1.9368E-01
   8.5179E-02  -5.0196E-02  -6.4110E-02  -1.0237E-01   2.9930E-02  -8.2668E-04
  -2.2966E-01   7.3615E-02   6.3072E-02   1.9656E-01  -1.1419E-03  -2.0475E-04
   1.7097E-02  -1.8935E-02  -1.3408E-01   1.5763E-01   5.5911E-02   6.8936E-02
   5.7028E-02   1.2537E-01   9.0397E-02  -1.0368E-01   1.1952E-01   1.0595E-01
   2.4936E-01   3.4925E-02   1.8241E-02   1.8592E-02  -1.7356E-02  -1.2968E-01
   1.0062E-01   7.7911E-03   2.6221E-02   9.7467E-04   6.6632E-02   3.0918E-02
  -1.2153E-01   9.7296E-02   9.0129E-02   1.9392E-01  -3.2476E-02  -1.3803E-02
   1.5383E-02  -1.1615E-02  -1.6722E-01   1.4203E-01   6.4152E-02   9.7798E-02
   2.5418E-02   8.4229E-02   6.0827E-02  -5.9415E-02   1.2871E-01   1.1787E-01
   2.1251E-01  -7.1326E-03  -3.4205E-03   1.3501E-02  -1.1119E-02
  > E    =  -8.412601499596E+02 +/-   3.100098737195E-04
  > varE =   9.644441535231E-03
* Computing derivatives.
    [walltime: 2m3s elapsed, 1h5m remaining]
    [walltime: 1h1m elapsed, 5m25s remaining]
  Done. [total walltime: 1h6m]
* Optimizing manipulation constant:
  #igrid a___________ E____________________________________ varE____________
     1     Infinity    -8.41260150E+02 +/-   3.10009874E-04   9.64444154E-03
     2     1.0000E+06  -8.41260150E+02 +/-   3.10009753E-04   9.64443405E-03
     3     2.1544E+05  -8.41260150E+02 +/-   3.10009315E-04   9.64440677E-03
     4     4.6416E+04  -8.41260150E+02 +/-   3.10007280E-04   9.64428018E-03
     5     1.0000E+04  -8.41260151E+02 +/-   3.09997840E-04   9.64369282E-03
     6     2.1544E+03  -8.41260154E+02 +/-   3.09954091E-04   9.64097106E-03
     7     4.6416E+02  -8.41260169E+02 +/-   3.09752496E-04   9.62843406E-03
     8     1.0000E+02  -8.41260236E+02 +/-   3.08847035E-04   9.57222517E-03
     9     2.1544E+01  -8.41260513E+02 +/-   3.05183261E-04   9.34646645E-03
    10     4.6416E+00  -8.41261372E+02 +/-   2.94214495E-04   8.68668682E-03
    11     1.0000E+00  -8.41262669E+02 +/-   2.77981698E-04   7.75458282E-03
    12     2.1544E-01  -8.41262216E+02 +/-   2.86542574E-04   8.23956618E-03
    13     4.6416E-02  -8.41259702E+02 +/-   3.22470094E-04   1.04352995E-02
    14     1.0000E-02  -8.41258315E+02 +/-   3.40294791E-04   1.16208163E-02
    15     2.1544E-03  -8.41257934E+02 +/-   3.44993450E-04   1.19439433E-02
    16     4.6416E-04  -8.41257847E+02 +/-   3.46051966E-04   1.20173490E-02
    17     1.0000E-04  -8.41257828E+02 +/-   3.46282234E-04   1.20333473E-02
    18     2.1544E-05  -8.41257824E+02 +/-   3.46331947E-04   1.20368027E-02
    19     4.6416E-06  -8.41257823E+02 +/-   3.46342662E-04   1.20375475E-02
    20     1.0000E-06  -8.41257823E+02 +/-   3.46344971E-04   1.20377080E-02
    21     0.0000E+00  -8.41257823E+02 +/-   3.46345605E-04   1.20377521E-02
  ParMin   6.9451E-01  -8.41262811E+02 +/-   2.76403078E-04   7.66675846E-03
  # Using parabolic minimum
* Iteration # 1: E =  -8.412628105514E+02 +/-   2.764030775724E-04
* Reached maximum number of iterations: exiting.
* After optimization:
  -3.0199E+00  -2.9638E+00  -2.6026E+00  -3.1444E+00  -3.2492E+00  -3.1599E+00
   6.3206E-01   6.4059E-01   3.0844E-01   2.5073E-01   5.0125E-01   4.7302E-01
   4.9026E-01   5.1104E-01   5.1546E-01   5.4457E-01   5.3666E-01   3.7570E-01
   3.7555E-01  -1.3293E-02   2.5535E-03   1.2704E-01   2.6606E-01   2.6318E-01
   1.6661E-01   1.6574E-01   5.5314E-02   5.9772E-02   2.7493E-02   2.3694E-02
   8.7412E-02   8.7302E-02   8.3749E-03   1.2430E-01   1.1667E-01   1.0050E-01
   9.9344E-02   1.8159E-01   1.8194E-01   1.6524E-01   1.8858E-01   1.8652E-01
   7.4318E-02   6.6319E-02  -6.1758E-02  -5.8272E-02  -6.9248E-02  -6.8090E-02
  -7.5693E-03  -9.7360E-03   2.7953E-01   2.7148E-01  -5.3252E-02  -5.6086E-02
  -7.1016E-02  -7.4144E-02  -5.7170E-02  -5.7758E-02  -9.7126E-02  -9.9283E-02
  -8.7336E-02  -8.8498E-02  -1.9315E-02  -1.8243E-02  -4.9089E-02  -4.7214E-02
   7.4155E-03  -1.9270E-01  -4.6956E-01  -9.2606E-02  -2.1665E-01  -3.5124E-02
  -2.2681E-01  -1.9026E-01  -3.0608E-01  -2.9226E-01  -2.9751E-01  -2.7287E-01
  -2.9240E-01  -2.8775E-01  -2.8445E-01  -1.7521E-01  -2.3096E-01   8.3213E-02
  -7.3440E-02   4.5463E-02  -7.0858E-02   1.2297E-02  -1.4546E-01  -1.3037E-01
  -1.3513E-01  -7.8409E-02  -8.5245E-02   1.1266E-02  -7.0620E-02   4.6148E-03
  -3.2943E-02   3.7148E-03  -8.3435E-02   1.3830E-02  -2.6429E-02  -3.5234E-02
  -7.7720E-02  -1.1118E-02  -7.8074E-02  -4.0717E-02  -1.2505E-01  -6.3946E-02
  -8.3650E-02  -8.0448E-02  -8.9290E-02   1.7116E-02  -7.2826E-02   3.8882E-02
   1.1206E-02   4.7619E-02   2.2264E-02   6.3243E-03  -9.2349E-03  -7.0316E-02
  -2.0411E-01   3.4838E-02   2.1805E-02   5.3101E-02   2.2701E-02   3.2894E-02
   2.4557E-02   5.4088E-02   4.6495E-02   4.5109E-02   4.3990E-02   7.2400E-03
   6.6684E-03   2.7042E-02   2.5219E-02  -9.9187E-03  -6.7746E-03   1.2732E+00
   1.2321E+00   9.6071E-01   1.3467E+00   1.4419E+00   1.3851E+00  -2.7652E-01
  -1.3056E-01  -3.2222E-01  -2.7460E-01  -1.7040E-01  -4.2565E-03  -4.5493E-02
  -3.2566E-01  -1.0451E-01  -1.2285E-01   2.9602E-02   1.2762E-05   8.7557E-03
   2.3895E-02  -2.3877E-02  -1.6507E-01  -3.8794E-02  -1.7817E-01  -1.2441E-01
   2.9711E-02   1.0118E-01   6.7571E-02  -1.4613E-01  -5.6242E-02  -7.5819E-02
   8.6742E-02   3.4750E-02   2.1714E-02   2.6378E-02  -2.1817E-02  -1.7460E-01
  -4.9935E-02  -1.7162E-01  -1.1483E-01  -2.9355E-02   5.1301E-02   6.2396E-03
  -1.7663E-01  -3.0168E-02  -3.9010E-02   8.6830E-02  -2.9742E-02  -1.1732E-02
   2.2941E-02  -1.4711E-02  -1.9545E-01   1.1452E-03  -9.7982E-02  -3.4346E-02
   9.2850E-03   7.6169E-02   4.4356E-02  -9.0585E-02   7.4740E-03  -8.3189E-03
   1.0532E-01  -6.4021E-03  -4.3716E-03   2.2657E-02  -1.4130E-02
  > Energy =  -8.412628105514E+02 +/-   2.764030775724E-04
  > varE =   7.666758457923E-03

VMC #4:
* Size of Hilbert space =   4.9763E+11
* Number of equil. steps   = 1000
* Running VMC equilibration.
  Done. [total walltime: 0.10s]
* Equil. acc.ratio (%)     =   5.0877
* Sample config after equilibration:
  +---------------------+
  |  0   2   u   2   0  |
  |2   2   0   0   u   2|
  |u   0   2   d   d   u|
  |  d   d   0   u   d  |
  +---------------------+
* Number of accum. steps   = 501760 x 10
* Running VMC accumulation.
    [walltime: 1m elapsed, 42.0s remaining]
  Done. [total walltime: 1m42s]
* Acceptance ratio (%)     =   5.0498
* Etot/t                   =  -8.412632361688E+02 +/-   1.368422350597E-04
  > Ttot/t                 =  -7.561394860410E+01 +/-   1.201065378437E-03
  > Utot/t                 =   3.305185432181E+01 +/-   1.196195486124E-03
* var[Eloc/t]              =   7.682739891704E-03 +/-   3.874896455471E-05
* Correlation length       =   1.222982449458E+00

Optimization #4:
* Method          : lls
* Target function : energy
* No. of configs. : 100352
* No. of params.  : 203
* Before optimization:
  -3.0199E+00  -2.9638E+00  -2.6026E+00  -3.1444E+00  -3.2492E+00  -3.1599E+00
   6.3206E-01   6.4059E-01   3.0844E-01   2.5073E-01   5.0125E-01   4.7302E-01
   4.9026E-01   5.1104E-01   5.1546E-01   5.4457E-01   5.3666E-01   3.7570E-01
   3.7555E-01  -1.3293E-02   2.5535E-03   1.2704E-01   2.6606E-01   2.6318E-01
   1.6661E-01   1.6574E-01   5.5314E-02   5.9772E-02   2.7493E-02   2.3694E-02
   8.7412E-02   8.7302E-02   8.3749E-03   1.2430E-01   1.1667E-01   1.0050E-01
   9.9344E-02   1.8159E-01   1.8194E-01   1.6524E-01   1.8858E-01   1.8652E-01
   7.4318E-02   6.6319E-02  -6.1758E-02  -5.8272E-02  -6.9248E-02  -6.8090E-02
  -7.5693E-03  -9.7360E-03   2.7953E-01   2.7148E-01  -5.3252E-02  -5.6086E-02
  -7.1016E-02  -7.4144E-02  -5.7170E-02  -5.7758E-02  -9.7126E-02  -9.9283E-02
  -8.7336E-02  -8.8498E-02  -1.9315E-02  -1.8243E-02  -4.9089E-02  -4.7214E-02
   7.4155E-03  -1.9270E-01  -4.6956E-01  -9.2606E-02  -2.1665E-01  -3.5124E-02
  -2.2681E-01  -1.9026E-01  -3.0608E-01  -2.9226E-01  -2.9751E-01  -2.7287E-01
  -2.9240E-01  -2.8775E-01  -2.8445E-01  -1.7521E-01  -2.3096E-01   8.3213E-02
  -7.3440E-02   4.5463E-02  -7.0858E-02   1.2297E-02  -1.4546E-01  -1.3037E-01
  -1.3513E-01  -7.8409E-02  -8.5245E-02   1.1266E-02  -7.0620E-02   4.6148E-03
  -3.2943E-02   3.7148E-03  -8.3435E-02   1.3830E-02  -2.6429E-02  -3.5234E-02
  -7.7720E-02  -1.1118E-02  -7.8074E-02  -4.0717E-02  -1.2505E-01  -6.3946E-02
  -8.3650E-02  -8.0448E-02  -8.9290E-02   1.7116E-02  -7.2826E-02   3.8882E-02
   1.1206E-02   4.7619E-02   2.2264E-02   6.3243E-03  -9.2349E-03  -7.0316E-02
  -2.0411E-01   3.4838E-02   2.1805E-02   5.3101E-02   2.2701E-02   3.2894E-02
   2.4557E-02   5.4088E-02   4.6495E-02   4.5109E-02   4.3990E-02   7.2400E-03
   6.6684E-03   2.7042E-02   2.5219E-02  -9.9187E-03  -6.7746E-03   1.2732E+00
   1.2321E+00   9.6071E-01   1.3467E+00   1.4419E+00   1.3851E+00  -2.7652E-01
  -1.3056E-01  -3.2222E-01  -2.7460E-01  -1.7040E-01  -4.2565E-03  -4.5493E-02
  -3.2566E-01  -1.0451E-01  -1.2285E-01   2.9602E-02   1.2762E-05   8.7557E-03
   2.3895E-02  -2.3877E-02  -1.6507E-01  -3.8794E-02  -1.7817E-01  -1.2441E-01
   2.9711E-02   1.0118E-01   6.7571E-02  -1.4613E-01  -5.6242E-02  -7.5819E-02
   8.6742E-02   3.4750E-02   2.1714E-02   2.6378E-02  -2.1817E-02  -1.7460E-01
  -4.9935E-02  -1.7162E-01  -1.1483E-01  -2.9355E-02   5.1301E-02   6.2396E-03
  -1.7663E-01  -3.0168E-02  -3.9010E-02   8.6830E-02  -2.9742E-02  -1.1732E-02
   2.2941E-02  -1.4711E-02  -1.9545E-01   1.1452E-03  -9.7982E-02  -3.4346E-02
   9.2850E-03   7.6169E-02   4.4356E-02  -9.0585E-02   7.4740E-03  -8.3189E-03
   1.0532E-01  -6.4021E-03  -4.3716E-03   2.2657E-02  -1.4130E-02
  > E    =  -8.412632513944E+02 +/-   2.774752950775E-04
  > varE =   7.726355311696E-03
* Computing derivatives.
    [walltime: 2m2s elapsed, 1h4m remaining]
    [walltime: 1h1m elapsed, 5m26s remaining]
  Done. [total walltime: 1h6m]
* Optimizing manipulation constant:
  #igrid a___________ E____________________________________ varE____________
     1     Infinity    -8.41263251E+02 +/-   2.77475295E-04   7.72635531E-03
     2     1.0000E+06  -8.41263251E+02 +/-   2.77475238E-04   7.72635215E-03
     3     2.1544E+05  -8.41263251E+02 +/-   2.77475033E-04   7.72634071E-03
     4     4.6416E+04  -8.41263251E+02 +/-   2.77474106E-04   7.72628912E-03
     5     1.0000E+04  -8.41263252E+02 +/-   2.77470381E-04   7.72608165E-03
     6     2.1544E+03  -8.41263253E+02 +/-   2.77465458E-04   7.72580747E-03
     7     4.6416E+02  -8.41263245E+02 +/-   2.77720729E-04   7.74002969E-03
     8     1.0000E+02  -8.41262514E+02 +/-   2.90987868E-04   8.49719918E-03
     9     2.1544E+01  -8.41139090E+02 +/-   1.05795281E-03   1.12320397E-01
    10     4.6416E+00  -8.38857866E+02 +/-   3.59772138E-03   1.29891606E+00
    11     1.0000E+00  -8.39838269E+02 +/-   2.97762972E-03   8.89748802E-01
    12     2.1544E-01  -8.41245896E+02 +/-   4.40934219E-04   1.95107354E-02
    13     4.6416E-02  -8.40520707E+02 +/-   2.39885603E-03   5.77476611E-01
    14     1.0000E-02  -8.39558173E+02 +/-   3.32889581E-03   1.11205544E+00
    15     2.1544E-03  -8.39296743E+02 +/-   3.47810264E-03   1.21397801E+00
    16     4.6416E-04  -8.39240137E+02 +/-   3.50558501E-03   1.23323840E+00
    17     1.0000E-04  -8.39227967E+02 +/-   3.51127134E-03   1.23724246E+00
    18     2.1544E-05  -8.39225347E+02 +/-   3.51248540E-03   1.23809818E+00
    19     4.6416E-06  -8.39224783E+02 +/-   3.51274644E-03   1.23828222E+00
    20     1.0000E-06  -8.39224661E+02 +/-   3.51280266E-03   1.23832186E+00
    21     0.0000E+00  -8.39224628E+02 +/-   3.51281810E-03   1.23833274E+00
* Iteration # 1: E =  -8.412632528477E+02 +/-   2.774654575504E-04
* Reached maximum number of iterations: exiting.
* After optimization:
  -3.0066E+00  -2.9506E+00  -2.5894E+00  -3.1313E+00  -3.2359E+00  -3.1466E+00
   6.3198E-01   6.4054E-01   3.0845E-01   2.5074E-01   5.0130E-01   4.7302E-01
   4.9025E-01   5.1103E-01   5.1546E-01   5.4456E-01   5.3666E-01   3.7570E-01
   3.7555E-01  -1.3259E-02   2.5867E-03   1.2706E-01   2.6606E-01   2.6318E-01
   1.6661E-01   1.6574E-01   5.5323E-02   5.9780E-02   2.7496E-02   2.3698E-02
   8.7421E-02   8.7310E-02   8.3795E-03   1.2430E-01   1.1667E-01   1.0050E-01
   9.9345E-02   1.8159E-01   1.8193E-01   1.6525E-01   1.8858E-01   1.8652E-01
   7.4321E-02   6.6320E-02  -6.1750E-02  -5.8264E-02  -6.9245E-02  -6.8087E-02
  -7.5672E-03  -9.7347E-03   2.7954E-01   2.7149E-01  -5.3251E-02  -5.6085E-02
  -7.1007E-02  -7.4136E-02  -5.7167E-02  -5.7755E-02  -9.7121E-02  -9.9278E-02
  -8.7334E-02  -8.8495E-02  -1.9315E-02  -1.8243E-02  -4.9086E-02  -4.7211E-02
   7.4133E-03  -1.9268E-01  -4.6956E-01  -9.2615E-02  -2.1664E-01  -3.5131E-02
  -2.2680E-01  -1.9029E-01  -3.0609E-01  -2.9226E-01  -2.9751E-01  -2.7287E-01
  -2.9240E-01  -2.8775E-01  -2.8445E-01  -1.7521E-01  -2.3096E-01   8.3182E-02
  -7.3458E-02   4.5434E-02  -7.0870E-02   1.2270E-02  -1.4547E-01  -1.3037E-01
  -1.3513E-01  -7.8409E-02  -8.5244E-02   1.1258E-02  -7.0623E-02   4.6116E-03
  -3.2944E-02   3.7068E-03  -8.3435E-02   1.3829E-02  -2.6431E-02  -3.5233E-02
  -7.7719E-02  -1.1119E-02  -7.8076E-02  -4.0709E-02  -1.2505E-01  -6.3948E-02
  -8.3654E-02  -8.0447E-02  -8.9290E-02   1.7114E-02  -7.2826E-02   3.8875E-02
   1.1205E-02   4.7617E-02   2.2264E-02   6.3237E-03  -9.2351E-03  -7.0327E-02
  -2.0411E-01   3.4836E-02   2.1804E-02   5.3095E-02   2.2699E-02   3.2892E-02
   2.4556E-02   5.4085E-02   4.6494E-02   4.5108E-02   4.3990E-02   7.2405E-03
   6.6697E-03   2.7041E-02   2.5219E-02  -9.9183E-03  -6.7741E-03   1.2647E+00
   1.2239E+00   9.5435E-01   1.3379E+00   1.4323E+00   1.3759E+00  -2.7481E-01
  -1.2981E-01  -3.2020E-01  -2.7286E-01  -1.6936E-01  -4.3179E-03  -4.5275E-02
  -3.2359E-01  -1.0385E-01  -1.2208E-01   2.9336E-02   1.5842E-05   8.7044E-03
   2.3720E-02  -2.3725E-02  -1.6406E-01  -3.8629E-02  -1.7708E-01  -1.2365E-01
   2.9449E-02   1.0044E-01   6.7056E-02  -1.4522E-01  -5.5890E-02  -7.5352E-02
   8.6102E-02   3.4531E-02   2.1582E-02   2.6188E-02  -2.1677E-02  -1.7468E-01
  -5.0017E-02  -1.7170E-01  -1.1492E-01  -2.9413E-02   5.1239E-02   6.1804E-03
  -1.7669E-01  -3.0182E-02  -3.9030E-02   8.6785E-02  -2.9748E-02  -1.1736E-02
   2.2927E-02  -1.4716E-02  -1.9553E-01   1.0728E-03  -9.8050E-02  -3.4422E-02
   9.2291E-03   7.6109E-02   4.4302E-02  -9.0633E-02   7.4702E-03  -8.3291E-03
   1.0528E-01  -6.4025E-03  -4.3711E-03   2.2645E-02  -1.4133E-02
  > Energy =  -8.412632528477E+02 +/-   2.774654575504E-04
  > varE =   7.725807465574E-03

VMC #5:
* Size of Hilbert space =   4.9763E+11
* Number of equil. steps   = 1000
* Running VMC equilibration.
  Done. [total walltime: 0.10s]
* Equil. acc.ratio (%)     =   5.1268
* Sample config after equilibration:
  +---------------------+
  |  0   u   u   2   d  |
  |2   d   2   0   0   0|
  |0   u   d   d   2   2|
  |  2   d   u   u   0  |
  +---------------------+
* Number of accum. steps   = 501760 x 10
* Running VMC accumulation.
    [walltime: 1m elapsed, 42.3s remaining]
  Done. [total walltime: 1m42s]
* Acceptance ratio (%)     =   5.0932
* Etot/t                   =  -8.412628786877E+02 +/-   1.378106252384E-04
  > Ttot/t                 =  -7.561496447946E+01 +/-   1.186106210725E-03
  > Utot/t                 =   3.305322767824E+01 +/-   1.180537725816E-03
* var[Eloc/t]              =   7.757851187924E-03 +/-   4.017541693647E-05
* Correlation length       =   1.228343969986E+00

Optimization #5:
* Method          : lls
* Target function : energy
* No. of configs. : 100352
* No. of params.  : 203
* Before optimization:
  -3.0066E+00  -2.9506E+00  -2.5894E+00  -3.1313E+00  -3.2359E+00  -3.1466E+00
   6.3198E-01   6.4054E-01   3.0845E-01   2.5074E-01   5.0130E-01   4.7302E-01
   4.9025E-01   5.1103E-01   5.1546E-01   5.4456E-01   5.3666E-01   3.7570E-01
   3.7555E-01  -1.3259E-02   2.5867E-03   1.2706E-01   2.6606E-01   2.6318E-01
   1.6661E-01   1.6574E-01   5.5323E-02   5.9780E-02   2.7496E-02   2.3698E-02
   8.7421E-02   8.7310E-02   8.3795E-03   1.2430E-01   1.1667E-01   1.0050E-01
   9.9345E-02   1.8159E-01   1.8193E-01   1.6525E-01   1.8858E-01   1.8652E-01
   7.4321E-02   6.6320E-02  -6.1750E-02  -5.8264E-02  -6.9245E-02  -6.8087E-02
  -7.5672E-03  -9.7347E-03   2.7954E-01   2.7149E-01  -5.3251E-02  -5.6085E-02
  -7.1007E-02  -7.4136E-02  -5.7167E-02  -5.7755E-02  -9.7121E-02  -9.9278E-02
  -8.7334E-02  -8.8495E-02  -1.9315E-02  -1.8243E-02  -4.9086E-02  -4.7211E-02
   7.4133E-03  -1.9268E-01  -4.6956E-01  -9.2615E-02  -2.1664E-01  -3.5131E-02
  -2.2680E-01  -1.9029E-01  -3.0609E-01  -2.9226E-01  -2.9751E-01  -2.7287E-01
  -2.9240E-01  -2.8775E-01  -2.8445E-01  -1.7521E-01  -2.3096E-01   8.3182E-02
  -7.3458E-02   4.5434E-02  -7.0870E-02   1.2270E-02  -1.4547E-01  -1.3037E-01
  -1.3513E-01  -7.8409E-02  -8.5244E-02   1.1258E-02  -7.0623E-02   4.6116E-03
  -3.2944E-02   3.7068E-03  -8.3435E-02   1.3829E-02  -2.6431E-02  -3.5233E-02
  -7.7719E-02  -1.1119E-02  -7.8076E-02  -4.0709E-02  -1.2505E-01  -6.3948E-02
  -8.3654E-02  -8.0447E-02  -8.9290E-02   1.7114E-02  -7.2826E-02   3.8875E-02
   1.1205E-02   4.7617E-02   2.2264E-02   6.3237E-03  -9.2351E-03  -7.0327E-02
  -2.0411E-01   3.4836E-02   2.1804E-02   5.3095E-02   2.2699E-02   3.2892E-02
   2.4556E-02   5.4085E-02   4.6494E-02   4.5108E-02   4.3990E-02   7.2405E-03
   6.6697E-03   2.7041E-02   2.5219E-02  -9.9183E-03  -6.7741E-03   1.2647E+00
   1.2239E+00   9.5435E-01   1.3379E+00   1.4323E+00   1.3759E+00  -2.7481E-01
  -1.2981E-01  -3.2020E-01  -2.7286E-01  -1.6936E-01  -4.3179E-03  -4.5275E-02
  -3.2359E-01  -1.0385E-01  -1.2208E-01   2.9336E-02   1.5842E-05   8.7044E-03
   2.3720E-02  -2.3725E-02  -1.6406E-01  -3.8629E-02  -1.7708E-01  -1.2365E-01
   2.9449E-02   1.0044E-01   6.7056E-02  -1.4522E-01  -5.5890E-02  -7.5352E-02
   8.6102E-02   3.4531E-02   2.1582E-02   2.6188E-02  -2.1677E-02  -1.7468E-01
  -5.0017E-02  -1.7170E-01  -1.1492E-01  -2.9413E-02   5.1239E-02   6.1804E-03
  -1.7669E-01  -3.0182E-02  -3.9030E-02   8.6785E-02  -2.9748E-02  -1.1736E-02
   2.2927E-02  -1.4716E-02  -1.9553E-01   1.0728E-03  -9.8050E-02  -3.4422E-02
   9.2291E-03   7.6109E-02   4.4302E-02  -9.0633E-02   7.4702E-03  -8.3291E-03
   1.0528E-01  -6.4025E-03  -4.3711E-03   2.2645E-02  -1.4133E-02
  > E    =  -8.412625563565E+02 +/-   2.774211917043E-04
  > varE =   7.723342566860E-03
* Computing derivatives.
    [walltime: 2m2s elapsed, 1h4m remaining]
    [walltime: 1h1m elapsed, 5m25s remaining]
  Done. [total walltime: 1h6m]
* Optimizing manipulation constant:
  #igrid a___________ E____________________________________ varE____________
     1     Infinity    -8.41262556E+02 +/-   2.77421192E-04   7.72334257E-03
     2     1.0000E+06  -8.41262556E+02 +/-   2.77421137E-04   7.72333950E-03
     3     2.1544E+05  -8.41262556E+02 +/-   2.77420936E-04   7.72332832E-03
     4     4.6416E+04  -8.41262556E+02 +/-   2.77420004E-04   7.72327646E-03
     5     1.0000E+04  -8.41262557E+02 +/-   2.77415682E-04   7.72303580E-03
     6     2.1544E+03  -8.41262558E+02 +/-   2.77395646E-04   7.72192027E-03
     7     4.6416E+02  -8.41262566E+02 +/-   2.77303205E-04   7.71677454E-03
     8     1.0000E+02  -8.41262601E+02 +/-   2.76885951E-04   7.69356937E-03
     9     2.1544E+01  -8.41262750E+02 +/-   2.75184776E-04   7.59932188E-03
    10     4.6416E+00  -8.41263219E+02 +/-   2.71078842E-04   7.37424011E-03
    11     1.0000E+00  -8.41262454E+02 +/-   2.93638367E-04   8.65269975E-03
    12     2.1544E-01  -8.41221671E+02 +/-   6.26611055E-04   3.94023512E-02
    13     4.6416E-02  -8.41090327E+02 +/-   1.14215577E-03   1.30911170E-01
    14     1.0000E-02  -8.41043271E+02 +/-   1.27087099E-03   1.62079826E-01
    15     2.1544E-03  -8.41036377E+02 +/-   1.28820150E-03   1.66530440E-01
    16     4.6416E-04  -8.41035220E+02 +/-   1.29105824E-03   1.67269863E-01
    17     1.0000E-04  -8.41034988E+02 +/-   1.29162747E-03   1.67417394E-01
    18     2.1544E-05  -8.41034939E+02 +/-   1.29174790E-03   1.67448615E-01
    19     4.6416E-06  -8.41034929E+02 +/-   1.29177374E-03   1.67455315E-01
    20     1.0000E-06  -8.41034927E+02 +/-   1.29177930E-03   1.67456757E-01
    21     0.0000E+00  -8.41034926E+02 +/-   1.29178083E-03   1.67457153E-01
  ParMin   5.6987E+00  -8.41263136E+02 +/-   2.71592823E-04   7.40223063E-03
  # Using grid point #10
* Iteration # 1: E =  -8.412632189708E+02 +/-   2.710788416184E-04
* Reached maximum number of iterations: exiting.
* After optimization:
  -2.8432E+00  -2.7810E+00  -2.4257E+00  -2.9762E+00  -3.0633E+00  -2.9773E+00
   6.0181E-01   6.2089E-01   3.0961E-01   2.5421E-01   5.2202E-01   4.7016E-01
   4.8809E-01   5.1108E-01   5.1517E-01   5.4077E-01   5.3385E-01   3.7593E-01
   3.7442E-01  -7.9322E-04   1.6415E-02   1.3865E-01   2.6435E-01   2.6180E-01
   1.6622E-01   1.6536E-01   5.9402E-02   6.3569E-02   2.8609E-02   2.5449E-02
   9.1633E-02   9.1533E-02   9.4746E-03   1.2428E-01   1.1694E-01   1.0114E-01
   9.9105E-02   1.8024E-01   1.7969E-01   1.6667E-01   1.8890E-01   1.8717E-01
   7.6573E-02   6.8310E-02  -5.8348E-02  -5.5158E-02  -6.8226E-02  -6.7366E-02
  -7.0821E-03  -9.1616E-03   2.8596E-01   2.7783E-01  -5.2566E-02  -5.5316E-02
  -6.7451E-02  -7.1236E-02  -5.6492E-02  -5.6962E-02  -9.5490E-02  -9.7261E-02
  -8.6497E-02  -8.7752E-02  -1.9610E-02  -1.8282E-02  -4.8282E-02  -4.6313E-02
   7.0943E-03  -1.8315E-01  -4.7123E-01  -9.5391E-02  -2.1411E-01  -3.9203E-02
  -2.2542E-01  -2.0288E-01  -3.1023E-01  -2.9150E-01  -2.9950E-01  -2.7433E-01
  -2.9279E-01  -2.8800E-01  -2.8431E-01  -1.7614E-01  -2.3231E-01   7.2173E-02
  -7.8115E-02   3.4400E-02  -7.4713E-02   2.4886E-03  -1.4737E-01  -1.2955E-01
  -1.3425E-01  -7.8404E-02  -8.4797E-02   7.2878E-03  -7.1640E-02   3.5891E-03
  -3.3571E-02  -2.9976E-05  -8.3555E-02   1.3650E-02  -2.7137E-02  -3.5290E-02
  -7.7975E-02  -1.1431E-02  -7.8902E-02  -3.7975E-02  -1.2389E-01  -6.3994E-02
  -8.4491E-02  -7.9591E-02  -8.9171E-02   1.5521E-02  -7.3585E-02   3.5932E-02
   1.0661E-02   4.7013E-02   2.2137E-02   6.1950E-03  -9.4047E-03  -7.6284E-02
  -2.0429E-01   3.4256E-02   2.1456E-02   5.0609E-02   2.2415E-02   3.2313E-02
   2.4461E-02   5.2892E-02   4.5797E-02   4.4758E-02   4.3902E-02   7.2933E-03
   6.8351E-03   2.6418E-02   2.5185E-02  -9.7612E-03  -6.4762E-03   1.1510E+00
   1.1091E+00   8.7133E-01   1.2276E+00   1.3023E+00   1.2548E+00  -2.9626E-01
  -1.6451E-01  -3.3212E-01  -2.7630E-01  -1.8897E-01  -4.1567E-02  -7.6574E-02
  -3.2860E-01  -1.0482E-01  -1.2608E-01  -1.9666E-03   1.6385E-03   1.0318E-02
   1.4592E-02  -2.3250E-02  -1.7951E-01  -7.2051E-02  -1.9264E-01  -1.3512E-01
   1.1833E-03   6.3298E-02   3.4461E-02  -1.5432E-01  -5.8471E-02  -8.0685E-02
   5.3677E-02   3.6048E-02   2.3844E-02   1.7533E-02  -2.1279E-02  -2.0684E-01
  -8.3644E-02  -2.0291E-01  -1.4644E-01  -5.2656E-02   2.4587E-02  -1.8140E-02
  -1.9945E-01  -3.4077E-02  -4.5316E-02   6.9794E-02  -3.2016E-02  -1.3779E-02
   1.6860E-02  -1.5701E-02  -2.2620E-01  -2.7117E-02  -1.2361E-01  -6.3100E-02
  -1.2772E-02   5.1397E-02   2.2386E-02  -1.0895E-01   6.3997E-03  -1.1491E-02
   9.0510E-02  -6.5011E-03  -4.6430E-03   1.7947E-02  -1.5039E-02
  > Energy =  -8.412632189708E+02 +/-   2.710788416184E-04
  > varE =   7.374240113224E-03

VMC #6:
* Size of Hilbert space =   4.9763E+11
* Number of equil. steps   = 1000
* Running VMC equilibration.
  Done. [total walltime: 0.10s]
* Equil. acc.ratio (%)     =   5.5941
* Sample config after equilibration:
  +---------------------+
  |  u   2   u   2   2  |
  |d   0   d   d   0   0|
  |2   0   d   u   d   d|
  |  0   2   u   u   u  |
  +---------------------+
* Number of accum. steps   = 501760 x 10
* Running VMC accumulation.
    [walltime: 1m elapsed, 42.6s remaining]
  Done. [total walltime: 1m42s]
* Acceptance ratio (%)     =   5.5569
* Etot/t                   =  -8.412636769737E+02 +/-   1.272343937788E-04
  > Ttot/t                 =  -7.560977955935E+01 +/-   1.117675307249E-03
  > Utot/t                 =   3.304724447209E+01 +/-   1.115112612986E-03
* var[Eloc/t]              =   7.390850083578E-03 +/-   6.391166461247E-05
* Correlation length       =   1.099032899918E+00

Optimization #6:
* Method          : lls
* Target function : energy
* No. of configs. : 100352
* No. of params.  : 203
* Before optimization:
  -2.8432E+00  -2.7810E+00  -2.4257E+00  -2.9762E+00  -3.0633E+00  -2.9773E+00
   6.0181E-01   6.2089E-01   3.0961E-01   2.5421E-01   5.2202E-01   4.7016E-01
   4.8809E-01   5.1108E-01   5.1517E-01   5.4077E-01   5.3385E-01   3.7593E-01
   3.7442E-01  -7.9322E-04   1.6415E-02   1.3865E-01   2.6435E-01   2.6180E-01
   1.6622E-01   1.6536E-01   5.9402E-02   6.3569E-02   2.8609E-02   2.5449E-02
   9.1633E-02   9.1533E-02   9.4746E-03   1.2428E-01   1.1694E-01   1.0114E-01
   9.9105E-02   1.8024E-01   1.7969E-01   1.6667E-01   1.8890E-01   1.8717E-01
   7.6573E-02   6.8310E-02  -5.8348E-02  -5.5158E-02  -6.8226E-02  -6.7366E-02
  -7.0821E-03  -9.1616E-03   2.8596E-01   2.7783E-01  -5.2566E-02  -5.5316E-02
  -6.7451E-02  -7.1236E-02  -5.6492E-02  -5.6962E-02  -9.5490E-02  -9.7261E-02
  -8.6497E-02  -8.7752E-02  -1.9610E-02  -1.8282E-02  -4.8282E-02  -4.6313E-02
   7.0943E-03  -1.8315E-01  -4.7123E-01  -9.5391E-02  -2.1411E-01  -3.9203E-02
  -2.2542E-01  -2.0288E-01  -3.1023E-01  -2.9150E-01  -2.9950E-01  -2.7433E-01
  -2.9279E-01  -2.8800E-01  -2.8431E-01  -1.7614E-01  -2.3231E-01   7.2173E-02
  -7.8115E-02   3.4400E-02  -7.4713E-02   2.4886E-03  -1.4737E-01  -1.2955E-01
  -1.3425E-01  -7.8404E-02  -8.4797E-02   7.2878E-03  -7.1640E-02   3.5891E-03
  -3.3571E-02  -2.9976E-05  -8.3555E-02   1.3650E-02  -2.7137E-02  -3.5290E-02
  -7.7975E-02  -1.1431E-02  -7.8902E-02  -3.7975E-02  -1.2389E-01  -6.3994E-02
  -8.4491E-02  -7.9591E-02  -8.9171E-02   1.5521E-02  -7.3585E-02   3.5932E-02
   1.0661E-02   4.7013E-02   2.2137E-02   6.1950E-03  -9.4047E-03  -7.6284E-02
  -2.0429E-01   3.4256E-02   2.1456E-02   5.0609E-02   2.2415E-02   3.2313E-02
   2.4461E-02   5.2892E-02   4.5797E-02   4.4758E-02   4.3902E-02   7.2933E-03
   6.8351E-03   2.6418E-02   2.5185E-02  -9.7612E-03  -6.4762E-03   1.1510E+00
   1.1091E+00   8.7133E-01   1.2276E+00   1.3023E+00   1.2548E+00  -2.9626E-01
  -1.6451E-01  -3.3212E-01  -2.7630E-01  -1.8897E-01  -4.1567E-02  -7.6574E-02
  -3.2860E-01  -1.0482E-01  -1.2608E-01  -1.9666E-03   1.6385E-03   1.0318E-02
   1.4592E-02  -2.3250E-02  -1.7951E-01  -7.2051E-02  -1.9264E-01  -1.3512E-01
   1.1833E-03   6.3298E-02   3.4461E-02  -1.5432E-01  -5.8471E-02  -8.0685E-02
   5.3677E-02   3.6048E-02   2.3844E-02   1.7533E-02  -2.1279E-02  -2.0684E-01
  -8.3644E-02  -2.0291E-01  -1.4644E-01  -5.2656E-02   2.4587E-02  -1.8140E-02
  -1.9945E-01  -3.4077E-02  -4.5316E-02   6.9794E-02  -3.2016E-02  -1.3779E-02
   1.6860E-02  -1.5701E-02  -2.2620E-01  -2.7117E-02  -1.2361E-01  -6.3100E-02
  -1.2772E-02   5.1397E-02   2.2386E-02  -1.0895E-01   6.3997E-03  -1.1491E-02
   9.0510E-02  -6.5011E-03  -4.6430E-03   1.7947E-02  -1.5039E-02
  > E    =  -8.412633580085E+02 +/-   2.687527864827E-04
  > varE =   7.248230301425E-03
* Computing derivatives.
    [walltime: 2m3s elapsed, 1h4m remaining]
    [walltime: 1h1m elapsed, 5m25s remaining]
  Done. [total walltime: 1h6m]
* Optimizing manipulation constant:
  #igrid a___________ E____________________________________ varE____________
     1     Infinity    -8.41263358E+02 +/-   2.68752786E-04   7.24823030E-03
     2     1.0000E+06  -8.41263358E+02 +/-   2.68752740E-04   7.24822781E-03
     3     2.1544E+05  -8.41263358E+02 +/-   2.68752624E-04   7.24822151E-03
     4     4.6416E+04  -8.41263358E+02 +/-   2.68753146E-04   7.24824972E-03
     5     1.0000E+04  -8.41263356E+02 +/-   2.68778488E-04   7.24961670E-03
     6     2.1544E+03  -8.41263310E+02 +/-   2.69429528E-04   7.28477952E-03
     7     4.6416E+02  -8.41261074E+02 +/-   3.01252648E-04   9.10726091E-03
     8     1.0000E+02  -8.40962904E+02 +/-   1.56821705E-03   2.46796146E-01
     9     2.1544E+01  -8.38604750E+02 +/-   3.67304802E-03   1.35387711E+00
    10     4.6416E+00  -8.38548147E+02 +/-   3.68446474E-03   1.36230654E+00
    11     1.0000E+00  -8.38560235E+02 +/-   3.67746280E-03   1.35713362E+00
    12     2.1544E-01  -8.39720682E+02 +/-   3.17948048E-03   1.01446801E+00
    13     4.6416E-02 (error)
    14     1.0000E-02 (error)
    15     2.1544E-03 (error)
    16     4.6416E-04 (error)
    17     1.0000E-04 (error)
    18     2.1544E-05 (error)
    19     4.6416E-06 (error)
    20     1.0000E-06 (error)
    21     0.0000E+00 (error)
* Iteration # 1: E =  -8.412633580156E+02 +/-   2.687526235840E-04
* Reached maximum number of iterations: exiting.
* After optimization:
  -2.8440E+00  -2.7818E+00  -2.4265E+00  -2.9770E+00  -3.0641E+00  -2.9781E+00
   6.0181E-01   6.2089E-01   3.0961E-01   2.5421E-01   5.2202E-01   4.7016E-01
   4.8809E-01   5.1108E-01   5.1517E-01   5.4077E-01   5.3385E-01   3.7593E-01
   3.7442E-01  -7.9286E-04   1.6416E-02   1.3865E-01   2.6434E-01   2.6180E-01
   1.6622E-01   1.6536E-01   5.9402E-02   6.3569E-02   2.8609E-02   2.5449E-02
   9.1633E-02   9.1533E-02   9.4746E-03   1.2428E-01   1.1694E-01   1.0114E-01
   9.9105E-02   1.8024E-01   1.7969E-01   1.6667E-01   1.8890E-01   1.8717E-01
   7.6573E-02   6.8310E-02  -5.8348E-02  -5.5158E-02  -6.8226E-02  -6.7366E-02
  -7.0821E-03  -9.1615E-03   2.8596E-01   2.7783E-01  -5.2566E-02  -5.5316E-02
  -6.7451E-02  -7.1236E-02  -5.6492E-02  -5.6962E-02  -9.5489E-02  -9.7261E-02
  -8.6497E-02  -8.7752E-02  -1.9610E-02  -1.8282E-02  -4.8282E-02  -4.6313E-02
   7.0942E-03  -1.8315E-01  -4.7123E-01  -9.5391E-02  -2.1411E-01  -3.9203E-02
  -2.2542E-01  -2.0289E-01  -3.1023E-01  -2.9150E-01  -2.9950E-01  -2.7433E-01
  -2.9279E-01  -2.8800E-01  -2.8431E-01  -1.7614E-01  -2.3231E-01   7.2173E-02
  -7.8115E-02   3.4400E-02  -7.4713E-02   2.4883E-03  -1.4737E-01  -1.2955E-01
  -1.3425E-01  -7.8404E-02  -8.4797E-02   7.2878E-03  -7.1640E-02   3.5891E-03
  -3.3571E-02  -3.0044E-05  -8.3555E-02   1.3650E-02  -2.7137E-02  -3.5290E-02
  -7.7975E-02  -1.1431E-02  -7.8902E-02  -3.7975E-02  -1.2389E-01  -6.3994E-02
  -8.4491E-02  -7.9591E-02  -8.9171E-02   1.5521E-02  -7.3585E-02   3.5932E-02
   1.0661E-02   4.7012E-02   2.2137E-02   6.1950E-03  -9.4047E-03  -7.6284E-02
  -2.0429E-01   3.4256E-02   2.1456E-02   5.0609E-02   2.2415E-02   3.2313E-02
   2.4461E-02   5.2892E-02   4.5797E-02   4.4758E-02   4.3902E-02   7.2933E-03
   6.8351E-03   2.6418E-02   2.5185E-02  -9.7612E-03  -6.4762E-03   1.1515E+00
   1.1095E+00   8.7167E-01   1.2281E+00   1.3028E+00   1.2553E+00  -2.9638E-01
  -1.6458E-01  -3.3225E-01  -2.7641E-01  -1.8905E-01  -4.1585E-02  -7.6605E-02
  -3.2873E-01  -1.0486E-01  -1.2613E-01  -1.9681E-03   1.6392E-03   1.0322E-02
   1.4598E-02  -2.3260E-02  -1.7958E-01  -7.2080E-02  -1.9272E-01  -1.3518E-01
   1.1833E-03   6.3323E-02   3.4474E-02  -1.5438E-01  -5.8495E-02  -8.0717E-02
   5.3697E-02   3.6062E-02   2.3854E-02   1.7540E-02  -2.1287E-02  -2.0684E-01
  -8.3645E-02  -2.0291E-01  -1.4644E-01  -5.2657E-02   2.4586E-02  -1.8140E-02
  -1.9945E-01  -3.4077E-02  -4.5317E-02   6.9794E-02  -3.2016E-02  -1.3779E-02
   1.6860E-02  -1.5701E-02  -2.2620E-01  -2.7117E-02  -1.2361E-01  -6.3101E-02
  -1.2773E-02   5.1397E-02   2.2385E-02  -1.0895E-01   6.3997E-03  -1.1491E-02
   9.0509E-02  -6.5011E-03  -4.6430E-03   1.7947E-02  -1.5039E-02
  > Energy =  -8.412633580156E+02 +/-   2.687526235840E-04
  > varE =   7.248221514715E-03

VMC #7:
* Size of Hilbert space =   4.9763E+11
* Number of equil. steps   = 1000
* Running VMC equilibration.
  Done. [total walltime: 0.10s]
* Equil. acc.ratio (%)     =   5.5830
* Sample config after equilibration:
  +---------------------+
  |  0   d   0   u   0  |
  |2   u   2   d   d   2|
  |u   u   2   u   u   d|
  |  d   d   0   d   u  |
  +---------------------+
* Number of accum. steps   = 501760 x 10
* Running VMC accumulation.
    [walltime: 1m elapsed, 40.6s remaining]
  Done. [total walltime: 1m40s]
* Acceptance ratio (%)     =   5.5651
* Etot/t                   =  -8.412636041255E+02 +/-   1.287728665196E-04
  > Ttot/t                 =  -7.561043870164E+01 +/-   1.102952709996E-03
  > Utot/t                 =   3.304797646262E+01 +/-   1.102569863607E-03
* var[Eloc/t]              =   7.465236891875E-03 +/-   4.343787734065E-05
* Correlation length       =   1.114554140796E+00

Optimization #7:
* Method          : lls
* Target function : energy
* No. of configs. : 100352
* No. of params.  : 203
* Before optimization:
  -2.8440E+00  -2.7818E+00  -2.4265E+00  -2.9770E+00  -3.0641E+00  -2.9781E+00
   6.0181E-01   6.2089E-01   3.0961E-01   2.5421E-01   5.2202E-01   4.7016E-01
   4.8809E-01   5.1108E-01   5.1517E-01   5.4077E-01   5.3385E-01   3.7593E-01
   3.7442E-01  -7.9286E-04   1.6416E-02   1.3865E-01   2.6434E-01   2.6180E-01
   1.6622E-01   1.6536E-01   5.9402E-02   6.3569E-02   2.8609E-02   2.5449E-02
   9.1633E-02   9.1533E-02   9.4746E-03   1.2428E-01   1.1694E-01   1.0114E-01
   9.9105E-02   1.8024E-01   1.7969E-01   1.6667E-01   1.8890E-01   1.8717E-01
   7.6573E-02   6.8310E-02  -5.8348E-02  -5.5158E-02  -6.8226E-02  -6.7366E-02
  -7.0821E-03  -9.1615E-03   2.8596E-01   2.7783E-01  -5.2566E-02  -5.5316E-02
  -6.7451E-02  -7.1236E-02  -5.6492E-02  -5.6962E-02  -9.5489E-02  -9.7261E-02
  -8.6497E-02  -8.7752E-02  -1.9610E-02  -1.8282E-02  -4.8282E-02  -4.6313E-02
   7.0942E-03  -1.8315E-01  -4.7123E-01  -9.5391E-02  -2.1411E-01  -3.9203E-02
  -2.2542E-01  -2.0289E-01  -3.1023E-01  -2.9150E-01  -2.9950E-01  -2.7433E-01
  -2.9279E-01  -2.8800E-01  -2.8431E-01  -1.7614E-01  -2.3231E-01   7.2173E-02
  -7.8115E-02   3.4400E-02  -7.4713E-02   2.4883E-03  -1.4737E-01  -1.2955E-01
  -1.3425E-01  -7.8404E-02  -8.4797E-02   7.2878E-03  -7.1640E-02   3.5891E-03
  -3.3571E-02  -3.0044E-05  -8.3555E-02   1.3650E-02  -2.7137E-02  -3.5290E-02
  -7.7975E-02  -1.1431E-02  -7.8902E-02  -3.7975E-02  -1.2389E-01  -6.3994E-02
  -8.4491E-02  -7.9591E-02  -8.9171E-02   1.5521E-02  -7.3585E-02   3.5932E-02
   1.0661E-02   4.7012E-02   2.2137E-02   6.1950E-03  -9.4047E-03  -7.6284E-02
  -2.0429E-01   3.4256E-02   2.1456E-02   5.0609E-02   2.2415E-02   3.2313E-02
   2.4461E-02   5.2892E-02   4.5797E-02   4.4758E-02   4.3902E-02   7.2933E-03
   6.8351E-03   2.6418E-02   2.5185E-02  -9.7612E-03  -6.4762E-03   1.1515E+00
   1.1095E+00   8.7167E-01   1.2281E+00   1.3028E+00   1.2553E+00  -2.9638E-01
  -1.6458E-01  -3.3225E-01  -2.7641E-01  -1.8905E-01  -4.1585E-02  -7.6605E-02
  -3.2873E-01  -1.0486E-01  -1.2613E-01  -1.9681E-03   1.6392E-03   1.0322E-02
   1.4598E-02  -2.3260E-02  -1.7958E-01  -7.2080E-02  -1.9272E-01  -1.3518E-01
   1.1833E-03   6.3323E-02   3.4474E-02  -1.5438E-01  -5.8495E-02  -8.0717E-02
   5.3697E-02   3.6062E-02   2.3854E-02   1.7540E-02  -2.1287E-02  -2.0684E-01
  -8.3645E-02  -2.0291E-01  -1.4644E-01  -5.2657E-02   2.4586E-02  -1.8140E-02
  -1.9945E-01  -3.4077E-02  -4.5317E-02   6.9794E-02  -3.2016E-02  -1.3779E-02
   1.6860E-02  -1.5701E-02  -2.2620E-01  -2.7117E-02  -1.2361E-01  -6.3101E-02
  -1.2773E-02   5.1397E-02   2.2385E-02  -1.0895E-01   6.3997E-03  -1.1491E-02
   9.0509E-02  -6.5011E-03  -4.6430E-03   1.7947E-02  -1.5039E-02
  > E    =  -8.412630368608E+02 +/-   2.730623196668E-04
  > varE =   7.482549228892E-03
* Computing derivatives.
    [walltime: 2m2s elapsed, 1h4m remaining]
    [walltime: 1h1m elapsed, 5m25s remaining]
  Done. [total walltime: 1h6m]
* Optimizing manipulation constant:
  #igrid a___________ E____________________________________ varE____________
     1     Infinity    -8.41263037E+02 +/-   2.73062320E-04   7.48254923E-03
     2     1.0000E+06  -8.41263037E+02 +/-   2.73062273E-04   7.48254664E-03
     3     2.1544E+05  -8.41263037E+02 +/-   2.73062101E-04   7.48253724E-03
     4     4.6416E+04  -8.41263037E+02 +/-   2.73061304E-04   7.48249356E-03
     5     1.0000E+04  -8.41263037E+02 +/-   2.73057606E-04   7.48229089E-03
     6     2.1544E+03  -8.41263038E+02 +/-   2.73040460E-04   7.48135128E-03
     7     4.6416E+02  -8.41263044E+02 +/-   2.72961285E-04   7.47701309E-03
     8     1.0000E+02  -8.41263071E+02 +/-   2.72602316E-04   7.45736011E-03
     9     2.1544E+01  -8.41263184E+02 +/-   2.71099268E-04   7.37535147E-03
    10     4.6416E+00  -8.41263538E+02 +/-   2.66599970E-04   7.13257300E-03
    11     1.0000E+00  -8.41263623E+02 +/-   2.68637087E-04   7.24199086E-03
    12     2.1544E-01  -8.41248876E+02 +/-   4.31862129E-04   1.87161396E-02
    13     4.6416E-02  -8.41144906E+02 +/-   9.52726958E-04   9.10883720E-02
    14     1.0000E-02  -8.40993713E+02 +/-   1.34687150E-03   1.82044835E-01
    15     2.1544E-03  -8.40897710E+02 +/-   1.53042513E-03   2.35044564E-01
    16     4.6416E-04  -8.40863460E+02 +/-   1.58912161E-03   2.53419658E-01
    17     1.0000E-04  -8.40854820E+02 +/-   1.60345775E-03   2.58012695E-01
    18     2.1544E-05  -8.40852886E+02 +/-   1.60664172E-03   2.59038377E-01
    19     4.6416E-06  -8.40852466E+02 +/-   1.60733232E-03   2.59261116E-01
    20     1.0000E-06  -8.40852376E+02 +/-   1.60748132E-03   2.59309186E-01
    21     0.0000E+00  -8.40852351E+02 +/-   1.60752225E-03   2.59322392E-01
  ParMin   2.1375E+00  -8.41263756E+02 +/-   2.64499815E-04   7.02064117E-03
  # Using parabolic minimum
* Iteration # 1: E =  -8.412637555203E+02 +/-   2.644998147330E-04
* Reached maximum number of iterations: exiting.
* After optimization:
  -2.9581E+00  -2.9408E+00  -2.6013E+00  -3.1296E+00  -3.2096E+00  -3.1513E+00
   5.6213E-01   5.9196E-01   3.1212E-01   2.5965E-01   5.5326E-01   4.6149E-01
   4.7976E-01   5.0927E-01   5.1451E-01   5.3841E-01   5.3409E-01   3.7652E-01
   3.7379E-01   2.3638E-02   3.7658E-02   1.6005E-01   2.6343E-01   2.6056E-01
   1.6523E-01   1.6468E-01   6.7316E-02   7.0933E-02   3.2230E-02   2.9939E-02
   9.7572E-02   9.7312E-02   1.2934E-02   1.2642E-01   1.1884E-01   1.0450E-01
   1.0029E-01   1.7918E-01   1.7805E-01   1.7070E-01   1.9134E-01   1.8948E-01
   7.9397E-02   7.0124E-02  -5.4231E-02  -5.1218E-02  -6.6580E-02  -6.5630E-02
  -5.6869E-03  -8.0511E-03   2.9717E-01   2.8873E-01  -5.1931E-02  -5.3963E-02
  -6.2064E-02  -6.6089E-02  -5.4609E-02  -5.4214E-02  -9.3710E-02  -9.5317E-02
  -8.6106E-02  -8.7294E-02  -1.9438E-02  -1.8014E-02  -4.5383E-02  -4.3575E-02
   6.6806E-03  -1.7064E-01  -4.6972E-01  -9.8377E-02  -2.1346E-01  -4.7583E-02
  -2.2194E-01  -2.2823E-01  -3.1516E-01  -2.9231E-01  -3.1004E-01  -2.7533E-01
  -2.9591E-01  -2.8977E-01  -2.8456E-01  -1.7816E-01  -2.3144E-01   5.1531E-02
  -8.7952E-02   1.5693E-02  -7.9709E-02  -2.0728E-02  -1.4835E-01  -1.2908E-01
  -1.3340E-01  -7.7803E-02  -8.3933E-02  -9.7807E-04  -7.0561E-02   1.9028E-03
  -3.5298E-02  -7.8422E-03  -8.1812E-02   1.3010E-02  -2.9590E-02  -3.5982E-02
  -7.9396E-02  -1.1547E-02  -8.1715E-02  -3.7070E-02  -1.2190E-01  -6.3845E-02
  -8.7468E-02  -7.9120E-02  -9.0511E-02   1.3396E-02  -7.3536E-02   3.1388E-02
   1.0806E-02   4.5749E-02   2.1490E-02   5.9318E-03  -9.3448E-03  -8.8440E-02
  -2.0143E-01   3.3504E-02   2.0916E-02   4.5481E-02   2.2069E-02   3.0824E-02
   2.4089E-02   5.1092E-02   4.5003E-02   4.4802E-02   4.3979E-02   6.7496E-03
   6.5405E-03   2.4374E-02   2.4547E-02  -9.0466E-03  -5.8259E-03   1.2000E+00
   1.1831E+00   9.3983E-01   1.3094E+00   1.3892E+00   1.3558E+00  -3.6901E-01
  -2.4144E-01  -4.0844E-01  -3.3086E-01  -2.5231E-01  -1.0048E-01  -1.3043E-01
  -3.9024E-01  -1.2810E-01  -1.5416E-01  -5.0487E-02   4.2211E-03   1.6348E-02
   3.1921E-03  -2.7148E-02  -2.2297E-01  -1.3300E-01  -2.4704E-01  -1.7280E-01
  -3.1526E-02   2.3225E-02  -2.2368E-03  -1.8815E-01  -7.2423E-02  -1.0090E-01
   1.0552E-02   4.6799E-02   3.4239E-02   6.8109E-03  -2.3108E-02  -2.4571E-01
  -1.4086E-01  -2.4899E-01  -1.9118E-01  -1.0156E-01  -2.0620E-02  -5.8684E-02
  -2.3013E-01  -4.0991E-02  -5.3169E-02   3.2990E-02  -3.6672E-02  -1.7168E-02
   3.8818E-03  -1.6295E-02  -2.6061E-01  -7.6913E-02  -1.6193E-01  -1.0474E-01
  -5.0288E-02   7.5038E-03  -1.4806E-02  -1.3198E-01   5.6430E-03  -1.3950E-02
   5.6674E-02  -6.9520E-03  -5.6854E-03   7.9785E-03  -1.4671E-02
  > Energy =  -8.412637555203E+02 +/-   2.644998147330E-04
  > varE =   7.020641172881E-03

VMC #8:
* Size of Hilbert space =   4.9763E+11
* Number of equil. steps   = 1000
* Running VMC equilibration.
  Done. [total walltime: 0.10s]
* Equil. acc.ratio (%)     =   5.2207
* Sample config after equilibration:
  +---------------------+
  |  u   u   2   0   d  |
  |d   d   2   u   d   u|
  |u   0   0   d   d   d|
  |  d   2   u   u   u  |
  +---------------------+
* Number of accum. steps   = 501760 x 10
* Running VMC accumulation.
    [walltime: 1m elapsed, 40.5s remaining]
  Done. [total walltime: 1m40s]
* Acceptance ratio (%)     =   5.1897
* Etot/t                   =  -8.412642811346E+02 +/-   1.271476518106E-04
  > Ttot/t                 =  -7.560624862759E+01 +/-   1.182990652966E-03
  > Utot/t                 =   3.304310937951E+01 +/-   1.169560312460E-03
* var[Eloc/t]              =   6.952507323370E-03 +/-   3.574968821494E-05
* Correlation length       =   1.166732430161E+00

Optimization #8:
* Method          : lls
* Target function : energy
* No. of configs. : 100352
* No. of params.  : 203
* Before optimization:
  -2.9581E+00  -2.9408E+00  -2.6013E+00  -3.1296E+00  -3.2096E+00  -3.1513E+00
   5.6213E-01   5.9196E-01   3.1212E-01   2.5965E-01   5.5326E-01   4.6149E-01
   4.7976E-01   5.0927E-01   5.1451E-01   5.3841E-01   5.3409E-01   3.7652E-01
   3.7379E-01   2.3638E-02   3.7658E-02   1.6005E-01   2.6343E-01   2.6056E-01
   1.6523E-01   1.6468E-01   6.7316E-02   7.0933E-02   3.2230E-02   2.9939E-02
   9.7572E-02   9.7312E-02   1.2934E-02   1.2642E-01   1.1884E-01   1.0450E-01
   1.0029E-01   1.7918E-01   1.7805E-01   1.7070E-01   1.9134E-01   1.8948E-01
   7.9397E-02   7.0124E-02  -5.4231E-02  -5.1218E-02  -6.6580E-02  -6.5630E-02
  -5.6869E-03  -8.0511E-03   2.9717E-01   2.8873E-01  -5.1931E-02  -5.3963E-02
  -6.2064E-02  -6.6089E-02  -5.4609E-02  -5.4214E-02  -9.3710E-02  -9.5317E-02
  -8.6106E-02  -8.7294E-02  -1.9438E-02  -1.8014E-02  -4.5383E-02  -4.3575E-02
   6.6806E-03  -1.7064E-01  -4.6972E-01  -9.8377E-02  -2.1346E-01  -4.7583E-02
  -2.2194E-01  -2.2823E-01  -3.1516E-01  -2.9231E-01  -3.1004E-01  -2.7533E-01
  -2.9591E-01  -2.8977E-01  -2.8456E-01  -1.7816E-01  -2.3144E-01   5.1531E-02
  -8.7952E-02   1.5693E-02  -7.9709E-02  -2.0728E-02  -1.4835E-01  -1.2908E-01
  -1.3340E-01  -7.7803E-02  -8.3933E-02  -9.7807E-04  -7.0561E-02   1.9028E-03
  -3.5298E-02  -7.8422E-03  -8.1812E-02   1.3010E-02  -2.9590E-02  -3.5982E-02
  -7.9396E-02  -1.1547E-02  -8.1715E-02  -3.7070E-02  -1.2190E-01  -6.3845E-02
  -8.7468E-02  -7.9120E-02  -9.0511E-02   1.3396E-02  -7.3536E-02   3.1388E-02
   1.0806E-02   4.5749E-02   2.1490E-02   5.9318E-03  -9.3448E-03  -8.8440E-02
  -2.0143E-01   3.3504E-02   2.0916E-02   4.5481E-02   2.2069E-02   3.0824E-02
   2.4089E-02   5.1092E-02   4.5003E-02   4.4802E-02   4.3979E-02   6.7496E-03
   6.5405E-03   2.4374E-02   2.4547E-02  -9.0466E-03  -5.8259E-03   1.2000E+00
   1.1831E+00   9.3983E-01   1.3094E+00   1.3892E+00   1.3558E+00  -3.6901E-01
  -2.4144E-01  -4.0844E-01  -3.3086E-01  -2.5231E-01  -1.0048E-01  -1.3043E-01
  -3.9024E-01  -1.2810E-01  -1.5416E-01  -5.0487E-02   4.2211E-03   1.6348E-02
   3.1921E-03  -2.7148E-02  -2.2297E-01  -1.3300E-01  -2.4704E-01  -1.7280E-01
  -3.1526E-02   2.3225E-02  -2.2368E-03  -1.8815E-01  -7.2423E-02  -1.0090E-01
   1.0552E-02   4.6799E-02   3.4239E-02   6.8109E-03  -2.3108E-02  -2.4571E-01
  -1.4086E-01  -2.4899E-01  -1.9118E-01  -1.0156E-01  -2.0620E-02  -5.8684E-02
  -2.3013E-01  -4.0991E-02  -5.3169E-02   3.2990E-02  -3.6672E-02  -1.7168E-02
   3.8818E-03  -1.6295E-02  -2.6061E-01  -7.6913E-02  -1.6193E-01  -1.0474E-01
  -5.0288E-02   7.5038E-03  -1.4806E-02  -1.3198E-01   5.6430E-03  -1.3950E-02
   5.6674E-02  -6.9520E-03  -5.6854E-03   7.9785E-03  -1.4671E-02
  > E    =  -8.412642188022E+02 +/-   2.634380895357E-04
  > varE =   6.964391370534E-03
* Computing derivatives.
    [walltime: 2m2s elapsed, 1h4m remaining]
srun: Job step aborted: Waiting up to 32 seconds for job step to finish.
slurmstepd: error: *** JOB 777421 ON alnode238 CANCELLED AT 2025-08-28T08:29:48 DUE TO TIME LIMIT ***
slurmstepd: error: *** STEP 777421.0 ON alnode238 CANCELLED AT 2025-08-28T08:29:48 DUE TO TIME LIMIT ***
