Run started: Thu Aug 28 08:53:52 CEST 2025
Using VDAGGER_ARCH = gnu7_fkfamd_cluster
Running 8x128 MPI processes.

                               xx
                              +##
                               #X
                               Xx
                          X##XxXxxX##x
                           +   Xx  ++
                               ##
                              +##
                              +##
     ++++         ++          +##
   xX+++##+      ####         +##
  Xx    ###      +X##          ##
 xX    X##+        ##          #X
 +    x##X         #x          #X
      ###         +#           x+
     X##+         #+
     ###         Xx                    _______
     ##X       +X+   __________________VDAGGER
     +##x    +xX     2nd quantized variational
       +xxxxx+       ______quantum Monte Carlo

* Running 1024 MPI processes.
* Input file: "input.casl"

############# Start of input file dump #############
General:
  Random seed: timer

Plan:
  VMC-optimization:
    Minimum cycles: 5
    Convergence cycles: 3

System:
  Read Hamiltonian: FCIDUMP_loc
  Read orbitals: LTSC.mat
  Complex orbitals: F
  Geometry:
    r_14: [ 2.30715201389900, -1.36612962809100 ]
    r_19: [ -2.30715201389900, -1.36612962809100 ]
    r_9: [ 2.30715201389900, 1.36612962809100 ]
    r_1: [ -2.30715201389900, 1.36612962809100 ]
    r_11: [ 0.00000000000000, -2.64819012780300 ]
    r_5: [ 0.00000000000000, 2.64819012780300 ]
    r_21: [ 6.92052984475300, 1.36731216695600 ]
    r_20: [ -6.92052984475300, 1.36731216695600 ]
    r_22: [ 6.92052984475300, -1.36731216695600 ]
    r_2: [ -6.92052984475300, -1.36731216695600 ]
    r_17: [ 4.65052830966800, 2.64933873056800 ]
    r_18: [ -4.65052830966800, 2.64933873056800 ]
    r_12: [ 4.65052830966800, -2.64933873056800 ]
    r_6: [ -4.65052830966800, -2.64933873056800 ]
    r_7: [ 11.51783390367000, 1.35551508476500 ]
    r_16: [ -11.51783390367000, 1.35551508476500 ]
    r_4: [ 11.51783390367000, -1.35551508476500 ]
    r_3: [ -11.51783390367000, -1.35551508476500 ]
    r_15: [ 9.31130451375400, 2.65735609478700 ]
    r_8: [ -9.31130451375400, 2.65735609478700 ]
    r_13: [ 9.31130451375400, -2.65735609478700 ]
    r_10: [ -9.31130451375400, -2.65735609478700 ]
    Tolerance: 0.05

VMC:
  nstep: 500000
  nconfig: 100000

Optimization:
  max_niter: 3

Jastrow: wfn.casl

Backflow: wfn.casl
############## End of input file dump ##############

General setup:
* Random seed: 1495563813 (from timer)

* Loaded integrals for system with nelec=22, ms2=0, norb=22
* INFO: setting number of electrons from integrals file.
* Analysis of Hamiltonian connecitivity performed:
  - T_ii (local, 1-site): 22 (i) values
  - U_iiii [opp] (local, 1-site): 22 (i) values
  - U_kkii [opp] (local, 2-site): 462 contribs. from 22 (i) values
  - U_kkii [par] (local, 2-site): 231 contribs. from 21 (i) values
  - T_ji (single, 2-site): 462 contribs. from 22 (i) values
  - U_kkji [opp] (single, 2/3-site): 10164 contribs. from 462 (i,j) pairs
  - U_kkji [par] (single, 3-site): 9702 contribs. from 462 (i,j) pairs
  - U_lkji [opp] (double, 2/3/4-site): 212836 contribs. from 462 (i,j) pairs
  - U_lkji [par] (double, 4-site): 50050 contribs. from 420 (i,j) pairs
  - Max. no. wfn. ratios in Eloc: 18543
* Reading override orbitals from file "LTSC.mat".
* Site labels:
  +--------------------------------+
  |    8    18     5    17    15   |
  |16    20     1     9    21     7|
  | 3     2    19    14    22     4|
  |   10     6    11    12    13   |
  +--------------------------------+
* Automatically set Site kinds:
  [ 1, 2, 3, 3, 4, 5, 3, 6, 1, 6, 4, 5, 6, 1, 6, 3, 5, 5, 1, 2, 2, 2 ]
  +---------------------+
  |  6   5   4   5   6  |
  |3   2   1   1   2   3|
  |3   2   1   1   2   3|
  |  6   5   4   5   6  |
  +---------------------+
* Number of site-pair kinds with Tij=0: 0
* Automatically set Site pair kinds:
  Site 1: [ 0, -15, -34, -48, -6, -18, -55, -65, 21, 30, -19, -28, 45, -17, -42, -36, 38, 7, 2, -22, -32, 31 ]
  Site 2: [ -15, 0, -20, -57, 25, 5, -52, -16, 31, -8, 37, -39, 56, -32, -50, -14, 40, -23, -22, 3, -41, 47 ]
  Site 3: [ -34, -20, 0, -62, 43, 67, -64, 27, 48, 1, 44, -59, 63, -55, -60, 4, 51, 29, -36, -14, -52, 57 ]
  Site 4: [ -48, -57, -62, 0, -43, 59, 4, 60, 34, 63, -44, -66, 1, -36, -27, -64, -29, -51, -55, -52, -14, 20 ]
  Site 5: [ -6, 25, 43, -43, 0, -26, -44, 46, -6, -33, 9, -26, 33, 19, 46, 44, -12, -12, -19, 37, -37, 25 ]
  Site 6: [ -18, 5, 67, 59, -26, 0, 51, 24, -28, -13, 12, -49, -53, 38, 54, -29, -35, -10, -7, 23, 40, -39 ]
  Site 7: [ -55, -52, -64, 4, -44, 51, 0, 63, 36, 60, -43, 29, 27, -34, -1, -62, 66, -59, -48, -57, -20, 14 ]
  Site 8: [ -65, -16, 27, 60, 46, 24, 63, 0, -42, 11, -33, 54, -58, 45, 61, 1, -53, 13, 30, -8, 56, -50 ]
  Site 9: [ 21, 31, 48, 34, -6, -28, 36, -42, 0, -45, -19, -18, -30, -2, -65, 55, 7, 38, 17, 32, 22, -15 ]
  Site 10: [ 30, -8, 1, 63, -33, -13, 60, 11, -45, 0, 46, 53, -61, 42, 58, 27, -54, -24, -65, -16, 50, -56 ]
  Site 11: [ -19, 37, 44, -44, 9, 12, -43, -33, -19, 46, 0, 12, -46, 6, -33, 43, 26, 26, -6, 25, -25, 37 ]
  Site 12: [ -28, -39, -59, -66, -26, -49, 29, 54, -18, 53, 12, 0, 13, 7, 24, -51, -10, -35, -38, -40, -23, 5 ]
  Site 13: [ 45, 56, 63, 1, 33, -53, 27, -58, -30, -61, -46, 13, 0, -65, -11, 60, 24, 54, 42, 50, -16, 8 ]
  Site 14: [ -17, -32, -55, -36, 19, 38, -34, 45, -2, 42, 6, 7, -65, 0, -30, -48, -18, -28, -21, -31, -15, 22 ]
  Site 15: [ -42, -50, -60, -27, 46, 54, -1, 61, -65, 58, -33, 24, -11, -30, 0, -63, 13, -53, -45, -56, 8, -16 ]
  Site 16: [ -36, -14, 4, -64, 44, -29, -62, 1, 55, 27, 43, -51, 60, -48, -63, 0, 59, -68, -34, -20, -57, 52 ]
  Site 17: [ 38, 40, 51, -29, -12, -35, 66, -53, 7, -54, 26, -10, 24, -18, 13, 59, 0, -49, 28, 39, 5, -23 ]
  Site 18: [ 7, -23, 29, -51, -12, -10, -59, 13, 38, -24, 26, -35, 54, -28, -53, -68, -49, 0, 18, -5, -39, 40 ]
  Site 19: [ 2, -22, -36, -55, -19, -7, -48, 30, 17, -65, -6, -38, 42, -21, -45, -34, 28, 18, 0, -15, -31, 32 ]
  Site 20: [ -22, 3, -14, -52, 37, 23, -57, -8, 32, -16, 25, -40, 50, -31, -56, -20, 39, -5, -15, 0, -47, 41 ]
  Site 21: [ -32, -41, -52, -14, -37, 40, -20, 56, 22, 50, -25, -23, -16, -15, 8, -57, 5, -39, -31, -47, 0, -3 ]
  Site 22: [ 31, 47, 57, 20, 25, -39, 14, -50, -15, -56, 37, 5, 8, 22, -16, 52, -23, 40, 32, 41, -3, 0 ]
  For site 1 of kind 1:
  +-------------------------------------------+
  |    -65       7      -6      38     -42    |
  |-36     -22       0      21     -32     -55|
  |-34     -15       2     -17      31     -48|
  |     30     -18     -19     -28      45    |
  +-------------------------------------------+
  For site 2 of kind 2:
  +-------------------------------------------+
  |    -16     -23      25      40     -50    |
  |-14       3     -15      31     -41     -52|
  |-20       0     -22     -32      47     -57|
  |     -8       5      37     -39      56    |
  +-------------------------------------------+
  For site 3 of kind 3:
  +-------------------------------------------+
  |     27      29      43      51     -60    |
  |  4     -14     -34      48     -52     -64|
  |  0     -20     -36     -55      57     -62|
  |      1      67      44     -59      63    |
  +-------------------------------------------+
  For site 5 of kind 4:
  +-------------------------------------------+
  |     46     -12       0     -12      46    |
  | 44      37      -6      -6     -37     -44|
  | 43      25     -19      19      25     -43|
  |    -33     -26       9     -26      33    |
  +-------------------------------------------+
  For site 6 of kind 5:
  +-------------------------------------------+
  |     24     -10     -26     -35      54    |
  |-29      23     -18     -28      40      51|
  | 67       5      -7      38     -39      59|
  |    -13       0      12     -49     -53    |
  +-------------------------------------------+
  For site 8 of kind 6:
  +-------------------------------------------+
  |      0      13      46     -53      61    |
  |  1      -8     -65     -42      56      63|
  | 27     -16      30      45     -50      60|
  |     11      24     -33      54     -58    |
  +-------------------------------------------+
General system setup:
* Number of sites       : 22
* Number of electrons   : 22
* Spin imbalance MS2    : 0
* Filling               : 0.500000
* Number of orbitals in pool: 22
* Using real-valued orbitals
* Using double-precision arithmetic for orbitals

Trial wave function setup:
* Jastrow parameter file: "wfn.casl"
* Not using multideterminants
* Backflow parameter file: "wfn.casl"
* Not using wave function manipulation

VMC #1:
* Size of Hilbert space =   4.9763E+11
* Number of equil. steps   = 1000
* Running VMC equilibration.
  Done. [total walltime: 0.11s]
* Equil. acc.ratio (%)     =   5.2199
* Sample config after equilibration:
  +---------------------+
  |  d   0   d   d   d  |
  |u   u   2   d   u   u|
  |0   u   u   u   u   u|
  |  2   d   d   d   d  |
  +---------------------+
* Number of accum. steps   = 501760 x 10
* Running VMC accumulation.
    [walltime: 1m elapsed, 43.4s remaining]
  Done. [total walltime: 1m43s]
* Acceptance ratio (%)     =   5.1863
* Etot/t                   =  -8.412643837067E+02 +/-   1.294226978519E-04
  > Ttot/t                 =  -7.560660338136E+01 +/-   1.196651746885E-03
  > Utot/t                 =   3.304336156118E+01 +/-   1.173975808490E-03
* var[Eloc/t]              =   7.027609522177E-03 +/-   3.971969790177E-05
* Correlation length       =   1.195939778130E+00

Optimization #1:
* Method          : lls
* Target function : energy
* No. of configs. : 100352
* No. of params.  : 203
* Before optimization:
  -2.9581E+00  -2.9408E+00  -2.6013E+00  -3.1296E+00  -3.2096E+00  -3.1513E+00
   5.6213E-01   5.9196E-01   3.1212E-01   2.5965E-01   5.5326E-01   4.6149E-01
   4.7976E-01   5.0927E-01   5.1451E-01   5.3841E-01   5.3409E-01   3.7652E-01
   3.7379E-01   2.3638E-02   3.7658E-02   1.6005E-01   2.6343E-01   2.6056E-01
   1.6523E-01   1.6468E-01   6.7316E-02   7.0933E-02   3.2230E-02   2.9939E-02
   9.7572E-02   9.7312E-02   1.2934E-02   1.2642E-01   1.1884E-01   1.0450E-01
   1.0029E-01   1.7918E-01   1.7805E-01   1.7070E-01   1.9134E-01   1.8948E-01
   7.9397E-02   7.0124E-02  -5.4231E-02  -5.1218E-02  -6.6580E-02  -6.5630E-02
  -5.6869E-03  -8.0511E-03   2.9717E-01   2.8873E-01  -5.1931E-02  -5.3963E-02
  -6.2064E-02  -6.6089E-02  -5.4609E-02  -5.4214E-02  -9.3710E-02  -9.5317E-02
  -8.6106E-02  -8.7294E-02  -1.9438E-02  -1.8014E-02  -4.5383E-02  -4.3575E-02
   6.6806E-03  -1.7064E-01  -4.6972E-01  -9.8377E-02  -2.1346E-01  -4.7583E-02
  -2.2194E-01  -2.2823E-01  -3.1516E-01  -2.9231E-01  -3.1004E-01  -2.7533E-01
  -2.9591E-01  -2.8977E-01  -2.8456E-01  -1.7816E-01  -2.3144E-01   5.1531E-02
  -8.7952E-02   1.5693E-02  -7.9709E-02  -2.0728E-02  -1.4835E-01  -1.2908E-01
  -1.3340E-01  -7.7803E-02  -8.3933E-02  -9.7807E-04  -7.0561E-02   1.9028E-03
  -3.5298E-02  -7.8422E-03  -8.1812E-02   1.3010E-02  -2.9590E-02  -3.5982E-02
  -7.9396E-02  -1.1547E-02  -8.1715E-02  -3.7070E-02  -1.2190E-01  -6.3845E-02
  -8.7468E-02  -7.9120E-02  -9.0511E-02   1.3396E-02  -7.3536E-02   3.1388E-02
   1.0806E-02   4.5749E-02   2.1490E-02   5.9318E-03  -9.3448E-03  -8.8440E-02
  -2.0143E-01   3.3504E-02   2.0916E-02   4.5481E-02   2.2069E-02   3.0824E-02
   2.4089E-02   5.1092E-02   4.5003E-02   4.4802E-02   4.3979E-02   6.7496E-03
   6.5405E-03   2.4374E-02   2.4547E-02  -9.0466E-03  -5.8259E-03   1.2000E+00
   1.1831E+00   9.3983E-01   1.3094E+00   1.3892E+00   1.3558E+00  -3.6901E-01
  -2.4144E-01  -4.0844E-01  -3.3086E-01  -2.5231E-01  -1.0048E-01  -1.3043E-01
  -3.9024E-01  -1.2810E-01  -1.5416E-01  -5.0487E-02   4.2211E-03   1.6348E-02
   3.1921E-03  -2.7148E-02  -2.2297E-01  -1.3300E-01  -2.4704E-01  -1.7280E-01
  -3.1526E-02   2.3225E-02  -2.2368E-03  -1.8815E-01  -7.2423E-02  -1.0090E-01
   1.0552E-02   4.6799E-02   3.4239E-02   6.8109E-03  -2.3108E-02  -2.4571E-01
  -1.4086E-01  -2.4899E-01  -1.9118E-01  -1.0156E-01  -2.0620E-02  -5.8684E-02
  -2.3013E-01  -4.0991E-02  -5.3169E-02   3.2990E-02  -3.6672E-02  -1.7168E-02
   3.8818E-03  -1.6295E-02  -2.6061E-01  -7.6913E-02  -1.6193E-01  -1.0474E-01
  -5.0288E-02   7.5038E-03  -1.4806E-02  -1.3198E-01   5.6430E-03  -1.3950E-02
   5.6674E-02  -6.9520E-03  -5.6854E-03   7.9785E-03  -1.4671E-02
  > E    =  -8.412644343426E+02 +/-   2.631926900796E-04
  > varE =   6.951422389156E-03
* Computing derivatives.
    [walltime: 2m3s elapsed, 1h5m remaining]
    [walltime: 1h elapsed, 6m9s remaining]
  Done. [total walltime: 1h7m]
* Optimizing manipulation constant:
  #igrid a___________ E____________________________________ varE____________
     1     Infinity    -8.41264434E+02 +/-   2.63192690E-04   6.95142239E-03
     2     1.0000E+06  -8.41264434E+02 +/-   2.63192654E-04   6.95142048E-03
     3     2.1544E+05  -8.41264434E+02 +/-   2.63192523E-04   6.95141356E-03
     4     4.6416E+04  -8.41264434E+02 +/-   2.63191927E-04   6.95138209E-03
     5     1.0000E+04  -8.41264435E+02 +/-   2.63189417E-04   6.95124949E-03
     6     2.1544E+03  -8.41264435E+02 +/-   2.63183303E-04   6.95092652E-03
     7     4.6416E+02  -8.41264431E+02 +/-   2.63277845E-04   6.95592134E-03
     8     1.0000E+02  -8.41264216E+02 +/-   2.67158486E-04   7.16248921E-03
     9     2.1544E+01  -8.41222461E+02 +/-   6.53993879E-04   4.29213526E-02
    10     4.6416E+00 (error)
    11     1.0000E+00 (error)
    12     2.1544E-01 (error)
    13     4.6416E-02 (error)
    14     1.0000E-02 (error)
    15     2.1544E-03 (error)
    16     4.6416E-04 (error)
    17     1.0000E-04 (error)
    18     2.1544E-05 (error)
    19     4.6416E-06 (error)
    20     1.0000E-06 (error)
    21     0.0000E+00 (error)
* Iteration # 1: E =  -8.412644351758E+02 +/-   2.631833026415E-04
* Convergence: exiting.
* After optimization:
  -2.9641E+00  -2.9469E+00  -2.6075E+00  -3.1357E+00  -3.2158E+00  -3.1574E+00
   5.6205E-01   5.9189E-01   3.1212E-01   2.5966E-01   5.5330E-01   4.6149E-01
   4.7976E-01   5.0926E-01   5.1450E-01   5.3840E-01   5.3408E-01   3.7652E-01
   3.7379E-01   2.3663E-02   3.7682E-02   1.6008E-01   2.6342E-01   2.6056E-01
   1.6523E-01   1.6468E-01   6.7323E-02   7.0939E-02   3.2232E-02   2.9942E-02
   9.7579E-02   9.7316E-02   1.2935E-02   1.2642E-01   1.1884E-01   1.0450E-01
   1.0029E-01   1.7917E-01   1.7804E-01   1.7070E-01   1.9134E-01   1.8948E-01
   7.9401E-02   7.0128E-02  -5.4225E-02  -5.1213E-02  -6.6578E-02  -6.5628E-02
  -5.6855E-03  -8.0482E-03   2.9717E-01   2.8874E-01  -5.1931E-02  -5.3962E-02
  -6.2058E-02  -6.6082E-02  -5.4608E-02  -5.4213E-02  -9.3708E-02  -9.5314E-02
  -8.6104E-02  -8.7293E-02  -1.9438E-02  -1.8014E-02  -4.5381E-02  -4.3573E-02
   6.6803E-03  -1.7059E-01  -4.6973E-01  -9.8382E-02  -2.1345E-01  -4.7591E-02
  -2.2193E-01  -2.2825E-01  -3.1517E-01  -2.9231E-01  -3.1004E-01  -2.7532E-01
  -2.9591E-01  -2.8977E-01  -2.8456E-01  -1.7816E-01  -2.3145E-01   5.1506E-02
  -8.7959E-02   1.5672E-02  -7.9713E-02  -2.0747E-02  -1.4836E-01  -1.2908E-01
  -1.3339E-01  -7.7804E-02  -8.3932E-02  -9.8417E-04  -7.0564E-02   1.9000E-03
  -3.5300E-02  -7.8456E-03  -8.1813E-02   1.3009E-02  -2.9590E-02  -3.5983E-02
  -7.9395E-02  -1.1547E-02  -8.1715E-02  -3.7058E-02  -1.2190E-01  -6.3845E-02
  -8.7469E-02  -7.9119E-02  -9.0512E-02   1.3391E-02  -7.3536E-02   3.1383E-02
   1.0806E-02   4.5747E-02   2.1490E-02   5.9301E-03  -9.3448E-03  -8.8441E-02
  -2.0143E-01   3.3503E-02   2.0916E-02   4.5475E-02   2.2068E-02   3.0824E-02
   2.4090E-02   5.1091E-02   4.5003E-02   4.4801E-02   4.3978E-02   6.7500E-03
   6.5409E-03   2.4372E-02   2.4546E-02  -9.0466E-03  -5.8256E-03   1.2036E+00
   1.1867E+00   9.4274E-01   1.3134E+00   1.3934E+00   1.3600E+00  -3.7024E-01
  -2.4223E-01  -4.0972E-01  -3.3195E-01  -2.5309E-01  -1.0082E-01  -1.3085E-01
  -3.9145E-01  -1.2852E-01  -1.5466E-01  -5.0734E-02   4.2364E-03   1.6400E-02
   3.1805E-03  -2.7230E-02  -2.2372E-01  -1.3344E-01  -2.4782E-01  -1.7339E-01
  -3.1633E-02   2.3272E-02  -2.2643E-03  -1.8874E-01  -7.2667E-02  -1.0123E-01
   1.0501E-02   4.6949E-02   3.4353E-02   6.8122E-03  -2.3178E-02  -2.4577E-01
  -1.4091E-01  -2.4902E-01  -1.9125E-01  -1.0156E-01  -2.0646E-02  -5.8702E-02
  -2.3014E-01  -4.1006E-02  -5.3188E-02   3.2926E-02  -3.6675E-02  -1.7173E-02
   3.8630E-03  -1.6296E-02  -2.6067E-01  -7.6952E-02  -1.6195E-01  -1.0482E-01
  -5.0299E-02   7.4776E-03  -1.4827E-02  -1.3199E-01   5.6322E-03  -1.3962E-02
   5.6616E-02  -6.9513E-03  -5.6847E-03   7.9616E-03  -1.4670E-02
  > Energy =  -8.412644351758E+02 +/-   2.631833026415E-04
  > varE =   6.950926517606E-03

VMC #2:
* Size of Hilbert space =   4.9763E+11
* Number of equil. steps   = 1000
* Running VMC equilibration.
  Done. [total walltime: 0.10s]
* Equil. acc.ratio (%)     =   5.1987
* Sample config after equilibration:
  +---------------------+
  |  u   0   0   u   d  |
  |d   d   2   u   d   u|
  |u   u   0   2   0   d|
  |  d   2   d   2   u  |
  +---------------------+
* Number of accum. steps   = 501760 x 10
* Running VMC accumulation.
    [walltime: 1m elapsed, 43.1s remaining]
  Done. [total walltime: 1m43s]
* Acceptance ratio (%)     =   5.1723
* Etot/t                   =  -8.412643340288E+02 +/-   1.281912970536E-04
  > Ttot/t                 =  -7.560630821621E+01 +/-   1.170294681194E-03
  > Utot/t                 =   3.304311607394E+01 +/-   1.152509410757E-03
* var[Eloc/t]              =   7.013705214100E-03 +/-   4.409641042086E-05
* Correlation length       =   1.175616334541E+00

Optimization #2:
* Method          : lls
* Target function : energy
* No. of configs. : 100352
* No. of params.  : 203
* Before optimization:
  -2.9641E+00  -2.9469E+00  -2.6075E+00  -3.1357E+00  -3.2158E+00  -3.1574E+00
   5.6205E-01   5.9189E-01   3.1212E-01   2.5966E-01   5.5330E-01   4.6149E-01
   4.7976E-01   5.0926E-01   5.1450E-01   5.3840E-01   5.3408E-01   3.7652E-01
   3.7379E-01   2.3663E-02   3.7682E-02   1.6008E-01   2.6342E-01   2.6056E-01
   1.6523E-01   1.6468E-01   6.7323E-02   7.0939E-02   3.2232E-02   2.9942E-02
   9.7579E-02   9.7316E-02   1.2935E-02   1.2642E-01   1.1884E-01   1.0450E-01
   1.0029E-01   1.7917E-01   1.7804E-01   1.7070E-01   1.9134E-01   1.8948E-01
   7.9401E-02   7.0128E-02  -5.4225E-02  -5.1213E-02  -6.6578E-02  -6.5628E-02
  -5.6855E-03  -8.0482E-03   2.9717E-01   2.8874E-01  -5.1931E-02  -5.3962E-02
  -6.2058E-02  -6.6082E-02  -5.4608E-02  -5.4213E-02  -9.3708E-02  -9.5314E-02
  -8.6104E-02  -8.7293E-02  -1.9438E-02  -1.8014E-02  -4.5381E-02  -4.3573E-02
   6.6803E-03  -1.7059E-01  -4.6973E-01  -9.8382E-02  -2.1345E-01  -4.7591E-02
  -2.2193E-01  -2.2825E-01  -3.1517E-01  -2.9231E-01  -3.1004E-01  -2.7532E-01
  -2.9591E-01  -2.8977E-01  -2.8456E-01  -1.7816E-01  -2.3145E-01   5.1506E-02
  -8.7959E-02   1.5672E-02  -7.9713E-02  -2.0747E-02  -1.4836E-01  -1.2908E-01
  -1.3339E-01  -7.7804E-02  -8.3932E-02  -9.8417E-04  -7.0564E-02   1.9000E-03
  -3.5300E-02  -7.8456E-03  -8.1813E-02   1.3009E-02  -2.9590E-02  -3.5983E-02
  -7.9395E-02  -1.1547E-02  -8.1715E-02  -3.7058E-02  -1.2190E-01  -6.3845E-02
  -8.7469E-02  -7.9119E-02  -9.0512E-02   1.3391E-02  -7.3536E-02   3.1383E-02
   1.0806E-02   4.5747E-02   2.1490E-02   5.9301E-03  -9.3448E-03  -8.8441E-02
  -2.0143E-01   3.3503E-02   2.0916E-02   4.5475E-02   2.2068E-02   3.0824E-02
   2.4090E-02   5.1091E-02   4.5003E-02   4.4801E-02   4.3978E-02   6.7500E-03
   6.5409E-03   2.4372E-02   2.4546E-02  -9.0466E-03  -5.8256E-03   1.2036E+00
   1.1867E+00   9.4274E-01   1.3134E+00   1.3934E+00   1.3600E+00  -3.7024E-01
  -2.4223E-01  -4.0972E-01  -3.3195E-01  -2.5309E-01  -1.0082E-01  -1.3085E-01
  -3.9145E-01  -1.2852E-01  -1.5466E-01  -5.0734E-02   4.2364E-03   1.6400E-02
   3.1805E-03  -2.7230E-02  -2.2372E-01  -1.3344E-01  -2.4782E-01  -1.7339E-01
  -3.1633E-02   2.3272E-02  -2.2643E-03  -1.8874E-01  -7.2667E-02  -1.0123E-01
   1.0501E-02   4.6949E-02   3.4353E-02   6.8122E-03  -2.3178E-02  -2.4577E-01
  -1.4091E-01  -2.4902E-01  -1.9125E-01  -1.0156E-01  -2.0646E-02  -5.8702E-02
  -2.3014E-01  -4.1006E-02  -5.3188E-02   3.2926E-02  -3.6675E-02  -1.7173E-02
   3.8630E-03  -1.6296E-02  -2.6067E-01  -7.6952E-02  -1.6195E-01  -1.0482E-01
  -5.0299E-02   7.4776E-03  -1.4827E-02  -1.3199E-01   5.6322E-03  -1.3962E-02
   5.6616E-02  -6.9513E-03  -5.6847E-03   7.9616E-03  -1.4670E-02
  > E    =  -8.412639641082E+02 +/-   2.655747573885E-04
  > varE =   7.077821719218E-03
* Computing derivatives.
    [walltime: 2m3s elapsed, 1h5m remaining]
    [walltime: 1h1m elapsed, 6m10s remaining]
  Done. [total walltime: 1h7m]
* Optimizing manipulation constant:
  #igrid a___________ E____________________________________ varE____________
     1     Infinity    -8.41263964E+02 +/-   2.65574757E-04   7.07782172E-03
     2     1.0000E+06  -8.41263964E+02 +/-   2.65574725E-04   7.07781997E-03
     3     2.1544E+05  -8.41263964E+02 +/-   2.65574605E-04   7.07781360E-03
     4     4.6416E+04  -8.41263964E+02 +/-   2.65574051E-04   7.07778406E-03
     5     1.0000E+04  -8.41263964E+02 +/-   2.65571478E-04   7.07764693E-03
     6     2.1544E+03  -8.41263965E+02 +/-   2.65559551E-04   7.07701123E-03
     7     4.6416E+02  -8.41263970E+02 +/-   2.65504488E-04   7.07407674E-03
     8     1.0000E+02  -8.41263991E+02 +/-   2.65255086E-04   7.06079288E-03
     9     2.1544E+01  -8.41264082E+02 +/-   2.64212956E-04   7.00542122E-03
    10     4.6416E+00  -8.41264390E+02 +/-   2.60902918E-04   6.83099400E-03
    11     1.0000E+00  -8.41264930E+02 +/-   2.56959530E-04   6.62606193E-03
    12     2.1544E-01  -8.41264371E+02 +/-   2.73159088E-04   7.48785352E-03
    13     4.6416E-02  -8.41262680E+02 +/-   3.02027205E-04   9.15415286E-03
    14     1.0000E-02  -8.41261843E+02 +/-   3.14558443E-04   9.92953073E-03
    15     2.1544E-03  -8.41261617E+02 +/-   3.17804198E-04   1.01355027E-02
    16     4.6416E-04  -8.41261566E+02 +/-   3.18533698E-04   1.01820869E-02
    17     1.0000E-04  -8.41261555E+02 +/-   3.18692326E-04   1.01922307E-02
    18     2.1544E-05  -8.41261552E+02 +/-   3.18726570E-04   1.01944211E-02
    19     4.6416E-06  -8.41261552E+02 +/-   3.18733951E-04   1.01948933E-02
    20     1.0000E-06  -8.41261552E+02 +/-   3.18735541E-04   1.01949950E-02
    21     0.0000E+00  -8.41261552E+02 +/-   3.18735978E-04   1.01950230E-02
* Iteration # 1: E =  -8.412649299374E+02 +/-   2.569595299619E-04
* Computing derivatives.
    [walltime: 2m4s elapsed, 1h5m remaining]
    [walltime: 1h1m elapsed, 6m10s remaining]
  Done. [total walltime: 1h7m]
* Optimizing manipulation constant:
  #igrid a___________ E____________________________________ varE____________
     1     Infinity    -8.41264930E+02 +/-   2.56959530E-04   6.62606193E-03
     2     1.0000E+06  -8.41264930E+02 +/-   2.56959511E-04   6.62606095E-03
     3     2.1544E+05  -8.41264930E+02 +/-   2.56959442E-04   6.62605740E-03
     4     4.6416E+04  -8.41264930E+02 +/-   2.56959122E-04   6.62604091E-03
     5     1.0000E+04  -8.41264930E+02 +/-   2.56957639E-04   6.62596438E-03
     6     2.1544E+03  -8.41264931E+02 +/-   2.56950756E-04   6.62560945E-03
     7     4.6416E+02  -8.41264933E+02 +/-   2.56918921E-04   6.62396776E-03
     8     1.0000E+02  -8.41264946E+02 +/-   2.56773485E-04   6.61647054E-03
     9     2.1544E+01  -8.41264999E+02 +/-   2.56145338E-04   6.58413830E-03
    10     4.6416E+00  -8.41265195E+02 +/-   2.53993690E-04   6.47398794E-03
    11     1.0000E+00  -8.41265610E+02 +/-   2.50650045E-04   6.30465905E-03
    12     2.1544E-01  -8.41265867E+02 +/-   2.51727710E-04   6.35898912E-03
    13     4.6416E-02  -8.41265799E+02 +/-   2.55585366E-04   6.55538192E-03
    14     1.0000E-02  -8.41265729E+02 +/-   2.57426085E-04   6.65014532E-03
    15     2.1544E-03  -8.41265708E+02 +/-   2.57920012E-04   6.67568926E-03
    16     4.6416E-04  -8.41265703E+02 +/-   2.58032013E-04   6.68148833E-03
    17     1.0000E-04  -8.41265702E+02 +/-   2.58056416E-04   6.68275215E-03
    18     2.1544E-05  -8.41265702E+02 +/-   2.58061686E-04   6.68302511E-03
    19     4.6416E-06  -8.41265702E+02 +/-   2.58062822E-04   6.68308395E-03
    20     1.0000E-06  -8.41265702E+02 +/-   2.58063067E-04   6.68309663E-03
    21     0.0000E+00  -8.41265702E+02 +/-   2.58063134E-04   6.68310011E-03
  ParMin   1.4452E-01  -8.41265866E+02 +/-   2.52777343E-04   6.41213002E-03
  # Using grid point #12
* Iteration # 2: E =  -8.412658671410E+02 +/-   2.517277099340E-04
* Computing derivatives.
    [walltime: 2m3s elapsed, 1h5m remaining]
    [walltime: 1h elapsed, 6m10s remaining]
  Done. [total walltime: 1h7m]
* Optimizing manipulation constant:
  #igrid a___________ E____________________________________ varE____________
     1     Infinity    -8.41265867E+02 +/-   2.51727710E-04   6.35898912E-03
     2     1.0000E+06  -8.41265867E+02 +/-   2.51727703E-04   6.35898878E-03
     3     2.1544E+05  -8.41265867E+02 +/-   2.51727678E-04   6.35898753E-03
     4     4.6416E+04  -8.41265867E+02 +/-   2.51727564E-04   6.35898175E-03
     5     1.0000E+04  -8.41265867E+02 +/-   2.51727032E-04   6.35895489E-03
     6     2.1544E+03  -8.41265867E+02 +/-   2.51724567E-04   6.35883034E-03
     7     4.6416E+02  -8.41265868E+02 +/-   2.51713167E-04   6.35825441E-03
     8     1.0000E+02  -8.41265872E+02 +/-   2.51661156E-04   6.35562706E-03
     9     2.1544E+01  -8.41265887E+02 +/-   2.51437738E-04   6.34434739E-03
    10     4.6416E+00  -8.41265942E+02 +/-   2.50683176E-04   6.30632590E-03
    11     1.0000E+00  -8.41266051E+02 +/-   2.49393499E-04   6.24160510E-03
    12     2.1544E-01  -8.41266132E+02 +/-   2.48660181E-04   6.20495337E-03
    13     4.6416E-02  -8.41266151E+02 +/-   2.48589938E-04   6.20144825E-03
    14     1.0000E-02  -8.41266153E+02 +/-   2.48633718E-04   6.20363278E-03
    15     2.1544E-03  -8.41266153E+02 +/-   2.48649964E-04   6.20444347E-03
    16     4.6416E-04  -8.41266153E+02 +/-   2.48653871E-04   6.20463849E-03
    17     1.0000E-04  -8.41266153E+02 +/-   2.48654733E-04   6.20468151E-03
    18     2.1544E-05  -8.41266153E+02 +/-   2.48654920E-04   6.20469082E-03
    19     4.6416E-06  -8.41266153E+02 +/-   2.48654960E-04   6.20469283E-03
    20     1.0000E-06  -8.41266153E+02 +/-   2.48654969E-04   6.20469326E-03
    21     0.0000E+00  -8.41266153E+02 +/-   2.48654971E-04   6.20469338E-03
* Iteration # 3: E =  -8.412661529707E+02 +/-   2.486337183630E-04
* Reached maximum number of iterations: exiting.
* After optimization:
  -2.6138E+00  -2.6577E+00  -2.6875E+00  -2.5718E+00  -2.7053E+00  -2.8455E+00
   3.7111E-01   3.7777E-01   2.9697E-01   2.7251E-01   6.3471E-01   4.5498E-01
   4.4536E-01   4.7820E-01   4.7378E-01   5.1447E-01   5.1839E-01   3.8024E-01
   3.8425E-01   8.0263E-02   8.4958E-02   2.5495E-01   2.5217E-01   2.5326E-01
   1.6801E-01   1.7072E-01   9.7055E-02   1.0106E-01   3.0188E-02   3.3631E-02
   1.1316E-01   1.1352E-01   1.3183E-02   1.1767E-01   1.1325E-01   9.5199E-02
   8.9095E-02   1.5507E-01   1.5562E-01   1.7017E-01   1.8932E-01   1.9016E-01
   8.5585E-02   7.2899E-02  -4.5086E-02  -4.0724E-02  -6.3038E-02  -6.6178E-02
  -8.3336E-03  -8.3486E-03   3.0974E-01   2.9013E-01  -5.2140E-02  -5.3436E-02
  -4.3565E-02  -4.7192E-02  -5.2962E-02  -5.1976E-02  -9.0992E-02  -9.1422E-02
  -8.4462E-02  -8.4126E-02  -2.0523E-02  -1.9439E-02  -3.9514E-02  -3.6697E-02
   4.8911E-03  -2.4200E-02  -4.5691E-01  -8.6169E-02  -2.1027E-01  -9.9433E-02
  -1.8369E-01  -3.4511E-01  -2.9578E-01  -2.8413E-01  -3.1517E-01  -2.6472E-01
  -2.9527E-01  -2.8704E-01  -2.8181E-01  -1.9694E-01  -2.2761E-01  -8.7723E-03
  -9.3516E-02  -3.9186E-02  -7.4360E-02  -1.3813E-01  -1.3844E-01  -1.2167E-01
  -1.2723E-01  -8.1454E-02  -8.6065E-02  -5.1882E-02  -5.5673E-02  -1.6498E-03
  -3.4942E-02  -4.4221E-02  -5.9779E-02   1.6997E-02  -3.2754E-02  -3.1691E-02
  -7.6492E-02  -1.9175E-03  -8.1933E-02  -2.2556E-02  -1.0689E-01  -5.9876E-02
  -8.7179E-02  -7.6431E-02  -8.9304E-02  -6.1098E-03  -5.8780E-02   1.3372E-02
   1.7580E-02   4.4981E-02   2.3286E-02   2.7059E-03  -6.5259E-03  -1.1650E-01
  -1.6564E-01   3.3679E-02   2.0271E-02   2.5416E-02   2.5883E-02   2.7660E-02
   2.6141E-02   4.8516E-02   4.5147E-02   4.3301E-02   4.2426E-02   7.0795E-03
   8.2159E-03   1.7138E-02   2.4413E-02  -8.7177E-03  -4.1667E-03   1.0286E+00
   1.0501E+00   1.0499E+00   1.0073E+00   1.0944E+00   1.2036E+00  -7.0192E-01
  -4.1683E-01  -4.5210E-01  -6.7235E-01  -2.6466E-01  -2.2405E-01  -2.1557E-01
  -4.2239E-01  -1.6752E-01  -1.7154E-01  -3.2496E-01  -2.6805E-04   1.0124E-02
  -9.2545E-02  -1.2728E-02  -5.0019E-01  -2.8810E-01  -3.0043E-01  -4.2783E-01
  -8.1032E-02  -8.0787E-02  -8.9698E-02  -2.3268E-01  -1.0288E-01  -1.0773E-01
  -2.5836E-01   4.9708E-02   5.1918E-02  -8.0628E-02  -5.5780E-03  -5.0244E-01
  -3.3201E-01  -3.2981E-01  -4.6728E-01  -1.3093E-01  -1.2681E-01  -1.4089E-01
  -2.9203E-01  -9.3339E-02  -8.5027E-02  -1.8885E-01  -5.4540E-02  -4.0601E-02
  -7.6355E-02  -3.4044E-03  -5.0390E-01  -2.4447E-01  -2.4023E-01  -3.6350E-01
  -1.1832E-01  -9.8658E-02  -1.0105E-01  -1.9953E-01  -2.7898E-02  -2.4973E-02
  -1.4487E-01  -5.2345E-03  -6.4557E-03  -6.2945E-02   4.3169E-03
  > Energy =  -8.412661529707E+02 +/-   2.486337183630E-04
  > varE =   6.203632782221E-03

VMC #3:
* Size of Hilbert space =   4.9763E+11
* Number of equil. steps   = 1000
* Running VMC equilibration.
  Done. [total walltime: 0.10s]
* Equil. acc.ratio (%)     =   5.9207
* Sample config after equilibration:
  +---------------------+
  |  2   d   d   u   d  |
  |u   0   u   d   u   u|
  |d   2   0   u   d   u|
  |  u   0   2   d   d  |
  +---------------------+
* Number of accum. steps   = 501760 x 10
* Running VMC accumulation.
    [walltime: 1m elapsed, 43.4s remaining]
  Done. [total walltime: 1m43s]
* Acceptance ratio (%)     =   5.8774
* Etot/t                   =  -8.412663061321E+02 +/-   1.092547942301E-04
  > Ttot/t                 =  -7.560126475204E+01 +/-   1.065681094142E-03
  > Utot/t                 =   3.303610050643E+01 +/-   1.068187281527E-03
* var[Eloc/t]              =   6.181013179604E-03 +/-   2.322331610120E-05
* Correlation length       =   9.689857133142E-01

Optimization #3:
* Method          : lls
* Target function : energy
* No. of configs. : 100352
* No. of params.  : 203
* Before optimization:
  -2.6138E+00  -2.6577E+00  -2.6875E+00  -2.5718E+00  -2.7053E+00  -2.8455E+00
   3.7111E-01   3.7777E-01   2.9697E-01   2.7251E-01   6.3471E-01   4.5498E-01
   4.4536E-01   4.7820E-01   4.7378E-01   5.1447E-01   5.1839E-01   3.8024E-01
   3.8425E-01   8.0263E-02   8.4958E-02   2.5495E-01   2.5217E-01   2.5326E-01
   1.6801E-01   1.7072E-01   9.7055E-02   1.0106E-01   3.0188E-02   3.3631E-02
   1.1316E-01   1.1352E-01   1.3183E-02   1.1767E-01   1.1325E-01   9.5199E-02
   8.9095E-02   1.5507E-01   1.5562E-01   1.7017E-01   1.8932E-01   1.9016E-01
   8.5585E-02   7.2899E-02  -4.5086E-02  -4.0724E-02  -6.3038E-02  -6.6178E-02
  -8.3336E-03  -8.3486E-03   3.0974E-01   2.9013E-01  -5.2140E-02  -5.3436E-02
  -4.3565E-02  -4.7192E-02  -5.2962E-02  -5.1976E-02  -9.0992E-02  -9.1422E-02
  -8.4462E-02  -8.4126E-02  -2.0523E-02  -1.9439E-02  -3.9514E-02  -3.6697E-02
   4.8911E-03  -2.4200E-02  -4.5691E-01  -8.6169E-02  -2.1027E-01  -9.9433E-02
  -1.8369E-01  -3.4511E-01  -2.9578E-01  -2.8413E-01  -3.1517E-01  -2.6472E-01
  -2.9527E-01  -2.8704E-01  -2.8181E-01  -1.9694E-01  -2.2761E-01  -8.7723E-03
  -9.3516E-02  -3.9186E-02  -7.4360E-02  -1.3813E-01  -1.3844E-01  -1.2167E-01
  -1.2723E-01  -8.1454E-02  -8.6065E-02  -5.1882E-02  -5.5673E-02  -1.6498E-03
  -3.4942E-02  -4.4221E-02  -5.9779E-02   1.6997E-02  -3.2754E-02  -3.1691E-02
  -7.6492E-02  -1.9175E-03  -8.1933E-02  -2.2556E-02  -1.0689E-01  -5.9876E-02
  -8.7179E-02  -7.6431E-02  -8.9304E-02  -6.1098E-03  -5.8780E-02   1.3372E-02
   1.7580E-02   4.4981E-02   2.3286E-02   2.7059E-03  -6.5259E-03  -1.1650E-01
  -1.6564E-01   3.3679E-02   2.0271E-02   2.5416E-02   2.5883E-02   2.7660E-02
   2.6141E-02   4.8516E-02   4.5147E-02   4.3301E-02   4.2426E-02   7.0795E-03
   8.2159E-03   1.7138E-02   2.4413E-02  -8.7177E-03  -4.1667E-03   1.0286E+00
   1.0501E+00   1.0499E+00   1.0073E+00   1.0944E+00   1.2036E+00  -7.0192E-01
  -4.1683E-01  -4.5210E-01  -6.7235E-01  -2.6466E-01  -2.2405E-01  -2.1557E-01
  -4.2239E-01  -1.6752E-01  -1.7154E-01  -3.2496E-01  -2.6805E-04   1.0124E-02
  -9.2545E-02  -1.2728E-02  -5.0019E-01  -2.8810E-01  -3.0043E-01  -4.2783E-01
  -8.1032E-02  -8.0787E-02  -8.9698E-02  -2.3268E-01  -1.0288E-01  -1.0773E-01
  -2.5836E-01   4.9708E-02   5.1918E-02  -8.0628E-02  -5.5780E-03  -5.0244E-01
  -3.3201E-01  -3.2981E-01  -4.6728E-01  -1.3093E-01  -1.2681E-01  -1.4089E-01
  -2.9203E-01  -9.3339E-02  -8.5027E-02  -1.8885E-01  -5.4540E-02  -4.0601E-02
  -7.6355E-02  -3.4044E-03  -5.0390E-01  -2.4447E-01  -2.4023E-01  -3.6350E-01
  -1.1832E-01  -9.8658E-02  -1.0105E-01  -1.9953E-01  -2.7898E-02  -2.4973E-02
  -1.4487E-01  -5.2345E-03  -6.4557E-03  -6.2945E-02   4.3169E-03
  > E    =  -8.412661118451E+02 +/-   2.471934326526E-04
  > varE =   6.131968131443E-03
* Computing derivatives.
    [walltime: 2m4s elapsed, 1h5m remaining]
    [walltime: 1h elapsed, 6m9s remaining]
  Done. [total walltime: 1h7m]
* Optimizing manipulation constant:
  #igrid a___________ E____________________________________ varE____________
     1     Infinity    -8.41266112E+02 +/-   2.47193433E-04   6.13196813E-03
     2     1.0000E+06  -8.41266112E+02 +/-   2.47193428E-04   6.13196788E-03
     3     2.1544E+05  -8.41266112E+02 +/-   2.47193409E-04   6.13196698E-03
     4     4.6416E+04  -8.41266112E+02 +/-   2.47193325E-04   6.13196281E-03
     5     1.0000E+04  -8.41266112E+02 +/-   2.47192943E-04   6.13194383E-03
     6     2.1544E+03  -8.41266112E+02 +/-   2.47191329E-04   6.13186375E-03
     7     4.6416E+02  -8.41266112E+02 +/-   2.47187537E-04   6.13167565E-03
     8     1.0000E+02  -8.41266093E+02 +/-   2.47346826E-04   6.13958076E-03
     9     2.1544E+01  -8.41262289E+02 +/-   3.02837902E-04   9.20336170E-03
    10     4.6416E+00  -8.38585688E+02 +/-   3.57515982E-03   1.28267596E+00
    11     1.0000E+00 (error)
    12     2.1544E-01 (error)
    13     4.6416E-02 (error)
    14     1.0000E-02 (error)
    15     2.1544E-03 (error)
    16     4.6416E-04 (error)
    17     1.0000E-04 (error)
    18     2.1544E-05 (error)
    19     4.6416E-06 (error)
    20     1.0000E-06 (error)
    21     0.0000E+00 (error)
* Iteration # 1: E =  -8.412661119646E+02 +/-   2.471913287209E-04
* Convergence: exiting.
* After optimization:
  -2.6098E+00  -2.6537E+00  -2.6834E+00  -2.5678E+00  -2.7012E+00  -2.8414E+00
   3.7108E-01   3.7773E-01   2.9697E-01   2.7252E-01   6.3472E-01   4.5498E-01
   4.4536E-01   4.7820E-01   4.7379E-01   5.1446E-01   5.1839E-01   3.8025E-01
   3.8426E-01   8.0277E-02   8.4956E-02   2.5497E-01   2.5217E-01   2.5326E-01
   1.6801E-01   1.7072E-01   9.7062E-02   1.0106E-01   3.0188E-02   3.3630E-02
   1.1316E-01   1.1352E-01   1.3182E-02   1.1767E-01   1.1325E-01   9.5200E-02
   8.9098E-02   1.5507E-01   1.5562E-01   1.7017E-01   1.8932E-01   1.9016E-01
   8.5585E-02   7.2901E-02  -4.5079E-02  -4.0718E-02  -6.3040E-02  -6.6179E-02
  -8.3343E-03  -8.3499E-03   3.0974E-01   2.9013E-01  -5.2140E-02  -5.3436E-02
  -4.3559E-02  -4.7187E-02  -5.2959E-02  -5.1974E-02  -9.0992E-02  -9.1421E-02
  -8.4461E-02  -8.4126E-02  -2.0524E-02  -1.9439E-02  -3.9512E-02  -3.6695E-02
   4.8915E-03  -2.4182E-02  -4.5691E-01  -8.6172E-02  -2.1026E-01  -9.9436E-02
  -1.8370E-01  -3.4512E-01  -2.9579E-01  -2.8412E-01  -3.1516E-01  -2.6472E-01
  -2.9527E-01  -2.8703E-01  -2.8181E-01  -1.9693E-01  -2.2762E-01  -8.7797E-03
  -9.3522E-02  -3.9184E-02  -7.4360E-02  -1.3815E-01  -1.3844E-01  -1.2167E-01
  -1.2723E-01  -8.1455E-02  -8.6066E-02  -5.1884E-02  -5.5677E-02  -1.6486E-03
  -3.4940E-02  -4.4224E-02  -5.9783E-02   1.6997E-02  -3.2756E-02  -3.1691E-02
  -7.6491E-02  -1.9176E-03  -8.1934E-02  -2.2550E-02  -1.0690E-01  -5.9876E-02
  -8.7180E-02  -7.6432E-02  -8.9303E-02  -6.1100E-03  -5.8782E-02   1.3369E-02
   1.7579E-02   4.4981E-02   2.3286E-02   2.7072E-03  -6.5251E-03  -1.1650E-01
  -1.6564E-01   3.3679E-02   2.0270E-02   2.5412E-02   2.5879E-02   2.7659E-02
   2.6139E-02   4.8516E-02   4.5146E-02   4.3301E-02   4.2426E-02   7.0795E-03
   8.2159E-03   1.7137E-02   2.4413E-02  -8.7181E-03  -4.1671E-03   1.0265E+00
   1.0479E+00   1.0478E+00   1.0053E+00   1.0921E+00   1.2012E+00  -7.0052E-01
  -4.1597E-01  -4.5117E-01  -6.7101E-01  -2.6411E-01  -2.2358E-01  -2.1512E-01
  -4.2151E-01  -1.6720E-01  -1.7120E-01  -3.2434E-01  -2.6729E-04   1.0103E-02
  -9.2365E-02  -1.2700E-02  -4.9919E-01  -2.8751E-01  -2.9981E-01  -4.2699E-01
  -8.0859E-02  -8.0612E-02  -8.9508E-02  -2.3220E-01  -1.0268E-01  -1.0751E-01
  -2.5787E-01   4.9607E-02   5.1812E-02  -8.0472E-02  -5.5624E-03  -5.0246E-01
  -3.3200E-01  -3.2980E-01  -4.6731E-01  -1.3092E-01  -1.2680E-01  -1.4089E-01
  -2.9202E-01  -9.3350E-02  -8.5028E-02  -1.8889E-01  -5.4538E-02  -4.0601E-02
  -7.6366E-02  -3.4012E-03  -5.0392E-01  -2.4446E-01  -2.4023E-01  -3.6353E-01
  -1.1831E-01  -9.8649E-02  -1.0104E-01  -1.9952E-01  -2.7907E-02  -2.4973E-02
  -1.4491E-01  -5.2343E-03  -6.4551E-03  -6.2952E-02   4.3194E-03
  > Energy =  -8.412661119646E+02 +/-   2.471913287209E-04
  > varE =   6.131863750136E-03

VMC #4:
* Size of Hilbert space =   4.9763E+11
* Number of equil. steps   = 1000
* Running VMC equilibration.
  Done. [total walltime: 0.10s]
* Equil. acc.ratio (%)     =   5.9324
* Sample config after equilibration:
  +---------------------+
  |  0   d   d   d   0  |
  |d   2   u   u   u   2|
  |u   d   d   d   d   u|
  |  u   u   u   2   0  |
  +---------------------+
* Number of accum. steps   = 501760 x 10
* Running VMC accumulation.
    [walltime: 1m elapsed, 43.8s remaining]
  Done. [total walltime: 1m44s]
* Acceptance ratio (%)     =   5.8969
* Etot/t                   =  -8.412663788877E+02 +/-   1.122994570080E-04
  > Ttot/t                 =  -7.560407021411E+01 +/-   1.074503533546E-03
  > Utot/t                 =   3.303883321296E+01 +/-   1.070149245047E-03
* var[Eloc/t]              =   6.323048019079E-03 +/-   9.000181335998E-05
* Correlation length       =   1.000748319292E+00

Optimization #4:
* Method          : lls
* Target function : energy
* No. of configs. : 100352
* No. of params.  : 203
* Before optimization:
  -2.6098E+00  -2.6537E+00  -2.6834E+00  -2.5678E+00  -2.7012E+00  -2.8414E+00
   3.7108E-01   3.7773E-01   2.9697E-01   2.7252E-01   6.3472E-01   4.5498E-01
   4.4536E-01   4.7820E-01   4.7379E-01   5.1446E-01   5.1839E-01   3.8025E-01
   3.8426E-01   8.0277E-02   8.4956E-02   2.5497E-01   2.5217E-01   2.5326E-01
   1.6801E-01   1.7072E-01   9.7062E-02   1.0106E-01   3.0188E-02   3.3630E-02
   1.1316E-01   1.1352E-01   1.3182E-02   1.1767E-01   1.1325E-01   9.5200E-02
   8.9098E-02   1.5507E-01   1.5562E-01   1.7017E-01   1.8932E-01   1.9016E-01
   8.5585E-02   7.2901E-02  -4.5079E-02  -4.0718E-02  -6.3040E-02  -6.6179E-02
  -8.3343E-03  -8.3499E-03   3.0974E-01   2.9013E-01  -5.2140E-02  -5.3436E-02
  -4.3559E-02  -4.7187E-02  -5.2959E-02  -5.1974E-02  -9.0992E-02  -9.1421E-02
  -8.4461E-02  -8.4126E-02  -2.0524E-02  -1.9439E-02  -3.9512E-02  -3.6695E-02
   4.8915E-03  -2.4182E-02  -4.5691E-01  -8.6172E-02  -2.1026E-01  -9.9436E-02
  -1.8370E-01  -3.4512E-01  -2.9579E-01  -2.8412E-01  -3.1516E-01  -2.6472E-01
  -2.9527E-01  -2.8703E-01  -2.8181E-01  -1.9693E-01  -2.2762E-01  -8.7797E-03
  -9.3522E-02  -3.9184E-02  -7.4360E-02  -1.3815E-01  -1.3844E-01  -1.2167E-01
  -1.2723E-01  -8.1455E-02  -8.6066E-02  -5.1884E-02  -5.5677E-02  -1.6486E-03
  -3.4940E-02  -4.4224E-02  -5.9783E-02   1.6997E-02  -3.2756E-02  -3.1691E-02
  -7.6491E-02  -1.9176E-03  -8.1934E-02  -2.2550E-02  -1.0690E-01  -5.9876E-02
  -8.7180E-02  -7.6432E-02  -8.9303E-02  -6.1100E-03  -5.8782E-02   1.3369E-02
   1.7579E-02   4.4981E-02   2.3286E-02   2.7072E-03  -6.5251E-03  -1.1650E-01
  -1.6564E-01   3.3679E-02   2.0270E-02   2.5412E-02   2.5879E-02   2.7659E-02
   2.6139E-02   4.8516E-02   4.5146E-02   4.3301E-02   4.2426E-02   7.0795E-03
   8.2159E-03   1.7137E-02   2.4413E-02  -8.7181E-03  -4.1671E-03   1.0265E+00
   1.0479E+00   1.0478E+00   1.0053E+00   1.0921E+00   1.2012E+00  -7.0052E-01
  -4.1597E-01  -4.5117E-01  -6.7101E-01  -2.6411E-01  -2.2358E-01  -2.1512E-01
  -4.2151E-01  -1.6720E-01  -1.7120E-01  -3.2434E-01  -2.6729E-04   1.0103E-02
  -9.2365E-02  -1.2700E-02  -4.9919E-01  -2.8751E-01  -2.9981E-01  -4.2699E-01
  -8.0859E-02  -8.0612E-02  -8.9508E-02  -2.3220E-01  -1.0268E-01  -1.0751E-01
  -2.5787E-01   4.9607E-02   5.1812E-02  -8.0472E-02  -5.5624E-03  -5.0246E-01
  -3.3200E-01  -3.2980E-01  -4.6731E-01  -1.3092E-01  -1.2680E-01  -1.4089E-01
  -2.9202E-01  -9.3350E-02  -8.5028E-02  -1.8889E-01  -5.4538E-02  -4.0601E-02
  -7.6366E-02  -3.4012E-03  -5.0392E-01  -2.4446E-01  -2.4023E-01  -3.6353E-01
  -1.1831E-01  -9.8649E-02  -1.0104E-01  -1.9952E-01  -2.7907E-02  -2.4973E-02
  -1.4491E-01  -5.2343E-03  -6.4551E-03  -6.2952E-02   4.3194E-03
  > E    =  -8.412667516737E+02 +/-   2.459541556219E-04
  > varE =   6.070638359995E-03
* Computing derivatives.
    [walltime: 2m4s elapsed, 1h5m remaining]
    [walltime: 1h elapsed, 6m10s remaining]
  Done. [total walltime: 1h7m]
* Optimizing manipulation constant:
  #igrid a___________ E____________________________________ varE____________
     1     Infinity    -8.41266752E+02 +/-   2.45954156E-04   6.07063836E-03
     2     1.0000E+06  -8.41266752E+02 +/-   2.45954151E-04   6.07063814E-03
     3     2.1544E+05  -8.41266752E+02 +/-   2.45954135E-04   6.07063736E-03
     4     4.6416E+04  -8.41266752E+02 +/-   2.45954062E-04   6.07063372E-03
     5     1.0000E+04  -8.41266752E+02 +/-   2.45953720E-04   6.07061686E-03
     6     2.1544E+03  -8.41266752E+02 +/-   2.45952139E-04   6.07053883E-03
     7     4.6416E+02  -8.41266752E+02 +/-   2.45944922E-04   6.07018256E-03
     8     1.0000E+02  -8.41266754E+02 +/-   2.45914032E-04   6.06865785E-03
     9     2.1544E+01  -8.41266763E+02 +/-   2.45844893E-04   6.06524591E-03
    10     4.6416E+00  -8.41265823E+02 +/-   2.64536466E-04   7.02258699E-03
    11     1.0000E+00  -8.39967251E+02 +/-   2.98063529E-03   8.91545908E-01
    12     2.1544E-01  -8.41261321E+02 +/-   3.32998253E-04   1.11278162E-02
    13     4.6416E-02  -8.41265111E+02 +/-   2.76156016E-04   7.65305879E-03
    14     1.0000E-02  -8.41265519E+02 +/-   2.68986125E-04   7.26082201E-03
    15     2.1544E-03  -8.41265594E+02 +/-   2.67624532E-04   7.18750029E-03
    16     4.6416E-04  -8.41265610E+02 +/-   2.67339250E-04   7.17218497E-03
    17     1.0000E-04  -8.41265613E+02 +/-   2.67278157E-04   7.16890738E-03
    18     2.1544E-05  -8.41265614E+02 +/-   2.67265013E-04   7.16820226E-03
    19     4.6416E-06  -8.41265614E+02 +/-   2.67262181E-04   7.16805039E-03
    20     1.0000E-06  -8.41265614E+02 +/-   2.67261571E-04   7.16801768E-03
    21     0.0000E+00  -8.41265614E+02 +/-   2.67261404E-04   7.16800869E-03
  ParMin   4.5785E+01  -8.41266757E+02 +/-   2.45876232E-04   6.06679234E-03
  # Using grid point #9
* Iteration # 1: E =  -8.412667626932E+02 +/-   2.458448928781E-04
* Diminishing returns: exiting.
* After optimization:
  -2.6659E+00  -2.7127E+00  -2.7429E+00  -2.6310E+00  -2.7627E+00  -2.9026E+00
   3.6869E-01   3.7543E-01   2.9713E-01   2.7307E-01   6.3621E-01   4.5511E-01
   4.4566E-01   4.7863E-01   4.7458E-01   5.1408E-01   5.1805E-01   3.8042E-01
   3.8446E-01   8.1635E-02   8.5172E-02   2.5698E-01   2.5212E-01   2.5307E-01
   1.6799E-01   1.7068E-01   9.7485E-02   1.0152E-01   3.0325E-02   3.3650E-02
   1.1353E-01   1.1380E-01   1.3270E-02   1.1773E-01   1.1321E-01   9.5423E-02
   8.9396E-02   1.5476E-01   1.5539E-01   1.7052E-01   1.8918E-01   1.9005E-01
   8.5815E-02   7.3167E-02  -4.4779E-02  -4.0442E-02  -6.3129E-02  -6.6175E-02
  -8.3945E-03  -8.3868E-03   3.0993E-01   2.9006E-01  -5.2177E-02  -5.3491E-02
  -4.3234E-02  -4.6834E-02  -5.2848E-02  -5.1810E-02  -9.0970E-02  -9.1451E-02
  -8.4378E-02  -8.4147E-02  -2.0574E-02  -1.9449E-02  -3.9378E-02  -3.6664E-02
   4.8171E-03  -2.3354E-02  -4.5694E-01  -8.6399E-02  -2.1045E-01  -9.9314E-02
  -1.8406E-01  -3.4607E-01  -2.9648E-01  -2.8428E-01  -3.1490E-01  -2.6491E-01
  -2.9557E-01  -2.8703E-01  -2.8183E-01  -1.9652E-01  -2.2813E-01  -9.1756E-03
  -9.4218E-02  -3.9154E-02  -7.4640E-02  -1.4054E-01  -1.3833E-01  -1.2160E-01
  -1.2714E-01  -8.1447E-02  -8.6011E-02  -5.1992E-02  -5.5959E-02  -1.5526E-03
  -3.4938E-02  -4.4351E-02  -6.0072E-02   1.6955E-02  -3.2895E-02  -3.1608E-02
  -7.6536E-02  -1.9628E-03  -8.2173E-02  -2.1875E-02  -1.0728E-01  -5.9981E-02
  -8.7481E-02  -7.6364E-02  -8.9244E-02  -6.1690E-03  -5.9085E-02   1.3196E-02
   1.7581E-02   4.4965E-02   2.3183E-02   2.8087E-03  -6.4548E-03  -1.1656E-01
  -1.6539E-01   3.3710E-02   2.0275E-02   2.5122E-02   2.5735E-02   2.7514E-02
   2.6044E-02   4.8556E-02   4.5110E-02   4.3284E-02   4.2416E-02   7.1382E-03
   8.3132E-03   1.7116E-02   2.4405E-02  -8.7112E-03  -4.0914E-03   1.0548E+00
   1.0788E+00   1.0786E+00   1.0372E+00   1.1260E+00   1.2383E+00  -7.2204E-01
  -4.2687E-01  -4.6339E-01  -6.9366E-01  -2.7037E-01  -2.2853E-01  -2.2045E-01
  -4.3175E-01  -1.7371E-01  -1.7678E-01  -3.3909E-01  -1.2139E-04   1.0440E-02
  -9.6020E-02  -1.2994E-02  -5.1371E-01  -2.9518E-01  -3.0813E-01  -4.4287E-01
  -8.1930E-02  -8.1973E-02  -9.1140E-02  -2.3807E-01  -1.0677E-01  -1.1117E-01
  -2.7107E-01   5.1259E-02   5.3399E-02  -8.3794E-02  -5.3905E-03  -5.0253E-01
  -3.3117E-01  -3.2958E-01  -4.7035E-01  -1.2985E-01  -1.2577E-01  -1.4001E-01
  -2.9076E-01  -9.4109E-02  -8.5156E-02  -1.9326E-01  -5.4464E-02  -4.0615E-02
  -7.7670E-02  -3.2183E-03  -5.0421E-01  -2.4422E-01  -2.4022E-01  -3.6681E-01
  -1.1721E-01  -9.7961E-02  -1.0036E-01  -1.9888E-01  -2.8408E-02  -2.5197E-02
  -1.4914E-01  -5.2980E-03  -6.3645E-03  -6.3957E-02   4.4378E-03
  > Energy =  -8.412667626932E+02 +/-   2.458448928781E-04
  > varE =   6.065245913820E-03

VMC #5:
* Size of Hilbert space =   4.9763E+11
* Number of equil. steps   = 1000
* Running VMC equilibration.
  Done. [total walltime: 0.10s]
* Equil. acc.ratio (%)     =   5.7351
* Sample config after equilibration:
  +---------------------+
  |  d   d   2   2   d  |
  |u   0   0   u   d   u|
  |d   2   0   u   d   u|
  |  u   u   d   u   d  |
  +---------------------+
* Number of accum. steps   = 501760 x 10
* Running VMC accumulation.
    [walltime: 1m elapsed, 43.8s remaining]
  Done. [total walltime: 1m44s]
* Acceptance ratio (%)     =   5.6984
* Etot/t                   =  -8.412663143510E+02 +/-   1.117676397890E-04
  > Ttot/t                 =  -7.560198612484E+01 +/-   1.097336959986E-03
  > Utot/t                 =   3.303681366030E+01 +/-   1.097277211487E-03
* var[Eloc/t]              =   6.146771230060E-03 +/-   3.193841314393E-05
* Correlation length       =   1.019720491741E+00

Optimization #5:
* Method          : lls
* Target function : energy
* No. of configs. : 100352
* No. of params.  : 203
* Before optimization:
  -2.6659E+00  -2.7127E+00  -2.7429E+00  -2.6310E+00  -2.7627E+00  -2.9026E+00
   3.6869E-01   3.7543E-01   2.9713E-01   2.7307E-01   6.3621E-01   4.5511E-01
   4.4566E-01   4.7863E-01   4.7458E-01   5.1408E-01   5.1805E-01   3.8042E-01
   3.8446E-01   8.1635E-02   8.5172E-02   2.5698E-01   2.5212E-01   2.5307E-01
   1.6799E-01   1.7068E-01   9.7485E-02   1.0152E-01   3.0325E-02   3.3650E-02
   1.1353E-01   1.1380E-01   1.3270E-02   1.1773E-01   1.1321E-01   9.5423E-02
   8.9396E-02   1.5476E-01   1.5539E-01   1.7052E-01   1.8918E-01   1.9005E-01
   8.5815E-02   7.3167E-02  -4.4779E-02  -4.0442E-02  -6.3129E-02  -6.6175E-02
  -8.3945E-03  -8.3868E-03   3.0993E-01   2.9006E-01  -5.2177E-02  -5.3491E-02
  -4.3234E-02  -4.6834E-02  -5.2848E-02  -5.1810E-02  -9.0970E-02  -9.1451E-02
  -8.4378E-02  -8.4147E-02  -2.0574E-02  -1.9449E-02  -3.9378E-02  -3.6664E-02
   4.8171E-03  -2.3354E-02  -4.5694E-01  -8.6399E-02  -2.1045E-01  -9.9314E-02
  -1.8406E-01  -3.4607E-01  -2.9648E-01  -2.8428E-01  -3.1490E-01  -2.6491E-01
  -2.9557E-01  -2.8703E-01  -2.8183E-01  -1.9652E-01  -2.2813E-01  -9.1756E-03
  -9.4218E-02  -3.9154E-02  -7.4640E-02  -1.4054E-01  -1.3833E-01  -1.2160E-01
  -1.2714E-01  -8.1447E-02  -8.6011E-02  -5.1992E-02  -5.5959E-02  -1.5526E-03
  -3.4938E-02  -4.4351E-02  -6.0072E-02   1.6955E-02  -3.2895E-02  -3.1608E-02
  -7.6536E-02  -1.9628E-03  -8.2173E-02  -2.1875E-02  -1.0728E-01  -5.9981E-02
  -8.7481E-02  -7.6364E-02  -8.9244E-02  -6.1690E-03  -5.9085E-02   1.3196E-02
   1.7581E-02   4.4965E-02   2.3183E-02   2.8087E-03  -6.4548E-03  -1.1656E-01
  -1.6539E-01   3.3710E-02   2.0275E-02   2.5122E-02   2.5735E-02   2.7514E-02
   2.6044E-02   4.8556E-02   4.5110E-02   4.3284E-02   4.2416E-02   7.1382E-03
   8.3132E-03   1.7116E-02   2.4405E-02  -8.7112E-03  -4.0914E-03   1.0548E+00
   1.0788E+00   1.0786E+00   1.0372E+00   1.1260E+00   1.2383E+00  -7.2204E-01
  -4.2687E-01  -4.6339E-01  -6.9366E-01  -2.7037E-01  -2.2853E-01  -2.2045E-01
  -4.3175E-01  -1.7371E-01  -1.7678E-01  -3.3909E-01  -1.2139E-04   1.0440E-02
  -9.6020E-02  -1.2994E-02  -5.1371E-01  -2.9518E-01  -3.0813E-01  -4.4287E-01
  -8.1930E-02  -8.1973E-02  -9.1140E-02  -2.3807E-01  -1.0677E-01  -1.1117E-01
  -2.7107E-01   5.1259E-02   5.3399E-02  -8.3794E-02  -5.3905E-03  -5.0253E-01
  -3.3117E-01  -3.2958E-01  -4.7035E-01  -1.2985E-01  -1.2577E-01  -1.4001E-01
  -2.9076E-01  -9.4109E-02  -8.5156E-02  -1.9326E-01  -5.4464E-02  -4.0615E-02
  -7.7670E-02  -3.2183E-03  -5.0421E-01  -2.4422E-01  -2.4022E-01  -3.6681E-01
  -1.1721E-01  -9.7961E-02  -1.0036E-01  -1.9888E-01  -2.8408E-02  -2.5197E-02
  -1.4914E-01  -5.2980E-03  -6.3645E-03  -6.3957E-02   4.4378E-03
  > E    =  -8.412662135200E+02 +/-   2.481199229466E-04
  > varE =   6.178019966951E-03
* Computing derivatives.
    [walltime: 2m4s elapsed, 1h5m remaining]
    [walltime: 1h1m elapsed, 6m10s remaining]
  Done. [total walltime: 1h7m]
* Optimizing manipulation constant:
  #igrid a___________ E____________________________________ varE____________
     1     Infinity    -8.41266214E+02 +/-   2.48119923E-04   6.17801997E-03
     2     1.0000E+06  -8.41266214E+02 +/-   2.48119918E-04   6.17801974E-03
     3     2.1544E+05  -8.41266214E+02 +/-   2.48119902E-04   6.17801894E-03
     4     4.6416E+04  -8.41266214E+02 +/-   2.48119827E-04   6.17801518E-03
     5     1.0000E+04  -8.41266214E+02 +/-   2.48119477E-04   6.17799774E-03
     6     2.1544E+03  -8.41266214E+02 +/-   2.48117853E-04   6.17791687E-03
     7     4.6416E+02  -8.41266214E+02 +/-   2.48110346E-04   6.17754305E-03
     8     1.0000E+02  -8.41266215E+02 +/-   2.48076149E-04   6.17584025E-03
     9     2.1544E+01  -8.41266222E+02 +/-   2.47929802E-04   6.16855581E-03
    10     4.6416E+00  -8.41266242E+02 +/-   2.47436922E-04   6.14405424E-03
    11     1.0000E+00  -8.41266243E+02 +/-   2.46999066E-04   6.12232888E-03
    12     2.1544E-01  -8.41266073E+02 +/-   2.49592486E-04   6.25156926E-03
    13     4.6416E-02  -8.41265887E+02 +/-   2.52719592E-04   6.40920049E-03
    14     1.0000E-02  -8.41265819E+02 +/-   2.53879187E-04   6.46815217E-03
    15     2.1544E-03  -8.41265802E+02 +/-   2.54166478E-04   6.48279924E-03
    16     4.6416E-04  -8.41265798E+02 +/-   2.54230375E-04   6.48605918E-03
    17     1.0000E-04  -8.41265797E+02 +/-   2.54244237E-04   6.48676652E-03
    18     2.1544E-05  -8.41265797E+02 +/-   2.54247228E-04   6.48691915E-03
    19     4.6416E-06  -8.41265797E+02 +/-   2.54247872E-04   6.48695204E-03
    20     1.0000E-06  -8.41265797E+02 +/-   2.54248011E-04   6.48695913E-03
    21     0.0000E+00  -8.41265797E+02 +/-   2.54248049E-04   6.48696107E-03
  ParMin   2.1142E+00  -8.41266253E+02 +/-   2.47057358E-04   6.12521898E-03
  # Using parabolic minimum
* Iteration # 1: E =  -8.412662529409E+02 +/-   2.470573584410E-04
* Diminishing returns: exiting.
* After optimization:
  -2.5706E+00  -2.6322E+00  -2.6826E+00  -2.5790E+00  -2.6966E+00  -2.8375E+00
   3.4691E-01   3.4984E-01   3.0002E-01   2.7633E-01   6.5049E-01   4.5313E-01
   4.4608E-01   4.7995E-01   4.7864E-01   5.1495E-01   5.1902E-01   3.8091E-01
   3.8628E-01   8.6589E-02   8.4618E-02   2.6966E-01   2.5331E-01   2.5282E-01
   1.6872E-01   1.7129E-01   1.0233E-01   1.0613E-01   3.0929E-02   3.2970E-02
   1.1804E-01   1.1749E-01   1.4123E-02   1.1924E-01   1.1453E-01   9.8490E-02
   9.2199E-02   1.5124E-01   1.5202E-01   1.7136E-01   1.8897E-01   1.8926E-01
   8.6548E-02   7.4359E-02  -4.2438E-02  -3.8729E-02  -6.4337E-02  -6.5833E-02
  -7.2209E-03  -8.3951E-03   3.1721E-01   2.9420E-01  -5.1777E-02  -5.3254E-02
  -4.0681E-02  -4.3893E-02  -5.2025E-02  -5.1340E-02  -9.0937E-02  -9.1362E-02
  -8.4261E-02  -8.3975E-02  -2.0980E-02  -1.9441E-02  -3.7743E-02  -3.6290E-02
   4.4798E-03  -7.5176E-04  -4.5212E-01  -8.7942E-02  -2.1402E-01  -9.8245E-02
  -1.8393E-01  -3.4948E-01  -3.0224E-01  -2.8498E-01  -3.1481E-01  -2.6402E-01
  -2.9571E-01  -2.8857E-01  -2.8193E-01  -1.9360E-01  -2.2907E-01  -1.1721E-02
  -9.7103E-02  -3.7662E-02  -7.6171E-02  -1.4964E-01  -1.3764E-01  -1.2183E-01
  -1.2760E-01  -8.2331E-02  -8.6639E-02  -5.5077E-02  -5.8275E-02  -1.7624E-03
  -3.4468E-02  -4.6882E-02  -6.2179E-02   1.6243E-02  -3.3977E-02  -3.1779E-02
  -7.7031E-02  -3.1215E-03  -8.3988E-02  -1.7651E-02  -1.0935E-01  -6.0404E-02
  -8.8916E-02  -7.6370E-02  -8.8185E-02  -6.4747E-03  -6.0464E-02   1.2127E-02
   1.6950E-02   4.4897E-02   2.3348E-02   2.8050E-03  -6.3903E-03  -1.1937E-01
  -1.6955E-01   3.3887E-02   2.0325E-02   2.3480E-02   2.4740E-02   2.7238E-02
   2.5733E-02   4.8449E-02   4.4502E-02   4.3347E-02   4.2278E-02   7.2091E-03
   8.4463E-03   1.6400E-02   2.3572E-02  -8.5792E-03  -3.8648E-03   1.0015E+00
   1.0351E+00   1.0428E+00   1.0112E+00   1.0893E+00   1.1997E+00  -7.3194E-01
  -3.9117E-01  -4.2977E-01  -6.9480E-01  -2.5084E-01  -2.0983E-01  -2.0332E-01
  -4.1041E-01  -1.6747E-01  -1.6784E-01  -3.4838E-01   9.6408E-04   9.2129E-03
  -9.9337E-02  -1.3117E-02  -5.2449E-01  -2.7122E-01  -2.8567E-01  -4.5372E-01
  -7.0793E-02  -7.4306E-02  -8.1769E-02  -2.2897E-01  -1.0110E-01  -1.0336E-01
  -2.8351E-01   5.1192E-02   5.1819E-02  -8.7138E-02  -4.8923E-03  -5.2766E-01
  -3.1840E-01  -3.2275E-01  -4.9188E-01  -1.2312E-01  -1.2129E-01  -1.3435E-01
  -2.8952E-01  -9.1913E-02  -8.1408E-02  -2.1325E-01  -5.3768E-02  -4.1121E-02
  -8.7212E-02  -3.5721E-03  -5.2540E-01  -2.3776E-01  -2.3288E-01  -3.8806E-01
  -1.1227E-01  -9.5254E-02  -9.6561E-02  -1.9907E-01  -2.4480E-02  -2.0391E-02
  -1.6676E-01  -5.1987E-03  -5.8892E-03  -7.0860E-02   3.8407E-03
  > Energy =  -8.412662529409E+02 +/-   2.470573584410E-04
  > varE =   6.125218979085E-03

VMC #6:
* Size of Hilbert space =   4.9763E+11
* Number of equil. steps   = 1000
* Running VMC equilibration.
  Done. [total walltime: 0.10s]
* Equil. acc.ratio (%)     =   5.9867
* Sample config after equilibration:
  +---------------------+
  |  d   d   2   0   0  |
  |u   u   u   0   2   2|
  |u   0   d   d   d   0|
  |  d   2   u   u   2  |
  +---------------------+
* Number of accum. steps   = 501760 x 10
* Running VMC accumulation.
    [walltime: 1m elapsed, 43.7s remaining]
  Done. [total walltime: 1m43s]
* Acceptance ratio (%)     =   5.9358
* Etot/t                   =  -8.412663117155E+02 +/-   1.117722824393E-04
  > Ttot/t                 =  -7.559816057574E+01 +/-   1.092982294307E-03
  > Utot/t                 =   3.303299074672E+01 +/-   1.091513335267E-03
* var[Eloc/t]              =   6.138301674314E-03 +/-   3.360713354270E-05
* Correlation length       =   1.021212323756E+00

VDAGGER finished.
Total VDAGGER walltime: 13h30m

Run ended: Thu Aug 28 22:24:39 CEST 2025
