Run started: Fri Aug 29 09:55:23 CEST 2025
Using VDAGGER_ARCH = gnu7_fkfamd_cluster
Running 8x128 MPI processes.

                               xx
                              +##
                               #X
                               Xx
                          X##XxXxxX##x
                           +   Xx  ++
                               ##
                              +##
                              +##
     ++++         ++          +##
   xX+++##+      ####         +##
  Xx    ###      +X##          ##
 xX    X##+        ##          #X
 +    x##X         #x          #X
      ###         +#           x+
     X##+         #+
     ###         Xx                    _______
     ##X       +X+   __________________VDAGGER
     +##x    +xX     2nd quantized variational
       +xxxxx+       ______quantum Monte Carlo

* Running 1024 MPI processes.
* Input file: "input.casl"

############# Start of input file dump #############
General:
  Random seed: timer

Plan:
  VMC-optimization:
    Minimum cycles: 5
    Convergence cycles: 3

System:
  Read Hamiltonian: FCIDUMP_loc
  Read orbitals: LTSC.mat
  Complex orbitals: F
  Geometry:
    r_14: [ 2.30715201389900, -1.36612962809100 ]
    r_19: [ -2.30715201389900, -1.36612962809100 ]
    r_9: [ 2.30715201389900, 1.36612962809100 ]
    r_1: [ -2.30715201389900, 1.36612962809100 ]
    r_11: [ 0.00000000000000, -2.64819012780300 ]
    r_5: [ 0.00000000000000, 2.64819012780300 ]
    r_21: [ 6.92052984475300, 1.36731216695600 ]
    r_20: [ -6.92052984475300, 1.36731216695600 ]
    r_22: [ 6.92052984475300, -1.36731216695600 ]
    r_2: [ -6.92052984475300, -1.36731216695600 ]
    r_17: [ 4.65052830966800, 2.64933873056800 ]
    r_18: [ -4.65052830966800, 2.64933873056800 ]
    r_12: [ 4.65052830966800, -2.64933873056800 ]
    r_6: [ -4.65052830966800, -2.64933873056800 ]
    r_7: [ 11.51783390367000, 1.35551508476500 ]
    r_16: [ -11.51783390367000, 1.35551508476500 ]
    r_4: [ 11.51783390367000, -1.35551508476500 ]
    r_3: [ -11.51783390367000, -1.35551508476500 ]
    r_15: [ 9.31130451375400, 2.65735609478700 ]
    r_8: [ -9.31130451375400, 2.65735609478700 ]
    r_13: [ 9.31130451375400, -2.65735609478700 ]
    r_10: [ -9.31130451375400, -2.65735609478700 ]
    Tolerance: 0.05

VMC:
  nstep: 500000
  nconfig: 100000

Optimization:
  max_niter: 3

Jastrow: wfn.casl

Backflow: wfn.casl
############## End of input file dump ##############

General setup:
* Random seed: 1585656055 (from timer)

* Loaded integrals for system with nelec=22, ms2=0, norb=22
* INFO: setting number of electrons from integrals file.
* Analysis of Hamiltonian connecitivity performed:
  - T_ii (local, 1-site): 22 (i) values
  - U_iiii [opp] (local, 1-site): 22 (i) values
  - U_kkii [opp] (local, 2-site): 462 contribs. from 22 (i) values
  - U_kkii [par] (local, 2-site): 231 contribs. from 21 (i) values
  - T_ji (single, 2-site): 462 contribs. from 22 (i) values
  - U_kkji [opp] (single, 2/3-site): 10164 contribs. from 462 (i,j) pairs
  - U_kkji [par] (single, 3-site): 9702 contribs. from 462 (i,j) pairs
  - U_lkji [opp] (double, 2/3/4-site): 212836 contribs. from 462 (i,j) pairs
  - U_lkji [par] (double, 4-site): 50050 contribs. from 420 (i,j) pairs
  - Max. no. wfn. ratios in Eloc: 18543
* Reading override orbitals from file "LTSC.mat".
* Site labels:
  +--------------------------------+
  |    8    18     5    17    15   |
  |16    20     1     9    21     7|
  | 3     2    19    14    22     4|
  |   10     6    11    12    13   |
  +--------------------------------+
* Automatically set Site kinds:
  [ 1, 2, 3, 3, 4, 5, 3, 6, 1, 6, 4, 5, 6, 1, 6, 3, 5, 5, 1, 2, 2, 2 ]
  +---------------------+
  |  6   5   4   5   6  |
  |3   2   1   1   2   3|
  |3   2   1   1   2   3|
  |  6   5   4   5   6  |
  +---------------------+
* Number of site-pair kinds with Tij=0: 0
* Automatically set Site pair kinds:
  Site 1: [ 0, -15, -34, -48, -6, -18, -55, -65, 21, 30, -19, -28, 45, -17, -42, -36, 38, 7, 2, -22, -32, 31 ]
  Site 2: [ -15, 0, -20, -57, 25, 5, -52, -16, 31, -8, 37, -39, 56, -32, -50, -14, 40, -23, -22, 3, -41, 47 ]
  Site 3: [ -34, -20, 0, -62, 43, 67, -64, 27, 48, 1, 44, -59, 63, -55, -60, 4, 51, 29, -36, -14, -52, 57 ]
  Site 4: [ -48, -57, -62, 0, -43, 59, 4, 60, 34, 63, -44, -66, 1, -36, -27, -64, -29, -51, -55, -52, -14, 20 ]
  Site 5: [ -6, 25, 43, -43, 0, -26, -44, 46, -6, -33, 9, -26, 33, 19, 46, 44, -12, -12, -19, 37, -37, 25 ]
  Site 6: [ -18, 5, 67, 59, -26, 0, 51, 24, -28, -13, 12, -49, -53, 38, 54, -29, -35, -10, -7, 23, 40, -39 ]
  Site 7: [ -55, -52, -64, 4, -44, 51, 0, 63, 36, 60, -43, 29, 27, -34, -1, -62, 66, -59, -48, -57, -20, 14 ]
  Site 8: [ -65, -16, 27, 60, 46, 24, 63, 0, -42, 11, -33, 54, -58, 45, 61, 1, -53, 13, 30, -8, 56, -50 ]
  Site 9: [ 21, 31, 48, 34, -6, -28, 36, -42, 0, -45, -19, -18, -30, -2, -65, 55, 7, 38, 17, 32, 22, -15 ]
  Site 10: [ 30, -8, 1, 63, -33, -13, 60, 11, -45, 0, 46, 53, -61, 42, 58, 27, -54, -24, -65, -16, 50, -56 ]
  Site 11: [ -19, 37, 44, -44, 9, 12, -43, -33, -19, 46, 0, 12, -46, 6, -33, 43, 26, 26, -6, 25, -25, 37 ]
  Site 12: [ -28, -39, -59, -66, -26, -49, 29, 54, -18, 53, 12, 0, 13, 7, 24, -51, -10, -35, -38, -40, -23, 5 ]
  Site 13: [ 45, 56, 63, 1, 33, -53, 27, -58, -30, -61, -46, 13, 0, -65, -11, 60, 24, 54, 42, 50, -16, 8 ]
  Site 14: [ -17, -32, -55, -36, 19, 38, -34, 45, -2, 42, 6, 7, -65, 0, -30, -48, -18, -28, -21, -31, -15, 22 ]
  Site 15: [ -42, -50, -60, -27, 46, 54, -1, 61, -65, 58, -33, 24, -11, -30, 0, -63, 13, -53, -45, -56, 8, -16 ]
  Site 16: [ -36, -14, 4, -64, 44, -29, -62, 1, 55, 27, 43, -51, 60, -48, -63, 0, 59, -68, -34, -20, -57, 52 ]
  Site 17: [ 38, 40, 51, -29, -12, -35, 66, -53, 7, -54, 26, -10, 24, -18, 13, 59, 0, -49, 28, 39, 5, -23 ]
  Site 18: [ 7, -23, 29, -51, -12, -10, -59, 13, 38, -24, 26, -35, 54, -28, -53, -68, -49, 0, 18, -5, -39, 40 ]
  Site 19: [ 2, -22, -36, -55, -19, -7, -48, 30, 17, -65, -6, -38, 42, -21, -45, -34, 28, 18, 0, -15, -31, 32 ]
  Site 20: [ -22, 3, -14, -52, 37, 23, -57, -8, 32, -16, 25, -40, 50, -31, -56, -20, 39, -5, -15, 0, -47, 41 ]
  Site 21: [ -32, -41, -52, -14, -37, 40, -20, 56, 22, 50, -25, -23, -16, -15, 8, -57, 5, -39, -31, -47, 0, -3 ]
  Site 22: [ 31, 47, 57, 20, 25, -39, 14, -50, -15, -56, 37, 5, 8, 22, -16, 52, -23, 40, 32, 41, -3, 0 ]
  For site 1 of kind 1:
  +-------------------------------------------+
  |    -65       7      -6      38     -42    |
  |-36     -22       0      21     -32     -55|
  |-34     -15       2     -17      31     -48|
  |     30     -18     -19     -28      45    |
  +-------------------------------------------+
  For site 2 of kind 2:
  +-------------------------------------------+
  |    -16     -23      25      40     -50    |
  |-14       3     -15      31     -41     -52|
  |-20       0     -22     -32      47     -57|
  |     -8       5      37     -39      56    |
  +-------------------------------------------+
  For site 3 of kind 3:
  +-------------------------------------------+
  |     27      29      43      51     -60    |
  |  4     -14     -34      48     -52     -64|
  |  0     -20     -36     -55      57     -62|
  |      1      67      44     -59      63    |
  +-------------------------------------------+
  For site 5 of kind 4:
  +-------------------------------------------+
  |     46     -12       0     -12      46    |
  | 44      37      -6      -6     -37     -44|
  | 43      25     -19      19      25     -43|
  |    -33     -26       9     -26      33    |
  +-------------------------------------------+
  For site 6 of kind 5:
  +-------------------------------------------+
  |     24     -10     -26     -35      54    |
  |-29      23     -18     -28      40      51|
  | 67       5      -7      38     -39      59|
  |    -13       0      12     -49     -53    |
  +-------------------------------------------+
  For site 8 of kind 6:
  +-------------------------------------------+
  |      0      13      46     -53      61    |
  |  1      -8     -65     -42      56      63|
  | 27     -16      30      45     -50      60|
  |     11      24     -33      54     -58    |
  +-------------------------------------------+
General system setup:
* Number of sites       : 22
* Number of electrons   : 22
* Spin imbalance MS2    : 0
* Filling               : 0.500000
* Number of orbitals in pool: 22
* Using real-valued orbitals
* Using double-precision arithmetic for orbitals

Trial wave function setup:
* Jastrow parameter file: "wfn.casl"
* Not using multideterminants
* Backflow parameter file: "wfn.casl"
* Not using wave function manipulation

VMC #1:
* Size of Hilbert space =   4.9763E+11
* Number of equil. steps   = 1000
* Running VMC equilibration.
  Done. [total walltime: 0.10s]
* Equil. acc.ratio (%)     =   5.9692
* Sample config after equilibration:
  +---------------------+
  |  2   d   0   d   d  |
  |0   u   2   2   u   u|
  |2   u   0   0   d   u|
  |  0   d   2   u   d  |
  +---------------------+
* Number of accum. steps   = 501760 x 10
* Running VMC accumulation.
    [walltime: 1m elapsed, 42.7s remaining]
  Done. [total walltime: 1m42s]
* Acceptance ratio (%)     =   5.9432
* Etot/t                   =  -8.412664688206E+02 +/-   1.122227838944E-04
  > Ttot/t                 =  -7.559862454341E+01 +/-   1.083382931422E-03
  > Utot/t                 =   3.303329760928E+01 +/-   1.079121374646E-03
* var[Eloc/t]              =   6.149923890978E-03 +/-   6.148026470277E-05
* Correlation length       =   1.027515475347E+00

Optimization #1:
* Method          : lls
* Target function : energy
* No. of configs. : 100352
* No. of params.  : 243
* Before optimization:
  -2.5706E+00  -2.6322E+00  -2.6826E+00  -2.5790E+00  -2.6966E+00  -2.8375E+00
   3.4691E-01   3.4984E-01   3.0002E-01   2.7633E-01   6.5049E-01   4.5313E-01
   4.4608E-01   4.7995E-01   4.7864E-01   5.1495E-01   5.1902E-01   3.8091E-01
   3.8628E-01   8.6589E-02   8.4618E-02   2.6966E-01   2.5331E-01   2.5282E-01
   1.6872E-01   1.7129E-01   1.0233E-01   1.0613E-01   3.0929E-02   3.2970E-02
   1.1804E-01   1.1749E-01   1.4123E-02   1.1924E-01   1.1453E-01   9.8490E-02
   9.2199E-02   1.5124E-01   1.5202E-01   1.7136E-01   1.8897E-01   1.8926E-01
   8.6548E-02   7.4359E-02  -4.2438E-02  -3.8729E-02  -6.4337E-02  -6.5833E-02
  -7.2209E-03  -8.3951E-03   3.1721E-01   2.9420E-01  -5.1777E-02  -5.3254E-02
  -4.0681E-02  -4.3893E-02  -5.2025E-02  -5.1340E-02  -9.0937E-02  -9.1362E-02
  -8.4261E-02  -8.3975E-02  -2.0980E-02  -1.9441E-02  -3.7743E-02  -3.6290E-02
   4.4798E-03  -7.5176E-04  -4.5212E-01  -8.7942E-02  -2.1402E-01  -9.8245E-02
  -1.8393E-01  -3.4948E-01  -3.0224E-01  -2.8498E-01  -3.1481E-01  -2.6402E-01
  -2.9571E-01  -2.8857E-01  -2.8193E-01  -1.9360E-01  -2.2907E-01  -1.1721E-02
  -9.7103E-02  -3.7662E-02  -7.6171E-02  -1.4964E-01  -1.3764E-01  -1.2183E-01
  -1.2760E-01  -8.2331E-02  -8.6639E-02  -5.5077E-02  -5.8275E-02  -1.7624E-03
  -3.4468E-02  -4.6882E-02  -6.2179E-02   1.6243E-02  -3.3977E-02  -3.1779E-02
  -7.7031E-02  -3.1215E-03  -8.3988E-02  -1.7651E-02  -1.0935E-01  -6.0404E-02
  -8.8916E-02  -7.6370E-02  -8.8185E-02  -6.4747E-03  -6.0464E-02   1.2127E-02
   1.6950E-02   4.4897E-02   2.3348E-02   2.8050E-03  -6.3903E-03  -1.1937E-01
  -1.6955E-01   3.3887E-02   2.0325E-02   2.3480E-02   2.4740E-02   2.7238E-02
   2.5733E-02   4.8449E-02   4.4502E-02   4.3347E-02   4.2278E-02   7.2091E-03
   8.4463E-03   1.6400E-02   2.3572E-02  -8.5792E-03  -3.8648E-03   1.0015E+00
   1.0351E+00   1.0428E+00   1.0112E+00   1.0893E+00   1.1997E+00  -7.3194E-01
  -3.9117E-01  -4.2977E-01  -6.9480E-01  -2.5084E-01  -2.0983E-01  -2.0332E-01
  -4.1041E-01  -1.6747E-01  -1.6784E-01  -3.4838E-01   9.6408E-04   9.2129E-03
  -9.9337E-02  -1.3117E-02   0.0000E+00   0.0000E+00   0.0000E+00   0.0000E+00
   0.0000E+00   0.0000E+00   0.0000E+00   0.0000E+00   0.0000E+00   0.0000E+00
  -5.2449E-01  -2.7122E-01  -2.8567E-01  -4.5372E-01  -7.0793E-02  -7.4306E-02
  -8.1769E-02  -2.2897E-01  -1.0110E-01  -1.0336E-01  -2.8351E-01   5.1192E-02
   5.1819E-02  -8.7138E-02  -4.8923E-03   0.0000E+00   0.0000E+00   0.0000E+00
   0.0000E+00   0.0000E+00   0.0000E+00   0.0000E+00   0.0000E+00   0.0000E+00
   0.0000E+00  -5.2766E-01  -3.1840E-01  -3.2275E-01  -4.9188E-01  -1.2312E-01
  -1.2129E-01  -1.3435E-01  -2.8952E-01  -9.1913E-02  -8.1408E-02  -2.1325E-01
  -5.3768E-02  -4.1121E-02  -8.7212E-02  -3.5721E-03   0.0000E+00   0.0000E+00
   0.0000E+00   0.0000E+00   0.0000E+00   0.0000E+00   0.0000E+00   0.0000E+00
   0.0000E+00   0.0000E+00  -5.2540E-01  -2.3776E-01  -2.3288E-01  -3.8806E-01
  -1.1227E-01  -9.5254E-02  -9.6561E-02  -1.9907E-01  -2.4480E-02  -2.0391E-02
  -1.6676E-01  -5.1987E-03  -5.8892E-03  -7.0860E-02   3.8407E-03   0.0000E+00
   0.0000E+00   0.0000E+00   0.0000E+00   0.0000E+00   0.0000E+00   0.0000E+00
   0.0000E+00   0.0000E+00   0.0000E+00
  > E    =  -8.412663521018E+02 +/-   2.465191890613E-04
  > varE =   6.098562699665E-03
* Computing derivatives.
    [walltime: 2m26s elapsed, 1h17m remaining]
    [walltime: 1h1m elapsed, 18m43s remaining]
  Done. [total walltime: 1h19m]
* Optimizing manipulation constant:
  #igrid a___________ E____________________________________ varE____________
     1     Infinity    -8.41266352E+02 +/-   2.46519189E-04   6.09856270E-03
     2     1.0000E+06  -8.41266352E+02 +/-   2.46519162E-04   6.09856136E-03
     3     2.1544E+05  -8.41266352E+02 +/-   2.46519064E-04   6.09855650E-03
     4     4.6416E+04  -8.41266352E+02 +/-   2.46518609E-04   6.09853401E-03
     5     1.0000E+04  -8.41266352E+02 +/-   2.46516532E-04   6.09843125E-03
     6     2.1544E+03  -8.41266353E+02 +/-   2.46507597E-04   6.09798919E-03
     7     4.6416E+02  -8.41266354E+02 +/-   2.46481432E-04   6.09669470E-03
     8     1.0000E+02  -8.41266331E+02 +/-   2.46795390E-04   6.11223605E-03
     9     2.1544E+01  -8.41263416E+02 +/-   2.91335240E-04   8.51749861E-03
    10     4.6416E+00  -8.40974378E+02 +/-   1.55495656E-03   2.42640087E-01
    11     1.0000E+00  -8.39036796E+02 +/-   3.66096857E-03   1.34498683E+00
    12     2.1544E-01  -8.38561740E+02 +/-   3.81714239E-03   1.46218645E+00
    13     4.6416E-02  -8.38548301E+02 +/-   3.81869439E-03   1.46337570E+00
    14     1.0000E-02  -8.38548044E+02 +/-   3.81836139E-03   1.46312049E+00
    15     2.1544E-03  -8.38548028E+02 +/-   3.81826761E-03   1.46304862E+00
    16     4.6416E-04  -8.38548026E+02 +/-   3.81824621E-03   1.46303222E+00
    17     1.0000E-04  -8.38548026E+02 +/-   3.81824154E-03   1.46302864E+00
    18     2.1544E-05  -8.38548025E+02 +/-   3.81824053E-03   1.46302787E+00
    19     4.6416E-06  -8.38548025E+02 +/-   3.81824031E-03   1.46302770E+00
    20     1.0000E-06  -8.38548025E+02 +/-   3.81824027E-03   1.46302767E+00
    21     0.0000E+00  -8.38548025E+02 +/-   3.81824025E-03   1.46302766E+00
  ParMin   9.1826E+02  -8.41266353E+02 +/-   2.46494971E-04   6.09736452E-03
  # Using grid point #7
* Iteration # 1: E =  -8.412663541361E+02 +/-   2.464814316175E-04
* Convergence: exiting.
* After optimization:
  -2.5920E+00  -2.6540E+00  -2.7044E+00  -2.6005E+00  -2.7184E+00  -2.8596E+00
   3.4722E-01   3.5015E-01   2.9995E-01   2.7638E-01   6.5087E-01   4.5304E-01
   4.4599E-01   4.7993E-01   4.7863E-01   5.1489E-01   5.1900E-01   3.8098E-01
   3.8635E-01   8.6509E-02   8.4490E-02   2.6997E-01   2.5330E-01   2.5281E-01
   1.6872E-01   1.7128E-01   1.0246E-01   1.0627E-01   3.0937E-02   3.2979E-02
   1.1816E-01   1.1761E-01   1.4125E-02   1.1921E-01   1.1450E-01   9.8467E-02
   9.2179E-02   1.5132E-01   1.5210E-01   1.7137E-01   1.8896E-01   1.8925E-01
   8.6569E-02   7.4370E-02  -4.2391E-02  -3.8690E-02  -6.4325E-02  -6.5824E-02
  -7.2270E-03  -8.3937E-03   3.1751E-01   2.9452E-01  -5.1778E-02  -5.3261E-02
  -4.0635E-02  -4.3847E-02  -5.2015E-02  -5.1326E-02  -9.0925E-02  -9.1351E-02
  -8.4251E-02  -8.3969E-02  -2.0982E-02  -1.9439E-02  -3.7729E-02  -3.6277E-02
   4.4688E-03  -1.0736E-03  -4.5223E-01  -8.7911E-02  -2.1396E-01  -9.8293E-02
  -1.8394E-01  -3.4971E-01  -3.0244E-01  -2.8492E-01  -3.1478E-01  -2.6400E-01
  -2.9568E-01  -2.8854E-01  -2.8191E-01  -1.9363E-01  -2.2910E-01  -1.1675E-02
  -9.7063E-02  -3.7586E-02  -7.6096E-02  -1.4985E-01  -1.3777E-01  -1.2184E-01
  -1.2760E-01  -8.2321E-02  -8.6635E-02  -5.5156E-02  -5.8328E-02  -1.7593E-03
  -3.4479E-02  -4.6952E-02  -6.2231E-02   1.6246E-02  -3.3981E-02  -3.1766E-02
  -7.7018E-02  -3.1018E-03  -8.3976E-02  -1.7717E-02  -1.0938E-01  -6.0394E-02
  -8.8918E-02  -7.6344E-02  -8.8189E-02  -6.4932E-03  -6.0480E-02   1.2110E-02
   1.6931E-02   4.4897E-02   2.3338E-02   2.8132E-03  -6.3968E-03  -1.1955E-01
  -1.6966E-01   3.3889E-02   2.0323E-02   2.3447E-02   2.4713E-02   2.7232E-02
   2.5729E-02   4.8448E-02   4.4491E-02   4.3342E-02   4.2273E-02   7.2102E-03
   8.4468E-03   1.6392E-02   2.3567E-02  -8.5719E-03  -3.8565E-03   1.0118E+00
   1.0461E+00   1.0537E+00   1.0217E+00   1.1010E+00   1.2125E+00  -7.3917E-01
  -3.9537E-01  -4.3412E-01  -7.0164E-01  -2.5365E-01  -2.1223E-01  -2.0567E-01
  -4.1462E-01  -1.6910E-01  -1.6940E-01  -3.5213E-01   9.6160E-04   9.3471E-03
  -1.0040E-01  -1.3286E-02   3.1868E-05  -8.5990E-05  -8.9427E-05  -5.8696E-05
  -1.4431E-04  -3.8558E-05   5.2333E-05  -2.8983E-05  -1.0588E-04  -7.5014E-06
  -5.2984E-01  -2.7401E-01  -2.8862E-01  -4.5833E-01  -7.1543E-02  -7.5089E-02
  -8.2637E-02  -2.3141E-01  -1.0213E-01  -1.0441E-01  -2.8652E-01   5.1662E-02
   5.2362E-02  -8.8099E-02  -4.9512E-03   7.4509E-05  -3.7782E-05  -8.6509E-05
  -4.5476E-05   4.6666E-05  -1.5370E-04  -7.8398E-05   1.2711E-04  -9.0448E-06
  -4.0165E-05  -5.2736E-01  -3.1825E-01  -3.2257E-01  -4.9166E-01  -1.2314E-01
  -1.2125E-01  -1.3435E-01  -2.8941E-01  -9.1833E-02  -8.1227E-02  -2.1329E-01
  -5.3702E-02  -4.1052E-02  -8.7238E-02  -3.5430E-03   1.4769E-05  -1.8499E-05
   6.9786E-06   1.9651E-05  -1.7563E-04   1.0549E-04   1.5750E-04  -8.0430E-05
  -2.0114E-05   2.4798E-05  -5.2535E-01  -2.3750E-01  -2.3282E-01  -3.8805E-01
  -1.1218E-01  -9.5026E-02  -9.6391E-02  -1.9908E-01  -2.4525E-02  -2.0389E-02
  -1.6674E-01  -5.1934E-03  -5.8561E-03  -7.0902E-02   3.8790E-03   4.7795E-05
   7.2525E-06  -9.9040E-07   1.3837E-05  -1.2054E-05  -1.8257E-05   4.0597E-05
   5.9409E-05   6.2407E-05  -1.2239E-05
  > Energy =  -8.412663541361E+02 +/-   2.464814316175E-04
  > varE =   6.096694703060E-03

VMC #2:
* Size of Hilbert space =   4.9763E+11
* Number of equil. steps   = 1000
* Running VMC equilibration.
  Done. [total walltime: 0.11s]
* Equil. acc.ratio (%)     =   5.8950
* Sample config after equilibration:
  +---------------------+
  |  d   u   d   u   0  |
  |u   u   d   u   d   d|
  |d   d   u   d   u   2|
  |  u   d   u   u   d  |
  +---------------------+
* Number of accum. steps   = 501760 x 10
* Running VMC accumulation.
    [walltime: 1m elapsed, 46.4s remaining]
  Done. [total walltime: 1m46s]
* Acceptance ratio (%)     =   5.8742
* Etot/t                   =  -8.412663194035E+02 +/-   1.106014903550E-04
  > Ttot/t                 =  -7.560100242042E+01 +/-   1.099637716968E-03
  > Utot/t                 =   3.303582490344E+01 +/-   1.090689840161E-03
* var[Eloc/t]              =   6.135722762505E-03 +/-   2.484735359416E-05
* Correlation length       =   1.000350668661E+00

Optimization #2:
* Method          : lls
* Target function : energy
* No. of configs. : 100352
* No. of params.  : 243
* Before optimization:
  -2.5920E+00  -2.6540E+00  -2.7044E+00  -2.6005E+00  -2.7184E+00  -2.8596E+00
   3.4722E-01   3.5015E-01   2.9995E-01   2.7638E-01   6.5087E-01   4.5304E-01
   4.4599E-01   4.7993E-01   4.7863E-01   5.1489E-01   5.1900E-01   3.8098E-01
   3.8635E-01   8.6509E-02   8.4490E-02   2.6997E-01   2.5330E-01   2.5281E-01
   1.6872E-01   1.7128E-01   1.0246E-01   1.0627E-01   3.0937E-02   3.2979E-02
   1.1816E-01   1.1761E-01   1.4125E-02   1.1921E-01   1.1450E-01   9.8467E-02
   9.2179E-02   1.5132E-01   1.5210E-01   1.7137E-01   1.8896E-01   1.8925E-01
   8.6569E-02   7.4370E-02  -4.2391E-02  -3.8690E-02  -6.4325E-02  -6.5824E-02
  -7.2270E-03  -8.3937E-03   3.1751E-01   2.9452E-01  -5.1778E-02  -5.3261E-02
  -4.0635E-02  -4.3847E-02  -5.2015E-02  -5.1326E-02  -9.0925E-02  -9.1351E-02
  -8.4251E-02  -8.3969E-02  -2.0982E-02  -1.9439E-02  -3.7729E-02  -3.6277E-02
   4.4688E-03  -1.0736E-03  -4.5223E-01  -8.7911E-02  -2.1396E-01  -9.8293E-02
  -1.8394E-01  -3.4971E-01  -3.0244E-01  -2.8492E-01  -3.1478E-01  -2.6400E-01
  -2.9568E-01  -2.8854E-01  -2.8191E-01  -1.9363E-01  -2.2910E-01  -1.1675E-02
  -9.7063E-02  -3.7586E-02  -7.6096E-02  -1.4985E-01  -1.3777E-01  -1.2184E-01
  -1.2760E-01  -8.2321E-02  -8.6635E-02  -5.5156E-02  -5.8328E-02  -1.7593E-03
  -3.4479E-02  -4.6952E-02  -6.2231E-02   1.6246E-02  -3.3981E-02  -3.1766E-02
  -7.7018E-02  -3.1018E-03  -8.3976E-02  -1.7717E-02  -1.0938E-01  -6.0394E-02
  -8.8918E-02  -7.6344E-02  -8.8189E-02  -6.4932E-03  -6.0480E-02   1.2110E-02
   1.6931E-02   4.4897E-02   2.3338E-02   2.8132E-03  -6.3968E-03  -1.1955E-01
  -1.6966E-01   3.3889E-02   2.0323E-02   2.3447E-02   2.4713E-02   2.7232E-02
   2.5729E-02   4.8448E-02   4.4491E-02   4.3342E-02   4.2273E-02   7.2102E-03
   8.4468E-03   1.6392E-02   2.3567E-02  -8.5719E-03  -3.8565E-03   1.0118E+00
   1.0461E+00   1.0537E+00   1.0217E+00   1.1010E+00   1.2125E+00  -7.3917E-01
  -3.9537E-01  -4.3412E-01  -7.0164E-01  -2.5365E-01  -2.1223E-01  -2.0567E-01
  -4.1462E-01  -1.6910E-01  -1.6940E-01  -3.5213E-01   9.6160E-04   9.3471E-03
  -1.0040E-01  -1.3286E-02   3.1868E-05  -8.5990E-05  -8.9427E-05  -5.8696E-05
  -1.4431E-04  -3.8558E-05   5.2333E-05  -2.8983E-05  -1.0588E-04  -7.5014E-06
  -5.2984E-01  -2.7401E-01  -2.8862E-01  -4.5833E-01  -7.1543E-02  -7.5089E-02
  -8.2637E-02  -2.3141E-01  -1.0213E-01  -1.0441E-01  -2.8652E-01   5.1662E-02
   5.2362E-02  -8.8099E-02  -4.9512E-03   7.4509E-05  -3.7782E-05  -8.6509E-05
  -4.5476E-05   4.6666E-05  -1.5370E-04  -7.8398E-05   1.2711E-04  -9.0448E-06
  -4.0165E-05  -5.2736E-01  -3.1825E-01  -3.2257E-01  -4.9166E-01  -1.2314E-01
  -1.2125E-01  -1.3435E-01  -2.8941E-01  -9.1833E-02  -8.1227E-02  -2.1329E-01
  -5.3702E-02  -4.1052E-02  -8.7238E-02  -3.5430E-03   1.4769E-05  -1.8499E-05
   6.9786E-06   1.9651E-05  -1.7563E-04   1.0549E-04   1.5750E-04  -8.0430E-05
  -2.0114E-05   2.4798E-05  -5.2535E-01  -2.3750E-01  -2.3282E-01  -3.8805E-01
  -1.1218E-01  -9.5026E-02  -9.6391E-02  -1.9908E-01  -2.4525E-02  -2.0389E-02
  -1.6674E-01  -5.1934E-03  -5.8561E-03  -7.0902E-02   3.8790E-03   4.7795E-05
   7.2525E-06  -9.9040E-07   1.3837E-05  -1.2054E-05  -1.8257E-05   4.0597E-05
   5.9409E-05   6.2407E-05  -1.2239E-05
  > E    =  -8.412664125605E+02 +/-   2.470151597915E-04
  > varE =   6.123126720870E-03
* Computing derivatives.
    [walltime: 2m32s elapsed, 1h20m remaining]
    [walltime: 1h1m elapsed, 21m6s remaining]
  Done. [total walltime: 1h22m]
* Optimizing manipulation constant:
  #igrid a___________ E____________________________________ varE____________
     1     Infinity    -8.41266413E+02 +/-   2.47015160E-04   6.12312672E-03
     2     1.0000E+06  -8.41266413E+02 +/-   2.47015133E-04   6.12312538E-03
     3     2.1544E+05  -8.41266413E+02 +/-   2.47015035E-04   6.12312052E-03
     4     4.6416E+04  -8.41266413E+02 +/-   2.47014579E-04   6.12309794E-03
     5     1.0000E+04  -8.41266413E+02 +/-   2.47012468E-04   6.12299325E-03
     6     2.1544E+03  -8.41266413E+02 +/-   2.47002712E-04   6.12250961E-03
     7     4.6416E+02  -8.41266416E+02 +/-   2.46958372E-04   6.12031166E-03
     8     1.0000E+02  -8.41266428E+02 +/-   2.46770025E-04   6.11097970E-03
     9     2.1544E+01  -8.41266474E+02 +/-   2.46169787E-04   6.08128746E-03
    10     4.6416E+00  -8.41266538E+02 +/-   2.46072695E-04   6.07649132E-03
    11     1.0000E+00  -8.41266079E+02 +/-   2.56042486E-04   6.57885180E-03
    12     2.1544E-01  -8.41263177E+02 +/-   3.02288352E-04   9.16998991E-03
    13     4.6416E-02  -8.41259211E+02 +/-   3.54572416E-04   1.26164138E-02
    14     1.0000E-02  -8.41257346E+02 +/-   3.76522154E-04   1.42267959E-02
    15     2.1544E-03  -8.41256840E+02 +/-   3.82250350E-04   1.46629656E-02
    16     4.6416E-04  -8.41256725E+02 +/-   3.83541271E-04   1.47621713E-02
    17     1.0000E-04  -8.41256699E+02 +/-   3.83822158E-04   1.47838014E-02
    18     2.1544E-05  -8.41256694E+02 +/-   3.83882803E-04   1.47884735E-02
    19     4.6416E-06  -8.41256693E+02 +/-   3.83895875E-04   1.47894806E-02
    20     1.0000E-06  -8.41256693E+02 +/-   3.83898691E-04   1.47896976E-02
    21     0.0000E+00  -8.41256692E+02 +/-   3.83899465E-04   1.47897572E-02
  ParMin   8.3728E+00  -8.41266521E+02 +/-   2.45822652E-04   6.06414856E-03
  # Using grid point #10
* Iteration # 1: E =  -8.412665376967E+02 +/-   2.460726945722E-04
* Computing derivatives.
    [walltime: 2m32s elapsed, 1h20m remaining]
    [walltime: 1h elapsed, 21m59s remaining]
  Done. [total walltime: 1h22m]
* Optimizing manipulation constant:
  #igrid a___________ E____________________________________ varE____________
     1     Infinity    -8.41266538E+02 +/-   2.46072695E-04   6.07649132E-03
     2     1.0000E+06  -8.41266538E+02 +/-   2.46072673E-04   6.07649027E-03
     3     2.1544E+05  -8.41266538E+02 +/-   2.46072595E-04   6.07648641E-03
     4     4.6416E+04  -8.41266538E+02 +/-   2.46072233E-04   6.07646853E-03
     5     1.0000E+04  -8.41266538E+02 +/-   2.46070564E-04   6.07638610E-03
     6     2.1544E+03  -8.41266538E+02 +/-   2.46063054E-04   6.07601520E-03
     7     4.6416E+02  -8.41266540E+02 +/-   2.46033270E-04   6.07454437E-03
     8     1.0000E+02  -8.41266544E+02 +/-   2.46002773E-04   6.07303856E-03
     9     2.1544E+01  -8.41266421E+02 +/-   2.48401787E-04   6.19206440E-03
    10     4.6416E+00  -8.41256457E+02 +/-   3.82815228E-04   1.47063346E-02
    11     1.0000E+00  -8.40824428E+02 +/-   1.84846035E-03   3.42883282E-01
    12     2.1544E-01  -8.40895577E+02 +/-   1.69485475E-03   2.88264393E-01
    13     4.6416E-02  -8.41222511E+02 +/-   6.78140174E-04   4.61492852E-02
    14     1.0000E-02  -8.41238074E+02 +/-   5.72093546E-04   3.28443090E-02
    15     2.1544E-03  -8.41239760E+02 +/-   5.58450550E-04   3.12964789E-02
    16     4.6416E-04  -8.41240075E+02 +/-   5.55811102E-04   3.10013400E-02
    17     1.0000E-04  -8.41240141E+02 +/-   5.55255196E-04   3.09393578E-02
    18     2.1544E-05  -8.41240155E+02 +/-   5.55136012E-04   3.09260771E-02
    19     4.6416E-06  -8.41240158E+02 +/-   5.55110361E-04   3.09232192E-02
    20     1.0000E-06  -8.41240159E+02 +/-   5.55104836E-04   3.09226037E-02
    21     0.0000E+00  -8.41240159E+02 +/-   5.55103319E-04   3.09224347E-02
  ParMin   2.0648E+02  -8.41266543E+02 +/-   2.46002942E-04   6.07304689E-03
  # Using grid point #8
* Iteration # 2: E =  -8.412665440040E+02 +/-   2.460027732529E-04
* Convergence: exiting.
* After optimization:
  -2.4174E+00  -2.5142E+00  -2.5438E+00  -2.4290E+00  -2.5756E+00  -2.7240E+00
   3.7433E-01   3.7875E-01   2.9214E-01   2.8016E-01   6.8349E-01   4.4471E-01
   4.3797E-01   4.7557E-01   4.7336E-01   5.0955E-01   5.1692E-01   3.8748E-01
   3.9040E-01   7.8301E-02   7.2484E-02   2.9571E-01   2.5186E-01   2.5100E-01
   1.6744E-01   1.7012E-01   1.1433E-01   1.1824E-01   3.1790E-02   3.3475E-02
   1.2836E-01   1.2823E-01   1.2649E-02   1.1655E-01   1.1169E-01   9.5200E-02
   8.8292E-02   1.5895E-01   1.5923E-01   1.7042E-01   1.8855E-01   1.8909E-01
   8.7576E-02   7.5552E-02  -3.8578E-02  -3.5481E-02  -6.4112E-02  -6.5298E-02
  -9.0418E-03  -1.0334E-02   3.4363E-01   3.2319E-01  -5.2886E-02  -5.4659E-02
  -3.7050E-02  -4.0159E-02  -5.0305E-02  -4.9789E-02  -9.0148E-02  -9.0868E-02
  -8.3452E-02  -8.3423E-02  -2.0541E-02  -1.9201E-02  -3.6085E-02  -3.5069E-02
   3.4437E-03  -3.1256E-02  -4.6686E-01  -8.4279E-02  -2.0838E-01  -1.0130E-01
  -1.8577E-01  -3.6912E-01  -3.2274E-01  -2.7949E-01  -3.1104E-01  -2.6146E-01
  -2.9344E-01  -2.8621E-01  -2.8029E-01  -1.9593E-01  -2.3246E-01  -8.3768E-03
  -9.1891E-02  -3.1218E-02  -6.9700E-02  -1.6690E-01  -1.5124E-01  -1.2140E-01
  -1.2720E-01  -8.1054E-02  -8.6015E-02  -6.1213E-02  -6.3906E-02  -1.3772E-03
  -3.4915E-02  -5.2055E-02  -6.7393E-02   1.7519E-02  -3.3268E-02  -3.0417E-02
  -7.5335E-02  -9.0088E-04  -8.1635E-02  -2.2168E-02  -1.1244E-01  -5.7962E-02
  -8.8234E-02  -7.4508E-02  -8.8402E-02  -7.8103E-03  -6.2083E-02   1.0500E-02
   1.4744E-02   4.4884E-02   2.2854E-02   3.8046E-03  -5.9399E-03  -1.3260E-01
  -1.7978E-01   3.4573E-02   2.0936E-02   2.1443E-02   2.2775E-02   2.6543E-02
   2.4688E-02   4.8423E-02   4.3745E-02   4.2995E-02   4.1593E-02   7.0648E-03
   8.2191E-03   1.5780E-02   2.2824E-02  -8.2516E-03  -3.3118E-03   8.9923E-01
   9.5269E-01   9.2558E-01   9.1215E-01   1.0091E+00   1.0780E+00  -6.1538E-01
  -3.6788E-01  -3.7889E-01  -5.8034E-01  -2.4799E-01  -2.1324E-01  -2.0812E-01
  -3.6551E-01  -1.4058E-01  -1.3328E-01  -3.1003E-01   2.9820E-03   1.0593E-02
  -9.0235E-02  -1.3980E-02   4.9483E-03  -6.9167E-03  -4.1564E-03  -3.4864E-03
  -1.4249E-02   2.6402E-04   7.2003E-03  -1.3940E-03  -9.9106E-03   1.5900E-04
  -4.5353E-01  -2.4314E-01  -2.5712E-01  -3.9120E-01  -7.0060E-02  -7.0557E-02
  -7.8618E-02  -2.1371E-01  -8.8587E-02  -8.8815E-02  -2.4975E-01   4.4053E-02
   4.6785E-02  -8.1319E-02  -4.3996E-03   9.3113E-03  -2.3609E-03  -4.1295E-03
  -3.3086E-03   2.3291E-03  -1.0412E-02  -3.9013E-03   1.2728E-02  -4.5361E-04
  -2.7530E-03  -4.9576E-01  -3.1232E-01  -3.1206E-01  -4.7056E-01  -1.2857E-01
  -1.2415E-01  -1.3933E-01  -2.8084E-01  -8.3651E-02  -6.7096E-02  -2.1605E-01
  -4.6989E-02  -3.4435E-02  -8.9321E-02  -2.1897E-03   9.8738E-04  -1.2146E-04
   1.1439E-03   1.8490E-03  -1.6729E-02   1.1958E-02   1.5429E-02  -7.9854E-03
  -9.8861E-04   3.0746E-03  -5.2097E-01  -2.2067E-01  -2.3299E-01  -3.8572E-01
  -1.0819E-01  -8.1401E-02  -8.6488E-02  -2.0155E-01  -2.6790E-02  -2.0639E-02
  -1.6410E-01  -2.9199E-03  -1.8317E-03  -7.3659E-02   5.9899E-03   4.2148E-03
   1.8578E-03  -1.6735E-04   9.1747E-04  -2.5763E-03   1.1123E-03   5.6550E-03
   4.7761E-03   6.2289E-03  -3.5286E-04
  > Energy =  -8.412665440040E+02 +/-   2.460027732529E-04
  > varE =   6.073038557095E-03

VMC #3:
* Size of Hilbert space =   4.9763E+11
* Number of equil. steps   = 1000
* Running VMC equilibration.
  Done. [total walltime: 0.11s]
* Equil. acc.ratio (%)     =   6.5541
* Sample config after equilibration:
  +---------------------+
  |  d   2   2   d   0  |
  |u   0   0   u   u   2|
  |0   d   2   d   u   d|
  |  2   u   0   u   d  |
  +---------------------+
* Number of accum. steps   = 501760 x 10
* Running VMC accumulation.
    [walltime: 1m elapsed, 46.1s remaining]
  Done. [total walltime: 1m46s]
* Acceptance ratio (%)     =   6.5064
* Etot/t                   =  -8.412663655173E+02 +/-   1.135880522569E-04
  > Ttot/t                 =  -7.559174692442E+01 +/-   1.047113594848E-03
  > Utot/t                 =   3.302652329365E+01 +/-   1.030710074994E-03
* var[Eloc/t]              =   6.258399014061E-03 +/-   1.669411483269E-04
* Correlation length       =   1.034422820517E+00

Optimization #3:
* Method          : lls
* Target function : energy
* No. of configs. : 100352
* No. of params.  : 243
* Before optimization:
  -2.4174E+00  -2.5142E+00  -2.5438E+00  -2.4290E+00  -2.5756E+00  -2.7240E+00
   3.7433E-01   3.7875E-01   2.9214E-01   2.8016E-01   6.8349E-01   4.4471E-01
   4.3797E-01   4.7557E-01   4.7336E-01   5.0955E-01   5.1692E-01   3.8748E-01
   3.9040E-01   7.8301E-02   7.2484E-02   2.9571E-01   2.5186E-01   2.5100E-01
   1.6744E-01   1.7012E-01   1.1433E-01   1.1824E-01   3.1790E-02   3.3475E-02
   1.2836E-01   1.2823E-01   1.2649E-02   1.1655E-01   1.1169E-01   9.5200E-02
   8.8292E-02   1.5895E-01   1.5923E-01   1.7042E-01   1.8855E-01   1.8909E-01
   8.7576E-02   7.5552E-02  -3.8578E-02  -3.5481E-02  -6.4112E-02  -6.5298E-02
  -9.0418E-03  -1.0334E-02   3.4363E-01   3.2319E-01  -5.2886E-02  -5.4659E-02
  -3.7050E-02  -4.0159E-02  -5.0305E-02  -4.9789E-02  -9.0148E-02  -9.0868E-02
  -8.3452E-02  -8.3423E-02  -2.0541E-02  -1.9201E-02  -3.6085E-02  -3.5069E-02
   3.4437E-03  -3.1256E-02  -4.6686E-01  -8.4279E-02  -2.0838E-01  -1.0130E-01
  -1.8577E-01  -3.6912E-01  -3.2274E-01  -2.7949E-01  -3.1104E-01  -2.6146E-01
  -2.9344E-01  -2.8621E-01  -2.8029E-01  -1.9593E-01  -2.3246E-01  -8.3768E-03
  -9.1891E-02  -3.1218E-02  -6.9700E-02  -1.6690E-01  -1.5124E-01  -1.2140E-01
  -1.2720E-01  -8.1054E-02  -8.6015E-02  -6.1213E-02  -6.3906E-02  -1.3772E-03
  -3.4915E-02  -5.2055E-02  -6.7393E-02   1.7519E-02  -3.3268E-02  -3.0417E-02
  -7.5335E-02  -9.0088E-04  -8.1635E-02  -2.2168E-02  -1.1244E-01  -5.7962E-02
  -8.8234E-02  -7.4508E-02  -8.8402E-02  -7.8103E-03  -6.2083E-02   1.0500E-02
   1.4744E-02   4.4884E-02   2.2854E-02   3.8046E-03  -5.9399E-03  -1.3260E-01
  -1.7978E-01   3.4573E-02   2.0936E-02   2.1443E-02   2.2775E-02   2.6543E-02
   2.4688E-02   4.8423E-02   4.3745E-02   4.2995E-02   4.1593E-02   7.0648E-03
   8.2191E-03   1.5780E-02   2.2824E-02  -8.2516E-03  -3.3118E-03   8.9923E-01
   9.5269E-01   9.2558E-01   9.1215E-01   1.0091E+00   1.0780E+00  -6.1538E-01
  -3.6788E-01  -3.7889E-01  -5.8034E-01  -2.4799E-01  -2.1324E-01  -2.0812E-01
  -3.6551E-01  -1.4058E-01  -1.3328E-01  -3.1003E-01   2.9820E-03   1.0593E-02
  -9.0235E-02  -1.3980E-02   4.9483E-03  -6.9167E-03  -4.1564E-03  -3.4864E-03
  -1.4249E-02   2.6402E-04   7.2003E-03  -1.3940E-03  -9.9106E-03   1.5900E-04
  -4.5353E-01  -2.4314E-01  -2.5712E-01  -3.9120E-01  -7.0060E-02  -7.0557E-02
  -7.8618E-02  -2.1371E-01  -8.8587E-02  -8.8815E-02  -2.4975E-01   4.4053E-02
   4.6785E-02  -8.1319E-02  -4.3996E-03   9.3113E-03  -2.3609E-03  -4.1295E-03
  -3.3086E-03   2.3291E-03  -1.0412E-02  -3.9013E-03   1.2728E-02  -4.5361E-04
  -2.7530E-03  -4.9576E-01  -3.1232E-01  -3.1206E-01  -4.7056E-01  -1.2857E-01
  -1.2415E-01  -1.3933E-01  -2.8084E-01  -8.3651E-02  -6.7096E-02  -2.1605E-01
  -4.6989E-02  -3.4435E-02  -8.9321E-02  -2.1897E-03   9.8738E-04  -1.2146E-04
   1.1439E-03   1.8490E-03  -1.6729E-02   1.1958E-02   1.5429E-02  -7.9854E-03
  -9.8861E-04   3.0746E-03  -5.2097E-01  -2.2067E-01  -2.3299E-01  -3.8572E-01
  -1.0819E-01  -8.1401E-02  -8.6488E-02  -2.0155E-01  -2.6790E-02  -2.0639E-02
  -1.6410E-01  -2.9199E-03  -1.8317E-03  -7.3659E-02   5.9899E-03   4.2148E-03
   1.8578E-03  -1.6735E-04   9.1747E-04  -2.5763E-03   1.1123E-03   5.6550E-03
   4.7761E-03   6.2289E-03  -3.5286E-04
  > E    =  -8.412663515453E+02 +/-   2.467390025436E-04
  > varE =   6.109443345274E-03
* Computing derivatives.
    [walltime: 2m33s elapsed, 1h20m remaining]
    [walltime: 1h elapsed, 22m remaining]
  Done. [total walltime: 1h22m]
* Optimizing manipulation constant:
  #igrid a___________ E____________________________________ varE____________
     1     Infinity    -8.41266352E+02 +/-   2.46739003E-04   6.10944335E-03
     2     1.0000E+06  -8.41266352E+02 +/-   2.46738981E-04   6.10944226E-03
     3     2.1544E+05  -8.41266352E+02 +/-   2.46738901E-04   6.10943833E-03
     4     4.6416E+04  -8.41266352E+02 +/-   2.46738532E-04   6.10942007E-03
     5     1.0000E+04  -8.41266352E+02 +/-   2.46736826E-04   6.10933555E-03
     6     2.1544E+03  -8.41266352E+02 +/-   2.46729014E-04   6.10894871E-03
     7     4.6416E+02  -8.41266354E+02 +/-   2.46695084E-04   6.10726860E-03
     8     1.0000E+02  -8.41266361E+02 +/-   2.46585261E-04   6.10183222E-03
     9     2.1544E+01  -8.41266339E+02 +/-   2.46956465E-04   6.12021715E-03
    10     4.6416E+00  -8.41265231E+02 +/-   2.64672852E-04   7.02983006E-03
    11     1.0000E+00  -8.41255176E+02 +/-   3.92512191E-04   1.54608132E-02
    12     2.1544E-01  -8.41242298E+02 +/-   5.10699336E-04   2.61731876E-02
    13     4.6416E-02  -8.41233418E+02 +/-   5.75852273E-04   3.32773092E-02
    14     1.0000E-02  -8.41229380E+02 +/-   6.02608105E-04   3.64414769E-02
    15     2.1544E-03  -8.41228277E+02 +/-   6.09668598E-04   3.73004168E-02
    16     4.6416E-04  -8.41228025E+02 +/-   6.11264864E-04   3.74959964E-02
    17     1.0000E-04  -8.41227971E+02 +/-   6.11612443E-04   3.75386506E-02
    18     2.1544E-05  -8.41227959E+02 +/-   6.11687499E-04   3.75478645E-02
    19     4.6416E-06  -8.41227956E+02 +/-   6.11703678E-04   3.75498508E-02
    20     1.0000E-06  -8.41227956E+02 +/-   6.11707163E-04   3.75502787E-02
    21     0.0000E+00  -8.41227955E+02 +/-   6.11708121E-04   3.75503963E-02
  ParMin   1.4960E+02  -8.41266359E+02 +/-   2.46622395E-04   6.10367013E-03
  # Using grid point #8
* Iteration # 1: E =  -8.412663613636E+02 +/-   2.465852613634E-04
* Convergence: exiting.
* After optimization:
  -2.4386E+00  -2.5372E+00  -2.5668E+00  -2.4506E+00  -2.5982E+00  -2.7477E+00
   3.7534E-01   3.7967E-01   2.9184E-01   2.8024E-01   6.8472E-01   4.4442E-01
   4.3760E-01   4.7546E-01   4.7325E-01   5.0931E-01   5.1685E-01   3.8772E-01
   3.9059E-01   7.8020E-02   7.2072E-02   2.9656E-01   2.5185E-01   2.5098E-01
   1.6739E-01   1.7008E-01   1.1477E-01   1.1866E-01   3.1795E-02   3.3483E-02
   1.2871E-01   1.2863E-01   1.2640E-02   1.1644E-01   1.1158E-01   9.5140E-02
   8.8248E-02   1.5926E-01   1.5953E-01   1.7042E-01   1.8851E-01   1.8909E-01
   8.7638E-02   7.5558E-02  -3.8494E-02  -3.5415E-02  -6.4073E-02  -6.5271E-02
  -9.0815E-03  -1.0347E-02   3.4465E-01   3.2433E-01  -5.2943E-02  -5.4705E-02
  -3.6946E-02  -4.0083E-02  -5.0286E-02  -4.9735E-02  -9.0146E-02  -9.0851E-02
  -8.3422E-02  -8.3412E-02  -2.0538E-02  -1.9192E-02  -3.6065E-02  -3.5031E-02
   3.4084E-03  -3.2550E-02  -4.6734E-01  -8.4112E-02  -2.0817E-01  -1.0148E-01
  -1.8576E-01  -3.6980E-01  -3.2351E-01  -2.7921E-01  -3.1091E-01  -2.6130E-01
  -2.9324E-01  -2.8605E-01  -2.8018E-01  -1.9609E-01  -2.3245E-01  -8.2335E-03
  -9.1685E-02  -3.0878E-02  -6.9366E-02  -1.6746E-01  -1.5178E-01  -1.2140E-01
  -1.2719E-01  -8.1022E-02  -8.6001E-02  -6.1485E-02  -6.4031E-02  -1.3500E-03
  -3.4956E-02  -5.2313E-02  -6.7514E-02   1.7548E-02  -3.3270E-02  -3.0355E-02
  -7.5299E-02  -8.7157E-04  -8.1586E-02  -2.2451E-02  -1.1248E-01  -5.7915E-02
  -8.8237E-02  -7.4400E-02  -8.8434E-02  -7.8747E-03  -6.2129E-02   1.0485E-02
   1.4718E-02   4.4863E-02   2.2814E-02   3.8474E-03  -5.9292E-03  -1.3313E-01
  -1.8018E-01   3.4595E-02   2.0944E-02   2.1364E-02   2.2702E-02   2.6531E-02
   2.4656E-02   4.8438E-02   4.3735E-02   4.2989E-02   4.1579E-02   7.0599E-03
   8.2147E-03   1.5776E-02   2.2805E-02  -8.2275E-03  -3.2895E-03   9.0774E-01
   9.6289E-01   9.3472E-01   9.2092E-01   1.0199E+00   1.0890E+00  -6.2054E-01
  -3.7177E-01  -3.8220E-01  -5.8478E-01  -2.5126E-01  -2.1608E-01  -2.1102E-01
  -3.6911E-01  -1.4142E-01  -1.3381E-01  -3.1281E-01   3.0470E-03   1.0854E-02
  -9.1158E-02  -1.4240E-02   5.1890E-03  -7.2413E-03  -4.3638E-03  -3.5340E-03
  -1.4766E-02   2.4039E-04   7.4976E-03  -1.4012E-03  -1.0380E-02   1.1986E-04
  -4.5761E-01  -2.4527E-01  -2.5940E-01  -3.9455E-01  -7.0870E-02  -7.1239E-02
  -7.9424E-02  -2.1609E-01  -8.9183E-02  -8.9440E-02  -2.5183E-01   4.4340E-02
   4.7286E-02  -8.2212E-02  -4.4941E-03   9.7139E-03  -2.4366E-03  -4.2956E-03
  -3.3821E-03   2.5156E-03  -1.0956E-02  -4.1860E-03   1.3393E-02  -5.0276E-04
  -2.9286E-03  -4.9453E-01  -3.1182E-01  -3.1143E-01  -4.6959E-01  -1.2883E-01
  -1.2421E-01  -1.3949E-01  -2.8056E-01  -8.3194E-02  -6.6363E-02  -2.1584E-01
  -4.6724E-02  -3.4191E-02  -8.9369E-02  -2.1674E-03   1.0639E-03  -1.5445E-04
   1.2118E-03   2.0698E-03  -1.7288E-02   1.2360E-02   1.6071E-02  -8.2906E-03
  -1.0498E-03   3.1546E-03  -5.2077E-01  -2.1969E-01  -2.3273E-01  -3.8544E-01
  -1.0792E-01  -8.0678E-02  -8.5929E-02  -2.0159E-01  -2.6747E-02  -2.0641E-02
  -1.6365E-01  -2.8995E-03  -1.6818E-03  -7.3727E-02   6.0569E-03   4.3574E-03
   1.9730E-03  -1.3856E-04   1.0282E-03  -2.5722E-03   1.0500E-03   5.8019E-03
   5.0187E-03   6.4489E-03  -4.2444E-04
  > Energy =  -8.412663613636E+02 +/-   2.465852613634E-04
  > varE =   6.101832222639E-03

VMC #4:
* Size of Hilbert space =   4.9763E+11
* Number of equil. steps   = 1000
* Running VMC equilibration.
  Done. [total walltime: 0.11s]
* Equil. acc.ratio (%)     =   6.4706
* Sample config after equilibration:
  +---------------------+
  |  u   u   u   d   0  |
  |d   d   d   2   2   2|
  |u   2   0   d   d   u|
  |  d   0   u   u   0  |
  +---------------------+
* Number of accum. steps   = 501760 x 10
* Running VMC accumulation.
    [walltime: 1m elapsed, 46.3s remaining]
  Done. [total walltime: 1m46s]
* Acceptance ratio (%)     =   6.4305
* Etot/t                   =  -8.412665162973E+02 +/-   1.123755781826E-04
  > Ttot/t                 =  -7.559171226986E+01 +/-   1.053210831615E-03
  > Utot/t                 =   3.302633785904E+01 +/-   1.039325350737E-03
* var[Eloc/t]              =   6.098735435713E-03 +/-   2.511748398346E-05
* Correlation length       =   1.038963094716E+00

Optimization #4:
* Method          : lls
* Target function : energy
* No. of configs. : 100352
* No. of params.  : 243
* Before optimization:
  -2.4386E+00  -2.5372E+00  -2.5668E+00  -2.4506E+00  -2.5982E+00  -2.7477E+00
   3.7534E-01   3.7967E-01   2.9184E-01   2.8024E-01   6.8472E-01   4.4442E-01
   4.3760E-01   4.7546E-01   4.7325E-01   5.0931E-01   5.1685E-01   3.8772E-01
   3.9059E-01   7.8020E-02   7.2072E-02   2.9656E-01   2.5185E-01   2.5098E-01
   1.6739E-01   1.7008E-01   1.1477E-01   1.1866E-01   3.1795E-02   3.3483E-02
   1.2871E-01   1.2863E-01   1.2640E-02   1.1644E-01   1.1158E-01   9.5140E-02
   8.8248E-02   1.5926E-01   1.5953E-01   1.7042E-01   1.8851E-01   1.8909E-01
   8.7638E-02   7.5558E-02  -3.8494E-02  -3.5415E-02  -6.4073E-02  -6.5271E-02
  -9.0815E-03  -1.0347E-02   3.4465E-01   3.2433E-01  -5.2943E-02  -5.4705E-02
  -3.6946E-02  -4.0083E-02  -5.0286E-02  -4.9735E-02  -9.0146E-02  -9.0851E-02
  -8.3422E-02  -8.3412E-02  -2.0538E-02  -1.9192E-02  -3.6065E-02  -3.5031E-02
   3.4084E-03  -3.2550E-02  -4.6734E-01  -8.4112E-02  -2.0817E-01  -1.0148E-01
  -1.8576E-01  -3.6980E-01  -3.2351E-01  -2.7921E-01  -3.1091E-01  -2.6130E-01
  -2.9324E-01  -2.8605E-01  -2.8018E-01  -1.9609E-01  -2.3245E-01  -8.2335E-03
  -9.1685E-02  -3.0878E-02  -6.9366E-02  -1.6746E-01  -1.5178E-01  -1.2140E-01
  -1.2719E-01  -8.1022E-02  -8.6001E-02  -6.1485E-02  -6.4031E-02  -1.3500E-03
  -3.4956E-02  -5.2313E-02  -6.7514E-02   1.7548E-02  -3.3270E-02  -3.0355E-02
  -7.5299E-02  -8.7157E-04  -8.1586E-02  -2.2451E-02  -1.1248E-01  -5.7915E-02
  -8.8237E-02  -7.4400E-02  -8.8434E-02  -7.8747E-03  -6.2129E-02   1.0485E-02
   1.4718E-02   4.4863E-02   2.2814E-02   3.8474E-03  -5.9292E-03  -1.3313E-01
  -1.8018E-01   3.4595E-02   2.0944E-02   2.1364E-02   2.2702E-02   2.6531E-02
   2.4656E-02   4.8438E-02   4.3735E-02   4.2989E-02   4.1579E-02   7.0599E-03
   8.2147E-03   1.5776E-02   2.2805E-02  -8.2275E-03  -3.2895E-03   9.0774E-01
   9.6289E-01   9.3472E-01   9.2092E-01   1.0199E+00   1.0890E+00  -6.2054E-01
  -3.7177E-01  -3.8220E-01  -5.8478E-01  -2.5126E-01  -2.1608E-01  -2.1102E-01
  -3.6911E-01  -1.4142E-01  -1.3381E-01  -3.1281E-01   3.0470E-03   1.0854E-02
  -9.1158E-02  -1.4240E-02   5.1890E-03  -7.2413E-03  -4.3638E-03  -3.5340E-03
  -1.4766E-02   2.4039E-04   7.4976E-03  -1.4012E-03  -1.0380E-02   1.1986E-04
  -4.5761E-01  -2.4527E-01  -2.5940E-01  -3.9455E-01  -7.0870E-02  -7.1239E-02
  -7.9424E-02  -2.1609E-01  -8.9183E-02  -8.9440E-02  -2.5183E-01   4.4340E-02
   4.7286E-02  -8.2212E-02  -4.4941E-03   9.7139E-03  -2.4366E-03  -4.2956E-03
  -3.3821E-03   2.5156E-03  -1.0956E-02  -4.1860E-03   1.3393E-02  -5.0276E-04
  -2.9286E-03  -4.9453E-01  -3.1182E-01  -3.1143E-01  -4.6959E-01  -1.2883E-01
  -1.2421E-01  -1.3949E-01  -2.8056E-01  -8.3194E-02  -6.6363E-02  -2.1584E-01
  -4.6724E-02  -3.4191E-02  -8.9369E-02  -2.1674E-03   1.0639E-03  -1.5445E-04
   1.2118E-03   2.0698E-03  -1.7288E-02   1.2360E-02   1.6071E-02  -8.2906E-03
  -1.0498E-03   3.1546E-03  -5.2077E-01  -2.1969E-01  -2.3273E-01  -3.8544E-01
  -1.0792E-01  -8.0678E-02  -8.5929E-02  -2.0159E-01  -2.6747E-02  -2.0641E-02
  -1.6365E-01  -2.8995E-03  -1.6818E-03  -7.3727E-02   6.0569E-03   4.3574E-03
   1.9730E-03  -1.3856E-04   1.0282E-03  -2.5722E-03   1.0500E-03   5.8019E-03
   5.0187E-03   6.4489E-03  -4.2444E-04
  > E    =  -8.412667140096E+02 +/-   2.446703769448E-04
  > varE =   6.007431320294E-03
* Computing derivatives.
    [walltime: 2m33s elapsed, 1h20m remaining]
    [walltime: 1h elapsed, 22m remaining]
  Done. [total walltime: 1h22m]
* Optimizing manipulation constant:
  #igrid a___________ E____________________________________ varE____________
     1     Infinity    -8.41266714E+02 +/-   2.44670377E-04   6.00743132E-03
     2     1.0000E+06  -8.41266714E+02 +/-   2.44670357E-04   6.00743032E-03
     3     2.1544E+05  -8.41266714E+02 +/-   2.44670282E-04   6.00742666E-03
     4     4.6416E+04  -8.41266714E+02 +/-   2.44669937E-04   6.00740972E-03
     5     1.0000E+04  -8.41266714E+02 +/-   2.44668339E-04   6.00733125E-03
     6     2.1544E+03  -8.41266715E+02 +/-   2.44661002E-04   6.00697095E-03
     7     4.6416E+02  -8.41266717E+02 +/-   2.44628681E-04   6.00538397E-03
     8     1.0000E+02  -8.41266724E+02 +/-   2.44517434E-04   5.99992319E-03
     9     2.1544E+01  -8.41266694E+02 +/-   2.45107129E-04   6.02889775E-03
    10     4.6416E+00  -8.41049809E+02 +/-   1.34605402E-03   1.81823919E-01
    11     1.0000E+00  -8.41266320E+02 +/-   2.52946583E-04   6.42071903E-03
    12     2.1544E-01  -8.41267048E+02 +/-   2.40973507E-04   5.82726314E-03
    13     4.6416E-02  -8.41266802E+02 +/-   2.44763071E-04   6.01198406E-03
    14     1.0000E-02  -8.41266699E+02 +/-   2.46341029E-04   6.08975099E-03
    15     2.1544E-03  -8.41266673E+02 +/-   2.46729628E-04   6.10897914E-03
    16     4.6416E-04  -8.41266668E+02 +/-   2.46815806E-04   6.11324736E-03
    17     1.0000E-04  -8.41266666E+02 +/-   2.46834489E-04   6.11417287E-03
    18     2.1544E-05  -8.41266666E+02 +/-   2.46838519E-04   6.11437255E-03
    19     4.6416E-06  -8.41266666E+02 +/-   2.46839388E-04   6.11441558E-03
    20     1.0000E-06  -8.41266666E+02 +/-   2.46839575E-04   6.11442485E-03
    21     0.0000E+00  -8.41266666E+02 +/-   2.46839626E-04   6.11442740E-03
  ParMin   1.4731E-01  -8.41266985E+02 +/-   2.41936052E-04   5.87390895E-03
  # Using grid point #12
* Iteration # 1: E =  -8.412670482588E+02 +/-   2.409735072556E-04
* Computing derivatives.
    [walltime: 2m33s elapsed, 1h20m remaining]
    [walltime: 1h1m elapsed, 22m2s remaining]
  Done. [total walltime: 1h23m]
* Optimizing manipulation constant:
  #igrid a___________ E____________________________________ varE____________
     1     Infinity    -8.41267048E+02 +/-   2.40973507E-04   5.82726314E-03
     2     1.0000E+06  -8.41267048E+02 +/-   2.40973498E-04   5.82726270E-03
     3     2.1544E+05  -8.41267048E+02 +/-   2.40973466E-04   5.82726114E-03
     4     4.6416E+04  -8.41267048E+02 +/-   2.40973322E-04   5.82725416E-03
     5     1.0000E+04  -8.41267048E+02 +/-   2.40972781E-04   5.82722800E-03
     6     2.1544E+03  -8.41267048E+02 +/-   2.40973053E-04   5.82724119E-03
     7     4.6416E+02  -8.41267045E+02 +/-   2.41035138E-04   5.83024425E-03
     8     1.0000E+02  -8.41266932E+02 +/-   2.42951369E-04   5.92331371E-03
     9     2.1544E+01  -8.41254068E+02 +/-   4.07848227E-04   1.66925694E-02
    10     4.6416E+00  -8.39949343E+02 +/-   2.99463090E-03   8.99938092E-01
    11     1.0000E+00 (error)
    12     2.1544E-01  -8.38571672E+02 +/-   3.70588151E-03   1.37818999E+00
    13     4.6416E-02  -8.38958240E+02 +/-   3.55421783E-03   1.26769307E+00
    14     1.0000E-02  -8.39156193E+02 +/-   3.43481046E-03   1.18394516E+00
    15     2.1544E-03  -8.39203605E+02 +/-   3.40132439E-03   1.16097305E+00
    16     4.6416E-04  -8.39213972E+02 +/-   3.39371568E-03   1.15578471E+00
    17     1.0000E-04  -8.39216211E+02 +/-   3.39205795E-03   1.15465585E+00
    18     2.1544E-05  -8.39216694E+02 +/-   3.39169995E-03   1.15441213E+00
    19     4.6416E-06  -8.39216798E+02 +/-   3.39162278E-03   1.15435960E+00
    20     1.0000E-06  -8.39216820E+02 +/-   3.39160615E-03   1.15434828E+00
    21     0.0000E+00  -8.39216827E+02 +/-   3.39160158E-03   1.15434517E+00
* Iteration # 2: E =  -8.412670483414E+02 +/-   2.409730534795E-04
* Convergence: exiting.
* After optimization:
  -2.4874E+00  -2.7166E+00  -2.7147E+00  -2.7109E+00  -2.7584E+00  -2.9985E+00
   4.6962E-01   4.6609E-01   2.6706E-01   2.8836E-01   7.9222E-01   4.1741E-01
   4.1071E-01   4.5918E-01   4.6766E-01   4.8654E-01   5.0226E-01   4.0826E-01
   4.0321E-01   5.7870E-02   2.0787E-02   3.9451E-01   2.4928E-01   2.4778E-01
   1.6393E-01   1.6710E-01   1.5183E-01   1.5671E-01   3.3843E-02   3.2122E-02
   1.6025E-01   1.6166E-01   1.6966E-02   1.0305E-01   9.5168E-02   9.2983E-02
   8.4884E-02   1.7962E-01   1.7896E-01   1.7132E-01   1.8523E-01   1.8529E-01
   8.4008E-02   7.2054E-02  -2.9442E-02  -2.7606E-02  -6.0896E-02  -6.1707E-02
  -1.4609E-02  -1.4724E-02   4.3100E-01   4.1688E-01  -5.5817E-02  -5.8320E-02
  -2.7359E-02  -3.0611E-02  -4.7700E-02  -4.8107E-02  -8.7524E-02  -8.8364E-02
  -8.0384E-02  -8.1996E-02  -2.0721E-02  -1.9965E-02  -3.3687E-02  -3.3152E-02
   1.8576E-03  -1.3093E-01  -5.2946E-01  -7.1890E-02  -1.8554E-01  -1.0492E-01
  -1.8854E-01  -4.2997E-01  -3.9339E-01  -2.6234E-01  -2.9937E-01  -2.4829E-01
  -2.8273E-01  -2.7428E-01  -2.7051E-01  -2.0178E-01  -2.4714E-01   1.4116E-04
  -7.5115E-02  -7.5289E-03  -3.9938E-02  -2.2705E-01  -2.0714E-01  -1.2080E-01
  -1.2552E-01  -7.8642E-02  -8.2725E-02  -7.8984E-02  -8.4147E-02   1.4123E-03
  -3.7446E-02  -6.7136E-02  -8.6384E-02   1.7104E-02  -3.8231E-02  -2.4426E-02
  -6.6592E-02  -6.7290E-04  -7.6451E-02  -2.9463E-02  -1.2265E-01  -5.1825E-02
  -9.0045E-02  -6.5279E-02  -8.8973E-02  -9.9114E-03  -6.2658E-02   7.6349E-03
   1.1629E-02   4.4090E-02   1.8528E-02   8.3707E-03  -3.8268E-03  -1.7065E-01
  -2.1679E-01   3.6955E-02   2.1664E-02   1.4392E-02   1.7178E-02   2.5192E-02
   2.1479E-02   4.9954E-02   4.1116E-02   4.2709E-02   3.8555E-02   8.0686E-03
   9.1493E-03   1.6211E-02   2.2175E-02  -1.0049E-02  -3.3946E-03   8.5577E-01
   1.0058E+00   8.9032E-01   9.7924E-01   1.0823E+00   1.1001E+00  -4.9363E-01
  -4.0089E-01  -3.3536E-01  -4.6808E-01  -3.0771E-01  -2.9731E-01  -2.8580E-01
  -3.3840E-01  -1.1325E-01  -6.9111E-02  -3.3141E-01   8.2826E-03   2.2528E-02
  -9.5599E-02  -2.9676E-02   1.0673E-02  -3.1837E-02  -2.6014E-02  -1.5618E-02
  -5.9894E-02  -2.2597E-02   2.8640E-02  -1.6675E-02  -4.0176E-02  -2.2341E-03
  -3.8418E-01  -2.4128E-01  -2.4901E-01  -3.5658E-01  -8.2744E-02  -1.0569E-01
  -9.7332E-02  -2.3263E-01  -6.5014E-02  -6.9485E-02  -2.5674E-01   4.3095E-02
   5.3665E-02  -1.0009E-01  -7.6323E-03   3.0292E-02  -1.5294E-03  -2.7246E-02
  -2.1770E-02   1.5412E-02  -5.1306E-02  -2.2841E-02   4.4084E-02  -3.1311E-03
  -1.5313E-02  -3.9424E-01  -2.7683E-01  -2.6303E-01  -4.1382E-01  -1.4151E-01
  -1.3168E-01  -1.5481E-01  -2.4777E-01  -4.5322E-02  -5.8416E-03  -2.3421E-01
  -2.7116E-02  -1.3499E-02  -9.5914E-02   2.9516E-03   3.1711E-03   1.8006E-03
   2.9418E-03   1.1473E-02  -8.1230E-02   4.7280E-02   7.3470E-02  -4.0193E-02
  -8.6986E-03   1.3959E-02  -5.3261E-01  -1.5140E-01  -2.2160E-01  -3.9541E-01
  -9.1008E-02  -4.8439E-02  -5.4619E-02  -2.1916E-01  -4.9452E-03  -1.3203E-02
  -1.5683E-01   4.1521E-03   1.1829E-02  -8.8907E-02   1.9886E-02   1.9372E-02
   2.1568E-02  -7.8060E-04  -6.5283E-04  -6.4943E-03   7.0722E-03   2.4638E-02
   1.6487E-02   2.6611E-02  -4.0932E-03
  > Energy =  -8.412670483414E+02 +/-   2.409730534795E-04
  > varE =   5.827241190726E-03

VMC #5:
* Size of Hilbert space =   4.9763E+11
* Number of equil. steps   = 1000
* Running VMC equilibration.
  Done. [total walltime: 0.11s]
* Equil. acc.ratio (%)     =   6.0721
* Sample config after equilibration:
  +---------------------+
  |  u   u   u   2   d  |
  |d   d   0   d   u   u|
  |d   2   u   d   d   u|
  |  u   0   d   u   d  |
  +---------------------+
* Number of accum. steps   = 501760 x 10
* Running VMC accumulation.
    [walltime: 1m elapsed, 44.8s remaining]
  Done. [total walltime: 1m45s]
* Acceptance ratio (%)     =   6.0489
* Etot/t                   =  -8.412667653827E+02 +/-   1.125636142474E-04
  > Ttot/t                 =  -7.560450279027E+01 +/-   1.052420965521E-03
  > Utot/t                 =   3.303887929411E+01 +/-   1.047631718774E-03
* var[Eloc/t]              =   6.031922944513E-03 +/-   5.272037324082E-05
* Correlation length       =   1.053989562378E+00

Optimization #5:
* Method          : lls
* Target function : energy
* No. of configs. : 100352
* No. of params.  : 243
* Before optimization:
  -2.4874E+00  -2.7166E+00  -2.7147E+00  -2.7109E+00  -2.7584E+00  -2.9985E+00
   4.6962E-01   4.6609E-01   2.6706E-01   2.8836E-01   7.9222E-01   4.1741E-01
   4.1071E-01   4.5918E-01   4.6766E-01   4.8654E-01   5.0226E-01   4.0826E-01
   4.0321E-01   5.7870E-02   2.0787E-02   3.9451E-01   2.4928E-01   2.4778E-01
   1.6393E-01   1.6710E-01   1.5183E-01   1.5671E-01   3.3843E-02   3.2122E-02
   1.6025E-01   1.6166E-01   1.6966E-02   1.0305E-01   9.5168E-02   9.2983E-02
   8.4884E-02   1.7962E-01   1.7896E-01   1.7132E-01   1.8523E-01   1.8529E-01
   8.4008E-02   7.2054E-02  -2.9442E-02  -2.7606E-02  -6.0896E-02  -6.1707E-02
  -1.4609E-02  -1.4724E-02   4.3100E-01   4.1688E-01  -5.5817E-02  -5.8320E-02
  -2.7359E-02  -3.0611E-02  -4.7700E-02  -4.8107E-02  -8.7524E-02  -8.8364E-02
  -8.0384E-02  -8.1996E-02  -2.0721E-02  -1.9965E-02  -3.3687E-02  -3.3152E-02
   1.8576E-03  -1.3093E-01  -5.2946E-01  -7.1890E-02  -1.8554E-01  -1.0492E-01
  -1.8854E-01  -4.2997E-01  -3.9339E-01  -2.6234E-01  -2.9937E-01  -2.4829E-01
  -2.8273E-01  -2.7428E-01  -2.7051E-01  -2.0178E-01  -2.4714E-01   1.4116E-04
  -7.5115E-02  -7.5289E-03  -3.9938E-02  -2.2705E-01  -2.0714E-01  -1.2080E-01
  -1.2552E-01  -7.8642E-02  -8.2725E-02  -7.8984E-02  -8.4147E-02   1.4123E-03
  -3.7446E-02  -6.7136E-02  -8.6384E-02   1.7104E-02  -3.8231E-02  -2.4426E-02
  -6.6592E-02  -6.7290E-04  -7.6451E-02  -2.9463E-02  -1.2265E-01  -5.1825E-02
  -9.0045E-02  -6.5279E-02  -8.8973E-02  -9.9114E-03  -6.2658E-02   7.6349E-03
   1.1629E-02   4.4090E-02   1.8528E-02   8.3707E-03  -3.8268E-03  -1.7065E-01
  -2.1679E-01   3.6955E-02   2.1664E-02   1.4392E-02   1.7178E-02   2.5192E-02
   2.1479E-02   4.9954E-02   4.1116E-02   4.2709E-02   3.8555E-02   8.0686E-03
   9.1493E-03   1.6211E-02   2.2175E-02  -1.0049E-02  -3.3946E-03   8.5577E-01
   1.0058E+00   8.9032E-01   9.7924E-01   1.0823E+00   1.1001E+00  -4.9363E-01
  -4.0089E-01  -3.3536E-01  -4.6808E-01  -3.0771E-01  -2.9731E-01  -2.8580E-01
  -3.3840E-01  -1.1325E-01  -6.9111E-02  -3.3141E-01   8.2826E-03   2.2528E-02
  -9.5599E-02  -2.9676E-02   1.0673E-02  -3.1837E-02  -2.6014E-02  -1.5618E-02
  -5.9894E-02  -2.2597E-02   2.8640E-02  -1.6675E-02  -4.0176E-02  -2.2341E-03
  -3.8418E-01  -2.4128E-01  -2.4901E-01  -3.5658E-01  -8.2744E-02  -1.0569E-01
  -9.7332E-02  -2.3263E-01  -6.5014E-02  -6.9485E-02  -2.5674E-01   4.3095E-02
   5.3665E-02  -1.0009E-01  -7.6323E-03   3.0292E-02  -1.5294E-03  -2.7246E-02
  -2.1770E-02   1.5412E-02  -5.1306E-02  -2.2841E-02   4.4084E-02  -3.1311E-03
  -1.5313E-02  -3.9424E-01  -2.7683E-01  -2.6303E-01  -4.1382E-01  -1.4151E-01
  -1.3168E-01  -1.5481E-01  -2.4777E-01  -4.5322E-02  -5.8416E-03  -2.3421E-01
  -2.7116E-02  -1.3499E-02  -9.5914E-02   2.9516E-03   3.1711E-03   1.8006E-03
   2.9418E-03   1.1473E-02  -8.1230E-02   4.7280E-02   7.3470E-02  -4.0193E-02
  -8.6986E-03   1.3959E-02  -5.3261E-01  -1.5140E-01  -2.2160E-01  -3.9541E-01
  -9.1008E-02  -4.8439E-02  -5.4619E-02  -2.1916E-01  -4.9452E-03  -1.3203E-02
  -1.5683E-01   4.1521E-03   1.1829E-02  -8.8907E-02   1.9886E-02   1.9372E-02
   2.1568E-02  -7.8060E-04  -6.5283E-04  -6.4943E-03   7.0722E-03   2.4638E-02
   1.6487E-02   2.6611E-02  -4.0932E-03
  > E    =  -8.412668903178E+02 +/-   2.460562370599E-04
  > varE =   6.075678552078E-03
* Computing derivatives.
    [walltime: 2m33s elapsed, 1h20m remaining]
    [walltime: 1h1m elapsed, 22m2s remaining]
  Done. [total walltime: 1h23m]
* Optimizing manipulation constant:
  #igrid a___________ E____________________________________ varE____________
     1     Infinity    -8.41266890E+02 +/-   2.46056237E-04   6.07567855E-03
     2     1.0000E+06  -8.41266890E+02 +/-   2.46056226E-04   6.07567801E-03
     3     2.1544E+05  -8.41266890E+02 +/-   2.46056186E-04   6.07567603E-03
     4     4.6416E+04  -8.41266890E+02 +/-   2.46056000E-04   6.07566685E-03
     5     1.0000E+04  -8.41266890E+02 +/-   2.46055138E-04   6.07562426E-03
     6     2.1544E+03  -8.41266891E+02 +/-   2.46051137E-04   6.07542670E-03
     7     4.6416E+02  -8.41266892E+02 +/-   2.46032636E-04   6.07451310E-03
     8     1.0000E+02  -8.41266897E+02 +/-   2.45948193E-04   6.07034400E-03
     9     2.1544E+01  -8.41266920E+02 +/-   2.45584920E-04   6.05242509E-03
    10     4.6416E+00  -8.41267001E+02 +/-   2.44361930E-04   5.99229417E-03
    11     1.0000E+00  -8.41267136E+02 +/-   2.42812563E-04   5.91654728E-03
    12     2.1544E-01  -8.41266985E+02 +/-   2.47452095E-04   6.14480777E-03
    13     4.6416E-02  -8.41266564E+02 +/-   2.56229308E-04   6.58845585E-03
    14     1.0000E-02  -8.41266363E+02 +/-   2.60070451E-04   6.78747205E-03
    15     2.1544E-03  -8.41266310E+02 +/-   2.61060644E-04   6.83925570E-03
    16     4.6416E-04  -8.41266298E+02 +/-   2.61282752E-04   6.85089820E-03
    17     1.0000E-04  -8.41266296E+02 +/-   2.61331025E-04   6.85342991E-03
    18     2.1544E-05  -8.41266295E+02 +/-   2.61341445E-04   6.85397644E-03
    19     4.6416E-06  -8.41266295E+02 +/-   2.61343691E-04   6.85409424E-03
    20     1.0000E-06  -8.41266295E+02 +/-   2.61344174E-04   6.85411962E-03
    21     0.0000E+00  -8.41266295E+02 +/-   2.61344307E-04   6.85412659E-03
* Iteration # 1: E =  -8.412671358871E+02 +/-   2.428125631773E-04
* Computing derivatives.
    [walltime: 2m33s elapsed, 1h20m remaining]
    [walltime: 1h elapsed, 22m remaining]
  Done. [total walltime: 1h22m]
* Optimizing manipulation constant:
  #igrid a___________ E____________________________________ varE____________
     1     Infinity    -8.41267136E+02 +/-   2.42812563E-04   5.91654728E-03
     2     1.0000E+06  -8.41267136E+02 +/-   2.42812559E-04   5.91654707E-03
     3     2.1544E+05  -8.41267136E+02 +/-   2.42812544E-04   5.91654633E-03
     4     4.6416E+04  -8.41267136E+02 +/-   2.42812472E-04   5.91654285E-03
     5     1.0000E+04  -8.41267136E+02 +/-   2.42812142E-04   5.91652674E-03
     6     2.1544E+03  -8.41267136E+02 +/-   2.42810608E-04   5.91645198E-03
     7     4.6416E+02  -8.41267136E+02 +/-   2.42803513E-04   5.91610623E-03
     8     1.0000E+02  -8.41267139E+02 +/-   2.42771107E-04   5.91452717E-03
     9     2.1544E+01  -8.41267148E+02 +/-   2.42631274E-04   5.90771572E-03
    10     4.6416E+00  -8.41267182E+02 +/-   2.42154834E-04   5.88453729E-03
    11     1.0000E+00  -8.41267247E+02 +/-   2.41649336E-04   5.85999501E-03
    12     2.1544E-01  -8.41267076E+02 +/-   2.46580357E-04   6.10158949E-03
    13     4.6416E-02  -8.41266502E+02 +/-   2.57695350E-04   6.66406454E-03
    14     1.0000E-02  -8.41266188E+02 +/-   2.63118047E-04   6.94748003E-03
    15     2.1544E-03  -8.41266103E+02 +/-   2.64552303E-04   7.02342783E-03
    16     4.6416E-04  -8.41266083E+02 +/-   2.64875684E-04   7.04060882E-03
    17     1.0000E-04  -8.41266079E+02 +/-   2.64946045E-04   7.04434979E-03
    18     2.1544E-05  -8.41266078E+02 +/-   2.64961235E-04   7.04515760E-03
    19     4.6416E-06  -8.41266078E+02 +/-   2.64964510E-04   7.04533172E-03
    20     1.0000E-06  -8.41266078E+02 +/-   2.64965215E-04   7.04536924E-03
    21     0.0000E+00  -8.41266078E+02 +/-   2.64965409E-04   7.04537954E-03
  ParMin   1.4379E+00  -8.41267234E+02 +/-   2.41634844E-04   5.85929217E-03
  # Using grid point #11
* Iteration # 2: E =  -8.412672474543E+02 +/-   2.416493363860E-04
* Diminishing returns: exiting.
* After optimization:
  -2.4411E+00  -2.7862E+00  -2.7920E+00  -2.5577E+00  -2.7343E+00  -3.0480E+00
   4.4419E-01   4.3746E-01   2.6312E-01   2.8750E-01   8.1535E-01   4.3063E-01
   4.0972E-01   4.7748E-01   4.7743E-01   4.8304E-01   5.0866E-01   4.0602E-01
   4.0180E-01   4.9198E-02   8.5302E-03   4.0395E-01   2.5010E-01   2.4671E-01
   1.6488E-01   1.6790E-01   1.5879E-01   1.6360E-01   3.0779E-02   2.9586E-02
   1.6715E-01   1.6948E-01   1.4790E-02   9.8369E-02   9.2393E-02   8.9384E-02
   8.2302E-02   1.7761E-01   1.7527E-01   1.7607E-01   1.8387E-01   1.8562E-01
   8.1463E-02   6.7603E-02  -2.6493E-02  -2.4018E-02  -6.2542E-02  -6.3275E-02
  -1.7815E-02  -1.8155E-02   4.4491E-01   4.3084E-01  -5.8162E-02  -5.9183E-02
  -2.4394E-02  -2.7311E-02  -4.8099E-02  -4.7197E-02  -8.9013E-02  -8.8564E-02
  -8.0596E-02  -8.2082E-02  -2.0369E-02  -1.9352E-02  -3.2707E-02  -3.2426E-02
  -2.7359E-04  -1.0435E-01  -5.2444E-01  -7.5719E-02  -1.7700E-01  -1.1019E-01
  -1.8572E-01  -4.3752E-01  -3.9980E-01  -2.7040E-01  -2.9736E-01  -2.4882E-01
  -2.8069E-01  -2.7266E-01  -2.6568E-01  -1.9566E-01  -2.4063E-01   8.3655E-03
  -7.2321E-02   2.6714E-03  -3.2056E-02  -2.2910E-01  -2.0474E-01  -1.2112E-01
  -1.2578E-01  -8.0151E-02  -8.3907E-02  -8.3657E-02  -8.5640E-02   1.6368E-04
  -3.7917E-02  -7.3020E-02  -8.7750E-02   1.6625E-02  -3.6549E-02  -2.1989E-02
  -6.0009E-02   1.5080E-03  -7.3652E-02  -2.8925E-02  -1.2515E-01  -5.1931E-02
  -9.0857E-02  -6.4873E-02  -8.5565E-02  -7.5602E-03  -5.7145E-02   6.0333E-03
   1.0764E-02   4.5848E-02   2.0116E-02   8.5296E-03  -2.6416E-03  -1.8185E-01
  -2.2847E-01   3.6906E-02   2.3021E-02   1.3427E-02   1.6146E-02   2.5321E-02
   2.1752E-02   5.0162E-02   4.1496E-02   4.3115E-02   4.0059E-02   7.1028E-03
   7.8981E-03   1.5969E-02   2.1488E-02  -7.3497E-03  -8.8637E-04   8.3009E-01
   1.0409E+00   9.1376E-01   8.8558E-01   1.0678E+00   1.1121E+00  -5.5987E-01
  -3.4717E-01  -3.0265E-01  -5.1575E-01  -2.8449E-01  -2.3885E-01  -2.5069E-01
  -3.4461E-01  -9.1779E-02  -4.5527E-02  -3.3829E-01   8.0759E-03   2.6500E-02
  -1.0132E-01  -2.9949E-02   1.5769E-02  -2.7838E-02  -3.0192E-02  -8.7889E-03
  -5.9626E-02  -8.7594E-03   3.2481E-02  -1.6722E-02  -5.6147E-02  -3.7902E-03
  -4.5523E-01  -1.9586E-01  -2.2774E-01  -3.9731E-01  -5.5706E-02  -5.7865E-02
  -6.3296E-02  -2.3730E-01  -6.9154E-02  -6.3224E-02  -2.6692E-01   3.4621E-02
   5.3266E-02  -1.0449E-01  -7.7181E-03   3.9858E-02  -7.1185E-03  -2.9359E-02
  -7.1259E-03   1.5925E-02  -5.0498E-02  -2.3398E-02   5.6413E-02  -8.6012E-03
  -2.0617E-02  -4.4034E-01  -2.1634E-01  -2.1878E-01  -4.4978E-01  -1.1509E-01
  -9.1391E-02  -1.2488E-01  -2.4473E-01  -4.3913E-02   1.1258E-02  -2.4156E-01
  -2.1960E-02  -8.7706E-03  -9.8586E-02   8.7369E-03   2.9984E-03  -1.1383E-03
   8.2428E-03   1.6970E-02  -7.9724E-02   5.3244E-02   7.9955E-02  -3.6719E-02
  -1.5687E-02   1.3145E-02  -5.7096E-01  -1.0885E-01  -1.9253E-01  -4.2403E-01
  -6.0032E-02  -5.6714E-04  -2.0015E-02  -2.1106E-01  -2.5568E-02  -9.5050E-03
  -1.7083E-01   4.0469E-03   1.6560E-02  -9.0583E-02   2.6235E-02   2.3757E-02
   1.3212E-02   1.2739E-03   1.3167E-02  -5.4497E-03   2.7424E-03   2.5755E-02
   2.9084E-02   2.3905E-02  -6.7045E-03
  > Energy =  -8.412672474543E+02 +/-   2.416493363860E-04
  > varE =   5.859995007006E-03

VMC #6:
* Size of Hilbert space =   4.9763E+11
* Number of equil. steps   = 1000
* Running VMC equilibration.
  Done. [total walltime: 0.11s]
* Equil. acc.ratio (%)     =   6.0740
* Sample config after equilibration:
  +---------------------+
  |  d   d   u   u   d  |
  |2   u   0   d   0   u|
  |u   u   u   u   2   2|
  |  d   d   d   d   0  |
  +---------------------+
* Number of accum. steps   = 501760 x 10
* Running VMC accumulation.
    [walltime: 1m elapsed, 44.8s remaining]
  Done. [total walltime: 1m44s]
* Acceptance ratio (%)     =   6.0338
* Etot/t                   =  -8.412672770518E+02 +/-   1.089292778329E-04
  > Ttot/t                 =  -7.560603145344E+01 +/-   1.051784868862E-03
  > Utot/t                 =   3.303989628816E+01 +/-   1.047915209962E-03
* var[Eloc/t]              =   5.818328015204E-03 +/-   3.210010289492E-05
* Correlation length       =   1.023262559821E+00

Optimization #6:
* Method          : lls
* Target function : energy
* No. of configs. : 100352
* No. of params.  : 243
* Before optimization:
  -2.4411E+00  -2.7862E+00  -2.7920E+00  -2.5577E+00  -2.7343E+00  -3.0480E+00
   4.4419E-01   4.3746E-01   2.6312E-01   2.8750E-01   8.1535E-01   4.3063E-01
   4.0972E-01   4.7748E-01   4.7743E-01   4.8304E-01   5.0866E-01   4.0602E-01
   4.0180E-01   4.9198E-02   8.5302E-03   4.0395E-01   2.5010E-01   2.4671E-01
   1.6488E-01   1.6790E-01   1.5879E-01   1.6360E-01   3.0779E-02   2.9586E-02
   1.6715E-01   1.6948E-01   1.4790E-02   9.8369E-02   9.2393E-02   8.9384E-02
   8.2302E-02   1.7761E-01   1.7527E-01   1.7607E-01   1.8387E-01   1.8562E-01
   8.1463E-02   6.7603E-02  -2.6493E-02  -2.4018E-02  -6.2542E-02  -6.3275E-02
  -1.7815E-02  -1.8155E-02   4.4491E-01   4.3084E-01  -5.8162E-02  -5.9183E-02
  -2.4394E-02  -2.7311E-02  -4.8099E-02  -4.7197E-02  -8.9013E-02  -8.8564E-02
  -8.0596E-02  -8.2082E-02  -2.0369E-02  -1.9352E-02  -3.2707E-02  -3.2426E-02
  -2.7359E-04  -1.0435E-01  -5.2444E-01  -7.5719E-02  -1.7700E-01  -1.1019E-01
  -1.8572E-01  -4.3752E-01  -3.9980E-01  -2.7040E-01  -2.9736E-01  -2.4882E-01
  -2.8069E-01  -2.7266E-01  -2.6568E-01  -1.9566E-01  -2.4063E-01   8.3655E-03
  -7.2321E-02   2.6714E-03  -3.2056E-02  -2.2910E-01  -2.0474E-01  -1.2112E-01
  -1.2578E-01  -8.0151E-02  -8.3907E-02  -8.3657E-02  -8.5640E-02   1.6368E-04
  -3.7917E-02  -7.3020E-02  -8.7750E-02   1.6625E-02  -3.6549E-02  -2.1989E-02
  -6.0009E-02   1.5080E-03  -7.3652E-02  -2.8925E-02  -1.2515E-01  -5.1931E-02
  -9.0857E-02  -6.4873E-02  -8.5565E-02  -7.5602E-03  -5.7145E-02   6.0333E-03
   1.0764E-02   4.5848E-02   2.0116E-02   8.5296E-03  -2.6416E-03  -1.8185E-01
  -2.2847E-01   3.6906E-02   2.3021E-02   1.3427E-02   1.6146E-02   2.5321E-02
   2.1752E-02   5.0162E-02   4.1496E-02   4.3115E-02   4.0059E-02   7.1028E-03
   7.8981E-03   1.5969E-02   2.1488E-02  -7.3497E-03  -8.8637E-04   8.3009E-01
   1.0409E+00   9.1376E-01   8.8558E-01   1.0678E+00   1.1121E+00  -5.5987E-01
  -3.4717E-01  -3.0265E-01  -5.1575E-01  -2.8449E-01  -2.3885E-01  -2.5069E-01
  -3.4461E-01  -9.1779E-02  -4.5527E-02  -3.3829E-01   8.0759E-03   2.6500E-02
  -1.0132E-01  -2.9949E-02   1.5769E-02  -2.7838E-02  -3.0192E-02  -8.7889E-03
  -5.9626E-02  -8.7594E-03   3.2481E-02  -1.6722E-02  -5.6147E-02  -3.7902E-03
  -4.5523E-01  -1.9586E-01  -2.2774E-01  -3.9731E-01  -5.5706E-02  -5.7865E-02
  -6.3296E-02  -2.3730E-01  -6.9154E-02  -6.3224E-02  -2.6692E-01   3.4621E-02
   5.3266E-02  -1.0449E-01  -7.7181E-03   3.9858E-02  -7.1185E-03  -2.9359E-02
  -7.1259E-03   1.5925E-02  -5.0498E-02  -2.3398E-02   5.6413E-02  -8.6012E-03
  -2.0617E-02  -4.4034E-01  -2.1634E-01  -2.1878E-01  -4.4978E-01  -1.1509E-01
  -9.1391E-02  -1.2488E-01  -2.4473E-01  -4.3913E-02   1.1258E-02  -2.4156E-01
  -2.1960E-02  -8.7706E-03  -9.8586E-02   8.7369E-03   2.9984E-03  -1.1383E-03
   8.2428E-03   1.6970E-02  -7.9724E-02   5.3244E-02   7.9955E-02  -3.6719E-02
  -1.5687E-02   1.3145E-02  -5.7096E-01  -1.0885E-01  -1.9253E-01  -4.2403E-01
  -6.0032E-02  -5.6714E-04  -2.0015E-02  -2.1106E-01  -2.5568E-02  -9.5050E-03
  -1.7083E-01   4.0469E-03   1.6560E-02  -9.0583E-02   2.6235E-02   2.3757E-02
   1.3212E-02   1.2739E-03   1.3167E-02  -5.4497E-03   2.7424E-03   2.5755E-02
   2.9084E-02   2.3905E-02  -6.7045E-03
  > E    =  -8.412671273626E+02 +/-   2.387666920426E-04
  > varE =   5.721020678595E-03
* Computing derivatives.
    [walltime: 2m33s elapsed, 1h20m remaining]
    [walltime: 1h elapsed, 22m remaining]
  Done. [total walltime: 1h22m]
* Optimizing manipulation constant:
  #igrid a___________ E____________________________________ varE____________
     1     Infinity    -8.41267127E+02 +/-   2.38766692E-04   5.72102068E-03
     2     1.0000E+06  -8.41267127E+02 +/-   2.38766688E-04   5.72102051E-03
     3     2.1544E+05  -8.41267127E+02 +/-   2.38766675E-04   5.72101988E-03
     4     4.6416E+04  -8.41267127E+02 +/-   2.38766615E-04   5.72101697E-03
     5     1.0000E+04  -8.41267127E+02 +/-   2.38766333E-04   5.72100348E-03
     6     2.1544E+03  -8.41267127E+02 +/-   2.38765027E-04   5.72094090E-03
     7     4.6416E+02  -8.41267128E+02 +/-   2.38758983E-04   5.72065127E-03
     8     1.0000E+02  -8.41267130E+02 +/-   2.38731313E-04   5.71932540E-03
     9     2.1544E+01  -8.41267139E+02 +/-   2.38610599E-04   5.71354294E-03
    10     4.6416E+00  -8.41267173E+02 +/-   2.38176768E-04   5.69278560E-03
    11     1.0000E+00  -8.41267247E+02 +/-   2.37286738E-04   5.65031897E-03
    12     2.1544E-01  -8.41267308E+02 +/-   2.36562739E-04   5.61589154E-03
    13     4.6416E-02  -8.41267324E+02 +/-   2.36316306E-04   5.60419724E-03
    14     1.0000E-02  -8.41267327E+02 +/-   2.36262267E-04   5.60163449E-03
    15     2.1544E-03  -8.41267327E+02 +/-   2.36251026E-04   5.60110143E-03
    16     4.6416E-04  -8.41267327E+02 +/-   2.36248633E-04   5.60098798E-03
    17     1.0000E-04  -8.41267327E+02 +/-   2.36248119E-04   5.60096361E-03
    18     2.1544E-05  -8.41267327E+02 +/-   2.36248008E-04   5.60095836E-03
    19     4.6416E-06  -8.41267327E+02 +/-   2.36247984E-04   5.60095723E-03
    20     1.0000E-06  -8.41267327E+02 +/-   2.36247979E-04   5.60095699E-03
    21     0.0000E+00  -8.41267327E+02 +/-   2.36247978E-04   5.60095692E-03
* Iteration # 1: E =  -8.412673270843E+02 +/-   2.362479779284E-04
* Computing derivatives.
    [walltime: 2m33s elapsed, 1h20m remaining]
    [walltime: 1h1m elapsed, 22m1s remaining]
  Done. [total walltime: 1h23m]
* Optimizing manipulation constant:
  #igrid a___________ E____________________________________ varE____________
     1     Infinity    -8.41267327E+02 +/-   2.36247978E-04   5.60095692E-03
     2     1.0000E+06  -8.41267327E+02 +/-   2.36247977E-04   5.60095689E-03
     3     2.1544E+05  -8.41267327E+02 +/-   2.36247975E-04   5.60095680E-03
     4     4.6416E+04  -8.41267327E+02 +/-   2.36247966E-04   5.60095634E-03
     5     1.0000E+04  -8.41267327E+02 +/-   2.36247921E-04   5.60095420E-03
     6     2.1544E+03  -8.41267327E+02 +/-   2.36247709E-04   5.60094419E-03
     7     4.6416E+02  -8.41267327E+02 +/-   2.36246684E-04   5.60089558E-03
     8     1.0000E+02  -8.41267327E+02 +/-   2.36240956E-04   5.60062397E-03
     9     2.1544E+01  -8.41267327E+02 +/-   2.36201217E-04   5.59873991E-03
    10     4.6416E+00  -8.41266902E+02 +/-   2.42856556E-04   5.91869141E-03
    11     1.0000E+00  -8.39721399E+02 +/-   3.16504437E-03   1.00527675E+00
    12     2.1544E-01  -8.38950331E+02 +/-   3.61665845E-03   1.31262607E+00
    13     4.6416E-02  -8.39074714E+02 +/-   3.52305651E-03   1.24556172E+00
    14     1.0000E-02  -8.38667989E+02 +/-   3.65421951E-03   1.34003240E+00
    15     2.1544E-03  -8.38623774E+02 +/-   3.66465081E-03   1.34769380E+00
    16     4.6416E-04  -8.38615847E+02 +/-   3.66643805E-03   1.34900865E+00
    17     1.0000E-04  -8.38614209E+02 +/-   3.66680391E-03   1.34927789E+00
    18     2.1544E-05  -8.38613860E+02 +/-   3.66688186E-03   1.34933526E+00
    19     4.6416E-06  -8.38613785E+02 +/-   3.66689861E-03   1.34934759E+00
    20     1.0000E-06  -8.38613769E+02 +/-   3.66690222E-03   1.34935024E+00
    21     0.0000E+00  -8.38613764E+02 +/-   3.66690321E-03   1.34935097E+00
* Iteration # 2: E =  -8.412673270860E+02 +/-   2.362409559319E-04
* Convergence: exiting.
* After optimization:
  -2.4546E+00  -2.8325E+00  -2.7882E+00  -2.5962E+00  -2.7361E+00  -3.0217E+00
   4.2877E-01   4.2474E-01   2.6088E-01   3.0047E-01   8.1513E-01   4.2321E-01
   4.0155E-01   4.7235E-01   4.7418E-01   4.7925E-01   5.0450E-01   4.1399E-01
   4.0930E-01   3.1624E-02   1.3959E-02   3.9942E-01   2.5291E-01   2.5016E-01
   1.6490E-01   1.6971E-01   1.7407E-01   1.8103E-01   3.0724E-02   3.0038E-02
   1.8046E-01   1.8627E-01   8.6607E-03   1.0020E-01   9.3277E-02   8.2690E-02
   7.5651E-02   1.8469E-01   1.8708E-01   1.6856E-01   1.7904E-01   1.7918E-01
   8.8189E-02   7.2254E-02  -2.5332E-02  -2.0289E-02  -6.3200E-02  -6.4059E-02
  -1.4905E-02  -1.3963E-02   4.5858E-01   4.4421E-01  -5.8054E-02  -5.9864E-02
  -2.0450E-02  -2.6607E-02  -4.7064E-02  -4.6000E-02  -9.0633E-02  -9.1976E-02
  -8.2025E-02  -8.3515E-02  -2.0610E-02  -1.9153E-02  -3.1986E-02  -3.0581E-02
   1.6808E-03  -9.6374E-02  -5.2533E-01  -7.2077E-02  -1.7680E-01  -1.0784E-01
  -2.0253E-01  -4.2988E-01  -4.1332E-01  -2.6008E-01  -2.8957E-01  -2.4833E-01
  -2.7313E-01  -2.6668E-01  -2.6371E-01  -1.9421E-01  -2.4858E-01   1.5828E-02
  -6.5353E-02   4.4301E-03  -3.2606E-02  -2.2049E-01  -2.0913E-01  -1.2166E-01
  -1.2720E-01  -8.0411E-02  -8.4769E-02  -9.1333E-02  -9.6706E-02   2.1002E-03
  -3.8146E-02  -7.8420E-02  -9.8133E-02   1.7959E-02  -3.3588E-02  -2.1517E-02
  -6.1813E-02   5.2606E-03  -6.8596E-02  -3.0218E-02  -1.3325E-01  -5.0768E-02
  -8.3777E-02  -6.1135E-02  -8.3932E-02  -7.0323E-03  -6.4525E-02   5.4174E-03
   9.6406E-03   4.6848E-02   2.0764E-02   7.4581E-03  -5.5455E-03  -1.8482E-01
  -2.3528E-01   3.7512E-02   2.2292E-02   1.1739E-02   1.4243E-02   2.4443E-02
   2.2110E-02   5.1224E-02   4.2748E-02   4.3000E-02   4.1609E-02   6.8263E-03
   8.8617E-03   1.4303E-02   2.0993E-02  -7.1920E-03  -3.1502E-03   8.3739E-01
   1.0476E+00   8.9626E-01   9.1589E-01   1.0578E+00   1.0735E+00  -6.3284E-01
  -3.3979E-01  -3.0265E-01  -5.2089E-01  -3.1334E-01  -2.4591E-01  -2.6152E-01
  -3.9197E-01  -8.5549E-02  -3.0858E-02  -2.8444E-01   1.8389E-02   2.2167E-02
  -1.0262E-01  -3.4921E-02   1.3773E-02  -3.4465E-02  -2.3497E-02  -5.4221E-03
  -6.2795E-02   5.4923E-03   3.7596E-02  -1.9237E-02  -5.8328E-02  -2.7614E-03
  -5.2028E-01  -1.7371E-01  -2.3791E-01  -3.9531E-01  -7.8353E-02  -5.0815E-02
  -6.2671E-02  -2.7375E-01  -5.3839E-02  -5.1706E-02  -2.1366E-01   3.8052E-02
   5.0534E-02  -1.0921E-01  -1.2528E-02   5.0268E-02  -8.3304E-03  -3.1508E-02
  -1.3574E-02   1.4430E-02  -4.0170E-02  -2.1587E-02   6.6509E-02  -4.1987E-03
  -2.1363E-02  -5.0927E-01  -2.0655E-01  -2.2741E-01  -4.6045E-01  -1.4380E-01
  -9.6477E-02  -1.3310E-01  -2.9466E-01  -2.4503E-02   2.5460E-02  -1.9824E-01
  -1.1045E-02  -1.4192E-02  -1.0346E-01   2.4774E-03  -2.0056E-03  -6.4560E-03
   2.0786E-02   3.1328E-02  -8.9276E-02   6.4276E-02   8.1552E-02  -4.4905E-02
  -1.1645E-02   1.1774E-02  -6.4606E-01  -7.3512E-02  -2.1520E-01  -4.4045E-01
  -7.9263E-02   1.0112E-02  -1.6049E-02  -2.5346E-01  -3.6201E-04   2.1967E-04
  -1.3070E-01   8.8063E-03   1.2176E-02  -9.3677E-02   1.8290E-02   2.8574E-02
   1.4575E-02   6.7583E-03   1.2183E-02  -1.4172E-02   1.2035E-02   2.6513E-02
   3.1376E-02   3.5423E-02  -5.1777E-03
  > Energy =  -8.412673270860E+02 +/-   2.362409559319E-04
  > varE =   5.600623971780E-03

VMC #7:
* Size of Hilbert space =   4.9763E+11
* Number of equil. steps   = 1000
* Running VMC equilibration.
  Done. [total walltime: 0.11s]
* Equil. acc.ratio (%)     =   6.0372
* Sample config after equilibration:
  +---------------------+
  |  u   0   u   u   u  |
  |d   2   d   d   d   d|
  |u   u   0   2   u   2|
  |  d   2   0   d   0  |
  +---------------------+
* Number of accum. steps   = 501760 x 10
* Running VMC accumulation.
    [walltime: 1m elapsed, 47.2s remaining]
  Done. [total walltime: 1m47s]
* Acceptance ratio (%)     =   6.0173
* Etot/t                   =  -8.412672647052E+02 +/-   1.083502961799E-04
  > Ttot/t                 =  -7.560394998346E+01 +/-   1.059331666931E-03
  > Utot/t                 =   3.303782716475E+01 +/-   1.058958683355E-03
* var[Eloc/t]              =   5.777687859148E-03 +/-   3.884681247614E-05
* Correlation length       =   1.019535064771E+00

Optimization #7:
* Method          : lls
* Target function : energy
* No. of configs. : 100352
* No. of params.  : 243
* Before optimization:
  -2.4546E+00  -2.8325E+00  -2.7882E+00  -2.5962E+00  -2.7361E+00  -3.0217E+00
   4.2877E-01   4.2474E-01   2.6088E-01   3.0047E-01   8.1513E-01   4.2321E-01
   4.0155E-01   4.7235E-01   4.7418E-01   4.7925E-01   5.0450E-01   4.1399E-01
   4.0930E-01   3.1624E-02   1.3959E-02   3.9942E-01   2.5291E-01   2.5016E-01
   1.6490E-01   1.6971E-01   1.7407E-01   1.8103E-01   3.0724E-02   3.0038E-02
   1.8046E-01   1.8627E-01   8.6607E-03   1.0020E-01   9.3277E-02   8.2690E-02
   7.5651E-02   1.8469E-01   1.8708E-01   1.6856E-01   1.7904E-01   1.7918E-01
   8.8189E-02   7.2254E-02  -2.5332E-02  -2.0289E-02  -6.3200E-02  -6.4059E-02
  -1.4905E-02  -1.3963E-02   4.5858E-01   4.4421E-01  -5.8054E-02  -5.9864E-02
  -2.0450E-02  -2.6607E-02  -4.7064E-02  -4.6000E-02  -9.0633E-02  -9.1976E-02
  -8.2025E-02  -8.3515E-02  -2.0610E-02  -1.9153E-02  -3.1986E-02  -3.0581E-02
   1.6808E-03  -9.6374E-02  -5.2533E-01  -7.2077E-02  -1.7680E-01  -1.0784E-01
  -2.0253E-01  -4.2988E-01  -4.1332E-01  -2.6008E-01  -2.8957E-01  -2.4833E-01
  -2.7313E-01  -2.6668E-01  -2.6371E-01  -1.9421E-01  -2.4858E-01   1.5828E-02
  -6.5353E-02   4.4301E-03  -3.2606E-02  -2.2049E-01  -2.0913E-01  -1.2166E-01
  -1.2720E-01  -8.0411E-02  -8.4769E-02  -9.1333E-02  -9.6706E-02   2.1002E-03
  -3.8146E-02  -7.8420E-02  -9.8133E-02   1.7959E-02  -3.3588E-02  -2.1517E-02
  -6.1813E-02   5.2606E-03  -6.8596E-02  -3.0218E-02  -1.3325E-01  -5.0768E-02
  -8.3777E-02  -6.1135E-02  -8.3932E-02  -7.0323E-03  -6.4525E-02   5.4174E-03
   9.6406E-03   4.6848E-02   2.0764E-02   7.4581E-03  -5.5455E-03  -1.8482E-01
  -2.3528E-01   3.7512E-02   2.2292E-02   1.1739E-02   1.4243E-02   2.4443E-02
   2.2110E-02   5.1224E-02   4.2748E-02   4.3000E-02   4.1609E-02   6.8263E-03
   8.8617E-03   1.4303E-02   2.0993E-02  -7.1920E-03  -3.1502E-03   8.3739E-01
   1.0476E+00   8.9626E-01   9.1589E-01   1.0578E+00   1.0735E+00  -6.3284E-01
  -3.3979E-01  -3.0265E-01  -5.2089E-01  -3.1334E-01  -2.4591E-01  -2.6152E-01
  -3.9197E-01  -8.5549E-02  -3.0858E-02  -2.8444E-01   1.8389E-02   2.2167E-02
  -1.0262E-01  -3.4921E-02   1.3773E-02  -3.4465E-02  -2.3497E-02  -5.4221E-03
  -6.2795E-02   5.4923E-03   3.7596E-02  -1.9237E-02  -5.8328E-02  -2.7614E-03
  -5.2028E-01  -1.7371E-01  -2.3791E-01  -3.9531E-01  -7.8353E-02  -5.0815E-02
  -6.2671E-02  -2.7375E-01  -5.3839E-02  -5.1706E-02  -2.1366E-01   3.8052E-02
   5.0534E-02  -1.0921E-01  -1.2528E-02   5.0268E-02  -8.3304E-03  -3.1508E-02
  -1.3574E-02   1.4430E-02  -4.0170E-02  -2.1587E-02   6.6509E-02  -4.1987E-03
  -2.1363E-02  -5.0927E-01  -2.0655E-01  -2.2741E-01  -4.6045E-01  -1.4380E-01
  -9.6477E-02  -1.3310E-01  -2.9466E-01  -2.4503E-02   2.5460E-02  -1.9824E-01
  -1.1045E-02  -1.4192E-02  -1.0346E-01   2.4774E-03  -2.0056E-03  -6.4560E-03
   2.0786E-02   3.1328E-02  -8.9276E-02   6.4276E-02   8.1552E-02  -4.4905E-02
  -1.1645E-02   1.1774E-02  -6.4606E-01  -7.3512E-02  -2.1520E-01  -4.4045E-01
  -7.9263E-02   1.0112E-02  -1.6049E-02  -2.5346E-01  -3.6201E-04   2.1967E-04
  -1.3070E-01   8.8063E-03   1.2176E-02  -9.3677E-02   1.8290E-02   2.8574E-02
   1.4575E-02   6.7583E-03   1.2183E-02  -1.4172E-02   1.2035E-02   2.6513E-02
   3.1376E-02   3.5423E-02  -5.1777E-03
  > E    =  -8.412672462228E+02 +/-   2.388406083348E-04
  > varE =   5.724563401312E-03
srun: Job step aborted: Waiting up to 32 seconds for job step to finish.
slurmstepd: error: *** STEP 778522.0 ON alnode260 CANCELLED AT 2025-08-30T09:55:23 DUE TO TIME LIMIT ***
slurmstepd: error: *** JOB 778522 ON alnode260 CANCELLED AT 2025-08-30T09:55:23 DUE TO TIME LIMIT ***
