Run started: Sun Aug 31 14:27:19 CEST 2025
Using VDAGGER_ARCH = gnu7_fkfamd_cluster
Running 8x128 MPI processes.

                               xx
                              +##
                               #X
                               Xx
                          X##XxXxxX##x
                           +   Xx  ++
                               ##
                              +##
                              +##
     ++++         ++          +##
   xX+++##+      ####         +##
  Xx    ###      +X##          ##
 xX    X##+        ##          #X
 +    x##X         #x          #X
      ###         +#           x+
     X##+         #+
     ###         Xx                    _______
     ##X       +X+   __________________VDAGGER
     +##x    +xX     2nd quantized variational
       +xxxxx+       ______quantum Monte Carlo

* Running 1024 MPI processes.
* Input file: "input.casl"

############# Start of input file dump #############
General:
  Random seed: timer

Plan:
  VMC-optimization:
    Minimum cycles: 3
    Convergence cycles: 3

System:
  Read Hamiltonian: FCIDUMP_loc
  Read orbitals: LTSC.mat
  Complex orbitals: F
  Geometry:
    r_14: [ 2.30715201389900, -1.36612962809100 ]
    r_19: [ -2.30715201389900, -1.36612962809100 ]
    r_9: [ 2.30715201389900, 1.36612962809100 ]
    r_1: [ -2.30715201389900, 1.36612962809100 ]
    r_11: [ 0.00000000000000, -2.64819012780300 ]
    r_5: [ 0.00000000000000, 2.64819012780300 ]
    r_21: [ 6.92052984475300, 1.36731216695600 ]
    r_20: [ -6.92052984475300, 1.36731216695600 ]
    r_22: [ 6.92052984475300, -1.36731216695600 ]
    r_2: [ -6.92052984475300, -1.36731216695600 ]
    r_17: [ 4.65052830966800, 2.64933873056800 ]
    r_18: [ -4.65052830966800, 2.64933873056800 ]
    r_12: [ 4.65052830966800, -2.64933873056800 ]
    r_6: [ -4.65052830966800, -2.64933873056800 ]
    r_7: [ 11.51783390367000, 1.35551508476500 ]
    r_16: [ -11.51783390367000, 1.35551508476500 ]
    r_4: [ 11.51783390367000, -1.35551508476500 ]
    r_3: [ -11.51783390367000, -1.35551508476500 ]
    r_15: [ 9.31130451375400, 2.65735609478700 ]
    r_8: [ -9.31130451375400, 2.65735609478700 ]
    r_13: [ 9.31130451375400, -2.65735609478700 ]
    r_10: [ -9.31130451375400, -2.65735609478700 ]
    Tolerance: 0.05

VMC:
  nstep: 500000
  nconfig: 100000

Optimization:
  max_niter: 3

Jastrow: wfn.casl

Backflow: wfn.casl
############## End of input file dump ##############

General setup:
* Random seed: 1611964 (from timer)

* Loaded integrals for system with nelec=22, ms2=0, norb=22
* INFO: setting number of electrons from integrals file.
* Analysis of Hamiltonian connecitivity performed:
  - T_ii (local, 1-site): 22 (i) values
  - U_iiii [opp] (local, 1-site): 22 (i) values
  - U_kkii [opp] (local, 2-site): 462 contribs. from 22 (i) values
  - U_kkii [par] (local, 2-site): 231 contribs. from 21 (i) values
  - T_ji (single, 2-site): 462 contribs. from 22 (i) values
  - U_kkji [opp] (single, 2/3-site): 10164 contribs. from 462 (i,j) pairs
  - U_kkji [par] (single, 3-site): 9702 contribs. from 462 (i,j) pairs
  - U_lkji [opp] (double, 2/3/4-site): 212836 contribs. from 462 (i,j) pairs
  - U_lkji [par] (double, 4-site): 50050 contribs. from 420 (i,j) pairs
  - Max. no. wfn. ratios in Eloc: 18543
* Reading override orbitals from file "LTSC.mat".
* Site labels:
  +--------------------------------+
  |    8    18     5    17    15   |
  |16    20     1     9    21     7|
  | 3     2    19    14    22     4|
  |   10     6    11    12    13   |
  +--------------------------------+
* Automatically set Site kinds:
  [ 1, 2, 3, 3, 4, 5, 3, 6, 1, 6, 4, 5, 6, 1, 6, 3, 5, 5, 1, 2, 2, 2 ]
  +---------------------+
  |  6   5   4   5   6  |
  |3   2   1   1   2   3|
  |3   2   1   1   2   3|
  |  6   5   4   5   6  |
  +---------------------+
* Maximum Site kind: 6
* Number of site-pair kinds with Tij=0: 0
* Automatically set Site pair kinds:
  Site 1: [ 0, -15, -34, -48, -6, -18, -55, -65, 21, 30, -19, -28, 45, -17, -42, -36, 38, 7, 2, -22, -32, 31 ]
  Site 2: [ -15, 0, -20, -57, 25, 5, -52, -16, 31, -8, 37, -39, 56, -32, -50, -14, 40, -23, -22, 3, -41, 47 ]
  Site 3: [ -34, -20, 0, -62, 43, 67, -64, 27, 48, 1, 44, -59, 63, -55, -60, 4, 51, 29, -36, -14, -52, 57 ]
  Site 4: [ -48, -57, -62, 0, -43, 59, 4, 60, 34, 63, -44, -66, 1, -36, -27, -64, -29, -51, -55, -52, -14, 20 ]
  Site 5: [ -6, 25, 43, -43, 0, -26, -44, 46, -6, -33, 9, -26, 33, 19, 46, 44, -12, -12, -19, 37, -37, 25 ]
  Site 6: [ -18, 5, 67, 59, -26, 0, 51, 24, -28, -13, 12, -49, -53, 38, 54, -29, -35, -10, -7, 23, 40, -39 ]
  Site 7: [ -55, -52, -64, 4, -44, 51, 0, 63, 36, 60, -43, 29, 27, -34, -1, -62, 66, -59, -48, -57, -20, 14 ]
  Site 8: [ -65, -16, 27, 60, 46, 24, 63, 0, -42, 11, -33, 54, -58, 45, 61, 1, -53, 13, 30, -8, 56, -50 ]
  Site 9: [ 21, 31, 48, 34, -6, -28, 36, -42, 0, -45, -19, -18, -30, -2, -65, 55, 7, 38, 17, 32, 22, -15 ]
  Site 10: [ 30, -8, 1, 63, -33, -13, 60, 11, -45, 0, 46, 53, -61, 42, 58, 27, -54, -24, -65, -16, 50, -56 ]
  Site 11: [ -19, 37, 44, -44, 9, 12, -43, -33, -19, 46, 0, 12, -46, 6, -33, 43, 26, 26, -6, 25, -25, 37 ]
  Site 12: [ -28, -39, -59, -66, -26, -49, 29, 54, -18, 53, 12, 0, 13, 7, 24, -51, -10, -35, -38, -40, -23, 5 ]
  Site 13: [ 45, 56, 63, 1, 33, -53, 27, -58, -30, -61, -46, 13, 0, -65, -11, 60, 24, 54, 42, 50, -16, 8 ]
  Site 14: [ -17, -32, -55, -36, 19, 38, -34, 45, -2, 42, 6, 7, -65, 0, -30, -48, -18, -28, -21, -31, -15, 22 ]
  Site 15: [ -42, -50, -60, -27, 46, 54, -1, 61, -65, 58, -33, 24, -11, -30, 0, -63, 13, -53, -45, -56, 8, -16 ]
  Site 16: [ -36, -14, 4, -64, 44, -29, -62, 1, 55, 27, 43, -51, 60, -48, -63, 0, 59, -68, -34, -20, -57, 52 ]
  Site 17: [ 38, 40, 51, -29, -12, -35, 66, -53, 7, -54, 26, -10, 24, -18, 13, 59, 0, -49, 28, 39, 5, -23 ]
  Site 18: [ 7, -23, 29, -51, -12, -10, -59, 13, 38, -24, 26, -35, 54, -28, -53, -68, -49, 0, 18, -5, -39, 40 ]
  Site 19: [ 2, -22, -36, -55, -19, -7, -48, 30, 17, -65, -6, -38, 42, -21, -45, -34, 28, 18, 0, -15, -31, 32 ]
  Site 20: [ -22, 3, -14, -52, 37, 23, -57, -8, 32, -16, 25, -40, 50, -31, -56, -20, 39, -5, -15, 0, -47, 41 ]
  Site 21: [ -32, -41, -52, -14, -37, 40, -20, 56, 22, 50, -25, -23, -16, -15, 8, -57, 5, -39, -31, -47, 0, -3 ]
  Site 22: [ 31, 47, 57, 20, 25, -39, 14, -50, -15, -56, 37, 5, 8, 22, -16, 52, -23, 40, 32, 41, -3, 0 ]
  For site 1 of kind 1:
  +-------------------------------------------+
  |    -65       7      -6      38     -42    |
  |-36     -22       0      21     -32     -55|
  |-34     -15       2     -17      31     -48|
  |     30     -18     -19     -28      45    |
  +-------------------------------------------+
  For site 2 of kind 2:
  +-------------------------------------------+
  |    -16     -23      25      40     -50    |
  |-14       3     -15      31     -41     -52|
  |-20       0     -22     -32      47     -57|
  |     -8       5      37     -39      56    |
  +-------------------------------------------+
  For site 3 of kind 3:
  +-------------------------------------------+
  |     27      29      43      51     -60    |
  |  4     -14     -34      48     -52     -64|
  |  0     -20     -36     -55      57     -62|
  |      1      67      44     -59      63    |
  +-------------------------------------------+
  For site 5 of kind 4:
  +-------------------------------------------+
  |     46     -12       0     -12      46    |
  | 44      37      -6      -6     -37     -44|
  | 43      25     -19      19      25     -43|
  |    -33     -26       9     -26      33    |
  +-------------------------------------------+
  For site 6 of kind 5:
  +-------------------------------------------+
  |     24     -10     -26     -35      54    |
  |-29      23     -18     -28      40      51|
  | 67       5      -7      38     -39      59|
  |    -13       0      12     -49     -53    |
  +-------------------------------------------+
  For site 8 of kind 6:
  +-------------------------------------------+
  |      0      13      46     -53      61    |
  |  1      -8     -65     -42      56      63|
  | 27     -16      30      45     -50      60|
  |     11      24     -33      54     -58    |
  +-------------------------------------------+
* Maximum (unsigned) Site pair kind: 68
General system setup:
* Number of sites       : 22
* Number of electrons   : 22
* Spin imbalance MS2    : 0
* Filling               : 0.500000
* Number of orbitals in pool: 22
* Using real-valued orbitals
* Using double-precision arithmetic for orbitals

Trial wave function setup:
* Jastrow parameter file: "wfn.casl"
* Not using multideterminants
* Backflow parameter file: "wfn.casl"
* Not using wave function manipulation

VMC #1:
* Size of Hilbert space =   4.9763E+11
* Number of equil. steps   = 1000
* Running VMC equilibration.
  Done. [total walltime: 0.21s]
* Equil. acc.ratio (%)     =  12.0766
* Sample config after equilibration:
  +---------------------+
  |  2   d   2   d   2  |
  |u   0   u   0   u   0|
  |0   0   2   d   u   u|
  |  2   2   0   d   d  |
  +---------------------+
* Number of accum. steps   = 501760 x 10
* Running VMC accumulation.
    [walltime: 1m elapsed, 47.5s remaining]
  Done. [total walltime: 1m47s]
* Acceptance ratio (%)     =  12.0478
* Etot/t                   =  -8.412671921985E+02 +/-   1.070752267762E-04
  > Ttot/t                 =  -7.560464496029E+01 +/-   9.411847235011E-04
  > Utot/t                 =   3.303859464832E+01 +/-   9.358312118440E-04
* var[Eloc/t]              =   5.901816064912E-03 +/-   4.272868834605E-05
* Correlation length       =   9.747390658541E-01
* log10 Psi^2 range: -21.557712879369891 -- -11.370711213093140
* log10 Pgen range : -21.557712879369891 -- -11.370711213093140
* Site occupation (ave. no. electrons per config.):
  > Site_  ___eu____  ___ed____
      1        0.499      0.495
      2        0.496      0.496
      3        0.501      0.501
      4        0.500      0.501
      5        0.501      0.504
      6        0.503      0.503
      7        0.498      0.503
      8        0.499      0.498
      9        0.500      0.497
     10        0.500      0.498
     11        0.503      0.504
     12        0.503      0.505
     13        0.501      0.499
     14        0.499      0.496
     15        0.503      0.498
     16        0.501      0.504
     17        0.501      0.502
     18        0.503      0.505
     19        0.497      0.499
     20        0.498      0.496
     21        0.495      0.500
     22        0.498      0.497
* Pair-correlation analysis (ave. no. pairs per config.):
  > Shell  nsite  ___dh____  __eueu___  __eued___
      0      1        0          0          3.857
      1      0        0.928      0.509      2.583
      2      0        0.283      0.697      1.063
      3      0        0.265      0.722      1.054
      4      0        0.232      0.760      1.064
      5      0        0.753      0.887      2.404
      6      0        0.649      1.137      2.286
      7      0        0.553      1.357      2.185
      8      0        0.463      1.547      2.083
      9      0        0.072      0.409      0.577
     10      0        0.142      0.835      1.139
     11      0        0.142      0.857      1.087
     12      0        0.231      2.104      1.929
     13      0        0.232      2.083      1.923
     14      0        0.274      1.895      2.055
     15      0        0.305      1.871      2.051
     16      0        0.243      2.051      1.942
     17      0        0.160      0.931      1.027
     18      0        0.248      2.094      1.929
     19      0        0.248      2.123      1.905
     20      0        0.241      2.097      1.919
     21      0        0.142      1.039      0.953
     22      0        0.277      2.078      1.906
     23      0        0.245      2.127      1.890
     24      0        0.224      1.964      2.057
     25      0        0.255      2.042      1.951
     26      0        0.223      1.961      2.087
     27      0        0.215      2.139      1.899
     28      0        0.254      2.042      1.966
     29      0        0.226      2.071      1.961
     30      0        0.256      2.009      1.967
     31      0        0.292      1.933      2.015
     32      0        0.288      2.008      1.948
     33      0        0.221      1.997      2.026
     34      0        0.264      1.953      2.027
     35      0        0.112      1.003      1.020
     36      0        0.270      2.012      1.957
     37      0        0.258      1.900      2.091
     38      0        0.258      1.940      2.064
     39      0        0.254      1.979      2.013
     40      0        0.253      2.009      1.983
     41      0        0.140      0.978      0.995
     42      0        0.262      1.976      1.993
     43      0        0.228      2.033      1.995
     44      0        0.229      1.987      2.041
     45      0        0.262      1.990      1.974
     46      0        0.226      2.024      1.993
     47      0        0.143      0.991      0.979
     48      0        0.260      1.976      2.009
     49      0        0.110      1.023      1.004
     50      0        0.252      1.992      1.977
     51      0        0.226      2.025      2.007
     52      0        0.254      1.981      2.002
     53      0        0.223      2.012      2.007
     54      0        0.221      2.009      2.017
     55      0        0.262      2.006      1.980
     56      0        0.249      1.984      1.991
     57      0        0.253      1.997      1.986
     58      0        0.112      0.997      0.998
     59      0        0.225      2.012      2.023
     60      0        0.224      2.004      2.004
     61      0        0.112      1.001      0.996
     62      0        0.114      1.008      1.001
     63      0        0.226      1.996      2.009
     64      0        0.115      1.003      1.005
     65      0        0.251      1.967      2.023
     66      0        0.121      0.926      1.072
     67      0        0.061      0.463      0.538
     68      0        0.060      0.466      0.539

Optimization #1:
* Method          : lls
* Target function : energy
* No. of configs. : 100352
* No. of params.  : 243
* Before optimization:
  -2.4546E+00  -2.8325E+00  -2.7882E+00  -2.5962E+00  -2.7361E+00  -3.0217E+00
   4.2877E-01   4.2474E-01   2.6088E-01   3.0047E-01   8.1513E-01   4.2321E-01
   4.0155E-01   4.7235E-01   4.7418E-01   4.7925E-01   5.0450E-01   4.1399E-01
   4.0930E-01   3.1624E-02   1.3959E-02   3.9942E-01   2.5291E-01   2.5016E-01
   1.6490E-01   1.6971E-01   1.7407E-01   1.8103E-01   3.0724E-02   3.0038E-02
   1.8046E-01   1.8627E-01   8.6607E-03   1.0020E-01   9.3277E-02   8.2690E-02
   7.5651E-02   1.8469E-01   1.8708E-01   1.6856E-01   1.7904E-01   1.7918E-01
   8.8189E-02   7.2254E-02  -2.5332E-02  -2.0289E-02  -6.3200E-02  -6.4059E-02
  -1.4905E-02  -1.3963E-02   4.5858E-01   4.4421E-01  -5.8054E-02  -5.9864E-02
  -2.0450E-02  -2.6607E-02  -4.7064E-02  -4.6000E-02  -9.0633E-02  -9.1976E-02
  -8.2025E-02  -8.3515E-02  -2.0610E-02  -1.9153E-02  -3.1986E-02  -3.0581E-02
   1.6808E-03  -9.6374E-02  -5.2533E-01  -7.2077E-02  -1.7680E-01  -1.0784E-01
  -2.0253E-01  -4.2988E-01  -4.1332E-01  -2.6008E-01  -2.8957E-01  -2.4833E-01
  -2.7313E-01  -2.6668E-01  -2.6371E-01  -1.9421E-01  -2.4858E-01   1.5828E-02
  -6.5353E-02   4.4301E-03  -3.2606E-02  -2.2049E-01  -2.0913E-01  -1.2166E-01
  -1.2720E-01  -8.0411E-02  -8.4769E-02  -9.1333E-02  -9.6706E-02   2.1002E-03
  -3.8146E-02  -7.8420E-02  -9.8133E-02   1.7959E-02  -3.3588E-02  -2.1517E-02
  -6.1813E-02   5.2606E-03  -6.8596E-02  -3.0218E-02  -1.3325E-01  -5.0768E-02
  -8.3777E-02  -6.1135E-02  -8.3932E-02  -7.0323E-03  -6.4525E-02   5.4174E-03
   9.6406E-03   4.6848E-02   2.0764E-02   7.4581E-03  -5.5455E-03  -1.8482E-01
  -2.3528E-01   3.7512E-02   2.2292E-02   1.1739E-02   1.4243E-02   2.4443E-02
   2.2110E-02   5.1224E-02   4.2748E-02   4.3000E-02   4.1609E-02   6.8263E-03
   8.8617E-03   1.4303E-02   2.0993E-02  -7.1920E-03  -3.1502E-03   8.3739E-01
   1.0476E+00   8.9626E-01   9.1589E-01   1.0578E+00   1.0735E+00  -6.3284E-01
  -3.3979E-01  -3.0265E-01  -5.2089E-01  -3.1334E-01  -2.4591E-01  -2.6152E-01
  -3.9197E-01  -8.5549E-02  -3.0858E-02  -2.8444E-01   1.8389E-02   2.2167E-02
  -1.0262E-01  -3.4921E-02   1.3773E-02  -3.4465E-02  -2.3497E-02  -5.4221E-03
  -6.2795E-02   5.4923E-03   3.7596E-02  -1.9237E-02  -5.8328E-02  -2.7614E-03
  -5.2028E-01  -1.7371E-01  -2.3791E-01  -3.9531E-01  -7.8353E-02  -5.0815E-02
  -6.2671E-02  -2.7375E-01  -5.3839E-02  -5.1706E-02  -2.1366E-01   3.8052E-02
   5.0534E-02  -1.0921E-01  -1.2528E-02   5.0268E-02  -8.3304E-03  -3.1508E-02
  -1.3574E-02   1.4430E-02  -4.0170E-02  -2.1587E-02   6.6509E-02  -4.1987E-03
  -2.1363E-02  -5.0927E-01  -2.0655E-01  -2.2741E-01  -4.6045E-01  -1.4380E-01
  -9.6477E-02  -1.3310E-01  -2.9466E-01  -2.4503E-02   2.5460E-02  -1.9824E-01
  -1.1045E-02  -1.4192E-02  -1.0346E-01   2.4774E-03  -2.0056E-03  -6.4560E-03
   2.0786E-02   3.1328E-02  -8.9276E-02   6.4276E-02   8.1552E-02  -4.4905E-02
  -1.1645E-02   1.1774E-02  -6.4606E-01  -7.3512E-02  -2.1520E-01  -4.4045E-01
  -7.9263E-02   1.0112E-02  -1.6049E-02  -2.5346E-01  -3.6201E-04   2.1967E-04
  -1.3070E-01   8.8063E-03   1.2176E-02  -9.3677E-02   1.8290E-02   2.8574E-02
   1.4575E-02   6.7583E-03   1.2183E-02  -1.4172E-02   1.2035E-02   2.6513E-02
   3.1376E-02   3.5423E-02  -5.1777E-03
  > E    =  -8.412672856704E+02 +/-   2.439356644634E-04
  > varE =   5.971406461878E-03
* Computing derivatives.
    [walltime: 2m33s elapsed, 1h21m remaining]
    [walltime: 1h1m elapsed, 22m7s remaining]
  Done. [total walltime: 1h23m]
* Optimizing manipulation constant:
  #igrid a___________ E____________________________________ varE____________
     1     Infinity    -8.41267286E+02 +/-   2.43935664E-04   5.97140646E-03
     2     1.0000E+06  -8.41267286E+02 +/-   2.43935658E-04   5.97140617E-03
     3     2.1544E+05  -8.41267286E+02 +/-   2.43935636E-04   5.97140509E-03
     4     4.6416E+04  -8.41267286E+02 +/-   2.43935535E-04   5.97140010E-03
     5     1.0000E+04  -8.41267286E+02 +/-   2.43935061E-04   5.97137694E-03
     6     2.1544E+03  -8.41267286E+02 +/-   2.43932858E-04   5.97126908E-03
     7     4.6416E+02  -8.41267286E+02 +/-   2.43922490E-04   5.97076149E-03
     8     1.0000E+02  -8.41267289E+02 +/-   2.43871533E-04   5.96826705E-03
     9     2.1544E+01  -8.41267307E+02 +/-   2.43645855E-04   5.95722617E-03
    10     4.6416E+00  -8.41266354E+02 +/-   2.61917211E-04   6.88420998E-03
    11     1.0000E+00  -8.41138899E+02 +/-   1.05999961E-03   1.12755425E-01
    12     2.1544E-01  -8.39753981E+02 +/-   3.05106313E-03   9.34175385E-01
    13     4.6416E-02  -8.38772739E+02 +/-   3.45928574E-03   1.20087805E+00
    14     1.0000E-02  -8.38646153E+02 +/-   3.48605250E-03   1.21953390E+00
    15     2.1544E-03  -8.38634419E+02 +/-   3.48706014E-03   1.22023902E+00
    16     4.6416E-04  -8.38632870E+02 +/-   3.48699520E-03   1.22019357E+00
    17     1.0000E-04  -8.38632584E+02 +/-   3.48696722E-03   1.22017399E+00
    18     2.1544E-05  -8.38632525E+02 +/-   3.48696053E-03   1.22016931E+00
    19     4.6416E-06  -8.38632513E+02 +/-   3.48695906E-03   1.22016828E+00
    20     1.0000E-06  -8.38632510E+02 +/-   3.48695874E-03   1.22016806E+00
    21     0.0000E+00  -8.38632509E+02 +/-   3.48695866E-03   1.22016799E+00
  ParMin   4.5107E+01  -8.41267294E+02 +/-   2.43786680E-04   5.96411458E-03
  # Using grid point #9
* Iteration # 1: E =  -8.412673071825E+02 +/-   2.436458554847E-04
* Diminishing returns: exiting.
* After optimization:
  -2.3760E+00  -2.7585E+00  -2.7125E+00  -2.5127E+00  -2.6578E+00  -2.9480E+00
   4.3106E-01   4.2690E-01   2.6088E-01   2.9973E-01   8.1639E-01   4.2308E-01
   4.0056E-01   4.7266E-01   4.7416E-01   4.7934E-01   5.0496E-01   4.1406E-01
   4.0944E-01   3.1810E-02   1.3605E-02   3.9964E-01   2.5306E-01   2.5040E-01
   1.6462E-01   1.6953E-01   1.7386E-01   1.8076E-01   3.0583E-02   2.9904E-02
   1.8022E-01   1.8596E-01   8.6756E-03   1.0024E-01   9.3272E-02   8.2684E-02
   7.5619E-02   1.8503E-01   1.8740E-01   1.6851E-01   1.7886E-01   1.7932E-01
   8.7661E-02   7.1712E-02  -2.5420E-02  -2.0381E-02  -6.3325E-02  -6.4093E-02
  -1.4926E-02  -1.4083E-02   4.5921E-01   4.4500E-01  -5.8063E-02  -5.9842E-02
  -2.0557E-02  -2.6608E-02  -4.7130E-02  -4.6041E-02  -9.0601E-02  -9.1942E-02
  -8.2048E-02  -8.3502E-02  -2.0613E-02  -1.9294E-02  -3.2004E-02  -3.0670E-02
   1.5773E-03  -9.7825E-02  -5.2584E-01  -7.2095E-02  -1.7681E-01  -1.0813E-01
  -2.0234E-01  -4.3081E-01  -4.1336E-01  -2.5982E-01  -2.8970E-01  -2.4851E-01
  -2.7351E-01  -2.6670E-01  -2.6372E-01  -1.9473E-01  -2.4791E-01   1.5768E-02
  -6.5495E-02   4.5739E-03  -3.2472E-02  -2.2054E-01  -2.0952E-01  -1.2180E-01
  -1.2732E-01  -8.0335E-02  -8.4679E-02  -9.1182E-02  -9.6138E-02   2.1975E-03
  -3.8124E-02  -7.8495E-02  -9.7821E-02   1.7948E-02  -3.3734E-02  -2.1524E-02
  -6.1876E-02   5.3834E-03  -6.8588E-02  -3.1001E-02  -1.3301E-01  -5.0661E-02
  -8.3781E-02  -6.1082E-02  -8.4030E-02  -6.6424E-03  -6.4096E-02   5.4562E-03
   9.6778E-03   4.6830E-02   2.0738E-02   7.4622E-03  -5.5908E-03  -1.8532E-01
  -2.3559E-01   3.7566E-02   2.2342E-02   1.1780E-02   1.4273E-02   2.4483E-02
   2.2142E-02   5.1178E-02   4.2742E-02   4.2976E-02   4.1539E-02   6.8283E-03
   8.8528E-03   1.4343E-02   2.1003E-02  -7.1612E-03  -3.0791E-03   8.0456E-01
   1.0100E+00   8.6170E-01   8.7738E-01   1.0171E+00   1.0331E+00  -6.0324E-01
  -3.2710E-01  -2.9108E-01  -4.9721E-01  -3.0106E-01  -2.3585E-01  -2.5106E-01
  -3.7517E-01  -8.2467E-02  -2.9603E-02  -2.7307E-01   1.7297E-02   2.1110E-02
  -9.7752E-02  -3.3214E-02   1.4266E-02  -3.2993E-02  -2.2618E-02  -5.6816E-03
  -6.0687E-02   4.8695E-03   3.6348E-02  -1.7752E-02  -5.6391E-02  -2.6499E-03
  -4.9713E-01  -1.6761E-01  -2.2836E-01  -3.7790E-01  -7.4830E-02  -4.8794E-02
  -6.0077E-02  -2.6194E-01  -5.2209E-02  -5.0050E-02  -2.0525E-01   3.6216E-02
   4.8787E-02  -1.0412E-01  -1.1711E-02   4.9245E-02  -8.1202E-03  -3.0155E-02
  -1.3236E-02   1.3877E-02  -3.8860E-02  -2.0694E-02   6.4817E-02  -4.3281E-03
  -2.0417E-02  -5.0487E-01  -2.0720E-01  -2.2690E-01  -4.5757E-01  -1.4338E-01
  -9.6451E-02  -1.3292E-01  -2.9260E-01  -2.4629E-02   2.4843E-02  -1.9802E-01
  -1.1394E-02  -1.4073E-02  -1.0225E-01   2.6663E-03  -1.7113E-03  -6.0795E-03
   2.0547E-02   3.1090E-02  -8.9838E-02   6.3863E-02   8.1688E-02  -4.4759E-02
  -1.1766E-02   1.1768E-02  -6.4253E-01  -7.4289E-02  -2.1504E-01  -4.3831E-01
  -7.8862E-02   9.8627E-03  -1.5928E-02  -2.5184E-01  -7.5633E-04  -5.3071E-04
  -1.3056E-01   8.5773E-03   1.2346E-02  -9.3209E-02   1.8445E-02   2.9073E-02
   1.4787E-02   6.6749E-03   1.2244E-02  -1.4374E-02   1.1705E-02   2.6543E-02
   3.1660E-02   3.5070E-02  -5.2423E-03
  > Energy =  -8.412673071825E+02 +/-   2.436458554847E-04
  > varE =   5.957226172105E-03

VMC #2:
* Size of Hilbert space =   4.9763E+11
* Number of equil. steps   = 1000
* Running VMC equilibration.
  Done. [total walltime: 0.21s]
* Equil. acc.ratio (%)     =  12.4993
* Sample config after equilibration:
  +---------------------+
  |  2   u   u   d   u  |
  |0   d   u   d   u   d|
  |u   d   0   d   0   d|
  |  d   2   u   u   2  |
  +---------------------+
* Number of accum. steps   = 501760 x 10
* Running VMC accumulation.
    [walltime: 1m elapsed, 47.6s remaining]
  Done. [total walltime: 1m47s]
* Acceptance ratio (%)     =  12.4769
* Etot/t                   =  -8.412671519251E+02 +/-   1.077961105129E-04
  > Ttot/t                 =  -7.560295140427E+01 +/-   9.505945216975E-04
  > Utot/t                 =   3.303694136561E+01 +/-   9.478302300385E-04
* var[Eloc/t]              =   5.821076654119E-03 +/-   3.662666111824E-05
* Correlation length       =   1.001610573066E+00
* log10 Psi^2 range: -21.591666391786564 -- -11.390217930032616
* log10 Pgen range : -21.591666391786564 -- -11.390217930032616
* Site occupation (ave. no. electrons per config.):
  > Site_  ___eu____  ___ed____
      1        0.492      0.502
      2        0.499      0.498
      3        0.502      0.502
      4        0.500      0.501
      5        0.505      0.498
      6        0.503      0.504
      7        0.501      0.501
      8        0.501      0.499
      9        0.496      0.503
     10        0.501      0.498
     11        0.500      0.506
     12        0.503      0.505
     13        0.501      0.500
     14        0.500      0.494
     15        0.500      0.501
     16        0.499      0.501
     17        0.506      0.501
     18        0.505      0.503
     19        0.501      0.495
     20        0.494      0.496
     21        0.494      0.497
     22        0.496      0.495
* Pair-correlation analysis (ave. no. pairs per config.):
  > Shell  nsite  ___dh____  __eueu___  __eued___
      0      1        0          0          3.840
      1      0        0.921      0.510      2.590
      2      0        0.282      0.698      1.067
      3      0        0.261      0.720      1.052
      4      0        0.232      0.757      1.064
      5      0        0.752      0.884      2.407
      6      0        0.649      1.135      2.283
      7      0        0.548      1.364      2.190
      8      0        0.458      1.543      2.089
      9      0        0.071      0.410      0.577
     10      0        0.140      0.834      1.146
     11      0        0.141      0.858      1.091
     12      0        0.230      2.105      1.931
     13      0        0.226      2.092      1.930
     14      0        0.270      1.889      2.050
     15      0        0.308      1.859      2.051
     16      0        0.241      2.050      1.936
     17      0        0.157      0.932      1.029
     18      0        0.244      2.109      1.927
     19      0        0.251      2.118      1.901
     20      0        0.240      2.093      1.913
     21      0        0.139      1.042      0.958
     22      0        0.274      2.075      1.907
     23      0        0.240      2.129      1.888
     24      0        0.221      1.967      2.061
     25      0        0.248      2.048      1.944
     26      0        0.224      1.959      2.088
     27      0        0.214      2.141      1.895
     28      0        0.252      2.043      1.971
     29      0        0.222      2.072      1.965
     30      0        0.251      2.018      1.971
     31      0        0.289      1.926      2.015
     32      0        0.284      2.013      1.944
     33      0        0.223      1.993      2.024
     34      0        0.263      1.949      2.029
     35      0        0.109      1.007      1.024
     36      0        0.266      2.016      1.956
     37      0        0.261      1.889      2.084
     38      0        0.258      1.940      2.068
     39      0        0.254      1.974      2.011
     40      0        0.251      2.008      1.981
     41      0        0.139      0.975      0.993
     42      0        0.261      1.977      1.993
     43      0        0.227      2.031      1.989
     44      0        0.230      1.980      2.036
     45      0        0.258      1.996      1.978
     46      0        0.224      2.023      1.994
     47      0        0.140      0.990      0.975
     48      0        0.258      1.977      2.009
     49      0        0.108      1.027      1.008
     50      0        0.248      1.985      1.983
     51      0        0.223      2.020      2.014
     52      0        0.249      1.983      1.991
     53      0        0.218      2.022      2.013
     54      0        0.216      2.019      2.019
     55      0        0.255      2.007      1.983
     56      0        0.249      1.982      1.987
     57      0        0.252      1.989      1.983
     58      0        0.111      1.000      0.998
     59      0        0.223      2.011      2.022
     60      0        0.219      2.003      2.010
     61      0        0.111      0.999      1.002
     62      0        0.111      1.006      1.004
     63      0        0.226      2.002      2.000
     64      0        0.115      1.001      0.999
     65      0        0.249      1.968      2.026
     66      0        0.121      0.926      1.075
     67      0        0.061      0.465      0.536
     68      0        0.060      0.464      0.535

Optimization #2:
* Method          : lls
* Target function : energy
* No. of configs. : 100352
* No. of params.  : 243
* Before optimization:
  -2.3760E+00  -2.7585E+00  -2.7125E+00  -2.5127E+00  -2.6578E+00  -2.9480E+00
   4.3106E-01   4.2690E-01   2.6088E-01   2.9973E-01   8.1639E-01   4.2308E-01
   4.0056E-01   4.7266E-01   4.7416E-01   4.7934E-01   5.0496E-01   4.1406E-01
   4.0944E-01   3.1810E-02   1.3605E-02   3.9964E-01   2.5306E-01   2.5040E-01
   1.6462E-01   1.6953E-01   1.7386E-01   1.8076E-01   3.0583E-02   2.9904E-02
   1.8022E-01   1.8596E-01   8.6756E-03   1.0024E-01   9.3272E-02   8.2684E-02
   7.5619E-02   1.8503E-01   1.8740E-01   1.6851E-01   1.7886E-01   1.7932E-01
   8.7661E-02   7.1712E-02  -2.5420E-02  -2.0381E-02  -6.3325E-02  -6.4093E-02
  -1.4926E-02  -1.4083E-02   4.5921E-01   4.4500E-01  -5.8063E-02  -5.9842E-02
  -2.0557E-02  -2.6608E-02  -4.7130E-02  -4.6041E-02  -9.0601E-02  -9.1942E-02
  -8.2048E-02  -8.3502E-02  -2.0613E-02  -1.9294E-02  -3.2004E-02  -3.0670E-02
   1.5773E-03  -9.7825E-02  -5.2584E-01  -7.2095E-02  -1.7681E-01  -1.0813E-01
  -2.0234E-01  -4.3081E-01  -4.1336E-01  -2.5982E-01  -2.8970E-01  -2.4851E-01
  -2.7351E-01  -2.6670E-01  -2.6372E-01  -1.9473E-01  -2.4791E-01   1.5768E-02
  -6.5495E-02   4.5739E-03  -3.2472E-02  -2.2054E-01  -2.0952E-01  -1.2180E-01
  -1.2732E-01  -8.0335E-02  -8.4679E-02  -9.1182E-02  -9.6138E-02   2.1975E-03
  -3.8124E-02  -7.8495E-02  -9.7821E-02   1.7948E-02  -3.3734E-02  -2.1524E-02
  -6.1876E-02   5.3834E-03  -6.8588E-02  -3.1001E-02  -1.3301E-01  -5.0661E-02
  -8.3781E-02  -6.1082E-02  -8.4030E-02  -6.6424E-03  -6.4096E-02   5.4562E-03
   9.6778E-03   4.6830E-02   2.0738E-02   7.4622E-03  -5.5908E-03  -1.8532E-01
  -2.3559E-01   3.7566E-02   2.2342E-02   1.1780E-02   1.4273E-02   2.4483E-02
   2.2142E-02   5.1178E-02   4.2742E-02   4.2976E-02   4.1539E-02   6.8283E-03
   8.8528E-03   1.4343E-02   2.1003E-02  -7.1612E-03  -3.0791E-03   8.0456E-01
   1.0100E+00   8.6170E-01   8.7738E-01   1.0171E+00   1.0331E+00  -6.0324E-01
  -3.2710E-01  -2.9108E-01  -4.9721E-01  -3.0106E-01  -2.3585E-01  -2.5106E-01
  -3.7517E-01  -8.2467E-02  -2.9603E-02  -2.7307E-01   1.7297E-02   2.1110E-02
  -9.7752E-02  -3.3214E-02   1.4266E-02  -3.2993E-02  -2.2618E-02  -5.6816E-03
  -6.0687E-02   4.8695E-03   3.6348E-02  -1.7752E-02  -5.6391E-02  -2.6499E-03
  -4.9713E-01  -1.6761E-01  -2.2836E-01  -3.7790E-01  -7.4830E-02  -4.8794E-02
  -6.0077E-02  -2.6194E-01  -5.2209E-02  -5.0050E-02  -2.0525E-01   3.6216E-02
   4.8787E-02  -1.0412E-01  -1.1711E-02   4.9245E-02  -8.1202E-03  -3.0155E-02
  -1.3236E-02   1.3877E-02  -3.8860E-02  -2.0694E-02   6.4817E-02  -4.3281E-03
  -2.0417E-02  -5.0487E-01  -2.0720E-01  -2.2690E-01  -4.5757E-01  -1.4338E-01
  -9.6451E-02  -1.3292E-01  -2.9260E-01  -2.4629E-02   2.4843E-02  -1.9802E-01
  -1.1394E-02  -1.4073E-02  -1.0225E-01   2.6663E-03  -1.7113E-03  -6.0795E-03
   2.0547E-02   3.1090E-02  -8.9838E-02   6.3863E-02   8.1688E-02  -4.4759E-02
  -1.1766E-02   1.1768E-02  -6.4253E-01  -7.4289E-02  -2.1504E-01  -4.3831E-01
  -7.8862E-02   9.8627E-03  -1.5928E-02  -2.5184E-01  -7.5633E-04  -5.3071E-04
  -1.3056E-01   8.5773E-03   1.2346E-02  -9.3209E-02   1.8445E-02   2.9073E-02
   1.4787E-02   6.6749E-03   1.2244E-02  -1.4374E-02   1.1705E-02   2.6543E-02
   3.1660E-02   3.5070E-02  -5.2423E-03
  > E    =  -8.412669728507E+02 +/-   2.415989816550E-04
  > varE =   5.857553057586E-03
* Computing derivatives.
    [walltime: 2m33s elapsed, 1h21m remaining]
    [walltime: 1h1m elapsed, 22m7s remaining]
  Done. [total walltime: 1h23m]
* Optimizing manipulation constant:
  #igrid a___________ E____________________________________ varE____________
     1     Infinity    -8.41266973E+02 +/-   2.41598982E-04   5.85755306E-03
     2     1.0000E+06  -8.41266973E+02 +/-   2.41598977E-04   5.85755285E-03
     3     2.1544E+05  -8.41266973E+02 +/-   2.41598961E-04   5.85755207E-03
     4     4.6416E+04  -8.41266973E+02 +/-   2.41598888E-04   5.85754850E-03
     5     1.0000E+04  -8.41266973E+02 +/-   2.41598545E-04   5.85753189E-03
     6     2.1544E+03  -8.41266973E+02 +/-   2.41596962E-04   5.85745511E-03
     7     4.6416E+02  -8.41266973E+02 +/-   2.41589737E-04   5.85710477E-03
     8     1.0000E+02  -8.41266974E+02 +/-   2.41559338E-04   5.85563090E-03
     9     2.1544E+01  -8.41266960E+02 +/-   2.41731654E-04   5.86398810E-03
    10     4.6416E+00  -8.41246621E+02 +/-   4.80616985E-04   2.31805781E-02
    11     1.0000E+00  -8.39922012E+02 +/-   2.96275721E-03   8.80882860E-01
    12     2.1544E-01  -8.40951967E+02 +/-   1.60447494E-03   2.58340152E-01
    13     4.6416E-02  -8.41073617E+02 +/-   1.27968996E-03   1.64337076E-01
    14     1.0000E-02  -8.41086774E+02 +/-   1.23876391E-03   1.53993759E-01
    15     2.1544E-03  -8.41088980E+02 +/-   1.23178514E-03   1.52263551E-01
    16     4.6416E-04  -8.41089424E+02 +/-   1.23037727E-03   1.51915689E-01
    17     1.0000E-04  -8.41089518E+02 +/-   1.23007851E-03   1.51841924E-01
    18     2.1544E-05  -8.41089539E+02 +/-   1.23001436E-03   1.51826086E-01
    19     4.6416E-06  -8.41089543E+02 +/-   1.23000055E-03   1.51822677E-01
    20     1.0000E-06  -8.41089544E+02 +/-   1.22999758E-03   1.51821942E-01
    21     0.0000E+00  -8.41089544E+02 +/-   1.22999676E-03   1.51821741E-01
  ParMin   1.9642E+02  -8.41266973E+02 +/-   2.41577696E-04   5.85652096E-03
  # Using grid point #8
* Iteration # 1: E =  -8.412669739766E+02 +/-   2.415593380622E-04
* Convergence: exiting.
* After optimization:
  -2.3994E+00  -2.7811E+00  -2.7353E+00  -2.5357E+00  -2.6807E+00  -2.9710E+00
   4.3118E-01   4.2698E-01   2.6086E-01   2.9948E-01   8.1644E-01   4.2303E-01
   4.0056E-01   4.7271E-01   4.7419E-01   4.7937E-01   5.0498E-01   4.1398E-01
   4.0937E-01   3.1896E-02   1.3522E-02   3.9931E-01   2.5306E-01   2.5038E-01
   1.6461E-01   1.6953E-01   1.7369E-01   1.8058E-01   3.0555E-02   2.9890E-02
   1.8007E-01   1.8580E-01   8.6810E-03   1.0024E-01   9.3260E-02   8.2687E-02
   7.5603E-02   1.8499E-01   1.8736E-01   1.6853E-01   1.7887E-01   1.7935E-01
   8.7534E-02   7.1598E-02  -2.5455E-02  -2.0418E-02  -6.3327E-02  -6.4104E-02
  -1.4942E-02  -1.4122E-02   4.5919E-01   4.4496E-01  -5.8062E-02  -5.9843E-02
  -2.0601E-02  -2.6648E-02  -4.7135E-02  -4.6058E-02  -9.0585E-02  -9.1923E-02
  -8.2029E-02  -8.3487E-02  -2.0598E-02  -1.9294E-02  -3.2009E-02  -3.0682E-02
   1.5419E-03  -9.7999E-02  -5.2601E-01  -7.2109E-02  -1.7683E-01  -1.0808E-01
  -2.0222E-01  -4.3082E-01  -4.1335E-01  -2.5977E-01  -2.8975E-01  -2.4854E-01
  -2.7357E-01  -2.6672E-01  -2.6375E-01  -1.9482E-01  -2.4778E-01   1.5734E-02
  -6.5588E-02   4.6105E-03  -3.2489E-02  -2.2025E-01  -2.0947E-01  -1.2180E-01
  -1.2731E-01  -8.0317E-02  -8.4679E-02  -9.1099E-02  -9.6036E-02   2.2327E-03
  -3.8122E-02  -7.8447E-02  -9.7704E-02   1.7982E-02  -3.3721E-02  -2.1517E-02
  -6.1904E-02   5.4028E-03  -6.8605E-02  -3.1078E-02  -1.3289E-01  -5.0686E-02
  -8.3834E-02  -6.1066E-02  -8.4046E-02  -6.5575E-03  -6.4032E-02   5.4856E-03
   9.6726E-03   4.6830E-02   2.0728E-02   7.4884E-03  -5.5822E-03  -1.8532E-01
  -2.3561E-01   3.7553E-02   2.2326E-02   1.1833E-02   1.4275E-02   2.4490E-02
   2.2139E-02   5.1177E-02   4.2735E-02   4.2962E-02   4.1523E-02   6.8260E-03
   8.8442E-03   1.4351E-02   2.1004E-02  -7.1399E-03  -3.0559E-03   8.1410E-01
   1.0215E+00   8.7152E-01   8.8760E-01   1.0288E+00   1.0451E+00  -6.1020E-01
  -3.3085E-01  -2.9471E-01  -5.0262E-01  -3.0466E-01  -2.3837E-01  -2.5389E-01
  -3.7972E-01  -8.3568E-02  -2.9950E-02  -2.7583E-01   1.7493E-02   2.1380E-02
  -9.8676E-02  -3.3583E-02   1.4473E-02  -3.3424E-02  -2.2933E-02  -5.7599E-03
  -6.1441E-02   4.9501E-03   3.6750E-02  -1.7875E-02  -5.7134E-02  -2.7229E-03
  -5.0271E-01  -1.6951E-01  -2.3091E-01  -3.8205E-01  -7.5626E-02  -4.9138E-02
  -6.0633E-02  -2.6494E-01  -5.3012E-02  -5.0713E-02  -2.0723E-01   3.6632E-02
   4.9265E-02  -1.0506E-01  -1.1818E-02   4.9718E-02  -8.2702E-03  -3.0453E-02
  -1.3396E-02   1.3940E-02  -3.9295E-02  -2.1003E-02   6.5505E-02  -4.4524E-03
  -2.0661E-02  -5.0488E-01  -2.0729E-01  -2.2700E-01  -4.5735E-01  -1.4349E-01
  -9.6428E-02  -1.3293E-01  -2.9267E-01  -2.4820E-02   2.4845E-02  -1.9756E-01
  -1.1477E-02  -1.4024E-02  -1.0201E-01   2.7365E-03  -1.5631E-03  -6.0450E-03
   2.0465E-02   3.0988E-02  -8.9841E-02   6.3808E-02   8.1716E-02  -4.4583E-02
  -1.1874E-02   1.1758E-02  -6.4253E-01  -7.4413E-02  -2.1482E-01  -4.3806E-01
  -7.8810E-02   9.8842E-03  -1.5899E-02  -2.5172E-01  -9.4508E-04  -5.4586E-04
  -1.3008E-01   8.5138E-03   1.2291E-02  -9.2940E-02   1.8518E-02   2.9084E-02
   1.4738E-02   6.6368E-03   1.2206E-02  -1.4414E-02   1.1658E-02   2.6477E-02
   3.1720E-02   3.4945E-02  -5.2427E-03
  > Energy =  -8.412669739766E+02 +/-   2.415593380622E-04
  > varE =   5.855630902164E-03

VMC #3:
* Size of Hilbert space =   4.9763E+11
* Number of equil. steps   = 1000
* Running VMC equilibration.
  Done. [total walltime: 0.21s]
* Equil. acc.ratio (%)     =  12.3934
* Sample config after equilibration:
  +---------------------+
  |  0   2   u   d   u  |
  |0   2   d   u   u   d|
  |0   u   0   0   2   d|
  |  2   2   d   d   u  |
  +---------------------+
* Number of accum. steps   = 501760 x 10
* Running VMC accumulation.
    [walltime: 1m elapsed, 47.9s remaining]
  Done. [total walltime: 1m48s]
* Acceptance ratio (%)     =  12.3495
* Etot/t                   =  -8.412674297909E+02 +/-   1.073145954480E-04
  > Ttot/t                 =  -7.560148572514E+01 +/-   9.204697845012E-04
  > Utot/t                 =   3.303519782068E+01 +/-   9.169429126621E-04
* var[Eloc/t]              =   5.754764822739E-03 +/-   2.627536242338E-05
* Correlation length       =   1.004120981395E+00
* log10 Psi^2 range: -21.811990271580598 -- -11.389944129652395
* log10 Pgen range : -21.811990271580598 -- -11.389944129652395
* Site occupation (ave. no. electrons per config.):
  > Site_  ___eu____  ___ed____
      1        0.494      0.499
      2        0.493      0.497
      3        0.504      0.499
      4        0.500      0.501
      5        0.505      0.501
      6        0.504      0.501
      7        0.501      0.503
      8        0.502      0.500
      9        0.495      0.496
     10        0.497      0.503
     11        0.501      0.505
     12        0.504      0.503
     13        0.500      0.499
     14        0.500      0.499
     15        0.500      0.498
     16        0.500      0.501
     17        0.502      0.506
     18        0.500      0.504
     19        0.501      0.495
     20        0.502      0.497
     21        0.497      0.494
     22        0.497      0.499
* Pair-correlation analysis (ave. no. pairs per config.):
  > Shell  nsite  ___dh____  __eueu___  __eued___
      0      1        0          0          3.834
      1      0        0.919      0.509      2.594
      2      0        0.280      0.696      1.066
      3      0        0.264      0.717      1.058
      4      0        0.229      0.760      1.067
      5      0        0.752      0.884      2.405
      6      0        0.641      1.135      2.294
      7      0        0.548      1.358      2.188
      8      0        0.454      1.551      2.087
      9      0        0.071      0.410      0.576
     10      0        0.143      0.828      1.144
     11      0        0.138      0.859      1.091
     12      0        0.230      2.104      1.928
     13      0        0.227      2.084      1.926
     14      0        0.269      1.890      2.061
     15      0        0.305      1.865      2.052
     16      0        0.241      2.054      1.935
     17      0        0.156      0.930      1.029
     18      0        0.247      2.099      1.922
     19      0        0.248      2.121      1.900
     20      0        0.240      2.094      1.916
     21      0        0.139      1.042      0.953
     22      0        0.276      2.076      1.903
     23      0        0.243      2.135      1.885
     24      0        0.220      1.962      2.060
     25      0        0.248      2.050      1.951
     26      0        0.221      1.959      2.091
     27      0        0.215      2.139      1.893
     28      0        0.252      2.044      1.963
     29      0        0.223      2.074      1.958
     30      0        0.251      2.011      1.971
     31      0        0.290      1.926      2.017
     32      0        0.285      2.011      1.944
     33      0        0.220      2.000      2.022
     34      0        0.263      1.953      2.022
     35      0        0.113      1.000      1.022
     36      0        0.264      2.013      1.960
     37      0        0.257      1.896      2.091
     38      0        0.257      1.936      2.064
     39      0        0.255      1.975      2.010
     40      0        0.253      2.013      1.975
     41      0        0.139      0.977      0.997
     42      0        0.258      1.979      1.990
     43      0        0.226      2.027      1.997
     44      0        0.226      1.991      2.038
     45      0        0.256      1.990      1.979
     46      0        0.223      2.023      1.997
     47      0        0.140      0.993      0.980
     48      0        0.256      1.980      2.005
     49      0        0.109      1.024      1.004
     50      0        0.251      1.990      1.978
     51      0        0.223      2.022      2.013
     52      0        0.251      1.982      1.999
     53      0        0.218      2.015      2.013
     54      0        0.219      2.011      2.017
     55      0        0.257      2.002      1.985
     56      0        0.248      1.982      1.989
     57      0        0.250      1.997      1.988
     58      0        0.108      0.997      1.005
     59      0        0.224      2.012      2.019
     60      0        0.225      2.006      1.995
     61      0        0.109      1.003      0.996
     62      0        0.113      1.007      1.000
     63      0        0.220      1.999      2.011
     64      0        0.110      1.003      1.009
     65      0        0.249      1.966      2.023
     66      0        0.119      0.932      1.074
     67      0        0.059      0.464      0.537
     68      0        0.060      0.463      0.535

Optimization #3:
* Method          : lls
* Target function : energy
* No. of configs. : 100352
* No. of params.  : 243
* Before optimization:
  -2.3994E+00  -2.7811E+00  -2.7353E+00  -2.5357E+00  -2.6807E+00  -2.9710E+00
   4.3118E-01   4.2698E-01   2.6086E-01   2.9948E-01   8.1644E-01   4.2303E-01
   4.0056E-01   4.7271E-01   4.7419E-01   4.7937E-01   5.0498E-01   4.1398E-01
   4.0937E-01   3.1896E-02   1.3522E-02   3.9931E-01   2.5306E-01   2.5038E-01
   1.6461E-01   1.6953E-01   1.7369E-01   1.8058E-01   3.0555E-02   2.9890E-02
   1.8007E-01   1.8580E-01   8.6810E-03   1.0024E-01   9.3260E-02   8.2687E-02
   7.5603E-02   1.8499E-01   1.8736E-01   1.6853E-01   1.7887E-01   1.7935E-01
   8.7534E-02   7.1598E-02  -2.5455E-02  -2.0418E-02  -6.3327E-02  -6.4104E-02
  -1.4942E-02  -1.4122E-02   4.5919E-01   4.4496E-01  -5.8062E-02  -5.9843E-02
  -2.0601E-02  -2.6648E-02  -4.7135E-02  -4.6058E-02  -9.0585E-02  -9.1923E-02
  -8.2029E-02  -8.3487E-02  -2.0598E-02  -1.9294E-02  -3.2009E-02  -3.0682E-02
   1.5419E-03  -9.7999E-02  -5.2601E-01  -7.2109E-02  -1.7683E-01  -1.0808E-01
  -2.0222E-01  -4.3082E-01  -4.1335E-01  -2.5977E-01  -2.8975E-01  -2.4854E-01
  -2.7357E-01  -2.6672E-01  -2.6375E-01  -1.9482E-01  -2.4778E-01   1.5734E-02
  -6.5588E-02   4.6105E-03  -3.2489E-02  -2.2025E-01  -2.0947E-01  -1.2180E-01
  -1.2731E-01  -8.0317E-02  -8.4679E-02  -9.1099E-02  -9.6036E-02   2.2327E-03
  -3.8122E-02  -7.8447E-02  -9.7704E-02   1.7982E-02  -3.3721E-02  -2.1517E-02
  -6.1904E-02   5.4028E-03  -6.8605E-02  -3.1078E-02  -1.3289E-01  -5.0686E-02
  -8.3834E-02  -6.1066E-02  -8.4046E-02  -6.5575E-03  -6.4032E-02   5.4856E-03
   9.6726E-03   4.6830E-02   2.0728E-02   7.4884E-03  -5.5822E-03  -1.8532E-01
  -2.3561E-01   3.7553E-02   2.2326E-02   1.1833E-02   1.4275E-02   2.4490E-02
   2.2139E-02   5.1177E-02   4.2735E-02   4.2962E-02   4.1523E-02   6.8260E-03
   8.8442E-03   1.4351E-02   2.1004E-02  -7.1399E-03  -3.0559E-03   8.1410E-01
   1.0215E+00   8.7152E-01   8.8760E-01   1.0288E+00   1.0451E+00  -6.1020E-01
  -3.3085E-01  -2.9471E-01  -5.0262E-01  -3.0466E-01  -2.3837E-01  -2.5389E-01
  -3.7972E-01  -8.3568E-02  -2.9950E-02  -2.7583E-01   1.7493E-02   2.1380E-02
  -9.8676E-02  -3.3583E-02   1.4473E-02  -3.3424E-02  -2.2933E-02  -5.7599E-03
  -6.1441E-02   4.9501E-03   3.6750E-02  -1.7875E-02  -5.7134E-02  -2.7229E-03
  -5.0271E-01  -1.6951E-01  -2.3091E-01  -3.8205E-01  -7.5626E-02  -4.9138E-02
  -6.0633E-02  -2.6494E-01  -5.3012E-02  -5.0713E-02  -2.0723E-01   3.6632E-02
   4.9265E-02  -1.0506E-01  -1.1818E-02   4.9718E-02  -8.2702E-03  -3.0453E-02
  -1.3396E-02   1.3940E-02  -3.9295E-02  -2.1003E-02   6.5505E-02  -4.4524E-03
  -2.0661E-02  -5.0488E-01  -2.0729E-01  -2.2700E-01  -4.5735E-01  -1.4349E-01
  -9.6428E-02  -1.3293E-01  -2.9267E-01  -2.4820E-02   2.4845E-02  -1.9756E-01
  -1.1477E-02  -1.4024E-02  -1.0201E-01   2.7365E-03  -1.5631E-03  -6.0450E-03
   2.0465E-02   3.0988E-02  -8.9841E-02   6.3808E-02   8.1716E-02  -4.4583E-02
  -1.1874E-02   1.1758E-02  -6.4253E-01  -7.4413E-02  -2.1482E-01  -4.3806E-01
  -7.8810E-02   9.8842E-03  -1.5899E-02  -2.5172E-01  -9.4508E-04  -5.4586E-04
  -1.3008E-01   8.5138E-03   1.2291E-02  -9.2940E-02   1.8518E-02   2.9084E-02
   1.4738E-02   6.6368E-03   1.2206E-02  -1.4414E-02   1.1658E-02   2.6477E-02
   3.1720E-02   3.4945E-02  -5.2427E-03
  > E    =  -8.412675287503E+02 +/-   2.396749206647E-04
  > varE =   5.764627071356E-03
* Computing derivatives.
    [walltime: 2m34s elapsed, 1h21m remaining]
    [walltime: 1h1m elapsed, 22m8s remaining]
  Done. [total walltime: 1h23m]
* Optimizing manipulation constant:
  #igrid a___________ E____________________________________ varE____________
     1     Infinity    -8.41267529E+02 +/-   2.39674921E-04   5.76462707E-03
     2     1.0000E+06  -8.41267529E+02 +/-   2.39674918E-04   5.76462693E-03
     3     2.1544E+05  -8.41267529E+02 +/-   2.39674907E-04   5.76462641E-03
     4     4.6416E+04  -8.41267529E+02 +/-   2.39674858E-04   5.76462406E-03
     5     1.0000E+04  -8.41267529E+02 +/-   2.39674652E-04   5.76461416E-03
     6     2.1544E+03  -8.41267529E+02 +/-   2.39674159E-04   5.76459041E-03
     7     4.6416E+02  -8.41267526E+02 +/-   2.39683958E-04   5.76506183E-03
     8     1.0000E+02  -8.41267412E+02 +/-   2.40988183E-04   5.82797293E-03
     9     2.1544E+01  -8.41239066E+02 +/-   5.37944001E-04   2.90402379E-02
    10     4.6416E+00  -8.38640006E+02 +/-   3.67832523E-03   1.35777024E+00
    11     1.0000E+00 (error)
    12     2.1544E-01 (error)
    13     4.6416E-02 (error)
    14     1.0000E-02 (error)
    15     2.1544E-03 (error)
    16     4.6416E-04 (error)
    17     1.0000E-04 (error)
    18     2.1544E-05 (error)
    19     4.6416E-06 (error)
    20     1.0000E-06 (error)
    21     0.0000E+00 (error)
* Iteration # 1: E =  -8.412675287588E+02 +/-   2.396746522831E-04
* Convergence: exiting.
* After optimization:
  -2.4010E+00  -2.7827E+00  -2.7369E+00  -2.5373E+00  -2.6823E+00  -2.9726E+00
   4.3119E-01   4.2698E-01   2.6086E-01   2.9948E-01   8.1644E-01   4.2303E-01
   4.0055E-01   4.7271E-01   4.7419E-01   4.7937E-01   5.0498E-01   4.1398E-01
   4.0937E-01   3.1896E-02   1.3521E-02   3.9931E-01   2.5306E-01   2.5038E-01
   1.6461E-01   1.6953E-01   1.7369E-01   1.8058E-01   3.0555E-02   2.9890E-02
   1.8007E-01   1.8580E-01   8.6812E-03   1.0024E-01   9.3260E-02   8.2687E-02
   7.5603E-02   1.8499E-01   1.8736E-01   1.6853E-01   1.7887E-01   1.7935E-01
   8.7533E-02   7.1597E-02  -2.5454E-02  -2.0418E-02  -6.3327E-02  -6.4104E-02
  -1.4943E-02  -1.4122E-02   4.5919E-01   4.4496E-01  -5.8063E-02  -5.9843E-02
  -2.0601E-02  -2.6648E-02  -4.7135E-02  -4.6058E-02  -9.0584E-02  -9.1923E-02
  -8.2028E-02  -8.3487E-02  -2.0598E-02  -1.9294E-02  -3.2009E-02  -3.0682E-02
   1.5416E-03  -9.8001E-02  -5.2601E-01  -7.2109E-02  -1.7683E-01  -1.0808E-01
  -2.0222E-01  -4.3082E-01  -4.1335E-01  -2.5977E-01  -2.8975E-01  -2.4854E-01
  -2.7357E-01  -2.6672E-01  -2.6375E-01  -1.9482E-01  -2.4778E-01   1.5733E-02
  -6.5588E-02   4.6103E-03  -3.2489E-02  -2.2025E-01  -2.0947E-01  -1.2180E-01
  -1.2731E-01  -8.0317E-02  -8.4678E-02  -9.1098E-02  -9.6035E-02   2.2328E-03
  -3.8122E-02  -7.8447E-02  -9.7703E-02   1.7982E-02  -3.3721E-02  -2.1517E-02
  -6.1904E-02   5.4025E-03  -6.8605E-02  -3.1079E-02  -1.3289E-01  -5.0686E-02
  -8.3834E-02  -6.1066E-02  -8.4046E-02  -6.5571E-03  -6.4031E-02   5.4854E-03
   9.6723E-03   4.6830E-02   2.0728E-02   7.4886E-03  -5.5818E-03  -1.8532E-01
  -2.3561E-01   3.7553E-02   2.2326E-02   1.1833E-02   1.4275E-02   2.4491E-02
   2.2139E-02   5.1177E-02   4.2735E-02   4.2962E-02   4.1523E-02   6.8260E-03
   8.8443E-03   1.4351E-02   2.1004E-02  -7.1399E-03  -3.0557E-03   8.1475E-01
   1.0223E+00   8.7222E-01   8.8831E-01   1.0296E+00   1.0460E+00  -6.1068E-01
  -3.3112E-01  -2.9494E-01  -5.0302E-01  -3.0490E-01  -2.3856E-01  -2.5409E-01
  -3.8002E-01  -8.3636E-02  -2.9974E-02  -2.7605E-01   1.7508E-02   2.1397E-02
  -9.8753E-02  -3.3609E-02   1.4484E-02  -3.3451E-02  -2.2951E-02  -5.7647E-03
  -6.1490E-02   4.9544E-03   3.6780E-02  -1.7889E-02  -5.7180E-02  -2.7251E-03
  -5.0311E-01  -1.6964E-01  -2.3110E-01  -3.8235E-01  -7.5684E-02  -4.9175E-02
  -6.0680E-02  -2.6515E-01  -5.3056E-02  -5.0755E-02  -2.0740E-01   3.6662E-02
   4.9305E-02  -1.0514E-01  -1.1827E-02   4.9757E-02  -8.2771E-03  -3.0476E-02
  -1.3407E-02   1.3952E-02  -3.9326E-02  -2.1019E-02   6.5557E-02  -4.4565E-03
  -2.0677E-02  -5.0488E-01  -2.0729E-01  -2.2699E-01  -4.5734E-01  -1.4349E-01
  -9.6427E-02  -1.3293E-01  -2.9267E-01  -2.4822E-02   2.4844E-02  -1.9756E-01
  -1.1477E-02  -1.4024E-02  -1.0200E-01   2.7371E-03  -1.5630E-03  -6.0448E-03
   2.0465E-02   3.0987E-02  -8.9841E-02   6.3808E-02   8.1716E-02  -4.4582E-02
  -1.1875E-02   1.1759E-02  -6.4253E-01  -7.4414E-02  -2.1482E-01  -4.3806E-01
  -7.8809E-02   9.8849E-03  -1.5898E-02  -2.5171E-01  -9.4700E-04  -5.4702E-04
  -1.3008E-01   8.5140E-03   1.2291E-02  -9.2938E-02   1.8519E-02   2.9083E-02
   1.4738E-02   6.6370E-03   1.2206E-02  -1.4413E-02   1.1659E-02   2.6477E-02
   3.1719E-02   3.4944E-02  -5.2425E-03
  > Energy =  -8.412675287588E+02 +/-   2.396746522831E-04
  > varE =   5.764614161210E-03

VMC #4:
* Size of Hilbert space =   4.9763E+11
* Number of equil. steps   = 1000
* Running VMC equilibration.
  Done. [total walltime: 0.21s]
* Equil. acc.ratio (%)     =  12.3521
* Sample config after equilibration:
  +---------------------+
  |  2   2   d   u   u  |
  |0   u   d   d   0   d|
  |u   u   0   2   2   0|
  |  d   d   u   0   2  |
  +---------------------+
* Number of accum. steps   = 501760 x 10
* Running VMC accumulation.
    [walltime: 1m elapsed, 47.6s remaining]
  Done. [total walltime: 1m47s]
* Acceptance ratio (%)     =  12.3313
* Etot/t                   =  -8.412672085726E+02 +/-   1.053943316432E-04
  > Ttot/t                 =  -7.560202896898E+01 +/-   9.459483852238E-04
  > Utot/t                 =   3.303596228284E+01 +/-   9.421370001154E-04
* var[Eloc/t]              =   5.759228523048E-03 +/-   3.908033075789E-05
* Correlation length       =   9.677568041623E-01
* log10 Psi^2 range: -22.433026095795089 -- -11.389964061188126
* log10 Pgen range : -22.433026095795089 -- -11.389964061188126
* Site occupation (ave. no. electrons per config.):
  > Site_  ___eu____  ___ed____
      1        0.495      0.497
      2        0.499      0.496
      3        0.502      0.504
      4        0.501      0.499
      5        0.505      0.501
      6        0.502      0.502
      7        0.500      0.502
      8        0.501      0.500
      9        0.495      0.500
     10        0.500      0.500
     11        0.507      0.505
     12        0.500      0.505
     13        0.499      0.499
     14        0.498      0.496
     15        0.502      0.500
     16        0.499      0.500
     17        0.505      0.503
     18        0.503      0.505
     19        0.497      0.497
     20        0.497      0.497
     21        0.495      0.496
     22        0.498      0.497
* Pair-correlation analysis (ave. no. pairs per config.):
  > Shell  nsite  ___dh____  __eueu___  __eued___
      0      1        0          0          3.847
      1      0        0.926      0.510      2.587
      2      0        0.281      0.693      1.064
      3      0        0.263      0.721      1.053
      4      0        0.231      0.758      1.067
      5      0        0.750      0.884      2.407
      6      0        0.650      1.137      2.291
      7      0        0.551      1.352      2.184
      8      0        0.455      1.549      2.088
      9      0        0.073      0.410      0.583
     10      0        0.142      0.832      1.141
     11      0        0.140      0.858      1.095
     12      0        0.230      2.112      1.937
     13      0        0.230      2.087      1.924
     14      0        0.270      1.891      2.057
     15      0        0.305      1.859      2.052
     16      0        0.243      2.051      1.938
     17      0        0.158      0.925      1.028
     18      0        0.248      2.099      1.916
     19      0        0.250      2.131      1.902
     20      0        0.239      2.096      1.914
     21      0        0.140      1.040      0.950
     22      0        0.271      2.078      1.901
     23      0        0.242      2.127      1.890
     24      0        0.222      1.966      2.060
     25      0        0.252      2.056      1.951
     26      0        0.225      1.963      2.095
     27      0        0.220      2.141      1.889
     28      0        0.253      2.041      1.961
     29      0        0.226      2.070      1.959
     30      0        0.255      2.009      1.966
     31      0        0.290      1.923      2.014
     32      0        0.283      2.008      1.943
     33      0        0.223      2.001      2.036
     34      0        0.262      1.947      2.026
     35      0        0.112      0.999      1.022
     36      0        0.265      2.012      1.952
     37      0        0.257      1.902      2.096
     38      0        0.257      1.934      2.062
     39      0        0.256      1.967      2.015
     40      0        0.252      2.012      1.979
     41      0        0.140      0.976      0.993
     42      0        0.259      1.973      1.992
     43      0        0.227      2.040      1.997
     44      0        0.228      1.990      2.046
     45      0        0.258      1.996      1.971
     46      0        0.225      2.036      1.998
     47      0        0.138      0.995      0.978
     48      0        0.259      1.974      2.004
     49      0        0.109      1.030      0.999
     50      0        0.249      1.989      1.984
     51      0        0.223      2.017      2.016
     52      0        0.251      1.987      1.992
     53      0        0.219      2.017      2.012
     54      0        0.220      2.012      2.016
     55      0        0.261      1.996      1.979
     56      0        0.248      1.982      1.991
     57      0        0.252      1.992      1.985
     58      0        0.111      1.000      1.002
     59      0        0.224      2.015      2.016
     60      0        0.226      2.006      2.001
     61      0        0.111      1.005      0.996
     62      0        0.113      1.008      0.999
     63      0        0.224      1.995      2.013
     64      0        0.114      1.002      1.005
     65      0        0.250      1.963      2.022
     66      0        0.121      0.924      1.076
     67      0        0.060      0.466      0.536
     68      0        0.060      0.465      0.535

VDAGGER finished.
Total VDAGGER walltime: 7h55m

Run ended: Sun Aug 31 22:23:21 CEST 2025
