Run started: Mon Sep  1 10:13:29 CEST 2025
Using VDAGGER_ARCH = gnu7_fkfamd_cluster
Running 8x128 MPI processes.

                               xx
                              +##
                               #X
                               Xx
                          X##XxXxxX##x
                           +   Xx  ++
                               ##
                              +##
                              +##
     ++++         ++          +##
   xX+++##+      ####         +##
  Xx    ###      +X##          ##
 xX    X##+        ##          #X
 +    x##X         #x          #X
      ###         +#           x+
     X##+         #+
     ###         Xx                    _______
     ##X       +X+   __________________VDAGGER
     +##x    +xX     2nd quantized variational
       +xxxxx+       ______quantum Monte Carlo

* Running 1024 MPI processes.
* Input file: "input.casl"

############# Start of input file dump #############
General:
  Random seed: timer

Plan:
  VMC-optimization:
    Minimum cycles: 5
    Convergence cycles: 3

System:
  Read Hamiltonian: FCIDUMP_loc
  Read orbitals: LTSC.mat
  Complex orbitals: F
  Geometry:
    r_14: [ 2.30715201389900, -1.36612962809100 ]
    r_19: [ -2.30715201389900, -1.36612962809100 ]
    r_9: [ 2.30715201389900, 1.36612962809100 ]
    r_1: [ -2.30715201389900, 1.36612962809100 ]
    r_11: [ 0.00000000000000, -2.64819012780300 ]
    r_5: [ 0.00000000000000, 2.64819012780300 ]
    r_21: [ 6.92052984475300, 1.36731216695600 ]
    r_20: [ -6.92052984475300, 1.36731216695600 ]
    r_22: [ 6.92052984475300, -1.36731216695600 ]
    r_2: [ -6.92052984475300, -1.36731216695600 ]
    r_17: [ 4.65052830966800, 2.64933873056800 ]
    r_18: [ -4.65052830966800, 2.64933873056800 ]
    r_12: [ 4.65052830966800, -2.64933873056800 ]
    r_6: [ -4.65052830966800, -2.64933873056800 ]
    r_7: [ 11.51783390367000, 1.35551508476500 ]
    r_16: [ -11.51783390367000, 1.35551508476500 ]
    r_4: [ 11.51783390367000, -1.35551508476500 ]
    r_3: [ -11.51783390367000, -1.35551508476500 ]
    r_15: [ 9.31130451375400, 2.65735609478700 ]
    r_8: [ -9.31130451375400, 2.65735609478700 ]
    r_13: [ 9.31130451375400, -2.65735609478700 ]
    r_10: [ -9.31130451375400, -2.65735609478700 ]
    Tolerance: 0.05

VMC:
  nstep: 500000
  nconfig: 100000

Optimization:
  max_niter: 3

Jastrow: wfn.casl

Backflow: wfn.casl
############## End of input file dump ##############

General setup:
* Random seed: 1853779700 (from timer)

* Loaded integrals for system with nelec=22, ms2=0, norb=22
* INFO: setting number of electrons from integrals file.
* Analysis of Hamiltonian connecitivity performed:
  - T_ii (local, 1-site): 22 (i) values
  - U_iiii [opp] (local, 1-site): 22 (i) values
  - U_kkii [opp] (local, 2-site): 462 contribs. from 22 (i) values
  - U_kkii [par] (local, 2-site): 231 contribs. from 21 (i) values
  - T_ji (single, 2-site): 462 contribs. from 22 (i) values
  - U_kkji [opp] (single, 2/3-site): 10164 contribs. from 462 (i,j) pairs
  - U_kkji [par] (single, 3-site): 9702 contribs. from 462 (i,j) pairs
  - U_lkji [opp] (double, 2/3/4-site): 212836 contribs. from 462 (i,j) pairs
  - U_lkji [par] (double, 4-site): 50050 contribs. from 420 (i,j) pairs
  - Max. no. wfn. ratios in Eloc: 18543
* Reading override orbitals from file "LTSC.mat".
* Site labels:
  +--------------------------------+
  |    8    18     5    17    15   |
  |16    20     1     9    21     7|
  | 3     2    19    14    22     4|
  |   10     6    11    12    13   |
  +--------------------------------+
* Automatically set Site kinds:
  [ 1, 2, 3, 3, 4, 5, 3, 6, 1, 6, 4, 5, 6, 1, 6, 3, 5, 5, 1, 2, 2, 2 ]
  +---------------------+
  |  6   5   4   5   6  |
  |3   2   1   1   2   3|
  |3   2   1   1   2   3|
  |  6   5   4   5   6  |
  +---------------------+
* Maximum Site kind: 6
* Number of site-pair kinds with Tij=0: 0
* Automatically set Site pair kinds:
  Site 1: [ 0, -15, -34, -48, -6, -18, -55, -65, 21, 30, -19, -28, 45, -17, -42, -36, 38, 7, 2, -22, -32, 31 ]
  Site 2: [ -15, 0, -20, -57, 25, 5, -52, -16, 31, -8, 37, -39, 56, -32, -50, -14, 40, -23, -22, 3, -41, 47 ]
  Site 3: [ -34, -20, 0, -62, 43, 67, -64, 27, 48, 1, 44, -59, 63, -55, -60, 4, 51, 29, -36, -14, -52, 57 ]
  Site 4: [ -48, -57, -62, 0, -43, 59, 4, 60, 34, 63, -44, -66, 1, -36, -27, -64, -29, -51, -55, -52, -14, 20 ]
  Site 5: [ -6, 25, 43, -43, 0, -26, -44, 46, -6, -33, 9, -26, 33, 19, 46, 44, -12, -12, -19, 37, -37, 25 ]
  Site 6: [ -18, 5, 67, 59, -26, 0, 51, 24, -28, -13, 12, -49, -53, 38, 54, -29, -35, -10, -7, 23, 40, -39 ]
  Site 7: [ -55, -52, -64, 4, -44, 51, 0, 63, 36, 60, -43, 29, 27, -34, -1, -62, 66, -59, -48, -57, -20, 14 ]
  Site 8: [ -65, -16, 27, 60, 46, 24, 63, 0, -42, 11, -33, 54, -58, 45, 61, 1, -53, 13, 30, -8, 56, -50 ]
  Site 9: [ 21, 31, 48, 34, -6, -28, 36, -42, 0, -45, -19, -18, -30, -2, -65, 55, 7, 38, 17, 32, 22, -15 ]
  Site 10: [ 30, -8, 1, 63, -33, -13, 60, 11, -45, 0, 46, 53, -61, 42, 58, 27, -54, -24, -65, -16, 50, -56 ]
  Site 11: [ -19, 37, 44, -44, 9, 12, -43, -33, -19, 46, 0, 12, -46, 6, -33, 43, 26, 26, -6, 25, -25, 37 ]
  Site 12: [ -28, -39, -59, -66, -26, -49, 29, 54, -18, 53, 12, 0, 13, 7, 24, -51, -10, -35, -38, -40, -23, 5 ]
  Site 13: [ 45, 56, 63, 1, 33, -53, 27, -58, -30, -61, -46, 13, 0, -65, -11, 60, 24, 54, 42, 50, -16, 8 ]
  Site 14: [ -17, -32, -55, -36, 19, 38, -34, 45, -2, 42, 6, 7, -65, 0, -30, -48, -18, -28, -21, -31, -15, 22 ]
  Site 15: [ -42, -50, -60, -27, 46, 54, -1, 61, -65, 58, -33, 24, -11, -30, 0, -63, 13, -53, -45, -56, 8, -16 ]
  Site 16: [ -36, -14, 4, -64, 44, -29, -62, 1, 55, 27, 43, -51, 60, -48, -63, 0, 59, -68, -34, -20, -57, 52 ]
  Site 17: [ 38, 40, 51, -29, -12, -35, 66, -53, 7, -54, 26, -10, 24, -18, 13, 59, 0, -49, 28, 39, 5, -23 ]
  Site 18: [ 7, -23, 29, -51, -12, -10, -59, 13, 38, -24, 26, -35, 54, -28, -53, -68, -49, 0, 18, -5, -39, 40 ]
  Site 19: [ 2, -22, -36, -55, -19, -7, -48, 30, 17, -65, -6, -38, 42, -21, -45, -34, 28, 18, 0, -15, -31, 32 ]
  Site 20: [ -22, 3, -14, -52, 37, 23, -57, -8, 32, -16, 25, -40, 50, -31, -56, -20, 39, -5, -15, 0, -47, 41 ]
  Site 21: [ -32, -41, -52, -14, -37, 40, -20, 56, 22, 50, -25, -23, -16, -15, 8, -57, 5, -39, -31, -47, 0, -3 ]
  Site 22: [ 31, 47, 57, 20, 25, -39, 14, -50, -15, -56, 37, 5, 8, 22, -16, 52, -23, 40, 32, 41, -3, 0 ]
  For site 1 of kind 1:
  +-------------------------------------------+
  |    -65       7      -6      38     -42    |
  |-36     -22       0      21     -32     -55|
  |-34     -15       2     -17      31     -48|
  |     30     -18     -19     -28      45    |
  +-------------------------------------------+
  For site 2 of kind 2:
  +-------------------------------------------+
  |    -16     -23      25      40     -50    |
  |-14       3     -15      31     -41     -52|
  |-20       0     -22     -32      47     -57|
  |     -8       5      37     -39      56    |
  +-------------------------------------------+
  For site 3 of kind 3:
  +-------------------------------------------+
  |     27      29      43      51     -60    |
  |  4     -14     -34      48     -52     -64|
  |  0     -20     -36     -55      57     -62|
  |      1      67      44     -59      63    |
  +-------------------------------------------+
  For site 5 of kind 4:
  +-------------------------------------------+
  |     46     -12       0     -12      46    |
  | 44      37      -6      -6     -37     -44|
  | 43      25     -19      19      25     -43|
  |    -33     -26       9     -26      33    |
  +-------------------------------------------+
  For site 6 of kind 5:
  +-------------------------------------------+
  |     24     -10     -26     -35      54    |
  |-29      23     -18     -28      40      51|
  | 67       5      -7      38     -39      59|
  |    -13       0      12     -49     -53    |
  +-------------------------------------------+
  For site 8 of kind 6:
  +-------------------------------------------+
  |      0      13      46     -53      61    |
  |  1      -8     -65     -42      56      63|
  | 27     -16      30      45     -50      60|
  |     11      24     -33      54     -58    |
  +-------------------------------------------+
* Maximum (unsigned) Site pair kind: 68
General system setup:
* Number of sites       : 22
* Number of electrons   : 22
* Spin imbalance MS2    : 0
* Filling               : 0.500000
* Number of orbitals in pool: 22
* Using real-valued orbitals
* Using double-precision arithmetic for orbitals

Trial wave function setup:
* Jastrow parameter file: "wfn.casl"
* Not using multideterminants
* Backflow parameter file: "wfn.casl"
* Not using wave function manipulation

VMC #1:
* Size of Hilbert space =   4.9763E+11
* Number of equil. steps   = 1000
* Running VMC equilibration.
  Done. [total walltime: 0.21s]
* Equil. acc.ratio (%)     =  12.3849
* Sample config after equilibration:
  +---------------------+
  |  0   2   0   0   0  |
  |u   d   0   2   2   2|
  |2   0   u   0   d   d|
  |  d   2   2   u   u  |
  +---------------------+
* Number of accum. steps   = 501760 x 10
* Running VMC accumulation.
    [walltime: 1m elapsed, 46.4s remaining]
  Done. [total walltime: 1m46s]
* Acceptance ratio (%)     =  12.3217
* Etot/t                   =  -8.412671915247E+02 +/-   1.093553779300E-04
  > Ttot/t                 =  -7.559998652561E+01 +/-   9.536141521730E-04
  > Utot/t                 =   3.303393688740E+01 +/-   9.471451252254E-04
* var[Eloc/t]              =   5.822049981082E-03 +/-   3.256765638985E-05
* Correlation length       =   1.030624349547E+00
* log10 Psi^2 range: -23.464399496727712 -- -11.389964061188193
* log10 Pgen range : -23.464399496727712 -- -11.389964061188193
* Site occupation (ave. no. electrons per config.):
  > Site_  ___eu____  ___ed____
      1        0.497      0.496
      2        0.497      0.498
      3        0.500      0.501
      4        0.499      0.501
      5        0.501      0.505
      6        0.502      0.502
      7        0.500      0.502
      8        0.498      0.497
      9        0.497      0.495
     10        0.502      0.498
     11        0.503      0.503
     12        0.503      0.504
     13        0.503      0.498
     14        0.497      0.497
     15        0.498      0.500
     16        0.503      0.506
     17        0.503      0.503
     18        0.504      0.504
     19        0.499      0.498
     20        0.497      0.496
     21        0.499      0.496
     22        0.496      0.499
* Pair-correlation analysis (ave. no. pairs per config.):
  > Shell  nsite  ___dh____  __eueu___  __eued___
      0      1        0          0          3.826
      1      0        0.913      0.511      2.599
      2      0        0.279      0.695      1.067
      3      0        0.263      0.722      1.057
      4      0        0.231      0.757      1.070
      5      0        0.748      0.885      2.414
      6      0        0.643      1.132      2.291
      7      0        0.549      1.351      2.189
      8      0        0.455      1.542      2.095
      9      0        0.071      0.409      0.578
     10      0        0.142      0.828      1.144
     11      0        0.139      0.852      1.090
     12      0        0.228      2.110      1.926
     13      0        0.228      2.087      1.915
     14      0        0.268      1.897      2.060
     15      0        0.308      1.859      2.052
     16      0        0.236      2.052      1.942
     17      0        0.156      0.926      1.030
     18      0        0.246      2.099      1.919
     19      0        0.248      2.122      1.896
     20      0        0.240      2.105      1.914
     21      0        0.141      1.038      0.949
     22      0        0.270      2.083      1.905
     23      0        0.237      2.138      1.889
     24      0        0.219      1.962      2.054
     25      0        0.247      2.051      1.953
     26      0        0.221      1.959      2.089
     27      0        0.211      2.147      1.890
     28      0        0.251      2.040      1.963
     29      0        0.222      2.071      1.965
     30      0        0.247      2.012      1.964
     31      0        0.288      1.933      2.014
     32      0        0.284      2.012      1.943
     33      0        0.222      1.992      2.024
     34      0        0.261      1.949      2.026
     35      0        0.113      1.000      1.020
     36      0        0.264      2.016      1.956
     37      0        0.257      1.893      2.094
     38      0        0.256      1.935      2.063
     39      0        0.254      1.981      2.008
     40      0        0.252      2.013      1.982
     41      0        0.140      0.979      0.998
     42      0        0.255      1.971      1.992
     43      0        0.228      2.036      1.993
     44      0        0.226      1.985      2.049
     45      0        0.256      1.988      1.971
     46      0        0.224      2.024      1.988
     47      0        0.140      0.991      0.985
     48      0        0.255      1.979      2.006
     49      0        0.108      1.024      1.006
     50      0        0.247      1.990      1.982
     51      0        0.222      2.028      2.009
     52      0        0.250      1.986      2.001
     53      0        0.217      2.013      2.009
     54      0        0.216      2.006      2.018
     55      0        0.257      2.003      1.981
     56      0        0.244      1.987      1.987
     57      0        0.250      1.998      1.990
     58      0        0.110      0.998      0.996
     59      0        0.222      2.013      2.025
     60      0        0.221      2.003      2.005
     61      0        0.109      0.999      0.996
     62      0        0.111      1.010      1.004
     63      0        0.221      1.999      2.006
     64      0        0.113      1.004      1.007
     65      0        0.245      1.961      2.023
     66      0        0.120      0.925      1.075
     67      0        0.060      0.462      0.536
     68      0        0.061      0.468      0.540

Optimization #1:
* Method          : lls
* Target function : energy
* No. of configs. : 100352
* No. of params.  : 283
* Before optimization:
  -2.4010E+00  -2.7827E+00  -2.7369E+00  -2.5373E+00  -2.6823E+00  -2.9726E+00
   4.3119E-01   4.2698E-01   2.6086E-01   2.9948E-01   8.1644E-01   4.2303E-01
   4.0055E-01   4.7271E-01   4.7419E-01   4.7937E-01   5.0498E-01   4.1398E-01
   4.0937E-01   3.1896E-02   1.3521E-02   3.9931E-01   2.5306E-01   2.5038E-01
   1.6461E-01   1.6953E-01   1.7369E-01   1.8058E-01   3.0555E-02   2.9890E-02
   1.8007E-01   1.8580E-01   8.6812E-03   1.0024E-01   9.3260E-02   8.2687E-02
   7.5603E-02   1.8499E-01   1.8736E-01   1.6853E-01   1.7887E-01   1.7935E-01
   8.7533E-02   7.1597E-02  -2.5454E-02  -2.0418E-02  -6.3327E-02  -6.4104E-02
  -1.4943E-02  -1.4122E-02   4.5919E-01   4.4496E-01  -5.8063E-02  -5.9843E-02
  -2.0601E-02  -2.6648E-02  -4.7135E-02  -4.6058E-02  -9.0584E-02  -9.1923E-02
  -8.2028E-02  -8.3487E-02  -2.0598E-02  -1.9294E-02  -3.2009E-02  -3.0682E-02
   1.5416E-03  -9.8001E-02  -5.2601E-01  -7.2109E-02  -1.7683E-01  -1.0808E-01
  -2.0222E-01  -4.3082E-01  -4.1335E-01  -2.5977E-01  -2.8975E-01  -2.4854E-01
  -2.7357E-01  -2.6672E-01  -2.6375E-01  -1.9482E-01  -2.4778E-01   1.5733E-02
  -6.5588E-02   4.6103E-03  -3.2489E-02  -2.2025E-01  -2.0947E-01  -1.2180E-01
  -1.2731E-01  -8.0317E-02  -8.4678E-02  -9.1098E-02  -9.6035E-02   2.2328E-03
  -3.8122E-02  -7.8447E-02  -9.7703E-02   1.7982E-02  -3.3721E-02  -2.1517E-02
  -6.1904E-02   5.4025E-03  -6.8605E-02  -3.1079E-02  -1.3289E-01  -5.0686E-02
  -8.3834E-02  -6.1066E-02  -8.4046E-02  -6.5571E-03  -6.4031E-02   5.4854E-03
   9.6723E-03   4.6830E-02   2.0728E-02   7.4886E-03  -5.5818E-03  -1.8532E-01
  -2.3561E-01   3.7553E-02   2.2326E-02   1.1833E-02   1.4275E-02   2.4491E-02
   2.2139E-02   5.1177E-02   4.2735E-02   4.2962E-02   4.1523E-02   6.8260E-03
   8.8443E-03   1.4351E-02   2.1004E-02  -7.1399E-03  -3.0557E-03   8.1475E-01
   1.0223E+00   8.7222E-01   8.8831E-01   1.0296E+00   1.0460E+00  -6.1068E-01
  -3.3112E-01  -2.9494E-01  -5.0302E-01  -3.0490E-01  -2.3856E-01  -2.5409E-01
  -3.8002E-01  -8.3636E-02  -2.9974E-02  -2.7605E-01   1.7508E-02   2.1397E-02
  -9.8753E-02  -3.3609E-02   1.4484E-02  -3.3451E-02  -2.2951E-02  -5.7647E-03
  -6.1490E-02   4.9544E-03   3.6780E-02  -1.7889E-02  -5.7180E-02  -2.7251E-03
   0.0000E+00   0.0000E+00   0.0000E+00   0.0000E+00   0.0000E+00   0.0000E+00
   0.0000E+00   0.0000E+00   0.0000E+00   0.0000E+00  -5.0311E-01  -1.6964E-01
  -2.3110E-01  -3.8235E-01  -7.5684E-02  -4.9175E-02  -6.0680E-02  -2.6515E-01
  -5.3056E-02  -5.0755E-02  -2.0740E-01   3.6662E-02   4.9305E-02  -1.0514E-01
  -1.1827E-02   4.9757E-02  -8.2771E-03  -3.0476E-02  -1.3407E-02   1.3952E-02
  -3.9326E-02  -2.1019E-02   6.5557E-02  -4.4565E-03  -2.0677E-02   0.0000E+00
   0.0000E+00   0.0000E+00   0.0000E+00   0.0000E+00   0.0000E+00   0.0000E+00
   0.0000E+00   0.0000E+00   0.0000E+00  -5.0488E-01  -2.0729E-01  -2.2699E-01
  -4.5734E-01  -1.4349E-01  -9.6427E-02  -1.3293E-01  -2.9267E-01  -2.4822E-02
   2.4844E-02  -1.9756E-01  -1.1477E-02  -1.4024E-02  -1.0200E-01   2.7371E-03
  -1.5630E-03  -6.0448E-03   2.0465E-02   3.0987E-02  -8.9841E-02   6.3808E-02
   8.1716E-02  -4.4582E-02  -1.1875E-02   1.1759E-02   0.0000E+00   0.0000E+00
   0.0000E+00   0.0000E+00   0.0000E+00   0.0000E+00   0.0000E+00   0.0000E+00
   0.0000E+00   0.0000E+00  -6.4253E-01  -7.4414E-02  -2.1482E-01  -4.3806E-01
  -7.8809E-02   9.8849E-03  -1.5898E-02  -2.5171E-01  -9.4700E-04  -5.4702E-04
  -1.3008E-01   8.5140E-03   1.2291E-02  -9.2938E-02   1.8519E-02   2.9083E-02
   1.4738E-02   6.6370E-03   1.2206E-02  -1.4413E-02   1.1659E-02   2.6477E-02
   3.1719E-02   3.4944E-02  -5.2425E-03   0.0000E+00   0.0000E+00   0.0000E+00
   0.0000E+00   0.0000E+00   0.0000E+00   0.0000E+00   0.0000E+00   0.0000E+00
   0.0000E+00
  > E    =  -8.412671402442E+02 +/-   2.427919099138E-04
  > varE =   5.915540816816E-03
* Computing derivatives.
    [walltime: 2m58s elapsed, 1h33m remaining]
    [walltime: 1h1m elapsed, 35m33s remaining]
  Done. [total walltime: 1h36m]
* Optimizing manipulation constant:
  #igrid a___________ E____________________________________ varE____________
     1     Infinity    -8.41267140E+02 +/-   2.42791910E-04   5.91554082E-03
     2     1.0000E+06  -8.41267140E+02 +/-   2.42791887E-04   5.91553969E-03
     3     2.1544E+05  -8.41267140E+02 +/-   2.42791803E-04   5.91553559E-03
     4     4.6416E+04  -8.41267140E+02 +/-   2.42791412E-04   5.91551655E-03
     5     1.0000E+04  -8.41267140E+02 +/-   2.42789598E-04   5.91542818E-03
     6     2.1544E+03  -8.41267141E+02 +/-   2.42781188E-04   5.91501835E-03
     7     4.6416E+02  -8.41267143E+02 +/-   2.42742290E-04   5.91312310E-03
     8     1.0000E+02  -8.41267153E+02 +/-   2.42564709E-04   5.90447465E-03
     9     2.1544E+01  -8.41267196E+02 +/-   2.41798712E-04   5.86724197E-03
    10     4.6416E+00  -8.41267327E+02 +/-   2.39130579E-04   5.73847195E-03
    11     1.0000E+00   3.21922798E+05 +/-   9.41466701E+02   8.89479535E+10
    12     2.1544E-01  -8.41261198E+02 +/-   3.31401794E-04   1.10213741E-02
    13     4.6416E-02  -8.41261500E+02 +/-   3.29908989E-04   1.09223057E-02
    14     1.0000E-02  -8.41261419E+02 +/-   3.31366079E-04   1.10189986E-02
    15     2.1544E-03  -8.41261395E+02 +/-   3.31758981E-04   1.10451447E-02
    16     4.6416E-04  -8.41261389E+02 +/-   3.31847311E-04   1.10510270E-02
    17     1.0000E-04  -8.41261388E+02 +/-   3.31866513E-04   1.10523059E-02
    18     2.1544E-05  -8.41261388E+02 +/-   3.31870658E-04   1.10525820E-02
    19     4.6416E-06  -8.41261388E+02 +/-   3.31871551E-04   1.10526415E-02
    20     1.0000E-06  -8.41261388E+02 +/-   3.31871743E-04   1.10526543E-02
    21     0.0000E+00  -8.41261388E+02 +/-   3.31871796E-04   1.10526578E-02
  ParMin   1.0000E+01  -8.41267249E+02 +/-   2.40815432E-04   5.81962043E-03
  # Using grid point #10
* Iteration # 1: E =  -8.412673265243E+02 +/-   2.391305789872E-04
* Computing derivatives.
    [walltime: 2m4s elapsed, 1h39m remaining]
    [walltime: 1h1m elapsed, 39m2s remaining]
  Done. [total walltime: 1h40m]
* Optimizing manipulation constant:
  #igrid a___________ E____________________________________ varE____________
     1     Infinity    -8.41267327E+02 +/-   2.39130579E-04   5.73847195E-03
     2     1.0000E+06  -8.41267327E+02 +/-   2.39130564E-04   5.73847124E-03
     3     2.1544E+05  -8.41267327E+02 +/-   2.39130510E-04   5.73846864E-03
     4     4.6416E+04  -8.41267327E+02 +/-   2.39130259E-04   5.73845660E-03
     5     1.0000E+04  -8.41267327E+02 +/-   2.39129095E-04   5.73840071E-03
     6     2.1544E+03  -8.41267327E+02 +/-   2.39123695E-04   5.73814155E-03
     7     4.6416E+02  -8.41267328E+02 +/-   2.39098738E-04   5.73694385E-03
     8     1.0000E+02  -8.41267335E+02 +/-   2.38985200E-04   5.73149667E-03
     9     2.1544E+01  -8.41267353E+02 +/-   2.38515656E-04   5.70899701E-03
    10     4.6416E+00  -8.41267133E+02 +/-   2.39949037E-04   5.77782063E-03
    11     1.0000E+00  -8.41251105E+02 +/-   4.28589115E-04   1.84335213E-02
    12     2.1544E-01  -8.40565850E+02 +/-   2.25848795E-03   5.11872253E-01
    13     4.6416E-02  -8.39257915E+02 +/-   3.34005319E-03   1.11952243E+00
    14     1.0000E-02  -8.39559639E+02 +/-   3.30040231E-03   1.09309975E+00
    15     2.1544E-03  -8.39303410E+02 +/-   3.23202686E-03   1.04827676E+00
    16     4.6416E-04  -8.39285671E+02 +/-   3.15912464E-03   1.00151984E+00
    17     1.0000E-04  -8.39283135E+02 +/-   3.14308131E-03   9.91373405E-01
    18     2.1544E-05  -8.39282639E+02 +/-   3.13964440E-03   9.89206486E-01
    19     4.6416E-06  -8.39282534E+02 +/-   3.13890521E-03   9.88740750E-01
    20     1.0000E-06  -8.39282512E+02 +/-   3.13874602E-03   9.88640464E-01
    21     0.0000E+00  -8.39282505E+02 +/-   3.13870231E-03   9.88612928E-01
  ParMin   4.1035E+01  -8.41267344E+02 +/-   2.38787466E-04   5.72201622E-03
  # Using grid point #9
* Iteration # 2: E =  -8.412673527871E+02 +/-   2.385156563793E-04
* Diminishing returns: exiting.
* After optimization:
  -2.3158E+00  -2.7315E+00  -2.6849E+00  -2.4568E+00  -2.6042E+00  -2.9228E+00
   4.7750E-01   4.6431E-01   2.6359E-01   3.0182E-01   8.3068E-01   4.2190E-01
   3.9628E-01   4.7455E-01   4.7611E-01   4.7960E-01   5.0505E-01   4.1713E-01
   4.1574E-01   3.0561E-02   4.3661E-03   4.0375E-01   2.5086E-01   2.4896E-01
   1.6143E-01   1.6778E-01   1.7774E-01   1.8584E-01   3.1666E-02   3.1317E-02
   1.7908E-01   1.8556E-01   1.3884E-02   9.9268E-02   9.2440E-02   8.5285E-02
   7.8846E-02   1.9358E-01   1.9796E-01   1.7201E-01   1.7922E-01   1.8101E-01
   8.5773E-02   6.9469E-02  -2.9220E-02  -2.3797E-02  -6.3524E-02  -6.4931E-02
  -1.8926E-02  -1.7964E-02   4.6802E-01   4.5597E-01  -5.8003E-02  -5.9558E-02
  -2.0470E-02  -2.6951E-02  -4.6680E-02  -4.5260E-02  -8.9462E-02  -9.0490E-02
  -8.0426E-02  -8.1793E-02  -2.1340E-02  -2.0017E-02  -3.1400E-02  -2.9680E-02
  -5.7263E-04  -1.3721E-01  -5.3025E-01  -7.7904E-02  -1.8469E-01  -1.1157E-01
  -2.0235E-01  -4.4188E-01  -4.2023E-01  -2.5682E-01  -2.9044E-01  -2.5319E-01
  -2.7893E-01  -2.6850E-01  -2.6638E-01  -1.9941E-01  -2.4770E-01   1.8135E-02
  -6.3221E-02   1.1786E-02  -2.6635E-02  -2.2476E-01  -2.0888E-01  -1.2116E-01
  -1.2676E-01  -7.8464E-02  -8.4078E-02  -9.3209E-02  -9.8186E-02   1.6711E-03
  -3.8473E-02  -7.9398E-02  -9.6349E-02   1.6164E-02  -3.6457E-02  -2.1462E-02
  -6.3287E-02   2.7362E-03  -7.1692E-02  -4.0519E-02  -1.3300E-01  -5.3647E-02
  -8.7016E-02  -6.1626E-02  -8.4914E-02  -4.3377E-03  -6.2953E-02   7.4178E-03
   1.1412E-02   4.6619E-02   2.0864E-02   1.0347E-02  -3.0302E-03  -1.9330E-01
  -2.3685E-01   3.7821E-02   2.1786E-02   1.2227E-02   1.3417E-02   2.4138E-02
   2.1518E-02   5.0844E-02   4.1840E-02   4.2041E-02   4.0090E-02   7.5207E-03
   9.5672E-03   1.4239E-02   1.9738E-02  -5.8141E-03  -2.0083E-03   7.9830E-01
   1.0032E+00   8.3248E-01   8.7431E-01   1.0060E+00   1.0093E+00  -5.2071E-01
  -2.9873E-01  -2.6347E-01  -4.3972E-01  -2.8563E-01  -2.2327E-01  -2.3675E-01
  -3.4238E-01  -6.7656E-02  -8.3994E-03  -2.5911E-01   1.8394E-02   1.1661E-02
  -1.0507E-01  -3.0723E-02   4.7892E-03  -3.5238E-02  -2.3435E-02  -4.5130E-03
  -7.5734E-02   8.8799E-03   3.3877E-02  -2.4282E-02  -4.6863E-02  -8.1597E-04
   2.1992E-03  -3.7007E-02   2.8373E-03   6.0952E-03   2.7100E-03   8.1665E-03
   7.4198E-04  -7.9090E-03   3.5720E-03  -5.8790E-03  -4.4695E-01  -1.6440E-01
  -2.1870E-01  -3.5401E-01  -7.1794E-02  -5.0229E-02  -5.9788E-02  -2.4632E-01
  -4.3056E-02  -4.8254E-02  -1.9339E-01   4.4188E-02   4.5989E-02  -9.6653E-02
  -1.1196E-02   3.3617E-02  -3.7136E-03  -1.7771E-02  -6.2168E-03  -4.8811E-03
  -3.5217E-02  -2.0324E-02   6.9628E-02  -6.6192E-03  -2.3975E-02  -6.4668E-04
  -2.7533E-02  -7.8076E-03  -9.8252E-03  -1.6799E-03   2.6000E-03   1.8534E-03
  -1.0759E-04   4.1787E-04   5.6299E-04  -4.4369E-01  -2.0544E-01  -2.0843E-01
  -4.1692E-01  -1.3469E-01  -9.8909E-02  -1.2901E-01  -2.6959E-01  -1.4755E-02
   2.9361E-02  -1.9120E-01  -1.6298E-02  -2.2719E-02  -1.0329E-01   2.0667E-03
  -5.4972E-03  -5.7362E-03   5.4428E-03   2.2669E-02  -1.0373E-01   6.5848E-02
   8.0416E-02  -5.7165E-02  -8.4161E-03   1.5874E-02   2.9628E-03  -3.7866E-02
   8.6103E-03   1.3737E-02   4.6219E-03   4.7574E-03  -1.5904E-03  -3.8658E-03
   1.2559E-03  -1.8630E-03  -6.0249E-01  -9.7536E-02  -2.1354E-01  -4.2882E-01
  -7.7175E-02  -6.0766E-03  -2.3966E-02  -2.4211E-01   3.1030E-03  -1.4373E-02
  -1.2517E-01   1.1746E-02   9.3157E-03  -8.1081E-02   1.6487E-02   1.8627E-02
   2.3024E-02   5.3772E-03   1.1422E-02  -3.0549E-02   1.3576E-02   2.6080E-02
   3.0478E-02   2.6568E-02  -7.5453E-03   3.2645E-04  -2.9791E-02  -2.5149E-03
  -2.0325E-03  -3.3774E-04  -5.5901E-04  -4.8798E-04   1.5656E-03   1.1730E-04
   3.7981E-03
  > Energy =  -8.412673527871E+02 +/-   2.385156563793E-04
  > varE =   5.708997014658E-03

VMC #2:
* Size of Hilbert space =   4.9763E+11
* Number of equil. steps   = 1000
* Running VMC equilibration.
  Done. [total walltime: 0.22s]
* Equil. acc.ratio (%)     =  12.8663
* Sample config after equilibration:
  +---------------------+
  |  d   d   d   d   d  |
  |u   2   u   u   0   u|
  |d   0   d   d   d   2|
  |  u   u   u   u   u  |
  +---------------------+
* Number of accum. steps   = 501760 x 10
* Running VMC accumulation.
    [walltime: 1m elapsed, 50.4s remaining]
  Done. [total walltime: 1m50s]
* Acceptance ratio (%)     =  12.8244
* Etot/t                   =  -8.412674337463E+02 +/-   1.062723157684E-04
  > Ttot/t                 =  -7.560082044426E+01 +/-   9.432171450150E-04
  > Utot/t                 =   3.303452858448E+01 +/-   9.372286353818E-04
* var[Eloc/t]              =   5.639982799482E-03 +/-   2.410785304645E-05
* Correlation length       =   1.004751228476E+00
* log10 Psi^2 range: -21.591830134146427 -- -11.557990275917831
* log10 Pgen range : -21.591830134146427 -- -11.557990275917831
* Site occupation (ave. no. electrons per config.):
  > Site_  ___eu____  ___ed____
      1        0.497      0.499
      2        0.498      0.499
      3        0.501      0.500
      4        0.501      0.501
      5        0.504      0.501
      6        0.500      0.503
      7        0.500      0.504
      8        0.497      0.499
      9        0.498      0.497
     10        0.500      0.499
     11        0.504      0.506
     12        0.504      0.499
     13        0.502      0.496
     14        0.496      0.500
     15        0.498      0.499
     16        0.504      0.502
     17        0.503      0.506
     18        0.505      0.501
     19        0.497      0.497
     20        0.499      0.496
     21        0.496      0.496
     22        0.497      0.499
* Pair-correlation analysis (ave. no. pairs per config.):
  > Shell  nsite  ___dh____  __eueu___  __eued___
      0      1        0          0          3.831
      1      0        0.916      0.508      2.594
      2      0        0.280      0.697      1.067
      3      0        0.264      0.720      1.058
      4      0        0.229      0.763      1.068
      5      0        0.749      0.882      2.412
      6      0        0.648      1.136      2.294
      7      0        0.546      1.352      2.192
      8      0        0.454      1.548      2.088
      9      0        0.071      0.411      0.580
     10      0        0.142      0.827      1.141
     11      0        0.140      0.854      1.086
     12      0        0.228      2.107      1.930
     13      0        0.225      2.080      1.918
     14      0        0.268      1.900      2.062
     15      0        0.307      1.862      2.058
     16      0        0.242      2.048      1.934
     17      0        0.157      0.928      1.034
     18      0        0.248      2.100      1.915
     19      0        0.250      2.126      1.900
     20      0        0.239      2.099      1.924
     21      0        0.142      1.043      0.951
     22      0        0.272      2.087      1.903
     23      0        0.237      2.138      1.887
     24      0        0.220      1.953      2.056
     25      0        0.250      2.055      1.952
     26      0        0.221      1.960      2.089
     27      0        0.215      2.137      1.892
     28      0        0.252      2.041      1.962
     29      0        0.223      2.077      1.955
     30      0        0.251      2.011      1.964
     31      0        0.288      1.930      2.020
     32      0        0.284      2.015      1.947
     33      0        0.223      1.993      2.023
     34      0        0.262      1.949      2.035
     35      0        0.113      1.000      1.015
     36      0        0.264      2.020      1.957
     37      0        0.256      1.898      2.100
     38      0        0.258      1.935      2.060
     39      0        0.256      1.975      2.006
     40      0        0.250      2.009      1.985
     41      0        0.140      0.981      0.995
     42      0        0.256      1.972      1.991
     43      0        0.227      2.038      1.998
     44      0        0.227      1.990      2.046
     45      0        0.258      1.991      1.971
     46      0        0.222      2.026      1.993
     47      0        0.137      0.996      0.985
     48      0        0.257      1.978      2.011
     49      0        0.106      1.022      1.005
     50      0        0.248      1.984      1.981
     51      0        0.223      2.021      2.010
     52      0        0.248      1.991      2.002
     53      0        0.218      2.008      2.005
     54      0        0.216      2.011      2.007
     55      0        0.255      2.008      1.983
     56      0        0.247      1.980      1.988
     57      0        0.248      2.001      1.990
     58      0        0.109      0.996      0.994
     59      0        0.223      2.009      2.022
     60      0        0.221      2.000      2.002
     61      0        0.108      0.999      0.994
     62      0        0.112      1.008      1.005
     63      0        0.222      1.996      2.005
     64      0        0.111      1.007      1.007
     65      0        0.249      1.961      2.020
     66      0        0.122      0.927      1.073
     67      0        0.060      0.461      0.535
     68      0        0.060      0.464      0.539

Optimization #2:
* Method          : lls
* Target function : energy
* No. of configs. : 100352
* No. of params.  : 283
* Before optimization:
  -2.3158E+00  -2.7315E+00  -2.6849E+00  -2.4568E+00  -2.6042E+00  -2.9228E+00
   4.7750E-01   4.6431E-01   2.6359E-01   3.0182E-01   8.3068E-01   4.2190E-01
   3.9628E-01   4.7455E-01   4.7611E-01   4.7960E-01   5.0505E-01   4.1713E-01
   4.1574E-01   3.0561E-02   4.3661E-03   4.0375E-01   2.5086E-01   2.4896E-01
   1.6143E-01   1.6778E-01   1.7774E-01   1.8584E-01   3.1666E-02   3.1317E-02
   1.7908E-01   1.8556E-01   1.3884E-02   9.9268E-02   9.2440E-02   8.5285E-02
   7.8846E-02   1.9358E-01   1.9796E-01   1.7201E-01   1.7922E-01   1.8101E-01
   8.5773E-02   6.9469E-02  -2.9220E-02  -2.3797E-02  -6.3524E-02  -6.4931E-02
  -1.8926E-02  -1.7964E-02   4.6802E-01   4.5597E-01  -5.8003E-02  -5.9558E-02
  -2.0470E-02  -2.6951E-02  -4.6680E-02  -4.5260E-02  -8.9462E-02  -9.0490E-02
  -8.0426E-02  -8.1793E-02  -2.1340E-02  -2.0017E-02  -3.1400E-02  -2.9680E-02
  -5.7263E-04  -1.3721E-01  -5.3025E-01  -7.7904E-02  -1.8469E-01  -1.1157E-01
  -2.0235E-01  -4.4188E-01  -4.2023E-01  -2.5682E-01  -2.9044E-01  -2.5319E-01
  -2.7893E-01  -2.6850E-01  -2.6638E-01  -1.9941E-01  -2.4770E-01   1.8135E-02
  -6.3221E-02   1.1786E-02  -2.6635E-02  -2.2476E-01  -2.0888E-01  -1.2116E-01
  -1.2676E-01  -7.8464E-02  -8.4078E-02  -9.3209E-02  -9.8186E-02   1.6711E-03
  -3.8473E-02  -7.9398E-02  -9.6349E-02   1.6164E-02  -3.6457E-02  -2.1462E-02
  -6.3287E-02   2.7362E-03  -7.1692E-02  -4.0519E-02  -1.3300E-01  -5.3647E-02
  -8.7016E-02  -6.1626E-02  -8.4914E-02  -4.3377E-03  -6.2953E-02   7.4178E-03
   1.1412E-02   4.6619E-02   2.0864E-02   1.0347E-02  -3.0302E-03  -1.9330E-01
  -2.3685E-01   3.7821E-02   2.1786E-02   1.2227E-02   1.3417E-02   2.4138E-02
   2.1518E-02   5.0844E-02   4.1840E-02   4.2041E-02   4.0090E-02   7.5207E-03
   9.5672E-03   1.4239E-02   1.9738E-02  -5.8141E-03  -2.0083E-03   7.9830E-01
   1.0032E+00   8.3248E-01   8.7431E-01   1.0060E+00   1.0093E+00  -5.2071E-01
  -2.9873E-01  -2.6347E-01  -4.3972E-01  -2.8563E-01  -2.2327E-01  -2.3675E-01
  -3.4238E-01  -6.7656E-02  -8.3994E-03  -2.5911E-01   1.8394E-02   1.1661E-02
  -1.0507E-01  -3.0723E-02   4.7892E-03  -3.5238E-02  -2.3435E-02  -4.5130E-03
  -7.5734E-02   8.8799E-03   3.3877E-02  -2.4282E-02  -4.6863E-02  -8.1597E-04
   2.1992E-03  -3.7007E-02   2.8373E-03   6.0952E-03   2.7100E-03   8.1665E-03
   7.4198E-04  -7.9090E-03   3.5720E-03  -5.8790E-03  -4.4695E-01  -1.6440E-01
  -2.1870E-01  -3.5401E-01  -7.1794E-02  -5.0229E-02  -5.9788E-02  -2.4632E-01
  -4.3056E-02  -4.8254E-02  -1.9339E-01   4.4188E-02   4.5989E-02  -9.6653E-02
  -1.1196E-02   3.3617E-02  -3.7136E-03  -1.7771E-02  -6.2168E-03  -4.8811E-03
  -3.5217E-02  -2.0324E-02   6.9628E-02  -6.6192E-03  -2.3975E-02  -6.4668E-04
  -2.7533E-02  -7.8076E-03  -9.8252E-03  -1.6799E-03   2.6000E-03   1.8534E-03
  -1.0759E-04   4.1787E-04   5.6299E-04  -4.4369E-01  -2.0544E-01  -2.0843E-01
  -4.1692E-01  -1.3469E-01  -9.8909E-02  -1.2901E-01  -2.6959E-01  -1.4755E-02
   2.9361E-02  -1.9120E-01  -1.6298E-02  -2.2719E-02  -1.0329E-01   2.0667E-03
  -5.4972E-03  -5.7362E-03   5.4428E-03   2.2669E-02  -1.0373E-01   6.5848E-02
   8.0416E-02  -5.7165E-02  -8.4161E-03   1.5874E-02   2.9628E-03  -3.7866E-02
   8.6103E-03   1.3737E-02   4.6219E-03   4.7574E-03  -1.5904E-03  -3.8658E-03
   1.2559E-03  -1.8630E-03  -6.0249E-01  -9.7536E-02  -2.1354E-01  -4.2882E-01
  -7.7175E-02  -6.0766E-03  -2.3966E-02  -2.4211E-01   3.1030E-03  -1.4373E-02
  -1.2517E-01   1.1746E-02   9.3157E-03  -8.1081E-02   1.6487E-02   1.8627E-02
   2.3024E-02   5.3772E-03   1.1422E-02  -3.0549E-02   1.3576E-02   2.6080E-02
   3.0478E-02   2.6568E-02  -7.5453E-03   3.2645E-04  -2.9791E-02  -2.5149E-03
  -2.0325E-03  -3.3774E-04  -5.5901E-04  -4.8798E-04   1.5656E-03   1.1730E-04
   3.7981E-03
  > E    =  -8.412675464744E+02 +/-   2.385471301695E-04
  > varE =   5.710503797336E-03
* Computing derivatives.
    [walltime: 2m3s elapsed, 1h38m remaining]
    [walltime: 1h1m elapsed, 38m58s remaining]
  Done. [total walltime: 1h40m]
* Optimizing manipulation constant:
  #igrid a___________ E____________________________________ varE____________
     1     Infinity    -8.41267546E+02 +/-   2.38547130E-04   5.71050380E-03
     2     1.0000E+06  -8.41267546E+02 +/-   2.38547118E-04   5.71050324E-03
     3     2.1544E+05  -8.41267546E+02 +/-   2.38547076E-04   5.71050120E-03
     4     4.6416E+04  -8.41267546E+02 +/-   2.38546878E-04   5.71049174E-03
     5     1.0000E+04  -8.41267547E+02 +/-   2.38545961E-04   5.71044783E-03
     6     2.1544E+03  -8.41267547E+02 +/-   2.38541711E-04   5.71024437E-03
     7     4.6416E+02  -8.41267548E+02 +/-   2.38522127E-04   5.70930678E-03
     8     1.0000E+02  -8.41267551E+02 +/-   2.38434277E-04   5.70510194E-03
     9     2.1544E+01  -8.41267561E+02 +/-   2.38105840E-04   5.68939552E-03
    10     4.6416E+00  -8.41267017E+02 +/-   2.45652443E-04   6.05575374E-03
    11     1.0000E+00  -8.41102135E+02 +/-   1.18431383E-03   1.40753640E-01
    12     2.1544E-01  -8.39131035E+02 +/-   3.32343174E-03   1.10840776E+00
    13     4.6416E-02  -8.38853267E+02 +/-   3.67215274E-03   1.35321719E+00
    14     1.0000E-02  -8.39163947E+02 +/-   1.00924132E-02   1.02215340E+01
    15     2.1544E-03  -8.39713735E+02 +/-   1.50345770E-02   2.26834162E+01
    16     4.6416E-04  -8.39912997E+02 +/-   1.67066867E-02   2.80095860E+01
    17     1.0000E-04  -8.39962043E+02 +/-   1.71133205E-02   2.93896625E+01
    18     2.1544E-05  -8.39972933E+02 +/-   1.72033881E-02   2.96998329E+01
    19     4.6416E-06  -8.39975295E+02 +/-   1.72229103E-02   2.97672773E+01
    20     1.0000E-06  -8.39975804E+02 +/-   1.72271218E-02   2.97818368E+01
    21     0.0000E+00  -8.39975944E+02 +/-   1.72282786E-02   2.97858368E+01
  ParMin   4.5116E+01  -8.41267556E+02 +/-   2.38308472E-04   5.69908320E-03
  # Using grid point #9
* Iteration # 1: E =  -8.412675611455E+02 +/-   2.381058397368E-04
* Diminishing returns: exiting.
* After optimization:
  -2.2667E+00  -2.6867E+00  -2.6403E+00  -2.4064E+00  -2.5535E+00  -2.8747E+00
   4.8382E-01   4.6864E-01   2.6455E-01   3.0186E-01   8.3300E-01   4.2112E-01
   3.9514E-01   4.7484E-01   4.7646E-01   4.7995E-01   5.0533E-01   4.1770E-01
   4.1668E-01   3.0753E-02   2.8574E-03   4.0394E-01   2.5058E-01   2.4881E-01
   1.6091E-01   1.6737E-01   1.7826E-01   1.8647E-01   3.1628E-02   3.1282E-02
   1.7881E-01   1.8530E-01   1.4849E-02   9.9186E-02   9.2487E-02   8.5963E-02
   7.9669E-02   1.9497E-01   1.9965E-01   1.7260E-01   1.7927E-01   1.8115E-01
   8.5162E-02   6.8766E-02  -2.9811E-02  -2.4305E-02  -6.3669E-02  -6.5055E-02
  -1.9414E-02  -1.8480E-02   4.6916E-01   4.5750E-01  -5.7963E-02  -5.9522E-02
  -2.0443E-02  -2.7018E-02  -4.6676E-02  -4.5235E-02  -8.9429E-02  -9.0381E-02
  -8.0248E-02  -8.1610E-02  -2.1452E-02  -2.0138E-02  -3.1253E-02  -2.9601E-02
  -8.2662E-04  -1.4281E-01  -5.3200E-01  -7.9809E-02  -1.8606E-01  -1.1142E-01
  -2.0211E-01  -4.4342E-01  -4.2116E-01  -2.5629E-01  -2.8998E-01  -2.5389E-01
  -2.8000E-01  -2.6887E-01  -2.6670E-01  -1.9985E-01  -2.4751E-01   1.8138E-02
  -6.2619E-02   1.2849E-02  -2.5428E-02  -2.2504E-01  -2.0887E-01  -1.2115E-01
  -1.2676E-01  -7.8245E-02  -8.3911E-02  -9.3211E-02  -9.8536E-02   1.5408E-03
  -3.8454E-02  -7.9259E-02  -9.6302E-02   1.5687E-02  -3.6840E-02  -2.1652E-02
  -6.3352E-02   2.0886E-03  -7.2072E-02  -4.1848E-02  -1.3334E-01  -5.3974E-02
  -8.7428E-02  -6.1684E-02  -8.4934E-02  -3.9344E-03  -6.2660E-02   7.8112E-03
   1.1704E-02   4.6682E-02   2.0981E-02   1.0653E-02  -2.6320E-03  -1.9416E-01
  -2.3728E-01   3.7733E-02   2.1708E-02   1.2256E-02   1.3238E-02   2.4162E-02
   2.1563E-02   5.0766E-02   4.1765E-02   4.1940E-02   3.9967E-02   7.6493E-03
   9.7042E-03   1.4211E-02   1.9564E-02  -5.6058E-03  -1.7769E-03   7.8211E-01
   9.8283E-01   8.1088E-01   8.5547E-01   9.8322E-01   9.8253E-01  -4.9846E-01
  -2.8748E-01  -2.5379E-01  -4.2330E-01  -2.7732E-01  -2.1612E-01  -2.2896E-01
  -3.2989E-01  -6.3809E-02  -5.1052E-03  -2.5159E-01   1.7998E-02   1.0472E-02
  -1.0371E-01  -2.9563E-02   3.0893E-03  -3.4721E-02  -2.2698E-02  -3.9744E-03
  -7.6484E-02   9.0514E-03   3.3152E-02  -2.4419E-02  -4.5024E-02  -5.5041E-04
   2.4934E-03  -4.1604E-02   3.0096E-03   6.4050E-03   2.3254E-03   9.3376E-03
   8.2775E-04  -8.5547E-03   3.7701E-03  -6.5378E-03  -4.2926E-01  -1.5959E-01
  -2.1236E-01  -3.4350E-01  -6.8683E-02  -4.8724E-02  -5.7693E-02  -2.3775E-01
  -4.1183E-02  -4.6952E-02  -1.8819E-01   4.4196E-02   4.4477E-02  -9.3950E-02
  -1.1033E-02   3.0944E-02  -3.3877E-03  -1.5211E-02  -4.3056E-03  -7.6861E-03
  -3.4036E-02  -1.9906E-02   6.8820E-02  -6.6796E-03  -2.3864E-02  -4.1115E-04
  -3.1435E-02  -8.5128E-03  -1.0745E-02  -2.1129E-03   3.0712E-03   2.0959E-03
  -4.3497E-04   8.0034E-04   4.5008E-04  -4.3406E-01  -2.0515E-01  -2.0636E-01
  -4.1211E-01  -1.3349E-01  -9.9369E-02  -1.2862E-01  -2.6617E-01  -1.3474E-02
   2.9568E-02  -1.9148E-01  -1.7525E-02  -2.3764E-02  -1.0326E-01   2.0659E-03
  -6.7126E-03  -5.5797E-03   2.9500E-03   2.1009E-02  -1.0590E-01   6.5605E-02
   8.0129E-02  -5.9182E-02  -8.5907E-03   1.6716E-02   3.6140E-03  -4.3894E-02
   9.9260E-03   1.5362E-02   4.9236E-03   5.5334E-03  -1.7588E-03  -4.2111E-03
   1.1723E-03  -2.1493E-03  -5.9576E-01  -1.0154E-01  -2.1324E-01  -4.2724E-01
  -7.6208E-02  -8.6539E-03  -2.4996E-02  -2.3969E-01   2.7355E-03  -1.6687E-02
  -1.2595E-01   1.1707E-02   8.6432E-03  -7.9799E-02   1.6210E-02   1.6940E-02
   2.3769E-02   5.1703E-03   1.1482E-02  -3.3236E-02   1.3538E-02   2.5695E-02
   3.0102E-02   2.5366E-02  -7.5724E-03   7.6778E-04  -3.4920E-02  -2.4998E-03
  -2.0652E-03  -9.4794E-05  -5.1772E-04  -5.2114E-04   1.9671E-03   1.1499E-04
   4.3308E-03
  > Energy =  -8.412675611455E+02 +/-   2.381058397368E-04
  > varE =   5.689395517281E-03

VMC #3:
* Size of Hilbert space =   4.9763E+11
* Number of equil. steps   = 1000
* Running VMC equilibration.
  Done. [total walltime: 0.22s]
* Equil. acc.ratio (%)     =  13.0984
* Sample config after equilibration:
  +---------------------+
  |  d   d   2   d   u  |
  |u   u   u   d   u   d|
  |2   0   d   u   d   u|
  |  0   2   0   u   d  |
  +---------------------+
* Number of accum. steps   = 501760 x 10
* Running VMC accumulation.
    [walltime: 1m elapsed, 50.5s remaining]
  Done. [total walltime: 1m50s]
* Acceptance ratio (%)     =  13.0727
* Etot/t                   =  -8.412675030894E+02 +/-   1.070302661728E-04
  > Ttot/t                 =  -7.560040270137E+01 +/-   9.291530030581E-04
  > Utot/t                 =   3.303404149846E+01 +/-   9.235413732721E-04
* var[Eloc/t]              =   5.712371046642E-03 +/-   8.788989242249E-05
* Correlation length       =   1.006219752296E+00
* log10 Psi^2 range: -23.405641476602629 -- -11.593022599222550
* log10 Pgen range : -23.405641476602629 -- -11.593022599222550
* Site occupation (ave. no. electrons per config.):
  > Site_  ___eu____  ___ed____
      1        0.497      0.498
      2        0.498      0.496
      3        0.502      0.503
      4        0.502      0.499
      5        0.501      0.504
      6        0.501      0.505
      7        0.499      0.503
      8        0.499      0.499
      9        0.497      0.497
     10        0.498      0.498
     11        0.504      0.504
     12        0.502      0.504
     13        0.500      0.498
     14        0.498      0.497
     15        0.500      0.499
     16        0.501      0.501
     17        0.503      0.505
     18        0.504      0.499
     19        0.499      0.495
     20        0.499      0.500
     21        0.497      0.497
     22        0.498      0.497
* Pair-correlation analysis (ave. no. pairs per config.):
  > Shell  nsite  ___dh____  __eueu___  __eued___
      0      1        0          0          3.840
      1      0        0.916      0.509      2.593
      2      0        0.282      0.697      1.062
      3      0        0.263      0.725      1.058
      4      0        0.230      0.759      1.069
      5      0        0.751      0.893      2.406
      6      0        0.648      1.135      2.287
      7      0        0.553      1.352      2.188
      8      0        0.456      1.545      2.089
      9      0        0.072      0.409      0.578
     10      0        0.140      0.834      1.141
     11      0        0.139      0.854      1.089
     12      0        0.231      2.108      1.925
     13      0        0.225      2.084      1.921
     14      0        0.269      1.899      2.062
     15      0        0.305      1.872      2.056
     16      0        0.241      2.051      1.937
     17      0        0.156      0.931      1.029
     18      0        0.251      2.091      1.923
     19      0        0.250      2.120      1.902
     20      0        0.238      2.101      1.921
     21      0        0.141      1.041      0.951
     22      0        0.276      2.080      1.905
     23      0        0.243      2.130      1.894
     24      0        0.222      1.958      2.057
     25      0        0.252      2.050      1.952
     26      0        0.220      1.963      2.090
     27      0        0.214      2.140      1.889
     28      0        0.255      2.040      1.961
     29      0        0.226      2.072      1.959
     30      0        0.254      2.009      1.960
     31      0        0.289      1.931      2.022
     32      0        0.288      2.013      1.944
     33      0        0.220      1.994      2.026
     34      0        0.261      1.952      2.028
     35      0        0.112      1.001      1.020
     36      0        0.264      2.014      1.959
     37      0        0.256      1.898      2.100
     38      0        0.258      1.933      2.066
     39      0        0.255      1.979      2.014
     40      0        0.251      2.017      1.983
     41      0        0.142      0.978      0.997
     42      0        0.255      1.970      1.995
     43      0        0.227      2.035      1.995
     44      0        0.227      1.986      2.043
     45      0        0.259      1.988      1.968
     46      0        0.223      2.024      1.988
     47      0        0.138      0.998      0.985
     48      0        0.257      1.978      2.009
     49      0        0.110      1.024      1.002
     50      0        0.245      1.989      1.985
     51      0        0.222      2.022      2.013
     52      0        0.250      1.989      2.000
     53      0        0.219      2.013      2.006
     54      0        0.218      2.007      2.013
     55      0        0.258      2.004      1.980
     56      0        0.248      1.983      1.988
     57      0        0.251      1.998      1.992
     58      0        0.108      0.996      0.997
     59      0        0.224      2.011      2.022
     60      0        0.221      2.001      2.001
     61      0        0.109      0.995      0.998
     62      0        0.112      1.005      1.006
     63      0        0.223      2.004      1.997
     64      0        0.112      1.005      1.005
     65      0        0.248      1.961      2.018
     66      0        0.123      0.927      1.071
     67      0        0.059      0.465      0.539
     68      0        0.060      0.461      0.537

Optimization #3:
* Method          : lls
* Target function : energy
* No. of configs. : 100352
* No. of params.  : 283
* Before optimization:
  -2.2667E+00  -2.6867E+00  -2.6403E+00  -2.4064E+00  -2.5535E+00  -2.8747E+00
   4.8382E-01   4.6864E-01   2.6455E-01   3.0186E-01   8.3300E-01   4.2112E-01
   3.9514E-01   4.7484E-01   4.7646E-01   4.7995E-01   5.0533E-01   4.1770E-01
   4.1668E-01   3.0753E-02   2.8574E-03   4.0394E-01   2.5058E-01   2.4881E-01
   1.6091E-01   1.6737E-01   1.7826E-01   1.8647E-01   3.1628E-02   3.1282E-02
   1.7881E-01   1.8530E-01   1.4849E-02   9.9186E-02   9.2487E-02   8.5963E-02
   7.9669E-02   1.9497E-01   1.9965E-01   1.7260E-01   1.7927E-01   1.8115E-01
   8.5162E-02   6.8766E-02  -2.9811E-02  -2.4305E-02  -6.3669E-02  -6.5055E-02
  -1.9414E-02  -1.8480E-02   4.6916E-01   4.5750E-01  -5.7963E-02  -5.9522E-02
  -2.0443E-02  -2.7018E-02  -4.6676E-02  -4.5235E-02  -8.9429E-02  -9.0381E-02
  -8.0248E-02  -8.1610E-02  -2.1452E-02  -2.0138E-02  -3.1253E-02  -2.9601E-02
  -8.2662E-04  -1.4281E-01  -5.3200E-01  -7.9809E-02  -1.8606E-01  -1.1142E-01
  -2.0211E-01  -4.4342E-01  -4.2116E-01  -2.5629E-01  -2.8998E-01  -2.5389E-01
  -2.8000E-01  -2.6887E-01  -2.6670E-01  -1.9985E-01  -2.4751E-01   1.8138E-02
  -6.2619E-02   1.2849E-02  -2.5428E-02  -2.2504E-01  -2.0887E-01  -1.2115E-01
  -1.2676E-01  -7.8245E-02  -8.3911E-02  -9.3211E-02  -9.8536E-02   1.5408E-03
  -3.8454E-02  -7.9259E-02  -9.6302E-02   1.5687E-02  -3.6840E-02  -2.1652E-02
  -6.3352E-02   2.0886E-03  -7.2072E-02  -4.1848E-02  -1.3334E-01  -5.3974E-02
  -8.7428E-02  -6.1684E-02  -8.4934E-02  -3.9344E-03  -6.2660E-02   7.8112E-03
   1.1704E-02   4.6682E-02   2.0981E-02   1.0653E-02  -2.6320E-03  -1.9416E-01
  -2.3728E-01   3.7733E-02   2.1708E-02   1.2256E-02   1.3238E-02   2.4162E-02
   2.1563E-02   5.0766E-02   4.1765E-02   4.1940E-02   3.9967E-02   7.6493E-03
   9.7042E-03   1.4211E-02   1.9564E-02  -5.6058E-03  -1.7769E-03   7.8211E-01
   9.8283E-01   8.1088E-01   8.5547E-01   9.8322E-01   9.8253E-01  -4.9846E-01
  -2.8748E-01  -2.5379E-01  -4.2330E-01  -2.7732E-01  -2.1612E-01  -2.2896E-01
  -3.2989E-01  -6.3809E-02  -5.1052E-03  -2.5159E-01   1.7998E-02   1.0472E-02
  -1.0371E-01  -2.9563E-02   3.0893E-03  -3.4721E-02  -2.2698E-02  -3.9744E-03
  -7.6484E-02   9.0514E-03   3.3152E-02  -2.4419E-02  -4.5024E-02  -5.5041E-04
   2.4934E-03  -4.1604E-02   3.0096E-03   6.4050E-03   2.3254E-03   9.3376E-03
   8.2775E-04  -8.5547E-03   3.7701E-03  -6.5378E-03  -4.2926E-01  -1.5959E-01
  -2.1236E-01  -3.4350E-01  -6.8683E-02  -4.8724E-02  -5.7693E-02  -2.3775E-01
  -4.1183E-02  -4.6952E-02  -1.8819E-01   4.4196E-02   4.4477E-02  -9.3950E-02
  -1.1033E-02   3.0944E-02  -3.3877E-03  -1.5211E-02  -4.3056E-03  -7.6861E-03
  -3.4036E-02  -1.9906E-02   6.8820E-02  -6.6796E-03  -2.3864E-02  -4.1115E-04
  -3.1435E-02  -8.5128E-03  -1.0745E-02  -2.1129E-03   3.0712E-03   2.0959E-03
  -4.3497E-04   8.0034E-04   4.5008E-04  -4.3406E-01  -2.0515E-01  -2.0636E-01
  -4.1211E-01  -1.3349E-01  -9.9369E-02  -1.2862E-01  -2.6617E-01  -1.3474E-02
   2.9568E-02  -1.9148E-01  -1.7525E-02  -2.3764E-02  -1.0326E-01   2.0659E-03
  -6.7126E-03  -5.5797E-03   2.9500E-03   2.1009E-02  -1.0590E-01   6.5605E-02
   8.0129E-02  -5.9182E-02  -8.5907E-03   1.6716E-02   3.6140E-03  -4.3894E-02
   9.9260E-03   1.5362E-02   4.9236E-03   5.5334E-03  -1.7588E-03  -4.2111E-03
   1.1723E-03  -2.1493E-03  -5.9576E-01  -1.0154E-01  -2.1324E-01  -4.2724E-01
  -7.6208E-02  -8.6539E-03  -2.4996E-02  -2.3969E-01   2.7355E-03  -1.6687E-02
  -1.2595E-01   1.1707E-02   8.6432E-03  -7.9799E-02   1.6210E-02   1.6940E-02
   2.3769E-02   5.1703E-03   1.1482E-02  -3.3236E-02   1.3538E-02   2.5695E-02
   3.0102E-02   2.5366E-02  -7.5724E-03   7.6778E-04  -3.4920E-02  -2.4998E-03
  -2.0652E-03  -9.4794E-05  -5.1772E-04  -5.2114E-04   1.9671E-03   1.1499E-04
   4.3308E-03
  > E    =  -8.412679007278E+02 +/-   2.375140566323E-04
  > varE =   5.661150060133E-03
* Computing derivatives.
    [walltime: 2m3s elapsed, 1h38m remaining]
    [walltime: 1h1m elapsed, 38m59s remaining]
  Done. [total walltime: 1h40m]
* Optimizing manipulation constant:
  #igrid a___________ E____________________________________ varE____________
     1     Infinity    -8.41267901E+02 +/-   2.37514057E-04   5.66115006E-03
     2     1.0000E+06  -8.41267901E+02 +/-   2.37514047E-04   5.66114958E-03
     3     2.1544E+05  -8.41267901E+02 +/-   2.37514010E-04   5.66114782E-03
     4     4.6416E+04  -8.41267901E+02 +/-   2.37513839E-04   5.66113968E-03
     5     1.0000E+04  -8.41267901E+02 +/-   2.37513046E-04   5.66110188E-03
     6     2.1544E+03  -8.41267901E+02 +/-   2.37509369E-04   5.66092661E-03
     7     4.6416E+02  -8.41267902E+02 +/-   2.37492392E-04   5.66011734E-03
     8     1.0000E+02  -8.41267906E+02 +/-   2.37415417E-04   5.65644890E-03
     9     2.1544E+01  -8.41267922E+02 +/-   2.37092005E-04   5.64104875E-03
    10     4.6416E+00  -8.41267979E+02 +/-   2.36043750E-04   5.59127746E-03
    11     1.0000E+00  -8.41268036E+02 +/-   2.34822979E-04   5.53359308E-03
    12     2.1544E-01  -8.41267477E+02 +/-   2.43726825E-04   5.96118628E-03
    13     4.6416E-02  -8.41266440E+02 +/-   2.59116897E-04   6.73779048E-03
    14     1.0000E-02  -8.41265938E+02 +/-   2.65764223E-04   7.08792420E-03
    15     2.1544E-03  -8.41265794E+02 +/-   2.67582662E-04   7.18525146E-03
    16     4.6416E-04  -8.41265760E+02 +/-   2.68000853E-04   7.20772795E-03
    17     1.0000E-04  -8.41265753E+02 +/-   2.68092310E-04   7.21264812E-03
    18     2.1544E-05  -8.41265751E+02 +/-   2.68112078E-04   7.21371183E-03
    19     4.6416E-06  -8.41265751E+02 +/-   2.68116340E-04   7.21394118E-03
    20     1.0000E-06  -8.41265751E+02 +/-   2.68117258E-04   7.21399059E-03
    21     0.0000E+00  -8.41265751E+02 +/-   2.68117510E-04   7.21400417E-03
  ParMin   1.8641E+00  -8.41268030E+02 +/-   2.35064789E-04   5.54499545E-03
  # Using grid point #11
* Iteration # 1: E =  -8.412680360675E+02 +/-   2.348229791345E-04
* Computing derivatives.
    [walltime: 2m3s elapsed, 1h38m remaining]
    [walltime: 1h1m elapsed, 39m remaining]
  Done. [total walltime: 1h40m]
* Optimizing manipulation constant:
  #igrid a___________ E____________________________________ varE____________
     1     Infinity    -8.41268036E+02 +/-   2.34822979E-04   5.53359308E-03
     2     1.0000E+06  -8.41268036E+02 +/-   2.34822976E-04   5.53359294E-03
     3     2.1544E+05  -8.41268036E+02 +/-   2.34822966E-04   5.53359244E-03
     4     4.6416E+04  -8.41268036E+02 +/-   2.34822923E-04   5.53359041E-03
     5     1.0000E+04  -8.41268036E+02 +/-   2.34822848E-04   5.53358691E-03
     6     2.1544E+03  -8.41268036E+02 +/-   2.34825206E-04   5.53369804E-03
     7     4.6416E+02  -8.41268036E+02 +/-   2.34900008E-04   5.53722406E-03
     8     1.0000E+02  -8.41267878E+02 +/-   2.39201479E-04   5.74187528E-03
     9     2.1544E+01  -8.41232211E+02 +/-   6.08385949E-04   3.71436332E-02
    10     4.6416E+00  -8.39937435E+02 +/-   2.98571069E-03   8.94584723E-01
    11     1.0000E+00  -8.38566218E+02 +/-   3.59441011E-03   1.29652617E+00
    12     2.1544E-01  -8.38572601E+02 +/-   3.41207974E-03   1.16832690E+00
    13     4.6416E-02  -8.38578054E+02 +/-   1.71774867E-03   2.96104681E-01
    14     1.0000E-02  -8.38542466E+02 +/-   7.18681494E-03   5.18321180E+00
    15     2.1544E-03  -8.38530140E+02 +/-   9.82947448E-03   9.69586659E+00
    16     4.6416E-04  -8.38527179E+02 +/-   1.05167972E-02   1.10992346E+01
    17     1.0000E-04  -8.38526526E+02 +/-   1.06711125E-02   1.14273473E+01
    18     2.1544E-05  -8.38526385E+02 +/-   1.07046563E-02   1.14993022E+01
    19     4.6416E-06  -8.38526354E+02 +/-   1.07118973E-02   1.15148644E+01
    20     1.0000E-06  -8.38526347E+02 +/-   1.07134575E-02   1.15182191E+01
    21     0.0000E+00  -8.38526346E+02 +/-   1.07138863E-02   1.15191412E+01
* Iteration # 2: E =  -8.412680361534E+02 +/-   2.348252061688E-04
* Convergence: exiting.
* After optimization:
  -2.2633E+00  -2.7062E+00  -2.6395E+00  -2.3763E+00  -2.5351E+00  -2.8747E+00
   5.4355E-01   5.1586E-01   2.6652E-01   3.0701E-01   8.5803E-01   4.1068E-01
   3.7947E-01   4.7348E-01   4.7513E-01   4.8023E-01   5.0566E-01   4.1844E-01
   4.2003E-01   2.6226E-02  -9.0292E-03   4.0778E-01   2.4738E-01   2.4616E-01
   1.5395E-01   1.6177E-01   1.8770E-01   1.9715E-01   3.1514E-02   3.3034E-02
   1.7925E-01   1.8469E-01   1.9758E-02   9.8092E-02   9.1474E-02   8.6619E-02
   7.9494E-02   2.0872E-01   2.1447E-01   1.7471E-01   1.7791E-01   1.8352E-01
   8.3634E-02   6.3630E-02  -3.5929E-02  -2.9500E-02  -6.5780E-02  -6.7336E-02
  -2.5277E-02  -2.4732E-02   4.8937E-01   4.8323E-01  -5.6607E-02  -5.8451E-02
  -1.9355E-02  -2.5947E-02  -4.7877E-02  -4.5719E-02  -8.8500E-02  -8.8580E-02
  -7.8019E-02  -7.8145E-02  -2.2265E-02  -2.1306E-02  -3.1000E-02  -2.9088E-02
  -1.7841E-03  -1.7949E-01  -5.2970E-01  -9.1714E-02  -1.9402E-01  -1.1668E-01
  -2.0156E-01  -4.5026E-01  -4.2988E-01  -2.4563E-01  -2.8795E-01  -2.6120E-01
  -2.8800E-01  -2.7188E-01  -2.6867E-01  -2.0071E-01  -2.4585E-01   1.7271E-02
  -5.5536E-02   2.0997E-02  -1.6356E-02  -2.2639E-01  -2.0632E-01  -1.2044E-01
  -1.2600E-01  -7.4214E-02  -8.2342E-02  -9.6045E-02  -1.0381E-01   8.4826E-04
  -3.7985E-02  -8.0079E-02  -9.4909E-02   1.2051E-02  -3.8832E-02  -2.3256E-02
  -6.3721E-02  -1.2425E-03  -7.1487E-02  -5.4872E-02  -1.3733E-01  -5.7293E-02
  -8.9125E-02  -6.2524E-02  -8.6003E-02  -1.6816E-03  -5.9912E-02   1.1190E-02
   1.3670E-02   4.7134E-02   2.2175E-02   1.3971E-02   1.5627E-03  -2.1130E-01
  -2.4749E-01   3.6790E-02   2.0726E-02   1.3589E-02   1.1238E-02   2.4660E-02
   2.2086E-02   4.9893E-02   4.0440E-02   4.0480E-02   3.7844E-02   8.4264E-03
   1.0559E-02   1.4762E-02   1.8416E-02  -5.0072E-03  -1.2375E-03   8.2250E-01
   1.0051E+00   7.8413E-01   8.8917E-01   1.0116E+00   9.6946E-01  -4.3640E-01
  -2.6621E-01  -2.3477E-01  -3.6393E-01  -2.7779E-01  -2.0816E-01  -2.2305E-01
  -3.1879E-01  -5.0330E-02   2.1019E-02  -2.2584E-01   1.9601E-02   1.0529E-03
  -1.1735E-01  -2.7272E-02  -1.7057E-02  -3.8241E-02  -1.7710E-02   6.1288E-03
  -1.0300E-01   2.6683E-02   3.6539E-02  -3.7442E-02  -3.0523E-02   7.7603E-03
   4.9749E-03  -9.8053E-02   1.3436E-02   1.5100E-02   6.1264E-03   2.3029E-02
   3.1853E-03  -1.8933E-02   1.1846E-02  -1.6064E-02  -4.1806E-01  -1.6223E-01
  -2.1811E-01  -3.3919E-01  -7.5233E-02  -4.8278E-02  -6.0335E-02  -2.4729E-01
  -3.6196E-02  -4.9089E-02  -1.6997E-01   5.6915E-02   4.5959E-02  -8.9292E-02
  -1.0195E-02   1.0381E-02   2.9156E-03   5.0303E-03   1.2453E-02  -3.5562E-02
  -2.2008E-02  -1.5947E-02   7.3738E-02  -5.6677E-03  -2.3937E-02  -3.4818E-03
  -6.4428E-02  -1.2277E-02  -2.4327E-02  -3.7021E-03   6.2494E-03   7.1571E-03
  -2.5354E-03   4.4318E-03  -1.6220E-03  -3.7594E-01  -2.1631E-01  -1.7937E-01
  -3.4468E-01  -1.3134E-01  -1.1231E-01  -1.3452E-01  -2.4640E-01  -6.0443E-03
   4.2660E-02  -1.6233E-01  -2.6803E-02  -3.6116E-02  -1.0261E-01  -1.3084E-03
  -1.4868E-02  -1.6556E-02  -1.6136E-02   8.0417E-03  -1.2230E-01   6.9607E-02
   8.0277E-02  -7.4479E-02  -3.5372E-03   2.3615E-02   1.5937E-02  -1.0059E-01
   2.3806E-02   3.4722E-02   1.2509E-02   1.4935E-02  -3.3186E-03  -1.0224E-02
   8.9155E-03  -7.6077E-03  -5.6930E-01  -1.4351E-01  -2.1142E-01  -4.2602E-01
  -8.5369E-02  -3.9051E-02  -4.4511E-02  -2.3810E-01  -9.1145E-04  -2.8258E-02
  -1.1190E-01   1.5376E-02   7.9525E-03  -6.3546E-02   1.2301E-02   4.9297E-03
   2.6473E-02   4.8520E-03   1.0574E-02  -5.0875E-02   1.5210E-02   2.5954E-02
   3.2514E-02   1.6729E-02  -1.0456E-02   7.6157E-03  -6.3204E-02  -5.2776E-03
  -7.6050E-03  -1.0372E-04   1.1673E-03  -7.0209E-05   3.6107E-03   4.8709E-03
   9.6125E-03
  > Energy =  -8.412680361534E+02 +/-   2.348252061688E-04
  > varE =   5.533698038086E-03

VMC #4:
* Size of Hilbert space =   4.9763E+11
* Number of equil. steps   = 1000
* Running VMC equilibration.
  Done. [total walltime: 0.22s]
* Equil. acc.ratio (%)     =  13.1010
* Sample config after equilibration:
  +---------------------+
  |  d   d   2   2   u  |
  |u   u   u   d   0   d|
  |0   0   0   2   0   0|
  |  2   2   d   u   2  |
  +---------------------+
* Number of accum. steps   = 501760 x 10
* Running VMC accumulation.
    [walltime: 1m elapsed, 51.2s remaining]
  Done. [total walltime: 1m51s]
* Acceptance ratio (%)     =  13.0513
* Etot/t                   =  -8.412676511750E+02 +/-   1.056704897531E-04
  > Ttot/t                 =  -7.560151400709E+01 +/-   9.360111873206E-04
  > Utot/t                 =   3.303500471864E+01 +/-   9.304232005020E-04
* var[Eloc/t]              =   5.542003979878E-03 +/-   3.651062474116E-05
* Correlation length       =   1.010966218521E+00
* log10 Psi^2 range: -22.377347669854821 -- -11.518679758419196
* log10 Pgen range : -22.377347669854821 -- -11.518679758419196
* Site occupation (ave. no. electrons per config.):
  > Site_  ___eu____  ___ed____
      1        0.497      0.499
      2        0.495      0.499
      3        0.503      0.501
      4        0.502      0.501
      5        0.504      0.503
      6        0.505      0.504
      7        0.502      0.501
      8        0.500      0.499
      9        0.495      0.498
     10        0.498      0.500
     11        0.506      0.502
     12        0.502      0.503
     13        0.500      0.499
     14        0.499      0.498
     15        0.497      0.499
     16        0.500      0.500
     17        0.505      0.502
     18        0.505      0.504
     19        0.494      0.497
     20        0.498      0.496
     21        0.496      0.497
     22        0.497      0.499
* Pair-correlation analysis (ave. no. pairs per config.):
  > Shell  nsite  ___dh____  __eueu___  __eued___
      0      1        0          0          3.842
      1      0        0.913      0.510      2.593
      2      0        0.285      0.694      1.061
      3      0        0.267      0.720      1.054
      4      0        0.229      0.760      1.068
      5      0        0.755      0.890      2.406
      6      0        0.648      1.135      2.287
      7      0        0.555      1.359      2.182
      8      0        0.456      1.545      2.087
      9      0        0.072      0.408      0.579
     10      0        0.143      0.832      1.145
     11      0        0.139      0.855      1.088
     12      0        0.228      2.109      1.936
     13      0        0.228      2.084      1.921
     14      0        0.266      1.898      2.061
     15      0        0.311      1.866      2.048
     16      0        0.242      2.050      1.935
     17      0        0.159      0.930      1.025
     18      0        0.250      2.097      1.924
     19      0        0.245      2.126      1.903
     20      0        0.239      2.096      1.919
     21      0        0.141      1.038      0.955
     22      0        0.276      2.075      1.910
     23      0        0.242      2.135      1.895
     24      0        0.221      1.961      2.058
     25      0        0.254      2.047      1.951
     26      0        0.220      1.967      2.094
     27      0        0.212      2.135      1.893
     28      0        0.257      2.041      1.962
     29      0        0.224      2.072      1.961
     30      0        0.253      2.009      1.962
     31      0        0.291      1.931      2.017
     32      0        0.286      2.010      1.947
     33      0        0.221      1.992      2.030
     34      0        0.260      1.950      2.028
     35      0        0.112      1.003      1.026
     36      0        0.266      2.011      1.956
     37      0        0.259      1.901      2.090
     38      0        0.262      1.935      2.062
     39      0        0.257      1.978      2.015
     40      0        0.256      2.014      1.980
     41      0        0.142      0.980      0.994
     42      0        0.258      1.970      1.988
     43      0        0.227      2.035      1.996
     44      0        0.224      1.993      2.040
     45      0        0.259      1.992      1.966
     46      0        0.223      2.024      1.992
     47      0        0.142      0.994      0.982
     48      0        0.258      1.975      2.008
     49      0        0.110      1.028      1.005
     50      0        0.246      1.990      1.983
     51      0        0.221      2.028      2.013
     52      0        0.251      1.985      1.999
     53      0        0.218      2.021      2.004
     54      0        0.220      2.004      2.016
     55      0        0.256      2.002      1.984
     56      0        0.248      1.978      1.991
     57      0        0.253      1.997      1.984
     58      0        0.109      0.995      0.997
     59      0        0.221      2.010      2.030
     60      0        0.220      2.003      1.997
     61      0        0.109      0.997      0.996
     62      0        0.110      1.007      1.004
     63      0        0.220      1.998      2.002
     64      0        0.109      1.005      1.007
     65      0        0.248      1.961      2.019
     66      0        0.119      0.928      1.075
     67      0        0.060      0.465      0.539
     68      0        0.060      0.467      0.535

Optimization #4:
* Method          : lls
* Target function : energy
* No. of configs. : 100352
* No. of params.  : 283
* Before optimization:
  -2.2633E+00  -2.7062E+00  -2.6395E+00  -2.3763E+00  -2.5351E+00  -2.8747E+00
   5.4355E-01   5.1586E-01   2.6652E-01   3.0701E-01   8.5803E-01   4.1068E-01
   3.7947E-01   4.7348E-01   4.7513E-01   4.8023E-01   5.0566E-01   4.1844E-01
   4.2003E-01   2.6226E-02  -9.0292E-03   4.0778E-01   2.4738E-01   2.4616E-01
   1.5395E-01   1.6177E-01   1.8770E-01   1.9715E-01   3.1514E-02   3.3034E-02
   1.7925E-01   1.8469E-01   1.9758E-02   9.8092E-02   9.1474E-02   8.6619E-02
   7.9494E-02   2.0872E-01   2.1447E-01   1.7471E-01   1.7791E-01   1.8352E-01
   8.3634E-02   6.3630E-02  -3.5929E-02  -2.9500E-02  -6.5780E-02  -6.7336E-02
  -2.5277E-02  -2.4732E-02   4.8937E-01   4.8323E-01  -5.6607E-02  -5.8451E-02
  -1.9355E-02  -2.5947E-02  -4.7877E-02  -4.5719E-02  -8.8500E-02  -8.8580E-02
  -7.8019E-02  -7.8145E-02  -2.2265E-02  -2.1306E-02  -3.1000E-02  -2.9088E-02
  -1.7841E-03  -1.7949E-01  -5.2970E-01  -9.1714E-02  -1.9402E-01  -1.1668E-01
  -2.0156E-01  -4.5026E-01  -4.2988E-01  -2.4563E-01  -2.8795E-01  -2.6120E-01
  -2.8800E-01  -2.7188E-01  -2.6867E-01  -2.0071E-01  -2.4585E-01   1.7271E-02
  -5.5536E-02   2.0997E-02  -1.6356E-02  -2.2639E-01  -2.0632E-01  -1.2044E-01
  -1.2600E-01  -7.4214E-02  -8.2342E-02  -9.6045E-02  -1.0381E-01   8.4826E-04
  -3.7985E-02  -8.0079E-02  -9.4909E-02   1.2051E-02  -3.8832E-02  -2.3256E-02
  -6.3721E-02  -1.2425E-03  -7.1487E-02  -5.4872E-02  -1.3733E-01  -5.7293E-02
  -8.9125E-02  -6.2524E-02  -8.6003E-02  -1.6816E-03  -5.9912E-02   1.1190E-02
   1.3670E-02   4.7134E-02   2.2175E-02   1.3971E-02   1.5627E-03  -2.1130E-01
  -2.4749E-01   3.6790E-02   2.0726E-02   1.3589E-02   1.1238E-02   2.4660E-02
   2.2086E-02   4.9893E-02   4.0440E-02   4.0480E-02   3.7844E-02   8.4264E-03
   1.0559E-02   1.4762E-02   1.8416E-02  -5.0072E-03  -1.2375E-03   8.2250E-01
   1.0051E+00   7.8413E-01   8.8917E-01   1.0116E+00   9.6946E-01  -4.3640E-01
  -2.6621E-01  -2.3477E-01  -3.6393E-01  -2.7779E-01  -2.0816E-01  -2.2305E-01
  -3.1879E-01  -5.0330E-02   2.1019E-02  -2.2584E-01   1.9601E-02   1.0529E-03
  -1.1735E-01  -2.7272E-02  -1.7057E-02  -3.8241E-02  -1.7710E-02   6.1288E-03
  -1.0300E-01   2.6683E-02   3.6539E-02  -3.7442E-02  -3.0523E-02   7.7603E-03
   4.9749E-03  -9.8053E-02   1.3436E-02   1.5100E-02   6.1264E-03   2.3029E-02
   3.1853E-03  -1.8933E-02   1.1846E-02  -1.6064E-02  -4.1806E-01  -1.6223E-01
  -2.1811E-01  -3.3919E-01  -7.5233E-02  -4.8278E-02  -6.0335E-02  -2.4729E-01
  -3.6196E-02  -4.9089E-02  -1.6997E-01   5.6915E-02   4.5959E-02  -8.9292E-02
  -1.0195E-02   1.0381E-02   2.9156E-03   5.0303E-03   1.2453E-02  -3.5562E-02
  -2.2008E-02  -1.5947E-02   7.3738E-02  -5.6677E-03  -2.3937E-02  -3.4818E-03
  -6.4428E-02  -1.2277E-02  -2.4327E-02  -3.7021E-03   6.2494E-03   7.1571E-03
  -2.5354E-03   4.4318E-03  -1.6220E-03  -3.7594E-01  -2.1631E-01  -1.7937E-01
  -3.4468E-01  -1.3134E-01  -1.1231E-01  -1.3452E-01  -2.4640E-01  -6.0443E-03
   4.2660E-02  -1.6233E-01  -2.6803E-02  -3.6116E-02  -1.0261E-01  -1.3084E-03
  -1.4868E-02  -1.6556E-02  -1.6136E-02   8.0417E-03  -1.2230E-01   6.9607E-02
   8.0277E-02  -7.4479E-02  -3.5372E-03   2.3615E-02   1.5937E-02  -1.0059E-01
   2.3806E-02   3.4722E-02   1.2509E-02   1.4935E-02  -3.3186E-03  -1.0224E-02
   8.9155E-03  -7.6077E-03  -5.6930E-01  -1.4351E-01  -2.1142E-01  -4.2602E-01
  -8.5369E-02  -3.9051E-02  -4.4511E-02  -2.3810E-01  -9.1145E-04  -2.8258E-02
  -1.1190E-01   1.5376E-02   7.9525E-03  -6.3546E-02   1.2301E-02   4.9297E-03
   2.6473E-02   4.8520E-03   1.0574E-02  -5.0875E-02   1.5210E-02   2.5954E-02
   3.2514E-02   1.6729E-02  -1.0456E-02   7.6157E-03  -6.3204E-02  -5.2776E-03
  -7.6050E-03  -1.0372E-04   1.1673E-03  -7.0209E-05   3.6107E-03   4.8709E-03
   9.6125E-03
  > E    =  -8.412676386785E+02 +/-   2.331199031557E-04
  > varE =   5.453618325749E-03
srun: Job step aborted: Waiting up to 32 seconds for job step to finish.
slurmstepd: error: *** JOB 779281 ON alnode238 CANCELLED AT 2025-09-02T10:13:55 DUE TO TIME LIMIT ***
slurmstepd: error: *** STEP 779281.0 ON alnode238 CANCELLED AT 2025-09-02T10:13:55 DUE TO TIME LIMIT ***
