Run started: Tue Sep  2 18:20:16 CEST 2025
Using VDAGGER_ARCH = gnu7_fkfamd_cluster
Running 8x128 MPI processes.

                               xx
                              +##
                               #X
                               Xx
                          X##XxXxxX##x
                           +   Xx  ++
                               ##
                              +##
                              +##
     ++++         ++          +##
   xX+++##+      ####         +##
  Xx    ###      +X##          ##
 xX    X##+        ##          #X
 +    x##X         #x          #X
      ###         +#           x+
     X##+         #+
     ###         Xx                    _______
     ##X       +X+   __________________VDAGGER
     +##x    +xX     2nd quantized variational
       +xxxxx+       ______quantum Monte Carlo

* Running 1024 MPI processes.
* Input file: "input.casl"

############# Start of input file dump #############
General:
  Random seed: timer

Plan:
  VMC-optimization:
    Minimum cycles: 3
    Convergence cycles: 3

System:
  Read Hamiltonian: FCIDUMP_loc
  Read orbitals: LTSC.mat
  Complex orbitals: F
  Geometry:
    r_14: [ 2.30715201389900, -1.36612962809100 ]
    r_19: [ -2.30715201389900, -1.36612962809100 ]
    r_9: [ 2.30715201389900, 1.36612962809100 ]
    r_1: [ -2.30715201389900, 1.36612962809100 ]
    r_11: [ 0.00000000000000, -2.64819012780300 ]
    r_5: [ 0.00000000000000, 2.64819012780300 ]
    r_21: [ 6.92052984475300, 1.36731216695600 ]
    r_20: [ -6.92052984475300, 1.36731216695600 ]
    r_22: [ 6.92052984475300, -1.36731216695600 ]
    r_2: [ -6.92052984475300, -1.36731216695600 ]
    r_17: [ 4.65052830966800, 2.64933873056800 ]
    r_18: [ -4.65052830966800, 2.64933873056800 ]
    r_12: [ 4.65052830966800, -2.64933873056800 ]
    r_6: [ -4.65052830966800, -2.64933873056800 ]
    r_7: [ 11.51783390367000, 1.35551508476500 ]
    r_16: [ -11.51783390367000, 1.35551508476500 ]
    r_4: [ 11.51783390367000, -1.35551508476500 ]
    r_3: [ -11.51783390367000, -1.35551508476500 ]
    r_15: [ 9.31130451375400, 2.65735609478700 ]
    r_8: [ -9.31130451375400, 2.65735609478700 ]
    r_13: [ 9.31130451375400, -2.65735609478700 ]
    r_10: [ -9.31130451375400, -2.65735609478700 ]
    Tolerance: 0.05

VMC:
  nstep: 500000
  nconfig: 100000

Optimization:
  max_niter: 3

Jastrow: wfn.casl

Backflow: wfn.casl
############## End of input file dump ##############

General setup:
* Random seed: 1785242327 (from timer)

* Loaded integrals for system with nelec=22, ms2=0, norb=22
* INFO: setting number of electrons from integrals file.
* Analysis of Hamiltonian connecitivity performed:
  - T_ii (local, 1-site): 22 (i) values
  - U_iiii [opp] (local, 1-site): 22 (i) values
  - U_kkii [opp] (local, 2-site): 462 contribs. from 22 (i) values
  - U_kkii [par] (local, 2-site): 231 contribs. from 21 (i) values
  - T_ji (single, 2-site): 462 contribs. from 22 (i) values
  - U_kkji [opp] (single, 2/3-site): 10164 contribs. from 462 (i,j) pairs
  - U_kkji [par] (single, 3-site): 9702 contribs. from 462 (i,j) pairs
  - U_lkji [opp] (double, 2/3/4-site): 212836 contribs. from 462 (i,j) pairs
  - U_lkji [par] (double, 4-site): 50050 contribs. from 420 (i,j) pairs
  - Max. no. wfn. ratios in Eloc: 18543
* Reading override orbitals from file "LTSC.mat".
* Site labels:
  +--------------------------------+
  |    8    18     5    17    15   |
  |16    20     1     9    21     7|
  | 3     2    19    14    22     4|
  |   10     6    11    12    13   |
  +--------------------------------+
* Automatically set Site kinds:
  [ 1, 2, 3, 3, 4, 5, 3, 6, 1, 6, 4, 5, 6, 1, 6, 3, 5, 5, 1, 2, 2, 2 ]
  +---------------------+
  |  6   5   4   5   6  |
  |3   2   1   1   2   3|
  |3   2   1   1   2   3|
  |  6   5   4   5   6  |
  +---------------------+
* Maximum Site kind: 6
* Number of site-pair kinds with Tij=0: 0
* Automatically set Site pair kinds:
  Site 1: [ 0, -15, -34, -48, -6, -18, -55, -65, 21, 30, -19, -28, 45, -17, -42, -36, 38, 7, 2, -22, -32, 31 ]
  Site 2: [ -15, 0, -20, -57, 25, 5, -52, -16, 31, -8, 37, -39, 56, -32, -50, -14, 40, -23, -22, 3, -41, 47 ]
  Site 3: [ -34, -20, 0, -62, 43, 67, -64, 27, 48, 1, 44, -59, 63, -55, -60, 4, 51, 29, -36, -14, -52, 57 ]
  Site 4: [ -48, -57, -62, 0, -43, 59, 4, 60, 34, 63, -44, -66, 1, -36, -27, -64, -29, -51, -55, -52, -14, 20 ]
  Site 5: [ -6, 25, 43, -43, 0, -26, -44, 46, -6, -33, 9, -26, 33, 19, 46, 44, -12, -12, -19, 37, -37, 25 ]
  Site 6: [ -18, 5, 67, 59, -26, 0, 51, 24, -28, -13, 12, -49, -53, 38, 54, -29, -35, -10, -7, 23, 40, -39 ]
  Site 7: [ -55, -52, -64, 4, -44, 51, 0, 63, 36, 60, -43, 29, 27, -34, -1, -62, 66, -59, -48, -57, -20, 14 ]
  Site 8: [ -65, -16, 27, 60, 46, 24, 63, 0, -42, 11, -33, 54, -58, 45, 61, 1, -53, 13, 30, -8, 56, -50 ]
  Site 9: [ 21, 31, 48, 34, -6, -28, 36, -42, 0, -45, -19, -18, -30, -2, -65, 55, 7, 38, 17, 32, 22, -15 ]
  Site 10: [ 30, -8, 1, 63, -33, -13, 60, 11, -45, 0, 46, 53, -61, 42, 58, 27, -54, -24, -65, -16, 50, -56 ]
  Site 11: [ -19, 37, 44, -44, 9, 12, -43, -33, -19, 46, 0, 12, -46, 6, -33, 43, 26, 26, -6, 25, -25, 37 ]
  Site 12: [ -28, -39, -59, -66, -26, -49, 29, 54, -18, 53, 12, 0, 13, 7, 24, -51, -10, -35, -38, -40, -23, 5 ]
  Site 13: [ 45, 56, 63, 1, 33, -53, 27, -58, -30, -61, -46, 13, 0, -65, -11, 60, 24, 54, 42, 50, -16, 8 ]
  Site 14: [ -17, -32, -55, -36, 19, 38, -34, 45, -2, 42, 6, 7, -65, 0, -30, -48, -18, -28, -21, -31, -15, 22 ]
  Site 15: [ -42, -50, -60, -27, 46, 54, -1, 61, -65, 58, -33, 24, -11, -30, 0, -63, 13, -53, -45, -56, 8, -16 ]
  Site 16: [ -36, -14, 4, -64, 44, -29, -62, 1, 55, 27, 43, -51, 60, -48, -63, 0, 59, -68, -34, -20, -57, 52 ]
  Site 17: [ 38, 40, 51, -29, -12, -35, 66, -53, 7, -54, 26, -10, 24, -18, 13, 59, 0, -49, 28, 39, 5, -23 ]
  Site 18: [ 7, -23, 29, -51, -12, -10, -59, 13, 38, -24, 26, -35, 54, -28, -53, -68, -49, 0, 18, -5, -39, 40 ]
  Site 19: [ 2, -22, -36, -55, -19, -7, -48, 30, 17, -65, -6, -38, 42, -21, -45, -34, 28, 18, 0, -15, -31, 32 ]
  Site 20: [ -22, 3, -14, -52, 37, 23, -57, -8, 32, -16, 25, -40, 50, -31, -56, -20, 39, -5, -15, 0, -47, 41 ]
  Site 21: [ -32, -41, -52, -14, -37, 40, -20, 56, 22, 50, -25, -23, -16, -15, 8, -57, 5, -39, -31, -47, 0, -3 ]
  Site 22: [ 31, 47, 57, 20, 25, -39, 14, -50, -15, -56, 37, 5, 8, 22, -16, 52, -23, 40, 32, 41, -3, 0 ]
  For site 1 of kind 1:
  +-------------------------------------------+
  |    -65       7      -6      38     -42    |
  |-36     -22       0      21     -32     -55|
  |-34     -15       2     -17      31     -48|
  |     30     -18     -19     -28      45    |
  +-------------------------------------------+
  For site 2 of kind 2:
  +-------------------------------------------+
  |    -16     -23      25      40     -50    |
  |-14       3     -15      31     -41     -52|
  |-20       0     -22     -32      47     -57|
  |     -8       5      37     -39      56    |
  +-------------------------------------------+
  For site 3 of kind 3:
  +-------------------------------------------+
  |     27      29      43      51     -60    |
  |  4     -14     -34      48     -52     -64|
  |  0     -20     -36     -55      57     -62|
  |      1      67      44     -59      63    |
  +-------------------------------------------+
  For site 5 of kind 4:
  +-------------------------------------------+
  |     46     -12       0     -12      46    |
  | 44      37      -6      -6     -37     -44|
  | 43      25     -19      19      25     -43|
  |    -33     -26       9     -26      33    |
  +-------------------------------------------+
  For site 6 of kind 5:
  +-------------------------------------------+
  |     24     -10     -26     -35      54    |
  |-29      23     -18     -28      40      51|
  | 67       5      -7      38     -39      59|
  |    -13       0      12     -49     -53    |
  +-------------------------------------------+
  For site 8 of kind 6:
  +-------------------------------------------+
  |      0      13      46     -53      61    |
  |  1      -8     -65     -42      56      63|
  | 27     -16      30      45     -50      60|
  |     11      24     -33      54     -58    |
  +-------------------------------------------+
* Maximum (unsigned) Site pair kind: 68
General system setup:
* Number of sites       : 22
* Number of electrons   : 22
* Spin imbalance MS2    : 0
* Filling               : 0.500000
* Number of orbitals in pool: 22
* Using real-valued orbitals
* Using double-precision arithmetic for orbitals

Trial wave function setup:
* Jastrow parameter file: "wfn.casl"
* Not using multideterminants
* Backflow parameter file: "wfn.casl"
* Not using wave function manipulation

VMC #1:
* Size of Hilbert space =   4.9763E+11
* Number of equil. steps   = 1000
* Running VMC equilibration.
  Done. [total walltime: 0.22s]
* Equil. acc.ratio (%)     =  13.0944
* Sample config after equilibration:
  +---------------------+
  |  d   2   u   2   d  |
  |u   2   0   d   u   0|
  |d   0   2   0   u   d|
  |  u   d   u   d   u  |
  +---------------------+
* Number of accum. steps   = 501760 x 10
* Running VMC accumulation.
    [walltime: 1m elapsed, 51.7s remaining]
  Done. [total walltime: 1m51s]
* Acceptance ratio (%)     =  13.0609
* Etot/t                   =  -8.412675291372E+02 +/-   1.066300622689E-04
  > Ttot/t                 =  -7.559940105406E+01 +/-   9.359564147473E-04
  > Utot/t                 =   3.303301380334E+01 +/-   9.305105335959E-04
* var[Eloc/t]              =   5.546539981896E-03 +/-   2.220415222819E-05
* Correlation length       =   1.028568486998E+00
* log10 Psi^2 range: -22.737513329606681 -- -11.518679758419154
* log10 Pgen range : -22.737513329606681 -- -11.518679758419154
* Site occupation (ave. no. electrons per config.):
  > Site_  ___eu____  ___ed____
      1        0.496      0.501
      2        0.496      0.495
      3        0.502      0.502
      4        0.502      0.502
      5        0.503      0.501
      6        0.504      0.506
      7        0.502      0.500
      8        0.499      0.498
      9        0.495      0.501
     10        0.499      0.500
     11        0.502      0.504
     12        0.504      0.504
     13        0.498      0.498
     14        0.499      0.495
     15        0.501      0.502
     16        0.501      0.501
     17        0.505      0.500
     18        0.503      0.502
     19        0.499      0.495
     20        0.498      0.498
     21        0.495      0.498
     22        0.497      0.499
* Pair-correlation analysis (ave. no. pairs per config.):
  > Shell  nsite  ___dh____  __eueu___  __eued___
      0      1        0          0          3.838
      1      0        0.915      0.514      2.593
      2      0        0.282      0.697      1.067
      3      0        0.265      0.717      1.057
      4      0        0.232      0.758      1.070
      5      0        0.751      0.888      2.405
      6      0        0.648      1.131      2.287
      7      0        0.553      1.354      2.188
      8      0        0.451      1.544      2.094
      9      0        0.069      0.408      0.578
     10      0        0.142      0.829      1.147
     11      0        0.138      0.852      1.093
     12      0        0.228      2.107      1.925
     13      0        0.225      2.088      1.921
     14      0        0.269      1.895      2.062
     15      0        0.308      1.865      2.051
     16      0        0.242      2.053      1.931
     17      0        0.158      0.930      1.030
     18      0        0.250      2.102      1.919
     19      0        0.249      2.122      1.897
     20      0        0.241      2.098      1.915
     21      0        0.142      1.041      0.953
     22      0        0.275      2.079      1.906
     23      0        0.243      2.134      1.885
     24      0        0.220      1.960      2.059
     25      0        0.248      2.051      1.946
     26      0        0.220      1.958      2.091
     27      0        0.211      2.143      1.892
     28      0        0.255      2.042      1.967
     29      0        0.224      2.074      1.962
     30      0        0.250      2.013      1.968
     31      0        0.293      1.929      2.015
     32      0        0.285      2.013      1.948
     33      0        0.219      1.992      2.022
     34      0        0.262      1.955      2.029
     35      0        0.113      1.005      1.017
     36      0        0.267      2.019      1.958
     37      0        0.260      1.890      2.090
     38      0        0.259      1.939      2.062
     39      0        0.257      1.972      2.011
     40      0        0.251      2.010      1.984
     41      0        0.141      0.978      0.993
     42      0        0.255      1.976      1.993
     43      0        0.228      2.029      1.993
     44      0        0.224      1.987      2.043
     45      0        0.259      1.988      1.973
     46      0        0.222      2.021      1.988
     47      0        0.140      0.994      0.981
     48      0        0.257      1.982      2.010
     49      0        0.107      1.025      1.006
     50      0        0.246      1.986      1.983
     51      0        0.221      2.022      2.019
     52      0        0.252      1.988      1.993
     53      0        0.218      2.015      2.009
     54      0        0.218      2.011      2.012
     55      0        0.258      2.006      1.984
     56      0        0.247      1.980      1.988
     57      0        0.249      1.999      1.990
     58      0        0.109      0.997      0.997
     59      0        0.224      2.014      2.020
     60      0        0.220      2.004      2.002
     61      0        0.109      0.999      0.997
     62      0        0.114      1.004      1.006
     63      0        0.222      2.004      2.004
     64      0        0.111      1.006      1.007
     65      0        0.251      1.960      2.024
     66      0        0.120      0.929      1.073
     67      0        0.061      0.465      0.539
     68      0        0.061      0.461      0.536

Optimization #1:
* Method          : lls
* Target function : energy
* No. of configs. : 100352
* No. of params.  : 283
* Before optimization:
  -2.2633E+00  -2.7062E+00  -2.6395E+00  -2.3763E+00  -2.5351E+00  -2.8747E+00
   5.4355E-01   5.1586E-01   2.6652E-01   3.0701E-01   8.5803E-01   4.1068E-01
   3.7947E-01   4.7348E-01   4.7513E-01   4.8023E-01   5.0566E-01   4.1844E-01
   4.2003E-01   2.6226E-02  -9.0292E-03   4.0778E-01   2.4738E-01   2.4616E-01
   1.5395E-01   1.6177E-01   1.8770E-01   1.9715E-01   3.1514E-02   3.3034E-02
   1.7925E-01   1.8469E-01   1.9758E-02   9.8092E-02   9.1474E-02   8.6619E-02
   7.9494E-02   2.0872E-01   2.1447E-01   1.7471E-01   1.7791E-01   1.8352E-01
   8.3634E-02   6.3630E-02  -3.5929E-02  -2.9500E-02  -6.5780E-02  -6.7336E-02
  -2.5277E-02  -2.4732E-02   4.8937E-01   4.8323E-01  -5.6607E-02  -5.8451E-02
  -1.9355E-02  -2.5947E-02  -4.7877E-02  -4.5719E-02  -8.8500E-02  -8.8580E-02
  -7.8019E-02  -7.8145E-02  -2.2265E-02  -2.1306E-02  -3.1000E-02  -2.9088E-02
  -1.7841E-03  -1.7949E-01  -5.2970E-01  -9.1714E-02  -1.9402E-01  -1.1668E-01
  -2.0156E-01  -4.5026E-01  -4.2988E-01  -2.4563E-01  -2.8795E-01  -2.6120E-01
  -2.8800E-01  -2.7188E-01  -2.6867E-01  -2.0071E-01  -2.4585E-01   1.7271E-02
  -5.5536E-02   2.0997E-02  -1.6356E-02  -2.2639E-01  -2.0632E-01  -1.2044E-01
  -1.2600E-01  -7.4214E-02  -8.2342E-02  -9.6045E-02  -1.0381E-01   8.4826E-04
  -3.7985E-02  -8.0079E-02  -9.4909E-02   1.2051E-02  -3.8832E-02  -2.3256E-02
  -6.3721E-02  -1.2425E-03  -7.1487E-02  -5.4872E-02  -1.3733E-01  -5.7293E-02
  -8.9125E-02  -6.2524E-02  -8.6003E-02  -1.6816E-03  -5.9912E-02   1.1190E-02
   1.3670E-02   4.7134E-02   2.2175E-02   1.3971E-02   1.5627E-03  -2.1130E-01
  -2.4749E-01   3.6790E-02   2.0726E-02   1.3589E-02   1.1238E-02   2.4660E-02
   2.2086E-02   4.9893E-02   4.0440E-02   4.0480E-02   3.7844E-02   8.4264E-03
   1.0559E-02   1.4762E-02   1.8416E-02  -5.0072E-03  -1.2375E-03   8.2250E-01
   1.0051E+00   7.8413E-01   8.8917E-01   1.0116E+00   9.6946E-01  -4.3640E-01
  -2.6621E-01  -2.3477E-01  -3.6393E-01  -2.7779E-01  -2.0816E-01  -2.2305E-01
  -3.1879E-01  -5.0330E-02   2.1019E-02  -2.2584E-01   1.9601E-02   1.0529E-03
  -1.1735E-01  -2.7272E-02  -1.7057E-02  -3.8241E-02  -1.7710E-02   6.1288E-03
  -1.0300E-01   2.6683E-02   3.6539E-02  -3.7442E-02  -3.0523E-02   7.7603E-03
   4.9749E-03  -9.8053E-02   1.3436E-02   1.5100E-02   6.1264E-03   2.3029E-02
   3.1853E-03  -1.8933E-02   1.1846E-02  -1.6064E-02  -4.1806E-01  -1.6223E-01
  -2.1811E-01  -3.3919E-01  -7.5233E-02  -4.8278E-02  -6.0335E-02  -2.4729E-01
  -3.6196E-02  -4.9089E-02  -1.6997E-01   5.6915E-02   4.5959E-02  -8.9292E-02
  -1.0195E-02   1.0381E-02   2.9156E-03   5.0303E-03   1.2453E-02  -3.5562E-02
  -2.2008E-02  -1.5947E-02   7.3738E-02  -5.6677E-03  -2.3937E-02  -3.4818E-03
  -6.4428E-02  -1.2277E-02  -2.4327E-02  -3.7021E-03   6.2494E-03   7.1571E-03
  -2.5354E-03   4.4318E-03  -1.6220E-03  -3.7594E-01  -2.1631E-01  -1.7937E-01
  -3.4468E-01  -1.3134E-01  -1.1231E-01  -1.3452E-01  -2.4640E-01  -6.0443E-03
   4.2660E-02  -1.6233E-01  -2.6803E-02  -3.6116E-02  -1.0261E-01  -1.3084E-03
  -1.4868E-02  -1.6556E-02  -1.6136E-02   8.0417E-03  -1.2230E-01   6.9607E-02
   8.0277E-02  -7.4479E-02  -3.5372E-03   2.3615E-02   1.5937E-02  -1.0059E-01
   2.3806E-02   3.4722E-02   1.2509E-02   1.4935E-02  -3.3186E-03  -1.0224E-02
   8.9155E-03  -7.6077E-03  -5.6930E-01  -1.4351E-01  -2.1142E-01  -4.2602E-01
  -8.5369E-02  -3.9051E-02  -4.4511E-02  -2.3810E-01  -9.1145E-04  -2.8258E-02
  -1.1190E-01   1.5376E-02   7.9525E-03  -6.3546E-02   1.2301E-02   4.9297E-03
   2.6473E-02   4.8520E-03   1.0574E-02  -5.0875E-02   1.5210E-02   2.5954E-02
   3.2514E-02   1.6729E-02  -1.0456E-02   7.6157E-03  -6.3204E-02  -5.2776E-03
  -7.6050E-03  -1.0372E-04   1.1673E-03  -7.0209E-05   3.6107E-03   4.8709E-03
   9.6125E-03
  > E    =  -8.412671599559E+02 +/-   2.343815038549E-04
  > varE =   5.512805945577E-03
* Computing derivatives.
    [walltime: 2m4s elapsed, 1h39m remaining]
    [walltime: 1h1m elapsed, 39m6s remaining]
  Done. [total walltime: 1h40m]
* Optimizing manipulation constant:
  #igrid a___________ E____________________________________ varE____________
     1     Infinity    -8.41267160E+02 +/-   2.34381504E-04   5.51280595E-03
     2     1.0000E+06  -8.41267160E+02 +/-   2.34381498E-04   5.51280568E-03
     3     2.1544E+05  -8.41267160E+02 +/-   2.34381477E-04   5.51280469E-03
     4     4.6416E+04  -8.41267160E+02 +/-   2.34381381E-04   5.51280016E-03
     5     1.0000E+04  -8.41267160E+02 +/-   2.34380946E-04   5.51277971E-03
     6     2.1544E+03  -8.41267160E+02 +/-   2.34379208E-04   5.51269793E-03
     7     4.6416E+02  -8.41267160E+02 +/-   2.34377134E-04   5.51260036E-03
     8     1.0000E+02  -8.41267158E+02 +/-   2.34520868E-04   5.51936376E-03
     9     2.1544E+01  -8.41266556E+02 +/-   2.46948287E-04   6.11981181E-03
    10     4.6416E+00  -8.41216973E+02 +/-   6.96282303E-04   4.86515573E-02
    11     1.0000E+00  -8.40917984E+02 +/-   1.68902673E-03   2.86285319E-01
    12     2.1544E-01  -8.40873373E+02 +/-   1.78543966E-03   3.19901581E-01
    13     4.6416E-02  -8.40843497E+02 +/-   1.85954109E-03   3.47006483E-01
    14     1.0000E-02  -8.40754212E+02 +/-   2.03157164E-03   4.14181135E-01
    15     2.1544E-03  -8.40709361E+02 +/-   2.10694932E-03   4.45486154E-01
    16     4.6416E-04  -8.40697165E+02 +/-   2.12639595E-03   4.53747561E-01
    17     1.0000E-04  -8.40694392E+02 +/-   2.13075835E-03   4.55611240E-01
    18     2.1544E-05  -8.40693787E+02 +/-   2.13170649E-03   4.56016803E-01
    19     4.6416E-06  -8.40693656E+02 +/-   2.13191114E-03   4.56104369E-01
    20     1.0000E-06  -8.40693628E+02 +/-   2.13195526E-03   4.56123243E-01
    21     0.0000E+00  -8.40693621E+02 +/-   2.13196737E-03   4.56128427E-01
* Iteration # 1: E =  -8.412671604246E+02 +/-   2.343771335737E-04
* Convergence: exiting.
* After optimization:
  -2.2485E+00  -2.6914E+00  -2.6247E+00  -2.3612E+00  -2.5201E+00  -2.8597E+00
   5.4364E-01   5.1592E-01   2.6654E-01   3.0699E-01   8.5806E-01   4.1068E-01
   3.7946E-01   4.7350E-01   4.7513E-01   4.8022E-01   5.0564E-01   4.1846E-01
   4.2005E-01   2.6222E-02  -9.0585E-03   4.0776E-01   2.4737E-01   2.4615E-01
   1.5394E-01   1.6176E-01   1.8771E-01   1.9716E-01   3.1516E-02   3.3032E-02
   1.7925E-01   1.8469E-01   1.9784E-02   9.8083E-02   9.1469E-02   8.6634E-02
   7.9511E-02   2.0876E-01   2.1451E-01   1.7474E-01   1.7791E-01   1.8352E-01
   8.3621E-02   6.3618E-02  -3.5940E-02  -2.9502E-02  -6.5782E-02  -6.7338E-02
  -2.5286E-02  -2.4742E-02   4.8939E-01   4.8325E-01  -5.6611E-02  -5.8454E-02
  -1.9353E-02  -2.5951E-02  -4.7875E-02  -4.5721E-02  -8.8503E-02  -8.8577E-02
  -7.8018E-02  -7.8146E-02  -2.2270E-02  -2.1307E-02  -3.1001E-02  -2.9087E-02
  -1.7912E-03  -1.7963E-01  -5.2974E-01  -9.1687E-02  -1.9399E-01  -1.1664E-01
  -2.0155E-01  -4.5031E-01  -4.2990E-01  -2.4563E-01  -2.8793E-01  -2.6121E-01
  -2.8802E-01  -2.7187E-01  -2.6867E-01  -2.0071E-01  -2.4587E-01   1.7286E-02
  -5.5525E-02   2.1030E-02  -1.6319E-02  -2.2639E-01  -2.0631E-01  -1.2044E-01
  -1.2599E-01  -7.4207E-02  -8.2338E-02  -9.6032E-02  -1.0382E-01   8.5340E-04
  -3.7983E-02  -8.0071E-02  -9.4917E-02   1.2043E-02  -3.8842E-02  -2.3253E-02
  -6.3725E-02  -1.2593E-03  -7.1502E-02  -5.4896E-02  -1.3735E-01  -5.7298E-02
  -8.9134E-02  -6.2520E-02  -8.6004E-02  -1.6722E-03  -5.9916E-02   1.1191E-02
   1.3672E-02   4.7139E-02   2.2177E-02   1.3979E-02   1.5658E-03  -2.1131E-01
  -2.4748E-01   3.6795E-02   2.0728E-02   1.3589E-02   1.1234E-02   2.4662E-02
   2.2088E-02   4.9897E-02   4.0440E-02   4.0479E-02   3.7842E-02   8.4279E-03
   1.0559E-02   1.4759E-02   1.8412E-02  -5.0031E-03  -1.2322E-03   8.1648E-01
   9.9772E-01   7.7826E-01   8.8247E-01   1.0040E+00   9.6205E-01  -4.3308E-01
  -2.6423E-01  -2.3301E-01  -3.6116E-01  -2.7573E-01  -2.0663E-01  -2.2143E-01
  -3.1641E-01  -4.9911E-02   2.0934E-02  -2.2406E-01   1.9450E-02   1.0258E-03
  -1.1650E-01  -2.7056E-02  -1.6943E-02  -3.7969E-02  -1.7604E-02   6.0586E-03
  -1.0231E-01   2.6484E-02   3.6250E-02  -3.7183E-02  -3.0291E-02   7.6877E-03
   4.9343E-03  -9.7398E-02   1.3317E-02   1.4973E-02   6.0567E-03   2.2880E-02
   3.1576E-03  -1.8802E-02   1.1773E-02  -1.5957E-02  -4.1485E-01  -1.6109E-01
  -2.1649E-01  -3.3667E-01  -7.4666E-02  -4.7934E-02  -5.9903E-02  -2.4545E-01
  -3.5929E-02  -4.8718E-02  -1.6867E-01   5.6493E-02   4.5583E-02  -8.8635E-02
  -1.0126E-02   1.0288E-02   2.8919E-03   5.0380E-03   1.2376E-02  -3.5377E-02
  -2.1859E-02  -1.5860E-02   7.3211E-02  -5.6169E-03  -2.3774E-02  -3.4419E-03
  -6.3979E-02  -1.2213E-02  -2.4183E-02  -3.6981E-03   6.2147E-03   7.1120E-03
  -2.5230E-03   4.4159E-03  -1.6056E-03  -3.7577E-01  -2.1633E-01  -1.7939E-01
  -3.4461E-01  -1.3134E-01  -1.1234E-01  -1.3453E-01  -2.4637E-01  -5.9871E-03
   4.2652E-02  -1.6230E-01  -2.6817E-02  -3.6132E-02  -1.0258E-01  -1.2936E-03
  -1.4876E-02  -1.6508E-02  -1.6186E-02   8.0308E-03  -1.2232E-01   6.9612E-02
   8.0266E-02  -7.4530E-02  -3.5640E-03   2.3613E-02   1.5915E-02  -1.0068E-01
   2.3818E-02   3.4759E-02   1.2504E-02   1.4957E-02  -3.3226E-03  -1.0232E-02
   8.9134E-03  -7.6002E-03  -5.6917E-01  -1.4358E-01  -2.1145E-01  -4.2601E-01
  -8.5339E-02  -3.9092E-02  -4.4518E-02  -2.3806E-01  -8.9778E-04  -2.8340E-02
  -1.1191E-01   1.5371E-02   7.9247E-03  -6.3500E-02   1.2288E-02   4.9304E-03
   2.6515E-02   4.8620E-03   1.0610E-02  -5.0902E-02   1.5204E-02   2.5928E-02
   3.2503E-02   1.6698E-02  -1.0463E-02   7.6189E-03  -6.3231E-02  -5.2772E-03
  -7.5863E-03  -9.9630E-05   1.1670E-03  -6.7294E-05   3.6137E-03   4.8648E-03
   9.6214E-03
  > Energy =  -8.412671604246E+02 +/-   2.343771335737E-04
  > varE =   5.512600363764E-03

VMC #2:
* Size of Hilbert space =   4.9763E+11
* Number of equil. steps   = 1000
* Running VMC equilibration.
  Done. [total walltime: 0.22s]
* Equil. acc.ratio (%)     =  13.1499
* Sample config after equilibration:
  +---------------------+
  |  d   u   u   u   d  |
  |u   d   d   d   d   u|
  |0   u   d   2   d   0|
  |  2   0   u   u   2  |
  +---------------------+
* Number of accum. steps   = 501760 x 10
* Running VMC accumulation.
    [walltime: 1m elapsed, 51.6s remaining]
  Done. [total walltime: 1m51s]
* Acceptance ratio (%)     =  13.1225
* Etot/t                   =  -8.412676288570E+02 +/-   1.061666092662E-04
  > Ttot/t                 =  -7.560095017696E+01 +/-   9.265863751384E-04
  > Utot/t                 =   3.303446320646E+01 +/-   9.212405760847E-04
* var[Eloc/t]              =   5.656607889003E-03 +/-   7.023577154983E-05
* Correlation length       =   9.998062702284E-01
* log10 Psi^2 range: -22.435115958265087 -- -11.519237247189501
* log10 Pgen range : -22.435115958265087 -- -11.519237247189501
* Site occupation (ave. no. electrons per config.):
  > Site_  ___eu____  ___ed____
      1        0.497      0.497
      2        0.500      0.499
      3        0.504      0.499
      4        0.500      0.501
      5        0.506      0.502
      6        0.502      0.503
      7        0.501      0.499
      8        0.502      0.499
      9        0.496      0.499
     10        0.497      0.501
     11        0.503      0.505
     12        0.501      0.502
     13        0.502      0.499
     14        0.498      0.497
     15        0.498      0.501
     16        0.498      0.503
     17        0.504      0.502
     18        0.504      0.502
     19        0.498      0.496
     20        0.494      0.497
     21        0.499      0.498
     22        0.498      0.498
* Pair-correlation analysis (ave. no. pairs per config.):
  > Shell  nsite  ___dh____  __eueu___  __eued___
      0      1        0          0          3.836
      1      0        0.911      0.511      2.595
      2      0        0.280      0.696      1.066
      3      0        0.264      0.724      1.059
      4      0        0.232      0.755      1.064
      5      0        0.754      0.889      2.406
      6      0        0.649      1.135      2.289
      7      0        0.552      1.354      2.181
      8      0        0.453      1.551      2.094
      9      0        0.072      0.411      0.580
     10      0        0.141      0.828      1.143
     11      0        0.139      0.857      1.090
     12      0        0.232      2.106      1.930
     13      0        0.228      2.083      1.923
     14      0        0.267      1.896      2.061
     15      0        0.306      1.871      2.055
     16      0        0.238      2.054      1.943
     17      0        0.158      0.927      1.031
     18      0        0.251      2.092      1.919
     19      0        0.252      2.125      1.898
     20      0        0.239      2.098      1.918
     21      0        0.139      1.040      0.953
     22      0        0.273      2.080      1.910
     23      0        0.244      2.134      1.889
     24      0        0.218      1.961      2.057
     25      0        0.252      2.054      1.958
     26      0        0.224      1.961      2.090
     27      0        0.210      2.139      1.895
     28      0        0.257      2.036      1.957
     29      0        0.224      2.070      1.951
     30      0        0.249      2.014      1.964
     31      0        0.288      1.935      2.019
     32      0        0.286      2.012      1.948
     33      0        0.220      1.996      2.032
     34      0        0.260      1.944      2.027
     35      0        0.112      1.000      1.018
     36      0        0.262      2.014      1.954
     37      0        0.259      1.904      2.098
     38      0        0.258      1.935      2.058
     39      0        0.256      1.980      2.009
     40      0        0.254      2.012      1.982
     41      0        0.140      0.982      0.999
     42      0        0.254      1.977      1.992
     43      0        0.227      2.037      1.991
     44      0        0.228      1.985      2.043
     45      0        0.257      1.992      1.973
     46      0        0.223      2.029      1.994
     47      0        0.139      0.996      0.987
     48      0        0.254      1.974      2.007
     49      0        0.109      1.021      1.004
     50      0        0.245      1.990      1.990
     51      0        0.223      2.014      2.007
     52      0        0.246      1.990      1.998
     53      0        0.217      2.014      2.008
     54      0        0.217      2.010      2.013
     55      0        0.256      2.000      1.977
     56      0        0.247      1.986      1.993
     57      0        0.249      2.000      1.987
     58      0        0.109      0.997      0.999
     59      0        0.221      2.007      2.017
     60      0        0.218      2.007      1.997
     61      0        0.107      0.998      1.002
     62      0        0.111      1.002      1.003
     63      0        0.221      2.002      1.999
     64      0        0.111      0.999      1.006
     65      0        0.248      1.962      2.022
     66      0        0.122      0.923      1.068
     67      0        0.061      0.461      0.538
     68      0        0.060      0.463      0.537

Optimization #2:
* Method          : lls
* Target function : energy
* No. of configs. : 100352
* No. of params.  : 283
* Before optimization:
  -2.2485E+00  -2.6914E+00  -2.6247E+00  -2.3612E+00  -2.5201E+00  -2.8597E+00
   5.4364E-01   5.1592E-01   2.6654E-01   3.0699E-01   8.5806E-01   4.1068E-01
   3.7946E-01   4.7350E-01   4.7513E-01   4.8022E-01   5.0564E-01   4.1846E-01
   4.2005E-01   2.6222E-02  -9.0585E-03   4.0776E-01   2.4737E-01   2.4615E-01
   1.5394E-01   1.6176E-01   1.8771E-01   1.9716E-01   3.1516E-02   3.3032E-02
   1.7925E-01   1.8469E-01   1.9784E-02   9.8083E-02   9.1469E-02   8.6634E-02
   7.9511E-02   2.0876E-01   2.1451E-01   1.7474E-01   1.7791E-01   1.8352E-01
   8.3621E-02   6.3618E-02  -3.5940E-02  -2.9502E-02  -6.5782E-02  -6.7338E-02
  -2.5286E-02  -2.4742E-02   4.8939E-01   4.8325E-01  -5.6611E-02  -5.8454E-02
  -1.9353E-02  -2.5951E-02  -4.7875E-02  -4.5721E-02  -8.8503E-02  -8.8577E-02
  -7.8018E-02  -7.8146E-02  -2.2270E-02  -2.1307E-02  -3.1001E-02  -2.9087E-02
  -1.7912E-03  -1.7963E-01  -5.2974E-01  -9.1687E-02  -1.9399E-01  -1.1664E-01
  -2.0155E-01  -4.5031E-01  -4.2990E-01  -2.4563E-01  -2.8793E-01  -2.6121E-01
  -2.8802E-01  -2.7187E-01  -2.6867E-01  -2.0071E-01  -2.4587E-01   1.7286E-02
  -5.5525E-02   2.1030E-02  -1.6319E-02  -2.2639E-01  -2.0631E-01  -1.2044E-01
  -1.2599E-01  -7.4207E-02  -8.2338E-02  -9.6032E-02  -1.0382E-01   8.5340E-04
  -3.7983E-02  -8.0071E-02  -9.4917E-02   1.2043E-02  -3.8842E-02  -2.3253E-02
  -6.3725E-02  -1.2593E-03  -7.1502E-02  -5.4896E-02  -1.3735E-01  -5.7298E-02
  -8.9134E-02  -6.2520E-02  -8.6004E-02  -1.6722E-03  -5.9916E-02   1.1191E-02
   1.3672E-02   4.7139E-02   2.2177E-02   1.3979E-02   1.5658E-03  -2.1131E-01
  -2.4748E-01   3.6795E-02   2.0728E-02   1.3589E-02   1.1234E-02   2.4662E-02
   2.2088E-02   4.9897E-02   4.0440E-02   4.0479E-02   3.7842E-02   8.4279E-03
   1.0559E-02   1.4759E-02   1.8412E-02  -5.0031E-03  -1.2322E-03   8.1648E-01
   9.9772E-01   7.7826E-01   8.8247E-01   1.0040E+00   9.6205E-01  -4.3308E-01
  -2.6423E-01  -2.3301E-01  -3.6116E-01  -2.7573E-01  -2.0663E-01  -2.2143E-01
  -3.1641E-01  -4.9911E-02   2.0934E-02  -2.2406E-01   1.9450E-02   1.0258E-03
  -1.1650E-01  -2.7056E-02  -1.6943E-02  -3.7969E-02  -1.7604E-02   6.0586E-03
  -1.0231E-01   2.6484E-02   3.6250E-02  -3.7183E-02  -3.0291E-02   7.6877E-03
   4.9343E-03  -9.7398E-02   1.3317E-02   1.4973E-02   6.0567E-03   2.2880E-02
   3.1576E-03  -1.8802E-02   1.1773E-02  -1.5957E-02  -4.1485E-01  -1.6109E-01
  -2.1649E-01  -3.3667E-01  -7.4666E-02  -4.7934E-02  -5.9903E-02  -2.4545E-01
  -3.5929E-02  -4.8718E-02  -1.6867E-01   5.6493E-02   4.5583E-02  -8.8635E-02
  -1.0126E-02   1.0288E-02   2.8919E-03   5.0380E-03   1.2376E-02  -3.5377E-02
  -2.1859E-02  -1.5860E-02   7.3211E-02  -5.6169E-03  -2.3774E-02  -3.4419E-03
  -6.3979E-02  -1.2213E-02  -2.4183E-02  -3.6981E-03   6.2147E-03   7.1120E-03
  -2.5230E-03   4.4159E-03  -1.6056E-03  -3.7577E-01  -2.1633E-01  -1.7939E-01
  -3.4461E-01  -1.3134E-01  -1.1234E-01  -1.3453E-01  -2.4637E-01  -5.9871E-03
   4.2652E-02  -1.6230E-01  -2.6817E-02  -3.6132E-02  -1.0258E-01  -1.2936E-03
  -1.4876E-02  -1.6508E-02  -1.6186E-02   8.0308E-03  -1.2232E-01   6.9612E-02
   8.0266E-02  -7.4530E-02  -3.5640E-03   2.3613E-02   1.5915E-02  -1.0068E-01
   2.3818E-02   3.4759E-02   1.2504E-02   1.4957E-02  -3.3226E-03  -1.0232E-02
   8.9134E-03  -7.6002E-03  -5.6917E-01  -1.4358E-01  -2.1145E-01  -4.2601E-01
  -8.5339E-02  -3.9092E-02  -4.4518E-02  -2.3806E-01  -8.9778E-04  -2.8340E-02
  -1.1191E-01   1.5371E-02   7.9247E-03  -6.3500E-02   1.2288E-02   4.9304E-03
   2.6515E-02   4.8620E-03   1.0610E-02  -5.0902E-02   1.5204E-02   2.5928E-02
   3.2503E-02   1.6698E-02  -1.0463E-02   7.6189E-03  -6.3231E-02  -5.2772E-03
  -7.5863E-03  -9.9630E-05   1.1670E-03  -6.7294E-05   3.6137E-03   4.8648E-03
   9.6214E-03
  > E    =  -8.412679297757E+02 +/-   2.421468266153E-04
  > varE =   5.884148114133E-03
* Computing derivatives.
    [walltime: 2m4s elapsed, 1h40m remaining]
    [walltime: 1h1m elapsed, 39m7s remaining]
  Done. [total walltime: 1h40m]
* Optimizing manipulation constant:
  #igrid a___________ E____________________________________ varE____________
     1     Infinity    -8.41267930E+02 +/-   2.42146827E-04   5.88414811E-03
     2     1.0000E+06  -8.41267930E+02 +/-   2.42146811E-04   5.88414733E-03
     3     2.1544E+05  -8.41267930E+02 +/-   2.42146753E-04   5.88414452E-03
     4     4.6416E+04  -8.41267930E+02 +/-   2.42146499E-04   5.88413218E-03
     5     1.0000E+04  -8.41267930E+02 +/-   2.42145628E-04   5.88408987E-03
     6     2.1544E+03  -8.41267930E+02 +/-   2.42148325E-04   5.88422091E-03
     7     4.6416E+02  -8.41267920E+02 +/-   2.42358630E-04   5.89444622E-03
     8     1.0000E+02  -8.41266418E+02 +/-   2.68385368E-04   7.22842540E-03
     9     2.1544E+01  -8.40919209E+02 +/-   1.70458517E-03   2.91583836E-01
    10     4.6416E+00  -8.38548892E+02 +/-   3.62841220E-03   1.32117172E+00
    11     1.0000E+00   2.64889782E+31 +/-   4.19956462E+29   1.76984230E+64
    12     2.1544E-01   1.06807127E+12 +/-   1.38014190E+10   1.91149654E+25
    13     4.6416E-02   1.44817610E+07 +/-   1.57772989E+05   2.49799370E+15
    14     1.0000E-02   6.31772412E+05 +/-   6.62549703E+03   4.40517291E+12
    15     2.1544E-03   3.05569877E+05 +/-   3.20282573E+03   1.02942012E+12
    16     4.6416E-04   2.60515401E+05 +/-   2.73259004E+03   7.49333233E+11
    17     1.0000E-04   2.51676139E+05 +/-   2.64042011E+03   6.99635915E+11
    18     2.1544E-05   2.49809602E+05 +/-   2.62096081E+03   6.89361596E+11
    19     4.6416E-06   2.49409201E+05 +/-   2.61678665E+03   6.87167585E+11
    20     1.0000E-06   2.49323017E+05 +/-   2.61588821E+03   6.86695801E+11
    21     0.0000E+00   2.49299355E+05 +/-   2.61564154E+03   6.86566301E+11
* Iteration # 1: E =  -8.412679298170E+02 +/-   2.421456281458E-04
* Convergence: exiting.
* After optimization:
  -2.2522E+00  -2.6951E+00  -2.6284E+00  -2.3649E+00  -2.5237E+00  -2.8633E+00
   5.4365E-01   5.1592E-01   2.6654E-01   3.0699E-01   8.5806E-01   4.1068E-01
   3.7946E-01   4.7350E-01   4.7513E-01   4.8022E-01   5.0564E-01   4.1846E-01
   4.2005E-01   2.6221E-02  -9.0609E-03   4.0775E-01   2.4737E-01   2.4615E-01
   1.5394E-01   1.6176E-01   1.8771E-01   1.9716E-01   3.1516E-02   3.3033E-02
   1.7925E-01   1.8469E-01   1.9785E-02   9.8083E-02   9.1469E-02   8.6634E-02
   7.9512E-02   2.0876E-01   2.1452E-01   1.7474E-01   1.7791E-01   1.8352E-01
   8.3620E-02   6.3617E-02  -3.5941E-02  -2.9502E-02  -6.5782E-02  -6.7338E-02
  -2.5286E-02  -2.4742E-02   4.8940E-01   4.8326E-01  -5.6611E-02  -5.8454E-02
  -1.9354E-02  -2.5952E-02  -4.7874E-02  -4.5721E-02  -8.8503E-02  -8.8577E-02
  -7.8018E-02  -7.8145E-02  -2.2270E-02  -2.1307E-02  -3.1001E-02  -2.9086E-02
  -1.7917E-03  -1.7964E-01  -5.2974E-01  -9.1687E-02  -1.9399E-01  -1.1664E-01
  -2.0155E-01  -4.5031E-01  -4.2991E-01  -2.4562E-01  -2.8793E-01  -2.6121E-01
  -2.8802E-01  -2.7187E-01  -2.6867E-01  -2.0071E-01  -2.4587E-01   1.7287E-02
  -5.5524E-02   2.1032E-02  -1.6317E-02  -2.2639E-01  -2.0631E-01  -1.2044E-01
  -1.2599E-01  -7.4207E-02  -8.2338E-02  -9.6032E-02  -1.0382E-01   8.5328E-04
  -3.7983E-02  -8.0071E-02  -9.4917E-02   1.2042E-02  -3.8843E-02  -2.3253E-02
  -6.3725E-02  -1.2593E-03  -7.1502E-02  -5.4898E-02  -1.3735E-01  -5.7298E-02
  -8.9134E-02  -6.2520E-02  -8.6004E-02  -1.6714E-03  -5.9915E-02   1.1191E-02
   1.3672E-02   4.7139E-02   2.2177E-02   1.3979E-02   1.5661E-03  -2.1131E-01
  -2.4748E-01   3.6795E-02   2.0728E-02   1.3589E-02   1.1234E-02   2.4662E-02
   2.2088E-02   4.9897E-02   4.0440E-02   4.0479E-02   3.7842E-02   8.4279E-03
   1.0559E-02   1.4758E-02   1.8411E-02  -5.0028E-03  -1.2320E-03   8.1796E-01
   9.9954E-01   7.7968E-01   8.8407E-01   1.0058E+00   9.6379E-01  -4.3387E-01
  -2.6471E-01  -2.3343E-01  -3.6181E-01  -2.7624E-01  -2.0701E-01  -2.2183E-01
  -3.1699E-01  -4.9997E-02   2.0980E-02  -2.2446E-01   1.9483E-02   1.0269E-03
  -1.1671E-01  -2.7106E-02  -1.6974E-02  -3.8041E-02  -1.7636E-02   6.0700E-03
  -1.0250E-01   2.6528E-02   3.6314E-02  -3.7251E-02  -3.0346E-02   7.7011E-03
   4.9440E-03  -9.7577E-02   1.3341E-02   1.5000E-02   6.0659E-03   2.2922E-02
   3.1628E-03  -1.8837E-02   1.1795E-02  -1.5987E-02  -4.1561E-01  -1.6138E-01
  -2.1689E-01  -3.3729E-01  -7.4806E-02  -4.8024E-02  -6.0014E-02  -2.4590E-01
  -3.5991E-02  -4.8804E-02  -1.6897E-01   5.6594E-02   4.5665E-02  -8.8797E-02
  -1.0146E-02   1.0306E-02   2.8953E-03   5.0487E-03   1.2399E-02  -3.5445E-02
  -2.1903E-02  -1.5891E-02   7.3347E-02  -5.6256E-03  -2.3818E-02  -3.4473E-03
  -6.4096E-02  -1.2236E-02  -2.4229E-02  -3.7058E-03   6.2260E-03   7.1243E-03
  -2.5279E-03   4.4246E-03  -1.6086E-03  -3.7576E-01  -2.1633E-01  -1.7938E-01
  -3.4460E-01  -1.3135E-01  -1.1234E-01  -1.3453E-01  -2.4637E-01  -5.9872E-03
   4.2655E-02  -1.6230E-01  -2.6818E-02  -3.6133E-02  -1.0257E-01  -1.2926E-03
  -1.4876E-02  -1.6508E-02  -1.6187E-02   8.0297E-03  -1.2232E-01   6.9612E-02
   8.0267E-02  -7.4533E-02  -3.5655E-03   2.3615E-02   1.5915E-02  -1.0068E-01
   2.3820E-02   3.4761E-02   1.2505E-02   1.4957E-02  -3.3222E-03  -1.0232E-02
   8.9127E-03  -7.6002E-03  -5.6917E-01  -1.4358E-01  -2.1146E-01  -4.2601E-01
  -8.5340E-02  -3.9092E-02  -4.4518E-02  -2.3806E-01  -8.9968E-04  -2.8342E-02
  -1.1191E-01   1.5371E-02   7.9241E-03  -6.3497E-02   1.2288E-02   4.9315E-03
   2.6515E-02   4.8624E-03   1.0610E-02  -5.0901E-02   1.5203E-02   2.5928E-02
   3.2504E-02   1.6697E-02  -1.0462E-02   7.6188E-03  -6.3232E-02  -5.2770E-03
  -7.5851E-03  -9.8661E-05   1.1665E-03  -6.6861E-05   3.6144E-03   4.8646E-03
   9.6219E-03
  > Energy =  -8.412679298170E+02 +/-   2.421456281458E-04
  > varE =   5.884089868851E-03

VMC #3:
* Size of Hilbert space =   4.9763E+11
* Number of equil. steps   = 1000
* Running VMC equilibration.
  Done. [total walltime: 0.23s]
* Equil. acc.ratio (%)     =  13.1344
* Sample config after equilibration:
  +---------------------+
  |  d   d   d   d   u  |
  |u   u   u   d   u   d|
  |0   2   d   u   0   d|
  |  2   0   u   2   u  |
  +---------------------+
* Number of accum. steps   = 501760 x 10
* Running VMC accumulation.
    [walltime: 1m elapsed, 52.1s remaining]
  Done. [total walltime: 1m52s]
* Acceptance ratio (%)     =  13.1032
* Etot/t                   =  -8.412674917748E+02 +/-   1.054599586847E-04
  > Ttot/t                 =  -7.560041618219E+01 +/-   9.560242309728E-04
  > Utot/t                 =   3.303406629387E+01 +/-   9.531115521703E-04
* var[Eloc/t]              =   5.601271435862E-03 +/-   3.644779151934E-05
* Correlation length       =   9.962873393782E-01
* log10 Psi^2 range: -22.946159283002707 -- -11.519225393403900
* log10 Pgen range : -22.946159283002707 -- -11.519225393403900
* Site occupation (ave. no. electrons per config.):
  > Site_  ___eu____  ___ed____
      1        0.500      0.497
      2        0.495      0.500
      3        0.500      0.505
      4        0.501      0.502
      5        0.503      0.503
      6        0.506      0.501
      7        0.503      0.502
      8        0.499      0.500
      9        0.498      0.495
     10        0.500      0.496
     11        0.505      0.503
     12        0.507      0.502
     13        0.499      0.500
     14        0.497      0.500
     15        0.497      0.499
     16        0.500      0.500
     17        0.499      0.502
     18        0.501      0.503
     19        0.494      0.499
     20        0.499      0.496
     21        0.499      0.499
     22        0.497      0.497
* Pair-correlation analysis (ave. no. pairs per config.):
  > Shell  nsite  ___dh____  __eueu___  __eued___
      0      1        0          0          3.836
      1      0        0.913      0.512      2.594
      2      0        0.280      0.697      1.066
      3      0        0.262      0.722      1.060
      4      0        0.231      0.758      1.071
      5      0        0.750      0.888      2.406
      6      0        0.649      1.139      2.287
      7      0        0.550      1.357      2.184
      8      0        0.455      1.543      2.088
      9      0        0.072      0.411      0.579
     10      0        0.141      0.829      1.142
     11      0        0.138      0.851      1.090
     12      0        0.231      2.103      1.931
     13      0        0.225      2.082      1.918
     14      0        0.268      1.898      2.065
     15      0        0.304      1.867      2.059
     16      0        0.242      2.051      1.933
     17      0        0.160      0.931      1.028
     18      0        0.248      2.096      1.919
     19      0        0.252      2.122      1.904
     20      0        0.237      2.102      1.922
     21      0        0.141      1.038      0.954
     22      0        0.278      2.077      1.907
     23      0        0.243      2.132      1.887
     24      0        0.221      1.953      2.055
     25      0        0.251      2.054      1.951
     26      0        0.221      1.961      2.090
     27      0        0.212      2.143      1.888
     28      0        0.252      2.040      1.964
     29      0        0.225      2.073      1.957
     30      0        0.254      2.010      1.959
     31      0        0.290      1.932      2.018
     32      0        0.282      2.016      1.949
     33      0        0.220      1.996      2.026
     34      0        0.259      1.953      2.034
     35      0        0.112      0.997      1.020
     36      0        0.264      2.018      1.961
     37      0        0.257      1.901      2.097
     38      0        0.261      1.935      2.058
     39      0        0.253      1.976      2.014
     40      0        0.252      2.013      1.978
     41      0        0.140      0.980      0.998
     42      0        0.258      1.972      1.987
     43      0        0.228      2.036      1.997
     44      0        0.228      1.993      2.043
     45      0        0.257      1.989      1.972
     46      0        0.223      2.023      1.993
     47      0        0.142      0.992      0.980
     48      0        0.258      1.981      2.009
     49      0        0.109      1.024      1.001
     50      0        0.248      1.989      1.979
     51      0        0.221      2.026      2.012
     52      0        0.249      1.992      2.003
     53      0        0.218      2.011      2.003
     54      0        0.221      1.999      2.011
     55      0        0.257      2.005      1.986
     56      0        0.245      1.980      1.989
     57      0        0.250      1.999      1.992
     58      0        0.109      0.995      0.997
     59      0        0.223      2.011      2.022
     60      0        0.224      2.001      1.999
     61      0        0.110      0.996      0.992
     62      0        0.113      1.007      1.005
     63      0        0.219      2.002      2.006
     64      0        0.111      1.007      1.008
     65      0        0.250      1.959      2.019
     66      0        0.121      0.929      1.072
     67      0        0.061      0.464      0.540
     68      0        0.061      0.462      0.535

Optimization #3:
* Method          : lls
* Target function : energy
* No. of configs. : 100352
* No. of params.  : 283
* Before optimization:
  -2.2522E+00  -2.6951E+00  -2.6284E+00  -2.3649E+00  -2.5237E+00  -2.8633E+00
   5.4365E-01   5.1592E-01   2.6654E-01   3.0699E-01   8.5806E-01   4.1068E-01
   3.7946E-01   4.7350E-01   4.7513E-01   4.8022E-01   5.0564E-01   4.1846E-01
   4.2005E-01   2.6221E-02  -9.0609E-03   4.0775E-01   2.4737E-01   2.4615E-01
   1.5394E-01   1.6176E-01   1.8771E-01   1.9716E-01   3.1516E-02   3.3033E-02
   1.7925E-01   1.8469E-01   1.9785E-02   9.8083E-02   9.1469E-02   8.6634E-02
   7.9512E-02   2.0876E-01   2.1452E-01   1.7474E-01   1.7791E-01   1.8352E-01
   8.3620E-02   6.3617E-02  -3.5941E-02  -2.9502E-02  -6.5782E-02  -6.7338E-02
  -2.5286E-02  -2.4742E-02   4.8940E-01   4.8326E-01  -5.6611E-02  -5.8454E-02
  -1.9354E-02  -2.5952E-02  -4.7874E-02  -4.5721E-02  -8.8503E-02  -8.8577E-02
  -7.8018E-02  -7.8145E-02  -2.2270E-02  -2.1307E-02  -3.1001E-02  -2.9086E-02
  -1.7917E-03  -1.7964E-01  -5.2974E-01  -9.1687E-02  -1.9399E-01  -1.1664E-01
  -2.0155E-01  -4.5031E-01  -4.2991E-01  -2.4562E-01  -2.8793E-01  -2.6121E-01
  -2.8802E-01  -2.7187E-01  -2.6867E-01  -2.0071E-01  -2.4587E-01   1.7287E-02
  -5.5524E-02   2.1032E-02  -1.6317E-02  -2.2639E-01  -2.0631E-01  -1.2044E-01
  -1.2599E-01  -7.4207E-02  -8.2338E-02  -9.6032E-02  -1.0382E-01   8.5328E-04
  -3.7983E-02  -8.0071E-02  -9.4917E-02   1.2042E-02  -3.8843E-02  -2.3253E-02
  -6.3725E-02  -1.2593E-03  -7.1502E-02  -5.4898E-02  -1.3735E-01  -5.7298E-02
  -8.9134E-02  -6.2520E-02  -8.6004E-02  -1.6714E-03  -5.9915E-02   1.1191E-02
   1.3672E-02   4.7139E-02   2.2177E-02   1.3979E-02   1.5661E-03  -2.1131E-01
  -2.4748E-01   3.6795E-02   2.0728E-02   1.3589E-02   1.1234E-02   2.4662E-02
   2.2088E-02   4.9897E-02   4.0440E-02   4.0479E-02   3.7842E-02   8.4279E-03
   1.0559E-02   1.4758E-02   1.8411E-02  -5.0028E-03  -1.2320E-03   8.1796E-01
   9.9954E-01   7.7968E-01   8.8407E-01   1.0058E+00   9.6379E-01  -4.3387E-01
  -2.6471E-01  -2.3343E-01  -3.6181E-01  -2.7624E-01  -2.0701E-01  -2.2183E-01
  -3.1699E-01  -4.9997E-02   2.0980E-02  -2.2446E-01   1.9483E-02   1.0269E-03
  -1.1671E-01  -2.7106E-02  -1.6974E-02  -3.8041E-02  -1.7636E-02   6.0700E-03
  -1.0250E-01   2.6528E-02   3.6314E-02  -3.7251E-02  -3.0346E-02   7.7011E-03
   4.9440E-03  -9.7577E-02   1.3341E-02   1.5000E-02   6.0659E-03   2.2922E-02
   3.1628E-03  -1.8837E-02   1.1795E-02  -1.5987E-02  -4.1561E-01  -1.6138E-01
  -2.1689E-01  -3.3729E-01  -7.4806E-02  -4.8024E-02  -6.0014E-02  -2.4590E-01
  -3.5991E-02  -4.8804E-02  -1.6897E-01   5.6594E-02   4.5665E-02  -8.8797E-02
  -1.0146E-02   1.0306E-02   2.8953E-03   5.0487E-03   1.2399E-02  -3.5445E-02
  -2.1903E-02  -1.5891E-02   7.3347E-02  -5.6256E-03  -2.3818E-02  -3.4473E-03
  -6.4096E-02  -1.2236E-02  -2.4229E-02  -3.7058E-03   6.2260E-03   7.1243E-03
  -2.5279E-03   4.4246E-03  -1.6086E-03  -3.7576E-01  -2.1633E-01  -1.7938E-01
  -3.4460E-01  -1.3135E-01  -1.1234E-01  -1.3453E-01  -2.4637E-01  -5.9872E-03
   4.2655E-02  -1.6230E-01  -2.6818E-02  -3.6133E-02  -1.0257E-01  -1.2926E-03
  -1.4876E-02  -1.6508E-02  -1.6187E-02   8.0297E-03  -1.2232E-01   6.9612E-02
   8.0267E-02  -7.4533E-02  -3.5655E-03   2.3615E-02   1.5915E-02  -1.0068E-01
   2.3820E-02   3.4761E-02   1.2505E-02   1.4957E-02  -3.3222E-03  -1.0232E-02
   8.9127E-03  -7.6002E-03  -5.6917E-01  -1.4358E-01  -2.1146E-01  -4.2601E-01
  -8.5340E-02  -3.9092E-02  -4.4518E-02  -2.3806E-01  -8.9968E-04  -2.8342E-02
  -1.1191E-01   1.5371E-02   7.9241E-03  -6.3497E-02   1.2288E-02   4.9315E-03
   2.6515E-02   4.8624E-03   1.0610E-02  -5.0901E-02   1.5203E-02   2.5928E-02
   3.2504E-02   1.6697E-02  -1.0462E-02   7.6188E-03  -6.3232E-02  -5.2770E-03
  -7.5851E-03  -9.8661E-05   1.1665E-03  -6.6861E-05   3.6144E-03   4.8646E-03
   9.6219E-03
  > E    =  -8.412676064212E+02 +/-   2.357628946981E-04
  > varE =   5.577979869810E-03
* Computing derivatives.
    [walltime: 2m5s elapsed, 1h39m remaining]
    [walltime: 1h1m elapsed, 39m11s remaining]
  Done. [total walltime: 1h41m]
* Optimizing manipulation constant:
  #igrid a___________ E____________________________________ varE____________
     1     Infinity    -8.41267606E+02 +/-   2.35762895E-04   5.57797987E-03
     2     1.0000E+06  -8.41267606E+02 +/-   2.35762887E-04   5.57797951E-03
     3     2.1544E+05  -8.41267606E+02 +/-   2.35762859E-04   5.57797820E-03
     4     4.6416E+04  -8.41267606E+02 +/-   2.35762731E-04   5.57797212E-03
     5     1.0000E+04  -8.41267606E+02 +/-   2.35762135E-04   5.57794391E-03
     6     2.1544E+03  -8.41267607E+02 +/-   2.35759380E-04   5.57781356E-03
     7     4.6416E+02  -8.41267607E+02 +/-   2.35746862E-04   5.57722125E-03
     8     1.0000E+02  -8.41267609E+02 +/-   2.35694464E-04   5.57474228E-03
     9     2.1544E+01  -8.41267614E+02 +/-   2.35582969E-04   5.56946930E-03
    10     4.6416E+00  -8.41267221E+02 +/-   2.42827622E-04   5.91728115E-03
    11     1.0000E+00  -8.41225953E+02 +/-   6.37462029E-04   4.07788218E-02
    12     2.1544E-01  -8.40496543E+02 +/-   2.39254796E-03   5.74443522E-01
    13     4.6416E-02  -8.38640366E+02 +/-   3.65899913E-03   1.34354013E+00
    14     1.0000E-02  -8.39969228E+02 +/-   2.76399375E-03   7.66655306E-01
    15     2.1544E-03  -8.39443320E+02 +/-   3.28022487E-03   1.07977500E+00
    16     4.6416E-04  -8.38420660E+02 +/-   3.59785311E-03   1.29901118E+00
    17     1.0000E-04  -8.38196241E+02 +/-   3.59741816E-03   1.29869712E+00
    18     2.1544E-05  -8.38148351E+02 +/-   3.59580903E-03   1.29753556E+00
    19     4.6416E-06  -8.38138049E+02 +/-   3.59538547E-03   1.29722990E+00
    20     1.0000E-06  -8.38135830E+02 +/-   3.59529049E-03   1.29716136E+00
    21     0.0000E+00  -8.38135221E+02 +/-   3.59526417E-03   1.29714237E+00
  ParMin   4.5585E+01  -8.41267612E+02 +/-   2.35632833E-04   5.57182721E-03
  # Using grid point #9
* Iteration # 1: E =  -8.412676139761E+02 +/-   2.355829691432E-04
* Convergence: exiting.
* After optimization:
  -2.1917E+00  -2.6370E+00  -2.5710E+00  -2.3007E+00  -2.4605E+00  -2.8008E+00
   5.4458E-01   5.1595E-01   2.6642E-01   3.0615E-01   8.5786E-01   4.0998E-01
   3.7809E-01   4.7402E-01   4.7533E-01   4.7952E-01   5.0498E-01   4.1878E-01
   4.2036E-01   2.5787E-02  -1.0368E-02   4.0641E-01   2.4725E-01   2.4597E-01
   1.5371E-01   1.6173E-01   1.8749E-01   1.9678E-01   3.1077E-02   3.2670E-02
   1.7897E-01   1.8446E-01   2.0048E-02   9.7636E-02   9.1184E-02   8.6662E-02
   7.9835E-02   2.0931E-01   2.1533E-01   1.7513E-01   1.7764E-01   1.8307E-01
   8.2980E-02   6.2816E-02  -3.6310E-02  -2.9862E-02  -6.6009E-02  -6.7515E-02
  -2.5682E-02  -2.5122E-02   4.8939E-01   4.8353E-01  -5.6741E-02  -5.8602E-02
  -1.9735E-02  -2.6309E-02  -4.7882E-02  -4.5732E-02  -8.8584E-02  -8.8577E-02
  -7.7930E-02  -7.8091E-02  -2.2359E-02  -2.1300E-02  -3.0951E-02  -2.9086E-02
  -1.8566E-03  -1.8064E-01  -5.3144E-01  -9.1196E-02  -1.9353E-01  -1.1573E-01
  -2.0161E-01  -4.5027E-01  -4.3028E-01  -2.4535E-01  -2.8744E-01  -2.6112E-01
  -2.8832E-01  -2.7132E-01  -2.6802E-01  -2.0061E-01  -2.4601E-01   1.7811E-02
  -5.5264E-02   2.1903E-02  -1.5350E-02  -2.2491E-01  -2.0658E-01  -1.2037E-01
  -1.2593E-01  -7.4075E-02  -8.2277E-02  -9.5563E-02  -1.0420E-01   1.1433E-03
  -3.7665E-02  -7.9533E-02  -9.5078E-02   1.2028E-02  -3.8902E-02  -2.3115E-02
  -6.3573E-02  -1.4002E-03  -7.1792E-02  -5.5235E-02  -1.3778E-01  -5.7368E-02
  -8.9360E-02  -6.2385E-02  -8.5816E-02  -1.0520E-03  -5.9612E-02   1.1501E-02
   1.3779E-02   4.7296E-02   2.2228E-02   1.4239E-02   1.7549E-03  -2.1090E-01
  -2.4782E-01   3.6890E-02   2.0831E-02   1.3911E-02   1.1312E-02   2.4686E-02
   2.2030E-02   4.9927E-02   4.0444E-02   4.0468E-02   3.7820E-02   8.4742E-03
   1.0592E-02   1.4804E-02   1.8314E-02  -4.9305E-03  -1.1498E-03   7.9451E-01
   9.7212E-01   7.5612E-01   8.5592E-01   9.7549E-01   9.3189E-01  -4.2157E-01
  -2.5611E-01  -2.2662E-01  -3.5089E-01  -2.7001E-01  -2.0116E-01  -2.1630E-01
  -3.0877E-01  -4.6622E-02   2.3069E-02  -2.1526E-01   1.8581E-02   8.7223E-04
  -1.1340E-01  -2.5779E-02  -1.7351E-02  -3.6799E-02  -1.7945E-02   5.9036E-03
  -1.0145E-01   2.5008E-02   3.4654E-02  -3.7204E-02  -2.9619E-02   6.6681E-03
   4.5486E-03  -9.6719E-02   1.2585E-02   1.3993E-02   4.9146E-03   2.2866E-02
   3.1212E-03  -1.8765E-02   1.1543E-02  -1.6261E-02  -4.0396E-01  -1.5657E-01
  -2.1159E-01  -3.2850E-01  -7.3376E-02  -4.7246E-02  -5.8735E-02  -2.3990E-01
  -3.3227E-02  -4.6850E-02  -1.6229E-01   5.4552E-02   4.4143E-02  -8.6410E-02
  -1.0351E-02   9.6574E-03   2.8290E-03   5.3879E-03   1.2470E-02  -3.6107E-02
  -2.1800E-02  -1.6015E-02   7.2054E-02  -5.1189E-03  -2.3461E-02  -2.9586E-03
  -6.3282E-02  -1.2265E-02  -2.4364E-02  -3.8482E-03   6.6575E-03   6.9356E-03
  -2.8778E-03   4.7118E-03  -1.8256E-03  -3.7304E-01  -2.1701E-01  -1.7944E-01
  -3.4257E-01  -1.3218E-01  -1.1284E-01  -1.3538E-01  -2.4649E-01  -5.8361E-03
   4.3625E-02  -1.6021E-01  -2.7328E-02  -3.6539E-02  -1.0100E-01   8.3371E-06
  -1.5108E-02  -1.5786E-02  -1.7439E-02   7.1523E-03  -1.2275E-01   6.9131E-02
   8.0166E-02  -7.5993E-02  -4.7019E-03   2.3641E-02   1.5274E-02  -1.0173E-01
   2.4161E-02   3.5495E-02   1.2365E-02   1.5227E-02  -3.1697E-03  -1.0341E-02
   8.7939E-03  -7.8699E-03  -5.6891E-01  -1.4465E-01  -2.1259E-01  -4.2538E-01
  -8.5651E-02  -3.9869E-02  -4.4766E-02  -2.3818E-01  -7.0271E-04  -2.9335E-02
  -1.1029E-01   1.4723E-02   7.4082E-03  -6.1867E-02   1.2262E-02   5.3491E-03
   2.6910E-02   4.8095E-03   1.0199E-02  -5.1039E-02   1.5025E-02   2.5849E-02
   3.2631E-02   1.5863E-02  -9.9555E-03   7.6115E-03  -6.3298E-02  -5.0108E-03
  -7.0831E-03   3.8793E-04   1.4739E-03   1.4288E-04   3.5593E-03   4.9981E-03
   9.4792E-03
  > Energy =  -8.412676139761E+02 +/-   2.355829691432E-04
  > varE =   5.569469301074E-03

VMC #4:
* Size of Hilbert space =   4.9763E+11
* Number of equil. steps   = 1000
* Running VMC equilibration.
  Done. [total walltime: 0.23s]
* Equil. acc.ratio (%)     =  13.3906
* Sample config after equilibration:
  +---------------------+
  |  d   d   u   2   d  |
  |u   u   d   0   u   0|
  |d   d   d   u   d   u|
  |  u   u   u   2   d  |
  +---------------------+
* Number of accum. steps   = 501760 x 10
* Running VMC accumulation.
    [walltime: 1m elapsed, 52.6s remaining]
  Done. [total walltime: 1m52s]
* Acceptance ratio (%)     =  13.3433
* Etot/t                   =  -8.412675937235E+02 +/-   1.051160005297E-04
  > Ttot/t                 =  -7.559994159079E+01 +/-   9.389363288718E-04
  > Utot/t                 =   3.303348975379E+01 +/-   9.298212431827E-04
* var[Eloc/t]              =   5.603196305287E-03 +/-   6.198324171396E-05
* Correlation length       =   9.894591192401E-01
* log10 Psi^2 range: -22.444339264899668 -- -11.503923431143496
* log10 Pgen range : -22.444339264899668 -- -11.503923431143496
* Site occupation (ave. no. electrons per config.):
  > Site_  ___eu____  ___ed____
      1        0.501      0.496
      2        0.497      0.498
      3        0.502      0.503
      4        0.500      0.501
      5        0.501      0.507
      6        0.505      0.500
      7        0.502      0.503
      8        0.503      0.501
      9        0.496      0.498
     10        0.500      0.500
     11        0.504      0.504
     12        0.504      0.498
     13        0.500      0.497
     14        0.498      0.498
     15        0.499      0.501
     16        0.496      0.499
     17        0.503      0.504
     18        0.503      0.504
     19        0.497      0.497
     20        0.495      0.495
     21        0.499      0.496
     22        0.496      0.500
* Pair-correlation analysis (ave. no. pairs per config.):
  > Shell  nsite  ___dh____  __eueu___  __eued___
      0      1        0          0          3.823
      1      0        0.910      0.510      2.601
      2      0        0.282      0.698      1.064
      3      0        0.264      0.719      1.056
      4      0        0.229      0.753      1.069
      5      0        0.746      0.885      2.408
      6      0        0.650      1.138      2.290
      7      0        0.545      1.361      2.186
      8      0        0.452      1.548      2.093
      9      0        0.071      0.413      0.579
     10      0        0.141      0.829      1.140
     11      0        0.139      0.853      1.095
     12      0        0.230      2.104      1.933
     13      0        0.224      2.085      1.923
     14      0        0.267      1.895      2.053
     15      0        0.306      1.867      2.051
     16      0        0.238      2.054      1.941
     17      0        0.156      0.929      1.032
     18      0        0.248      2.095      1.921
     19      0        0.249      2.122      1.909
     20      0        0.236      2.096      1.915
     21      0        0.139      1.043      0.954
     22      0        0.273      2.075      1.910
     23      0        0.239      2.127      1.891
     24      0        0.218      1.966      2.055
     25      0        0.251      2.054      1.950
     26      0        0.223      1.958      2.092
     27      0        0.211      2.147      1.886
     28      0        0.252      2.042      1.958
     29      0        0.223      2.061      1.959
     30      0        0.250      2.015      1.970
     31      0        0.287      1.929      2.019
     32      0        0.281      2.014      1.946
     33      0        0.222      2.000      2.028
     34      0        0.259      1.953      2.025
     35      0        0.109      1.000      1.019
     36      0        0.262      2.013      1.958
     37      0        0.256      1.901      2.092
     38      0        0.255      1.935      2.064
     39      0        0.254      1.970      2.007
     40      0        0.248      2.010      1.979
     41      0        0.140      0.978      0.994
     42      0        0.257      1.976      1.994
     43      0        0.226      2.033      1.998
     44      0        0.226      1.990      2.040
     45      0        0.256      1.994      1.977
     46      0        0.222      2.031      1.998
     47      0        0.138      0.992      0.982
     48      0        0.255      1.977      2.007
     49      0        0.106      1.026      1.001
     50      0        0.244      1.988      1.987
     51      0        0.220      2.017      2.009
     52      0        0.249      1.986      1.992
     53      0        0.214      2.018      2.010
     54      0        0.216      2.008      2.016
     55      0        0.255      2.002      1.980
     56      0        0.245      1.984      1.988
     57      0        0.244      1.996      1.987
     58      0        0.108      1.001      0.999
     59      0        0.222      2.005      2.016
     60      0        0.218      2.006      2.002
     61      0        0.108      1.002      0.999
     62      0        0.112      1.004      1.000
     63      0        0.219      1.998      2.009
     64      0        0.111      1.001      1.004
     65      0        0.247      1.964      2.025
     66      0        0.121      0.928      1.070
     67      0        0.059      0.465      0.536
     68      0        0.059      0.459      0.535

VDAGGER finished.
Total VDAGGER walltime: 13h1m

Run ended: Wed Sep  3 07:22:17 CEST 2025
