Run started: Wed Sep  3 08:46:39 CEST 2025
Using VDAGGER_ARCH = gnu7_fkfamd_cluster
Running 8x128 MPI processes.

                               xx
                              +##
                               #X
                               Xx
                          X##XxXxxX##x
                           +   Xx  ++
                               ##
                              +##
                              +##
     ++++         ++          +##
   xX+++##+      ####         +##
  Xx    ###      +X##          ##
 xX    X##+        ##          #X
 +    x##X         #x          #X
      ###         +#           x+
     X##+         #+
     ###         Xx                    _______
     ##X       +X+   __________________VDAGGER
     +##x    +xX     2nd quantized variational
       +xxxxx+       ______quantum Monte Carlo

* Running 1024 MPI processes.
* Input file: "input.casl"

############# Start of input file dump #############
General:
  Random seed: timer

Plan:
  VMC-optimization:
    Minimum cycles: 5
    Convergence cycles: 3

System:
  Read Hamiltonian: FCIDUMP_loc
  Read orbitals: LTSC.mat
  Complex orbitals: F
  Geometry:
    r_14: [ 2.30715201389900, -1.36612962809100 ]
    r_19: [ -2.30715201389900, -1.36612962809100 ]
    r_9: [ 2.30715201389900, 1.36612962809100 ]
    r_1: [ -2.30715201389900, 1.36612962809100 ]
    r_11: [ 0.00000000000000, -2.64819012780300 ]
    r_5: [ 0.00000000000000, 2.64819012780300 ]
    r_21: [ 6.92052984475300, 1.36731216695600 ]
    r_20: [ -6.92052984475300, 1.36731216695600 ]
    r_22: [ 6.92052984475300, -1.36731216695600 ]
    r_2: [ -6.92052984475300, -1.36731216695600 ]
    r_17: [ 4.65052830966800, 2.64933873056800 ]
    r_18: [ -4.65052830966800, 2.64933873056800 ]
    r_12: [ 4.65052830966800, -2.64933873056800 ]
    r_6: [ -4.65052830966800, -2.64933873056800 ]
    r_7: [ 11.51783390367000, 1.35551508476500 ]
    r_16: [ -11.51783390367000, 1.35551508476500 ]
    r_4: [ 11.51783390367000, -1.35551508476500 ]
    r_3: [ -11.51783390367000, -1.35551508476500 ]
    r_15: [ 9.31130451375400, 2.65735609478700 ]
    r_8: [ -9.31130451375400, 2.65735609478700 ]
    r_13: [ 9.31130451375400, -2.65735609478700 ]
    r_10: [ -9.31130451375400, -2.65735609478700 ]
    Tolerance: 0.05

VMC:
  nstep: 500000
  nconfig: 100000

Optimization:
  max_niter: 3

Jastrow: wfn.casl

Backflow: wfn.casl
############## End of input file dump ##############

General setup:
* Random seed: 25211276 (from timer)

* Loaded integrals for system with nelec=22, ms2=0, norb=22
* INFO: setting number of electrons from integrals file.
* Analysis of Hamiltonian connecitivity performed:
  - T_ii (local, 1-site): 22 (i) values
  - U_iiii [opp] (local, 1-site): 22 (i) values
  - U_kkii [opp] (local, 2-site): 462 contribs. from 22 (i) values
  - U_kkii [par] (local, 2-site): 231 contribs. from 21 (i) values
  - T_ji (single, 2-site): 462 contribs. from 22 (i) values
  - U_kkji [opp] (single, 2/3-site): 10164 contribs. from 462 (i,j) pairs
  - U_kkji [par] (single, 3-site): 9702 contribs. from 462 (i,j) pairs
  - U_lkji [opp] (double, 2/3/4-site): 212836 contribs. from 462 (i,j) pairs
  - U_lkji [par] (double, 4-site): 50050 contribs. from 420 (i,j) pairs
  - Max. no. wfn. ratios in Eloc: 18543
* Reading override orbitals from file "LTSC.mat".
* Site labels:
  +--------------------------------+
  |    8    18     5    17    15   |
  |16    20     1     9    21     7|
  | 3     2    19    14    22     4|
  |   10     6    11    12    13   |
  +--------------------------------+
* Automatically set Site kinds:
  [ 1, 2, 3, 3, 4, 5, 3, 6, 1, 6, 4, 5, 6, 1, 6, 3, 5, 5, 1, 2, 2, 2 ]
  +---------------------+
  |  6   5   4   5   6  |
  |3   2   1   1   2   3|
  |3   2   1   1   2   3|
  |  6   5   4   5   6  |
  +---------------------+
* Maximum Site kind: 6
* Number of site-pair kinds with Tij=0: 0
* Automatically set Site pair kinds:
  Site 1: [ 0, -15, -34, -48, -6, -18, -55, -65, 21, 30, -19, -28, 45, -17, -42, -36, 38, 7, 2, -22, -32, 31 ]
  Site 2: [ -15, 0, -20, -57, 25, 5, -52, -16, 31, -8, 37, -39, 56, -32, -50, -14, 40, -23, -22, 3, -41, 47 ]
  Site 3: [ -34, -20, 0, -62, 43, 67, -64, 27, 48, 1, 44, -59, 63, -55, -60, 4, 51, 29, -36, -14, -52, 57 ]
  Site 4: [ -48, -57, -62, 0, -43, 59, 4, 60, 34, 63, -44, -66, 1, -36, -27, -64, -29, -51, -55, -52, -14, 20 ]
  Site 5: [ -6, 25, 43, -43, 0, -26, -44, 46, -6, -33, 9, -26, 33, 19, 46, 44, -12, -12, -19, 37, -37, 25 ]
  Site 6: [ -18, 5, 67, 59, -26, 0, 51, 24, -28, -13, 12, -49, -53, 38, 54, -29, -35, -10, -7, 23, 40, -39 ]
  Site 7: [ -55, -52, -64, 4, -44, 51, 0, 63, 36, 60, -43, 29, 27, -34, -1, -62, 66, -59, -48, -57, -20, 14 ]
  Site 8: [ -65, -16, 27, 60, 46, 24, 63, 0, -42, 11, -33, 54, -58, 45, 61, 1, -53, 13, 30, -8, 56, -50 ]
  Site 9: [ 21, 31, 48, 34, -6, -28, 36, -42, 0, -45, -19, -18, -30, -2, -65, 55, 7, 38, 17, 32, 22, -15 ]
  Site 10: [ 30, -8, 1, 63, -33, -13, 60, 11, -45, 0, 46, 53, -61, 42, 58, 27, -54, -24, -65, -16, 50, -56 ]
  Site 11: [ -19, 37, 44, -44, 9, 12, -43, -33, -19, 46, 0, 12, -46, 6, -33, 43, 26, 26, -6, 25, -25, 37 ]
  Site 12: [ -28, -39, -59, -66, -26, -49, 29, 54, -18, 53, 12, 0, 13, 7, 24, -51, -10, -35, -38, -40, -23, 5 ]
  Site 13: [ 45, 56, 63, 1, 33, -53, 27, -58, -30, -61, -46, 13, 0, -65, -11, 60, 24, 54, 42, 50, -16, 8 ]
  Site 14: [ -17, -32, -55, -36, 19, 38, -34, 45, -2, 42, 6, 7, -65, 0, -30, -48, -18, -28, -21, -31, -15, 22 ]
  Site 15: [ -42, -50, -60, -27, 46, 54, -1, 61, -65, 58, -33, 24, -11, -30, 0, -63, 13, -53, -45, -56, 8, -16 ]
  Site 16: [ -36, -14, 4, -64, 44, -29, -62, 1, 55, 27, 43, -51, 60, -48, -63, 0, 59, -68, -34, -20, -57, 52 ]
  Site 17: [ 38, 40, 51, -29, -12, -35, 66, -53, 7, -54, 26, -10, 24, -18, 13, 59, 0, -49, 28, 39, 5, -23 ]
  Site 18: [ 7, -23, 29, -51, -12, -10, -59, 13, 38, -24, 26, -35, 54, -28, -53, -68, -49, 0, 18, -5, -39, 40 ]
  Site 19: [ 2, -22, -36, -55, -19, -7, -48, 30, 17, -65, -6, -38, 42, -21, -45, -34, 28, 18, 0, -15, -31, 32 ]
  Site 20: [ -22, 3, -14, -52, 37, 23, -57, -8, 32, -16, 25, -40, 50, -31, -56, -20, 39, -5, -15, 0, -47, 41 ]
  Site 21: [ -32, -41, -52, -14, -37, 40, -20, 56, 22, 50, -25, -23, -16, -15, 8, -57, 5, -39, -31, -47, 0, -3 ]
  Site 22: [ 31, 47, 57, 20, 25, -39, 14, -50, -15, -56, 37, 5, 8, 22, -16, 52, -23, 40, 32, 41, -3, 0 ]
  For site 1 of kind 1:
  +-------------------------------------------+
  |    -65       7      -6      38     -42    |
  |-36     -22       0      21     -32     -55|
  |-34     -15       2     -17      31     -48|
  |     30     -18     -19     -28      45    |
  +-------------------------------------------+
  For site 2 of kind 2:
  +-------------------------------------------+
  |    -16     -23      25      40     -50    |
  |-14       3     -15      31     -41     -52|
  |-20       0     -22     -32      47     -57|
  |     -8       5      37     -39      56    |
  +-------------------------------------------+
  For site 3 of kind 3:
  +-------------------------------------------+
  |     27      29      43      51     -60    |
  |  4     -14     -34      48     -52     -64|
  |  0     -20     -36     -55      57     -62|
  |      1      67      44     -59      63    |
  +-------------------------------------------+
  For site 5 of kind 4:
  +-------------------------------------------+
  |     46     -12       0     -12      46    |
  | 44      37      -6      -6     -37     -44|
  | 43      25     -19      19      25     -43|
  |    -33     -26       9     -26      33    |
  +-------------------------------------------+
  For site 6 of kind 5:
  +-------------------------------------------+
  |     24     -10     -26     -35      54    |
  |-29      23     -18     -28      40      51|
  | 67       5      -7      38     -39      59|
  |    -13       0      12     -49     -53    |
  +-------------------------------------------+
  For site 8 of kind 6:
  +-------------------------------------------+
  |      0      13      46     -53      61    |
  |  1      -8     -65     -42      56      63|
  | 27     -16      30      45     -50      60|
  |     11      24     -33      54     -58    |
  +-------------------------------------------+
* Maximum (unsigned) Site pair kind: 68
General system setup:
* Number of sites       : 22
* Number of electrons   : 22
* Spin imbalance MS2    : 0
* Filling               : 0.500000
* Number of orbitals in pool: 22
* Using real-valued orbitals
* Using double-precision arithmetic for orbitals

Trial wave function setup:
* Jastrow parameter file: "wfn.casl"
* Not using multideterminants
* Backflow parameter file: "wfn.casl"
* Not using wave function manipulation

VMC #1:
* Size of Hilbert space =   4.9763E+11
* Number of equil. steps   = 1000
* Running VMC equilibration.
  Done. [total walltime: 0.22s]
* Equil. acc.ratio (%)     =  13.3952
* Sample config after equilibration:
  +---------------------+
  |  u   0   u   0   2  |
  |0   d   u   d   d   0|
  |2   u   2   2   u   2|
  |  d   d   0   2   0  |
  +---------------------+
* Number of accum. steps   = 501760 x 10
* Running VMC accumulation.
    [walltime: 1m elapsed, 51.6s remaining]
  Done. [total walltime: 1m51s]
* Acceptance ratio (%)     =  13.3419
* Etot/t                   =  -8.412676080144E+02 +/-   1.062743145468E-04
  > Ttot/t                 =  -7.559992652145E+01 +/-   9.492800630107E-04
  > Utot/t                 =   3.303346039354E+01 +/-   9.409447761325E-04
* var[Eloc/t]              =   5.556682979759E-03 +/-   4.821065390306E-05
* Correlation length       =   1.019851740961E+00
* log10 Psi^2 range: -23.202667774069131 -- -11.503923431143420
* log10 Pgen range : -23.202667774069131 -- -11.503923431143420
* Site occupation (ave. no. electrons per config.):
  > Site_  ___eu____  ___ed____
      1        0.497      0.493
      2        0.497      0.498
      3        0.504      0.503
      4        0.501      0.502
      5        0.502      0.504
      6        0.502      0.505
      7        0.501      0.501
      8        0.500      0.499
      9        0.499      0.496
     10        0.496      0.499
     11        0.503      0.503
     12        0.503      0.502
     13        0.502      0.498
     14        0.497      0.498
     15        0.498      0.498
     16        0.501      0.499
     17        0.503      0.504
     18        0.505      0.506
     19        0.496      0.497
     20        0.499      0.498
     21        0.498      0.498
     22        0.497      0.499
* Pair-correlation analysis (ave. no. pairs per config.):
  > Shell  nsite  ___dh____  __eueu___  __eued___
      0      1        0          0          3.833
      1      0        0.911      0.507      2.598
      2      0        0.281      0.696      1.058
      3      0        0.264      0.722      1.062
      4      0        0.230      0.756      1.070
      5      0        0.748      0.893      2.417
      6      0        0.654      1.132      2.278
      7      0        0.549      1.358      2.186
      8      0        0.455      1.546      2.090
      9      0        0.072      0.411      0.576
     10      0        0.140      0.833      1.147
     11      0        0.139      0.850      1.090
     12      0        0.230      2.108      1.931
     13      0        0.227      2.086      1.919
     14      0        0.267      1.896      2.065
     15      0        0.309      1.866      2.052
     16      0        0.237      2.058      1.937
     17      0        0.159      0.923      1.029
     18      0        0.250      2.091      1.923
     19      0        0.254      2.113      1.896
     20      0        0.237      2.103      1.922
     21      0        0.141      1.038      0.950
     22      0        0.276      2.079      1.906
     23      0        0.241      2.142      1.892
     24      0        0.220      1.956      2.061
     25      0        0.251      2.053      1.955
     26      0        0.221      1.962      2.093
     27      0        0.211      2.144      1.886
     28      0        0.254      2.042      1.959
     29      0        0.224      2.079      1.955
     30      0        0.251      2.007      1.960
     31      0        0.290      1.931      2.016
     32      0        0.285      2.014      1.944
     33      0        0.221      1.989      2.025
     34      0        0.262      1.948      2.023
     35      0        0.109      1.006      1.022
     36      0        0.266      2.013      1.951
     37      0        0.259      1.899      2.096
     38      0        0.260      1.931      2.062
     39      0        0.253      1.985      2.017
     40      0        0.252      2.015      1.989
     41      0        0.141      0.982      0.998
     42      0        0.259      1.966      1.985
     43      0        0.227      2.034      1.996
     44      0        0.228      1.986      2.041
     45      0        0.257      1.988      1.965
     46      0        0.223      2.025      1.986
     47      0        0.139      0.997      0.986
     48      0        0.258      1.975      2.003
     49      0        0.109      1.025      1.007
     50      0        0.246      1.986      1.987
     51      0        0.222      2.023      2.013
     52      0        0.248      1.995      2.001
     53      0        0.217      2.018      2.007
     54      0        0.215      2.010      2.016
     55      0        0.255      1.999      1.983
     56      0        0.247      1.985      1.989
     57      0        0.249      2.001      1.996
     58      0        0.107      0.998      0.994
     59      0        0.223      2.012      2.023
     60      0        0.219      1.996      2.003
     61      0        0.109      0.995      0.995
     62      0        0.112      1.005      1.004
     63      0        0.219      2.001      2.001
     64      0        0.111      1.006      1.004
     65      0        0.247      1.955      2.020
     66      0        0.120      0.928      1.074
     67      0        0.059      0.465      0.541
     68      0        0.060      0.462      0.539

Optimization #1:
* Method          : lls
* Target function : energy
* No. of configs. : 100352
* No. of params.  : 362
* Before optimization:
  -2.1917E+00  -2.6370E+00  -2.5710E+00  -2.3007E+00  -2.4605E+00  -2.8008E+00
   5.4458E-01   5.1595E-01   2.6642E-01   3.0615E-01   8.5786E-01   4.0998E-01
   3.7809E-01   4.7402E-01   4.7533E-01   4.7952E-01   5.0498E-01   4.1878E-01
   4.2036E-01   2.5787E-02  -1.0368E-02   4.0641E-01   2.4725E-01   2.4597E-01
   1.5371E-01   1.6173E-01   1.8749E-01   1.9678E-01   3.1077E-02   3.2670E-02
   1.7897E-01   1.8446E-01   2.0048E-02   9.7636E-02   9.1184E-02   8.6662E-02
   7.9835E-02   2.0931E-01   2.1533E-01   1.7513E-01   1.7764E-01   1.8307E-01
   8.2980E-02   6.2816E-02  -3.6310E-02  -2.9862E-02  -6.6009E-02  -6.7515E-02
  -2.5682E-02  -2.5122E-02   4.8939E-01   4.8353E-01  -5.6741E-02  -5.8602E-02
  -1.9735E-02  -2.6309E-02  -4.7882E-02  -4.5732E-02  -8.8584E-02  -8.8577E-02
  -7.7930E-02  -7.8091E-02  -2.2359E-02  -2.1300E-02  -3.0951E-02  -2.9086E-02
  -1.8566E-03   0.0000E+00   0.0000E+00   0.0000E+00   0.0000E+00   0.0000E+00
   0.0000E+00   0.0000E+00   0.0000E+00   0.0000E+00   0.0000E+00   0.0000E+00
   0.0000E+00   0.0000E+00   0.0000E+00   0.0000E+00   0.0000E+00   0.0000E+00
   0.0000E+00   0.0000E+00  -1.8064E-01  -5.3144E-01  -9.1196E-02  -1.9353E-01
  -1.1573E-01  -2.0161E-01  -4.5027E-01  -4.3028E-01  -2.4535E-01  -2.8744E-01
  -2.6112E-01  -2.8832E-01  -2.7132E-01  -2.6802E-01  -2.0061E-01  -2.4601E-01
   1.7811E-02  -5.5264E-02   2.1903E-02  -1.5350E-02  -2.2491E-01  -2.0658E-01
  -1.2037E-01  -1.2593E-01  -7.4075E-02  -8.2277E-02  -9.5563E-02  -1.0420E-01
   1.1433E-03  -3.7665E-02  -7.9533E-02  -9.5078E-02   1.2028E-02  -3.8902E-02
  -2.3115E-02  -6.3573E-02  -1.4002E-03  -7.1792E-02  -5.5235E-02  -1.3778E-01
  -5.7368E-02  -8.9360E-02  -6.2385E-02  -8.5816E-02  -1.0520E-03  -5.9612E-02
   1.1501E-02   1.3779E-02   4.7296E-02   2.2228E-02   1.4239E-02   1.7549E-03
  -2.1090E-01  -2.4782E-01   3.6890E-02   2.0831E-02   1.3911E-02   1.1312E-02
   2.4686E-02   2.2030E-02   4.9927E-02   4.0444E-02   4.0468E-02   3.7820E-02
   8.4742E-03   1.0592E-02   1.4804E-02   1.8314E-02  -4.9305E-03  -1.1498E-03
   0.0000E+00   0.0000E+00   0.0000E+00   0.0000E+00   0.0000E+00   0.0000E+00
   0.0000E+00   0.0000E+00   0.0000E+00   0.0000E+00   0.0000E+00   0.0000E+00
   0.0000E+00   0.0000E+00   0.0000E+00   0.0000E+00   0.0000E+00   0.0000E+00
   0.0000E+00   0.0000E+00   7.9451E-01   9.7212E-01   7.5612E-01   8.5592E-01
   9.7549E-01   9.3189E-01  -4.2157E-01  -2.5611E-01  -2.2662E-01  -3.5089E-01
  -2.7001E-01  -2.0116E-01  -2.1630E-01  -3.0877E-01  -4.6622E-02   2.3069E-02
  -2.1526E-01   1.8581E-02   8.7223E-04  -1.1340E-01  -2.5779E-02  -1.7351E-02
  -3.6799E-02  -1.7945E-02   5.9036E-03  -1.0145E-01   2.5008E-02   3.4654E-02
  -3.7204E-02  -2.9619E-02   6.6681E-03   4.5486E-03  -9.6719E-02   1.2585E-02
   1.3993E-02   4.9146E-03   2.2866E-02   3.1212E-03  -1.8765E-02   1.1543E-02
  -1.6261E-02   0.0000E+00   0.0000E+00   0.0000E+00   0.0000E+00   0.0000E+00
   0.0000E+00   0.0000E+00   0.0000E+00   0.0000E+00   0.0000E+00  -4.0396E-01
  -1.5657E-01  -2.1159E-01  -3.2850E-01  -7.3376E-02  -4.7246E-02  -5.8735E-02
  -2.3990E-01  -3.3227E-02  -4.6850E-02  -1.6229E-01   5.4552E-02   4.4143E-02
  -8.6410E-02  -1.0351E-02   9.6574E-03   2.8290E-03   5.3879E-03   1.2470E-02
  -3.6107E-02  -2.1800E-02  -1.6015E-02   7.2054E-02  -5.1189E-03  -2.3461E-02
  -2.9586E-03  -6.3282E-02  -1.2265E-02  -2.4364E-02  -3.8482E-03   6.6575E-03
   6.9356E-03  -2.8778E-03   4.7118E-03  -1.8256E-03   0.0000E+00   0.0000E+00
   0.0000E+00   0.0000E+00   0.0000E+00   0.0000E+00   0.0000E+00   0.0000E+00
   0.0000E+00   0.0000E+00  -3.7304E-01  -2.1701E-01  -1.7944E-01  -3.4257E-01
  -1.3218E-01  -1.1284E-01  -1.3538E-01  -2.4649E-01  -5.8361E-03   4.3625E-02
  -1.6021E-01  -2.7328E-02  -3.6539E-02  -1.0100E-01   8.3371E-06  -1.5108E-02
  -1.5786E-02  -1.7439E-02   7.1523E-03  -1.2275E-01   6.9131E-02   8.0166E-02
  -7.5993E-02  -4.7019E-03   2.3641E-02   1.5274E-02  -1.0173E-01   2.4161E-02
   3.5495E-02   1.2365E-02   1.5227E-02  -3.1697E-03  -1.0341E-02   8.7939E-03
  -7.8699E-03   0.0000E+00   0.0000E+00   0.0000E+00   0.0000E+00   0.0000E+00
   0.0000E+00   0.0000E+00   0.0000E+00   0.0000E+00   0.0000E+00  -5.6891E-01
  -1.4465E-01  -2.1259E-01  -4.2538E-01  -8.5651E-02  -3.9869E-02  -4.4766E-02
  -2.3818E-01  -7.0271E-04  -2.9335E-02  -1.1029E-01   1.4723E-02   7.4082E-03
  -6.1867E-02   1.2262E-02   5.3491E-03   2.6910E-02   4.8095E-03   1.0199E-02
  -5.1039E-02   1.5025E-02   2.5849E-02   3.2631E-02   1.5863E-02  -9.9555E-03
   7.6115E-03  -6.3298E-02  -5.0108E-03  -7.0831E-03   3.8793E-04   1.4739E-03
   1.4288E-04   3.5593E-03   4.9981E-03   9.4792E-03   0.0000E+00   0.0000E+00
   0.0000E+00   0.0000E+00   0.0000E+00   0.0000E+00   0.0000E+00   0.0000E+00
   0.0000E+00   0.0000E+00
  > E    =  -8.412676212218E+02 +/-   2.357597532118E-04
  > varE =   5.577831220204E-03
* Computing derivatives.
    [walltime: 2m38s elapsed, 2h6m remaining]
    [walltime: 1h1m elapsed, 1h7m remaining]
  Done. [total walltime: 2h8m]
* Optimizing manipulation constant:
  #igrid a___________ E____________________________________ varE____________
     1     Infinity    -8.41267621E+02 +/-   2.35759753E-04   5.57783122E-03
     2     1.0000E+06  -8.41267621E+02 +/-   2.35759695E-04   5.57782847E-03
     3     2.1544E+05  -8.41267621E+02 +/-   2.35759484E-04   5.57781847E-03
     4     4.6416E+04  -8.41267621E+02 +/-   2.35758504E-04   5.57777210E-03
     5     1.0000E+04  -8.41267622E+02 +/-   2.35753979E-04   5.57755800E-03
     6     2.1544E+03  -8.41267623E+02 +/-   2.35733486E-04   5.57658836E-03
     7     4.6416E+02  -8.41267628E+02 +/-   2.35649496E-04   5.57261531E-03
     8     1.0000E+02  -8.41267637E+02 +/-   2.35573813E-04   5.56903640E-03
     9     2.1544E+01  -8.41265367E+02 +/-   2.75035766E-04   7.59109418E-03
    10     4.6416E+00  -8.40104591E+02 +/-   2.80387378E-03   7.88938141E-01
    11     1.0000E+00 (error)
    12     2.1544E-01 (error)
    13     4.6416E-02 (error)
    14     1.0000E-02 (error)
    15     2.1544E-03 (error)
    16     4.6416E-04 (error)
    17     1.0000E-04 (error)
    18     2.1544E-05 (error)
    19     4.6416E-06 (error)
    20     1.0000E-06 (error)
    21     0.0000E+00 (error)
  ParMin   2.1412E+02  -8.41267633E+02 +/-   2.35561228E-04   5.56844138E-03
  # Using grid point #8
* Iteration # 1: E =  -8.412676370269E+02 +/-   2.355738132856E-04
* Diminishing returns: exiting.
* After optimization:
  -2.1192E+00  -2.5641E+00  -2.4958E+00  -2.2273E+00  -2.3875E+00  -2.7265E+00
   5.4597E-01   5.1824E-01   2.6734E-01   3.0695E-01   8.5846E-01   4.1106E-01
   3.7922E-01   4.7578E-01   4.7696E-01   4.7985E-01   5.0538E-01   4.1944E-01
   4.2086E-01   2.6787E-02  -9.6631E-03   4.0660E-01   2.4829E-01   2.4700E-01
   1.5421E-01   1.6214E-01   1.8781E-01   1.9700E-01   3.1555E-02   3.3102E-02
   1.7949E-01   1.8487E-01   2.1429E-02   9.8147E-02   9.1681E-02   8.7823E-02
   8.1046E-02   2.0981E-01   2.1566E-01   1.7686E-01   1.7824E-01   1.8362E-01
   8.3660E-02   6.3555E-02  -3.5956E-02  -2.9549E-02  -6.5394E-02  -6.6870E-02
  -2.4962E-02  -2.4438E-02   4.8989E-01   4.8413E-01  -5.5942E-02  -5.7817E-02
  -1.9734E-02  -2.6231E-02  -4.8097E-02  -4.5972E-02  -8.8005E-02  -8.8010E-02
  -7.7114E-02  -7.7283E-02  -2.2556E-02  -2.1529E-02  -3.1661E-02  -2.9839E-02
  -1.9781E-03  -9.1242E-04  -9.2920E-04   1.0327E-03   1.0300E-03   1.1569E-03
   1.1276E-03  -1.6889E-04  -1.7658E-04  -2.7225E-04  -2.7788E-04  -2.0032E-04
  -2.4158E-05  -4.5518E-05  -4.4407E-04  -4.2182E-04  -3.5384E-04  -3.4789E-04
  -1.3199E-04  -1.5122E-04  -1.8274E-01  -5.3183E-01  -9.1631E-02  -1.9392E-01
  -1.1613E-01  -2.0196E-01  -4.5112E-01  -4.3052E-01  -2.4588E-01  -2.8801E-01
  -2.6199E-01  -2.8931E-01  -2.7155E-01  -2.6826E-01  -2.0090E-01  -2.4636E-01
   1.7294E-02  -5.5657E-02   2.1596E-02  -1.5664E-02  -2.2511E-01  -2.0649E-01
  -1.2084E-01  -1.2642E-01  -7.4253E-02  -8.2553E-02  -9.5734E-02  -1.0436E-01
   9.1904E-04  -3.7879E-02  -7.9747E-02  -9.5282E-02   1.1362E-02  -3.9549E-02
  -2.3363E-02  -6.3836E-02  -2.0647E-03  -7.2395E-02  -5.5524E-02  -1.3784E-01
  -5.8296E-02  -9.0302E-02  -6.2680E-02  -8.6114E-02  -1.3720E-03  -5.9974E-02
   1.1373E-02   1.3612E-02   4.6989E-02   2.1926E-02   1.3896E-02   1.4277E-03
  -2.1142E-01  -2.4772E-01   3.6511E-02   2.0444E-02   1.3884E-02   1.1282E-02
   2.4811E-02   2.2145E-02   4.9652E-02   4.0152E-02   4.0104E-02   3.7438E-02
   8.6076E-03   1.0702E-02   1.5146E-02   1.8662E-02  -4.8367E-03  -1.0833E-03
   4.3709E-04   4.8776E-04  -5.5751E-04  -5.9492E-04  -6.3577E-04  -6.3968E-04
   7.4485E-05   8.8660E-05   1.4092E-04   1.1761E-04   1.3229E-04   1.1285E-04
   2.2929E-05   1.6814E-05   2.1455E-04   2.1573E-04   1.5020E-04   1.8005E-04
   8.2950E-05   7.0551E-05   7.6255E-01   9.3360E-01   7.2700E-01   8.2076E-01
   9.3667E-01   8.9536E-01  -4.0340E-01  -2.4512E-01  -2.1659E-01  -3.3581E-01
  -2.5810E-01  -1.9204E-01  -2.0718E-01  -2.9566E-01  -4.4251E-02   2.2015E-02
  -2.0604E-01   1.7621E-02   8.2132E-04  -1.0881E-01  -2.4797E-02  -1.6593E-02
  -3.4866E-02  -1.7376E-02   5.4547E-03  -9.6575E-02   2.3478E-02   3.3402E-02
  -3.5682E-02  -2.8313E-02   6.3352E-03   4.3938E-03  -9.1757E-02   1.1893E-02
   1.3192E-02   4.6433E-03   2.1928E-02   3.0678E-03  -1.8051E-02   1.1203E-02
  -1.5466E-02   2.1852E-04  -2.8516E-05   2.2788E-04  -3.4677E-05   1.7020E-04
   1.4800E-04   2.9465E-05   1.6180E-05  -3.5827E-06   5.2688E-05  -3.8595E-01
  -1.5050E-01  -2.0294E-01  -3.1397E-01  -7.0054E-02  -4.5645E-02  -5.6355E-02
  -2.2987E-01  -3.1654E-02  -4.5150E-02  -1.5520E-01   5.2520E-02   4.2592E-02
  -8.2842E-02  -9.9772E-03   9.4371E-03   2.5863E-03   5.1867E-03   1.2326E-02
  -3.4170E-02  -2.0530E-02  -1.5155E-02   6.9425E-02  -4.7025E-03  -2.2656E-02
  -2.7408E-03  -5.9656E-02  -1.1781E-02  -2.3633E-02  -3.7730E-03   6.4014E-03
   6.7428E-03  -2.7212E-03   4.6740E-03  -1.7650E-03   2.0786E-04   4.0668E-05
  -6.0288E-05  -5.2607E-05   7.5896E-06  -2.0380E-05   1.7047E-05  -6.3402E-05
   9.3421E-05   1.0693E-04  -3.7102E-01  -2.1664E-01  -1.7870E-01  -3.4108E-01
  -1.3144E-01  -1.1230E-01  -1.3502E-01  -2.4571E-01  -5.5736E-03   4.3295E-02
  -1.5928E-01  -2.7650E-02  -3.6719E-02  -1.0054E-01  -7.9182E-05  -1.4933E-02
  -1.5343E-02  -1.7693E-02   6.6893E-03  -1.2158E-01   6.8317E-02   8.0216E-02
  -7.6055E-02  -4.7153E-03   2.3712E-02   1.5222E-02  -1.0024E-01   2.4065E-02
   3.5458E-02   1.2430E-02   1.5096E-02  -3.1475E-03  -1.0311E-02   8.8193E-03
  -7.6574E-03   1.1131E-04   2.3986E-05   1.4105E-04  -6.0247E-05   1.2917E-04
   9.0754E-05  -1.5790E-05   2.8826E-05   5.2814E-05  -3.1414E-05  -5.6647E-01
  -1.4521E-01  -2.1254E-01  -4.2342E-01  -8.5466E-02  -4.0684E-02  -4.4873E-02
  -2.3769E-01  -6.3665E-04  -2.9715E-02  -1.0946E-01   1.4812E-02   7.4138E-03
  -6.1350E-02   1.2223E-02   5.6707E-03   2.6656E-02   4.7520E-03   1.0392E-02
  -5.0278E-02   1.5196E-02   2.5961E-02   3.2759E-02   1.5875E-02  -9.9959E-03
   7.6527E-03  -6.1950E-02  -4.9266E-03  -7.0853E-03   4.2040E-04   1.3422E-03
   1.9034E-04   3.6726E-03   5.0593E-03   9.4911E-03   1.6939E-04   1.1589E-04
  -1.1991E-04  -7.0885E-05   8.1945E-06  -3.1134E-05   2.2789E-06  -2.2711E-05
   1.8427E-04   6.9445E-05
  > Energy =  -8.412676370269E+02 +/-   2.355738132856E-04
  > varE =   5.569036398164E-03

VMC #2:
* Size of Hilbert space =   4.9763E+11
* Number of equil. steps   = 1000
* Running VMC equilibration.
  Done. [total walltime: 0.23s]
* Equil. acc.ratio (%)     =  13.6747
* Sample config after equilibration:
  +---------------------+
  |  d   0   0   d   d  |
  |u   2   d   2   u   u|
  |u   0   u   2   d   0|
  |  d   2   0   u   2  |
  +---------------------+
* Number of accum. steps   = 501760 x 10
* Running VMC accumulation.
    [walltime: 1m elapsed, 55.6s remaining]
  Done. [total walltime: 1m55s]
* Acceptance ratio (%)     =  13.6422
* Etot/t                   =  -8.412676526083E+02 +/-   1.063272811994E-04
  > Ttot/t                 =  -7.559817726357E+01 +/-   9.231080019483E-04
  > Utot/t                 =   3.303166654175E+01 +/-   9.174428835645E-04
* var[Eloc/t]              =   5.547736922355E-03 +/-   3.022948096713E-05
* Correlation length       =   1.022514785163E+00
* log10 Psi^2 range: -22.428261220580691 -- -11.541667235826887
* log10 Pgen range : -22.428261220580691 -- -11.541667235826887
* Site occupation (ave. no. electrons per config.):
  > Site_  ___eu____  ___ed____
      1        0.496      0.499
      2        0.495      0.497
      3        0.501      0.501
      4        0.501      0.500
      5        0.502      0.504
      6        0.505      0.503
      7        0.504      0.499
      8        0.499      0.498
      9        0.499      0.497
     10        0.498      0.500
     11        0.503      0.504
     12        0.501      0.503
     13        0.500      0.499
     14        0.495      0.498
     15        0.497      0.502
     16        0.503      0.502
     17        0.503      0.502
     18        0.503      0.503
     19        0.497      0.497
     20        0.499      0.495
     21        0.497      0.497
     22        0.500      0.499
* Pair-correlation analysis (ave. no. pairs per config.):
  > Shell  nsite  ___dh____  __eueu___  __eued___
      0      1        0          0          3.822
      1      0        0.911      0.511      2.599
      2      0        0.280      0.696      1.066
      3      0        0.261      0.724      1.058
      4      0        0.228      0.759      1.072
      5      0        0.748      0.887      2.409
      6      0        0.646      1.136      2.287
      7      0        0.547      1.358      2.186
      8      0        0.450      1.550      2.090
      9      0        0.070      0.410      0.580
     10      0        0.141      0.832      1.142
     11      0        0.138      0.852      1.093
     12      0        0.229      2.106      1.928
     13      0        0.225      2.079      1.922
     14      0        0.267      1.896      2.064
     15      0        0.304      1.867      2.053
     16      0        0.239      2.052      1.936
     17      0        0.155      0.929      1.029
     18      0        0.248      2.094      1.920
     19      0        0.249      2.119      1.900
     20      0        0.238      2.098      1.920
     21      0        0.140      1.039      0.952
     22      0        0.272      2.076      1.909
     23      0        0.242      2.130      1.889
     24      0        0.219      1.959      2.054
     25      0        0.249      2.052      1.950
     26      0        0.221      1.958      2.091
     27      0        0.211      2.145      1.887
     28      0        0.253      2.042      1.959
     29      0        0.220      2.073      1.962
     30      0        0.250      2.010      1.965
     31      0        0.288      1.930      2.018
     32      0        0.282      2.013      1.944
     33      0        0.219      1.994      2.027
     34      0        0.258      1.954      2.028
     35      0        0.110      1.001      1.021
     36      0        0.264      2.012      1.960
     37      0        0.259      1.897      2.092
     38      0        0.252      1.934      2.067
     39      0        0.251      1.977      2.013
     40      0        0.250      2.011      1.981
     41      0        0.139      0.980      0.996
     42      0        0.256      1.972      1.990
     43      0        0.227      2.035      1.994
     44      0        0.224      1.993      2.043
     45      0        0.254      1.989      1.974
     46      0        0.223      2.020      1.992
     47      0        0.139      0.995      0.983
     48      0        0.254      1.979      2.009
     49      0        0.109      1.023      1.001
     50      0        0.245      1.990      1.984
     51      0        0.220      2.026      2.011
     52      0        0.251      1.987      2.000
     53      0        0.215      2.014      2.006
     54      0        0.217      2.006      2.012
     55      0        0.256      2.006      1.981
     56      0        0.245      1.986      1.985
     57      0        0.248      1.996      1.995
     58      0        0.109      0.994      0.997
     59      0        0.221      2.010      2.023
     60      0        0.217      2.009      1.999
     61      0        0.107      0.997      0.997
     62      0        0.111      1.008      1.005
     63      0        0.219      1.999      2.006
     64      0        0.111      1.005      1.009
     65      0        0.246      1.965      2.020
     66      0        0.120      0.921      1.074
     67      0        0.060      0.468      0.536
     68      0        0.059      0.468      0.537

Optimization #2:
* Method          : lls
* Target function : energy
* No. of configs. : 100352
* No. of params.  : 362
* Before optimization:
  -2.1192E+00  -2.5641E+00  -2.4958E+00  -2.2273E+00  -2.3875E+00  -2.7265E+00
   5.4597E-01   5.1824E-01   2.6734E-01   3.0695E-01   8.5846E-01   4.1106E-01
   3.7922E-01   4.7578E-01   4.7696E-01   4.7985E-01   5.0538E-01   4.1944E-01
   4.2086E-01   2.6787E-02  -9.6631E-03   4.0660E-01   2.4829E-01   2.4700E-01
   1.5421E-01   1.6214E-01   1.8781E-01   1.9700E-01   3.1555E-02   3.3102E-02
   1.7949E-01   1.8487E-01   2.1429E-02   9.8147E-02   9.1681E-02   8.7823E-02
   8.1046E-02   2.0981E-01   2.1566E-01   1.7686E-01   1.7824E-01   1.8362E-01
   8.3660E-02   6.3555E-02  -3.5956E-02  -2.9549E-02  -6.5394E-02  -6.6870E-02
  -2.4962E-02  -2.4438E-02   4.8989E-01   4.8413E-01  -5.5942E-02  -5.7817E-02
  -1.9734E-02  -2.6231E-02  -4.8097E-02  -4.5972E-02  -8.8005E-02  -8.8010E-02
  -7.7114E-02  -7.7283E-02  -2.2556E-02  -2.1529E-02  -3.1661E-02  -2.9839E-02
  -1.9781E-03  -9.1242E-04  -9.2920E-04   1.0327E-03   1.0300E-03   1.1569E-03
   1.1276E-03  -1.6889E-04  -1.7658E-04  -2.7225E-04  -2.7788E-04  -2.0032E-04
  -2.4158E-05  -4.5518E-05  -4.4407E-04  -4.2182E-04  -3.5384E-04  -3.4789E-04
  -1.3199E-04  -1.5122E-04  -1.8274E-01  -5.3183E-01  -9.1631E-02  -1.9392E-01
  -1.1613E-01  -2.0196E-01  -4.5112E-01  -4.3052E-01  -2.4588E-01  -2.8801E-01
  -2.6199E-01  -2.8931E-01  -2.7155E-01  -2.6826E-01  -2.0090E-01  -2.4636E-01
   1.7294E-02  -5.5657E-02   2.1596E-02  -1.5664E-02  -2.2511E-01  -2.0649E-01
  -1.2084E-01  -1.2642E-01  -7.4253E-02  -8.2553E-02  -9.5734E-02  -1.0436E-01
   9.1904E-04  -3.7879E-02  -7.9747E-02  -9.5282E-02   1.1362E-02  -3.9549E-02
  -2.3363E-02  -6.3836E-02  -2.0647E-03  -7.2395E-02  -5.5524E-02  -1.3784E-01
  -5.8296E-02  -9.0302E-02  -6.2680E-02  -8.6114E-02  -1.3720E-03  -5.9974E-02
   1.1373E-02   1.3612E-02   4.6989E-02   2.1926E-02   1.3896E-02   1.4277E-03
  -2.1142E-01  -2.4772E-01   3.6511E-02   2.0444E-02   1.3884E-02   1.1282E-02
   2.4811E-02   2.2145E-02   4.9652E-02   4.0152E-02   4.0104E-02   3.7438E-02
   8.6076E-03   1.0702E-02   1.5146E-02   1.8662E-02  -4.8367E-03  -1.0833E-03
   4.3709E-04   4.8776E-04  -5.5751E-04  -5.9492E-04  -6.3577E-04  -6.3968E-04
   7.4485E-05   8.8660E-05   1.4092E-04   1.1761E-04   1.3229E-04   1.1285E-04
   2.2929E-05   1.6814E-05   2.1455E-04   2.1573E-04   1.5020E-04   1.8005E-04
   8.2950E-05   7.0551E-05   7.6255E-01   9.3360E-01   7.2700E-01   8.2076E-01
   9.3667E-01   8.9536E-01  -4.0340E-01  -2.4512E-01  -2.1659E-01  -3.3581E-01
  -2.5810E-01  -1.9204E-01  -2.0718E-01  -2.9566E-01  -4.4251E-02   2.2015E-02
  -2.0604E-01   1.7621E-02   8.2132E-04  -1.0881E-01  -2.4797E-02  -1.6593E-02
  -3.4866E-02  -1.7376E-02   5.4547E-03  -9.6575E-02   2.3478E-02   3.3402E-02
  -3.5682E-02  -2.8313E-02   6.3352E-03   4.3938E-03  -9.1757E-02   1.1893E-02
   1.3192E-02   4.6433E-03   2.1928E-02   3.0678E-03  -1.8051E-02   1.1203E-02
  -1.5466E-02   2.1852E-04  -2.8516E-05   2.2788E-04  -3.4677E-05   1.7020E-04
   1.4800E-04   2.9465E-05   1.6180E-05  -3.5827E-06   5.2688E-05  -3.8595E-01
  -1.5050E-01  -2.0294E-01  -3.1397E-01  -7.0054E-02  -4.5645E-02  -5.6355E-02
  -2.2987E-01  -3.1654E-02  -4.5150E-02  -1.5520E-01   5.2520E-02   4.2592E-02
  -8.2842E-02  -9.9772E-03   9.4371E-03   2.5863E-03   5.1867E-03   1.2326E-02
  -3.4170E-02  -2.0530E-02  -1.5155E-02   6.9425E-02  -4.7025E-03  -2.2656E-02
  -2.7408E-03  -5.9656E-02  -1.1781E-02  -2.3633E-02  -3.7730E-03   6.4014E-03
   6.7428E-03  -2.7212E-03   4.6740E-03  -1.7650E-03   2.0786E-04   4.0668E-05
  -6.0288E-05  -5.2607E-05   7.5896E-06  -2.0380E-05   1.7047E-05  -6.3402E-05
   9.3421E-05   1.0693E-04  -3.7102E-01  -2.1664E-01  -1.7870E-01  -3.4108E-01
  -1.3144E-01  -1.1230E-01  -1.3502E-01  -2.4571E-01  -5.5736E-03   4.3295E-02
  -1.5928E-01  -2.7650E-02  -3.6719E-02  -1.0054E-01  -7.9182E-05  -1.4933E-02
  -1.5343E-02  -1.7693E-02   6.6893E-03  -1.2158E-01   6.8317E-02   8.0216E-02
  -7.6055E-02  -4.7153E-03   2.3712E-02   1.5222E-02  -1.0024E-01   2.4065E-02
   3.5458E-02   1.2430E-02   1.5096E-02  -3.1475E-03  -1.0311E-02   8.8193E-03
  -7.6574E-03   1.1131E-04   2.3986E-05   1.4105E-04  -6.0247E-05   1.2917E-04
   9.0754E-05  -1.5790E-05   2.8826E-05   5.2814E-05  -3.1414E-05  -5.6647E-01
  -1.4521E-01  -2.1254E-01  -4.2342E-01  -8.5466E-02  -4.0684E-02  -4.4873E-02
  -2.3769E-01  -6.3665E-04  -2.9715E-02  -1.0946E-01   1.4812E-02   7.4138E-03
  -6.1350E-02   1.2223E-02   5.6707E-03   2.6656E-02   4.7520E-03   1.0392E-02
  -5.0278E-02   1.5196E-02   2.5961E-02   3.2759E-02   1.5875E-02  -9.9959E-03
   7.6527E-03  -6.1950E-02  -4.9266E-03  -7.0853E-03   4.2040E-04   1.3422E-03
   1.9034E-04   3.6726E-03   5.0593E-03   9.4911E-03   1.6939E-04   1.1589E-04
  -1.1991E-04  -7.0885E-05   8.1945E-06  -3.1134E-05   2.2789E-06  -2.2711E-05
   1.8427E-04   6.9445E-05
  > E    =  -8.412673021895E+02 +/-   2.326291885354E-04
  > varE =   5.430682887318E-03
* Computing derivatives.
    [walltime: 2m47s elapsed, 2h13m remaining]
    [walltime: 1h1m elapsed, 1h12m remaining]
  Done. [total walltime: 2h14m]
* Optimizing manipulation constant:
  #igrid a___________ E____________________________________ varE____________
     1     Infinity    -8.41267302E+02 +/-   2.32629189E-04   5.43068289E-03
     2     1.0000E+06  -8.41267302E+02 +/-   2.32629132E-04   5.43068024E-03
     3     2.1544E+05  -8.41267302E+02 +/-   2.32628925E-04   5.43067060E-03
     4     4.6416E+04  -8.41267302E+02 +/-   2.32627967E-04   5.43062585E-03
     5     1.0000E+04  -8.41267302E+02 +/-   2.32623521E-04   5.43041826E-03
     6     2.1544E+03  -8.41267304E+02 +/-   2.32602925E-04   5.42945674E-03
     7     4.6416E+02  -8.41267309E+02 +/-   2.32508254E-04   5.42503797E-03
     8     1.0000E+02  -8.41267331E+02 +/-   2.32089216E-04   5.40550104E-03
     9     2.1544E+01  -8.41267403E+02 +/-   2.30728772E-04   5.34231562E-03
    10     4.6416E+00  -8.41267200E+02 +/-   2.34068487E-04   5.49809106E-03
    11     1.0000E+00  -8.41266982E+02 +/-   2.40556973E-04   5.80713514E-03
    12     2.1544E-01  -8.41251405E+02 +/-   4.35165242E-04   1.90035366E-02
    13     4.6416E-02  -8.41229094E+02 +/-   6.05359335E-04   3.67749863E-02
    14     1.0000E-02  -8.41218010E+02 +/-   6.70508010E-04   4.51163517E-02
    15     2.1544E-03  -8.41214880E+02 +/-   6.87393126E-04   4.74172542E-02
    16     4.6416E-04  -8.41214160E+02 +/-   6.91198023E-04   4.79436403E-02
    17     1.0000E-04  -8.41214002E+02 +/-   6.92025960E-04   4.80585657E-02
    18     2.1544E-05  -8.41213968E+02 +/-   6.92204719E-04   4.80833971E-02
    19     4.6416E-06  -8.41213961E+02 +/-   6.92243249E-04   4.80887502E-02
    20     1.0000E-06  -8.41213959E+02 +/-   6.92251551E-04   4.80899037E-02
    21     0.0000E+00  -8.41213959E+02 +/-   6.92253831E-04   4.80902204E-02
  ParMin   3.1020E+01  -8.41267382E+02 +/-   2.31114098E-04   5.36017426E-03
  # Using grid point #9
* Iteration # 1: E =  -8.412674025588E+02 +/-   2.307287721900E-04
* Diminishing returns: exiting.
* After optimization:
  -2.2363E+00  -2.6864E+00  -2.6078E+00  -2.3453E+00  -2.5057E+00  -2.8413E+00
   5.5200E-01   5.2817E-01   2.7082E-01   3.0976E-01   8.6158E-01   4.1618E-01
   3.8379E-01   4.8365E-01   4.8446E-01   4.8090E-01   5.0696E-01   4.2192E-01
   4.2271E-01   3.0825E-02  -6.6661E-03   4.0811E-01   2.5287E-01   2.5152E-01
   1.5649E-01   1.6414E-01   1.8894E-01   1.9792E-01   3.3338E-02   3.4682E-02
   1.8144E-01   1.8648E-01   2.7696E-02   1.0017E-01   9.3689E-02   9.2620E-02
   8.6149E-02   2.1164E-01   2.1680E-01   1.8476E-01   1.8069E-01   1.8604E-01
   8.6557E-02   6.6689E-02  -3.4442E-02  -2.8036E-02  -6.2820E-02  -6.4187E-02
  -2.1998E-02  -2.1556E-02   4.9224E-01   4.8689E-01  -5.2394E-02  -5.4357E-02
  -1.9645E-02  -2.5862E-02  -4.9156E-02  -4.7132E-02  -8.5543E-02  -8.5525E-02
  -7.3488E-02  -7.3653E-02  -2.3572E-02  -2.2510E-02  -3.4982E-02  -3.3254E-02
  -2.5907E-03  -5.0967E-03  -5.1032E-03   5.6358E-03   5.4441E-03   6.2992E-03
   6.1067E-03  -8.9629E-04  -9.7149E-04  -1.5137E-03  -1.5680E-03  -1.0313E-03
  -1.1240E-04  -1.6494E-04  -2.4504E-03  -2.4947E-03  -1.9807E-03  -1.9803E-03
  -6.5048E-04  -7.4666E-04  -1.9238E-01  -5.3359E-01  -9.3270E-02  -1.9574E-01
  -1.1723E-01  -2.0335E-01  -4.5531E-01  -4.3217E-01  -2.4844E-01  -2.9082E-01
  -2.6584E-01  -2.9357E-01  -2.7227E-01  -2.6919E-01  -2.0204E-01  -2.4776E-01
   1.5433E-02  -5.7315E-02   2.0451E-02  -1.7075E-02  -2.2643E-01  -2.0642E-01
  -1.2292E-01  -1.2863E-01  -7.5088E-02  -8.3714E-02  -9.6332E-02  -1.0502E-01
   9.2178E-05  -3.8772E-02  -8.0538E-02  -9.6130E-02   8.3565E-03  -4.2625E-02
  -2.4255E-02  -6.4930E-02  -4.6321E-03  -7.4977E-02  -5.6540E-02  -1.3804E-01
  -6.2574E-02  -9.4659E-02  -6.3827E-02  -8.7389E-02  -2.6753E-03  -6.1612E-02
   1.0764E-02   1.2886E-02   4.5771E-02   2.0601E-02   1.2536E-02  -1.5115E-06
  -2.1360E-01  -2.4720E-01   3.4854E-02   1.8684E-02   1.3700E-02   1.1089E-02
   2.5464E-02   2.2743E-02   4.8483E-02   3.8851E-02   3.8466E-02   3.5695E-02
   9.2221E-03   1.1230E-02   1.6737E-02   2.0193E-02  -4.4152E-03  -7.2660E-04
   2.4851E-03   2.6966E-03  -2.9355E-03  -3.1885E-03  -3.2812E-03  -3.3260E-03
   3.6649E-04   4.3697E-04   7.9475E-04   6.9413E-04   7.0236E-04   6.9145E-04
   1.1281E-04   8.3871E-05   1.1666E-03   1.1765E-03   8.5702E-04   1.0412E-03
   4.0964E-04   3.5820E-04   7.9353E-01   9.7747E-01   7.6465E-01   8.5344E-01
   9.7801E-01   9.3863E-01  -4.1507E-01  -2.5338E-01  -2.2346E-01  -3.4682E-01
  -2.6634E-01  -1.9577E-01  -2.1486E-01  -3.0631E-01  -4.4372E-02   2.2973E-02
  -2.1406E-01   1.7443E-02   6.7890E-04  -1.1360E-01  -2.5644E-02  -1.7080E-02
  -3.4481E-02  -1.8431E-02   4.7684E-03  -9.7101E-02   2.2300E-02   3.5560E-02
  -3.6988E-02  -2.9905E-02   6.9755E-03   4.9362E-03  -9.1419E-02   1.2158E-02
   1.3027E-02   4.8538E-03   2.3258E-02   3.1009E-03  -1.8668E-02   1.1420E-02
  -1.5387E-02   1.1924E-03  -2.4450E-05   1.3233E-03   5.4476E-05   4.4008E-04
   6.4418E-04   1.0514E-04   1.6717E-04  -2.1077E-04   1.1870E-04  -3.9496E-01
  -1.5786E-01  -2.1196E-01  -3.2221E-01  -7.2559E-02  -4.8799E-02  -5.9168E-02
  -2.3869E-01  -3.2302E-02  -4.7022E-02  -1.6026E-01   5.5644E-02   4.4972E-02
  -8.6149E-02  -9.9927E-03   1.0322E-02   2.1476E-03   5.2460E-03   1.4086E-02
  -3.3158E-02  -1.9666E-02  -1.4923E-02   7.3668E-02  -4.6417E-03  -2.4031E-02
  -2.6531E-03  -5.8471E-02  -1.2081E-02  -2.5118E-02  -3.7860E-03   6.7587E-03
   7.2097E-03  -2.5387E-03   5.2657E-03  -1.7368E-03   1.0571E-03   2.9840E-04
  -2.1416E-04  -1.4541E-04  -1.3310E-04   2.0262E-05  -3.4161E-05  -3.5923E-04
   4.0523E-04   4.7951E-04  -3.6040E-01  -2.1551E-01  -1.7559E-01  -3.3358E-01
  -1.2834E-01  -1.0926E-01  -1.3417E-01  -2.4196E-01  -5.1162E-03   4.2245E-02
  -1.5600E-01  -2.9580E-02  -3.6853E-02  -9.8979E-02  -9.9098E-04  -1.3959E-02
  -1.3693E-02  -1.8544E-02   4.5092E-03  -1.1633E-01   6.4662E-02   8.0137E-02
  -7.6479E-02  -4.6543E-03   2.4052E-02   1.5570E-02  -9.2858E-02   2.3828E-02
   3.4648E-02   1.1813E-02   1.5183E-02  -3.1195E-03  -1.0351E-02   8.5527E-03
  -6.9731E-03   8.5850E-04  -3.8343E-04   7.3643E-04  -1.9764E-04   5.2233E-04
   4.2502E-04   8.7117E-05   7.2317E-04  -1.6068E-04  -1.3660E-04  -5.5437E-01
  -1.4750E-01  -2.1212E-01  -4.1362E-01  -8.4851E-02  -4.3621E-02  -4.5829E-02
  -2.3510E-01  -1.0453E-03  -3.0641E-02  -1.0580E-01   1.4935E-02   7.8593E-03
  -5.9421E-02   1.1802E-02   6.9626E-03   2.5281E-02   4.0303E-03   1.0821E-02
  -4.6750E-02   1.6152E-02   2.6070E-02   3.3194E-02   1.6330E-02  -1.0500E-02
   7.7015E-03  -5.5937E-02  -4.5036E-03  -7.5003E-03   2.2829E-04   9.9228E-04
   4.6384E-04   3.7564E-03   5.6134E-03   9.2879E-03   7.3044E-04   1.1204E-04
  -9.4539E-04  -2.7678E-04  -5.1506E-05  -3.5553E-04  -4.0755E-06   6.8678E-05
   6.6588E-04   4.3179E-04
  > Energy =  -8.412674025588E+02 +/-   2.307287721900E-04
  > varE =   5.342315621374E-03

VMC #3:
* Size of Hilbert space =   4.9763E+11
* Number of equil. steps   = 1000
* Running VMC equilibration.
  Done. [total walltime: 0.23s]
* Equil. acc.ratio (%)     =  13.4008
* Sample config after equilibration:
  +---------------------+
  |  u   2   0   u   2  |
  |2   0   2   u   d   0|
  |0   2   u   d   2   u|
  |  d   0   d   0   d  |
  +---------------------+
* Number of accum. steps   = 501760 x 10
* Running VMC accumulation.
    [walltime: 1m elapsed, 55.6s remaining]
  Done. [total walltime: 1m56s]
* Acceptance ratio (%)     =  13.3753
* Etot/t                   =  -8.412676394568E+02 +/-   1.052857504250E-04
  > Ttot/t                 =  -7.559794137886E+01 +/-   9.168060352196E-04
  > Utot/t                 =   3.303144380861E+01 +/-   9.094456639158E-04
* var[Eloc/t]              =   5.542389630889E-03 +/-   7.871143933872E-05
* Correlation length       =   1.003548062978E+00
* log10 Psi^2 range: -22.718787521014711 -- -11.711377855184953
* log10 Pgen range : -22.718787521014711 -- -11.711377855184953
* Site occupation (ave. no. electrons per config.):
  > Site_  ___eu____  ___ed____
      1        0.496      0.497
      2        0.498      0.494
      3        0.501      0.502
      4        0.500      0.504
      5        0.502      0.504
      6        0.502      0.506
      7        0.501      0.503
      8        0.496      0.499
      9        0.496      0.497
     10        0.500      0.500
     11        0.503      0.504
     12        0.505      0.503
     13        0.500      0.495
     14        0.497      0.499
     15        0.500      0.498
     16        0.503      0.501
     17        0.505      0.503
     18        0.506      0.502
     19        0.498      0.496
     20        0.498      0.497
     21        0.497      0.498
     22        0.498      0.496
* Pair-correlation analysis (ave. no. pairs per config.):
  > Shell  nsite  ___dh____  __eueu___  __eued___
      0      1        0          0          3.819
      1      0        0.908      0.509      2.600
      2      0        0.280      0.695      1.065
      3      0        0.259      0.722      1.058
      4      0        0.227      0.763      1.071
      5      0        0.748      0.889      2.414
      6      0        0.646      1.138      2.282
      7      0        0.548      1.361      2.189
      8      0        0.451      1.543      2.087
      9      0        0.072      0.406      0.582
     10      0        0.139      0.838      1.147
     11      0        0.136      0.852      1.089
     12      0        0.229      2.105      1.936
     13      0        0.224      2.083      1.925
     14      0        0.267      1.895      2.059
     15      0        0.304      1.863      2.052
     16      0        0.236      2.050      1.933
     17      0        0.155      0.928      1.029
     18      0        0.249      2.096      1.923
     19      0        0.250      2.123      1.894
     20      0        0.234      2.100      1.921
     21      0        0.139      1.035      0.955
     22      0        0.275      2.073      1.903
     23      0        0.241      2.131      1.892
     24      0        0.218      1.963      2.055
     25      0        0.249      2.050      1.950
     26      0        0.218      1.968      2.094
     27      0        0.213      2.136      1.888
     28      0        0.251      2.040      1.968
     29      0        0.221      2.075      1.969
     30      0        0.249      2.008      1.959
     31      0        0.287      1.931      2.013
     32      0        0.281      2.009      1.944
     33      0        0.221      1.990      2.022
     34      0        0.261      1.950      2.028
     35      0        0.112      1.005      1.021
     36      0        0.259      2.016      1.964
     37      0        0.256      1.897      2.092
     38      0        0.258      1.940      2.058
     39      0        0.254      1.983      2.010
     40      0        0.247      2.010      1.992
     41      0        0.140      0.980      0.991
     42      0        0.255      1.968      1.986
     43      0        0.226      2.036      1.997
     44      0        0.226      1.991      2.043
     45      0        0.254      1.982      1.972
     46      0        0.222      2.021      1.989
     47      0        0.138      0.991      0.984
     48      0        0.255      1.982      2.002
     49      0        0.108      1.028      1.007
     50      0        0.243      1.988      1.978
     51      0        0.220      2.031      2.019
     52      0        0.250      1.985      2.001
     53      0        0.215      2.015      2.009
     54      0        0.216      2.009      2.014
     55      0        0.254      2.004      1.985
     56      0        0.245      1.978      1.983
     57      0        0.246      1.998      1.991
     58      0        0.109      0.993      0.994
     59      0        0.221      2.017      2.029
     60      0        0.217      2.006      2.001
     61      0        0.108      0.994      0.994
     62      0        0.110      1.008      1.006
     63      0        0.217      2.001      2.003
     64      0        0.111      1.005      1.008
     65      0        0.247      1.957      2.015
     66      0        0.118      0.932      1.077
     67      0        0.060      0.465      0.535
     68      0        0.059      0.466      0.538

Optimization #3:
* Method          : lls
* Target function : energy
* No. of configs. : 100352
* No. of params.  : 362
* Before optimization:
  -2.2363E+00  -2.6864E+00  -2.6078E+00  -2.3453E+00  -2.5057E+00  -2.8413E+00
   5.5200E-01   5.2817E-01   2.7082E-01   3.0976E-01   8.6158E-01   4.1618E-01
   3.8379E-01   4.8365E-01   4.8446E-01   4.8090E-01   5.0696E-01   4.2192E-01
   4.2271E-01   3.0825E-02  -6.6661E-03   4.0811E-01   2.5287E-01   2.5152E-01
   1.5649E-01   1.6414E-01   1.8894E-01   1.9792E-01   3.3338E-02   3.4682E-02
   1.8144E-01   1.8648E-01   2.7696E-02   1.0017E-01   9.3689E-02   9.2620E-02
   8.6149E-02   2.1164E-01   2.1680E-01   1.8476E-01   1.8069E-01   1.8604E-01
   8.6557E-02   6.6689E-02  -3.4442E-02  -2.8036E-02  -6.2820E-02  -6.4187E-02
  -2.1998E-02  -2.1556E-02   4.9224E-01   4.8689E-01  -5.2394E-02  -5.4357E-02
  -1.9645E-02  -2.5862E-02  -4.9156E-02  -4.7132E-02  -8.5543E-02  -8.5525E-02
  -7.3488E-02  -7.3653E-02  -2.3572E-02  -2.2510E-02  -3.4982E-02  -3.3254E-02
  -2.5907E-03  -5.0967E-03  -5.1032E-03   5.6358E-03   5.4441E-03   6.2992E-03
   6.1067E-03  -8.9629E-04  -9.7149E-04  -1.5137E-03  -1.5680E-03  -1.0313E-03
  -1.1240E-04  -1.6494E-04  -2.4504E-03  -2.4947E-03  -1.9807E-03  -1.9803E-03
  -6.5048E-04  -7.4666E-04  -1.9238E-01  -5.3359E-01  -9.3270E-02  -1.9574E-01
  -1.1723E-01  -2.0335E-01  -4.5531E-01  -4.3217E-01  -2.4844E-01  -2.9082E-01
  -2.6584E-01  -2.9357E-01  -2.7227E-01  -2.6919E-01  -2.0204E-01  -2.4776E-01
   1.5433E-02  -5.7315E-02   2.0451E-02  -1.7075E-02  -2.2643E-01  -2.0642E-01
  -1.2292E-01  -1.2863E-01  -7.5088E-02  -8.3714E-02  -9.6332E-02  -1.0502E-01
   9.2178E-05  -3.8772E-02  -8.0538E-02  -9.6130E-02   8.3565E-03  -4.2625E-02
  -2.4255E-02  -6.4930E-02  -4.6321E-03  -7.4977E-02  -5.6540E-02  -1.3804E-01
  -6.2574E-02  -9.4659E-02  -6.3827E-02  -8.7389E-02  -2.6753E-03  -6.1612E-02
   1.0764E-02   1.2886E-02   4.5771E-02   2.0601E-02   1.2536E-02  -1.5115E-06
  -2.1360E-01  -2.4720E-01   3.4854E-02   1.8684E-02   1.3700E-02   1.1089E-02
   2.5464E-02   2.2743E-02   4.8483E-02   3.8851E-02   3.8466E-02   3.5695E-02
   9.2221E-03   1.1230E-02   1.6737E-02   2.0193E-02  -4.4152E-03  -7.2660E-04
   2.4851E-03   2.6966E-03  -2.9355E-03  -3.1885E-03  -3.2812E-03  -3.3260E-03
   3.6649E-04   4.3697E-04   7.9475E-04   6.9413E-04   7.0236E-04   6.9145E-04
   1.1281E-04   8.3871E-05   1.1666E-03   1.1765E-03   8.5702E-04   1.0412E-03
   4.0964E-04   3.5820E-04   7.9353E-01   9.7747E-01   7.6465E-01   8.5344E-01
   9.7801E-01   9.3863E-01  -4.1507E-01  -2.5338E-01  -2.2346E-01  -3.4682E-01
  -2.6634E-01  -1.9577E-01  -2.1486E-01  -3.0631E-01  -4.4372E-02   2.2973E-02
  -2.1406E-01   1.7443E-02   6.7890E-04  -1.1360E-01  -2.5644E-02  -1.7080E-02
  -3.4481E-02  -1.8431E-02   4.7684E-03  -9.7101E-02   2.2300E-02   3.5560E-02
  -3.6988E-02  -2.9905E-02   6.9755E-03   4.9362E-03  -9.1419E-02   1.2158E-02
   1.3027E-02   4.8538E-03   2.3258E-02   3.1009E-03  -1.8668E-02   1.1420E-02
  -1.5387E-02   1.1924E-03  -2.4450E-05   1.3233E-03   5.4476E-05   4.4008E-04
   6.4418E-04   1.0514E-04   1.6717E-04  -2.1077E-04   1.1870E-04  -3.9496E-01
  -1.5786E-01  -2.1196E-01  -3.2221E-01  -7.2559E-02  -4.8799E-02  -5.9168E-02
  -2.3869E-01  -3.2302E-02  -4.7022E-02  -1.6026E-01   5.5644E-02   4.4972E-02
  -8.6149E-02  -9.9927E-03   1.0322E-02   2.1476E-03   5.2460E-03   1.4086E-02
  -3.3158E-02  -1.9666E-02  -1.4923E-02   7.3668E-02  -4.6417E-03  -2.4031E-02
  -2.6531E-03  -5.8471E-02  -1.2081E-02  -2.5118E-02  -3.7860E-03   6.7587E-03
   7.2097E-03  -2.5387E-03   5.2657E-03  -1.7368E-03   1.0571E-03   2.9840E-04
  -2.1416E-04  -1.4541E-04  -1.3310E-04   2.0262E-05  -3.4161E-05  -3.5923E-04
   4.0523E-04   4.7951E-04  -3.6040E-01  -2.1551E-01  -1.7559E-01  -3.3358E-01
  -1.2834E-01  -1.0926E-01  -1.3417E-01  -2.4196E-01  -5.1162E-03   4.2245E-02
  -1.5600E-01  -2.9580E-02  -3.6853E-02  -9.8979E-02  -9.9098E-04  -1.3959E-02
  -1.3693E-02  -1.8544E-02   4.5092E-03  -1.1633E-01   6.4662E-02   8.0137E-02
  -7.6479E-02  -4.6543E-03   2.4052E-02   1.5570E-02  -9.2858E-02   2.3828E-02
   3.4648E-02   1.1813E-02   1.5183E-02  -3.1195E-03  -1.0351E-02   8.5527E-03
  -6.9731E-03   8.5850E-04  -3.8343E-04   7.3643E-04  -1.9764E-04   5.2233E-04
   4.2502E-04   8.7117E-05   7.2317E-04  -1.6068E-04  -1.3660E-04  -5.5437E-01
  -1.4750E-01  -2.1212E-01  -4.1362E-01  -8.4851E-02  -4.3621E-02  -4.5829E-02
  -2.3510E-01  -1.0453E-03  -3.0641E-02  -1.0580E-01   1.4935E-02   7.8593E-03
  -5.9421E-02   1.1802E-02   6.9626E-03   2.5281E-02   4.0303E-03   1.0821E-02
  -4.6750E-02   1.6152E-02   2.6070E-02   3.3194E-02   1.6330E-02  -1.0500E-02
   7.7015E-03  -5.5937E-02  -4.5036E-03  -7.5003E-03   2.2829E-04   9.9228E-04
   4.6384E-04   3.7564E-03   5.6134E-03   9.2879E-03   7.3044E-04   1.1204E-04
  -9.4539E-04  -2.7678E-04  -5.1506E-05  -3.5553E-04  -4.0755E-06   6.8678E-05
   6.6588E-04   4.3179E-04
  > E    =  -8.412679443875E+02 +/-   2.333382417061E-04
  > varE =   5.463838754987E-03
* Computing derivatives.
    [walltime: 2m44s elapsed, 2h11m remaining]
    [walltime: 1h1m elapsed, 1h12m remaining]
  Done. [total walltime: 2h14m]
* Optimizing manipulation constant:
  #igrid a___________ E____________________________________ varE____________
     1     Infinity    -8.41267944E+02 +/-   2.33338242E-04   5.46383875E-03
     2     1.0000E+06  -8.41267944E+02 +/-   2.33338188E-04   5.46383625E-03
     3     2.1544E+05  -8.41267944E+02 +/-   2.33337994E-04   5.46382714E-03
     4     4.6416E+04  -8.41267944E+02 +/-   2.33337091E-04   5.46378486E-03
     5     1.0000E+04  -8.41267945E+02 +/-   2.33332906E-04   5.46358887E-03
     6     2.1544E+03  -8.41267946E+02 +/-   2.33313595E-04   5.46268456E-03
     7     4.6416E+02  -8.41267950E+02 +/-   2.33226414E-04   5.45860292E-03
     8     1.0000E+02  -8.41267969E+02 +/-   2.32874523E-04   5.44214350E-03
     9     2.1544E+01  -8.41267988E+02 +/-   2.32606320E-04   5.42961520E-03
    10     4.6416E+00  -8.41260888E+02 +/-   3.39259000E-04   1.15501810E-02
    11     1.0000E+00  -8.40225644E+02 +/-   2.75820728E-03   7.63448652E-01
    12     2.1544E-01  -8.38548541E+02 +/-   3.93151586E-03   1.55112250E+00
    13     4.6416E-02  -8.38595953E+02 +/-   1.15849868E-04   1.34684344E-03
    14     1.0000E-02 (error)
    15     2.1544E-03 (error)
    16     4.6416E-04 (error)
    17     1.0000E-04 (error)
    18     2.1544E-05 (error)
    19     4.6416E-06 (error)
    20     1.0000E-06 (error)
    21     0.0000E+00 (error)
  ParMin   4.6229E+01  -8.41267988E+02 +/-   2.32519471E-04   5.42556144E-03
  # Using parabolic minimum
* Iteration # 1: E =  -8.412679884501E+02 +/-   2.325194713371E-04
* Diminishing returns: exiting.
* After optimization:
  -2.3085E+00  -2.7609E+00  -2.6768E+00  -2.4163E+00  -2.5778E+00  -2.9112E+00
   5.5471E-01   5.3247E-01   2.7254E-01   3.1123E-01   8.6316E-01   4.1847E-01
   3.8597E-01   4.8717E-01   4.8771E-01   4.8155E-01   5.0772E-01   4.2292E-01
   4.2345E-01   3.2817E-02  -5.4274E-03   4.0891E-01   2.5490E-01   2.5352E-01
   1.5739E-01   1.6492E-01   1.8939E-01   1.9822E-01   3.4200E-02   3.5518E-02
   1.8229E-01   1.8721E-01   3.0505E-02   1.0109E-01   9.4676E-02   9.4826E-02
   8.8512E-02   2.1249E-01   2.1734E-01   1.8824E-01   1.8189E-01   1.8718E-01
   8.7814E-02   6.8085E-02  -3.3864E-02  -2.7488E-02  -6.1623E-02  -6.2979E-02
  -2.0654E-02  -2.0191E-02   4.9348E-01   4.8837E-01  -5.0843E-02  -5.2840E-02
  -1.9668E-02  -2.5763E-02  -4.9657E-02  -4.7633E-02  -8.4466E-02  -8.4400E-02
  -7.1898E-02  -7.2106E-02  -2.4032E-02  -2.2982E-02  -3.6503E-02  -3.4742E-02
  -2.8772E-03  -6.8989E-03  -6.9385E-03   7.6388E-03   7.4100E-03   8.5589E-03
   8.3333E-03  -1.2294E-03  -1.3420E-03  -2.1233E-03  -2.1805E-03  -1.4967E-03
  -1.9345E-04  -2.9345E-04  -3.3416E-03  -3.4174E-03  -2.6436E-03  -2.6291E-03
  -9.3649E-04  -1.0632E-03  -1.9643E-01  -5.3431E-01  -9.4043E-02  -1.9662E-01
  -1.1791E-01  -2.0394E-01  -4.5729E-01  -4.3268E-01  -2.4968E-01  -2.9204E-01
  -2.6756E-01  -2.9562E-01  -2.7267E-01  -2.6967E-01  -2.0248E-01  -2.4819E-01
   1.4549E-02  -5.8171E-02   1.9956E-02  -1.7698E-02  -2.2717E-01  -2.0635E-01
  -1.2380E-01  -1.2962E-01  -7.5440E-02  -8.4173E-02  -9.6650E-02  -1.0522E-01
  -3.0584E-04  -3.9205E-02  -8.0963E-02  -9.6468E-02   7.0746E-03  -4.3994E-02
  -2.4684E-02  -6.5485E-02  -5.7818E-03  -7.6224E-02  -5.7105E-02  -1.3817E-01
  -6.4347E-02  -9.6569E-02  -6.4393E-02  -8.7996E-02  -3.2997E-03  -6.2318E-02
   1.0504E-02   1.2649E-02   4.5241E-02   2.0005E-02   1.1905E-02  -7.1805E-04
  -2.1483E-01  -2.4707E-01   3.4137E-02   1.7878E-02   1.3626E-02   1.1092E-02
   2.5755E-02   2.3031E-02   4.7990E-02   3.8279E-02   3.7773E-02   3.4935E-02
   9.4750E-03   1.1434E-02   1.7444E-02   2.0890E-02  -4.2340E-03  -6.1160E-04
   3.3570E-03   3.6406E-03  -3.9749E-03  -4.3698E-03  -4.4554E-03  -4.5748E-03
   5.0341E-04   6.0774E-04   1.1229E-03   9.6732E-04   9.9201E-04   9.7113E-04
   1.8635E-04   1.3621E-04   1.6349E-03   1.6317E-03   1.1512E-03   1.3835E-03
   5.8028E-04   4.9376E-04   8.1646E-01   1.0083E+00   7.8913E-01   8.7673E-01
   1.0073E+00   9.6736E-01  -4.2491E-01  -2.5926E-01  -2.2822E-01  -3.5580E-01
  -2.7182E-01  -1.9920E-01  -2.1997E-01  -3.1385E-01  -4.4965E-02   2.3417E-02
  -2.1976E-01   1.7443E-02   5.1403E-04  -1.1675E-01  -2.6261E-02  -1.7672E-02
  -3.4764E-02  -1.9166E-02   4.5559E-03  -9.8722E-02   2.1745E-02   3.6802E-02
  -3.8149E-02  -3.0865E-02   7.2717E-03   4.9981E-03  -9.2868E-02   1.2444E-02
   1.2889E-02   4.6567E-03   2.3817E-02   3.0287E-03  -1.9261E-02   1.1897E-02
  -1.5704E-02   1.7782E-03  -2.7691E-05   1.7732E-03  -1.0168E-05   4.9373E-04
   7.7383E-04   1.6382E-04   4.7934E-04  -2.4538E-04   2.0966E-05  -4.0329E-01
  -1.6278E-01  -2.1791E-01  -3.2989E-01  -7.3598E-02  -5.0747E-02  -6.0690E-02
  -2.4480E-01  -3.2886E-02  -4.8540E-02  -1.6433E-01   5.7398E-02   4.6363E-02
  -8.8563E-02  -1.0049E-02   1.0907E-02   2.0549E-03   5.4757E-03   1.5133E-02
  -3.3481E-02  -1.9732E-02  -1.5128E-02   7.6206E-02  -4.4284E-03  -2.4956E-02
  -2.7255E-03  -5.9089E-02  -1.2390E-02  -2.6007E-02  -4.0498E-03   6.7029E-03
   7.4715E-03  -2.5846E-03   6.1173E-03  -1.7201E-03   1.4442E-03   6.4146E-04
  -1.7163E-04  -2.8599E-04  -8.2547E-05  -4.7302E-05  -3.8498E-05  -3.6199E-04
   7.5810E-04   6.4355E-04  -3.5603E-01  -2.1503E-01  -1.7409E-01  -3.3079E-01
  -1.2651E-01  -1.0796E-01  -1.3327E-01  -2.4017E-01  -5.2168E-03   4.1525E-02
  -1.5501E-01  -3.0278E-02  -3.7242E-02  -9.8340E-02  -1.0822E-03  -1.4135E-02
  -1.3182E-02  -1.9171E-02   3.3078E-03  -1.1454E-01   6.2840E-02   7.9991E-02
  -7.6744E-02  -4.7302E-03   2.4156E-02   1.5644E-02  -9.0517E-02   2.3659E-02
   3.4146E-02   1.1633E-02   1.5093E-02  -3.2453E-03  -1.0250E-02   8.4481E-03
  -6.8557E-03   1.2213E-03  -4.2956E-04   9.9982E-04  -3.3263E-04   5.9332E-04
   4.5603E-04   9.8385E-05   1.0159E-03  -1.2790E-04  -2.4187E-04  -5.4932E-01
  -1.4894E-01  -2.1192E-01  -4.0982E-01  -8.4189E-02  -4.5199E-02  -4.5970E-02
  -2.3376E-01  -1.2877E-03  -3.1176E-02  -1.0478E-01   1.4880E-02   7.6997E-03
  -5.8812E-02   1.1881E-02   7.2608E-03   2.4677E-02   3.6296E-03   1.0862E-02
  -4.5739E-02   1.6185E-02   2.5941E-02   3.3183E-02   1.6639E-02  -1.0678E-02
   7.8665E-03  -5.4018E-02  -4.4743E-03  -7.4722E-03   2.8622E-04   6.7643E-04
   5.8398E-04   3.9537E-03   6.0765E-03   9.3350E-03   9.2503E-04   4.7498E-04
  -1.0518E-03  -4.4806E-04  -3.2583E-05  -4.4570E-04  -3.8998E-05  -7.3556E-05
   1.1554E-03   6.4640E-04
  > Energy =  -8.412679884501E+02 +/-   2.325194713371E-04
  > varE =   5.425561442292E-03

VMC #4:
* Size of Hilbert space =   4.9763E+11
* Number of equil. steps   = 1000
* Running VMC equilibration.
  Done. [total walltime: 0.23s]
* Equil. acc.ratio (%)     =  13.1985
* Sample config after equilibration:
  +---------------------+
  |  2   2   2   d   0  |
  |d   0   0   u   2   2|
  |0   0   u   u   0   0|
  |  u   2   d   d   2  |
  +---------------------+
* Number of accum. steps   = 501760 x 10
* Running VMC accumulation.
    [walltime: 1m elapsed, 54.2s remaining]
  Done. [total walltime: 1m54s]
* Acceptance ratio (%)     =  13.1409
* Etot/t                   =  -8.412676037643E+02 +/-   1.056744559746E-04
  > Ttot/t                 =  -7.559669870549E+01 +/-   9.296830574433E-04
  > Utot/t                 =   3.303023682770E+01 +/-   9.203717895706E-04
* var[Eloc/t]              =   5.487697508555E-03 +/-   3.752175977556E-05
* Correlation length       =   1.021047423545E+00
* log10 Psi^2 range: -24.270308976395420 -- -11.787491255464202
* log10 Pgen range : -24.270308976395420 -- -11.787491255464202
* Site occupation (ave. no. electrons per config.):
  > Site_  ___eu____  ___ed____
      1        0.496      0.498
      2        0.499      0.497
      3        0.500      0.498
      4        0.496      0.506
      5        0.506      0.502
      6        0.503      0.504
      7        0.502      0.501
      8        0.501      0.501
      9        0.496      0.499
     10        0.499      0.500
     11        0.501      0.504
     12        0.504      0.501
     13        0.503      0.496
     14        0.499      0.497
     15        0.500      0.496
     16        0.500      0.502
     17        0.503      0.503
     18        0.504      0.500
     19        0.498      0.497
     20        0.497      0.500
     21        0.498      0.499
     22        0.495      0.499
* Pair-correlation analysis (ave. no. pairs per config.):
  > Shell  nsite  ___dh____  __eueu___  __eued___
      0      1        0          0          3.820
      1      0        0.907      0.510      2.600
      2      0        0.277      0.698      1.067
      3      0        0.262      0.724      1.062
      4      0        0.229      0.756      1.066
      5      0        0.749      0.886      2.412
      6      0        0.646      1.131      2.292
      7      0        0.546      1.358      2.188
      8      0        0.451      1.551      2.096
      9      0        0.072      0.410      0.577
     10      0        0.140      0.830      1.143
     11      0        0.138      0.855      1.092
     12      0        0.230      2.101      1.929
     13      0        0.224      2.086      1.921
     14      0        0.266      1.900      2.059
     15      0        0.305      1.866      2.056
     16      0        0.240      2.054      1.941
     17      0        0.157      0.925      1.031
     18      0        0.249      2.091      1.918
     19      0        0.248      2.125      1.898
     20      0        0.239      2.097      1.916
     21      0        0.139      1.042      0.950
     22      0        0.270      2.085      1.911
     23      0        0.241      2.135      1.888
     24      0        0.219      1.961      2.055
     25      0        0.249      2.052      1.958
     26      0        0.219      1.964      2.086
     27      0        0.210      2.140      1.889
     28      0        0.250      2.044      1.960
     29      0        0.223      2.070      1.954
     30      0        0.249      2.015      1.966
     31      0        0.289      1.928      2.023
     32      0        0.280      2.022      1.947
     33      0        0.223      1.994      2.025
     34      0        0.260      1.946      2.028
     35      0        0.111      0.998      1.022
     36      0        0.261      2.018      1.954
     37      0        0.261      1.900      2.090
     38      0        0.256      1.933      2.063
     39      0        0.252      1.977      2.017
     40      0        0.252      2.014      1.979
     41      0        0.138      0.982      0.999
     42      0        0.255      1.978      1.990
     43      0        0.226      2.031      1.994
     44      0        0.227      1.988      2.036
     45      0        0.256      1.992      1.971
     46      0        0.223      2.022      1.995
     47      0        0.140      0.996      0.984
     48      0        0.253      1.975      2.008
     49      0        0.108      1.025      0.999
     50      0        0.242      1.994      1.989
     51      0        0.221      2.019      2.006
     52      0        0.248      1.989      1.996
     53      0        0.216      2.016      2.008
     54      0        0.215      2.007      2.016
     55      0        0.254      2.000      1.983
     56      0        0.245      1.984      1.994
     57      0        0.248      1.997      1.989
     58      0        0.108      1.002      0.994
     59      0        0.222      2.007      2.018
     60      0        0.217      1.995      2.008
     61      0        0.108      1.001      0.997
     62      0        0.110      1.005      1.001
     63      0        0.220      1.996      2.004
     64      0        0.110      1.005      1.000
     65      0        0.248      1.960      2.022
     66      0        0.120      0.924      1.075
     67      0        0.060      0.460      0.537
     68      0        0.060      0.462      0.536

Optimization #4:
* Method          : lls
* Target function : energy
* No. of configs. : 100352
* No. of params.  : 362
* Before optimization:
  -2.3085E+00  -2.7609E+00  -2.6768E+00  -2.4163E+00  -2.5778E+00  -2.9112E+00
   5.5471E-01   5.3247E-01   2.7254E-01   3.1123E-01   8.6316E-01   4.1847E-01
   3.8597E-01   4.8717E-01   4.8771E-01   4.8155E-01   5.0772E-01   4.2292E-01
   4.2345E-01   3.2817E-02  -5.4274E-03   4.0891E-01   2.5490E-01   2.5352E-01
   1.5739E-01   1.6492E-01   1.8939E-01   1.9822E-01   3.4200E-02   3.5518E-02
   1.8229E-01   1.8721E-01   3.0505E-02   1.0109E-01   9.4676E-02   9.4826E-02
   8.8512E-02   2.1249E-01   2.1734E-01   1.8824E-01   1.8189E-01   1.8718E-01
   8.7814E-02   6.8085E-02  -3.3864E-02  -2.7488E-02  -6.1623E-02  -6.2979E-02
  -2.0654E-02  -2.0191E-02   4.9348E-01   4.8837E-01  -5.0843E-02  -5.2840E-02
  -1.9668E-02  -2.5763E-02  -4.9657E-02  -4.7633E-02  -8.4466E-02  -8.4400E-02
  -7.1898E-02  -7.2106E-02  -2.4032E-02  -2.2982E-02  -3.6503E-02  -3.4742E-02
  -2.8772E-03  -6.8989E-03  -6.9385E-03   7.6388E-03   7.4100E-03   8.5589E-03
   8.3333E-03  -1.2294E-03  -1.3420E-03  -2.1233E-03  -2.1805E-03  -1.4967E-03
  -1.9345E-04  -2.9345E-04  -3.3416E-03  -3.4174E-03  -2.6436E-03  -2.6291E-03
  -9.3649E-04  -1.0632E-03  -1.9643E-01  -5.3431E-01  -9.4043E-02  -1.9662E-01
  -1.1791E-01  -2.0394E-01  -4.5729E-01  -4.3268E-01  -2.4968E-01  -2.9204E-01
  -2.6756E-01  -2.9562E-01  -2.7267E-01  -2.6967E-01  -2.0248E-01  -2.4819E-01
   1.4549E-02  -5.8171E-02   1.9956E-02  -1.7698E-02  -2.2717E-01  -2.0635E-01
  -1.2380E-01  -1.2962E-01  -7.5440E-02  -8.4173E-02  -9.6650E-02  -1.0522E-01
  -3.0584E-04  -3.9205E-02  -8.0963E-02  -9.6468E-02   7.0746E-03  -4.3994E-02
  -2.4684E-02  -6.5485E-02  -5.7818E-03  -7.6224E-02  -5.7105E-02  -1.3817E-01
  -6.4347E-02  -9.6569E-02  -6.4393E-02  -8.7996E-02  -3.2997E-03  -6.2318E-02
   1.0504E-02   1.2649E-02   4.5241E-02   2.0005E-02   1.1905E-02  -7.1805E-04
  -2.1483E-01  -2.4707E-01   3.4137E-02   1.7878E-02   1.3626E-02   1.1092E-02
   2.5755E-02   2.3031E-02   4.7990E-02   3.8279E-02   3.7773E-02   3.4935E-02
   9.4750E-03   1.1434E-02   1.7444E-02   2.0890E-02  -4.2340E-03  -6.1160E-04
   3.3570E-03   3.6406E-03  -3.9749E-03  -4.3698E-03  -4.4554E-03  -4.5748E-03
   5.0341E-04   6.0774E-04   1.1229E-03   9.6732E-04   9.9201E-04   9.7113E-04
   1.8635E-04   1.3621E-04   1.6349E-03   1.6317E-03   1.1512E-03   1.3835E-03
   5.8028E-04   4.9376E-04   8.1646E-01   1.0083E+00   7.8913E-01   8.7673E-01
   1.0073E+00   9.6736E-01  -4.2491E-01  -2.5926E-01  -2.2822E-01  -3.5580E-01
  -2.7182E-01  -1.9920E-01  -2.1997E-01  -3.1385E-01  -4.4965E-02   2.3417E-02
  -2.1976E-01   1.7443E-02   5.1403E-04  -1.1675E-01  -2.6261E-02  -1.7672E-02
  -3.4764E-02  -1.9166E-02   4.5559E-03  -9.8722E-02   2.1745E-02   3.6802E-02
  -3.8149E-02  -3.0865E-02   7.2717E-03   4.9981E-03  -9.2868E-02   1.2444E-02
   1.2889E-02   4.6567E-03   2.3817E-02   3.0287E-03  -1.9261E-02   1.1897E-02
  -1.5704E-02   1.7782E-03  -2.7691E-05   1.7732E-03  -1.0168E-05   4.9373E-04
   7.7383E-04   1.6382E-04   4.7934E-04  -2.4538E-04   2.0966E-05  -4.0329E-01
  -1.6278E-01  -2.1791E-01  -3.2989E-01  -7.3598E-02  -5.0747E-02  -6.0690E-02
  -2.4480E-01  -3.2886E-02  -4.8540E-02  -1.6433E-01   5.7398E-02   4.6363E-02
  -8.8563E-02  -1.0049E-02   1.0907E-02   2.0549E-03   5.4757E-03   1.5133E-02
  -3.3481E-02  -1.9732E-02  -1.5128E-02   7.6206E-02  -4.4284E-03  -2.4956E-02
  -2.7255E-03  -5.9089E-02  -1.2390E-02  -2.6007E-02  -4.0498E-03   6.7029E-03
   7.4715E-03  -2.5846E-03   6.1173E-03  -1.7201E-03   1.4442E-03   6.4146E-04
  -1.7163E-04  -2.8599E-04  -8.2547E-05  -4.7302E-05  -3.8498E-05  -3.6199E-04
   7.5810E-04   6.4355E-04  -3.5603E-01  -2.1503E-01  -1.7409E-01  -3.3079E-01
  -1.2651E-01  -1.0796E-01  -1.3327E-01  -2.4017E-01  -5.2168E-03   4.1525E-02
  -1.5501E-01  -3.0278E-02  -3.7242E-02  -9.8340E-02  -1.0822E-03  -1.4135E-02
  -1.3182E-02  -1.9171E-02   3.3078E-03  -1.1454E-01   6.2840E-02   7.9991E-02
  -7.6744E-02  -4.7302E-03   2.4156E-02   1.5644E-02  -9.0517E-02   2.3659E-02
   3.4146E-02   1.1633E-02   1.5093E-02  -3.2453E-03  -1.0250E-02   8.4481E-03
  -6.8557E-03   1.2213E-03  -4.2956E-04   9.9982E-04  -3.3263E-04   5.9332E-04
   4.5603E-04   9.8385E-05   1.0159E-03  -1.2790E-04  -2.4187E-04  -5.4932E-01
  -1.4894E-01  -2.1192E-01  -4.0982E-01  -8.4189E-02  -4.5199E-02  -4.5970E-02
  -2.3376E-01  -1.2877E-03  -3.1176E-02  -1.0478E-01   1.4880E-02   7.6997E-03
  -5.8812E-02   1.1881E-02   7.2608E-03   2.4677E-02   3.6296E-03   1.0862E-02
  -4.5739E-02   1.6185E-02   2.5941E-02   3.3183E-02   1.6639E-02  -1.0678E-02
   7.8665E-03  -5.4018E-02  -4.4743E-03  -7.4722E-03   2.8622E-04   6.7643E-04
   5.8398E-04   3.9537E-03   6.0765E-03   9.3350E-03   9.2503E-04   4.7498E-04
  -1.0518E-03  -4.4806E-04  -3.2583E-05  -4.4570E-04  -3.8998E-05  -7.3556E-05
   1.1554E-03   6.4640E-04
  > E    =  -8.412677851008E+02 +/-   2.329998662086E-04
  > varE =   5.448003471377E-03
* Computing derivatives.
    [walltime: 2m44s elapsed, 2h11m remaining]
    [walltime: 1h1m elapsed, 1h12m remaining]
  Done. [total walltime: 2h14m]
* Optimizing manipulation constant:
  #igrid a___________ E____________________________________ varE____________
     1     Infinity    -8.41267785E+02 +/-   2.32999866E-04   5.44800347E-03
     2     1.0000E+06  -8.41267785E+02 +/-   2.32999813E-04   5.44800100E-03
     3     2.1544E+05  -8.41267785E+02 +/-   2.32999621E-04   5.44799201E-03
     4     4.6416E+04  -8.41267785E+02 +/-   2.32998728E-04   5.44795026E-03
     5     1.0000E+04  -8.41267785E+02 +/-   2.32994585E-04   5.44775651E-03
     6     2.1544E+03  -8.41267786E+02 +/-   2.32975366E-04   5.44685781E-03
     7     4.6416E+02  -8.41267791E+02 +/-   2.32886425E-04   5.44269978E-03
     8     1.0000E+02  -8.41267814E+02 +/-   2.32479237E-04   5.42368397E-03
     9     2.1544E+01  -8.41267912E+02 +/-   2.30705234E-04   5.34122566E-03
    10     4.6416E+00  -8.41268237E+02 +/-   2.24630951E-04   5.06366801E-03
    11     1.0000E+00  -8.41266225E+02 +/-   2.61233416E-04   6.84831125E-03
    12     2.1544E-01  -8.39269843E+02 +/-   2.75143218E-02   7.59702679E+01
    13     4.6416E-02   7.03955722E+07 +/-   1.77403333E+05   3.15827237E+15
    14     1.0000E-02   1.98412157E+09 +/-   4.94825719E+06   2.45714373E+18
    15     2.1544E-03   4.08663064E+09 +/-   1.02437119E+07   1.05303000E+19
    16     4.6416E-04   4.77570463E+09 +/-   1.19873576E+07   1.44202555E+19
    17     1.0000E-04   4.93878357E+09 +/-   1.24005063E+07   1.54313836E+19
    18     2.1544E-05   4.97464218E+09 +/-   1.24913756E+07   1.56583707E+19
    19     4.6416E-06   4.98240179E+09 +/-   1.25110404E+07   1.57077104E+19
    20     1.0000E-06   4.98407512E+09 +/-   1.25152811E+07   1.57183606E+19
    21     0.0000E+00   4.98453472E+09 +/-   1.25164458E+07   1.57212865E+19
  ParMin   8.0745E+00  -8.41268085E+02 +/-   2.27506854E-04   5.19415618E-03
  # Using grid point #10
* Iteration # 1: E =  -8.412682370785E+02 +/-   2.246309510779E-04
* Computing derivatives.
    [walltime: 2m44s elapsed, 2h11m remaining]
    [walltime: 1h1m elapsed, 1h12m remaining]
srun: Job step aborted: Waiting up to 32 seconds for job step to finish.
slurmstepd: error: *** JOB 779914 ON alnode265 CANCELLED AT 2025-09-04T08:47:04 DUE TO TIME LIMIT ***
slurmstepd: error: *** STEP 779914.0 ON alnode265 CANCELLED AT 2025-09-04T08:47:04 DUE TO TIME LIMIT ***
