Run started: Thu 19 Jun 16:13:31 CEST 2025
Using VDAGGER_ARCH = gnu7_fkfamd_cluster
Running 4x128 MPI processes.

                               xx
                              +##
                               #X
                               Xx
                          X##XxXxxX##x
                           +   Xx  ++
                               ##
                              +##
                              +##
     ++++         ++          +##
   xX+++##+      ####         +##
  Xx    ###      +X##          ##
 xX    X##+        ##          #X
 +    x##X         #x          #X
      ###         +#           x+
     X##+         #+
     ###         Xx                    _______
     ##X       +X+   __________________VDAGGER
     +##x    +xX     2nd quantized variational
       +xxxxx+       ______quantum Monte Carlo

* Running 512 MPI processes.
* Input file: "input.casl"

############# Start of input file dump #############
System:
  Read Hamiltonian: FCIDUMP_loc_benzene
  Read orbitals: LTSC_benzene
  Complex orbitals: F

VMC:
  nstep: 500000
  nconfig: 50000

Jastrow: wfn.casl

Multideterminants: wfn.casl
############## End of input file dump ##############

General setup:
* Random seed: 1906089400 (from timer)

* Loaded integrals for system with nelec=6, ms2=0, norb=6
* INFO: setting number of electrons from integrals file.
* Analysis of Hamiltonian connecitivity performed:
  - T_ii (local, 1-site): 6 (i) values
  - U_iiii [opp] (local, 1-site): 6 (i) values
  - U_kkii [opp] (local, 2-site): 30 contribs. from 6 (i) values
  - U_kkii [par] (local, 2-site): 15 contribs. from 5 (i) values
  - T_ji (single, 2-site): 30 contribs. from 6 (i) values
  - U_kkji [opp] (single, 2/3-site): 180 contribs. from 30 (i,j) pairs
  - U_kkji [par] (single, 3-site): 150 contribs. from 30 (i,j) pairs
  - U_lkji [opp] (double, 2/3/4-site): 900 contribs. from 30 (i,j) pairs
  - U_lkji [par] (double, 4-site): 170 contribs. from 20 (i,j) pairs
  - Max. no. wfn. ratios in Eloc: 255
* Reading override orbitals from file "LTSC_benzene".
* Automatically set Site kinds:
  [ 1, 1, 1, 1, 1, 1, 1 ]
* Automatically set Site pair kinds:
  Site 1: [ 0, 1, 2, 3, 4, 5 ]
  Site 2: [ 1, 0, 2, 3, 5, 4 ]
  Site 3: [ 2, 2, 0, 5, 3, 3 ]
  Site 4: [ 3, 3, 5, 0, 2, 2 ]
  Site 5: [ 4, 5, 3, 2, 0, 1 ]
  Site 6: [ 5, 4, 3, 2, 1, 0 ]
General system setup:
* Number of sites       : 6
* Number of electrons   : 6
* Spin imbalance MS2    : 0
* Filling               : 0.500000
* Number of orbitals in pool: 6
* Using real-valued orbitals
* Using double-precision arithmetic for orbitals

Trial wave function setup:
* Jastrow parameter file: "wfn.casl"
* Multideterminant parameter file: "wfn.casl"
* Not using a backflow transformation
* Not using wave function manipulation

VMC #1:
* Size of Hilbert space =   4.0000E+02
* Deterministic energy evaluation:
  > Deterministic Etot/t = -230.65566273181412
    - Ttot/t = -10.218051375584317
    - Utot/t = 3.8048804979181328
* Number of equil. steps   = 1000
* Running VMC equilibration.
  Done. [total walltime: 0.02s]
* Equil. acc.ratio (%)     =  12.5886
* Sample config after equilibration:
[draw: system is not Hubbard model]
* Number of accum. steps   = 501760 x 10
* Running VMC accumulation.
  Done. [total walltime: 2.16s]
* Acceptance ratio (%)     =  12.6173
* Etot/t                   =  -2.306560554830E+02 +/-   2.340001697307E-04
  > Ttot/t                 =  -1.021880087061E+01 +/-   4.729342018433E-04
  > Utot/t                 =   3.805237241760E+00 +/-   2.540339312232E-04
* var[Eloc/t]              =   2.696030502364E-02 +/-   2.284892683316E-04
* Correlation length       =   1.019068975396E+00

Optimization #1:
* Method          : lls
* Target function : energy
* No. of configs. : 50176
* No. of params.  : 23
* Before optimization:
  -1.9900E+00   1.5950E-01   5.2887E-01   1.6457E-01   5.3610E-01  -1.3146E-02
  -8.4015E-02  -1.2492E-01  -1.3685E-01  -2.1640E-01  -8.9323E-02  -1.2780E-01
  -1.4066E-01  -2.1685E-01  -1.6347E-01  -1.6347E-01   1.0802E-01   8.5008E-02
   7.1306E-02  -7.1306E-02   5.0948E-02  -5.0948E-02  -4.4402E-02
  > E    =  -2.306557377315E+02 +/-   7.284048157745E-04
  > varE =   2.662205973148E-02
* Computing derivatives.
  Done. [total walltime: 1.10s]
* Optimizing manipulation constant:
  #igrid a___________ E____________________________________ varE____________
     1     Infinity    -2.30655738E+02 +/-   7.28404816E-04   2.66220597E-02
     2     1.0000E+06  -2.30655738E+02 +/-   7.28404354E-04   2.66220260E-02
     3     2.1544E+05  -2.30655738E+02 +/-   7.28402672E-04   2.66219031E-02
     4     4.6416E+04  -2.30655739E+02 +/-   7.28394868E-04   2.66213326E-02
     5     1.0000E+04  -2.30655743E+02 +/-   7.28358643E-04   2.66186847E-02
     6     2.1544E+03  -2.30655762E+02 +/-   7.28190542E-04   2.66063993E-02
     7     4.6416E+02  -2.30655850E+02 +/-   7.27411174E-04   2.65494772E-02
     8     1.0000E+02  -2.30656257E+02 +/-   7.23812619E-04   2.62874426E-02
     9     2.1544E+01  -2.30658079E+02 +/-   7.07504212E-04   2.51162095E-02
    10     4.6416E+00  -2.30665361E+02 +/-   6.39169079E-04   2.04987581E-02
    11     1.0000E+00  -2.30684556E+02 +/-   4.19689692E-04   8.83797244E-03
    12     2.1544E-01  -2.30698960E+02 +/-   1.51484259E-04   1.15141279E-03
    13     4.6416E-02  -2.30690808E+02 +/-   3.62063042E-04   6.57755411E-03
    14     1.0000E-02  -2.30684232E+02 +/-   4.54947242E-04   1.03852776E-02
    15     2.1544E-03  -2.30682341E+02 +/-   4.77559789E-04   1.14433068E-02
    16     4.6416E-04  -2.30681907E+02 +/-   4.82559795E-04   1.16841818E-02
    17     1.0000E-04  -2.30681813E+02 +/-   4.83643047E-04   1.17366981E-02
    18     2.1544E-05  -2.30681792E+02 +/-   4.83876707E-04   1.17480414E-02
    19     4.6416E-06  -2.30681788E+02 +/-   4.83927061E-04   1.17504866E-02
    20     1.0000E-06  -2.30681787E+02 +/-   4.83937910E-04   1.17510135E-02
    21     0.0000E+00  -2.30681786E+02 +/-   4.83940889E-04   1.17511582E-02
  ParMin   1.7542E-01  -2.30698713E+02 +/-   1.69832761E-04   1.44723474E-03
  # Using grid point #12
* Iteration # 1: E =  -2.306989603942E+02 +/-   1.514842589056E-04
* Computing derivatives.
  Done. [total walltime: 1.10s]
* Optimizing manipulation constant:
  #igrid a___________ E____________________________________ varE____________
     1     Infinity    -2.30698960E+02 +/-   1.51484259E-04   1.15141279E-03
     2     1.0000E+06  -2.30698960E+02 +/-   1.51484156E-04   1.15141122E-03
     3     2.1544E+05  -2.30698960E+02 +/-   1.51483780E-04   1.15140552E-03
     4     4.6416E+04  -2.30698960E+02 +/-   1.51482038E-04   1.15137903E-03
     5     1.0000E+04  -2.30698961E+02 +/-   1.51473953E-04   1.15125612E-03
     6     2.1544E+03  -2.30698961E+02 +/-   1.51436441E-04   1.15068600E-03
     7     4.6416E+02  -2.30698964E+02 +/-   1.51262729E-04   1.14804761E-03
     8     1.0000E+02  -2.30698975E+02 +/-   1.50464949E-04   1.13596964E-03
     9     2.1544E+01  -2.30699025E+02 +/-   1.46936379E-04   1.08331486E-03
    10     4.6416E+00  -2.30699209E+02 +/-   1.33584753E-04   8.95385011E-04
    11     1.0000E+00  -2.30699603E+02 +/-   1.02890504E-04   5.31186010E-04
    12     2.1544E-01  -2.30699909E+02 +/-   7.71730821E-05   2.98832430E-04
    13     4.6416E-02  -2.30699980E+02 +/-   7.15161095E-05   2.56627857E-04
    14     1.0000E-02  -2.30699987E+02 +/-   7.11692933E-05   2.54144868E-04
    15     2.1544E-03  -2.30699987E+02 +/-   7.11803697E-05   2.54223981E-04
    16     4.6416E-04  -2.30699987E+02 +/-   7.11875050E-05   2.54274952E-04
    17     1.0000E-04  -2.30699987E+02 +/-   7.11892714E-05   2.54287571E-04
    18     2.1544E-05  -2.30699987E+02 +/-   7.11896627E-05   2.54290366E-04
    19     4.6416E-06  -2.30699987E+02 +/-   7.11897475E-05   2.54290972E-04
    20     1.0000E-06  -2.30699987E+02 +/-   7.11897658E-05   2.54291103E-04
    21     0.0000E+00  -2.30699987E+02 +/-   7.11897708E-05   2.54291139E-04
* Iteration # 2: E =  -2.306999872011E+02 +/-   7.118966273065E-05
* Computing derivatives.
  Done. [total walltime: 1.09s]
* Optimizing manipulation constant:
  #igrid a___________ E____________________________________ varE____________
     1     Infinity    -2.30699987E+02 +/-   7.11896627E-05   2.54290366E-04
     2     1.0000E+06  -2.30699987E+02 +/-   7.11896545E-05   2.54290307E-04
     3     2.1544E+05  -2.30699987E+02 +/-   7.11896243E-05   2.54290092E-04
     4     4.6416E+04  -2.30699987E+02 +/-   7.11894845E-05   2.54289093E-04
     5     1.0000E+04  -2.30699987E+02 +/-   7.11888356E-05   2.54284457E-04
     6     2.1544E+03  -2.30699987E+02 +/-   7.11858253E-05   2.54262952E-04
     7     4.6416E+02  -2.30699987E+02 +/-   7.11718897E-05   2.54163411E-04
     8     1.0000E+02  -2.30699987E+02 +/-   7.11079911E-05   2.53707237E-04
     9     2.1544E+01  -2.30699987E+02 +/-   7.08273175E-05   2.51708351E-04
    10     4.6416E+00  -2.30699988E+02 +/-   6.97927179E-05   2.44408473E-04
    11     1.0000E+00  -2.30699992E+02 +/-   6.77316457E-05   2.30186205E-04
    12     2.1544E-01  -2.30699970E+02 +/-   6.96033894E-05   2.43084246E-04
    13     4.6416E-02  -2.30699911E+02 +/-   7.48391466E-05   2.81030651E-04
    14     1.0000E-02  -2.30699886E+02 +/-   7.67406918E-05   2.95493177E-04
    15     2.1544E-03  -2.30699880E+02 +/-   7.71859991E-05   2.98932474E-04
    16     4.6416E-04  -2.30699878E+02 +/-   7.72834080E-05   2.99687457E-04
    17     1.0000E-04  -2.30699878E+02 +/-   7.73044599E-05   2.99850748E-04
    18     2.1544E-05  -2.30699878E+02 +/-   7.73089984E-05   2.99885958E-04
    19     4.6416E-06  -2.30699878E+02 +/-   7.73099763E-05   2.99893545E-04
    20     1.0000E-06  -2.30699878E+02 +/-   7.73101870E-05   2.99895179E-04
    21     0.0000E+00  -2.30699878E+02 +/-   7.73102449E-05   2.99895628E-04
  ParMin   1.4432E+00  -2.30699991E+02 +/-   6.82015722E-05   2.33391378E-04
  # Using grid point #11
* Iteration # 3: E =  -2.306999917669E+02 +/-   6.773164570418E-05
* Convergence: exiting.
* After optimization:
  -1.6657E+00   1.2326E-01   4.8216E-01   1.0650E-01   4.7219E-01  -6.8433E-03
  -7.6179E-02  -3.8553E-02  -3.3681E-01  -1.6342E-01  -6.7747E-02  -2.8472E-02
  -3.4130E-01  -1.6014E-01  -7.9542E-02  -7.8451E-02   5.6466E-02  -2.7131E-02
   1.3694E-02  -1.2986E-02  -3.7577E-03   3.7824E-03  -8.8306E-03
  > Energy =  -2.306999917669E+02 +/-   6.773164570418E-05
  > varE =   2.301862048359E-04

VMC #2:
* Size of Hilbert space =   4.0000E+02
* Deterministic energy evaluation:
  > Deterministic Etot/t = -230.70003006832391
    - Ttot/t = -10.362944719586077
    - Utot/t = 3.9054065054100460
* Number of equil. steps   = 1000
* Running VMC equilibration.
  Done. [total walltime: 0.01s]
* Equil. acc.ratio (%)     =  21.1724
* Sample config after equilibration:
[draw: system is not Hubbard model]
* Number of accum. steps   = 501760 x 10
* Running VMC accumulation.
  Done. [total walltime: 1.65s]
* Acceptance ratio (%)     =  21.1381
* Etot/t                   =  -2.307000456467E+02 +/-   2.224147631305E-05
  > Ttot/t                 =  -1.036319293687E+01 +/-   2.958202203869E-04
  > Utot/t                 =   3.905639144369E+00 +/-   2.950253606721E-04
* var[Eloc/t]              =   2.350538889367E-04 +/-   4.143926564151E-06
* Correlation length       =   1.055980302932E+00

Optimization #2:
* Method          : lls
* Target function : energy
* No. of configs. : 50176
* No. of params.  : 23
* Before optimization:
  -1.6657E+00   1.2326E-01   4.8216E-01   1.0650E-01   4.7219E-01  -6.8433E-03
  -7.6179E-02  -3.8553E-02  -3.3681E-01  -1.6342E-01  -6.7747E-02  -2.8472E-02
  -3.4130E-01  -1.6014E-01  -7.9542E-02  -7.8451E-02   5.6466E-02  -2.7131E-02
   1.3694E-02  -1.2986E-02  -3.7577E-03   3.7824E-03  -8.8306E-03
  > E    =  -2.307001055453E+02 +/-   7.001209660608E-05
  > varE =   2.459473816451E-04
* Computing derivatives.
  Done. [total walltime: 1.10s]
* Optimizing manipulation constant:
  #igrid a___________ E____________________________________ varE____________
     1     Infinity    -2.30700106E+02 +/-   7.00120966E-05   2.45947382E-04
     2     1.0000E+06  -2.30700106E+02 +/-   7.00120859E-05   2.45947306E-04
     3     2.1544E+05  -2.30700106E+02 +/-   7.00120468E-05   2.45947032E-04
     4     4.6416E+04  -2.30700106E+02 +/-   7.00118655E-05   2.45945758E-04
     5     1.0000E+04  -2.30700106E+02 +/-   7.00110239E-05   2.45939845E-04
     6     2.1544E+03  -2.30700106E+02 +/-   7.00071215E-05   2.45912429E-04
     7     4.6416E+02  -2.30700106E+02 +/-   6.99890865E-05   2.45785743E-04
     8     1.0000E+02  -2.30700106E+02 +/-   6.99070326E-05   2.45209771E-04
     9     2.1544E+01  -2.30700109E+02 +/-   6.95590698E-05   2.42774779E-04
    10     4.6416E+00  -2.30700116E+02 +/-   6.84501553E-05   2.35095823E-04
    11     1.0000E+00  -2.30700130E+02 +/-   6.70040270E-05   2.25267141E-04
    12     2.1544E-01  -2.30700138E+02 +/-   6.70435077E-05   2.25532687E-04
    13     4.6416E-02  -2.30700139E+02 +/-   6.75196323E-05   2.28747404E-04
    14     1.0000E-02  -2.30700139E+02 +/-   6.76960250E-05   2.29944154E-04
    15     2.1544E-03  -2.30700139E+02 +/-   6.77390562E-05   2.30236577E-04
    16     4.6416E-04  -2.30700139E+02 +/-   6.77485836E-05   2.30301346E-04
    17     1.0000E-04  -2.30700139E+02 +/-   6.77506484E-05   2.30315384E-04
    18     2.1544E-05  -2.30700139E+02 +/-   6.77510938E-05   2.30318413E-04
    19     4.6416E-06  -2.30700139E+02 +/-   6.77511898E-05   2.30319065E-04
    20     1.0000E-06  -2.30700139E+02 +/-   6.77512105E-05   2.30319206E-04
    21     0.0000E+00  -2.30700139E+02 +/-   6.77512162E-05   2.30319245E-04
* Iteration # 1: E =  -2.307001389961E+02 +/-   6.751963231322E-05
* Computing derivatives.
  Done. [total walltime: 1.10s]
* Optimizing manipulation constant:
  #igrid a___________ E____________________________________ varE____________
     1     Infinity    -2.30700139E+02 +/-   6.75196323E-05   2.28747404E-04
     2     1.0000E+06  -2.30700139E+02 +/-   6.75196314E-05   2.28747398E-04
     3     2.1544E+05  -2.30700139E+02 +/-   6.75196281E-05   2.28747376E-04
     4     4.6416E+04  -2.30700139E+02 +/-   6.75196129E-05   2.28747273E-04
     5     1.0000E+04  -2.30700139E+02 +/-   6.75195423E-05   2.28746794E-04
     6     2.1544E+03  -2.30700139E+02 +/-   6.75192148E-05   2.28744575E-04
     7     4.6416E+02  -2.30700139E+02 +/-   6.75176986E-05   2.28734302E-04
     8     1.0000E+02  -2.30700139E+02 +/-   6.75107463E-05   2.28687199E-04
     9     2.1544E+01  -2.30700139E+02 +/-   6.74801852E-05   2.28480199E-04
    10     4.6416E+00  -2.30700140E+02 +/-   6.73660024E-05   2.27707633E-04
    11     1.0000E+00  -2.30700141E+02 +/-   6.70997016E-05   2.25910915E-04
    12     2.1544E-01  -2.30700141E+02 +/-   6.71413037E-05   2.26191133E-04
    13     4.6416E-02  -2.30700089E+02 +/-   7.27149251E-05   2.65303610E-04
    14     1.0000E-02  -2.30699310E+02 +/-   1.18464601E-04   7.04163044E-04
    15     2.1544E-03  -2.30696051E+02 +/-   2.18910707E-04   2.40452913E-03
    16     4.6416E-04  -2.30692796E+02 +/-   2.84163942E-04   4.05166914E-03
    17     1.0000E-04  -2.30691600E+02 +/-   3.04402923E-04   4.64936534E-03
    18     2.1544E-05  -2.30691304E+02 +/-   3.09177427E-04   4.79635803E-03
    19     4.6416E-06  -2.30691239E+02 +/-   3.10227121E-04   4.82898172E-03
    20     1.0000E-06  -2.30691224E+02 +/-   3.10454268E-04   4.83605583E-03
    21     0.0000E+00  -2.30691220E+02 +/-   3.10516706E-04   4.83800126E-03
* Iteration # 2: E =  -2.307001409077E+02 +/-   6.709970163072E-05
* Convergence: exiting.
* After optimization:
  -1.5278E+00   1.0320E-01   4.4137E-01   9.1240E-02   4.3398E-01  -1.5072E-02
  -5.3824E-02  -2.6784E-02  -3.1976E-01  -1.6351E-01  -4.8594E-02  -1.5495E-02
  -3.2699E-01  -1.6106E-01  -7.9921E-02  -8.0430E-02   6.2364E-02  -1.5647E-02
   1.9282E-02  -1.9463E-02  -1.6160E-04  -1.0257E-04  -7.2501E-03
  > Energy =  -2.307001409077E+02 +/-   6.709970163072E-05
  > varE =   2.259109150593E-04

VMC #3:
* Size of Hilbert space =   4.0000E+02
* Deterministic energy evaluation:
  > Deterministic Etot/t = -230.70004888922929
    - Ttot/t = -10.363208550641353
    - Utot/t = 3.9056515155599367
* Number of equil. steps   = 1000
* Running VMC equilibration.
  Done. [total walltime: 0.01s]
* Equil. acc.ratio (%)     =  21.2796
* Sample config after equilibration:
[draw: system is not Hubbard model]
* Number of accum. steps   = 501760 x 10
* Running VMC accumulation.
  Done. [total walltime: 1.65s]
* Acceptance ratio (%)     =  21.2385
* Etot/t                   =  -2.307000698402E+02 +/-   2.107304370656E-05
  > Ttot/t                 =  -1.036317443025E+01 +/-   2.981980969865E-04
  > Utot/t                 =   3.905596444187E+00 +/-   2.974440492609E-04
* var[Eloc/t]              =   2.230390783783E-04 +/-   2.776999508315E-06
* Correlation length       =   9.990094826897E-01

Optimization #3:
* Method          : lls
* Target function : energy
* No. of configs. : 50176
* No. of params.  : 23
* Before optimization:
  -1.5278E+00   1.0320E-01   4.4137E-01   9.1240E-02   4.3398E-01  -1.5072E-02
  -5.3824E-02  -2.6784E-02  -3.1976E-01  -1.6351E-01  -4.8594E-02  -1.5495E-02
  -3.2699E-01  -1.6106E-01  -7.9921E-02  -8.0430E-02   6.2364E-02  -1.5647E-02
   1.9282E-02  -1.9463E-02  -1.6160E-04  -1.0257E-04  -7.2501E-03
  > E    =  -2.307001268950E+02 +/-   6.706563688495E-05
  > varE =   2.256815952778E-04
* Computing derivatives.
  Done. [total walltime: 1.09s]
* Optimizing manipulation constant:
  #igrid a___________ E____________________________________ varE____________
     1     Infinity    -2.30700127E+02 +/-   6.70656369E-05   2.25681595E-04
     2     1.0000E+06  -2.30700127E+02 +/-   6.70656359E-05   2.25681589E-04
     3     2.1544E+05  -2.30700127E+02 +/-   6.70656322E-05   2.25681564E-04
     4     4.6416E+04  -2.30700127E+02 +/-   6.70656153E-05   2.25681450E-04
     5     1.0000E+04  -2.30700127E+02 +/-   6.70655369E-05   2.25680923E-04
     6     2.1544E+03  -2.30700127E+02 +/-   6.70651731E-05   2.25678474E-04
     7     4.6416E+02  -2.30700127E+02 +/-   6.70634880E-05   2.25667133E-04
     8     1.0000E+02  -2.30700127E+02 +/-   6.70557458E-05   2.25615031E-04
     9     2.1544E+01  -2.30700126E+02 +/-   6.70214078E-05   2.25384024E-04
    10     4.6416E+00  -2.30700124E+02 +/-   6.68886531E-05   2.24492036E-04
    11     1.0000E+00  -2.30700119E+02 +/-   6.65371588E-05   2.22138861E-04
    12     2.1544E-01  -2.30700113E+02 +/-   6.60667822E-05   2.19009193E-04
    13     4.6416E-02  -2.30700110E+02 +/-   6.57984994E-05   2.17234108E-04
    14     1.0000E-02  -2.30700108E+02 +/-   6.57172378E-05   2.16697868E-04
    15     2.1544E-03  -2.30700108E+02 +/-   6.56981461E-05   2.16571979E-04
    16     4.6416E-04  -2.30700108E+02 +/-   6.56939521E-05   2.16544329E-04
    17     1.0000E-04  -2.30700108E+02 +/-   6.56930447E-05   2.16538347E-04
    18     2.1544E-05  -2.30700108E+02 +/-   6.56928490E-05   2.16537058E-04
    19     4.6416E-06  -2.30700108E+02 +/-   6.56928069E-05   2.16536780E-04
    20     1.0000E-06  -2.30700108E+02 +/-   6.56927978E-05   2.16536720E-04
    21     0.0000E+00  -2.30700108E+02 +/-   6.56927953E-05   2.16536703E-04
* Iteration # 1: E =  -2.307001268950E+02 +/-   6.706563688495E-05
* Convergence: exiting.
* After optimization:
  -1.5278E+00   1.0320E-01   4.4137E-01   9.1240E-02   4.3398E-01  -1.5072E-02
  -5.3824E-02  -2.6784E-02  -3.1976E-01  -1.6351E-01  -4.8594E-02  -1.5495E-02
  -3.2699E-01  -1.6106E-01  -7.9921E-02  -8.0430E-02   6.2364E-02  -1.5647E-02
   1.9282E-02  -1.9463E-02  -1.6160E-04  -1.0257E-04  -7.2501E-03
  > Energy =  -2.307001268950E+02 +/-   6.706563688495E-05
  > varE =   2.256815952778E-04

VMC #4:
* Size of Hilbert space =   4.0000E+02
* Deterministic energy evaluation:
  > Deterministic Etot/t = -230.70004888922929
    - Ttot/t = -10.363208550641353
    - Utot/t = 3.9056515155599367
* Number of equil. steps   = 1000
* Running VMC equilibration.
  Done. [total walltime: 0.01s]
* Equil. acc.ratio (%)     =  21.2558
* Sample config after equilibration:
[draw: system is not Hubbard model]
* Number of accum. steps   = 501760 x 10
* Running VMC accumulation.
  Done. [total walltime: 1.65s]
* Acceptance ratio (%)     =  21.2523
* Etot/t                   =  -2.307000508159E+02 +/-   2.112333603029E-05
  > Ttot/t                 =  -1.036370367248E+01 +/-   2.947279092303E-04
  > Utot/t                 =   3.906144710758E+00 +/-   2.939969644130E-04
* var[Eloc/t]              =   2.247617790650E-04 +/-   2.181463024318E-06
* Correlation length       =   9.960900257498E-01

Optimization #4:
* Method          : lls
* Target function : energy
* No. of configs. : 50176
* No. of params.  : 23
* Before optimization:
  -1.5278E+00   1.0320E-01   4.4137E-01   9.1240E-02   4.3398E-01  -1.5072E-02
  -5.3824E-02  -2.6784E-02  -3.1976E-01  -1.6351E-01  -4.8594E-02  -1.5495E-02
  -3.2699E-01  -1.6106E-01  -7.9921E-02  -8.0430E-02   6.2364E-02  -1.5647E-02
   1.9282E-02  -1.9463E-02  -1.6160E-04  -1.0257E-04  -7.2501E-03
  > E    =  -2.307000666624E+02 +/-   6.680201223060E-05
  > varE =   2.239108434584E-04
* Computing derivatives.
  Done. [total walltime: 1.10s]
* Optimizing manipulation constant:
  #igrid a___________ E____________________________________ varE____________
     1     Infinity    -2.30700067E+02 +/-   6.68020122E-05   2.23910843E-04
     2     1.0000E+06  -2.30700067E+02 +/-   6.68020118E-05   2.23910841E-04
     3     2.1544E+05  -2.30700067E+02 +/-   6.68020104E-05   2.23910831E-04
     4     4.6416E+04  -2.30700067E+02 +/-   6.68020039E-05   2.23910787E-04
     5     1.0000E+04  -2.30700067E+02 +/-   6.68019734E-05   2.23910583E-04
     6     2.1544E+03  -2.30700067E+02 +/-   6.68018322E-05   2.23909636E-04
     7     4.6416E+02  -2.30700067E+02 +/-   6.68011788E-05   2.23905256E-04
     8     1.0000E+02  -2.30700067E+02 +/-   6.67981935E-05   2.23885244E-04
     9     2.1544E+01  -2.30700067E+02 +/-   6.67852799E-05   2.23798689E-04
    10     4.6416E+00  -2.30700068E+02 +/-   6.67399119E-05   2.23494734E-04
    11     1.0000E+00  -2.30700069E+02 +/-   6.66403333E-05   2.22828305E-04
    12     2.1544E-01  -2.30700069E+02 +/-   6.64865514E-05   2.21801077E-04
    13     4.6416E-02  -2.30700063E+02 +/-   6.66498441E-05   2.22891913E-04
    14     1.0000E-02  -2.30699889E+02 +/-   7.78770146E-05   3.04308880E-04
    15     2.1544E-03  -2.30697427E+02 +/-   1.73631035E-04   1.51269282E-03
    16     4.6416E-04  -2.30688502E+02 +/-   3.40980251E-04   5.83383968E-03
    17     1.0000E-04  -2.30682146E+02 +/-   4.19323746E-04   8.82256671E-03
    18     2.1544E-05  -2.30680269E+02 +/-   4.39461996E-04   9.69033261E-03
    19     4.6416E-06  -2.30679835E+02 +/-   4.43960672E-04   9.88974368E-03
    20     1.0000E-06  -2.30679741E+02 +/-   4.44937342E-04   9.93330450E-03
    21     0.0000E+00  -2.30679715E+02 +/-   4.45206004E-04   9.94530399E-03
  ParMin   4.0119E-01  -2.30700069E+02 +/-   6.65549723E-05   2.22257820E-04
  # Using grid point #12
* Iteration # 1: E =  -2.307000693476E+02 +/-   6.648655143391E-05
* Convergence: exiting.
* After optimization:
  -1.5218E+00   1.0141E-01   4.3689E-01   9.0998E-02   4.3113E-01  -1.4189E-02
  -5.2596E-02  -2.6513E-02  -3.1604E-01  -1.6377E-01  -4.9110E-02  -1.5652E-02
  -3.2388E-01  -1.6037E-01  -7.9027E-02  -8.0572E-02   6.2943E-02  -1.3905E-02
   1.8215E-02  -1.8774E-02  -1.2339E-03  -1.8423E-04  -7.4263E-03
  > Energy =  -2.307000693476E+02 +/-   6.648655143391E-05
  > varE =   2.218010773065E-04

VMC #5:
* Size of Hilbert space =   4.0000E+02
* Deterministic energy evaluation:
  > Deterministic Etot/t = -230.70005116775130
    - Ttot/t = -10.363246926975316
    - Utot/t = 3.9056876133719425
* Number of equil. steps   = 1000
* Running VMC equilibration.
  Done. [total walltime: 0.01s]
* Equil. acc.ratio (%)     =  21.1692
* Sample config after equilibration:
[draw: system is not Hubbard model]
* Number of accum. steps   = 501760 x 10
* Running VMC accumulation.
  Done. [total walltime: 1.66s]
* Acceptance ratio (%)     =  21.2096
* Etot/t                   =  -2.307000383017E+02 +/-   2.115298753355E-05
  > Ttot/t                 =  -1.036366712182E+01 +/-   2.934143744350E-04
  > Utot/t                 =   3.906120674251E+00 +/-   2.929927312715E-04
* var[Eloc/t]              =   2.185515220982E-04 +/-   3.477190059255E-06
* Correlation length       =   1.027272419214E+00

VDAGGER finished.
Total VDAGGER walltime: 49.6s

Run ended: Thu 19 Jun 16:14:51 CEST 2025
