Run started: Fri Sep 26 18:47:15 CEST 2025
Using VDAGGER_ARCH = gnu7_fkfamd_cluster
Running 1x128 MPI processes.

                               xx
                              +##
                               #X
                               Xx
                          X##XxXxxX##x
                           +   Xx  ++
                               ##
                              +##
                              +##
     ++++         ++          +##
   xX+++##+      ####         +##
  Xx    ###      +X##          ##
 xX    X##+        ##          #X
 +    x##X         #x          #X
      ###         +#           x+
     X##+         #+
     ###         Xx                    _______
     ##X       +X+   __________________VDAGGER
     +##x    +xX     2nd quantized variational
       +xxxxx+       ______quantum Monte Carlo

* Running 128 MPI processes.
* Input file: "input.casl"

############# Start of input file dump #############
General:
  Random seed: timer

Plan:
  VMC-optimization:
    Minimum cycles: 10
    Convergence cycles: 5

System:
  Read Hamiltonian: FCIDUMP_loc_benzene
  Read orbitals: LTSC_benzene
  Complex orbitals: F
  Geometry:
    r_5: [ 0.00000000000000, 2.63994739601739 ]
    r_4: [ 2.28626150960564, 1.31997369800870 ]
    r_6: [ 2.28626150960564, -1.31997369800870 ]
    r_2: [ 0.00000000000000, -2.63994739601739 ]
    r_3: [ -2.28626150960564, -1.31997369800870 ]
    r_1: [ -2.28626150960564, 1.31997369800870 ]

VMC:
  nstep: 500000
  nconfig: 50000

Jastrow: wfn.casl

Multideterminants: wfn.casl
############## End of input file dump ##############

General setup:
* Random seed: 2062708803 (from timer)

* Loaded integrals for system with nelec=6, ms2=0, norb=6
* INFO: setting number of electrons from integrals file.
* Analysis of Hamiltonian connecitivity performed:
  - T_ii (local, 1-site): 6 (i) values
  - U_iiii [opp] (local, 1-site): 6 (i) values
  - U_kkii [opp] (local, 2-site): 30 contribs. from 6 (i) values
  - U_kkii [par] (local, 2-site): 15 contribs. from 5 (i) values
  - T_ji (single, 2-site): 30 contribs. from 6 (i) values
  - U_kkji [opp] (single, 2/3-site): 180 contribs. from 30 (i,j) pairs
  - U_kkji [par] (single, 3-site): 150 contribs. from 30 (i,j) pairs
  - U_lkji [opp] (double, 2/3/4-site): 900 contribs. from 30 (i,j) pairs
  - U_lkji [par] (double, 4-site): 170 contribs. from 20 (i,j) pairs
  - Max. no. wfn. ratios in Eloc: 255
* Reading override orbitals from file "LTSC_benzene".
* Site labels:
  +-----+
  |  5  |
  |1   4|
  |3   6|
  |  2  |
  +-----+
* Automatically set Site kinds:
  [ 1, 1, 1, 1, 1, 1 ]
  +-----+
  |  1  |
  |1   1|
  |1   1|
  |  1  |
  +-----+
* Maximum Site kind: 1
* Number of site-pair kinds with Tij=0: 0
* Automatically set Site pair kinds:
  Site 1: [ 0, 4, 1, -5, -1, -2 ]
  Site 2: [ 4, 0, 1, -4, -3, -1 ]
  Site 3: [ 1, 1, 0, -2, -4, -5 ]
  Site 4: [ -5, -4, -2, 0, 1, 1 ]
  Site 5: [ -1, -3, -4, 1, 0, 4 ]
  Site 6: [ -2, -1, -5, 1, 4, 0 ]
  For site 1 of kind 1:
  +--------+
  |   -1   |
  | 0    -5|
  | 1    -2|
  |    4   |
  +--------+
* Maximum (unsigned) Site pair kind: 5
General system setup:
* Number of sites       : 6
* Number of electrons   : 6
* Spin imbalance MS2    : 0
* Filling               : 0.500000
* Number of orbitals in pool: 6
* Using real-valued orbitals
* Using double-precision arithmetic for orbitals

Trial wave function setup:
* Jastrow parameter file: "wfn.casl"
* Multideterminant parameter file: "wfn.casl"
* Not using a backflow transformation
* Not using wave function manipulation

VMC #1:
* Size of Hilbert space =   4.0000E+02
* Deterministic energy evaluation:
  > Deterministic Etot/t = -230.70018387546779
    - Ttot/t = -10.363448557811196
    - Utot/t = 3.9057565364912912
* Number of equil. steps   = 1000
* Running VMC equilibration.
  Done. [total walltime: 0.04s]
* Equil. acc.ratio (%)     =  41.0143
* Sample config after equilibration:
  +-----+
  |  u  |
  |u   0|
  |d   2|
  |  d  |
  +-----+
* Number of accum. steps   = 500480 x 10
* Running VMC accumulation.
  Done. [total walltime: 7.57s]
* Acceptance ratio (%)     =  41.0347
* Etot/t                   =  -2.307001688516E+02 +/-   1.449804032181E-05
  > Ttot/t                 =  -1.036313108391E+01 +/-   2.896550056153E-04
  > Utot/t                 =   3.905454086452E+00 +/-   2.893618422852E-04
* var[Eloc/t]              =   1.038435395022E-04 +/-   1.066350004599E-06
* Correlation length       =   1.013038267127E+00
* log10 Psi^2 range: -6.6671523896869882 -- -2.3802609347422887
* log10 Pgen range : -6.6671523896869882 -- -2.3802609347422887
* Site occupation (ave. no. electrons per config.):
  > Site_  ___eu____  ___ed____
      1        0.502      0.499
      2        0.503      0.499
      3        0.496      0.498
      4        0.501      0.498
      5        0.497      0.505
      6        0.500      0.501
* Pair-correlation analysis (ave. no. pairs per config.):
  > Shell  nsite  ___dh____  __eueu___  __eued___
      0      1        0          0          1.028
      1      4        1.059      1.479      3.528
      2      4        0.151      0.839      1.102
      3      4        0.076      0.426      0.554
      4      4        0.230      2.172      1.862
      5      4        0.115      1.084      0.926

Optimization #1:
* Method          : lls
* Target function : energy
* No. of configs. : 50048
* No. of params.  : 23
* Before optimization:
  -1.1565E+00   3.6324E-01  -1.2336E-01   8.2818E-02   4.2477E-02   7.8809E-03
  -2.0786E-01  -1.2588E-01   5.5508E-02   5.3915E-02   4.6194E-02  -8.3434E-02
  -2.4819E-02  -3.0822E-02  -5.1734E-02  -1.3021E-01   4.0513E-02  -1.1012E-02
   1.7349E-02  -5.0578E-03   2.6410E-02   1.4188E-02  -1.1619E-02
  > E    =  -2.307001879284E+02 +/-   4.524470493270E-05
  > varE =   1.024524262219E-04
* Computing derivatives.
  Done. [total walltime: 4.69s]
* Optimizing manipulation constant:
  #igrid a___________ E____________________________________ varE____________
     1     Infinity    -2.30700188E+02 +/-   4.52447049E-05   1.02452426E-04
     2     1.0000E+06  -2.30700188E+02 +/-   4.52447045E-05   1.02452424E-04
     3     2.1544E+05  -2.30700188E+02 +/-   4.52447030E-05   1.02452417E-04
     4     4.6416E+04  -2.30700188E+02 +/-   4.52446957E-05   1.02452385E-04
     5     1.0000E+04  -2.30700188E+02 +/-   4.52446623E-05   1.02452233E-04
     6     2.1544E+03  -2.30700188E+02 +/-   4.52445072E-05   1.02451531E-04
     7     4.6416E+02  -2.30700188E+02 +/-   4.52437903E-05   1.02448284E-04
     8     1.0000E+02  -2.30700188E+02 +/-   4.52405285E-05   1.02433513E-04
     9     2.1544E+01  -2.30700188E+02 +/-   4.52266903E-05   1.02370858E-04
    10     4.6416E+00  -2.30700188E+02 +/-   4.51822333E-05   1.02169699E-04
    11     1.0000E+00  -2.30700189E+02 +/-   4.51197545E-05   1.01887330E-04
    12     2.1544E-01  -2.30700189E+02 +/-   4.51159713E-05   1.01870245E-04
    13     4.6416E-02  -2.30700188E+02 +/-   4.51398352E-05   1.01978041E-04
    14     1.0000E-02  -2.30700188E+02 +/-   4.51500859E-05   1.02024362E-04
    15     2.1544E-03  -2.30700188E+02 +/-   4.51526903E-05   1.02036133E-04
    16     4.6416E-04  -2.30700188E+02 +/-   4.51532723E-05   1.02038763E-04
    17     1.0000E-04  -2.30700188E+02 +/-   4.51533987E-05   1.02039335E-04
    18     2.1544E-05  -2.30700188E+02 +/-   4.51534260E-05   1.02039458E-04
    19     4.6416E-06  -2.30700188E+02 +/-   4.51534319E-05   1.02039485E-04
    20     1.0000E-06  -2.30700188E+02 +/-   4.51534332E-05   1.02039490E-04
    21     0.0000E+00  -2.30700188E+02 +/-   4.51534335E-05   1.02039492E-04
* Iteration # 1: E =  -2.307001888118E+02 +/-   4.511975450963E-05
* Convergence: exiting.
* After optimization:
  -1.1554E+00   3.6415E-01  -1.2489E-01   7.9740E-02   4.1751E-02   7.3385E-03
  -2.0835E-01  -1.2517E-01   5.7140E-02   5.4442E-02   4.8132E-02  -8.2793E-02
  -2.4381E-02  -3.1393E-02  -5.1576E-02  -1.2973E-01   4.0307E-02  -1.2000E-02
   1.7221E-02  -4.7058E-03   2.5787E-02   1.4654E-02  -1.1621E-02
  > Energy =  -2.307001888118E+02 +/-   4.511975450963E-05
  > varE =   1.018873303783E-04

VMC #2:
* Size of Hilbert space =   4.0000E+02
* Deterministic energy evaluation:
  > Deterministic Etot/t = -230.70018393120694
    - Ttot/t = -10.363436060960490
    - Utot/t = 3.9057439839014303
* Number of equil. steps   = 1000
* Running VMC equilibration.
  Done. [total walltime: 0.02s]
* Equil. acc.ratio (%)     =  41.0806
* Sample config after equilibration:
  +-----+
  |  0  |
  |2   0|
  |2   2|
  |  0  |
  +-----+
* Number of accum. steps   = 500480 x 10
* Running VMC accumulation.
  Done. [total walltime: 7.27s]
* Acceptance ratio (%)     =  40.9917
* Etot/t                   =  -2.307001949665E+02 +/-   1.440826709382E-05
  > Ttot/t                 =  -1.036303539871E+01 +/-   2.858929276899E-04
  > Utot/t                 =   3.905332286346E+00 +/-   2.858627444543E-04
* var[Eloc/t]              =   1.040318170964E-04 +/-   8.353571341053E-07
* Correlation length       =   9.987206831569E-01
* log10 Psi^2 range: -5.9642146957690931 -- -2.3769803981711446
* log10 Pgen range : -5.9642146957690931 -- -2.3769803981711446
* Site occupation (ave. no. electrons per config.):
  > Site_  ___eu____  ___ed____
      1        0.499      0.501
      2        0.500      0.499
      3        0.500      0.500
      4        0.503      0.501
      5        0.500      0.499
      6        0.498      0.500
* Pair-correlation analysis (ave. no. pairs per config.):
  > Shell  nsite  ___dh____  __eueu___  __eued___
      0      1        0          0          1.033
      1      4        1.067      1.475      3.525
      2      4        0.152      0.838      1.111
      3      4        0.075      0.421      0.555
      4      4        0.233      2.175      1.850
      5      4        0.117      1.091      0.925

Optimization #2:
* Method          : lls
* Target function : energy
* No. of configs. : 50048
* No. of params.  : 23
* Before optimization:
  -1.1554E+00   3.6415E-01  -1.2489E-01   7.9740E-02   4.1751E-02   7.3385E-03
  -2.0835E-01  -1.2517E-01   5.7140E-02   5.4442E-02   4.8132E-02  -8.2793E-02
  -2.4381E-02  -3.1393E-02  -5.1576E-02  -1.2973E-01   4.0307E-02  -1.2000E-02
   1.7221E-02  -4.7058E-03   2.5787E-02   1.4654E-02  -1.1621E-02
  > E    =  -2.307001914669E+02 +/-   4.524112743698E-05
  > varE =   1.024362250498E-04
* Computing derivatives.
  Done. [total walltime: 4.64s]
* Optimizing manipulation constant:
  #igrid a___________ E____________________________________ varE____________
     1     Infinity    -2.30700191E+02 +/-   4.52411274E-05   1.02436225E-04
     2     1.0000E+06  -2.30700191E+02 +/-   4.52411273E-05   1.02436224E-04
     3     2.1544E+05  -2.30700191E+02 +/-   4.52411268E-05   1.02436222E-04
     4     4.6416E+04  -2.30700191E+02 +/-   4.52411245E-05   1.02436212E-04
     5     1.0000E+04  -2.30700191E+02 +/-   4.52411137E-05   1.02436163E-04
     6     2.1544E+03  -2.30700191E+02 +/-   4.52410636E-05   1.02435936E-04
     7     4.6416E+02  -2.30700191E+02 +/-   4.52408321E-05   1.02434888E-04
     8     1.0000E+02  -2.30700191E+02 +/-   4.52397799E-05   1.02430123E-04
     9     2.1544E+01  -2.30700191E+02 +/-   4.52353304E-05   1.02409975E-04
    10     4.6416E+00  -2.30700191E+02 +/-   4.52210203E-05   1.02345191E-04
    11     1.0000E+00  -2.30700190E+02 +/-   4.51973749E-05   1.02238189E-04
    12     2.1544E-01  -2.30700188E+02 +/-   4.51813929E-05   1.02165898E-04
    13     4.6416E-02  -2.30700188E+02 +/-   4.51769375E-05   1.02145750E-04
    14     1.0000E-02  -2.30700187E+02 +/-   4.51761097E-05   1.02142006E-04
    15     2.1544E-03  -2.30700187E+02 +/-   4.51759471E-05   1.02141271E-04
    16     4.6416E-04  -2.30700187E+02 +/-   4.51759130E-05   1.02141117E-04
    17     1.0000E-04  -2.30700187E+02 +/-   4.51759057E-05   1.02141084E-04
    18     2.1544E-05  -2.30700187E+02 +/-   4.51759041E-05   1.02141077E-04
    19     4.6416E-06  -2.30700187E+02 +/-   4.51759038E-05   1.02141075E-04
    20     1.0000E-06  -2.30700187E+02 +/-   4.51759037E-05   1.02141075E-04
    21     0.0000E+00  -2.30700187E+02 +/-   4.51759037E-05   1.02141075E-04
* Iteration # 1: E =  -2.307001914669E+02 +/-   4.524112729924E-05
* Convergence: exiting.
* After optimization:
  -1.1554E+00   3.6415E-01  -1.2489E-01   7.9740E-02   4.1751E-02   7.3385E-03
  -2.0835E-01  -1.2517E-01   5.7140E-02   5.4442E-02   4.8132E-02  -8.2793E-02
  -2.4381E-02  -3.1393E-02  -5.1576E-02  -1.2973E-01   4.0307E-02  -1.2000E-02
   1.7221E-02  -4.7058E-03   2.5787E-02   1.4654E-02  -1.1621E-02
  > Energy =  -2.307001914669E+02 +/-   4.524112729924E-05
  > varE =   1.024362244261E-04

VMC #3:
* Size of Hilbert space =   4.0000E+02
* Deterministic energy evaluation:
  > Deterministic Etot/t = -230.70018393120736
    - Ttot/t = -10.363436060911663
    - Utot/t = 3.9057439838521728
* Number of equil. steps   = 1000
* Running VMC equilibration.
  Done. [total walltime: 0.02s]
* Equil. acc.ratio (%)     =  40.9327
* Sample config after equilibration:
  +-----+
  |  u  |
  |d   u|
  |u   d|
  |  d  |
  +-----+
* Number of accum. steps   = 500480 x 10
* Running VMC accumulation.
  Done. [total walltime: 7.24s]
* Acceptance ratio (%)     =  41.0301
* Etot/t                   =  -2.307001775526E+02 +/-   1.465717458406E-05
  > Ttot/t                 =  -1.036356375635E+01 +/-   2.954730343798E-04
  > Utot/t                 =   3.905878057947E+00 +/-   2.953093232835E-04
* var[Eloc/t]              =   1.041432641252E-04 +/-   1.200368917655E-06
* Correlation length       =   1.032419177804E+00
* log10 Psi^2 range: -5.9642137097339649 -- -2.3762024289008843
* log10 Pgen range : -5.9642137097339649 -- -2.3762024289008843
* Site occupation (ave. no. electrons per config.):
  > Site_  ___eu____  ___ed____
      1        0.502      0.499
      2        0.495      0.502
      3        0.498      0.497
      4        0.503      0.500
      5        0.500      0.502
      6        0.502      0.500
* Pair-correlation analysis (ave. no. pairs per config.):
  > Shell  nsite  ___dh____  __eueu___  __eued___
      0      1        0          0          1.033
      1      4        1.066      1.479      3.520
      2      4        0.150      0.843      1.106
      3      4        0.077      0.422      0.552
      4      4        0.232      2.170      1.860
      5      4        0.115      1.086      0.929

Optimization #3:
* Method          : lls
* Target function : energy
* No. of configs. : 50048
* No. of params.  : 23
* Before optimization:
  -1.1554E+00   3.6415E-01  -1.2489E-01   7.9740E-02   4.1751E-02   7.3385E-03
  -2.0835E-01  -1.2517E-01   5.7140E-02   5.4442E-02   4.8132E-02  -8.2793E-02
  -2.4381E-02  -3.1393E-02  -5.1576E-02  -1.2973E-01   4.0307E-02  -1.2000E-02
   1.7221E-02  -4.7058E-03   2.5787E-02   1.4654E-02  -1.1621E-02
  > E    =  -2.307000695828E+02 +/-   4.483788643455E-05
  > varE =   1.006183039268E-04
* Computing derivatives.
  Done. [total walltime: 4.65s]
* Optimizing manipulation constant:
  #igrid a___________ E____________________________________ varE____________
     1     Infinity    -2.30700070E+02 +/-   4.48378864E-05   1.00618304E-04
     2     1.0000E+06  -2.30700070E+02 +/-   4.48378862E-05   1.00618303E-04
     3     2.1544E+05  -2.30700070E+02 +/-   4.48378853E-05   1.00618299E-04
     4     4.6416E+04  -2.30700070E+02 +/-   4.48378813E-05   1.00618281E-04
     5     1.0000E+04  -2.30700070E+02 +/-   4.48378625E-05   1.00618197E-04
     6     2.1544E+03  -2.30700070E+02 +/-   4.48377756E-05   1.00617806E-04
     7     4.6416E+02  -2.30700070E+02 +/-   4.48373739E-05   1.00616004E-04
     8     1.0000E+02  -2.30700069E+02 +/-   4.48355489E-05   1.00607813E-04
     9     2.1544E+01  -2.30700069E+02 +/-   4.48278607E-05   1.00573312E-04
    10     4.6416E+00  -2.30700068E+02 +/-   4.48039968E-05   1.00466262E-04
    11     1.0000E+00  -2.30700065E+02 +/-   4.47754038E-05   1.00338072E-04
    12     2.1544E-01  -2.30700062E+02 +/-   4.47797712E-05   1.00357646E-04
    13     4.6416E-02  -2.30700061E+02 +/-   4.47927898E-05   1.00416008E-04
    14     1.0000E-02  -2.30700060E+02 +/-   4.47977254E-05   1.00438138E-04
    15     2.1544E-03  -2.30700060E+02 +/-   4.47989447E-05   1.00443606E-04
    16     4.6416E-04  -2.30700060E+02 +/-   4.47992155E-05   1.00444820E-04
    17     1.0000E-04  -2.30700060E+02 +/-   4.47992742E-05   1.00445083E-04
    18     2.1544E-05  -2.30700060E+02 +/-   4.47992869E-05   1.00445140E-04
    19     4.6416E-06  -2.30700060E+02 +/-   4.47992896E-05   1.00445152E-04
    20     1.0000E-06  -2.30700060E+02 +/-   4.47992902E-05   1.00445155E-04
    21     0.0000E+00  -2.30700060E+02 +/-   4.47992904E-05   1.00445156E-04
* Iteration # 1: E =  -2.307000695828E+02 +/-   4.483788643455E-05
* Convergence: exiting.
* After optimization:
  -1.1554E+00   3.6415E-01  -1.2489E-01   7.9740E-02   4.1751E-02   7.3385E-03
  -2.0835E-01  -1.2517E-01   5.7140E-02   5.4442E-02   4.8132E-02  -8.2793E-02
  -2.4381E-02  -3.1393E-02  -5.1576E-02  -1.2973E-01   4.0307E-02  -1.2000E-02
   1.7221E-02  -4.7058E-03   2.5787E-02   1.4654E-02  -1.1621E-02
  > Energy =  -2.307000695828E+02 +/-   4.483788643455E-05
  > varE =   1.006183039268E-04

VMC #4:
* Size of Hilbert space =   4.0000E+02
* Deterministic energy evaluation:
  > Deterministic Etot/t = -230.70018393120736
    - Ttot/t = -10.363436060911663
    - Utot/t = 3.9057439838521728
* Number of equil. steps   = 1000
* Running VMC equilibration.
  Done. [total walltime: 0.02s]
* Equil. acc.ratio (%)     =  41.1983
* Sample config after equilibration:
  +-----+
  |  u  |
  |d   d|
  |u   u|
  |  d  |
  +-----+
* Number of accum. steps   = 500480 x 10
* Running VMC accumulation.
  Done. [total walltime: 7.23s]
* Acceptance ratio (%)     =  41.0142
* Etot/t                   =  -2.307002025092E+02 +/-   1.422566989452E-05
  > Ttot/t                 =  -1.036367715702E+01 +/-   2.891411257432E-04
  > Utot/t                 =   3.905966501971E+00 +/-   2.891544008070E-04
* var[Eloc/t]              =   1.033815304485E-04 +/-   4.652713913716E-07
* Correlation length       =   9.796912367510E-01
* log10 Psi^2 range: -5.9642146869307009 -- -2.3770746752064080
* log10 Pgen range : -5.9642146869307009 -- -2.3770746752064080
* Site occupation (ave. no. electrons per config.):
  > Site_  ___eu____  ___ed____
      1        0.500      0.500
      2        0.499      0.499
      3        0.507      0.499
      4        0.499      0.501
      5        0.495      0.501
      6        0.500      0.500
* Pair-correlation analysis (ave. no. pairs per config.):
  > Shell  nsite  ___dh____  __eueu___  __eued___
      0      1        0          0          1.031
      1      4        1.061      1.483      3.521
      2      4        0.152      0.845      1.107
      3      4        0.074      0.418      0.552
      4      4        0.230      2.168      1.854
      5      4        0.115      1.086      0.934

Optimization #4:
* Method          : lls
* Target function : energy
* No. of configs. : 50048
* No. of params.  : 23
* Before optimization:
  -1.1554E+00   3.6415E-01  -1.2489E-01   7.9740E-02   4.1751E-02   7.3385E-03
  -2.0835E-01  -1.2517E-01   5.7140E-02   5.4442E-02   4.8132E-02  -8.2793E-02
  -2.4381E-02  -3.1393E-02  -5.1576E-02  -1.2973E-01   4.0307E-02  -1.2000E-02
   1.7221E-02  -4.7058E-03   2.5787E-02   1.4654E-02  -1.1621E-02
  > E    =  -2.307002334266E+02 +/-   4.462514377540E-05
  > varE =   9.966576021467E-05
* Computing derivatives.
  Done. [total walltime: 4.65s]
* Optimizing manipulation constant:
  #igrid a___________ E____________________________________ varE____________
     1     Infinity    -2.30700233E+02 +/-   4.46251438E-05   9.96657602E-05
     2     1.0000E+06  -2.30700233E+02 +/-   4.46251438E-05   9.96657604E-05
     3     2.1544E+05  -2.30700233E+02 +/-   4.46251439E-05   9.96657610E-05
     4     4.6416E+04  -2.30700233E+02 +/-   4.46251446E-05   9.96657637E-05
     5     1.0000E+04  -2.30700233E+02 +/-   4.46251474E-05   9.96657764E-05
     6     2.1544E+03  -2.30700233E+02 +/-   4.46251606E-05   9.96658355E-05
     7     4.6416E+02  -2.30700233E+02 +/-   4.46252226E-05   9.96661122E-05
     8     1.0000E+02  -2.30700233E+02 +/-   4.46255216E-05   9.96674477E-05
     9     2.1544E+01  -2.30700233E+02 +/-   4.46271266E-05   9.96746174E-05
    10     4.6416E+00  -2.30700233E+02 +/-   4.46371710E-05   9.97194906E-05
    11     1.0000E+00  -2.30700233E+02 +/-   4.46817714E-05   9.99188648E-05
    12     2.1544E-01  -2.30700232E+02 +/-   4.47457223E-05   1.00205088E-04
    13     4.6416E-02  -2.30700231E+02 +/-   4.47804399E-05   1.00360644E-04
    14     1.0000E-02  -2.30700231E+02 +/-   4.47944094E-05   1.00423270E-04
    15     2.1544E-03  -2.30700231E+02 +/-   4.47983033E-05   1.00440729E-04
    16     4.6416E-04  -2.30700231E+02 +/-   4.47991995E-05   1.00444748E-04
    17     1.0000E-04  -2.30700231E+02 +/-   4.47993955E-05   1.00445627E-04
    18     2.1544E-05  -2.30700231E+02 +/-   4.47994378E-05   1.00445817E-04
    19     4.6416E-06  -2.30700231E+02 +/-   4.47994470E-05   1.00445858E-04
    20     1.0000E-06  -2.30700231E+02 +/-   4.47994489E-05   1.00445867E-04
    21     0.0000E+00  -2.30700231E+02 +/-   4.47994495E-05   1.00445869E-04
* Iteration # 1: E =  -2.307002334267E+02 +/-   4.462514381163E-05
* Convergence: exiting.
* After optimization:
  -1.1554E+00   3.6415E-01  -1.2489E-01   7.9740E-02   4.1751E-02   7.3385E-03
  -2.0835E-01  -1.2517E-01   5.7140E-02   5.4442E-02   4.8132E-02  -8.2793E-02
  -2.4381E-02  -3.1393E-02  -5.1576E-02  -1.2973E-01   4.0307E-02  -1.2000E-02
   1.7221E-02  -4.7058E-03   2.5787E-02   1.4654E-02  -1.1621E-02
  > Energy =  -2.307002334267E+02 +/-   4.462514381163E-05
  > varE =   9.966576037652E-05

VMC #5:
* Size of Hilbert space =   4.0000E+02
* Deterministic energy evaluation:
  > Deterministic Etot/t = -230.70018393120728
    - Ttot/t = -10.363436060872436
    - Utot/t = 3.9057439838130561
* Number of equil. steps   = 1000
* Running VMC equilibration.
  Done. [total walltime: 0.02s]
* Equil. acc.ratio (%)     =  41.0508
* Sample config after equilibration:
  +-----+
  |  2  |
  |u   0|
  |d   d|
  |  u  |
  +-----+
* Number of accum. steps   = 500480 x 10
* Running VMC accumulation.
  Done. [total walltime: 7.21s]
* Acceptance ratio (%)     =  41.0256
* Etot/t                   =  -2.307001512016E+02 +/-   1.430491445042E-05
  > Ttot/t                 =  -1.036353312642E+01 +/-   2.906103478012E-04
  > Utot/t                 =   3.905873778989E+00 +/-   2.909225155015E-04
* var[Eloc/t]              =   1.026620170778E-04 +/-   8.211757467120E-07
* Correlation length       =   9.975793804681E-01
* log10 Psi^2 range: -6.6742901062466053 -- -2.3770160332612402
* log10 Pgen range : -6.6742901062466053 -- -2.3770160332612402
* Site occupation (ave. no. electrons per config.):
  > Site_  ___eu____  ___ed____
      1        0.498      0.501
      2        0.495      0.499
      3        0.501      0.501
      4        0.501      0.499
      5        0.501      0.502
      6        0.504      0.499
* Pair-correlation analysis (ave. no. pairs per config.):
  > Shell  nsite  ___dh____  __eueu___  __eued___
      0      1        0          0          1.025
      1      4        1.049      1.487      3.530
      2      4        0.149      0.847      1.104
      3      4        0.074      0.422      0.550
      4      4        0.230      2.161      1.857
      5      4        0.114      1.082      0.934

Optimization #5:
* Method          : lls
* Target function : energy
* No. of configs. : 50048
* No. of params.  : 23
* Before optimization:
  -1.1554E+00   3.6415E-01  -1.2489E-01   7.9740E-02   4.1751E-02   7.3385E-03
  -2.0835E-01  -1.2517E-01   5.7140E-02   5.4442E-02   4.8132E-02  -8.2793E-02
  -2.4381E-02  -3.1393E-02  -5.1576E-02  -1.2973E-01   4.0307E-02  -1.2000E-02
   1.7221E-02  -4.7058E-03   2.5787E-02   1.4654E-02  -1.1621E-02
  > E    =  -2.307001569811E+02 +/-   4.503625560866E-05
  > varE =   1.015105726497E-04
* Computing derivatives.
  Done. [total walltime: 4.63s]
* Optimizing manipulation constant:
  #igrid a___________ E____________________________________ varE____________
     1     Infinity    -2.30700157E+02 +/-   4.50362556E-05   1.01510573E-04
     2     1.0000E+06  -2.30700157E+02 +/-   4.50362551E-05   1.01510570E-04
     3     2.1544E+05  -2.30700157E+02 +/-   4.50362533E-05   1.01510562E-04
     4     4.6416E+04  -2.30700157E+02 +/-   4.50362448E-05   1.01510524E-04
     5     1.0000E+04  -2.30700157E+02 +/-   4.50362057E-05   1.01510347E-04
     6     2.1544E+03  -2.30700157E+02 +/-   4.50360239E-05   1.01509528E-04
     7     4.6416E+02  -2.30700157E+02 +/-   4.50351842E-05   1.01505743E-04
     8     1.0000E+02  -2.30700157E+02 +/-   4.50313644E-05   1.01488524E-04
     9     2.1544E+01  -2.30700157E+02 +/-   4.50151771E-05   1.01415574E-04
    10     4.6416E+00  -2.30700157E+02 +/-   4.49633626E-05   1.01182241E-04
    11     1.0000E+00  -2.30700157E+02 +/-   4.48912347E-05   1.00857878E-04
    12     2.1544E-01  -2.30700154E+02 +/-   4.49130156E-05   1.00955773E-04
    13     4.6416E-02  -2.30700151E+02 +/-   4.50484289E-05   1.01565457E-04
    14     1.0000E-02  -2.30700150E+02 +/-   4.51359518E-05   1.01960495E-04
    15     2.1544E-03  -2.30700149E+02 +/-   4.51617258E-05   1.02076974E-04
    16     4.6416E-04  -2.30700149E+02 +/-   4.51676978E-05   1.02103972E-04
    17     1.0000E-04  -2.30700149E+02 +/-   4.51690051E-05   1.02109883E-04
    18     2.1544E-05  -2.30700149E+02 +/-   4.51692877E-05   1.02111160E-04
    19     4.6416E-06  -2.30700149E+02 +/-   4.51693487E-05   1.02111436E-04
    20     1.0000E-06  -2.30700149E+02 +/-   4.51693618E-05   1.02111495E-04
    21     0.0000E+00  -2.30700149E+02 +/-   4.51693654E-05   1.02111512E-04
* Iteration # 1: E =  -2.307001570530E+02 +/-   4.496336262803E-05
* Convergence: exiting.
* After optimization:
  -1.1578E+00   3.6464E-01  -1.2420E-01   7.9648E-02   4.2162E-02   7.7560E-03
  -2.0936E-01  -1.2582E-01   5.6795E-02   5.3866E-02   4.7884E-02  -8.2914E-02
  -2.4170E-02  -3.1353E-02  -5.1854E-02  -1.2976E-01   4.0600E-02  -1.1955E-02
   1.7479E-02  -4.9824E-03   2.5788E-02   1.4449E-02  -1.1603E-02
  > Energy =  -2.307001570530E+02 +/-   4.496336262803E-05
  > varE =   1.011822407319E-04

VMC #6:
* Size of Hilbert space =   4.0000E+02
* Deterministic energy evaluation:
  > Deterministic Etot/t = -230.70018390409149
    - Ttot/t = -10.363413395965489
    - Utot/t = 3.9057213460219060
* Number of equil. steps   = 1000
* Running VMC equilibration.
  Done. [total walltime: 0.02s]
* Equil. acc.ratio (%)     =  41.0947
* Sample config after equilibration:
  +-----+
  |  0  |
  |2   d|
  |u   d|
  |  u  |
  +-----+
* Number of accum. steps   = 500480 x 10
* Running VMC accumulation.
  Done. [total walltime: 7.18s]
* Acceptance ratio (%)     =  41.0517
* Etot/t                   =  -2.307001849940E+02 +/-   1.451062467360E-05
  > Ttot/t                 =  -1.036375629572E+01 +/-   2.910441467421E-04
  > Utot/t                 =   3.906063155882E+00 +/-   2.908061014259E-04
* var[Eloc/t]              =   1.036061387994E-04 +/-   7.329024951101E-07
* Correlation length       =   1.017122956031E+00
* log10 Psi^2 range: -5.9722048795025895 -- -2.3802416583440933
* log10 Pgen range : -5.9722048795025895 -- -2.3802416583440933
* Site occupation (ave. no. electrons per config.):
  > Site_  ___eu____  ___ed____
      1        0.495      0.505
      2        0.498      0.502
      3        0.506      0.495
      4        0.495      0.506
      5        0.503      0.495
      6        0.504      0.496
* Pair-correlation analysis (ave. no. pairs per config.):
  > Shell  nsite  ___dh____  __eueu___  __eued___
      0      1        0          0          1.037
      1      4        1.068      1.484      3.514
      2      4        0.153      0.844      1.104
      3      4        0.076      0.423      0.549
      4      4        0.233      2.165      1.862
      5      4        0.116      1.084      0.933

Optimization #6:
* Method          : lls
* Target function : energy
* No. of configs. : 50048
* No. of params.  : 23
* Before optimization:
  -1.1578E+00   3.6464E-01  -1.2420E-01   7.9648E-02   4.2162E-02   7.7560E-03
  -2.0936E-01  -1.2582E-01   5.6795E-02   5.3866E-02   4.7884E-02  -8.2914E-02
  -2.4170E-02  -3.1353E-02  -5.1854E-02  -1.2976E-01   4.0600E-02  -1.1955E-02
   1.7479E-02  -4.9824E-03   2.5788E-02   1.4449E-02  -1.1603E-02
  > E    =  -2.307000527346E+02 +/-   4.535138615939E-05
  > varE =   1.029361352438E-04
* Computing derivatives.
  Done. [total walltime: 4.65s]
* Optimizing manipulation constant:
  #igrid a___________ E____________________________________ varE____________
     1     Infinity    -2.30700053E+02 +/-   4.53513862E-05   1.02936135E-04
     2     1.0000E+06  -2.30700053E+02 +/-   4.53513862E-05   1.02936135E-04
     3     2.1544E+05  -2.30700053E+02 +/-   4.53513862E-05   1.02936136E-04
     4     4.6416E+04  -2.30700053E+02 +/-   4.53513865E-05   1.02936137E-04
     5     1.0000E+04  -2.30700053E+02 +/-   4.53513879E-05   1.02936143E-04
     6     2.1544E+03  -2.30700053E+02 +/-   4.53513943E-05   1.02936172E-04
     7     4.6416E+02  -2.30700053E+02 +/-   4.53514243E-05   1.02936308E-04
     8     1.0000E+02  -2.30700053E+02 +/-   4.53515720E-05   1.02936979E-04
     9     2.1544E+01  -2.30700053E+02 +/-   4.53524212E-05   1.02940834E-04
    10     4.6416E+00  -2.30700053E+02 +/-   4.53584913E-05   1.02968392E-04
    11     1.0000E+00  -2.30700053E+02 +/-   4.53906459E-05   1.03114432E-04
    12     2.1544E-01  -2.30700053E+02 +/-   4.54533700E-05   1.03399611E-04
    13     4.6416E-02  -2.30700054E+02 +/-   4.54955813E-05   1.03591749E-04
    14     1.0000E-02  -2.30700054E+02 +/-   4.55093554E-05   1.03654484E-04
    15     2.1544E-03  -2.30700054E+02 +/-   4.55126665E-05   1.03669568E-04
    16     4.6416E-04  -2.30700054E+02 +/-   4.55133978E-05   1.03672900E-04
    17     1.0000E-04  -2.30700054E+02 +/-   4.55135563E-05   1.03673621E-04
    18     2.1544E-05  -2.30700054E+02 +/-   4.55135904E-05   1.03673777E-04
    19     4.6416E-06  -2.30700054E+02 +/-   4.55135978E-05   1.03673811E-04
    20     1.0000E-06  -2.30700054E+02 +/-   4.55135994E-05   1.03673818E-04
    21     0.0000E+00  -2.30700054E+02 +/-   4.55135998E-05   1.03673820E-04
* Iteration # 1: E =  -2.307000538369E+02 +/-   4.551359982446E-05
* Convergence: exiting.
* After optimization:
  -1.1612E+00   3.6483E-01  -1.2472E-01   8.5352E-02   4.3132E-02   7.3758E-03
  -2.1007E-01  -1.2562E-01   5.6094E-02   5.4863E-02   4.4393E-02  -8.3501E-02
  -2.6491E-02  -3.0160E-02  -5.1760E-02  -1.3076E-01   4.0559E-02  -1.0651E-02
   1.7249E-02  -4.5067E-03   2.6815E-02   1.5053E-02  -1.1996E-02
  > Energy =  -2.307000538369E+02 +/-   4.551359982446E-05
  > varE =   1.036738198620E-04

VMC #7:
* Size of Hilbert space =   4.0000E+02
* Deterministic energy evaluation:
  > Deterministic Etot/t = -230.70018345033691
    - Ttot/t = -10.363208769786349
    - Utot/t = 3.9055171735973113
* Number of equil. steps   = 1000
* Running VMC equilibration.
  Done. [total walltime: 0.02s]
* Equil. acc.ratio (%)     =  40.9176
* Sample config after equilibration:
  +-----+
  |  u  |
  |d   d|
  |u   u|
  |  d  |
  +-----+
* Number of accum. steps   = 500480 x 10
* Running VMC accumulation.
  Done. [total walltime: 7.23s]
* Acceptance ratio (%)     =  40.9282
* Etot/t                   =  -2.307001627657E+02 +/-   1.462037838001E-05
  > Ttot/t                 =  -1.036317605254E+01 +/-   2.895728708555E-04
  > Utot/t                 =   3.905505140990E+00 +/-   2.890349636953E-04
* var[Eloc/t]              =   1.055226282337E-04 +/-   1.018664307730E-06
* Correlation length       =   1.013814159113E+00
* log10 Psi^2 range: -5.9859854855699890 -- -2.3827287071454113
* log10 Pgen range : -5.9859854855699890 -- -2.3827287071454113
* Site occupation (ave. no. electrons per config.):
  > Site_  ___eu____  ___ed____
      1        0.499      0.500
      2        0.499      0.501
      3        0.503      0.498
      4        0.497      0.504
      5        0.505      0.500
      6        0.497      0.497
* Pair-correlation analysis (ave. no. pairs per config.):
  > Shell  nsite  ___dh____  __eueu___  __eued___
      0      1        0          0          1.033
      1      4        1.069      1.476      3.522
      2      4        0.153      0.837      1.103
      3      4        0.077      0.424      0.554
      4      4        0.230      2.177      1.863
      5      4        0.115      1.086      0.925

Optimization #7:
* Method          : lls
* Target function : energy
* No. of configs. : 50048
* No. of params.  : 23
* Before optimization:
  -1.1612E+00   3.6483E-01  -1.2472E-01   8.5352E-02   4.3132E-02   7.3758E-03
  -2.1007E-01  -1.2562E-01   5.6094E-02   5.4863E-02   4.4393E-02  -8.3501E-02
  -2.6491E-02  -3.0160E-02  -5.1760E-02  -1.3076E-01   4.0559E-02  -1.0651E-02
   1.7249E-02  -4.5067E-03   2.6815E-02   1.5053E-02  -1.1996E-02
  > E    =  -2.307001151618E+02 +/-   4.543830413942E-05
  > varE =   1.033310768485E-04
* Computing derivatives.
  Done. [total walltime: 4.63s]
* Optimizing manipulation constant:
  #igrid a___________ E____________________________________ varE____________
     1     Infinity    -2.30700115E+02 +/-   4.54383041E-05   1.03331077E-04
     2     1.0000E+06  -2.30700115E+02 +/-   4.54383034E-05   1.03331073E-04
     3     2.1544E+05  -2.30700115E+02 +/-   4.54383005E-05   1.03331060E-04
     4     4.6416E+04  -2.30700115E+02 +/-   4.54382872E-05   1.03331000E-04
     5     1.0000E+04  -2.30700115E+02 +/-   4.54382256E-05   1.03330719E-04
     6     2.1544E+03  -2.30700115E+02 +/-   4.54379397E-05   1.03329419E-04
     7     4.6416E+02  -2.30700115E+02 +/-   4.54366183E-05   1.03323409E-04
     8     1.0000E+02  -2.30700115E+02 +/-   4.54306032E-05   1.03296055E-04
     9     2.1544E+01  -2.30700115E+02 +/-   4.54050223E-05   1.03179760E-04
    10     4.6416E+00  -2.30700114E+02 +/-   4.53216873E-05   1.02801362E-04
    11     1.0000E+00  -2.30700113E+02 +/-   4.51903727E-05   1.02206513E-04
    12     2.1544E-01  -2.30700112E+02 +/-   4.51232686E-05   1.01903202E-04
    13     4.6416E-02  -2.30700111E+02 +/-   4.51105745E-05   1.01845875E-04
    14     1.0000E-02  -2.30700111E+02 +/-   4.51087991E-05   1.01837858E-04
    15     2.1544E-03  -2.30700111E+02 +/-   4.51084925E-05   1.01836474E-04
    16     4.6416E-04  -2.30700111E+02 +/-   4.51084304E-05   1.01836194E-04
    17     1.0000E-04  -2.30700111E+02 +/-   4.51084172E-05   1.01836134E-04
    18     2.1544E-05  -2.30700111E+02 +/-   4.51084144E-05   1.01836121E-04
    19     4.6416E-06  -2.30700111E+02 +/-   4.51084138E-05   1.01836119E-04
    20     1.0000E-06  -2.30700111E+02 +/-   4.51084136E-05   1.01836118E-04
    21     0.0000E+00  -2.30700111E+02 +/-   4.51084136E-05   1.01836118E-04
* Iteration # 1: E =  -2.307001151618E+02 +/-   4.543830413942E-05
* Convergence: exiting.
* After optimization:
  -1.1612E+00   3.6483E-01  -1.2472E-01   8.5352E-02   4.3132E-02   7.3758E-03
  -2.1007E-01  -1.2562E-01   5.6094E-02   5.4863E-02   4.4393E-02  -8.3501E-02
  -2.6491E-02  -3.0160E-02  -5.1760E-02  -1.3076E-01   4.0559E-02  -1.0651E-02
   1.7249E-02  -4.5067E-03   2.6815E-02   1.5053E-02  -1.1996E-02
  > Energy =  -2.307001151618E+02 +/-   4.543830413942E-05
  > varE =   1.033310768485E-04

VMC #8:
* Size of Hilbert space =   4.0000E+02
* Deterministic energy evaluation:
  > Deterministic Etot/t = -230.70018345033691
    - Ttot/t = -10.363208769786349
    - Utot/t = 3.9055171735973113
* Number of equil. steps   = 1000
* Running VMC equilibration.
  Done. [total walltime: 0.02s]
* Equil. acc.ratio (%)     =  40.9576
* Sample config after equilibration:
  +-----+
  |  d  |
  |u   0|
  |u   2|
  |  d  |
  +-----+
* Number of accum. steps   = 500480 x 10
* Running VMC accumulation.
  Done. [total walltime: 7.20s]
* Acceptance ratio (%)     =  40.9242
* Etot/t                   =  -2.307001991075E+02 +/-   1.440010313398E-05
  > Ttot/t                 =  -1.036320786304E+01 +/-   2.866831335928E-04
  > Utot/t                 =   3.905500609658E+00 +/-   2.861253443299E-04
* var[Eloc/t]              =   1.057379013155E-04 +/-   8.082880643371E-07
* Correlation length       =   9.814930887532E-01
* log10 Psi^2 range: -6.5602507473455161 -- -2.3827269819062864
* log10 Pgen range : -6.5602507473455161 -- -2.3827269819062864
* Site occupation (ave. no. electrons per config.):
  > Site_  ___eu____  ___ed____
      1        0.499      0.500
      2        0.498      0.498
      3        0.500      0.499
      4        0.500      0.501
      5        0.501      0.503
      6        0.503      0.500
* Pair-correlation analysis (ave. no. pairs per config.):
  > Shell  nsite  ___dh____  __eueu___  __eued___
      0      1        0          0          1.027
      1      4        1.055      1.483      3.530
      2      4        0.150      0.844      1.104
      3      4        0.075      0.421      0.552
      4      4        0.230      2.167      1.860
      5      4        0.117      1.085      0.927

Optimization #8:
* Method          : lls
* Target function : energy
* No. of configs. : 50048
* No. of params.  : 23
* Before optimization:
  -1.1612E+00   3.6483E-01  -1.2472E-01   8.5352E-02   4.3132E-02   7.3758E-03
  -2.1007E-01  -1.2562E-01   5.6094E-02   5.4863E-02   4.4393E-02  -8.3501E-02
  -2.6491E-02  -3.0160E-02  -5.1760E-02  -1.3076E-01   4.0559E-02  -1.0651E-02
   1.7249E-02  -4.5067E-03   2.6815E-02   1.5053E-02  -1.1996E-02
  > E    =  -2.307001319483E+02 +/-   4.588285217836E-05
  > varE =   1.053628575350E-04
* Computing derivatives.
  Done. [total walltime: 4.62s]
* Optimizing manipulation constant:
  #igrid a___________ E____________________________________ varE____________
     1     Infinity    -2.30700132E+02 +/-   4.58828522E-05   1.05362858E-04
     2     1.0000E+06  -2.30700132E+02 +/-   4.58828520E-05   1.05362857E-04
     3     2.1544E+05  -2.30700132E+02 +/-   4.58828513E-05   1.05362853E-04
     4     4.6416E+04  -2.30700132E+02 +/-   4.58828480E-05   1.05362839E-04
     5     1.0000E+04  -2.30700132E+02 +/-   4.58828330E-05   1.05362769E-04
     6     2.1544E+03  -2.30700132E+02 +/-   4.58827632E-05   1.05362449E-04
     7     4.6416E+02  -2.30700132E+02 +/-   4.58824403E-05   1.05360966E-04
     8     1.0000E+02  -2.30700132E+02 +/-   4.58809616E-05   1.05354175E-04
     9     2.1544E+01  -2.30700132E+02 +/-   4.58744983E-05   1.05324494E-04
    10     4.6416E+00  -2.30700132E+02 +/-   4.58507395E-05   1.05215425E-04
    11     1.0000E+00  -2.30700133E+02 +/-   4.57934729E-05   1.04952766E-04
    12     2.1544E-01  -2.30700131E+02 +/-   4.59027917E-05   1.05454454E-04
    13     4.6416E-02  -2.29883107E+02 +/-   1.71063457E-03   1.46453993E-01
    14     1.0000E-02  -2.30700104E+02 +/-   5.03983909E-05   1.27121810E-04
    15     2.1544E-03  -2.30700111E+02 +/-   4.93207947E-05   1.21743801E-04
    16     4.6416E-04  -2.30700113E+02 +/-   4.91411374E-05   1.20858482E-04
    17     1.0000E-04  -2.30700113E+02 +/-   4.91043507E-05   1.20677602E-04
    18     2.1544E-05  -2.30700113E+02 +/-   4.90965102E-05   1.20639068E-04
    19     4.6416E-06  -2.30700113E+02 +/-   4.90948249E-05   1.20630786E-04
    20     1.0000E-06  -2.30700113E+02 +/-   4.90944620E-05   1.20629003E-04
    21     0.0000E+00  -2.30700113E+02 +/-   4.90943624E-05   1.20628513E-04
* Iteration # 1: E =  -2.307001330802E+02 +/-   4.579347290000E-05
* Convergence: exiting.
* After optimization:
  -1.1636E+00   3.6536E-01  -1.2404E-01   8.4035E-02   4.3307E-02   7.9422E-03
  -2.1090E-01  -1.2617E-01   5.6016E-02   5.4172E-02   4.5331E-02  -8.3095E-02
  -2.6045E-02  -3.0670E-02  -5.1971E-02  -1.3028E-01   4.0793E-02  -1.0971E-02
   1.7285E-02  -4.7017E-03   2.6290E-02   1.4955E-02  -1.1948E-02
  > Energy =  -2.307001330802E+02 +/-   4.579347290000E-05
  > varE =   1.049527660359E-04

VMC #9:
* Size of Hilbert space =   4.0000E+02
* Deterministic energy evaluation:
  > Deterministic Etot/t = -230.70018359148185
    - Ttot/t = -10.363278506356952
    - Utot/t = 3.9055867690230102
* Number of equil. steps   = 1000
* Running VMC equilibration.
  Done. [total walltime: 0.02s]
* Equil. acc.ratio (%)     =  40.8661
* Sample config after equilibration:
  +-----+
  |  u  |
  |u   d|
  |0   d|
  |  2  |
  +-----+
* Number of accum. steps   = 500480 x 10
* Running VMC accumulation.
  Done. [total walltime: 7.19s]
* Acceptance ratio (%)     =  40.9768
* Etot/t                   =  -2.307001751487E+02 +/-   1.435672697349E-05
  > Ttot/t                 =  -1.036340974487E+01 +/-   2.901279048803E-04
  > Utot/t                 =   3.905726450291E+00 +/-   2.896943766572E-04
* var[Eloc/t]              =   1.042855547247E-04 +/-   1.348442846643E-06
* Correlation length       =   9.891757344578E-01
* log10 Psi^2 range: -5.9838842242603256 -- -2.3863305586039263
* log10 Pgen range : -5.9838842242603256 -- -2.3863305586039263
* Site occupation (ave. no. electrons per config.):
  > Site_  ___eu____  ___ed____
      1        0.501      0.499
      2        0.501      0.504
      3        0.500      0.498
      4        0.500      0.502
      5        0.498      0.501
      6        0.500      0.497
* Pair-correlation analysis (ave. no. pairs per config.):
  > Shell  nsite  ___dh____  __eueu___  __eued___
      0      1        0          0          1.032
      1      4        1.063      1.482      3.522
      2      4        0.151      0.838      1.104
      3      4        0.075      0.427      0.553
      4      4        0.234      2.169      1.863
      5      4        0.114      1.084      0.926

Optimization #9:
* Method          : lls
* Target function : energy
* No. of configs. : 50048
* No. of params.  : 23
* Before optimization:
  -1.1636E+00   3.6536E-01  -1.2404E-01   8.4035E-02   4.3307E-02   7.9422E-03
  -2.1090E-01  -1.2617E-01   5.6016E-02   5.4172E-02   4.5331E-02  -8.3095E-02
  -2.6045E-02  -3.0670E-02  -5.1971E-02  -1.3028E-01   4.0793E-02  -1.0971E-02
   1.7285E-02  -4.7017E-03   2.6290E-02   1.4955E-02  -1.1948E-02
  > E    =  -2.307001269579E+02 +/-   4.465458925274E-05
  > varE =   9.979733061895E-05
* Computing derivatives.
  Done. [total walltime: 4.63s]
* Optimizing manipulation constant:
  #igrid a___________ E____________________________________ varE____________
     1     Infinity    -2.30700127E+02 +/-   4.46545893E-05   9.97973306E-05
     2     1.0000E+06  -2.30700127E+02 +/-   4.46545887E-05   9.97973284E-05
     3     2.1544E+05  -2.30700127E+02 +/-   4.46545869E-05   9.97973201E-05
     4     4.6416E+04  -2.30700127E+02 +/-   4.46545783E-05   9.97972818E-05
     5     1.0000E+04  -2.30700127E+02 +/-   4.46545386E-05   9.97971040E-05
     6     2.1544E+03  -2.30700127E+02 +/-   4.46543541E-05   9.97962795E-05
     7     4.6416E+02  -2.30700127E+02 +/-   4.46535012E-05   9.97924671E-05
     8     1.0000E+02  -2.30700127E+02 +/-   4.46496109E-05   9.97750801E-05
     9     2.1544E+01  -2.30700127E+02 +/-   4.46329238E-05   9.97005151E-05
    10     4.6416E+00  -2.30700127E+02 +/-   4.45768332E-05   9.94500833E-05
    11     1.0000E+00  -2.30700126E+02 +/-   4.44834142E-05   9.90336879E-05
    12     2.1544E-01  -2.30700127E+02 +/-   4.44425225E-05   9.88516969E-05
    13     4.6416E-02  -2.30700127E+02 +/-   4.44457673E-05   9.88661322E-05
    14     1.0000E-02  -2.30700127E+02 +/-   4.44495695E-05   9.88830482E-05
    15     2.1544E-03  -2.30700127E+02 +/-   4.44506365E-05   9.88877957E-05
    16     4.6416E-04  -2.30700127E+02 +/-   4.44508796E-05   9.88888773E-05
    17     1.0000E-04  -2.30700127E+02 +/-   4.44509326E-05   9.88891131E-05
    18     2.1544E-05  -2.30700127E+02 +/-   4.44509441E-05   9.88891640E-05
    19     4.6416E-06  -2.30700127E+02 +/-   4.44509466E-05   9.88891750E-05
    20     1.0000E-06  -2.30700127E+02 +/-   4.44509471E-05   9.88891774E-05
    21     0.0000E+00  -2.30700127E+02 +/-   4.44509472E-05   9.88891780E-05
* Iteration # 1: E =  -2.307001270761E+02 +/-   4.445094722864E-05
* Convergence: exiting.
* After optimization:
  -1.1462E+00   3.6180E-01  -1.2717E-01   7.7386E-02   4.0282E-02   5.1106E-03
  -2.0633E-01  -1.2342E-01   5.8663E-02   5.6652E-02   4.8185E-02  -8.0463E-02
  -2.4821E-02  -3.0674E-02  -5.1248E-02  -1.2905E-01   3.9789E-02  -1.1073E-02
   1.6768E-02  -3.8003E-03   2.5324E-02   1.5397E-02  -1.1255E-02
  > Energy =  -2.307001270761E+02 +/-   4.445094722864E-05
  > varE =   9.888917803823E-05

VMC #10:
* Size of Hilbert space =   4.0000E+02
* Deterministic energy evaluation:
  > Deterministic Etot/t = -230.70018346371810
    - Ttot/t = -10.363293999490212
    - Utot/t = 3.9056023899200025
* Number of equil. steps   = 1000
* Running VMC equilibration.
  Done. [total walltime: 0.02s]
* Equil. acc.ratio (%)     =  40.9238
* Sample config after equilibration:
  +-----+
  |  u  |
  |u   d|
  |d   u|
  |  d  |
  +-----+
* Number of accum. steps   = 500480 x 10
* Running VMC accumulation.
  Done. [total walltime: 7.22s]
* Acceptance ratio (%)     =  40.9519
* Etot/t                   =  -2.307001857233E+02 +/-   1.444276480912E-05
  > Ttot/t                 =  -1.036376667392E+01 +/-   2.924074756212E-04
  > Utot/t                 =   3.906072804749E+00 +/-   2.922078856619E-04
* var[Eloc/t]              =   1.048203816524E-04 +/-   1.007458144430E-06
* Correlation length       =   9.959594773324E-01
* log10 Psi^2 range: -5.9483440292132190 -- -2.3646700343620881
* log10 Pgen range : -5.9483440292132190 -- -2.3646700343620881
* Site occupation (ave. no. electrons per config.):
  > Site_  ___eu____  ___ed____
      1        0.498      0.501
      2        0.496      0.501
      3        0.499      0.499
      4        0.500      0.498
      5        0.503      0.501
      6        0.503      0.500
* Pair-correlation analysis (ave. no. pairs per config.):
  > Shell  nsite  ___dh____  __eueu___  __eued___
      0      1        0          0          1.033
      1      4        1.064      1.479      3.522
      2      4        0.151      0.843      1.102
      3      4        0.076      0.425      0.550
      4      4        0.231      2.168      1.862
      5      4        0.115      1.085      0.930

Optimization #10:
* Method          : lls
* Target function : energy
* No. of configs. : 50048
* No. of params.  : 23
* Before optimization:
  -1.1462E+00   3.6180E-01  -1.2717E-01   7.7386E-02   4.0282E-02   5.1106E-03
  -2.0633E-01  -1.2342E-01   5.8663E-02   5.6652E-02   4.8185E-02  -8.0463E-02
  -2.4821E-02  -3.0674E-02  -5.1248E-02  -1.2905E-01   3.9789E-02  -1.1073E-02
   1.6768E-02  -3.8003E-03   2.5324E-02   1.5397E-02  -1.1255E-02
  > E    =  -2.307001336755E+02 +/-   4.474887564725E-05
  > varE =   1.002192117545E-04
* Computing derivatives.
  Done. [total walltime: 4.64s]
* Optimizing manipulation constant:
  #igrid a___________ E____________________________________ varE____________
     1     Infinity    -2.30700134E+02 +/-   4.47488756E-05   1.00219212E-04
     2     1.0000E+06  -2.30700134E+02 +/-   4.47488754E-05   1.00219211E-04
     3     2.1544E+05  -2.30700134E+02 +/-   4.47488747E-05   1.00219208E-04
     4     4.6416E+04  -2.30700134E+02 +/-   4.47488714E-05   1.00219193E-04
     5     1.0000E+04  -2.30700134E+02 +/-   4.47488557E-05   1.00219123E-04
     6     2.1544E+03  -2.30700134E+02 +/-   4.47487834E-05   1.00218798E-04
     7     4.6416E+02  -2.30700134E+02 +/-   4.47484491E-05   1.00217301E-04
     8     1.0000E+02  -2.30700134E+02 +/-   4.47469332E-05   1.00210511E-04
     9     2.1544E+01  -2.30700134E+02 +/-   4.47406003E-05   1.00182149E-04
    10     4.6416E+00  -2.30700133E+02 +/-   4.47216174E-05   1.00097154E-04
    11     1.0000E+00  -2.30700133E+02 +/-   4.47037830E-05   1.00017335E-04
    12     2.1544E-01  -2.30700133E+02 +/-   4.47296617E-05   1.00133167E-04
    13     4.6416E-02  -2.30700133E+02 +/-   4.47642523E-05   1.00288099E-04
    14     1.0000E-02  -2.30700133E+02 +/-   4.47774154E-05   1.00347087E-04
    15     2.1544E-03  -2.30700133E+02 +/-   4.47806921E-05   1.00361774E-04
    16     4.6416E-04  -2.30700133E+02 +/-   4.47814214E-05   1.00365043E-04
    17     1.0000E-04  -2.30700133E+02 +/-   4.47815797E-05   1.00365753E-04
    18     2.1544E-05  -2.30700133E+02 +/-   4.47816138E-05   1.00365906E-04
    19     4.6416E-06  -2.30700133E+02 +/-   4.47816212E-05   1.00365939E-04
    20     1.0000E-06  -2.30700133E+02 +/-   4.47816228E-05   1.00365946E-04
    21     0.0000E+00  -2.30700133E+02 +/-   4.47816232E-05   1.00365948E-04
* Iteration # 1: E =  -2.307001336755E+02 +/-   4.474887544819E-05
* Convergence: exiting.
* After optimization:
  -1.1462E+00   3.6180E-01  -1.2717E-01   7.7386E-02   4.0282E-02   5.1106E-03
  -2.0633E-01  -1.2342E-01   5.8663E-02   5.6652E-02   4.8185E-02  -8.0463E-02
  -2.4821E-02  -3.0674E-02  -5.1248E-02  -1.2905E-01   3.9789E-02  -1.1073E-02
   1.6768E-02  -3.8003E-03   2.5324E-02   1.5397E-02  -1.1255E-02
  > Energy =  -2.307001336755E+02 +/-   4.474887544819E-05
  > varE =   1.002192108629E-04

VMC #11:
* Size of Hilbert space =   4.0000E+02
* Deterministic energy evaluation:
  > Deterministic Etot/t = -230.70018346371816
    - Ttot/t = -10.363293999500977
    - Utot/t = 3.9056023899307193
* Number of equil. steps   = 1000
* Running VMC equilibration.
  Done. [total walltime: 0.02s]
* Equil. acc.ratio (%)     =  41.1320
* Sample config after equilibration:
  +-----+
  |  u  |
  |2   0|
  |0   d|
  |  2  |
  +-----+
* Number of accum. steps   = 500480 x 10
* Running VMC accumulation.
  Done. [total walltime: 7.21s]
* Acceptance ratio (%)     =  40.9327
* Etot/t                   =  -2.307002056270E+02 +/-   1.442496392431E-05
  > Ttot/t                 =  -1.036355882096E+01 +/-   2.879670198746E-04
  > Utot/t                 =   3.905845048061E+00 +/-   2.882153252690E-04
* var[Eloc/t]              =   1.040809122402E-04 +/-   5.808940293119E-07
* Correlation length       =   1.000564542218E+00
* log10 Psi^2 range: -6.5595526211656576 -- -2.3646009662982359
* log10 Pgen range : -6.5595526211656576 -- -2.3646009662982359
* Site occupation (ave. no. electrons per config.):
  > Site_  ___eu____  ___ed____
      1        0.502      0.498
      2        0.498      0.500
      3        0.502      0.500
      4        0.502      0.500
      5        0.497      0.503
      6        0.499      0.499
* Pair-correlation analysis (ave. no. pairs per config.):
  > Shell  nsite  ___dh____  __eueu___  __eued___
      0      1        0          0          1.031
      1      4        1.057      1.481      3.529
      2      4        0.151      0.840      1.109
      3      4        0.076      0.422      0.549
      4      4        0.231      2.169      1.856
      5      4        0.117      1.087      0.926

Optimization #11:
* Method          : lls
* Target function : energy
* No. of configs. : 50048
* No. of params.  : 23
* Before optimization:
  -1.1462E+00   3.6180E-01  -1.2717E-01   7.7386E-02   4.0282E-02   5.1106E-03
  -2.0633E-01  -1.2342E-01   5.8663E-02   5.6652E-02   4.8185E-02  -8.0463E-02
  -2.4821E-02  -3.0674E-02  -5.1248E-02  -1.2905E-01   3.9789E-02  -1.1073E-02
   1.6768E-02  -3.8003E-03   2.5324E-02   1.5397E-02  -1.1255E-02
  > E    =  -2.307002046114E+02 +/-   4.513255643592E-05
  > varE =   1.019451560093E-04
* Computing derivatives.
  Done. [total walltime: 4.63s]
* Optimizing manipulation constant:
  #igrid a___________ E____________________________________ varE____________
     1     Infinity    -2.30700205E+02 +/-   4.51325564E-05   1.01945156E-04
     2     1.0000E+06  -2.30700205E+02 +/-   4.51325565E-05   1.01945156E-04
     3     2.1544E+05  -2.30700205E+02 +/-   4.51325566E-05   1.01945157E-04
     4     4.6416E+04  -2.30700205E+02 +/-   4.51325570E-05   1.01945159E-04
     5     1.0000E+04  -2.30700205E+02 +/-   4.51325591E-05   1.01945168E-04
     6     2.1544E+03  -2.30700205E+02 +/-   4.51325688E-05   1.01945212E-04
     7     4.6416E+02  -2.30700205E+02 +/-   4.51326142E-05   1.01945417E-04
     8     1.0000E+02  -2.30700205E+02 +/-   4.51328280E-05   1.01946383E-04
     9     2.1544E+01  -2.30700205E+02 +/-   4.51338824E-05   1.01951146E-04
    10     4.6416E+00  -2.30700205E+02 +/-   4.51393206E-05   1.01975716E-04
    11     1.0000E+00  -2.30700205E+02 +/-   4.51599902E-05   1.02069128E-04
    12     2.1544E-01  -2.30700206E+02 +/-   4.52555167E-05   1.02501397E-04
    13     4.6416E-02  -2.30700208E+02 +/-   4.59212495E-05   1.05539278E-04
    14     1.0000E-02  -2.30700206E+02 +/-   4.71110573E-05   1.11079119E-04
    15     2.1544E-03  -2.30700204E+02 +/-   4.77157947E-05   1.13949140E-04
    16     4.6416E-04  -2.30700203E+02 +/-   4.78815393E-05   1.14742137E-04
    17     1.0000E-04  -2.30700203E+02 +/-   4.79192969E-05   1.14923171E-04
    18     2.1544E-05  -2.30700203E+02 +/-   4.79275316E-05   1.14962672E-04
    19     4.6416E-06  -2.30700203E+02 +/-   4.79293104E-05   1.14971206E-04
    20     1.0000E-06  -2.30700203E+02 +/-   4.79296938E-05   1.14973046E-04
    21     0.0000E+00  -2.30700203E+02 +/-   4.79297991E-05   1.14973551E-04
  ParMin   9.7738E-02  -2.30700207E+02 +/-   4.54784129E-05   1.03513580E-04
  # Using parabolic minimum
* Iteration # 1: E =  -2.307002074694E+02 +/-   4.547841290388E-05
* Convergence: exiting.
* After optimization:
  -1.1557E+00   3.6274E-01  -1.2513E-01   8.2739E-02   4.2417E-02   6.1936E-03
  -2.0865E-01  -1.2388E-01   5.6683E-02   5.6575E-02   4.4218E-02  -7.9407E-02
  -2.7957E-02  -3.0032E-02  -4.9780E-02  -1.2959E-01   4.0246E-02  -9.5227E-03
   1.6639E-02  -3.6692E-03   2.5854E-02   1.5834E-02  -1.1605E-02
  > Energy =  -2.307002074694E+02 +/-   4.547841290388E-05
  > varE =   1.035135797427E-04

VMC #12:
* Size of Hilbert space =   4.0000E+02
* Deterministic energy evaluation:
  > Deterministic Etot/t = -230.70018173289625
    - Ttot/t = -10.363313851269115
    - Utot/t = 3.9056239725207837
* Number of equil. steps   = 1000
* Running VMC equilibration.
  Done. [total walltime: 0.02s]
* Equil. acc.ratio (%)     =  40.9242
* Sample config after equilibration:
  +-----+
  |  d  |
  |u   u|
  |d   d|
  |  u  |
  +-----+
* Number of accum. steps   = 500480 x 10
* Running VMC accumulation.
  Done. [total walltime: 7.17s]
* Acceptance ratio (%)     =  40.8901
* Etot/t                   =  -2.307001677963E+02 +/-   1.492638935856E-05
  > Ttot/t                 =  -1.036317244063E+01 +/-   2.932635418039E-04
  > Utot/t                 =   3.905496498437E+00 +/-   2.925473495420E-04
* var[Eloc/t]              =   1.087876255510E-04 +/-   1.181997717161E-06
* Correlation length       =   1.024983233935E+00
* log10 Psi^2 range: -6.7353565892671519 -- -2.3754975845185151
* log10 Pgen range : -6.7353565892671519 -- -2.3754975845185151
* Site occupation (ave. no. electrons per config.):
  > Site_  ___eu____  ___ed____
      1        0.501      0.499
      2        0.500      0.500
      3        0.499      0.502
      4        0.499      0.503
      5        0.501      0.497
      6        0.501      0.500
* Pair-correlation analysis (ave. no. pairs per config.):
  > Shell  nsite  ___dh____  __eueu___  __eued___
      0      1        0          0          1.028
      1      4        1.054      1.480      3.531
      2      4        0.150      0.842      1.108
      3      4        0.074      0.422      0.552
      4      4        0.231      2.169      1.855
      5      4        0.114      1.088      0.927

Optimization #12:
* Method          : lls
* Target function : energy
* No. of configs. : 50048
* No. of params.  : 23
* Before optimization:
  -1.1557E+00   3.6274E-01  -1.2513E-01   8.2739E-02   4.2417E-02   6.1936E-03
  -2.0865E-01  -1.2388E-01   5.6683E-02   5.6575E-02   4.4218E-02  -7.9407E-02
  -2.7957E-02  -3.0032E-02  -4.9780E-02  -1.2959E-01   4.0246E-02  -9.5227E-03
   1.6639E-02  -3.6692E-03   2.5854E-02   1.5834E-02  -1.1605E-02
  > E    =  -2.307002212532E+02 +/-   4.659235167416E-05
  > varE =   1.086465623937E-04
* Computing derivatives.
  Done. [total walltime: 4.67s]
* Optimizing manipulation constant:
  #igrid a___________ E____________________________________ varE____________
     1     Infinity    -2.30700221E+02 +/-   4.65923517E-05   1.08646562E-04
     2     1.0000E+06  -2.30700221E+02 +/-   4.65923496E-05   1.08646553E-04
     3     2.1544E+05  -2.30700221E+02 +/-   4.65923419E-05   1.08646517E-04
     4     4.6416E+04  -2.30700221E+02 +/-   4.65923062E-05   1.08646350E-04
     5     1.0000E+04  -2.30700221E+02 +/-   4.65921407E-05   1.08645578E-04
     6     2.1544E+03  -2.30700221E+02 +/-   4.65913729E-05   1.08641998E-04
     7     4.6416E+02  -2.30700221E+02 +/-   4.65878211E-05   1.08625434E-04
     8     1.0000E+02  -2.30700221E+02 +/-   4.65715827E-05   1.08549723E-04
     9     2.1544E+01  -2.30700221E+02 +/-   4.65011895E-05   1.08221825E-04
    10     4.6416E+00  -2.30700220E+02 +/-   4.62545617E-05   1.07076919E-04
    11     1.0000E+00  -2.30700217E+02 +/-   4.57845572E-05   1.04911903E-04
    12     2.1544E-01  -2.30700214E+02 +/-   4.54403076E-05   1.03340189E-04
    13     4.6416E-02  -2.30700212E+02 +/-   4.53207277E-05   1.02797008E-04
    14     1.0000E-02  -2.30700212E+02 +/-   4.52906856E-05   1.02660770E-04
    15     2.1544E-03  -2.30700212E+02 +/-   4.52839468E-05   1.02630222E-04
    16     4.6416E-04  -2.30700212E+02 +/-   4.52824815E-05   1.02623581E-04
    17     1.0000E-04  -2.30700212E+02 +/-   4.52821652E-05   1.02622147E-04
    18     2.1544E-05  -2.30700212E+02 +/-   4.52820970E-05   1.02621838E-04
    19     4.6416E-06  -2.30700212E+02 +/-   4.52820823E-05   1.02621771E-04
    20     1.0000E-06  -2.30700212E+02 +/-   4.52820792E-05   1.02621757E-04
    21     0.0000E+00  -2.30700212E+02 +/-   4.52820783E-05   1.02621753E-04
* Iteration # 1: E =  -2.307002212532E+02 +/-   4.659234187961E-05
* Convergence: exiting.
* After optimization:
  -1.1557E+00   3.6274E-01  -1.2513E-01   8.2739E-02   4.2417E-02   6.1936E-03
  -2.0865E-01  -1.2388E-01   5.6683E-02   5.6575E-02   4.4218E-02  -7.9407E-02
  -2.7957E-02  -3.0032E-02  -4.9780E-02  -1.2959E-01   4.0246E-02  -9.5227E-03
   1.6639E-02  -3.6692E-03   2.5854E-02   1.5834E-02  -1.1605E-02
  > Energy =  -2.307002212532E+02 +/-   4.659234187961E-05
  > varE =   1.086465167148E-04

VMC #13:
* Size of Hilbert space =   4.0000E+02
* Deterministic energy evaluation:
  > Deterministic Etot/t = -230.70018173291632
    - Ttot/t = -10.363313851546362
    - Utot/t = 3.9056239727779460
* Number of equil. steps   = 1000
* Running VMC equilibration.
  Done. [total walltime: 0.02s]
* Equil. acc.ratio (%)     =  40.9284
* Sample config after equilibration:
  +-----+
  |  u  |
  |0   d|
  |d   2|
  |  u  |
  +-----+
* Number of accum. steps   = 500480 x 10
* Running VMC accumulation.
  Done. [total walltime: 7.20s]
* Acceptance ratio (%)     =  40.8558
* Etot/t                   =  -2.307001953831E+02 +/-   1.467804888319E-05
  > Ttot/t                 =  -1.036316107042E+01 +/-   2.917751112687E-04
  > Utot/t                 =   3.905457541456E+00 +/-   2.914422130666E-04
* var[Eloc/t]              =   1.065593417500E-04 +/-   9.120220045575E-07
* Correlation length       =   1.011886629505E+00
* log10 Psi^2 range: -5.9640938394454368 -- -2.3755490731549394
* log10 Pgen range : -5.9640938394454368 -- -2.3755490731549394
* Site occupation (ave. no. electrons per config.):
  > Site_  ___eu____  ___ed____
      1        0.501      0.499
      2        0.503      0.498
      3        0.499      0.501
      4        0.499      0.498
      5        0.501      0.503
      6        0.497      0.501
* Pair-correlation analysis (ave. no. pairs per config.):
  > Shell  nsite  ___dh____  __eueu___  __eued___
      0      1        0          0          1.034
      1      4        1.068      1.479      3.522
      2      4        0.153      0.840      1.101
      3      4        0.077      0.423      0.556
      4      4        0.233      2.177      1.858
      5      4        0.116      1.082      0.929

VDAGGER finished.
Total VDAGGER walltime: 5m28s

Run ended: Fri Sep 26 18:53:14 CEST 2025
